
DoME_TB_4akea_1akea_0p6dc_2p6cr_lidmix_1akea_14000_m60p80_0_m49p7_nmp_lid_2d_proc_hist.pmf

predefined	{46 111} {65 111} {73 147}
initial	{45.7627 110.7563 0.009654236846244328} {65.0847 110.7563 0.010097564429971959} {73.2203 147.0588 0.0017136579280907424}
after first assignment	{46.70149030289351 110.22666779159073 0.34481566444939155} {65.90293090023275 113.70000429423595 0.33721010273052554} {71.28951610002314 145.72349014319875 0.33772603409629715}
round	1	{46.70149030289351 110.22666779159073 0.34481566444939155} {65.90293090023275 113.70000429423595 0.33721010273052554} {71.28951610002314 145.72349014319875 0.33772603409629715}
round	2	{46.960734200962705 110.27430166326619 0.3547207471627971} {66.207900436743 114.46921019209195 0.34456934000736467} {71.55833213309967 146.67625887564 0.32046171410605245}
round	3	{46.960734200963046 110.27430166326654 0.354720747162812} {66.20779675177846 114.4852756230082 0.3449060766121024} {71.56407191570653 146.69282811530923 0.32012497750129987}
final	{46.960734200963046 110.27430166326654 0.354720747162812} {66.20779675177846 114.4852756230082 0.3449060766121024} {71.56407191570653 146.69282811530923 0.32012497750129987}

DoME_TB_4akea_1akea_0p6dc_2p6cr_lidmix_1akea_14000_m60p82_0_m49p7_nmp_lid_2d_proc_hist.pmf

predefined	{46 111} {65 111} {73 147}
initial	{45.7627 110.7563 3.9664349584353813e-5} {65.0847 110.7563 0.00859996281174475} {73.2203 147.0588 1.833829711970475e-6}
after first assignment	{47.032971064156264 109.80222213818521 0.3437194414638266} {65.82350793871066 112.55906288781323 0.3460774380283699} {71.36231961561833 146.12003335295012 0.31884274766913184}
round	1	{47.032971064156264 109.80222213818521 0.3437194414638266} {65.82350793871066 112.55906288781323 0.3460774380283699} {71.36231961561833 146.12003335295012 0.31884274766913184}
round	2	{47.03303219200782 109.80163670579351 0.3437188051258463} {65.93883824617022 113.83075210474381 0.3820105057562955} {71.90995822984038 148.66616919913423 0.2829103162791865}
round	3	{47.03303225594716 109.8016366926993 0.34371880734214144} {65.93889302994758 113.83272650258627 0.3820546316213928} {71.91081582119124 148.66893695909846 0.2828661881977941}
final	{47.03303225594716 109.8016366926993 0.34371880734214144} {65.93889302994758 113.83272650258627 0.3820546316213928} {71.91081582119124 148.66893695909846 0.2828661881977941}

DoME_TB_4akea_1akea_0p6dc_2p6cr_lidmix_1akea_14000_m60p84_0_m49p7_nmp_lid_2d_proc_hist.pmf

predefined	{46 111} {65 111} {73 147}
initial	{45.7627 110.7563 0.0006995300904318797} {65.0847 110.7563 0.0035413721748679744} {73.2203 147.0588 8.303911115249721e-7}
after first assignment	{47.04644518867799 109.87464873400884 0.12285118066076756} {67.09069413878146 115.13825556765161 0.274276472698318} {70.81948457957763 145.03670402774634 0.6071132489062141}
round	1	{47.04644518867799 109.87464873400884 0.12285118066076756} {67.09069413878146 115.13825556765161 0.274276472698318} {70.81948457957763 145.03670402774634 0.6071132489062141}
round	2	{47.04646385563978 109.87464398523835 0.12285139246451839} {67.27596157975445 117.04322480979492 0.3180863427033025} {71.00487235976843 146.28631616052928 0.563303167097479}
round	3	{47.11337505083881 109.82574137235896 0.1234426214337718} {67.38419237906204 118.13765395304856 0.3431378454673237} {71.12052518292772 147.0016517188283 0.5376604353642042}
round	4	{47.50937484198157 109.47062824986325 0.12639479347714355} {67.39636346922805 118.41532146065107 0.34190938922832337} {71.14304574151832 147.04687878768766 0.5359367195598327}
round	5	{47.50927930222521 109.4700706221069 0.12639116988970567} {67.39618802442676 118.41543279700011 0.34191301281576125} {71.14304574151832 147.04687878768766 0.5359367195598327}
final	{47.50927930222521 109.4700706221069 0.12639116988970567} {67.39618802442676 118.41543279700011 0.34191301281576125} {71.14304574151832 147.04687878768766 0.5359367195598327}

DoME_TB_4akea_1akea_0p6dc_2p6cr_lidmix_1akea_14000_m60p86_0_m49p7_nmp_lid_2d_proc_hist.pmf

predefined	{46 111} {65 111} {73 147}
initial	{45.7627 110.7563 0.014907250826652533} {65.0847 110.7563 0.009496804169684953} {73.2203 147.0588 4.878170653683432e-5}
after first assignment	{46.76872240199324 110.93402585626747 0.316491868060034} {67.25612918980903 114.03536301552285 0.32756383870367406} {71.57756781655685 145.31711639761366 0.3803483482326295}
round	1	{46.76872240199324 110.93402585626747 0.316491868060034} {67.25612918980903 114.03536301552285 0.32756383870367406} {71.57756781655685 145.31711639761366 0.3803483482326295}
round	2	{46.786936926297365 110.9665367995863 0.3172125450506081} {67.29554282876774 114.21886419992413 0.33140108312524874} {71.61913881184961 145.51320831556495 0.3757904268204807}
round	3	{46.786936926297365 110.9665367995863 0.3172125450506081} {67.29554544669813 114.21891311803375 0.33140211589742075} {71.6191483855683 145.513251180965 0.3757893940483087}
final	{46.786936926297365 110.9665367995863 0.3172125450506081} {67.29554544669813 114.21891311803375 0.33140211589742075} {71.6191483855683 145.513251180965 0.3757893940483087}

DoME_TB_4akea_1akea_0p6dc_2p6cr_lidmix_4akea_14000_m60p80_0_m49p7_nmp_lid_2d_proc_hist.pmf

predefined	{46 111} {65 111} {73 147}
initial	{45.7627 110.7563 0.0005699678469120982} {65.0847 110.7563 0.0011752870885646275} {73.2203 147.0588 4.998710275689705e-5}
after first assignment	{47.06564518824759 110.7240344181835 0.17842047547798953} {66.55204446719928 114.39972679926224 0.40854553417543477} {71.48474301001937 146.6964481307673 0.41477924528205196}
round	1	{47.06564518824759 110.7240344181835 0.17842047547798953} {66.55204446719928 114.39972679926224 0.40854553417543477} {71.48474301001937 146.6964481307673 0.41477924528205196}
round	2	{47.06564784720159 110.72403198527242 0.17842052347812426} {66.56190413230503 114.43171165826737 0.40938948597876207} {71.48505033902877 146.7306679082295 0.4139352454785899}
round	3	{47.06564784720159 110.72403198527242 0.17842052347812426} {66.56190413230503 114.43171165826737 0.40938948597876207} {71.48505033902877 146.7306679082295 0.4139352454785899}
final	{47.06564784720159 110.72403198527242 0.17842052347812426} {66.56190413230503 114.43171165826737 0.40938948597876207} {71.48505033902877 146.7306679082295 0.4139352454785899}

DoME_TB_4akea_1akea_0p6dc_2p6cr_lidmix_4akea_14000_m60p82_0_m49p7_nmp_lid_2d_proc_hist.pmf

predefined	{46 111} {65 111} {73 147}
initial	{45.7627 110.7563 0.0164551149676842} {65.0847 110.7563 0.007817129267381063} {73.2203 147.0588 8.148183061618709e-9}
after first assignment	{46.96887659796645 110.3390016258128 0.3643883913531431} {65.39527851907407 112.27877795785786 0.3248783103833364} {70.60936224994418 146.84986659644474 0.3350055424985874}
round	1	{46.96887659796645 110.3390016258128 0.3643883913531431} {65.39527851907407 112.27877795785786 0.3248783103833364} {70.60936224994418 146.84986659644474 0.3350055424985874}
round	2	{46.96887659793454 110.33900162579975 0.3643883913518427} {65.41064702384045 112.86359021901995 0.3383795521780891} {70.81214714976039 147.68613570744802 0.321504300705135}
round	3	{46.96887659793495 110.33900162579958 0.3643883913518575} {65.4106473736665 112.8635914725515 0.3383795770525276} {70.81214719948133 147.68613708230504 0.32150427583068175}
final	{46.96887659793495 110.33900162579958 0.3643883913518575} {65.4106473736665 112.8635914725515 0.3383795770525276} {70.81214719948133 147.68613708230504 0.32150427583068175}

DoME_TB_4akea_1akea_0p6dc_2p6cr_lidmix_4akea_14000_m60p84_0_m49p7_nmp_lid_2d_proc_hist.pmf

predefined	{46 111} {65 111} {73 147}
initial	{45.7627 110.7563 0.0094865502581816} {65.0847 110.7563 0.002910627678635665} {73.2203 147.0588 0.001486777380462382}
after first assignment	{47.34283913351059 110.98552463617605 0.29239656876037856} {66.76974565830568 114.63853395813533 0.3238689880542462} {71.44869644095652 149.3948374987333 0.396131621122194}
round	1	{47.34283913351059 110.98552463617605 0.29239656876037856} {66.76974565830568 114.63853395813533 0.3238689880542462} {71.44869644095652 149.3948374987333 0.396131621122194}
round	2	{47.34286344015129 110.98552659868893 0.29239730854888973} {66.77529793722488 115.13563092704503 0.3346907794464502} {71.57531442132252 149.93928231175963 0.38530908994147883}
round	3	{47.342863446065216 110.98552659743856 0.2923973087116664} {66.77529764329402 115.13563477393778 0.3346908515351506} {71.57531558043938 149.93928549916635 0.38530901769000175}
final	{47.342863446065216 110.98552659743856 0.2923973087116664} {66.77529764329402 115.13563477393778 0.3346908515351506} {71.57531558043938 149.93928549916635 0.38530901769000175}

DoME_TB_4akea_1akea_0p6dc_2p6cr_lidmix_4akea_14000_m60p86_0_m49p7_nmp_lid_2d_proc_hist.pmf

predefined	{46 111} {65 111} {73 147}
initial	{45.7627 110.7563 0.0002152767341727738} {65.0847 110.7563 0.001707741399486359} {73.2203 147.0588 0.0006934976670278644}
after first assignment	{46.804457388050146 110.58545897502276 0.2927003295514685} {66.38057658063968 114.23917166219537 0.3216111338160966} {71.09756913549082 146.28990947900047 0.38761155476609344}
round	1	{46.804457388050146 110.58545897502276 0.2927003295514685} {66.38057658063968 114.23917166219537 0.3216111338160966} {71.09756913549082 146.28990947900047 0.38761155476609344}
round	2	{46.804457388050146 110.58545897502276 0.2927003295514685} {66.31469215228802 114.70706179441123 0.33278845378511906} {71.29587445742037 146.82793949715094 0.37643423479707094}
round	3	{46.804457388050146 110.58545897502276 0.2927003295514685} {66.31469215228802 114.70706179441123 0.33278845378511906} {71.29587445742037 146.82793949715094 0.37643423479707094}
final	{46.804457388050146 110.58545897502276 0.2927003295514685} {66.31469215228802 114.70706179441123 0.33278845378511906} {71.29587445742037 146.82793949715094 0.37643423479707094}
