1	-308.4745438806665
2	-308.30356809389855
3	-306.098977242084
4	-307.278813266812
5	-303.4960006991812
6	-308.69037722199806
7	-309.79957263107775
8	-309.171832094485
9	-300.6992340100934
10	-307.4536424769646
11	-303.8088618762303
12	-307.836348194672
13	-303.295615183331
14	-296.45758259168394
15	-303.42390775663114
16	-302.3840820906072
17	-307.54074691850417
18	-307.9442316436134
19	-314.45541251145886
20	-305.53503141625646
21	-304.8894626055596
22	-305.31857384823127
23	-302.86131030017447
24	-310.5495990720887
25	-302.01604820845955
26	-299.02919488550964
27	-310.5607066667599
28	-304.6463808065894
29	-311.5117092319723
30	-313.5106303065999
31	-309.83867180650424
32	-308.2086482085715
33	-310.33380781802157
34	-305.0307085452084
35	-310.5803551695734
36	-302.9571681568896
37	-301.9850193407677
38	-307.62925368510867
39	-306.5581247979842
40	-304.22744391727923
41	-306.9816652550789
42	-302.4627083042269
43	-305.0030353850054
44	-309.4945659403078
45	-307.3275148833765
46	-306.46185298813964
47	-305.64614643520963
48	-304.87313649242606
49	-311.7314459348212
50	-305.65041040698475
51	-309.35010829947254
52	-302.80208590195366
53	-309.96678838171823
54	-304.7271688317738
55	-307.2022227340772
56	-307.33899181702856
57	-302.53223935393356
58	-297.59548511307173
59	-309.0388502088596
60	-309.3951069584792
61	-310.0233001543218
62	-311.8326337622549
63	-311.4838264401008
64	-303.3458176319356
65	-309.53028398953035
66	-304.74887439709835
67	-305.3622785328252
68	-306.3139057048527
69	-308.75362355129687
70	-301.85150577854915
71	-303.1294866566214
72	-305.05052249230766
73	-308.79326119293523
74	-311.5814994106947
75	-313.10754781001054
76	-310.1690741799952
77	-308.27547702412096
78	-298.53767725115904
79	-301.6673100741586
80	-308.03646995641833
81	-303.7629438132937
82	-304.37426837899704
83	-306.1542072312179
84	-313.80839866229843
85	-314.5289758243556
86	-309.1694984006939
87	-303.98892208844495
88	-307.4488431816683
89	-305.520006983049
90	-306.61612723537013
91	-307.9990055645527
92	-303.3230104215712
93	-299.42615246197767
94	-300.60963790938155
95	-300.86227964546055
96	-297.5017248585525
97	-305.57400261249893
98	-303.71072198136625
99	-310.1030168788054
100	-306.93826098764595
101	-306.2030265731228
102	-306.1147500802324
103	-302.5406709146598
104	-305.22917809301396
105	-307.1857697921103
106	-302.55311141112225
107	-305.82823903948497
108	-299.61622798375487
109	-309.6346421519826
110	-307.3934553967999
111	-303.0741131273247
112	-309.4935034235015
113	-301.19791318395755
114	-307.475972055728
115	-306.69702619142885
116	-300.2176348358486
117	-306.6819780858707
118	-307.20059819755244
119	-311.6134293824586
120	-307.35679845785694
121	-306.0544715079087
122	-309.4161938237763
123	-307.7997749729452
124	-306.36052563183915
125	-301.3542164974923
126	-307.6419344929265
127	-309.08120098757024
128	-301.0575172436671
129	-305.47208748914346
130	-304.8733264829328
131	-308.5741543557549
132	-308.49189982922803
133	-305.510142427872
134	-308.92363282490817
135	-302.99160993419184
136	-309.8784300918305
137	-306.15842245066403
138	-311.8035459649008
139	-302.5690629845334
140	-307.62420937653354
141	-307.84747210683366
142	-313.1372251695085
143	-309.8930208808915
144	-302.226799447825
145	-300.45983329003093
146	-309.1445264111818
147	-301.17412286238226
148	-303.71628911791703
149	-307.9588548127513
150	-306.6524008519267
151	-308.7545102583684
152	-312.4865060963215
153	-309.9780038788311
154	-303.428896684948
155	-308.2639087648056
156	-310.4499070174865
157	-308.2019203473999
158	-304.406819298495
159	-311.8334907505793
160	-305.7665570455036
161	-307.82681904108546
162	-310.49433000033173
163	-311.57489528177615
164	-310.0390247694748
165	-304.1408468967433
166	-307.816922430324
167	-306.1855956062568
168	-305.40275006191956
169	-306.9915213296991
170	-308.17043445446603
171	-307.8746942563914
172	-305.2043771367597
173	-304.83703011058225
174	-305.61474255086927
175	-301.3121112063102
176	-300.17229437982724
177	-309.00262645067085
178	-304.4588486749434
179	-302.8347100782012
180	-309.6087448186095
181	-310.5317211750283
182	-298.1999006245866
183	-306.0950314474987
184	-301.49363037289584
185	-304.2877311946342
186	-303.31118061955425
187	-311.02247034465165
188	-312.8834041028202
189	-305.60050643087584
190	-301.35732388880353
191	-304.79998684532353
192	-311.666649270048
193	-305.69714402733877
194	-300.3693213496771
195	-307.11702219423717
196	-303.3800137882087
197	-307.7647062862501
198	-302.43487986626883
199	-306.49772843367407
200	-305.07569757313206
201	-303.9859675650234
202	-305.68667169860623
203	-300.6117429135912
204	-306.5087179552683
205	-308.19706689171863
206	-307.08150224597443
207	-302.72505794218324
208	-304.22598355499997
209	-308.8765647733319
210	-307.5556415233709
211	-310.40867364716166
212	-309.2560972445613
213	-307.24641499559823
214	-305.388513991964
215	-307.3904344807408
216	-311.5028086478161
217	-307.5831145333768
218	-303.31090860081997
219	-309.9016959828994
220	-308.8419062148263
221	-310.44617972053163
222	-306.8940451094437
223	-309.88282803110224
224	-307.3607042008158
225	-303.381184151405
226	-306.428760464089
227	-303.9341614576369
228	-309.5692085976823
229	-307.8744512905823
230	-307.54747339340406
231	-312.2739341909205
232	-306.81050285944934
233	-307.0828302751062
234	-307.345489733871
235	-301.950843162645
236	-307.608156996189
237	-308.44055252109945
238	-307.47556126837657
239	-310.7778072566722
240	-303.06895826973374
241	-305.20747466285593
242	-301.77591603114456
243	-301.433559537573
244	-305.23976837812666
245	-306.47118887828213
246	-309.16687841504495
247	-307.3517884717382
248	-311.88505538596445
249	-304.2634423008251
250	-298.95845019376355
251	-296.5148558999897
252	-303.9958425554519
253	-305.9414289862511
254	-307.5055770556595
255	-297.0106887263279
256	-299.1962857852361
257	-309.5548821288832
258	-312.94980946556046
259	-310.2618601594678
260	-308.64835290265603
261	-306.60574144618124
262	-305.45966114714736
263	-302.8106820915827
264	-309.8795021028663
265	-304.19619032614315
266	-311.30449240084755
267	-311.0120130814789
268	-303.7808057978214
269	-310.760106422246
270	-307.6977498932383
271	-311.21918628662587
272	-305.2415765797409
273	-310.76275433635305
274	-310.41102126233733
275	-314.20049053787585
276	-312.0534517583399
277	-304.51287087522417
278	-306.40480428707514
279	-301.98050591825495
280	-307.5425541959167
281	-305.19870065890996
282	-308.1649713130692
283	-303.93433641885656
284	-307.771266748027
285	-304.1791392003299
286	-302.7382255128494
287	-311.50197347872006
288	-310.30337018790755
289	-309.4227611236939
290	-307.51269116083046
291	-303.6637978039965
292	-296.0747530270039
293	-302.6626225157595
294	-303.26645920927604
295	-307.87267898867526
296	-306.4837988433949
297	-303.07080944617707
298	-309.0359809762012
299	-312.3590553811024
300	-304.8586378057341
301	-305.8240041152739
302	-305.21392114822913
303	-309.68370799709487
304	-309.85499959644966
305	-302.9228108011222
306	-305.5270187741103
307	-306.7242187848563
308	-307.7290160871629
309	-310.0337167578751
310	-304.07183881162126
311	-315.6524878319537
312	-307.56834512324747
313	-307.832335438339
314	-307.174100237694
315	-307.11130017803794
316	-310.7045775578977
317	-304.2124112346771
318	-302.2785991957259
319	-299.0144234686884
320	-306.0998724353037
321	-302.02246658493425
322	-301.0415819310337
323	-307.1207947151654
324	-311.62982240211926
325	-305.64468189968653
326	-300.1624761564513
327	-302.99834288149725
328	-308.40697018877523
329	-305.9877048012933
330	-307.05293363750934
331	-307.6827989196989
332	-305.09212230136427
333	-312.09125675567657
334	-300.9414800136501
335	-308.7638721846484
336	-305.3005332747452
337	-311.69010934648765
338	-309.4394520180679
339	-306.2469351601102
340	-307.00653234133256
341	-300.6081170196942
342	-309.9894120471056
343	-304.4857561714144
344	-303.3287281661897
345	-304.21596169312716
346	-308.4115485580435
347	-303.2023118630379
348	-311.3320259463753
349	-303.28026732677927
350	-301.9429690156526
351	-310.3637964850456
352	-301.66835591890555
353	-305.07624445082075
354	-301.1747492311878
355	-309.21594310085385
356	-311.77217673318336
357	-308.01733086456534
358	-307.144100860487
359	-309.73370692973566
360	-305.194383835858
361	-316.01898851307345
362	-306.203681101751
363	-311.7309855712566
364	-305.14853890053786
365	-306.718909257396
366	-307.54880500178336
367	-306.786825456461
368	-301.3334551306456
369	-308.8577543052672
370	-305.6397592831681
371	-307.44079400694966
372	-303.91224199582786
373	-307.40859975864674
374	-302.59003887975086
375	-308.4753705271518
376	-306.5232103640173
377	-308.0808139252694
378	-300.70118526861
379	-305.97741021406546
380	-310.2536082362829
381	-303.45137220033087
382	-310.44199494319383
383	-304.35106983042897
384	-309.3238392487282
385	-309.1103762272217
386	-306.8609012904192
387	-309.966329509121
388	-307.5048637790198
389	-308.31896948241445
390	-303.1098583494884
391	-300.796279756388
392	-301.8276329171003
393	-310.5156149417278
394	-297.3566111717728
395	-311.9706720685316
396	-300.7166331739521
397	-305.30563301999814
398	-299.72505690884583
399	-303.50234236603615
400	-303.59815320832513
401	-302.0830217868946
402	-301.1046272983756
403	-305.09542509040267
404	-300.7640628119039
405	-295.3186635294828
406	-308.6160720990974
407	-303.7942402732283
408	-302.77210503994917
409	-307.10623729395564
410	-304.1566197299015
411	-300.1593120662629
412	-305.7618757385578
413	-304.34221255513586
414	-308.05969622513544
415	-301.7447516778327
416	-312.07794282936237
417	-307.65864772170323
418	-306.94064423582347
419	-306.9091852678901
420	-305.3674229625806
421	-302.97055638760554
422	-304.3046699007358
423	-302.94626381357443
424	-303.51205859980735
425	-306.3162314157264
426	-308.2787493089339
427	-309.1613905721396
428	-309.55859062195805
429	-305.8041409371881
430	-304.3366098329496
431	-309.524427450496
432	-304.4267856854998
433	-303.9678754661957
434	-310.80847671905553
435	-298.94472421739073
436	-306.11407261378486
437	-306.196546531466
438	-299.25402672964515
439	-304.74754579267386
440	-304.2962496064592
441	-297.0360550950972
442	-307.51602954867707
443	-312.73728024763426
444	-308.1955705990097
445	-308.19354392517323
446	-300.1416521719865
447	-301.59180405500405
448	-306.0339142859575
449	-311.0432381601805
450	-307.4950073397807
451	-308.89581977685157
452	-303.71316650773974
453	-314.1792375594169
454	-305.14220745885564
455	-301.59095332486703
456	-306.48931155475657
457	-296.36437619251757
458	-308.3677876970875
459	-306.439281166875
460	-303.4018703019597
461	-305.82753960969586
462	-309.4008062920044
463	-305.7346952758484
464	-307.147792596215
465	-307.55670772022125
466	-309.39216842098404
467	-312.957248880065
468	-315.46868556696063
469	-301.38327688264513
470	-299.43200406151146
471	-296.40630186517313
472	-302.3088691385583
473	-303.0321573006713
474	-302.4559482768082
475	-301.0336884864816
476	-303.26915170172333
477	-305.6501161907445
478	-306.42162284013614
479	-300.4237038581595
480	-306.7007681799668
481	-302.4200117946717
482	-301.41338648188923
483	-304.6071780716147
484	-304.12374774791294
485	-304.78416004508557
486	-305.4770336836563
487	-306.685052605538
488	-310.3184247728513
489	-306.78332165228875
490	-308.4454742851413
491	-313.64316513388746
492	-301.41926389453596
493	-307.2710976004384
494	-298.90793370191324
495	-298.76614215617496
496	-303.4605923360095
497	-307.3280958876799
498	-305.4060925440856
499	-305.7333450985896
500	-303.3456921380162
501	-301.640866647408
502	-302.62185125785663
503	-303.8694550818495
504	-306.76623633101616
505	-302.1522435031089
506	-302.9591200542232
507	-306.22936863922615
508	-306.9343388797835
509	-309.2893415718933
510	-302.70152335195974
511	-310.23176743021054
512	-305.86542708194355
513	-310.2528581758061
514	-297.9946452648886
515	-305.9978692678553
516	-309.12444194460693
517	-309.07099308199594
518	-311.6618329016453
519	-306.77167306275845
520	-305.77474025267463
521	-308.5168602522392
522	-313.10793348763445
523	-310.1009766185111
524	-309.22091675361736
525	-306.64207425828147
526	-305.9008784076522
527	-309.3297844520009
528	-305.82645928173014
529	-302.9834896927836
530	-307.09932477055224
531	-304.5911462487143
532	-308.1451964723338
533	-305.901407777186
534	-308.2385547940322
535	-307.65665479715284
536	-312.18673885894333
537	-302.37460444663355
538	-302.307414235751
539	-308.09201989245213
540	-306.2079441958802
541	-306.4329829427699
542	-305.9843641897394
543	-308.26665917705986
544	-307.55063994585623
545	-298.2729911490885
546	-305.3272914637791
547	-308.4945199079073
548	-302.8581972730798
549	-300.6111566235331
550	-307.36169606113884
551	-309.08561545847033
552	-304.14243434494426
553	-305.86275414336905
554	-306.08370037448145
555	-303.4857091748024
556	-305.9192976938493
557	-308.06775464767736
558	-302.29538108979636
559	-305.97116108904163
560	-311.749489597706
561	-307.41561570345345
562	-304.10512390122494
563	-301.4082262476843
564	-309.6368422218971
565	-304.6111925573239
566	-298.5351641535391
567	-299.29471521997687
568	-304.8191542402549
569	-310.2214480142189
570	-308.8275068110012
571	-306.4811991920689
572	-303.42449403022954
573	-305.22368968907307
574	-309.1944136375034
575	-306.8830012216613
576	-312.0087791512907
577	-305.361233296642
578	-303.75460036830316
579	-303.8836166047947
580	-306.06867537870284
581	-307.84708688461296
582	-305.8063722846912
583	-304.2974740446637
584	-311.6344627370588
585	-309.2084900980265
586	-307.7679180233099
587	-307.1466209171189
588	-306.9583185287217
589	-312.08991350124853
590	-308.6184039423332
591	-305.122420885849
592	-302.545257682351
593	-306.99961659185993
594	-305.80497500127154
595	-307.26931735536084
596	-305.52921331329566
597	-308.2565812073015
598	-303.57784895989425
599	-306.03178459754287
600	-309.51940993749616
601	-308.90720905585124
602	-309.477202564614
603	-310.2143038328058
604	-306.71421895336925
605	-302.51507108428694
606	-308.6864369211089
607	-302.54542170556294
608	-304.33269440897016
609	-311.7874381324246
610	-311.03089061598445
611	-309.4262490606099
612	-305.5823169617413
613	-307.0515570550447
614	-308.7245686606774
615	-313.12029793592666
616	-304.57047333569847
617	-310.1503220155377
618	-309.6417212098131
619	-308.8465290661075
620	-304.7185585231177
621	-298.75806048333715
622	-308.58748237004704
623	-303.3839234409583
624	-302.5251437058147
625	-308.8025616330108
626	-308.2109818075759
627	-302.3782542191772
628	-304.14871146767325
629	-311.4175817884804
630	-309.04799156610625
631	-302.5783073113542
632	-310.4449143458169
633	-304.6509901934009
634	-303.147304967177
635	-310.4421636338008
636	-313.58736960308755
637	-301.063298093931
638	-305.1968670604791
639	-302.5457611835442
640	-298.9742697041292
641	-306.894243547858
642	-311.43305788960544
643	-304.00693599091284
644	-300.0335103863308
645	-303.02135432521465
646	-307.30248618978436
647	-300.3799435297385
648	-315.42856919048387
649	-301.85681303610164
650	-305.3520519840088
651	-304.1448202459552
652	-298.23788332054914
653	-306.06315410063337
654	-301.21537980726026
655	-305.2784526266269
656	-307.206291348696
657	-304.47845213347705
658	-301.2219743048304
659	-308.2095469965538
660	-306.7874926064999
661	-309.1325613666013
662	-301.50511671541244
663	-310.40755123758663
664	-310.68528380320566
665	-309.8910955867876
666	-305.4353093183453
667	-305.087384464948
668	-308.7786264758644
669	-308.35458691906774
670	-302.6151873417993
671	-305.46171770984586
672	-301.58609147303787
673	-301.86272782541596
674	-302.92628350716274
675	-305.73848927918874
676	-307.9187322177037
677	-307.4875683810155
678	-303.74511531744355
679	-301.18759252545976
680	-294.94692069581754
681	-308.0725195140028
682	-299.81286680306596
683	-304.5659679461718
684	-305.6515829563468
685	-304.56658297301914
686	-305.6016369064179
687	-304.66141859792367
688	-303.12616566811425
689	-302.8691729624668
690	-310.35674608890395
691	-303.38805575871123
692	-310.90837850696585
693	-308.35674679139726
694	-297.8599957620936
695	-299.6724105730209
696	-304.14559288152776
697	-298.83452666480514
698	-311.1233613194604
699	-306.49659199331245
700	-299.01527074783763
701	-307.9266302971205
702	-306.99103081865843
703	-308.784164422178
704	-310.1419437344558
705	-307.33428210567416
706	-307.57436655894526
707	-310.0077321826193
708	-305.6437270442183
709	-308.72164506684425
710	-305.78868951847465
711	-306.5267037927671
712	-308.48538513767147
713	-309.8974727149979
714	-303.51143563579717
715	-303.67457966309144
716	-303.6526697971595
717	-298.58622523315523
718	-300.8651717740682
719	-298.3111412051187
720	-303.569881329104
721	-304.50996579204394
722	-308.93940473096114
723	-310.7136503405698
724	-306.6746734716661
725	-303.96219868390864
726	-306.3344849543073
727	-296.9631647471917
728	-305.6241109227344
729	-306.9056620500795
730	-307.9954194859651
731	-311.18416121204916
732	-307.63260948896317
733	-305.59119038145434
734	-304.9386240070794
735	-305.9594456996166
736	-302.2908790438333
737	-304.93772691649957
738	-302.3271888673185
739	-308.7860754380627
740	-308.61728158122776
741	-302.73570608939724
742	-303.0968786308196
743	-311.124726390744
744	-307.0038069707458
745	-309.53102219722706
746	-310.660824991756
747	-304.70080030041964
748	-303.99966702348587
749	-302.5577929300248
750	-304.9974620670944
751	-306.99738310093954
752	-309.8905043680611
753	-312.6789003816792
754	-306.5759991603681
755	-307.26890371763955
756	-300.3467285644951
757	-305.64162131756467
758	-309.24415553561835
759	-310.1814364179445
760	-312.50873050680065
761	-304.97506557143475
762	-302.5806377362466
763	-303.7594159900514
764	-304.1877075366855
765	-305.9275102107258
766	-307.0171504271036
767	-303.4061512571867
768	-303.1846855072409
769	-300.5236263243292
770	-307.9363570798596
771	-305.42377886590253
772	-304.7974288749413
773	-300.92174925836315
774	-305.539423452743
775	-295.022304654166
776	-304.6846697120903
777	-297.50410750264604
778	-296.43459021108345
779	-301.03294064576966
780	-306.7032527670602
781	-306.53206958680386
782	-307.16992666347556
783	-302.12761516051444
784	-305.7678317616158
785	-299.06326664967474
786	-309.90656139360414
787	-299.9729504396202
788	-299.51806209980094
789	-309.9074907198676
790	-310.5716023529212
791	-305.6874617505957
792	-309.37633956009245
793	-300.60488815913595
794	-299.1375958065688
795	-302.042546614981
796	-306.5214540466047
797	-305.68957180576115
798	-303.3574080370401
799	-307.14482999623294
800	-308.26488781779676
801	-305.42804188599314
802	-306.07878912661215
803	-308.8886056966834
804	-302.94806958318117
805	-308.6078156209481
806	-305.21954951059735
807	-306.15625314364854
808	-305.63537518914944
809	-308.1832602064267
810	-306.46213393120365
811	-307.2844134579771
812	-306.28210808677346
813	-309.65852355937
814	-303.97691196892515
815	-310.7643294645075
816	-303.7212058897448
817	-303.71247114003575
818	-308.97498258938447
819	-308.0071408322805
820	-309.57845851931035
821	-307.0847860452032
822	-309.4498960243502
823	-313.53670189588735
824	-310.94786068045835
825	-304.4822328178574
826	-311.0990291907932
827	-308.13842384670994
828	-307.25497650748616
829	-306.9144211479475
830	-302.6233814346174
831	-305.49222682352945
832	-305.3263233275999
833	-303.4289966616162
834	-302.37680561426555
835	-312.33386628505696
836	-309.08607663613515
837	-300.8159326584411
838	-305.38772219730055
839	-303.43232654967574
840	-307.3251416512287
841	-308.3288008947423
842	-304.5925046003163
843	-308.87501455153097
844	-312.71136030895735
845	-306.39506896778335
846	-306.0040966868651
847	-307.743650784297
848	-307.4651285520142
849	-302.10853964221315
850	-312.3792813845344
851	-308.61684487392324
852	-306.61696370172984
853	-305.83115167376576
854	-306.64964118704387
855	-309.58737631451874
856	-306.94321390502523
857	-308.20875395764847
858	-312.11235093757324
859	-311.1086573455747
860	-305.6036337629031
861	-300.4520592586162
862	-313.63168240629807
863	-304.00506763452097
864	-308.0677887050808
865	-306.27654202959764
866	-310.7020662606719
867	-308.9319689338639
868	-306.22663499116106
869	-307.57634034928856
870	-308.7325265450359
871	-300.32196382432915
872	-305.99872008745416
873	-308.92785037113197
874	-310.0235308712904
875	-308.3161454030391
876	-310.01031960507476
877	-309.1503764691818
878	-304.47437200808275
879	-302.6209715330362
880	-311.0658343129296
881	-313.17708520078475
882	-307.40419255467054
883	-305.45078623096566
884	-309.3114785547398
885	-301.3700590770379
886	-312.9351484638786
887	-311.1667162417966
888	-308.1340989818267
889	-306.22182311703216
890	-300.6412697637502
891	-305.26940005362525
892	-306.63044927522884
893	-303.99496835204246
894	-302.6783402731102
895	-300.8153605207504
896	-300.27763773025004
897	-298.71884605985264
898	-303.6952832439673
899	-306.9395537435987
900	-300.01363335194736
901	-309.3722621303705
902	-305.65407005004107
903	-303.76686989540764
904	-310.8347792886652
905	-305.08066584431185
906	-300.4700281540483
907	-299.4836843753354
908	-302.04125301660747
909	-304.6375210170258
910	-303.4710729099495
911	-305.7323923549863
912	-309.10036496572377
913	-305.2544334465143
914	-308.73524115246073
915	-308.44250406341774
916	-305.21985825333786
917	-304.90572587054686
918	-307.3888472727953
919	-299.98293620375654
920	-307.544156415759
921	-303.86438202324774
922	-304.4537159007296
923	-301.59869193235676
924	-303.91025868776654
925	-304.72810530446486
926	-306.5477494574307
927	-306.9371609053526
928	-303.6022862311436
929	-301.3787016064169
930	-301.99630502409013
931	-293.1348161271804
932	-301.53623599156424
933	-295.0424000137652
934	-304.09842390084316
935	-303.0960409953284
936	-294.4598481548619
937	-310.1563313074612
938	-309.39998046877054
939	-304.7177725931624
940	-303.8693083895721
941	-302.3481894379179
942	-302.26750306214785
943	-306.3916143730789
944	-299.01310728766435
945	-308.3881151593207
946	-300.65498875114
947	-317.05849088237613
948	-309.37481779530134
949	-305.1426213935156
950	-306.5524309627955
951	-303.3455532655616
952	-311.98054867053224
953	-299.3670008595965
954	-303.2818217630183
955	-299.4224193918147
956	-297.56224816943774
957	-293.79812954591694
958	-302.9046000815
959	-302.1796832839273
960	-306.30092989520193
961	-288.58230377023204
962	-297.56459113438825
963	-298.3153678582773
964	-298.6501003284283
965	-308.40154710344535
966	-306.24094335160873
967	-309.74495579262225
968	-300.6593710852673
969	-303.509
970	-301.7183939763147
971	-308.06399852320726
972	-303.9744663728817
973	-302.45781079110606
974	-302.0908271135112
975	-304.09460001580095
976	-302.99098399547734
977	-299.95300382902064
978	-303.6108485049934
979	-301.30796014145466
980	-301.43659960262477
981	-305.40329793394955
982	-305.4070742075485
983	-303.5477892011924
984	-304.95266471246094
985	-307.82884281498514
986	-303.93858836599054
987	-306.1162151970915
988	-307.52054937604333
989	-307.2880694685952
990	-311.3586071633486
991	-304.0465
992	-302.393743067941
993	-295.9715435542313
994	-306.5709636986054
995	-302.1249638816367
996	-308.28381674433234
997	-307.4108421455827
998	-308.8872889382147
999	-305.7522799542701
1000	-310.0780285954815
1001	-300.85787185726383
1002	-304.71552594539236
1003	-302.3348253559345
1004	-306.81046219106724
1005	-306.4540339463774
1006	-302.89741516021337
1007	-304.69162059023495
1008	-304.042413290988
1009	-306.15913105440313
1010	-306.4725991129793
1011	-303.28338940232703
1012	-306.1435548354174
1013	-305.43024912560594
1014	-312.75637313553386
1015	-307.1352081982896
1016	-305.9572122097233
1017	-307.0053669336835
1018	-306.63235281228606
1019	-304.0686199332297
1020	-311.41278224166444
1021	-305.95906045847664
1022	-306.17533603286205
1023	-307.14214762946636
1024	-304.1265659909102
1025	-307.6969261677452
1026	-309.8016213552539
1027	-303.1821748194818
1028	-300.1808717767488
1029	-306.89848821114197
1030	-315.2971655843076
1031	-297.5788051437985
1032	-302.27753350654797
1033	-308.7633098595574
1034	-302.24519002009623
1035	-302.83833741027587
1036	-309.1168262750276
1037	-304.09726348293566
1038	-303.01383093677407
1039	-308.08173985765603
1040	-305.0050444063129
1041	-298.4014556437243
1042	-301.7405409886922
1043	-305.45963719844184
1044	-303.7771536692462
1045	-300.78378722703184
1046	-299.906627564366
1047	-304.48344477557094
1048	-302.8601547780665
1049	-308.57227436694706
1050	-300.8956790582952
1051	-307.2054233860279
1052	-302.95782056103616
1053	-304.08512373106964
1054	-300.02576435783567
1055	-298.03902270288273
1056	-298.8025361739081
1057	-307.44572642022257
1058	-304.552559859213
1059	-303.84105037657844
1060	-300.28603943177137
1061	-304.9735778184683
1062	-300.76444775589414
1063	-298.2467252979056
1064	-302.32775022755163
1065	-304.8345105095067
1066	-304.7858165433761
1067	-305.9305532387019
1068	-309.78864362451105
1069	-306.34255413703556
1070	-296.66311716997467
1071	-303.94329876194615
1072	-301.748467808735
1073	-305.7129706664993
1074	-303.6154887854177
1075	-305.08561018041553
1076	-310.74816914722527
1077	-303.7110366733813
1078	-298.75957362989993
1079	-304.5951690754961
1080	-300.99217256433633
1081	-300.4907756467019
1082	-308.85290833822893
1083	-302.4041928557179
1084	-306.6308986697543
1085	-298.56321214851647
1086	-303.84147539647535
1087	-301.3890226003855
1088	-296.2625000000048
1089	-296.204196730293
1090	-302.13181432718545
1091	-306.10609849573393
1092	-305.0778110254981
1093	-306.77234840260434
1094	-300.93513624447996
1095	-301.9229307626736
1096	-304.8638445371343
1097	-302.44988867799765
1098	-303.59538665346196
1099	-303.78778251160367
1100	-305.41423239729073
1101	-306.5715520772291
1102	-303.09678318604097
1103	-301.4286120316616
1104	-305.3128812859198
1105	-300.8860843244377
1106	-300.9392946712955
1107	-303.0180740958901
1108	-301.76731582624586
1109	-299.549927064994
1110	-301.83453842309797
1111	-300.83913072357103
1112	-302.12815056907573
1113	-308.4776218468618
1114	-304.1852098846385
1115	-304.07834555339696
1116	-305.72247207397095
1117	-302.98989508692114
1118	-299.8188350014513
1119	-298.26356350908685
1120	-302.2747125937677
1121	-295.90331083204205
1122	-300.5526622382686
1123	-304.7230020526502
1124	-304.182854660412
1125	-297.76725237721257
1126	-308.4456485946418
1127	-300.20532074939183
1128	-302.4988479142653
1129	-302.461754356066
1130	-304.1184163769145
1131	-295.46647146840684
1132	-306.7427572064293
1133	-301.0413748506563
1134	-307.5580786849726
1135	-300.67704500260845
1136	-306.00649823390705
1137	-302.62905582131657
1138	-305.8854127726539
1139	-305.1442115734767
1140	-301.3188963077302
1141	-304.6352863516283
1142	-312.28522967176826
1143	-304.54490000051663
1144	-302.4500352804702
1145	-300.0369
1146	-306.7927519154615
1147	-304.0767542130681
1148	-297.80967494989625
1149	-301.3261797779355
1150	-302.04106416712665
1151	-303.3896827017872
1152	-300.4425387008058
1153	-300.9324000113482
1154	-301.46427059798845
1155	-297.14590000031126
1156	-306.1861180689759
1157	-300.2546503613794
1158	-303.81863058594155
1159	-301.2376682763877
1160	-296.5563406603405
1161	-301.1506866047382
1162	-303.1263030313438
1163	-300.9851453038298
1164	-306.49167600884084
1165	-299.71616297193447
1166	-305.7755258749792
1167	-302.03294466706893
1168	-304.24120076329774
1169	-308.4898872323572
1170	-300.7037866450874
1171	-298.91341923020315
1172	-305.75929312434863
1173	-304.3034851137653
1174	-301.53785926791176
1175	-299.8300248592905
1176	-301.409862496625
1177	-300.5462554968468
1178	-298.04684521703393
1179	-307.8657729387051
1180	-304.2931937224197
1181	-303.5788941359091
1182	-304.0536088141002
1183	-300.268787414249
1184	-301.8117295193527
1185	-302.56076160684677
1186	-295.3105
1187	-303.08991761348574
1188	-306.1941488336995
1189	-301.1513668051636
1190	-300.3038900580616
1191	-307.81983306319376
1192	-299.51317821448737
1193	-302.70528216108596
1194	-300.1061777363363
1195	-304.13351724694223
1196	-309.52342427533944
1197	-306.45188915892743
1198	-296.2056326157618
1199	-307.1935508193282
1200	-299.21439229975215
1201	-307.42829751801355
1202	-306.2464918355838
1203	-297.19892120359304
1204	-296.1504000000765
1205	-301.5097121402329
1206	-306.7336236309883
1207	-306.71752897730903
1208	-300.26860610912934
1209	-301.3073307288692
1210	-304.2579695129507
1211	-302.57535507265743
1212	-301.16290995009234
1213	-301.3049090174472
1214	-303.4259478506444
1215	-310.17507278549107
1216	-310.35901444291983
1217	-301.1359738262192
1218	-295.99688919998215
1219	-306.2504517938337
1220	-296.89783038784367
1221	-304.7043725857717
1222	-301.80207155742494
1223	-300.98414215122267
1224	-304.47309127542803
1225	-305.4094025738318
1226	-306.5608996395787
1227	-300.9359813053889
1228	-302.4239016622087
1229	-305.5087468465651
1230	-306.56520583172954
1231	-302.41217306392
1232	-304.30366207243856
1233	-302.8895223440511
1234	-302.12576009032915
1235	-290.09520345977677
1236	-303.61649420461015
1237	-305.5127535977834
1238	-301.3374646828944
1239	-306.7726207683175
1240	-307.56032576122516
1241	-303.6383000315088
1242	-298.4830983623031
1243	-302.6395855476744
1244	-302.5526201446435
1245	-303.2453872208309
1246	-299.2685023596818
1247	-304.0770012729588
1248	-309.15031797877054
1249	-304.710651338646
1250	-302.51888703343826
1251	-303.0529400141884
1252	-301.9238284633966
1253	-305.0223867176183
1254	-302.27291621553013
1255	-308.8155387766895
1256	-299.7251803588155
1257	-302.9315177208437
1258	-308.5952514417182
1259	-308.41570443343016
1260	-303.0325859162488
1261	-307.9278010731932
1262	-300.54410149093627
1263	-304.99940609846436
1264	-306.1133095968642
1265	-304.27078797841824
1266	-301.6482773139873
1267	-303.1749255944591
1268	-300.01643494137136
1269	-304.8871072273015
1270	-297.07785619258306
1271	-300.58961477950476
1272	-304.3794253015062
1273	-307.9534163752159
1274	-304.2666489714006
1275	-302.4857597717009
1276	-304.3188470348889
1277	-304.82061851016107
1278	-305.3143804311546
1279	-306.7677265175306
1280	-304.7732330695292
1281	-307.1823429224774
1282	-302.08634368604567
1283	-305.1171356165487
1284	-304.96401654331333
1285	-302.274658688008
1286	-308.589300000139
1287	-303.4048774007731
1288	-309.0817742841217
1289	-305.90490819454016
1290	-302.4238602219036
1291	-311.1734589615359
1292	-307.01634075627067
1293	-303.53724380547504
1294	-303.2497753424925
1295	-306.720820540032
1296	-304.3385471862171
1297	-301.06765268195255
1298	-306.40652757453296
1299	-302.3385503749585
1300	-301.13568911147433
1301	-301.8285717028966
1302	-308.3751059401747
1303	-301.611208921954
1304	-300.5567292934875
1305	-301.4680138832443
1306	-302.63058454822146
1307	-304.651753488785
1308	-297.51595098385496
1309	-302.0924837614739
1310	-300.64629100051667
1311	-304.28981740258854
1312	-303.7507934322217
1313	-301.3814768477808
1314	-299.1679825545188
1315	-299.59652815767254
1316	-301.2610586130248
1317	-306.62602315484077
1318	-301.67483278893064
1319	-307.74012623222666
1320	-300.6113304950816
1321	-310.6387016489006
1322	-301.2339829938963
1323	-307.0881577114816
1324	-302.1482260783055
1325	-306.9852238458327
1326	-303.35072860043897
1327	-306.900919969552
1328	-288.36037858374414
1329	-305.487569443657
1330	-303.2662418597879
1331	-305.74800003190916
1332	-306.869618246131
1333	-307.05837598199724
1334	-304.2003290938995
1335	-307.08781591682526
1336	-307.44614234471743
1337	-310.23841230996265
1338	-305.2612576807458
1339	-307.0644160895138
1340	-306.1379367883654
1341	-307.27886299915235
1342	-303.83929514910113
1343	-303.86563233091823
1344	-309.12587985251366
1345	-301.32192697096997
1346	-310.2086890076468
1347	-305.5547294586941
1348	-305.79753038026416
1349	-307.4956658761918
1350	-305.1541594533142
1351	-305.2500956006137
1352	-305.9696059821153
1353	-305.045524105398
1354	-296.6479081146702
1355	-301.97787527698034
1356	-301.8231101690473
1357	-301.6675434892725
1358	-298.49658329478433
1359	-300.7923705483336
1360	-301.98421700255244
1361	-305.41166260301554
1362	-303.4118724218222
1363	-303.3704842578934
1364	-302.7424901160947
1365	-305.948923414424
1366	-303.0672178430388
1367	-303.53688484049894
1368	-303.9919052912777
1369	-300.2010773117812
1370	-307.44310710575184
1371	-301.9392142056798
1372	-308.0011998550319
1373	-304.4408444063802
1374	-302.19636075967696
1375	-304.9802004194218
1376	-304.16863761891034
1377	-302.62092017697205
1378	-307.9323491479402
1379	-303.2555989111503
1380	-307.80153897785084
1381	-311.2042020037006
1382	-305.9089059437792
1383	-306.6954757910454
1384	-297.1269068810192
1385	-306.0740558998375
1386	-305.7097069470887
1387	-304.4653694919083
1388	-299.10317456390317
1389	-304.5815446266633
1390	-306.29132319892864
1391	-307.27523438378336
1392	-302.600438359324
1393	-304.1757372945484
1394	-305.57048045971095
1395	-295.21760830481264
1396	-300.7591831445655
1397	-308.6558151152658
1398	-297.86200136521745
1399	-305.7709698658377
1400	-305.70310787401365
1401	-305.1139370479666
1402	-301.564580163001
1403	-302.8700732148285
1404	-295.5456603106366
1405	-305.71251593695075
1406	-309.0163025413359
1407	-308.88865533711584
1408	-297.33875571899637
1409	-302.2525164521331
1410	-293.99250739206
1411	-303.7521633267271
1412	-304.1677115801432
1413	-300.7151443420261
1414	-301.98638216252425
1415	-306.0191158722947
1416	-303.4575
1417	-305.07573983198745
1418	-303.77554671122925
1419	-297.54429823200934
1420	-303.63669206276404
1421	-298.1109606392948
1422	-301.84177429379065
1423	-307.38333494656376
1424	-303.8879004545161
1425	-296.3983096214891
1426	-307.5799086484948
1427	-299.1898414423313
1428	-303.613889016007
1429	-301.4762614642044
1430	-302.518293485593
1431	-301.65102842697763
1432	-299.40161534509195
1433	-299.13056959319266
1434	-304.8065
1435	-304.0128184083391
1436	-309.44058347688014
1437	-302.00444446692387
1438	-304.3937751880661
1439	-299.65615972896353
1440	-302.43656704524324
1441	-302.6304324058798
1442	-302.5548753087406
1443	-308.8376628053144
1444	-306.2280832913534
1445	-307.80844907722997
1446	-305.3329121904559
1447	-305.45818770799923
1448	-303.2527356505131
1449	-305.091466045335
1450	-308.49022028782446
1451	-307.7893064804702
1452	-300.38111449089877
1453	-301.08074126080857
1454	-306.1052799081492
1455	-293.13115916341184
1456	-302.6898057209
1457	-297.41824844126535
1458	-306.35195449768696
1459	-300.70387777202313
1460	-306.7681965425473
1461	-307.1730359686071
1462	-307.2258691539351
1463	-295.4978076395905
1464	-303.903932713744
1465	-301.18970719571314
1466	-298.41340588608625
1467	-297.9667110105313
1468	-304.70934495895534
1469	-302.3183853742745
1470	-300.44435403417117
1471	-304.4329652779255
1472	-296.22290175957596
1473	-295.6587709038502
1474	-302.7928579344564
1475	-305.90583535087035
1476	-309.152696131446
1477	-299.11913947213463
1478	-299.2187746909383
1479	-306.015414428728
1480	-305.17153541515876
1481	-299.3070045135346
1482	-308.1972939104755
1483	-307.4404417857006
1484	-300.2304045610363
1485	-299.90719420895556
1486	-303.86910595768404
1487	-304.5081378876154
1488	-298.9150074431449
1489	-300.19888756409824
1490	-297.57115653687714
1491	-303.8057547673665
1492	-301.21862575680797
1493	-304.88234796300577
1494	-307.10081729405516
1495	-307.23759581398207
1496	-300.2077771613925
1497	-304.2635242739942
1498	-306.35594645374454
1499	-302.07271701896974
1500	-306.650322700227
1501	-307.0914379878514
1502	-304.34685546882287
1503	-306.1922561275487
1504	-303.7585829515819
1505	-305.77511152244415
1506	-301.7165644780348
1507	-300.0871496899614
1508	-301.58564682542124
1509	-299.23906472527494
1510	-302.00238771149697
1511	-298.8009785102558
1512	-305.9795742619495
1513	-305.2038757712378
1514	-301.46708808432055
1515	-305.52794022297195
1516	-305.273894736355
1517	-305.2067732558504
1518	-305.709776231952
1519	-300.4211155468943
1520	-304.30233848615694
1521	-300.9533090682192
1522	-303.63867928461156
1523	-305.39355497625377
1524	-301.6050571930434
1525	-307.34945240551014
1526	-305.0848934299662
1527	-302.67456706301635
1528	-304.9382782989885
1529	-304.20008631538656
1530	-305.71916254927555
1531	-303.5032915654159
1532	-307.2641011607167
1533	-305.77343182714515
1534	-305.31424475833626
1535	-300.1943000240598
1536	-302.9756223162613
1537	-300.77616903426394
1538	-301.8929667167303
1539	-302.16650516662094
1540	-302.2877002202641
1541	-306.673999564091
1542	-309.15874480007756
1543	-308.1002797155995
1544	-304.49846333035396
1545	-305.42452147341226
1546	-309.1720789649984
1547	-301.04725841945884
1548	-306.98085475611424
1549	-305.7457189830873
1550	-302.45904766677694
1551	-308.55832601428335
1552	-308.5770746538221
1553	-310.99423817791427
1554	-309.9674752913164
1555	-306.8105378087937
1556	-299.1569194880753
1557	-307.7735107168027
1558	-306.72437904157715
1559	-308.2009098213406
1560	-300.5813177920718
1561	-306.5060412504229
1562	-304.4451382373632
1563	-305.0382369042977
1564	-304.96473904144636
1565	-307.37037303000517
1566	-304.7399018227994
1567	-309.65896527545544
1568	-306.69861931939874
1569	-301.6585061086629
1570	-307.7663293637545
1571	-305.4469838095069
1572	-305.1930206594555
1573	-305.7870708058607
1574	-310.5123029154992
1575	-309.84741002782573
1576	-302.7491595616627
1577	-308.98036659162256
1578	-304.7767471526241
1579	-310.47906836933737
1580	-309.8134898953157
1581	-309.3861805841992
1582	-311.01755481125394
1583	-313.4209254335424
1584	-306.7845784227784
1585	-307.082490004243
1586	-311.5507845198844
1587	-300.7979456687951
1588	-301.4461500871731
1589	-304.12672502380997
1590	-304.31207412316763
1591	-313.6676493816803
1592	-308.62534247592
1593	-306.5800291767243
1594	-311.27167389406065
1595	-298.9264039880721
1596	-303.0052703711594
1597	-308.0522835346006
1598	-305.41814883173623
1599	-303.41936514340216
1600	-308.3422387412605
1601	-304.94076645048784
1602	-304.2881216029365
1603	-302.7453865817093
1604	-300.6589048888401
1605	-309.1779593836365
1606	-304.2948927783104
1607	-305.50115851996554
1608	-309.07685427315334
1609	-302.78917741427665
1610	-302.265912162848
1611	-301.7330898773918
1612	-300.850800021995
1613	-309.6540040145402
1614	-297.98567753021894
1615	-310.8033588648694
1616	-305.5359355070078
1617	-300.95030773777273
1618	-310.4775108200102
1619	-303.458114001941
1620	-305.0054233165564
1621	-298.8016591237981
1622	-301.10574925917535
1623	-300.05710008369937
1624	-299.68140920124614
1625	-303.7775583032216
1626	-304.94999113195985
1627	-295.9715602802449
1628	-308.64666773049476
1629	-299.3374002895466
1630	-311.2675212089653
1631	-304.1425045828877
1632	-307.2238501380527
1633	-297.69036974923984
1634	-305.0893191228583
1635	-307.23427411687794
1636	-310.19581727756156
1637	-303.4648309043515
1638	-307.61532765548696
1639	-306.9556956904639
1640	-301.5801623800558
1641	-302.688210511623
1642	-311.58751478051647
1643	-296.4469
1644	-301.2297742830616
1645	-308.31279248122325
1646	-296.4786175036635
1647	-299.96202406424
1648	-302.55577623082405
1649	-303.496202696638
1650	-305.597930903211
1651	-311.7145149618637
1652	-302.9180446173965
1653	-303.66041924202005
1654	-296.80744822809544
1655	-301.780989568222
1656	-301.83401369046027
1657	-291.98564978943836
1658	-299.29638098176827
1659	-305.66912772331074
1660	-302.03607721334066
1661	-305.21328932444345
1662	-302.46827175112116
1663	-290.2826556019478
1664	-297.584400030657
1665	-297.92580020884014
1666	-296.69610416380095
1667	-306.4802785401875
1668	-301.92341623147945
1669	-301.5285089423284
1670	-303.30425055088875
1671	-305.45102856287207
1672	-306.22417746172306
1673	-307.3643214689445
1674	-302.8870495997285
1675	-304.48454640201857
1676	-310.5361027013282
1677	-303.25328087115406
1678	-308.542156360145
1679	-309.04365805647404
1680	-297.24970650103313
1681	-305.32939100223035
1682	-304.78130598264715
1683	-304.9402343999032
1684	-310.07453710022156
1685	-306.6684938805977
1686	-301.2673712423027
1687	-303.82749350260116
1688	-303.9112061396495
1689	-308.29032601270524
1690	-309.3041248063559
1691	-307.402047617813
1692	-308.079993823062
1693	-311.4016672172445
1694	-303.49793358859796
1695	-305.0284304370355
1696	-305.08135209570986
1697	-305.52792580306846
1698	-310.48237230744627
1699	-314.0678366105238
1700	-305.27414116326753
1701	-307.01043097801715
1702	-303.87746743349857
1703	-304.95775750387173
1704	-307.27963186748
1705	-309.25364805380605
1706	-304.4871869155219
1707	-308.09837159171104
1708	-301.938168341447
1709	-304.93149644797927
1710	-299.65154941156266
1711	-307.21357520358936
1712	-309.4958337557963
1713	-309.6656863723964
1714	-306.15056489084037
1715	-308.2112296146049
1716	-305.980662528923
1717	-304.28640610286055
1718	-303.50817988704955
1719	-305.2072868833229
1720	-308.744241978668
1721	-304.76592578159614
1722	-306.17385690776655
1723	-306.1693379568285
1724	-301.4281167049881
1725	-305.04679550167526
1726	-307.511809381246
1727	-311.8828639816636
1728	-307.90561976562327
1729	-311.00845059317425
1730	-311.579416327565
1731	-302.7244595057439
1732	-305.78354145923595
1733	-302.18943394629974
1734	-309.9359540740847
1735	-303.99437659420875
1736	-309.223478912528
1737	-308.3613962841985
1738	-303.99019676845563
1739	-301.64753547519496
1740	-304.71930546263144
1741	-305.32751274163803
1742	-307.675688327306
1743	-308.5140602657907
1744	-306.76583732163465
1745	-305.3873494137137
1746	-311.2957635008638
1747	-301.72533500984673
1748	-296.18856795325803
1749	-305.9173643822153
1750	-306.8101628528738
1751	-299.3789031464397
1752	-306.397702217129
1753	-300.2942012186749
1754	-309.0111044814566
1755	-306.0017346532885
1756	-305.74287273120285
1757	-310.2665397625872
1758	-302.43081546851744
1759	-308.6597306534208
1760	-308.4883593877236
1761	-307.7208616166538
1762	-305.9301268336281
1763	-306.33762939514713
1764	-312.48292633573504
1765	-309.4821452109021
1766	-308.31441690980853
1767	-309.9186903809077
1768	-299.95358449184715
1769	-300.2679230076291
1770	-299.9868326204107
1771	-303.03157517106087
1772	-305.6206535910538
1773	-301.5423510273988
1774	-310.58254779717663
1775	-305.5165356200843
1776	-308.61258464550446
1777	-304.7708812645365
1778	-305.59964979896824
1779	-309.6078153703301
1780	-307.07212780398794
1781	-313.319170423997
1782	-307.13797196404306
1783	-307.21609445231167
1784	-313.3317515191944
1785	-308.6962263416356
1786	-306.7825576079062
1787	-302.7738251864375
1788	-306.9237472729824
1789	-307.5068217446706
1790	-300.594966044674
1791	-301.03708705184624
1792	-307.7733520913422
1793	-309.95168077945436
1794	-302.8193239482618
1795	-307.9399593609966
1796	-309.77313401912653
1797	-306.91227975388597
1798	-307.2454356011593
1799	-304.9533447227132
1800	-306.5470276031034
1801	-314.63291738546417
1802	-304.5915024530604
1803	-302.5112381460905
1804	-307.72821796271
1805	-309.1084393193239
1806	-299.8424105728912
1807	-313.02513644633717
1808	-307.32895189185206
1809	-302.79872553718036
1810	-305.89121097217065
1811	-311.25355797531535
1812	-300.79494869130576
1813	-304.48983538196177
1814	-300.3785143619815
1815	-300.2082704720558
1816	-302.07477175014685
1817	-302.96774260672703
1818	-308.9214378443216
1819	-311.378261506977
1820	-304.70601087530025
1821	-308.61046641851783
1822	-311.6575689822973
1823	-303.5785810569631
1824	-305.0593368623014
1825	-297.257675905164
1826	-306.67989054373595
1827	-305.106639684501
1828	-303.99099441069444
1829	-313.3535984586312
1830	-307.59036371109903
1831	-303.161599293338
1832	-301.5519462455823
1833	-304.3217368144594
1834	-306.6833941100504
1835	-309.94401949040395
1836	-306.1962113733494
1837	-304.99169530237424
1838	-302.66051328477056
1839	-309.96792515263684
1840	-302.0120703392844
1841	-307.2431519270207
1842	-305.5879604526604
1843	-307.3211954314425
1844	-307.7590209078862
1845	-301.06315974896364
1846	-302.2258603894757
1847	-304.86234533337296
1848	-294.2698132633308
1849	-304.39123408901185
1850	-298.6713396298411
1851	-309.5759697676997
1852	-301.5563701035448
1853	-304.61027762356673
1854	-307.70353417207207
1855	-303.41114204223203
1856	-304.73555426971615
1857	-308.4724050613961
1858	-303.8552337954418
1859	-309.5752507276064
1860	-305.72873659325745
1861	-306.434709672677
1862	-298.7531538668221
1863	-297.9060655713522
1864	-306.74967048261476
1865	-301.46011659252446
1866	-304.5523390365585
1867	-297.07027902781897
1868	-299.37132087580056
1869	-304.7585353344996
1870	-302.81736165046993
1871	-307.04293429804346
1872	-308.1067888827763
1873	-304.73475923072203
1874	-303.33238833234714
1875	-299.7104074464887
1876	-302.66274034519535
1877	-308.1399625777854
1878	-310.57255658010337
1879	-303.7460214391305
1880	-303.24635579559765
1881	-309.15891619582646
1882	-305.4175636096335
1883	-300.78467270761814
1884	-307.9285777384674
1885	-308.5008726306291
1886	-302.1293885189164
1887	-310.8145093759919
1888	-301.83362332509233
1889	-305.730987812085
1890	-308.37985400296213
1891	-311.13672057079265
1892	-297.5918009128357
1893	-300.2336294493493
1894	-302.332388908798
1895	-303.4564185551621
1896	-296.412834181993
1897	-303.9033365089222
1898	-295.72163622964644
1899	-308.71007537168447
1900	-302.32537121879335
1901	-296.2669669065369
1902	-306.0890787712804
1903	-300.41895615630006
1904	-293.43405102021825
1905	-305.3007510151783
1906	-301.96204068728605
1907	-308.9788135449317
1908	-311.5652090049571
1909	-306.3305246315396
1910	-308.0345921123387
1911	-308.92576767361084
1912	-306.39354440699805
1913	-304.495369332822
1914	-307.3641473919567
1915	-302.9561080349286
1916	-305.8010053296843
1917	-307.56725319806117
1918	-306.6690516904545
1919	-306.1400231216063
1920	-311.20278256441014
1921	-309.2291837196064
1922	-307.1498600486953
1923	-307.39437038150237
1924	-307.40308782014756
1925	-313.4627766763328
1926	-307.8542813449074
1927	-305.1711314360246
1928	-310.4417115777187
1929	-302.5373788286485
1930	-308.17323654551654
1931	-309.3609476209715
1932	-302.4183210169107
1933	-310.8188742434859
1934	-311.36887398946203
1935	-309.840423327874
1936	-297.12034608282084
1937	-307.3784941350596
1938	-300.82803691865877
1939	-301.61139866219713
1940	-298.62410124408353
1941	-304.1166461665057
1942	-299.10566411422775
1943	-302.98591800759425
1944	-302.765797545466
1945	-303.1157094546717
1946	-310.6047780121118
1947	-303.81154352218704
1948	-305.32742063725897
1949	-303.4270616275471
1950	-300.2887833439276
1951	-302.74599432727723
1952	-309.2692320773284
1953	-307.9242363395657
1954	-308.03759233586277
1955	-310.9475130797344
1956	-300.91404513663423
1957	-308.02115712048084
1958	-302.72549022444554
1959	-309.7111807871062
1960	-303.2244416995233
1961	-305.3584789409301
1962	-301.24172085806964
1963	-306.22166115168193
1964	-310.48138588965486
1965	-305.15580258008896
1966	-303.0460083967343
1967	-304.21758122028126
1968	-305.86000480128865
1969	-304.96376479448116
1970	-305.29311898894105
1971	-300.17436881743174
1972	-309.76427853997023
1973	-301.1025794563387
1974	-309.19349024642503
1975	-305.8652029999969
1976	-305.0208025055511
1977	-301.1741456088026
1978	-300.8830743967817
1979	-305.1523152395532
1980	-300.5627596756947
1981	-299.39280967700154
1982	-310.452710335582
1983	-302.60128724061093
1984	-305.7373724426143
1985	-312.18734039287364
1986	-310.9536502139647
1987	-309.7076406091303
1988	-308.12246442543244
1989	-304.853357000113
1990	-299.58951895377146
1991	-306.20502239803847
1992	-305.2401777223467
1993	-307.29209155634277
1994	-305.2721649168484
1995	-299.97056075089995
1996	-311.65374235966715
1997	-305.04843611713244
1998	-302.34367999663573
1999	-312.6656359557509
2000	-309.01487750797435
2001	-305.04273582779723
2002	-311.7917085498189
2003	-308.83665211832727
2004	-303.73962432502276
2005	-304.06939546543737
2006	-311.0376543912003
2007	-307.01597060183934
2008	-307.729515926255
2009	-304.57051651738846
2010	-310.0814189132065
2011	-307.5036905323185
2012	-305.39052347647896
2013	-302.2921748029869
2014	-298.78516462891037
2015	-305.67469534469524
2016	-306.773338445448
2017	-307.0574285100364
2018	-299.6205210100378
2019	-311.9582486826199
2020	-302.1614
2021	-311.17855854237007
2022	-303.5433192656869
2023	-307.1907682712669
2024	-299.64545352069916
2025	-303.8293366171443
2026	-296.95711429345704
2027	-299.25154445957605
2028	-305.66007439966717
2029	-312.04850416805937
2030	-303.55629855974195
2031	-302.06404644576565
2032	-307.7619285460269
2033	-304.7051431400702
2034	-300.97598704239414
2035	-310.80795183414324
2036	-297.20717237543295
2037	-302.30349673557765
2038	-303.707895709466
2039	-304.51196145737055
2040	-297.68635375667077
2041	-298.6847686114261
2042	-297.37123459020586
2043	-304.1660756098669
2044	-296.31903593745477
2045	-303.03770692071834
2046	-305.0639363474698
2047	-296.9201977927004
2048	-303.78419792736594
2049	-305.8634585705823
2050	-295.45576745245603
2051	-305.44242738218594
2052	-299.8077779791329
2053	-305.58331494315166
2054	-306.34292912349247
2055	-303.95331540508374
2056	-308.29024326194894
2057	-303.65862341027514
2058	-303.45309794719424
2059	-302.4782144211433
2060	-302.6909357919691
2061	-305.97527971121406
2062	-305.1142109410786
2063	-303.9965330412499
2064	-296.18772295644175
2065	-304.29994695661844
2066	-303.1251537354016
2067	-304.36052035219984
2068	-302.907795499193
2069	-307.50876179015444
2070	-301.77314436351134
2071	-301.3495346464821
2072	-307.70676375176373
2073	-301.37144289332105
2074	-297.38329555274885
2075	-297.869484933177
2076	-299.8153897288361
2077	-301.50217538313177
2078	-302.88096347437653
2079	-298.0377208169665
2080	-299.86440000000005
2081	-304.3155824315728
2082	-298.0819614631241
2083	-300.8782896732841
2084	-299.5037287369429
2085	-300.42270900000386
2086	-307.77690447074474
2087	-304.8707395259236
2088	-309.44550168225277
2089	-309.6896473124422
2090	-302.1263904063467
2091	-302.10426817713164
2092	-304.1183045750998
2093	-300.7937286981365
2094	-306.2325990422385
2095	-304.0093022126145
2096	-306.46621941421046
2097	-302.9595651446401
2098	-304.7009094290992
2099	-300.7873803336545
2100	-306.52164208120075
2101	-300.08601666776786
2102	-299.2497105906571
2103	-304.518964303426
2104	-308.20973853749
2105	-300.6649619670354
2106	-303.2672397708359
2107	-294.30429134357485
2108	-304.07575398782353
2109	-300.9758931558478
2110	-297.8200671092847
2111	-307.31937387246455
2112	-296.56389258193076
2113	-303.29006514075127
2114	-307.33836164022705
2115	-305.9747193835891
2116	-302.14576564278207
2117	-305.79956467490524
2118	-300.76681989874174
2119	-307.1805154303671
2120	-302.8188278048789
2121	-307.0343020401301
2122	-308.99864755754726
2123	-303.52490815769994
2124	-306.1328615798919
2125	-301.5298377072178
2126	-307.51504416036806
2127	-309.91247780490863
2128	-300.00171782178694
2129	-302.3280721043229
2130	-308.5363269075039
2131	-309.5647222579388
2132	-310.072268562574
2133	-306.4328846708761
2134	-309.9801038845239
2135	-311.01228203461403
2136	-310.6180769831015
2137	-305.6575040839033
2138	-307.976260822524
2139	-304.4497034333962
2140	-307.3609052139227
2141	-300.8344687109312
2142	-305.41948848222347
2143	-305.2060790503088
2144	-305.5725608759263
2145	-305.6161650330348
2146	-312.1995038938389
2147	-303.28065513207815
2148	-306.2701331714822
2149	-309.53382087404304
2150	-308.99250241876376
2151	-308.2635969945084
2152	-299.25789040488115
2153	-302.9412504386259
2154	-308.9115661963335
2155	-304.3406373182493
2156	-305.05049584602716
2157	-302.2302805203485
2158	-297.9187246780353
2159	-305.2526742391406
2160	-299.2606311681274
2161	-299.3823063559003
2162	-300.22951619727814
2163	-303.96502636708976
2164	-294.0303
2165	-296.16035435534326
2166	-299.54204053138693
2167	-303.3916164133839
2168	-306.2012005394678
2169	-305.432503935646
2170	-302.6519312198942
2171	-303.78389237176054
2172	-303.76216438384967
2173	-299.87320000000005
2174	-293.44169999999997
2175	-305.2224785478546
2176	-300.10720000000003
2177	-302.1374934529647
2178	-299.84812436664504
2179	-306.07856741934864
2180	-304.7060726125643
2181	-300.6981888259709
2182	-303.31956905591153
2183	-299.8195665592809
2184	-302.29465955215045
2185	-302.7829650741862
2186	-303.81579999999997
2187	-302.33766548261457
2188	-303.7229299277117
2189	-304.15667963374153
2190	-304.9900852758188
2191	-307.50638534297985
2192	-303.4420761503826
2193	-308.6283202993423
2194	-303.79811241812985
2195	-306.00456486375526
2196	-307.2672306489089
2197	-303.6760151782442
2198	-305.69126696267733
2199	-305.26030956287
2200	-304.17499917871396
2201	-301.3578018136438
2202	-307.2966892531928
2203	-308.31724353287905
2204	-302.2998007027868
2205	-301.08037668996934
2206	-306.3376859733345
2207	-303.4746197145282
2208	-309.70180647824895
2209	-304.2781185611307
2210	-311.6080470110154
2211	-310.68248942088263
2212	-307.1644
2213	-301.9356908894777
2214	-303.6630469286141
2215	-303.48345599091465
2216	-307.828095311404
2217	-307.55021618708804
2218	-306.55893445157665
2219	-303.11839745732533
2220	-309.954553365111
2221	-309.7376747119524
2222	-305.83175013710513
2223	-301.53767606797317
2224	-307.2231230774941
2225	-292.1772447275356
2226	-300.7272108885848
2227	-304.4083776825833
2228	-303.59487854722914
2229	-301.74288688228546
2230	-303.8256055545424
2231	-301.48235193024163
2232	-302.0485285629603
2233	-307.14740837428377
2234	-301.1567890137174
2235	-305.4708808317745
2236	-303.2863487121928
2237	-304.60848543300017
2238	-305.8159856081899
2239	-303.61048976060135
2240	-307.1353465016759
2241	-298.9788745763929
2242	-308.8152381272954
2243	-304.59066829189663
2244	-303.00655946174675
2245	-308.89538723235273
2246	-303.93804128550323
2247	-302.6606413726055
2248	-302.336868051037
2249	-300.1656631085299
2250	-306.39165853838404
2251	-301.8958153168584
2252	-296.07376799957956
2253	-308.6950058537623
2254	-302.9611181181998
2255	-305.21818985037595
2256	-304.4415719075428
2257	-308.47337803690175
2258	-301.39895628317856
2259	-306.5835778102501
2260	-300.0870391973213
2261	-303.7406020314418
2262	-306.9882615861179
2263	-304.3401005529766
2264	-305.46323926404864
2265	-301.1829221490555
2266	-305.41635339785546
2267	-305.94265746874083
2268	-305.03404419664577
2269	-303.84335388655813
2270	-303.6989404963658
2271	-307.7199108155289
2272	-307.1178505192879
2273	-306.51338344022747
2274	-309.58109213460955
2275	-308.6249781789314
2276	-305.2708305193053
2277	-313.77837227054596
2278	-306.43476575507606
2279	-313.61599785164293
2280	-306.19012101327456
2281	-309.2059706179592
2282	-311.18318730848677
2283	-304.9600733125532
2284	-306.56703091412743
2285	-311.9611912920916
2286	-303.2176892495314
2287	-301.50088729449436
2288	-307.6039566768794
2289	-308.73111682972205
2290	-300.41141843179946
2291	-307.45994039713037
2292	-307.80079863858657
2293	-306.5322207110714
2294	-311.1719056235024
2295	-308.9836976683301
2296	-305.534586879309
2297	-305.46108285095556
2298	-300.689471484695
2299	-298.1795498646283
2300	-305.01820494663406
2301	-298.93739776452986
2302	-302.7078668043474
2303	-303.05318938891816
2304	-302.6082699497903
2305	-304.37005647329875
2306	-306.7065625133635
2307	-306.2403524139619
2308	-305.95675910337474
2309	-304.37154197634135
2310	-304.73306802131077
2311	-305.7737087837497
2312	-301.6431512076273
2313	-307.59842915385906
2314	-302.97168667032867
2315	-304.70579179356366
2316	-302.3432725563614
2317	-297.00576622857494
2318	-314.588823634981
2319	-308.52898395128165
2320	-303.851604993045
2321	-304.6472215392688
2322	-308.8480229392967
2323	-303.0715246839801
2324	-300.40791269064187
2325	-300.4653301329056
2326	-297.5458193951515
2327	-300.1444506306586
2328	-296.4104488391362
2329	-300.53638747652326
2330	-299.21521810004896
2331	-302.049750429385
2332	-301.6697378642637
2333	-306.6087932978334
2334	-299.54643689446317
2335	-298.9009943043241
2336	-301.4133296913643
2337	-303.8528052027441
2338	-304.40366702060527
2339	-303.5927185618799
2340	-300.57207019180186
2341	-304.9923152342845
2342	-304.36358681787124
2343	-302.347826651183
2344	-303.83634050488945
2345	-303.4009754611868
2346	-298.7015946787987
2347	-303.8181429688125
2348	-302.47950637825215
2349	-307.00082861397095
2350	-307.0490811765134
2351	-300.427782560941
2352	-298.7250623926186
2353	-305.8480413686891
2354	-307.90819026107044
2355	-310.454459099706
2356	-305.3934478195015
2357	-309.0469102382804
2358	-306.5212986254682
2359	-307.11687336558657
2360	-305.9536347579554
2361	-300.3603457096824
2362	-306.8704742058678
2363	-305.328115912741
2364	-308.59921089056627
2365	-301.54306021600297
2366	-304.65605412970507
2367	-304.27505187893
2368	-296.0677860911377
2369	-297.0753084282795
2370	-305.1087667869281
2371	-303.5040110874491
2372	-301.42155748861336
2373	-299.9441892956862
2374	-302.5174754993542
2375	-307.320369829173
2376	-306.15136317889994
2377	-306.96080165245735
2378	-303.79617190265185
2379	-305.2609022501711
2380	-295.51742928949517
2381	-308.5527027424755
2382	-303.22740458025515
2383	-309.0021280818697
2384	-297.7903149603415
2385	-308.6538577002776
2386	-301.58761238240345
2387	-304.4564398095183
2388	-305.1332389963267
2389	-301.81732025257764
2390	-298.95392447611147
2391	-302.78760317783446
2392	-304.12160901908493
2393	-303.87509940462104
2394	-306.1157767056787
2395	-304.485056584332
2396	-304.65142833487863
2397	-311.762770100335
2398	-299.61855345893963
2399	-303.0261371927578
2400	-306.2025480138738
2401	-304.5168
2402	-305.05005616205693
2403	-313.0481272128545
2404	-306.0614201371343
2405	-308.1279438661025
2406	-296.1760646782932
2407	-306.0985172100288
2408	-309.79728029750765
2409	-301.0494931782816
2410	-306.4242558282892
2411	-302.08121575632276
2412	-303.4963294238728
2413	-303.73382367224104
2414	-310.3801307230312
2415	-309.2152036365792
2416	-304.9256649464397
2417	-309.19444463357905
2418	-302.55877048185096
2419	-300.953079687304
2420	-309.7902086982885
2421	-303.53660069313037
2422	-300.37493323175494
2423	-304.1838426254163
2424	-301.54720557152604
2425	-299.8821185851024
2426	-306.8759691365316
2427	-308.5140992577244
2428	-299.9200837356756
2429	-295.6797042537631
2430	-304.9617103891346
2431	-307.50966299744334
2432	-302.8261240142814
2433	-306.05994963994766
2434	-305.23962930790105
2435	-300.1698153601216
2436	-307.37282088728676
2437	-312.07205627297685
2438	-316.5162314557259
2439	-307.7980490615414
2440	-301.39834158994125
2441	-302.48396748584156
2442	-306.96922844273183
2443	-305.7279987851992
2444	-301.8146808273199
2445	-300.8617103504125
2446	-307.81991253873207
2447	-300.8366589955025
2448	-308.8109327727154
2449	-306.4294762153417
2450	-307.85160453722244
2451	-306.91848655901975
2452	-306.3406077731443
2453	-305.08738985614696
2454	-309.85893411331386
2455	-306.4558759297038
2456	-308.16527607469243
2457	-310.539271068316
2458	-309.1642267497629
2459	-304.8399277971931
2460	-301.9193759694707
2461	-311.73069508314205
2462	-302.8814999604689
2463	-298.2009084781536
2464	-307.4735094566681
2465	-304.6041841862687
2466	-312.1944101709386
2467	-312.084294663585
2468	-303.67622534388835
2469	-304.75997648763
2470	-309.11076500183793
2471	-306.04029477023397
2472	-309.2959166265444
2473	-306.7607433431257
2474	-309.85180200898134
2475	-307.34410576244284
2476	-310.21837971314335
2477	-306.17050539405426
2478	-308.53275305335296
2479	-298.4205478812661
2480	-306.3379681408627
2481	-298.58475397589115
2482	-309.052015243577
2483	-307.9694442904586
2484	-306.3332020068701
2485	-303.0599829595272
2486	-310.59004823891405
2487	-300.4641712604898
2488	-307.3181050575897
2489	-299.9515163568871
2490	-307.4997767555433
2491	-302.09921998904514
2492	-306.962903757497
2493	-299.5975212651369
2494	-304.0003309966157
2495	-309.0518399352671
2496	-309.40239146139277
2497	-311.2596901148161
2498	-309.42027563171854
2499	-305.8319805325861
2500	-303.73763812165333
