1	-299.867910651926
2	-305.08103688983283
3	-295.3284110383648
4	-303.843589381794
5	-299.04314564071774
6	-306.27980768938124
7	-301.21681778329383
8	-302.7001427025804
9	-299.40813343809
10	-310.29106648559656
11	-302.38711675802267
12	-306.67947241244406
13	-304.07942086084046
14	-299.0718000000104
15	-309.3018837286747
16	-302.5736654051351
17	-305.0344748391135
18	-302.7996971518808
19	-305.03418392022354
20	-302.35837307679816
21	-294.85521399803537
22	-305.1652001055158
23	-301.20692865187954
24	-301.52353161041594
25	-305.2972387313047
26	-298.29379886893764
27	-303.0470024256961
28	-301.4508874037443
29	-304.67298054076394
30	-306.0980014838042
31	-309.1668299213263
32	-296.59137786888175
33	-304.94137190728486
34	-306.4532427794851
35	-309.01906223104334
36	-300.1205358785081
37	-300.6680000001213
38	-303.94399367513785
39	-307.11529695472234
40	-304.5309614734505
41	-313.250004748011
42	-299.2703937940296
43	-309.18645293587633
44	-301.97525693394243
45	-302.36574901042525
46	-305.2931238427347
47	-304.93941903324725
48	-303.5005
49	-298.45573515230836
50	-306.8686949156959
51	-307.0809640149037
52	-302.96171403791016
53	-306.2620711228943
54	-304.5092562508987
55	-303.5929822886921
56	-303.9270312029933
57	-306.9364976443778
58	-301.56258064523496
59	-302.4634858398786
60	-301.15186320494695
61	-301.55566036773575
62	-303.9059800392066
63	-302.679666495137
64	-297.23319632585435
65	-305.27119952755146
66	-303.88752293756806
67	-302.6632006114039
68	-304.95116487687056
69	-306.3063218574854
70	-309.3748390513066
71	-307.93616161999523
72	-304.4214908436957
73	-305.30087487904115
74	-303.40099912907425
75	-302.8831267165897
76	-301.42094701579043
77	-300.49782724426274
78	-305.4675062350396
79	-305.30694022026273
80	-308.8782335434449
81	-303.9946861634068
82	-298.23325810799537
83	-306.81740608645464
84	-307.7631375123264
85	-303.50388131661543
86	-302.71012457119787
87	-307.1622536159357
88	-303.05801945833934
89	-298.88818356896206
90	-292.40538499000405
91	-300.1354029945398
92	-303.3107926017195
93	-302.8299211461513
94	-308.386946638218
95	-297.52870822161043
96	-299.76533183344736
97	-299.18874120394725
98	-307.15355534127997
99	-300.5398206344098
100	-299.96184954694456
101	-303.50954370534276
102	-301.8268028842116
103	-306.3719072370062
104	-306.4634991201133
105	-298.8959864289286
106	-305.30187804512457
107	-308.6911293544393
108	-310.3809913431983
109	-303.4389740229981
110	-301.90166314551476
111	-310.27271634390024
112	-309.5845436229539
113	-307.34148771086967
114	-308.2573797872609
115	-304.07956448607314
116	-303.9078341056557
117	-307.93416209300193
118	-304.98460055994343
119	-299.7872796251942
120	-299.70534938965034
121	-293.5069736166885
122	-312.81568076513514
123	-309.8825471251189
124	-304.7967270815306
125	-300.6554367791275
126	-302.1882134905021
127	-302.8031765919193
128	-296.82017581239376
129	-306.5226453752751
130	-304.0924989432839
131	-304.2671334123703
132	-311.09984653279986
133	-303.6690272130059
134	-303.00425350949735
135	-302.0387960561455
136	-297.98659963542605
137	-300.8502046231347
138	-306.1456916331309
139	-306.5684824042446
140	-307.3860197602967
141	-299.6934054383665
142	-304.8153714931313
143	-304.01211646982875
144	-302.18414205014415
145	-303.12455412451476
146	-304.5787896070136
147	-298.2949535193384
148	-303.34597476780476
149	-304.74348166126384
150	-307.5959045977387
151	-307.3282555769695
152	-298.60870829077203
153	-301.5794
154	-306.42850134837437
155	-301.48783976471697
156	-305.9072231463123
157	-308.02634886234495
158	-303.82566653668454
159	-306.6967911392199
160	-305.8226898456467
161	-299.0884190387356
162	-305.0641104527052
163	-303.01295027303007
164	-309.207399935975
165	-310.5870544706255
166	-308.6532034169458
167	-308.94229576907173
168	-307.6900338463808
169	-302.6294286332424
170	-306.36860076845824
171	-305.7472897650035
172	-307.56754127791925
173	-308.04707597225797
174	-306.85853392685283
175	-307.0645989475666
176	-306.1152850323591
177	-304.51777593875727
178	-305.4949511566216
179	-294.0770403253017
180	-305.1905959158658
181	-303.2787984977814
182	-307.7134885536114
183	-302.4951634554855
184	-302.579239346631
185	-301.2014695939813
186	-301.71799587557376
187	-304.0564956487114
188	-306.34562417371836
189	-305.62900619750627
190	-303.64787285671815
191	-312.1185755123707
192	-305.652595903344
193	-299.49598499198436
194	-299.8917146984583
195	-300.5811334724752
196	-300.192359435808
197	-305.8441244198518
198	-302.2303301662962
199	-300.72676968637296
200	-304.63653074290556
201	-303.8238249736631
202	-309.9652215253674
203	-304.57514194878866
204	-302.74067514020516
205	-303.38361565637837
206	-305.50706939031346
207	-297.26131703867924
208	-301.28166883812446
209	-307.3662449945776
210	-305.8064616062722
211	-300.4804735777235
212	-306.3749969855345
213	-300.19447372489526
214	-306.89815865989107
215	-299.0439270420209
216	-302.7279890415117
217	-305.31637597960724
218	-304.822258558967
219	-304.11314231633384
220	-311.46525517464516
221	-309.41649392646383
222	-307.6699392609404
223	-306.2807483722489
224	-307.01301888410194
225	-302.43540008353926
226	-314.25295140716236
227	-305.18167598702485
228	-305.4985567464471
229	-304.646100006885
230	-296.18484628709285
231	-300.067760341795
232	-307.3514220478193
233	-311.5870627973594
234	-302.55897667997806
235	-304.1713749232783
236	-303.33611415849646
237	-303.2468914629014
238	-303.8965060749341
239	-302.5569528843353
240	-305.5302457711971
241	-308.86511196774654
242	-309.7580623357288
243	-303.3693880149372
244	-305.21975112164074
245	-300.04704455204524
246	-304.1309396684525
247	-307.1414178402927
248	-299.74261468362636
249	-306.18557388709377
250	-308.45462460844595
251	-300.7458706099068
252	-297.9868960756493
253	-303.11868706244337
254	-302.64670498958094
255	-306.89985830972427
256	-306.2351000071655
257	-306.5807259897589
258	-309.88549731282836
259	-305.32975199263876
260	-303.8560922887204
261	-301.076491211509
262	-298.75151036797695
263	-301.02119433613075
264	-301.7673792605095
265	-297.78790005244866
266	-298.05323719870603
267	-300.25747172017014
268	-304.2445452867903
269	-303.06704097878173
270	-298.6220738109083
271	-303.50066873688314
272	-306.85244220952836
273	-308.45006672928514
274	-313.238097561279
275	-304.89744461707426
276	-301.97356018488773
277	-308.81526079763347
278	-302.57132164472534
279	-312.66840046789736
280	-300.78448784557384
281	-307.767700086369
282	-307.65800049814027
283	-306.07990822971095
284	-301.8523646474171
285	-297.33351688252185
286	-306.94124779037685
287	-300.80780560916213
288	-302.6320588350043
289	-300.658196133806
290	-305.0151990285337
291	-304.31313901133774
292	-300.0293720016314
293	-307.837283893236
294	-303.477742074946
295	-297.67283166972163
296	-301.0227525235226
297	-303.681328647725
298	-307.14235968259004
299	-311.04544722103816
300	-309.6845667662183
301	-311.64542117825846
302	-303.68568976248406
303	-303.1947147020578
304	-307.26821963274506
305	-305.46964285941397
306	-305.9580952011835
307	-309.5213741632343
308	-305.3259036584232
309	-306.2162869846869
310	-306.7265978138078
311	-308.96013524775526
312	-309.0378800189564
313	-304.54461906884654
314	-301.89736405523394
315	-311.11851391914445
316	-303.5726309125594
317	-303.93381201880226
318	-302.63000308786263
319	-308.94944695532155
320	-309.29021896021356
321	-308.2020046622034
322	-309.0981535500751
323	-310.7170876716565
324	-310.43353916731644
325	-308.10690840922445
326	-307.53324397915867
327	-309.4444167553123
328	-309.88083651411057
329	-305.0474533166179
330	-305.1386572229024
331	-305.0142270172696
332	-301.3593630191071
333	-310.9383293451008
334	-300.6923282890021
335	-306.3950857156629
336	-306.82147634030804
337	-306.1920179367594
338	-308.0256906464234
339	-304.15985205624156
340	-303.0862025785291
341	-303.04839465646074
342	-305.98265604193836
343	-298.2816829649959
344	-307.39651012909223
345	-308.99688981889875
346	-304.5733295395853
347	-305.25132198572703
348	-306.73918759906616
349	-306.9571047237868
350	-310.0283824157401
351	-306.073195753806
352	-307.4625139853281
353	-308.1871734345969
354	-301.90471731702036
355	-306.33643124114917
356	-306.09389477723806
357	-307.1215946127845
358	-303.56991468892943
359	-302.8066847590385
360	-304.02201854535537
361	-310.67429687061946
362	-302.3177067275711
363	-306.81355360517466
364	-307.34245566472816
365	-302.2022809504881
366	-312.40136734242884
367	-301.11710977251136
368	-302.52889271577516
369	-306.8628678010487
370	-306.6546227074633
371	-310.29314651111713
372	-304.07176819425183
373	-309.0823702747293
374	-303.7647601891299
375	-303.5235362482842
376	-305.3839212236697
377	-307.2333970411748
378	-303.644999047126
379	-308.10085466508684
380	-298.65944221051507
381	-303.13562101011223
382	-309.5327249603558
383	-308.5985574544722
384	-307.9270378209386
385	-308.4484111789343
386	-304.2530895294401
387	-303.8161075732579
388	-315.2353133065733
389	-298.29776203923194
390	-309.51825664423313
391	-311.5746652430417
392	-304.4176135193717
393	-308.75083118406576
394	-305.196004595763
395	-312.88129999632184
396	-308.8815761075145
397	-314.3602267359393
398	-306.4590839497222
399	-308.10321459009174
400	-307.8935645922804
401	-307.00875692675316
402	-307.40091961330944
403	-304.86114144202605
404	-305.77668193437074
405	-308.963014719541
406	-295.3037103825348
407	-303.4893970601987
408	-309.57822118452714
409	-303.2929587841005
410	-302.5010505336893
411	-297.49543495153375
412	-302.3326799563724
413	-308.13720291370527
414	-304.2523828614315
415	-304.78541911088155
416	-302.02180885338873
417	-306.90148745097184
418	-300.2770573063591
419	-308.37995904820303
420	-306.2210956084471
421	-303.0187170386485
422	-307.2049925519606
423	-308.03735259442584
424	-304.18492301396014
425	-308.528741531235
426	-308.2400928342134
427	-305.86474583944397
428	-303.49782043682677
429	-306.24605133837144
430	-306.5176506611198
431	-303.5683866801866
432	-303.05159616032364
433	-299.6296
434	-307.967928624084
435	-307.53693598676296
436	-308.10168036355446
437	-303.1714078748172
438	-313.19990000018714
439	-300.10235253359235
440	-299.5527596916846
441	-307.97480431517965
442	-300.08271188191674
443	-307.96397121210003
444	-305.29915722867264
445	-304.9047804030408
446	-302.17001291099007
447	-304.73383647717316
448	-302.77824912884955
449	-307.7073869858854
450	-301.5337943230444
451	-302.19884520527813
452	-309.21299716326234
453	-302.1037000000856
454	-307.1196061210446
455	-307.40561221375737
456	-305.52354863444
457	-304.3356000847437
458	-311.29871616509456
459	-304.99315225550566
460	-302.8644386336965
461	-309.99072345531175
462	-312.6003000548856
463	-307.31005359424773
464	-308.0395980711988
465	-301.92912731174187
466	-304.8643145283433
467	-307.22008069759573
468	-302.5052426631288
469	-307.8340742116122
470	-298.9357794728126
471	-309.23815919753423
472	-309.527586189792
473	-302.99493713202327
474	-307.32121445589195
475	-310.17370707195454
476	-303.9928322902022
477	-299.6728703777792
478	-305.5147003622866
479	-306.5876551429938
480	-306.0238916315373
481	-305.05174438364
482	-301.77153844865506
483	-301.8787411310969
484	-305.68751629771015
485	-303.30691715132804
486	-303.10388192410704
487	-307.7809193547307
488	-312.07168117721807
489	-302.85174568731856
490	-299.30766632105986
491	-306.4165431515049
492	-303.3838218724013
493	-301.21334289714065
494	-302.24500326829303
495	-306.2639128308842
496	-304.0921898853399
497	-305.32903894985475
498	-299.55716839054406
499	-306.8984845734383
500	-302.79416643644515
501	-302.14545216590165
502	-306.7919907916788
503	-306.2250787419927
504	-306.58878657553635
505	-301.9634342412636
506	-301.48417451033896
507	-293.93710657313056
508	-307.2282097928605
509	-302.9039687160856
510	-309.37484984502686
511	-306.4923351018769
512	-297.2454655978478
513	-308.7392922824208
514	-302.5642907678188
515	-305.2492064408032
516	-300.57497551220456
517	-304.6688776617623
518	-307.9099760416626
519	-304.7561138392859
520	-301.09273205890685
521	-307.7990613223541
522	-305.05132763473665
523	-305.4269827908964
524	-305.78171094616954
525	-310.75367477331935
526	-309.14693902839065
527	-310.64641682786896
528	-307.05811513369474
529	-302.4986495270879
530	-303.6177335082638
531	-306.0361132682775
532	-302.6817814392608
533	-303.28826805370005
534	-302.443914256794
535	-304.70928816829706
536	-307.74529299103835
537	-308.59376829409706
538	-305.62813203137483
539	-307.65240480799906
540	-306.37480732346637
541	-310.7433745246777
542	-306.3125615356035
543	-303.2517843273375
544	-299.6777632819854
545	-306.59776214110076
546	-303.81014986481546
547	-314.3754857113539
548	-306.4512586518148
549	-303.15080249745574
550	-302.1687993474642
551	-302.3101693305864
552	-301.53268312061846
553	-300.0780883758228
554	-302.8554504252974
555	-305.6194499554097
556	-312.97397099349837
557	-302.9143720792796
558	-303.58577132115084
559	-315.4201388004007
560	-306.6223796545884
561	-308.1888763747273
562	-314.6781571786084
563	-311.2599374575356
564	-309.8715316037793
565	-305.6890514709456
566	-305.93433166161293
567	-301.76624233469863
568	-305.19236037887066
569	-297.3978065098111
570	-300.30343953853657
571	-299.2799981110805
572	-313.6261975952835
573	-307.79208455318724
574	-309.0339327038646
575	-304.375042353559
576	-306.5593921502561
577	-307.70102910462583
578	-308.2145872329409
579	-314.2679099451939
580	-307.9226268869245
581	-304.5759972548895
582	-311.84117204978804
583	-307.3054080546546
584	-312.5901575840447
585	-310.9155230234149
586	-303.225459519143
587	-307.3743142064632
588	-308.46811751363043
589	-304.9166286432925
590	-303.3767341467645
591	-296.46654561475447
592	-305.5895481665517
593	-307.76554897276054
594	-297.0798000005071
595	-309.4623566001238
596	-302.1471344941115
597	-303.4282214366334
598	-301.1606692063338
599	-303.4313216161512
600	-303.9815082980002
601	-308.67087152966025
602	-308.1225489520999
603	-308.28542658127037
604	-300.23527967126046
605	-310.6586638878623
606	-300.4482012714131
607	-308.1345986678394
608	-309.8398660535463
609	-304.3939068755667
610	-306.5153851328267
611	-301.7216175140421
612	-306.21882609415576
613	-308.78330471703157
614	-309.2073320807377
615	-302.7245054694577
616	-308.8107660077626
617	-297.1957430066579
618	-303.7888198959462
619	-308.9426224864892
620	-306.1938327763976
621	-306.6363845127897
622	-298.09018154528184
623	-307.0193608890362
624	-308.69220517617197
625	-299.6458940858428
626	-301.81873676794004
627	-299.91597309498087
628	-313.24963658731906
629	-301.90842589518843
630	-298.63975892936793
631	-305.90050830185544
632	-306.95314937400485
633	-303.34307988932454
634	-307.358086217528
635	-306.8190731413811
636	-301.15336988985194
637	-300.945791171171
638	-312.3817594947585
639	-300.56155695931596
640	-314.32379463787316
641	-303.05248536295574
642	-305.82059439922926
643	-305.43865855795246
644	-309.7620383930901
645	-306.65365520019446
646	-304.0878012016712
647	-312.270380643052
648	-307.9318355295994
649	-311.65571113674224
650	-311.49384757119094
651	-317.0226974384492
652	-300.4134534497023
653	-308.0829151713011
654	-311.7288423310989
655	-310.6094849421979
656	-313.6100724680031
657	-309.6333491133426
658	-306.8580205309776
659	-302.3343904180918
660	-310.1133211038735
661	-305.7123239678954
662	-310.30379776450104
663	-303.6339468119792
664	-297.99822447143805
665	-302.3342518171745
666	-298.653157314342
667	-302.28459685221304
668	-306.7465659000085
669	-304.8849435029177
670	-313.4708602620941
671	-305.7697158922592
672	-302.697128453609
673	-310.60017595383107
674	-301.66572975145453
675	-304.29366305754047
676	-303.3358259370921
677	-306.3322335848872
678	-298.1914003034755
679	-305.5873160846099
680	-306.4423307687807
681	-308.1663075151203
682	-305.6835540542037
683	-303.3432327491574
684	-304.15252688786234
685	-304.51410453601727
686	-313.3643233770025
687	-303.72440815228555
688	-304.558900681048
689	-310.6540764963762
690	-302.62113714335294
691	-302.87392907844367
692	-306.44467368428315
693	-316.1219718341719
694	-309.7174092946431
695	-300.66144324409936
696	-299.54377569586705
697	-297.29391079990637
698	-304.54301419674755
699	-302.5288214665367
700	-303.0104410913558
701	-306.91226862402567
702	-306.7105402873826
703	-308.3865151882486
704	-306.1439165330141
705	-309.1529837088313
706	-303.4533620644579
707	-306.4230238940925
708	-306.9458013223513
709	-312.0280204494294
710	-305.0520945217535
711	-309.2843965052129
712	-307.9505006384534
713	-305.04581050027264
714	-306.53527932880723
715	-304.2260484829638
716	-302.84230031033195
717	-309.91566530397415
718	-300.33240985194703
719	-309.3839963736118
720	-308.8630518328083
721	-306.0736006006352
722	-313.0101810436007
723	-307.3145762438546
724	-306.18400189458305
725	-309.34159736814917
726	-313.74290438144357
727	-309.64642810604624
728	-309.29835066742675
729	-306.56176890211816
730	-305.0677941126409
731	-303.0204234000203
732	-308.64958157578064
733	-308.1760222777776
734	-309.91766517924844
735	-308.27034413267415
736	-310.8073794925424
737	-310.30364919763105
738	-311.58533681311707
739	-294.10999868138106
740	-311.11053279376387
741	-297.8524396363607
742	-300.64145294313454
743	-304.9986799761711
744	-303.8273888170126
745	-296.5601378934943
746	-300.1335291689819
747	-300.6926570481798
748	-311.0916832780631
749	-311.7156285785965
750	-304.83159222612096
751	-308.87269692633726
752	-307.8145747494396
753	-306.048138457017
754	-309.2304327458841
755	-314.524784797825
756	-312.96564605881855
757	-305.0710918162302
758	-301.8225019802274
759	-296.89410954932816
760	-311.68909528878817
761	-307.0630925386888
762	-306.97195963853255
763	-302.7704962618311
764	-297.9707895494589
765	-301.48653399764885
766	-306.0996863336761
767	-307.80295893579233
768	-307.13031697727376
769	-308.64609927131795
770	-306.31701052707416
771	-306.88150115540043
772	-306.38730098711403
773	-307.52308593645233
774	-304.483898364042
775	-298.8318140616028
776	-303.8707868781485
777	-306.1525663089182
778	-310.4551488705634
779	-300.7346684057224
780	-302.4836105697681
781	-310.04738021727184
782	-303.21577600925684
783	-303.3157777680001
784	-306.300937104652
785	-301.6238504070981
786	-300.7717590300386
787	-305.27980433392287
788	-311.2455925679995
789	-300.3952001919736
790	-305.7241106693458
791	-298.6800597407825
792	-304.5857508230743
793	-306.0280780421026
794	-310.4516958246416
795	-304.91973807045633
796	-305.2287945669376
797	-304.1716983993235
798	-305.6205888702177
799	-302.1418329701398
800	-309.33488177830014
801	-307.34274865977386
802	-304.9315323117982
803	-308.1658849599157
804	-308.8664937721745
805	-305.357682302396
806	-309.7494636563397
807	-306.77598520588
808	-308.90405822676377
809	-301.04218057160557
810	-308.33543807819575
811	-307.1408403762384
812	-305.4779537512895
813	-305.8023459889136
814	-307.1712095738807
815	-299.980698738883
816	-301.4334787656871
817	-303.76858717763713
818	-301.171975455533
819	-299.33759195640897
820	-310.0370042957594
821	-300.2262601304262
822	-306.0713104914215
823	-306.73068407217556
824	-303.8956300629175
825	-307.3998732625341
826	-303.7548880788186
827	-305.4215474432055
828	-312.93902953331934
829	-312.15771248534725
830	-306.5482069575306
831	-299.95934263009497
832	-307.87779963732044
833	-305.2612475967114
834	-301.8661471869699
835	-300.5724572323958
836	-310.4851497117515
837	-303.3522119372224
838	-315.11491692724235
839	-310.5074371205123
840	-305.5709673445274
841	-307.67907127262555
842	-306.18397515476374
843	-307.8528889405107
844	-313.0934650232865
845	-309.1904536500359
846	-312.2908163315469
847	-305.55453086524795
848	-306.33461173542264
849	-317.0793093236185
850	-309.9735803828408
851	-310.439976583964
852	-306.924603318774
853	-301.7399866289254
854	-308.41565238409333
855	-312.4014182483034
856	-311.5382119901412
857	-306.24967335221396
858	-305.0852403937575
859	-302.86715773722113
860	-302.27382581812975
861	-302.82799228226446
862	-308.12516667232853
863	-302.36995380048575
864	-306.373360994004
865	-307.08787197613174
866	-301.70034843541333
867	-306.44204103563544
868	-308.1954767983121
869	-303.84869899788947
870	-303.9579413400067
871	-302.76908660693607
872	-308.33989470250015
873	-301.41222053886014
874	-303.537300900198
875	-297.6233229026112
876	-310.01949555423664
877	-306.0693392130198
878	-307.82263395829676
879	-311.04124113381965
880	-312.532419719642
881	-312.4087665013861
882	-302.8083993400121
883	-309.1071727538779
884	-305.64267866633116
885	-304.9484852195481
886	-304.206781831429
887	-304.595497025528
888	-313.8026742453665
889	-297.9038509215474
890	-297.1937503681033
891	-304.86603740976466
892	-305.6104705193595
893	-302.97861988536283
894	-301.8932581174223
895	-300.78174513958277
896	-310.26192247000347
897	-303.8907655937376
898	-298.9411291291716
899	-304.3595198035217
900	-306.2246688903004
901	-301.85020135832343
902	-298.7591209450683
903	-305.94449352743146
904	-310.4986904382485
905	-303.26634951106087
906	-305.94267413110987
907	-308.28315332564125
908	-301.2324613893109
909	-302.54691575787956
910	-298.8752097196928
911	-308.4665138533196
912	-305.9659048456354
913	-304.8926954248695
914	-308.03867550210333
915	-305.58158259040096
916	-304.1863626354017
917	-305.56611604613084
918	-309.29063972742756
919	-307.96868924518384
920	-310.5484457032261
921	-302.98969468295434
922	-308.9437537832777
923	-299.9236934925319
924	-306.18526073174047
925	-312.34863502451475
926	-297.68410699516136
927	-307.22005072389123
928	-302.07497505236944
929	-300.4085
930	-302.9228622990721
931	-304.9858211687822
932	-310.68982738802276
933	-304.7875245456893
934	-300.4988365897741
935	-304.28729552270687
936	-304.3460744085857
937	-307.8201374969548
938	-298.87551220338867
939	-307.4506410506682
940	-308.74695326117205
941	-307.9061153550607
942	-302.9015026979136
943	-307.6898675031769
944	-307.66372199608725
945	-309.31294784882033
946	-298.271918813306
947	-308.061880410766
948	-290.28713424424166
949	-309.2726992685524
950	-307.8241526437346
951	-308.7207380238982
952	-310.84679481680047
953	-308.20255888997906
954	-302.7862321046275
955	-305.1576758081967
956	-304.5057610252896
957	-310.8465718044366
958	-305.41567292343933
959	-296.91732892500727
960	-310.2518955296319
961	-312.1686180713022
962	-305.178160533033
963	-305.0198403909066
964	-302.5471578408584
965	-298.5211736089989
966	-301.99223703948434
967	-302.4995459002891
968	-302.04720823774153
969	-306.3567941352648
970	-303.74129626620163
971	-305.8906599275831
972	-301.06395495504404
973	-300.5008911594403
974	-307.2568704258912
975	-305.3704337831709
976	-309.46564305501556
977	-302.79308161419465
978	-299.87761514413376
979	-302.36530330983277
980	-299.61235754267085
981	-306.6390001236885
982	-301.41971671970447
983	-303.24065993143233
984	-301.074069625936
985	-303.3243201329122
986	-299.00370000000004
987	-301.55176181112
988	-300.07358979634296
989	-302.06883793177417
990	-302.72020000000003
991	-298.5922667702296
992	-309.5916276219822
993	-307.22069960383885
994	-306.70882001480896
995	-302.3740633429887
996	-308.22367627218284
997	-301.5055527918835
998	-308.4383823150206
999	-299.81330299813027
1000	-309.20516604222297
1001	-310.7216621759993
1002	-307.8400088865017
1003	-307.32550365214655
1004	-301.5700985156656
1005	-304.3790087999632
1006	-304.7495347223191
1007	-299.92703883413327
1008	-308.98196168414495
1009	-299.050033150054
1010	-303.68541297517345
1011	-306.3244818720032
1012	-295.1371
1013	-306.24335046974164
1014	-303.2469301125362
1015	-306.6488997927782
1016	-305.5219724271392
1017	-302.427673644874
1018	-296.4556652153609
1019	-303.1796012242696
1020	-300.773806807951
1021	-305.4759589784262
1022	-304.0303986875996
1023	-308.69457323702665
1024	-302.80632272893115
1025	-311.29619161858733
1026	-307.06249102150394
1027	-305.4744040546381
1028	-307.24280245708354
1029	-305.776802612841
1030	-304.5976921754517
1031	-304.0007765677874
1032	-303.70048676097747
1033	-312.10934838498684
1034	-297.00501806819955
1035	-304.69921969480623
1036	-302.61335968924936
1037	-309.14714088199327
1038	-307.3213628672009
1039	-304.6599985025127
1040	-301.2939823436672
1041	-305.80654961990894
1042	-307.7106979425406
1043	-303.47953472774776
1044	-295.93801036005107
1045	-303.97218843568305
1046	-303.8033871120969
1047	-301.65285039693816
1048	-307.1831557186903
1049	-303.5596999442862
1050	-301.1262675904805
1051	-305.81061799235925
1052	-300.9315085558436
1053	-304.49957684150877
1054	-309.4961639874709
1055	-305.1323373149893
1056	-308.1000255297079
1057	-308.13221992902834
1058	-311.65988486278513
1059	-305.88689169014185
1060	-299.6998804030519
1061	-303.309360603245
1062	-298.2418952661635
1063	-304.30534653440736
1064	-305.18419971297703
1065	-310.2185229188421
1066	-310.3946052046839
1067	-302.0365494511241
1068	-302.15187541038426
1069	-301.81529886807806
1070	-299.7188976736588
1071	-302.5207766256792
1072	-308.08701479103314
1073	-302.62344730314305
1074	-306.00145040328835
1075	-307.6564115529546
1076	-300.68450000444244
1077	-292.8611082056432
1078	-304.1742462631772
1079	-303.6748181990884
1080	-302.89617373702566
1081	-306.1642852677471
1082	-306.3924835549376
1083	-307.82604695612946
1084	-306.38041252949193
1085	-303.14257881336783
1086	-305.26666228122787
1087	-308.6888937634443
1088	-296.8319312444901
1089	-305.5019218720705
1090	-308.8329537249061
1091	-302.3685143789231
1092	-301.0177312708326
1093	-301.8543214841622
1094	-300.81920989228234
1095	-305.8240859422944
1096	-298.694950163862
1097	-298.3778059626738
1098	-303.8835708598217
1099	-302.76892655206626
1100	-296.66109022507374
1101	-300.852625435883
1102	-305.51885534297736
1103	-302.45858736331394
1104	-306.7871220577871
1105	-302.88180747075904
1106	-298.3407428790656
1107	-302.70761032210044
1108	-309.1271448453788
1109	-303.63274868304154
1110	-305.0275235522219
1111	-303.5661860509094
1112	-307.35
1113	-306.32903424890867
1114	-307.40064927982104
1115	-304.5279801014386
1116	-302.8937904565094
1117	-305.9686562469522
1118	-301.125100004282
1119	-305.4167750837778
1120	-301.0927114657581
1121	-308.5009361836962
1122	-305.5401127246493
1123	-300.86312103197383
1124	-304.47204442322806
1125	-304.54749705721395
1126	-305.29791730985454
1127	-301.4602598645339
1128	-306.29211805661856
1129	-303.7561323194882
1130	-301.82380000003093
1131	-297.30100005005596
1132	-302.95573981808894
1133	-304.09447643432094
1134	-299.03646805031383
1135	-299.84310365785865
1136	-301.2503199016685
1137	-304.4638005717072
1138	-306.4847652373263
1139	-305.46126472637434
1140	-310.24186910443404
1141	-305.83946288306794
1142	-304.61847799364347
1143	-308.06986502961695
1144	-302.0228924628043
1145	-304.08624256087484
1146	-304.7478644675404
1147	-303.9027247884477
1148	-306.1031805984282
1149	-296.5385820764299
1150	-297.36924734837066
1151	-311.51328553717775
1152	-308.866515659361
1153	-306.88239211522153
1154	-309.29982397024804
1155	-304.32264501197415
1156	-309.3399153964324
1157	-310.0307129623773
1158	-304.1186810598859
1159	-308.17291757222415
1160	-305.6933781360562
1161	-306.5772807985005
1162	-304.55656579824193
1163	-305.7932566054678
1164	-298.83187963565564
1165	-311.0658769137461
1166	-306.73941962833817
1167	-305.1038108838983
1168	-301.3973683966229
1169	-308.4888975424372
1170	-305.297438293777
1171	-299.82381505091206
1172	-304.86174289352135
1173	-295.2914284639699
1174	-301.4093400835984
1175	-305.5787207056861
1176	-305.41051317152306
1177	-301.4447644766788
1178	-308.11804916126493
1179	-301.69052448185334
1180	-306.9227548643791
1181	-309.24606891294405
1182	-304.85665906141736
1183	-303.1258591613375
1184	-303.91010880603056
1185	-303.00250556918667
1186	-305.00489298409394
1187	-309.1647507257701
1188	-306.8301985191146
1189	-305.65714764390344
1190	-300.43119084259075
1191	-300.61664482229264
1192	-299.4456240094921
1193	-304.12475271755466
1194	-299.56004469591653
1195	-296.0467110618852
1196	-309.20900122165307
1197	-301.1602470220036
1198	-303.87027389423594
1199	-305.8987241912668
1200	-301.85746525017964
1201	-308.97547148915265
1202	-304.72022745353695
1203	-300.8815006047776
1204	-304.5041009712921
1205	-299.1852463062279
1206	-309.88523456549274
1207	-301.11745301149017
1208	-302.0521410716528
1209	-302.3652551171078
1210	-303.261540997128
1211	-304.861973323786
1212	-308.744450893588
1213	-308.3030996525776
1214	-303.4267292113878
1215	-308.94442093696296
1216	-299.71831630529863
1217	-306.63792087810754
1218	-306.25853169865354
1219	-303.97128430921725
1220	-304.9664000000271
1221	-300.5448498697579
1222	-304.0193759479859
1223	-301.58920064179097
1224	-302.3053030450453
1225	-297.0726957648775
1226	-304.1494156110829
1227	-304.44598899586185
1228	-297.42992128641737
1229	-301.41951828423663
1230	-297.70834456547476
1231	-304.49083278310366
1232	-302.5648653438517
1233	-301.10407255465213
1234	-304.12753658135983
1235	-302.6892717262185
1236	-303.9596980605256
1237	-302.4184668057654
1238	-302.44858101360177
1239	-300.15949614917673
1240	-302.4358136762049
1241	-301.91421222091725
1242	-301.79875325637283
1243	-305.22963604248895
1244	-308.0147246028899
1245	-303.51057851206485
1246	-304.62248417574705
1247	-300.0691217955369
1248	-301.83360540393295
1249	-301.2768827046675
1250	-301.9848739273133
1251	-304.4114329454282
1252	-299.01930000000004
1253	-297.89432351321244
1254	-303.8444231873048
1255	-303.2043624881807
1256	-303.1182674210025
1257	-301.3149890143191
1258	-306.0594077783358
1259	-305.1902484415099
1260	-302.4578660925614
1261	-300.41534363142426
1262	-306.5467372343694
1263	-299.7962786622223
1264	-306.5830258961822
1265	-308.18031326353616
1266	-304.50051548529325
1267	-310.4695757466592
1268	-304.87663521753416
1269	-305.6005944474331
1270	-306.7001846812872
1271	-303.1941428046815
1272	-310.1755462805153
1273	-301.9424715423218
1274	-302.7971134347594
1275	-302.00494134863055
1276	-306.00787071415175
1277	-298.5784653903676
1278	-307.0310510031558
1279	-300.63979349202083
1280	-305.2808030884855
1281	-305.43519357153764
1282	-304.57731243904743
1283	-292.9623816392687
1284	-307.1077974730491
1285	-307.4158088353717
1286	-308.1454473273302
1287	-302.8180166054669
1288	-306.15554768366474
1289	-295.6616912855311
1290	-306.37698141539624
1291	-305.07361688872555
1292	-304.93834679638013
1293	-303.0698055894813
1294	-307.682129876609
1295	-304.68382660966444
1296	-305.1264135353567
1297	-301.7641977606563
1298	-305.67104738710196
1299	-305.6251279283355
1300	-305.6117627450201
1301	-301.3587684965145
1302	-299.59346319921167
1303	-305.4773360211357
1304	-303.48620824532986
1305	-300.73812442256946
1306	-301.20622372113326
1307	-303.28089785346685
1308	-310.94932784543363
1309	-302.93708675896806
1310	-300.5660242906183
1311	-298.84142429199863
1312	-302.4819440871478
1313	-309.61051462198645
1314	-303.0925485607612
1315	-299.406741731608
1316	-305.97639509162764
1317	-297.64857809991116
1318	-296.7323145638495
1319	-297.4037853669408
1320	-305.6072595112493
1321	-302.9705902164231
1322	-302.7782769377019
1323	-302.85394397966246
1324	-305.41954416834415
1325	-296.80323243812796
1326	-307.08847098924895
1327	-299.0261769548101
1328	-304.78418510064535
1329	-304.8041525309872
1330	-299.90320370835076
1331	-302.368737490243
1332	-304.7112459063845
1333	-304.0741858395046
1334	-300.7095915940455
1335	-298.9983617346846
1336	-305.3929848409258
1337	-295.8949726461903
1338	-300.5109383334413
1339	-297.0823838571185
1340	-306.35846096741676
1341	-305.95525590951087
1342	-299.30764668106104
1343	-302.6462469505009
1344	-300.17529822515655
1345	-297.1593839081996
1346	-301.53831248624647
1347	-302.45911993086963
1348	-304.97436161216575
1349	-295.69123449955487
1350	-299.7392613032884
1351	-304.1566138850332
1352	-304.3102894086002
1353	-297.34026057230375
1354	-301.37899910876433
1355	-303.52180443067425
1356	-303.40703034949695
1357	-310.49248045328903
1358	-290.7823362204153
1359	-302.97331077333456
1360	-299.8186161121567
1361	-303.8958989853259
1362	-309.6337218065636
1363	-303.5318983211924
1364	-301.42233698016156
1365	-302.1424303490537
1366	-306.0743250490488
1367	-306.8687224767837
1368	-308.93415503389303
1369	-302.9330893618265
1370	-300.8384751889455
1371	-300.647441880823
1372	-303.81797616066416
1373	-306.13615886499
1374	-308.544696819855
1375	-295.1605321886533
1376	-305.3002790917161
1377	-297.5666289299604
1378	-306.50500002020596
1379	-306.2937554382354
1380	-310.9768098103713
1381	-307.6483800517216
1382	-305.0396423111562
1383	-305.6364784908452
1384	-308.1612119071396
1385	-305.69867081033846
1386	-304.97103388161355
1387	-305.10472105143947
1388	-308.904601736833
1389	-303.1097906854267
1390	-303.0180851543454
1391	-298.8733571604918
1392	-304.71065007700264
1393	-300.7295759501261
1394	-302.96897127344806
1395	-298.45924557159015
1396	-310.73003817802277
1397	-312.8115842180655
1398	-306.10837867703833
1399	-297.6342546487267
1400	-301.05522678595383
1401	-300.24890000000016
1402	-304.3984665935362
1403	-312.671512960621
1404	-301.06109437129055
1405	-306.0665403791982
1406	-299.1848420180878
1407	-304.05978849194025
1408	-297.97934254424354
1409	-305.4622538863192
1410	-297.2466502017446
1411	-302.89712631383173
1412	-302.0187906055448
1413	-300.5373373553167
1414	-309.18971960141505
1415	-304.5170989741715
1416	-301.00642252656314
1417	-305.54725232369486
1418	-301.86523771543034
1419	-303.56757123523914
1420	-298.53788867136524
1421	-293.73818949446553
1422	-301.3604576577938
1423	-300.7845013176858
1424	-301.700344315873
1425	-306.1714900539369
1426	-306.2580280447848
1427	-306.39887557760153
1428	-302.42333174860624
1429	-300.40305164167995
1430	-304.95871730833505
1431	-300.5022859134639
1432	-303.73812481972493
1433	-308.58535899424953
1434	-304.22116873677174
1435	-306.9497047136425
1436	-302.7028503125385
1437	-309.043696883264
1438	-303.6672555932404
1439	-304.9825993245185
1440	-306.4212226472833
1441	-304.7539203722637
1442	-294.7732797071702
1443	-301.4445245247677
1444	-298.15347908515986
1445	-296.62340093160265
1446	-307.6493103773193
1447	-306.07774060813716
1448	-299.2611000181126
1449	-301.6195906665836
1450	-301.8174549802633
1451	-296.27253525595336
1452	-300.71165360962203
1453	-298.6366000000002
1454	-305.53663582518703
1455	-303.7343411773044
1456	-299.65821534438965
1457	-306.97401828243557
1458	-299.87242485102837
1459	-300.77868437353266
1460	-301.7854
1461	-303.6812332246388
1462	-300.28594048969694
1463	-304.8515672522409
1464	-305.30987439250913
1465	-305.5639053499741
1466	-301.21614976184554
1467	-299.8348911470595
1468	-301.92515751067043
1469	-303.5002623492638
1470	-308.680144734567
1471	-308.68065003312176
1472	-301.43918426600413
1473	-301.33725680656005
1474	-299.1720434006625
1475	-303.99147169984747
1476	-304.248956419726
1477	-303.8469983517826
1478	-301.29941192385604
1479	-293.1496947601503
1480	-303.1717740611365
1481	-305.15539844482333
1482	-295.2741454867609
1483	-300.12292390230436
1484	-305.28423166994713
1485	-307.0707298888537
1486	-306.04154683049245
1487	-303.5540534191664
1488	-308.308121692259
1489	-306.6160615965353
1490	-305.7220138926051
1491	-299.2164492264649
1492	-304.25344706557144
1493	-301.2575378748516
1494	-301.6425927944961
1495	-298.30314628022137
1496	-301.5172335514965
1497	-300.1243598479345
1498	-301.1076128961043
1499	-306.13334352107864
1500	-300.7852043233562
1501	-300.5241169892324
1502	-303.6422578053907
1503	-304.03679314677515
1504	-307.1855186385317
1505	-301.12571127811674
1506	-305.6515685578425
1507	-299.8981
1508	-298.07023232241806
1509	-305.49381469984377
1510	-300.17990000001373
1511	-301.1100485031071
1512	-306.7846984959552
1513	-305.4221024549179
1514	-303.954755909314
1515	-306.54596850717974
1516	-300.5940946360318
1517	-301.04815246909965
1518	-300.5833680701763
1519	-309.067981426537
1520	-297.33583355074774
1521	-303.8859398406653
1522	-299.28978018983724
1523	-299.3844
1524	-304.6049056417819
1525	-298.91644230267883
1526	-307.7854294260969
1527	-303.81235195966525
1528	-302.49462914974475
1529	-304.4781842077251
1530	-303.8251281277151
1531	-298.68639163239607
1532	-303.27737605142175
1533	-308.98055291427585
1534	-304.51088737807106
1535	-307.60556917185596
1536	-304.7969645657119
1537	-307.701081386233
1538	-305.2200470741187
1539	-301.1689948515028
1540	-301.02259297383034
1541	-299.0602981761155
1542	-301.98669892285403
1543	-312.89737032616927
1544	-301.96753035074005
1545	-304.0625484196011
1546	-296.0026370637945
1547	-303.1675574666298
1548	-303.87114219549113
1549	-306.8335748763579
1550	-307.7145883326099
1551	-300.1719707928117
1552	-304.95140765312783
1553	-303.6758990756741
1554	-305.3528749476785
1555	-305.6703344440241
1556	-294.5918614164396
1557	-300.75070155241775
1558	-307.05937932472796
1559	-303.2457
1560	-302.6961154420763
1561	-295.7854798516163
1562	-302.8219328485663
1563	-299.3932144216791
1564	-303.6218444737668
1565	-306.21416123685077
1566	-303.85926392190237
1567	-301.7919388108017
1568	-308.04249450609655
1569	-306.0499655515225
1570	-303.1528559350146
1571	-300.19664508404543
1572	-302.6737248918906
1573	-299.08415078360764
1574	-307.5308803500577
1575	-304.5924526031628
1576	-303.9414375064901
1577	-294.1952086154642
1578	-294.01679491321886
1579	-300.41433634159984
1580	-300.9726559491236
1581	-304.474132876819
1582	-302.3664000753922
1583	-299.99516394425996
1584	-296.62610425741565
1585	-303.29109364837535
1586	-300.0700323354099
1587	-300.4745227427512
1588	-303.4940477102134
1589	-303.5343529252332
1590	-298.4498274211282
1591	-300.1958879382558
1592	-301.0052528640946
1593	-303.10487405507325
1594	-299.75489612251744
1595	-298.4875639074128
1596	-302.39759890166636
1597	-301.53935682736204
1598	-303.45701722990293
1599	-302.520484243598
1600	-304.38716393354065
1601	-302.60968869911017
1602	-307.2291296527448
1603	-295.79158337234054
1604	-300.4376879589839
1605	-296.001743877737
1606	-293.6954830869832
1607	-307.5630927777051
1608	-307.32509040473155
1609	-302.9387837890879
1610	-304.89520051941616
1611	-306.7084428567247
1612	-303.6301215292623
1613	-306.9943841795741
1614	-300.67067203618984
1615	-302.6341029222403
1616	-299.7094876563129
1617	-304.30394835922186
1618	-304.79764220955116
1619	-303.7570856932501
1620	-300.0165709428302
1621	-294.2208198854692
1622	-302.0300752194088
1623	-304.1307791660116
1624	-306.9611558871777
1625	-304.32777570441164
1626	-305.3005903315349
1627	-301.6001347585702
1628	-304.00362123292456
1629	-307.1615340702981
1630	-302.06298084196914
1631	-302.3438888604235
1632	-306.1086724528106
1633	-306.4047509149058
1634	-300.56392079874274
1635	-298.83431485788134
1636	-302.9001000028821
1637	-299.11396761709324
1638	-308.946911351494
1639	-307.239803910117
1640	-305.1461639646065
1641	-303.73822098446266
1642	-302.5058956890443
1643	-303.774650521654
1644	-301.02140216545416
1645	-302.0728795745289
1646	-302.1385488556623
1647	-301.0809000000828
1648	-302.72635828622356
1649	-307.17642796229865
1650	-305.22311064864795
1651	-305.1212361357348
1652	-300.8800241190416
1653	-302.518515569145
1654	-304.90343362112463
1655	-299.2083770258088
1656	-299.921465144094
1657	-305.9394031561107
1658	-299.1886336525378
1659	-297.52547017957727
1660	-304.7494
1661	-297.4925948924661
1662	-294.92156309624386
1663	-301.8081486779884
1664	-303.9685212630816
1665	-301.7864560223958
1666	-294.53616360748816
1667	-301.01
1668	-302.9338972058106
1669	-308.0881930482157
1670	-303.960184154143
1671	-300.6872077631773
1672	-303.0345214947856
1673	-303.91455786648135
1674	-304.1860152925805
1675	-305.0205691506167
1676	-298.45942351085824
1677	-304.2622533467484
1678	-301.054264341575
1679	-299.4668732513853
1680	-300.80235136915525
1681	-303.5772427997537
1682	-302.7564978641905
1683	-305.3655255201036
1684	-302.09025685759246
1685	-301.8623702720649
1686	-306.3118481584629
1687	-306.0067783552787
1688	-302.27183174449505
1689	-309.6166492946387
1690	-306.05192300876786
1691	-311.52692372347155
1692	-307.5728492766793
1693	-303.88119470775376
1694	-308.61174459443606
1695	-304.3581523501247
1696	-301.2487493637547
1697	-305.00077265326223
1698	-304.32614973555775
1699	-310.25308807816424
1700	-303.66415625491163
1701	-303.6039004486781
1702	-308.163239871774
1703	-302.94580368656125
1704	-295.24579289792194
1705	-301.86491463144876
1706	-301.9532828939775
1707	-305.93624463311176
1708	-303.03970000083444
1709	-303.38762311278236
1710	-300.91397496497234
1711	-301.80753664850477
1712	-305.64797855294927
1713	-306.2948292264161
1714	-304.1321377783372
1715	-306.10569080745563
1716	-308.2300103689066
1717	-302.4931915313944
1718	-302.9465732049608
1719	-298.32812607629165
1720	-305.75563482704706
1721	-305.21884024103264
1722	-307.91467508019014
1723	-304.40032205471795
1724	-306.94770175043396
1725	-305.4619303919943
1726	-303.6945707809191
1727	-300.05756394657874
1728	-304.11185388470864
1729	-298.1832176148343
1730	-302.4589238996328
1731	-302.78261035212546
1732	-301.9005398215306
1733	-299.11561937693995
1734	-300.3009584587826
1735	-300.3261118997426
1736	-300.18543388633645
1737	-301.6466666165516
1738	-302.61068465773104
1739	-301.54671401721475
1740	-301.1989129194794
1741	-308.19103489805434
1742	-294.56830819796653
1743	-298.1239056380982
1744	-303.05423923131
1745	-304.0188082217892
1746	-301.57779640672635
1747	-300.69153022951076
1748	-296.16569119723886
1749	-301.8723249772193
1750	-304.6951066214858
1751	-301.52480187116174
1752	-300.87346865595373
1753	-307.76571814440564
1754	-303.45572937198455
1755	-298.9382818554753
1756	-305.7526990983152
1757	-306.62575631458867
1758	-306.93239075026077
1759	-308.8530314598055
1760	-303.05600000251445
1761	-296.55647310515945
1762	-306.4445662589587
1763	-305.0710541381811
1764	-303.6366925764109
1765	-302.06160000000347
1766	-299.91026123060175
1767	-299.0092380044312
1768	-301.2744
1769	-304.13739245224036
1770	-300.97360809927005
1771	-295.79698933491505
1772	-297.4995789317775
1773	-304.03975886866635
1774	-308.0169702857005
1775	-306.03422619529766
1776	-313.3466135020388
1777	-300.6478435399134
1778	-307.39696459745903
1779	-305.5972327018105
1780	-308.138224844624
1781	-304.83575675985736
1782	-301.8106608575142
1783	-308.55084796129756
1784	-297.4696413074753
1785	-307.7033455289276
1786	-300.0731278499718
1787	-303.7678503656241
1788	-309.81228484104
1789	-304.40990625787646
1790	-295.21532052942337
1791	-299.48862572389083
1792	-301.2058347339388
1793	-297.15936507269527
1794	-305.27535484700945
1795	-301.31015473064076
1796	-309.06012278866353
1797	-304.53547807582174
1798	-300.3838591897506
1799	-299.61631833957813
1800	-303.4187573273895
1801	-304.6761812478185
1802	-301.5589977997652
1803	-301.3381691934813
1804	-296.4682110623671
1805	-305.95216487788383
1806	-305.6727706906179
1807	-299.8970408028887
1808	-309.7115870979595
1809	-303.2895752311439
1810	-301.46291230101275
1811	-302.5719954850814
1812	-298.80804041892844
1813	-299.98797030139605
1814	-307.0733584186353
1815	-298.6556000000001
1816	-298.51679189634353
1817	-300.4811000000001
1818	-304.2712486031176
1819	-303.060681931406
1820	-303.35921462960346
1821	-297.9374522562083
1822	-297.6031530911568
1823	-297.02246361819437
1824	-301.5073954070989
1825	-308.5929522530246
1826	-300.4346194149504
1827	-308.1750692939252
1828	-299.2386010781385
1829	-303.27968287493604
1830	-303.11400118827106
1831	-312.2546943994179
1832	-308.0000220783637
1833	-305.5990801873287
1834	-310.12136251856873
1835	-304.74830117773075
1836	-304.97308520700614
1837	-301.9836026990235
1838	-303.59772161208224
1839	-299.6214336752926
1840	-308.2161588372839
1841	-303.75722127414025
1842	-303.21873640255484
1843	-306.81964177086684
1844	-304.26863391686663
1845	-305.73000837554224
1846	-300.41252150111916
1847	-307.43923055522384
1848	-301.83376123970663
1849	-300.746347334305
1850	-307.0123417245636
1851	-300.72793967471347
1852	-305.96222570186126
1853	-309.48805406521444
1854	-300.2922976988614
1855	-299.9813576160354
1856	-304.77086918734443
1857	-303.4777427454718
1858	-306.77047844828866
1859	-300.4837356005875
1860	-310.3136456409637
1861	-298.1186908333763
1862	-302.4739649733537
1863	-299.7945442724844
1864	-301.8359777842028
1865	-301.5944496262708
1866	-311.15212227531913
1867	-307.68749926350307
1868	-305.1295480010371
1869	-302.62324310857065
1870	-304.57107304551613
1871	-309.99155543040456
1872	-309.1950829927982
1873	-304.97366400873926
1874	-308.02185610664804
1875	-304.75355631374197
1876	-305.900626314079
1877	-301.60001735309726
1878	-303.6599004213527
1879	-301.7740999388465
1880	-305.3368924441062
1881	-299.85061858294483
1882	-304.00711087260225
1883	-303.09790963028667
1884	-303.3803975109917
1885	-301.1033568348423
1886	-302.5181181397151
1887	-305.79298873724554
1888	-298.74023758792333
1889	-308.37893412137
1890	-311.86611746437444
1891	-309.0232512336047
1892	-301.15634595470476
1893	-305.8674032162632
1894	-295.60359423585726
1895	-306.05780103329687
1896	-302.0195729180783
1897	-300.6835058004577
1898	-296.72847479851197
1899	-304.2145656816889
1900	-300.22268734672093
1901	-299.80903450667387
1902	-307.9147432874134
1903	-305.2765852999962
1904	-300.5990686125189
1905	-309.25535214741984
1906	-297.6773037396935
1907	-307.3180738292813
1908	-300.70033980743955
1909	-302.89310387943726
1910	-305.75935234883764
1911	-308.086807034226
1912	-303.935652842028
1913	-306.6908857342336
1914	-304.72242911906216
1915	-311.13581955795644
1916	-310.03916128661695
1917	-304.22511728946773
1918	-308.21584799373426
1919	-306.5713902306677
1920	-307.6312830382375
1921	-303.51594623505844
1922	-304.35319409352155
1923	-300.21285584069864
1924	-302.68863341301505
1925	-305.49332944676325
1926	-306.2391449568656
1927	-300.7231558765336
1928	-305.93156890017076
1929	-297.4979009937728
1930	-306.9022961156339
1931	-310.98596243365597
1932	-298.32290000000006
1933	-308.31780232548124
1934	-301.24353418456025
1935	-304.8628580431269
1936	-304.7241452668171
1937	-308.5788313234971
1938	-305.42353821609686
1939	-306.2321168239619
1940	-304.8383627127121
1941	-302.5135215100799
1942	-305.3363970680874
1943	-303.1354756674201
1944	-304.30876721091545
1945	-303.0754348918884
1946	-305.4927153074974
1947	-297.9719888526512
1948	-301.65908707622725
1949	-300.4615683261921
1950	-303.04939994943
1951	-302.8569672819495
1952	-299.0900293127867
1953	-301.0461722392974
1954	-306.4172217491453
1955	-303.1872558004244
1956	-300.1196316577278
1957	-302.4564138653375
1958	-306.9150478480563
1959	-305.8878139649805
1960	-301.88830000037797
1961	-299.41607395234377
1962	-308.0146247586848
1963	-295.3600009512676
1964	-303.2882790012772
1965	-301.72246818550826
1966	-311.00067738588024
1967	-300.20286934065456
1968	-297.86187101616775
1969	-305.1087027018626
1970	-298.56249795050996
1971	-306.5100486912388
1972	-297.5915844504887
1973	-302.9330806740839
1974	-302.609141014418
1975	-304.1894659541945
1976	-309.5467210977486
1977	-303.0510432162056
1978	-310.08636370187617
1979	-304.2490388877982
1980	-304.89196005174205
1981	-299.9926613639167
1982	-307.33311133020374
1983	-305.59290446993776
1984	-305.71859944101163
1985	-302.65276091758915
1986	-305.2672787824725
1987	-301.77937785424336
1988	-303.6397001985116
1989	-308.6252762113273
1990	-303.7306423661974
1991	-306.76641457907493
1992	-304.3718861965246
1993	-300.8570186341635
1994	-296.8039130682435
1995	-299.70194208289774
1996	-302.046231720553
1997	-307.6377394914169
1998	-309.0086837966129
1999	-304.6336235399165
2000	-308.2028084015708
2001	-299.30909321795264
2002	-305.87276567080596
2003	-300.51238785836523
2004	-302.8903263202373
2005	-301.6995955367737
2006	-309.5985822584646
2007	-308.7867783379195
2008	-304.4440270885677
2009	-304.7546782237136
2010	-303.12542739831747
2011	-306.8586927076424
2012	-299.0812110835302
2013	-300.2383359282057
2014	-304.6323215735876
2015	-308.4332450129913
2016	-305.7252142836219
2017	-304.9565636938648
2018	-303.7432346469629
2019	-308.7233452969925
2020	-305.2759566453157
2021	-306.7292792611276
2022	-306.6103368850723
2023	-305.33402256824644
2024	-308.2391090174689
2025	-307.58319517322735
2026	-301.18322220049726
2027	-297.0859632968681
2028	-306.7761860257182
2029	-306.8307117405658
2030	-299.18384235025263
2031	-309.42132746428086
2032	-308.71423522932724
2033	-299.3925528249076
2034	-305.8739041503397
2035	-304.7701060071085
2036	-302.2350679339276
2037	-301.2623517005762
2038	-305.7894967363875
2039	-304.88007455321764
2040	-309.8626579809722
2041	-303.52927432320564
2042	-308.35555650196113
2043	-307.1274849475138
2044	-308.5450963894181
2045	-294.64280527987705
2046	-305.6251051276478
2047	-292.6061521884761
2048	-307.17056151980853
2049	-306.5201516710874
2050	-303.69969741648066
2051	-309.40866057777885
2052	-301.02591256861916
2053	-294.8780000213549
2054	-298.14850022191723
2055	-304.3747785449835
2056	-312.96455713074016
2057	-302.4148559585191
2058	-308.8418691093974
2059	-299.40616539456136
2060	-306.85292084173955
2061	-305.9719437839142
2062	-301.84425031755706
2063	-301.20887402162305
2064	-306.59605672072985
2065	-303.7874008728156
2066	-304.56730771745293
2067	-302.5103236989407
2068	-307.9606798665043
2069	-301.61289502349837
2070	-306.0641992840962
2071	-302.1368125894998
2072	-305.7685297963178
2073	-304.09043476938376
2074	-307.0901800179354
2075	-303.7776816912777
2076	-306.41709465403375
2077	-302.61204679117867
2078	-311.84908626632955
2079	-306.34544487124657
2080	-302.2711841196839
2081	-306.70909008054383
2082	-301.6610174077819
2083	-301.3308881308572
2084	-296.14042193869886
2085	-295.28809106832614
2086	-300.66328765424817
2087	-295.75009468722374
2088	-300.89829174638515
2089	-298.1892629158939
2090	-305.2621470322738
2091	-304.5691270354161
2092	-306.3344015504949
2093	-302.52400457884
2094	-308.65562354973514
2095	-300.8063307638815
2096	-303.7639976100826
2097	-307.36475336922
2098	-308.63687303636436
2099	-303.642829858921
2100	-297.0581209061422
2101	-309.9199628755666
2102	-296.64180581654745
2103	-309.8654924253679
2104	-308.61722183882733
2105	-308.89713403843814
2106	-307.9290768868118
2107	-302.44014568965787
2108	-310.01900166566463
2109	-304.3596590980283
2110	-302.09062890336185
2111	-310.67965272394036
2112	-306.32588189863304
2113	-305.792703086911
2114	-299.3469181393375
2115	-296.39813194361875
2116	-309.66860000002623
2117	-302.94373302125115
2118	-299.54414401899055
2119	-300.13488171513603
2120	-305.7604859779764
2121	-305.66829147259364
2122	-304.69672951684623
2123	-306.11315800255954
2124	-308.57506234245494
2125	-306.8409966083377
2126	-307.2042216224544
2127	-306.98185046442075
2128	-311.59896903730913
2129	-305.65560643098723
2130	-303.16105158009333
2131	-302.13520246543595
2132	-306.78051819172873
2133	-297.1506648930258
2134	-302.06244787041004
2135	-299.51220053748517
2136	-304.6044110604045
2137	-297.8687254444742
2138	-308.03732003768704
2139	-309.7566881205593
2140	-308.41002791261883
2141	-307.3195370532278
2142	-309.0429126274163
2143	-304.1716419313616
2144	-302.34305549227366
2145	-307.1430029326579
2146	-303.5796263633739
2147	-312.83665951339833
2148	-306.7239717791005
2149	-305.94048724965137
2150	-303.38038243195814
2151	-306.948351364752
2152	-304.3210279908356
2153	-303.6069781352143
2154	-309.16885525135797
2155	-303.5248969964662
2156	-312.1295645116139
2157	-300.5252492939787
2158	-305.92680188523036
2159	-302.8793763321563
2160	-306.21576981352086
2161	-304.34480514536386
2162	-304.39252462831274
2163	-302.3506066539639
2164	-309.661631989369
2165	-289.13190944380995
2166	-302.10411923762064
2167	-303.24230255240434
2168	-301.3062454421935
2169	-304.16440780917026
2170	-299.8293710456785
2171	-306.68764775183246
2172	-307.58982737724637
2173	-304.14071798207175
2174	-305.22106062488757
2175	-303.2480221777019
2176	-293.37771388088885
2177	-310.3720864535467
2178	-300.16563788154605
2179	-302.615664638576
2180	-296.87986632938777
2181	-296.7816269140205
2182	-292.5704185477526
2183	-307.1921924147455
2184	-303.7936684222544
2185	-300.98124607840634
2186	-300.7609365667446
2187	-306.26795826569736
2188	-307.0463641306016
2189	-307.5407714999931
2190	-301.65801283408024
2191	-296.3256496276388
2192	-300.210412147461
2193	-301.85212693073373
2194	-304.98090000007113
2195	-300.2633063811714
2196	-297.5277280393251
2197	-309.4475384568801
2198	-301.30724350410617
2199	-303.21052399964344
2200	-310.0410110723307
2201	-306.03557237789283
2202	-297.2502000024203
2203	-304.4972064142767
2204	-308.0026705638985
2205	-304.1489941961612
2206	-301.9960580292942
2207	-303.5276018920379
2208	-303.7028561740913
2209	-306.0666593657915
2210	-301.0627293152114
2211	-304.35100015526217
2212	-309.91236415004147
2213	-307.22655123047275
2214	-301.97966753220123
2215	-311.54867708293335
2216	-301.49458423914945
2217	-306.5391715099989
2218	-305.42103632399323
2219	-300.417695528932
2220	-310.85040553431764
2221	-302.43970178714676
2222	-308.0526282818366
2223	-305.0381787489845
2224	-303.7140275795921
2225	-307.7041097033818
2226	-303.5682631604408
2227	-306.4323732534407
2228	-305.8160223178944
2229	-311.1003240633525
2230	-306.1407217109435
2231	-306.19168760243906
2232	-299.8879412120823
2233	-303.6102702947581
2234	-307.8727870022209
2235	-305.33357138596
2236	-306.31855121415566
2237	-301.2822695461139
2238	-306.7800185086711
2239	-301.0362049821771
2240	-307.7054592229538
2241	-303.00890549226074
2242	-297.6295738547063
2243	-299.37174324464524
2244	-299.33731989767267
2245	-304.6243602062501
2246	-306.23124983709334
2247	-299.8667637471344
2248	-298.3118962025519
2249	-308.65481651403576
2250	-303.5217817499225
2251	-306.31253349064286
2252	-300.7975276072212
2253	-303.6189609673003
2254	-301.7652207328721
2255	-305.8898375607457
2256	-306.2379652138801
2257	-307.1433628341464
2258	-302.7325690267099
2259	-304.18760173029915
2260	-307.86072197762604
2261	-309.299283285292
2262	-311.3976995190022
2263	-308.61587750888935
2264	-307.72853429243537
2265	-301.83224577383663
2266	-303.1946275718457
2267	-306.00604589865657
2268	-297.8171781304818
2269	-304.80226167310053
2270	-308.8408729176262
2271	-299.71405502519355
2272	-303.10038567320413
2273	-296.8409711246048
2274	-301.9943812482011
2275	-310.44027208621014
2276	-308.56306236347
2277	-305.76784423247034
2278	-305.6339029175312
2279	-307.2802773928068
2280	-300.02530418555125
2281	-308.96145720154516
2282	-305.19469413105725
2283	-302.8058379608927
2284	-307.39422506941446
2285	-301.00186834994855
2286	-314.62884641369686
2287	-307.5752688579118
2288	-303.46406333461624
2289	-313.9096153301707
2290	-304.88684612163524
2291	-308.6489604595364
2292	-308.52570404250275
2293	-302.4539132438346
2294	-308.67510027883804
2295	-305.58898550384464
2296	-305.7306573677407
2297	-296.08493966270925
2298	-307.1774245621685
2299	-307.8130217620109
2300	-305.97997597639426
2301	-306.3551264196272
2302	-315.9594108735725
2303	-306.4229476764324
2304	-307.4928053698693
2305	-310.02079479265666
2306	-306.32393509093197
2307	-306.55907208994716
2308	-309.4748761838303
2309	-304.4077206169603
2310	-299.6993448115558
2311	-306.17470554033446
2312	-307.0784246169078
2313	-305.78303327497565
2314	-307.1382192474618
2315	-301.82239781481746
2316	-308.63706995393073
2317	-301.08956717632833
2318	-308.536357816349
2319	-307.3984327197536
2320	-310.00663786774896
2321	-307.67437598050316
2322	-296.2919564648672
2323	-301.49918127146924
2324	-307.80243018889905
2325	-302.9072124250448
2326	-294.6397332436926
2327	-302.70537975904836
2328	-303.63644433416647
2329	-309.15817872731293
2330	-310.4343512988355
2331	-308.3018827784237
2332	-299.5261250892092
2333	-308.08567752512477
2334	-306.49592163708064
2335	-307.5068917525909
2336	-300.4900849825871
2337	-308.53525506792846
2338	-297.2355878965969
2339	-292.8826162540788
2340	-298.1959091584913
2341	-306.5407135910863
2342	-308.6178954989172
2343	-308.2965685309189
2344	-302.36873860806554
2345	-313.389255794666
2346	-304.6764861166998
2347	-305.0817814624181
2348	-310.3939631958052
2349	-309.9964180405384
2350	-301.1741855662699
2351	-299.83388770170455
2352	-309.1040478603134
2353	-306.0468510570248
2354	-314.73754333530644
2355	-303.0423307660624
2356	-296.2535975873547
2357	-302.1046281293682
2358	-301.30872525125227
2359	-305.35477194513174
2360	-308.14366426297414
2361	-301.0428680832962
2362	-298.28621266986534
2363	-305.4641948602706
2364	-309.78173975660883
2365	-307.47411106753225
2366	-306.35331307893745
2367	-303.97807903541946
2368	-303.9447984723046
2369	-308.0020464144933
2370	-302.2202958901173
2371	-306.4757076630146
2372	-308.11261872043855
2373	-302.5735866167144
2374	-304.04761906509304
2375	-307.75908623733324
2376	-307.5019635218911
2377	-301.3670657970257
2378	-308.4754499087977
2379	-308.5441053807534
2380	-303.63426768195893
2381	-307.64545251163116
2382	-298.43858539834736
2383	-303.0609694231523
2384	-303.8584117324028
2385	-305.2731554290625
2386	-313.64483638543976
2387	-312.04763687880177
2388	-307.2001808819515
2389	-302.77944506028
2390	-301.5386143095947
2391	-306.62197952820486
2392	-303.8870857609923
2393	-309.13455689385927
2394	-305.35415755707805
2395	-306.08624530000253
2396	-307.77202561882257
2397	-308.8602091031174
2398	-308.77790831237314
2399	-301.07112813314694
2400	-305.8576327958771
2401	-302.1983462835396
2402	-311.689620519187
2403	-302.5843680933285
2404	-304.30912844985886
2405	-308.069988968765
2406	-307.3881106066787
2407	-303.81188319194115
2408	-305.14523657232013
2409	-305.62520186095713
2410	-303.38093083700085
2411	-308.54076152164754
2412	-309.3809050276839
2413	-305.2854791223232
2414	-303.312234411623
2415	-308.8366878870835
2416	-308.30001345486784
2417	-307.6176641827759
2418	-299.9959339122726
2419	-310.82243490106254
2420	-304.5075221176374
2421	-304.82084272168123
2422	-299.31446159858365
2423	-306.3444000407204
2424	-303.0423288793982
2425	-302.23457569073406
2426	-302.6825684817754
2427	-303.04186626513683
2428	-300.45671250732164
2429	-307.04380721719946
2430	-307.7736142213408
2431	-301.50174363497445
2432	-306.7624795845488
2433	-306.17725071469425
2434	-302.3505412828592
2435	-304.61259504798244
2436	-307.8405498927242
2437	-307.6596007116151
2438	-306.27467765764885
2439	-309.48477865153455
2440	-304.7332249592913
2441	-307.29622724065786
2442	-303.5015580652453
2443	-302.7353720578595
2444	-303.32800878394005
2445	-304.1360718702172
2446	-303.02335168691036
2447	-306.18779911856865
2448	-304.98818152446523
2449	-308.77334572185435
2450	-306.11333606498556
2451	-301.9139999331394
2452	-300.85030000000006
2453	-304.49182004851036
2454	-302.934805915555
2455	-302.96809090323495
2456	-299.8960227790224
2457	-303.2271567156877
2458	-307.24387848416706
2459	-304.62288847330785
2460	-301.9173118591428
2461	-308.9149421415969
2462	-301.21478722007697
2463	-304.613059093977
2464	-297.75411069215227
2465	-304.91881605575765
2466	-303.5618043767608
2467	-306.0796969748349
2468	-303.4491974567078
2469	-301.376300000044
2470	-303.95013111942154
2471	-300.99130466967443
2472	-302.8269824212847
2473	-304.34918086498766
2474	-303.3175537813352
2475	-304.5644032414254
2476	-309.813255826609
2477	-302.5037794830549
2478	-307.1620103319272
2479	-310.73343137784656
2480	-301.9484566573518
2481	-304.0870032730161
2482	-299.81909688454095
2483	-303.00885459119115
2484	-309.38579686241115
2485	-300.48555749805087
2486	-298.6041073367977
2487	-300.3145064124122
2488	-302.10063306857404
2489	-302.89856911849677
2490	-296.71890000737295
2491	-304.53728637168274
2492	-303.47027577204847
2493	-303.98618687425676
2494	-298.2015854117106
2495	-306.19097217381113
2496	-302.3899243675326
2497	-306.170069123101
2498	-301.3944645441912
2499	-302.36373632356606
2500	-308.3141133476503
