1	-302.4985755796275
2	-303.6842473199905
3	-300.81733913519906
4	-310.4334233078495
5	-304.8362973309427
6	-304.5973470540291
7	-304.0345308383234
8	-298.7470528820154
9	-305.543113799835
10	-301.5144023315222
11	-304.42700081622604
12	-307.49805011442686
13	-308.1418559126268
14	-307.2992604618911
15	-306.010718169073
16	-300.26805602153235
17	-306.8414194991728
18	-301.53679161064684
19	-303.71512699750633
20	-300.8848804000051
21	-304.7649476138112
22	-307.1715704688281
23	-304.6018203884224
24	-304.9588205765299
25	-303.30695551374055
26	-311.87953581636515
27	-305.8112855147586
28	-306.51172863289605
29	-308.61490773152656
30	-310.4160889168325
31	-305.66776857639053
32	-310.65232577391834
33	-303.2968244344649
34	-307.92732959902287
35	-306.9832424153995
36	-306.5414160226778
37	-301.22141803517945
38	-305.45542627170613
39	-305.75661321505237
40	-309.22539608233035
41	-308.3246096677176
42	-311.6628827997968
43	-311.11965729215547
44	-309.0032381792318
45	-303.7486260001314
46	-302.4183655092229
47	-311.8786795998569
48	-312.8377481412151
49	-305.650814129557
50	-306.9946107070601
51	-303.41230611555136
52	-302.06643456918704
53	-290.51196051354344
54	-302.92915659165027
55	-310.0227773814231
56	-309.23039723516933
57	-304.31375423315063
58	-304.12039414437976
59	-304.42493832866194
60	-306.74899634906853
61	-300.60143111425896
62	-307.4396654625757
63	-309.3588910897897
64	-304.58452840076
65	-302.1937126929424
66	-300.0944748080689
67	-308.37383950710364
68	-301.31675370992303
69	-307.48740088670297
70	-308.4837421546159
71	-299.41160160643693
72	-309.1982079043186
73	-306.22805495647253
74	-306.7428514530725
75	-310.81939038964344
76	-305.64974342965894
77	-296.4726219720528
78	-300.2668283716491
79	-305.60191609386493
80	-293.50400202838364
81	-302.00695073002936
82	-304.8323249242433
83	-305.76318437247573
84	-303.167803850049
85	-301.2451992513444
86	-302.0148101041
87	-305.6444074780366
88	-299.23099744723606
89	-299.33720711765267
90	-301.93088505271754
91	-299.6924770611369
92	-301.8409825952234
93	-299.6045998552222
94	-304.0512418390487
95	-303.75398291596895
96	-303.87168107106334
97	-309.90831274599896
98	-304.3850902964551
99	-300.16430831460224
100	-298.23478777826404
101	-301.618860996906
102	-302.171167181311
103	-302.8510490010199
104	-310.2957143836287
105	-303.7331136626956
106	-305.0866954491799
107	-308.8458541251551
108	-306.45996953960633
109	-304.3637059094018
110	-303.00824273659236
111	-304.4945496081949
112	-300.1370353395262
113	-305.43132041183384
114	-311.1173174918393
115	-309.05804351930203
116	-302.8735927748917
117	-303.5132891328352
118	-302.70807166719936
119	-303.1133472886607
120	-302.9724097190264
121	-308.34420066031316
122	-305.7939440758568
123	-308.07050927164937
124	-307.66309297440534
125	-300.7819375772334
126	-311.7958963153785
127	-299.75316228470007
128	-294.99896753734805
129	-301.16712544829915
130	-303.56383241066453
131	-307.34509985824434
132	-303.4029792263012
133	-307.7084797674188
134	-304.4758195839857
135	-299.83227516874297
136	-294.8007171578421
137	-301.4104146525954
138	-300.3592141255237
139	-307.35788770254175
140	-310.6498760201222
141	-306.21003527034406
142	-302.3804628518844
143	-308.93807284495347
144	-304.5761494634205
145	-301.8881253161795
146	-308.22343151320075
147	-302.2275237290479
148	-305.68364510936186
149	-305.0921992232384
150	-305.6295265526072
151	-308.99974667184176
152	-300.69984364276894
153	-298.71004589817744
154	-301.2573694087173
155	-302.7826573499834
156	-301.7133965881271
157	-302.2569272093414
158	-298.43780474615176
159	-305.60918287791384
160	-305.6239750176231
161	-302.5902908689735
162	-307.2600503339311
163	-300.2250927444009
164	-307.4815599038482
165	-302.69940026903373
166	-306.3692924561261
167	-301.390174227544
168	-303.26803274282963
169	-309.67944082251773
170	-303.8261016285718
171	-305.4870144244573
172	-301.4525395993775
173	-303.5579555951893
174	-309.74040413823883
175	-302.23714282273716
176	-308.60208228453325
177	-311.35218554007037
178	-303.1445733157061
179	-298.89608235317957
180	-296.2991964893747
181	-299.93749498830783
182	-304.9090134057845
183	-294.1443390400768
184	-301.4835967266059
185	-301.14384665243057
186	-298.5656526721464
187	-301.68915355872593
188	-308.33923677064803
189	-305.36438883030996
190	-303.0157367198128
191	-305.0029670937988
192	-308.56098814625017
193	-304.53873759160825
194	-307.16350807301643
195	-301.43069962520974
196	-310.76226688665383
197	-307.6927895377337
198	-308.34644836612017
199	-306.7655741102704
200	-298.12772005382965
201	-302.2654390506419
202	-302.6327809032284
203	-303.80608298374176
204	-307.1758631662715
205	-300.06073257143373
206	-305.07347856232667
207	-306.5240166155209
208	-300.33744778484714
209	-298.85683445483255
210	-300.4704423582125
211	-303.4448916617456
212	-309.62984176364523
213	-304.90416497793336
214	-308.0390647913993
215	-305.2527547527419
216	-303.83281702612544
217	-302.04730336210673
218	-303.3275053478612
219	-302.11670000000004
220	-306.09781614674705
221	-303.2582670683173
222	-308.54180475016284
223	-296.9344605293974
224	-301.15389374727147
225	-302.90496491580274
226	-308.66165064166665
227	-307.3233481746726
228	-302.97659573748257
229	-306.5387622531011
230	-305.94882043062546
231	-306.94542167785437
232	-297.4557684827761
233	-297.51338289754324
234	-298.45697243101347
235	-298.32341497434896
236	-303.99309916815514
237	-308.0439492649352
238	-306.98827569426555
239	-305.1000868074916
240	-312.2165760321321
241	-303.8457971715119
242	-310.7611549249378
243	-305.8423559582802
244	-304.2074239662412
245	-310.3833851615381
246	-308.9825581411012
247	-311.39777759517335
248	-308.0045641032605
249	-311.4371473141283
250	-312.99229656200055
251	-302.9964682781727
252	-309.8627239691323
253	-303.1658095033161
254	-312.2442348647594
255	-298.4907259911649
256	-308.1516048059541
257	-305.4267896364639
258	-307.84902959930895
259	-306.80741558666097
260	-309.0192362461215
261	-305.91227189381124
262	-308.89250457904774
263	-300.71050083620406
264	-302.1684660752217
265	-309.31636012996194
266	-310.2882785363861
267	-312.0355946409914
268	-301.68002117457195
269	-300.1271327694342
270	-301.6020046655605
271	-303.4097049391703
272	-305.3811359346684
273	-309.7817427342281
274	-310.14594595199935
275	-306.3729552766781
276	-306.9274818489487
277	-313.57641156316595
278	-303.239902655314
279	-309.5405408752451
280	-310.09511683900604
281	-310.21391562500025
282	-303.52655254104013
283	-310.2238697333245
284	-308.6513319839051
285	-308.71198971134237
286	-301.01275115497606
287	-303.2969392246327
288	-298.41812073631456
289	-300.38758187302346
290	-298.11963184838373
291	-306.7586600532262
292	-299.26257814108266
293	-301.3983964561453
294	-303.01089232316326
295	-307.1712123227215
296	-307.6361793477398
297	-292.3772126006779
298	-310.0984304383277
299	-310.57611999380026
300	-309.43303059265503
301	-306.65269300081167
302	-306.4289271863282
303	-311.40454265850803
304	-306.7026862713782
305	-309.63463507266454
306	-312.76580232465847
307	-301.5253427444763
308	-302.3493602401574
309	-304.2251657734179
310	-310.36052778658984
311	-311.38567627454285
312	-310.8409837986707
313	-308.9397782598488
314	-306.30393235714126
315	-304.9606078610117
316	-311.1491030811809
317	-312.5051130733387
318	-305.0925207848296
319	-307.40710159193145
320	-304.08324539835513
321	-297.8963775982696
322	-303.03431886475965
323	-309.02313511705876
324	-306.5116133542005
325	-304.5943857170086
326	-299.87069519024703
327	-299.33992239250495
328	-306.5001770266011
329	-307.24403419440523
330	-312.3240596625539
331	-303.37687271742584
332	-302.3759328979286
333	-307.41290584677154
334	-306.6678886799414
335	-308.37653387912945
336	-302.62948851355424
337	-301.270047934785
338	-308.6022709798203
339	-306.12331167513696
340	-310.4432927386296
341	-306.2276126667035
342	-303.9482711465667
343	-304.03899099364685
344	-305.59462403448543
345	-302.2379158309632
346	-309.44613961738264
347	-309.19928190150694
348	-297.5509911900181
349	-303.69672607674175
350	-307.8759379453867
351	-305.6064560532654
352	-303.2168578610192
353	-308.01526657211434
354	-303.01123140735285
355	-303.1517143772407
356	-299.30186819209
357	-300.73542098323554
358	-307.3410828479354
359	-294.5493222397871
360	-311.12123233585953
361	-304.8234371966599
362	-306.0924450222468
363	-306.2439046080475
364	-309.1157617914863
365	-304.6795975429564
366	-301.5205596247691
367	-305.1125575566069
368	-302.0237599419784
369	-299.74071276552525
370	-299.1525333328554
371	-301.6551074226244
372	-307.5442389470061
373	-297.1790701128151
374	-298.0122597806022
375	-300.8799641858934
376	-305.8217161576534
377	-298.30665680899585
378	-308.9562215710339
379	-302.85640839260253
380	-306.63074021795956
381	-309.8847006803444
382	-305.54981537941427
383	-304.22306801580214
384	-301.775067147412
385	-310.5407171064133
386	-307.10733583470426
387	-307.2754349154407
388	-311.5186161817287
389	-297.3958233854726
390	-298.739733254317
391	-302.3496105433941
392	-300.3069005467567
393	-306.20365074168285
394	-306.3641458644501
395	-306.7051301678205
396	-307.16389724003756
397	-303.5550032560064
398	-307.2350896082147
399	-309.21344672379587
400	-309.48496357668836
401	-304.89263508780675
402	-306.6728502510667
403	-307.22129122005947
404	-312.4906200944822
405	-306.422656796478
406	-305.8986103515349
407	-304.4516350744093
408	-308.6347569942035
409	-303.6504416804521
410	-308.48474691268495
411	-305.12625653911425
412	-303.62835623318637
413	-300.1939141770106
414	-311.35799717861244
415	-305.0312234910818
416	-305.2975604113923
417	-300.56341965813453
418	-308.9525199812547
419	-300.99195356861344
420	-304.11175605999154
421	-305.41278512964846
422	-303.1394561982899
423	-310.0933693941309
424	-306.2896201103176
425	-308.8833409552611
426	-307.6344372543821
427	-304.9980031344449
428	-304.1473145937154
429	-305.41147776609233
430	-307.674314919245
431	-300.90604698572554
432	-301.3781793863473
433	-300.50846313416355
434	-303.69798325835495
435	-303.60776984427577
436	-309.8330670422997
437	-308.35556005196185
438	-308.3109684442102
439	-304.05042255168973
440	-299.5853315328206
441	-304.3552584481739
442	-308.39234963048705
443	-299.45164478541216
444	-301.1987341076927
445	-307.16504222810016
446	-308.15576844504824
447	-300.0988951771312
448	-306.18183425010255
449	-304.65608376186015
450	-306.3684244877985
451	-309.2484606767429
452	-307.25252581554116
453	-303.9283512890568
454	-304.45995874702203
455	-298.3949835213016
456	-302.6374356985984
457	-303.57216190089036
458	-301.4174263048657
459	-308.8479781206337
460	-300.03614592453715
461	-308.79296289074534
462	-307.77101305932456
463	-301.95476165882116
464	-304.87742506267386
465	-305.93782315068876
466	-306.1297236962703
467	-304.7325327966582
468	-307.5105141109724
469	-300.0524994590402
470	-306.67768873575085
471	-299.59386124690184
472	-301.468037320482
473	-300.6149979329032
474	-305.5546888726064
475	-307.0109924052244
476	-303.9993836620977
477	-304.8320665738313
478	-305.3598525874638
479	-298.4556000000058
480	-300.176155625202
481	-299.45119476737625
482	-307.56696400574015
483	-305.2125790098297
484	-306.5257390532715
485	-301.29478992495604
486	-303.82215464031657
487	-303.12264290890647
488	-308.94335903889555
489	-310.13248858195755
490	-303.46837758611065
491	-306.1192855387753
492	-306.3876577246475
493	-305.61467347534506
494	-310.75561133749244
495	-306.02037614244625
496	-303.07709374003923
497	-295.6770119095951
498	-303.7283427322498
499	-296.3332991658654
500	-300.196861200363
501	-307.24894622228686
502	-305.0858109957175
503	-304.03691904075293
504	-303.33950917003585
505	-302.6954917375745
506	-307.50061919540747
507	-308.63054408722627
508	-307.3648819370319
509	-304.66416316284585
510	-307.1772052909832
511	-303.92818294822473
512	-308.04353367861097
513	-311.5532209672198
514	-312.34039134809063
515	-308.0140433836249
516	-309.90954083812437
517	-312.1736710381671
518	-304.5360164196944
519	-308.36450419273
520	-303.60393100899984
521	-308.49725670996895
522	-310.06928945567967
523	-308.0385432531635
524	-301.75925183511225
525	-312.6483467338152
526	-309.3111952457442
527	-305.23160961160994
528	-311.0254024291088
529	-302.9408289120512
530	-306.1133133749303
531	-308.7551128306148
532	-303.2906996957499
533	-300.7156016765761
534	-305.2583705153898
535	-305.8333480109072
536	-311.2194795098675
537	-311.9674184655668
538	-302.96003047772064
539	-306.5090864070482
540	-302.9145087783768
541	-313.2424397558446
542	-302.3730231348572
543	-307.4586740590507
544	-308.10471528961426
545	-302.9073519028777
546	-307.8927997434438
547	-304.10350138483943
548	-309.22610911454063
549	-303.488566015089
550	-301.31647737392973
551	-304.1594573621478
552	-315.03296493445976
553	-303.64622628855966
554	-312.46339162103266
555	-310.53301349772806
556	-305.4579069525966
557	-307.0809674721897
558	-297.7367490244424
559	-299.83815645303105
560	-303.48163172304976
561	-309.75189490080976
562	-305.9943119322684
563	-310.4702460213666
564	-308.6691718770702
565	-307.54651799157006
566	-306.97774628889005
567	-306.2831475692826
568	-301.8915946469767
569	-299.35001885690923
570	-309.380383732643
571	-308.6626752249032
572	-302.269046483573
573	-299.8631548544434
574	-302.7935978658363
575	-304.7999437288974
576	-305.8207769924803
577	-300.89773353515824
578	-302.12205285899194
579	-308.09242737129836
580	-303.50390308108535
581	-307.07990002761125
582	-307.88981764751145
583	-309.14138918201326
584	-312.3154561313985
585	-304.71613559855547
586	-305.56222675012407
587	-306.24938758820156
588	-306.4500879182763
589	-309.5178726246359
590	-302.23452936881205
591	-301.7556176063007
592	-305.08524518690336
593	-295.4856103190782
594	-307.2731684075279
595	-304.86829319790314
596	-306.9334259293801
597	-304.6248848896074
598	-299.8639376096299
599	-302.36844206350065
600	-306.3872919962302
601	-304.7659854089279
602	-300.7674290804204
603	-304.5051618101552
604	-302.7296207886606
605	-307.93101623858837
606	-313.7865512688648
607	-305.67561179221997
608	-300.4935993087416
609	-299.4794868501456
610	-304.2643774064301
611	-305.03543974734146
612	-307.09343848297607
613	-299.4565455384954
614	-309.2589869463145
615	-309.0249562615617
616	-304.835556593847
617	-307.2105990073461
618	-300.5503655240048
619	-305.2789449809147
620	-303.56254031045023
621	-306.40563861775894
622	-307.0882738971162
623	-303.02152072203575
624	-300.3832973464091
625	-293.6153934936905
626	-308.6686372791076
627	-304.7551398285425
628	-307.3208621510241
629	-304.89179741950386
630	-306.89777625178095
631	-306.1348048878312
632	-305.47761820666364
633	-312.74051103358903
634	-311.3589383532468
635	-303.2679216633481
636	-310.11646252742656
637	-305.64939818991706
638	-306.2781451473023
639	-304.2108615115009
640	-304.83309993677165
641	-305.99718981667644
642	-311.9321523228813
643	-302.7283475757824
644	-311.1524467348769
645	-308.62931729920217
646	-302.99182478773145
647	-297.21428975092493
648	-308.06663468148986
649	-309.4004413260682
650	-302.3027408011341
651	-306.3791291549045
652	-304.31430833563144
653	-297.62373214928544
654	-306.33234586981683
655	-303.6869183780363
656	-306.35160638324635
657	-296.1873478524833
658	-295.70543309488744
659	-301.8668385006347
660	-307.3779407042216
661	-306.1972084509006
662	-303.3506318617384
663	-310.8628889843341
664	-306.85816066243507
665	-300.7786062982653
666	-307.34798844490047
667	-310.24868339872546
668	-303.44739310340174
669	-308.47876411343145
670	-303.35386742099854
671	-305.0201140021776
672	-305.1972344606154
673	-302.0126287458158
674	-304.9008573110397
675	-306.4048663903465
676	-302.60460718579077
677	-300.93066983884626
678	-307.41930539664276
679	-305.7411090553134
680	-305.23594458203144
681	-306.8997907803716
682	-305.26942535949263
683	-303.17254226344033
684	-300.7391404259888
685	-303.0436660422125
686	-298.63280567345515
687	-299.55693434774787
688	-304.55273145993164
689	-309.2049702034102
690	-296.42506901252847
691	-305.06829579792304
692	-299.3851735931765
693	-302.849432936557
694	-307.88936855884486
695	-296.07268346520664
696	-308.44618158465795
697	-295.5920371623896
698	-303.3251480667272
699	-305.10745182719694
700	-303.15077704773256
701	-308.7117843872027
702	-306.97433718976964
703	-298.128593092828
704	-304.1575142516187
705	-309.09109206611726
706	-307.2912627266612
707	-310.0942124019202
708	-308.3665576711846
709	-305.53687586783093
710	-299.364488623381
711	-310.2588131266679
712	-307.4913932060652
713	-308.88183357684034
714	-305.5210797685717
715	-305.2080965390902
716	-303.765291009192
717	-312.352404460504
718	-303.22962436413064
719	-310.9298549219912
720	-300.4804957832084
721	-309.03216599196764
722	-314.04034834095955
723	-311.08118477271285
724	-307.1070848427786
725	-307.15917584336825
726	-308.7584503394689
727	-311.2878159811854
728	-307.4611647423051
729	-307.41524804817254
730	-300.92925890814905
731	-302.38082186309464
732	-308.8369992602304
733	-308.24973392761035
734	-312.11593465090874
735	-309.11123969648116
736	-308.3892533026779
737	-302.6120179587777
738	-304.4926717422472
739	-302.56875178298344
740	-304.1642864054798
741	-301.0216040511597
742	-298.80665357358447
743	-296.4407154342469
744	-297.6748774847658
745	-304.1815010726427
746	-297.0382164452738
747	-301.7321233942155
748	-303.95303687351844
749	-306.38831541954136
750	-299.775947440605
751	-296.0630925494527
752	-311.0168429367922
753	-298.76025449808196
754	-300.54506018565775
755	-305.3903185634071
756	-301.9704200276932
757	-309.08486405466874
758	-300.25221966728895
759	-301.1835600536716
760	-310.15723642111624
761	-304.59289439150524
762	-306.3705120820356
763	-307.4810059816667
764	-307.6645969541476
765	-308.0643960792521
766	-296.49875212778045
767	-305.53567753586606
768	-304.96311044751474
769	-307.5976426684544
770	-303.8606278053935
771	-315.1180309685589
772	-307.3163657883819
773	-306.0476543920082
774	-310.7961653721656
775	-307.2041263925301
776	-303.2190330651173
777	-308.03213624076335
778	-310.7231265113648
779	-306.4403267622143
780	-303.52097527072704
781	-307.5657396422132
782	-306.892854480622
783	-301.16919886409437
784	-304.2796218133443
785	-297.8252823939435
786	-300.6515217125677
787	-303.76935720952457
788	-309.15317126700097
789	-309.897394259346
790	-299.4892105042142
791	-307.7780173432358
792	-306.6392523179433
793	-303.58683875405836
794	-307.92945546147286
795	-310.3218050165925
796	-307.7179713941529
797	-304.9418864943315
798	-307.021240478037
799	-296.95194185151496
800	-310.50661267652754
801	-305.08511309811206
802	-298.46139650515727
803	-303.24135367214404
804	-306.20925938662344
805	-303.683989899998
806	-307.4025299953034
807	-307.90497362241865
808	-306.25359728869637
809	-301.22886630089255
810	-306.1347031673786
811	-307.4755241977723
812	-310.07951257797924
813	-299.4513900670175
814	-305.46389785465067
815	-303.87645834066694
816	-310.4394138716516
817	-299.7605997977593
818	-304.5313208374793
819	-309.9781546818069
820	-305.30284303844326
821	-305.4686643771286
822	-298.1053889903698
823	-303.26493987866627
824	-310.5030669672073
825	-298.6259238640686
826	-305.05983345766396
827	-309.69622780892587
828	-302.082820643992
829	-309.40746543472545
830	-304.39338040531635
831	-304.36546151754555
832	-303.6558515444561
833	-304.7928282165193
834	-301.57165506814977
835	-308.3324032467455
836	-303.4660343047723
837	-304.5902217563445
838	-301.3744333343657
839	-303.0178676253416
840	-309.56332433708167
841	-307.5396674187767
842	-301.8821403775891
843	-305.14015765020594
844	-303.66635838727274
845	-297.27466379110723
846	-307.1401863025224
847	-302.31693305916235
848	-305.0624185402254
849	-308.20121695852765
850	-307.46096030752403
851	-304.52037881860775
852	-305.3991330506529
853	-302.2975150459265
854	-303.37119913364387
855	-306.0298150771356
856	-302.6080016278193
857	-302.5654433523856
858	-305.7187958923616
859	-312.0335049796134
860	-309.3540955811341
861	-307.90982652712796
862	-298.41641024049176
863	-300.59266854789064
864	-304.76207776864055
865	-306.2282721880895
866	-303.70785845190653
867	-305.11235665420566
868	-296.30645260659946
869	-309.89693453421165
870	-303.16994236337973
871	-300.6014822980297
872	-299.96033086555366
873	-302.7660697684746
874	-308.21280786257955
875	-300.1395075838261
876	-301.96499437709895
877	-304.296464329544
878	-307.30633344375855
879	-304.3943914554016
880	-304.1817476489043
881	-307.37552420870475
882	-302.7845870631923
883	-308.4869128901975
884	-304.8480046326845
885	-298.0237323303766
886	-298.9540311822087
887	-301.50834104691444
888	-309.2833801752618
889	-298.01326912771066
890	-299.3105213123707
891	-307.96174317116356
892	-308.1536429138258
893	-305.58286432541615
894	-304.6594382687731
895	-301.6953078612113
896	-305.0827486078406
897	-303.8329409968349
898	-306.1391290357726
899	-304.73870721650616
900	-310.42786733646824
901	-305.3359699077691
902	-306.1539237818095
903	-305.12704466083983
904	-298.6333431205678
905	-302.92817898297824
906	-305.14385777812925
907	-307.76281753290755
908	-309.550018939785
909	-308.6027651138799
910	-302.9129628643801
911	-307.73043651601284
912	-311.45630683943216
913	-300.56990595873503
914	-307.14107369617983
915	-308.1873950763552
916	-305.91703678583457
917	-306.76548926476636
918	-301.73590840778354
919	-295.61225951112186
920	-302.0648825986526
921	-297.72275346666737
922	-305.47995293941614
923	-302.38087765943146
924	-306.5753641247297
925	-310.59493049471655
926	-299.80573823586246
927	-303.04157514591947
928	-299.4683591513936
929	-303.3379634607238
930	-308.44892651435896
931	-308.45736411952106
932	-309.1328253101301
933	-297.99861453346205
934	-301.2951283920442
935	-307.8535646542551
936	-302.7756585851624
937	-304.9827026252489
938	-301.7635062727942
939	-305.31976355839225
940	-304.68275739892624
941	-309.9177969926228
942	-300.7204969713162
943	-304.96695871836175
944	-300.68365108845336
945	-294.0144685843363
946	-297.94754232314347
947	-299.75580466923157
948	-296.8939945012145
949	-304.3326238717131
950	-302.8345842265167
951	-301.95217439058223
952	-300.7065047065394
953	-302.9464260980599
954	-301.2288912954589
955	-311.6554161143274
956	-305.6172539717211
957	-306.41425770133054
958	-300.2048588272385
959	-303.9270204544968
960	-301.71030991006455
961	-303.03265412935406
962	-300.2495795827738
963	-306.0345141022452
964	-298.74192794726525
965	-307.4768627103521
966	-304.20262579415805
967	-300.71521855114094
968	-302.7178174699094
969	-307.652393927123
970	-302.6894706385267
971	-308.0122532412817
972	-308.83058991095936
973	-299.7796282033366
974	-303.9775872619992
975	-297.83156671577325
976	-305.4537965587046
977	-305.5910032779131
978	-306.1562540180416
979	-308.7688598194305
980	-304.34190934060837
981	-309.07386803648194
982	-306.4957660563068
983	-294.2846550442504
984	-300.72520017367043
985	-305.1159165264014
986	-309.735812277723
987	-304.14119522601595
988	-305.36117409170436
989	-308.7781613541634
990	-307.87441279877294
991	-305.6449558746618
992	-306.448752144052
993	-304.6378408385215
994	-312.308660666202
995	-302.6045460602794
996	-309.0006745097127
997	-304.58160647685935
998	-310.46294307976683
999	-307.39930383366834
1000	-310.3148713280236
1001	-304.6005563914301
1002	-301.1330695863691
1003	-303.40200924766737
1004	-308.44265100937446
1005	-301.71412102425273
1006	-308.1934730202736
1007	-291.4288783587868
1008	-309.18013189857885
1009	-299.32185734986695
1010	-299.729758325138
1011	-302.1905586248292
1012	-308.17184673260084
1013	-305.11128068653227
1014	-310.78997490589234
1015	-306.66650665544535
1016	-303.50349455838796
1017	-301.7187097737776
1018	-307.4557951568351
1019	-302.2557616390858
1020	-305.00571092332484
1021	-299.6785643248327
1022	-304.4124137420259
1023	-304.98001088939355
1024	-301.57286104315733
1025	-294.73966171472006
1026	-306.79160851373933
1027	-304.4313616632116
1028	-302.80282626302164
1029	-304.16418153005657
1030	-308.0325751558263
1031	-306.1482687231125
1032	-309.11472096332807
1033	-315.29399639869064
1034	-302.78828736274664
1035	-312.2977545294665
1036	-304.64058422193847
1037	-308.2880271257634
1038	-302.299976369829
1039	-306.933306103585
1040	-305.6826151338143
1041	-312.19448166511586
1042	-308.07777339686425
1043	-314.70214977275975
1044	-311.5128392662935
1045	-315.0564599190494
1046	-305.9629109983644
1047	-302.3298376867146
1048	-301.1238552879949
1049	-306.352321049861
1050	-307.23627730132114
1051	-302.7063749840216
1052	-303.82489262070607
1053	-307.3964832470007
1054	-309.17038469040136
1055	-306.08233528129455
1056	-300.8175380703789
1057	-304.9292876380153
1058	-303.9677228788131
1059	-308.22956865520706
1060	-307.3520845507186
1061	-306.73835371362065
1062	-306.2782285605444
1063	-310.70630676140456
1064	-303.83120726545866
1065	-304.44544882075206
1066	-307.78178461929656
1067	-308.2407053277193
1068	-308.64350381600553
1069	-304.54810997234586
1070	-306.0828816064801
1071	-304.91402603023397
1072	-312.41928203754503
1073	-310.92212511252734
1074	-299.5371935461771
1075	-307.04079148497425
1076	-302.0752218456575
1077	-304.26706962912584
1078	-309.459590866306
1079	-301.25004953037717
1080	-304.41268020289414
1081	-299.48813423635454
1082	-307.9445051739973
1083	-299.7108283618035
1084	-301.34009839027084
1085	-306.8547550571507
1086	-308.77921699016326
1087	-304.940884313783
1088	-307.44059226042276
1089	-302.0202599286045
1090	-308.0750540249942
1091	-310.40840813988535
1092	-307.56305423600816
1093	-300.49197665928125
1094	-301.71708585018615
1095	-303.0983939094924
1096	-302.0324564047101
1097	-306.1828603911185
1098	-305.55918259182147
1099	-305.3629414228453
1100	-315.00293320171556
1101	-309.7229255274924
1102	-307.3345424382875
1103	-306.50315969708794
1104	-301.6417397928917
1105	-296.2738384006193
1106	-303.6612470037976
1107	-302.61359917525124
1108	-304.9197843191901
1109	-308.406459649919
1110	-306.28353248632243
1111	-301.0124223634321
1112	-303.83915325589066
1113	-307.9530398619586
1114	-304.6406519898801
1115	-312.47551965529334
1116	-310.27758623331266
1117	-301.33916041863597
1118	-304.2813418664842
1119	-302.03877342417434
1120	-306.24501923457655
1121	-306.45741717892173
1122	-297.85169573070567
1123	-309.17255733099495
1124	-308.33238209801215
1125	-304.04686251772443
1126	-311.54880876978024
1127	-302.64000358129067
1128	-307.55883752804374
1129	-306.8575983144713
1130	-303.86340827232857
1131	-306.01322375255546
1132	-306.189167236677
1133	-303.3726887424549
1134	-310.97491763820796
1135	-304.7535799867247
1136	-313.946571073316
1137	-313.3620513394766
1138	-309.9568768068983
1139	-301.3423956364447
1140	-303.8650524835444
1141	-308.0392795734767
1142	-309.6826225256562
1143	-307.08670635125407
1144	-297.80066315112
1145	-306.7763007648544
1146	-305.142151434359
1147	-307.2204513807288
1148	-306.91641818873984
1149	-302.02917483166664
1150	-302.35233602105546
1151	-304.39292603509637
1152	-297.37702682149785
1153	-304.4808842399923
1154	-306.5556927623169
1155	-302.92255682913947
1156	-312.0751959233894
1157	-306.62939435897437
1158	-306.6856421101042
1159	-302.19192497141626
1160	-306.2579391711597
1161	-300.8102341312632
1162	-301.90709689630006
1163	-310.732305217231
1164	-302.7207328434722
1165	-302.3780297060822
1166	-300.1391566015304
1167	-300.6156154227758
1168	-296.27834933188245
1169	-308.8287685718732
1170	-307.5997175450729
1171	-309.8312971426354
1172	-308.77561013964413
1173	-310.6878579747325
1174	-307.9129837868975
1175	-314.19155904322156
1176	-306.62695993891026
1177	-307.95814390964546
1178	-317.3113669061874
1179	-306.42713004116075
1180	-312.0294710287343
1181	-310.3940065232077
1182	-311.9953910222147
1183	-307.41143381709117
1184	-310.3960378244403
1185	-303.27239836445995
1186	-311.3552577296323
1187	-309.26860599857207
1188	-307.1899583918988
1189	-307.6340065367544
1190	-309.3588452787576
1191	-308.48140724514957
1192	-311.00994337439664
1193	-306.3386022394687
1194	-305.4186292774541
1195	-308.251456114567
1196	-310.3225460429968
1197	-308.9816281879539
1198	-307.9113525358369
1199	-309.206844764696
1200	-301.899683231631
1201	-302.4882157803872
1202	-307.91644160446356
1203	-307.23234761120625
1204	-308.2112947104537
1205	-308.1603728115152
1206	-310.1140065294727
1207	-304.61328999794745
1208	-310.29683143134054
1209	-299.65671329622194
1210	-298.3083714836821
1211	-306.12303401025355
1212	-300.7329360884136
1213	-303.96488678252933
1214	-299.4562577617702
1215	-309.01263362505244
1216	-305.7694036612224
1217	-304.17205754093067
1218	-308.4600601482279
1219	-303.17622154589776
1220	-301.671742660585
1221	-297.0306671539372
1222	-295.21850703795263
1223	-296.51955776649993
1224	-302.9845217542182
1225	-306.7665828142701
1226	-302.89511559790265
1227	-303.1170622956699
1228	-300.0169624408766
1229	-306.8665386338152
1230	-306.4703424048365
1231	-299.8480475556203
1232	-302.78569600040805
1233	-302.09156203409896
1234	-311.9578228100213
1235	-302.35051449970143
1236	-300.18138553320387
1237	-302.6924563406239
1238	-296.46077787872235
1239	-297.0650616565982
1240	-299.9877841616208
1241	-304.0650585892732
1242	-303.0403346277239
1243	-304.89630508892634
1244	-301.2640382929726
1245	-308.9222210892037
1246	-304.3681880516753
1247	-305.0494686896583
1248	-305.25411539732676
1249	-301.87654796021957
1250	-302.63258917159015
1251	-299.79255467140274
1252	-303.0521880651437
1253	-305.42750807835245
1254	-314.3859155529246
1255	-303.8975007810164
1256	-302.12990965284035
1257	-308.4096869814456
1258	-304.58502556801574
1259	-298.59539420542626
1260	-309.0432790454512
1261	-297.8073102642972
1262	-303.4549058610248
1263	-305.11563983901414
1264	-306.85713984093303
1265	-306.44918559818325
1266	-308.74071726091597
1267	-305.5865934888315
1268	-299.5887420105113
1269	-304.1618943413805
1270	-302.29111607570275
1271	-305.5361595443631
1272	-299.1066103558175
1273	-311.5829306966675
1274	-309.27652223078695
1275	-312.92934425381145
1276	-314.9229659012864
1277	-306.50976803105044
1278	-309.13654132968907
1279	-310.09656782559296
1280	-301.0730094131376
1281	-301.28195999487593
1282	-304.0157584416305
1283	-310.5463945709753
1284	-308.76803471932107
1285	-305.834962116546
1286	-311.49380415746595
1287	-306.96043298774543
1288	-300.57435619390947
1289	-305.5261308161609
1290	-309.3918602481931
1291	-298.1610783782469
1292	-300.45183453104016
1293	-300.1019257317761
1294	-300.8652151675577
1295	-309.21921871446517
1296	-306.57501946039304
1297	-304.6585396831646
1298	-297.75195447609246
1299	-299.8439616955928
1300	-302.2003262327167
1301	-292.7150186849935
1302	-303.4686855007482
1303	-308.984897436281
1304	-311.7024514382499
1305	-302.9650910578632
1306	-303.55341772161466
1307	-306.7196882599407
1308	-301.2081864775021
1309	-308.6890266962531
1310	-317.9793120381023
1311	-316.8181748677494
1312	-303.06787264571875
1313	-311.35532531952373
1314	-309.798244003597
1315	-308.1364446788427
1316	-308.2163870181855
1317	-300.23228212808846
1318	-309.52717997019283
1319	-307.3118420482211
1320	-307.0311779440377
1321	-297.33866378288826
1322	-298.60311631564235
1323	-311.90155282970693
1324	-308.02042240396526
1325	-303.8915934666742
1326	-308.56308236578747
1327	-303.69102384968136
1328	-308.34716653356736
1329	-305.99537387498265
1330	-309.69903321374983
1331	-308.83499112849694
1332	-304.50342773254613
1333	-303.422083477819
1334	-306.5600515340681
1335	-312.78490053616684
1336	-308.6079306479631
1337	-304.9234116729731
1338	-310.5555057186486
1339	-309.0561761416759
1340	-311.36137592142705
1341	-307.7741984878686
1342	-303.08060284736047
1343	-299.43288516445705
1344	-304.2729964068076
1345	-310.33218197425265
1346	-304.870711225159
1347	-308.21937685382846
1348	-305.36236891825394
1349	-303.1350913355353
1350	-309.2015947644297
1351	-302.37467871333257
1352	-307.0347711220583
1353	-301.9677517884781
1354	-308.3102417155465
1355	-305.3439124661519
1356	-303.9537959856999
1357	-306.15244058201773
1358	-304.387736210083
1359	-304.71569047144874
1360	-306.5683871546948
1361	-309.13757328717696
1362	-305.3516947084656
1363	-305.84521013916867
1364	-304.40252178990653
1365	-299.8432378096539
1366	-310.2216644641935
1367	-305.4376638538373
1368	-303.70756951799603
1369	-303.981441458655
1370	-310.2475465657923
1371	-308.89033820492364
1372	-309.68682413011186
1373	-307.60929807665656
1374	-305.8264257570716
1375	-302.43515052607955
1376	-308.5239036932747
1377	-314.701142746634
1378	-306.4911214269608
1379	-309.51135439247406
1380	-305.8704989211388
1381	-303.06125266408804
1382	-310.75958727860507
1383	-297.6082950568459
1384	-307.1165021264876
1385	-306.1567630773086
1386	-305.7534488082715
1387	-305.9801291201875
1388	-303.50736185561567
1389	-310.7596573093949
1390	-305.45496043082505
1391	-307.0150727041471
1392	-306.07285967309684
1393	-308.7694519212258
1394	-304.4604789499546
1395	-311.8030288712065
1396	-306.106699853162
1397	-301.4916814773568
1398	-304.864391077965
1399	-306.41496526744703
1400	-298.4175957955764
1401	-303.5131372387216
1402	-304.67249410303003
1403	-310.48391672775216
1404	-309.0577976905129
1405	-307.5991475035166
1406	-302.6366225900531
1407	-302.56404183766807
1408	-301.8246589978578
1409	-303.0315630748796
1410	-300.6030600028607
1411	-306.54752481726433
1412	-303.81233048967647
1413	-302.22376992745495
1414	-301.3609764978929
1415	-307.2750048222522
1416	-307.13988244447995
1417	-305.13340662625916
1418	-311.8699637346881
1419	-308.5887651935872
1420	-311.3145282022975
1421	-310.507580738913
1422	-304.53134015145906
1423	-302.8623014576428
1424	-309.4358200044061
1425	-306.92324754971116
1426	-308.94321752606174
1427	-300.08837487118814
1428	-298.8719795709319
1429	-308.5381102853352
1430	-305.1530627846391
1431	-307.1529444673321
1432	-309.69129313723704
1433	-306.6296058661567
1434	-299.06056519302285
1435	-311.89396795836063
1436	-300.0443463470247
1437	-311.2330390439911
1438	-305.4037327121101
1439	-302.4104932844273
1440	-306.19759009344403
1441	-304.0253434109979
1442	-305.2804976828236
1443	-305.10262405742543
1444	-309.7901558720719
1445	-307.9787326786802
1446	-307.98644897708715
1447	-309.1947122659436
1448	-301.6948251263713
1449	-298.6121509858268
1450	-300.4570868761307
1451	-308.0555145865699
1452	-304.9991778548611
1453	-311.2308792594461
1454	-305.0697411990707
1455	-307.0710720314378
1456	-302.398676430303
1457	-308.3564397218174
1458	-307.6093439129348
1459	-309.13959558981264
1460	-309.2349975273764
1461	-303.3547530937573
1462	-307.9758968342496
1463	-304.635654137157
1464	-302.3769675345043
1465	-311.84948608058994
1466	-307.8404876330521
1467	-306.3142231989146
1468	-310.3233520570722
1469	-305.20652830118433
1470	-308.30200516545466
1471	-307.56340857404064
1472	-308.51825303748825
1473	-307.9331680489245
1474	-303.1207304687056
1475	-306.11587218031866
1476	-303.53463656943444
1477	-304.81414829568763
1478	-306.02864405574064
1479	-303.453072558793
1480	-301.3780317308374
1481	-303.29020710775615
1482	-305.7763761995386
1483	-308.05807190490384
1484	-302.84084267562605
1485	-297.6348819286364
1486	-310.3195715030634
1487	-302.3932692085731
1488	-296.04585598066376
1489	-299.941605398063
1490	-303.8500755957944
1491	-303.7206566294701
1492	-301.26424517987033
1493	-306.03440404939533
1494	-305.16248900390974
1495	-309.4886109452003
1496	-304.3938942838956
1497	-300.68102539957556
1498	-304.20252477008086
1499	-311.26954679709564
1500	-308.38938769568074
1501	-299.97400762549034
1502	-302.2089389585955
1503	-302.11971755660204
1504	-305.1414112728934
1505	-307.42141498891914
1506	-302.495280896494
1507	-309.27506634668083
1508	-302.1863495450745
1509	-303.7516074003111
1510	-308.2608318523633
1511	-312.3959458480192
1512	-308.84078209559084
1513	-306.5522157193458
1514	-310.4487176021905
1515	-311.22723159567846
1516	-302.07985372600876
1517	-304.55253997145184
1518	-309.18463282475795
1519	-309.07286324224145
1520	-306.4336000077354
1521	-307.17092626399636
1522	-303.02759893991544
1523	-304.52771775134636
1524	-307.54237622808233
1525	-305.70006227493917
1526	-299.2436724941343
1527	-304.08393084028694
1528	-303.4649577763497
1529	-303.3835291793197
1530	-298.4849098689036
1531	-291.81835181789836
1532	-298.27926133461114
1533	-298.81415901188444
1534	-303.23872551607394
1535	-302.3318671784124
1536	-308.41590697602476
1537	-298.8987289870203
1538	-303.8881000131239
1539	-308.1089069797754
1540	-308.7678248557818
1541	-302.89081368955084
1542	-305.98782916424267
1543	-302.2279206111215
1544	-305.43022484107433
1545	-295.5896936659811
1546	-301.29017479898044
1547	-302.36193699878174
1548	-302.68518957636337
1549	-301.6079735646113
1550	-304.380470480033
1551	-303.87806985601475
1552	-300.5544628258184
1553	-294.75803852349827
1554	-308.28206395688113
1555	-305.46853163801626
1556	-304.9705283696459
1557	-304.1270519314678
1558	-302.9652760163764
1559	-308.3207530524112
1560	-301.3213201731387
1561	-302.44701373207545
1562	-300.5501185212394
1563	-307.0983772579795
1564	-302.86743932928056
1565	-303.8438639149382
1566	-309.087912920442
1567	-303.0832644220049
1568	-306.45641781986785
1569	-307.9412612686004
1570	-310.8755333644942
1571	-302.85278921175563
1572	-303.90739947960054
1573	-303.68331821962374
1574	-301.6207095002314
1575	-297.99215379521127
1576	-304.331250032564
1577	-305.19208669857966
1578	-305.53771391660115
1579	-304.3120647725411
1580	-307.6827137920145
1581	-302.04199852893083
1582	-301.64722472441963
1583	-302.6703554676261
1584	-301.05104917826117
1585	-304.1911071889
1586	-301.2084939720433
1587	-306.4405720056675
1588	-305.48003537345636
1589	-303.9857304934553
1590	-296.1146881959084
1591	-302.61901057268886
1592	-311.20941900213757
1593	-303.55422543866143
1594	-308.7575061898844
1595	-310.68289651149837
1596	-306.6082675310668
1597	-300.79268796598774
1598	-307.65530978493246
1599	-308.59458994384323
1600	-306.55416528284593
1601	-310.5663999124898
1602	-297.26550181307755
1603	-294.7838149448699
1604	-309.41651998224665
1605	-304.4628886470929
1606	-310.05524212499193
1607	-300.00540281293246
1608	-299.52664902383805
1609	-305.9438761293281
1610	-297.0475010192625
1611	-307.666211598837
1612	-306.85629996076386
1613	-304.5719555774345
1614	-311.27122240226504
1615	-303.9201916100938
1616	-303.1831459481565
1617	-304.8346505327748
1618	-301.82756836277497
1619	-306.1394071102332
1620	-302.29936317080785
1621	-306.808389680545
1622	-301.6904938780554
1623	-308.95497243072987
1624	-306.5966997786422
1625	-301.823609173451
1626	-302.09535191034246
1627	-300.94744312098504
1628	-305.2429384450115
1629	-302.08142768040597
1630	-307.50246231524807
1631	-308.32099592528084
1632	-301.2090863630492
1633	-305.237834595416
1634	-298.6948078183435
1635	-311.1855880260191
1636	-302.10257861276534
1637	-303.16580709724235
1638	-301.94547582865727
1639	-298.780258961653
1640	-303.34550118636935
1641	-312.6783831551046
1642	-307.23395513624564
1643	-306.394650680901
1644	-304.7672739076478
1645	-307.80494792102826
1646	-304.53044963480335
1647	-311.08656950453206
1648	-297.5928002438354
1649	-300.8443827802257
1650	-301.21507126108423
1651	-302.20099495182654
1652	-310.3244832110959
1653	-305.51032669165045
1654	-302.7384055529806
1655	-309.73138557788945
1656	-305.271141214258
1657	-304.2512688403408
1658	-299.8359768934543
1659	-302.98884944487384
1660	-301.2748837510954
1661	-309.191301770502
1662	-309.30193587532494
1663	-299.0951472181339
1664	-299.159089107337
1665	-302.9018217275886
1666	-309.1352754562779
1667	-300.01014212691274
1668	-309.5568718138011
1669	-312.7565628552716
1670	-314.43556883034546
1671	-313.0686278624015
1672	-308.3438512024217
1673	-301.6655713413614
1674	-306.47606882070033
1675	-304.89383382739925
1676	-304.43838042013357
1677	-304.95945813896543
1678	-308.94509983975354
1679	-314.81183501963824
1680	-308.4231636914767
1681	-309.5416024983764
1682	-307.56828160085644
1683	-304.3130976239476
1684	-302.56800912520424
1685	-307.1909131447921
1686	-304.53773051218866
1687	-312.26937148953203
1688	-301.642162366699
1689	-304.6652385363517
1690	-302.8348911103354
1691	-302.561686426798
1692	-306.39631751516447
1693	-303.65323872459845
1694	-304.56518597477196
1695	-299.08357175101537
1696	-305.63620799685566
1697	-307.8654459978543
1698	-307.6785804539291
1699	-303.8096308541353
1700	-301.4793831276263
1701	-308.3506362969784
1702	-305.28935608659833
1703	-305.369271850667
1704	-305.15435033793193
1705	-303.5327253870623
1706	-303.60629443578165
1707	-304.48086999967563
1708	-305.3987651874611
1709	-299.59617522586876
1710	-305.6179529920376
1711	-312.8834682979485
1712	-311.6427342391398
1713	-304.4757189888071
1714	-306.16281931147915
1715	-305.21580449085485
1716	-304.08040700424016
1717	-302.2780056598531
1718	-307.2436257177114
1719	-302.47080013399193
1720	-299.8097035690487
1721	-309.6539300211508
1722	-305.8658979056848
1723	-302.5564086214212
1724	-305.6698981131641
1725	-304.49445250275727
1726	-301.233615054395
1727	-308.79563425634336
1728	-307.9493977501444
1729	-300.21399260903354
1730	-306.45905229467337
1731	-302.8045136383555
1732	-309.1488902274632
1733	-301.0156798914995
1734	-306.1032922248817
1735	-315.9980059825302
1736	-302.68054478624515
1737	-304.84408434022674
1738	-304.15089939058697
1739	-302.36464060996593
1740	-305.7164852981826
1741	-302.34566354910316
1742	-306.0429517373838
1743	-308.40185099307666
1744	-314.1113008896789
1745	-299.9080605412279
1746	-302.39865048460655
1747	-307.2743186275746
1748	-300.6775910150071
1749	-306.7797862424495
1750	-301.11498105893213
1751	-300.15790112115656
1752	-307.0133783463749
1753	-293.52923140016134
1754	-304.85046795087203
1755	-310.6270704431329
1756	-297.465976989899
1757	-305.5393563326433
1758	-307.52249327450744
1759	-301.1786034912768
1760	-304.3167810026902
1761	-296.7782473740803
1762	-307.584748241525
1763	-301.1298860463824
1764	-301.874575367383
1765	-306.23963280591715
1766	-304.5073812434177
1767	-299.692234969462
1768	-304.50842833556663
1769	-303.81114460632716
1770	-301.3568701018451
1771	-308.2043396129749
1772	-307.8902549375637
1773	-306.8803331284849
1774	-301.83034981846265
1775	-307.21357984153667
1776	-305.68282711413605
1777	-300.9463272304155
1778	-303.6110201179586
1779	-306.38913227717694
1780	-304.8902232098799
1781	-299.8483831681275
1782	-307.24173323166775
1783	-309.5310059552275
1784	-304.7715890412089
1785	-303.7304854935123
1786	-300.6652818626037
1787	-303.06054089408394
1788	-304.3967192833645
1789	-303.65970607623643
1790	-307.8993666002788
1791	-306.62569646192827
1792	-310.58355817964406
1793	-307.875508419298
1794	-301.7157078264462
1795	-306.654803465306
1796	-304.1060837267638
1797	-308.38426990536647
1798	-303.9235144539517
1799	-301.17250133687236
1800	-306.96314171490235
1801	-304.4430980277216
1802	-302.3035598454609
1803	-298.311850067738
1804	-301.0223478473862
1805	-303.37357401804627
1806	-304.75130236919966
1807	-307.60126815975815
1808	-308.8791803487064
1809	-303.6291909931173
1810	-302.7023352587043
1811	-304.76742163090734
1812	-307.84438320438744
1813	-301.06840470016834
1814	-304.4950140661427
1815	-304.5415804829503
1816	-310.6240112656459
1817	-304.2966603496401
1818	-311.04249978626024
1819	-309.4541121218301
1820	-308.615123438123
1821	-299.1289788154392
1822	-306.58458358722584
1823	-306.1558267663106
1824	-303.91611443640613
1825	-302.08472113295926
1826	-304.9851551261587
1827	-304.44470590577987
1828	-301.1274839788007
1829	-307.393286317637
1830	-302.660912857613
1831	-304.4034601014004
1832	-311.46935224778684
1833	-308.029312835451
1834	-308.4595606455759
1835	-303.0879400041762
1836	-302.3146978698864
1837	-310.3028749061843
1838	-312.3349394621662
1839	-295.0248460000799
1840	-305.34042914917956
1841	-305.2784619582753
1842	-307.07994672471904
1843	-305.11866260586095
1844	-306.7177983879365
1845	-303.5784892932797
1846	-297.91387255274606
1847	-305.46916052721394
1848	-305.8850302060056
1849	-312.8466895999576
1850	-304.3562403736973
1851	-307.59108706148913
1852	-306.88761505336777
1853	-312.7538665903199
1854	-309.31981770033025
1855	-307.7603977447819
1856	-302.25416189042784
1857	-302.71752359334243
1858	-307.1327155247907
1859	-301.6125361167628
1860	-304.2392520132608
1861	-303.1219630913021
1862	-303.3051214789009
1863	-296.2706408306608
1864	-297.5040648267789
1865	-306.13102919000517
1866	-305.95554163703196
1867	-311.8079231434103
1868	-305.30852573555285
1869	-302.9375062083576
1870	-304.5768114077818
1871	-299.57927669319156
1872	-304.31386687346185
1873	-301.73494083110256
1874	-299.2983279869035
1875	-309.1523792019118
1876	-312.49178837497436
1877	-307.02129095325506
1878	-307.9082461828856
1879	-299.81765857416366
1880	-310.75472867292484
1881	-309.1765042690213
1882	-304.9189231819816
1883	-310.924628815256
1884	-305.7710934600349
1885	-299.18226715697205
1886	-305.83621934397894
1887	-300.9920950767209
1888	-304.0045883300666
1889	-298.4201474328786
1890	-300.55483859481495
1891	-305.33234987296487
1892	-304.226904997467
1893	-307.0265251674198
1894	-310.0097210147057
1895	-305.7603294738247
1896	-307.673243300279
1897	-307.08355882706314
1898	-309.5694900309092
1899	-304.08976869097336
1900	-309.0356466923813
1901	-310.6668737670261
1902	-310.22164198887225
1903	-309.6048132784117
1904	-304.159269824056
1905	-307.4388582363289
1906	-309.3048975384273
1907	-305.1433521571599
1908	-309.9433687675471
1909	-309.84091639214097
1910	-309.50341042909025
1911	-307.14305639708414
1912	-313.353376417632
1913	-304.9734283350979
1914	-302.09964078665126
1915	-301.95515007536403
1916	-303.8870891712274
1917	-302.8940894389838
1918	-308.81082775236246
1919	-294.6182623532822
1920	-296.6833870064238
1921	-305.37021316256704
1922	-306.5679725363773
1923	-308.98258014851814
1924	-305.17276336404666
1925	-304.13601012622325
1926	-302.80009635279526
1927	-299.81129973378194
1928	-306.90065553374603
1929	-306.6392961412434
1930	-298.25935602071416
1931	-300.13266098839927
1932	-301.9317968164632
1933	-302.1827580850601
1934	-314.23833307028457
1935	-304.3959310520177
1936	-310.9924720778596
1937	-307.8314021488191
1938	-305.9141962108661
1939	-303.32938780032094
1940	-309.604405975913
1941	-298.14540816697274
1942	-300.35885813424335
1943	-299.5060316663182
1944	-309.1856237536553
1945	-303.38582488577384
1946	-305.7247217615135
1947	-307.45191635635786
1948	-308.27038939048833
1949	-308.18947220018117
1950	-305.218240662684
1951	-302.55484541563516
1952	-315.4646248262514
1953	-306.20355775709646
1954	-312.83329321421525
1955	-311.5311592928243
1956	-311.44434258406096
1957	-299.8266454576671
1958	-308.9611702469842
1959	-309.95969014361464
1960	-313.32161047210235
1961	-304.6840102186242
1962	-303.25738742083337
1963	-305.5978649188289
1964	-299.5159274964481
1965	-307.4806260738316
1966	-307.62781568852216
1967	-302.10177708826797
1968	-301.50768683593026
1969	-309.3894377158867
1970	-314.5464573707146
1971	-303.65565547499136
1972	-303.0579443108866
1973	-307.6793201693609
1974	-308.4244880427972
1975	-307.0163036080039
1976	-302.5302385627188
1977	-305.69014947129284
1978	-303.4687287462076
1979	-305.5180179427835
1980	-307.0909229143913
1981	-303.16076708464027
1982	-305.16319891161675
1983	-305.582376391774
1984	-308.2621259349129
1985	-309.22044259980186
1986	-296.180843759013
1987	-304.0581261164298
1988	-311.0276855609045
1989	-302.6874645765409
1990	-306.51341040510357
1991	-305.25906060036255
1992	-305.51175700701276
1993	-307.3960039022788
1994	-307.0157075448491
1995	-309.8995937457418
1996	-307.6397972202707
1997	-308.704361221449
1998	-298.85306433755517
1999	-298.3960572924517
2000	-299.78198744527407
2001	-298.97747583722725
2002	-306.3675140996602
2003	-309.2532946330597
2004	-300.3507428625619
2005	-307.01715768298385
2006	-307.7740329673294
2007	-303.87514814676797
2008	-303.38114702791324
2009	-305.50434444180127
2010	-302.788223947722
2011	-307.3114623657316
2012	-306.9006466683505
2013	-309.21818024115504
2014	-306.1244436685927
2015	-308.2288341230406
2016	-303.4404249335996
2017	-304.07559935968885
2018	-309.0887814955701
2019	-307.1852940103677
2020	-305.84805955367364
2021	-312.13838617518826
2022	-311.60493880001764
2023	-312.3946965160176
2024	-302.1416920596701
2025	-304.34645691062263
2026	-298.2359804787217
2027	-301.80461314850953
2028	-299.615897600252
2029	-304.21156981835014
2030	-302.8158626558842
2031	-308.0315326081984
2032	-309.4210435435032
2033	-303.96626008628743
2034	-300.4990747451312
2035	-296.21112776791125
2036	-309.21510904611483
2037	-310.95610724264134
2038	-304.9803265192453
2039	-301.9529941234213
2040	-307.9620128110665
2041	-308.3663014112266
2042	-312.7571963577269
2043	-305.11207045052225
2044	-308.154192218236
2045	-305.4661473403763
2046	-296.72298440671364
2047	-305.02407656511986
2048	-305.98759148987455
2049	-307.6999420475439
2050	-304.3642898960944
2051	-312.7583481068678
2052	-308.3226701547526
2053	-299.8831140377059
2054	-311.0220010065334
2055	-304.77061674309635
2056	-308.8883805036444
2057	-306.84972942352204
2058	-314.8708682831205
2059	-302.04072245234113
2060	-301.2070124625335
2061	-304.3451565239334
2062	-305.13713660105776
2063	-305.5046889506902
2064	-305.343322922265
2065	-305.29502347182586
2066	-304.44740128671856
2067	-305.2120419535779
2068	-304.8643852862048
2069	-307.38298754695734
2070	-302.017140882918
2071	-306.5725299717552
2072	-304.5547542170112
2073	-302.70727983444885
2074	-305.01881420893227
2075	-308.9462743196269
2076	-309.1371939794812
2077	-308.550796749951
2078	-313.0453637400791
2079	-306.5728800553763
2080	-301.42273066550194
2081	-305.2239962446283
2082	-305.8429557763379
2083	-295.3698723117769
2084	-303.5764965801072
2085	-307.8197903911016
2086	-301.85932614545436
2087	-303.23057891536155
2088	-301.16431385031746
2089	-301.88777221629397
2090	-303.6155711983569
2091	-302.2069562051197
2092	-303.1577723618707
2093	-300.1724032588397
2094	-306.6228732781965
2095	-305.274172692918
2096	-307.48101717451914
2097	-306.92972875024265
2098	-304.84121147034176
2099	-300.49557748644975
2100	-302.8247429373349
2101	-312.2956853617445
2102	-301.90807344895853
2103	-307.298892625882
2104	-308.0415431630958
2105	-308.4701373750514
2106	-303.18569981217354
2107	-311.1453714219195
2108	-304.3253251479131
2109	-309.6281371609738
2110	-311.1975937939153
2111	-304.9416184132852
2112	-307.99936697523844
2113	-300.82355524207327
2114	-299.4649480915384
2115	-303.12338138314095
2116	-305.769040661873
2117	-309.18915737329314
2118	-309.45880878380416
2119	-302.5883919341624
2120	-304.62926431993674
2121	-301.45767268537355
2122	-302.0984865111105
2123	-304.21836666052974
2124	-313.6451911097199
2125	-300.753253832292
2126	-302.00729856810966
2127	-307.816150699385
2128	-304.8669355629721
2129	-310.07456714254056
2130	-306.18789797577256
2131	-307.2637845286725
2132	-311.3994925439057
2133	-301.201277323736
2134	-302.14480963937126
2135	-309.7342812339153
2136	-307.0498638399266
2137	-302.0583415658782
2138	-300.3455323800559
2139	-312.82259862200783
2140	-304.1784417172693
2141	-301.26814659790426
2142	-298.6563159447051
2143	-300.3398274326089
2144	-305.13976487139973
2145	-303.5078617069125
2146	-302.43992274075174
2147	-300.36841014400557
2148	-302.6580403657054
2149	-305.40928298933335
2150	-308.166444166588
2151	-310.10631838913116
2152	-303.2880196510825
2153	-306.6753316827505
2154	-306.4845779483626
2155	-304.3774112726594
2156	-300.7491658981912
2157	-301.93842067141037
2158	-308.60632118664347
2159	-303.82187663248135
2160	-302.8632844219273
2161	-304.3956077314505
2162	-307.90889882004564
2163	-307.78709192683704
2164	-305.99491692434117
2165	-300.1154528525096
2166	-301.18980262352005
2167	-305.08282886199794
2168	-306.3107999977513
2169	-311.2091001183797
2170	-300.29112954210666
2171	-304.79998882705786
2172	-306.774809552608
2173	-307.5135228341014
2174	-299.7555194537098
2175	-309.5537398482539
2176	-307.8539420179418
2177	-308.84736865142213
2178	-304.6062896407183
2179	-305.6115717117801
2180	-305.9697556737063
2181	-301.1784490833497
2182	-306.85924679972413
2183	-303.06877262916163
2184	-308.45925350312
2185	-307.56731509027156
2186	-302.0635058057753
2187	-305.9164657089717
2188	-308.2453160416641
2189	-304.9458938842325
2190	-314.86323142991705
2191	-306.4105662129467
2192	-308.5759699321997
2193	-305.69067493481833
2194	-311.30986143775516
2195	-308.70336611519946
2196	-309.40398317516025
2197	-308.596986919217
2198	-311.38750908586366
2199	-308.2343675218294
2200	-306.47628539847335
2201	-303.91187372066946
2202	-299.85258279677487
2203	-302.48371892260184
2204	-303.5112522172908
2205	-304.6609739041882
2206	-312.16134852329594
2207	-311.0215355514991
2208	-303.00691788768626
2209	-309.09394171531216
2210	-297.70110737969645
2211	-311.330270062386
2212	-306.80974372235386
2213	-308.68224272103504
2214	-299.7034622646252
2215	-296.4332537300253
2216	-299.0185510025831
2217	-300.32464531870863
2218	-297.5318458478795
2219	-304.38134595643993
2220	-301.68967442629656
2221	-303.28814729159933
2222	-302.71467447687263
2223	-302.21487718506074
2224	-312.6537187395385
2225	-302.6173920951736
2226	-307.21414656040974
2227	-307.8768656621416
2228	-300.40659574588796
2229	-304.0915618731273
2230	-301.63783329906846
2231	-306.0305069170883
2232	-310.5591285758258
2233	-307.4114102291866
2234	-310.1229776443724
2235	-303.3720169711472
2236	-306.11697286994814
2237	-308.3105890362372
2238	-304.31858934025854
2239	-309.18497487335685
2240	-310.41067728290653
2241	-304.6253677209817
2242	-304.17072549738674
2243	-306.66770866191615
2244	-311.732559859119
2245	-301.40663244352805
2246	-300.86600743498275
2247	-305.737657371394
2248	-303.75872320040753
2249	-307.3777957640914
2250	-297.6525089089512
2251	-302.17199914225984
2252	-303.4036217393841
2253	-298.1979142212577
2254	-295.2467645086154
2255	-302.40948517071024
2256	-301.9454058858132
2257	-302.57793909977056
2258	-307.07545682783297
2259	-303.7751117433046
2260	-301.86599608515496
2261	-301.1332937833874
2262	-307.45979165768864
2263	-302.8421777196944
2264	-303.1032444911793
2265	-307.6602368998657
2266	-306.8056964209864
2267	-307.3843145526952
2268	-302.20745811674624
2269	-296.8038000000001
2270	-310.69472205924507
2271	-299.96032622656173
2272	-306.25793963669025
2273	-296.30450017857765
2274	-304.47250736056645
2275	-304.9428749909589
2276	-308.77880446777374
2277	-301.40957393848095
2278	-302.82306079592126
2279	-305.5821200732389
2280	-303.831356746236
2281	-305.0720104614377
2282	-307.76551813751644
2283	-298.6398655781895
2284	-298.30440091555016
2285	-302.96496994818824
2286	-302.97760226723676
2287	-302.94512045029074
2288	-302.2161405812148
2289	-301.3242027391743
2290	-301.2965023387791
2291	-307.2276689535624
2292	-304.96221504073657
2293	-299.30419946064717
2294	-302.34345788942966
2295	-301.76918567995233
2296	-305.71395420254197
2297	-302.8033399171133
2298	-306.87222769262513
2299	-309.18360242759053
2300	-298.4572649533912
2301	-303.13508076624873
2302	-300.8151926309759
2303	-305.2807909797894
2304	-306.01833838459675
2305	-300.07076212014965
2306	-303.6926326813288
2307	-300.9705650713446
2308	-300.4809862038233
2309	-301.3191354223467
2310	-307.133454498124
2311	-305.3799100487433
2312	-305.50633405179514
2313	-306.5430325446753
2314	-297.38250194882573
2315	-305.0568448957913
2316	-302.4727893432715
2317	-309.01148177025385
2318	-304.7195300920516
2319	-304.5716535531997
2320	-308.16488580313774
2321	-304.40578317391726
2322	-303.9556119827156
2323	-298.48621068439843
2324	-297.189189270797
2325	-305.43766709943094
2326	-305.43763840482796
2327	-306.0071795210249
2328	-300.19695208563354
2329	-302.78242354218344
2330	-308.53049843762585
2331	-311.6927621983589
2332	-305.6756905442316
2333	-306.5017341282741
2334	-309.2159409919278
2335	-301.1401110041837
2336	-301.7753759133971
2337	-310.7692054270303
2338	-298.9926009033639
2339	-299.3199935529569
2340	-300.1871559464183
2341	-301.46594207517734
2342	-309.02571522302594
2343	-301.9254957013287
2344	-304.48500601414946
2345	-301.268529470841
2346	-305.42588873429037
2347	-304.662605983946
2348	-299.3272098963163
2349	-306.570220592234
2350	-305.31929814301753
2351	-304.5153908812003
2352	-302.4094033749492
2353	-310.0922002194489
2354	-299.13081412511553
2355	-297.905885040465
2356	-304.467538314898
2357	-312.2452984351382
2358	-306.7046909528923
2359	-306.0006566778409
2360	-299.3820933279637
2361	-303.0853417891053
2362	-304.0817690965563
2363	-304.4211878370526
2364	-306.7973440508146
2365	-307.5874724310238
2366	-306.4518075647365
2367	-305.4153148268359
2368	-299.97211089290056
2369	-305.2847875924065
2370	-299.4800740778921
2371	-307.3716274365105
2372	-305.29407688317565
2373	-303.01646194725276
2374	-302.73542948978536
2375	-312.99742250858753
2376	-307.80027965805436
2377	-307.1642531546707
2378	-304.7067167692983
2379	-308.3745512495065
2380	-303.3237668868435
2381	-308.4075125172937
2382	-304.50794684068836
2383	-300.9117586479109
2384	-309.38852235287584
2385	-307.3844887773836
2386	-307.23186351355383
2387	-306.6105012022598
2388	-305.6689911263393
2389	-301.80395414073985
2390	-300.8850594195172
2391	-309.88560402666917
2392	-307.2117920328582
2393	-303.9453685648652
2394	-301.2173274196955
2395	-302.4619244659927
2396	-296.6475618951231
2397	-308.1168517120421
2398	-309.7371261157754
2399	-299.3299909241064
2400	-301.22159878523644
2401	-307.6867536224349
2402	-308.60828103551273
2403	-309.2815737569562
2404	-305.46614495338787
2405	-304.1924323658333
2406	-297.3205245647989
2407	-306.2046849992666
2408	-301.6421623911753
2409	-309.822427005218
2410	-309.09316885614334
2411	-302.25993217022693
2412	-304.29970881879655
2413	-310.4530085798277
2414	-303.66738436197664
2415	-305.7063724935227
2416	-308.27871200686144
2417	-306.21260010134375
2418	-308.19463942444094
2419	-305.91489813644023
2420	-304.6453293561511
2421	-299.5246678844291
2422	-308.0425878818141
2423	-313.8182611636935
2424	-305.2650964272756
2425	-308.9908523489201
2426	-308.9593951329243
2427	-303.47498926565726
2428	-303.809404264468
2429	-311.17301504015506
2430	-303.14457069216326
2431	-309.89526566197816
2432	-300.0658475948195
2433	-305.68901659644285
2434	-309.6377382386723
2435	-310.84650420428113
2436	-311.0289178509047
2437	-304.63341336587166
2438	-304.03156549413575
2439	-303.8974926176492
2440	-305.52291383008577
2441	-305.49697026762504
2442	-303.1094478109064
2443	-305.88537899586777
2444	-308.363427131685
2445	-308.38214108601863
2446	-305.7611780125654
2447	-303.7106671548616
2448	-300.91697211365596
2449	-302.9414836334342
2450	-305.7206233010953
2451	-301.7350280383739
2452	-302.66540321238955
2453	-305.60123988460293
2454	-299.2284724284209
2455	-308.5217801733672
2456	-306.162485121442
2457	-305.9705098842618
2458	-305.2058542581419
2459	-304.3338349901073
2460	-307.75566864192274
2461	-308.86372437829095
2462	-306.0174231267809
2463	-308.3933750500945
2464	-305.28148690218643
2465	-302.26787253087656
2466	-308.4237231518539
2467	-311.05526475477797
2468	-303.2161053776302
2469	-310.6999553104121
2470	-308.4808016237953
2471	-304.2022595489586
2472	-301.58675221861165
2473	-301.78911763236255
2474	-307.2220220732529
2475	-307.04471956092203
2476	-307.4845029025928
2477	-312.24395280980445
2478	-306.20763425484705
2479	-307.6906455382551
2480	-307.18641182138947
2481	-311.3774536549705
2482	-296.36228586690265
2483	-306.09028238516555
2484	-305.1218093133724
2485	-307.0675575601208
2486	-305.11939561821833
2487	-302.99086900061894
2488	-312.6711498771055
2489	-304.6781445858405
2490	-299.6339427971783
2491	-306.579219237749
2492	-312.44256417441903
2493	-302.7129306440855
2494	-314.30936998342
2495	-304.4443696351856
2496	-304.57564139956145
2497	-302.52643396135824
2498	-307.5104419827611
2499	-304.824511102702
2500	-302.6535841004333
