1	-302.3832802525144
2	-298.9087282355763
3	-296.0375449216198
4	-302.51391601846325
5	-303.3427736236328
6	-304.6617489248042
7	-308.0958659161337
8	-299.5036011663755
9	-298.68676590311077
10	-305.8148377075445
11	-306.04803369040127
12	-300.64486052883996
13	-301.76837110812454
14	-298.9618267542218
15	-303.76023765513406
16	-298.7045711270751
17	-307.00068446788833
18	-300.204435434382
19	-309.0659693165348
20	-305.7263683413573
21	-303.6084171829769
22	-298.93779203982785
23	-305.97560897985244
24	-301.3592325627843
25	-303.18491121526074
26	-308.6417782002848
27	-304.95209714937164
28	-300.9444025668348
29	-303.41064493691636
30	-305.1758824530842
31	-307.91561422308985
32	-300.2107698792644
33	-304.19699623762125
34	-297.04350945011817
35	-296.10487014939605
36	-297.5961525179911
37	-305.4552857569132
38	-302.2514843736593
39	-304.3116685130616
40	-308.91801007134023
41	-307.97817843256985
42	-304.96485912107124
43	-306.2345468039226
44	-299.21491482002637
45	-307.3067000747283
46	-301.22446303788996
47	-304.3201611536428
48	-301.94217642276976
49	-301.8649357341925
50	-305.718067785521
51	-303.2308769980065
52	-302.252234654313
53	-303.0401415903401
54	-309.3719831194434
55	-309.3496035989569
56	-302.0512696966336
57	-308.28551706899026
58	-306.95321043273805
59	-301.38904103946635
60	-303.31016462092833
61	-299.88554254755945
62	-308.2495495766994
63	-303.43953221887443
64	-302.98793266892744
65	-300.8772274129371
66	-298.93393600628735
67	-299.2854199808901
68	-300.2221449379387
69	-309.8189614720781
70	-301.7068855240283
71	-305.9053245494956
72	-303.07548232296847
73	-303.30647098854865
74	-308.9608546540252
75	-309.5575595115941
76	-301.0594487416069
77	-313.68141611168323
78	-297.72851084308917
79	-304.41083953440057
80	-309.54969197388783
81	-303.6769026270281
82	-299.66819255037433
83	-310.0999454186427
84	-305.66551892413054
85	-306.1325647905673
86	-303.87161192554635
87	-292.9269126552612
88	-306.03444272645356
89	-307.0815932600285
90	-299.05233350244794
91	-299.22865082668216
92	-302.6349600034682
93	-299.49501137415797
94	-297.70744912843145
95	-306.1907905769263
96	-300.4742829940005
97	-300.29777061400995
98	-305.61147663466573
99	-307.77807863916456
100	-301.4373
101	-305.19933111560937
102	-303.0254637217695
103	-306.3556117762114
104	-305.44306085670837
105	-302.1099361628748
106	-301.76475575964395
107	-302.4664633663425
108	-304.6541575963314
109	-301.1410198606099
110	-299.31178026351523
111	-301.39277072088953
112	-305.2852373375579
113	-299.1224261703948
114	-304.575908042365
115	-308.3279149385868
116	-299.63058935796136
117	-305.83045378219964
118	-298.14166898656526
119	-304.4126611067838
120	-308.585445295715
121	-308.602399812361
122	-308.18231220258036
123	-305.14044115681605
124	-302.7304998745914
125	-301.4315121929982
126	-299.83792164882414
127	-301.41416389169893
128	-306.6946991597292
129	-306.66741862269225
130	-306.0136962538592
131	-301.67196490105135
132	-305.42515945421974
133	-300.8151907809996
134	-305.08021882561053
135	-301.222884193286
136	-307.34540465049207
137	-302.71184889296137
138	-302.60557446783463
139	-308.4868349744452
140	-299.47401957448915
141	-298.9720526895941
142	-299.47207047612164
143	-301.64396808252883
144	-303.82119532700085
145	-302.8551814673957
146	-301.36662046711155
147	-300.88908602358515
148	-300.6875348421519
149	-304.22078609770267
150	-303.3668609229193
151	-305.21190092825253
152	-301.90321969698056
153	-304.13861258351574
154	-308.1569434017795
155	-301.4762237202676
156	-306.4970965315859
157	-308.39778864801383
158	-302.29720803699695
159	-309.02310636206704
160	-299.6288991376908
161	-302.1345427566314
162	-306.79806545396127
163	-298.2684225058603
164	-308.13543443145244
165	-300.77882880158836
166	-301.5194186889249
167	-303.4382689742951
168	-304.60776247985103
169	-308.76340664406234
170	-299.7138246302943
171	-303.75385187841636
172	-307.13932607054994
173	-309.1774937018612
174	-306.2796
175	-303.61205839957603
176	-304.9841397475476
177	-308.569002646112
178	-298.7424296134681
179	-305.3820584173367
180	-312.41655856230597
181	-305.1798585975681
182	-308.02650976823577
183	-301.952209131048
184	-298.8915034862747
185	-300.38067111700445
186	-307.18240000000003
187	-312.2128672621065
188	-301.77761571792706
189	-305.988039315418
190	-302.44930001233064
191	-308.89225573640266
192	-306.19192960679595
193	-304.71693426974224
194	-306.6040550018919
195	-303.22753967871034
196	-303.5542491515398
197	-302.8443495654715
198	-309.09858957766403
199	-303.3921842672678
200	-307.6893655881988
201	-305.7540390635116
202	-303.0289236507349
203	-307.0211095777403
204	-304.98313262904014
205	-300.8500645858063
206	-306.36247299682236
207	-307.12479630381
208	-306.6610861026988
209	-302.50164655581125
210	-308.0426062538946
211	-305.13640500093254
212	-305.70954989265437
213	-307.3192957128456
214	-298.04498432341535
215	-298.3662217385458
216	-303.08556141377386
217	-303.05721046866336
218	-302.78143607728566
219	-306.1622330603007
220	-305.70251751019737
221	-303.9703028905984
222	-303.29686266962676
223	-302.411074698279
224	-297.1335457963236
225	-299.81852149199983
226	-306.0605560141851
227	-295.72870000001336
228	-303.88220280684243
229	-310.21740775632077
230	-307.71172225347937
231	-307.19352628173243
232	-300.32312704363443
233	-302.26632479287355
234	-304.7271732704332
235	-304.7109499871499
236	-305.0682457343907
237	-304.01944025701766
238	-292.07024887961285
239	-306.74995331572035
240	-303.0778482527114
241	-301.88213176361074
242	-300.74469486312086
243	-298.359172562946
244	-302.2951066383036
245	-306.2631310958476
246	-296.82111038295767
247	-304.3699025187367
248	-308.5481503418051
249	-303.7343414528646
250	-302.14740848770754
251	-305.3145388162009
252	-303.20504690269394
253	-303.0519269868778
254	-308.78840005316135
255	-304.39962861554767
256	-298.0265145549624
257	-308.7092141138514
258	-300.5977604618717
259	-302.3566113283454
260	-309.645590464349
261	-301.58538912716926
262	-302.2100397265843
263	-304.3668158442001
264	-302.8709465087749
265	-303.260749213239
266	-312.11753222935897
267	-297.5987
268	-299.7077520366361
269	-304.66400395223553
270	-307.23223747825904
271	-306.2806749866033
272	-309.073351190182
273	-303.1973707843385
274	-309.066963146011
275	-304.2397521311674
276	-305.6121608402399
277	-303.2515858737704
278	-300.8218649423854
279	-299.5921574394136
280	-296.68556290949834
281	-305.3789670977034
282	-306.6773448570807
283	-303.99066644614396
284	-306.285474805173
285	-303.65611349802174
286	-301.3652969042718
287	-303.7704112949851
288	-300.58604716386895
289	-303.28592194329366
290	-306.5326994950448
291	-304.3296880702075
292	-300.6146969204716
293	-301.04302163789464
294	-304.313738345342
295	-305.6307582667873
296	-299.2813970365535
297	-309.76123600285075
298	-300.732960856596
299	-306.3802246983971
300	-297.14244789457007
301	-304.9762358531498
302	-300.78886480073635
303	-301.1201011145063
304	-302.6135582815646
305	-310.74949720743336
306	-308.01217217731397
307	-305.06396431837163
308	-303.7090720101493
309	-303.80150174777947
310	-303.9791637955186
311	-300.41742162845304
312	-301.6636364698727
313	-301.43691835585764
314	-300.64260308193735
315	-298.4053921261996
316	-307.6284628213516
317	-297.30554809896734
318	-300.5479494779924
319	-304.80088571479376
320	-306.102859721991
321	-305.2929851804425
322	-302.05188671749715
323	-299.8477526568685
324	-308.761131216009
325	-297.6381512633585
326	-304.3416474940048
327	-306.41612916190036
328	-302.08190442412774
329	-308.3693132986023
330	-309.2163494983899
331	-297.2100084116613
332	-295.91299673808686
333	-295.26519699560737
334	-308.1717624880563
335	-308.1967779435404
336	-308.3042516795494
337	-307.7686651555573
338	-309.9956460763986
339	-304.6276412292624
340	-306.53575579784234
341	-305.2559999684436
342	-302.8222535773255
343	-299.507944914882
344	-299.3428571216976
345	-300.07128884840995
346	-301.4775000047831
347	-305.36029163068866
348	-290.3089415249167
349	-299.6120300553109
350	-303.1003772414237
351	-299.77857248172756
352	-304.7138156119125
353	-304.57774553733265
354	-309.65873125007454
355	-304.74731802259936
356	-298.5785423187485
357	-301.72881242259274
358	-307.4691818177962
359	-307.1552722634221
360	-301.45508817807877
361	-299.8594465566044
362	-303.15000601582693
363	-308.33691433882785
364	-300.84496706911693
365	-307.302438412647
366	-297.1452585332048
367	-298.136298404118
368	-300.8949793468722
369	-293.7321053498961
370	-304.3309249734658
371	-307.3482124481038
372	-307.1003265513151
373	-304.3968133063286
374	-307.7029385150536
375	-303.98704874289587
376	-305.00746170492437
377	-301.6135210204007
378	-299.5143092653883
379	-295.2696535290545
380	-307.4174973877904
381	-297.4308390660999
382	-301.95491792354375
383	-299.8506093632431
384	-304.15618428177874
385	-303.86901632146163
386	-307.8925676305923
387	-304.62117846628865
388	-303.84221399962246
389	-304.11981176780336
390	-299.52260000397433
391	-303.20583305452277
392	-297.4258074114216
393	-299.6329123335049
394	-301.9940001449861
395	-301.9576228989066
396	-300.7174533150934
397	-307.9875171793541
398	-298.9267253355915
399	-302.6390954777558
400	-304.0161307003895
401	-303.36836830810404
402	-307.52903045086646
403	-300.3506345402835
404	-306.8627068470664
405	-302.43875339167033
406	-307.8373124818316
407	-305.0415207712505
408	-302.35943039569776
409	-293.5719002473433
410	-304.761372707349
411	-306.4455087660643
412	-302.8954104648617
413	-307.946692901226
414	-304.592804595634
415	-307.87749860353046
416	-304.02142722723136
417	-309.73020453598724
418	-301.2675454658963
419	-295.56282122939695
420	-306.6488166296603
421	-302.6780228565503
422	-303.49349045976857
423	-303.2260526151436
424	-307.874397914181
425	-296.7853399872577
426	-304.5039470922903
427	-307.9754861041359
428	-305.67498374051075
429	-299.35572828065654
430	-300.1995712391666
431	-301.7627209671963
432	-297.1170297145526
433	-306.64401452917673
434	-303.43397228695756
435	-302.7982264807279
436	-308.0640261856472
437	-303.76273172419326
438	-303.4124409854378
439	-303.30919549111036
440	-303.5790753880537
441	-307.05564909230503
442	-297.1463039654507
443	-309.32071314019504
444	-305.1644260875479
445	-299.72120000028616
446	-300.21492261745874
447	-306.4287320389347
448	-296.9360025870686
449	-298.11331745345245
450	-304.19469720413264
451	-302.4098809498618
452	-304.20179361136974
453	-303.5110763669329
454	-310.5796344409067
455	-306.434890532774
456	-304.5894474243951
457	-306.1748244018254
458	-306.68982483786306
459	-305.49492369223395
460	-309.69396672066347
461	-308.7101304556082
462	-301.478446281561
463	-311.302553511057
464	-299.30936694285833
465	-304.68013282810034
466	-308.81345186170824
467	-301.1072621600551
468	-309.9396844300131
469	-308.7767818868868
470	-308.9491372913906
471	-298.342003794088
472	-303.85340242012717
473	-303.19570001501194
474	-299.01457538388667
475	-308.049116938031
476	-304.3013768163569
477	-297.43530521829206
478	-305.59127897451964
479	-310.4506680708615
480	-308.46457941496635
481	-307.89597026115405
482	-304.78350387136373
483	-298.599501809984
484	-302.8875387890167
485	-300.2570015338105
486	-305.28080002236186
487	-307.9926053933982
488	-301.6562525308549
489	-294.8377164563124
490	-300.37855291580576
491	-308.0081189303206
492	-306.1820372985822
493	-303.67781555743375
494	-302.448004107488
495	-298.43397034902165
496	-305.1935026324935
497	-309.7013881110388
498	-304.43912064907664
499	-304.21575168358436
500	-304.2500382160869
501	-300.3191608921902
502	-303.1928908094599
503	-296.3669451442667
504	-299.44924097219535
505	-302.03740808973146
506	-296.1992513179675
507	-303.8770751881447
508	-305.6055449248926
509	-311.0751615829965
510	-297.90722191259744
511	-296.3271511096346
512	-302.7305723357358
513	-303.7100503896054
514	-305.579735532434
515	-309.3793142372024
516	-307.5104631004139
517	-304.2573617265037
518	-300.1622705348912
519	-297.2721557849831
520	-302.3988
521	-303.2352003798479
522	-301.51877325340257
523	-305.7154116616468
524	-303.73020003706847
525	-303.46234897240817
526	-306.20883302136247
527	-299.5652535885832
528	-300.17575950551503
529	-300.24734951982464
530	-304.6516024324995
531	-302.4582777209891
532	-307.6215752262042
533	-301.62107988405177
534	-300.626669646635
535	-311.4905588265177
536	-297.3422562002596
537	-302.4491993390025
538	-301.0589000020619
539	-300.8481178607702
540	-304.1238250102421
541	-298.0581981850666
542	-306.8531207791096
543	-307.8135120960791
544	-306.47421210988574
545	-308.49193032886086
546	-300.0540021808754
547	-309.67261524662734
548	-307.03164278827444
549	-301.1395165397961
550	-306.58283680438524
551	-299.108752492093
552	-302.0757563801919
553	-309.6315132670263
554	-305.39375856184773
555	-305.0803561178867
556	-302.8016419015968
557	-303.12839490105637
558	-301.2643412772265
559	-306.2056417247301
560	-302.5909256478598
561	-302.04492985139217
562	-300.9156438936109
563	-303.84175305575235
564	-300.14596838381254
565	-305.87479577760934
566	-308.87997637063785
567	-301.3852506802427
568	-300.5869683989866
569	-304.0621448433877
570	-304.3644257618669
571	-310.90352105235417
572	-305.10041066912663
573	-301.6551662241468
574	-299.61710588352383
575	-300.9738677398315
576	-300.615532432184
577	-302.268356353779
578	-311.80167415657735
579	-313.5366160099106
580	-302.9697192930071
581	-301.7939932442831
582	-303.33623610989196
583	-304.9469354291069
584	-308.9108323190468
585	-304.5817736207191
586	-298.74040529407705
587	-301.43944164737445
588	-301.34021809148504
589	-302.2372487448976
590	-304.46387183175005
591	-296.01991818281334
592	-305.65771848227155
593	-306.17602190103275
594	-300.44296138010225
595	-298.95550367197296
596	-305.6395677168569
597	-292.50343390775595
598	-300.1811662931139
599	-300.1369075539197
600	-301.47681201966617
601	-299.1415022487385
602	-303.8052084283923
603	-304.840776363804
604	-304.2213420790092
605	-302.364348295127
606	-295.80245511610013
607	-303.01792283817946
608	-300.1545767192887
609	-296.1238000063837
610	-304.022646108984
611	-305.2446126710718
612	-306.48603853241246
613	-309.3113882593909
614	-300.9169536331881
615	-305.15957995890824
616	-309.8166870171946
617	-303.6440204512988
618	-301.3432093767195
619	-305.7961932618839
620	-297.6417610573957
621	-299.4026673609109
622	-301.2162216564459
623	-301.461714068083
624	-298.01644643975897
625	-301.34751661173823
626	-298.46598726259464
627	-307.80365798543494
628	-298.4167
629	-305.4742210209241
630	-306.70908210121956
631	-298.86100000004717
632	-310.936112618978
633	-306.4418644567625
634	-304.85055561868126
635	-308.64368775247846
636	-309.01003305884046
637	-298.4094190988046
638	-301.86267679262005
639	-298.7120869175117
640	-308.2626372799883
641	-309.4665836342529
642	-303.41969679775144
643	-305.1379759710183
644	-299.39233972730926
645	-303.585346788129
646	-305.58715917080275
647	-305.9290039699301
648	-306.90143188648386
649	-303.99206692650023
650	-305.33588367864616
651	-303.31028271982075
652	-309.4543320232467
653	-300.74253446308984
654	-303.69183640723634
655	-303.31355029376823
656	-305.0149816654031
657	-301.61443561033786
658	-307.65552195130147
659	-298.85335143795936
660	-307.10600098489806
661	-311.0843687884267
662	-301.29166022478216
663	-300.91022249774136
664	-301.4375401364238
665	-307.55672365505444
666	-306.6097862537509
667	-302.7379318424662
668	-302.47960656731453
669	-301.1557664885427
670	-297.60646989613394
671	-301.16193368570947
672	-298.37535664238004
673	-305.39888784971225
674	-304.0086087734004
675	-298.8019845341078
676	-297.10653997386135
677	-304.1259236133343
678	-304.5687811852642
679	-307.95674389095825
680	-307.16915552879465
681	-305.3385351933501
682	-296.4552380643621
683	-304.71681640612934
684	-305.83296132691385
685	-302.1947605875857
686	-306.1973275618163
687	-299.22880357397867
688	-304.21680656384007
689	-303.174471405935
690	-306.3766947437752
691	-303.27087811914487
692	-301.0958789330265
693	-303.0262028641016
694	-308.017490687974
695	-302.7404224640182
696	-307.718244153315
697	-305.2798412251035
698	-305.98887175047344
699	-303.25636466874215
700	-304.71642649647083
701	-306.7284646386483
702	-307.3171226134311
703	-305.2488474041648
704	-304.0288893396299
705	-303.5743098966597
706	-308.8376851307694
707	-305.1626470670831
708	-303.6487894228695
709	-309.7546971452774
710	-307.0323088422552
711	-304.24906318389276
712	-307.3972518670146
713	-305.17891581161035
714	-306.0219009483837
715	-308.2703408515463
716	-306.01380669323026
717	-305.38413796031045
718	-305.5526318456631
719	-304.7509784130061
720	-307.7186535283026
721	-298.6056912356804
722	-300.72704581054757
723	-301.93824996280034
724	-303.35868061189785
725	-309.9829363448909
726	-303.35770514398894
727	-304.0339753542692
728	-302.7266506239287
729	-311.90932448251203
730	-299.9691781072912
731	-307.9306091331109
732	-296.42285828503645
733	-304.20111054826634
734	-306.75541730003334
735	-308.4515658380451
736	-303.01307347335444
737	-302.1915502416824
738	-307.96492352887844
739	-304.7545004072317
740	-301.9365436267785
741	-301.307650349149
742	-306.1841135476858
743	-303.2075366001692
744	-302.32766069829546
745	-304.7593554978634
746	-305.6499019547901
747	-302.54772291471573
748	-304.6738206979552
749	-298.0889198406442
750	-303.02346626765086
751	-306.650487380907
752	-300.52076157783887
753	-300.4707239776303
754	-304.50904384014865
755	-302.4911989294111
756	-309.340663561948
757	-301.3141264722881
758	-308.5216873231281
759	-293.1782746719475
760	-302.72460611495615
761	-304.6455414125616
762	-307.3144820995046
763	-303.1054354702118
764	-303.3501231505941
765	-298.4248669495705
766	-305.35945137267686
767	-310.92064679238405
768	-300.04491726343804
769	-306.16184493775586
770	-307.677800002557
771	-306.5384430734911
772	-307.7049651877903
773	-299.15032471999064
774	-297.78492022839345
775	-304.8413092204379
776	-303.92163615848386
777	-309.1113864276646
778	-307.24901741650785
779	-302.9004615288313
780	-300.0213554664896
781	-302.1521502845653
782	-309.9665062935351
783	-301.7765027323225
784	-301.84697533961224
785	-301.6451058660658
786	-307.8932487656812
787	-306.1641
788	-294.8012307853487
789	-303.7869324663326
790	-306.51160613692866
791	-300.031782319502
792	-306.5624327088433
793	-306.0275624540775
794	-310.4654460064939
795	-300.9897427333857
796	-300.4899654595856
797	-310.78638371680626
798	-308.23141158994446
799	-303.0398812382152
800	-305.4557114414702
801	-300.9390696338604
802	-313.61353039458703
803	-297.98329988298303
804	-310.62469313427715
805	-307.03772688771807
806	-310.01921378451914
807	-309.6134716259559
808	-309.5458756305209
809	-306.76649237976414
810	-308.785938718023
811	-310.49562034573387
812	-305.99040453295004
813	-305.46788266439097
814	-308.84298061296323
815	-309.1395101328353
816	-306.71578317703137
817	-299.8855094844196
818	-304.4962672369854
819	-305.2693722265076
820	-298.11708930371407
821	-309.15809345035376
822	-305.31018659636976
823	-303.4839723565124
824	-302.8486310336509
825	-305.72546727163785
826	-307.33781213492153
827	-301.84059414462695
828	-303.0370495886183
829	-301.6602988943588
830	-301.2366768005279
831	-301.7620600268108
832	-297.7717575680307
833	-303.66822566987634
834	-305.8297862028113
835	-307.99046179616465
836	-303.47854245749846
837	-305.7247006233295
838	-306.0618376009221
839	-306.1181816960054
840	-304.85315355524295
841	-299.8910886138089
842	-301.453094798492
843	-304.981716251787
844	-300.81664288481517
845	-304.07320343428677
846	-305.90838913391855
847	-300.83566839305456
848	-302.1849710436265
849	-305.0304213061676
850	-295.9989722765007
851	-305.93564282664835
852	-305.9824049596973
853	-302.931278621811
854	-301.55434735525625
855	-306.04503347678326
856	-298.1513851966324
857	-299.7884566945295
858	-302.8545302703392
859	-306.54156329022095
860	-303.0302957052249
861	-305.69537015404376
862	-307.06991080334893
863	-301.20087829597617
864	-302.2225781143457
865	-299.6633496051347
866	-301.87120324635606
867	-302.3733908225445
868	-299.3320991963335
869	-308.3018008659529
870	-294.6130405585321
871	-301.5284735197323
872	-298.6007
873	-304.8016769176045
874	-298.8995013308053
875	-309.7030283927448
876	-303.4237378901358
877	-310.92073320932104
878	-308.49609802915325
879	-301.759880335119
880	-306.7037894948654
881	-305.05029596799545
882	-300.7224352050917
883	-308.60063854445065
884	-303.58046225824097
885	-299.5846010423983
886	-304.41973375199314
887	-301.28275780498313
888	-301.0727152520889
889	-298.9420360877089
890	-299.6460415269738
891	-296.70939808679026
892	-301.3396168072459
893	-304.4903478302172
894	-307.08243132968516
895	-306.1225272060947
896	-307.6809490383215
897	-294.7061
898	-299.2845650921365
899	-302.3793587209257
900	-308.013000672335
901	-296.3273494874562
902	-311.7530644115774
903	-302.200997264537
904	-311.4035292870626
905	-300.3894376470284
906	-307.7727152041394
907	-303.17213803117403
908	-300.23758255684896
909	-302.0631744289191
910	-307.46588654936835
911	-304.49938961741816
912	-301.82637643295374
913	-306.3876504510312
914	-301.1000111090564
915	-306.7057138104439
916	-302.64002322638
917	-301.41018540678095
918	-304.7486275422981
919	-301.0791254002422
920	-299.5117973260414
921	-301.963893948213
922	-299.59575518540595
923	-299.8718438863231
924	-306.0687302816857
925	-302.18641735923046
926	-303.54296340040696
927	-302.3224781183494
928	-304.493994270909
929	-306.15480446586304
930	-299.6078244638683
931	-303.1521967450442
932	-297.74650819515546
933	-302.7324748591161
934	-302.2590738340802
935	-302.4469184547389
936	-305.16357433746634
937	-301.0986235971961
938	-311.0600052061641
939	-304.90426282411363
940	-311.36753713776096
941	-306.5803869504877
942	-300.5055303868821
943	-301.3234397858589
944	-299.9049095717628
945	-302.3335937605822
946	-305.3630105297685
947	-298.7566538439048
948	-308.35029128943455
949	-308.6910780749138
950	-301.2864371299752
951	-304.6145792337182
952	-301.6954741390969
953	-303.58912601841564
954	-302.72314340357246
955	-307.0017462414714
956	-308.8122813126806
957	-301.5155243918248
958	-307.4099523955539
959	-310.7791419558764
960	-301.2238510398599
961	-304.997392885843
962	-307.66261073666834
963	-310.84058762212595
964	-308.817258412091
965	-302.3422981525731
966	-304.04560036558627
967	-306.2162810107463
968	-309.3143585189522
969	-302.97490698171896
970	-308.37397005176166
971	-301.58979205340177
972	-305.82792889510023
973	-304.2790019613944
974	-299.99337424374585
975	-301.08654929931424
976	-300.0589485992206
977	-302.78110849559283
978	-305.8116131273741
979	-300.7965935393987
980	-302.4702300391328
981	-300.48038497897596
982	-303.77211689053837
983	-298.8916460896715
984	-295.9221175655475
985	-305.4352508452248
986	-303.63160000000136
987	-306.4697595750702
988	-298.46862189591764
989	-301.9715000012768
990	-308.87384080694665
991	-305.1040980479641
992	-299.09995272900204
993	-300.19805687417653
994	-306.68365501513836
995	-306.66027354086685
996	-306.43493997747356
997	-306.79369085255655
998	-305.60732440075867
999	-300.66175592237255
1000	-300.2800993121365
1001	-304.2335892792283
1002	-301.9820962722657
1003	-292.33425998366175
1004	-300.00868743676267
1005	-298.33874509500185
1006	-304.84688191739315
1007	-304.6328913935747
1008	-307.24849129280483
1009	-304.3485369241621
1010	-292.9374000031481
1011	-305.15382199154027
1012	-300.84695302464974
1013	-303.68785963704767
1014	-304.10695305656776
1015	-303.0623009109017
1016	-301.72574695236455
1017	-307.09191303351463
1018	-307.2181795144555
1019	-298.0328349300175
1020	-301.2098389126424
1021	-305.87353630481834
1022	-294.881802832831
1023	-304.9179096893919
1024	-306.3996311956927
1025	-297.3873000112318
1026	-301.0076345926853
1027	-303.7961706351114
1028	-311.00739330935755
1029	-301.7075923842891
1030	-299.9638018673114
1031	-311.68757668875867
1032	-296.85583909924543
1033	-303.58263050891213
1034	-307.9089825037421
1035	-310.02641874723827
1036	-311.5081394186905
1037	-304.72373560201345
1038	-304.93706615598177
1039	-301.38604698648174
1040	-304.72646237698416
1041	-305.1545522689195
1042	-305.26859045165855
1043	-306.5482157565885
1044	-299.63875370578955
1045	-312.67558776908226
1046	-298.52795292090934
1047	-302.61460027952336
1048	-298.8414493880878
1049	-301.58127855091294
1050	-307.88345806961627
1051	-308.82812139014504
1052	-302.2915016602184
1053	-296.7179225532342
1054	-306.6064989993115
1055	-302.7730820689717
1056	-303.9653356106501
1057	-302.1250076509927
1058	-302.4626410456109
1059	-311.3836329839913
1060	-303.24152412599165
1061	-297.75702371436506
1062	-307.94976931623637
1063	-300.7288553047901
1064	-301.46666675206376
1065	-306.6040957225162
1066	-306.2841601655159
1067	-306.6576643153512
1068	-301.53417548265327
1069	-307.2171640557769
1070	-302.0981265658373
1071	-303.6318757265826
1072	-304.45521775890523
1073	-307.86177280808636
1074	-309.78708035049357
1075	-304.4306458145413
1076	-301.2464211434847
1077	-302.46265424205853
1078	-303.713187479616
1079	-303.53131737073966
1080	-304.6083550710724
1081	-304.41979106073586
1082	-299.61144059657437
1083	-304.21936683556027
1084	-309.0878767658802
1085	-298.2040764692775
1086	-303.6924338471362
1087	-305.6488228783008
1088	-309.9278613943506
1089	-297.61177177737426
1090	-305.23393824792635
1091	-301.51979399810836
1092	-302.58600144804785
1093	-304.6936518251034
1094	-304.93676419121795
1095	-299.124655489168
1096	-298.16490801575964
1097	-303.5984557315524
1098	-306.8851969322447
1099	-306.5448396441012
1100	-303.7409008919402
1101	-304.55238077078945
1102	-311.4473940387568
1103	-302.6844183030259
1104	-297.1991019579009
1105	-301.93003290642787
1106	-308.4928373328582
1107	-299.0578858543098
1108	-303.657469109368
1109	-304.58152566403413
1110	-306.92646141680757
1111	-302.418348387379
1112	-301.4409447238407
1113	-308.4590159402719
1114	-305.8860266874469
1115	-301.9628675323622
1116	-303.0051862071177
1117	-306.2536067010452
1118	-303.67515675623787
1119	-298.8801852514066
1120	-301.8320258082004
1121	-297.77698652610553
1122	-299.1516667645737
1123	-299.7219856736299
1124	-299.71295868976443
1125	-297.23430000081214
1126	-300.69140000000004
1127	-299.6226426944533
1128	-291.10169581356575
1129	-290.84720000000004
1130	-304.0483730093417
1131	-301.49986952454674
1132	-299.5474481207513
1133	-301.51948191973554
1134	-294.9209727692374
1135	-305.403330904668
1136	-303.54697396579644
1137	-304.3822536054489
1138	-309.4314060717514
1139	-308.6674522232524
1140	-306.7480014972113
1141	-302.87581321227464
1142	-299.8843103793426
1143	-310.1087954384315
1144	-300.70778620615096
1145	-305.8793586731117
1146	-301.3611501613791
1147	-297.64985778795085
1148	-305.2208311072822
1149	-307.29808627814106
1150	-298.5064733615836
1151	-302.2987428755363
1152	-309.6287921240113
1153	-297.50598378273014
1154	-296.0770867424234
1155	-303.53217026829503
1156	-303.42257924714846
1157	-301.9321411288342
1158	-304.2633303593227
1159	-301.95017689387447
1160	-305.5625861057562
1161	-300.97470491668287
1162	-303.70618985771216
1163	-301.25195359182413
1164	-304.63564965825043
1165	-299.36038053900825
1166	-302.1515334012184
1167	-308.8835739823659
1168	-310.60128586683965
1169	-302.024676861238
1170	-303.24593742758657
1171	-301.5119644843397
1172	-304.36023565541825
1173	-302.24509597039486
1174	-295.9968356403735
1175	-303.2117108180899
1176	-295.7513084805991
1177	-296.4314511924611
1178	-302.45229062231635
1179	-296.1092850598
1180	-306.2930115679395
1181	-306.1451235630998
1182	-301.8416300730832
1183	-300.15638637639773
1184	-302.90780000003406
1185	-302.08514421130656
1186	-303.64633682894805
1187	-302.5204871534413
1188	-302.19665523366143
1189	-306.2665
1190	-304.8487331535916
1191	-298.61418302425267
1192	-300.2129789819055
1193	-299.52583701628504
1194	-301.6775711510897
1195	-292.0636003275899
1196	-306.27156708742837
1197	-307.35290195544655
1198	-307.0492295372887
1199	-296.64301597276074
1200	-308.2502136272022
1201	-301.64334546700155
1202	-306.05314423900893
1203	-310.55417478100105
1204	-296.24481302890393
1205	-308.2272213144608
1206	-307.4247671752306
1207	-310.56355655057655
1208	-305.9970244775877
1209	-306.1800796223812
1210	-304.0975017566013
1211	-301.4933883853835
1212	-305.07040819009694
1213	-308.97921684749645
1214	-307.07343591989206
1215	-307.9679353585227
1216	-308.35338580334314
1217	-300.31772133622127
1218	-299.34330072116114
1219	-306.06120235948595
1220	-305.38382525833237
1221	-305.4843042090637
1222	-301.88725236177794
1223	-300.3819944188378
1224	-304.0568874289265
1225	-299.0002688074298
1226	-296.60265017298974
1227	-305.8969184542266
1228	-303.64040125472616
1229	-303.1875349736156
1230	-303.2034322148379
1231	-303.307723903036
1232	-301.30000081486247
1233	-308.85020523755855
1234	-299.81342101087773
1235	-305.13801785749314
1236	-302.9888584589677
1237	-302.03061283101573
1238	-307.05318021885427
1239	-298.17692138375304
1240	-306.9101823386961
1241	-308.224143040336
1242	-301.5905725006946
1243	-311.53310709772325
1244	-303.70124944781793
1245	-300.1147623678277
1246	-302.18607254492474
1247	-305.82267368273773
1248	-306.9950635483897
1249	-306.21177515308
1250	-302.4524368327617
1251	-302.2091309214944
1252	-303.8640504368939
1253	-297.29227452363835
1254	-299.94227867666217
1255	-299.2775310941667
1256	-301.660589984628
1257	-299.1199252896239
1258	-308.4194411462123
1259	-306.65989205849706
1260	-299.70357681171805
1261	-306.1900802968567
1262	-302.368560788059
1263	-301.26220018869594
1264	-307.9942344897537
1265	-305.7360057992844
1266	-311.7649307478439
1267	-310.6628388102437
1268	-301.71869847505764
1269	-300.46711517318477
1270	-306.8124040018795
1271	-302.17617259607954
1272	-301.56781346096153
1273	-305.0523047960674
1274	-304.8076413013734
1275	-305.78924989760066
1276	-301.70318120029737
1277	-304.0083357858211
1278	-308.2954230583994
1279	-315.24604449835795
1280	-312.0799652486308
1281	-315.389929614155
1282	-304.75716918736043
1283	-304.57327040500184
1284	-305.21299766711036
1285	-309.0009672100757
1286	-309.830238818716
1287	-309.4772168227433
1288	-305.2913043732947
1289	-310.2005657591285
1290	-306.97458611673125
1291	-308.1061047074355
1292	-311.1811270305509
1293	-310.5666684028738
1294	-306.17403364778716
1295	-308.28903906167415
1296	-308.0882287960195
1297	-308.19415734559595
1298	-306.63215865333365
1299	-306.80912660630156
1300	-310.4446647351103
1301	-305.7866970364446
1302	-298.6690468856817
1303	-306.84227704332136
1304	-305.5430947388906
1305	-302.80630598127595
1306	-300.7647613465465
1307	-299.7741954737554
1308	-303.2718790287997
1309	-302.1975378965893
1310	-308.8869437071795
1311	-308.1838499492132
1312	-309.47985345421483
1313	-307.88745438492384
1314	-304.8805691949964
1315	-301.56432455024117
1316	-301.6383290478075
1317	-306.24289265980127
1318	-311.07873693067864
1319	-308.9912766969621
1320	-302.346691079218
1321	-304.04821126692724
1322	-309.20130161274767
1323	-311.6258309513751
1324	-301.1216194136896
1325	-308.96645192978053
1326	-306.3377506028119
1327	-304.6619909940724
1328	-300.35138798225745
1329	-311.4909887137163
1330	-304.53796891779945
1331	-301.7497330532453
1332	-312.4198042054416
1333	-311.90275147204903
1334	-307.87031271619213
1335	-307.64369745850985
1336	-305.7835039214895
1337	-300.21444258396644
1338	-303.7368816742097
1339	-304.44969667697734
1340	-306.0454981687829
1341	-311.56773328708397
1342	-301.6624140651772
1343	-308.71069118781054
1344	-308.11155182232903
1345	-313.36722389468764
1346	-307.7999837404816
1347	-305.7645066506648
1348	-305.29851005919943
1349	-305.1650490997414
1350	-308.15544507132074
1351	-309.99510045406436
1352	-305.58973847559344
1353	-307.77154003067477
1354	-302.38777208228765
1355	-306.37054428824524
1356	-310.26525022158046
1357	-301.2598396363319
1358	-307.848825495773
1359	-311.6455981110311
1360	-303.557846216315
1361	-303.373179000368
1362	-304.05416869807476
1363	-307.3676369135725
1364	-302.4264439444807
1365	-298.84239228054093
1366	-311.817609088028
1367	-305.51861101134205
1368	-306.8712000885894
1369	-300.3583707226967
1370	-308.42302433953176
1371	-304.4547620696727
1372	-304.38319862362374
1373	-308.34126944395564
1374	-304.32180780600993
1375	-302.4425846523994
1376	-311.4011666961546
1377	-309.47241300251864
1378	-311.5786296443908
1379	-303.16679949003225
1380	-301.665231609423
1381	-309.77162621722067
1382	-313.1525647271575
1383	-304.5559006710194
1384	-305.65303632776613
1385	-305.1417015830547
1386	-301.61787277316125
1387	-303.2153227270925
1388	-300.8139629022021
1389	-307.95639662473286
1390	-309.0749513075169
1391	-305.3926100868796
1392	-304.0080881834388
1393	-314.4678685897737
1394	-304.83227210018106
1395	-302.9875743747788
1396	-303.90795039707086
1397	-301.8968991375276
1398	-307.9677863143022
1399	-304.20424308843013
1400	-307.1106399901251
1401	-300.84937211823456
1402	-298.77687906678887
1403	-298.99207203145454
1404	-300.0494309608561
1405	-297.3691223825308
1406	-304.5087884847555
1407	-294.6569941291571
1408	-305.267001035102
1409	-300.15703100780723
1410	-305.6081291483521
1411	-303.6766051831785
1412	-303.07448205286465
1413	-298.27365498435245
1414	-304.2071560234686
1415	-303.5146098479075
1416	-304.68501487260994
1417	-304.724665004709
1418	-303.81965383218574
1419	-303.54736152184176
1420	-301.3177194195418
1421	-303.45910262766665
1422	-302.40678464068503
1423	-302.81624858371714
1424	-307.87546857056253
1425	-304.60122498638754
1426	-306.6563222012729
1427	-303.2067838182688
1428	-301.3139601026054
1429	-306.7494009428626
1430	-303.12759913324663
1431	-307.59875832545885
1432	-307.5926184205566
1433	-304.3850200186759
1434	-308.56647051170654
1435	-306.76443660938105
1436	-299.83723728792324
1437	-305.03140803003276
1438	-300.2526746980317
1439	-304.23584323486335
1440	-304.56232258557446
1441	-310.47796900921577
1442	-302.87089513947745
1443	-307.85815412387467
1444	-310.02338251279684
1445	-312.65618736518115
1446	-301.30271137030115
1447	-303.197058667928
1448	-297.076886492258
1449	-307.5523590620366
1450	-305.38049698750933
1451	-300.7408527434238
1452	-306.8225946400727
1453	-305.7941311291361
1454	-305.24653685572173
1455	-301.6698109942956
1456	-308.094970088362
1457	-305.4565382479436
1458	-304.84220759226247
1459	-301.05520614605535
1460	-293.0494005847853
1461	-309.54761652588275
1462	-303.7660945058831
1463	-301.52319239024104
1464	-303.72655549457545
1465	-305.9389454755992
1466	-306.51930918874245
1467	-302.50371430024416
1468	-305.3446614415558
1469	-305.601603818977
1470	-300.5502805359822
1471	-290.0982
1472	-306.58077201546513
1473	-304.1100986721207
1474	-299.1241977581167
1475	-305.3423582710161
1476	-292.8067794838267
1477	-299.8119
1478	-310.17741913723813
1479	-308.19729210362215
1480	-305.1346954114483
1481	-306.54111770199154
1482	-303.61680033008383
1483	-308.09419689324005
1484	-312.4127915705476
1485	-299.832304771761
1486	-300.1114568922251
1487	-303.69321131220744
1488	-297.41308220934246
1489	-304.176882018336
1490	-299.7133489709497
1491	-300.3538929784073
1492	-301.37183544246307
1493	-304.5204854538327
1494	-309.423834798283
1495	-302.9973173584808
1496	-304.7691394970008
1497	-309.37153220449875
1498	-299.048830181142
1499	-299.86807108006906
1500	-297.93816059309665
1501	-304.3275972286286
1502	-299.61363247841075
1503	-302.19602704831124
1504	-301.2550174557403
1505	-308.6401807843725
1506	-309.2940560995803
1507	-305.22464552703934
1508	-304.65291209239723
1509	-304.06688844576144
1510	-305.78228117364006
1511	-303.1865801032146
1512	-307.0568203225276
1513	-308.4296903137653
1514	-300.6681034556138
1515	-297.3829681125011
1516	-301.87506459932797
1517	-304.4886050957627
1518	-306.01557071247754
1519	-302.6532542847116
1520	-300.7257576133586
1521	-310.6132548420374
1522	-307.4140384298383
1523	-304.3021307613801
1524	-302.5101734679724
1525	-302.4973336178297
1526	-297.8549535175817
1527	-309.98592955349443
1528	-306.86260487596047
1529	-299.49681516124963
1530	-311.85940516662157
1531	-299.0502827341739
1532	-303.7709321522374
1533	-301.3221449021047
1534	-298.3606858391364
1535	-303.17006713232274
1536	-300.601958172706
1537	-301.25038687120724
1538	-301.29286437099637
1539	-301.36272514130667
1540	-297.3593514403436
1541	-302.237556699626
1542	-309.3526416506781
1543	-297.1274149305704
1544	-300.93875865602615
1545	-304.9045788575267
1546	-299.11885311175445
1547	-306.2815391442696
1548	-296.6372344979796
1549	-306.90322603556183
1550	-306.96143829179846
1551	-302.64117346115165
1552	-306.2627640247124
1553	-301.5698161620402
1554	-300.6478460754637
1555	-305.739392012057
1556	-300.663464232434
1557	-303.447109306152
1558	-306.86462237068383
1559	-298.6849659204011
1560	-308.77662171503084
1561	-307.2571815084229
1562	-302.4676697154946
1563	-306.17106055844425
1564	-294.9877804701441
1565	-302.0532731457617
1566	-306.6569396694412
1567	-310.94026593576274
1568	-301.28480224670915
1569	-305.50919516682603
1570	-305.25165484232366
1571	-304.42773163283687
1572	-299.0336608924092
1573	-302.7792183813591
1574	-302.8134772492633
1575	-306.46698482531684
1576	-305.5295662039169
1577	-304.69907057278226
1578	-305.6429464270356
1579	-298.5355816321939
1580	-308.3333488992345
1581	-304.17564826570225
1582	-307.8535936525383
1583	-299.7163196904983
1584	-304.8661956667942
1585	-303.88253457588917
1586	-302.4048815420062
1587	-311.5832348859351
1588	-309.8617720037122
1589	-315.31967321974037
1590	-292.12928685865256
1591	-309.202321890237
1592	-306.5726144090846
1593	-310.2765562225613
1594	-301.75803965788504
1595	-304.2498388568259
1596	-306.48942390753587
1597	-299.02947396549916
1598	-306.8454385913622
1599	-303.6219341068754
1600	-307.1847994919954
1601	-302.3020080368672
1602	-307.52457619956283
1603	-303.3008792055679
1604	-302.8287985375654
1605	-300.77531864247374
1606	-304.66332636224564
1607	-301.92660650179164
1608	-311.91113942796
1609	-306.02927260881927
1610	-302.92929256650626
1611	-304.0059156209294
1612	-303.41893869231416
1613	-307.0593897812273
1614	-307.0331436382871
1615	-310.772050862853
1616	-304.5176339773065
1617	-308.58178992626216
1618	-298.2398868405993
1619	-303.5688988346103
1620	-301.60235116824
1621	-300.75831504595163
1622	-294.1352110431545
1623	-303.70255368024993
1624	-306.89030855076766
1625	-305.89371092194335
1626	-303.29688449156953
1627	-298.9300726301956
1628	-306.93082578699835
1629	-293.61960000000005
1630	-305.6181441192749
1631	-304.0812493048928
1632	-309.8479594681028
1633	-302.5906558317153
1634	-305.65192402299715
1635	-306.94883060179495
1636	-311.6394119713329
1637	-305.08744753179224
1638	-300.31657099836667
1639	-300.9029567538854
1640	-297.298489367249
1641	-302.7554742098378
1642	-304.3394156345837
1643	-301.57914115741187
1644	-306.70846102396507
1645	-305.332975982917
1646	-308.1360467205521
1647	-298.80008324199525
1648	-300.32663985448823
1649	-304.2966974667904
1650	-302.79495543311583
1651	-304.9851709415003
1652	-300.1285483497371
1653	-301.1664116185154
1654	-298.4621766179332
1655	-303.5386452750723
1656	-305.9314926049505
1657	-303.40226647672665
1658	-298.13151968124544
1659	-298.5940224051408
1660	-309.07967753980915
1661	-303.9122836898464
1662	-308.84907451966177
1663	-311.17743917491197
1664	-304.8699478501666
1665	-300.35700000000344
1666	-298.97270801829427
1667	-302.5491520731688
1668	-299.8517851010927
1669	-303.49341639439245
1670	-304.2605547778718
1671	-311.4290002170389
1672	-306.2147623769075
1673	-310.0951120477573
1674	-304.8685587227122
1675	-300.7881558955464
1676	-303.90065490118513
1677	-305.2804488699754
1678	-305.92191618163866
1679	-313.5455338273203
1680	-305.09624668118227
1681	-303.1194932094014
1682	-297.50620057088116
1683	-309.65240076567846
1684	-305.26669103381226
1685	-300.1573535082395
1686	-302.12042924736363
1687	-299.7145690787332
1688	-299.8843661797325
1689	-302.5005771925879
1690	-301.323
1691	-305.3518437953653
1692	-300.12765849375467
1693	-304.99596991771324
1694	-307.5812170528913
1695	-309.4743409217565
1696	-308.157680596564
1697	-303.8743351650536
1698	-305.3464700608733
1699	-301.28900584659374
1700	-308.01534939330554
1701	-303.2067000000059
1702	-306.87295138994153
1703	-305.7854737707603
1704	-301.80140859549135
1705	-301.8196000000415
1706	-302.29145462733084
1707	-307.399595054018
1708	-307.6576557034044
1709	-306.59773117993
1710	-305.2252765186039
1711	-302.3274033040318
1712	-302.25658241265813
1713	-297.7044352483973
1714	-307.0713902505262
1715	-308.85094131013994
1716	-308.9242817243622
1717	-304.84002134427465
1718	-304.0972191606326
1719	-308.5228084117066
1720	-298.12581512708545
1721	-308.7837162043591
1722	-298.30725409121493
1723	-302.9655263435644
1724	-305.4458058484503
1725	-301.46327213634777
1726	-304.2504804996475
1727	-303.16353946370924
1728	-301.53196682576663
1729	-295.2507756207364
1730	-302.11943658330165
1731	-302.3532000005194
1732	-308.0222397262298
1733	-311.0793259974547
1734	-308.844997759455
1735	-306.73538500105013
1736	-303.3717743302751
1737	-301.35092808574035
1738	-303.7968271211468
1739	-308.0948178036753
1740	-306.9309463341064
1741	-306.89290728634836
1742	-309.68743823486363
1743	-301.91933739614575
1744	-300.9112690100011
1745	-303.5915498523221
1746	-299.96680782815923
1747	-296.98651228849434
1748	-303.26654304727384
1749	-297.9767000000025
1750	-309.4074720124043
1751	-305.6267631819533
1752	-300.35986725431604
1753	-295.81165906599557
1754	-307.78255745522836
1755	-301.3016792090442
1756	-301.07233196754527
1757	-299.9054034251961
1758	-307.4045912131133
1759	-300.5349408083361
1760	-302.21651049517016
1761	-301.178506036545
1762	-306.94958054918186
1763	-303.9352079253169
1764	-297.5335875837708
1765	-303.13809459353917
1766	-299.90433823445954
1767	-304.13641793521236
1768	-299.13740528355265
1769	-300.57903594418275
1770	-297.0833354169972
1771	-300.31727014226976
1772	-303.48953333733124
1773	-304.4812512043282
1774	-299.52533003491794
1775	-305.66065267996305
1776	-309.0693299275625
1777	-294.26560123794656
1778	-300.3190199455053
1779	-297.36340106199196
1780	-299.2390105122724
1781	-306.7114451114577
1782	-301.17369655281675
1783	-302.1158291593625
1784	-299.26041864149516
1785	-310.43285268087516
1786	-308.2335937521789
1787	-311.6873955470003
1788	-306.1356643696333
1789	-306.51722884957144
1790	-306.23769944676286
1791	-306.9601188869147
1792	-305.6167937138195
1793	-299.81792777200474
1794	-303.64901422864455
1795	-304.22536557076864
1796	-301.6442314989574
1797	-310.0798805109147
1798	-306.1519255624622
1799	-302.33295238065574
1800	-304.9747625441219
1801	-298.4461000000969
1802	-303.6584591513853
1803	-308.18794051274716
1804	-305.3367637195554
1805	-301.9680741118216
1806	-305.3395543106831
1807	-305.44198107625374
1808	-307.80865697793547
1809	-304.7103984953424
1810	-296.66287012577214
1811	-311.41111944440894
1812	-309.22696443998575
1813	-307.04939045103197
1814	-308.673171279187
1815	-299.89915439568796
1816	-309.72787224902834
1817	-303.4237304445873
1818	-308.48965895297687
1819	-306.10631864751133
1820	-306.45150943719943
1821	-306.2893823216043
1822	-306.8376409780669
1823	-298.23979334134907
1824	-305.67078085650166
1825	-300.98197243938665
1826	-309.96493219805865
1827	-307.03433383027857
1828	-300.5183324761072
1829	-302.3043118951907
1830	-303.0353084636772
1831	-301.81481068801855
1832	-301.2829245493699
1833	-305.7531477842408
1834	-303.764200842123
1835	-309.5573059026168
1836	-299.3496472837525
1837	-298.6895723020235
1838	-295.91386671298005
1839	-308.7353068500749
1840	-302.5826139919749
1841	-304.5519084017881
1842	-304.3253409996582
1843	-307.41526236258494
1844	-303.0607717789282
1845	-299.8471965605287
1846	-306.00486059677127
1847	-297.12634474666885
1848	-298.4241641304041
1849	-310.289081841497
1850	-298.1113141397347
1851	-301.6640039713808
1852	-301.93211737601786
1853	-307.0032744527104
1854	-303.8920717386194
1855	-297.79420388530104
1856	-305.38835296128207
1857	-301.19127505538484
1858	-307.8009168081634
1859	-299.5042580541012
1860	-306.65527261026796
1861	-303.2664334369168
1862	-296.2494484318175
1863	-301.77074865160796
1864	-303.2028013248014
1865	-308.55005698011485
1866	-303.157441217344
1867	-304.22602072082043
1868	-300.89896609422635
1869	-299.90655745110985
1870	-300.44545936839097
1871	-303.0897448483981
1872	-303.3296676298598
1873	-305.2072900251952
1874	-307.56432028943533
1875	-299.8234532499186
1876	-302.25611860077885
1877	-297.0270260316004
1878	-302.7394087140869
1879	-304.60929587910556
1880	-303.75452875282514
1881	-304.25395941883596
1882	-306.2809888362534
1883	-314.3364527696511
1884	-309.45443727961236
1885	-306.1511103235142
1886	-304.4304440697446
1887	-303.493032365201
1888	-295.72955298644564
1889	-305.6521181126972
1890	-301.90337735490635
1891	-309.85403114284367
1892	-306.72128682741203
1893	-308.32616033541717
1894	-306.2126684085398
1895	-295.12093889529046
1896	-302.7721610367608
1897	-302.0345072806411
1898	-307.8071369504512
1899	-301.67430948066755
1900	-303.52034036485236
1901	-302.8614193749653
1902	-307.999405886374
1903	-294.9014853538997
1904	-308.5942607096793
1905	-306.89983140668977
1906	-289.525337631659
1907	-299.36924339792904
1908	-302.84582569187694
1909	-303.01677712475134
1910	-306.52275863529434
1911	-306.8594179702771
1912	-306.37846782471377
1913	-304.8076879792383
1914	-305.6827477252224
1915	-304.5212517506422
1916	-310.14891049553916
1917	-305.5960849485738
1918	-303.8588131482428
1919	-302.38735413573085
1920	-305.79928364757063
1921	-313.1316313080153
1922	-304.7406000020707
1923	-307.32347598708094
1924	-309.9868115192012
1925	-310.35817266710126
1926	-309.591136422082
1927	-306.02303829341304
1928	-306.80497798794335
1929	-304.3063058034385
1930	-308.712137246876
1931	-302.9611444003774
1932	-302.33404919581375
1933	-300.0395261761472
1934	-311.4343108166762
1935	-304.46149832245356
1936	-302.33210329652866
1937	-302.6933862941441
1938	-310.8912596536481
1939	-301.8445555212594
1940	-300.89215397459265
1941	-308.7488368852429
1942	-311.1818045371412
1943	-299.325103176182
1944	-305.0657165581688
1945	-309.85734402783356
1946	-302.2398136305599
1947	-298.38918176771426
1948	-308.57390924794225
1949	-307.7707759304399
1950	-305.59911803292425
1951	-303.27208553169316
1952	-301.5371563672465
1953	-299.3685957288475
1954	-307.27486538458106
1955	-298.04593718473785
1956	-302.3620138284339
1957	-299.6885322520815
1958	-307.01067682039167
1959	-298.3086641987442
1960	-302.803586874928
1961	-298.8003
1962	-305.18066997739464
1963	-300.1832780979297
1964	-306.41032150576603
1965	-309.0302402288155
1966	-305.17296054034233
1967	-306.1302041513697
1968	-305.11242581423494
1969	-304.70979618503907
1970	-308.6359586192156
1971	-300.6658969464398
1972	-305.51343041165825
1973	-292.19204324961754
1974	-295.10336832153496
1975	-303.71965625084107
1976	-293.857839021043
1977	-296.0490650402663
1978	-297.86638255913033
1979	-300.7546000000035
1980	-308.909375859736
1981	-309.25235443880973
1982	-304.5537299853585
1983	-308.9157647853819
1984	-302.8732942856177
1985	-307.1449927598377
1986	-306.1658547555548
1987	-302.64890451742934
1988	-300.1199056495878
1989	-312.95155224620595
1990	-307.7182686986102
1991	-306.46581559461407
1992	-301.80500000000234
1993	-304.27770822027435
1994	-300.5324013867396
1995	-304.26657151509653
1996	-304.7573828763351
1997	-296.8480352469688
1998	-304.20246906516127
1999	-304.3183435304369
2000	-300.8701451859501
2001	-296.39667914114995
2002	-298.4876
2003	-298.57755726121394
2004	-299.44530983595024
2005	-303.6053449511426
2006	-305.8829607407546
2007	-295.6086395775922
2008	-310.86700526743164
2009	-301.0793597853247
2010	-308.9244641067003
2011	-299.05427002323535
2012	-304.609591889997
2013	-304.6910639778556
2014	-304.12702719795163
2015	-297.52181733518904
2016	-299.445088930704
2017	-298.5640000000001
2018	-305.40769292679374
2019	-307.19951308563947
2020	-306.2992613901254
2021	-304.9540981219864
2022	-305.6981546989181
2023	-296.05511130929773
2024	-300.45730536849254
2025	-303.72948178658044
2026	-299.67086715000903
2027	-308.71732912993735
2028	-305.7703849416283
2029	-310.4725658458789
2030	-300.0617615899041
2031	-304.6556309479665
2032	-302.688796535806
2033	-303.6272970493907
2034	-302.9448021611036
2035	-304.24533471747924
2036	-305.0512609822632
2037	-303.1197232458038
2038	-299.7173192654608
2039	-301.2284351006786
2040	-305.6989134374798
2041	-297.20650287942175
2042	-300.55872931598196
2043	-302.1383898687912
2044	-300.9475375827102
2045	-305.50866965422637
2046	-303.9832678532327
2047	-300.29757506734916
2048	-306.6061818659343
2049	-300.6484730142492
2050	-302.6703222780888
2051	-307.67489450518224
2052	-304.1375009836887
2053	-301.2081
2054	-303.1229911759235
2055	-306.2591898981056
2056	-303.6799603630335
2057	-304.8571400921782
2058	-301.14836673200637
2059	-299.1976294702572
2060	-299.2361377053067
2061	-301.4109891143231
2062	-303.2779059658464
2063	-306.59688066249026
2064	-302.2017686396839
2065	-306.1474465123958
2066	-304.3119543801902
2067	-298.87557667074725
2068	-305.61306850695166
2069	-304.95892230062327
2070	-297.5747315851218
2071	-311.3749001942167
2072	-301.0462693242726
2073	-304.552796614462
2074	-301.66553092206084
2075	-302.6677460530297
2076	-299.25664919742746
2077	-301.30001550150195
2078	-305.2322
2079	-307.4582219434963
2080	-298.4346633797323
2081	-293.40926983970814
2082	-296.29966398170757
2083	-300.00824887414
2084	-303.66815076625375
2085	-302.95085098316315
2086	-304.505670747693
2087	-301.9902001301181
2088	-298.93583216327875
2089	-298.178644262788
2090	-305.6058425742792
2091	-303.9242794305927
2092	-304.347062012902
2093	-302.4019082553133
2094	-307.86292218422636
2095	-302.4833936246378
2096	-304.3760620287555
2097	-306.32324242376814
2098	-302.5128751073194
2099	-303.22620783498326
2100	-304.5150741406917
2101	-299.92757094545505
2102	-306.02137154249033
2103	-304.1905758722541
2104	-306.6109855721317
2105	-299.0202942267923
2106	-301.6089896911275
2107	-303.37660849144146
2108	-305.00105696891126
2109	-305.6867124920287
2110	-308.114491527631
2111	-300.04367238869037
2112	-308.40072603951785
2113	-303.31120343279207
2114	-304.59827768747147
2115	-303.50328284967935
2116	-303.494557409778
2117	-307.17108243469664
2118	-301.03695317293307
2119	-306.2316095758559
2120	-311.7409688174008
2121	-303.23613901556087
2122	-301.3336116557412
2123	-302.10339184076776
2124	-302.7518365194543
2125	-301.794746026428
2126	-302.8121000583924
2127	-300.48610004014114
2128	-306.9014760255423
2129	-306.0627709260421
2130	-303.8807893363298
2131	-308.6924935603415
2132	-303.38596852040797
2133	-301.21350277716226
2134	-308.59774441552696
2135	-288.92489151661346
2136	-307.6959239826089
2137	-302.41157391955164
2138	-309.63106273134866
2139	-300.7040565592525
2140	-299.54520117085383
2141	-303.43151622252157
2142	-303.1266255307676
2143	-303.2674027717145
2144	-307.7849035976377
2145	-304.4373118564085
2146	-299.2529030068583
2147	-303.6323754054687
2148	-301.69395667733227
2149	-298.00012470042407
2150	-303.2712168439164
2151	-298.8902862173624
2152	-298.4093214306166
2153	-296.2069903391267
2154	-305.2393795030934
2155	-305.3551628973895
2156	-306.2211355676195
2157	-298.7152173851589
2158	-301.7648364056803
2159	-304.0662277881726
2160	-308.2520000084436
2161	-299.80700000997643
2162	-308.21315661785246
2163	-301.2941883542812
2164	-305.3771233340348
2165	-300.82248130216334
2166	-306.7530612302995
2167	-306.9042131734915
2168	-303.959277704887
2169	-292.7097926154422
2170	-309.2978197731005
2171	-306.4872048062109
2172	-303.3458958816601
2173	-296.9186421539861
2174	-298.78647716552956
2175	-302.7352691253646
2176	-305.1652998733597
2177	-302.9263112289845
2178	-303.7462966935716
2179	-307.89601697134026
2180	-300.3857301228874
2181	-307.2335190288253
2182	-305.01021018355823
2183	-302.6528755341132
2184	-305.7494310015765
2185	-299.92983064893053
2186	-303.0805886693765
2187	-304.7512140859781
2188	-305.11234642818783
2189	-300.87750728781316
2190	-301.17702564584647
2191	-303.37654673581085
2192	-299.18443369959965
2193	-308.1818370235296
2194	-302.2660801453147
2195	-306.0526011458088
2196	-301.2122876875667
2197	-306.36401333146887
2198	-303.66488770102984
2199	-302.2015003315788
2200	-305.605240740718
2201	-303.6121332131644
2202	-299.4802031451681
2203	-296.64722204233834
2204	-306.2861628021066
2205	-303.4316937909335
2206	-300.86815694074977
2207	-302.8071820063308
2208	-301.7719075808424
2209	-305.6681458392171
2210	-305.02261133991243
2211	-307.0941243904516
2212	-302.69615403789277
2213	-303.760050075599
2214	-302.15174571754454
2215	-300.31123601180997
2216	-300.03961012269536
2217	-295.5919292131132
2218	-303.51980077914715
2219	-301.94967472007704
2220	-300.9097975950949
2221	-304.3831664599382
2222	-298.10312716850785
2223	-304.9098459340165
2224	-307.7769788735035
2225	-302.77007080288047
2226	-306.13093039292244
2227	-307.1845292701967
2228	-301.176524395078
2229	-305.50236986699576
2230	-305.557653505363
2231	-307.5496969533539
2232	-302.3161520975822
2233	-301.77072468347296
2234	-300.85642444570186
2235	-296.9147552725961
2236	-304.04292355080617
2237	-300.49912276227576
2238	-307.5757245495559
2239	-304.8646916097225
2240	-307.10144982594807
2241	-309.2671863590276
2242	-299.71475369528434
2243	-306.93942252930907
2244	-298.4972278292859
2245	-300.4197176077041
2246	-303.83071849733784
2247	-304.45505622536837
2248	-299.82788416721877
2249	-301.93234366345314
2250	-307.7247602615196
2251	-307.9211868751296
2252	-300.62019451571007
2253	-297.0787271050518
2254	-305.3122174564484
2255	-298.22715248613116
2256	-311.8700443820172
2257	-307.89024255652345
2258	-300.16195502251276
2259	-310.4627731159023
2260	-304.25303742672656
2261	-306.2274820417848
2262	-302.50023572098695
2263	-303.3136409744312
2264	-311.344488094795
2265	-303.22133119419647
2266	-309.332484842058
2267	-303.57810538624364
2268	-295.1501186882031
2269	-299.3582546191853
2270	-302.60449491536707
2271	-307.76874678987934
2272	-305.4169531248029
2273	-302.80378540558166
2274	-306.0555545951226
2275	-301.4698291368344
2276	-310.57070734608425
2277	-300.5228076360811
2278	-306.143707240969
2279	-300.10879331516185
2280	-304.563921060558
2281	-306.17120074925253
2282	-304.0901942428985
2283	-302.49283446623804
2284	-301.15494806664543
2285	-308.66944928495946
2286	-299.38473993021347
2287	-302.6339961011991
2288	-299.75444114252656
2289	-301.5638235890249
2290	-305.11624122443675
2291	-304.64882638270797
2292	-298.9172608170127
2293	-299.35698187772897
2294	-305.3144949732305
2295	-304.5655833922104
2296	-303.35964076552824
2297	-300.7782
2298	-303.26222004712173
2299	-297.62195908154075
2300	-302.91381081827325
2301	-302.934946503475
2302	-308.7302115996308
2303	-304.0549234600492
2304	-304.07339523589286
2305	-304.21314480645884
2306	-301.31107117977757
2307	-302.0346612667624
2308	-304.5188562721962
2309	-309.29359906721015
2310	-302.1690687125117
2311	-310.2344636704825
2312	-303.957705681436
2313	-303.93135922878366
2314	-295.2175093850493
2315	-298.2002488911479
2316	-303.20752507606664
2317	-300.5552564972497
2318	-301.8002274926092
2319	-296.02283890702233
2320	-306.04926149772086
2321	-304.66968652135733
2322	-302.43729631803603
2323	-297.8684581070592
2324	-304.902788543434
2325	-298.9583363274296
2326	-302.27223859665946
2327	-306.8950992341866
2328	-303.414658089121
2329	-292.33385304906716
2330	-301.0024739636849
2331	-302.8992673703751
2332	-300.0139000616564
2333	-298.66872666374275
2334	-302.63943791095306
2335	-302.54584098035184
2336	-307.11581664446703
2337	-302.22721634251167
2338	-301.66221455115465
2339	-299.64541258754787
2340	-302.218089061519
2341	-300.4407191667983
2342	-299.7685502271337
2343	-305.00481039446436
2344	-305.7621434004336
2345	-304.8063917563193
2346	-300.66384416175885
2347	-306.57682491052316
2348	-303.4721305761803
2349	-308.5397490421862
2350	-308.72313806214174
2351	-306.51110908341013
2352	-302.40100569803997
2353	-304.39693257508026
2354	-304.7943649895621
2355	-299.2342370752148
2356	-311.8847534814868
2357	-301.5732409586798
2358	-306.88960600227574
2359	-308.294383562022
2360	-308.061024256888
2361	-300.20824550426056
2362	-307.81252056350803
2363	-304.83422948282833
2364	-302.4493898634574
2365	-305.2689320899331
2366	-304.87376952615693
2367	-302.54639959656225
2368	-302.0671860356578
2369	-306.2825872780597
2370	-307.0087741236599
2371	-299.07392666315616
2372	-302.18878384317026
2373	-299.156374779719
2374	-306.6167261692273
2375	-298.06494663691643
2376	-306.2795461672638
2377	-305.9972699591705
2378	-305.4108898466976
2379	-299.17196765900417
2380	-295.54670000000004
2381	-302.18551638903136
2382	-304.400816960478
2383	-300.9546458025583
2384	-311.08838125034924
2385	-299.5211685320757
2386	-305.7450921949869
2387	-302.88030000000316
2388	-303.1963663846999
2389	-304.4655202973516
2390	-310.62940829907427
2391	-306.0482393293015
2392	-298.99315010880747
2393	-308.1291928593163
2394	-306.85601653099343
2395	-302.5479999886695
2396	-302.5343410531775
2397	-296.7336574544204
2398	-308.29118374436905
2399	-300.90571998753796
2400	-302.6772378818535
2401	-302.2089106127832
2402	-302.2721815925752
2403	-309.5502280554793
2404	-298.0788670438851
2405	-297.4957406906093
2406	-307.0474932743215
2407	-299.78826845342417
2408	-304.6832246910061
2409	-303.8776423461375
2410	-302.97860626566035
2411	-302.708255951479
2412	-297.0161030368943
2413	-302.5144168614799
2414	-300.71034200982507
2415	-304.64399566194857
2416	-300.97744684266996
2417	-298.30728419054265
2418	-298.52206743780164
2419	-303.1722193120916
2420	-298.34657934741983
2421	-305.5706976497603
2422	-301.022903249448
2423	-302.6426825622165
2424	-299.96269840780866
2425	-302.22093885311284
2426	-302.4684049257004
2427	-310.26984087124146
2428	-305.3638791488929
2429	-299.9920347397428
2430	-302.0807347601214
2431	-304.876992606576
2432	-297.9219289726535
2433	-299.78437941561714
2434	-308.44129043827866
2435	-307.815997919588
2436	-301.000990204499
2437	-304.28395354890233
2438	-302.35007719798216
2439	-306.1142566281381
2440	-301.5307007684312
2441	-305.92800712592145
2442	-302.4833809370724
2443	-298.54772990030665
2444	-301.55570959007133
2445	-300.1149
2446	-297.1997138233037
2447	-303.2992578206283
2448	-304.86935237210025
2449	-299.70485293245173
2450	-305.7213914875731
2451	-301.95133240685294
2452	-299.6548755897917
2453	-299.98999425619616
2454	-297.2059
2455	-308.40104973011785
2456	-307.69382409484257
2457	-304.001412206902
2458	-304.9314601932945
2459	-301.77387121740617
2460	-303.6815969655092
2461	-294.8159987570822
2462	-306.04986863209666
2463	-292.28769729876313
2464	-304.55340488803085
2465	-304.01504905305984
2466	-303.54721905621625
2467	-298.1562557291346
2468	-296.3463440325599
2469	-305.4572384649191
2470	-304.33957300320174
2471	-305.4706252704862
2472	-295.2072530267148
2473	-306.7576844374877
2474	-306.08552458710375
2475	-300.1175310232336
2476	-302.1844489877186
2477	-300.8064288393782
2478	-307.01134567553
2479	-302.46406365837834
2480	-305.8865743051652
2481	-301.9609702123507
2482	-301.64701117801377
2483	-308.97685998043914
2484	-311.02676127816716
2485	-307.5651140255957
2486	-305.7282492796573
2487	-310.37436031131244
2488	-303.23154179231716
2489	-306.6659104150033
2490	-304.58180344306766
2491	-307.9135137692455
2492	-303.034626885186
2493	-310.5422485921772
2494	-307.7149365307078
2495	-309.0383462557496
2496	-302.95401099698233
2497	-300.410119401718
2498	-303.8606686626516
2499	-310.4476790607866
2500	-307.6762831851133
