1	-298.6124524351672
2	-300.1536598886433
3	-299.65838490800627
4	-309.93063868096675
5	-305.93571368889013
6	-309.5964207869841
7	-309.85367491483555
8	-300.0828611411656
9	-308.2500933193722
10	-309.24288392193154
11	-306.2364207979651
12	-303.58165951554844
13	-301.99460642203917
14	-301.7190304391545
15	-304.51003144250495
16	-295.15820949775014
17	-302.8633341328869
18	-307.2378293206187
19	-312.23830621409957
20	-303.26720606623195
21	-303.5049511809543
22	-305.9427269660067
23	-302.58744562682296
24	-305.09307757882283
25	-307.3503702223657
26	-302.9434918147357
27	-297.3357714163692
28	-307.81189110631846
29	-306.43340384064965
30	-311.59668494672957
31	-303.57699753760875
32	-309.40188505294356
33	-305.92169674539105
34	-302.0011877209796
35	-306.332322535506
36	-295.69210809934964
37	-308.7907104958228
38	-299.8702680173447
39	-308.0357525841142
40	-310.19750232147885
41	-304.286720320988
42	-308.42665017364067
43	-303.51382692091073
44	-307.86311512390745
45	-302.6713631780797
46	-308.5811182236578
47	-310.0201060216963
48	-310.51708092640393
49	-301.10149316167275
50	-314.1439136122469
51	-306.4952632346196
52	-308.08199477801764
53	-305.6802609431564
54	-308.4046899418756
55	-306.1753480182742
56	-300.8075879126346
57	-302.1457659531938
58	-309.1942986354074
59	-305.0985481085487
60	-308.81395302981093
61	-308.207188494229
62	-306.2366765851624
63	-307.9477936728718
64	-302.8686947396225
65	-303.68775904516406
66	-309.04513567095245
67	-298.6916981743806
68	-304.8869417271175
69	-300.97544256213007
70	-309.38686752967124
71	-310.5103091164726
72	-306.19603381739006
73	-308.67195256789245
74	-305.927916730507
75	-308.58523352442535
76	-309.4816557802713
77	-308.3274583822569
78	-311.21215843419424
79	-312.81214487522914
80	-306.8214375668704
81	-306.26368036724153
82	-304.60992660169666
83	-307.93763086549274
84	-311.33806940707746
85	-306.9451713437591
86	-307.901601606353
87	-312.27014580184084
88	-308.5846351540097
89	-309.2039686435431
90	-311.5742963953854
91	-312.9985098223351
92	-308.76106708844986
93	-307.75329081126847
94	-309.8515958099267
95	-312.6974549842865
96	-307.23968066676167
97	-301.5235596184267
98	-304.16012966905316
99	-303.75245532873976
100	-303.94912135922306
101	-308.29721885427256
102	-306.16273365893755
103	-300.416355329805
104	-303.45324194545265
105	-308.65857483822305
106	-304.6932403568002
107	-305.4245922041386
108	-304.80995543209394
109	-309.7049235177224
110	-301.52250867013714
111	-298.98417857986254
112	-308.49780064417575
113	-310.8310369222883
114	-306.5741385492363
115	-308.45148884874146
116	-302.8866798107982
117	-307.24475835759074
118	-307.89452593038493
119	-311.55641540499016
120	-307.01424086099877
121	-295.9261
122	-307.83753507053365
123	-309.5457218539895
124	-295.0869757279905
125	-306.3825591513812
126	-305.60257352303296
127	-306.78437442573255
128	-310.24583446106976
129	-303.44039380433617
130	-305.2625302545217
131	-301.4136785065458
132	-307.41914793302345
133	-296.44540000000006
134	-300.9098741001552
135	-297.04723565564603
136	-306.0256140389817
137	-304.73072582689423
138	-299.38777417703386
139	-302.14019553101383
140	-298.88422189943844
141	-306.5722377770598
142	-301.7843954785316
143	-302.31899986059204
144	-306.1221953489617
145	-308.23688477610557
146	-307.45541325563147
147	-299.3915827676352
148	-301.39537841741543
149	-306.92196986129056
150	-301.3418572226939
151	-306.02591420520764
152	-302.4493231461064
153	-305.09522940704807
154	-307.1451989432218
155	-309.98626852722987
156	-299.9236226346285
157	-303.9100653682568
158	-304.7388507481472
159	-307.9432938008756
160	-307.0984668952449
161	-302.23895424897944
162	-304.9376562580306
163	-306.90177695508794
164	-306.86110047145496
165	-309.2572584504892
166	-293.4359142747439
167	-302.3891095433463
168	-303.8864848233512
169	-310.2301825490473
170	-301.8830310527408
171	-306.43798317820654
172	-303.6744783986937
173	-299.9803110090271
174	-305.83583672322686
175	-302.16914847919696
176	-306.4399292416077
177	-300.6656106261587
178	-303.3127000002367
179	-306.8133333234406
180	-302.7673289090695
181	-306.32540466368715
182	-308.8239371628001
183	-302.0723750716487
184	-299.2184393991058
185	-302.630147391514
186	-306.6349808811964
187	-306.75525869853965
188	-299.26079478022757
189	-298.2607440810543
190	-302.0383867152496
191	-300.42621195858226
192	-304.17365098892566
193	-302.0165636007102
194	-304.40177983791426
195	-299.2591827777222
196	-299.8392850098802
197	-301.214135275568
198	-306.15547396049766
199	-299.92169602411553
200	-310.7075094536347
201	-301.0026540306423
202	-299.933473536547
203	-302.5197063907171
204	-303.781764401186
205	-305.0481307843774
206	-303.3949433664603
207	-302.38533985004
208	-303.10004409707193
209	-305.74490298284485
210	-297.1474606359184
211	-304.30090576250564
212	-303.36004092981614
213	-308.4890411384037
214	-305.2783024067206
215	-301.95803623074875
216	-303.73160846369393
217	-308.53467235007224
218	-304.48240224357886
219	-308.1704445170471
220	-308.2257300760811
221	-303.5282463028784
222	-307.01725224250356
223	-305.36360337303626
224	-304.2495397077775
225	-301.99388232966584
226	-310.799024210958
227	-303.6080297673869
228	-303.5717258344228
229	-308.56378379289174
230	-307.18719718485045
231	-304.6324973126844
232	-311.5576078675666
233	-310.8336969986838
234	-306.78757362930634
235	-304.0358982954651
236	-303.3204267944126
237	-306.6916473213118
238	-304.87135768399867
239	-301.6574359538206
240	-302.28128867766316
241	-306.6076602418445
242	-304.8019633563905
243	-299.03577427514045
244	-293.80644672064034
245	-304.195742107678
246	-305.09291092402276
247	-299.6457770310084
248	-309.0428082828292
249	-302.5214577548817
250	-294.2808092779312
251	-305.18195170931193
252	-302.68274051833913
253	-300.886171328342
254	-297.4057067814956
255	-302.3984828494076
256	-302.47600146688654
257	-301.19589402251995
258	-307.7426029701167
259	-301.79263619933533
260	-300.3596597697999
261	-301.1047170020282
262	-303.78547585724715
263	-297.65661313074037
264	-309.13597251140584
265	-303.59463089800937
266	-309.10551702997486
267	-303.6735313741781
268	-303.0562333927748
269	-292.41559526844657
270	-301.0632292420789
271	-301.0587764673785
272	-289.16869635605013
273	-301.5679792262461
274	-308.94851305700774
275	-303.14663988659095
276	-301.7862633875967
277	-305.2325938733989
278	-304.18172091551793
279	-306.5427000003194
280	-306.09526151844193
281	-301.1343332101806
282	-301.5155642359382
283	-297.0458332553069
284	-308.6274909328863
285	-299.91644859572824
286	-303.14391164752317
287	-300.4797
288	-297.2281306003572
289	-299.9435146781796
290	-304.8760750949474
291	-304.45470804073784
292	-299.9889010793595
293	-298.51249834604425
294	-307.64085676182737
295	-301.6867675755259
296	-307.37366435010057
297	-304.6778471789544
298	-299.9033653681228
299	-303.1781659399071
300	-312.03549892135186
301	-303.8852764408409
302	-303.3902187214744
303	-305.88928459011197
304	-302.5729368357853
305	-299.76618944745695
306	-301.9992939214484
307	-301.53732690924534
308	-303.28707392230694
309	-303.9563649276716
310	-310.78931958003903
311	-306.8106301366388
312	-309.92694222977565
313	-299.66851706714874
314	-297.7904394831316
315	-302.5116516225358
316	-298.16260000844903
317	-299.43813066220474
318	-306.78738717982975
319	-299.49159943349713
320	-308.81506474204957
321	-303.79920381059605
322	-302.92000727858226
323	-302.8686852732292
324	-302.2911022436667
325	-306.4765120329306
326	-302.0567713849976
327	-302.7863201833069
328	-303.0311266700072
329	-300.4659370401559
330	-306.4431438634952
331	-306.2349
332	-301.6341552385917
333	-301.33872178396973
334	-299.14702955550575
335	-302.3512047118281
336	-291.6314629479564
337	-307.61790846036445
338	-300.8778182864227
339	-305.30599673567616
340	-303.9252013939957
341	-305.66803203477747
342	-301.3418168996871
343	-300.11994639275247
344	-305.0389662278658
345	-303.0137421498844
346	-304.5536216919412
347	-303.5206451353607
348	-305.33425665021053
349	-304.62995816394096
350	-301.613262682194
351	-298.2983239297312
352	-305.2005353229257
353	-301.17637168240265
354	-304.5495127666983
355	-302.24754603525594
356	-299.8000925132139
357	-308.15273885110855
358	-304.774903374513
359	-304.50635336280027
360	-301.2151649672788
361	-296.481943312183
362	-301.5552344219739
363	-309.05833338307684
364	-301.57313236317293
365	-305.7076353494901
366	-309.27770237473095
367	-301.5652205275196
368	-301.70232676585533
369	-305.3935107164358
370	-303.8302725308232
371	-300.2156386472627
372	-304.32380927083574
373	-308.39712035296805
374	-301.3786621190975
375	-304.94792148303674
376	-301.58590000000004
377	-305.47736628001604
378	-301.138833527469
379	-300.9872208630101
380	-303.16760000448033
381	-300.6937
382	-297.99023395813987
383	-306.7113
384	-302.23504335050865
385	-307.7232083569873
386	-307.8080773724492
387	-307.75488157301834
388	-298.714048542798
389	-300.744141927186
390	-295.33398812809895
391	-305.81220236307735
392	-305.1565500203403
393	-311.05944941544936
394	-310.42200160460374
395	-304.61804529364537
396	-302.59158501563996
397	-298.5341038000978
398	-301.61270000055697
399	-310.9388998042168
400	-300.1234666231872
401	-300.9120705532675
402	-306.1907972545801
403	-304.16184831787814
404	-304.6610158257447
405	-306.872681548316
406	-301.275328233604
407	-298.8323560060612
408	-305.66406274200824
409	-293.90661013877116
410	-295.58833597775873
411	-299.2872385994986
412	-300.5565801064997
413	-302.4270038104004
414	-305.2672758250511
415	-311.3347501934211
416	-313.1686673036063
417	-298.73106247626146
418	-296.5119875705299
419	-302.47111370171035
420	-295.0766893002941
421	-302.1416330875238
422	-304.3375691392844
423	-307.71136146059547
424	-300.52590892611283
425	-302.18323064668465
426	-303.1219616570329
427	-303.5885604076396
428	-306.7729483975379
429	-305.14881554236524
430	-310.93087339178084
431	-304.47069348100854
432	-304.81360059133937
433	-306.3603840662442
434	-306.08499874768245
435	-301.5317591205756
436	-302.43124031072557
437	-303.46911913604754
438	-308.2613821949912
439	-303.032310945268
440	-305.1583481904446
441	-305.4850982871062
442	-306.1664993307934
443	-306.68713766626803
444	-311.15553072831835
445	-311.09282518571183
446	-301.11434002262496
447	-303.2584090332229
448	-304.85224159300265
449	-308.4554156889243
450	-303.13226612682274
451	-306.3231786196638
452	-308.0895945308981
453	-303.50483040942146
454	-298.0298010283255
455	-302.25577634828164
456	-309.9604188059377
457	-294.8397034284522
458	-310.9354191859652
459	-303.86203144077115
460	-305.89087982015064
461	-303.48141655076523
462	-310.5456607103475
463	-304.5705
464	-306.9150769118557
465	-305.6257662002897
466	-308.6816835759375
467	-304.05
468	-303.0572930441376
469	-307.20649298962013
470	-311.9880476026214
471	-296.5849
472	-302.8386494693436
473	-302.435130899538
474	-304.62891629750203
475	-306.2436768365139
476	-299.81296206578185
477	-301.46892139859415
478	-305.1120516605135
479	-305.1097797694495
480	-303.71764481117947
481	-302.82660283368875
482	-303.2254402644009
483	-303.38994094619085
484	-302.736883223276
485	-307.83708805045865
486	-299.52654329685294
487	-306.9893733954261
488	-304.9114218150955
489	-304.4651174295357
490	-304.89180408953365
491	-304.7231507034278
492	-303.08940359008943
493	-304.54756790644177
494	-308.1080898914183
495	-297.70301350275247
496	-304.31896725159817
497	-300.2361171564921
498	-296.22054795665395
499	-301.3996851764481
500	-302.0695740871627
501	-304.6547829705892
502	-303.0773281589782
503	-302.2803751755319
504	-298.7957727814394
505	-298.46370000000303
506	-301.88324304163376
507	-304.8616947694764
508	-309.6422979159019
509	-303.74184217822807
510	-294.6836547827947
511	-301.2842102575747
512	-302.0730820372622
513	-302.0446986861332
514	-306.5400208204119
515	-300.03622888953646
516	-309.4075229653037
517	-299.7229007865452
518	-305.9773671309469
519	-298.1926000057999
520	-306.42079563062214
521	-298.4343278526084
522	-301.7187740835122
523	-307.2126701383891
524	-307.2866417999225
525	-300.7989416074258
526	-304.38425790161136
527	-305.5581459814165
528	-305.70461827274966
529	-297.9196810617195
530	-299.9790429973222
531	-301.5500748639866
532	-303.01907527068613
533	-300.2930159247982
534	-303.3964152670649
535	-303.5074990791886
536	-296.5316292454455
537	-298.99405055312883
538	-298.10194380616775
539	-303.5147001529905
540	-306.0107301499533
541	-300.31999190399364
542	-307.81137590123825
543	-302.8318455314496
544	-307.2875084723244
545	-301.87751668201054
546	-295.33525731493916
547	-303.9918378762606
548	-308.03130000376643
549	-306.27937539942957
550	-302.05585432586906
551	-306.02629059133295
552	-312.8726157359009
553	-307.5534674010539
554	-299.97279811973993
555	-304.8877662278131
556	-303.8602761419211
557	-304.2082618585217
558	-307.66092983352377
559	-306.7786357733329
560	-302.5375000001877
561	-300.50832289478984
562	-305.1315474156193
563	-297.6068813980203
564	-303.66102732513167
565	-308.24978198352153
566	-299.60058466836676
567	-305.2511620443332
568	-298.28870024833157
569	-293.8089124237862
570	-307.9938442723638
571	-299.0167000914275
572	-306.136854109254
573	-306.92212461467244
574	-305.1317070772544
575	-306.05387151360105
576	-299.09882998163357
577	-303.1234057831618
578	-298.4902676996348
579	-302.97502803782487
580	-303.1186018100579
581	-301.10095667792405
582	-303.64343353961374
583	-305.1604742696572
584	-300.2010534217282
585	-303.54495426663493
586	-307.03414684534357
587	-306.0284262386319
588	-304.1867077769711
589	-302.82296096120797
590	-302.954773443538
591	-293.95040931634117
592	-300.8269213753237
593	-301.18918238121984
594	-297.46307466331626
595	-302.1620659737443
596	-308.6169993295887
597	-304.61189970669557
598	-305.6407178323461
599	-303.26549314070485
600	-302.569645310777
601	-308.17960000000005
602	-293.5942187920444
603	-302.9596764693361
604	-298.14540177457354
605	-306.26624448206013
606	-306.26204104957543
607	-302.68190000000016
608	-302.74873395295685
609	-305.5270306551599
610	-305.62727780955305
611	-299.74363601592967
612	-303.96381410416944
613	-306.0600596494953
614	-305.27225109329345
615	-303.82722572438445
616	-306.4699330650029
617	-299.9617596874504
618	-302.0063000060153
619	-299.31540002562207
620	-294.550957362473
621	-299.37257025940505
622	-303.4414828640345
623	-301.00476994113893
624	-302.83879785166613
625	-301.75147476815613
626	-301.70152937712754
627	-303.0777916766487
628	-298.56154705561096
629	-300.61249926960045
630	-304.4843573609031
631	-309.2016994144423
632	-299.99186796048247
633	-306.2236492919682
634	-307.58781146310474
635	-309.4603610271504
636	-304.74675311577687
637	-303.59086352661745
638	-296.31092866077313
639	-300.2994566280098
640	-301.7140090341131
641	-303.9576372254357
642	-296.81864477977894
643	-306.51207668701227
644	-297.51260390112355
645	-299.6686455063178
646	-307.4769085903848
647	-307.5520001664337
648	-302.24963327796314
649	-303.4932049302998
650	-311.0535694294762
651	-307.307888780951
652	-303.92750000000274
653	-295.7025146470434
654	-306.3062130859801
655	-307.98470906362695
656	-307.19677728360637
657	-310.84595819806646
658	-302.63903564170477
659	-308.5877964632983
660	-305.694830207479
661	-304.244151536742
662	-302.03643239613376
663	-298.4218883495879
664	-308.60132216560714
665	-304.6020401254046
666	-303.2866004424228
667	-297.4771000003631
668	-299.15516645693754
669	-298.62081253849874
670	-298.92881149995424
671	-304.5637971732016
672	-300.1150989878719
673	-308.0381127067176
674	-293.6394206214406
675	-307.6591354037107
676	-301.29915668471654
677	-306.13709607970105
678	-304.3432138750173
679	-299.48865915490364
680	-304.06205846737026
681	-302.3805563265931
682	-300.22931123398416
683	-298.44716135699946
684	-298.4141694849966
685	-299.99813304362925
686	-298.86558667295117
687	-295.8994655397021
688	-307.59179940853255
689	-307.89402894875656
690	-303.88321536646095
691	-303.34732704797915
692	-304.9454807355671
693	-300.87050005524304
694	-304.5791511834835
695	-294.09216746984913
696	-305.1510675175535
697	-296.3511193740346
698	-297.60057800872613
699	-307.9090120397525
700	-308.30271975588226
701	-305.3192516755424
702	-297.2985625354064
703	-301.5719070552861
704	-295.05708125450246
705	-298.32257354327703
706	-297.8197919616097
707	-300.2258687184393
708	-303.7810906960688
709	-307.169141412935
710	-307.64068549322064
711	-303.6038138298978
712	-302.3213830768815
713	-301.97580336865576
714	-304.7468873030863
715	-301.3824621112279
716	-305.38950026257396
717	-302.732494488786
718	-305.7729290184052
719	-307.0263440604293
720	-300.97294592755037
721	-308.56372478426346
722	-305.8459511996842
723	-306.125528325633
724	-301.9518014990981
725	-302.3330652254857
726	-309.61724257289933
727	-310.3175258412923
728	-300.1858806382139
729	-302.9767877016
730	-297.88919507239603
731	-302.8333038601398
732	-301.01849764345263
733	-308.6299858012278
734	-302.24556475407
735	-305.1544824809829
736	-302.91710036603087
737	-302.53718310335654
738	-303.42346908665735
739	-311.7595831780258
740	-297.8765885542117
741	-309.3764588053943
742	-301.9562184023157
743	-297.03723367239604
744	-302.5438324752939
745	-302.50531211012276
746	-302.7079994965609
747	-305.5375701228433
748	-305.3924023775087
749	-304.1421543967949
750	-308.0258120402827
751	-307.62606360569396
752	-304.78551311048676
753	-303.63964084588235
754	-308.3529078592866
755	-305.00642009795456
756	-300.89616877218816
757	-307.654255063115
758	-305.8103513027142
759	-309.81807046595947
760	-295.3084505118486
761	-307.6520082697729
762	-304.1063287664488
763	-309.8836288464523
764	-305.12929405464473
765	-301.89623209719304
766	-306.9335337602566
767	-308.6225870940188
768	-302.56832257449025
769	-304.12492178423855
770	-307.47255851732376
771	-306.8617894856658
772	-303.19327102048743
773	-301.33627233142045
774	-304.090652365259
775	-303.83793958884127
776	-297.57480287072065
777	-304.1798086922791
778	-299.66053706926664
779	-304.64123039314023
780	-308.0118367931934
781	-306.3718175828259
782	-300.6972859701619
783	-305.4283589643834
784	-309.98733912085623
785	-301.3700625842754
786	-303.69810000012654
787	-303.5873400211292
788	-306.18240608114587
789	-310.6508421128442
790	-309.85958899086654
791	-306.18249937548995
792	-311.49349904224675
793	-303.4694091026972
794	-306.11758755447636
795	-305.1085464851792
796	-302.8885000000001
797	-301.7461825736877
798	-300.0297189555563
799	-304.2976471634553
800	-299.01203616914086
801	-299.21253630340306
802	-304.24165456458275
803	-303.08032331205743
804	-307.02302643790745
805	-307.76620303532843
806	-305.75881402447874
807	-302.695840045311
808	-301.714527150078
809	-306.8202622838395
810	-307.7779914532329
811	-309.8163018172739
812	-312.21065875671474
813	-304.8054699722006
814	-300.9270340003366
815	-300.06354471013117
816	-308.4254422476808
817	-299.53328651616664
818	-304.9819138347929
819	-299.2088651214209
820	-299.6783709946818
821	-303.93922710017296
822	-303.26217014894996
823	-311.83532673971996
824	-307.9870941099093
825	-301.19488136013257
826	-305.2184162756104
827	-300.0224000005518
828	-303.0707151751638
829	-308.3228387058392
830	-302.60087736681265
831	-305.96746161076504
832	-303.52315404762385
833	-300.204131408039
834	-300.35711662443913
835	-310.16801429687234
836	-299.3700616543884
837	-300.1676440428475
838	-299.531694863189
839	-305.9387222890833
840	-310.8740621137552
841	-309.6706548895328
842	-305.4567562191359
843	-304.8125468024065
844	-297.7960000013337
845	-306.28483862147954
846	-306.3810435564448
847	-295.6618100226767
848	-301.01062394884457
849	-302.0569555523935
850	-303.9034841622921
851	-307.8028911170535
852	-295.6688000000001
853	-304.12513729339156
854	-303.3197742853016
855	-309.2191368679841
856	-300.53802623030106
857	-302.68610123162387
858	-299.3324448136346
859	-297.90856543746884
860	-305.4406216064591
861	-299.9198629020749
862	-305.20241696900706
863	-298.9713279521449
864	-309.22258121818277
865	-302.7214264141709
866	-304.9595150149698
867	-304.28842953355564
868	-306.5531553479339
869	-305.8562000325116
870	-307.2620624144725
871	-305.87290004107393
872	-301.2520051593228
873	-306.5760695979493
874	-305.764366011891
875	-304.61358953878954
876	-305.13330763264094
877	-298.35287533969284
878	-298.8135279215067
879	-303.6691092058912
880	-301.6932254097066
881	-303.8320956168906
882	-309.8373804157165
883	-304.8921212127452
884	-309.53278941398366
885	-301.7344530325039
886	-306.86698709396103
887	-301.25346555698604
888	-301.21479250924347
889	-304.5134036692184
890	-303.11701005741025
891	-302.92790679059937
892	-303.09770926865014
893	-303.9478942260896
894	-303.84345961596426
895	-302.72097073584155
896	-299.35374991696864
897	-298.4890943851741
898	-305.2635001981997
899	-308.1608746526652
900	-307.24986406725213
901	-305.61964102877494
902	-297.68904664802943
903	-311.4051532356387
904	-307.2324729703877
905	-306.4749794617331
906	-302.1149745443161
907	-301.47871692315044
908	-302.5203998072924
909	-296.2000591552215
910	-304.2549537269332
911	-302.71210086831474
912	-301.81169016144344
913	-299.8529414600651
914	-293.34317213914926
915	-304.8192979760737
916	-305.7339895619086
917	-307.84341546817046
918	-300.20105612349084
919	-305.0347524984439
920	-300.03189215220334
921	-307.4462437018852
922	-303.7578307620476
923	-307.71364843757686
924	-305.529731692286
925	-302.30574629567735
926	-306.40534794797264
927	-299.72168630351575
928	-302.07341007686
929	-306.3155993964683
930	-308.03126056194986
931	-310.2681900945472
932	-303.52405269270554
933	-301.3465323378108
934	-298.92517353575045
935	-298.2128010609601
936	-306.54729942139085
937	-306.3715322833196
938	-302.5468
939	-296.3049643473579
940	-299.64110841400924
941	-307.23871827095473
942	-306.3117209765436
943	-299.9810667635659
944	-305.13551226439296
945	-310.0669114170772
946	-301.5574388035506
947	-306.0406158418228
948	-308.28832496905505
949	-300.89006724395836
950	-297.0254836659001
951	-308.23899162748137
952	-298.43087510423663
953	-296.77201307027343
954	-310.94858816831686
955	-306.79044714200757
956	-296.02682360305295
957	-306.65382319630424
958	-303.8194333327506
959	-303.6759965664396
960	-306.93286521441297
961	-301.5146511448511
962	-305.46845653073296
963	-304.8587464286162
964	-305.49865808439074
965	-306.75510860396
966	-301.2838325557965
967	-304.43935223675544
968	-304.14268683970863
969	-302.45992747947525
970	-297.45757003477996
971	-303.48809165012887
972	-307.61108443651005
973	-307.5091053487575
974	-309.99335839642254
975	-295.74370003754944
976	-308.8922318189941
977	-298.66966250069373
978	-306.05075211790046
979	-300.1760828089515
980	-302.9498521865555
981	-308.6119927105018
982	-306.4155926727506
983	-308.8882112785006
984	-312.6188695162431
985	-305.13746546638515
986	-308.0477216505999
987	-300.3583548139992
988	-305.48797864767454
989	-306.1765784906013
990	-308.2715102873784
991	-305.7473241013944
992	-305.67417178632843
993	-300.982866965571
994	-303.4839635815843
995	-305.3942026186352
996	-304.31556675942943
997	-305.5622055660289
998	-306.75012925674474
999	-304.4007808896762
1000	-308.000312042575
1001	-301.8964621778509
1002	-304.7676227054062
1003	-313.52336267403825
1004	-302.8814904918089
1005	-307.94443362418286
1006	-304.4617939430041
1007	-302.37281756005996
1008	-307.9723834097513
1009	-303.817589318367
1010	-304.1938073036102
1011	-301.94038617639313
1012	-305.4908807335586
1013	-309.0592532718448
1014	-304.4365642326343
1015	-300.514024940094
1016	-306.58660127335594
1017	-306.34845941209267
1018	-310.54056733256556
1019	-309.09795620643666
1020	-304.59279239642115
1021	-305.2598288369894
1022	-303.93145334453186
1023	-304.96133059998834
1024	-303.2090227132125
1025	-301.68701495654585
1026	-308.33335660905874
1027	-303.3469744138681
1028	-301.3433373036395
1029	-303.25972083647144
1030	-304.5041012330584
1031	-301.75832126027746
1032	-302.7974213445222
1033	-307.50914171611214
1034	-300.53821583108356
1035	-307.29730499538357
1036	-301.387757025233
1037	-308.5461663773848
1038	-300.92735883172725
1039	-308.50589288513936
1040	-309.51715945281694
1041	-301.7882155698638
1042	-312.64008395429323
1043	-310.5667982585945
1044	-303.5480327501757
1045	-305.10757092029905
1046	-298.91310000000004
1047	-303.0332988645194
1048	-306.93599026364626
1049	-305.4279611961671
1050	-303.22884117921035
1051	-311.0174727249637
1052	-301.5240246450326
1053	-306.4293090922128
1054	-304.46136340645467
1055	-305.7699262560001
1056	-305.45343413701164
1057	-300.69463797195107
1058	-297.73089178526345
1059	-300.15752749373974
1060	-297.55910692335954
1061	-298.1060389952516
1062	-299.0857121450459
1063	-307.72965928841916
1064	-298.7401241926742
1065	-307.4136979912856
1066	-308.4335830632424
1067	-304.58895300325156
1068	-306.84319609106376
1069	-304.6319113828306
1070	-307.50033872163135
1071	-301.805870171278
1072	-306.3680122980619
1073	-307.8140485560996
1074	-299.5834719210665
1075	-305.7023040293045
1076	-306.9628393231123
1077	-307.73576601183515
1078	-303.25811016485005
1079	-302.08508015808013
1080	-296.4722522955335
1081	-301.88200000000006
1082	-303.25610000012125
1083	-302.838989861209
1084	-295.0070514348482
1085	-303.73746493783807
1086	-300.96867868558905
1087	-298.36106244363623
1088	-295.91345173999554
1089	-299.73104926134226
1090	-301.37804226988237
1091	-295.9679172002356
1092	-297.97720449353517
1093	-305.4763490871648
1094	-297.9278288714467
1095	-298.56292923315743
1096	-302.2203364144833
1097	-307.8831190514466
1098	-302.1280013096261
1099	-304.0583982533847
1100	-307.19496055388277
1101	-306.2288251014447
1102	-310.25228736585194
1103	-306.60914811485685
1104	-306.3960098510023
1105	-301.47728931848724
1106	-299.35153625703725
1107	-305.09086032463205
1108	-297.7960815597049
1109	-303.2413532980486
1110	-308.47351183980413
1111	-304.58956244930016
1112	-307.4087380050069
1113	-292.37185910197087
1114	-304.38996865143247
1115	-303.7961319901724
1116	-306.02121637164015
1117	-308.9115421802696
1118	-296.1602728476572
1119	-309.2989214605229
1120	-305.22756128874937
1121	-300.61258416864314
1122	-303.5363473218556
1123	-305.1327317871409
1124	-301.6370113074139
1125	-304.48885459888146
1126	-296.2485029425582
1127	-305.409945670425
1128	-301.5084000279924
1129	-300.4946000227798
1130	-305.1595493169641
1131	-309.33670671877803
1132	-299.3784454511995
1133	-298.1722394501352
1134	-291.1913000003817
1135	-299.2553953197948
1136	-304.3966870493203
1137	-308.12592035617143
1138	-302.96477905065984
1139	-304.9584490383466
1140	-304.19888747066926
1141	-300.02568556279044
1142	-298.97100000000046
1143	-312.97748947452277
1144	-299.9416519310725
1145	-305.4019000531403
1146	-302.3935552953202
1147	-309.373456658261
1148	-306.1751098109826
1149	-301.3141772159575
1150	-309.7090059365326
1151	-301.3607172495522
1152	-303.8240255170453
1153	-297.0740790022617
1154	-305.6224860724595
1155	-303.47863903043594
1156	-301.9351524752588
1157	-307.75398449482816
1158	-309.8999342771153
1159	-300.9648674658918
1160	-300.97805861863975
1161	-308.63539362210616
1162	-299.05845355210204
1163	-307.6586152710192
1164	-304.98961241482664
1165	-301.3652127754233
1166	-300.2594592196827
1167	-302.44970004675923
1168	-308.98402572450203
1169	-297.9457144897873
1170	-302.76407799276456
1171	-301.71616772898193
1172	-310.0968157276769
1173	-307.24637737090666
1174	-298.49696381230984
1175	-294.2399656081321
1176	-301.85224093125646
1177	-304.42573426636966
1178	-303.6089568405139
1179	-306.70897114584466
1180	-303.64126960978956
1181	-303.54269425676756
1182	-304.80004484409534
1183	-303.4423232057187
1184	-302.7827941060344
1185	-299.69044535745735
1186	-304.8347531403706
1187	-300.81614376087316
1188	-305.45237870315987
1189	-308.361183898543
1190	-296.1775221050676
1191	-307.0194599003314
1192	-306.59532333505103
1193	-307.75232593629505
1194	-306.3949715532404
1195	-301.0133529379985
1196	-303.2376792486231
1197	-302.7646259827197
1198	-303.2646080910423
1199	-295.9464476268985
1200	-290.68704860147693
1201	-304.5597093353997
1202	-296.80390000326963
1203	-306.8230779916841
1204	-302.8766857760301
1205	-304.03928806672127
1206	-299.60045760282424
1207	-301.38368278718457
1208	-296.5774703823934
1209	-304.0383880580471
1210	-296.68290014020505
1211	-304.9608921672745
1212	-304.86483460421346
1213	-302.0126564222166
1214	-304.8504120641737
1215	-308.77610000000004
1216	-304.86515049854097
1217	-303.77489985367146
1218	-300.9024258619304
1219	-304.3905801358868
1220	-302.7873709528601
1221	-304.2005760703304
1222	-310.43114536587103
1223	-312.1490340546124
1224	-304.94681727665454
1225	-301.43570524233394
1226	-304.7587735860708
1227	-302.60362374867935
1228	-305.5985139181902
1229	-298.7124625268529
1230	-306.5802592743526
1231	-303.399196962154
1232	-302.67743469575777
1233	-294.24348896852814
1234	-300.0061939862353
1235	-305.4157479499662
1236	-302.82388031906254
1237	-303.81504231052
1238	-310.8165466608975
1239	-305.95383900441624
1240	-308.55946769197016
1241	-299.9429530678059
1242	-303.40667476730783
1243	-299.2599
1244	-306.1877680819499
1245	-303.1247511856532
1246	-310.33811820502035
1247	-301.4505443815248
1248	-307.4453955142808
1249	-305.80719715109484
1250	-304.8685000044705
1251	-301.21168595202323
1252	-304.63869898832615
1253	-300.3382647373522
1254	-305.0308251718048
1255	-300.1167570919105
1256	-299.99563359685993
1257	-308.59342190232417
1258	-307.37827814813966
1259	-302.3293280979078
1260	-307.8398714228571
1261	-302.4796208660184
1262	-301.7667007873497
1263	-302.7187432315642
1264	-309.1697779706288
1265	-305.2623781831068
1266	-306.17905649182774
1267	-307.806185520537
1268	-309.338200305479
1269	-301.716523205759
1270	-306.1393700656657
1271	-298.4783000444908
1272	-308.9376989610926
1273	-304.1206126590671
1274	-297.30670454987506
1275	-304.17458173944
1276	-304.0668413263754
1277	-307.0565739105384
1278	-306.27412903308834
1279	-296.2838000171273
1280	-303.9605822201781
1281	-304.3536428523656
1282	-299.11060410179545
1283	-311.7161509213711
1284	-305.9100545200992
1285	-306.6151418637751
1286	-304.7795132323043
1287	-301.16601468861757
1288	-309.5836416218582
1289	-305.5053316680505
1290	-306.31704271710373
1291	-309.29382057496116
1292	-304.74181188636726
1293	-301.1223064834187
1294	-293.5950058901809
1295	-299.3948576263987
1296	-299.3500666882132
1297	-298.098393749749
1298	-305.33321596157333
1299	-302.80130916458165
1300	-304.787982072222
1301	-307.85744366438115
1302	-304.9979802011808
1303	-305.94711820718055
1304	-305.0831190566254
1305	-300.96481414399403
1306	-307.4507363806136
1307	-305.5768970793696
1308	-296.1593148380523
1309	-299.4383203570813
1310	-306.53610075333734
1311	-303.3874544526339
1312	-304.2447867523625
1313	-305.7117777142118
1314	-297.94378207869795
1315	-303.9740077687598
1316	-300.91158782206594
1317	-310.60084824108895
1318	-304.864154984897
1319	-310.8383522279918
1320	-308.6254067816891
1321	-296.63682914799546
1322	-305.5495362931026
1323	-299.6080785686623
1324	-303.76481593807335
1325	-303.0666814809594
1326	-301.42641101227207
1327	-301.5120587705391
1328	-304.0870737613885
1329	-304.88816475194204
1330	-302.7464494174634
1331	-305.5097821372169
1332	-309.19644174418346
1333	-306.0119134978721
1334	-305.40157072258893
1335	-305.72724017606873
1336	-309.16714145872606
1337	-305.7649685253986
1338	-302.93403078685367
1339	-308.63735430614724
1340	-296.6062494207624
1341	-301.69250134777036
1342	-298.7053097240577
1343	-302.97000603476033
1344	-304.9245649177866
1345	-300.3601945350469
1346	-308.5119386175114
1347	-300.72542255726415
1348	-306.10531790050425
1349	-304.99295185529127
1350	-298.901617698137
1351	-305.54780000019633
1352	-300.7565431972534
1353	-307.4160424922469
1354	-301.004992588748
1355	-301.8713141306915
1356	-304.39866354996775
1357	-304.22129083050316
1358	-304.89704899262404
1359	-303.96750905273166
1360	-301.66879725307706
1361	-303.68613947735975
1362	-303.88703525189766
1363	-303.89563778043413
1364	-302.49344546965307
1365	-307.9410694540321
1366	-306.89499181683334
1367	-309.7768403427538
1368	-306.9616575453672
1369	-300.34321856406973
1370	-307.7600495181931
1371	-301.3886354455743
1372	-309.2510541462791
1373	-300.86695846860584
1374	-312.68194611990367
1375	-299.4164210596947
1376	-305.521385391095
1377	-311.2754788931114
1378	-295.65578638442895
1379	-299.3527928744028
1380	-305.07427492392344
1381	-297.13112109384616
1382	-311.2524037798079
1383	-309.74994314348464
1384	-305.4255114903612
1385	-303.82793814793905
1386	-301.0206609864893
1387	-302.4043289750195
1388	-309.9856062572495
1389	-298.47945065475517
1390	-307.97933360741723
1391	-304.13471502240463
1392	-303.5800628766327
1393	-307.06818488374614
1394	-304.2753341166228
1395	-301.6353420931264
1396	-308.4384989716811
1397	-310.82915466761733
1398	-297.43667053932404
1399	-301.28151904047087
1400	-306.4286483503446
1401	-305.92877948183803
1402	-297.409806585749
1403	-308.14878741740597
1404	-302.854221871303
1405	-310.6715921062758
1406	-309.344216190249
1407	-304.35053593465756
1408	-306.17006434577695
1409	-304.91947522970406
1410	-299.82969455386336
1411	-304.0431579438089
1412	-309.70827894181264
1413	-305.10180889355314
1414	-307.1817621173484
1415	-298.9835182291648
1416	-307.25394356960874
1417	-299.8716312235449
1418	-308.4877619222049
1419	-311.59895143553166
1420	-305.59063126868836
1421	-305.1516742400029
1422	-309.1596475389381
1423	-299.7094918220927
1424	-304.0788621521168
1425	-296.6924785387698
1426	-303.6093376623715
1427	-310.55498919047204
1428	-297.85379772755897
1429	-307.09507381993217
1430	-310.77164842856206
1431	-303.4109059016563
1432	-304.105901647121
1433	-305.4725084142388
1434	-306.0536802466183
1435	-310.94544577770824
1436	-301.55239229185105
1437	-309.4535882772722
1438	-311.64116483522673
1439	-308.1979739536169
1440	-309.447517746239
1441	-308.71708109468693
1442	-307.3897457436074
1443	-308.33102661653123
1444	-304.2797837020937
1445	-306.10575814319895
1446	-307.13950734656333
1447	-301.72420248085507
1448	-309.94014231385336
1449	-310.6875058340827
1450	-312.4037545077281
1451	-310.1147234677473
1452	-307.1741394889783
1453	-299.7932625422938
1454	-310.6784275217205
1455	-310.42891642986706
1456	-307.8539437039935
1457	-305.7709737301694
1458	-305.74719174759053
1459	-305.33435517266105
1460	-308.81599650420515
1461	-302.34502229842593
1462	-310.71613374222903
1463	-310.95968611008317
1464	-301.6476725402824
1465	-300.75022495642685
1466	-306.56299921812945
1467	-307.75511575248584
1468	-301.11108713253
1469	-308.0634511800156
1470	-302.100365335882
1471	-310.66246840670686
1472	-304.43174973653305
1473	-305.30596738159613
1474	-308.227032352375
1475	-309.48127336491297
1476	-306.8765470647814
1477	-312.05222047301515
1478	-308.44948423296336
1479	-308.58278132779265
1480	-304.49641466723
1481	-307.5470063750673
1482	-306.7728043919265
1483	-304.72156837613335
1484	-305.789907372278
1485	-298.93155102225325
1486	-305.28758142517796
1487	-308.5762086029303
1488	-306.1013471273713
1489	-304.99319682159427
1490	-306.4496255172732
1491	-304.6105219054482
1492	-306.52888186330586
1493	-304.7446548373121
1494	-304.11754429754245
1495	-302.51930014156864
1496	-313.85586559466697
1497	-299.66593251270797
1498	-303.4855661945139
1499	-307.7946785715644
1500	-307.8809523658214
1501	-305.30180183167465
1502	-303.1427920639421
1503	-298.5844757666104
1504	-298.9255272604047
1505	-299.9074404556829
1506	-304.196958100862
1507	-303.41379575169117
1508	-308.20220474093094
1509	-308.21936558938995
1510	-307.5887486842063
1511	-309.0325160594158
1512	-307.99165862330784
1513	-304.8074025070596
1514	-300.98351539473407
1515	-301.82451427561006
1516	-306.76286813101984
1517	-304.8958388763458
1518	-312.0143541840376
1519	-314.9025622371998
1520	-313.15492696958296
1521	-310.96397570922056
1522	-308.80544771525666
1523	-302.6371786112042
1524	-310.7199936793787
1525	-307.7819687145612
1526	-307.01581470218184
1527	-301.7661665648554
1528	-308.59131755590874
1529	-309.04212554003965
1530	-307.6602342784507
1531	-309.3910829421075
1532	-307.0760715712071
1533	-309.9208773521589
1534	-303.9194646824162
1535	-309.97967729618284
1536	-304.35323865221716
1537	-311.5044708320483
1538	-306.2166986902134
1539	-303.2477618636412
1540	-303.83652772394123
1541	-302.3739166857825
1542	-310.10402303858797
1543	-303.78346824123145
1544	-303.79283169404084
1545	-303.5887411520985
1546	-298.7204252489207
1547	-303.1388882525072
1548	-307.2340039114632
1549	-305.5808064856769
1550	-305.0141716944464
1551	-309.06274541092
1552	-302.7993519019649
1553	-302.6338700622247
1554	-308.5197810276307
1555	-312.672352084013
1556	-310.19859037180225
1557	-299.38251610333475
1558	-308.64777299528015
1559	-301.776906532699
1560	-307.47983188321797
1561	-300.7945238830084
1562	-303.9686678280272
1563	-309.31574542262354
1564	-304.5144417784374
1565	-307.87107014593164
1566	-309.5052564538978
1567	-306.29133001980944
1568	-302.93245661272937
1569	-313.2621227252179
1570	-297.2866257538275
1571	-306.3455604853373
1572	-300.6810608940665
1573	-298.86524889337903
1574	-305.5526062487191
1575	-309.39304232387303
1576	-310.83763280980844
1577	-306.0886358612451
1578	-306.71069539644026
1579	-306.83021133036675
1580	-300.37002526909555
1581	-311.98042223794425
1582	-312.7913413657004
1583	-306.7164483686921
1584	-309.96620535739277
1585	-309.19835908221154
1586	-304.3033178729876
1587	-309.41981112095647
1588	-309.72109955177274
1589	-305.43264206804236
1590	-304.4535689058252
1591	-306.948907906679
1592	-305.220941941596
1593	-304.8222999169082
1594	-304.7652827523446
1595	-309.0044011849136
1596	-312.2426819630161
1597	-309.8253201933925
1598	-298.8171409802392
1599	-302.8459152308538
1600	-309.805788174546
1601	-308.22662100786994
1602	-313.99900116043017
1603	-315.7840709605074
1604	-304.23501792491555
1605	-304.83330906328473
1606	-303.2016512879214
1607	-305.5358218323097
1608	-296.72806296607035
1609	-306.49502391128425
1610	-309.0439201310215
1611	-301.2451539013467
1612	-302.97025541607945
1613	-298.73268712164923
1614	-312.89401787084495
1615	-309.0414110494911
1616	-310.73994343386624
1617	-302.7081386326067
1618	-304.13590751926114
1619	-301.71093862650196
1620	-305.849200551982
1621	-308.2028114840457
1622	-309.24216569789706
1623	-303.2675844615056
1624	-300.52472515627073
1625	-305.6392713763295
1626	-311.97676465209605
1627	-307.4958552896449
1628	-301.7702698107905
1629	-300.80367961750727
1630	-307.1298206301938
1631	-305.3751930535422
1632	-310.84213525270394
1633	-311.45403512515327
1634	-299.4472569089701
1635	-306.12551780774135
1636	-305.05284658153596
1637	-307.58488981106154
1638	-302.1539662915792
1639	-301.399084326514
1640	-307.1826842093608
1641	-306.32408785413696
1642	-303.0976508406196
1643	-303.4333290080848
1644	-301.8836577277516
1645	-300.54974080152846
1646	-305.36748502923416
1647	-300.74960896953036
1648	-309.3074542318195
1649	-310.48496018630385
1650	-304.6823323417744
1651	-305.80008449387685
1652	-304.91131747360663
1653	-305.870447250586
1654	-303.4836879988874
1655	-308.0657679953994
1656	-303.00742503441364
1657	-314.14269083403207
1658	-308.38894995235387
1659	-303.88657002860805
1660	-302.99516127328695
1661	-305.3898894776505
1662	-307.2665901544903
1663	-300.7749218649667
1664	-308.477161158136
1665	-305.02555375509877
1666	-306.867948158107
1667	-309.75811344808045
1668	-307.4834479076225
1669	-306.90648115118466
1670	-304.8653282831388
1671	-301.38969423678185
1672	-308.4269568719441
1673	-305.92627624456924
1674	-306.62947468865065
1675	-300.37419554111176
1676	-304.7971186883549
1677	-309.7812569463912
1678	-310.11586862847525
1679	-307.8563339010406
1680	-308.8561079376172
1681	-302.50108484067556
1682	-311.15517743007786
1683	-311.3732188410269
1684	-304.52394635237033
1685	-302.929332449536
1686	-309.22602717749896
1687	-307.31818319647914
1688	-303.00871784629425
1689	-306.36551244031085
1690	-303.73866725747035
1691	-302.8814592945041
1692	-305.42934780680355
1693	-301.6228784978999
1694	-305.3116192369815
1695	-308.1059643260085
1696	-302.6485857308818
1697	-304.0955739090844
1698	-310.3526492590002
1699	-311.9785141185358
1700	-309.4170015061024
1701	-307.4315618839118
1702	-299.8930497656069
1703	-306.1135341345243
1704	-307.577095497198
1705	-309.8939923571403
1706	-302.6864301106115
1707	-311.4319067457142
1708	-304.3055451962769
1709	-302.94925379580934
1710	-310.0306746376107
1711	-307.43105956885097
1712	-305.16760864624854
1713	-301.90227032354534
1714	-303.764121027114
1715	-300.0012561596942
1716	-310.39761344788366
1717	-302.7906820594463
1718	-298.16473316017255
1719	-304.3957785228993
1720	-305.1127249042909
1721	-301.80830918571286
1722	-306.27784336939254
1723	-298.45409030544147
1724	-297.1616988199022
1725	-306.34936497286077
1726	-298.5162265159221
1727	-298.29884558615134
1728	-299.21322399704445
1729	-305.4786712776583
1730	-301.0087399904015
1731	-302.41288131126754
1732	-306.3297289423442
1733	-308.7767500246749
1734	-310.3019943557653
1735	-307.43781174663235
1736	-303.1875206268169
1737	-310.900299382164
1738	-300.0608529322604
1739	-300.77664823002385
1740	-305.27700274225896
1741	-302.8887567472219
1742	-304.76921359769005
1743	-306.655985248208
1744	-301.98663471282157
1745	-306.9103648311162
1746	-306.36962742890626
1747	-310.51563777527576
1748	-303.49209716615724
1749	-299.2776773618103
1750	-309.1232922239073
1751	-309.4823685442152
1752	-308.30089414709596
1753	-302.65289147393145
1754	-303.1547105039239
1755	-304.1941021728761
1756	-308.2353620907364
1757	-302.0068598913868
1758	-310.60661478401124
1759	-309.3847807201703
1760	-306.03691318165664
1761	-310.7071335201979
1762	-301.4214655590256
1763	-301.38422001544575
1764	-296.09845185583316
1765	-299.45802515170755
1766	-302.63406002502603
1767	-301.16160541467224
1768	-307.24387374892336
1769	-307.64652202629867
1770	-306.1225701128318
1771	-305.53747190450986
1772	-305.05711801699164
1773	-304.96050463405624
1774	-301.9193037760769
1775	-303.7708016917935
1776	-307.93938896989084
1777	-304.58148571204856
1778	-306.1735576584642
1779	-303.6465825182112
1780	-299.04228009413936
1781	-306.7840939260896
1782	-305.62317203373067
1783	-304.4600217489453
1784	-305.0430904439126
1785	-303.83870011774786
1786	-311.10111814999226
1787	-304.4485342283882
1788	-305.4520308095634
1789	-300.8660454331265
1790	-307.5277867292678
1791	-306.0077793495674
1792	-299.6066443613013
1793	-312.00413734602586
1794	-309.51213445183606
1795	-305.918681700852
1796	-308.17480061941944
1797	-307.14524807117584
1798	-310.4651988420484
1799	-311.4503715218867
1800	-304.7355307859175
1801	-308.7484858279319
1802	-306.273619982022
1803	-307.56596880758167
1804	-309.1898866583244
1805	-309.59249209639097
1806	-311.8912906824659
1807	-311.64742203879575
1808	-306.19535794398166
1809	-312.09672264131444
1810	-311.4821500382065
1811	-306.43428846489996
1812	-311.8629782826954
1813	-311.72026844044814
1814	-303.49522844273184
1815	-302.4907373364732
1816	-302.819219392503
1817	-307.0750700182681
1818	-311.92839965175204
1819	-312.49528348571175
1820	-307.52234086915877
1821	-306.49365544572
1822	-307.6275640208665
1823	-308.125482552831
1824	-311.91091145660954
1825	-307.14407030183725
1826	-306.7958875018411
1827	-307.54728926368347
1828	-307.34047732008446
1829	-305.8107470779791
1830	-307.62417665157164
1831	-308.6215837971647
1832	-304.3040734731851
1833	-303.40297079682813
1834	-310.4695515138996
1835	-304.31470224108483
1836	-310.3946455063118
1837	-309.73430129727876
1838	-308.057422149273
1839	-306.8847242940095
1840	-305.454672802369
1841	-298.8093136311171
1842	-306.3575880596708
1843	-303.89286573522753
1844	-310.35661157316804
1845	-305.17872730436613
1846	-313.61330383512296
1847	-307.55805673086275
1848	-308.43534474579747
1849	-306.99842044759896
1850	-308.4071756676556
1851	-313.9272069516178
1852	-308.7682168394022
1853	-310.7250679852275
1854	-308.0402401282163
1855	-311.1172650243864
1856	-309.0776411489634
1857	-307.8019889935044
1858	-308.02574286127583
1859	-307.8533179642065
1860	-310.0773007790863
1861	-308.2953228312379
1862	-311.13212152809893
1863	-307.2993990172748
1864	-306.39963056675833
1865	-307.76575139994816
1866	-303.31516421567727
1867	-296.4710146913688
1868	-301.62703923054676
1869	-302.63068715523195
1870	-306.4980186650604
1871	-303.7593029494898
1872	-304.4900291947878
1873	-306.692361525704
1874	-310.17182181883845
1875	-304.4673410505798
1876	-305.06578482667067
1877	-307.0128277149713
1878	-302.6258965670796
1879	-312.8242812063381
1880	-309.4545459674093
1881	-307.8729969814978
1882	-301.85474666755124
1883	-305.86491889726983
1884	-305.8085156572238
1885	-305.87099742615476
1886	-298.23623700410946
1887	-297.4958427477552
1888	-304.7276979243371
1889	-307.66623564037207
1890	-294.724500147749
1891	-301.5993384457012
1892	-306.12193707446767
1893	-305.16425916940824
1894	-300.2722266135955
1895	-304.4090385980998
1896	-307.75685189567895
1897	-304.47948284687214
1898	-304.81666184427905
1899	-309.8318842477568
1900	-302.0766580155714
1901	-300.60034954806076
1902	-298.59846034364534
1903	-306.91862046773457
1904	-303.255322322327
1905	-303.20434543484333
1906	-307.48490947024345
1907	-308.0356605746074
1908	-305.06884274281407
1909	-313.60931944607046
1910	-306.0615497575877
1911	-311.49406626164716
1912	-303.71185639561634
1913	-303.0608649866986
1914	-310.16128919209586
1915	-313.01735943696787
1916	-306.50490867309986
1917	-310.93200138876546
1918	-309.5459474474192
1919	-311.16333870565427
1920	-301.221053254668
1921	-306.96210111039846
1922	-308.22540331449056
1923	-311.3783624820999
1924	-307.78262184254856
1925	-308.69195222699443
1926	-309.6763849755492
1927	-309.3809902874327
1928	-303.8051715797332
1929	-303.3233343861636
1930	-306.9875865013883
1931	-308.1221130338816
1932	-305.8894629343638
1933	-302.21164518516866
1934	-311.7564439858132
1935	-302.7698687854883
1936	-301.0370489132047
1937	-303.05328329165155
1938	-302.6379251675111
1939	-311.4622743101697
1940	-308.672755689329
1941	-305.97157226302136
1942	-298.53753933483137
1943	-306.5852005743495
1944	-304.0919730681666
1945	-304.29493860459854
1946	-306.1715949731919
1947	-308.5328671194214
1948	-301.98003820861163
1949	-308.110816079434
1950	-308.3006092386285
1951	-306.33803978914216
1952	-307.3312767880786
1953	-311.4072324531171
1954	-313.9421519680898
1955	-297.6800155752212
1956	-299.6233476932429
1957	-311.2109681041623
1958	-309.37899719303994
1959	-301.35081443277613
1960	-303.3681651874558
1961	-312.297708735874
1962	-311.05751909698006
1963	-310.37010847740504
1964	-309.5429265841756
1965	-308.7763596772623
1966	-306.6027817562927
1967	-309.85543256304265
1968	-303.82425173912526
1969	-308.47550562825796
1970	-308.8208191339818
1971	-310.73319003267096
1972	-303.5952576319271
1973	-308.7561277396327
1974	-313.57611610668556
1975	-299.3464966236839
1976	-303.90293583920203
1977	-294.97629013692256
1978	-302.9275832776376
1979	-311.7404591447473
1980	-304.8446537655186
1981	-312.7039679490085
1982	-304.77134517931245
1983	-308.2113130158692
1984	-306.69624633417953
1985	-305.8209331191318
1986	-304.22863967697475
1987	-299.1652670070345
1988	-308.32093264849067
1989	-300.3602011597636
1990	-302.45354711551175
1991	-304.8524052791494
1992	-305.26359725943325
1993	-303.7651839542792
1994	-303.9359165339106
1995	-313.780780398664
1996	-311.3897694206206
1997	-302.200701504959
1998	-302.44662666873234
1999	-312.1280607394234
2000	-302.24982255198273
2001	-299.90336735589705
2002	-306.5219564538416
2003	-302.075480990369
2004	-308.5619919590133
2005	-310.09722288075164
2006	-314.234867539453
2007	-309.6157583649111
2008	-305.7363965118601
2009	-309.52315374442344
2010	-296.2994552301665
2011	-307.5576298008237
2012	-304.29708379325444
2013	-309.4333150795113
2014	-309.6926880978554
2015	-310.01227628269027
2016	-303.9147158952291
2017	-304.9184718262659
2018	-312.3419275280937
2019	-307.93650292017395
2020	-310.19431760117607
2021	-306.5674838600578
2022	-297.1820082929427
2023	-306.1657572874843
2024	-308.24113572980684
2025	-300.7966491004257
2026	-308.5472187839573
2027	-300.89093765114194
2028	-297.71463496055543
2029	-307.57710445390614
2030	-303.70926409967313
2031	-296.8147521024276
2032	-309.0068795361384
2033	-303.606261092348
2034	-302.5252851383414
2035	-306.8964847457366
2036	-307.8364964098204
2037	-306.80576544964555
2038	-297.3014777980854
2039	-304.12302398052253
2040	-298.11922091867
2041	-297.9673
2042	-300.5827829759516
2043	-310.6633111050101
2044	-307.743611980795
2045	-304.10240356289063
2046	-305.199545092652
2047	-309.3846279107517
2048	-306.7852594623474
2049	-306.74387962996985
2050	-304.7572558037257
2051	-310.00203694581836
2052	-305.8235225808944
2053	-308.79012289350976
2054	-307.38933505934756
2055	-307.58276875467925
2056	-303.9850675501698
2057	-300.77384987530905
2058	-312.245162257324
2059	-304.03325023601076
2060	-308.2066872855434
2061	-305.174808387228
2062	-312.7079146900265
2063	-307.43207326265474
2064	-305.06950402536546
2065	-310.4493390351277
2066	-307.0549884776901
2067	-308.72368896572567
2068	-305.4201278814889
2069	-306.6906835232131
2070	-307.6968029328622
2071	-302.49043060914954
2072	-311.259295170602
2073	-298.0488239199198
2074	-301.50103410051935
2075	-300.70965666718456
2076	-303.02201539601003
2077	-301.12585932443415
2078	-305.0295050111572
2079	-313.2595025020772
2080	-308.4518211394849
2081	-298.3178260059775
2082	-302.6517240390479
2083	-308.6093482055989
2084	-304.979999622394
2085	-301.6166297274931
2086	-296.28903129508103
2087	-307.9808839111925
2088	-313.3041796511505
2089	-309.3913605770771
2090	-304.2425338194408
2091	-304.7120001038568
2092	-306.38865355276033
2093	-296.95690305108945
2094	-301.76262083609555
2095	-300.9022367945734
2096	-300.5929216543895
2097	-292.80930005382254
2098	-300.81862337707304
2099	-301.45800291555344
2100	-301.19339302045097
2101	-297.0513170358325
2102	-298.99366646341934
2103	-298.8643005967165
2104	-299.07470744683116
2105	-304.3546652944627
2106	-305.19720043771196
2107	-300.62631150257715
2108	-297.7544132277676
2109	-298.64308273450223
2110	-306.12254389762563
2111	-298.6602948588827
2112	-302.8565084462217
2113	-301.5327
2114	-303.341457247033
2115	-300.8546291381288
2116	-299.9836823147253
2117	-306.8270172492138
2118	-301.3790909787852
2119	-301.11382198844063
2120	-303.31882345528953
2121	-308.25120906968255
2122	-304.30757783697544
2123	-301.1933000478399
2124	-304.32042655694676
2125	-304.39982357884486
2126	-306.44545816057513
2127	-299.6223310257521
2128	-303.62088354582244
2129	-298.4331147019717
2130	-300.99724840495776
2131	-306.36128405053125
2132	-303.73118617589665
2133	-301.7490787650802
2134	-305.1815270302482
2135	-306.40307897618493
2136	-308.44673947063154
2137	-303.0804430090428
2138	-303.46368327265236
2139	-299.8205657421585
2140	-294.68539823891325
2141	-305.557541577107
2142	-303.9542023052255
2143	-303.194416924311
2144	-305.7590711001346
2145	-304.89313230273257
2146	-305.32782812745245
2147	-301.1996258113769
2148	-306.7090463148368
2149	-300.91765273948033
2150	-306.4784981836998
2151	-304.68719709538397
2152	-302.1554312240619
2153	-297.86686822651046
2154	-303.00489127976374
2155	-303.0309486361478
2156	-306.89590629519677
2157	-305.2529987644453
2158	-303.42412401707134
2159	-301.8373438139224
2160	-308.8393492041945
2161	-303.0166158296402
2162	-304.4635652678817
2163	-301.6419931184335
2164	-305.10191329676996
2165	-305.5715381536009
2166	-305.5401234837115
2167	-303.6437201528241
2168	-301.2820179214155
2169	-306.7218603619928
2170	-301.4735282329283
2171	-304.4273617885798
2172	-299.80612776347414
2173	-299.49237011958604
2174	-301.13643572782263
2175	-308.40045303127755
2176	-305.9643806153888
2177	-307.30145049373
2178	-301.2079453285877
2179	-307.7625796662581
2180	-306.91988021463885
2181	-302.13584303622474
2182	-306.02105665981134
2183	-305.3886671755419
2184	-295.12153920740417
2185	-301.1192990298976
2186	-305.467390441722
2187	-312.0109812024295
2188	-305.73021009588217
2189	-309.1203970864443
2190	-310.14448394674247
2191	-308.2987007179538
2192	-305.2459773541564
2193	-305.3018369494171
2194	-303.60916031973085
2195	-306.5915830336561
2196	-305.998371232597
2197	-295.6831756546966
2198	-296.768248003014
2199	-298.6405
2200	-306.8505029363375
2201	-304.54095637356
2202	-302.24131745031525
2203	-303.34634528597513
2204	-302.317545035376
2205	-305.72560119677115
2206	-302.1000796076608
2207	-306.42464427590625
2208	-300.21721069507197
2209	-294.59612383774123
2210	-295.1362394337371
2211	-306.3152221988966
2212	-304.2717223731858
2213	-299.4461686446198
2214	-296.8253604016937
2215	-302.1711228228766
2216	-306.9376151419605
2217	-307.7187724874093
2218	-303.1809109452003
2219	-304.98146222613644
2220	-304.36761978844737
2221	-307.9689901487526
2222	-308.1538313864694
2223	-299.8273702062923
2224	-309.8447669915867
2225	-304.9885760452865
2226	-300.3903537393744
2227	-297.0778020717205
2228	-302.71338218393817
2229	-300.3176017018603
2230	-304.6151565646437
2231	-308.6616344374606
2232	-308.3289956503343
2233	-300.1633133253903
2234	-302.1569261120615
2235	-305.12549158552224
2236	-302.54082204302836
2237	-296.53125224700824
2238	-298.3398788607243
2239	-297.26990939321877
2240	-307.6938335232625
2241	-300.29197452751004
2242	-299.0980663728741
2243	-301.51862268443756
2244	-302.7208181700428
2245	-302.0385689331093
2246	-301.5737487983709
2247	-304.7759173091139
2248	-302.41801125219126
2249	-303.34987065570726
2250	-303.64128986416506
2251	-306.05725977701184
2252	-301.2399400647489
2253	-301.8888834544018
2254	-294.0963277718518
2255	-306.3719503897269
2256	-294.7210343761364
2257	-298.8680451552659
2258	-304.2248986534265
2259	-311.4290153694797
2260	-306.3676722727149
2261	-305.12524880748623
2262	-304.59316519651077
2263	-296.8352189438282
2264	-306.39595723868
2265	-303.0395297366387
2266	-301.3479465837096
2267	-307.5631359856579
2268	-302.07446511973427
2269	-306.1914912148869
2270	-298.0548634937698
2271	-294.78432813757496
2272	-302.19845248166394
2273	-306.96182215963404
2274	-304.23700572936724
2275	-303.9911214464816
2276	-302.17872508176356
2277	-308.33939874541136
2278	-300.11240490217614
2279	-304.7856402041772
2280	-301.78647140278724
2281	-300.2264151969453
2282	-300.15905055908354
2283	-299.9689128186466
2284	-296.90223149154787
2285	-307.40369198218343
2286	-303.9582481321877
2287	-305.7215650553075
2288	-304.67779781306217
2289	-303.27043660928706
2290	-303.0761632901718
2291	-301.7780946082231
2292	-311.2630977781317
2293	-303.94113935603724
2294	-308.43913519818165
2295	-300.4699
2296	-303.6753637819091
2297	-302.22515192001754
2298	-303.1430842439735
2299	-305.43382514116786
2300	-302.0770452334308
2301	-311.1151923885502
2302	-303.02850812820145
2303	-305.52660152519275
2304	-296.8637605203011
2305	-307.6652141509736
2306	-308.1137631506976
2307	-301.91427277828586
2308	-305.4295662599542
2309	-305.09014649671354
2310	-301.08573142638
2311	-298.19807274781414
2312	-301.8247959924868
2313	-303.38306503049523
2314	-306.66400547082105
2315	-301.18476409822335
2316	-308.1787230082377
2317	-304.3296498453217
2318	-298.1740918212953
2319	-304.236738741305
2320	-303.24816713547773
2321	-296.7442009868813
2322	-307.0013645665684
2323	-305.12228453413644
2324	-302.1312514435766
2325	-306.5476458061846
2326	-304.94340741650126
2327	-304.63818612797604
2328	-304.9625542188341
2329	-306.2231746407263
2330	-301.8718155490167
2331	-302.56158358760484
2332	-309.20980302221363
2333	-306.3662740019225
2334	-302.95002514996855
2335	-296.47028077411903
2336	-306.07585581637767
2337	-304.54403514152864
2338	-303.81521965252915
2339	-299.1858843657878
2340	-302.01702793556234
2341	-300.6718979269349
2342	-296.66753251003576
2343	-302.077512618155
2344	-299.21495861699134
2345	-305.8511870884601
2346	-304.35756824706976
2347	-300.9369273599146
2348	-296.4638106825076
2349	-308.66422670466244
2350	-302.5159176275367
2351	-303.60721287004003
2352	-295.1784
2353	-297.2241886727648
2354	-302.4978969796639
2355	-303.45662939049356
2356	-301.3613617980811
2357	-304.86661564618566
2358	-306.2572585657988
2359	-303.18100844498605
2360	-303.8162091598977
2361	-305.71076247747584
2362	-297.0795004509508
2363	-305.34500253803503
2364	-300.90579251936026
2365	-301.25138579622114
2366	-301.95848436251407
2367	-302.5447765848218
2368	-302.2043060586707
2369	-303.0323300364046
2370	-304.30596306268114
2371	-306.3214
2372	-301.65960539191104
2373	-301.27575506176686
2374	-308.9279837640067
2375	-309.9594630364622
2376	-307.63768531145206
2377	-301.845488592257
2378	-304.86540055124806
2379	-303.67119133384546
2380	-307.5486773000235
2381	-303.390814277772
2382	-306.69528209048093
2383	-308.1930682179652
2384	-303.0904467039603
2385	-302.68713678832665
2386	-312.72978009469335
2387	-298.4296726173449
2388	-307.6370518833163
2389	-308.2460898812131
2390	-299.39134348771626
2391	-300.0518873646839
2392	-302.82273168050585
2393	-311.00030258548793
2394	-299.6336193645907
2395	-298.2138438436238
2396	-306.0303001698882
2397	-310.7111929389068
2398	-306.19070355166883
2399	-309.67561458010795
2400	-303.9232918379827
2401	-314.484836494202
2402	-307.52277510492183
2403	-301.17343615652015
2404	-307.4538142998195
2405	-299.4794099638589
2406	-304.88778964177476
2407	-299.450635646507
2408	-297.40932494601407
2409	-302.5414363270055
2410	-306.71465227644404
2411	-300.2014067720429
2412	-302.1377422411267
2413	-299.7941836384849
2414	-305.50314648813156
2415	-302.11472670376054
2416	-301.6486481689452
2417	-306.58088172295
2418	-298.8298047408376
2419	-312.2114532378942
2420	-306.22047006801654
2421	-298.3865336271059
2422	-304.1085159252571
2423	-306.3982438844505
2424	-307.27490945567916
2425	-302.81655321513375
2426	-309.8507068559158
2427	-299.99939270784745
2428	-304.4321496774581
2429	-301.4211934291758
2430	-307.47133369662816
2431	-308.88612013043496
2432	-300.1258041262084
2433	-308.9444052135762
2434	-300.65840927447664
2435	-303.2925227188339
2436	-304.9483298408247
2437	-308.3326936213041
2438	-304.5265507196051
2439	-299.8000149076843
2440	-298.0282708493391
2441	-300.9315728646251
2442	-312.8492500761965
2443	-304.29510006520974
2444	-304.3689149097453
2445	-302.02084484662623
2446	-309.20895215568447
2447	-305.16692515802487
2448	-303.16644317053505
2449	-306.33991811385334
2450	-306.93513781221867
2451	-301.7945330268315
2452	-309.7032754653099
2453	-305.0244515456558
2454	-310.87961932239244
2455	-306.8342124498493
2456	-306.98204876299553
2457	-305.9167158397642
2458	-304.7357245971471
2459	-305.98100845243727
2460	-304.9581509488753
2461	-307.77598622481946
2462	-306.8318630319195
2463	-307.0190391832298
2464	-310.87591537583876
2465	-300.1505616949271
2466	-306.2378640017577
2467	-301.81893787534386
2468	-305.28696975034995
2469	-302.88913451654423
2470	-301.00794064463815
2471	-303.4590270101984
2472	-304.3918935493963
2473	-311.190606834323
2474	-305.6200475311749
2475	-305.5001031054294
2476	-305.4884767264935
2477	-302.0747495122489
2478	-295.5949878098388
2479	-296.9188733614244
2480	-300.2817125809152
2481	-301.72698859217456
2482	-304.8299600477263
2483	-308.884214097997
2484	-311.62212127123047
2485	-307.3914528663835
2486	-314.80884871296024
2487	-305.20690141006025
2488	-303.46238050788634
2489	-302.7658389700678
2490	-307.05381368207657
2491	-308.1382551608915
2492	-306.88419159260474
2493	-307.92864096884296
2494	-310.6520812314015
2495	-306.9995045938655
2496	-310.31741108362615
2497	-304.35597661442125
2498	-306.54636753804573
2499	-301.6774781636996
2500	-309.76246600349936
