1	-307.904773968187
2	-311.5518984774764
3	-308.330507413343
4	-299.2592819498773
5	-304.88099465773166
6	-306.46383159217686
7	-306.24079760947177
8	-307.1970302576238
9	-306.631835446848
10	-305.89932259563705
11	-310.84776359452576
12	-305.4331345443135
13	-304.8187475968913
14	-306.3245249407749
15	-310.15730830653433
16	-304.41584506403126
17	-307.5359362388124
18	-307.97344897532895
19	-302.9868040641953
20	-309.88457896724225
21	-306.2446318161738
22	-306.46110226574956
23	-304.15428981678986
24	-304.77776709340884
25	-309.10626953439726
26	-299.6826252719488
27	-300.5851643160416
28	-313.76446197057766
29	-305.05996759379616
30	-303.2955918471635
31	-304.75378601033066
32	-306.03054922407256
33	-301.68927599875377
34	-307.08266696289894
35	-306.7983443221819
36	-298.959187543159
37	-300.58613855387983
38	-304.85650057228895
39	-299.8387785274968
40	-300.40266583867367
41	-300.58334561611986
42	-297.95457547761777
43	-302.4968606958424
44	-306.31926022732824
45	-311.4728920964839
46	-302.0753311226658
47	-305.727784463735
48	-308.1092019340257
49	-301.51301645661044
50	-306.8206102375211
51	-302.07453434768706
52	-303.35604233854554
53	-311.94292101727325
54	-309.32656582198376
55	-305.2927476882509
56	-303.6525444975892
57	-307.6726923437744
58	-307.5712297370495
59	-297.12852651530943
60	-298.3889001456271
61	-306.3125000036653
62	-311.4368
63	-306.0884896733207
64	-300.70922163064046
65	-304.9571559376855
66	-300.78393931268664
67	-302.8123604406361
68	-307.66641612699834
69	-300.1144627915007
70	-296.770535502497
71	-301.67685676067936
72	-302.25363329533013
73	-302.33128416649595
74	-304.58170584445
75	-303.76811418492275
76	-306.8347524298336
77	-303.2498045799454
78	-310.4712130173432
79	-303.77826246629087
80	-302.79339405533966
81	-301.9718562765824
82	-306.9014744911013
83	-300.61283210221063
84	-309.7174318151117
85	-306.63820975114675
86	-298.87783523615514
87	-300.6632943292772
88	-303.36626722594167
89	-308.199505294444
90	-300.818831937454
91	-303.521616327518
92	-300.22381371604786
93	-297.34757681503646
94	-306.5495473790686
95	-301.3592430605939
96	-304.2805290013023
97	-303.97905975680465
98	-296.64110648420905
99	-303.6693540783987
100	-299.2002582450728
101	-302.62134282852327
102	-303.8898278400399
103	-300.4058929625989
104	-304.55677572882865
105	-307.35374779180427
106	-309.79686847560157
107	-307.07726757813236
108	-303.36184758067935
109	-298.8496750931626
110	-307.3338092395644
111	-306.39794908969424
112	-304.0768138156675
113	-302.80216898434156
114	-308.2361960796777
115	-295.27991146044263
116	-302.18265384852276
117	-302.22882997833017
118	-300.97843383602327
119	-311.44108077379184
120	-312.9152979279255
121	-305.0999725015912
122	-310.3354943600199
123	-311.08377769518734
124	-308.123286754324
125	-306.47043477439433
126	-301.46161360350374
127	-307.98615592221086
128	-305.9590151979614
129	-304.8086230950773
130	-305.6737739649272
131	-305.28035207778333
132	-298.8777108083274
133	-305.5257247631102
134	-306.76216315711116
135	-307.08626923316245
136	-303.74405854307685
137	-309.16154103595454
138	-304.19294606618945
139	-310.45977000382845
140	-302.3588132935581
141	-312.99708989196523
142	-305.4685554872319
143	-307.68232553774885
144	-310.60465932408493
145	-304.7810347243236
146	-303.19086851273494
147	-306.2121010831821
148	-304.9922844105426
149	-305.3107455659918
150	-305.41778779680203
151	-306.19218324792416
152	-309.0284806928333
153	-309.8729884345121
154	-304.49315688746776
155	-306.1152964796535
156	-305.67017193883123
157	-302.58608685651257
158	-307.46534817448793
159	-305.67339777034783
160	-307.27777295901296
161	-310.9106913879332
162	-307.9786263841433
163	-304.58549216475143
164	-307.8077095759844
165	-305.8699252310455
166	-305.37955870936395
167	-307.72643699687364
168	-308.3446915388419
169	-304.0902126949509
170	-308.2172757536336
171	-298.65053945871875
172	-307.79915601781914
173	-304.6278635663606
174	-300.3388416270134
175	-304.9735777878634
176	-296.847772898716
177	-303.07239269769656
178	-299.29685525605385
179	-303.62073870339356
180	-302.30096891304703
181	-304.60778000960545
182	-299.9375604935159
183	-296.46937095292697
184	-309.43862729379254
185	-298.2034644216892
186	-303.6395413678914
187	-298.92665596350696
188	-303.7543137430458
189	-297.35742063367184
190	-302.18701600011923
191	-303.55370000032013
192	-300.9397747070345
193	-304.3548754694952
194	-305.60002257344485
195	-302.0495498298837
196	-304.653764280298
197	-300.8077
198	-305.5891716850189
199	-309.1433885972311
200	-306.9503290954859
201	-301.1987827943641
202	-305.24191761346697
203	-304.5027276688434
204	-301.20039379314414
205	-308.0446804618318
206	-296.7035920729595
207	-294.8987956976341
208	-301.82517691453
209	-298.2557997309925
210	-302.6476057038161
211	-291.280683699679
212	-308.22757648259534
213	-300.49175819774234
214	-300.7056834106517
215	-306.0858233185356
216	-305.9471306735138
217	-308.70641626723943
218	-300.19949544484473
219	-303.3819717250571
220	-303.1369563919234
221	-304.79025214545663
222	-302.451552414955
223	-304.0581753474902
224	-306.9340406478716
225	-305.8067137210881
226	-299.57048100573206
227	-303.2074323880747
228	-302.10155515942927
229	-296.0894025657875
230	-302.23770829892106
231	-308.0199188021721
232	-304.48890000434096
233	-305.8474185107255
234	-303.2858731975986
235	-310.32095287275024
236	-303.52146007716533
237	-305.83501564104233
238	-303.51814493433557
239	-304.647693561099
240	-305.24715465757583
241	-297.7885806204162
242	-298.2348000138526
243	-305.84908759590905
244	-299.7390457584572
245	-296.667377346139
246	-297.8510990449019
247	-297.8486692785026
248	-306.1843943509183
249	-308.1408084990582
250	-296.70785703449735
251	-305.1198511609685
252	-304.91889390777783
253	-308.10244938752646
254	-300.680246903474
255	-313.419834092808
256	-301.3999245135217
257	-304.13801143759775
258	-306.8065593378756
259	-299.87078183356135
260	-299.9177
261	-300.0942643223614
262	-305.1430653125431
263	-307.1274067031738
264	-304.6663232522058
265	-305.95956648998776
266	-302.80442311415413
267	-311.1788247648819
268	-306.2243614132373
269	-304.2262446476612
270	-306.31606308228083
271	-298.6515351921535
272	-302.89940032550766
273	-306.30699212821787
274	-305.7573762199859
275	-306.81935173978746
276	-306.4100863667004
277	-305.6205828488215
278	-309.7641278095485
279	-308.9909674676888
280	-299.7722598780038
281	-300.9335483447396
282	-306.269987665824
283	-307.8139376738484
284	-300.49448836865895
285	-298.1053844451393
286	-301.63523248054463
287	-306.31601943161456
288	-305.9479871634992
289	-293.1740343225982
290	-305.5940844529092
291	-303.1904339439607
292	-302.3110005534418
293	-302.1752075859743
294	-294.5857712680686
295	-305.0070437542569
296	-305.9182120484665
297	-305.3193541681451
298	-305.1399968500679
299	-304.48494770797305
300	-309.91978762890443
301	-306.9888164466627
302	-302.87575720259656
303	-308.17320173553236
304	-308.6842681829153
305	-305.7207964285212
306	-299.12389543388053
307	-298.3594419863885
308	-299.2769
309	-299.87561759506735
310	-303.56655121637266
311	-303.88660166730244
312	-301.1140401461558
313	-302.29230094161073
314	-296.18901877415135
315	-304.05873225485306
316	-305.30644376533945
317	-307.3491388317071
318	-306.525550645266
319	-305.27191248098535
320	-307.4850028587001
321	-302.4769602488536
322	-285.58368981678984
323	-299.5551255309459
324	-307.62303110899444
325	-295.7588963818641
326	-298.79337638187246
327	-303.719966853757
328	-309.09536247947307
329	-301.28986513709737
330	-299.9160075852359
331	-299.8502403813175
332	-297.16688858597456
333	-301.1883017410377
334	-293.42491721013437
335	-307.1089250125674
336	-302.0524207271493
337	-303.5641443806191
338	-298.11280009659265
339	-297.19791152357806
340	-303.39880001259183
341	-301.4629886839863
342	-301.7647333907749
343	-310.17114567986073
344	-303.914500477192
345	-303.3505175840308
346	-303.86271055139923
347	-306.5462912762281
348	-303.97662419570685
349	-302.82450766137293
350	-306.8410385646061
351	-305.0948613514125
352	-307.00669254240887
353	-299.50995397917825
354	-300.85428842830845
355	-297.6384734322357
356	-303.53504805433414
357	-300.952504050003
358	-298.68464005241987
359	-300.32964308558263
360	-307.2637562849579
361	-304.7456305063891
362	-305.4134015801375
363	-306.0556634943135
364	-303.88789668533343
365	-304.1338307734301
366	-301.49305690017627
367	-300.8434841300983
368	-300.67006474259784
369	-303.2361870498346
370	-302.18690839039584
371	-305.80855894711976
372	-299.807857774918
373	-304.7353662103772
374	-300.2958312414702
375	-309.6398907994017
376	-307.5319092132828
377	-304.76498331522225
378	-301.8177131509386
379	-300.9132753163634
380	-302.1603764790231
381	-303.66188951682324
382	-303.94306044915277
383	-303.44208650173505
384	-300.63030602401096
385	-300.11904638682387
386	-297.04340425351256
387	-305.8966001189247
388	-301.6248155348645
389	-300.66020584646105
390	-302.53443565474396
391	-299.3604801546511
392	-303.27666929728673
393	-306.3300468377499
394	-305.41625858084626
395	-299.69907155461965
396	-305.09442273315733
397	-297.770087274459
398	-301.85577879616784
399	-303.1467550895354
400	-304.13427092997625
401	-303.7346552346812
402	-305.1642020017577
403	-302.06218358372683
404	-301.4272972377077
405	-303.8329868918811
406	-306.5446446174564
407	-304.16039345285725
408	-298.7509134953841
409	-302.8832154175715
410	-301.93344913290673
411	-301.7081193920371
412	-305.63235658189507
413	-305.4990885857568
414	-307.49225998186085
415	-307.98287296470045
416	-308.3782333957722
417	-301.71712627595116
418	-305.11404839592007
419	-300.180674108742
420	-305.49023158333296
421	-302.2993488628168
422	-307.0528794153176
423	-302.5335610323111
424	-304.22782634293816
425	-303.93356528917326
426	-308.86161572711325
427	-305.2731802680761
428	-305.82788981289224
429	-305.15168102604736
430	-297.75401870826806
431	-306.7357801848587
432	-305.0085608651388
433	-297.5202900782094
434	-304.6693888139023
435	-304.9387970066086
436	-303.1370279526641
437	-299.5938295905722
438	-299.501500144742
439	-303.5245499066713
440	-298.65501305709864
441	-303.6125648004098
442	-298.64371538169974
443	-305.03412683321807
444	-305.7608645563973
445	-299.1150127202857
446	-302.6837748188098
447	-305.85278362096085
448	-304.65152319898203
449	-302.88637766795773
450	-299.9581977058469
451	-297.396364393883
452	-299.14593023852166
453	-301.65296901074737
454	-303.51723346348984
455	-302.42414187807356
456	-301.3205090127924
457	-305.22012253006795
458	-301.33648237632644
459	-308.61343012812387
460	-304.5235686556324
461	-307.7107960567672
462	-296.78720000000527
463	-303.6711001275041
464	-303.12646537498676
465	-296.35000173161393
466	-302.46166601553193
467	-312.72903111542706
468	-298.4392213684296
469	-301.9890000000023
470	-304.55724030741305
471	-301.4457782281454
472	-301.716958099194
473	-305.86179286999663
474	-303.6128539996367
475	-306.5256471883493
476	-304.477213204151
477	-302.2224326882576
478	-303.33228108792986
479	-301.1813978905281
480	-311.8694893597373
481	-306.0162922274553
482	-302.68159298165966
483	-305.0240619495437
484	-303.8270965982726
485	-304.0854388477112
486	-301.38693401264
487	-310.0931618158666
488	-306.1888234838274
489	-305.5680003065144
490	-311.91517945181556
491	-304.7483765855599
492	-305.2749289390598
493	-307.33241526433056
494	-306.46362648498626
495	-307.77431143589314
496	-298.71892390789185
497	-302.5022283986262
498	-303.8416196267157
499	-299.97807750294993
500	-302.87067731181656
501	-301.63972166392176
502	-300.6932000071708
503	-306.4811542310085
504	-309.6596031382852
505	-300.27794187319347
506	-306.5546801936583
507	-303.9572909869767
508	-307.8619820785149
509	-305.18591322585746
510	-303.1149335612854
511	-303.75239236667835
512	-305.60929879972974
513	-302.820005127151
514	-299.93733675991075
515	-299.6956315563049
516	-302.3476723277884
517	-302.68237156024634
518	-303.64206932180946
519	-299.8133584510328
520	-305.12098792131843
521	-311.19516405490805
522	-307.60713229647695
523	-302.1997687327982
524	-307.06027990093116
525	-298.7191211544694
526	-297.9278665250944
527	-304.7092056212268
528	-306.5093839282975
529	-301.95276965469833
530	-304.6267
531	-300.8349000006001
532	-310.36750859113647
533	-303.1764845354322
534	-307.2946566307215
535	-301.49560072001407
536	-306.3488285960941
537	-295.63619288294547
538	-307.7803680591122
539	-303.1555451147831
540	-303.6537897679158
541	-301.34713503106286
542	-302.5860022406267
543	-304.35569550830223
544	-303.49960914978936
545	-298.4151183693947
546	-305.6707320350152
547	-301.785588900409
548	-307.50115434137587
549	-301.8451334311853
550	-303.5901312025976
551	-303.88296307324475
552	-306.4383667920297
553	-311.4132169535087
554	-299.58901901619095
555	-304.4619291457658
556	-302.79188994574724
557	-311.4001749628696
558	-297.6475902056415
559	-302.92447904165584
560	-304.56893917848925
561	-302.85817540383255
562	-295.7653557126775
563	-299.87933903948493
564	-294.16021364563767
565	-305.456400779403
566	-305.0625368422262
567	-304.90559825056346
568	-305.6502963446389
569	-298.91050125096115
570	-301.8601274696667
571	-301.74231902789626
572	-304.6465889598455
573	-302.90357610303414
574	-305.72930715218985
575	-304.35331078828403
576	-306.68218999899943
577	-301.8398076599226
578	-301.6583183522216
579	-302.08006145875214
580	-300.50272898791354
581	-305.1510207183911
582	-298.8476869837448
583	-305.02092926569253
584	-303.2351212638061
585	-307.8307357254704
586	-302.568013812818
587	-307.6150937071849
588	-300.9039708450876
589	-304.8250560514652
590	-309.1101498233812
591	-305.40785809816083
592	-301.84924666397654
593	-305.1884484097908
594	-302.7283355314218
595	-304.8276009313791
596	-294.1943013245154
597	-305.1792937478223
598	-302.3649841496983
599	-300.1944193500491
600	-303.40506618900287
601	-304.0029353109509
602	-304.1774218370308
603	-297.3233
604	-298.3743008280818
605	-307.47497644759477
606	-302.7748258261397
607	-309.16622624139023
608	-306.3176270401733
609	-301.8786462783315
610	-307.2627721232458
611	-300.99234834260665
612	-299.2440299982582
613	-303.4385216571742
614	-301.51594881401786
615	-306.02356700437093
616	-295.7717141901532
617	-309.56628686883954
618	-300.2323526471459
619	-302.49045682273004
620	-304.0504961811678
621	-291.8853209864072
622	-307.5946382605126
623	-306.1535937411501
624	-309.9009331849746
625	-312.637881273927
626	-302.21188129609277
627	-305.84699765817527
628	-310.35818771218624
629	-307.167065685489
630	-302.8821431704779
631	-299.96320087534446
632	-303.7663576154243
633	-297.7140628461204
634	-307.46920888346256
635	-305.602959921586
636	-303.49929995992443
637	-298.4079002530557
638	-301.5756003241579
639	-307.0611791459048
640	-301.8658173030667
641	-307.76515540080374
642	-301.10002514003764
643	-300.4742831408991
644	-303.33700000339473
645	-301.7392061129057
646	-299.72767788846767
647	-307.3335
648	-302.04766711533324
649	-301.972766832723
650	-306.5114291760629
651	-304.3211291314002
652	-299.0587
653	-304.8166558730783
654	-306.7050224908454
655	-303.4814905696623
656	-304.3810423476322
657	-302.50367122066694
658	-302.8439776397926
659	-306.26310979108877
660	-303.0146707521989
661	-303.8612412812215
662	-300.12286623177835
663	-304.5823922070118
664	-307.29001429736786
665	-300.505442150898
666	-304.30770293125516
667	-303.6208908812166
668	-310.39983515079047
669	-302.9987658556745
670	-307.9685849256858
671	-302.9630093145791
672	-313.14944349986934
673	-303.5328585117983
674	-300.6920918556316
675	-303.55216905414824
676	-303.9535233299968
677	-300.0238703927477
678	-307.95716302988217
679	-303.4306538928525
680	-304.0054597346418
681	-298.83454290448526
682	-307.1321141364866
683	-305.21182368652507
684	-306.86069451998475
685	-297.4055356723699
686	-301.06585637850657
687	-303.99580426052376
688	-308.62115082630794
689	-305.71274644218715
690	-299.25976361751106
691	-304.0081615514187
692	-305.2208483184513
693	-301.46756214047684
694	-298.5657491851938
695	-296.2207000999427
696	-299.89968972291695
697	-306.3093184316322
698	-308.1188089400866
699	-315.1414429224228
700	-308.7202265226166
701	-305.1920893994655
702	-305.52105083032154
703	-303.5159790298232
704	-301.9360781360561
705	-308.9417422841163
706	-307.2382087242189
707	-305.8401460266269
708	-302.6645284311368
709	-306.8457174121328
710	-306.6252935002951
711	-301.3172203860966
712	-297.219837426748
713	-307.1864842439736
714	-306.90423315590175
715	-300.327018145878
716	-301.65683830992265
717	-308.322437417067
718	-301.10026381156644
719	-304.00507329228105
720	-304.60754967562224
721	-311.24903301973933
722	-307.09326204625626
723	-303.9616274846609
724	-300.96076589165466
725	-307.1615190326247
726	-304.7346035456275
727	-308.77730187329945
728	-302.7558120071429
729	-298.9923000853692
730	-309.80386942413537
731	-308.5534413488817
732	-299.14178336788206
733	-304.66318902402986
734	-300.71985041975825
735	-297.3258701832323
736	-302.89396342636473
737	-304.36262156854633
738	-308.05415150876956
739	-304.8931690038788
740	-300.5267532398202
741	-303.76901719778084
742	-302.4222086692396
743	-302.66698799608264
744	-304.50772296157623
745	-301.70225623420595
746	-311.55760143537617
747	-308.0543415948697
748	-302.7770352084435
749	-298.82041934413064
750	-304.99202435126347
751	-304.48253877959365
752	-296.18999513071657
753	-302.19102808386447
754	-297.93574550478064
755	-294.45911570311375
756	-297.4892655738946
757	-303.65631614733087
758	-302.6742518536788
759	-306.1352345083535
760	-301.04897520803013
761	-308.02790273156796
762	-303.52990285064385
763	-305.1034315291887
764	-305.6833513075404
765	-303.5137949014189
766	-310.20139709697565
767	-305.17791118852756
768	-300.81355335979146
769	-299.42544665546296
770	-306.63784497242864
771	-301.0679167504432
772	-306.18022925456825
773	-303.32108419417875
774	-302.9294801742035
775	-308.38438710534143
776	-296.1085092092114
777	-307.0075893046197
778	-306.52703822008675
779	-302.40130000000005
780	-301.6309509890727
781	-302.491526532415
782	-303.5371463249341
783	-303.7151664929318
784	-305.8807650888314
785	-302.21127582214467
786	-303.0778233440144
787	-309.3403369423714
788	-302.05433851686394
789	-302.444017946764
790	-306.6307231220323
791	-307.24983235669106
792	-304.23658383400664
793	-305.9292828831223
794	-303.3626014712124
795	-311.9377601144697
796	-306.7130301793255
797	-308.554037981573
798	-308.1400027978754
799	-301.10814730062685
800	-304.5324919916758
801	-307.21997877228824
802	-294.83443025508024
803	-308.50554107935216
804	-303.32536865526004
805	-297.7648088392595
806	-309.26201521767393
807	-302.8120525285164
808	-307.1357453795492
809	-302.0954260134257
810	-305.6696022690807
811	-302.86696358436865
812	-307.866186149655
813	-300.55454437369684
814	-298.6895
815	-303.5417403018281
816	-304.76308089616793
817	-305.5671555555293
818	-301.33436697496904
819	-310.44079728107806
820	-304.8626849768243
821	-302.67476519299225
822	-311.3195708219659
823	-294.6734635039067
824	-304.2119013990333
825	-305.05398446425033
826	-306.5934171516558
827	-301.76704688239266
828	-304.30874235247285
829	-304.44619356690845
830	-300.9489134226605
831	-311.8553455222062
832	-300.6722924236445
833	-303.02009425040217
834	-304.38379267153425
835	-307.1133640199089
836	-308.98865512151474
837	-305.2866816316096
838	-310.22760755740046
839	-307.72628316603254
840	-314.25811471391415
841	-312.0195861382217
842	-310.0970096613307
843	-303.72135845251876
844	-312.0512553398013
845	-309.312692326331
846	-301.5275536129568
847	-306.19750212406586
848	-302.11203739809804
849	-304.47348480598987
850	-305.1463867561914
851	-307.02383849780836
852	-305.9769904535089
853	-303.6110577763892
854	-308.0567731921619
855	-304.757672221076
856	-313.633627596035
857	-302.43323208893236
858	-309.0193776805105
859	-308.62709499837814
860	-307.6990905447485
861	-305.317881758517
862	-299.32220639623455
863	-304.68816499956944
864	-304.9411977079577
865	-304.55137489924863
866	-312.2657468908523
867	-308.1642953112143
868	-311.85467265554234
869	-307.1677662407545
870	-305.098752061077
871	-304.3476155777234
872	-310.03377053679804
873	-309.1541250516709
874	-308.59641195358506
875	-307.39819451976047
876	-303.1812371623539
877	-309.93076223619363
878	-300.99765037168453
879	-310.7189615918754
880	-307.6087641420487
881	-305.9211435034272
882	-304.9692303540283
883	-301.60581509878676
884	-305.0604502691454
885	-305.29243788871554
886	-310.9222115801623
887	-303.1693767081536
888	-307.40729869267744
889	-307.3430164391257
890	-304.32979206923835
891	-307.3956831599968
892	-307.4945431787062
893	-309.66290064623513
894	-305.50741903487665
895	-310.01755343721163
896	-310.2750015965114
897	-301.91502470288896
898	-302.35579068593375
899	-307.2811376509
900	-305.5773743095218
901	-301.68093904738987
902	-308.05032362891376
903	-309.22325047397476
904	-306.8153697874934
905	-299.6251185384053
906	-306.68581043219774
907	-303.0112252377036
908	-310.8960413961498
909	-308.21756158341555
910	-309.806934389052
911	-306.49968522366146
912	-307.62635662776665
913	-300.10039865461385
914	-306.89721149547233
915	-309.41504786985
916	-303.9198201552615
917	-302.3611024805235
918	-302.5401457533135
919	-302.48090973276015
920	-305.2116774837356
921	-306.67769010544805
922	-301.9214345600639
923	-312.3533015319633
924	-310.6415898317234
925	-301.192756651876
926	-302.57491601231266
927	-300.4432259721654
928	-303.08544765754857
929	-304.84366932727823
930	-302.9823636187737
931	-302.9211445162094
932	-297.4260474532348
933	-305.7894200979685
934	-296.2978109761426
935	-305.36623412919494
936	-303.60113051028003
937	-301.5821045502425
938	-308.17150971102836
939	-309.25925885565704
940	-303.61129755852085
941	-302.1897406242968
942	-298.81673832500275
943	-298.0346948860449
944	-298.2461234387882
945	-311.45107592161037
946	-303.7328694137363
947	-306.48830552226184
948	-307.41467420976966
949	-312.7821594436947
950	-307.4732950699086
951	-308.78474428896146
952	-303.39998641806864
953	-307.1345786139882
954	-305.2416383693707
955	-305.4615841180301
956	-309.2317346704276
957	-304.18467199338437
958	-297.4505785066659
959	-300.9551045946665
960	-299.77478958847837
961	-306.07287917787545
962	-308.5797706929586
963	-300.8824793656429
964	-307.44971372447714
965	-303.0728723219234
966	-302.6657787673704
967	-300.1312309535316
968	-307.8434292608849
969	-304.8059551616407
970	-307.4896998217329
971	-305.8374948431242
972	-304.6419163269658
973	-303.9872568163337
974	-308.1095836570531
975	-302.71653862878776
976	-302.17207105584174
977	-309.3795646228906
978	-310.67746132006164
979	-302.90731678436305
980	-302.5526772710652
981	-300.05247835151954
982	-306.0256544727184
983	-307.1511080799967
984	-308.6944260551826
985	-307.69970648814393
986	-303.51458187850255
987	-305.4014301485345
988	-309.01394823205044
989	-308.1101854930108
990	-309.23299952279166
991	-302.482508189336
992	-307.02803589190603
993	-300.76437710869783
994	-308.76908207573837
995	-309.5997516369359
996	-301.0528014741682
997	-307.15425477878995
998	-298.6928901588117
999	-301.3263183941465
1000	-302.6705185048374
1001	-306.83210923169537
1002	-310.777316667883
1003	-303.1850115414509
1004	-311.08285011688673
1005	-308.4205684567531
1006	-305.9050080388653
1007	-302.4970758518842
1008	-308.7460750954488
1009	-309.4208337393774
1010	-307.00485724756055
1011	-300.814998507364
1012	-306.4389019942255
1013	-305.4765575576082
1014	-309.1780952480896
1015	-313.0606605407736
1016	-301.9647296783093
1017	-300.86246020546395
1018	-305.6489185745831
1019	-311.04050444708184
1020	-305.1411627366352
1021	-304.1030225007948
1022	-308.0138511091885
1023	-305.3947118684286
1024	-302.40157732329163
1025	-307.9753719778509
1026	-300.5846962827749
1027	-304.5125268703359
1028	-300.7471961959052
1029	-305.55525753449353
1030	-295.82889323122004
1031	-308.7916419894868
1032	-301.1246867848856
1033	-302.58273135960036
1034	-308.2834936045759
1035	-308.64782854609086
1036	-301.3216811698469
1037	-309.36011663990786
1038	-309.29772171136517
1039	-306.8774720860877
1040	-308.0255931670218
1041	-304.7907975640822
1042	-305.2007384719146
1043	-309.19653191075145
1044	-307.05171300922296
1045	-299.6420568768543
1046	-308.856581989094
1047	-309.4634553649513
1048	-311.1257440574808
1049	-305.9120411818148
1050	-309.801009397283
1051	-306.6503957634356
1052	-304.51172422719407
1053	-301.2933492361801
1054	-307.5290971664122
1055	-307.20442548114085
1056	-306.321047463693
1057	-303.6680589345675
1058	-303.7082825835054
1059	-306.44000509036204
1060	-297.3026581975643
1061	-313.33190449737924
1062	-308.5857132462628
1063	-306.18267256052326
1064	-303.9552375661166
1065	-308.51578746804836
1066	-304.93317369436886
1067	-305.7987859770095
1068	-303.799890710445
1069	-303.35378026243444
1070	-312.0318354244903
1071	-306.7328200174828
1072	-305.5412170579866
1073	-307.85022981229935
1074	-307.8218497150598
1075	-306.8470902428298
1076	-307.0006724612633
1077	-309.9530187191339
1078	-307.37408856748095
1079	-304.63821995403606
1080	-300.7229628240547
1081	-304.21150514319993
1082	-305.52756929694
1083	-300.66447966562976
1084	-297.248822793036
1085	-308.1304033904923
1086	-305.2917616118582
1087	-306.03674584248915
1088	-307.0151033359463
1089	-302.4600545849985
1090	-303.0878375860425
1091	-300.36518023447263
1092	-304.68224278538304
1093	-310.7206439233143
1094	-298.49075679480944
1095	-302.5728553399343
1096	-304.3128965654427
1097	-311.32139383074815
1098	-308.0385832698892
1099	-314.05879675580695
1100	-311.302322193972
1101	-304.129288731228
1102	-305.59087655925526
1103	-308.8795243015804
1104	-306.6314861542855
1105	-304.9133130066176
1106	-302.1157584815945
1107	-303.04562288133593
1108	-304.3064652657821
1109	-301.74896199360523
1110	-311.1424506411263
1111	-297.5549378436763
1112	-306.1968764246997
1113	-299.95198011566237
1114	-303.614603206896
1115	-306.96506604480356
1116	-314.6067064692574
1117	-300.9548121683467
1118	-298.3640858261171
1119	-308.21009846951534
1120	-299.1178675373168
1121	-303.00036247649984
1122	-297.6482
1123	-306.8120546870306
1124	-307.6267175162335
1125	-308.0629617320712
1126	-304.794004137597
1127	-308.95658289076493
1128	-300.4300051752175
1129	-304.1579426125669
1130	-298.28088824787073
1131	-310.9302209446964
1132	-305.8407817736332
1133	-305.10602225181225
1134	-302.10848785528384
1135	-308.47096201237923
1136	-308.41809762670664
1137	-294.2954830340779
1138	-307.5555878395687
1139	-308.56164634408896
1140	-304.83441741120015
1141	-304.3349882724166
1142	-312.0700793419608
1143	-308.5835194105884
1144	-307.65109664445276
1145	-303.75562832847646
1146	-306.38715699071685
1147	-306.8085856439338
1148	-310.72620813494365
1149	-309.75864023683886
1150	-306.34383016861267
1151	-301.0351038136686
1152	-307.57664904080286
1153	-310.4164972270523
1154	-311.86588213464705
1155	-306.2304644344782
1156	-312.8790315199172
1157	-307.1327614375715
1158	-304.38489794619693
1159	-308.3404062631927
1160	-306.31259164755187
1161	-309.0129494122292
1162	-310.02289403425476
1163	-309.04146748261087
1164	-311.47058582153045
1165	-304.53571784957893
1166	-303.4315959834391
1167	-312.90939966165286
1168	-310.7365875647362
1169	-313.60671318608854
1170	-307.19010546403837
1171	-306.05644655496326
1172	-305.68229664702517
1173	-309.6834971371865
1174	-303.81404065033513
1175	-306.6447826296965
1176	-306.33136100890226
1177	-305.85355467419964
1178	-310.3660132978691
1179	-310.48444861816296
1180	-305.5189793332344
1181	-305.2670926164538
1182	-306.664147726209
1183	-301.15643669466186
1184	-309.0593514169635
1185	-309.7359042698288
1186	-301.11614073966814
1187	-310.01947467041435
1188	-308.7594281922489
1189	-303.6998677358197
1190	-302.46478750009646
1191	-304.2893420831835
1192	-307.10184950642844
1193	-309.31616767123404
1194	-300.96893636006376
1195	-306.3096872179442
1196	-305.5378969137877
1197	-307.6711583539236
1198	-311.77223814387986
1199	-308.2516951782205
1200	-304.639191744653
1201	-304.714995957589
1202	-302.35734619205505
1203	-300.7635899652811
1204	-309.0555123614527
1205	-303.48118776256604
1206	-306.91170064679653
1207	-305.36731328278205
1208	-304.85597101024723
1209	-301.7169689203633
1210	-296.0570021705395
1211	-296.26188960302494
1212	-297.6371565967228
1213	-306.27726693497675
1214	-296.20445218515147
1215	-300.2164526668976
1216	-303.37083855714775
1217	-303.0362560850384
1218	-310.12386685336406
1219	-305.1038733844614
1220	-301.941660425169
1221	-302.62804739233627
1222	-305.77670065710856
1223	-302.18480000000005
1224	-297.8202346848024
1225	-303.8428000001989
1226	-304.09249745319613
1227	-300.6760221706229
1228	-296.62444126572353
1229	-300.17219847443874
1230	-304.0019702078663
1231	-298.4130895063468
1232	-306.23817407733515
1233	-301.96147619605017
1234	-310.5884259250992
1235	-294.67440000000005
1236	-298.7480103632054
1237	-306.9180399061194
1238	-301.73963361040916
1239	-308.30971966333095
1240	-308.4466109335153
1241	-308.5938396764389
1242	-299.7172343060163
1243	-304.23720017275457
1244	-300.28676695571426
1245	-305.4727547116763
1246	-302.0866365772145
1247	-303.73540415809725
1248	-303.399202587911
1249	-307.58990898483614
1250	-302.3697864740916
1251	-300.76045244478735
1252	-304.5261071236296
1253	-304.2041399200036
1254	-296.74294374043484
1255	-304.5071864166364
1256	-301.9817816640205
1257	-298.77351513695623
1258	-301.80910301089745
1259	-304.5185345293931
1260	-302.7895841253115
1261	-301.06986677116964
1262	-300.96540099164605
1263	-310.01699347184905
1264	-303.4603963671903
1265	-295.3653007890386
1266	-303.4871206493642
1267	-297.5370463552054
1268	-299.0350433466899
1269	-299.6354890905697
1270	-305.68034713465136
1271	-295.9396377354332
1272	-306.72363534497975
1273	-301.9568981547578
1274	-299.96076696616484
1275	-298.3966
1276	-300.25429206064393
1277	-300.5857008819145
1278	-306.19095312069896
1279	-306.46153440872496
1280	-301.14594605889215
1281	-305.2356724155947
1282	-301.3527791109826
1283	-303.00136954840264
1284	-301.43200720651686
1285	-302.70277030720985
1286	-292.34385642016895
1287	-298.38819331843115
1288	-302.9017171494675
1289	-302.0401050890358
1290	-297.5465952195736
1291	-297.1758566196589
1292	-302.9404
1293	-302.0761523431858
1294	-308.9545673398632
1295	-301.98840028412013
1296	-303.97529179047615
1297	-305.1362332816304
1298	-301.40052786174425
1299	-302.24741909669564
1300	-297.17807783865135
1301	-303.7990675323959
1302	-309.19570984899866
1303	-308.6256620407181
1304	-296.83487065308594
1305	-300.2534306091033
1306	-302.2107985018821
1307	-307.74815695644435
1308	-300.6336461595681
1309	-302.81210181225384
1310	-303.5146589774442
1311	-306.5864637669001
1312	-305.56825270295036
1313	-300.30849148635906
1314	-304.48750587894887
1315	-306.9621963495061
1316	-305.50787594703473
1317	-302.90642220678325
1318	-303.22760003904443
1319	-301.753986571166
1320	-302.3506975929032
1321	-302.8965894616835
1322	-303.1353092528959
1323	-297.7808108665118
1324	-309.0817101072777
1325	-300.5545899463055
1326	-307.8686550327187
1327	-304.476855707618
1328	-306.5210731611818
1329	-300.18931539622935
1330	-306.2559656738351
1331	-300.6678103670887
1332	-300.37957775640393
1333	-311.8696559568572
1334	-311.86637524453187
1335	-303.0015628809463
1336	-296.01328283015323
1337	-302.6580887603079
1338	-312.4355956264257
1339	-304.64597569066757
1340	-309.0562000675824
1341	-302.26759735858417
1342	-305.11805733579257
1343	-301.7633517427655
1344	-308.2611
1345	-301.17836377768623
1346	-304.3620591760289
1347	-303.7380003853299
1348	-296.2477000000005
1349	-302.0390587373728
1350	-309.92132502995594
1351	-301.28894608782366
1352	-306.09569542065657
1353	-297.1399043624066
1354	-307.37129242216116
1355	-308.7952209756197
1356	-308.2838012755938
1357	-308.6286635330417
1358	-302.51472675439385
1359	-300.32317318894525
1360	-299.6972525425158
1361	-309.7685990371591
1362	-305.5079184892542
1363	-299.97729552670955
1364	-300.86218135628314
1365	-304.3815445242735
1366	-300.5790939062026
1367	-308.63085615985284
1368	-306.1882031463966
1369	-306.2509798974883
1370	-302.82891952716204
1371	-304.6645797791825
1372	-302.59182234187904
1373	-306.7099490896779
1374	-305.58330472895807
1375	-303.0384450340209
1376	-312.16782067380524
1377	-305.12740807427895
1378	-309.6014843882872
1379	-306.95853496659987
1380	-308.1309517819985
1381	-301.7356879806094
1382	-303.9015576086589
1383	-303.99750678931247
1384	-301.4002763797195
1385	-304.44226376723685
1386	-303.08553078124015
1387	-303.4282699740836
1388	-307.83441261456096
1389	-306.80990991544604
1390	-299.7799490217122
1391	-298.81955921397235
1392	-296.68703138974666
1393	-306.23760363761136
1394	-302.23821548187766
1395	-302.8974000356181
1396	-306.7324366126886
1397	-307.81124503495823
1398	-297.0226437667133
1399	-310.31938501579583
1400	-305.90512065608976
1401	-308.5770456232524
1402	-312.6840249242548
1403	-304.2916646496779
1404	-304.56896108753597
1405	-303.54632912587243
1406	-303.9052448744226
1407	-301.2292964512476
1408	-302.42024229821766
1409	-310.09355635215366
1410	-290.5099001601525
1411	-298.5931096915628
1412	-304.2308974314455
1413	-300.4806337626406
1414	-303.89020465877
1415	-299.11700128682713
1416	-296.90621342096273
1417	-307.15190914424113
1418	-299.28413067204747
1419	-304.7376310993355
1420	-290.14892111930914
1421	-306.3096960132524
1422	-308.25287042140644
1423	-308.03079972839964
1424	-298.29480000019
1425	-291.71118260545336
1426	-311.66793829962626
1427	-303.76266122446606
1428	-301.6651328943345
1429	-306.8122364049966
1430	-302.9908227855849
1431	-300.28629353722556
1432	-298.68001916207726
1433	-300.1178792392499
1434	-299.7174932815043
1435	-299.93027145273135
1436	-305.3601731154607
1437	-296.88941638183434
1438	-309.86428336440554
1439	-298.5421
1440	-306.6420272697676
1441	-298.0243471757344
1442	-303.3727335833788
1443	-304.94372601340746
1444	-299.50816370870126
1445	-311.16592792344943
1446	-302.7088581735327
1447	-300.5248330521002
1448	-300.9791124477773
1449	-300.29459045218175
1450	-297.56782659121234
1451	-305.55033282655694
1452	-299.80857388662383
1453	-309.9345513301013
1454	-301.5670351267044
1455	-301.29897734560114
1456	-305.48112724118374
1457	-311.9204370522815
1458	-312.6469580137349
1459	-296.65858606999814
1460	-309.59570093204616
1461	-303.4469
1462	-298.88981040574924
1463	-300.3201673095848
1464	-305.41566591513055
1465	-306.7037363725801
1466	-306.02724611880535
1467	-301.51835560499916
1468	-307.2709565588465
1469	-302.3533
1470	-302.13379385830024
1471	-302.24514026516914
1472	-301.81409302425703
1473	-307.69581904239095
1474	-305.24937673088834
1475	-304.4381368693583
1476	-306.3692658509131
1477	-300.23798427046654
1478	-288.1593575709961
1479	-303.6412748484816
1480	-301.6199404095236
1481	-303.61245143170174
1482	-301.7981504621323
1483	-303.235404905388
1484	-304.6343986937294
1485	-301.6308673058881
1486	-304.98315355574965
1487	-299.63761700197887
1488	-310.3449
1489	-302.4234934832268
1490	-301.53847992317316
1491	-307.4327527375176
1492	-306.6116139195628
1493	-306.61774685096657
1494	-301.18118670138006
1495	-308.06092829249684
1496	-301.36499732609826
1497	-311.2884082102796
1498	-305.9500076848094
1499	-302.57704566498234
1500	-304.889465584521
1501	-302.4214491003137
1502	-304.2125627620724
1503	-302.05089587286324
1504	-306.02237704473174
1505	-304.901910552116
1506	-303.8162090315135
1507	-301.3206284386617
1508	-302.3835463810964
1509	-301.4242866982674
1510	-310.1167138066586
1511	-308.2106910270016
1512	-302.7908822463409
1513	-297.56106394737003
1514	-311.344652650307
1515	-303.25984117472024
1516	-311.1992614774232
1517	-308.0429862821987
1518	-304.380210955488
1519	-311.1223691614701
1520	-306.3239492516235
1521	-300.8857386913976
1522	-305.9168067463424
1523	-302.39085557091823
1524	-309.3766288417219
1525	-304.11419615068303
1526	-303.8829419903321
1527	-311.6400229270494
1528	-294.00808791495587
1529	-300.5492692267552
1530	-302.7281149440036
1531	-297.7286044653714
1532	-310.55523709170166
1533	-307.62857449916146
1534	-309.1057600033975
1535	-307.91564478187826
1536	-307.09995683503365
1537	-310.23490935551837
1538	-308.9791169949694
1539	-303.8323325347417
1540	-308.13661411118204
1541	-304.66810164686086
1542	-306.6832058683737
1543	-307.6478422711626
1544	-305.0300693601581
1545	-304.8200174438107
1546	-298.9824517351887
1547	-300.97145599138247
1548	-303.27372409396685
1549	-296.10198596289723
1550	-299.8960387535564
1551	-305.69648609831984
1552	-303.95561186986237
1553	-307.0829510702766
1554	-302.27022228984504
1555	-294.6217874957695
1556	-302.17153312216055
1557	-299.31624667434215
1558	-299.3045186766866
1559	-301.3281403904978
1560	-302.59580000004735
1561	-303.48296414617323
1562	-308.706853400345
1563	-303.81931079079175
1564	-307.42987687355486
1565	-300.3800705018741
1566	-303.8634473804346
1567	-304.65553476865625
1568	-304.5237994538528
1569	-305.67262523116443
1570	-303.7261872057282
1571	-304.4600606372908
1572	-305.6114579509828
1573	-302.26144076703986
1574	-300.41168018745935
1575	-309.51357877171364
1576	-305.30642391837705
1577	-300.44802124933847
1578	-306.38900238363976
1579	-304.2968367476991
1580	-302.8072286101809
1581	-301.2396858926609
1582	-304.65585156338597
1583	-298.17167385701924
1584	-302.2910515710413
1585	-297.47441240402173
1586	-310.69560341073964
1587	-304.19723016147526
1588	-299.78520911440535
1589	-306.9435386278375
1590	-307.16052632141526
1591	-305.66663408080854
1592	-306.2170214903058
1593	-297.7026
1594	-309.30027270528984
1595	-302.7728832122345
1596	-300.47862014468143
1597	-305.133061950828
1598	-302.94225310920234
1599	-304.9887
1600	-304.9053709478228
1601	-305.35265420680406
1602	-309.04739875261583
1603	-305.0309410006807
1604	-303.7566289275365
1605	-300.3487592128798
1606	-301.851635919762
1607	-305.5979633545819
1608	-310.4912015786282
1609	-301.0683088224745
1610	-299.74650183205705
1611	-306.0184413699623
1612	-306.81472077531623
1613	-303.898199542541
1614	-302.86133898183175
1615	-292.75923484946475
1616	-305.9900211851959
1617	-308.1890318562866
1618	-302.61619103663077
1619	-300.8822138156577
1620	-298.66668357068096
1621	-306.81149009374525
1622	-307.38528301720305
1623	-295.60349380599285
1624	-299.693473698704
1625	-299.28859577671113
1626	-302.3308968974203
1627	-305.594255458228
1628	-300.5310500558926
1629	-305.7837717036214
1630	-305.12827365895413
1631	-297.735900607057
1632	-306.89507282136367
1633	-306.27206936142744
1634	-299.2314660512427
1635	-300.13584457868313
1636	-306.04177896346374
1637	-309.7647221501326
1638	-302.00930015706535
1639	-305.67966595888635
1640	-304.7597492471334
1641	-310.0987578261681
1642	-307.82671035742896
1643	-306.9821718661776
1644	-307.4360822431947
1645	-305.095968098842
1646	-300.3053925982526
1647	-303.6612863643342
1648	-301.9157164360209
1649	-293.94668724962384
1650	-306.0412260466041
1651	-296.2147355833663
1652	-299.75958853350875
1653	-306.97146971102296
1654	-306.7611030755979
1655	-295.11095384564146
1656	-307.2703732305128
1657	-307.22816065966373
1658	-302.7860967105835
1659	-304.4807222816678
1660	-306.5396077351489
1661	-301.41538368427035
1662	-308.0828105276578
1663	-300.29572137978704
1664	-303.38852829558255
1665	-301.9774029254932
1666	-306.79694074814813
1667	-310.57575506273224
1668	-304.8247503673325
1669	-301.7950501230266
1670	-304.4098613883419
1671	-305.0539052015195
1672	-302.3889544785509
1673	-303.3087327063555
1674	-307.5680377907399
1675	-297.59947911842545
1676	-296.599164008073
1677	-307.16248994168416
1678	-305.23818902923955
1679	-307.23906379594
1680	-302.5900243454992
1681	-300.9681666695732
1682	-307.7237577329912
1683	-301.99825333234725
1684	-306.5463419154608
1685	-303.05053702488647
1686	-300.1663746346311
1687	-304.7119836664524
1688	-312.9200866650307
1689	-305.41341462174006
1690	-302.5551191517249
1691	-300.5319063054151
1692	-298.74403828317105
1693	-303.84567375230154
1694	-296.5767438993248
1695	-307.76634781055975
1696	-306.59846175114757
1697	-305.4680838854236
1698	-301.9958799236465
1699	-306.844324375053
1700	-305.7796604813907
1701	-299.85638436447715
1702	-307.93158112257356
1703	-303.9859470476196
1704	-300.88238012564955
1705	-304.8177032805266
1706	-304.4756598431826
1707	-308.02507495219197
1708	-301.56501453766964
1709	-306.9880139019925
1710	-298.62449107959935
1711	-309.53883218686684
1712	-309.4937329904246
1713	-303.41508674995293
1714	-301.22055090099917
1715	-307.77244911766275
1716	-303.2127431328929
1717	-304.1271142663378
1718	-309.0875040667142
1719	-301.0961350753899
1720	-307.1345947578479
1721	-303.5142559363473
1722	-301.81170111843596
1723	-310.378033028996
1724	-310.04369944920774
1725	-303.632474298041
1726	-305.33995834132764
1727	-306.5667553626924
1728	-305.25821416999304
1729	-301.8263472062576
1730	-299.6612910145148
1731	-309.3534656455441
1732	-304.2033820432222
1733	-301.6355506937153
1734	-301.23299890822915
1735	-306.1908587174689
1736	-305.8293351864523
1737	-310.6266418727979
1738	-305.00166331553476
1739	-303.3426404018344
1740	-299.5207259993152
1741	-293.7589
1742	-301.7997704311219
1743	-301.8595480248894
1744	-303.56857298942793
1745	-300.010387371681
1746	-306.185757575576
1747	-306.9968023851725
1748	-298.48675245100213
1749	-297.70427990756224
1750	-312.58646807003106
1751	-303.69027345225066
1752	-306.00497684887824
1753	-310.9992000005216
1754	-299.74533610406706
1755	-305.07290321211156
1756	-301.447991029176
1757	-296.47272533290806
1758	-299.86266685833425
1759	-307.0775640091668
1760	-306.96193694627783
1761	-301.446205713436
1762	-303.1411882018427
1763	-302.98425320627786
1764	-296.75329144135367
1765	-309.78235599827275
1766	-300.36507411555436
1767	-306.33035120383613
1768	-302.77812067340585
1769	-308.1500660764204
1770	-309.2680787914065
1771	-311.791142992828
1772	-310.75573405398114
1773	-309.6187212939161
1774	-308.72102059316416
1775	-306.3995526550041
1776	-313.1112909629166
1777	-308.3159168719298
1778	-306.79039496671976
1779	-300.61337738418086
1780	-307.76322017069975
1781	-309.6453070966197
1782	-307.5719624126935
1783	-308.5801755303287
1784	-303.66575816049385
1785	-304.89530772176084
1786	-312.353270504052
1787	-311.175976906637
1788	-306.52673385172756
1789	-299.414487394766
1790	-310.12393873838323
1791	-304.5536586093072
1792	-296.01610112758215
1793	-304.48407392337674
1794	-308.45180682862065
1795	-309.81824699397674
1796	-304.149300952296
1797	-313.7501686314926
1798	-309.0683185742401
1799	-313.8285481261793
1800	-303.1730415903401
1801	-311.3726313028608
1802	-308.6658944564585
1803	-305.04917704329074
1804	-309.32145279478425
1805	-312.6865757725336
1806	-311.0253145113798
1807	-306.832868462336
1808	-311.16936015934755
1809	-309.23196178235065
1810	-303.8049829206906
1811	-303.5864542048106
1812	-307.6198984872889
1813	-308.50725308430356
1814	-309.9784560726864
1815	-296.7494998315927
1816	-306.2942495604578
1817	-302.25369876581567
1818	-303.73581313619087
1819	-303.22892031341763
1820	-301.08665273924186
1821	-304.4402962153757
1822	-301.8415505406943
1823	-300.5473107553877
1824	-304.6299245941011
1825	-307.1580975533682
1826	-306.88828162440933
1827	-304.30175012096896
1828	-304.87298257557507
1829	-300.60027866267814
1830	-301.74303562415804
1831	-305.7363498738986
1832	-308.10696818269145
1833	-301.9279742092287
1834	-305.87456177809986
1835	-308.22070852803205
1836	-304.0337351160031
1837	-309.571534418379
1838	-311.76572426815636
1839	-304.78576493422753
1840	-305.98480916637135
1841	-301.247840811276
1842	-294.29049950144565
1843	-305.7022224156233
1844	-302.8187985499143
1845	-307.7892998569481
1846	-301.557141620966
1847	-300.30678855854904
1848	-310.1956035216039
1849	-308.55757994506644
1850	-316.9527293721283
1851	-306.520011481445
1852	-313.61798482602313
1853	-307.0886307817163
1854	-293.5504639550624
1855	-302.5050352631782
1856	-297.45645095519114
1857	-301.0716174772325
1858	-304.6738509308486
1859	-309.4085314540093
1860	-301.5648738242359
1861	-306.2548333484187
1862	-310.7693050372484
1863	-310.3866198662582
1864	-305.84019708026625
1865	-312.55659061081656
1866	-307.41361379752385
1867	-308.3623470868162
1868	-313.79789148803303
1869	-310.6332833505469
1870	-313.61433654714375
1871	-309.19005479070404
1872	-308.8638249533673
1873	-311.19237313281553
1874	-308.35040094631296
1875	-304.20445450718665
1876	-305.84136448289223
1877	-305.5466006662162
1878	-305.3576769992099
1879	-309.92394905520905
1880	-312.73546447336736
1881	-309.2680249332999
1882	-310.81988245017624
1883	-307.9811651421682
1884	-310.2937801079372
1885	-303.72737842169175
1886	-305.56859059691914
1887	-311.47332224680355
1888	-305.4113738607953
1889	-308.33500327806973
1890	-303.2152073370085
1891	-310.4846314556008
1892	-306.43858680154426
1893	-308.4950706012036
1894	-298.4529474913896
1895	-298.57869695200253
1896	-301.92720771190477
1897	-305.141161124241
1898	-302.9299217516385
1899	-299.4308390968178
1900	-297.5703292853901
1901	-298.8196645768685
1902	-308.14253420106695
1903	-299.3446021437649
1904	-298.81423300799065
1905	-301.3146019502694
1906	-302.11258491425536
1907	-309.69797783978817
1908	-299.2212637114875
1909	-303.305831708024
1910	-299.9272710604775
1911	-305.53673948421005
1912	-305.3692211438605
1913	-309.58301888184064
1914	-308.6738457430642
1915	-311.64425172159827
1916	-305.69692065612185
1917	-309.3173790517157
1918	-309.81454569271324
1919	-308.17872481059766
1920	-301.6655100144541
1921	-305.729206531438
1922	-305.7302625512485
1923	-300.0082078224076
1924	-304.40703700494913
1925	-303.1116666395799
1926	-301.11082603000256
1927	-309.3923882491717
1928	-310.8620182719745
1929	-310.03052867531505
1930	-306.23557853754846
1931	-307.03606894854187
1932	-299.18306760010034
1933	-300.94790466585346
1934	-299.9027006939554
1935	-313.209485154611
1936	-304.66064655291365
1937	-307.8678416823861
1938	-306.85296563509394
1939	-307.35163047819117
1940	-307.59352284403866
1941	-304.3586247179002
1942	-306.87899252517246
1943	-304.60527145978415
1944	-308.99192044736407
1945	-302.4730017020835
1946	-306.8539216522476
1947	-307.4853725550977
1948	-312.1794956026452
1949	-308.6516851323481
1950	-310.8241237868
1951	-311.89694358231276
1952	-307.01698066504997
1953	-309.47895980613816
1954	-305.0141924922078
1955	-311.1258690200554
1956	-307.00284092549055
1957	-303.59187071681896
1958	-312.5003815655217
1959	-311.3629349339199
1960	-301.84420526117185
1961	-303.82862085369806
1962	-306.0546235164722
1963	-306.3705121660595
1964	-301.02015230641456
1965	-299.95660919793613
1966	-305.01660281081473
1967	-305.1398642992045
1968	-306.1444573932178
1969	-308.04604136687107
1970	-307.7923098606432
1971	-304.79864918947504
1972	-300.33046453982064
1973	-299.53699509474774
1974	-301.7908841091431
1975	-307.73271756140156
1976	-309.4253562552393
1977	-308.94600808057254
1978	-311.08531994945946
1979	-302.47585840177857
1980	-306.44569724523126
1981	-304.02074075087484
1982	-309.4208937794114
1983	-310.954317637056
1984	-311.528371652769
1985	-309.53784281106056
1986	-311.55083225821704
1987	-304.1421490477377
1988	-310.5447046243254
1989	-302.65043259608683
1990	-309.46925818144797
1991	-306.63036834921485
1992	-302.0774793718868
1993	-306.9866855806112
1994	-309.48390058566935
1995	-292.47258254693025
1996	-300.5530665581082
1997	-314.1675281477842
1998	-300.7018628055825
1999	-305.67920370945916
2000	-307.1766399870173
2001	-305.38433186169055
2002	-296.64436466458125
2003	-307.9922055682316
2004	-307.5867324770505
2005	-299.95185367813184
2006	-302.9677923898721
2007	-304.11116986822896
2008	-307.21332735331293
2009	-312.99516416376815
2010	-305.0715969568181
2011	-307.65703922694433
2012	-304.59611785362387
2013	-312.48728840147515
2014	-306.06541228629123
2015	-309.8592092401112
2016	-304.299704881591
2017	-302.9467846541385
2018	-305.1102384194334
2019	-306.2544996852913
2020	-307.80844054065483
2021	-308.59525439777883
2022	-304.20175253305723
2023	-308.8154055992134
2024	-307.8257715182497
2025	-303.3158951787728
2026	-305.9122059459986
2027	-301.3422743766084
2028	-305.88981552818944
2029	-307.55852046413366
2030	-300.0577620621521
2031	-305.6601373586558
2032	-307.73292101935186
2033	-301.07281533736665
2034	-310.43985968548185
2035	-304.66780467858354
2036	-299.7515595017359
2037	-301.77759346803145
2038	-303.4445504733476
2039	-302.4010086777826
2040	-309.5649542245166
2041	-302.2719671937855
2042	-299.72230611087514
2043	-304.698294855146
2044	-302.1603970344397
2045	-307.951477678097
2046	-311.27479061932803
2047	-309.5294976103782
2048	-304.9755719728532
2049	-308.1559193539488
2050	-307.0442288704277
2051	-307.36392197187547
2052	-300.41992223608383
2053	-308.67422726555856
2054	-307.44771010110486
2055	-307.24988827894117
2056	-298.7175931813982
2057	-304.8610914152368
2058	-304.6763538076334
2059	-311.4659299755113
2060	-310.1020567735107
2061	-309.00419210835264
2062	-312.42122874468464
2063	-299.98113696004873
2064	-302.4434168983095
2065	-302.0569832006843
2066	-309.12478358220665
2067	-306.374343688001
2068	-303.5768361655388
2069	-313.36211364957563
2070	-303.71214101581404
2071	-306.19458294846197
2072	-309.6181103475564
2073	-305.4332546540193
2074	-306.6714659821505
2075	-311.4018327441106
2076	-305.17311224533057
2077	-304.1605892577156
2078	-302.933349984627
2079	-307.62842755414516
2080	-299.83953817634966
2081	-301.9069428917837
2082	-308.46456435758097
2083	-311.65261038423347
2084	-306.7635503314642
2085	-300.68874377322993
2086	-302.44702250755245
2087	-306.0897253080667
2088	-301.050302320321
2089	-304.9439352300566
2090	-301.00730315073105
2091	-304.82993907381905
2092	-310.62083413400927
2093	-306.7006252956455
2094	-305.6706571819576
2095	-302.4285294472273
2096	-305.8992950623792
2097	-298.8716266885474
2098	-302.7275613930762
2099	-302.85690587742994
2100	-300.60692278425387
2101	-306.5287313761385
2102	-309.1985938986214
2103	-305.20749378739316
2104	-305.58764903796674
2105	-302.72311571955265
2106	-307.67256052007224
2107	-306.10583160216424
2108	-309.68546747343436
2109	-306.68974546344475
2110	-298.8350258327991
2111	-314.2284805201086
2112	-308.98732308727114
2113	-309.68382464156923
2114	-314.48528946289747
2115	-309.2719692886232
2116	-305.212644019219
2117	-303.4048530955844
2118	-302.82519319068024
2119	-303.9780829641749
2120	-306.20027602980406
2121	-310.4737833789531
2122	-304.75395367545667
2123	-305.05555918431287
2124	-311.2822183554944
2125	-299.5961861986616
2126	-301.54904892120334
2127	-301.49024795056397
2128	-301.0690948541969
2129	-309.2985110349989
2130	-309.6155337485793
2131	-300.66482019226487
2132	-306.1359957075366
2133	-302.9667127947332
2134	-299.120398009883
2135	-304.0402847367571
2136	-310.9777792443752
2137	-310.62600182026233
2138	-307.1418408170769
2139	-302.47983277221243
2140	-305.5782798656549
2141	-307.24013874573
2142	-305.4982326984855
2143	-301.1355997283478
2144	-313.6734101365146
2145	-301.83253330734306
2146	-306.20619586077834
2147	-310.9323205605397
2148	-308.6231041751258
2149	-300.56595385890057
2150	-299.2276380181403
2151	-303.7180030091409
2152	-308.6160957044876
2153	-303.24437445156053
2154	-293.68732888989024
2155	-303.63999019432293
2156	-304.3888337269213
2157	-303.5869633901946
2158	-309.57299350073265
2159	-310.53284692043934
2160	-309.0033729201081
2161	-309.1156298071879
2162	-306.6461572630689
2163	-307.09422437040547
2164	-302.29720759852074
2165	-307.29980493594024
2166	-311.9416918134107
2167	-308.7149014923347
2168	-302.2379896353422
2169	-303.8982302957436
2170	-304.98624095390136
2171	-299.6495618158984
2172	-305.2284042471441
2173	-308.595442082101
2174	-309.2975716489055
2175	-305.5029062601366
2176	-307.69140808366683
2177	-306.93241042718995
2178	-302.743680722848
2179	-303.68604789223633
2180	-304.3608069222843
2181	-307.53912548129694
2182	-308.62603595207474
2183	-306.08875874509084
2184	-305.1459322882044
2185	-303.08461757478085
2186	-310.0571346652104
2187	-308.22650642744543
2188	-299.3235042700977
2189	-312.36177921648937
2190	-304.01578004516597
2191	-305.54346055044726
2192	-305.4664793061408
2193	-309.807083500331
2194	-309.7029278297375
2195	-306.2064143721202
2196	-310.57148399017854
2197	-312.95134776552646
2198	-305.8940926968574
2199	-307.355108049295
2200	-306.1333125599807
2201	-305.2007002134023
2202	-308.0585181364513
2203	-307.0185519565147
2204	-305.00172973269764
2205	-306.93106235395356
2206	-303.57379578453686
2207	-307.46096870982353
2208	-300.52087179644735
2209	-303.77437153244375
2210	-303.0598432429841
2211	-304.53002419296
2212	-304.97010337000904
2213	-305.98557917056075
2214	-307.9425847655485
2215	-307.3514269119129
2216	-305.910179040157
2217	-305.4696240178532
2218	-311.46695651059116
2219	-303.2536097126678
2220	-307.2208374658084
2221	-306.7092033546132
2222	-308.5049069941777
2223	-307.89800099959086
2224	-302.6686445045485
2225	-308.332107950149
2226	-306.37627753626685
2227	-307.5486203627162
2228	-311.1278948218001
2229	-306.47435873316584
2230	-307.1690843833018
2231	-305.4751178104102
2232	-307.8663325374583
2233	-310.9023903527321
2234	-304.3685675319658
2235	-304.24353522057015
2236	-306.8235479828088
2237	-300.64448145845125
2238	-304.48176936489205
2239	-301.9700776509866
2240	-301.38970428341753
2241	-308.21754583220803
2242	-300.6116270796812
2243	-312.1600693423222
2244	-305.3756313450224
2245	-306.9642181856356
2246	-306.2600817766973
2247	-304.06241654624813
2248	-305.53017288259184
2249	-298.54721368924726
2250	-305.29921231161575
2251	-306.4442745154809
2252	-303.5209129857644
2253	-298.77443072516064
2254	-305.87720803106066
2255	-297.50887758915115
2256	-303.0146741114229
2257	-302.079118822211
2258	-304.993974026407
2259	-307.69843325629324
2260	-301.8634282226109
2261	-306.5256036522537
2262	-307.5229372709961
2263	-311.3155284718761
2264	-303.15314150920415
2265	-308.59018952360606
2266	-307.79517781638117
2267	-304.58866951142994
2268	-305.06407139694386
2269	-301.696599593219
2270	-306.3391133107387
2271	-307.1561718391343
2272	-305.0809089434568
2273	-300.2877482680004
2274	-312.15920175549
2275	-307.8376080642312
2276	-308.78786993203386
2277	-307.35976650921606
2278	-313.10647990051194
2279	-302.40559456891685
2280	-309.43380827596906
2281	-305.4290845624816
2282	-314.549934596075
2283	-306.42551268970914
2284	-306.51633146175027
2285	-306.0395641735502
2286	-307.95064998855776
2287	-305.34937441591626
2288	-306.915067427748
2289	-309.20401821565554
2290	-307.4107184162149
2291	-298.322421649762
2292	-306.5014319145159
2293	-304.49155384025744
2294	-307.54107128675395
2295	-303.5128796067763
2296	-304.5266532664127
2297	-306.61564585975515
2298	-307.9089212088435
2299	-303.2995941771554
2300	-305.14562749608103
2301	-306.86228777584324
2302	-312.88686790091816
2303	-306.67399047644705
2304	-306.91453342919976
2305	-308.88207576554817
2306	-305.8826301663719
2307	-306.84531978331927
2308	-303.0282498529131
2309	-306.67123071392604
2310	-307.6796399628794
2311	-298.47737679772723
2312	-304.2623111138778
2313	-312.07971432262667
2314	-306.43251347412655
2315	-310.40106567556626
2316	-305.76316245649434
2317	-307.54968605912154
2318	-311.00131679713013
2319	-302.03911987966103
2320	-303.07482462529407
2321	-308.2491036275503
2322	-301.99487370016845
2323	-307.4436032105893
2324	-303.94402233498204
2325	-302.90291464326987
2326	-302.8218266712684
2327	-307.8819986845738
2328	-311.9979386820932
2329	-312.1034816959306
2330	-311.0668879210103
2331	-318.6747238851521
2332	-304.0263637691622
2333	-309.2161188684316
2334	-312.86092380292456
2335	-310.5261970452153
2336	-305.8843325586966
2337	-303.8609208519766
2338	-309.91688964040696
2339	-309.9350445648655
2340	-311.6059058534847
2341	-302.6315551830037
2342	-304.218893069464
2343	-308.4571612294214
2344	-313.59182405394876
2345	-304.50052753950496
2346	-302.059672620649
2347	-311.1044061651563
2348	-310.000945119851
2349	-310.0734255400663
2350	-303.90118245999986
2351	-309.5419993381302
2352	-310.4649498635977
2353	-304.0509155444024
2354	-306.1932704138787
2355	-304.3866422280574
2356	-309.147071604193
2357	-311.5827653662755
2358	-303.23524427155763
2359	-306.7719393221604
2360	-308.9138349183236
2361	-313.47045280763996
2362	-303.64148040064646
2363	-307.3075807520058
2364	-306.7254701355344
2365	-303.43856742213546
2366	-307.8920043286008
2367	-305.43974448420573
2368	-304.7624004528847
2369	-305.61826311247563
2370	-306.5417482683114
2371	-302.78218715176007
2372	-303.466463834248
2373	-302.5490631185757
2374	-301.35035440293115
2375	-304.4829647772498
2376	-302.9174238534327
2377	-305.44821640477056
2378	-304.22166502249195
2379	-308.9342961415053
2380	-306.18613369279234
2381	-306.2463635806475
2382	-308.4559509704024
2383	-305.19984976640603
2384	-302.36685756590845
2385	-305.3715713100721
2386	-301.53201057873656
2387	-307.13950477498764
2388	-300.25471559714316
2389	-301.2845929190898
2390	-301.87774319838724
2391	-312.5957398129119
2392	-305.4357516518482
2393	-307.1835592187947
2394	-308.6457580789119
2395	-306.56314518039335
2396	-306.07818673729065
2397	-302.8046473405827
2398	-304.1057689786021
2399	-309.8835063467897
2400	-309.0429973354638
2401	-311.99481445916746
2402	-310.12907257835695
2403	-302.0770529142759
2404	-306.45812316960706
2405	-299.9719946498511
2406	-294.4990667544012
2407	-299.6604588028642
2408	-303.71519329783257
2409	-301.4322763824809
2410	-305.7536608726235
2411	-305.0886738531937
2412	-301.2480236935974
2413	-308.65288621753007
2414	-301.75448872989824
2415	-301.29865487786935
2416	-296.51352509442944
2417	-306.7805383541394
2418	-305.11716841796385
2419	-306.75442213689394
2420	-305.78652070466836
2421	-304.371867192831
2422	-307.4833244070956
2423	-305.7292768488895
2424	-306.7169283421483
2425	-307.508182566659
2426	-307.5951987872653
2427	-303.08554108709546
2428	-308.76736105069574
2429	-303.1955572084461
2430	-304.3942762359735
2431	-305.2174096602751
2432	-296.4554631459234
2433	-310.58955393624683
2434	-305.96732853109586
2435	-307.5101928453794
2436	-301.2458647013761
2437	-304.29583813908334
2438	-305.47546728088855
2439	-301.60502614412695
2440	-307.0123126100661
2441	-302.88226330888614
2442	-302.85931535864285
2443	-303.5584624619327
2444	-302.31795733959876
2445	-299.2275082638197
2446	-302.38780853452647
2447	-300.4829602742876
2448	-305.3979678702998
2449	-299.36213809912306
2450	-296.8156490620955
2451	-304.690647002853
2452	-299.8329985756845
2453	-300.64075426506383
2454	-299.6634991599584
2455	-307.378028710573
2456	-298.65650737201753
2457	-303.82463395039713
2458	-305.2773205283397
2459	-301.44384043844263
2460	-306.82310765445976
2461	-305.66740009495084
2462	-304.28777666856854
2463	-302.6706070904855
2464	-305.66026508732125
2465	-303.055867292321
2466	-305.7232655915345
2467	-307.9419024729122
2468	-301.412286044296
2469	-301.14532491300525
2470	-306.95531441928574
2471	-305.5446425946365
2472	-306.6342903424904
2473	-302.38012992036124
2474	-289.57300079403825
2475	-299.8957720976176
2476	-309.06973775309433
2477	-301.61343481137254
2478	-306.49649763557267
2479	-303.2061510142427
2480	-308.05586103887504
2481	-303.2654297704878
2482	-302.65988564803826
2483	-301.8017121402088
2484	-305.0948063939083
2485	-301.56120013948873
2486	-293.6955272042718
2487	-298.7045968190419
2488	-302.138284742831
2489	-302.7501740485548
2490	-308.51804778630884
2491	-306.1191728505038
2492	-311.58711202440674
2493	-303.6630630996183
2494	-306.9463932231619
2495	-302.2106
2496	-309.1517879594593
2497	-298.2409942238082
2498	-309.9382422246427
2499	-297.693673040696
2500	-303.8974290445405
