1	-302.3653267129617
2	-298.8904507470749
3	-296.01761487627476
4	-302.49781150136033
5	-303.3239692681158
6	-304.64176843937076
7	-308.0778478915282
8	-299.4836011672143
9	-298.6667716309539
10	-305.7973559788749
11	-306.02979906966954
12	-300.6279484252644
13	-301.7505961283191
14	-298.9438767302536
15	-303.74239849885646
16	-298.68700391419156
17	-306.9832263240239
18	-300.1856822348179
19	-309.0485704446736
20	-305.70860211352425
21	-303.59061261691863
22	-298.91914270177125
23	-305.96353345508123
24	-301.355565028711
25	-303.1844123590198
26	-308.6401254901867
27	-304.9501361678611
28	-300.9444025668348
29	-303.40745604954304
30	-305.17486186536934
31	-307.91561422234804
32	-300.2083112516055
33	-304.1789045505283
34	-297.02877457601363
35	-296.0876217655681
36	-297.5761526276738
37	-305.437604806494
38	-302.2341048311695
39	-304.2933018505111
40	-308.89935189181466
41	-307.95932879199484
42	-304.9464764637214
43	-306.21658103792953
44	-299.1952719672842
45	-307.2884682510318
46	-301.20681617905365
47	-304.3036343719981
48	-301.9244155652219
49	-301.8475622217311
50	-305.7008494525666
51	-303.2126818329649
52	-302.23323241341313
53	-303.02339930514137
54	-309.35469643630296
55	-309.3317271150416
56	-302.0340299308226
57	-308.2684134723114
58	-306.9362260260615
59	-301.37502542692823
60	-303.2944539022166
61	-299.86700602504385
62	-308.23084904291267
63	-303.4219926256684
64	-302.96841192023464
65	-300.86254638107744
66	-298.93393425577364
67	-299.2854199808901
68	-300.2177841266149
69	-309.8177277792947
70	-301.6910323352045
71	-305.88999486199896
72	-303.0580559742068
73	-303.28839599537133
74	-308.94368848540586
75	-309.537779829074
76	-301.0442757301965
77	-313.66414231041193
78	-297.71087574906596
79	-304.39207649021904
80	-309.53164108981247
81	-303.65838459758453
82	-299.6512292492482
83	-310.08408490930714
84	-305.64662744620705
85	-306.1141146602076
86	-303.85706795532883
87	-292.90982294852034
88	-306.0168732215641
89	-307.0643058373105
90	-299.0346585572667
91	-299.2106523470096
92	-302.6173733181441
93	-299.4782863385244
94	-297.69054212503926
95	-306.1769915915317
96	-300.4582315256962
97	-300.28124520464286
98	-305.5924753789865
99	-307.760916188263
100	-301.4173
101	-305.1817087115759
102	-303.0072548040228
103	-306.33817535509985
104	-305.4257568096586
105	-302.0917369144355
106	-301.74556594677875
107	-302.4495723517593
108	-304.6363110107697
109	-301.12353019895147
110	-299.2928646976483
111	-301.37565313019036
112	-305.26864868643315
113	-299.1045520790668
114	-304.55902330917365
115	-308.3094400136734
116	-299.6121556888766
117	-305.8160218262792
118	-298.12410196182185
119	-304.39448293337534
120	-308.5695561905135
121	-308.58451709007943
122	-308.16472687813393
123	-305.12217005044096
124	-302.7120707852846
125	-301.4130511447502
126	-299.8200150696837
127	-301.3973777388415
128	-306.6769743614216
129	-306.64929061540664
130	-306.0003060958668
131	-301.65471775427704
132	-305.4063421703804
133	-300.798045607285
134	-305.06288585918367
135	-301.2039361595059
136	-307.3285323561479
137	-302.6958254865523
138	-302.5876881281368
139	-308.46949054707204
140	-299.4563086134492
141	-298.95352756761105
142	-299.45654690896237
143	-301.626196743381
144	-303.80288821931055
145	-302.85338608043656
146	-301.3652955730668
147	-300.8724022947157
148	-300.67051321911725
149	-304.20203138134667
150	-303.3475839755924
151	-305.19424114475487
152	-301.88463250214494
153	-304.121383688522
154	-308.13994740832584
155	-301.45704912838124
156	-306.4783921290115
157	-308.3805536662578
158	-302.2786630915693
159	-309.00504237196157
160	-299.6205704745144
161	-302.13454265404226
162	-306.7803091867972
163	-298.2520803565696
164	-308.11675915290755
165	-300.7607008009375
166	-301.5012415335524
167	-303.42138792027725
168	-304.59125951016296
169	-308.7451731857286
170	-299.69658210891566
171	-303.7364018725678
172	-307.1220454421181
173	-309.1773887052786
174	-306.2796
175	-303.612058399576
176	-304.984139747531
177	-308.56742482347204
178	-298.74242953026
179	-305.3817136341865
180	-312.41472193324057
181	-305.1774762417413
182	-308.02543293749994
183	-301.9522091310413
184	-298.89069299043695
185	-300.38067111698194
186	-307.18240000000003
187	-312.2109791161984
188	-301.7748330074106
189	-305.98649488228784
190	-302.44930001233064
191	-308.8901066017394
192	-306.19192960679595
193	-304.71304300269844
194	-306.5997925914016
195	-303.2100705809523
196	-303.5345247174851
197	-302.825785700666
198	-309.082010915374
199	-303.3756610048988
200	-307.6693713158155
201	-305.7384760238634
202	-303.0118767869008
203	-307.0032489027495
204	-304.9646207443043
205	-300.83326563319486
206	-306.3452679725018
207	-307.1091029350092
208	-306.64357892889404
209	-302.48323716740765
210	-308.0242692441719
211	-305.1180008135728
212	-305.6921897519729
213	-307.30166390616523
214	-298.026206056066
215	-298.3483930242253
216	-303.06768078855214
217	-303.0392781097849
218	-302.7633799638522
219	-306.14497330049164
220	-305.70154483629494
221	-303.97017084471
222	-303.29686266962676
223	-302.41107468043174
224	-297.1335457963236
225	-299.8166238239397
226	-306.05764292984173
227	-295.72870000001336
228	-303.8658591769532
229	-310.1995436761819
230	-307.69308138288466
231	-307.17490276550956
232	-300.30708385155003
233	-302.2490285610681
234	-304.70930306504096
235	-304.6935743595618
236	-305.05154871898526
237	-304.00236702706485
238	-292.05289847302515
239	-306.7323440369778
240	-303.0603317992022
241	-301.8649798943923
242	-300.7277539328095
243	-298.342800802101
244	-302.27784121383905
245	-306.24550089644305
246	-296.8018198796045
247	-304.3518233211643
248	-308.53001531424235
249	-303.71629858231745
250	-302.1300548116149
251	-305.2970788859702
252	-303.18586653447096
253	-303.0352338620108
254	-308.7716506381487
255	-304.3846066043285
256	-298.008064324936
257	-308.6905477504642
258	-300.58072648722026
259	-302.337246951901
260	-309.62865227216963
261	-301.5666662827639
262	-302.19346830528195
263	-304.34898667736076
264	-302.85347728968344
265	-303.24407014060705
266	-312.1000977017861
267	-297.5787
268	-299.68788038779115
269	-304.6459174084409
270	-307.2138644542897
271	-306.262948324588
272	-309.0552024646007
273	-303.1790912206717
274	-309.04964322755876
275	-304.2222927115163
276	-305.5959018789334
277	-303.2336026184837
278	-300.80549094004004
279	-299.5776590715622
280	-296.66569762673026
281	-305.36195240882944
282	-306.668512022257
283	-303.9714293169979
284	-306.2670623241149
285	-303.63714626156064
286	-301.3485755277922
287	-303.7513001573245
288	-300.5676738820457
289	-303.26999232593437
290	-306.5130993162774
291	-304.31242772394125
292	-300.6034642371896
293	-301.02513526422064
294	-304.2944563217755
295	-305.6118505059739
296	-299.27461294991195
297	-309.74516140564816
298	-300.71565680954615
299	-306.3623757173036
300	-297.1253506498476
301	-304.9617659076002
302	-300.77393665465473
303	-301.1022214148677
304	-302.5971446058882
305	-310.7326563037865
306	-307.99619423307837
307	-305.0455417645148
308	-303.69253869721155
309	-303.78166761187964
310	-303.960427128165
311	-300.3997065289468
312	-301.64401332833194
313	-301.4186875274404
314	-300.6252014783934
315	-298.38761409180506
316	-307.61071121253286
317	-297.29128902581084
318	-300.53062294862417
319	-304.78178424628766
320	-306.08617717703777
321	-305.27555419618284
322	-302.0342412695478
323	-299.84415860314425
324	-308.74259375280604
325	-297.6214542512724
326	-304.32462955043906
327	-306.39789414480606
328	-302.0633838655064
329	-308.34978179413656
330	-309.2134588298782
331	-297.1917196687065
332	-295.8965042879607
333	-295.2459973415891
334	-308.1562905144594
335	-308.18275856976265
336	-308.28691461987177
337	-307.7506721204384
338	-309.9789167313332
339	-304.609248708937
340	-306.53444879488643
341	-305.25495067136774
342	-302.8214558294033
343	-299.507944914882
344	-299.3428571216976
345	-300.0697671546116
346	-301.4775000047831
347	-305.35835060070065
348	-290.3089408483215
349	-299.60758954670973
350	-303.09829723338356
351	-299.77752591831285
352	-304.71197359157713
353	-304.57774553540133
354	-309.65873125007454
355	-304.74606944966354
356	-298.57821570680426
357	-301.7271289254914
358	-307.4691818177962
359	-307.15518523136706
360	-301.45508817807877
361	-299.858024893189
362	-303.13063439296633
363	-308.3191363186323
364	-300.8279945401026
365	-307.28515151525147
366	-297.12788297343104
367	-298.1327418582257
368	-300.89197069693154
369	-293.71538572194606
370	-304.31313205986766
371	-307.32823746774017
372	-307.08213109157555
373	-304.3795909150467
374	-307.6853576327491
375	-303.97095854056477
376	-304.98879101032065
377	-301.5994289482144
378	-299.4975579286764
379	-295.252746345967
380	-307.3990375908792
381	-297.4284828035798
382	-301.9491080962733
383	-299.8496972295769
384	-304.15388450625125
385	-303.8675295302047
386	-307.89208591743187
387	-304.6201482252134
388	-303.8422139996213
389	-304.11755998773583
390	-299.52260000397433
391	-303.20583305452277
392	-297.4190077987881
393	-299.63029975839794
394	-301.99343286269504
395	-301.95699035400776
396	-300.7162862259306
397	-307.9875171793007
398	-298.9267212934579
399	-302.6372655924448
400	-304.01073554772887
401	-303.3683666355976
402	-307.52736834273736
403	-300.34837159681166
404	-306.8610361479103
405	-302.43772151525144
406	-307.8352991680172
407	-305.0415191011262
408	-302.357317543816
409	-293.57190024716556
410	-304.7613536344583
411	-306.4429362715582
412	-302.8940214663109
413	-307.94468598779315
414	-304.592804595634
415	-307.8599330501976
416	-304.0033358204982
417	-309.7120814074689
418	-301.2496986800418
419	-295.54350449662326
420	-306.63116587044544
421	-302.66052973773475
422	-303.475321257904
423	-303.20837660169497
424	-307.8560772430962
425	-296.7674225355614
426	-304.48530422745455
427	-307.95840338460135
428	-305.6578741570897
429	-299.3381174664198
430	-300.1820882115306
431	-301.74272098227476
432	-297.09710553382683
433	-306.62719312248936
434	-303.41628477869284
435	-302.7824910926516
436	-308.0477253520048
437	-303.74571071126
438	-303.3940756914932
439	-303.29211676929054
440	-303.56087590353025
441	-307.0530011033068
442	-297.14458555713037
443	-309.31896152353045
444	-305.1644260875479
445	-299.72120000028593
446	-300.2129948010819
447	-306.42627646391355
448	-296.9360025852291
449	-298.11155205087493
450	-304.1931498958462
451	-302.4074948249776
452	-304.2017215462222
453	-303.5110763669329
454	-310.57891336209286
455	-306.432055152819
456	-304.58788606739347
457	-306.1747576631425
458	-306.68982483785584
459	-305.49281444430756
460	-309.691760033654
461	-308.70875115998086
462	-301.47773925250914
463	-311.30101141968703
464	-299.3073894805198
465	-304.6793568259393
466	-308.8117240541687
467	-301.1056619336802
468	-309.9396844300131
469	-308.7748908892494
470	-308.9477408751014
471	-298.34180856380164
472	-303.85192562037844
473	-303.19570001501194
474	-299.01264262397973
475	-308.04911693786573
476	-304.2994523824467
477	-297.4328036334229
478	-305.5892925935951
479	-310.4490304810838
480	-308.4642356455803
481	-307.89597026115405
482	-304.7814493826643
483	-298.5995018086833
484	-302.88638214840483
485	-300.25575937048643
486	-305.28080002236175
487	-307.99256339689174
488	-301.65625253082857
489	-294.8344375965181
490	-300.3616291892494
491	-308.00658961612953
492	-306.1773599198603
493	-303.67781370171986
494	-302.4471119034071
495	-298.4327314394796
496	-305.19178940487825
497	-309.70121943631693
498	-304.4371433469283
499	-304.2149178529975
500	-304.24896416588007
501	-300.3191042288169
502	-303.1772455505176
503	-296.34694532056096
504	-299.4320213224899
505	-302.0347231571358
506	-296.1981870221382
507	-303.8744645997293
508	-305.6055434770125
509	-311.07335786967957
510	-297.9072213995918
511	-296.32715110963386
512	-302.72837948683684
513	-303.7100443896543
514	-305.578855781136
515	-309.37800679999987
516	-307.50745857722114
517	-304.25539041695794
518	-300.1610753330515
519	-297.27215578476427
520	-302.3988
521	-303.2349708619442
522	-301.51877325340257
523	-305.7140831858052
524	-303.73020003706847
525	-303.46234155034966
526	-306.20587219558007
527	-299.5637761066069
528	-300.1726760392519
529	-300.24585554629397
530	-304.6494326147534
531	-302.455753406575
532	-307.61886501115646
533	-301.62107680870844
534	-300.62460792754445
535	-311.4889908729452
536	-297.34023496400596
537	-302.4476175524536
538	-301.0589000020619
539	-300.8480892025015
540	-304.12092859771076
541	-298.0574405383554
542	-306.85248482586763
543	-307.8125537067728
544	-306.47421210988574
545	-308.4891233578741
546	-300.05400218013267
547	-309.67260043278094
548	-307.02912487782083
549	-301.13735273609205
550	-306.5792315947473
551	-299.1061599967203
552	-302.0729871647093
553	-309.6310787824153
554	-305.39371559182433
555	-305.0803561162778
556	-302.7985084314596
557	-303.1260533178971
558	-301.26433355846297
559	-306.20383525899666
560	-302.5908948956688
561	-302.0446211484127
562	-300.9128120637366
563	-303.8401731361011
564	-300.1436617850539
565	-305.8728188219334
566	-308.87804758758904
567	-301.38489863605986
568	-300.5854946254352
569	-304.0599829621923
570	-304.3644257618669
571	-310.89982015636576
572	-305.0987642284158
573	-301.6551662241468
574	-299.61682402420473
575	-300.97133514460967
576	-300.615532432183
577	-302.2655594070453
578	-311.79992452596
579	-313.53467759629905
580	-302.9527970671737
581	-301.7772835252402
582	-303.3186986001622
583	-304.9296285662044
584	-308.89250521380603
585	-304.5639041223338
586	-298.7227432908057
587	-301.42075750779225
588	-301.3205971947439
589	-302.21994948042493
590	-304.44631800505454
591	-296.00401139947047
592	-305.64134033095064
593	-306.1611110582154
594	-300.42558844586085
595	-298.93960482809945
596	-305.6230154867868
597	-292.4834347950987
598	-300.17892916064426
599	-300.13690328239994
600	-301.4733958927737
601	-299.13848813473345
602	-303.80358373414987
603	-304.84076399452584
604	-304.2207001872917
605	-302.364348295127
606	-295.8024467450111
607	-303.01681791823535
608	-300.1545767192887
609	-296.1238000063791
610	-304.00560207815045
611	-305.22608525755885
612	-306.4671740835904
613	-309.2936597573418
614	-300.89898754861446
615	-305.1427302018866
616	-309.80024411981
617	-303.6266439305809
618	-301.3242933545492
619	-305.77936754756325
620	-297.64176079793026
621	-299.40064424283
622	-301.21526792743964
623	-301.461356326493
624	-298.01406793340686
625	-301.34751661173823
626	-298.464312082224
627	-307.80359176822253
628	-298.4167
629	-305.4742210209241
630	-306.70746432863183
631	-298.86100000004717
632	-310.9341233823257
633	-306.43708740438973
634	-304.84882036738
635	-308.64368763655494
636	-309.00741073825793
637	-298.4087896882477
638	-301.8610650098611
639	-298.7108148042024
640	-308.2616574199656
641	-309.4656621240575
642	-303.4196967477617
643	-305.13638670001893
644	-299.3736037174358
645	-303.5684546702598
646	-305.5707009967437
647	-305.9114037117732
648	-306.8839303430037
649	-303.9746642992045
650	-305.3170680349809
651	-303.29291161031614
652	-309.4373090519882
653	-300.72321641977857
654	-303.6754708635919
655	-303.2940937465011
656	-304.99649728301796
657	-301.5948179710397
658	-307.6383283978511
659	-298.836581565576
660	-307.0860009856064
661	-311.0674789310106
662	-301.27649632732755
663	-300.8929248962801
664	-301.4207521584748
665	-307.5396131118664
666	-306.5929919040871
667	-302.720758128032
668	-302.4618209337326
669	-301.13886642431765
670	-297.59032482671734
671	-301.14213939935536
672	-298.3607329953928
673	-305.38097983228283
674	-303.98860935501983
675	-298.78459992934125
676	-297.0887499485524
677	-304.10925435754467
678	-304.55031500451395
679	-307.93789775105137
680	-307.1518991958095
681	-305.32011162656005
682	-296.437023956755
683	-304.6975002951095
684	-305.83193427243805
685	-302.19279628771295
686	-306.19505518671707
687	-299.2287703344847
688	-304.2146738786871
689	-303.1727019089678
690	-306.37478200751576
691	-303.270432178527
692	-301.0939758382047
693	-303.023148635665
694	-307.99992689798864
695	-302.7221554837517
696	-307.70440490048435
697	-305.2621068913651
698	-305.97017324870677
699	-303.2378354244744
700	-304.69822711083015
701	-306.70953810870077
702	-307.31531010394633
703	-305.2470838935364
704	-304.0263650807131
705	-303.5743098956574
706	-308.8376851307694
707	-305.16063349522267
708	-303.64772483005754
709	-309.75233654714367
710	-307.0314910598281
711	-304.23247389207853
712	-307.38076193993686
713	-305.161425455652
714	-306.0187555678187
715	-308.26694706553286
716	-306.01128646140785
717	-305.3818528488429
718	-305.54918387945753
719	-304.7495951129056
720	-307.71559817439754
721	-298.6051909676881
722	-300.70898256051186
723	-301.92012099819624
724	-303.34031177789535
725	-309.98067820387126
726	-303.35769068034733
727	-304.0302897064941
728	-302.72584414279333
729	-311.9077580817942
730	-299.9691781072912
731	-307.9275297706851
732	-296.4228494059659
733	-304.1979035515806
734	-306.7519472867329
735	-308.4515658380451
736	-303.0111390660683
737	-302.1905052412085
738	-307.9646060551418
739	-304.7545004072317
740	-301.93633502707655
741	-301.30651739004054
742	-306.1649540419827
743	-303.19007246188
744	-302.30766088577525
745	-304.7420287853484
746	-305.6483555530876
747	-302.5468298513398
748	-304.6716217987419
749	-298.0857516309924
750	-303.00507634288067
751	-306.64947086462064
752	-300.51961858120234
753	-300.46982885101085
754	-304.5072255700045
755	-302.48863120109115
756	-309.33808239336093
757	-301.31412532131645
758	-308.52151104268046
759	-293.1782517789747
760	-302.724127569319
761	-304.64279212174176
762	-307.31091397540985
763	-303.10479860227775
764	-303.34827277569497
765	-298.4247957402628
766	-305.35570107706775
767	-310.92055933029684
768	-300.04491726343804
769	-306.16050553120544
770	-307.6778000025556
771	-306.5373312579857
772	-307.7049558364676
773	-299.14831961154255
774	-297.78492022839345
775	-304.8386671035638
776	-303.92035676990577
777	-309.11082925747434
778	-307.24718394431295
779	-302.8967824844262
780	-300.0213554664896
781	-302.1520717845746
782	-309.9645249277782
783	-301.75781500562067
784	-301.8292445981289
785	-301.62660680556525
786	-307.8750379393418
787	-306.1441
788	-294.78351932198973
789	-303.769053622577
790	-306.4936647461033
791	-300.0141583637724
792	-306.5453803333143
793	-306.00992162167074
794	-310.44671889135293
795	-300.9717831005131
796	-300.4722607037737
797	-310.768975092032
798	-308.2123734282691
799	-303.0242708112148
800	-305.43728176343967
801	-300.92194600980105
802	-313.5992029643617
803	-297.96679503660874
804	-310.60672862552804
805	-307.02182622776706
806	-310.0013473957466
807	-309.5955841910896
808	-309.52826098325653
809	-306.7494247671617
810	-308.7706987256877
811	-310.4770968007738
812	-305.9722560379443
813	-305.4487834601883
814	-308.8258337684454
815	-309.12064342621557
816	-306.6972706603091
817	-299.8664893848733
818	-304.4788412547136
819	-305.25323684979116
820	-298.0988824977118
821	-309.14230919931873
822	-305.2911069571159
823	-303.46550543950997
824	-302.830266987755
825	-305.7071468438633
826	-307.31914993104533
827	-301.82172491697196
828	-303.0192750424356
829	-301.640596186224
830	-301.21788049151723
831	-301.746242180802
832	-297.7543372178668
833	-303.6522998343243
834	-305.81387493953594
835	-307.9745576112135
836	-303.4621873292025
837	-305.7087666402931
838	-306.04386278300245
839	-306.10096566216316
840	-304.8331640905419
841	-299.8738790207774
842	-301.4347179142856
843	-304.9645349309042
844	-300.79826510728884
845	-304.0549458315343
846	-305.88951691733865
847	-300.8182848407957
848	-302.16752807557776
849	-305.013620032009
850	-295.97984488776837
851	-305.919619992853
852	-305.9649123956972
853	-302.9135367222148
854	-301.537576937733
855	-306.0278746384378
856	-298.1327878841982
857	-299.77147060611117
858	-302.8525311715442
859	-306.53717366869625
860	-303.03029543300653
861	-305.6798722957446
862	-307.0521664999978
863	-301.18134451944803
864	-302.20628938023606
865	-299.644700842123
866	-301.8615623928369
867	-302.3720144321925
868	-299.3270981253182
869	-308.3018008653306
870	-294.6129852716581
871	-301.5284735072159
872	-298.6007
873	-304.79908485314735
874	-298.89950132984893
875	-309.70144923250973
876	-303.42235837175224
877	-310.9193283396492
878	-308.49609802828314
879	-301.759880335119
880	-306.7030090886268
881	-305.0501841064373
882	-300.7197646747142
883	-308.5988463013386
884	-303.5789914902994
885	-299.5846010423983
886	-304.4161748830577
887	-301.27893229603353
888	-301.0707478327177
889	-298.9416298627564
890	-299.6446523052797
891	-296.7059276220156
892	-301.33930421500884
893	-304.49015356555384
894	-307.08243132968516
895	-306.12075656740643
896	-307.6805765344398
897	-294.7061
898	-299.283287143503
899	-302.37711923847246
900	-308.0090998771485
901	-296.32638192674125
902	-311.751132262187
903	-302.1993674046842
904	-311.38645451561416
905	-300.36944414537845
906	-307.75680555921286
907	-303.1542918180687
908	-300.2199103753564
909	-302.04376750672674
910	-307.4477936850208
911	-304.4837266847356
912	-301.8105465916115
913	-306.36946919839016
914	-301.0803841390486
915	-306.6866485913078
916	-302.6273274072504
917	-301.3913882925474
918	-304.73214038718385
919	-301.0623844897808
920	-299.4949849788012
921	-301.9478635952167
922	-299.57786381624913
923	-299.85221312813877
924	-306.0521486629503
925	-302.18162812524616
926	-303.5415776958402
927	-302.3224781183494
928	-304.49224911997874
929	-306.1526067032692
930	-299.60782446386696
931	-303.1489846357711
932	-297.7458013785823
933	-302.7324611560209
934	-302.257679972197
935	-302.4450756464928
936	-305.16233741267996
937	-301.0986230144952
938	-311.0598699751867
939	-304.88587468231407
940	-311.3503647850223
941	-306.56441768708555
942	-300.4866868804525
943	-301.3054632242452
944	-299.8875733585281
945	-302.31647581477637
946	-305.3464832426557
947	-298.7393450632881
948	-308.33072624119853
949	-308.6735680631462
950	-301.26950261993494
951	-304.59738744656147
952	-301.6781761343865
953	-303.56913746830094
954	-302.70414806831093
955	-306.98338563887506
956	-308.7955327294837
957	-301.4977582636767
958	-307.39187277535854
959	-310.76051081472997
960	-301.2038512923079
961	-304.9798556641426
962	-307.6439856698068
963	-310.8223416249168
964	-308.7988493624997
965	-302.3237407937225
966	-304.02689421688916
967	-306.1974657035467
968	-309.29758424860955
969	-302.95912540546965
970	-308.35584312086877
971	-301.57216702654404
972	-305.8097668378641
973	-304.261095176422
974	-299.9749605705945
975	-301.06656198774556
976	-300.0416637591876
977	-302.76351292263473
978	-305.7933916014306
979	-300.7777808789761
980	-302.45278328190534
981	-300.46248082269113
982	-303.7635760443996
983	-298.8721620957927
984	-295.9221169063868
985	-305.4322578331977
986	-303.63160000000136
987	-306.46869403550113
988	-298.4652189700562
989	-301.97150000127635
990	-308.87239853911535
991	-305.10262279192636
992	-299.09699670146324
993	-300.1958194433911
994	-306.6808165518601
995	-306.65851754030825
996	-306.4334496988899
997	-306.79180724334196
998	-305.60551830398964
999	-300.66163787362945
1000	-300.27855768331494
1001	-304.23243359656
1002	-301.97961238333943
1003	-292.33420482584734
1004	-300.0080745510405
1005	-298.33733500986887
1006	-304.8431795924413
1007	-304.63268304601246
1008	-307.2469372005604
1009	-304.34661134576186
1010	-292.9374000031481
1011	-305.1509296675438
1012	-300.8459364157568
1013	-303.6863084117247
1014	-304.10387403106216
1015	-303.05849865949784
1016	-301.72306935812406
1017	-307.09191303351463
1018	-307.21682967454456
1019	-298.03252907888617
1020	-301.2073838413054
1021	-305.8718885631024
1022	-294.88095955138164
1023	-304.9156803311212
1024	-306.3959618680271
1025	-297.3873000112318
1026	-301.00427537292694
1027	-303.7949385381368
1028	-311.00664534967655
1029	-301.7052109303651
1030	-299.96380186696683
1031	-311.6853452994695
1032	-296.8533222833797
1033	-303.58057940173546
1034	-307.90703815612716
1035	-310.02513372114083
1036	-311.5066077730411
1037	-304.7221333596085
1038	-304.93468326979877
1039	-301.3860462731829
1040	-304.72646237698416
1041	-305.15148738885216
1042	-305.2644361891544
1043	-306.5459326712691
1044	-299.63625542324394
1045	-312.6745294373322
1046	-298.5250352461213
1047	-302.6126935296641
1048	-298.8402858591786
1049	-301.57984715162775
1050	-307.8817334518177
1051	-308.8260437467169
1052	-302.273355708109
1053	-296.7012542557373
1054	-306.58892656061306
1055	-302.7550963539472
1056	-303.9497893468751
1057	-302.109434462389
1058	-302.4453735937823
1059	-311.36587752605504
1060	-303.22548496953004
1061	-297.73926837819334
1062	-307.9313258216879
1063	-300.70952351762793
1064	-301.44978733542274
1065	-306.5866927378008
1066	-306.2654376382153
1067	-306.64137914530505
1068	-301.51631607011956
1069	-307.201005626069
1070	-302.08029003209566
1071	-303.61404839302094
1072	-304.4375762638447
1073	-307.8450248219576
1074	-309.7708212252146
1075	-304.4123908653193
1076	-301.23099902092935
1077	-302.46265420084046
1078	-303.71204344822695
1079	-303.51309958170657
1080	-304.58981509074124
1081	-304.40221520479804
1082	-299.59161696936883
1083	-304.2019484328129
1084	-309.07125392659617
1085	-298.20400613001334
1086	-303.6924338471362
1087	-305.6468077841467
1088	-309.9278610629839
1089	-297.61037666726736
1090	-305.2309768692074
1091	-301.51631865159663
1092	-302.5860014480478
1093	-304.68957608655404
1094	-304.9356819805509
1095	-299.1216932179625
1096	-298.1613140208649
1097	-303.5984557315524
1098	-306.88178643530335
1099	-306.54301536382343
1100	-303.7386163769757
1101	-304.5489962486225
1102	-311.44505811335523
1103	-302.68410627434565
1104	-297.1975537541581
1105	-301.9279121489603
1106	-308.49003038275805
1107	-299.0578858541245
1108	-303.6562120500754
1109	-304.5815108231721
1110	-306.9250650770192
1111	-302.4183481369167
1112	-301.4409447238407
1113	-308.4569537724914
1114	-305.88602667799006
1115	-301.9613436424254
1116	-302.98588409992533
1117	-306.2374661221769
1118	-303.65719487212624
1119	-298.8620072898639
1120	-301.8165517001622
1121	-297.76015723798093
1122	-299.14955066997805
1123	-299.7219686048789
1124	-299.7122168926401
1125	-297.2343000008116
1126	-300.69140000000004
1127	-299.6197888324373
1128	-291.0999049007697
1129	-290.84720000000004
1130	-304.0306023762121
1131	-301.4843816925689
1132	-299.5297833502267
1133	-301.51948150155414
1134	-294.9209727692374
1135	-305.4008003081168
1136	-303.5290233268762
1137	-304.364466914767
1138	-309.41213178946646
1139	-308.65004764690275
1140	-306.7298875524893
1141	-302.8562518373311
1142	-299.86770404785267
1143	-310.0920477067999
1144	-300.6917630516843
1145	-305.863526886407
1146	-301.34266389698905
1147	-297.6320355060712
1148	-305.203254455093
1149	-307.2788146155277
1150	-298.49089556169724
1151	-302.28547403386676
1152	-309.6280180568884
1153	-297.5052117521778
1154	-296.0770867424199
1155	-303.5306092268366
1156	-303.42257924714806
1157	-301.93198661836556
1158	-304.2617174379186
1159	-301.94822587383135
1160	-305.561341698293
1161	-300.9747043490929
1162	-303.7059435379363
1163	-301.25099710366595
1164	-304.63326361645255
1165	-299.3570228942138
1166	-302.1487007150784
1167	-308.88244405819194
1168	-310.6000881841898
1169	-302.024676861238
1170	-303.24266388161317
1171	-301.4985689662391
1172	-304.34187174463443
1173	-302.24400490233495
1174	-295.9960883268006
1175	-303.2102080148066
1176	-295.75077431843476
1177	-296.42874203676485
1178	-302.4354435372356
1179	-296.10827395498734
1180	-306.2917154869943
1181	-306.1437541031308
1182	-301.8238889080134
1183	-300.13692565632607
1184	-302.8878000000341
1185	-302.0679622899214
1186	-303.62931349338555
1187	-302.5016845649565
1188	-302.19665497838105
1189	-306.2665
1190	-304.8481962063728
1191	-298.6129081092229
1192	-300.2129789815379
1193	-299.5258370161268
1194	-301.67645597462456
1195	-292.0636003275899
1196	-306.27069578697234
1197	-307.35073664893594
1198	-307.0491807706507
1199	-296.64301597276074
1200	-308.25021362686584
1201	-301.6418491554084
1202	-306.0529862073481
1203	-310.5516270474253
1204	-296.24481302890393
1205	-308.2272213144608
1206	-307.4235417122457
1207	-310.56034132916704
1208	-305.99494816331503
1209	-306.17990997291236
1210	-304.09750175534015
1211	-301.49095270061974
1212	-305.06497740461884
1213	-308.97805333813784
1214	-307.07103563987914
1215	-307.9659222200446
1216	-308.35052294507875
1217	-300.3146074686638
1218	-299.34329919849336
1219	-306.0436425549989
1220	-305.36591481800036
1221	-305.46670464715976
1222	-301.8699189799936
1223	-300.36335125055774
1224	-304.03954658859004
1225	-298.98033662919255
1226	-296.5861690174569
1227	-305.8788762174997
1228	-303.640401254726
1229	-303.18449632080114
1230	-303.20277122145455
1231	-303.307723903036
1232	-301.29969704723277
1233	-308.8488564319852
1234	-299.81011558412695
1235	-305.1378177908752
1236	-302.9861520488138
1237	-302.0295441136042
1238	-307.05097065167195
1239	-298.17463081027586
1240	-306.8980558570151
1241	-308.20815801163985
1242	-301.5721804639733
1243	-311.51477312123103
1244	-303.68414390303957
1245	-300.0962574905851
1246	-302.1730412376615
1247	-305.8033014104539
1248	-306.9758978758993
1249	-306.1942001718039
1250	-302.43469120614066
1251	-302.19300839493377
1252	-303.84649091531037
1253	-297.2748773440427
1254	-299.9227870677233
1255	-299.25980478659903
1256	-301.6424975778945
1257	-299.10215028053494
1258	-308.4020292395951
1259	-306.6487566371916
1260	-299.70357657416946
1261	-306.1899108162219
1262	-302.36850110254016
1263	-301.2622001885603
1264	-307.9930518464017
1265	-305.73588040208733
1266	-311.76492954463254
1267	-310.6628388102437
1268	-301.71866875873945
1269	-300.4671151644713
1270	-306.8123915302888
1271	-302.17617259607954
1272	-301.5678134609614
1273	-305.05230478929127
1274	-304.8076285201075
1275	-305.7892497714586
1276	-301.70318120029737
1277	-304.00802833644843
1278	-308.2953042184891
1279	-315.24594700931124
1280	-312.0799652486308
1281	-315.38980957648715
1282	-304.75716918736043
1283	-304.5732704050017
1284	-305.21299736027527
1285	-309.0009670536104
1286	-309.83023878432954
1287	-309.47721670844635
1288	-305.2913043732947
1289	-310.2005332230515
1290	-306.97436850282924
1291	-308.10610470743546
1292	-311.18112055244
1293	-310.5666588998501
1294	-306.17403364778113
1295	-308.2890390607225
1296	-308.0879840844913
1297	-308.1941477075129
1298	-306.6321586533336
1299	-306.8091266048874
1300	-310.4446647302933
1301	-305.78649266312266
1302	-298.6690468856817
1303	-306.8422770165642
1304	-305.5430947388906
1305	-302.80630598127595
1306	-300.7647613465465
1307	-299.7741505581609
1308	-303.2718790287939
1309	-302.1975378965893
1310	-308.8868109609743
1311	-308.1838499492132
1312	-309.47984624583506
1313	-307.8874255589144
1314	-304.88056741247067
1315	-301.5643245502311
1316	-301.638263620978
1317	-306.242859953149
1318	-311.07873693067864
1319	-308.9911564176312
1320	-302.34668853213594
1321	-304.04821126692724
1322	-309.20130135320795
1323	-311.6258309513751
1324	-301.1216139084244
1325	-308.96645192411773
1326	-306.3377441896473
1327	-304.66186495195734
1328	-300.35138798225745
1329	-311.4909887137163
1330	-304.5379456136852
1331	-301.7497329948715
1332	-312.4195851011937
1333	-311.9027514704315
1334	-307.87031271619213
1335	-307.6436974585093
1336	-305.78345215625177
1337	-300.214226401903
1338	-303.73685961013524
1339	-304.44969096178727
1340	-306.0454940197
1341	-311.56773328692316
1342	-301.6624133682621
1343	-308.7106911840485
1344	-308.1115518220957
1345	-313.36722389468747
1346	-307.79998374048154
1347	-305.7644388877498
1348	-305.29850991683884
1349	-305.1649456445873
1350	-308.15544507132074
1351	-309.99488935736207
1352	-305.5897325040187
1353	-307.77154003067477
1354	-302.3876883499423
1355	-306.3705266217892
1356	-310.265231534262
1357	-301.2598396363319
1358	-307.8486764318321
1359	-311.6455981110311
1360	-303.5577917539175
1361	-303.3731790003679
1362	-304.054168697985
1363	-307.3676345463165
1364	-302.4264439444807
1365	-298.84239228054093
1366	-311.8173530338615
1367	-305.51861101134205
1368	-306.87120008783745
1369	-300.3583707226822
1370	-308.42302433953176
1371	-304.45476206651784
1372	-304.3830488532881
1373	-308.3412620219559
1374	-304.32180780600993
1375	-302.44253170342887
1376	-311.4011439172698
1377	-309.47241300251864
1378	-311.57862693148905
1379	-303.16679949003225
1380	-301.6650988669772
1381	-309.7716186453874
1382	-313.15256470821566
1383	-304.555896683159
1384	-305.65303632776596
1385	-305.1417015161004
1386	-301.6178724548504
1387	-303.2152203269823
1388	-300.81396268605
1389	-307.95639662473286
1390	-309.0748807689291
1391	-305.3926098624382
1392	-304.00801772502
1393	-314.4678470219643
1394	-304.83222371616756
1395	-302.9875743747788
1396	-303.9079503955042
1397	-301.89683136996626
1398	-307.96774959937426
1399	-304.20406379465794
1400	-307.10879127177714
1401	-300.8481809352146
1402	-298.7750310685944
1403	-298.99008853258124
1404	-300.0476032997698
1405	-297.3674950472566
1406	-304.5073288677387
1407	-294.6548254803885
1408	-305.267001035102
1409	-300.1538947756125
1410	-305.5911265450358
1411	-303.6582073476215
1412	-303.05647524316925
1413	-298.2565314128425
1414	-304.19051882131555
1415	-303.50245116055873
1416	-304.6682245251368
1417	-304.70701078528833
1418	-303.80231159914183
1419	-303.5289276354633
1420	-301.3004814820682
1421	-303.4453417471857
1422	-302.38883542855405
1423	-302.7991370099629
1424	-307.85993422645413
1425	-304.5838068705738
1426	-306.63809989504443
1427	-303.18927777606115
1428	-301.29682926759557
1429	-306.73459580763705
1430	-303.109303017635
1431	-307.5830166742129
1432	-307.57525701179213
1433	-304.36737554351436
1434	-308.54902534807354
1435	-306.74738178356085
1436	-299.8211750550482
1437	-305.0140226898463
1438	-300.238348681395
1439	-304.21836515498796
1440	-304.5447794542945
1441	-310.4610244689734
1442	-302.85318123328784
1443	-307.8415729366849
1444	-310.0051721014259
1445	-312.63912465819345
1446	-301.2865937010188
1447	-303.1785190233076
1448	-297.0634366938283
1449	-307.53420981953735
1450	-305.3619274798253
1451	-300.72085306901073
1452	-306.8049379001913
1453	-305.7771331725531
1454	-305.2286572433486
1455	-301.6499175109308
1456	-308.0779756388933
1457	-305.4540288486162
1458	-304.84139705867017
1459	-301.05384040164506
1460	-293.0494005847853
1461	-309.54614931975203
1462	-303.76406349127825
1463	-301.520819617799
1464	-303.7233973064681
1465	-305.9389084680679
1466	-306.5175184634865
1467	-302.5036970526574
1468	-305.34466144155573
1469	-305.601110515274
1470	-300.53554267950284
1471	-290.0982
1472	-306.5779224720502
1473	-304.1088291859059
1474	-299.124027577404
1475	-305.34016227367596
1476	-292.8067794838267
1477	-299.8119
1478	-310.1756986840786
1479	-308.19449494934133
1480	-305.1337425519055
1481	-306.5392413051566
1482	-303.6168003298466
1483	-308.0919939335763
1484	-312.4096397489113
1485	-299.832304771761
1486	-300.1113178504063
1487	-303.69321131220744
1488	-297.4099524473165
1489	-304.17525529478775
1490	-299.7133014189677
1491	-300.3528802989496
1492	-301.37077489998586
1493	-304.5204854538324
1494	-309.41552146167356
1495	-302.99515541297995
1496	-304.7677272608561
1497	-309.37064586685204
1498	-299.0468375678642
1499	-299.8677640761255
1500	-297.93812213978083
1501	-304.32556220952756
1502	-299.61363247841075
1503	-302.1918305856486
1504	-301.25274565968886
1505	-308.63882083399614
1506	-309.2922361759056
1507	-305.2241194920801
1508	-304.65291209239723
1509	-304.0647424863552
1510	-305.7803735312492
1511	-303.18470935424574
1512	-307.0556825710378
1513	-308.4278871079579
1514	-300.6681034556098
1515	-297.3798194815664
1516	-301.8724911666071
1517	-304.4840583470423
1518	-306.01555306298496
1519	-302.6511845971016
1520	-300.7194864086102
1521	-310.6121739644637
1522	-307.41283882352815
1523	-304.299164491734
1524	-302.50800834603785
1525	-302.4936960458706
1526	-297.837281635344
1527	-309.9674705080405
1528	-306.8436591044569
1529	-299.481519877996
1530	-311.8414620333104
1531	-299.0324711026726
1532	-303.7509321753596
1533	-301.3036818840848
1534	-298.3421516781013
1535	-303.15134225337147
1536	-300.5835741266328
1537	-301.23337873911777
1538	-301.2737745603484
1539	-301.34629514968503
1540	-297.3412267783922
1541	-302.21968031411853
1542	-309.3328445939799
1543	-297.10936094573566
1544	-300.9210983377
1545	-304.8876115830844
1546	-299.1031610727241
1547	-306.2626208976944
1548	-296.6187506159445
1549	-306.8854182739805
1550	-306.9454375047698
1551	-302.62335753227984
1552	-306.2441816040339
1553	-301.552001861921
1554	-300.6298080080401
1555	-305.72187016884357
1556	-300.6454911120372
1557	-303.4293216278049
1558	-306.84763485653474
1559	-298.6663081137818
1560	-308.76003526130097
1561	-307.2389438372384
1562	-302.4502214775466
1563	-306.154600964932
1564	-294.9712829098802
1565	-302.03377213914035
1566	-306.6386418699814
1567	-310.92457096984805
1568	-301.26652835532263
1569	-305.4926431316328
1570	-305.2330120497161
1571	-304.41141362070664
1572	-299.0206858201179
1573	-302.7617428622724
1574	-302.79546383120487
1575	-306.45028975437236
1576	-305.51121379890185
1577	-304.6825213793387
1578	-305.62456124942366
1579	-298.5179143421641
1580	-308.3154280384784
1581	-304.15663263751145
1582	-307.8382267540871
1583	-299.69890877211316
1584	-304.84711521049405
1585	-303.8655940352342
1586	-302.38810022751676
1587	-311.5648903771774
1588	-309.845693438903
1589	-315.3054371595857
1590	-292.1112012792
1591	-309.18417692998906
1592	-306.55481355391163
1593	-310.25911863809085
1594	-301.7408923565443
1595	-304.23026532783143
1596	-306.473784853688
1597	-299.01203651754906
1598	-306.8287177810359
1599	-303.6035830663883
1600	-307.1682398399428
1601	-302.2847809354424
1602	-307.50658647077836
1603	-303.298200844327
1604	-302.82879751118173
1605	-300.7753186320618
1606	-304.65994149278697
1607	-301.92660650179135
1608	-311.90900331582037
1609	-306.0266658647947
1610	-302.9266930014255
1611	-304.0047239686886
1612	-303.4174498432605
1613	-307.0576646755856
1614	-307.03224676024837
1615	-310.77089081267684
1616	-304.51662127022007
1617	-308.57933475352485
1618	-298.23900992605905
1619	-303.55043923778265
1620	-301.60015890877264
1621	-300.7572294242359
1622	-294.1351251446746
1623	-303.7017348843791
1624	-306.8877249078617
1625	-305.8913385178077
1626	-303.29688449156953
1627	-298.9298953870819
1628	-306.92898245586
1629	-293.61960000000005
1630	-305.6156516931615
1631	-304.08030128134584
1632	-309.8460457115768
1633	-302.5898204772816
1634	-305.6519240229929
1635	-306.94678781641284
1636	-311.63825999743335
1637	-305.08720926426423
1638	-300.31467220101143
1639	-300.9029547732008
1640	-297.29540612596696
1641	-302.754107948294
1642	-304.337857824396
1643	-301.5770953232054
1644	-306.70846102396507
1645	-305.3316331551737
1646	-308.13498746622435
1647	-298.80008206041697
1648	-300.3244894358229
1649	-304.29487745423404
1650	-302.79459967964505
1651	-304.9818013859063
1652	-300.12823722072085
1653	-301.16641161016594
1654	-298.46217661627736
1655	-303.53346135128277
1656	-305.929970375223
1657	-303.40076673619865
1658	-298.1293390276294
1659	-298.59243101024606
1660	-309.07795206130834
1661	-303.9103242364015
1662	-308.84775623137097
1663	-311.17742065449414
1664	-304.86730055581046
1665	-300.35700000000344
1666	-298.97091406518234
1667	-302.5486439317609
1668	-299.850093753545
1669	-303.4903138778946
1670	-304.2605546666439
1671	-311.4274448287406
1672	-306.2113994513537
1673	-310.09459901643174
1674	-304.8670167147757
1675	-300.77154708329476
1676	-303.88290328731114
1677	-305.27837387067945
1678	-305.9164919338468
1679	-313.5437973392011
1680	-305.093764037521
1681	-303.11591222452313
1682	-297.50620057088116
1683	-309.6508838728952
1684	-305.26669103381226
1685	-300.15732296318856
1686	-302.1171446322754
1687	-299.713017931998
1688	-299.884366179732
1689	-302.49913599421035
1690	-301.323
1691	-305.35009608626376
1692	-300.1258872586783
1693	-304.99449048622864
1694	-307.57912115916923
1695	-309.47273089722523
1696	-308.15521470330384
1697	-303.872872467453
1698	-305.3456848481195
1699	-301.2890058423922
1700	-308.0132855446532
1701	-303.2067000000059
1702	-306.8726118398601
1703	-305.7854652397168
1704	-301.80140331537245
1705	-301.8196000000415
1706	-302.29141173183774
1707	-307.39817225816006
1708	-307.6561269463495
1709	-306.59508218959377
1710	-305.2252765186039
1711	-302.3274033031452
1712	-302.2532634558763
1713	-297.70431883534263
1714	-307.0685588935828
1715	-308.8506108912027
1716	-308.92403952827163
1717	-304.8398948270576
1718	-304.0956677769179
1719	-308.52158678125267
1720	-298.1232839377564
1721	-308.7837162043591
1722	-298.30593313140355
1723	-302.96488836876995
1724	-305.44402232419924
1725	-301.45919421717656
1726	-304.2487576800811
1727	-303.1612119488487
1728	-301.52937320388315
1729	-295.2482130446543
1730	-302.1183334298767
1731	-302.3532000005194
1732	-308.0204963337187
1733	-311.0782895663557
1734	-308.84329796526606
1735	-306.73287948167143
1736	-303.3717743302751
1737	-301.3494628618787
1738	-303.7950846049677
1739	-308.09068114419233
1740	-306.9309403966713
1741	-306.88992879097736
1742	-309.6866912919662
1743	-301.9154424769753
1744	-300.9105185127689
1745	-303.591549543155
1746	-299.9664176809294
1747	-296.9864959733897
1748	-303.2650236137866
1749	-297.9767000000025
1750	-309.4074720124043
1751	-305.62377139750544
1752	-300.3571267672662
1753	-295.8088511795672
1754	-307.78166738618347
1755	-301.3001103771451
1756	-301.07230774137827
1757	-299.90529186281776
1758	-307.40375241458923
1759	-300.534582754482
1760	-302.21474492080483
1761	-301.178506036545
1762	-306.9472091144325
1763	-303.93499546989676
1764	-297.5335036435437
1765	-303.13809459345083
1766	-299.90244990332127
1767	-304.1352190780751
1768	-299.135986328974
1769	-300.57828076998976
1770	-297.0833354169966
1771	-300.3172233813687
1772	-303.4878066275874
1773	-304.47929431071975
1774	-299.52533003491794
1775	-305.66065170790944
1776	-309.06797482022756
1777	-294.2505984813062
1778	-300.29942231814385
1779	-297.36340106199196
1780	-299.2390105047179
1781	-306.7100312451533
1782	-301.1736964115683
1783	-302.11451267310775
1784	-299.2594154985007
1785	-310.43147747552234
1786	-308.23000186066537
1787	-311.6842532735889
1788	-306.13428527399003
1789	-306.5160263416702
1790	-306.23525167700114
1791	-306.9586655277921
1792	-305.61452685100755
1793	-299.8142514200513
1794	-303.64891293552745
1795	-304.22219603357894
1796	-301.62771782681693
1797	-310.06250121596673
1798	-306.13378249654056
1799	-302.31535379841876
1800	-304.97475984042285
1801	-298.4461000000968
1802	-303.6579583592644
1803	-308.1867865382899
1804	-305.33267527512777
1805	-301.96775419179033
1806	-305.3378347376401
1807	-305.44198107625374
1808	-307.8055805085124
1809	-304.7081037251945
1810	-296.6599487376825
1811	-311.40980771907545
1812	-309.2245611925501
1813	-307.04863790406046
1814	-308.67070964496304
1815	-299.8975497739919
1816	-309.7264679013664
1817	-303.42362770753414
1818	-308.48778281521027
1819	-306.1063186432221
1820	-306.4515093916442
1821	-306.28854243668655
1822	-306.8366234108781
1823	-298.2384216826612
1824	-305.67078085650166
1825	-300.9777496229068
1826	-309.9617987944102
1827	-307.0324177454261
1828	-300.5183324750276
1829	-302.30298425953873
1830	-303.03530846367715
1831	-301.8148106765703
1832	-301.28210832386594
1833	-305.7524945643565
1834	-303.7628496051348
1835	-309.5547006324236
1836	-299.3484554186778
1837	-298.6895723020235
1838	-295.91386671298005
1839	-308.7335946016087
1840	-302.5822069423306
1841	-304.55018881354505
1842	-304.3241383323411
1843	-307.4138656513741
1844	-303.05870974870953
1845	-299.84532527462665
1846	-306.0035771836478
1847	-297.12634474666885
1848	-298.42355934352213
1849	-310.2881601954248
1850	-298.10877045443056
1851	-301.6618938498633
1852	-301.92894647723193
1853	-307.00217437752724
1854	-303.89207091597535
1855	-297.79420302017024
1856	-305.38824306000964
1857	-301.1912490039717
1858	-307.79878503586855
1859	-299.504257626901
1860	-306.6531971800903
1861	-303.266433415947
1862	-296.2439769540854
1863	-301.76907180614313
1864	-303.20163418311483
1865	-308.55005698011485
1866	-303.15739324077117
1867	-304.2249818763421
1868	-300.8962658456743
1869	-299.9032418063833
1870	-300.445457814984
1871	-303.08938756982496
1872	-303.32954950094245
1873	-305.205952146154
1874	-307.5635617277255
1875	-299.8234532499186
1876	-302.2552487570474
1877	-297.0269980868253
1878	-302.7374564405305
1879	-304.6074479351691
1880	-303.7500581329663
1881	-304.2522990978634
1882	-306.27965436722883
1883	-314.33591868129344
1884	-309.45443727961236
1885	-306.149735106181
1886	-304.4302556012056
1887	-303.4911358980514
1888	-295.7264191233018
1889	-305.6520115956814
1890	-301.90283587124327
1891	-309.85368219509957
1892	-306.72128682735917
1893	-308.32508775598
1894	-306.21009625242317
1895	-295.12093889529046
1896	-302.77098175657005
1897	-302.0317491668604
1898	-307.78957874617436
1899	-301.65499169784846
1900	-303.5027870863335
1901	-302.8434964975443
1902	-307.98203941268963
1903	-294.883010342904
1904	-308.576527791149
1905	-306.880571828884
1906	-289.51475620833173
1907	-299.3512639944108
1908	-302.8281745576202
1909	-302.9993803846468
1910	-306.50400895741035
1911	-306.8403425369452
1912	-306.362047425524
1913	-304.79051436121676
1914	-305.6649219761403
1915	-304.5037952182402
1916	-310.1328254191033
1917	-305.57851073177886
1918	-303.8433568821319
1919	-302.3695257626998
1920	-305.79876937684793
1921	-313.1303977557916
1922	-304.74060000206924
1923	-307.32153890803284
1924	-309.9853994491456
1925	-310.35733560891657
1926	-309.5890336854569
1927	-306.02303829341304
1928	-306.8005236740182
1929	-304.30479925711967
1930	-308.7097428957438
1931	-302.95925460293716
1932	-302.33173513784755
1933	-300.0382619689368
1934	-311.43279352089945
1935	-304.4448150808491
1936	-302.31375797539505
1937	-302.6759558746429
1938	-310.8896112498176
1939	-301.84256966696506
1940	-300.8905943063692
1941	-308.7467417839209
1942	-311.18180453388067
1943	-299.3230446216493
1944	-305.0657160432343
1945	-309.8568124196354
1946	-302.2398131177292
1947	-298.372194961703
1948	-308.5589481880227
1949	-307.75390907764285
1950	-305.58260595584045
1951	-303.25582962440586
1952	-301.5188094319727
1953	-299.34865661662644
1954	-307.2572076738042
1955	-298.02945738439143
1956	-302.3446317420994
1957	-299.6712865733145
1958	-306.991620554162
1959	-298.2901997329774
1960	-302.7846235073146
1961	-298.7803
1962	-305.1622316552195
1963	-300.1655764691818
1964	-306.3916613882488
1965	-309.0120744562793
1966	-305.15366466073544
1967	-306.11353859945694
1968	-305.1085848128689
1969	-304.70614889288936
1970	-308.6359585852909
1971	-300.6641106756013
1972	-305.5134193977779
1973	-292.19204324961754
1974	-295.1008357263661
1975	-303.7172761887587
1976	-293.8576102768201
1977	-296.04807121964615
1978	-297.86433735295486
1979	-300.7546000000035
1980	-308.90745183384985
1981	-309.2498388634612
1982	-304.55308398253567
1983	-308.91291296635876
1984	-302.87225133945617
1985	-307.14276959414553
1986	-306.16418282771275
1987	-302.6469837275123
1988	-300.1199056455278
1989	-312.9514222930609
1990	-307.7159356493819
1991	-306.46581559461407
1992	-301.80500000000234
1993	-304.2746419358533
1994	-300.5323814305561
1995	-304.2665646881499
1996	-304.75546859165314
1997	-296.8480352469688
1998	-304.2013514889367
1999	-304.3171456737478
2000	-300.870130857849
2001	-296.39667455315686
2002	-298.4876
2003	-298.57430019720505
2004	-299.44530983595024
2005	-303.60423195213576
2006	-305.8799474455754
2007	-295.6081286887987
2008	-310.8652140204603
2009	-301.0793597853247
2010	-308.92301535555293
2011	-299.0522023742587
2012	-304.60836422805517
2013	-304.69000999583966
2014	-304.1251484733453
2015	-297.52181733518904
2016	-299.4444046972053
2017	-298.5640000000001
2018	-305.4070872834158
2019	-307.1987259949312
2020	-306.2983253705667
2021	-304.94992048407335
2022	-305.6962269263419
2023	-296.05511130929773
2024	-300.4553472121309
2025	-303.7262008240492
2026	-299.66772168647566
2027	-308.69866915172565
2028	-305.751782746915
2029	-310.45660827917345
2030	-300.04293219235876
2031	-304.63966280071344
2032	-302.67034231297026
2033	-303.6092051026208
2034	-302.92565442439655
2035	-304.2262138355321
2036	-305.0345090141592
2037	-303.10386739927264
2038	-299.70043314270237
2039	-301.2114287714402
2040	-305.6811460246914
2041	-297.1897898614278
2042	-300.5403273945156
2043	-302.12186571858155
2044	-300.92987966381105
2045	-305.49154116554377
2046	-303.96533424175647
2047	-300.27765313989215
2048	-306.5878385754065
2049	-300.631158830286
2050	-302.6530332572246
2051	-307.65622913537453
2052	-304.12076017891496
2053	-301.2081
2054	-303.12158989503655
2055	-306.24158830204493
2056	-303.6625531006554
2057	-304.8393350926544
2058	-301.1323743585847
2059	-299.1805297550681
2060	-299.2180928859671
2061	-301.393043518861
2062	-303.2579293287875
2063	-306.5784033896359
2064	-302.1844133787466
2065	-306.12949908264204
2066	-304.29376423722624
2067	-298.8577356792689
2068	-305.5956077164401
2069	-304.9409426895244
2070	-297.56280350890944
2071	-311.35683652485807
2072	-301.02715080356245
2073	-304.5341358763756
2074	-301.6476931725436
2075	-302.6517084085237
2076	-299.2378048229087
2077	-301.2811229343822
2078	-305.2322
2079	-307.45491256971394
2080	-298.43466139397975
2081	-293.40914185309845
2082	-296.2970768682072
2083	-300.005812397809
2084	-303.6643084149869
2085	-302.9489560709176
2086	-304.5041424420037
2087	-301.9902001300246
2088	-298.93406831568245
2089	-298.178644262788
2090	-305.6033500225941
2091	-303.9242675161566
2092	-304.34212411985675
2093	-302.4019074443989
2094	-307.8604968989935
2095	-302.482813355658
2096	-304.3755274085343
2097	-306.3204998746329
2098	-302.512875107312
2099	-303.22493359915217
2100	-304.5150741406917
2101	-299.9250433889534
2102	-306.0197690890457
2103	-304.1882668185881
2104	-306.59603122187303
2105	-299.00454500984125
2106	-301.59067138595094
2107	-303.359747236839
2108	-304.9821256013221
2109	-305.6683109564261
2110	-308.1123849065374
2111	-300.04367238869037
2112	-308.40026163214213
2113	-303.3058890816155
2114	-304.59798532418336
2115	-303.50222146237866
2116	-303.491937239791
2117	-307.17062081759656
2118	-301.0367379043908
2119	-306.21701432108284
2120	-311.7404085722096
2121	-303.232979474335
2122	-301.3336116556406
2123	-302.10173978483374
2124	-302.7497889560063
2125	-301.79470120107317
2126	-302.8121000583924
2127	-300.48610004011226
2128	-306.90063623401727
2129	-306.0617819129991
2130	-303.8621293314187
2131	-308.6746100624329
2132	-303.37266343304316
2133	-301.195099977949
2134	-308.58046013222355
2135	-288.92489151661346
2136	-307.69358013661747
2137	-302.394495798549
2138	-309.613396382152
2139	-300.68852338130426
2140	-299.5276037584407
2141	-303.41326145078904
2142	-303.10959986221746
2143	-303.2506732201472
2144	-307.7677937188378
2145	-304.43532970745434
2146	-299.25096935939365
2147	-303.6308762151912
2148	-301.69394893823716
2149	-297.9988414517117
2150	-303.2699308242479
2151	-298.8889037229317
2152	-298.4093214306166
2153	-296.20699013196077
2154	-305.2391473656771
2155	-305.3528910152192
2156	-306.2184381488817
2157	-298.7126678232061
2158	-301.7633260763633
2159	-304.0662277881726
2160	-308.2520000084375
2161	-299.8066951364361
2162	-308.2105074394896
2163	-301.275030828975
2164	-305.3604141737829
2165	-300.8025990248718
2166	-306.7360109567588
2167	-306.88630008482727
2168	-303.94166571880453
2169	-292.68981208955347
2170	-309.28081685838174
2171	-306.46891665271175
2172	-303.3260411912914
2173	-296.89948342578174
2174	-298.76752347124943
2175	-302.7155413008521
2176	-305.1476305620234
2177	-302.90991321618543
2178	-303.74393947865013
2179	-307.8935836081334
2180	-300.38572950771464
2181	-307.2321460691413
2182	-305.01020940563717
2183	-302.6513301478351
2184	-305.7466790697869
2185	-299.92982507851775
2186	-303.07904741119836
2187	-304.7511872171046
2188	-305.112346428182
2189	-300.8740416985549
2190	-301.1741745608059
2191	-303.3729168199861
2192	-299.18218209937334
2193	-308.1799333305965
2194	-302.2660747325969
2195	-306.0503894268268
2196	-301.2109726796828
2197	-306.36401333146887
2198	-303.66267949218985
2199	-302.20150033134075
2200	-305.60308281882004
2201	-303.6119521994342
2202	-299.48020314290784
2203	-296.64722204233834
2204	-306.2670935029733
2205	-303.414899626974
2206	-300.85151602992664
2207	-302.78828588368924
2208	-301.75405608565126
2209	-305.6503897510622
2210	-305.00519396707364
2211	-307.0752196657359
2212	-302.6766848263624
2213	-303.74236128122084
2214	-302.1326079225327
2215	-300.30934948519644
2216	-300.03961012269536
2217	-295.5721597480173
2218	-303.5020782123219
2219	-301.9297417576827
2220	-300.90566504958093
2221	-304.3652294941747
2222	-298.08424690089277
2223	-304.8915696400505
2224	-307.759139294662
2225	-302.75017099497427
2226	-306.1146645141747
2227	-307.16755317826323
2228	-301.1586332634332
2229	-305.4828843484232
2230	-305.5407984000809
2231	-307.53196271891596
2232	-302.2988197127781
2233	-301.7507247731386
2234	-300.840753533807
2235	-296.8981345122084
2236	-304.0271035227436
2237	-300.47965422889456
2238	-307.5579407179815
2239	-304.8464412190119
2240	-307.0874807019082
2241	-309.2501143236996
2242	-299.6953690758766
2243	-306.9387431515389
2244	-298.4960423510655
2245	-300.416097200929
2246	-303.8307179091487
2247	-304.45346118437493
2248	-299.8141338117523
2249	-301.9154356232802
2250	-307.7076202465144
2251	-307.90529042235823
2252	-300.6040137788685
2253	-297.0592624944901
2254	-305.29706165709655
2255	-298.2092676757235
2256	-311.8521714591818
2257	-307.8721968319579
2258	-300.1442691567151
2259	-310.44529228946277
2260	-304.2382582645662
2261	-306.2095550798923
2262	-302.4819032795112
2263	-303.2947010851647
2264	-311.3268885859746
2265	-303.20365459512254
2266	-309.31513551840936
2267	-303.5593838991538
2268	-295.14709437417514
2269	-299.3422477421537
2270	-302.5864896678235
2271	-307.7500797772346
2272	-305.3987170743299
2273	-302.78898004916203
2274	-306.03787947268967
2275	-301.45355430684486
2276	-310.5529533400741
2277	-300.5062843281858
2278	-306.1435383910531
2279	-300.0887944609585
2280	-304.5460110039119
2281	-306.1535935898325
2282	-304.07277836229935
2283	-302.47432258272494
2284	-301.1363059398142
2285	-308.6523961838263
2286	-299.3680077541218
2287	-302.61644841102236
2288	-299.7361490670548
2289	-301.54568671813735
2290	-305.09743103129216
2291	-304.6325752328958
2292	-298.8980741124114
2293	-299.33886922279925
2294	-305.29639359015107
2295	-304.547248543081
2296	-303.34127824469414
2297	-300.7582
2298	-303.2455763018419
2299	-297.6040631468579
2300	-302.89497386967304
2301	-302.91698861649877
2302	-308.7125097376132
2303	-304.03727689335227
2304	-304.0564109420718
2305	-304.1958798402351
2306	-301.29337820061676
2307	-302.01643092532595
2308	-304.5017985760825
2309	-309.276484447966
2310	-302.150712877428
2311	-310.2316772312191
2312	-303.95506644037255
2313	-303.93135922878366
2314	-295.214607395351
2315	-298.1938497441321
2316	-303.20499278646804
2317	-300.5380105854834
2318	-301.783632034706
2319	-296.00659681880165
2320	-306.03150248251114
2321	-304.65113289101083
2322	-302.41740461238516
2323	-297.8485765280865
2324	-304.88537710472445
2325	-298.94092053580374
2326	-302.2525394586005
2327	-306.8937077364254
2328	-303.41464734266003
2329	-292.33385304906716
2330	-301.0018936630076
2331	-302.89469017883505
2332	-300.0139000616564
2333	-298.6671450208862
2334	-302.6392597081152
2335	-302.5443908056273
2336	-307.1138584677828
2337	-302.2258562227694
2338	-301.66191641301623
2339	-299.6453917033988
2340	-302.19913469382135
2341	-300.4208634935392
2342	-299.7513934349544
2343	-304.98772302115844
2344	-305.74361640709515
2345	-304.78856507402037
2346	-300.64546625291626
2347	-306.5609630208077
2348	-303.4553943631854
2349	-308.5229167055888
2350	-308.70468970514594
2351	-306.49332095721365
2352	-302.3906216226044
2353	-304.37764402917793
2354	-304.776802004306
2355	-299.2187238116229
2356	-311.8672539022592
2357	-301.5552177990932
2358	-306.86960607850693
2359	-308.2763970072385
2360	-308.0440637805108
2361	-300.19163196746194
2362	-307.7955955393664
2363	-304.81699533196013
2364	-302.4338276915536
2365	-305.2500942752129
2366	-304.85586709800003
2367	-302.52742095779485
2368	-302.04804682325477
2369	-306.26444386098166
2370	-306.99131252049483
2371	-299.0561215269952
2372	-302.17045499256625
2373	-299.14047666244363
2374	-306.6003790268741
2375	-298.04899634416836
2376	-306.26180552277316
2377	-305.97906405698967
2378	-305.39385123467923
2379	-299.15199408291755
2380	-295.5267
2381	-302.16846173477535
2382	-304.3864022021335
2383	-300.9401824678483
2384	-311.07090784417926
2385	-299.5033400400655
2386	-305.72689717073297
2387	-302.8603000000032
2388	-303.17906526508045
2389	-304.4462937165182
2390	-310.6116773235917
2391	-306.0292460401787
2392	-298.97803361908365
2393	-308.11226787916996
2394	-306.8420636031517
2395	-302.5289858316419
2396	-302.5319929838048
2397	-296.7336574544204
2398	-308.2888666595077
2399	-300.9030660590851
2400	-302.6737338144315
2401	-302.2089105813994
2402	-302.27132504585524
2403	-309.54659922007295
2404	-298.0788642650995
2405	-297.4957406859346
2406	-307.0292607250495
2407	-299.7693308981827
2408	-304.66611168740354
2409	-303.86365482428675
2410	-302.960379886259
2411	-302.689228359321
2412	-296.9984667965307
2413	-302.4950776779876
2414	-300.69174393293275
2415	-304.62642303159083
2416	-300.95760503508285
2417	-298.28973119213885
2418	-298.50434089845027
2419	-303.15604074210717
2420	-298.3287395123044
2421	-305.5513180091411
2422	-301.0057611654627
2423	-302.6249077814654
2424	-299.94517612761086
2425	-302.20337711429084
2426	-302.45156547991377
2427	-310.2552333484349
2428	-305.3471535526531
2429	-299.97224949128014
2430	-302.0791879933307
2431	-304.8769482186898
2432	-297.9203782752465
2433	-299.7818120177545
2434	-308.4394331108711
2435	-307.81599790427254
2436	-300.9997217806801
2437	-304.2801284518914
2438	-302.35007719798216
2439	-306.1128131993789
2440	-301.5297480803096
2441	-305.92614476557503
2442	-302.4815876656234
2443	-298.54772990030665
2444	-301.55507984663706
2445	-300.1149
2446	-297.19534016529786
2447	-303.29881356916485
2448	-304.86600778191524
2449	-299.70282549627126
2450	-305.7198701767568
2451	-301.9482235063766
2452	-299.65360616184404
2453	-299.98999425619616
2454	-297.2059
2455	-308.3997896796438
2456	-307.69193638711357
2457	-304.0001532096122
2458	-304.9294285555345
2459	-301.7717316880717
2460	-303.68017090820973
2461	-294.8142594743934
2462	-306.04986863209666
2463	-292.2844040494087
2464	-304.55004538694266
2465	-304.0140130846743
2466	-303.54322290151
2467	-298.1509985052269
2468	-296.3442973674038
2469	-305.4562897967323
2470	-304.338352170128
2471	-305.4687890022912
2472	-295.20722904506283
2473	-306.7576843768084
2474	-306.0840092978182
2475	-300.1140697321558
2476	-302.18243447484497
2477	-300.80642763249364
2478	-307.01134567553
2479	-302.46406365837834
2480	-305.8864154170332
2481	-301.9609700381483
2482	-301.6470054464923
2483	-308.97685998042107
2484	-311.0267612781671
2485	-307.5651140255957
2486	-305.72809808323683
2487	-310.3743399527721
2488	-303.2315417923168
2489	-306.66590987368755
2490	-304.58180344306766
2491	-307.91350783777614
2492	-303.0346268851843
2493	-310.5420630522934
2494	-307.71493573307765
2495	-309.0383429388856
2496	-302.95399300728366
2497	-300.4100604574136
2498	-303.8606686626516
2499	-310.4475464006092
2500	-307.67628318508594
