1	-301.30219723830885
2	-304.2285180362605
3	-298.55911957853016
4	-300.4164802917309
5	-302.451266462361
6	-300.3886714315443
7	-311.36798485695454
8	-301.87355071996757
9	-297.1212865202443
10	-306.06470277404094
11	-300.6205185785902
12	-309.30090669830435
13	-301.65702934960143
14	-298.51690450996756
15	-297.2373154877069
16	-305.8451729252314
17	-307.66618691354
18	-299.8417765901666
19	-305.5771577657959
20	-304.4724971845878
21	-303.8086528067922
22	-302.6217790490949
23	-305.3177055567634
24	-303.657099511702
25	-303.14526915981446
26	-300.709066204779
27	-307.297019919067
28	-306.1316873372254
29	-301.8118353398896
30	-300.82445274647745
31	-302.5986593638348
32	-294.19336020666833
33	-301.40007778619986
34	-304.433897164735
35	-298.5519529564448
36	-304.5878395251855
37	-306.0393756358652
38	-300.99136419057055
39	-301.0393658900169
40	-302.7973147530579
41	-303.10139360219404
42	-300.99070337748753
43	-308.14275495793623
44	-304.5032614199318
45	-298.8806982366965
46	-302.42839350701263
47	-302.396025199215
48	-301.6085997263805
49	-304.2875921062758
50	-302.5123169074861
51	-303.3089448245379
52	-308.0713971826986
53	-303.2711323570681
54	-302.70905175398957
55	-309.32883508098246
56	-298.36290000047927
57	-301.33040583026525
58	-302.62942677901293
59	-307.67966597282856
60	-302.65160001618426
61	-301.8605045504183
62	-307.4819912199768
63	-309.89571575621284
64	-308.71510590816354
65	-301.36256866685767
66	-302.41017675055525
67	-306.63014632354503
68	-303.3081607286917
69	-300.4758209413563
70	-301.36510000000334
71	-304.5843966972741
72	-300.1919000043571
73	-305.5228770457974
74	-312.35850986477544
75	-307.82700137553
76	-295.92290394069784
77	-303.6713843824154
78	-300.814101089542
79	-305.5927001181068
80	-299.4364083846904
81	-302.87169276547024
82	-308.7960331053227
83	-301.248606849544
84	-306.8802288493141
85	-301.1708090247479
86	-301.4445095820103
87	-304.95930020225245
88	-302.8090496157385
89	-308.23723939078434
90	-303.4532000484948
91	-306.1685068732158
92	-309.3315285210613
93	-293.1096389043132
94	-306.67599923167603
95	-304.8883146962852
96	-303.25695010523606
97	-297.3943235364279
98	-299.5726824899403
99	-310.1204986289857
100	-305.2676826232207
101	-302.565431840447
102	-303.2013783779187
103	-305.01930006129936
104	-310.75211748410874
105	-307.0898035022383
106	-306.456829555743
107	-309.5203331579287
108	-297.1610831527432
109	-300.70402416385485
110	-307.6313791815119
111	-303.1981311552083
112	-306.0482696405886
113	-305.20687804111026
114	-302.00393164154076
115	-294.7183000884491
116	-303.28523240331356
117	-300.8436439329578
118	-309.8854808326972
119	-307.1528722123162
120	-306.809175928302
121	-308.35131026879264
122	-302.77900000009606
123	-296.7953620235577
124	-304.0742394296527
125	-307.5841736629447
126	-304.3000296900243
127	-306.232941574846
128	-299.38640310106234
129	-310.6146738756864
130	-310.5347772073146
131	-302.1623663897147
132	-312.2621947027159
133	-302.6501716223775
134	-302.1664080127272
135	-300.3189898281672
136	-298.87833451761287
137	-304.40461763656305
138	-301.87083072973394
139	-302.3679414895464
140	-304.8820643825044
141	-301.9060698321087
142	-305.0139372196456
143	-303.8516794358016
144	-308.18829611817097
145	-303.86238333349854
146	-297.42725016930854
147	-305.1637224124487
148	-309.97193574534936
149	-306.77
150	-304.5374729368717
151	-297.0107
152	-301.12079180147447
153	-304.28022465564067
154	-304.77096210386674
155	-305.47099033642826
156	-302.15849358312715
157	-305.77476314176386
158	-306.59279623702975
159	-306.77035446737887
160	-305.79695500316626
161	-303.8858920695747
162	-301.08555924218643
163	-303.0010072246234
164	-305.8416835251931
165	-304.64768769642103
166	-307.14286367336695
167	-305.12647623731715
168	-305.97304556161464
169	-303.33200549166503
170	-303.98042778755047
171	-309.0174413147201
172	-304.45922563729795
173	-302.5359131497559
174	-299.9749108503698
175	-302.49531676211393
176	-301.01224618252996
177	-306.6166079151875
178	-303.13022716647396
179	-305.7896506693684
180	-305.98074769919475
181	-303.2872286788021
182	-309.9380607200383
183	-305.191393078052
184	-305.2826913736411
185	-311.4309252366837
186	-307.31877017653807
187	-302.5508271268386
188	-303.110963318307
189	-304.63595811053506
190	-303.19171126082057
191	-303.6257680959315
192	-307.8140369928388
193	-297.7235386584763
194	-298.97163450426126
195	-295.6937681091272
196	-298.0537769741752
197	-306.3937931379946
198	-308.34798804918563
199	-306.5070214233162
200	-303.59491986707485
201	-302.19221389510363
202	-303.39547549230593
203	-301.883741112447
204	-305.12277976033556
205	-303.36184129296333
206	-302.84674169897403
207	-303.1502252761562
208	-300.8594745246583
209	-305.825706158094
210	-300.94560245250926
211	-303.79250959902384
212	-304.31547130217734
213	-305.93234075883106
214	-306.81572772592824
215	-307.1557126246118
216	-304.3434838825232
217	-304.4869124867543
218	-305.5460347106564
219	-307.1916016053353
220	-303.03855511573084
221	-307.7145327644175
222	-307.713619493544
223	-306.9710562957247
224	-302.5123639027662
225	-305.0566123407926
226	-300.29398439883914
227	-302.9070318774117
228	-304.6693185783193
229	-306.8709454118919
230	-306.8008331566913
231	-304.87563651460033
232	-309.15237659635363
233	-302.64857225061104
234	-304.28970510179397
235	-306.436477561676
236	-303.3453212470798
237	-304.51477681275685
238	-303.95720000000006
239	-305.26225092475875
240	-302.15821631501626
241	-307.8368603533116
242	-307.0937857084651
243	-306.53599862249376
244	-302.1202354715191
245	-304.6260754077126
246	-304.1901903617848
247	-300.62573812154784
248	-304.41236128950067
249	-304.72280931412035
250	-305.128544796114
251	-307.3654868511914
252	-304.52396172197956
253	-303.7353728961194
254	-308.10664637375106
255	-310.27784849517354
256	-302.87739548904386
257	-297.88313360255336
258	-300.5777750233167
259	-302.8739138489302
260	-303.2825150267054
261	-303.9539456058808
262	-299.6131779943591
263	-305.20934954086295
264	-307.87488347871255
265	-307.19823521139256
266	-301.81414356269374
267	-302.2011082972502
268	-303.4672510668176
269	-301.0553321392125
270	-305.8470570402235
271	-305.11560926277383
272	-301.2057396524461
273	-306.250376246155
274	-301.89088485626786
275	-304.78029296025926
276	-303.67583016752343
277	-308.70810662475577
278	-308.6622140176153
279	-305.0887489712624
280	-303.4999050593233
281	-304.51901316837717
282	-304.61587548897677
283	-306.68492842404623
284	-299.38796868859384
285	-304.05174585386845
286	-308.088754978073
287	-306.288532602509
288	-303.057814491991
289	-301.51157860078894
290	-304.1304437756899
291	-303.62206756574085
292	-305.1320002165819
293	-304.9526367211224
294	-295.9483182998052
295	-305.6226105114718
296	-300.6256458676153
297	-303.6838959813286
298	-303.991700265638
299	-299.90690093934916
300	-298.89641075168885
301	-301.99276510938967
302	-302.2068982343421
303	-301.3949677379932
304	-309.9263819468774
305	-298.7504674688463
306	-297.9810273096617
307	-308.2102191827892
308	-307.8377569762509
309	-310.6214738175337
310	-305.340279606605
311	-297.28657257350454
312	-310.1588019465954
313	-298.79888112354496
314	-304.9580355683133
315	-308.0257536675781
316	-303.329717743227
317	-301.23554078368807
318	-304.85826588458065
319	-304.59745873269
320	-304.87784069557324
321	-295.9845959233866
322	-297.46607015267034
323	-306.19867634230405
324	-303.34611575424975
325	-302.9570371672232
326	-301.9529279185964
327	-295.3989429934791
328	-305.4986417558931
329	-294.3898907492042
330	-302.68429021540817
331	-306.50146824858234
332	-302.58624932415444
333	-301.0967549101748
334	-304.8221883041073
335	-308.82897650924804
336	-308.3341661773606
337	-302.6062030021116
338	-302.4323565804863
339	-310.795869453163
340	-303.98232079528213
341	-310.9621468913941
342	-303.46624036911464
343	-300.8358879963519
344	-305.6661815911028
345	-302.6399244565956
346	-307.54900780817854
347	-305.9793122400037
348	-300.61572489585507
349	-302.1161479399591
350	-300.3806169718079
351	-304.4569839974589
352	-300.55911092429807
353	-303.3929996780323
354	-305.8315247947162
355	-309.1051872234532
356	-306.3344659066743
357	-310.90122414497534
358	-301.94567665126624
359	-304.51413582365086
360	-307.419470678221
361	-306.0768091974612
362	-302.1684370429974
363	-308.8926170835066
364	-308.99909238006563
365	-308.98272681016846
366	-298.42211550250806
367	-305.2881042556607
368	-305.89380138721083
369	-303.3779536501289
370	-308.8917615914296
371	-308.6170629994108
372	-308.119139139659
373	-307.11564764022086
374	-306.2949353430021
375	-304.13688263230193
376	-306.8883339001663
377	-299.61336092223274
378	-308.7052071382468
379	-301.6707109968047
380	-308.50278249021
381	-305.80945366731567
382	-304.44273438682376
383	-305.47625857283856
384	-311.2499931500154
385	-300.22041473866574
386	-305.1715682491515
387	-300.6217789861836
388	-306.5428328643139
389	-306.8449379447147
390	-309.6531270204947
391	-312.53101455609806
392	-304.69659271320575
393	-302.2005887028892
394	-307.37088440663985
395	-308.2706061135513
396	-309.8459779558952
397	-309.7816947475662
398	-302.4008724605519
399	-314.588615729347
400	-310.39017579142796
401	-304.88784737466096
402	-312.33649723198937
403	-305.50939818320074
404	-310.95508482369
405	-306.1735944644322
406	-306.8999768662132
407	-314.15400694741527
408	-304.79298851873517
409	-305.9884010128099
410	-312.4734446761842
411	-309.32399353700305
412	-299.65533014610725
413	-305.3115798445329
414	-306.38371328089374
415	-305.14010123668
416	-306.48781049456596
417	-306.37948244673714
418	-309.4222907376339
419	-313.44761101467583
420	-303.09867071971723
421	-304.53874064071243
422	-295.70771339967195
423	-302.51412701679425
424	-310.89872760761307
425	-306.4909380306242
426	-302.5573
427	-294.91100001518254
428	-303.41620031697215
429	-303.3986462727919
430	-304.0826244602642
431	-303.60601997719033
432	-300.80233515843344
433	-297.0827
434	-302.5588630510679
435	-305.2391870494798
436	-304.6930723486474
437	-303.269474405846
438	-298.22132196418215
439	-296.7974776191335
440	-295.819429456583
441	-303.4971550342399
442	-299.8395257069642
443	-304.3137344615236
444	-305.7506720901163
445	-309.6639191342743
446	-300.78752574661553
447	-306.4068914361559
448	-302.3950000000001
449	-303.4683950057542
450	-303.5044097836064
451	-303.44599570734465
452	-297.84336769875745
453	-301.94942364510285
454	-304.92821162728086
455	-303.19161035621676
456	-307.38685898113914
457	-302.6540308048449
458	-306.9056904919749
459	-304.23353157965124
460	-304.7080502573196
461	-306.47028598799227
462	-304.7530013782271
463	-306.4790205121037
464	-301.3298327328484
465	-306.6320998434527
466	-302.1356319450393
467	-302.1988180519875
468	-299.5099369567833
469	-307.9437785215603
470	-299.4431898438087
471	-303.45990355434185
472	-302.71588397716755
473	-308.14232589993543
474	-309.48567903929825
475	-309.045686078618
476	-307.5164202801111
477	-305.670676491426
478	-307.55547311342326
479	-311.45908005618935
480	-309.62056269117306
481	-308.04710062634143
482	-302.3677245037985
483	-303.22224311917427
484	-308.55875177077274
485	-311.26176308015516
486	-303.27498043789745
487	-307.0458387349488
488	-308.7951712680949
489	-306.08218354624296
490	-304.29699283381296
491	-304.2195000000935
492	-305.03307469673206
493	-301.5164084056099
494	-297.34265359438587
495	-301.20152158432734
496	-309.73415678301046
497	-310.9936613935832
498	-306.49435903938047
499	-310.7889390251156
500	-300.1162281049444
501	-302.768150426094
502	-303.25710060471994
503	-293.26820235319934
504	-300.841675360435
505	-303.45733143743297
506	-304.43389085941897
507	-304.3190069525941
508	-300.2813373942995
509	-306.16964820169966
510	-302.95574021603
511	-300.6104608013457
512	-301.52990211346673
513	-305.92111944358305
514	-301.57741982656796
515	-304.3030709270912
516	-305.4728778854686
517	-302.909739830103
518	-305.079951021453
519	-304.3016000008317
520	-299.92096640501006
521	-303.58545513980374
522	-299.68163378506233
523	-299.90294796881955
524	-302.1196146412897
525	-303.99380001622427
526	-304.4295335706739
527	-299.03488345622856
528	-302.5768103262693
529	-303.02850686045315
530	-305.9850964888425
531	-300.61435222938337
532	-304.85185456975586
533	-300.71906751314134
534	-300.88558699945213
535	-302.4817580942847
536	-292.62490000663655
537	-310.7464868079535
538	-301.4379630501783
539	-305.4882792915073
540	-306.4336280552751
541	-304.1911681815025
542	-306.01025494568205
543	-301.63532680337823
544	-302.2201044229257
545	-310.5116822572843
546	-308.2563385483045
547	-302.73552581480345
548	-302.20626903805044
549	-306.9294077706522
550	-305.6315605315384
551	-303.2506919380495
552	-308.83353234803405
553	-306.6300314597077
554	-306.0720784388492
555	-307.65437005421165
556	-297.3066707288584
557	-304.47381820361755
558	-299.9585574872827
559	-306.08128642636734
560	-304.1177238791655
561	-298.3346739257679
562	-304.3830309823673
563	-306.41311020326725
564	-304.83866591301745
565	-306.2509245445633
566	-305.93700303901846
567	-305.1913709127258
568	-304.94903813060233
569	-301.9867131664344
570	-304.71913846627444
571	-301.3025772255231
572	-306.6003249853149
573	-306.8135861344459
574	-303.4915286956842
575	-300.1437493609195
576	-302.78129336152205
577	-302.4268194465356
578	-303.9676845687494
579	-299.30968157744815
580	-298.8435679591097
581	-301.4977614594216
582	-300.01318378615605
583	-306.4198875524429
584	-305.89043808187176
585	-300.3968287581713
586	-300.5263979913794
587	-308.36496488368
588	-299.3389273169288
589	-300.7403378712906
590	-301.84227677411377
591	-302.0826628649519
592	-308.69208622926686
593	-306.75553022729844
594	-308.8129007404865
595	-295.64177200804073
596	-304.54732112604796
597	-306.79672454132793
598	-306.9877175667036
599	-301.88591904822187
600	-303.16332251536085
601	-305.39586974243645
602	-304.9749757969764
603	-300.6996728497554
604	-301.12163938182266
605	-305.7226391856841
606	-306.4985567505406
607	-308.3445673948869
608	-305.9342536636696
609	-301.72348974054756
610	-304.70680758557353
611	-303.98448688706094
612	-303.33113178843735
613	-310.20958558219877
614	-302.95145545796044
615	-306.1355569487059
616	-301.8570883316397
617	-304.31822399455217
618	-305.1156464970651
619	-304.1113686813058
620	-306.6061440588154
621	-308.09663941977436
622	-311.2807499100601
623	-301.3013476244217
624	-300.1446456384086
625	-297.81004165166115
626	-304.5630195620676
627	-303.6330964384831
628	-300.1740820921758
629	-299.11431244888865
630	-301.1415567786314
631	-313.60918409277264
632	-302.0123863848276
633	-313.5941086974288
634	-301.237405159822
635	-301.69009731266476
636	-308.21624027750715
637	-304.5862114412886
638	-306.1902677157184
639	-298.17163428345543
640	-304.6070286511202
641	-300.61916787958233
642	-298.03374769472487
643	-298.0927000004245
644	-302.5746999342261
645	-303.7918899143795
646	-309.3742535236037
647	-311.39955940865724
648	-310.16939169275315
649	-304.26040152561853
650	-309.0326563319531
651	-301.40054092353756
652	-310.7818479844961
653	-305.67888150567694
654	-312.63860597868796
655	-308.00326866604956
656	-305.78546933942323
657	-303.20888807523113
658	-309.44559549544374
659	-305.3597977427672
660	-305.132421091913
661	-303.6823410979642
662	-310.3515239065001
663	-303.99227566832
664	-305.6281598356395
665	-308.2443754971708
666	-306.93601260427147
667	-306.07495406840917
668	-304.1381785629995
669	-311.72314404052133
670	-303.36078013398634
671	-306.93888320811715
672	-308.3185902154094
673	-313.26000332416896
674	-302.3467494746443
675	-306.90704211207674
676	-310.1038127302617
677	-297.0503622027987
678	-308.809935024486
679	-307.3130112100306
680	-301.6089965435026
681	-291.245907296279
682	-305.9799563961738
683	-303.497843436253
684	-305.7904574313643
685	-300.1588223778509
686	-300.47527894405806
687	-307.6908877889648
688	-298.72995187504625
689	-306.9424440953978
690	-311.275930975533
691	-306.70917605218625
692	-302.92897221036003
693	-305.3598859744747
694	-309.0119241217691
695	-305.28740312716195
696	-296.501517735335
697	-305.1289843215669
698	-306.8905417465098
699	-300.080990879539
700	-311.8341500354968
701	-309.9715353785018
702	-303.85222644778753
703	-307.927021524089
704	-297.4628071108717
705	-304.27345504919765
706	-315.057054686098
707	-311.040447561018
708	-300.1594721458438
709	-313.08932670061006
710	-302.7308784869015
711	-310.49593543839137
712	-295.3331011879985
713	-306.3082568391434
714	-305.0022181840071
715	-299.90810389697594
716	-305.1566287731877
717	-305.2394204516492
718	-299.91155025501786
719	-304.2317314529225
720	-305.4450831950867
721	-299.74010621458285
722	-309.0926139201831
723	-306.7829631400596
724	-297.97090323848124
725	-304.9479110656922
726	-307.69114750729443
727	-306.955255735042
728	-302.7212058928335
729	-305.530598637099
730	-310.56732156544473
731	-309.8870584939877
732	-305.6228199099034
733	-299.14756672099935
734	-301.95101291730606
735	-302.70673534600616
736	-308.8821459230977
737	-305.7026282804923
738	-310.8898157248824
739	-310.7012114398197
740	-300.32386833074986
741	-304.9308152742746
742	-310.0625866409987
743	-308.59734573961833
744	-306.8898954858402
745	-307.5725490985375
746	-308.8468584595777
747	-300.1051922476043
748	-305.3196493460198
749	-306.7132764726534
750	-311.1131283559103
751	-308.03004367925973
752	-309.6895121551575
753	-297.0578750768225
754	-301.6887532612223
755	-305.4479918194892
756	-305.5012629503328
757	-302.01484712806973
758	-303.89513047605976
759	-303.2854990094063
760	-307.6184734673606
761	-305.3657093654618
762	-303.3418426509339
763	-301.4126019835772
764	-312.88991609420964
765	-307.70408914903413
766	-307.10688159915907
767	-305.1602215730662
768	-304.66599745377533
769	-309.00649795649053
770	-307.8160265456677
771	-303.98158243567286
772	-309.31731154944544
773	-307.62842707427495
774	-309.6971938012641
775	-308.9748433218648
776	-305.78390043566003
777	-310.6548182439616
778	-307.6810907499569
779	-309.56352440659356
780	-309.21477080392395
781	-311.42842029115815
782	-301.18607109249274
783	-302.7900030783397
784	-308.2828467729325
785	-308.47239439879985
786	-311.303084760797
787	-310.0017885552626
788	-305.13831058244574
789	-311.3132980248132
790	-311.79107063811347
791	-308.33055733688116
792	-307.00615484290074
793	-303.686641580425
794	-305.5948077446901
795	-309.18959390503375
796	-312.8388357312525
797	-307.3635079996535
798	-311.9981322730965
799	-304.11653492945993
800	-304.2675276434821
801	-306.00421722392167
802	-311.10949531529
803	-310.27688061124417
804	-310.46562040456433
805	-303.9367402868686
806	-291.57240089919287
807	-305.43267263449223
808	-306.11320304650627
809	-306.5663037359779
810	-305.29211833640926
811	-307.10998967355204
812	-299.37202555466337
813	-307.9180459837662
814	-303.99145728477475
815	-308.8681853352373
816	-307.32745543048816
817	-313.43265020605514
818	-303.99487436379394
819	-308.4423346429869
820	-310.65013526952225
821	-307.11282007993896
822	-313.957691892131
823	-312.84819106939347
824	-310.7663345768208
825	-303.8468543514942
826	-303.3567969508077
827	-301.4250456976397
828	-311.65033793625986
829	-306.2503700524563
830	-308.12440981114156
831	-301.433757100343
832	-310.7582230847763
833	-301.31512654527944
834	-309.25029548938164
835	-307.00659271618764
836	-301.6226822393246
837	-310.5463693407543
838	-311.22568020907124
839	-308.08499084497873
840	-310.3104103993852
841	-311.43732110870644
842	-305.3662163168913
843	-310.89482608561076
844	-299.9399950552362
845	-305.3090092030643
846	-306.7052405301233
847	-308.9487720769026
848	-309.5353120689753
849	-306.0863448617956
850	-308.9869234503012
851	-304.74171853795247
852	-304.4151580543321
853	-296.0241299593016
854	-303.577565961081
855	-306.35004961077874
856	-311.5452936458244
857	-310.17279937416794
858	-306.19077978470455
859	-309.38737823558273
860	-314.9779481350997
861	-310.8628981867044
862	-310.0087606267541
863	-308.52056942805945
864	-301.42699175446205
865	-307.14538800804513
866	-303.08687086269964
867	-310.95469105146765
868	-311.47115889299886
869	-305.4796792554745
870	-309.87988711103367
871	-306.65931472474466
872	-313.430536036544
873	-305.6033085416831
874	-307.18163701781634
875	-312.39909775552815
876	-307.953826992809
877	-306.4602786019189
878	-308.8258431027161
879	-311.9784467824224
880	-301.76186109547
881	-301.38997785748984
882	-314.47846719765556
883	-303.9875422835508
884	-297.9177526316942
885	-309.759197890746
886	-305.8846477678925
887	-300.25842444947153
888	-303.40954861282626
889	-299.65803894778094
890	-299.32347816305156
891	-304.255674934094
892	-302.7603596013135
893	-301.3469455210577
894	-306.5894973135021
895	-303.111405224056
896	-307.64344477959946
897	-304.9746682320833
898	-302.6962686331884
899	-302.639743976877
900	-309.69113827222253
901	-307.9496073673118
902	-299.86271168168355
903	-312.3783102825936
904	-301.4454058106744
905	-304.3733832057334
906	-307.4719342816607
907	-309.983237518967
908	-303.2965113268423
909	-314.4113889254501
910	-307.76854522207145
911	-303.90424958164806
912	-309.8839303389519
913	-309.8526115591984
914	-301.29696845426616
915	-305.24101372921893
916	-308.0883697837463
917	-306.9979118262575
918	-310.3126447838132
919	-308.0608316722183
920	-297.73627468320194
921	-302.4967864411605
922	-299.8243195265884
923	-308.7127528572863
924	-313.3347334536339
925	-308.5988742373843
926	-313.3283584704052
927	-307.8189358991073
928	-307.7053978578637
929	-305.5171696537742
930	-305.5095772592204
931	-302.46150712452555
932	-306.13553359834424
933	-300.2289643029094
934	-308.9937168757987
935	-295.42303106967586
936	-306.5095926247815
937	-308.9520666743609
938	-304.4113920891965
939	-312.4921624782342
940	-305.97065320088444
941	-300.8583226545192
942	-311.6992681778001
943	-307.1414081770139
944	-308.6784503349406
945	-313.587802154359
946	-306.6841659395769
947	-303.61552338626024
948	-302.1001703328439
949	-301.8051155858619
950	-294.01310059610336
951	-299.381249054737
952	-300.44600000065486
953	-303.09522389931743
954	-296.1021506908108
955	-305.8648171075784
956	-299.5279308578983
957	-304.8130957731454
958	-301.74793657908776
959	-306.9286514531321
960	-302.03579797299506
961	-303.1534436201976
962	-307.4019215335589
963	-312.1632130842224
964	-304.5293020306577
965	-295.2683141674784
966	-302.014466192902
967	-309.9873966228738
968	-303.2900000009653
969	-305.29192930063357
970	-305.59944647041704
971	-307.1138505794485
972	-306.16934558228144
973	-300.04294075838334
974	-299.35107945812894
975	-304.8962638062822
976	-302.4570546128867
977	-301.51839020297
978	-304.02026344681383
979	-309.05302941701916
980	-300.79191229579686
981	-305.92096943973314
982	-307.63931957532606
983	-305.7751175309724
984	-305.50732074227886
985	-295.86541415577295
986	-299.96149300961395
987	-302.24108407913695
988	-301.702184981661
989	-307.19644990421597
990	-305.81144222495925
991	-299.48215099241577
992	-300.87020388898594
993	-302.49952127694047
994	-305.68768337562574
995	-298.2003742299326
996	-303.60578048762096
997	-306.87808588909803
998	-298.73111712376345
999	-304.73910661598643
1000	-307.87066337386784
1001	-300.76881953656766
1002	-292.93292705328207
1003	-299.17491346104265
1004	-295.0338
1005	-301.7335287590715
1006	-303.0894085646149
1007	-306.9768765921385
1008	-299.71703050681185
1009	-302.7933711831339
1010	-304.27545374715856
1011	-309.2462507878658
1012	-304.89265305223034
1013	-299.1833324414207
1014	-304.32840497685334
1015	-297.23118513820106
1016	-300.4315329556277
1017	-306.22932016066835
1018	-304.4887078872528
1019	-307.1318482814458
1020	-299.7990748317046
1021	-298.722274064093
1022	-302.2348240060435
1023	-306.961094837066
1024	-308.11941965908096
1025	-307.6421106614262
1026	-300.3891
1027	-306.40271352007835
1028	-302.18381224642343
1029	-300.7978279233111
1030	-305.16045625563186
1031	-293.38230125296025
1032	-302.7159067493698
1033	-302.82242390430093
1034	-311.3747855909364
1035	-301.90329377427736
1036	-298.71899293659953
1037	-301.4838000000096
1038	-300.0868382742147
1039	-304.2638680612606
1040	-300.7552115577187
1041	-303.80702072869394
1042	-303.0232947263781
1043	-301.40787892881076
1044	-304.342377242779
1045	-303.3434277077641
1046	-302.0648337629108
1047	-305.92488706139403
1048	-307.4090495112528
1049	-301.07075611033423
1050	-307.7298867384965
1051	-304.938006963182
1052	-300.78852670189326
1053	-298.43991826080355
1054	-306.31652747286523
1055	-303.98704653862757
1056	-307.27799999999996
1057	-306.35771564194187
1058	-305.7823224720764
1059	-304.68103698934624
1060	-296.3006
1061	-305.7655245953166
1062	-304.063366023218
1063	-301.65206784774745
1064	-303.81893263712215
1065	-306.89820827220416
1066	-300.45540743992143
1067	-307.0177873885591
1068	-309.69026454001937
1069	-302.8080376010605
1070	-305.7716513881384
1071	-304.93920014410315
1072	-307.73973554843764
1073	-305.4368809109426
1074	-301.2308506036325
1075	-302.8533122730696
1076	-308.5240317789643
1077	-293.76398964665316
1078	-306.49813200356635
1079	-303.03493621866664
1080	-310.7643980132249
1081	-303.06104570936697
1082	-305.1130001416579
1083	-302.8730027985296
1084	-307.57493966801263
1085	-295.5832377796093
1086	-294.1690086787562
1087	-301.34599374786876
1088	-307.04533004003036
1089	-299.2608163485863
1090	-309.5824718324824
1091	-313.1926779132294
1092	-307.40050311620143
1093	-299.54226838145775
1094	-305.72571760518616
1095	-298.0734521188845
1096	-310.4114138677915
1097	-307.0656826290546
1098	-304.1190616547835
1099	-304.2690856438973
1100	-301.10604102321435
1101	-307.8099129008732
1102	-306.9358491320985
1103	-305.70648110787755
1104	-303.1197597347812
1105	-304.6283867394167
1106	-308.90837663101144
1107	-302.04521522456514
1108	-292.7777593926149
1109	-302.7828334450546
1110	-303.92716141594
1111	-303.24224069205246
1112	-307.2447756927238
1113	-304.7093727589162
1114	-298.3789044600348
1115	-298.3126033033
1116	-304.02706218615975
1117	-295.93443737873287
1118	-303.3354407806567
1119	-303.63807291162937
1120	-302.33401198227244
1121	-309.1325050460817
1122	-302.15200245570315
1123	-300.9396198841942
1124	-305.59949645029866
1125	-307.8005665809939
1126	-301.74129672828127
1127	-307.93439779715857
1128	-305.42714810308155
1129	-302.91403666914573
1130	-302.4543684676977
1131	-307.0476067087811
1132	-302.3392742258827
1133	-301.2314343838907
1134	-300.7753626928238
1135	-298.49682725190814
1136	-303.91894200958916
1137	-304.99705640187165
1138	-303.5345949300566
1139	-305.1618109913269
1140	-306.4040720449617
1141	-306.86335247318436
1142	-301.0720302843034
1143	-301.37592070462847
1144	-303.05550530730494
1145	-306.12974372779394
1146	-304.71905632705403
1147	-311.3680260654248
1148	-293.5470597584058
1149	-299.50001870185645
1150	-299.49134173544735
1151	-305.5857001044466
1152	-301.5700031458322
1153	-304.705750388798
1154	-302.559412602774
1155	-307.8822834396117
1156	-306.3882934910952
1157	-309.494519264067
1158	-305.7066717663275
1159	-302.0625048475832
1160	-307.7107156597447
1161	-304.3860023704741
1162	-311.13155672397875
1163	-304.8482705702291
1164	-304.0851283740378
1165	-301.44548407456995
1166	-302.51850980101403
1167	-305.7485506006957
1168	-297.9385002793605
1169	-304.6472636064176
1170	-300.7524000001012
1171	-299.4189638601466
1172	-304.6966842923772
1173	-302.70035420688345
1174	-304.1840283554559
1175	-293.9642690555113
1176	-300.2287272710188
1177	-301.6596538192179
1178	-303.27345849905527
1179	-294.7529077352861
1180	-302.0858097248891
1181	-301.1629633343547
1182	-294.2233872005402
1183	-298.1921184858582
1184	-302.27081640544526
1185	-300.9058592400518
1186	-303.7871249977438
1187	-299.6380205154376
1188	-308.34195174942187
1189	-306.40259860672165
1190	-313.80717251676833
1191	-302.077013811649
1192	-299.19367692240064
1193	-300.11221672193324
1194	-308.57233418420134
1195	-303.4559806905599
1196	-307.76486414920174
1197	-304.12930505932684
1198	-307.7096802058255
1199	-303.64667827952456
1200	-303.6497919747624
1201	-306.63639726551304
1202	-304.2249743879842
1203	-306.63822042160217
1204	-307.1434715463614
1205	-301.30771395395936
1206	-302.0418386007339
1207	-306.8726505434754
1208	-303.6293327675348
1209	-300.50577371032756
1210	-298.36918088660366
1211	-304.6139246054562
1212	-300.10249407498384
1213	-303.3766695336711
1214	-298.5029000590344
1215	-304.22262769994
1216	-299.3171412999351
1217	-306.9185675658393
1218	-294.9875117696932
1219	-303.6644735471678
1220	-302.1088845601698
1221	-306.1829118816997
1222	-305.28610468953167
1223	-303.0354988997366
1224	-307.97697171224615
1225	-303.1481237823278
1226	-308.7474555751199
1227	-308.3134195198221
1228	-294.0050638972789
1229	-300.1079428095133
1230	-304.1031518245653
1231	-304.02110621952966
1232	-305.8379625474759
1233	-305.46343151111415
1234	-304.1238170305002
1235	-307.1521892548329
1236	-307.04833890649724
1237	-296.4517778182515
1238	-307.79420893542334
1239	-302.35314325683737
1240	-311.99560824990783
1241	-310.5324323341605
1242	-310.4121910715771
1243	-303.37478742725574
1244	-293.967399328935
1245	-304.54657579266365
1246	-306.62560003886256
1247	-303.9721151185222
1248	-306.0810567058696
1249	-299.4771019496736
1250	-301.8150000000126
1251	-307.5514491895059
1252	-307.14209999999997
1253	-304.576592091489
1254	-297.66292361079655
1255	-302.61297615184174
1256	-299.0679768644901
1257	-295.85989156359597
1258	-307.15463414138895
1259	-301.00603156011283
1260	-297.6684035749873
1261	-296.0345642283039
1262	-303.58274437339395
1263	-313.533235329728
1264	-306.48494516594224
1265	-300.2226113617342
1266	-313.2603267050605
1267	-302.27639706925373
1268	-295.3381983149816
1269	-301.66271382805866
1270	-297.97646309439995
1271	-305.0130307984869
1272	-304.8850562882939
1273	-301.3191975942367
1274	-298.9260335551284
1275	-302.5862469327196
1276	-299.4069278398335
1277	-307.0457447013326
1278	-301.8315895605053
1279	-303.48776865317495
1280	-297.09592534019424
1281	-311.06688262997665
1282	-307.9612699148627
1283	-308.81641366522
1284	-304.14790620463293
1285	-301.1557401978732
1286	-310.12875712613294
1287	-306.49296155435917
1288	-300.47106975894525
1289	-305.42348009096264
1290	-299.96952861627943
1291	-302.7306039239544
1292	-299.71363882265194
1293	-297.65324958987793
1294	-301.73093541452283
1295	-305.5447363316509
1296	-300.3783529115438
1297	-299.60593079730444
1298	-308.4247123200336
1299	-308.8761941229352
1300	-302.84543787332456
1301	-303.906237120304
1302	-304.391454668439
1303	-307.25364411069694
1304	-303.95772279666147
1305	-301.1249404515123
1306	-298.94376315303947
1307	-298.7777974658731
1308	-303.0465256197235
1309	-306.7138988536796
1310	-300.94077585021546
1311	-296.88127992096264
1312	-303.01812179940225
1313	-307.8356294145963
1314	-306.4457968895695
1315	-294.0646498158399
1316	-302.2939936889993
1317	-295.1018840645773
1318	-295.89351178078704
1319	-306.03982323976084
1320	-300.31364144635984
1321	-305.3633722241466
1322	-304.1739067867043
1323	-297.54009212394556
1324	-302.5276412378
1325	-300.164481860039
1326	-299.6386355981641
1327	-300.4354612978871
1328	-305.02539495495057
1329	-301.63356501787126
1330	-300.23903560060074
1331	-307.392967237357
1332	-304.9287717789282
1333	-305.26345010829243
1334	-310.09389045053246
1335	-301.8575444654304
1336	-300.2092316800451
1337	-301.05955984636785
1338	-302.5178075925095
1339	-299.0980769447097
1340	-305.6819585694469
1341	-302.25587950461517
1342	-300.29854706940716
1343	-305.57456197422727
1344	-302.69112242567627
1345	-300.0444000000005
1346	-298.86890380322575
1347	-304.475135640563
1348	-307.8797244871886
1349	-303.9062642371988
1350	-305.7475653205495
1351	-298.24349205607655
1352	-304.0012158144384
1353	-312.2377419247407
1354	-303.95736967232097
1355	-304.3158875810901
1356	-297.8993495999159
1357	-308.17947299433035
1358	-305.0412811896593
1359	-304.03421771026615
1360	-301.5906574494523
1361	-298.18547417778865
1362	-292.8509
1363	-298.69662112620716
1364	-299.68867498710017
1365	-302.4252153766577
1366	-297.4084235063945
1367	-305.73604644072384
1368	-302.8002645521362
1369	-305.7467098427291
1370	-299.9726517875126
1371	-305.0547234585518
1372	-306.69907949703975
1373	-307.9003555452276
1374	-306.7676059680727
1375	-302.470822358176
1376	-305.24870094134246
1377	-297.12460636249386
1378	-299.5882742464721
1379	-300.77772245285206
1380	-306.64736058489046
1381	-301.0297474627217
1382	-294.0657617296905
1383	-299.72322705548225
1384	-292.93660745200236
1385	-299.73960000000005
1386	-303.82422908024046
1387	-294.83325656478763
1388	-302.0970169978459
1389	-309.0571820756037
1390	-306.8267161181589
1391	-305.8733466332478
1392	-310.0028846939767
1393	-299.493977582265
1394	-303.0913
1395	-300.0784224793913
1396	-301.649293968455
1397	-306.0142337833944
1398	-307.8438
1399	-303.02962922330636
1400	-307.04613686646496
1401	-301.5399174990249
1402	-310.377144393395
1403	-306.2371255645074
1404	-309.08705552705743
1405	-305.1611521510255
1406	-304.130506970132
1407	-298.3192001961983
1408	-301.159300647421
1409	-304.6887297293205
1410	-300.47234936962025
1411	-300.7407548815646
1412	-292.08969961104594
1413	-294.79202309841685
1414	-306.23049825827167
1415	-303.52157416483516
1416	-297.8774896249233
1417	-302.7625295469737
1418	-305.97493168477894
1419	-307.3422212345675
1420	-304.1129790686229
1421	-303.46159655157857
1422	-301.828268056699
1423	-303.3217173382561
1424	-300.649306870731
1425	-308.19233765688415
1426	-307.1913977583606
1427	-302.0621182388239
1428	-308.477569422275
1429	-298.92972845157414
1430	-303.4391821918662
1431	-300.0026864312595
1432	-298.0905000088098
1433	-303.66166785660783
1434	-310.02021346291474
1435	-295.6258976300261
1436	-300.1327000000233
1437	-290.8941347610337
1438	-295.3262700839964
1439	-305.8820302204149
1440	-300.0873683889246
1441	-297.55843807518147
1442	-303.47136030055486
1443	-307.50661029196107
1444	-299.0962046362787
1445	-301.9137947839863
1446	-304.6604977301697
1447	-301.7708057166894
1448	-305.6211281659738
1449	-308.1617018087659
1450	-309.5996055568207
1451	-305.36464144953686
1452	-308.7516255915395
1453	-301.21827569748814
1454	-303.28906998976777
1455	-300.91495812422403
1456	-302.0629107722698
1457	-301.9966068165446
1458	-306.046392109425
1459	-302.0206309878105
1460	-307.0856283088322
1461	-305.97313013668725
1462	-301.2969645292928
1463	-308.6151950041053
1464	-307.33244207161005
1465	-305.6551581709046
1466	-307.28651948829486
1467	-310.5815955684565
1468	-304.6374000022233
1469	-301.28522789096075
1470	-310.2475001844845
1471	-308.80576870826127
1472	-302.0295326343226
1473	-305.99780000000004
1474	-303.3562882295292
1475	-307.93494281346614
1476	-300.0378571219055
1477	-310.700400245047
1478	-303.18662671514403
1479	-303.84395417337146
1480	-309.8943214162156
1481	-302.11205209717184
1482	-311.4189395031951
1483	-305.75810859591684
1484	-305.92287058754573
1485	-308.6909982448636
1486	-306.2074475745668
1487	-307.2832576875743
1488	-304.97954808561406
1489	-306.8884758532898
1490	-304.32860063288456
1491	-295.08445348989466
1492	-308.5581128743045
1493	-301.89301652581656
1494	-307.7477342742141
1495	-306.65458151781866
1496	-302.3657380844714
1497	-301.52310000000006
1498	-302.0111095440147
1499	-306.37749523438083
1500	-309.1360976390798
1501	-305.07613503507525
1502	-298.432054370814
1503	-305.7563625044327
1504	-305.74986660974736
1505	-298.81150000000025
1506	-304.5411534469261
1507	-304.2696689271266
1508	-307.16823123633793
1509	-298.1757980174961
1510	-299.544452205584
1511	-307.659248170225
1512	-300.66907801016225
1513	-308.4497115666201
1514	-309.27555811696215
1515	-307.2279703857588
1516	-307.1621283686416
1517	-305.40827005888156
1518	-299.3889240204602
1519	-300.1930395834411
1520	-310.4387367920571
1521	-304.79010890231
1522	-304.77565003687954
1523	-301.7847600178131
1524	-312.142691024382
1525	-305.6954743302495
1526	-304.7029315741462
1527	-309.53555174147044
1528	-311.1736650470701
1529	-296.8552430130984
1530	-307.8910944196095
1531	-300.29242543126463
1532	-309.41685386868517
1533	-310.8269113550569
1534	-301.23479063128156
1535	-301.3928744700965
1536	-296.95903401357725
1537	-299.0934758539951
1538	-300.15469087529584
1539	-303.60850000000005
1540	-310.2422653161725
1541	-301.4972080387007
1542	-306.0884189209383
1543	-304.95282322472053
1544	-306.97969360769724
1545	-305.50309053428924
1546	-302.74982388885314
1547	-301.82060949398726
1548	-304.8281673519853
1549	-306.0513701560435
1550	-304.96291413279005
1551	-298.69166218909936
1552	-297.0010411912146
1553	-300.2826
1554	-294.11937596023324
1555	-300.57403143149816
1556	-294.21254019253087
1557	-297.37615116198594
1558	-301.19715270174777
1559	-303.436330505206
1560	-303.3092949462166
1561	-300.6306214148965
1562	-302.5630096331711
1563	-307.8944613826517
1564	-302.62587714738294
1565	-301.7365213157647
1566	-304.97972224300815
1567	-300.9868441615343
1568	-297.2989750723322
1569	-304.34016666034927
1570	-298.4137911190675
1571	-306.44535775253553
1572	-309.50269524546053
1573	-310.35207110971777
1574	-304.8567935221496
1575	-295.83290162653964
1576	-307.78987819456205
1577	-305.7314389377253
1578	-303.3970361741845
1579	-304.8723114114468
1580	-300.48762322844453
1581	-306.1871527794757
1582	-302.26673252776413
1583	-299.965862199918
1584	-296.51946624274564
1585	-308.6977286409032
1586	-297.988717993197
1587	-303.51054390766336
1588	-302.98321277314017
1589	-307.4921334852544
1590	-300.25893601788255
1591	-298.0644522858552
1592	-298.6313090606761
1593	-302.2791732921995
1594	-297.9946175716437
1595	-302.21072312044276
1596	-304.2880830020634
1597	-303.6082139496158
1598	-306.8024997109233
1599	-303.78678466060734
1600	-302.7210785990496
1601	-306.09243667410294
1602	-304.7925965307692
1603	-302.9355647885876
1604	-308.62574443128847
1605	-309.20396949888567
1606	-305.69070292795993
1607	-306.3533770676799
1608	-298.2788752553652
1609	-306.57476801673135
1610	-302.4012798241447
1611	-304.2826387398509
1612	-301.9292125314161
1613	-303.74030000000005
1614	-297.74200084345233
1615	-299.7155578244011
1616	-304.76713094525576
1617	-300.9252513706161
1618	-301.7300958084072
1619	-298.7477307227394
1620	-309.3976925691427
1621	-308.2420939419608
1622	-305.2739295126171
1623	-309.25056663125866
1624	-297.484031243754
1625	-309.14081308703015
1626	-300.7007945285133
1627	-306.04465312657237
1628	-299.0341046642871
1629	-306.31065226236075
1630	-301.2881222347195
1631	-301.1263007608757
1632	-303.1486255633867
1633	-300.7953
1634	-302.7468040114319
1635	-303.53307186243916
1636	-298.55700564154677
1637	-307.6805581266495
1638	-307.34832198103237
1639	-299.9872389282644
1640	-298.62953178194203
1641	-306.54920035268907
1642	-303.2181096893506
1643	-298.86614600689086
1644	-303.71617492544607
1645	-303.13598844273764
1646	-302.45535114983414
1647	-306.05615261003135
1648	-302.5264655913245
1649	-305.2207465424671
1650	-302.0930992640913
1651	-306.337567934529
1652	-306.0699662268285
1653	-302.29637080535235
1654	-304.0076748574156
1655	-304.0545562826798
1656	-305.92383531363976
1657	-299.64657158506856
1658	-298.25056344489406
1659	-305.1875093021978
1660	-300.9504142411487
1661	-298.9159476234442
1662	-299.95761417868516
1663	-310.1065509533482
1664	-309.6463794422989
1665	-308.12753582169466
1666	-304.1982432106093
1667	-303.14169830477334
1668	-300.6480544621499
1669	-304.9521088219211
1670	-308.90730203744266
1671	-307.0172038399337
1672	-304.9809004502664
1673	-300.35719074513105
1674	-304.8704054543787
1675	-301.35534860891704
1676	-300.80741901907396
1677	-305.85736410308897
1678	-302.80745724062945
1679	-305.0703232777787
1680	-307.3248484233304
1681	-307.24736105273536
1682	-303.8528864092884
1683	-295.0862190387357
1684	-301.5249127432942
1685	-299.6398
1686	-301.5062482023217
1687	-297.50270068928756
1688	-300.51199979560215
1689	-293.2786368518682
1690	-307.8011534483708
1691	-299.83240002093356
1692	-302.2205958946759
1693	-301.8181252308771
1694	-294.6952122929896
1695	-303.1873041076826
1696	-295.6362076485652
1697	-301.22323410037654
1698	-298.7246897166714
1699	-307.40855283365465
1700	-300.10781354974137
1701	-303.9039743014234
1702	-293.64893018292287
1703	-304.72556611012135
1704	-305.24657726622667
1705	-304.5762397764879
1706	-309.99392846266215
1707	-305.64051568551207
1708	-308.75686624950947
1709	-303.69457928485167
1710	-299.3934508279444
1711	-298.91818175613236
1712	-311.7503379397538
1713	-299.1191871015568
1714	-299.6585479530068
1715	-310.0575330680775
1716	-301.70477692036235
1717	-298.91138172253335
1718	-301.302226460268
1719	-306.539049078847
1720	-304.485157218988
1721	-302.02444622259594
1722	-305.25615162595665
1723	-302.89355108325196
1724	-302.62622314873477
1725	-301.1550179815016
1726	-307.21448653884505
1727	-303.48894564203687
1728	-307.0538579286703
1729	-301.94264515334646
1730	-298.21297158423255
1731	-302.9593518044215
1732	-307.8165600312386
1733	-298.57410292372145
1734	-302.77851466155596
1735	-305.3716072398175
1736	-309.1503563062957
1737	-298.6940520377619
1738	-303.72739940694106
1739	-298.96076305279837
1740	-298.32130790722
1741	-305.78351416726997
1742	-304.0220702322449
1743	-297.58404160824756
1744	-306.0794542146926
1745	-301.4750640077373
1746	-303.9001880814967
1747	-304.4732284604898
1748	-308.168812615612
1749	-295.40663319053243
1750	-302.7244679075872
1751	-301.9230957963622
1752	-296.43287676746155
1753	-306.78481908056006
1754	-305.6573103490157
1755	-298.2090000093451
1756	-307.92240340642854
1757	-307.91085909047655
1758	-301.39619022836223
1759	-301.84021905166554
1760	-301.5459356505815
1761	-305.5676305485867
1762	-306.341465662518
1763	-305.039138872944
1764	-309.9700359317671
1765	-310.42629629997015
1766	-302.9455
1767	-303.8936996957141
1768	-302.16457812017086
1769	-302.43619966137885
1770	-302.92335305637
1771	-305.2376859587022
1772	-303.6647460205115
1773	-302.21107532426237
1774	-302.79894541331004
1775	-306.4275903616987
1776	-302.9427667813735
1777	-305.0115438090366
1778	-307.5764223884472
1779	-309.2823352112269
1780	-303.6460697782832
1781	-303.67067955077573
1782	-307.9727819331798
1783	-304.8839851193178
1784	-302.7478235716493
1785	-304.17476982679517
1786	-301.996839532364
1787	-300.08379496925784
1788	-307.93040391196064
1789	-297.8352207934001
1790	-301.5611905347063
1791	-309.832317499674
1792	-303.8128951921869
1793	-290.8227000003575
1794	-301.0826441582928
1795	-306.2490727270484
1796	-303.69487686147926
1797	-305.60524120705634
1798	-298.21658856150947
1799	-300.85120082640833
1800	-303.049455061267
1801	-310.820861566422
1802	-303.2450204966195
1803	-303.2079649833464
1804	-306.86128576181596
1805	-301.8108545443407
1806	-303.39947398733665
1807	-302.84990000048646
1808	-305.7834509836308
1809	-305.60715601351967
1810	-297.69228900261317
1811	-298.13982168863544
1812	-295.8668659497006
1813	-299.6461752678225
1814	-299.3786003103498
1815	-311.69464734449343
1816	-298.7593084681443
1817	-308.02691349423253
1818	-303.6462672888609
1819	-300.90635236134733
1820	-303.9193975466665
1821	-301.78974692553794
1822	-302.9768000005736
1823	-300.88923389486524
1824	-303.94289230438034
1825	-296.98036393722634
1826	-298.939181083931
1827	-301.8770088421052
1828	-304.5689583390612
1829	-306.65216777085834
1830	-301.98623053289725
1831	-305.4915067223944
1832	-303.152900151923
1833	-306.9256589819995
1834	-306.2453948216916
1835	-304.15987713075646
1836	-302.864867074886
1837	-298.783781997302
1838	-303.49473336299036
1839	-302.7068952883672
1840	-303.417970606575
1841	-298.52262430077144
1842	-307.3313809758358
1843	-305.4626057182917
1844	-305.275995038346
1845	-306.0223294070026
1846	-302.9671673696721
1847	-305.2499074520645
1848	-307.8522573857922
1849	-304.6454908318459
1850	-305.7987472474066
1851	-306.1942328381277
1852	-298.5887884642698
1853	-302.52640675292196
1854	-303.78518899846085
1855	-307.71400684526725
1856	-300.25132717631675
1857	-311.6584838226956
1858	-302.2486512400346
1859	-301.6431517881497
1860	-300.80239482068663
1861	-313.5718264880334
1862	-311.68386325268875
1863	-304.91082544458015
1864	-306.0009681203326
1865	-302.10895024221503
1866	-297.20880888534083
1867	-298.6588207204266
1868	-303.96325219825775
1869	-305.13591292578263
1870	-303.00118759160665
1871	-303.08229140621717
1872	-301.17043944470026
1873	-307.2408841456613
1874	-302.2987319173945
1875	-305.6121755593326
1876	-298.3327428656375
1877	-302.891210339055
1878	-301.79834382733765
1879	-301.4388250236002
1880	-300.0736699892444
1881	-302.7907347749087
1882	-303.1904255992999
1883	-302.1379151616672
1884	-293.25032664299556
1885	-305.4004589054081
1886	-304.42875053032657
1887	-302.1033657021888
1888	-300.3098240733732
1889	-304.5560556730043
1890	-300.26835401159127
1891	-302.06058576392985
1892	-301.2031600881416
1893	-301.85909451666777
1894	-305.77809822807797
1895	-298.85302705971776
1896	-299.6772494751912
1897	-298.219263254958
1898	-303.4416225178565
1899	-304.6484191687955
1900	-304.1404735123143
1901	-307.636344845108
1902	-298.9710110129336
1903	-303.6347435991737
1904	-306.0157772318624
1905	-301.71694950901934
1906	-307.95471608633136
1907	-304.22595230364624
1908	-306.44022768651325
1909	-302.2878206651536
1910	-305.9072749086623
1911	-307.97363194679673
1912	-299.87197878260173
1913	-302.8855063322275
1914	-303.83955923284947
1915	-301.3965465672102
1916	-306.67577759518053
1917	-302.63763138198385
1918	-304.8258525149065
1919	-303.2773260750498
1920	-301.9474493659492
1921	-307.2703334802471
1922	-299.0659424242846
1923	-299.67324783572644
1924	-306.9819908591098
1925	-307.8391777058437
1926	-307.8463039365224
1927	-310.0060907310634
1928	-305.6803784480789
1929	-298.8873030710016
1930	-304.92428794302634
1931	-300.8435415371714
1932	-307.36342790821664
1933	-304.65046205169745
1934	-301.6138168234068
1935	-302.6685999907418
1936	-306.6625829429047
1937	-306.0627907669768
1938	-308.4806159620189
1939	-309.26193989763834
1940	-302.2737855378983
1941	-312.29851846602685
1942	-305.77798152217997
1943	-298.42542459449953
1944	-305.05673640466614
1945	-307.19856383434865
1946	-300.15126996053533
1947	-309.31936351805683
1948	-303.39151384529714
1949	-297.95272012357674
1950	-312.8446692304342
1951	-308.0091612092812
1952	-307.54113118845066
1953	-299.85801011325833
1954	-305.1909340681221
1955	-303.5205433480634
1956	-309.40879504190406
1957	-304.86107536908713
1958	-302.29211948156757
1959	-311.9284106245694
1960	-301.85031971415407
1961	-306.4657488341449
1962	-316.78661646918823
1963	-308.8049153322474
1964	-308.78175266169325
1965	-305.112445338826
1966	-309.34927155315074
1967	-303.4917303060319
1968	-299.68792196383873
1969	-304.5164969259303
1970	-300.29440088552207
1971	-305.72148798880073
1972	-306.00210517873455
1973	-302.88549130745963
1974	-302.16385587843115
1975	-304.0175631042666
1976	-306.5072003147271
1977	-302.6651213598611
1978	-304.5335839812635
1979	-309.99653301719223
1980	-307.4943555974141
1981	-302.7121931952278
1982	-302.20088856714204
1983	-304.71669963533134
1984	-306.2590511984453
1985	-305.736030341528
1986	-304.06101154460146
1987	-302.352683701287
1988	-300.77015509269637
1989	-302.9693193514696
1990	-298.98511007095794
1991	-306.43947822754456
1992	-300.8136057533754
1993	-303.6963352397564
1994	-302.7713235665089
1995	-297.8822962132685
1996	-303.1609
1997	-305.0350991256412
1998	-306.15290686066504
1999	-301.5342940684168
2000	-302.13712164987646
2001	-305.9752031946106
2002	-301.2232511714417
2003	-304.52287028421074
2004	-301.87322132946787
2005	-310.86272609390176
2006	-300.591201153939
2007	-309.37135674358854
2008	-305.0241711290629
2009	-307.52543453933106
2010	-304.7299545387187
2011	-302.9381537506783
2012	-304.28390779953367
2013	-299.5218358896089
2014	-298.3222932174372
2015	-306.7896101090709
2016	-310.2311251037028
2017	-301.4155143765897
2018	-292.92090000092554
2019	-291.3496604222853
2020	-304.94839043605964
2021	-308.4592
2022	-293.83118368727315
2023	-297.2778177408164
2024	-293.28472566832244
2025	-302.09342493000406
2026	-301.5854
2027	-303.24970559202995
2028	-299.573242791316
2029	-299.8250276402672
2030	-299.99465004537296
2031	-301.1503573072578
2032	-302.45596282222556
2033	-306.096848483468
2034	-303.5275412998005
2035	-305.2950197153988
2036	-301.4154970542081
2037	-303.6985391666365
2038	-311.51077149440124
2039	-302.57960370148294
2040	-305.44495983253546
2041	-307.7882380459813
2042	-301.6327315367779
2043	-303.61738036208965
2044	-299.21701607204614
2045	-304.5963450540957
2046	-306.96603760012204
2047	-303.38481481217076
2048	-304.6705753742806
2049	-297.4166612180009
2050	-302.53940001221105
2051	-301.4682571067757
2052	-302.9785017525511
2053	-301.4613276562429
2054	-304.1356590788204
2055	-308.88019170844507
2056	-301.4888127935032
2057	-307.69916216031504
2058	-303.74694798991027
2059	-302.1769471846776
2060	-305.1847598968699
2061	-308.6780757702212
2062	-303.62056917346183
2063	-308.79731234616696
2064	-305.4303987891953
2065	-305.11126304372743
2066	-301.1217327779138
2067	-301.44342228337973
2068	-307.4968430267322
2069	-305.570040937624
2070	-304.33966625994947
2071	-307.41242871982183
2072	-308.6130838247881
2073	-303.84411675192473
2074	-302.229793941409
2075	-308.3710630966739
2076	-299.2672311828387
2077	-298.40416912750953
2078	-304.78728564146627
2079	-301.57634806710945
2080	-306.3166884416358
2081	-307.940667512704
2082	-298.6730907735763
2083	-306.0543247512169
2084	-302.80834153838697
2085	-305.3902510914637
2086	-307.0398285424687
2087	-303.16516423089087
2088	-307.74099784215224
2089	-294.6538883674117
2090	-293.192006298763
2091	-297.17040000000003
2092	-300.458016384117
2093	-306.6048402593558
2094	-304.65212326673446
2095	-305.4659677594032
2096	-295.3079773710118
2097	-303.2894373460927
2098	-299.98026032475735
2099	-302.7562524220905
2100	-307.112404277215
2101	-306.29143267481095
2102	-304.5844302133779
2103	-301.414514505164
2104	-303.09364937032444
2105	-311.53063227277113
2106	-304.67238025653046
2107	-302.3174504525875
2108	-301.25226803524
2109	-303.21734798358733
2110	-300.48580910088816
2111	-302.19328424976936
2112	-302.0794985902931
2113	-303.8291271470504
2114	-301.88734028672565
2115	-303.7531
2116	-303.7909394682648
2117	-309.4223495557286
2118	-308.0415281682343
2119	-303.25540789490225
2120	-297.090010503064
2121	-305.80666629500723
2122	-303.4099097796454
2123	-307.6418643164048
2124	-292.7794100626435
2125	-298.9827127698881
2126	-306.91312875681604
2127	-300.58109357772173
2128	-305.5296247879656
2129	-302.86788014667195
2130	-303.97110407682067
2131	-303.680709108971
2132	-304.853241017811
2133	-312.2350514587456
2134	-307.39374384372525
2135	-309.6205730135753
2136	-302.11266255657455
2137	-301.01859863365434
2138	-297.36608786990064
2139	-303.2386570552142
2140	-310.64672307410126
2141	-307.3189019647261
2142	-305.7197173120598
2143	-298.88683050334964
2144	-301.234000000377
2145	-304.26797395517457
2146	-311.2799641501781
2147	-296.9214859654723
2148	-300.0337038956638
2149	-302.6161595418741
2150	-300.28298392945004
2151	-302.4068968881554
2152	-302.52456646547654
2153	-308.8031738021113
2154	-301.50656334293063
2155	-299.2793323709343
2156	-304.9044626413378
2157	-310.4679675146265
2158	-301.8504754556692
2159	-304.34938823596076
2160	-307.2415948804542
2161	-303.68730000000005
2162	-300.35820796238295
2163	-302.57528300894455
2164	-301.8888118988203
2165	-300.3298026903335
2166	-301.5562538219408
2167	-297.4876260006496
2168	-299.49297372341715
2169	-305.72239963327155
2170	-298.61134763801414
2171	-309.5021203816
2172	-298.7784320242866
2173	-299.2126276453942
2174	-306.73391391690933
2175	-307.50366536322855
2176	-304.18866648155273
2177	-296.1473680078201
2178	-300.9762000912042
2179	-307.6044892508755
2180	-304.8826923901405
2181	-298.7356334072883
2182	-296.79752294661523
2183	-302.587509626803
2184	-301.75792305032144
2185	-305.9199713512597
2186	-299.8772484518335
2187	-304.5322362175256
2188	-304.18729580538803
2189	-303.15316825421473
2190	-303.1069517892943
2191	-306.3377082639587
2192	-308.9006835096143
2193	-303.4608053136479
2194	-310.9268572993242
2195	-305.6975746776302
2196	-302.9649401065595
2197	-304.38437118633277
2198	-295.0571073103795
2199	-303.9663947659064
2200	-302.9091832664818
2201	-301.1428201958333
2202	-307.14085596398326
2203	-306.96655552605307
2204	-303.07040157008646
2205	-304.0397073731749
2206	-304.24877928981357
2207	-304.3767894003662
2208	-306.8321505046042
2209	-305.56079738344096
2210	-301.5642752533469
2211	-307.43482531198646
2212	-295.51940633038845
2213	-302.64006861103474
2214	-306.7734426391532
2215	-299.6222874488808
2216	-303.8076729539897
2217	-302.20654948159876
2218	-306.7191679344108
2219	-301.0615489916465
2220	-305.3496843283407
2221	-303.8266209757882
2222	-300.37328557386076
2223	-298.6903547257187
2224	-304.27277390158264
2225	-304.05545057683617
2226	-306.23383674895217
2227	-307.96903172986526
2228	-302.9968464964571
2229	-300.4574101153905
2230	-305.886088706167
2231	-302.7737641157521
2232	-309.7048090674093
2233	-299.5184694482379
2234	-301.3859604993565
2235	-307.40842646822347
2236	-304.98829203823027
2237	-300.9841611226166
2238	-307.28282080597614
2239	-305.674938764217
2240	-304.2805850707846
2241	-297.9593750719214
2242	-306.02246680865017
2243	-298.8666381888697
2244	-300.7417804967774
2245	-299.7182881182974
2246	-305.9843074161678
2247	-304.7385076400315
2248	-301.8096076294021
2249	-303.3111763281393
2250	-303.0468757487581
2251	-300.9238003951647
2252	-309.55633688721446
2253	-299.2266222206574
2254	-302.06877713879305
2255	-293.52862430251247
2256	-309.19611518662026
2257	-302.7228401329802
2258	-307.00436328540735
2259	-304.93559811876304
2260	-306.82585592255055
2261	-302.2785404582076
2262	-307.3796413213695
2263	-309.5321208056277
2264	-305.81221698170674
2265	-300.64647599860086
2266	-301.79889557541776
2267	-306.30655698164355
2268	-307.31877876212275
2269	-304.93090189198426
2270	-309.0613930674659
2271	-305.8486559807026
2272	-308.9123924024596
2273	-302.3924557730123
2274	-303.8606129535373
2275	-306.64081198600593
2276	-303.635942478899
2277	-303.8403373242835
2278	-305.01381864958944
2279	-299.7801723186909
2280	-302.76952318440476
2281	-299.49426451626584
2282	-296.516569362814
2283	-308.726835905693
2284	-304.80127214187706
2285	-298.6497767092488
2286	-297.9606396748902
2287	-304.393725605867
2288	-309.42262608520355
2289	-299.7090526568686
2290	-301.9679718182138
2291	-301.03246971484936
2292	-297.37913109960533
2293	-305.84863481642685
2294	-308.1858571032439
2295	-300.358073601121
2296	-308.81517402270657
2297	-305.9970514108925
2298	-306.25340996692285
2299	-299.4034095782411
2300	-309.1503238306881
2301	-309.7676912258967
2302	-301.105224062142
2303	-304.7884458938867
2304	-308.0572762020241
2305	-299.2944699357487
2306	-306.1913203731438
2307	-307.06711123203615
2308	-300.2017191585261
2309	-304.64766681746914
2310	-299.8238297013914
2311	-292.3049663135138
2312	-305.09036492466424
2313	-304.5832253932156
2314	-299.12202307622624
2315	-303.2788175398572
2316	-304.43137450124476
2317	-301.24081319400494
2318	-299.21662177769883
2319	-303.76536667222837
2320	-301.99429662970346
2321	-307.54509551175727
2322	-305.943457704609
2323	-303.1538848235538
2324	-302.7415730093416
2325	-301.5049124165625
2326	-296.8640310569691
2327	-305.4289439829061
2328	-304.55146633249063
2329	-302.5809795892577
2330	-300.88995360668736
2331	-300.9481194937928
2332	-301.1731179227996
2333	-310.13889395446387
2334	-305.62577601887057
2335	-302.34036475995293
2336	-302.5685431465585
2337	-307.6079204175696
2338	-302.8553574561217
2339	-304.7302847948616
2340	-298.72904703971074
2341	-305.3892000087984
2342	-300.45271898918037
2343	-301.29676618190064
2344	-300.1123649844371
2345	-304.5997728840539
2346	-301.83271341558924
2347	-311.6405058918075
2348	-302.1946588013465
2349	-299.665279615073
2350	-299.83487347703664
2351	-306.270864547881
2352	-305.1228583050912
2353	-306.9008054668444
2354	-305.07536287507713
2355	-306.2580459239875
2356	-306.122124164151
2357	-310.3713648767324
2358	-305.7078472578982
2359	-298.6824237740166
2360	-305.8238262937382
2361	-305.9367501823884
2362	-305.36085007910253
2363	-307.4339899396835
2364	-299.6704454529837
2365	-303.19582528050597
2366	-301.62133275913425
2367	-309.9007968137939
2368	-306.5940416909558
2369	-306.8516617412894
2370	-306.23177355391516
2371	-306.5389877507906
2372	-303.5715959754827
2373	-302.0452642550216
2374	-308.2753266383668
2375	-302.9823515891511
2376	-304.078321502993
2377	-296.9376872741308
2378	-306.8411187303742
2379	-301.04097319985175
2380	-305.30475107323497
2381	-301.2878919880651
2382	-300.31644940638745
2383	-301.0074323353769
2384	-302.3834516407609
2385	-304.11065647147484
2386	-306.69532508244595
2387	-308.7226441516917
2388	-304.20687600081027
2389	-308.1516653026535
2390	-310.21046317682607
2391	-300.60453261778184
2392	-305.81471694185086
2393	-307.6796009163609
2394	-299.19565639598727
2395	-302.8819659541064
2396	-303.73211654878247
2397	-303.3377765761155
2398	-301.2957231187725
2399	-301.90908336237044
2400	-303.25373104643927
2401	-309.94480196575256
2402	-307.3419472662936
2403	-305.06584973584904
2404	-309.12222838412356
2405	-304.34806225305545
2406	-303.86372417322525
2407	-303.7499111411375
2408	-304.07059554673515
2409	-300.40019326224586
2410	-306.8857190367764
2411	-302.46105138868154
2412	-304.6982321437507
2413	-304.4211221726834
2414	-311.1195580900464
2415	-308.0557598720839
2416	-304.53002396568985
2417	-303.32253573093004
2418	-305.47328505757815
2419	-302.04737555816513
2420	-306.03521202344194
2421	-303.472233752994
2422	-306.41727030079034
2423	-301.03724851566477
2424	-303.25522154114896
2425	-309.2607921146663
2426	-306.79675540803044
2427	-304.27965600063635
2428	-305.9941419234644
2429	-304.8815429518544
2430	-306.47754116179436
2431	-305.5390490870406
2432	-303.79531384371694
2433	-304.01595069657697
2434	-302.8035490666738
2435	-300.0503398678925
2436	-301.1092068208452
2437	-305.13985566503067
2438	-298.8499725416355
2439	-302.7452024695026
2440	-306.8390581016101
2441	-304.6192371701662
2442	-305.60914220020857
2443	-300.4847901855469
2444	-304.41640252987395
2445	-304.31297140271755
2446	-305.968085459432
2447	-300.9665562624888
2448	-302.8885646825269
2449	-299.97347823885445
2450	-301.82408611281085
2451	-302.4722473743165
2452	-305.2381464931018
2453	-305.9538564230038
2454	-299.3506101877944
2455	-298.65127940333315
2456	-300.14157191238974
2457	-303.88650977008797
2458	-300.33560187052393
2459	-302.4488148471955
2460	-308.21851709922265
2461	-300.06199492494295
2462	-303.38149595932987
2463	-304.42864887940306
2464	-303.94804481243665
2465	-297.60754617047024
2466	-307.8152081249071
2467	-304.2286523604316
2468	-307.2458104523532
2469	-300.91279624641726
2470	-304.79175674905395
2471	-303.6675180586513
2472	-306.9728167201266
2473	-302.00821543126875
2474	-301.3243023591492
2475	-299.97065852147944
2476	-304.49277686929133
2477	-308.96435165289785
2478	-294.8761949924969
2479	-297.1042587718791
2480	-304.27404758264095
2481	-304.31240999458566
2482	-307.6479077312297
2483	-306.9325728088381
2484	-305.01013043808234
2485	-300.8216779765955
2486	-305.2620436564888
2487	-307.39346084048935
2488	-311.01152579420415
2489	-297.11245466751774
2490	-302.75818761868686
2491	-301.9595636327781
2492	-307.51373707518746
2493	-305.11187464153966
2494	-304.46952932042086
2495	-299.1886178612235
2496	-303.11187425846754
2497	-303.41235444941276
2498	-304.054399789653
2499	-302.6018083919331
2500	-310.7687955732547
