1	-300.9213498894285
2	-303.26173935663
3	-302.0156495728324
4	-304.5342341273531
5	-303.2774492445628
6	-307.3358426234577
7	-309.98713121227127
8	-306.60138395879454
9	-307.132490507846
10	-306.24568609827907
11	-306.1953783543839
12	-306.7714892640208
13	-299.3528705523557
14	-300.7883152771342
15	-311.36198373636716
16	-305.2778609788537
17	-304.0720035360617
18	-306.30312978303124
19	-304.12830848882084
20	-300.7391213910497
21	-306.3698897087855
22	-304.9807198129828
23	-304.07719249804006
24	-306.72939214174414
25	-310.5504843488247
26	-306.0186610225884
27	-304.3558606640485
28	-305.9426503765495
29	-307.8010502753126
30	-303.55928097084563
31	-306.78482806751504
32	-302.4812678473346
33	-303.8556147512029
34	-306.1282832685216
35	-309.4024308402402
36	-309.2731992820244
37	-304.69223091269873
38	-315.7598645413522
39	-310.72988289771035
40	-298.8561104645546
41	-305.3445835320641
42	-303.5631325887706
43	-307.9275202210679
44	-309.6388858337163
45	-301.808543242267
46	-297.6055878870937
47	-309.25481869992456
48	-306.1698117517087
49	-307.2849511779106
50	-307.83056962269916
51	-305.3097929222555
52	-307.57578782601905
53	-308.8317136462368
54	-300.7805507174201
55	-308.0725909951462
56	-305.433483250127
57	-304.48789438777607
58	-296.6206732077489
59	-300.45372017195723
60	-304.1193743476762
61	-306.9663918280129
62	-311.2679890675294
63	-301.9013480676072
64	-300.13588369507164
65	-308.49011164341624
66	-300.0350946125568
67	-298.20408455404726
68	-313.45704710369904
69	-303.33530378926304
70	-300.8681851987602
71	-310.0641031509136
72	-306.93376525791507
73	-305.7073127964007
74	-309.4858721299356
75	-306.8264675377695
76	-301.3111976848341
77	-303.62080382413524
78	-304.1784835839162
79	-300.8022542396499
80	-304.4614440274237
81	-301.25836630540874
82	-313.7852715643429
83	-307.3617373830025
84	-309.21667475768163
85	-305.8491025224259
86	-307.7453597688843
87	-307.71650641311874
88	-308.3174594502052
89	-308.6366931508797
90	-306.93070078462944
91	-305.72025849308244
92	-309.5491358758734
93	-312.86500487299674
94	-305.12837877857385
95	-308.5953861183896
96	-310.94100590972
97	-308.67821871159305
98	-301.9912720941965
99	-308.63561364384356
100	-300.48083316293116
101	-305.1155776738697
102	-304.026129842872
103	-307.5694965975605
104	-308.6839865786472
105	-314.7565449382639
106	-308.40703350165694
107	-304.6545031035238
108	-310.5864797274076
109	-300.78918138083685
110	-314.8753371897358
111	-307.63066781495695
112	-307.73169509587905
113	-303.0398984628046
114	-309.9244720368754
115	-307.826271805346
116	-304.0157919876199
117	-306.2977507166075
118	-306.06247195392075
119	-301.3106069654308
120	-308.3881561087935
121	-306.27183215701706
122	-306.8125192144614
123	-311.40780264163806
124	-302.9023682814141
125	-307.9037015721736
126	-310.3125393076978
127	-304.3245216769049
128	-308.33927242877456
129	-308.4124200804733
130	-310.31476047057384
131	-308.46986127881263
132	-306.6208021754885
133	-305.7646723951554
134	-305.7090467556762
135	-304.38382810768707
136	-305.07967503831514
137	-306.7069149315312
138	-301.5862538451851
139	-303.4325632318127
140	-309.79792299267666
141	-302.16701823230693
142	-306.0021112360255
143	-304.8340450771829
144	-302.7455252102166
145	-298.4166556409754
146	-303.8379019264908
147	-305.41203509346565
148	-301.26591393884394
149	-302.3341007350346
150	-306.45872011116427
151	-305.06145205901356
152	-306.1406805819874
153	-297.24799561439823
154	-303.4485996923572
155	-300.1709092527289
156	-302.2986398496546
157	-304.9463734752915
158	-300.3905322907246
159	-298.57918703299237
160	-305.42006769047066
161	-298.9296338734228
162	-295.57884778815344
163	-301.34388918060887
164	-301.97719753666263
165	-306.7447187608033
166	-303.51907470563617
167	-305.639316969389
168	-304.7677827251204
169	-312.43078774941927
170	-304.79638692384987
171	-305.2876173786747
172	-307.02749255638463
173	-310.3425799892321
174	-304.4589407737831
175	-309.69065609856204
176	-308.03603658897987
177	-304.43223530942396
178	-308.52001119515666
179	-306.5919015821786
180	-305.29578395147814
181	-301.9953513082991
182	-302.8735719561792
183	-302.02247991263425
184	-301.51912494963346
185	-309.3937059104797
186	-303.34569664994507
187	-308.32894429938176
188	-304.1383986724322
189	-311.3753280485092
190	-307.03274859980456
191	-303.0050726466266
192	-309.0062364081377
193	-306.25619733549814
194	-304.0170674151605
195	-296.2627924916645
196	-303.2271130325161
197	-305.80299806916497
198	-301.76056416891754
199	-300.0132005359679
200	-311.2858706769814
201	-304.78323908781937
202	-306.1560813001791
203	-301.80400348304073
204	-303.77026630835627
205	-303.79727249888293
206	-308.5546354038003
207	-307.1405079657167
208	-308.13684743801923
209	-309.64732081474256
210	-304.55890002028036
211	-305.41306485622226
212	-306.38730083248737
213	-297.31652841603125
214	-308.5645346931663
215	-300.3766091314548
216	-300.4576758876098
217	-305.6339759946718
218	-302.96153113823505
219	-313.1455605957971
220	-305.15485883594084
221	-298.382818970101
222	-309.6875968782151
223	-296.783974004963
224	-300.91887431853144
225	-303.48263093636757
226	-300.50389914389336
227	-309.7261314219643
228	-303.0681892645833
229	-306.75770272226913
230	-300.1564810855093
231	-308.5134168478468
232	-307.25983031289525
233	-301.7173123270992
234	-308.99667510963917
235	-302.3690513937535
236	-304.6229306383397
237	-302.6816193299462
238	-304.8146867252796
239	-301.48447868640255
240	-310.40874442403765
241	-302.0278673521683
242	-299.37199392256804
243	-308.4095472050821
244	-307.29434986536893
245	-302.90085221808994
246	-303.8500689293631
247	-296.1786098712836
248	-305.62226132542816
249	-303.9831995611267
250	-304.0125532808858
251	-308.9256370494232
252	-306.33259431099015
253	-304.4234382237905
254	-314.0295511311758
255	-310.5416615095898
256	-305.65930539197944
257	-312.7180498820465
258	-313.96947933289204
259	-301.60379369618664
260	-304.5952764358321
261	-302.03717530079524
262	-303.7329744281353
263	-306.84319780546105
264	-301.5311303653506
265	-307.28851622901993
266	-304.202370761235
267	-307.8791513423019
268	-310.9056353884292
269	-307.4851064004118
270	-304.23065254719
271	-306.15769638184344
272	-309.0033174995232
273	-304.0574814675335
274	-307.68394904059164
275	-305.4270266511965
276	-303.17153235900855
277	-306.39141968993863
278	-305.60452246427974
279	-310.5915932498609
280	-309.3185824659361
281	-308.7289696473776
282	-305.9028227197631
283	-302.2887363816504
284	-300.53060788417014
285	-296.03340199469085
286	-298.1434419255887
287	-306.9031804612601
288	-307.01920664152243
289	-307.0347140188284
290	-305.1296631365949
291	-309.85729355543657
292	-308.5275816736686
293	-305.69228028440375
294	-302.7307417230419
295	-305.6759612076449
296	-310.123544046182
297	-311.4063021979604
298	-295.31989546341174
299	-297.1563441650875
300	-308.12214282784913
301	-301.5463992124429
302	-296.8550436063639
303	-304.60199714190105
304	-298.3183473403999
305	-303.9938330391591
306	-301.87666004484817
307	-300.9698434597075
308	-307.88947508995295
309	-304.9788989497919
310	-307.8028049716716
311	-304.7385324035655
312	-301.3562489746178
313	-302.6597717047879
314	-305.7882856587312
315	-308.2339592791408
316	-302.3522959668744
317	-302.45254830573043
318	-305.51155387188413
319	-302.1982790872315
320	-303.7149814043806
321	-306.11743334909295
322	-307.37795887430906
323	-305.8483386167655
324	-305.12363576145617
325	-305.55359279742135
326	-306.5939744127734
327	-307.5075257897417
328	-309.3751782840118
329	-301.1183863772937
330	-302.19678808312267
331	-309.85354959650795
332	-298.1456170072189
333	-302.24962597294234
334	-299.1868966092779
335	-305.3763927922215
336	-303.0917507291598
337	-302.07261621897
338	-306.1555092672136
339	-304.8138369950183
340	-304.3588837729268
341	-312.73009763417076
342	-310.3517112557676
343	-303.60852426545296
344	-302.95361507811145
345	-306.0804818420891
346	-308.19548975577146
347	-302.8476532466365
348	-308.12060147547834
349	-302.0341883477597
350	-300.34604036894376
351	-297.5826144128625
352	-304.63746911561924
353	-301.26047378689185
354	-301.7155318387355
355	-312.63053103937494
356	-309.85495496644756
357	-309.95046740174536
358	-298.58608198634835
359	-302.4353457780564
360	-311.9272604588339
361	-303.0490883710908
362	-311.39393384083854
363	-306.47787110691127
364	-305.14613748358636
365	-302.1429033204007
366	-312.558631730403
367	-308.443048064412
368	-309.1911429149471
369	-305.7542655667766
370	-304.88999938551
371	-313.3706789799244
372	-302.9562570002843
373	-303.9344447104096
374	-305.4403623532822
375	-309.2946859491114
376	-310.7688832820125
377	-311.5373758009727
378	-307.5459750427497
379	-308.6268370815403
380	-303.39135658548963
381	-297.07032480795095
382	-311.21528309040195
383	-304.9294240057867
384	-308.75515653022353
385	-305.91044223354936
386	-295.8373303133545
387	-302.9965817447146
388	-303.6795336476203
389	-304.0256740403323
390	-308.57111937269326
391	-312.04712477555626
392	-307.79068102245026
393	-295.88202717049006
394	-296.3508500830363
395	-304.1287509295089
396	-309.8126167858337
397	-303.2667905694869
398	-310.1172891680651
399	-305.0994727875201
400	-309.2092503766347
401	-300.1088422184555
402	-304.16205056990736
403	-302.1385287529635
404	-305.72694909584425
405	-307.090139755295
406	-297.404911249906
407	-308.5941305274428
408	-303.6235977377694
409	-303.37055222566903
410	-304.54192804151575
411	-303.033340152187
412	-302.4849425926212
413	-298.18960372587895
414	-300.488973457626
415	-296.4871192667454
416	-306.12569548876263
417	-305.689276920986
418	-303.72617982226905
419	-302.4091266773725
420	-305.6379879354022
421	-311.68236859032726
422	-302.0436166119443
423	-306.4662521459473
424	-308.5867181394578
425	-305.93295778629243
426	-302.4561646032702
427	-302.80195630435145
428	-302.623466885253
429	-297.83385078905104
430	-300.9267015167817
431	-302.4832339826927
432	-305.3649013334894
433	-310.7131826723638
434	-312.163106621444
435	-306.16016308065207
436	-307.0359616355065
437	-304.5271035900578
438	-304.78719031569466
439	-306.1023202825202
440	-305.8268995221293
441	-307.66321180257967
442	-305.337726332354
443	-306.772288511963
444	-309.7977959686006
445	-301.02295962363434
446	-305.65122842061385
447	-305.6290095646842
448	-304.1311370275051
449	-305.0702837777638
450	-306.3611254946099
451	-292.8273169032883
452	-303.019157734929
453	-298.5490046442743
454	-295.2036947834862
455	-300.04152135558235
456	-298.0094969937273
457	-301.9809628416136
458	-299.56899499801256
459	-299.8156142589714
460	-299.6580206471313
461	-313.8218686640824
462	-301.13040017372384
463	-305.88460196432584
464	-310.5241621135723
465	-302.63923474455834
466	-302.0313340909716
467	-303.4350821146343
468	-310.03189880584773
469	-301.4886740913445
470	-304.0599657187589
471	-305.69671705911003
472	-304.80868482276725
473	-305.8504545901546
474	-308.06178339272856
475	-302.2996403421805
476	-308.1854964312892
477	-302.0898353418587
478	-300.7958480547974
479	-308.9418944256563
480	-306.2384465862602
481	-309.16254004906864
482	-305.72848094798564
483	-304.02808598435996
484	-297.80322977746823
485	-308.82985753998594
486	-306.93507281986496
487	-306.69528738790757
488	-306.2841452930036
489	-306.17650527619065
490	-305.8446537692443
491	-313.20446649487315
492	-302.4925441490759
493	-305.7424818784627
494	-299.82981656353564
495	-294.245067290597
496	-304.65386273239596
497	-306.9526
498	-306.6485969282676
499	-304.18073464201404
500	-308.47591224965964
501	-302.9407111410683
502	-291.14688680376366
503	-309.03129123085193
504	-305.65478494839175
505	-303.43448024107397
506	-304.1778817002805
507	-305.54657503014766
508	-308.1312158971151
509	-303.38163870406845
510	-307.1094568162409
511	-304.2001235735978
512	-302.566321952887
513	-303.4201409510923
514	-307.37477683237313
515	-305.1319961190635
516	-306.9563605528163
517	-308.39662585090167
518	-305.90034269636067
519	-297.96225897451984
520	-308.10202943528384
521	-302.1667337553354
522	-307.27332175691316
523	-306.5538447660627
524	-306.2763884756995
525	-310.85396817167907
526	-309.6275269444511
527	-309.1757497569055
528	-303.3643758343548
529	-301.25261125391427
530	-301.8606155215665
531	-309.9553626236946
532	-312.43272738448115
533	-307.5569038269436
534	-300.7991474954553
535	-307.1070346724632
536	-307.1472676233582
537	-302.1079350934884
538	-306.1995123271046
539	-309.2755621087135
540	-303.9291049142452
541	-301.81515755452233
542	-302.368616332399
543	-312.09781538953337
544	-304.3342466219585
545	-306.46840464097335
546	-306.4680611842287
547	-301.4081861636019
548	-306.73994061048415
549	-300.3997841639242
550	-307.4109039565241
551	-300.4854520561455
552	-299.55338552986274
553	-307.585299688537
554	-307.0542608109459
555	-306.8505796874126
556	-303.79511023872305
557	-305.56100261225714
558	-298.5016811292362
559	-305.75312669693557
560	-310.39811761736553
561	-300.089811141364
562	-302.41859958562367
563	-303.9044854640459
564	-302.322352226421
565	-302.9736913657702
566	-300.61160585977575
567	-304.1729225589305
568	-307.32019639442
569	-305.24391140955197
570	-307.90933630457914
571	-307.59289494021743
572	-306.41436365285904
573	-300.91932268361035
574	-304.08161999185626
575	-305.5355507157311
576	-300.8290070612073
577	-300.4299954763484
578	-305.2016550647759
579	-299.00143938723704
580	-306.98181691732924
581	-306.3556354014046
582	-298.3340341969334
583	-296.0177772662802
584	-306.95848173244553
585	-307.0835748411702
586	-307.0288000011336
587	-303.0532336353337
588	-305.1021577472184
589	-308.599819826518
590	-306.85342057029885
591	-307.3856487945056
592	-307.4844698575983
593	-305.9774641046387
594	-305.28798724466765
595	-307.42114093308214
596	-304.9606433878576
597	-304.3725946067784
598	-306.55072718444524
599	-306.5886098777338
600	-304.40081719435625
601	-308.44819040032775
602	-305.568457055613
603	-300.1255808365808
604	-309.8639368471688
605	-309.69222763533696
606	-309.5943217834745
607	-309.657732468178
608	-308.0718836189921
609	-308.22966411216584
610	-304.710507715301
611	-303.8062813342014
612	-306.14543628633567
613	-310.41113006296376
614	-304.91683895037824
615	-310.7191757050994
616	-303.4890129105244
617	-300.7962432825969
618	-305.17195885817546
619	-313.73705208646766
620	-309.70060726565845
621	-308.8596744673852
622	-309.97903015005903
623	-307.3001593080861
624	-307.6948727519137
625	-304.4397115189179
626	-303.4404482604455
627	-301.3524791574744
628	-307.5745014169188
629	-303.82701324916206
630	-309.6891055462327
631	-311.21486740311036
632	-307.8859897020147
633	-305.1587446378572
634	-306.60489739032704
635	-303.0136847269058
636	-307.7131809536768
637	-307.6474078438289
638	-308.7857120776393
639	-306.68213867950567
640	-305.56733013865784
641	-303.8819913516078
642	-304.4987211781013
643	-307.0599623907368
644	-308.65387470474127
645	-304.0597716463728
646	-305.37699169631657
647	-296.2717551259921
648	-304.37529985183215
649	-305.29876268201417
650	-298.44868012140654
651	-301.42020860536894
652	-303.94181154773963
653	-300.8302532941172
654	-308.0737920625941
655	-311.1999086197055
656	-308.363545165716
657	-307.94672705840543
658	-302.85544714071983
659	-305.08599691971756
660	-311.1979211866002
661	-299.799378418237
662	-307.8609188601304
663	-307.92107416390417
664	-303.1167805073348
665	-305.68100935216466
666	-308.5053058620175
667	-308.45743521756793
668	-300.79251040290563
669	-301.7847680737754
670	-304.5888655404158
671	-308.84685912845055
672	-309.4782433864149
673	-300.11636842254705
674	-298.8376449627199
675	-304.3085804403323
676	-307.0292268669641
677	-305.6050781515241
678	-306.836227195866
679	-299.3183056294548
680	-306.01498353257705
681	-301.86862340920123
682	-305.2216116880607
683	-297.4373745332228
684	-303.14968547804534
685	-304.54507590594005
686	-303.75767616623193
687	-305.24752900262
688	-302.57395791782983
689	-300.6275901131372
690	-306.74087694406313
691	-303.317525296083
692	-306.5701470178167
693	-304.1058538530116
694	-310.07224009706255
695	-306.9770196727052
696	-299.05428804471074
697	-305.3065451823008
698	-304.36252008839705
699	-307.461677378804
700	-296.13977122159815
701	-298.6618879050391
702	-304.7926678567871
703	-307.7430212539374
704	-304.1338164121678
705	-311.1273347256624
706	-303.7089142802413
707	-301.8837023324454
708	-304.59310865964846
709	-308.07878524367317
710	-303.60712243006765
711	-306.4947662372325
712	-306.5669686443197
713	-303.85795606412347
714	-310.1692885637231
715	-311.4096303374935
716	-307.5995078556768
717	-306.96107701132786
718	-302.3907104592917
719	-305.22352773786145
720	-300.7612955408005
721	-299.41903168510686
722	-303.78949300719984
723	-302.9197844268262
724	-303.82609876825876
725	-295.32416927286397
726	-303.99749341776663
727	-305.8662116392554
728	-300.5781249967268
729	-302.2650506694239
730	-301.9512654694006
731	-303.76623584666174
732	-304.4969203557252
733	-304.2631621688286
734	-304.21116243598453
735	-305.43527961521346
736	-303.7335625327762
737	-307.6381961617194
738	-301.46083070315944
739	-305.8833402374221
740	-296.45909147655067
741	-302.95573990172477
742	-307.21741459938994
743	-304.7155422126906
744	-300.281159011835
745	-303.6124523289754
746	-302.7243663544158
747	-306.82100968482405
748	-302.56811733356653
749	-301.5472615508913
750	-306.2580510313221
751	-294.89986425064734
752	-304.6972003885451
753	-304.13209198611986
754	-307.09067462599563
755	-305.7179202495037
756	-300.7503296403474
757	-304.50603650796415
758	-300.6166749625883
759	-308.5058439207476
760	-304.57983207321524
761	-307.059625093987
762	-303.502297720322
763	-302.77225077263785
764	-305.8825375180427
765	-301.8834094550924
766	-307.4816848078905
767	-302.48802389163615
768	-301.4850249734659
769	-304.21269500799815
770	-307.46666769836634
771	-308.6487779188968
772	-306.0885150380888
773	-307.3009178011125
774	-303.0599124579457
775	-300.67018930143206
776	-297.7040765957317
777	-303.3440303314847
778	-306.52822909401044
779	-299.6210340019435
780	-303.3003704831191
781	-308.90209198199744
782	-308.3670588241945
783	-304.5162971732105
784	-303.7302524605535
785	-305.36627266542126
786	-311.0267092436506
787	-305.580859402162
788	-306.92593956903954
789	-305.0626400426271
790	-299.02314369410385
791	-301.8321978876067
792	-307.3394486861788
793	-303.71323501544595
794	-300.858643630758
795	-303.7851293932493
796	-301.8275639697887
797	-308.5400042704197
798	-307.71971247973664
799	-307.4482420850492
800	-306.06022423839596
801	-305.52279573133234
802	-307.4596938641317
803	-302.0706934448513
804	-306.85524108078687
805	-305.6798166908095
806	-303.06363876816283
807	-303.1332530984285
808	-303.8928865602256
809	-300.77178541789453
810	-309.4946602919287
811	-309.738298323401
812	-306.45349329102135
813	-301.9370372139879
814	-306.1082931065903
815	-313.67700270038847
816	-312.5880940760992
817	-304.54147768568447
818	-310.97148382196946
819	-305.58431901945715
820	-311.0294299925916
821	-302.9513004536374
822	-310.5384073764524
823	-302.71385390433664
824	-309.38126751467337
825	-305.789551181082
826	-313.01466208957714
827	-309.6160260271251
828	-306.5043034202577
829	-311.47731661536034
830	-311.7076629924611
831	-306.45997702746985
832	-306.41213190151376
833	-309.8163513114375
834	-308.4164894266557
835	-310.10196406251833
836	-306.8968720846184
837	-309.91925259939603
838	-308.1886526124237
839	-305.61515373338284
840	-308.0156859932362
841	-310.3568076179589
842	-310.24215816127753
843	-308.9510105211907
844	-302.0590063429234
845	-297.10459079209744
846	-303.6673744984849
847	-301.4423795468737
848	-302.33350196688843
849	-302.03800471361893
850	-298.98322307295376
851	-301.54444367560893
852	-306.11786039091976
853	-305.741643384772
854	-305.68430980054677
855	-294.32617638226446
856	-309.94990977187564
857	-304.660824930219
858	-301.21599776795443
859	-305.1620969446716
860	-305.8844728775983
861	-305.60317228744657
862	-304.36345656347584
863	-301.865892122041
864	-318.8717699888923
865	-304.94261899801603
866	-305.54332846542843
867	-306.8445039060708
868	-308.5708842705652
869	-301.84176055431914
870	-305.4000320332899
871	-300.0894344890036
872	-308.08086877011516
873	-307.11671812963147
874	-304.79698118455417
875	-309.2323820402452
876	-301.8384340853463
877	-299.2622721929632
878	-302.0494661114708
879	-311.4503636237592
880	-306.62951577903374
881	-304.97859126843576
882	-302.40491564789517
883	-310.9219706369164
884	-304.9525256917598
885	-312.0777280515339
886	-306.2182046519113
887	-310.9914929580631
888	-305.5773990474447
889	-307.6272876041255
890	-299.2015911906341
891	-306.31217431079733
892	-305.9834455804224
893	-312.8652701763778
894	-307.93813415375763
895	-305.935398802671
896	-308.10052334937365
897	-306.4486869263706
898	-301.99528491640785
899	-311.2415871021721
900	-306.099158358521
901	-302.6792287052717
902	-307.48354064348837
903	-301.1806139358368
904	-305.9693224619192
905	-310.55807375966117
906	-303.43482559009317
907	-305.70398333186
908	-304.0074892633982
909	-303.6005289269586
910	-302.64293293507984
911	-298.4613590394407
912	-308.72425579130385
913	-305.63958054567183
914	-300.257692597496
915	-302.7754716023638
916	-309.52356725590863
917	-308.032252833033
918	-305.2890621401502
919	-305.37334900886435
920	-297.6243733407166
921	-302.5098332191057
922	-305.2800140978295
923	-304.2620099529009
924	-296.5092895663549
925	-308.238001283217
926	-301.28052396075174
927	-308.59783570134056
928	-305.07245710957545
929	-298.5966552430549
930	-299.7535736322413
931	-296.8704977845235
932	-301.9250790312171
933	-298.9149372467338
934	-304.4993232199852
935	-307.7079015301451
936	-303.2069400544874
937	-306.9993687867928
938	-310.104873773603
939	-308.8187541318812
940	-302.7867618640848
941	-303.53251387496516
942	-303.3885454352063
943	-302.6679457417325
944	-300.67571976735456
945	-301.5055979878646
946	-306.81538720103987
947	-312.68054174070454
948	-304.4412640532548
949	-303.67532834917034
950	-310.9016461983835
951	-305.6968381185987
952	-299.7421684176491
953	-305.96405296370654
954	-304.05631827506267
955	-299.50672961726366
956	-300.1799300995599
957	-297.07576806173364
958	-303.6248913552594
959	-306.05981484758246
960	-302.13750508559
961	-301.27202418421757
962	-300.8633387967014
963	-306.64311215873335
964	-303.323252546134
965	-295.13814723303733
966	-300.47232800110714
967	-304.4244961902624
968	-300.127731520201
969	-303.0890198292108
970	-306.2035097771384
971	-308.4715341329584
972	-310.3465500050069
973	-311.0401127694249
974	-310.89040924756455
975	-299.28158381148495
976	-305.5527069550748
977	-306.8933251004094
978	-297.7661111695036
979	-297.74981696000117
980	-303.64184782856967
981	-304.1214125784151
982	-312.0992446305782
983	-308.8114269878141
984	-301.2812296209512
985	-304.6315645855248
986	-299.21817678487014
987	-307.5135610902704
988	-305.68497631798937
989	-310.20737654315747
990	-306.43665670529765
991	-306.66830308078636
992	-303.21521186071266
993	-309.6803560836202
994	-307.87751679355216
995	-308.0001595141649
996	-304.61661368926883
997	-302.2926116376198
998	-297.28095957724224
999	-301.0811624562296
1000	-300.3285936900797
1001	-302.46046473120094
1002	-310.1467131280784
1003	-301.3531130375311
1004	-299.96873374582316
1005	-306.9946682669613
1006	-312.60703667448837
1007	-303.55398400656554
1008	-312.472796954541
1009	-307.8793627150074
1010	-312.2379902148665
1011	-304.7786393682779
1012	-309.41545241083145
1013	-298.2678807689916
1014	-312.2135022360247
1015	-307.8948642193096
1016	-306.02304774736905
1017	-308.06108535255186
1018	-305.929600799349
1019	-304.5835214028556
1020	-300.7288655968271
1021	-310.50037235478436
1022	-309.75073659018517
1023	-312.82096245232015
1024	-305.23945486720174
1025	-309.1308221774619
1026	-305.13877327154455
1027	-311.6249492238997
1028	-307.9145476533725
1029	-308.54791484118647
1030	-313.7750429018572
1031	-302.18419600778344
1032	-303.851494168865
1033	-307.541274959697
1034	-309.0137584159163
1035	-307.61597534904223
1036	-312.3391972596615
1037	-293.5596156487281
1038	-301.8683477144297
1039	-307.96356264283287
1040	-309.11472281513454
1041	-308.9165869106818
1042	-312.0743642094158
1043	-306.61604594857994
1044	-302.9719917264001
1045	-308.4631494614083
1046	-304.7214520457945
1047	-311.4013191456592
1048	-312.31904126886957
1049	-308.30165153158316
1050	-302.56555017631666
1051	-306.6401443286437
1052	-312.53678588685375
1053	-305.2860102613035
1054	-310.45388680953374
1055	-302.0022143504881
1056	-312.5747100187201
1057	-308.6216283530886
1058	-307.9940209472907
1059	-307.9540513880002
1060	-308.88052526508966
1061	-308.6256789686864
1062	-305.44254621723917
1063	-308.1762261652408
1064	-299.7158934388059
1065	-297.9585891607361
1066	-299.6123379939955
1067	-307.63572899164444
1068	-307.93073984542684
1069	-308.13987449034585
1070	-308.26072895629676
1071	-307.55995239452955
1072	-311.0554947372294
1073	-310.16885141111004
1074	-303.32889280156024
1075	-302.14414227256606
1076	-302.2059822458637
1077	-304.9613441166552
1078	-312.8691478818266
1079	-305.6670519059397
1080	-309.2082345860209
1081	-308.86176821485634
1082	-305.28634562724056
1083	-304.84744783415346
1084	-313.85198232596264
1085	-306.49169610350737
1086	-307.9637863444859
1087	-302.51511607358117
1088	-310.981987798223
1089	-304.4509373036353
1090	-302.7101254149475
1091	-306.2217048770659
1092	-306.53186859685667
1093	-308.9809342763415
1094	-308.717159601991
1095	-308.8202182780976
1096	-310.24982899072376
1097	-305.11024405441185
1098	-300.66527287228524
1099	-299.9398039743863
1100	-313.5318948741829
1101	-303.6749566503069
1102	-301.7737554333546
1103	-308.84457929532294
1104	-306.8568548057391
1105	-305.9640257571901
1106	-303.2628274883479
1107	-307.7184812629348
1108	-310.963177931539
1109	-306.36608333493285
1110	-306.72718323755873
1111	-306.1514064638107
1112	-301.4284909342879
1113	-296.93538848912783
1114	-310.3047757606161
1115	-298.42147639581805
1116	-306.1627218727299
1117	-306.6146727389131
1118	-305.3256318976323
1119	-303.77439377057783
1120	-314.363508365706
1121	-300.7637641155413
1122	-306.77940733970564
1123	-314.9706497351634
1124	-304.8926775835644
1125	-309.85610417333237
1126	-304.8949675203153
1127	-308.4256236057738
1128	-303.8263866569613
1129	-304.0012706500187
1130	-304.4343116509132
1131	-301.5976014004745
1132	-307.3352580991075
1133	-313.73200864351173
1134	-303.57138722934684
1135	-306.89544634046246
1136	-297.2018231914943
1137	-306.0300122697089
1138	-302.3677089872576
1139	-306.78843902362917
1140	-295.86981387236654
1141	-304.39723723928546
1142	-305.8108007704907
1143	-306.0497800900893
1144	-311.48264649384186
1145	-311.9675425416859
1146	-315.16222275964975
1147	-313.1987873730637
1148	-306.7296000776433
1149	-311.07359668202747
1150	-302.0996565911115
1151	-308.72763933616193
1152	-300.72851336800505
1153	-304.9963429534435
1154	-307.77676994422876
1155	-307.44060794119525
1156	-307.11392235973017
1157	-300.87939708663225
1158	-307.2623932529027
1159	-308.5439267048771
1160	-309.096789394388
1161	-308.8744785261501
1162	-303.411864103084
1163	-303.2281459887826
1164	-304.5833824855607
1165	-307.619330415939
1166	-310.7682805528226
1167	-303.5691267624552
1168	-300.45579938002106
1169	-303.57424865941186
1170	-295.7969975943658
1171	-299.34888984524065
1172	-303.3850639086991
1173	-309.42554663839087
1174	-309.0493403353012
1175	-312.10795347005904
1176	-313.031475476567
1177	-295.39123934761653
1178	-309.97313052198
1179	-308.26153227974305
1180	-304.27330499613015
1181	-308.8471420938667
1182	-299.49969423265543
1183	-314.1209523053523
1184	-296.1221785247792
1185	-303.73146588362704
1186	-310.19777549525014
1187	-306.9892958735057
1188	-310.3341345983695
1189	-310.5344564172805
1190	-308.66419647035855
1191	-303.74167309268574
1192	-311.89370341587113
1193	-302.72348257529325
1194	-311.2683366447008
1195	-314.53800013776487
1196	-307.14809745117617
1197	-303.0703578139811
1198	-303.67689518024054
1199	-310.27160252016756
1200	-305.32532870033896
1201	-306.39880552558276
1202	-304.3162865643522
1203	-310.8696214710911
1204	-306.89698741363827
1205	-312.535239767596
1206	-308.6336935311504
1207	-312.78491249067696
1208	-313.7708955211659
1209	-304.68783862013873
1210	-310.6168978169217
1211	-308.2916604847838
1212	-308.99720028668906
1213	-307.3902112575097
1214	-308.0915161145982
1215	-300.5824387252738
1216	-311.020707377389
1217	-311.53716438692084
1218	-306.0811481023278
1219	-306.70636341488654
1220	-308.880974009541
1221	-311.0647677654666
1222	-308.2163168365472
1223	-312.28997203687544
1224	-309.232885941227
1225	-302.9808072997398
1226	-307.0206029227122
1227	-308.2879759208083
1228	-306.2247848451912
1229	-309.5540915931665
1230	-307.7718659288185
1231	-307.48828940807664
1232	-305.48388551819517
1233	-306.18200080641134
1234	-309.2089614233912
1235	-307.7932754163137
1236	-302.821808784215
1237	-306.96909565974784
1238	-304.6369351972639
1239	-297.3156244402602
1240	-300.0667340748483
1241	-301.4261015876151
1242	-297.2017409749546
1243	-304.71828770224823
1244	-309.23800149313286
1245	-302.76732160826685
1246	-307.23101119492014
1247	-308.28609339937674
1248	-305.3463501333208
1249	-307.8247161903595
1250	-307.4878849078592
1251	-295.75066583497653
1252	-305.9458094417728
1253	-302.73937172752204
1254	-303.92140773469436
1255	-308.71265117046005
1256	-302.2688045352437
1257	-305.4149719892105
1258	-303.6812656062005
1259	-300.0434566315693
1260	-301.0036928348923
1261	-303.35800327924863
1262	-303.40405244534753
1263	-305.79616580507764
1264	-302.08286044194296
1265	-304.2938223993046
1266	-307.76890762538636
1267	-303.80874030066104
1268	-301.9861173267689
1269	-309.9609213189707
1270	-301.67176141323176
1271	-303.5557247378175
1272	-304.03610790609036
1273	-303.4519912080398
1274	-304.4312648373258
1275	-307.12720663662117
1276	-301.25892495038596
1277	-303.8805590357567
1278	-309.4948490428186
1279	-311.24530691631617
1280	-307.36350078935584
1281	-301.24253817890104
1282	-314.3651214464762
1283	-307.32010883222426
1284	-310.37277957207954
1285	-303.262308007879
1286	-304.1558639158809
1287	-305.697149778177
1288	-306.1197847042985
1289	-307.3485478084908
1290	-310.28122873005736
1291	-303.0085173269222
1292	-307.3996898934415
1293	-304.2788214420598
1294	-308.7094798927864
1295	-305.1420431878831
1296	-306.29896985160013
1297	-305.2595638857228
1298	-310.317230926457
1299	-301.48117884023037
1300	-301.7650831559141
1301	-306.79326536632243
1302	-310.44757687021036
1303	-308.95726205735457
1304	-305.3088637964565
1305	-297.3258672598728
1306	-306.38094407543
1307	-308.7546035645506
1308	-308.9706013835382
1309	-309.9198821255073
1310	-303.1809847762172
1311	-312.866715077952
1312	-304.3590267737688
1313	-305.2297998897672
1314	-304.72845106632735
1315	-309.14717597796806
1316	-307.6623795873757
1317	-305.3121433636636
1318	-305.7978833666106
1319	-300.36388073531975
1320	-308.9209086065852
1321	-307.2337658615921
1322	-304.2067998336019
1323	-305.08829718605716
1324	-311.4509542649261
1325	-306.53190910680206
1326	-299.3575989507069
1327	-297.9201581782572
1328	-303.2429759321265
1329	-305.93023969864277
1330	-308.7878903836052
1331	-307.14388316733385
1332	-303.20496523636007
1333	-310.3042767162884
1334	-309.688033305491
1335	-303.85160791298574
1336	-305.5593545262251
1337	-305.37602618997977
1338	-312.3055527444743
1339	-306.8912431624411
1340	-303.9589180400631
1341	-309.7132838995839
1342	-311.0635316929973
1343	-306.75166708253215
1344	-304.0683249620592
1345	-302.8625207400202
1346	-307.16574203952416
1347	-312.31261758204073
1348	-300.07898392722325
1349	-307.8218018892338
1350	-303.9973517278333
1351	-309.98116695942787
1352	-300.40927175546096
1353	-299.37372744214383
1354	-314.08374488104147
1355	-303.2510128051056
1356	-311.69058548806487
1357	-314.408523667981
1358	-310.7034686774226
1359	-305.04382848800935
1360	-315.34683284620905
1361	-306.95246454282733
1362	-304.69558169218055
1363	-306.36889006154803
1364	-306.72678432017153
1365	-303.2825568335462
1366	-304.60636010216376
1367	-309.4378563511928
1368	-298.67606854473814
1369	-313.28194583016665
1370	-306.63092748150746
1371	-304.606027449427
1372	-297.62698025330724
1373	-301.34351414681964
1374	-300.69095355302534
1375	-296.2112638611025
1376	-305.40623755576433
1377	-302.0515622900761
1378	-305.9675706414443
1379	-298.5217158242018
1380	-304.29639218244273
1381	-305.7966460470689
1382	-306.3552539975227
1383	-305.8790095734294
1384	-308.4011186479281
1385	-303.44425206794824
1386	-312.92563533068585
1387	-306.42037069148154
1388	-308.537528007791
1389	-309.46808106401454
1390	-313.76109248955856
1391	-307.11551753571416
1392	-314.61635883761267
1393	-314.3467948874811
1394	-303.7594076620437
1395	-305.8416723389824
1396	-309.2673625327201
1397	-309.6744657656627
1398	-306.94921035252975
1399	-302.87378653837743
1400	-309.92426624882916
1401	-306.1082396145528
1402	-309.8858184675032
1403	-309.95656196530274
1404	-304.6109306483091
1405	-309.1737784212221
1406	-308.68603995554565
1407	-303.4841481815703
1408	-305.1436968819429
1409	-303.4696192222078
1410	-300.5408409179192
1411	-299.78766287116144
1412	-304.92391997358357
1413	-310.12956774210954
1414	-310.11254400079724
1415	-304.8788647392441
1416	-309.6989547349005
1417	-307.9059742599227
1418	-301.35661526639626
1419	-301.9620719891684
1420	-306.98069277207156
1421	-308.6651775656581
1422	-311.9285320696519
1423	-304.6239948899632
1424	-300.3957270390573
1425	-313.7053517961964
1426	-297.93257655439595
1427	-299.7399733002547
1428	-303.7807548719244
1429	-302.36086454927624
1430	-304.36722629974565
1431	-297.5670391709998
1432	-298.2179241787046
1433	-307.4294168843015
1434	-310.07412841968693
1435	-309.55477700661737
1436	-303.7523931024186
1437	-304.62128057340414
1438	-301.3096620467523
1439	-308.50565630451644
1440	-309.98348767251133
1441	-305.3225760997027
1442	-313.2754531058226
1443	-305.9033038746985
1444	-306.6822873901756
1445	-301.411671163106
1446	-314.6714396882232
1447	-309.4287619266731
1448	-303.684339543207
1449	-307.06501445049753
1450	-302.49191792646934
1451	-290.28793780357637
1452	-302.832179311563
1453	-308.0306108817345
1454	-303.55437293856045
1455	-303.4787915289909
1456	-303.5097251239753
1457	-301.1311075795993
1458	-308.05543690109243
1459	-304.4966298703946
1460	-303.8663056863107
1461	-307.29296233320053
1462	-299.8799919538662
1463	-298.5184
1464	-306.0520825344386
1465	-305.58754729592886
1466	-303.75071428277005
1467	-299.866895446863
1468	-299.777158217268
1469	-303.7999532173339
1470	-306.20057338473805
1471	-306.1414025727449
1472	-308.7717114789824
1473	-299.44773426318176
1474	-303.3164088169073
1475	-309.15847299568463
1476	-307.02588738817064
1477	-306.6597886911661
1478	-302.64467700707286
1479	-303.06242600412656
1480	-303.2217588198098
1481	-295.51396505242565
1482	-304.15679543800826
1483	-308.2086830602721
1484	-306.103578556029
1485	-307.33191307826877
1486	-300.3963808153723
1487	-300.1472803176413
1488	-308.79466442912604
1489	-305.50944855284536
1490	-305.89157941612797
1491	-297.2769284130049
1492	-300.1573001648727
1493	-303.84536215163325
1494	-308.10077244731787
1495	-305.0889258107059
1496	-305.50880227321187
1497	-312.0425778239716
1498	-311.7485051097312
1499	-305.79839919843647
1500	-303.7071482247473
1501	-301.448371813963
1502	-298.74372113170244
1503	-306.79700344641833
1504	-302.4670290568703
1505	-310.8351889356261
1506	-306.05292638524764
1507	-304.3833471709906
1508	-310.95201331348443
1509	-302.1462966646982
1510	-306.44665741616114
1511	-306.41100802426433
1512	-306.0848185494609
1513	-304.51897855702856
1514	-303.72129865095724
1515	-303.3266869211965
1516	-310.4766872645157
1517	-304.4540061968094
1518	-304.8435491224335
1519	-302.392155329473
1520	-307.2190451775134
1521	-303.49049145765485
1522	-301.8453739493928
1523	-304.5142666791765
1524	-309.8881957400264
1525	-309.98873308901193
1526	-308.1387313722525
1527	-307.110663323975
1528	-305.82306818652773
1529	-309.08884346640406
1530	-302.3295859121135
1531	-295.5792143495396
1532	-310.22515473534946
1533	-306.9843128714521
1534	-309.53849971923404
1535	-301.37451565683904
1536	-300.5275631377964
1537	-304.4172464370592
1538	-306.63646435939216
1539	-307.51993043451756
1540	-302.23812879053287
1541	-299.6673435913634
1542	-306.4376188833029
1543	-304.0250888899647
1544	-303.9054873046054
1545	-306.96941132565
1546	-307.20945278508566
1547	-312.5189155004823
1548	-303.24809015849814
1549	-307.45843731090014
1550	-305.9741910965236
1551	-307.77427676727274
1552	-303.9305779148054
1553	-303.32005697608025
1554	-307.7292968295075
1555	-300.34952830630897
1556	-301.1934191154605
1557	-303.5025679143368
1558	-310.78598309212873
1559	-308.2664377349769
1560	-304.09176666437855
1561	-308.3323819916952
1562	-308.3305708245854
1563	-305.70566444577906
1564	-310.0641638808495
1565	-306.49031022264893
1566	-307.6767972543389
1567	-306.95675438670975
1568	-308.9558781130417
1569	-307.00262109471595
1570	-305.6808603449756
1571	-303.9128464747516
1572	-308.65855377754565
1573	-312.32930262793064
1574	-303.1253541035505
1575	-306.39499898510616
1576	-312.1255096419335
1577	-296.7156948782265
1578	-298.7094114977909
1579	-307.78734248954606
1580	-307.93556410880234
1581	-294.4885337177511
1582	-298.6395597278162
1583	-306.85360239137225
1584	-307.58173590297395
1585	-304.45312506057354
1586	-301.4942557347899
1587	-301.15806579268593
1588	-301.252255334305
1589	-312.03355794082165
1590	-306.064928631577
1591	-301.97415796645527
1592	-307.5427717545081
1593	-307.26747078576466
1594	-307.52380332082
1595	-306.70679873526245
1596	-305.54357195550006
1597	-307.7724325238225
1598	-306.34317045061186
1599	-298.6872653745424
1600	-304.5989489566494
1601	-306.5554209576484
1602	-311.36937909787565
1603	-311.14730885331653
1604	-302.7182052102849
1605	-293.6775230925198
1606	-296.6475588537642
1607	-306.12945019733934
1608	-301.9095163267791
1609	-307.51051581721214
1610	-304.78423653506405
1611	-302.05155590397055
1612	-314.53970120754707
1613	-310.2398933874056
1614	-305.69033856085207
1615	-301.90260019375575
1616	-301.43564749325367
1617	-310.5965913320186
1618	-307.84983198555426
1619	-306.87681766044636
1620	-303.96249075410304
1621	-302.32553613705454
1622	-307.6862628709498
1623	-300.99363300250377
1624	-305.8511253185722
1625	-303.70306153030293
1626	-303.93752683282713
1627	-300.3209342282394
1628	-308.3036905787135
1629	-305.0019883922011
1630	-311.59708570004346
1631	-312.8612661825915
1632	-303.5865010235029
1633	-308.6960436026582
1634	-314.4423795673013
1635	-302.7366725620402
1636	-298.7847963893582
1637	-305.9605689487967
1638	-307.5204662353582
1639	-304.24651236745
1640	-302.3724631243696
1641	-305.9664474803378
1642	-304.5713172403843
1643	-298.48568816114687
1644	-305.3929247166116
1645	-308.605653143929
1646	-307.4410155546347
1647	-304.81977965706915
1648	-309.40334297275325
1649	-310.3865845259656
1650	-304.6961655862018
1651	-304.4751836754758
1652	-309.48620943903825
1653	-306.54916418951507
1654	-300.4824569415503
1655	-308.75505624974926
1656	-308.4114057636485
1657	-308.2790570742121
1658	-307.85416449852636
1659	-307.90956343021105
1660	-302.9848524837886
1661	-301.1764112043952
1662	-298.62531835177737
1663	-311.7401818881676
1664	-307.49739136743915
1665	-303.6882715454203
1666	-305.9437455653173
1667	-303.65051220976284
1668	-306.70630003761937
1669	-304.15029746840634
1670	-311.1206990013052
1671	-309.237282037941
1672	-302.92355013676683
1673	-308.2230885273869
1674	-308.15492701926325
1675	-301.07360201230205
1676	-303.62767949414274
1677	-308.2165252086933
1678	-307.20730506154416
1679	-304.36397600714076
1680	-311.2557189185128
1681	-307.66469274534313
1682	-308.4384249458592
1683	-305.4537543346459
1684	-308.6004580700751
1685	-302.2141078932105
1686	-306.3908057885067
1687	-311.4288406692177
1688	-298.87447900582276
1689	-301.8999678178766
1690	-309.75731234472187
1691	-299.662211600315
1692	-307.93456423717356
1693	-310.1706776000574
1694	-307.4614877530801
1695	-299.4612560015195
1696	-305.38351105922754
1697	-308.71471221842745
1698	-306.23399490816655
1699	-301.12921827559336
1700	-304.5061780300595
1701	-305.68787047380897
1702	-306.45958922883506
1703	-305.7385395901183
1704	-293.8950286727873
1705	-300.12189589569965
1706	-299.6706764310058
1707	-306.0314342896053
1708	-308.06991469690695
1709	-310.90761434693536
1710	-298.54756857715586
1711	-306.96131191939617
1712	-306.0937509991666
1713	-300.0522540786124
1714	-295.8997618127901
1715	-294.4756455773117
1716	-306.9766338098239
1717	-303.907636479936
1718	-303.8308454946777
1719	-304.24923398228555
1720	-305.0280550487939
1721	-299.3614205766454
1722	-313.84791418089895
1723	-308.5166430035627
1724	-306.0652925200237
1725	-300.2218599392705
1726	-308.8805448971773
1727	-308.21939279281116
1728	-309.6768377030367
1729	-307.47916350032705
1730	-302.39896846651646
1731	-308.66668690885245
1732	-303.2477771135823
1733	-302.624838990115
1734	-305.97882395064244
1735	-307.2230182105669
1736	-300.46663155183757
1737	-311.31141208913857
1738	-307.89028994970954
1739	-298.275477251864
1740	-299.4556938313349
1741	-300.5846966596095
1742	-309.1390252074316
1743	-298.70371927561024
1744	-300.9058106832108
1745	-307.1324029758158
1746	-305.12042851639836
1747	-305.12098449253386
1748	-304.3946395212714
1749	-299.516850129203
1750	-307.0015317034635
1751	-311.47569797835394
1752	-304.8182930059305
1753	-298.8842873313213
1754	-305.36128450006186
1755	-306.39427637462194
1756	-307.61057526053327
1757	-303.1662769969147
1758	-307.16875126502146
1759	-310.7761161517848
1760	-305.7545878815473
1761	-308.62342641509247
1762	-304.2492009334923
1763	-309.3342797227688
1764	-308.54594313213954
1765	-302.9129845732209
1766	-304.0414587096102
1767	-307.667136185793
1768	-299.4455591557135
1769	-305.0849846978279
1770	-303.1646494606281
1771	-305.984089407889
1772	-303.2847408756
1773	-298.9954456395024
1774	-307.8377534331904
1775	-301.6773398451914
1776	-309.99273298223295
1777	-306.02508586818556
1778	-302.2527598805407
1779	-302.3146893258247
1780	-299.86610756339496
1781	-310.35979615428863
1782	-307.12438750341147
1783	-310.33102324063856
1784	-304.232736468161
1785	-304.26202863828695
1786	-309.1780147451077
1787	-310.37690886265995
1788	-309.67695075922285
1789	-311.71461003969495
1790	-307.12028305612654
1791	-311.40540370341824
1792	-314.6599352942701
1793	-308.44606607668686
1794	-317.00702117123404
1795	-305.762024539677
1796	-305.5098673438313
1797	-306.35558482778004
1798	-307.0838044106315
1799	-303.7291669437553
1800	-306.7413378317709
1801	-305.4423059457058
1802	-301.5787455653444
1803	-305.3243404173033
1804	-312.56371229431744
1805	-308.11462856620165
1806	-309.44780186281537
1807	-305.01380981555303
1808	-309.97138074544796
1809	-306.9236069992929
1810	-307.0354423850778
1811	-302.5675051995316
1812	-303.86930165783605
1813	-304.85108033267875
1814	-304.6064444746041
1815	-305.7736744694364
1816	-308.78961913218757
1817	-308.41691227147805
1818	-305.0631058109138
1819	-297.3095549021183
1820	-309.0655857863836
1821	-304.6081256119404
1822	-308.1411344698983
1823	-300.6192565505232
1824	-307.3848984038248
1825	-305.53955394659357
1826	-295.7282701227409
1827	-312.47657408875006
1828	-309.2632385167197
1829	-306.4721793954328
1830	-309.50539665547154
1831	-305.66691135266194
1832	-303.1303363102179
1833	-298.8767946296358
1834	-301.64891259792824
1835	-310.0974418203595
1836	-313.2016471814901
1837	-304.7332048277672
1838	-314.16079816257326
1839	-303.82619514911613
1840	-304.7781190198523
1841	-308.99965858469653
1842	-306.38693910924957
1843	-303.70416119498236
1844	-307.8089411310464
1845	-306.532747883993
1846	-303.2627914692086
1847	-303.9073183551006
1848	-301.9590087256891
1849	-304.0918275417681
1850	-308.78360540672526
1851	-308.86377664963504
1852	-302.7465077590221
1853	-310.80793986008274
1854	-301.9894743290105
1855	-308.03267394279675
1856	-304.7723161063832
1857	-305.13315521204123
1858	-309.2295809440682
1859	-303.0561783952616
1860	-302.8327746925986
1861	-308.153054152163
1862	-306.77468351655176
1863	-309.43879171705873
1864	-310.72510780027534
1865	-309.77853859414233
1866	-306.75354302375877
1867	-307.3543026316854
1868	-307.2535587471876
1869	-308.7797590647626
1870	-309.8048354755645
1871	-306.66155878574386
1872	-308.0109927148957
1873	-307.4248278051725
1874	-304.6898231188954
1875	-303.3602064196544
1876	-308.22569769013853
1877	-313.17716778435334
1878	-309.46237416753246
1879	-303.23789627784566
1880	-310.8390979225865
1881	-302.9128841278427
1882	-310.0647998793685
1883	-309.55896514528126
1884	-303.1606660873725
1885	-302.0455419920951
1886	-297.5303594134764
1887	-303.7449658684423
1888	-295.7611800123399
1889	-304.65257447206125
1890	-308.92506325603665
1891	-304.2251672981485
1892	-301.56434927534093
1893	-303.02228259601554
1894	-310.29677767264945
1895	-308.2015128795972
1896	-303.52697215864123
1897	-312.7450109209377
1898	-312.6747129828
1899	-302.9222116335777
1900	-301.2936096243071
1901	-312.01496175219654
1902	-303.44490674448105
1903	-310.97179133455927
1904	-309.6157148650729
1905	-302.3425360382456
1906	-308.4828907445983
1907	-299.55070652508937
1908	-299.0058396901278
1909	-306.59344265105676
1910	-301.47956248242866
1911	-302.6276766449635
1912	-305.3276355515028
1913	-308.8016433461211
1914	-304.0357312881778
1915	-302.89409338163006
1916	-301.8154923813537
1917	-308.40072761983345
1918	-298.1378696601277
1919	-305.9181771138242
1920	-301.6168342179516
1921	-299.57851325392977
1922	-308.1572663819068
1923	-311.89345276877265
1924	-303.87750772273915
1925	-301.7286827069798
1926	-312.8117763689479
1927	-310.9445125333785
1928	-307.40523107979067
1929	-313.0267133660886
1930	-311.3192553113617
1931	-304.12437604558284
1932	-301.9063655505187
1933	-305.0020810500728
1934	-304.9140769264077
1935	-310.1089989941308
1936	-305.6724994600398
1937	-301.0636369976431
1938	-307.69513118601844
1939	-306.46795359751553
1940	-309.14206860717974
1941	-305.22544059832836
1942	-302.63792348365604
1943	-304.6875304384695
1944	-307.87743519268423
1945	-302.4752744751372
1946	-294.91423428325766
1947	-304.7027980226095
1948	-312.2147838561287
1949	-308.6649266961762
1950	-299.0645661279227
1951	-302.76830809693246
1952	-304.73761742144615
1953	-303.560373280846
1954	-304.4243314439583
1955	-294.6360321826065
1956	-310.04356017263456
1957	-305.2993834955985
1958	-306.8829492520103
1959	-296.5962388191294
1960	-301.0112923682144
1961	-306.0608168550348
1962	-308.98959879123885
1963	-303.0525656407389
1964	-313.76577328310043
1965	-309.30582910477824
1966	-311.62166295988516
1967	-302.89475684922985
1968	-305.92056319987677
1969	-305.61382654568916
1970	-307.74619287610557
1971	-311.5253476819632
1972	-310.5682108851703
1973	-309.36824465885553
1974	-310.7678560533224
1975	-307.8293533715396
1976	-305.59669669425847
1977	-304.27266849054564
1978	-310.2783186632136
1979	-309.9153318788786
1980	-311.4462789426502
1981	-304.67266127030456
1982	-308.80983081240004
1983	-307.2452530482327
1984	-312.7807694483849
1985	-308.16866445031167
1986	-300.7169172822827
1987	-309.9684631343285
1988	-302.1972674555536
1989	-305.2266552110611
1990	-309.3114305592359
1991	-313.51818494428045
1992	-307.47856930214886
1993	-305.8692595459223
1994	-301.5632020736692
1995	-302.7869606622473
1996	-302.5753077367452
1997	-303.3263632894986
1998	-306.83081026568635
1999	-307.6277267771696
2000	-307.2838934847713
2001	-304.62833734925215
2002	-299.58704942629197
2003	-308.38406984259416
2004	-306.43208781188457
2005	-304.639866775846
2006	-308.22880570479765
2007	-305.5773833946492
2008	-306.64868140827974
2009	-299.9568085427928
2010	-303.860810546254
2011	-301.25601616215846
2012	-304.4293732519546
2013	-306.77803675829415
2014	-303.7069751996905
2015	-306.5656991379429
2016	-309.96327259542807
2017	-301.3735629230817
2018	-302.9858432900787
2019	-307.98761939798203
2020	-305.0546797475437
2021	-308.4716188814898
2022	-310.2079043440942
2023	-303.08118314902765
2024	-299.9498867575385
2025	-307.09763176353044
2026	-302.6939144337322
2027	-302.2179628692386
2028	-307.45718822264655
2029	-311.03667706508384
2030	-311.33301444733127
2031	-306.0548972332066
2032	-306.13934242086725
2033	-304.52243427998997
2034	-306.2847657396285
2035	-301.1850039656413
2036	-302.09340702352563
2037	-306.1172245108289
2038	-304.78682004762425
2039	-310.05345094943567
2040	-313.3728832857861
2041	-302.26399140236674
2042	-307.96922106837627
2043	-304.92975636648646
2044	-301.2477402597423
2045	-302.3452607099195
2046	-307.83741618822694
2047	-303.73265210962717
2048	-309.8106265950894
2049	-304.6609018305123
2050	-305.91390247521184
2051	-300.6775091363073
2052	-310.93859800627234
2053	-312.4273023612068
2054	-304.21170056387183
2055	-303.05773978895724
2056	-303.879826708146
2057	-303.8095055977661
2058	-305.60605374032116
2059	-306.25778687852227
2060	-298.0901964082729
2061	-306.395730916316
2062	-309.2073944232494
2063	-305.0681575436953
2064	-303.5949971319932
2065	-301.5757053493087
2066	-304.5873490706492
2067	-302.8866760838979
2068	-307.00282810315076
2069	-300.2376859900635
2070	-305.76702494161356
2071	-307.6789183543933
2072	-308.82779249366513
2073	-311.7797561648349
2074	-304.63178969845126
2075	-297.2215890177357
2076	-305.2261911736254
2077	-306.22718473524617
2078	-302.0567386931945
2079	-301.2857018263665
2080	-303.485675359511
2081	-304.4811499971762
2082	-309.92983130801093
2083	-306.7776410253209
2084	-305.61932843077574
2085	-297.24138760096355
2086	-306.5500744837576
2087	-303.2423237227346
2088	-304.109083115438
2089	-310.1603402807817
2090	-299.6597961806822
2091	-309.8582325349971
2092	-304.6053109454794
2093	-306.2679544402936
2094	-306.44135942687933
2095	-310.7254160949715
2096	-307.0164744075732
2097	-303.4420544076324
2098	-308.3636951792212
2099	-311.58931707572395
2100	-308.92413016477684
2101	-309.0780031481957
2102	-301.5454547228194
2103	-305.95571172359575
2104	-303.59909026255104
2105	-302.8280805574428
2106	-303.992371384522
2107	-301.0952417063022
2108	-301.02299500556177
2109	-298.0047921709516
2110	-306.65375687660014
2111	-306.7969728461638
2112	-298.37245704594073
2113	-304.7107449118095
2114	-305.89987411904093
2115	-300.24876515919794
2116	-299.6281657267239
2117	-309.0428955063523
2118	-300.9699106517562
2119	-303.94682707440944
2120	-303.97188423731365
2121	-302.1052096256392
2122	-301.1099330513607
2123	-299.1382137846765
2124	-306.8694878332974
2125	-302.11071118202057
2126	-305.3197432699898
2127	-303.7680813833626
2128	-307.0927465573344
2129	-306.88866214073806
2130	-303.6374464557848
2131	-307.3730016827774
2132	-303.3715603549519
2133	-303.5726623252333
2134	-307.5727228243124
2135	-303.5353114755365
2136	-302.97968814673186
2137	-305.43383075614395
2138	-305.08766080960555
2139	-301.7546388706885
2140	-306.65841656517756
2141	-301.2335126110239
2142	-298.4900191246351
2143	-309.4127629489726
2144	-304.41416874417604
2145	-308.39471943219326
2146	-303.81556136078
2147	-300.68126018045643
2148	-313.85918659619995
2149	-297.1889000006317
2150	-304.7551856594876
2151	-304.65679820241354
2152	-301.212939337108
2153	-299.5780784966535
2154	-309.4512234062964
2155	-309.2116763100469
2156	-305.2354126157709
2157	-303.47904997720224
2158	-294.5038080734968
2159	-308.4754017616829
2160	-306.3939244627011
2161	-301.35885519612225
2162	-307.76715554741696
2163	-310.11635788643144
2164	-301.4332384094798
2165	-308.5232958381876
2166	-309.76258106222855
2167	-313.9032912259142
2168	-312.09638264236355
2169	-311.53624528218705
2170	-306.64648360659567
2171	-312.08556329696444
2172	-300.92404048688917
2173	-312.2331525543763
2174	-303.1651543514004
2175	-304.80310650314607
2176	-304.2903878332974
2177	-304.64481564078307
2178	-309.31643008375505
2179	-312.37788961986774
2180	-309.86316857964147
2181	-306.00802673623207
2182	-306.1590938044499
2183	-302.80743690428426
2184	-301.6110091837599
2185	-306.1300308236238
2186	-305.4400703457039
2187	-310.14837865982565
2188	-306.8891056621813
2189	-303.24313951649805
2190	-299.9030163290313
2191	-305.3984165108642
2192	-310.97749173298604
2193	-302.60386014113726
2194	-302.4181573585642
2195	-301.8914153232225
2196	-313.13249836730614
2197	-304.59586065527276
2198	-305.69515049307745
2199	-304.55599098143136
2200	-309.4110684623571
2201	-307.5596883254913
2202	-306.2573812422498
2203	-308.2891143382595
2204	-305.93687915907844
2205	-310.40539234789696
2206	-310.5007004801808
2207	-302.10481653524175
2208	-301.4456231507979
2209	-297.07532178958184
2210	-299.40350348513533
2211	-310.7536778613013
2212	-309.767018928784
2213	-308.74455515256005
2214	-305.3153660689228
2215	-307.9177043128207
2216	-300.9861570359724
2217	-302.4636539098835
2218	-301.0379220330378
2219	-309.7705452214439
2220	-310.9848837305054
2221	-305.71446269494817
2222	-305.43200035842284
2223	-310.41827222443686
2224	-310.48465412697374
2225	-303.51224819193834
2226	-310.4951571038507
2227	-309.0566378570134
2228	-307.7639488519245
2229	-309.00364024303366
2230	-307.73902022494343
2231	-307.2305607388423
2232	-304.934758622056
2233	-305.4999967406912
2234	-299.9454803970981
2235	-301.27311019521517
2236	-301.4185251291636
2237	-305.4998809003467
2238	-306.3027497995524
2239	-307.3168126870297
2240	-304.4456123144087
2241	-303.7478345671319
2242	-307.76651973186193
2243	-300.4624497721839
2244	-306.7687229735191
2245	-309.4645796550354
2246	-309.68929689428535
2247	-301.54053209565234
2248	-298.0466749333722
2249	-298.8007270916808
2250	-298.633080248067
2251	-302.59110103668337
2252	-303.874699904524
2253	-309.7785824976628
2254	-301.99714377874193
2255	-300.6672874331929
2256	-306.721107671955
2257	-297.7937727780831
2258	-303.15757990034115
2259	-308.8122229074192
2260	-305.32872451733743
2261	-302.70617493307714
2262	-299.6452109761428
2263	-307.3571093785824
2264	-300.0437804977879
2265	-304.7980862845603
2266	-301.22992850360924
2267	-305.17450357362463
2268	-304.6228833054407
2269	-304.2812562464278
2270	-303.78185550277936
2271	-300.76838927206643
2272	-303.7399455348878
2273	-307.7821967337032
2274	-304.508368551674
2275	-311.0657376684269
2276	-303.84882934138506
2277	-301.35062446980237
2278	-309.4256617344994
2279	-312.0240148977593
2280	-300.2884499911268
2281	-299.9882292630258
2282	-301.0464804328327
2283	-296.3743866195249
2284	-300.05122605312124
2285	-304.7975520097077
2286	-309.12719446072225
2287	-302.97346363364943
2288	-309.85368691084255
2289	-307.46518336278183
2290	-311.8407141282214
2291	-302.81784863849987
2292	-311.731454815829
2293	-312.9783689890384
2294	-308.92235159663795
2295	-304.3527640178187
2296	-311.93049575539516
2297	-301.3763810461416
2298	-306.2071367357607
2299	-306.4666603464721
2300	-300.7281887652535
2301	-300.1483068980955
2302	-306.07044995743524
2303	-304.26269404706005
2304	-309.4308055699557
2305	-300.0242206051464
2306	-301.6220142113692
2307	-304.87742955844465
2308	-302.56570528451033
2309	-300.6025640906553
2310	-303.88596195148125
2311	-298.1391079602093
2312	-302.38218404100286
2313	-306.4490291660287
2314	-311.3648603968073
2315	-304.72739786781545
2316	-303.09199453270554
2317	-310.905128452678
2318	-301.8927879921085
2319	-308.12180125288796
2320	-298.2835582530019
2321	-302.6911845065807
2322	-305.71658596526424
2323	-306.6793120793408
2324	-307.2058762040248
2325	-303.10744414060116
2326	-297.76186032855986
2327	-305.1449373637098
2328	-310.33074470609205
2329	-304.5886175719937
2330	-311.9595043511526
2331	-307.81823800631486
2332	-308.21261041138035
2333	-303.99387680111226
2334	-310.1215533601546
2335	-301.41070867263267
2336	-304.39906429315005
2337	-304.7469027070005
2338	-306.5258153859276
2339	-300.7382076018834
2340	-302.17402899573585
2341	-303.7625847030634
2342	-303.8078870976843
2343	-299.759055906405
2344	-299.3954573596933
2345	-303.867102113542
2346	-301.0938404744881
2347	-303.33457346616007
2348	-299.7056599938529
2349	-303.46464172193964
2350	-308.52827636548756
2351	-301.9435554750436
2352	-299.4826503669383
2353	-308.2799455710362
2354	-300.70819670351165
2355	-303.7843050047526
2356	-304.58107813438363
2357	-309.93763213163083
2358	-306.867609635157
2359	-309.30687959972335
2360	-305.6116325600117
2361	-303.203705327935
2362	-306.0233086592587
2363	-302.44569269470026
2364	-304.82016823539743
2365	-306.6348480122142
2366	-304.33447059575326
2367	-307.3540857573636
2368	-309.0225182586833
2369	-306.74558656743045
2370	-310.59488582648856
2371	-301.00092801354873
2372	-313.6564482037361
2373	-312.31851629400063
2374	-307.4519658118111
2375	-310.0309641013457
2376	-308.577246895844
2377	-310.2016527157109
2378	-310.3815332807549
2379	-303.49095130104416
2380	-304.04789333116383
2381	-298.4264097263045
2382	-305.296571192363
2383	-306.78519582269274
2384	-311.19550140557567
2385	-315.55637120515377
2386	-305.4354457043723
2387	-307.6971807361246
2388	-311.00801688847815
2389	-304.72867698321943
2390	-305.4239879104452
2391	-304.5051528758804
2392	-303.0951317086986
2393	-300.1055555443275
2394	-307.46959378950385
2395	-296.85959825801604
2396	-305.1586129650438
2397	-305.7276622423483
2398	-307.7802686358099
2399	-305.3433545701617
2400	-300.19554660218455
2401	-305.8726794873358
2402	-306.1390170811684
2403	-302.22131201595766
2404	-299.2694118952473
2405	-301.1800654274634
2406	-307.81691935861807
2407	-316.76240220436017
2408	-303.90594805881074
2409	-304.79826011064506
2410	-301.29967499682044
2411	-304.58156259254616
2412	-293.3565317573569
2413	-304.01997651717255
2414	-305.7346291011018
2415	-309.4934696740009
2416	-305.0064521333948
2417	-301.49472670775936
2418	-294.3565859640655
2419	-304.7448215318215
2420	-306.21370274990164
2421	-301.23175756595487
2422	-302.9840008727005
2423	-310.78364828549417
2424	-309.86876257982624
2425	-310.10521144247883
2426	-303.2192203386951
2427	-306.1518400370144
2428	-296.9830676474598
2429	-304.54724033980284
2430	-310.4869402100229
2431	-310.7763117206695
2432	-308.1086110375131
2433	-308.4697679287479
2434	-299.61217127885624
2435	-298.8346448059874
2436	-297.5141848831391
2437	-303.3466758058728
2438	-303.83730028445717
2439	-310.3051311828287
2440	-309.3566078991951
2441	-312.1705940737682
2442	-302.08984253136003
2443	-308.2845684865554
2444	-305.66832820123597
2445	-305.7745364516651
2446	-302.4167361263305
2447	-306.02063539096076
2448	-306.68030938427376
2449	-306.39801735281924
2450	-306.26865349772237
2451	-308.5871204926383
2452	-301.86130039737236
2453	-310.2744184677852
2454	-300.113084954896
2455	-303.71365665952743
2456	-303.2757385892304
2457	-303.71855590552315
2458	-301.93280620027514
2459	-301.08031530676965
2460	-307.6375795844078
2461	-305.50506121252243
2462	-312.62833515869244
2463	-305.1705039071099
2464	-315.21477774901456
2465	-312.2011633684409
2466	-304.2835993235763
2467	-310.5790823686258
2468	-312.99362569528245
2469	-309.63441355588174
2470	-308.89490647986105
2471	-301.36832477532
2472	-304.88301796638075
2473	-309.838864612579
2474	-307.16473787413133
2475	-307.61894336142234
2476	-312.2182417492749
2477	-306.3716354295108
2478	-307.29764539083266
2479	-310.27281228589965
2480	-304.29418625668325
2481	-308.55013908793205
2482	-305.72275024185984
2483	-304.0741362609278
2484	-310.4027748362504
2485	-304.3073866975082
2486	-307.75558996692587
2487	-312.7970416760835
2488	-309.0645371957308
2489	-305.1308956094395
2490	-305.1625076299413
2491	-305.6223882262292
2492	-306.985880324483
2493	-305.7967069255794
2494	-303.8145071108926
2495	-306.80090053513413
2496	-306.21376122365547
2497	-308.7892550002176
2498	-305.60742246739125
2499	-303.10198958048363
2500	-307.04133842383305
