1	-307.9047843842763
2	-311.55214096774336
3	-308.3306201200604
4	-299.25928223664994
5	-304.8810053474381
6	-306.4641253520867
7	-306.24118797904134
8	-307.1970974081595
9	-306.631835446848
10	-305.89940489126303
11	-310.84776359452576
12	-305.4331345454959
13	-304.81874832809524
14	-306.3245249428456
15	-310.15731041964966
16	-304.4160451795766
17	-307.5367001759864
18	-307.97344897532895
19	-302.9868043617678
20	-309.8845802756613
21	-306.2446318161738
22	-306.46156646266974
23	-304.15428981678986
24	-304.77777477257075
25	-309.10626953440027
26	-299.6826386140981
27	-300.58516431983685
28	-313.76446197057766
29	-305.06007592976573
30	-303.2955918471637
31	-304.75396098878366
32	-306.0305544393398
33	-301.68927599875377
34	-307.0826669632656
35	-306.7984308031251
36	-298.95940483355844
37	-300.58618449760087
38	-304.856534692569
39	-299.8424984100209
40	-300.40343529213675
41	-300.589394687313
42	-297.9598441365932
43	-302.4969021025743
44	-306.32193490124513
45	-311.4765767810339
46	-302.07806153451855
47	-305.727784463735
48	-308.1115081008856
49	-301.51344221709417
50	-306.8244609015979
51	-302.07581326511536
52	-303.35866720507255
53	-311.9474526697093
54	-309.32985154805357
55	-305.29743876159785
56	-303.65890330262454
57	-307.67419213845506
58	-307.5734411611098
59	-297.13149880075554
60	-298.3889001456271
61	-306.3125000036653
62	-311.4368
63	-306.0884897042247
64	-300.71396760422874
65	-304.95715593799025
66	-300.7876459743022
67	-302.81236426833016
68	-307.66854531860696
69	-300.1179681187383
70	-296.7777793492428
71	-301.67719715865604
72	-302.2560248029882
73	-302.36837779687977
74	-304.6160187011604
75	-303.8044040931427
76	-306.86932977197256
77	-303.2859434709279
78	-310.50804875286906
79	-303.8160382562084
80	-302.8302161898638
81	-302.0077648957964
82	-306.93426361387867
83	-300.64592147207804
84	-309.7574067778531
85	-306.67466965646764
86	-298.91718677600653
87	-300.69548504716437
88	-303.3982229292275
89	-308.20160755184423
90	-300.82511665412187
91	-303.5553244250686
92	-300.25973425907097
93	-297.3836094501488
94	-306.55866218946164
95	-301.3638160717216
96	-304.31563036537233
97	-304.0151601713938
98	-296.6754116988768
99	-303.70622205892045
100	-299.23503925925087
101	-302.62134282852327
102	-303.8922954548576
103	-300.40754807214415
104	-304.556776770209
105	-307.3537480602445
106	-309.79688333091235
107	-307.077424469613
108	-303.36184758067935
109	-298.8497901189436
110	-307.3338092395644
111	-306.3979578585583
112	-304.0768167444467
113	-302.80216898434156
114	-308.23619631231014
115	-295.27991146044263
116	-302.1826658646061
117	-302.2290418739317
118	-300.9784338360954
119	-311.4415294054516
120	-312.9152979279255
121	-305.1000438693937
122	-310.33583823409964
123	-311.08377769518734
124	-308.12329664829355
125	-306.47043477439433
126	-301.46161360350374
127	-307.9864088155044
128	-305.9591105725874
129	-304.8086230950773
130	-305.6741501452465
131	-305.2803521468948
132	-298.87773315444764
133	-305.52584724771134
134	-306.762163157275
135	-307.0862889624269
136	-303.7440585496166
137	-309.1615410369885
138	-304.1934391694731
139	-310.45983279647595
140	-302.35885678261565
141	-312.99761101241853
142	-305.46856567834476
143	-307.6826169839045
144	-310.6046593244786
145	-304.7810347247738
146	-303.19086851273494
147	-306.212101083187
148	-304.99228441620414
149	-305.3108908183198
150	-305.4177877968998
151	-306.19218324792416
152	-309.0284806928333
153	-309.8729884345121
154	-304.49315691517234
155	-306.11534717156246
156	-305.67017194304367
157	-302.58608685651257
158	-307.465348184273
159	-305.6734898604423
160	-307.27777295901296
161	-310.91069148134557
162	-307.9788507531535
163	-304.5855084032915
164	-307.8077114629916
165	-305.8699252337321
166	-305.3795650545465
167	-307.72643699687364
168	-308.34469153884197
169	-304.0907586825923
170	-308.21767568763266
171	-298.65056623828787
172	-307.79915601805834
173	-304.6631087977292
174	-300.37713866733543
175	-305.00890628011194
176	-296.8799416770815
177	-303.0757066957882
178	-299.30160590001253
179	-303.62444720405347
180	-302.3045643776538
181	-304.614573578498
182	-299.93982289545124
183	-296.4712771582004
184	-309.4458898332998
185	-298.2034644216892
186	-303.6395422499338
187	-298.92665596351213
188	-303.7543137430458
189	-297.36062899230757
190	-302.18701600011923
191	-303.55370000032013
192	-300.9397747423944
193	-304.3558407527406
194	-305.6092197204415
195	-302.0549148785733
196	-304.6558796689216
197	-300.8077
198	-305.5911379101095
199	-309.15317632164175
200	-306.95037499630564
201	-301.20096817831416
202	-305.2425726203908
203	-304.50756743526455
204	-301.20640795244753
205	-308.053660036695
206	-296.7036587667881
207	-294.8988285067191
208	-301.8296962125478
209	-298.25590606111035
210	-302.6553343296203
211	-291.2887889204788
212	-308.22810705930516
213	-300.4953660133209
214	-300.7056834106517
215	-306.0865775565061
216	-305.95086844091077
217	-308.71224823320784
218	-300.2026975853471
219	-303.3859483625743
220	-303.14133314998963
221	-304.7902775355308
222	-302.45499261489954
223	-304.0581753474902
224	-306.9340408151051
225	-305.81107216644784
226	-299.6078241050073
227	-303.24231102475557
228	-302.13671883441293
229	-296.12590139858816
230	-302.2377082989211
231	-308.023580787758
232	-304.48890000434096
233	-305.85396993613625
234	-303.2922610407647
235	-310.32595356189773
236	-303.5218904807494
237	-305.83501753395933
238	-303.51918347144294
239	-304.647693561099
240	-305.24965074387666
241	-297.7970714353138
242	-298.2348000138526
243	-305.8497006758997
244	-299.7444192603315
245	-296.6683279614062
246	-297.8525351636136
247	-297.8525139739751
248	-306.1843983063487
249	-308.1438053518221
250	-296.7078627458192
251	-305.12080019984086
252	-304.9231356757283
253	-308.10511948076595
254	-300.6851499764879
255	-313.4239442060289
256	-301.401596584905
257	-304.1419903283387
258	-306.81056558719183
259	-299.87379971308786
260	-299.9177
261	-300.09801036992894
262	-305.14343136887493
263	-307.1291710067774
264	-304.66838990625354
265	-305.95956648998776
266	-302.80442375707804
267	-311.18157253409714
268	-306.228744546122
269	-304.2263740698933
270	-306.32196133303273
271	-298.65593604052447
272	-302.89940032550766
273	-306.30797449542024
274	-305.75742722905284
275	-306.8195722057079
276	-306.41750615938616
277	-305.6205828488215
278	-309.76983543836616
279	-308.99456381134524
280	-299.77559819635644
281	-300.94088338247855
282	-306.2753214452958
283	-307.8139419003891
284	-300.49923182404956
285	-298.1054708020174
286	-301.63544175640345
287	-306.31967898296625
288	-305.95593934323136
289	-293.18014815817236
290	-305.5981882556835
291	-303.19043866951284
292	-302.3110005542375
293	-302.18083233585946
294	-294.58965783892523
295	-305.0105489957016
296	-305.9236821095322
297	-305.3227237573331
298	-305.14464386476914
299	-304.48733584722066
300	-309.9216742499104
301	-306.9937281852351
302	-302.8792809353182
303	-308.1780517279851
304	-308.6878457939052
305	-305.7232353359054
306	-299.1276617684832
307	-298.36266662021194
308	-299.2769
309	-299.87577786975555
310	-303.57038528871885
311	-303.88913341279067
312	-301.11766534304
313	-302.29230094161073
314	-296.18901877415135
315	-304.0622827901196
316	-305.3090629300602
317	-307.385518112243
318	-306.5558151662778
319	-305.3119124630533
320	-307.52048559141815
321	-302.5131835456916
322	-285.61823830797937
323	-299.58370309587866
324	-307.65975030204015
325	-295.7945885166439
326	-298.829283685293
327	-303.75415463174585
328	-309.1315075269388
329	-301.32607515796775
330	-299.95226818353547
331	-299.88967383893765
332	-297.20208912176395
333	-301.22799645074366
334	-293.46216179964955
335	-307.1420535213242
336	-302.0876857689993
337	-303.59934547809496
338	-298.14230163166735
339	-297.23708399453955
340	-303.4388000125738
341	-301.50298711985437
342	-301.7976978281301
343	-310.20674722116627
344	-303.94882406579336
345	-303.38860107059355
346	-303.9002015888088
347	-306.5809700733266
348	-304.00998570477896
349	-302.85702344089304
350	-306.8764901653428
351	-305.1312573331307
352	-307.0423771184469
353	-299.54516796462116
354	-300.8917114148795
355	-297.6728847077091
356	-303.5677020295986
357	-300.9913918000317
358	-298.7203658666408
359	-300.3655198757818
360	-307.2998952386346
361	-304.780263068687
362	-305.45265477166544
363	-306.0914838557316
364	-303.9234945807875
365	-304.17063130608824
366	-301.5295796621821
367	-300.8811877719637
368	-300.7059852197809
369	-303.27110811741335
370	-302.2198384154535
371	-305.84346412227825
372	-299.843400521746
373	-304.7696080685734
374	-300.3249338842072
375	-309.6747493221542
376	-307.5676226210135
377	-304.79967134190247
378	-301.8576394948197
379	-300.94441137135254
380	-302.1987988573517
381	-303.69845594938965
382	-303.98102655093305
383	-303.4775283643306
384	-300.6652460148355
385	-300.15455443753183
386	-297.07967241155126
387	-305.9308761477922
388	-301.65852254359476
389	-300.6940155818074
390	-302.5695604710776
391	-299.3999255972495
392	-303.3135603080541
393	-306.3672499376467
394	-305.4496544617184
395	-299.7359041695432
396	-305.12632664119565
397	-297.804604260326
398	-301.8936888645326
399	-303.1801102104444
400	-304.1722143861139
401	-303.7733453472225
402	-305.19954747273533
403	-302.0954018760561
404	-301.4646364254187
405	-303.86873523955165
406	-306.57969808015235
407	-304.1975915462928
408	-298.78607810720695
409	-302.90801583529174
410	-301.96603560952775
411	-301.7435081630928
412	-305.6661396678023
413	-305.5347200100525
414	-307.52963625608675
415	-308.0181337602566
416	-308.41409576745133
417	-301.75264889604557
418	-305.148520945269
419	-300.2120181221648
420	-305.49270647249216
421	-302.3062187995278
422	-307.05631927808895
423	-302.53457450010563
424	-304.2278263430018
425	-303.9672278289069
426	-308.8651050960826
427	-305.2755744034478
428	-305.8327851306769
429	-305.1540499866756
430	-297.7605311870539
431	-306.73756006984297
432	-305.00994455134577
433	-297.5202902478358
434	-304.6808384417516
435	-304.9407903126328
436	-303.1370279526641
437	-299.5964224736624
438	-299.5015001449503
439	-303.52461707671324
440	-298.6559967167595
441	-303.6156609092715
442	-298.6481339843721
443	-305.06895464579947
444	-305.7756209120538
445	-299.15501270200986
446	-302.7231453891641
447	-305.8913431412564
448	-304.68843362312066
449	-302.92277951202243
450	-299.99266672698883
451	-297.43374482437923
452	-299.1760749867129
453	-301.69068608324585
454	-303.51753702803126
455	-302.4248513007338
456	-301.326481230833
457	-305.22012351944215
458	-301.3460422918423
459	-308.61585259036696
460	-304.5288629988759
461	-307.7201706124502
462	-296.78720000000527
463	-303.6711001276875
464	-303.13133208449005
465	-296.35319318564683
466	-302.46166601554825
467	-312.73032180897485
468	-298.43922154305574
469	-301.9890000000023
470	-304.56094163041564
471	-301.44897246203175
472	-301.716958099194
473	-305.86900708354244
474	-303.61285413382706
475	-306.525647381244
476	-304.4837617588301
477	-302.22243589713116
478	-303.33228168395885
479	-301.18331160426845
480	-311.87127905926815
481	-306.0200287911234
482	-302.68159298165966
483	-305.0315329912494
484	-303.8278385407377
485	-304.08543884825895
486	-301.3876090100275
487	-310.093282434735
488	-306.19408237174133
489	-305.57198538163385
490	-311.9219733870964
491	-304.74946670727
492	-305.27492893907964
493	-307.3359377107612
494	-306.4732062641339
495	-307.7797253241813
496	-298.7196906926997
497	-302.50386814601933
498	-303.847190195558
499	-299.9793060308256
500	-302.87067785469037
501	-301.6397320462396
502	-300.6932000071708
503	-306.4844344361629
504	-309.66253530640154
505	-300.2822934739275
506	-306.5577024370176
507	-303.96136224764285
508	-307.8652623275458
509	-305.18725353406927
510	-303.14976299189664
511	-303.7871817102302
512	-305.6461759924349
513	-302.85694037691513
514	-299.97043611060036
515	-299.73235219966915
516	-302.38384775710944
517	-302.7173531632609
518	-303.6766390670367
519	-299.84832788356505
520	-305.1566489251847
521	-311.1957322514066
522	-307.6116240080968
523	-302.2024544263949
524	-307.06118409417337
525	-298.7206106650476
526	-297.93318398150205
527	-304.7144594494809
528	-306.51328940148596
529	-301.9570046322262
530	-304.6267
531	-300.8349000006001
532	-310.36956038412603
533	-303.1795576701595
534	-307.2946566307215
535	-301.4956007200317
536	-306.3507338110564
537	-295.6388104807857
538	-307.81306978856776
539	-303.19305644612587
540	-303.6924926200712
541	-301.3748287065707
542	-302.6259534178392
543	-304.3907132901411
544	-303.5312480522832
545	-298.4493824345067
546	-305.68387269520395
547	-301.8184289306763
548	-307.53656913761876
549	-301.87907919079584
550	-303.6266589839969
551	-303.9187752011699
552	-306.4736774090308
553	-311.45052487703157
554	-299.6260139989301
555	-304.4997450309811
556	-302.82795649140235
557	-311.43646114205234
558	-297.6830469622481
559	-302.9608509524259
560	-304.60495956820426
561	-302.85817540383255
562	-295.76922900983965
563	-299.9150079209079
564	-294.1602182692063
565	-305.45662679176206
566	-305.0625368422262
567	-304.9056015570921
568	-305.6558693211965
569	-298.9105012517814
570	-301.86026194676674
571	-301.74231902789626
572	-304.64659005189696
573	-302.90833616078845
574	-305.7325589668592
575	-304.3559372621447
576	-306.68218999899943
577	-301.83980925054675
578	-301.66011346157796
579	-302.08543748817937
580	-300.50437418429476
581	-305.1510207183911
582	-298.84852504680543
583	-305.025422963943
584	-303.2383618176451
585	-307.8352023545971
586	-302.57581017223464
587	-307.61985263291314
588	-300.9039708524693
589	-304.82505713926724
590	-309.11520401559847
591	-305.4132286435905
592	-301.84978917664796
593	-305.1989177330116
594	-302.72839618605207
595	-304.8293905722715
596	-294.1980222068781
597	-305.18234090223024
598	-302.3649841496986
599	-300.1983504211132
600	-303.40798020608264
601	-304.00293532036346
602	-304.18182941503596
603	-297.3233
604	-298.3743008280818
605	-307.47588306871995
606	-302.7748319036555
607	-309.1675557197493
608	-306.3210835788088
609	-301.8816749411795
610	-307.2674651824199
611	-300.9956824654397
612	-299.2766156778556
613	-303.4762266025583
614	-301.5518853151648
615	-306.02446885455686
616	-295.7717141901532
617	-309.5731049941401
618	-300.2377572344667
619	-302.49468483661053
620	-304.0545839216748
621	-291.8864658550181
622	-307.6002271750849
623	-306.15676452401965
624	-309.9037376872939
625	-312.64137375891676
626	-302.21756394209075
627	-305.85500409174324
628	-310.3618532704944
629	-307.1706347303117
630	-302.8824114226685
631	-299.9632008766039
632	-303.7663576154251
633	-297.7156332451654
634	-307.47117326224094
635	-305.61107896849677
636	-303.49929995992443
637	-298.4079002531798
638	-301.5756003241579
639	-307.0611791459048
640	-301.8702644083873
641	-307.7716007167032
642	-301.1034462556865
643	-300.47428317171864
644	-303.3370000033997
645	-301.73927871063154
646	-299.73015118173436
647	-307.3335
648	-302.0790291579684
649	-302.0110621876645
650	-306.54543560007454
651	-304.355405247673
652	-299.0987
653	-304.8447319105037
654	-306.7373968730864
655	-303.51570510171786
656	-304.4178529128084
657	-302.5036811605896
658	-302.8439776423305
659	-306.27166836546553
660	-303.019578651891
661	-303.89451480039884
662	-300.158519322137
663	-304.6192660969644
664	-307.3259465833986
665	-300.5419210089794
666	-304.34304611572435
667	-303.6547391574419
668	-310.4073475563845
669	-303.00461321653836
670	-307.9708265393787
671	-302.96355585599383
672	-313.15315129351364
673	-303.5328585117983
674	-300.6920918556316
675	-303.55514427436526
676	-303.9572408808765
677	-300.02502874505836
678	-307.9594345248742
679	-303.43210159726993
680	-304.00545973464295
681	-298.83454290448526
682	-307.13894373279936
683	-305.22041825817365
684	-306.8617562147109
685	-297.4055357236958
686	-301.06585637850657
687	-303.9973185390185
688	-308.62189692318077
689	-305.72552369155477
690	-299.2655369917867
691	-304.0153889304527
692	-305.2222616112782
693	-301.4704193953259
694	-298.56580159435055
695	-296.22075421601113
696	-299.89968972291695
697	-306.3109651194896
698	-308.12016450028375
699	-315.1414433131858
700	-308.72586168945776
701	-305.19534333239034
702	-305.5512883993095
703	-303.5552119552301
704	-301.9709706254563
705	-308.9764754989058
706	-307.27190654001
707	-305.875881587754
708	-302.70235966977964
709	-306.8826452166183
710	-306.6609952559096
711	-301.35469350358954
712	-297.25474074814684
713	-307.22293069553996
714	-306.9416395518048
715	-300.32753589576276
716	-301.6610888005723
717	-308.3237432386521
718	-301.1002638115665
719	-304.00975570307395
720	-304.60941840777093
721	-311.2529658836678
722	-307.09913092558804
723	-303.96203563179074
724	-300.96354608258486
725	-307.1658147713907
726	-304.73965206367427
727	-308.7846324431211
728	-302.75972022861527
729	-298.9923000854915
730	-309.80386942413537
731	-308.55344191337684
732	-299.146438358553
733	-304.66632206054425
734	-300.753796768367
735	-297.36200133079427
736	-302.93003557769146
737	-304.40019159007727
738	-308.0882471989266
739	-304.9310686017047
740	-300.56290803838147
741	-303.80441995783343
742	-302.4599546918683
743	-302.7049914451453
744	-304.5444989253922
745	-301.74222570604184
746	-311.59324103573505
747	-308.0872970239124
748	-302.80996673964927
749	-298.85542967514425
750	-305.0281884094494
751	-304.52253757449853
752	-296.2253343895912
753	-302.22923583169285
754	-297.97002024651437
755	-294.4661865986265
756	-297.5243347535358
757	-303.69344439422673
758	-302.71155705030077
759	-306.1719413005809
760	-301.0886366060959
761	-308.06166610724637
762	-303.56370166057644
763	-305.13830452931074
764	-305.7190649178453
765	-303.54740472330946
766	-310.2332071913261
767	-305.2150194424371
768	-300.818186140043
769	-299.42597357990013
770	-306.63979960807984
771	-301.0768977013715
772	-306.1821347913669
773	-303.323358571316
774	-302.93105804645705
775	-308.42356298771284
776	-296.14185551947406
777	-307.04146568213895
778	-306.5612569955765
779	-302.4413
780	-301.66387493124256
781	-302.53095561901864
782	-303.5478335095435
783	-303.7190972606371
784	-305.8807650888417
785	-302.21682791094344
786	-303.0828152393897
787	-309.3451198669561
788	-302.0582477180191
789	-302.4468533539673
790	-306.634357192194
791	-307.2537242308873
792	-304.2428589240417
793	-305.9292828914
794	-303.36958373177936
795	-311.937941127694
796	-306.7494493497896
797	-308.58859311533206
798	-308.1748819727979
799	-301.1443448600849
800	-304.56774161857265
801	-307.25598656218096
802	-294.86574674272833
803	-308.5419526487217
804	-303.362630705765
805	-297.798943430036
806	-309.2948212585095
807	-302.84572149332257
808	-307.1707906575378
809	-302.1325662520869
810	-305.7095596172014
811	-302.8720482380226
812	-307.866720509968
813	-300.55634021062235
814	-298.6895
815	-303.54175223454655
816	-304.7640606683803
817	-305.57209694582957
818	-301.3378218194521
819	-310.4431005324213
820	-304.86496364971714
821	-302.67808178011956
822	-311.3227607428179
823	-294.6737226079713
824	-304.2119013990333
825	-305.0554458700436
826	-306.60004676552336
827	-301.80607352443604
828	-304.3437764319289
829	-304.47840302496
830	-300.952267803357
831	-311.85554674058926
832	-300.67229242364454
833	-303.0200942596338
834	-304.38385739873127
835	-307.11336405651537
836	-308.9887866753982
837	-305.2866816599012
838	-310.2277752602724
839	-307.72637021289273
840	-314.25812508765483
841	-312.0195861383031
842	-310.09712623198993
843	-303.72135845251876
844	-312.05125847580916
845	-309.312692326331
846	-301.5275536129568
847	-306.19750212406586
848	-302.11203745159844
849	-304.47348480598987
850	-305.14645140760007
851	-307.02383849780836
852	-305.97700819388615
853	-303.6114981547424
854	-308.0568924255464
855	-304.75767222107663
856	-313.63363077490015
857	-302.43326696017016
858	-309.01937768051084
859	-308.6274140237454
860	-307.6992555089168
861	-305.31814677577717
862	-299.3222389667795
863	-304.68816500279826
864	-304.94119773056644
865	-304.55137492593207
866	-312.26574689091376
867	-308.16429928305723
868	-311.85477676389456
869	-307.1683892578586
870	-305.09905883052926
871	-304.34782171733565
872	-310.0337869169834
873	-309.1541250516709
874	-308.59648264852825
875	-307.39833270289296
876	-303.1812371623539
877	-309.93081409328124
878	-300.99765037234516
879	-310.7189615918762
880	-307.6088843333122
881	-305.92124772608565
882	-304.96923062893893
883	-301.60605796224684
884	-305.0604502694007
885	-305.29243788871554
886	-310.9222115801623
887	-303.16938339127177
888	-307.40729876481396
889	-307.3433575283706
890	-304.3297920750928
891	-307.39571969798055
892	-307.4945431787062
893	-309.6629007139895
894	-305.50741903487665
895	-310.017553437212
896	-310.2752912143596
897	-301.9150247032824
898	-302.35587571464634
899	-307.28151593611636
900	-305.57737431609183
901	-301.6809929922842
902	-308.0508511317696
903	-309.22325266579355
904	-306.8153925871881
905	-299.62534914773386
906	-306.68581057125346
907	-303.01139708875843
908	-310.8962726012144
909	-308.2175836189007
910	-309.8069613450676
911	-306.4997794358356
912	-307.6263566279224
913	-300.1004025375106
914	-306.8972226226959
915	-309.41504786985
916	-303.9198201552615
917	-302.3611024807241
918	-302.54014579577535
919	-302.48090975648586
920	-305.2116774837359
921	-306.6777432866851
922	-301.9218760831269
923	-312.35330262518863
924	-310.6416746013536
925	-301.1932952279747
926	-302.5749251536529
927	-300.4432259721654
928	-303.0855042059362
929	-304.84366932727823
930	-302.98238595633904
931	-302.92114451621933
932	-297.4260590646373
933	-305.7895777619499
934	-296.2978109761426
935	-305.366234688767
936	-303.6011305283673
937	-301.58210455024397
938	-308.17150971102893
939	-309.25925885565704
940	-303.61129755894234
941	-302.1897417983423
942	-298.81673838517355
943	-298.0346948860974
944	-298.246187498624
945	-311.4511056316518
946	-303.7328694656801
947	-306.4883055222672
948	-307.4146742273135
949	-312.78216158005364
950	-307.4737857112835
951	-308.7885814503209
952	-303.4014743626596
953	-307.1365280272262
954	-305.24593330236667
955	-305.46265255083983
956	-309.233391134424
957	-304.18469470098546
958	-297.45120109144557
959	-300.95548752761175
960	-299.7751263618013
961	-306.07287917787545
962	-308.5797706929586
963	-300.882516481558
964	-307.44977522746103
965	-303.0728778847094
966	-302.6657787673704
967	-300.13123168210717
968	-307.8435012253967
969	-304.8059551616408
970	-307.4896998217329
971	-305.8374948431242
972	-304.6419165547461
973	-303.9873877592753
974	-308.1098106595757
975	-302.7165531767307
976	-302.1720711302822
977	-309.3795854117405
978	-310.67760162041736
979	-302.90731678436305
980	-302.5527886224934
981	-300.05247835372495
982	-306.02565539392623
983	-307.1515067805972
984	-308.6944522065638
985	-307.69970648814393
986	-303.5145818785803
987	-305.4014301485345
988	-309.01394823205044
989	-308.1101854930108
990	-309.2329995257829
991	-302.4825082810396
992	-307.02803589191814
993	-300.7643823363846
994	-308.7690820757479
995	-309.599751901566
996	-301.05293509806404
997	-307.1542547788525
998	-298.69322205792855
999	-301.3264647261363
1000	-302.6705185048374
1001	-306.8323663101958
1002	-310.77731666788316
1003	-303.1850480341154
1004	-311.0828517982324
1005	-308.42119792503445
1006	-305.90562879959725
1007	-302.49717059351224
1008	-308.7461567987851
1009	-309.421029831229
1010	-307.0048666473872
1011	-300.8151134049492
1012	-306.43891201135904
1013	-305.47669763979036
1014	-309.17820978653424
1015	-313.06075521198755
1016	-301.96473416752235
1017	-300.86257678387284
1018	-305.64975671200364
1019	-311.04062866178595
1020	-305.1414664121738
1021	-304.1030324442726
1022	-308.0138511091885
1023	-305.3947118684286
1024	-302.40157982905936
1025	-307.9753743272202
1026	-300.58469628328254
1027	-304.51252688188765
1028	-300.7471962092748
1029	-305.555257538565
1030	-295.8291716244601
1031	-308.7916433632558
1032	-301.12468678507673
1033	-302.5827313994349
1034	-308.2834936045759
1035	-308.64782856829794
1036	-301.3218120839664
1037	-309.36011664023806
1038	-309.2979794077578
1039	-306.8774720860877
1040	-308.0255931670218
1041	-304.79122254813984
1042	-305.2007389990596
1043	-309.19653191075145
1044	-307.0517713332275
1045	-299.642056876933
1046	-308.8565867072041
1047	-309.46359554637246
1048	-311.1257440638737
1049	-305.9121668125708
1050	-309.80118701933503
1051	-306.6503957634473
1052	-304.5117822680091
1053	-301.2933924540356
1054	-307.5290973065115
1055	-307.2044321287173
1056	-306.32131600236653
1057	-303.6681208308803
1058	-303.7082825835245
1059	-306.44001882599736
1060	-297.3026639167335
1061	-313.3320452394746
1062	-308.58571324986195
1063	-306.18267256054156
1064	-303.9552426241272
1065	-308.51578746804836
1066	-304.93317369436886
1067	-305.79878597709643
1068	-303.799890710445
1069	-303.35401101469705
1070	-312.0318674559423
1071	-306.73291661481244
1072	-305.54152453986705
1073	-307.8503650300091
1074	-307.8219648832618
1075	-306.8470902428298
1076	-307.0006724612633
1077	-309.9530187191339
1078	-307.37439985846044
1079	-304.6385262797913
1080	-300.7232131434376
1081	-304.2115051432033
1082	-305.5276924346704
1083	-300.66447994841343
1084	-297.248822793036
1085	-308.13074064577444
1086	-305.2917813546777
1087	-306.0367475883289
1088	-307.0151033359463
1089	-302.4600545849985
1090	-303.08835938411306
1091	-300.3654794157014
1092	-304.68224278538685
1093	-310.72094106011497
1094	-298.49091602763224
1095	-302.57285533993524
1096	-304.3131455859567
1097	-311.32139423293467
1098	-308.03874567189445
1099	-314.05900625170085
1100	-311.302459362494
1101	-304.1293663058947
1102	-305.5912569737913
1103	-308.8795243015804
1104	-306.6314861543031
1105	-304.9133179150788
1106	-302.1157584815945
1107	-303.04562288133593
1108	-304.30653848365216
1109	-301.7491946507304
1110	-311.1424506411396
1111	-297.5549378436763
1112	-306.1968764246997
1113	-299.9521544901483
1114	-303.6146034041621
1115	-306.9650660448049
1116	-314.6067064867525
1117	-300.95487295813246
1118	-298.36408582966806
1119	-308.21009846951534
1120	-299.11796640087766
1121	-303.00036247649984
1122	-297.6482
1123	-306.8120546870306
1124	-307.6267175239372
1125	-308.0629617320712
1126	-304.7940054080264
1127	-308.9565828954744
1128	-300.4302302220568
1129	-304.1579426125669
1130	-298.28088824787073
1131	-310.93022219517707
1132	-305.8408297647657
1133	-305.10602225383855
1134	-302.1085137103197
1135	-308.4712876148979
1136	-308.41812736407593
1137	-294.2954952017477
1138	-307.5555878395687
1139	-308.56164639558517
1140	-304.8345957554767
1141	-304.33498834567257
1142	-312.07015521188913
1143	-308.5837755988306
1144	-307.65128863766466
1145	-303.75562832847646
1146	-306.38715699071685
1147	-306.80858588974394
1148	-310.72620813494365
1149	-309.7586404142665
1150	-306.34383979127364
1151	-301.0351038136686
1152	-307.5767980022136
1153	-310.41652397280063
1154	-311.86588213464705
1155	-306.2304644344802
1156	-312.8790315199172
1157	-307.13276239983634
1158	-304.38489794625536
1159	-308.34066950012715
1160	-306.31259304679446
1161	-309.0129861817412
1162	-310.02289403425476
1163	-309.0414674841198
1164	-311.470585906248
1165	-304.5357316619977
1166	-303.4315959834391
1167	-312.9093996671805
1168	-310.73658756478903
1169	-313.60671318608854
1170	-307.1901123298152
1171	-306.05674278422504
1172	-305.68229664702517
1173	-309.6834972016523
1174	-303.81404065033513
1175	-306.6447826296965
1176	-306.3314088179105
1177	-305.85355467422863
1178	-310.36620718910996
1179	-310.48444864350256
1180	-305.5193429985907
1181	-305.2672324363729
1182	-306.664147734258
1183	-301.15655836961207
1184	-309.0593514169635
1185	-309.73590427088953
1186	-301.1161407411445
1187	-310.01947511018494
1188	-308.759531127538
1189	-303.69987857313214
1190	-302.4647875000967
1191	-304.28934280644626
1192	-307.10186386464403
1193	-309.3161676713394
1194	-300.96893636019183
1195	-306.3096872179442
1196	-305.53789761286407
1197	-307.67115838253227
1198	-311.77223814387986
1199	-308.25172351386044
1200	-304.639191744653
1201	-304.714995957589
1202	-302.35734619205505
1203	-300.76359011609316
1204	-309.05551242838715
1205	-303.4855922421138
1206	-306.91170064679653
1207	-305.3984364347294
1208	-304.8877690236165
1209	-301.75319936311405
1210	-296.0923470064746
1211	-296.2984313500463
1212	-297.67484483977387
1213	-306.31125780214444
1214	-296.2360241639792
1215	-300.25206443161795
1216	-303.4077269584437
1217	-303.0711558725962
1218	-310.1558392070011
1219	-305.1418074342149
1220	-301.97930955945907
1221	-302.6618597493028
1222	-305.7800811096664
1223	-302.18480000000005
1224	-297.8214207528062
1225	-303.84280000019896
1226	-304.09452822663445
1227	-300.67844367597405
1228	-296.6244413009129
1229	-300.180002098633
1230	-304.0072662065466
1231	-298.41320457424825
1232	-306.2393793495727
1233	-301.9636080096453
1234	-310.5939860914245
1235	-294.67440000000005
1236	-298.7481056576622
1237	-306.9208640010904
1238	-301.74434147534345
1239	-308.3136188059365
1240	-308.4509115088526
1241	-308.600163521321
1242	-299.7216511908502
1243	-304.2372001730031
1244	-300.32643007508466
1245	-305.51037884327263
1246	-302.12348591267664
1247	-303.76878199400477
1248	-303.4375765185726
1249	-307.59211597177335
1250	-302.37192537103533
1251	-300.7662379312829
1252	-304.52788948444294
1253	-304.2041399201893
1254	-296.74506346136513
1255	-304.5115488940364
1256	-301.9871768911515
1257	-298.775937443783
1258	-301.8186884460022
1259	-304.5203598860683
1260	-302.8265045464556
1261	-301.06986677206186
1262	-300.968641163507
1263	-310.01699347184905
1264	-303.4606546665988
1265	-295.3728452663435
1266	-303.48965242042465
1267	-297.54124752852397
1268	-299.0350433466899
1269	-299.63875660678025
1270	-305.6833119277785
1271	-295.97419907653125
1272	-306.76363270814187
1273	-301.9931483466786
1274	-299.9950580607202
1275	-298.4366
1276	-300.28965989746655
1277	-300.62321860626025
1278	-306.2236184705034
1279	-306.4942648543534
1280	-301.1803001828314
1281	-305.2742521783289
1282	-301.35368576460905
1283	-303.00503601827774
1284	-301.4369298509757
1285	-302.70487921963786
1286	-292.3438839182256
1287	-298.38836931870753
1288	-302.9030749719309
1289	-302.0401050890358
1290	-297.5495999364555
1291	-297.1762237869748
1292	-302.9404
1293	-302.08034904844897
1294	-308.9588509065887
1295	-301.98840028452895
1296	-303.97529179192094
1297	-305.13732788501494
1298	-301.40103514627845
1299	-302.24741909669564
1300	-297.1780959841118
1301	-303.7990675323959
1302	-309.2013344569174
1303	-308.6298241501295
1304	-296.83487065308594
1305	-300.2571999182533
1306	-302.21293362649317
1307	-307.75057756246446
1308	-300.63664987754095
1309	-302.85074866366784
1310	-303.550808963605
1311	-306.6226632553837
1312	-305.5990114530767
1313	-300.3450866932528
1314	-304.5229926867563
1315	-306.98742012487173
1316	-305.5436437043953
1317	-302.9417170286606
1318	-303.26760003898835
1319	-301.76024193527337
1320	-302.3523779863456
1321	-302.8965894616835
1322	-303.1418317125017
1323	-297.7808108665118
1324	-309.0840326775329
1325	-300.55841262009966
1326	-307.8710765003956
1327	-304.48153134408096
1328	-306.5211885638294
1329	-300.19356329408055
1330	-306.2600714710891
1331	-300.67680527429195
1332	-300.3828146717421
1333	-311.8738776387908
1334	-311.87079959041216
1335	-303.0055156512025
1336	-296.0133084217743
1337	-302.66478796089257
1338	-312.43845118383535
1339	-304.6501100218412
1340	-309.0562000675824
1341	-302.26988423543116
1342	-305.1232905934868
1343	-301.7633518168078
1344	-308.2611
1345	-301.1810844781279
1346	-304.3665583479887
1347	-303.74158612811067
1348	-296.2477000000005
1349	-302.0390587373728
1350	-309.92303192017164
1351	-301.29333750162823
1352	-306.0987715047745
1353	-297.13992752686124
1354	-307.37600036174837
1355	-308.7983607385047
1356	-308.28745066289537
1357	-308.6286635330554
1358	-302.51951413514274
1359	-300.3256879502967
1360	-299.6972525425158
1361	-309.770682339454
1362	-305.51286189342693
1363	-299.97729552670995
1364	-300.8639482380235
1365	-304.3815445242735
1366	-300.58306384288016
1367	-308.6363666638363
1368	-306.1900568363738
1369	-306.2551901050969
1370	-302.82891952716204
1371	-304.6675109592639
1372	-302.5938300412893
1373	-306.7135847633811
1374	-305.58330472895807
1375	-303.03976456157784
1376	-312.1705321335353
1377	-305.128227604982
1378	-309.6023955173981
1379	-306.962040398136
1380	-308.1322208670782
1381	-301.74145630979956
1382	-303.901559107783
1383	-303.99926843149143
1384	-301.4067685136048
1385	-304.4422672153328
1386	-303.08814342199975
1387	-303.4342418141542
1388	-307.8385232184764
1389	-306.81442364017215
1390	-299.7890824895629
1391	-298.819561940619
1392	-296.6870313901829
1393	-306.24027804780314
1394	-302.2382209811559
1395	-302.89740003566936
1396	-306.73573079699236
1397	-307.8141026304853
1398	-297.02264376671474
1399	-310.32510509824175
1400	-305.90512065619504
1401	-308.582471153298
1402	-312.6855754089553
1403	-304.296454123558
1404	-304.56896320499635
1405	-303.5498701670107
1406	-303.90994615988296
1407	-301.2292964512476
1408	-302.4202424482158
1409	-310.09991796611513
1410	-290.50990016037656
1411	-298.5931096915628
1412	-304.23237686416485
1413	-300.48814160711174
1414	-303.89346372824434
1415	-299.11775210641986
1416	-296.91003521230823
1417	-307.1554150956405
1418	-299.2876073201514
1419	-304.7410429431567
1420	-290.1489331749484
1421	-306.313193759961
1422	-308.2555308371852
1423	-308.033733435969
1424	-298.29480000019
1425	-291.71118260545336
1426	-311.67569948300456
1427	-303.76843364481977
1428	-301.6673812742092
1429	-306.81470840438925
1430	-303.0013033365205
1431	-300.28636390062087
1432	-298.684519229987
1433	-300.11787923925
1434	-299.7180133689555
1435	-299.93574976550053
1436	-305.36329373513803
1437	-296.88941638183434
1438	-309.8659985782504
1439	-298.5421
1440	-306.64524992399623
1441	-298.02730082213714
1442	-303.37362003388967
1443	-304.94462878276335
1444	-299.50915473402245
1445	-311.171470690838
1446	-302.71432411815704
1447	-300.5248330521002
1448	-300.9791173235493
1449	-300.3002479287057
1450	-297.5678266294721
1451	-305.55418976215304
1452	-299.8141535616443
1453	-309.93678398086826
1454	-301.5670915942779
1455	-301.30090998709676
1456	-305.483916444027
1457	-311.9238996328054
1458	-312.649940033391
1459	-296.65861336173293
1460	-309.6007242919206
1461	-303.4469
1462	-298.88981040574924
1463	-300.32334603741225
1464	-305.4156788786907
1465	-306.7037363725801
1466	-306.03180007050787
1467	-301.5218982849653
1468	-307.2746512339998
1469	-302.3533
1470	-302.13809712663755
1471	-302.24888562937065
1472	-301.81680100968515
1473	-307.69581904239095
1474	-305.25239393852775
1475	-304.4409238365261
1476	-306.37120821494733
1477	-300.23798427057784
1478	-288.16021464119336
1479	-303.65018905642904
1480	-301.6235921140785
1481	-303.62234277732574
1482	-301.7983714985715
1483	-303.24489337893476
1484	-304.63439869372945
1485	-301.6383252545156
1486	-304.9891572926268
1487	-299.6418094309817
1488	-310.3449
1489	-302.42695351882395
1490	-301.5470203476622
1491	-307.4372660497397
1492	-306.6171682560956
1493	-306.61774685192404
1494	-301.18128698540164
1495	-308.0609777976999
1496	-301.3721949637961
1497	-311.2909359998473
1498	-305.9510995660401
1499	-302.5841370142435
1500	-304.89359878802566
1501	-302.4215729866423
1502	-304.21827650006065
1503	-302.05089587432605
1504	-306.0271441047712
1505	-304.90579583254197
1506	-303.8183429814719
1507	-301.3231944355263
1508	-302.3836608715832
1509	-301.4295272533761
1510	-310.1170038410833
1511	-308.2134716551355
1512	-302.79521744933265
1513	-297.5615972661792
1514	-311.347266594626
1515	-303.2645839392124
1516	-311.2044943581739
1517	-308.04786263546026
1518	-304.3802192749128
1519	-311.127961164093
1520	-306.32458335977725
1521	-300.8899580550476
1522	-305.9203030462579
1523	-302.39748748724685
1524	-309.38928149588895
1525	-304.11896327598333
1526	-303.8832662709345
1527	-311.6452064164779
1528	-294.01122730918587
1529	-300.5530674023374
1530	-302.7281164967504
1531	-297.7286044653729
1532	-310.55524291967896
1533	-307.62859136077924
1534	-309.10817500391806
1535	-307.9156448067876
1536	-307.101483637175
1537	-310.2380445525812
1538	-308.9826092746369
1539	-303.8697908323164
1540	-308.1686649539669
1541	-304.69725968182513
1542	-306.71788850928493
1543	-307.68338273970824
1544	-305.0694590339382
1545	-304.85198365251296
1546	-299.0196192985398
1547	-301.0068242551739
1548	-303.30723297652304
1549	-296.1392609756332
1550	-299.9325136852378
1551	-305.73320047081796
1552	-303.9890171655822
1553	-307.1197991952867
1554	-302.3036953224706
1555	-294.65819821967574
1556	-302.2073083873296
1557	-299.35164024168546
1558	-299.3444952377568
1559	-301.3638683859981
1560	-302.6358000000473
1561	-303.52265962238306
1562	-308.7417825394326
1563	-303.85669612736797
1564	-307.46522148767986
1565	-300.41408884913625
1566	-303.90043275877906
1567	-304.68925132114043
1568	-304.5602054539547
1569	-305.70775334134544
1570	-303.7623330001205
1571	-304.49750436834375
1572	-305.6513990045774
1573	-302.29663352447153
1574	-300.44585751175964
1575	-309.54613853449234
1576	-305.3381576243265
1577	-300.4879090228812
1578	-306.4231971189123
1579	-304.3287032982971
1580	-302.84235179517026
1581	-301.2765767489222
1582	-304.6817222533833
1583	-298.2085152020813
1584	-302.3283641388646
1585	-297.5018434962623
1586	-310.6956111844828
1587	-304.2007708843141
1588	-299.78520911440535
1589	-306.94928185361965
1590	-307.1605296567081
1591	-305.6728976230429
1592	-306.22129780338645
1593	-297.7026
1594	-309.30266480274184
1595	-302.7796933057238
1596	-300.47862060329237
1597	-305.13772072776425
1598	-302.9423446052157
1599	-305.0287
1600	-304.94284049771
1601	-305.38789096837496
1602	-309.0836932437422
1603	-305.0640675863408
1604	-303.7922132298224
1605	-300.38001980429436
1606	-301.88987908153405
1607	-305.63665248304056
1608	-310.52218941540633
1609	-301.10482902378396
1610	-299.7821635867087
1611	-306.05181220761364
1612	-306.8491674874427
1613	-303.93304315650937
1614	-302.8663145564321
1615	-292.7620453759141
1616	-306.0209489444624
1617	-308.2246531151761
1618	-302.65045907432216
1619	-300.8849727787034
1620	-298.6735063296939
1621	-306.81683348564974
1622	-307.38986092233785
1623	-295.60349380599285
1624	-299.70003262658156
1625	-299.2928006738568
1626	-302.33198733184406
1627	-305.59557454901966
1628	-300.5370761681269
1629	-305.7854784253331
1630	-305.1291827994186
1631	-297.7384043087876
1632	-306.90086823060517
1633	-306.274332299401
1634	-299.2314660512441
1635	-300.1401463082497
1636	-306.04917391993115
1637	-309.76841251655287
1638	-302.00930015706535
1639	-305.710603558445
1640	-304.78782236625227
1641	-310.1350251327483
1642	-307.86134132753284
1643	-307.01617151993236
1644	-307.47266707891333
1645	-305.095968098842
1646	-300.30927742038546
1647	-303.6680882382374
1648	-301.9183627138149
1649	-293.9467869603467
1650	-306.04672249297255
1651	-296.2164978633625
1652	-299.7656230249529
1653	-306.9751736917332
1654	-306.76110476277637
1655	-295.1109538868504
1656	-307.27457310139584
1657	-307.23439217674
1658	-302.78695942332854
1659	-304.4810656095116
1660	-306.54539737032786
1661	-301.4485367669284
1662	-308.1207653801332
1663	-300.3289987478849
1664	-303.4244007233864
1665	-302.0128482047899
1666	-306.8318504603221
1667	-310.6096712988735
1668	-304.85503359513916
1669	-301.83091453437333
1670	-304.44560771421055
1671	-305.0886414571616
1672	-302.4202284420139
1673	-303.3486825483779
1674	-307.6033049645654
1675	-297.63682248850864
1676	-296.63443064194615
1677	-307.1976496572168
1678	-305.27171721930983
1679	-307.27891241454194
1680	-302.62127307436515
1681	-301.0023064624846
1682	-307.75892367845216
1683	-302.03448132273775
1684	-306.54871637780707
1685	-303.05237789797343
1686	-300.1663746346311
1687	-304.71471257204644
1688	-312.9216671479261
1689	-305.4158200362743
1690	-302.55762247385655
1691	-300.5319296272687
1692	-298.74403828317105
1693	-303.8537914530435
1694	-296.5767438993248
1695	-307.76719981915676
1696	-306.6317793810481
1697	-305.50345478189473
1698	-302.0341872298129
1699	-306.8819557111061
1700	-305.8176072229388
1701	-299.8917212251551
1702	-307.9668478614495
1703	-304.0231433324627
1704	-300.9199765280675
1705	-304.8528623477186
1706	-304.50929180934196
1707	-308.0596395993416
1708	-301.60133457041934
1709	-307.02320858971785
1710	-298.65887626079194
1711	-309.5754625865874
1712	-309.5285424092188
1713	-303.4516525294104
1714	-301.25391477503706
1715	-307.80734477709416
1716	-303.24977903573824
1717	-304.1639117805669
1718	-309.12554477881184
1719	-301.1314364743822
1720	-307.1694793308527
1721	-303.5497212711795
1722	-301.84821162353404
1723	-310.41296683642685
1724	-310.0787980766566
1725	-303.66832850214837
1726	-305.3742338060018
1727	-306.6037892537966
1728	-305.2947885833856
1729	-301.8599307755782
1730	-299.7008216857635
1731	-309.38213571967304
1732	-304.23997647381884
1733	-301.6699360483121
1734	-301.26829883141244
1735	-306.2179704587875
1736	-305.8293351864523
1737	-310.6266418753516
1738	-305.00203019121227
1739	-303.3448660507831
1740	-299.52281307698064
1741	-293.7589
1742	-301.80001509818
1743	-301.859548237869
1744	-303.57083632569186
1745	-300.0157949250373
1746	-306.19103706157864
1747	-307.00175258395336
1748	-298.49278369789744
1749	-297.70429239437783
1750	-312.58946199874237
1751	-303.692259501158
1752	-306.0066312040275
1753	-310.9992000005216
1754	-299.7453361040671
1755	-305.0729108417123
1756	-301.449378558725
1757	-296.4803649193179
1758	-299.8700102526824
1759	-307.0819185008686
1760	-306.9651928975733
1761	-301.45259770590616
1762	-303.14245000772667
1763	-302.98600725727135
1764	-296.76459206651236
1765	-309.78236217908267
1766	-300.36507803832325
1767	-306.33041181353684
1768	-302.7781674278075
1769	-308.15007498132036
1770	-309.2681260495482
1771	-311.79114299283657
1772	-310.75577585554566
1773	-309.6188200727468
1774	-308.72102286652563
1775	-306.3995526550041
1776	-313.1112909631328
1777	-308.31591699371086
1778	-306.79062801946105
1779	-300.61337754537175
1780	-307.76326134078033
1781	-309.64531515084235
1782	-307.5719624138684
1783	-308.58020263135273
1784	-303.66575816059833
1785	-304.89530772176084
1786	-312.35327066420285
1787	-311.17627277909105
1788	-306.52673610126305
1789	-299.4144875314428
1790	-310.12393873838323
1791	-304.55366007270675
1792	-296.01610112758215
1793	-304.4840739820008
1794	-308.4518068286801
1795	-309.8184007690462
1796	-304.1495814608553
1797	-313.7501730255661
1798	-309.06833672065227
1799	-313.8285481261872
1800	-303.1730415903401
1801	-311.3726313028609
1802	-308.6658944564585
1803	-305.0491772788186
1804	-309.3214527951628
1805	-312.6865757833344
1806	-311.02531460861223
1807	-306.832868462685
1808	-311.16936824802156
1809	-309.2322155962693
1810	-303.80498292069075
1811	-303.5864542169854
1812	-307.6199094627762
1813	-308.5076256866585
1814	-309.9784561073493
1815	-296.7499221765626
1816	-306.29436708260425
1817	-302.25413284628826
1818	-303.73613595991156
1819	-303.22892031370776
1820	-301.08666332465685
1821	-304.4402962181043
1822	-301.84166457732607
1823	-300.5473107553877
1824	-304.63021144860136
1825	-307.15809894813134
1826	-306.88828162440933
1827	-304.30191557826384
1828	-304.87298257557507
1829	-300.6002786792171
1830	-301.7435482148269
1831	-305.73635109796635
1832	-308.10729142145107
1833	-301.9279842839669
1834	-305.87456177809986
1835	-308.22070852803205
1836	-304.03373529785426
1837	-309.5715957691891
1838	-311.7661000518243
1839	-304.7857796970261
1840	-305.98480916637135
1841	-301.24784081127683
1842	-294.2905770075186
1843	-305.7022224157906
1844	-302.8187985499143
1845	-307.78929990365
1846	-301.5571532776597
1847	-300.3067885585493
1848	-310.1956867439033
1849	-308.55758155905187
1850	-316.9527293721641
1851	-306.5200114814452
1852	-313.61798520220685
1853	-307.0887585635018
1854	-293.5504648893117
1855	-302.50504058487195
1856	-297.456596919286
1857	-301.0718619100583
1858	-304.6739549768075
1859	-309.4085314540093
1860	-301.56499143882763
1861	-306.2548333484187
1862	-310.7693886505345
1863	-310.38662452526
1864	-305.84019708026625
1865	-312.55665271029596
1866	-307.41390101220765
1867	-308.36245456452514
1868	-313.79789148803303
1869	-310.6332841460691
1870	-313.6143365893401
1871	-309.19005706459393
1872	-308.8638620812306
1873	-311.1923731328157
1874	-308.3504094289814
1875	-304.204454507195
1876	-305.8413645267361
1877	-305.54661160708014
1878	-305.35767701003084
1879	-309.92394905520905
1880	-312.7354662424334
1881	-309.26831424396994
1882	-310.8198835024343
1883	-307.9811656543942
1884	-310.2937801079372
1885	-303.72789839539917
1886	-305.5687093938809
1887	-311.47332224680355
1888	-305.4115515118069
1889	-308.3350047697254
1890	-303.21521025972044
1891	-310.485252155569
1892	-306.4386836249421
1893	-308.49510488268567
1894	-298.45296475236006
1895	-298.5786972146225
1896	-301.92720840649736
1897	-305.14116112424307
1898	-302.9299217516385
1899	-299.4309574277685
1900	-297.5703292853901
1901	-298.8196645768685
1902	-308.1426551326209
1903	-299.3446021437649
1904	-298.8142399447804
1905	-301.31460195027114
1906	-302.1130372620028
1907	-309.69810251220366
1908	-299.22126452949453
1909	-303.305831708024
1910	-299.92727429740415
1911	-305.53720638131983
1912	-305.36922114386215
1913	-309.5836109859274
1914	-308.6743275076582
1915	-311.64426455428725
1916	-305.6969209009238
1917	-309.3173793744161
1918	-309.81454569271324
1919	-308.1788947305142
1920	-301.6655100144603
1921	-305.72920653143876
1922	-305.7302625512485
1923	-300.008287664982
1924	-304.40773938174374
1925	-303.1118442797825
1926	-301.11114396292396
1927	-309.3923882492092
1928	-310.86204992756444
1929	-310.03052867531505
1930	-306.2358202361149
1931	-307.0363223658475
1932	-299.18306760010336
1933	-300.94790466585346
1934	-299.902702228002
1935	-313.2096196372327
1936	-304.6606491795338
1937	-307.8678416823861
1938	-306.85298829418747
1939	-307.35163047903023
1940	-307.5937131852006
1941	-304.35862553064175
1942	-306.87899252517246
1943	-304.60527146256567
1944	-308.9919716293574
1945	-302.4730017020835
1946	-306.8539216522476
1947	-307.48537262956785
1948	-312.17955413018404
1949	-308.65180936053355
1950	-310.8241238017299
1951	-311.8971973982221
1952	-307.01698066513524
1953	-309.47901374692043
1954	-305.01446687691106
1955	-311.12586922004255
1956	-307.00284092549066
1957	-303.59227359712963
1958	-312.5003815655217
1959	-311.36318537595065
1960	-301.84420526313187
1961	-303.8286651124693
1962	-306.05474925076055
1963	-306.3705123199976
1964	-301.0204920895634
1965	-299.95660920214414
1966	-305.0167354651451
1967	-305.1398642992045
1968	-306.1444573932178
1969	-308.04621331236154
1970	-307.7923098667189
1971	-304.79864918947504
1972	-300.3304805052582
1973	-299.53708745767784
1974	-301.7909997189201
1975	-307.7327176100666
1976	-309.42553077409343
1977	-308.9460220583629
1978	-311.0853346921313
1979	-302.4758641640327
1980	-306.44569724523126
1981	-304.02074075087484
1982	-309.4208937794114
1983	-310.9544386178109
1984	-311.52851208273785
1985	-309.5378928035166
1986	-311.55083225821704
1987	-304.1421569151598
1988	-310.5447046243254
1989	-302.65072658203536
1990	-309.46926463264884
1991	-306.63036834921485
1992	-302.0774793718868
1993	-306.986698046795
1994	-309.48390058566935
1995	-292.47258254693025
1996	-300.5530665581093
1997	-314.16753397398304
1998	-300.70227084804685
1999	-305.6792499027826
2000	-307.17672336220727
2001	-305.38477256031706
2002	-296.6444532872007
2003	-307.9922055682316
2004	-307.5867324770505
2005	-299.9518696046002
2006	-302.9677923915042
2007	-304.11173260732494
2008	-307.2137197764515
2009	-312.9951855931104
2010	-305.07198816076027
2011	-307.6570457824038
2012	-304.59612295628597
2013	-312.4874745405761
2014	-306.06565495605685
2015	-309.8592401076045
2016	-304.29976614894525
2017	-302.94678470585393
2018	-305.110238419451
2019	-306.25505607017107
2020	-307.8087226960997
2021	-308.59528290672733
2022	-304.2018205688718
2023	-308.8154055992134
2024	-307.8257715182498
2025	-303.3158951787728
2026	-305.91235319189565
2027	-301.3422743870372
2028	-305.88981552818973
2029	-307.5585761921305
2030	-300.0577620621521
2031	-305.6601668316516
2032	-307.7331113653156
2033	-301.07281590707663
2034	-310.43985968548185
2035	-304.6682217674499
2036	-299.7515644324698
2037	-301.77820193762943
2038	-303.44478731311403
2039	-302.40100867837043
2040	-309.56536412225785
2041	-302.2719671950152
2042	-299.7223524880329
2043	-304.6982995261412
2044	-302.1603970344397
2045	-307.951681811675
2046	-311.27479061932803
2047	-309.5294982507012
2048	-304.97563815687084
2049	-308.1559676127928
2050	-307.04438866702844
2051	-307.36392197187547
2052	-300.41992223608383
2053	-308.6742272656386
2054	-307.44771026237623
2055	-307.249888279088
2056	-298.7177664461904
2057	-304.8610914256492
2058	-304.6763542123424
2059	-311.4663682272832
2060	-310.1020567742696
2061	-309.0041972849145
2062	-312.42122874468464
2063	-299.98115383339075
2064	-302.4436958743089
2065	-302.05713570676454
2066	-309.12478437355657
2067	-306.374343688001
2068	-303.57748688470446
2069	-313.3621136497095
2070	-303.71234374061834
2071	-306.19490002024
2072	-309.6181105081492
2073	-305.4332546540193
2074	-306.6714659821875
2075	-311.4018327441106
2076	-305.1732137065459
2077	-304.1605892577156
2078	-302.9333500295649
2079	-307.6284532245877
2080	-299.8395381885249
2081	-301.9070708196557
2082	-308.46456435758097
2083	-311.65267786097195
2084	-306.763586954958
2085	-300.6887606087644
2086	-302.447500849148
2087	-306.0897253080667
2088	-301.050491978682
2089	-304.9439352300566
2090	-301.00730315073105
2091	-304.8299390738269
2092	-310.62085038618886
2093	-306.70063603868937
2094	-305.67077485370595
2095	-302.42852967109826
2096	-305.8992951380993
2097	-298.8716324363898
2098	-302.72756142212637
2099	-302.85699689796655
2100	-300.60725696101525
2101	-306.5289852323046
2102	-309.19860046704065
2103	-305.2075169866869
2104	-305.5876514686335
2105	-302.72312341002646
2106	-307.6727477814059
2107	-306.1058316062289
2108	-309.68546817122865
2109	-306.6897893910916
2110	-298.8350258327991
2111	-314.2284968828107
2112	-308.98732308727114
2113	-309.68383036016974
2114	-314.48528946312166
2115	-309.2724528814422
2116	-305.2126440433093
2117	-303.4048530955844
2118	-302.82519319493264
2119	-303.9780829641749
2120	-306.2004675303647
2121	-310.4742948184968
2122	-304.75397021402847
2123	-305.055611289721
2124	-311.28221835825667
2125	-299.59619377663813
2126	-301.54904892135374
2127	-301.49024795056397
2128	-301.06909485783723
2129	-309.2991371176066
2130	-309.6155978169116
2131	-300.66482019617405
2132	-306.1363556675638
2133	-302.9667127947332
2134	-299.12040185125846
2135	-304.04028473680086
2136	-310.97791366613217
2137	-310.6260022283582
2138	-307.1422054698793
2139	-302.47983277221243
2140	-305.57844169836244
2141	-307.2401866871097
2142	-305.4983972023225
2143	-301.135622855285
2144	-313.67353131358226
2145	-301.832533365233
2146	-306.20619586077834
2147	-310.93232204751024
2148	-308.6231046224961
2149	-300.56595385890057
2150	-299.2276421985381
2151	-303.7180030091409
2152	-308.616223192359
2153	-303.2443744515689
2154	-293.68770283427114
2155	-303.6399903175497
2156	-304.38898706492034
2157	-303.58696558068135
2158	-309.57299350073265
2159	-310.5328803285284
2160	-309.003430449455
2161	-309.1156298071879
2162	-306.6461572955695
2163	-307.0943476646758
2164	-302.29720760110655
2165	-307.2998051515545
2166	-311.9416918134107
2167	-308.7149014924532
2168	-302.2379896353422
2169	-303.89827501986866
2170	-304.986251125404
2171	-299.6495620435784
2172	-305.22890017203906
2173	-308.5954420851172
2174	-309.2975716489057
2175	-305.50292917457654
2176	-307.6914085350883
2177	-306.93257806375004
2178	-302.74368309057917
2179	-303.6860479664732
2180	-304.3608069240857
2181	-307.539231346818
2182	-308.62603605685536
2183	-306.08875874509084
2184	-305.1459322882044
2185	-303.0847918406333
2186	-310.05774001222363
2187	-308.22653028516277
2188	-299.3235042700977
2189	-312.36177922331984
2190	-304.0160660363525
2191	-305.5434651308185
2192	-305.46647930614245
2193	-309.80710698168673
2194	-309.7029278297376
2195	-306.20658499102956
2196	-310.5715908583182
2197	-312.9513477662048
2198	-305.89420504809783
2199	-307.3553142838271
2200	-306.1333125599807
2201	-305.2008256065896
2202	-308.0585291014814
2203	-307.01855196738063
2204	-305.00172973269764
2205	-306.9311286217861
2206	-303.5738061395458
2207	-307.4609687355875
2208	-300.5208895544448
2209	-303.7743715325583
2210	-303.0601644135993
2211	-304.5300674394472
2212	-304.9703743369917
2213	-305.98567080109797
2214	-307.94302752901564
2215	-307.3514271316487
2216	-305.91018106625006
2217	-305.46964722162517
2218	-311.46696896724734
2219	-303.25360971266815
2220	-307.2210610305014
2221	-306.7092033561142
2222	-308.50494314830206
2223	-307.89800119339424
2224	-302.66864591954334
2225	-308.3321267992073
2226	-306.37678929956576
2227	-307.5486309625738
2228	-311.12789482183064
2229	-306.4743588275449
2230	-307.1697502464833
2231	-305.47522838273386
2232	-307.8663325374583
2233	-310.90258595774594
2234	-304.3685715526076
2235	-304.2437052467297
2236	-306.8235479828088
2237	-300.644483949455
2238	-304.48176936489205
2239	-301.9700776509917
2240	-301.38981370014227
2241	-308.21755119769205
2242	-300.6116270796907
2243	-312.16006934232234
2244	-305.37563135398784
2245	-306.9643404143002
2246	-306.2604597622945
2247	-304.06247552419484
2248	-305.53046851271165
2249	-298.54750119830925
2250	-305.29953123130434
2251	-306.4447055752911
2252	-303.52091339561537
2253	-298.7747377231841
2254	-305.87720803106066
2255	-297.50887758915115
2256	-303.0146741114229
2257	-302.07911887339986
2258	-304.99397402887405
2259	-307.6985250458714
2260	-301.8634282230279
2261	-306.52575596210204
2262	-307.5229374330943
2263	-311.3156174553035
2264	-303.15314150920415
2265	-308.5903348279239
2266	-307.7951779246234
2267	-304.58866951155534
2268	-305.06410448508177
2269	-301.69661412346613
2270	-306.3391133107387
2271	-307.1561726229205
2272	-305.0810134457127
2273	-300.2877572969295
2274	-312.15920175549
2275	-307.8376321809518
2276	-308.7878699681722
2277	-307.3597665092163
2278	-313.106479900515
2279	-302.40561114537536
2280	-309.4338707001371
2281	-305.42908459188135
2282	-314.549934596075
2283	-306.4255264183316
2284	-306.51633146178233
2285	-306.03956418164194
2286	-307.9506731728829
2287	-305.34946907721513
2288	-306.9150677957206
2289	-309.20402016626093
2290	-307.4108240047214
2291	-298.32242199486467
2292	-306.5014326862265
2293	-304.49156228888984
2294	-307.541416276588
2295	-303.5128796516201
2296	-304.5266532664127
2297	-306.6156459805161
2298	-307.90897104453114
2299	-303.2995941771554
2300	-305.14562749608103
2301	-306.8622877759285
2302	-312.8873208672171
2303	-306.6742663088557
2304	-306.9145334295813
2305	-308.88207667959466
2306	-305.88281596361537
2307	-306.84531978331927
2308	-303.0282498529131
2309	-306.67159419696014
2310	-307.6796399629146
2311	-298.4774416285771
2312	-304.26234703238157
2313	-312.07971432263145
2314	-306.432515220075
2315	-310.40106567556626
2316	-305.7631675346119
2317	-307.54968605912154
2318	-311.0013587376349
2319	-302.03911987967524
2320	-303.07482462529407
2321	-308.2491036276908
2322	-301.9948947884005
2323	-307.4436032105893
2324	-303.9440229113158
2325	-302.90291464326987
2326	-302.82240626521775
2327	-307.8819986845738
2328	-311.99826285668166
2329	-312.1036553785663
2330	-311.0668879267665
2331	-318.6747436692007
2332	-304.0265669103045
2333	-309.216118871617
2334	-312.86093249403876
2335	-310.52628037259774
2336	-305.8846073466797
2337	-303.8611049659918
2338	-309.9169557913235
2339	-309.93504456486556
2340	-311.60590612657944
2341	-302.6315891209668
2342	-304.218893069464
2343	-308.457400207807
2344	-313.59182973005596
2345	-304.5005305031766
2346	-302.0599224527509
2347	-311.10454496051295
2348	-310.00094511987226
2349	-310.0735987797472
2350	-303.9016589815153
2351	-309.5419994845946
2352	-310.4649498635977
2353	-304.0509224371045
2354	-306.19327506477373
2355	-304.38670825793196
2356	-309.147071604193
2357	-311.5830364758657
2358	-303.23524427155803
2359	-306.77226329056265
2360	-308.9139149516087
2361	-313.47046481547704
2362	-303.64148040064646
2363	-307.3079741007918
2364	-306.72547013553685
2365	-303.4389426976915
2366	-307.8920043286008
2367	-305.43974448436484
2368	-304.7625888894874
2369	-305.61826725423657
2370	-306.5419422394719
2371	-302.78230142253346
2372	-303.46648577883315
2373	-302.5490764792794
2374	-301.350356656787
2375	-304.4829654504198
2376	-302.91742385453165
2377	-305.4483210690192
2378	-304.22166502249246
2379	-308.9344662975167
2380	-306.18614000594886
2381	-306.24636756480606
2382	-308.45597626610476
2383	-305.199849767123
2384	-302.3668575659943
2385	-305.3715713100721
2386	-301.53250160444657
2387	-307.1395083222286
2388	-300.254734748602
2389	-301.2845929190927
2390	-301.87774326504285
2391	-312.5957399848343
2392	-305.4362066974332
2393	-307.18355931496717
2394	-308.645791291585
2395	-306.5631451814982
2396	-306.07818673729065
2397	-302.8046544666605
2398	-304.1065710051696
2399	-309.88377732056125
2400	-309.04299745907514
2401	-311.99481445916746
2402	-310.12947784494406
2403	-302.0770529142759
2404	-306.4581380817041
2405	-299.9719946498537
2406	-294.499066826428
2407	-299.66582061133744
2408	-303.71925486812177
2409	-301.432310220292
2410	-305.7580446200308
2411	-305.094686525539
2412	-301.25143340524113
2413	-308.6528868064927
2414	-301.7559270601455
2415	-301.29865487786935
2416	-296.5135251305348
2417	-306.7805383541394
2418	-305.12179728440026
2419	-306.75442213689394
2420	-305.79075896348576
2421	-304.37645750698306
2422	-307.48561188183714
2423	-305.73359931027636
2424	-306.7169283422248
2425	-307.5116082401946
2426	-307.5967007772547
2427	-303.08806896453353
2428	-308.77073574167275
2429	-303.1955572907576
2430	-304.40309554735273
2431	-305.2202665405584
2432	-296.4616138032257
2433	-310.593248598469
2434	-305.9724725999073
2435	-307.51471599205297
2436	-301.24860090623656
2437	-304.30198345463697
2438	-305.47995976183455
2439	-301.6063219464957
2440	-307.01963738325804
2441	-302.88444772057045
2442	-302.85931986289
2443	-303.564900182663
2444	-302.317987177121
2445	-299.2275082638197
2446	-302.3901976730517
2447	-300.4829602742876
2448	-305.43432999811654
2449	-299.3957746828512
2450	-296.84980776815496
2451	-304.7281042045663
2452	-299.86532475698993
2453	-300.6738279218311
2454	-299.7025948989506
2455	-307.4130299759962
2456	-298.69157334977655
2457	-303.85989846878783
2458	-305.3105652784052
2459	-301.4763839918297
2460	-306.86124659707764
2461	-305.70285441908567
2462	-304.32392442429267
2463	-302.70448125596283
2464	-305.69878628666896
2465	-303.0924863317802
2466	-305.75741900134886
2467	-307.97632335564754
2468	-301.44924945693634
2469	-301.1837729032322
2470	-306.9900555301752
2471	-305.57519201131146
2472	-306.6391888634132
2473	-302.38318004030606
2474	-289.57331793970144
2475	-299.9045014448806
2476	-309.06973775309433
2477	-301.6171471132983
2478	-306.50083194811543
2479	-303.206237688419
2480	-308.0603539891072
2481	-303.2666416781035
2482	-302.66197830236274
2483	-301.80516016861486
2484	-305.0948499742062
2485	-301.56120013948873
2486	-293.7027000435926
2487	-298.70460745998423
2488	-302.14381538017795
2489	-302.75396780299604
2490	-308.5200645318054
2491	-306.12258973299146
2492	-311.58921831259585
2493	-303.6676770013905
2494	-306.9576819141911
2495	-302.2106
2496	-309.1517879594699
2497	-298.2416638910897
2498	-309.97426144592845
2499	-297.7320348842424
2500	-303.9339708710518
