1	-297.89189499645653
2	-292.4271171014923
3	-294.78758483955994
4	-300.77404992613253
5	-301.6334646524961
6	-302.52551100231466
7	-306.23692250715084
8	-306.4972426859602
9	-304.18414642251776
10	-309.82746515505573
11	-291.7919732422055
12	-298.54869353941325
13	-304.12186274560304
14	-306.00929752260714
15	-301.9144670345163
16	-305.53946719226474
17	-299.2971806980357
18	-305.1491626886937
19	-306.5103358022552
20	-305.2198000000001
21	-297.7337737771856
22	-300.43734235654307
23	-297.6665984068407
24	-303.80058539054664
25	-305.98257412765975
26	-298.14648833817415
27	-300.63042631640707
28	-302.4427591638074
29	-299.2273638161825
30	-309.61908505487827
31	-300.64866903061795
32	-298.74126237643657
33	-300.99966327052715
34	-299.227980078619
35	-301.1158835261156
36	-302.68991260154604
37	-309.05132520134504
38	-308.29035062060353
39	-310.6011536086402
40	-308.8934599949117
41	-308.8741340195508
42	-307.19631997226384
43	-314.7331465163408
44	-305.53516960605924
45	-312.4732844129324
46	-311.06842595470556
47	-308.14233961064247
48	-303.49536692251576
49	-305.9037169473344
50	-302.1492735328884
51	-300.0794015969163
52	-305.66220970649147
53	-304.76548043727627
54	-305.6972787322356
55	-305.6048412572841
56	-309.5519422123335
57	-305.60834637053506
58	-300.3597539179504
59	-306.4599816656295
60	-302.0157960337834
61	-304.06011867710356
62	-296.7894139556985
63	-301.5821419278666
64	-300.2665237424682
65	-310.09700762608725
66	-304.4810188070477
67	-304.7820696432481
68	-298.99073367153153
69	-303.2537836974728
70	-299.7090817360178
71	-306.50524636881124
72	-304.6788408426038
73	-309.72410623594595
74	-309.80431716984367
75	-308.22122518657926
76	-298.7913093886067
77	-297.36390460692166
78	-301.6616307919499
79	-309.07912744306645
80	-307.1226804978776
81	-304.8409921685895
82	-300.14602011766027
83	-305.216507604143
84	-310.95968054405824
85	-314.0285976766877
86	-308.09984629405517
87	-313.52152673950815
88	-304.02622390595684
89	-304.8433770162933
90	-307.8858499769484
91	-303.2439729235448
92	-306.8191789283846
93	-308.74273675201397
94	-307.48251262184675
95	-304.56743948885736
96	-308.03355465977876
97	-305.37937357858095
98	-306.4857824772906
99	-296.0854973355825
100	-298.00130427916895
101	-302.3286832201648
102	-301.9636916185911
103	-305.72126047857256
104	-307.4356438384319
105	-305.31720626625133
106	-299.34455756787787
107	-306.7356109935563
108	-302.609527993057
109	-303.83940373678655
110	-305.90402103521353
111	-300.2190568805759
112	-303.15918319575974
113	-307.914543641225
114	-306.75060071428527
115	-308.5052525287098
116	-315.1116728656552
117	-309.4320223309519
118	-306.0906237567149
119	-310.5778468479987
120	-310.05021399650485
121	-312.1970537734025
122	-308.7590931605522
123	-312.8741924807632
124	-305.0883243223498
125	-310.6498242126868
126	-307.1084264004431
127	-304.5881287016372
128	-304.8048009419887
129	-301.3358900675527
130	-302.6105093404233
131	-311.1698761333311
132	-311.2225820895274
133	-309.47862126218445
134	-306.5304226566165
135	-308.2893326843814
136	-310.1046241898649
137	-306.260814989897
138	-305.7786669565649
139	-310.73133697427517
140	-303.4368701818669
141	-304.9028264646444
142	-305.6589076256929
143	-304.62877300326306
144	-305.7994252351193
145	-298.8753368338692
146	-306.8181299818957
147	-311.3084908253551
148	-305.57545669530276
149	-303.35195982095263
150	-309.0058683160362
151	-307.5505757229098
152	-309.26693263061316
153	-308.8805057969157
154	-309.78630515953046
155	-305.323087890247
156	-302.03820928799433
157	-300.60209210706654
158	-307.2161472845816
159	-299.1204084547334
160	-307.4956544303122
161	-301.0072143881249
162	-303.54179960213713
163	-300.14078417060813
164	-311.55107436646585
165	-306.14348175803076
166	-303.3050316358451
167	-302.69038332031477
168	-307.13032797008276
169	-309.0159774095987
170	-301.0615429786761
171	-305.7470555351315
172	-297.9781129447764
173	-301.86065618332043
174	-305.85951749238984
175	-304.8550592060681
176	-307.5908144319444
177	-304.938889331076
178	-306.6979552552917
179	-292.0576874005262
180	-306.5335583118098
181	-294.3840826625577
182	-300.3999249019323
183	-304.89603408950114
184	-301.74230920889556
185	-305.25872164547616
186	-310.2542389850033
187	-300.3167319222936
188	-308.1956469390534
189	-308.69327451877876
190	-310.3005079415421
191	-307.4259968169954
192	-305.7808175583123
193	-307.28341558233654
194	-307.71140361098156
195	-300.63525201873716
196	-306.405959443602
197	-304.61531426909977
198	-304.89325789256776
199	-308.12854932926876
200	-303.6290391978196
201	-299.51706302492977
202	-303.4643948683867
203	-305.73707884108103
204	-306.80606094989446
205	-308.18663757457364
206	-304.46520715806025
207	-303.84269701369146
208	-309.0060851225937
209	-302.6220771212634
210	-296.6123340875761
211	-310.9621193391598
212	-306.31881180392077
213	-305.99079800355725
214	-306.1993551133208
215	-310.0778013032691
216	-305.3210570599072
217	-304.2209101110758
218	-309.1728446269885
219	-309.51633266105125
220	-305.840247819987
221	-306.38738348977085
222	-310.39884201052814
223	-310.4366520755417
224	-307.58018514955097
225	-305.9235066085637
226	-307.21648260204125
227	-307.7438518051565
228	-309.05553275904003
229	-311.9750774318449
230	-308.15835481457987
231	-311.2878087767394
232	-311.1429816733705
233	-305.1620340106471
234	-310.02206675636376
235	-303.358931354685
236	-303.2746956942394
237	-302.46020468179137
238	-308.38114085577854
239	-307.99498635451016
240	-310.6069001582452
241	-308.40841625224056
242	-305.5283548052193
243	-302.8067042617912
244	-304.64671933749975
245	-309.35537265887837
246	-310.5441132448917
247	-309.1557965776029
248	-314.18297043654434
249	-298.8312253841795
250	-305.35403847566704
251	-304.5411741526606
252	-302.3283202843894
253	-308.0561744616221
254	-308.9387917047908
255	-311.24980670058335
256	-304.0441190362582
257	-305.75811058389957
258	-308.13000119454216
259	-304.1173394237407
260	-306.0560950978121
261	-305.4853132187894
262	-305.4502705960132
263	-306.3861393367976
264	-302.88467226986216
265	-313.56325636684136
266	-310.28428247565233
267	-306.2669455539462
268	-307.777393431597
269	-306.38811149941085
270	-305.29556393269826
271	-307.26441480485977
272	-309.22515907498047
273	-308.84380363651877
274	-306.51613213630435
275	-304.5944548903368
276	-310.13263029512643
277	-306.9481131495293
278	-309.46237243847736
279	-305.3630540001311
280	-311.4609478675809
281	-303.5652220500668
282	-307.42640289851033
283	-308.8331343372641
284	-307.82653431876037
285	-306.09604631783697
286	-300.92101511173837
287	-304.8423016926051
288	-306.4377381438884
289	-306.7380864749426
290	-306.8314044271009
291	-308.4822096315925
292	-310.91945277604276
293	-305.72983122625647
294	-309.62636354018406
295	-306.6717721050338
296	-308.84089655369894
297	-310.4752001062138
298	-303.82567414138055
299	-305.62204023612094
300	-309.65884057293715
301	-303.35593668467845
302	-302.0724559721316
303	-302.03610800398724
304	-300.9837956810477
305	-297.21950493514976
306	-309.2590621183654
307	-304.51299369037196
308	-305.1145249334911
309	-302.40189183515554
310	-303.6695832431375
311	-301.3540245180916
312	-303.99779978412255
313	-300.8900784724378
314	-304.3358522256349
315	-311.1114935012819
316	-304.98563621546316
317	-307.8361533886496
318	-303.56478227821765
319	-307.8443319550663
320	-309.0175755310534
321	-307.7137393589499
322	-311.92683455728
323	-303.7132868561022
324	-297.7804459074395
325	-306.82417925168744
326	-304.266270462517
327	-305.00048497943436
328	-306.19813205283333
329	-311.60404408386535
330	-315.0242839843097
331	-304.689591240763
332	-312.15218433414765
333	-310.53280951882
334	-307.5664202142705
335	-306.87917369745907
336	-315.7250073813507
337	-310.22432773775034
338	-305.0086269781411
339	-305.0104705497295
340	-299.1116669631833
341	-311.1332162430163
342	-312.0723743233068
343	-308.32631268386365
344	-309.33285350219666
345	-309.176170881001
346	-310.6107082718027
347	-303.15783605981386
348	-299.37665510011897
349	-299.9228361535807
350	-305.2490636006821
351	-309.59876624503204
352	-310.50867444913405
353	-304.3537956222983
354	-298.72142014823436
355	-309.3826517463583
356	-305.95144615128567
357	-305.1512707553681
358	-302.1049279681356
359	-300.5803681991307
360	-304.5995586210157
361	-302.8068288995856
362	-302.0783946567423
363	-302.5695041322401
364	-306.7284922023158
365	-307.3892221521048
366	-303.84128088908955
367	-308.4299943802654
368	-310.72084372623686
369	-302.60354395161886
370	-296.3986944784416
371	-309.1891060351125
372	-305.3136629870916
373	-306.014356827749
374	-302.157137721343
375	-304.7497158091868
376	-301.4259434631856
377	-304.5936824043318
378	-305.3601778973602
379	-301.43832879840653
380	-309.7583315860275
381	-305.36783920794744
382	-303.98220679223454
383	-304.9564687124073
384	-308.0216115138067
385	-307.5867252070127
386	-312.01045894182226
387	-307.76117929479614
388	-305.38245460020613
389	-298.68192895407606
390	-305.13348841233454
391	-306.2363672087792
392	-309.4672766830379
393	-307.60717740136613
394	-300.96720706541146
395	-303.1413420497684
396	-307.8817696275963
397	-301.4590294964495
398	-299.8761438611018
399	-310.98656490745145
400	-310.8618762449978
401	-309.57711774225555
402	-307.7705876032261
403	-306.8887132573348
404	-307.7605342946245
405	-306.5457936103662
406	-306.88794515353817
407	-312.75362407539495
408	-303.7899876651985
409	-308.11767131575306
410	-304.3710970673959
411	-301.3194338092604
412	-302.6565629908469
413	-302.1968742684196
414	-302.3404947786552
415	-306.4306265388389
416	-305.4937898473465
417	-307.9605750424851
418	-302.26362274824226
419	-304.81299877737604
420	-307.4339898125673
421	-306.22402022689505
422	-306.4554463362159
423	-306.1137280681168
424	-301.43543656837227
425	-307.29030465014876
426	-301.98374662354195
427	-311.2442004867417
428	-300.70490072564144
429	-307.4171609905856
430	-305.51328057134174
431	-303.48092858271247
432	-306.16824172844497
433	-301.0620059528806
434	-315.0900771763972
435	-305.16511526346085
436	-299.8053705517865
437	-307.3735100848623
438	-309.22171100089315
439	-302.1220453553067
440	-308.17565753585126
441	-299.26968509264964
442	-310.0477947717488
443	-311.3819700332195
444	-310.5297760039077
445	-307.0407743604199
446	-309.6760515528036
447	-298.6158638924027
448	-311.12519683669984
449	-311.9176395817096
450	-304.44838652505064
451	-305.73199707367843
452	-309.9010366688072
453	-303.8730925022685
454	-303.7639231773271
455	-309.15296465683065
456	-304.7545415443167
457	-303.7310531875335
458	-311.21463494988785
459	-302.7872857868951
460	-311.2952881794766
461	-306.8509261663006
462	-294.1078554370979
463	-306.539154819152
464	-308.88569826594596
465	-310.56174998901247
466	-304.1764740910362
467	-309.95469559022223
468	-308.61886146463286
469	-307.81495932521074
470	-302.89424809786095
471	-297.789651651104
472	-305.96178585483665
473	-306.81065319679175
474	-309.2277272688029
475	-310.1011532505412
476	-302.3580426849019
477	-304.64223062573035
478	-305.4746728212786
479	-309.8003763313287
480	-308.83154523735493
481	-307.01063926558425
482	-310.64543068758377
483	-309.47005324124063
484	-305.3217948981134
485	-298.24334295755494
486	-304.4503062088846
487	-307.4405468200028
488	-305.5413106340402
489	-303.1553019157529
490	-300.79826582834625
491	-311.4027030366016
492	-303.5491700303973
493	-301.0402647882931
494	-301.39272285926177
495	-309.54505532084784
496	-305.38699082958743
497	-306.01750217851986
498	-306.6651073946331
499	-301.28218646959766
500	-309.36473286169877
501	-313.55067903875965
502	-308.39199637116457
503	-310.01951342479197
504	-309.08370787297036
505	-309.154267207267
506	-314.9333011727322
507	-306.5657534267371
508	-304.4764997923296
509	-305.5958423611608
510	-310.32488462950306
511	-310.2868475655656
512	-312.6979419651913
513	-310.0261368308685
514	-300.50967479874305
515	-305.98428280882496
516	-306.57432492046274
517	-307.814661188235
518	-304.45815613308713
519	-295.1527952733926
520	-304.062711901146
521	-306.1125345155649
522	-307.2552350064238
523	-307.52035248928127
524	-308.41409906131366
525	-304.7166763792708
526	-297.1545760992234
527	-303.7381044290473
528	-299.25949374773546
529	-303.9346138141366
530	-301.73251717209956
531	-306.2607573680814
532	-300.71322486086683
533	-301.89537392137606
534	-306.27882075817246
535	-302.22673235751915
536	-306.9014060593521
537	-297.2799695398791
538	-303.6112563099591
539	-299.41438391482654
540	-306.8217606183776
541	-303.49643824322703
542	-300.2430169464775
543	-302.3767886417284
544	-311.59651967431233
545	-305.24985435097784
546	-301.2009655707198
547	-302.7882157482026
548	-306.45075887002616
549	-309.3706828254094
550	-311.03372440584644
551	-310.7764208431928
552	-303.8225694676339
553	-311.55984651769927
554	-304.0645577348077
555	-305.31574632646914
556	-311.97247090107066
557	-300.7719972885886
558	-304.45991416185683
559	-308.9854133440558
560	-308.30953054124853
561	-307.28885856812263
562	-307.9314286048393
563	-304.48081581810106
564	-306.02636381518084
565	-307.0926636683477
566	-302.036942608933
567	-307.28990949743945
568	-309.3475424678213
569	-308.1760516219592
570	-300.2245234736589
571	-299.3262751044186
572	-296.63542685238656
573	-309.81910227768856
574	-303.93534078063453
575	-308.6398556258457
576	-311.4844961863252
577	-304.7494473261107
578	-308.02511472938795
579	-305.57711522649987
580	-308.70801495481174
581	-302.28997685750113
582	-307.3871026808785
583	-308.9016815600711
584	-300.6728114493922
585	-305.58949232143755
586	-307.9356000715006
587	-306.3236474644481
588	-301.8391927485113
589	-305.3140207035581
590	-312.3811095050969
591	-311.51440465230695
592	-304.2030258889453
593	-307.9002381847991
594	-305.5207260950247
595	-302.8013700443259
596	-304.418214536231
597	-309.41584557374466
598	-304.86710644686036
599	-306.68533648049845
600	-303.92989812939453
601	-302.90684891436416
602	-312.659420837085
603	-310.15850212187627
604	-309.75875256288435
605	-305.25115821970826
606	-303.7960618905379
607	-308.5307841776913
608	-306.3998084804338
609	-302.2455565692567
610	-308.5998337514198
611	-305.25990178334706
612	-298.902041910601
613	-306.4825651596294
614	-310.9195940072492
615	-301.670098326436
616	-304.41193814444347
617	-306.76991350845634
618	-303.9876741547754
619	-304.6386435024079
620	-307.6981634608045
621	-306.88423567751767
622	-304.0654878358694
623	-301.55818945145154
624	-310.11905494883604
625	-312.8718795494684
626	-311.9978493486859
627	-303.8574954346704
628	-304.75831220079033
629	-305.39924455579745
630	-309.29570327923255
631	-309.8266187580462
632	-309.4318887775954
633	-309.01753396858857
634	-309.4974621997795
635	-309.5382981074245
636	-309.5454432478853
637	-311.14871730470173
638	-309.72585289092035
639	-311.39597509203116
640	-309.2691229285292
641	-309.62979402783634
642	-311.60966085480004
643	-308.2765970812404
644	-312.3565040640578
645	-306.7470225062566
646	-303.43669614712593
647	-299.64569526177587
648	-305.36797764917446
649	-310.5248631767725
650	-306.27452477710517
651	-311.8699423082941
652	-305.9753934550422
653	-303.9241678775333
654	-306.29460983223936
655	-312.5153754397367
656	-303.4887698118746
657	-301.1310435603139
658	-310.8075920806076
659	-303.6366534305671
660	-303.2276412369316
661	-306.6356864433243
662	-306.2582296685055
663	-307.09905865957086
664	-307.0856693019267
665	-311.75640093347204
666	-303.57438538527333
667	-309.73292300420496
668	-297.16389640342527
669	-300.2002040759246
670	-305.77322024125937
671	-300.09032707505247
672	-308.28519644426694
673	-305.4050415786021
674	-304.61104813408264
675	-304.0731888695256
676	-305.50695799532036
677	-307.163387038431
678	-299.10818605281634
679	-301.4645288310818
680	-306.3922651509966
681	-301.7196308500508
682	-308.6684161929117
683	-305.1214104738016
684	-299.9896104822865
685	-299.53299351677464
686	-302.33250439462444
687	-307.32239031570145
688	-300.30293987658183
689	-297.6553518496576
690	-310.02748865306233
691	-307.30128970040744
692	-313.1391009610954
693	-308.14575359781435
694	-313.6756293703296
695	-310.505558294779
696	-301.5266554618865
697	-299.32944770079905
698	-307.1326452432893
699	-306.62584185459167
700	-309.23837622950424
701	-304.13651596309
702	-303.4401242268314
703	-309.6066344492935
704	-312.6545548239469
705	-310.1193533727868
706	-304.84337331816636
707	-314.34220987236665
708	-309.4930942047668
709	-310.40857076894923
710	-308.1069257162559
711	-312.02223054073585
712	-303.68602287286535
713	-303.4544746226866
714	-311.610281980118
715	-312.1016525180795
716	-305.5047352821706
717	-304.58930974145835
718	-305.25754043864254
719	-303.51334310660945
720	-307.4386149905909
721	-304.83920056105046
722	-305.77874220554924
723	-302.5876887634321
724	-309.68277173036677
725	-303.06877027340494
726	-303.6178105529577
727	-302.45537969936237
728	-296.02106176657423
729	-298.2751642480639
730	-300.7631188831899
731	-299.204029595095
732	-305.68075868466525
733	-301.0797470998033
734	-313.8777626652389
735	-303.1814851948717
736	-307.0736930768411
737	-309.601813211418
738	-301.10905564276817
739	-304.53581255688437
740	-306.6312991836353
741	-302.7748429378992
742	-305.1372939796876
743	-307.5280152112018
744	-309.2224851763843
745	-310.1510652845247
746	-309.8050482030723
747	-308.60003371513983
748	-308.4275626368139
749	-302.3985506083881
750	-309.3877465640972
751	-305.82859749775656
752	-306.30696433173046
753	-308.37232900054596
754	-310.8610908407596
755	-305.6361731815124
756	-312.8226636941181
757	-303.1134684502151
758	-309.0215631474347
759	-308.6530096109743
760	-306.71036297609226
761	-307.3938208875247
762	-302.2578895181508
763	-303.157160131303
764	-301.78518950498784
765	-295.9869017491926
766	-301.9328592530555
767	-305.2798895726156
768	-307.793773456783
769	-305.3069893429115
770	-303.96212228476304
771	-309.5083106437978
772	-308.21826296727573
773	-300.94781423862355
774	-306.652151973606
775	-306.21940953447813
776	-303.7090715002404
777	-309.31540955051804
778	-306.96951791761114
779	-307.01218692035224
780	-308.99369902034545
781	-311.4913135467925
782	-304.3826634853565
783	-307.4259831713148
784	-306.8861858701976
785	-308.1918449937826
786	-303.1923531870115
787	-306.275280616449
788	-302.04759587576297
789	-305.998279919109
790	-302.6281116958241
791	-302.81375370483596
792	-300.45879427864867
793	-297.782463625499
794	-305.33067704670106
795	-304.9247166308122
796	-304.55171096952597
797	-311.24784165518486
798	-302.4224190436011
799	-306.65927161837857
800	-309.4874929718464
801	-300.7824560408457
802	-297.9352337975535
803	-306.9751656759604
804	-306.939274955892
805	-309.80587006747726
806	-305.66423971630104
807	-310.6474822388839
808	-305.778887361757
809	-302.5237259643631
810	-300.00164904563854
811	-303.7557271469329
812	-303.3533634008414
813	-308.0346722972119
814	-310.8992132707173
815	-303.77042229856244
816	-303.1031520853783
817	-305.9868530286454
818	-306.24714229060754
819	-300.8840016531299
820	-308.9734212624747
821	-305.24012019901886
822	-302.46884138175056
823	-302.0639354805098
824	-300.9580119826148
825	-299.8063289894112
826	-305.02980421690086
827	-308.2887285399548
828	-309.1202249516721
829	-306.4094522888271
830	-300.9932699524557
831	-303.4471230231163
832	-305.9335498235821
833	-294.3135847162458
834	-300.2345413319348
835	-301.16459712532594
836	-303.9241248006203
837	-304.59496438890534
838	-302.73269878939516
839	-307.58818091524626
840	-301.66086124508456
841	-302.89980993699584
842	-302.9730363985308
843	-306.6360076575564
844	-304.6257939468073
845	-305.4952481802664
846	-307.48911236873204
847	-305.6962320810387
848	-306.5778118867185
849	-306.16342129780975
850	-301.89499005334835
851	-304.2066316822611
852	-305.01106932112737
853	-306.0052872179373
854	-314.22614756240495
855	-309.435427679433
856	-305.958970584098
857	-309.9150956263713
858	-304.7121354959121
859	-304.8895519336193
860	-308.57327760804657
861	-304.6641773931848
862	-301.8051764087299
863	-311.53856667739103
864	-300.8912859204108
865	-308.13110290778064
866	-302.73299356223674
867	-307.2171895547369
868	-307.9894162344225
869	-302.03861503613376
870	-310.79005331252074
871	-296.17935051788595
872	-299.1128666445256
873	-307.6955608693697
874	-306.96092887312454
875	-304.0376933988847
876	-297.3730128423841
877	-299.6154483927116
878	-302.18657820012965
879	-300.75575804448005
880	-303.9704888084857
881	-300.3168473855561
882	-302.9233137545179
883	-299.66317553623236
884	-306.4305441099508
885	-305.50121372431335
886	-311.7471972405765
887	-308.61427290906397
888	-301.52417191190926
889	-308.42905771083286
890	-310.9016005388419
891	-309.0622433261479
892	-306.21570545145806
893	-308.41706216077
894	-307.8597748745807
895	-306.8141043802645
896	-306.29262243472107
897	-312.48516735959873
898	-312.06124499651474
899	-305.14798424350516
900	-313.0806093800406
901	-305.01400099056804
902	-299.2218101894839
903	-305.93252240941723
904	-302.8520732410127
905	-304.54836743478705
906	-298.8175840247339
907	-308.7615302366114
908	-305.6963013273196
909	-302.7532250284031
910	-308.03405310819045
911	-304.6278528284839
912	-303.1071938543703
913	-306.4326410708908
914	-305.41020869415735
915	-303.29221705320606
916	-306.65580618202085
917	-306.2244295960145
918	-301.99975291641374
919	-309.6351183468591
920	-303.4531787468477
921	-310.6604069597665
922	-308.6863294022943
923	-304.805397877728
924	-310.7719018150066
925	-307.73932289108603
926	-313.62495628015097
927	-306.83781879715957
928	-309.26923475434967
929	-308.80914509366136
930	-303.4499499130393
931	-301.3110767141352
932	-307.49429729097875
933	-309.4461842199586
934	-311.23803113061814
935	-299.4447182337169
936	-296.3817135258027
937	-304.2752971023053
938	-308.3126071444958
939	-308.603704782068
940	-307.31190933601863
941	-310.9036315620499
942	-303.55548214204026
943	-312.1888737381629
944	-305.9044185303322
945	-303.42139520454725
946	-313.689908473671
947	-306.6820932454681
948	-299.54440285816315
949	-299.37004663215396
950	-305.03413663079897
951	-303.28238149638884
952	-300.10161591088064
953	-303.83604893681485
954	-303.2721445340681
955	-306.0804149707548
956	-304.0597094103304
957	-305.5889576345605
958	-303.23249459609605
959	-303.9346794776157
960	-310.15599132588346
961	-302.4171032342659
962	-309.54481781630574
963	-307.80460694754953
964	-303.9929024176928
965	-300.706210257477
966	-297.56993218401374
967	-307.94348855614305
968	-310.0088257491909
969	-305.9042680207934
970	-302.3488432559736
971	-301.64040960047197
972	-304.1334466220847
973	-304.7372463909117
974	-304.2444497931442
975	-306.43910251007514
976	-311.4283735045637
977	-309.826471786337
978	-305.87980152626966
979	-307.8660414306548
980	-311.55461679906966
981	-306.6949914533446
982	-305.600671527269
983	-309.99714985425686
984	-304.6217263613575
985	-307.3710950062138
986	-307.9142446951133
987	-308.14327050750876
988	-309.26438252275557
989	-304.34436885613025
990	-305.7613194580024
991	-307.55993277396857
992	-307.8823431351802
993	-311.7045458872563
994	-303.840215479481
995	-310.8505911583984
996	-306.4386160374764
997	-309.78025255352173
998	-313.3847541465677
999	-311.0614409174578
1000	-305.7060279467818
1001	-306.43084615627635
1002	-304.64638435698583
1003	-306.76405355205657
1004	-304.23924600722523
1005	-301.1223139524609
1006	-311.51225431868653
1007	-304.32183723192185
1008	-302.19235075974956
1009	-300.39590040500354
1010	-297.1054589381825
1011	-302.8348243587765
1012	-312.2544397912087
1013	-302.55465720013206
1014	-302.6145100370654
1015	-301.1685574979559
1016	-303.22237340852973
1017	-307.0176481475613
1018	-309.9445477511585
1019	-303.5981489125626
1020	-304.2811090197731
1021	-306.3599441470356
1022	-306.44935112408064
1023	-308.8845324249951
1024	-312.0529652254277
1025	-297.373215536837
1026	-308.35797881231383
1027	-312.3520887175754
1028	-308.4431375735817
1029	-307.56470441399716
1030	-311.48244799485354
1031	-309.5420223210704
1032	-308.4389103097865
1033	-297.15530541955457
1034	-306.7620253749977
1035	-307.81772367644413
1036	-308.52709937867286
1037	-303.0078886750466
1038	-308.9886962530469
1039	-305.8965648687344
1040	-304.9182974039505
1041	-308.328379179433
1042	-306.7029576045776
1043	-307.7724901036049
1044	-299.19659154890155
1045	-304.6840682375956
1046	-304.2352519558769
1047	-309.8325700248155
1048	-308.9300987445408
1049	-311.18207796159726
1050	-307.37089468425336
1051	-304.3878849157169
1052	-297.5318060624482
1053	-306.54619724132436
1054	-308.23667237710004
1055	-313.1407952749334
1056	-308.24147356686797
1057	-305.5524823224917
1058	-311.21441147988554
1059	-309.7618299775388
1060	-309.70338879448394
1061	-307.19961874157644
1062	-307.18254879070554
1063	-311.6195522176173
1064	-308.97610903370946
1065	-306.80509595755126
1066	-307.34215889200914
1067	-313.7142807726789
1068	-302.53500543524865
1069	-309.9580598831202
1070	-306.10054183844176
1071	-304.8323069576057
1072	-303.8731695421062
1073	-301.94032437399926
1074	-303.2660166945411
1075	-305.75959997466276
1076	-306.48324679099335
1077	-305.1183925830982
1078	-308.1462040770263
1079	-305.8172553275387
1080	-308.2947375988485
1081	-306.7998731385517
1082	-308.5336182567061
1083	-304.8873900319218
1084	-306.31255344429286
1085	-307.2701097481465
1086	-301.91564140963146
1087	-312.8560647550562
1088	-312.3018993290245
1089	-306.4975069956147
1090	-299.48054494514554
1091	-311.52738810819585
1092	-306.0553095255841
1093	-309.34910639412294
1094	-307.3625423625177
1095	-304.7616350826715
1096	-306.7550639593463
1097	-300.18736455278855
1098	-302.0343941558717
1099	-310.2943457127444
1100	-306.409166824538
1101	-300.86334830459936
1102	-305.0036989117
1103	-304.1885462426281
1104	-305.5028920374685
1105	-303.6343148425765
1106	-311.0493523148848
1107	-304.91931635875267
1108	-304.80588329998443
1109	-301.18877386002293
1110	-309.25958410186183
1111	-311.9520377030573
1112	-311.16942451028757
1113	-308.6666992695046
1114	-305.61884823814967
1115	-304.0218374641478
1116	-307.2611931782816
1117	-308.4317089531193
1118	-305.25332934779783
1119	-308.73216689303945
1120	-312.41761544724596
1121	-297.8157034953215
1122	-311.8893885498821
1123	-312.80022923062046
1124	-309.6267500048527
1125	-306.2123826350819
1126	-306.699913521806
1127	-297.2829405352491
1128	-306.670263348316
1129	-303.6079561139109
1130	-304.00911795845707
1131	-299.7108882984602
1132	-294.89131468595116
1133	-299.57775814009983
1134	-304.8961800919689
1135	-299.37193286999695
1136	-297.46963977805
1137	-301.977692258584
1138	-301.5297503004281
1139	-308.0810828236136
1140	-308.2903752995162
1141	-309.51083905092327
1142	-302.4091370199987
1143	-299.2043610551787
1144	-299.001508049935
1145	-298.6778840103167
1146	-307.7922757087579
1147	-307.81581796772326
1148	-310.6141105144658
1149	-308.5826812818947
1150	-307.2202462957227
1151	-308.81379427368006
1152	-301.40055910974803
1153	-309.08925059179154
1154	-300.28695896070417
1155	-302.9657290858176
1156	-299.13696500185387
1157	-307.1314397250728
1158	-311.5926925259803
1159	-304.93736487367926
1160	-297.36149111396645
1161	-297.8601235337176
1162	-300.5983810733391
1163	-305.38495930302605
1164	-310.7393471405797
1165	-305.2262724417257
1166	-306.2129591065965
1167	-298.288647293478
1168	-312.30680683855644
1169	-308.0446088839371
1170	-307.2436210044192
1171	-309.7155112437266
1172	-312.53929114341116
1173	-307.423344998114
1174	-306.46457120893433
1175	-307.1840025553748
1176	-310.63095583639415
1177	-308.719013324447
1178	-303.6063581721067
1179	-309.82000958798255
1180	-305.8775738531445
1181	-312.6544321636774
1182	-295.3134334787629
1183	-303.02068914909864
1184	-304.9869462590419
1185	-311.1496043548719
1186	-303.0064120578265
1187	-307.365466186073
1188	-308.85062127136723
1189	-307.87686739595256
1190	-298.53239948276007
1191	-306.3638619539422
1192	-304.8115088215962
1193	-308.36569859528294
1194	-305.03267456816843
1195	-304.52696969231664
1196	-303.83118387100495
1197	-305.04064978781383
1198	-301.2576219591859
1199	-308.0565277736944
1200	-304.6726027791158
1201	-301.21818783475027
1202	-301.94516516020616
1203	-301.8184824075437
1204	-304.62416583163315
1205	-311.68195787190604
1206	-301.98790799980316
1207	-298.941131346643
1208	-305.95158948830584
1209	-293.75030642798913
1210	-303.67834597948416
1211	-297.84815759875227
1212	-308.72524112087245
1213	-311.0338661568308
1214	-306.7467890170464
1215	-312.3614903214751
1216	-298.27514066408236
1217	-304.8992652801109
1218	-298.2819785711786
1219	-309.61676398802007
1220	-306.9062989357715
1221	-302.50512607212136
1222	-304.4995287819313
1223	-299.08668930310654
1224	-306.3347766198847
1225	-304.06443834395407
1226	-299.0509276729169
1227	-308.9818067498306
1228	-308.58188404614054
1229	-300.42889620092245
1230	-307.0619366059781
1231	-302.7646128785771
1232	-305.53743830555175
1233	-301.0611752132229
1234	-299.1357744391672
1235	-303.57618794511257
1236	-301.69949042567396
1237	-301.862718727142
1238	-308.1005402557854
1239	-309.0055347353471
1240	-306.8477928598971
1241	-307.7456585861999
1242	-299.1112681691075
1243	-305.43762919415116
1244	-305.6438639205041
1245	-302.0629672986866
1246	-304.591455278814
1247	-300.3154367747681
1248	-309.73313597186626
1249	-312.35963611341424
1250	-303.8320510139415
1251	-306.9783740632097
1252	-304.5669976193411
1253	-304.3693130285287
1254	-308.2585047220304
1255	-303.13549878582415
1256	-305.66361128550244
1257	-307.99442215768573
1258	-299.27601322579744
1259	-297.1126879777284
1260	-300.8719365255902
1261	-304.45881189647594
1262	-300.8098661793558
1263	-306.64251224893223
1264	-306.77684606780025
1265	-307.18399173095077
1266	-301.2918232461547
1267	-306.0027380974709
1268	-303.001606425691
1269	-305.5477397103497
1270	-301.9572134301269
1271	-298.6141796226038
1272	-303.5524889054733
1273	-302.9911
1274	-310.37410107039744
1275	-303.65180659398004
1276	-305.95523444478164
1277	-310.6801294219187
1278	-306.60490088964985
1279	-308.1883306137353
1280	-309.6760982125045
1281	-296.6873
1282	-305.07508242072095
1283	-302.4679174041082
1284	-304.44771782833647
1285	-300.8006212036595
1286	-313.07519346965074
1287	-302.19264061068645
1288	-304.8275994065556
1289	-301.30936046475625
1290	-306.5533253805082
1291	-303.00948501388956
1292	-304.2899548698961
1293	-303.1617225815637
1294	-303.4743908536122
1295	-308.1221007936809
1296	-305.3901299030454
1297	-308.44565965973925
1298	-303.86977295068414
1299	-307.36787830081647
1300	-305.42932085499757
1301	-303.0517796950066
1302	-304.38875404926654
1303	-302.219290669774
1304	-305.1532748479557
1305	-302.1257283429593
1306	-307.3476679968746
1307	-303.01115338452325
1308	-296.46142743753734
1309	-299.39329553172
1310	-306.7680139129835
1311	-302.1135162802081
1312	-308.4124194985496
1313	-302.0384325667211
1314	-309.4800772621722
1315	-306.5905673036671
1316	-312.8961058129906
1317	-306.1835049407961
1318	-303.9349900624796
1319	-308.35844050271606
1320	-306.779124618647
1321	-310.3132963534061
1322	-303.4801981824851
1323	-312.5383261059326
1324	-302.4106892877056
1325	-302.90291319744256
1326	-306.87428443946925
1327	-308.2112366219183
1328	-314.53049060074005
1329	-308.5669960075999
1330	-301.559546914851
1331	-310.8289632693215
1332	-299.4859093392811
1333	-301.1411531668956
1334	-303.3895751316232
1335	-302.99714088580686
1336	-307.6435055188193
1337	-300.46141076614765
1338	-303.7046508823632
1339	-302.7936933056584
1340	-306.8050504046882
1341	-301.5777268923379
1342	-306.27095980940675
1343	-304.6040953390384
1344	-301.7950263001578
1345	-309.59775826786847
1346	-301.8794499739364
1347	-306.5099243794856
1348	-307.9999572577473
1349	-302.1081473796829
1350	-308.5666533554326
1351	-300.6226642237585
1352	-306.6285128484873
1353	-304.3929465961885
1354	-307.66835692509244
1355	-309.7865715738727
1356	-301.84175889168995
1357	-311.9782972339832
1358	-306.462402482162
1359	-310.41204638672804
1360	-308.53369836552423
1361	-301.44926913460404
1362	-301.4163520123685
1363	-307.1940238474169
1364	-303.37606594362074
1365	-307.53389394232363
1366	-307.1417922112254
1367	-308.8341603970157
1368	-310.2450594094371
1369	-308.723638683295
1370	-310.6520964677257
1371	-309.3111841896854
1372	-312.4532927816038
1373	-310.4887577846178
1374	-304.10746670320884
1375	-310.09569223756006
1376	-305.84825521210536
1377	-308.2477845525267
1378	-304.1876531618053
1379	-310.65598952627033
1380	-309.8057026228475
1381	-308.7320912381851
1382	-314.9325486166322
1383	-309.40721146355446
1384	-309.58435853445263
1385	-303.94036057757194
1386	-308.2661180257183
1387	-306.01356296306255
1388	-304.6995209818357
1389	-302.8893203765298
1390	-309.8303690472431
1391	-305.0616126676718
1392	-310.208738826826
1393	-310.9765360117489
1394	-304.4111898708727
1395	-305.6158331271381
1396	-311.1341539263642
1397	-301.6419013634467
1398	-302.8675868971288
1399	-308.0847963659597
1400	-307.93141379866836
1401	-303.6540213231576
1402	-302.7404688226763
1403	-304.3842082855588
1404	-309.7054354609573
1405	-306.9330571572221
1406	-311.3431848331818
1407	-303.45088700868
1408	-305.1274458196215
1409	-302.6617401661503
1410	-290.1114114311553
1411	-297.84406851459755
1412	-299.56792804169277
1413	-303.06316126171606
1414	-301.46641077607376
1415	-301.66645648790114
1416	-301.70709707650065
1417	-305.93245970653726
1418	-295.9948077965685
1419	-302.6085956074768
1420	-296.2267171893222
1421	-302.2423967633145
1422	-301.1650437808353
1423	-302.08687952861067
1424	-304.3033887076152
1425	-308.49899382352044
1426	-309.00927296149155
1427	-300.28491328686954
1428	-306.4972993467273
1429	-303.2996464311641
1430	-301.70792690957967
1431	-305.7184117881935
1432	-305.0393148519313
1433	-298.0352186361566
1434	-307.4525916530048
1435	-306.48039440427675
1436	-301.6051323596401
1437	-307.9067530745215
1438	-304.1822082651363
1439	-307.65741165404785
1440	-296.1108
1441	-304.10600088833206
1442	-303.289659624685
1443	-309.3083099632756
1444	-301.5278550377817
1445	-302.4953681269192
1446	-301.413029928478
1447	-302.820877724488
1448	-302.9427849158482
1449	-308.4186688672287
1450	-304.3118233322129
1451	-303.2448532339064
1452	-300.8177310424653
1453	-310.5746659653196
1454	-301.1769204791902
1455	-304.4657477237226
1456	-298.64432995479154
1457	-301.21746518581915
1458	-299.8627057537107
1459	-301.88534928662693
1460	-307.96285819343
1461	-308.7600101960517
1462	-302.69188174552096
1463	-302.2183880684898
1464	-310.4654273405549
1465	-304.6015111977438
1466	-303.83683117969156
1467	-301.8734909188786
1468	-302.50366311155307
1469	-306.3077749993063
1470	-309.5885818766023
1471	-298.7850975002035
1472	-305.7002816495237
1473	-306.6595933660625
1474	-303.6391689617042
1475	-307.2435186099514
1476	-306.66849647019893
1477	-303.77168389933996
1478	-308.95757514824396
1479	-300.831212015932
1480	-308.2564383103301
1481	-307.5776300159569
1482	-302.49881802757386
1483	-300.2440536447258
1484	-311.02609765110617
1485	-302.0457100683167
1486	-297.58548370160855
1487	-309.3310705740845
1488	-300.98060008238997
1489	-305.9709766815894
1490	-301.2520177390117
1491	-302.3861942611985
1492	-309.0259888803161
1493	-309.3822648683051
1494	-306.06053315539697
1495	-304.64294201353306
1496	-301.85888724444516
1497	-294.8731792105478
1498	-300.4165692861035
1499	-305.2442939591606
1500	-305.72038240746525
1501	-304.05888140450355
1502	-301.81867941600416
1503	-306.4647018365812
1504	-296.9816106552369
1505	-303.6457811229398
1506	-301.41458448320634
1507	-306.8236823935931
1508	-302.3660045745012
1509	-297.7607048174876
1510	-303.394215114004
1511	-305.2646882488511
1512	-301.90117209984726
1513	-308.2658789439625
1514	-298.9121249963669
1515	-297.232782514165
1516	-305.2974214253365
1517	-304.01470105526937
1518	-301.85855944870997
1519	-307.0920645742111
1520	-303.66115080696227
1521	-306.3214383425802
1522	-304.7237450712288
1523	-304.05127943813534
1524	-306.26175634868366
1525	-300.9094000021796
1526	-305.83650032839506
1527	-297.9620216314194
1528	-308.8713752140262
1529	-308.76058574073096
1530	-300.36785999696826
1531	-302.66675209118625
1532	-301.2463879147777
1533	-308.92634236314376
1534	-309.9693526184591
1535	-305.64244319374495
1536	-306.8149610961438
1537	-305.0551737921419
1538	-307.93605980152034
1539	-303.35887259270135
1540	-301.30904078755236
1541	-298.23711527667
1542	-302.1242821111547
1543	-305.0974127077229
1544	-299.1492066402722
1545	-311.2770444532521
1546	-300.99616153549545
1547	-302.307277527436
1548	-308.50134757166273
1549	-309.5096125161558
1550	-309.8341919715429
1551	-303.3689707162457
1552	-297.26536569170634
1553	-303.83414261291676
1554	-310.1809228195263
1555	-309.56537022847743
1556	-307.83446167592416
1557	-310.2353514607917
1558	-307.2699965995411
1559	-310.69706839215735
1560	-312.013720423508
1561	-301.1819227299932
1562	-306.13310256210303
1563	-303.45120654049447
1564	-297.43724353047935
1565	-299.78158143847935
1566	-307.89084334141035
1567	-309.17896426202486
1568	-306.81538857383043
1569	-304.20111052328696
1570	-305.54557373466696
1571	-308.51228427698356
1572	-309.00868142633226
1573	-312.29520492346086
1574	-305.4457810807718
1575	-313.9284617059072
1576	-302.6573463520296
1577	-302.8252493842336
1578	-300.5095190715273
1579	-299.9436135856754
1580	-299.6388429465503
1581	-310.5909357375104
1582	-305.711949452312
1583	-306.871166287404
1584	-302.2025882196015
1585	-301.6057322875479
1586	-300.845730632404
1587	-302.91366296250345
1588	-300.8317034525829
1589	-308.9311698721664
1590	-300.7034950211856
1591	-301.8994032253881
1592	-307.9840023235689
1593	-307.2251909494447
1594	-307.8859716791927
1595	-307.8468377862401
1596	-302.3356130448228
1597	-305.2135400400777
1598	-308.90830158226674
1599	-304.3139608551984
1600	-297.02320013080237
1601	-307.49731377920136
1602	-307.1499814871884
1603	-304.9601348663687
1604	-302.5899453370751
1605	-309.3114625657022
1606	-310.10844749985
1607	-304.4922876791157
1608	-307.3876324073129
1609	-299.5075779553697
1610	-309.45944402660814
1611	-306.14752582905464
1612	-309.82545371449106
1613	-295.9727407949946
1614	-304.47465902137
1615	-309.05465059920795
1616	-298.58451915053735
1617	-307.6409294845686
1618	-314.679361032695
1619	-309.9483830054985
1620	-314.34393377613304
1621	-307.707063086005
1622	-304.2240661914105
1623	-307.6362597256414
1624	-301.92419119565983
1625	-300.8084376028317
1626	-303.96377569784806
1627	-305.5996798640712
1628	-304.4703676524621
1629	-305.56072192843567
1630	-309.0794998740762
1631	-313.71041803528794
1632	-304.6986413882405
1633	-309.0054066409884
1634	-304.60071701424147
1635	-307.59747973034416
1636	-301.36004429413646
1637	-306.24164249185975
1638	-310.0025883465564
1639	-301.00942673973793
1640	-301.90650214670757
1641	-310.9202531175277
1642	-307.24520785157694
1643	-305.4239242588303
1644	-308.33080052625
1645	-304.4140347752775
1646	-306.326811760918
1647	-308.86869984378706
1648	-312.0990357877042
1649	-306.7645312473096
1650	-304.2396588306983
1651	-306.6612661993526
1652	-313.203749706693
1653	-304.2096188396228
1654	-307.832618125952
1655	-305.4434614617884
1656	-309.325959423116
1657	-297.3836490189911
1658	-306.6893974725013
1659	-312.6244886255659
1660	-304.73654044338815
1661	-309.51326111469047
1662	-305.0160004451983
1663	-308.5622450258377
1664	-307.2561964048241
1665	-305.95116747182004
1666	-310.2098758628977
1667	-305.3459107163905
1668	-305.0735902598576
1669	-309.81223728297954
1670	-306.30410823127426
1671	-305.54340219735457
1672	-301.250499846182
1673	-302.71425169300403
1674	-303.0384440429169
1675	-300.08595271992255
1676	-309.2557948338355
1677	-307.1899294115115
1678	-298.4168199578471
1679	-303.50908387293265
1680	-307.6374889662147
1681	-315.3241672977204
1682	-305.0052364026339
1683	-300.59239210967763
1684	-301.4324238164297
1685	-305.4759099424915
1686	-309.3401140536866
1687	-301.9604169475181
1688	-310.9434735072866
1689	-305.234716901479
1690	-307.05309815707494
1691	-306.32685351323244
1692	-316.55602017970864
1693	-306.4208399579837
1694	-305.9891110567665
1695	-304.30483262765665
1696	-307.5437226557002
1697	-311.3177324267706
1698	-302.25957673351314
1699	-306.9411400094901
1700	-299.63973247191825
1701	-307.4266422271737
1702	-310.19568687137803
1703	-304.10416774253173
1704	-307.98372384449965
1705	-311.11852270197716
1706	-303.84074572927733
1707	-302.7093251721585
1708	-304.6906272889149
1709	-308.4162298242205
1710	-299.8739318776413
1711	-309.30685378724587
1712	-302.80563007762737
1713	-304.03954466662435
1714	-310.71457899441197
1715	-306.2107434994757
1716	-304.6032084783773
1717	-302.3668615211035
1718	-306.0298739556055
1719	-301.31972722624215
1720	-310.73722717159916
1721	-300.1954597300147
1722	-305.50279786071474
1723	-307.94169349704976
1724	-303.39842426605975
1725	-305.1412744959142
1726	-304.60106748589754
1727	-306.5841582237975
1728	-308.9590938641091
1729	-299.5189689309532
1730	-308.0926158262326
1731	-308.22932440781244
1732	-304.19223316773986
1733	-310.15839246088154
1734	-304.97815893497864
1735	-300.50724649831915
1736	-307.5210912876246
1737	-302.87201524112743
1738	-306.00085788720287
1739	-307.17186967246715
1740	-308.3564745742104
1741	-312.310535896688
1742	-308.71271335680063
1743	-306.98684260711934
1744	-311.8649122204699
1745	-304.5099390476018
1746	-304.33656597013913
1747	-304.301790881634
1748	-308.90901454357527
1749	-315.34717429751583
1750	-301.2010290495662
1751	-303.75136050827433
1752	-307.0595736567344
1753	-309.02390778768364
1754	-314.0300805408639
1755	-314.32299185882044
1756	-311.5125883305718
1757	-311.9367624256297
1758	-296.7605517962303
1759	-304.5545157851956
1760	-304.5645865028559
1761	-301.92626071374656
1762	-307.5835544794469
1763	-305.4312063477364
1764	-308.1214390752248
1765	-307.34931265653853
1766	-305.54177474277856
1767	-300.5805026329103
1768	-304.30206743157567
1769	-303.28518012975496
1770	-305.876306433512
1771	-301.13804486539095
1772	-304.32862401468157
1773	-300.70667320699033
1774	-305.9573118667795
1775	-302.5188281216041
1776	-305.9572701268712
1777	-308.7171254945956
1778	-304.4159475371698
1779	-301.21970874510254
1780	-301.8401460674021
1781	-302.0840448524312
1782	-311.4543351268619
1783	-303.8409098976384
1784	-310.2692864308066
1785	-305.62390877224533
1786	-302.51045545508015
1787	-303.811293397844
1788	-304.7138359887351
1789	-308.0809943954849
1790	-304.4419510897992
1791	-298.9195131179309
1792	-301.36761052598405
1793	-304.6546484727662
1794	-302.269287647184
1795	-303.44866735465604
1796	-303.5940113086012
1797	-305.60570366144555
1798	-302.34500245955434
1799	-308.85104095820174
1800	-309.6622112031287
1801	-303.51696273975546
1802	-307.2821859711338
1803	-306.51160492198255
1804	-310.9725276872092
1805	-305.50671223031316
1806	-302.8114190102386
1807	-302.51560329589876
1808	-301.6485705086551
1809	-308.3044417038018
1810	-305.4118274941551
1811	-306.34961676125454
1812	-308.3019522245357
1813	-309.4464446532465
1814	-304.7132543421146
1815	-301.91895030579826
1816	-306.33378319152723
1817	-301.78138171624073
1818	-304.7305720563147
1819	-305.4389960922044
1820	-303.022202884331
1821	-305.55767399418124
1822	-305.4644465807465
1823	-301.0843492270137
1824	-310.1841548786718
1825	-305.2585584610921
1826	-311.2154528333541
1827	-306.350205481136
1828	-309.10509649396886
1829	-304.406905141678
1830	-307.68470380077684
1831	-308.5120632830037
1832	-311.468099065338
1833	-309.48126523577145
1834	-308.52889294804197
1835	-306.9463104576441
1836	-312.4981644278025
1837	-300.7790350237726
1838	-302.1788629651736
1839	-305.4588944159798
1840	-307.30168022921384
1841	-304.7240364021673
1842	-302.73351732224995
1843	-307.86179774755806
1844	-308.9299587715266
1845	-306.22814300569706
1846	-299.6588588286852
1847	-304.97441690542234
1848	-304.54345262879303
1849	-296.80999430516374
1850	-300.2931491702516
1851	-301.5369831625223
1852	-306.510966996167
1853	-302.9393824061391
1854	-295.35138547723295
1855	-298.43561824497414
1856	-305.57664325945984
1857	-302.22701174469046
1858	-306.0520377618225
1859	-305.41680701924076
1860	-309.7528075028797
1861	-303.1242809583634
1862	-305.5307581882097
1863	-304.9448958908614
1864	-307.6817218631146
1865	-298.83988446037085
1866	-310.22405829275965
1867	-303.7985078328544
1868	-313.5718826824024
1869	-303.57210332376616
1870	-313.33835561774424
1871	-308.19656356313305
1872	-303.7809505417981
1873	-304.88264478644214
1874	-302.1492605008356
1875	-301.56610691454597
1876	-303.00401427216667
1877	-305.551251135628
1878	-304.4079794862212
1879	-311.1735252539808
1880	-306.9955946833009
1881	-305.9006281045393
1882	-307.8876873811191
1883	-302.0409206773151
1884	-293.92026649014076
1885	-306.0859076554714
1886	-307.9344855514589
1887	-313.96664123109355
1888	-302.53481685683647
1889	-308.93077451454593
1890	-302.3633051766699
1891	-301.62734326628413
1892	-295.7337367027562
1893	-309.03047779179906
1894	-301.6115440780852
1895	-306.58916933448523
1896	-302.2908722451136
1897	-302.9554576010904
1898	-303.80313113420027
1899	-304.5799674395713
1900	-310.02324288100624
1901	-305.97974396913025
1902	-308.72939682416575
1903	-301.4448869122252
1904	-307.426993534273
1905	-302.951319785303
1906	-303.95291340581286
1907	-299.6042106647009
1908	-297.7563487605684
1909	-305.5299225995896
1910	-310.9485385258234
1911	-303.743572869391
1912	-304.1680801396368
1913	-311.683705894631
1914	-306.1340603076213
1915	-304.1482476672239
1916	-310.7759405589274
1917	-307.8170816568629
1918	-303.6191974790913
1919	-307.8537867438691
1920	-303.24908577555067
1921	-303.10394923584096
1922	-304.2655989811975
1923	-307.2182291111361
1924	-305.1146912224904
1925	-302.1637069222353
1926	-313.2435119115969
1927	-314.70150552522955
1928	-303.3981287583764
1929	-309.17005430722895
1930	-307.8419382474329
1931	-305.74272623001065
1932	-306.40928896202263
1933	-302.3938917931252
1934	-304.7514014009145
1935	-305.83597017003564
1936	-303.59550864963325
1937	-303.0254383391537
1938	-307.0521444614517
1939	-310.1513682377835
1940	-296.96326141617413
1941	-308.43456604785376
1942	-298.5463262587894
1943	-303.680000002489
1944	-301.9532358623952
1945	-298.79524961357964
1946	-303.44291978907876
1947	-303.69486492718505
1948	-306.57615904913285
1949	-307.45077844528373
1950	-309.0047008743311
1951	-305.3000175583019
1952	-302.87201980531455
1953	-307.7185957035636
1954	-305.30591345353554
1955	-313.24641173622416
1956	-302.1567363050949
1957	-301.42241769576106
1958	-306.5566559583727
1959	-307.7817240010816
1960	-303.0798841075211
1961	-299.14168911808366
1962	-304.9339230204126
1963	-313.7067077200619
1964	-311.6917621804916
1965	-308.5197061536261
1966	-307.5850774089069
1967	-298.3753919971451
1968	-304.936742396339
1969	-303.59926610362413
1970	-303.87402124427604
1971	-297.14563824161723
1972	-297.03172934923737
1973	-304.08201256296854
1974	-300.42322191707143
1975	-306.73013002967144
1976	-306.32943009311754
1977	-307.2658933770399
1978	-308.51352131845954
1979	-309.30968869536287
1980	-308.81791861938814
1981	-308.30819641203146
1982	-300.66147256754283
1983	-295.98052451047806
1984	-302.32895853914437
1985	-303.5145245866685
1986	-304.1106093122482
1987	-309.9423110658422
1988	-304.79370149294215
1989	-304.1611173970674
1990	-307.7505364474701
1991	-309.97554347688043
1992	-308.05391290015893
1993	-304.3633254700529
1994	-308.4728531876455
1995	-310.16797977412085
1996	-307.0187402639153
1997	-302.88361098480596
1998	-303.04856809163687
1999	-307.5889214458298
2000	-304.8353851331858
2001	-305.8968356280366
2002	-313.0052499868715
2003	-304.8514099539204
2004	-307.33281919483727
2005	-306.8638405226481
2006	-300.32799809850997
2007	-309.5452927106672
2008	-306.95085762350624
2009	-311.7636346421923
2010	-314.6656524232143
2011	-303.821937495518
2012	-300.8681341656851
2013	-304.8856981329305
2014	-313.33239993565843
2015	-307.7146566143303
2016	-312.36998041090817
2017	-307.7906540035494
2018	-307.7077632382155
2019	-311.3353569488657
2020	-309.34301816054915
2021	-311.35894910317074
2022	-306.3956365263073
2023	-301.30672500023894
2024	-311.314028539443
2025	-304.7694327706176
2026	-306.94190304439473
2027	-310.66032722818437
2028	-309.8407154326635
2029	-302.5847361263304
2030	-304.5159768239187
2031	-303.52321073649574
2032	-307.3083414788995
2033	-305.42125766704385
2034	-306.7317305946875
2035	-308.8627688107029
2036	-307.39464579487606
2037	-308.17548562813175
2038	-304.8047904796516
2039	-299.7686230283624
2040	-305.0228506218946
2041	-310.23491588569345
2042	-311.0302837094144
2043	-305.9162948060184
2044	-307.66846789085815
2045	-304.39326149153885
2046	-299.55063576089407
2047	-306.211607077026
2048	-308.1755922001316
2049	-308.3768781586758
2050	-299.8759930792156
2051	-299.8839904060934
2052	-304.2198189472789
2053	-309.7020220464911
2054	-304.38023668892026
2055	-296.07832360906235
2056	-303.37065780696315
2057	-303.46339386236855
2058	-302.6822233979728
2059	-299.26583638144245
2060	-302.1924853866919
2061	-305.3424775724878
2062	-306.1569914487284
2063	-306.00576188084426
2064	-300.48344325389013
2065	-300.26236495599187
2066	-306.7526897877735
2067	-303.18244341266467
2068	-300.76369696038137
2069	-308.39812036135334
2070	-305.97025902600313
2071	-308.0333357454288
2072	-302.6299354847298
2073	-298.7365519363052
2074	-298.52950379597047
2075	-310.36551258668146
2076	-301.12993829260074
2077	-303.2441821007506
2078	-307.78849997574883
2079	-303.7926805425812
2080	-306.3881518492926
2081	-311.14135184954694
2082	-306.5851991645413
2083	-305.0119459708245
2084	-306.9904961124252
2085	-304.5919038873919
2086	-303.3346382019458
2087	-305.3243713830934
2088	-302.96047205243644
2089	-305.5086467377535
2090	-306.98253266790067
2091	-303.4937574136748
2092	-302.7185810843334
2093	-302.83117093925176
2094	-300.251451439061
2095	-302.97956582356744
2096	-302.5191091780478
2097	-307.6047625778863
2098	-305.1804391659601
2099	-311.0408780039768
2100	-316.06918213862707
2101	-301.9780245956407
2102	-306.41463998312497
2103	-303.80212960973864
2104	-306.89113799787236
2105	-297.3036933444215
2106	-309.4804001186105
2107	-307.48679857565486
2108	-306.080624995389
2109	-309.1276483726352
2110	-296.39673621377233
2111	-295.6423764986289
2112	-297.92849853937213
2113	-301.06972036026133
2114	-304.08638509770066
2115	-303.42402189556026
2116	-302.5187466032267
2117	-300.61774201655425
2118	-311.832378031453
2119	-307.1796407938385
2120	-301.8739289468482
2121	-303.01973177836163
2122	-310.8073472159524
2123	-294.8573115980854
2124	-306.2127771550336
2125	-305.22646107983974
2126	-307.08696257667424
2127	-307.7681969065652
2128	-311.81811967279805
2129	-304.5795795621179
2130	-314.1061038357398
2131	-301.6131457127252
2132	-298.85030265519316
2133	-306.55731621900884
2134	-302.8790393185778
2135	-306.1968517161195
2136	-310.1290314392873
2137	-305.7984655434107
2138	-307.2400666617085
2139	-304.20222014921103
2140	-301.29110526597236
2141	-300.8415310823502
2142	-304.80208254960087
2143	-302.2312195157417
2144	-309.13950552610186
2145	-300.8122038285983
2146	-303.5591061470273
2147	-298.26498702196335
2148	-305.64311064859635
2149	-306.6491384904907
2150	-306.68818285797136
2151	-301.41322446333
2152	-303.4803143430996
2153	-303.2570723541851
2154	-301.2319715787038
2155	-296.38710050308134
2156	-299.756400046695
2157	-298.6196426037269
2158	-292.2716095263908
2159	-305.0284497190536
2160	-300.41385398438473
2161	-301.5518351786528
2162	-302.3757435289784
2163	-306.579504059039
2164	-298.58596168915625
2165	-299.8013715299159
2166	-300.0872096345435
2167	-306.78056608397935
2168	-306.1821171027941
2169	-298.4527187236342
2170	-303.4367582177719
2171	-297.59605982032565
2172	-308.47045474236575
2173	-298.85529685125374
2174	-310.84161423375593
2175	-306.72239909454174
2176	-303.1915803332026
2177	-309.5631045508036
2178	-302.4840205566343
2179	-301.9028571970835
2180	-309.1782216586634
2181	-298.2684604262581
2182	-299.2647314316818
2183	-306.34445384390483
2184	-300.3360224020273
2185	-295.0990797814961
2186	-309.86843117837105
2187	-300.5248697391579
2188	-306.8433647989983
2189	-304.46281704791363
2190	-301.29593333183016
2191	-302.42850746291236
2192	-302.84325349819943
2193	-297.82508850156404
2194	-311.2498985582996
2195	-309.6865765866571
2196	-300.9389594001739
2197	-306.0570506057457
2198	-308.6278359921015
2199	-302.4736328636995
2200	-309.71646568184764
2201	-305.28209802323164
2202	-307.45895570294766
2203	-308.0936795762904
2204	-299.24420834659327
2205	-306.1409659585852
2206	-303.1892287198746
2207	-307.24011038986373
2208	-302.5810448588283
2209	-298.8319480539795
2210	-308.32309359812433
2211	-308.8625833985506
2212	-306.7954228018485
2213	-305.6829297292187
2214	-306.9990447275913
2215	-306.4750375205586
2216	-303.4207999728286
2217	-300.25714466840674
2218	-307.1778716507498
2219	-304.11707093957364
2220	-305.748560546647
2221	-299.64310363398147
2222	-298.5602014088191
2223	-298.6874303860577
2224	-301.13370261223275
2225	-299.12416335839504
2226	-299.4057207511693
2227	-303.5095476520931
2228	-296.3803449040289
2229	-304.48852678730515
2230	-301.94530010478843
2231	-298.28947621461094
2232	-306.1022416140432
2233	-302.0991617952323
2234	-304.01451783428445
2235	-310.2794187566449
2236	-306.5760161340013
2237	-305.55400755164766
2238	-304.50803169214487
2239	-305.5436143728853
2240	-305.87172392379415
2241	-303.0444683079828
2242	-301.5949446092188
2243	-302.3606829833185
2244	-300.53502976407816
2245	-302.4637371291504
2246	-309.6093088346295
2247	-305.7217010866496
2248	-303.2246914637234
2249	-298.82701517921555
2250	-301.1325575149963
2251	-307.50232600768317
2252	-306.0132285307654
2253	-302.3518351793225
2254	-303.7751191276576
2255	-305.73874549973544
2256	-304.44098485695446
2257	-308.1875518942186
2258	-305.12250203455494
2259	-304.54952956755244
2260	-305.3989838284516
2261	-299.25610450963234
2262	-305.5218102766666
2263	-305.0160657297698
2264	-309.8064669294181
2265	-302.89464293706135
2266	-304.64415891670404
2267	-303.1834768840103
2268	-299.10165818889163
2269	-304.9666143242828
2270	-303.29449134783954
2271	-297.9238070508446
2272	-303.04336474921223
2273	-302.602449963995
2274	-304.936003690659
2275	-303.0634527731988
2276	-299.83340041768713
2277	-297.4347648654752
2278	-308.5607651188844
2279	-302.6276485936109
2280	-303.15946250174903
2281	-296.3710898069836
2282	-302.80508400767167
2283	-302.2278336954774
2284	-305.80355830042134
2285	-300.6032361445007
2286	-300.66298031017266
2287	-303.7871047730392
2288	-310.3316778897441
2289	-308.01773700422257
2290	-301.5399472997992
2291	-303.93465362354203
2292	-306.1217620537446
2293	-304.2180472178705
2294	-305.79968396781186
2295	-304.31200572025205
2296	-301.83645486962183
2297	-296.79919971976454
2298	-294.84194701422194
2299	-296.1489620096246
2300	-299.5899116407608
2301	-302.0952639842401
2302	-308.9792272261875
2303	-303.28500505024766
2304	-297.67702445541426
2305	-304.7170114557003
2306	-303.88084132548965
2307	-306.80714187190165
2308	-306.8608861777719
2309	-304.454049729238
2310	-301.61404684962906
2311	-305.4428954900641
2312	-308.52632674006196
2313	-298.32226591301486
2314	-308.7160039787689
2315	-303.42672992039854
2316	-305.0649985226479
2317	-302.76638298511085
2318	-304.8947784562625
2319	-307.98430068119404
2320	-300.64934584045653
2321	-306.0072430725315
2322	-298.28091357618405
2323	-305.797162692972
2324	-304.73013325757216
2325	-308.1613741348332
2326	-307.7762490805821
2327	-304.44494654775303
2328	-299.7372010949128
2329	-303.5579805417415
2330	-304.59470069114224
2331	-298.25118383357676
2332	-303.35883090942446
2333	-304.02390713048266
2334	-297.60125779202457
2335	-306.0807533842496
2336	-303.6419141872422
2337	-304.26364370856163
2338	-299.1380322106785
2339	-303.9987438768452
2340	-304.6826120563848
2341	-303.3756742709867
2342	-290.7235007415106
2343	-305.0219731602745
2344	-298.514433004516
2345	-300.4448572053471
2346	-306.47133881078275
2347	-301.10570356274036
2348	-294.5519152605547
2349	-306.7044189854817
2350	-310.2352504810927
2351	-304.12715698079154
2352	-303.8621136220928
2353	-305.64271349227135
2354	-299.8496198010987
2355	-306.1558597948144
2356	-296.2032820425502
2357	-306.45762836735486
2358	-298.8659845445985
2359	-296.41647320389404
2360	-305.672562231322
2361	-307.47531374067114
2362	-299.97720017744524
2363	-299.4045047084713
2364	-307.55101275509764
2365	-305.98354331123517
2366	-302.2971053471537
2367	-304.6468400451694
2368	-304.7021314430106
2369	-303.4976754572757
2370	-309.7377933993581
2371	-298.76013160431177
2372	-303.32317556934646
2373	-306.0238065346134
2374	-302.6735772337056
2375	-303.3358136262855
2376	-308.73219021314486
2377	-305.4038477179473
2378	-306.70411962316547
2379	-301.5985790423543
2380	-301.03110444876455
2381	-301.74044588807584
2382	-300.88640000000004
2383	-300.04801809324636
2384	-311.19104771180866
2385	-311.25809863928816
2386	-307.5290031260529
2387	-301.7752129048932
2388	-306.30685914313415
2389	-309.67156884046767
2390	-303.5681577003098
2391	-301.75198628238184
2392	-307.7408622065198
2393	-300.8420000858553
2394	-295.91072700771747
2395	-303.4100027752458
2396	-303.02404097007036
2397	-301.56360000000933
2398	-308.3397100480186
2399	-306.91893149843963
2400	-306.50116684413325
2401	-308.81931709641276
2402	-303.16610946329035
2403	-307.8122194566776
2404	-308.76603006073515
2405	-307.57953271459206
2406	-305.73000328227954
2407	-303.54895808597894
2408	-300.24230663547155
2409	-304.9883070723973
2410	-302.351962905437
2411	-306.05088068350096
2412	-307.7950724081843
2413	-304.7415256264569
2414	-301.1632100874663
2415	-308.91413592791105
2416	-301.2052816639912
2417	-307.9039547116343
2418	-304.5693226387723
2419	-299.87005670023007
2420	-308.59993999011385
2421	-303.7699235242502
2422	-309.121265103351
2423	-305.6489847543159
2424	-306.0639312732059
2425	-307.90641507337693
2426	-298.101
2427	-296.69329265614124
2428	-303.9058708707903
2429	-304.99458647021817
2430	-310.29524210030047
2431	-303.32563467565524
2432	-304.894804656741
2433	-300.92621670090665
2434	-302.5777248815422
2435	-306.2059780235365
2436	-301.0225731576066
2437	-302.1171386763236
2438	-294.44984658679215
2439	-308.47393809346454
2440	-296.9855015544669
2441	-299.2092495643808
2442	-304.4984519382379
2443	-295.4347
2444	-300.0762532242998
2445	-303.2334510233221
2446	-301.6740263780891
2447	-300.19136020990544
2448	-308.1825734355018
2449	-302.39993480642573
2450	-303.1115227250621
2451	-312.0597261759329
2452	-301.66649216984734
2453	-303.6910806028199
2454	-305.3568568489677
2455	-293.9559298445627
2456	-297.7553181863274
2457	-299.93315210330707
2458	-292.67761115588314
2459	-303.8332326106026
2460	-302.4712830664493
2461	-301.3072244884794
2462	-303.76293437397555
2463	-301.31516371362
2464	-301.09294315989086
2465	-305.1545897968913
2466	-302.5480147704171
2467	-302.92930815123
2468	-295.244522055833
2469	-306.9832773892794
2470	-304.4273531492599
2471	-308.11934769221074
2472	-309.4814097344021
2473	-304.1618846953586
2474	-303.2512000195123
2475	-306.4238982460656
2476	-297.79214179368813
2477	-303.34063936020124
2478	-303.8654214545921
2479	-302.2837597539479
2480	-299.2547020914439
2481	-303.2037066982209
2482	-310.0734638231602
2483	-306.8963303811662
2484	-302.52101027777604
2485	-299.46039989530095
2486	-299.0420513814577
2487	-298.0132156253601
2488	-304.2515783045751
2489	-301.8297860321475
2490	-303.3655901029971
2491	-300.9962262545638
2492	-298.15321659706564
2493	-301.09530088590776
2494	-299.71252420995836
2495	-297.41923104160355
2496	-300.6446668852515
2497	-299.68562372613343
2498	-302.40954487042376
2499	-304.31520000116046
2500	-301.0798409170718
