1	-306.4947650194951
2	-307.91265433546386
3	-302.494984130362
4	-307.2956806472575
5	-302.35321359404475
6	-297.59739461822585
7	-299.303714108757
8	-307.39543675916593
9	-302.51669851145186
10	-292.9213766989177
11	-306.40392973676495
12	-305.6749059978669
13	-296.5896248620779
14	-307.9299154586631
15	-305.4474727656601
16	-305.4201542420517
17	-301.8228776289506
18	-307.92493279645635
19	-301.6037242090877
20	-304.74339790825593
21	-307.28827107448745
22	-306.04699183917876
23	-306.28240279016813
24	-305.21191175123346
25	-300.8249298998221
26	-306.59070108597024
27	-303.4425101273244
28	-309.5369705282221
29	-307.56060665669406
30	-300.4628488836421
31	-312.97316471897904
32	-306.46342228170505
33	-309.1676282383399
34	-304.35149455135706
35	-302.2610024512052
36	-301.3991492331989
37	-308.87029194940095
38	-307.0079750809115
39	-305.1538320751544
40	-307.58168491189224
41	-305.7226656892355
42	-298.0421031073129
43	-304.8209532109693
44	-312.04738053850184
45	-313.69122998466855
46	-310.75748385749034
47	-303.09182033688637
48	-308.33590431231545
49	-308.65910491562005
50	-307.34350155165373
51	-306.8277410755915
52	-311.5469657316981
53	-313.6528579878448
54	-309.43774417613133
55	-309.6881837808482
56	-309.4074071137843
57	-307.8540753725668
58	-312.54315482827263
59	-308.114585875595
60	-306.37663925914114
61	-306.4808178261498
62	-297.6806993077147
63	-296.04835911257356
64	-305.50683676830096
65	-302.22987118658455
66	-308.07056643857726
67	-313.0188924003135
68	-313.0808707650285
69	-311.062728048425
70	-311.0379778047478
71	-295.45697506042245
72	-305.728712425846
73	-308.855615779877
74	-303.6355700856998
75	-305.2901556890827
76	-307.7639107251878
77	-302.5853663076887
78	-301.33613975652673
79	-299.4602158160214
80	-305.0659781146517
81	-302.030725427286
82	-306.8731800753406
83	-307.0410346814847
84	-310.26970540961383
85	-309.65978861514617
86	-313.20704486382675
87	-306.1133886836654
88	-305.7949125587281
89	-301.84356559601906
90	-313.91092106095687
91	-305.10883769401863
92	-301.5400434047894
93	-305.58946807408586
94	-299.941991894025
95	-299.4516156260548
96	-304.1914087520632
97	-305.57750772256844
98	-312.12425109691793
99	-307.05055050787587
100	-306.9740746146091
101	-302.1214883939554
102	-303.3937935546777
103	-300.21017345757383
104	-307.65238443247074
105	-303.58072188681354
106	-297.2684070733178
107	-310.24660164069604
108	-309.1153512488194
109	-301.2298136576119
110	-294.90059086825033
111	-301.7271143731671
112	-304.97022822287335
113	-312.92666851581635
114	-305.53771644991855
115	-299.74804640286936
116	-307.3509580338365
117	-303.27579622999997
118	-306.3604011364847
119	-307.28649519503824
120	-309.0536462981002
121	-310.333986255687
122	-310.0093028751809
123	-304.8458452816293
124	-308.70693509815266
125	-302.50815027303383
126	-310.3062507141943
127	-308.2719150825089
128	-304.02863648030757
129	-306.8389520420434
130	-305.86946065929203
131	-297.1092795996882
132	-307.22357698781093
133	-308.89870052550225
134	-304.80037996365314
135	-302.49864117555626
136	-298.16511956579643
137	-307.1475978609472
138	-308.1532871591125
139	-312.53461292942586
140	-305.32090050624055
141	-306.31879052503433
142	-300.1760865418347
143	-307.31267592795706
144	-305.9828967872894
145	-302.97941033091973
146	-306.68008048109414
147	-303.486788405882
148	-309.1549434543295
149	-304.553143132473
150	-304.9448660336138
151	-307.3774661495875
152	-302.99266624925554
153	-307.9657507600693
154	-307.3156218395453
155	-307.0816285700907
156	-311.22470761421863
157	-314.19403727267087
158	-309.3497977342272
159	-309.76628115755796
160	-312.18822215657565
161	-308.0272955075092
162	-301.0915053549221
163	-308.8576714556601
164	-302.0125194087765
165	-312.7090883630316
166	-314.85624477772905
167	-306.1333549726137
168	-308.2048018866389
169	-305.929425839671
170	-308.7454926561729
171	-306.4268974446344
172	-298.4078352102074
173	-311.0073040573631
174	-304.1484965896069
175	-308.430146516694
176	-303.1572890940971
177	-303.3492733675984
178	-308.86265011692075
179	-308.21145861309617
180	-307.9905740307415
181	-306.0159660634239
182	-308.8998538421837
183	-300.84666230380236
184	-303.36745230039884
185	-301.2470890204789
186	-305.83728877023
187	-308.08137083881286
188	-300.0901249224539
189	-301.87586254993465
190	-297.42160854729997
191	-308.021173922129
192	-303.52330328119285
193	-305.8127680240981
194	-305.2362439471062
195	-306.23451387162606
196	-307.8977805432078
197	-306.520574663735
198	-303.989198109902
199	-298.5646247235169
200	-304.06670539773745
201	-305.54286309011
202	-310.5724475303051
203	-312.7401277478474
204	-303.3058499527431
205	-301.7848684094907
206	-310.28836811333633
207	-305.5361988416366
208	-306.9403544688572
209	-304.76884355018956
210	-306.20890891381066
211	-304.9165115809319
212	-304.0810582008785
213	-308.3282433948256
214	-306.32018549989033
215	-304.3420228134216
216	-304.2343970359359
217	-309.4489657374065
218	-305.2803069053159
219	-303.7597709907701
220	-306.2199241015334
221	-302.8285919162743
222	-301.31418062868926
223	-306.0000708730536
224	-305.66401304432253
225	-303.47035840801794
226	-301.7238061872093
227	-305.74731352867656
228	-308.17430076850144
229	-302.18917606173
230	-306.3317898473161
231	-302.62951298336395
232	-305.62601364890327
233	-301.67408973272694
234	-309.0754732480794
235	-307.39625155044
236	-308.80923162221103
237	-303.5262147218346
238	-303.2418081363367
239	-305.48986500836025
240	-304.83274046301796
241	-298.68923346835857
242	-302.6101845715481
243	-306.9592541560152
244	-310.6820645026431
245	-312.6750667509439
246	-300.79553727294643
247	-313.18800655422854
248	-299.881876541494
249	-305.0115862371021
250	-310.6627784119552
251	-309.2517166225048
252	-305.22897144088273
253	-303.6017873087013
254	-302.2658282018689
255	-306.4501089767963
256	-306.3953289757657
257	-307.35678954242917
258	-303.24928282109704
259	-308.7244010170033
260	-307.4321193870596
261	-305.275861866851
262	-299.4798806380489
263	-313.1960840996676
264	-313.2473934871391
265	-306.1992278728554
266	-312.0713208255835
267	-303.8025521604176
268	-300.54171732671097
269	-306.92497115384117
270	-298.2808352922129
271	-304.31501911083564
272	-310.496940469197
273	-309.8493330172197
274	-306.8848715580645
275	-305.6665636367201
276	-297.532775332657
277	-310.1341842724122
278	-306.9080739867016
279	-300.4771489825954
280	-307.9027386316035
281	-305.75911417587247
282	-299.10745610664804
283	-306.1291576067146
284	-304.33818278015343
285	-303.4669128141299
286	-305.2418345196896
287	-298.16121816068625
288	-299.7188321816251
289	-298.85874531069965
290	-304.98791338386104
291	-305.9223873579679
292	-302.61013386708015
293	-305.79254075102716
294	-306.87548950354216
295	-305.14639472098804
296	-303.81118300341547
297	-305.6901749373731
298	-303.98098363210516
299	-298.3048364406037
300	-311.70233226800826
301	-310.14610653635697
302	-305.81324684787654
303	-297.0057148529312
304	-304.54046243336774
305	-306.34979193366996
306	-306.75488973413144
307	-310.32087643916856
308	-308.01459308645707
309	-296.1414854220918
310	-309.58236321649747
311	-309.34515765925903
312	-306.2565470063444
313	-307.9231455124808
314	-309.5589535608279
315	-303.93771148081527
316	-310.3985093935468
317	-308.7832510992934
318	-310.00016404132765
319	-302.19929529420943
320	-305.52478323068976
321	-308.09536495900124
322	-300.384883340989
323	-304.0366456485886
324	-305.9787779495647
325	-303.54126350311935
326	-310.012125891456
327	-311.1220563753987
328	-306.57529558446305
329	-311.87120750821816
330	-307.9163126521729
331	-309.7538575661519
332	-309.16974304525866
333	-307.98451703979686
334	-308.0555772924626
335	-309.6003153089682
336	-306.72270262874997
337	-310.0595864113047
338	-308.6883295124947
339	-305.4311345756551
340	-303.7498512088103
341	-300.7828502961162
342	-303.24536940742547
343	-306.32823823392573
344	-308.8563238457889
345	-304.81448124252614
346	-309.3029740986563
347	-307.924096728164
348	-305.39679187554253
349	-307.1798382500875
350	-305.4050731808709
351	-313.50737177609545
352	-312.6202038944234
353	-299.5834307766052
354	-302.38609692090705
355	-306.2830859436784
356	-303.7381971900148
357	-304.5610899151549
358	-298.07609070090496
359	-296.64213145400794
360	-299.58512305084855
361	-303.52733094447854
362	-312.74081961447916
363	-307.2799655734248
364	-305.76351626935343
365	-303.21973075560186
366	-309.2463174672327
367	-304.06420462709605
368	-308.21181222284366
369	-310.3701098972707
370	-315.4993906671585
371	-307.8936620826273
372	-297.83698414517977
373	-308.28055882603707
374	-311.3192354853984
375	-302.74060423771175
376	-301.9137643871772
377	-305.8963435875519
378	-310.5575694312296
379	-309.5891885403955
380	-308.13235030838024
381	-307.50894928979193
382	-305.13343746795255
383	-308.3938849385928
384	-304.31796944488343
385	-301.42745320097885
386	-302.77469710411805
387	-299.86348652512083
388	-304.0236695593733
389	-306.51638471068276
390	-307.84133557809145
391	-305.3156700486271
392	-304.34517383119015
393	-307.24876702141023
394	-312.0836119033196
395	-310.8265818798768
396	-310.8105306228282
397	-313.41710270667306
398	-307.0551717784357
399	-309.85413353306126
400	-310.0235180682761
401	-304.66637251184426
402	-306.73258529283294
403	-312.02389235729515
404	-306.3559777419584
405	-307.0653672379695
406	-309.6700706391298
407	-306.2053301479913
408	-307.4262312456514
409	-311.1471648437131
410	-303.7446939582784
411	-308.1305925732706
412	-306.44238263186804
413	-308.9896378554674
414	-310.7019792414512
415	-309.5048379919491
416	-297.3670480647949
417	-302.28815169285184
418	-308.186496559597
419	-304.48345412137706
420	-312.7215803722565
421	-307.36420940870494
422	-308.265303036562
423	-300.64323060166606
424	-311.5236432525865
425	-310.5268061826112
426	-303.2232980309901
427	-302.5507438522275
428	-304.4704714790885
429	-307.4689480780096
430	-301.6783861608936
431	-298.7536030207678
432	-298.9960974456584
433	-302.78981909851854
434	-298.61979829701244
435	-303.7274718003553
436	-308.2013261044571
437	-310.03255594640655
438	-303.39378067102194
439	-301.97667805323334
440	-309.6926139835878
441	-307.69719260034174
442	-303.1960438638861
443	-302.8649298803636
444	-306.0782761200257
445	-308.92205156738413
446	-303.39758050606633
447	-304.6692826830649
448	-304.9874888547727
449	-309.9219289859784
450	-308.6001029604892
451	-304.29460677638616
452	-307.8417074742768
453	-314.39785817320694
454	-310.2024718049398
455	-311.52919675169073
456	-311.9450137431045
457	-312.2179480138717
458	-309.5258073721976
459	-307.8160382216678
460	-305.4312771915743
461	-310.3699643817342
462	-309.94217845889835
463	-300.6715569793373
464	-306.65077225360733
465	-310.44826965255214
466	-309.2269941846347
467	-308.8327972078564
468	-307.353245219202
469	-305.3143442677759
470	-301.8728921280157
471	-307.4013759949871
472	-307.98663232898906
473	-301.6675357059503
474	-308.09169485314226
475	-311.7093996156127
476	-306.2815892707258
477	-309.01134217613975
478	-304.10415016050376
479	-304.8854512913869
480	-297.75616769247216
481	-301.2151847566973
482	-305.6112317645163
483	-303.4970278224228
484	-306.5125683388132
485	-305.49445459319287
486	-301.5100958150504
487	-308.5877609158955
488	-303.5828112641776
489	-301.9678249666734
490	-307.26558359411575
491	-303.9074822397091
492	-305.86189750964456
493	-308.5729651224418
494	-306.0411550675046
495	-307.59056843869394
496	-302.98136338763214
497	-300.36932127183235
498	-301.47842605469
499	-304.1594010523709
500	-304.4718738805008
501	-312.3377226260208
502	-308.7122053312804
503	-303.7196393022487
504	-302.6224300061267
505	-307.2298910057107
506	-306.3717674319669
507	-297.15962873342016
508	-305.69408937846697
509	-298.8351641356631
510	-302.30155129482887
511	-304.72253363322335
512	-300.4298731173483
513	-301.6141057570647
514	-306.06295329044
515	-308.56975095285685
516	-307.9667856462604
517	-301.77040453919767
518	-306.00157827874034
519	-301.62265383067364
520	-310.0513114975926
521	-306.11346811010986
522	-306.05686528144054
523	-305.8147885402149
524	-306.1108114989081
525	-297.0679554559798
526	-299.8294140748831
527	-305.87840901519826
528	-302.2047726844189
529	-299.5375878010279
530	-302.200958361475
531	-305.5430992442434
532	-308.74306474369126
533	-306.22811493717285
534	-302.7143163983295
535	-306.14052233663176
536	-305.58930731003136
537	-303.4571920070673
538	-303.5565755831887
539	-306.5414928391078
540	-303.880775283592
541	-307.80662046654425
542	-307.0003524807092
543	-304.83867922097386
544	-300.20874339249764
545	-307.48411070036366
546	-304.2742553425528
547	-300.57511907998327
548	-310.60305818749436
549	-302.0442649211643
550	-302.6470089823998
551	-302.3111768086244
552	-298.74254123231606
553	-309.2885020267716
554	-302.39374879906535
555	-304.9137881625389
556	-308.1987187897177
557	-309.9546155876751
558	-309.81090651947346
559	-304.5594260837035
560	-303.1742521929527
561	-310.67376076103966
562	-303.5772415584282
563	-307.8296480914635
564	-306.23794254466446
565	-301.46206909437404
566	-303.8560770992753
567	-299.1962013386861
568	-300.58747850478255
569	-303.48344802460053
570	-303.5622725034165
571	-303.95733221790863
572	-306.3705792533589
573	-310.8187059168467
574	-301.8940899643941
575	-299.0077239805627
576	-295.69232469804155
577	-302.89575171367807
578	-300.95145602933445
579	-301.4524474281047
580	-301.43564125005145
581	-307.0690711389976
582	-305.64384724303045
583	-297.5796002763369
584	-308.8611531157549
585	-304.35959364504333
586	-305.0987879886582
587	-308.9954007650795
588	-307.2232564918068
589	-306.68973938591716
590	-300.79597108178456
591	-306.6367592023796
592	-307.6459696474588
593	-304.87048575482606
594	-301.5216583376292
595	-309.94571141564495
596	-298.4655686982841
597	-306.94370971500774
598	-301.8937353610674
599	-307.1815809013538
600	-310.21693992869797
601	-296.0263796877107
602	-304.2566373193162
603	-303.0141393999503
604	-309.1890304483924
605	-305.4858193927912
606	-304.42243692524966
607	-299.67393305357643
608	-307.29025041254266
609	-305.8566870873922
610	-313.9826485676338
611	-306.66564836342474
612	-309.00082132301634
613	-306.66355829969
614	-304.29001496874724
615	-305.1037674795055
616	-301.9082353287539
617	-308.11618561285195
618	-302.04594863973927
619	-307.71319134772614
620	-304.3675958475227
621	-303.7984487335222
622	-300.39032578099096
623	-312.61674700095466
624	-310.717053854569
625	-305.3827322560911
626	-304.6102930143442
627	-307.9735593170821
628	-307.09503329658105
629	-312.1333924949064
630	-302.38141570574317
631	-298.94355606684854
632	-308.3265637814563
633	-307.15954325122584
634	-306.3980852959359
635	-308.18041687097264
636	-300.8479081381836
637	-305.0532578554881
638	-310.5211935203376
639	-301.35824009400426
640	-308.5118814881255
641	-303.76693130425315
642	-301.6356699842429
643	-306.4571058731737
644	-301.8635350274032
645	-305.17734460381365
646	-298.4113616172458
647	-309.71964095070086
648	-299.16161629661957
649	-298.82506960830875
650	-304.9752426608737
651	-308.78393033617596
652	-305.93740474767003
653	-308.49145870158117
654	-308.2601395835252
655	-303.41611509804056
656	-304.4562652520302
657	-305.14117251554273
658	-302.8556551919441
659	-301.1634088432118
660	-306.4087946357415
661	-305.926999901109
662	-307.8776665046791
663	-309.23720435970716
664	-312.2086287818761
665	-310.53027305680337
666	-308.30625320326413
667	-312.590186292267
668	-310.7703516866664
669	-309.50871958472567
670	-308.97034955320646
671	-305.1596351220658
672	-302.4016276385059
673	-306.01320223871187
674	-302.15156554336755
675	-300.4214340060003
676	-302.7847589341328
677	-299.50180788241613
678	-310.40371880167646
679	-302.63095903919
680	-304.58107561926164
681	-307.6568236264309
682	-309.15695327278274
683	-302.9172488947977
684	-304.9130127803757
685	-307.868477413011
686	-306.9567213472513
687	-309.57592245128154
688	-307.2047011225321
689	-302.3602276392415
690	-305.87720723070765
691	-302.432969912106
692	-306.50014932460795
693	-308.4424283830496
694	-302.49082490422404
695	-298.9890816827519
696	-300.16906554462975
697	-296.81850983238223
698	-300.39939614885117
699	-301.48900035669476
700	-306.139094691438
701	-309.0602634033302
702	-307.6934790179886
703	-300.2655673902234
704	-302.7861700318182
705	-302.809094632947
706	-307.87723657719505
707	-306.83610161674153
708	-306.6373430747752
709	-307.2655936684122
710	-303.3406117698799
711	-299.0373703474252
712	-303.5593351530787
713	-302.682916795423
714	-306.9183598475792
715	-306.29078474743426
716	-305.38325418661645
717	-302.9163231235432
718	-302.3246792733614
719	-305.19450988492537
720	-312.90789211149587
721	-299.3431349555688
722	-309.08435924311794
723	-310.0155220221704
724	-304.7203605435914
725	-301.72517074725425
726	-308.9137737144661
727	-310.2818559573106
728	-306.9616374755544
729	-305.8206045267807
730	-308.7853133373411
731	-309.0824157357502
732	-305.75428293017393
733	-305.70664064148286
734	-300.49519934822905
735	-300.612164619249
736	-305.01237945626167
737	-306.92137070974053
738	-312.54106706678994
739	-311.57034861356004
740	-306.09136389638576
741	-307.2977799498732
742	-302.94501894978276
743	-308.4930542499544
744	-304.4022728755784
745	-305.46715809153915
746	-308.23904472462704
747	-311.64674168555763
748	-303.65319708534645
749	-307.5994473130308
750	-309.04368192642943
751	-300.37983600659066
752	-298.1848097400833
753	-305.6728538847104
754	-309.50817745180245
755	-304.4037405882695
756	-309.1305677658575
757	-307.25541086860073
758	-309.11328626659423
759	-304.9604455638228
760	-307.036617763528
761	-307.7380264911446
762	-307.83947803010216
763	-310.9420295110017
764	-307.9677698602843
765	-311.23588833454903
766	-308.88278979944783
767	-297.5644495150667
768	-302.90020419144264
769	-305.6236699470365
770	-303.2424298471828
771	-307.4232284447095
772	-309.86707904508495
773	-314.40361756950114
774	-310.29980557036816
775	-306.84257409188785
776	-304.15585129849114
777	-300.0353510603734
778	-310.262531113248
779	-305.8080929629064
780	-309.75175421148145
781	-306.89653408367343
782	-307.67119547220284
783	-307.9583880529817
784	-313.5030539015905
785	-309.06535840558666
786	-304.37343643924737
787	-306.8317324086169
788	-311.2569844302022
789	-308.0596388810995
790	-307.32341355399114
791	-306.65153705754784
792	-313.1086352063535
793	-299.0127434656162
794	-303.34910514679984
795	-304.6812259591187
796	-303.9678125788153
797	-298.3790048010691
798	-306.0838609991358
799	-302.4951202891755
800	-305.6508808935559
801	-309.3782115699843
802	-301.5506422460972
803	-301.2587220836204
804	-307.6315863090851
805	-301.85242598106703
806	-304.0942192827518
807	-309.6130593829802
808	-308.8257112500313
809	-303.69713629274037
810	-304.15475554333693
811	-305.01186682338613
812	-308.00601710348724
813	-301.24931845871936
814	-301.91042550972264
815	-301.8386080080401
816	-314.9404568521972
817	-313.1120761564446
818	-307.5397507493519
819	-303.49375837127803
820	-304.0014044980434
821	-312.61923692356095
822	-306.36926987998476
823	-304.02018867740867
824	-304.72268692011
825	-306.202347315428
826	-305.14319574879306
827	-312.05638388316964
828	-304.04435583315404
829	-308.9132228500803
830	-302.1183988513854
831	-308.03306545515017
832	-308.9457294720109
833	-304.64748220587586
834	-306.56203002542566
835	-310.71984214015197
836	-310.241079731975
837	-302.8663853764023
838	-301.23643957134294
839	-308.7300703705763
840	-303.7143763887746
841	-304.88638097648266
842	-310.862710838597
843	-308.9726785233565
844	-305.01265211212046
845	-303.2043077281361
846	-300.7965410077577
847	-302.498663404801
848	-300.9917272840981
849	-303.6982074660455
850	-301.3106703731901
851	-309.5742973918528
852	-305.0321127998121
853	-309.24398254424136
854	-312.05124302869467
855	-306.3564320905249
856	-304.09387845200195
857	-307.30667088964833
858	-306.4538550756833
859	-309.53338877370413
860	-308.8833389314485
861	-305.3146355345487
862	-304.58724820019046
863	-307.0327629160184
864	-303.11681248252654
865	-306.41898221702314
866	-305.7573332014265
867	-305.9979490261669
868	-306.0498419757378
869	-307.6779829728819
870	-304.370066591186
871	-306.8242194314667
872	-307.9108259797618
873	-309.00584497107667
874	-308.8157059821755
875	-310.10895610025227
876	-305.44812707207564
877	-308.0179354143319
878	-303.5218787957653
879	-304.9103393313102
880	-303.3805055328121
881	-300.22175381251304
882	-299.87308053018177
883	-303.9003444246354
884	-301.525968375725
885	-307.39021391409904
886	-304.299663935079
887	-307.19676205760743
888	-302.61258727361536
889	-302.68566986235675
890	-303.3462075951324
891	-303.80349246141714
892	-302.289879270619
893	-304.22278739318597
894	-302.9385261081513
895	-305.6422938405358
896	-308.8530514513341
897	-311.82508518123734
898	-308.8660034058403
899	-305.781247574288
900	-310.0987655415734
901	-311.61382722729877
902	-308.28993546365007
903	-310.43804914157704
904	-303.5295650537896
905	-301.63194652850274
906	-305.34342137273586
907	-305.2317060828274
908	-303.20538829737023
909	-302.3698853377144
910	-308.4203747443707
911	-302.41031508202377
912	-306.222498484898
913	-305.4241637398868
914	-301.7000376794582
915	-304.08877616033647
916	-303.3993887210993
917	-301.34927987183323
918	-307.3275769987849
919	-305.85476729309244
920	-299.25884786588637
921	-303.19078072429113
922	-305.67112421488196
923	-300.88595396567433
924	-298.4581808447858
925	-299.9162854114429
926	-296.67246341130624
927	-298.96604115352903
928	-304.8064389189746
929	-302.4804005448054
930	-304.3838895624234
931	-306.1910010828581
932	-305.9085206168634
933	-299.7094007084811
934	-306.4119222295035
935	-307.10925013011786
936	-304.37273974265827
937	-305.79581577237616
938	-297.88677573523756
939	-299.349139264234
940	-303.96065613126905
941	-304.3408448020569
942	-309.77493126547427
943	-303.035641619384
944	-305.23701421891604
945	-303.10743032267254
946	-301.42167386052364
947	-306.02972679289525
948	-298.581987382552
949	-290.5812321710493
950	-302.0181110191837
951	-308.41922601683984
952	-303.8317321198918
953	-300.74925050474553
954	-302.3525763212561
955	-308.1294440423475
956	-300.50845688103715
957	-296.5679692466946
958	-306.3677241673965
959	-301.66384717652903
960	-305.8971256186496
961	-306.0057408014484
962	-300.10251062416546
963	-302.7168254303837
964	-301.50610767542383
965	-299.06267452856457
966	-306.6620818592106
967	-303.36662136454754
968	-301.87700230536666
969	-298.47785529092494
970	-304.82507129338444
971	-302.7845006840121
972	-304.6092772037939
973	-302.39172193480164
974	-304.2181940445897
975	-300.42856633032164
976	-307.6075716501352
977	-305.6489570907779
978	-304.4927202634989
979	-306.1057413320413
980	-306.9177423990051
981	-298.7406035387814
982	-300.20568023251144
983	-312.27508737691863
984	-306.40474695496783
985	-303.36140152785913
986	-304.7886671902125
987	-307.2503312648212
988	-304.9699884124477
989	-303.6233215862978
990	-303.5859836650675
991	-304.47362894739166
992	-303.2599256976566
993	-303.43773131233723
994	-293.5638270017383
995	-305.825025713139
996	-308.3430687013619
997	-297.16646405774566
998	-301.5449582547618
999	-301.2156000002517
1000	-308.5105335955754
1001	-305.8225191202228
1002	-304.28774341041816
1003	-300.9352211165992
1004	-305.9117993293178
1005	-306.7427618929315
1006	-304.17682568215344
1007	-305.6446000002282
1008	-303.0222355103851
1009	-302.5974263146639
1010	-302.6950593783948
1011	-303.8722319135583
1012	-314.1440006199534
1013	-301.40160172837
1014	-302.5097037071668
1015	-306.20979461866887
1016	-306.25271178712694
1017	-307.96832028790885
1018	-302.91029859829564
1019	-308.8051476527838
1020	-301.4851610119661
1021	-298.65420092142637
1022	-304.545731470409
1023	-305.38283726045654
1024	-306.5846344287713
1025	-304.1262608556644
1026	-298.9228044322551
1027	-302.48676622058855
1028	-304.9405173635598
1029	-304.02389299523117
1030	-307.02177768740273
1031	-301.5231923814428
1032	-302.43893296974875
1033	-300.12859151699683
1034	-304.8641572423734
1035	-300.25864911098193
1036	-301.9093258831986
1037	-303.63292162400325
1038	-310.63284407003545
1039	-305.06465822149505
1040	-303.9044874244106
1041	-305.5177847077805
1042	-307.79965218727915
1043	-307.93816873496587
1044	-308.10392590730675
1045	-302.17335407021744
1046	-304.4822113312729
1047	-305.1600670121031
1048	-306.66925646530336
1049	-303.8772593999373
1050	-309.27197183615283
1051	-302.9291302887107
1052	-309.86205110037224
1053	-305.65638232685706
1054	-300.9788593351538
1055	-304.26522202219417
1056	-303.7494
1057	-300.0045554747165
1058	-304.64485661116976
1059	-305.74676945710365
1060	-299.5687905038001
1061	-306.6100827492771
1062	-307.5250533635315
1063	-297.64340606406887
1064	-300.5543470918001
1065	-307.0589949645206
1066	-297.78784227505037
1067	-308.92713406060005
1068	-304.96021182402586
1069	-302.1132627481148
1070	-304.8900414150966
1071	-304.56739722613816
1072	-306.28126237507047
1073	-306.6778978954662
1074	-300.93931205298793
1075	-298.10548993091726
1076	-298.04636966656386
1077	-306.2822975574018
1078	-300.52630446022073
1079	-304.1482178541927
1080	-297.4091136395025
1081	-300.3024164604801
1082	-304.8372153263692
1083	-306.4720708237409
1084	-308.5699685088393
1085	-303.50566334502616
1086	-301.7072553830464
1087	-308.2767802178451
1088	-303.58864684997934
1089	-300.7489346904893
1090	-305.8841000204033
1091	-303.14643707706244
1092	-306.269668601497
1093	-301.5860913856947
1094	-307.216291360244
1095	-301.26485731956393
1096	-309.6039032692582
1097	-306.2010912163697
1098	-299.0373770521641
1099	-301.71687817911345
1100	-306.7947905933446
1101	-305.96925767907726
1102	-304.0384376163443
1103	-302.1804957445291
1104	-307.84664070236727
1105	-301.4730000002268
1106	-304.21647313916964
1107	-308.5011576979948
1108	-295.4473484106268
1109	-298.1256517336133
1110	-301.43773898545163
1111	-303.20528591687207
1112	-308.87056356166624
1113	-299.8488394459231
1114	-306.90706704348685
1115	-304.276173716982
1116	-305.0329797667332
1117	-303.8408053377176
1118	-300.769630871202
1119	-308.0535841063226
1120	-305.78972200729817
1121	-306.6802552503226
1122	-302.2765082738822
1123	-304.9339243145572
1124	-302.3037032865798
1125	-300.7172157868484
1126	-303.3545913508224
1127	-299.7214946083931
1128	-304.98458568955897
1129	-300.26819075068596
1130	-304.2390426498196
1131	-296.93669703594736
1132	-301.1475017148592
1133	-297.0334851160171
1134	-304.36966702660555
1135	-304.2308256247067
1136	-304.9409041877158
1137	-303.5974722109935
1138	-300.61408709021845
1139	-300.6938193645022
1140	-294.62439506955286
1141	-304.42714827788984
1142	-300.4902290187424
1143	-307.5691949680732
1144	-306.98461776719904
1145	-301.8396328484721
1146	-306.2299899737014
1147	-305.58721316864
1148	-306.9317200938236
1149	-308.22597043632123
1150	-305.5502254901511
1151	-307.5215224742301
1152	-303.52734284331615
1153	-303.1378071389346
1154	-304.22697266338986
1155	-299.4573108604287
1156	-300.46920441993285
1157	-306.6978401262971
1158	-299.57913384482475
1159	-299.3788252705336
1160	-302.78520212071203
1161	-301.43322650128465
1162	-304.25121781952555
1163	-302.1961941574342
1164	-302.03335229543
1165	-297.20777890367185
1166	-295.89034155784236
1167	-301.0838958594309
1168	-295.7204446890677
1169	-298.69666307324474
1170	-300.3082924370212
1171	-301.22863869784044
1172	-294.17830422954097
1173	-298.25969121202536
1174	-299.86035392092236
1175	-304.32294584339695
1176	-296.4024963467658
1177	-304.5517714249607
1178	-301.39672235331363
1179	-305.54901740014276
1180	-304.0122011874411
1181	-302.02326191856463
1182	-309.69998468950604
1183	-303.27419045066745
1184	-305.5096361387782
1185	-302.69142077591874
1186	-307.4036310066074
1187	-294.77628781209967
1188	-307.70679109444177
1189	-305.11330013775756
1190	-305.32310505678606
1191	-311.07676418482913
1192	-301.5928398414953
1193	-307.9152410289693
1194	-299.25435188443976
1195	-306.07972202541976
1196	-307.48330695409817
1197	-300.9115668752917
1198	-302.6356131108203
1199	-308.5515280758723
1200	-306.69530881023945
1201	-300.57233353842065
1202	-305.4174262774338
1203	-305.48955400648566
1204	-300.45067082150644
1205	-297.2262018192896
1206	-300.89809807533555
1207	-303.5153321069075
1208	-303.8530548165424
1209	-305.57796933360726
1210	-305.3163537335594
1211	-304.27979297647045
1212	-310.61902112708214
1213	-301.48681099093574
1214	-305.12903669875357
1215	-306.6540661689194
1216	-308.6923598093093
1217	-302.9592885187667
1218	-310.22662209162473
1219	-308.331109176521
1220	-304.172319564777
1221	-306.97611050082963
1222	-308.0841266755693
1223	-304.56029626761585
1224	-310.25522917460484
1225	-310.50198719884025
1226	-302.573186527076
1227	-312.5486099375774
1228	-310.4280398769567
1229	-304.0681288082269
1230	-312.39127117525777
1231	-308.75519887498467
1232	-305.56113872420553
1233	-306.02796394504674
1234	-309.9042116830421
1235	-309.60380451233715
1236	-307.2157249727889
1237	-304.08952088438076
1238	-309.7786173955987
1239	-305.95105535448613
1240	-302.67934984082984
1241	-308.33007787774346
1242	-307.1072701755016
1243	-309.2102613871673
1244	-304.6229487814033
1245	-305.4103715721038
1246	-307.5950681659396
1247	-307.87021084963374
1248	-298.98344916412674
1249	-305.3208640586667
1250	-302.66750537881126
1251	-307.7260140803188
1252	-306.51256126132046
1253	-303.13875129456426
1254	-305.3697131416834
1255	-306.352761677306
1256	-303.89336165564964
1257	-301.0233730883881
1258	-305.78886614414773
1259	-309.5625973070981
1260	-305.44552658329684
1261	-300.113474650012
1262	-305.28924886029444
1263	-312.29234486193394
1264	-303.4807734570979
1265	-305.59439562640785
1266	-305.394625678757
1267	-300.2931733687818
1268	-300.3819690520329
1269	-304.7388248498945
1270	-304.3703888279209
1271	-308.1235303843593
1272	-306.99539991962
1273	-308.80717278493654
1274	-302.3121812001543
1275	-307.00448522399296
1276	-308.9204221410678
1277	-306.1008186156948
1278	-305.6997062904066
1279	-309.00401313135393
1280	-305.63562491739157
1281	-303.1936912393833
1282	-302.5314301173415
1283	-306.6964727896022
1284	-300.1923655505185
1285	-304.65663077541546
1286	-308.46256623941315
1287	-302.14549354174994
1288	-302.55794965055804
1289	-310.3068399776087
1290	-303.67295346729964
1291	-307.49053322257527
1292	-296.86922543019665
1293	-306.20208496889217
1294	-299.7838814691153
1295	-305.49975419618283
1296	-307.66614265042097
1297	-308.7090178265312
1298	-307.88517584803174
1299	-302.98706632523226
1300	-301.07132735235655
1301	-302.65513314198216
1302	-300.659913563777
1303	-307.7837867231378
1304	-309.41328939475306
1305	-305.43173557282114
1306	-313.71510349568257
1307	-303.38290646567725
1308	-303.61852217791886
1309	-304.4080142902504
1310	-303.15234473317025
1311	-302.33474197357486
1312	-300.0359181038406
1313	-303.1606065054756
1314	-300.8701568384215
1315	-303.9113624782878
1316	-302.85979965749
1317	-306.1981556172926
1318	-301.17240206673483
1319	-307.3544262175336
1320	-306.22502776728885
1321	-306.11089403605047
1322	-305.46600835068614
1323	-308.91234877433106
1324	-317.4550972698045
1325	-302.5339597777012
1326	-310.27473483682064
1327	-310.92841424268295
1328	-305.46146872948725
1329	-310.3673542338265
1330	-305.3667974269431
1331	-298.8335283620065
1332	-303.0939376825493
1333	-304.09846573444315
1334	-307.44017518263246
1335	-306.42302604893234
1336	-309.33780817763045
1337	-305.96955841046525
1338	-307.54587635956636
1339	-302.6689091552435
1340	-308.9254830350098
1341	-310.2174684493929
1342	-308.5528191701195
1343	-310.34481929256333
1344	-308.5030148182366
1345	-309.34114438891766
1346	-305.1198660150861
1347	-309.4303545420803
1348	-305.67549992287763
1349	-306.0442092962506
1350	-311.1837858994806
1351	-309.4842523788693
1352	-308.3108844486876
1353	-305.32826379835825
1354	-304.87674692318814
1355	-301.4150136229579
1356	-307.30092217789644
1357	-301.1195864226103
1358	-313.10348511181064
1359	-306.9270595955497
1360	-304.3118492466208
1361	-308.83313719453525
1362	-306.56768931337655
1363	-310.9668806757628
1364	-312.27933635228624
1365	-314.92596206952663
1366	-310.4043358001464
1367	-301.04999121502436
1368	-303.7541179678147
1369	-311.0683849510901
1370	-310.06444289091587
1371	-301.64012914648197
1372	-302.88292850536993
1373	-299.8010768607084
1374	-304.4086351270441
1375	-304.702167510427
1376	-300.56307028587713
1377	-308.33731204349834
1378	-313.58722386746297
1379	-304.48648535867505
1380	-308.8194674816009
1381	-301.77435332578773
1382	-304.20479816548055
1383	-313.2766687747947
1384	-308.2616377742813
1385	-305.4094727018801
1386	-303.704388290733
1387	-299.65119409828077
1388	-306.94362672361467
1389	-310.3554786829946
1390	-310.22419712980644
1391	-308.5809358541676
1392	-308.4662127475366
1393	-308.0965899747569
1394	-312.46918103830785
1395	-306.58292977182924
1396	-303.76849615868304
1397	-310.51630944205243
1398	-304.62477933435224
1399	-307.6207562824302
1400	-309.5780518196906
1401	-312.1100087514224
1402	-300.9637817761528
1403	-301.8667365290687
1404	-302.0039280601736
1405	-302.9529113414781
1406	-299.8683670562573
1407	-300.80987226060694
1408	-306.448246536246
1409	-299.3004915676114
1410	-303.54772487597387
1411	-307.2927401523112
1412	-302.38651259636083
1413	-307.6089661037084
1414	-305.6909102645628
1415	-307.6308808146028
1416	-305.16150881867645
1417	-304.2352161185882
1418	-298.70468505366335
1419	-306.1946377309694
1420	-303.20264448881875
1421	-301.2834860459889
1422	-305.20116059206407
1423	-300.15658212945925
1424	-305.8449237471654
1425	-301.211261954131
1426	-301.79520560209784
1427	-302.79454590562864
1428	-300.9205662429028
1429	-308.897136336717
1430	-299.5633416751253
1431	-307.9859020765324
1432	-300.312493992861
1433	-303.99894477855577
1434	-298.65124118455765
1435	-303.32662985577235
1436	-301.5946244041413
1437	-305.2338482952472
1438	-305.5359440764713
1439	-306.55107349616065
1440	-302.60744437269034
1441	-298.6349000000119
1442	-300.48833379146396
1443	-300.1664596539057
1444	-306.1228765086152
1445	-305.6989584012564
1446	-311.1316922556344
1447	-306.0431391897787
1448	-299.4638787043464
1449	-309.11879008703363
1450	-305.24702087677883
1451	-309.0325090173535
1452	-309.17810888774926
1453	-300.0790000024221
1454	-304.06429600800806
1455	-305.194627719815
1456	-302.2680336335534
1457	-310.747357148271
1458	-306.81301991170227
1459	-302.9167759382728
1460	-306.52728546430234
1461	-308.82750494310557
1462	-304.25117582509483
1463	-307.97760973954894
1464	-301.7536269986644
1465	-310.72654517636767
1466	-305.75586874608007
1467	-298.664182584039
1468	-307.21181406125135
1469	-306.9468524341386
1470	-303.7431535228214
1471	-305.23498526429785
1472	-311.0795488441204
1473	-302.6934552546012
1474	-306.3957801376795
1475	-301.857152869843
1476	-304.3749982178982
1477	-298.8348795795429
1478	-300.15737275266855
1479	-305.1207763273507
1480	-306.72379424708504
1481	-306.7998336320908
1482	-316.00686307354493
1483	-307.2958953663525
1484	-307.7762795182032
1485	-306.2393189929242
1486	-299.04760000000005
1487	-300.7709090502888
1488	-303.5628031169662
1489	-304.4339
1490	-307.25325396423864
1491	-307.532708395528
1492	-296.08664892442613
1493	-299.9865360793246
1494	-298.33573455143085
1495	-301.9471
1496	-291.4846219457591
1497	-304.6970142739132
1498	-304.98549611530024
1499	-300.850176130265
1500	-299.73222799482676
1501	-303.5154558814201
1502	-306.51045269740484
1503	-300.47455776919674
1504	-308.30039270928347
1505	-309.2352269269245
1506	-297.622823451305
1507	-305.84301385176434
1508	-302.846928820637
1509	-302.8147931886527
1510	-308.8441684935517
1511	-303.8739620987051
1512	-303.5357902095225
1513	-310.02714184462377
1514	-308.9139674396969
1515	-304.1892390639252
1516	-304.2386266476125
1517	-306.8876970080519
1518	-304.48142821159763
1519	-304.7153161309009
1520	-303.11901606272284
1521	-303.72166937569426
1522	-301.24764417127454
1523	-305.7608860275511
1524	-303.321577856062
1525	-306.8474764163143
1526	-304.64629570471254
1527	-309.6686042120637
1528	-305.10702118067746
1529	-301.8364535277228
1530	-308.6589978186767
1531	-301.29824338142816
1532	-304.8369260401325
1533	-308.05971403315766
1534	-305.25926317554405
1535	-299.98766846688596
1536	-305.6772592063799
1537	-306.84848882280477
1538	-309.17903215827533
1539	-303.4166495937495
1540	-299.2674791119748
1541	-302.3353370865498
1542	-306.24651553574586
1543	-300.65821952469526
1544	-298.07925288527383
1545	-303.85067529724046
1546	-296.60905463237157
1547	-296.6826460552395
1548	-302.3132343898696
1549	-298.2489849078347
1550	-300.43005535337835
1551	-296.4145606272866
1552	-297.67304407793773
1553	-303.2499847275268
1554	-299.5762687397017
1555	-298.63935481425136
1556	-302.19056218020756
1557	-303.1834480750932
1558	-307.7528442119494
1559	-304.0347355040482
1560	-299.012800725059
1561	-302.8930938540262
1562	-307.25676369623574
1563	-310.3597432904953
1564	-303.492202184564
1565	-303.44630726681356
1566	-308.46018588384146
1567	-310.51467214504976
1568	-299.2023289993332
1569	-305.02788580862546
1570	-302.79182944879847
1571	-302.897661607155
1572	-304.5656998462417
1573	-304.2672
1574	-300.16914220954357
1575	-298.54995942950546
1576	-304.56392544073026
1577	-301.986335644521
1578	-303.24170000000004
1579	-300.8580720931957
1580	-300.1321221838069
1581	-303.8153839535738
1582	-302.8350296486816
1583	-304.65079203762997
1584	-300.7633261260433
1585	-303.1885840811094
1586	-300.917287882996
1587	-294.8359815158677
1588	-302.36933215171433
1589	-301.97692566166427
1590	-305.6914928458952
1591	-299.813657773468
1592	-295.3183434197946
1593	-301.9073954434811
1594	-301.57020145288465
1595	-305.8417504767096
1596	-297.2863889779152
1597	-297.87085682662973
1598	-303.07237444913403
1599	-302.46414757724295
1600	-303.2986031161262
1601	-303.34944396330536
1602	-303.04247886020397
1603	-299.0755866762373
1604	-303.5822571451774
1605	-307.0513154498059
1606	-297.7082144774685
1607	-306.63214849103025
1608	-299.3395583068928
1609	-299.3980821053313
1610	-305.46570886070526
1611	-308.28036721715426
1612	-296.7555493659696
1613	-300.03947953945675
1614	-295.9353000023214
1615	-300.5384841448895
1616	-299.77695896444334
1617	-301.0510959019138
1618	-305.4629862998235
1619	-307.3519015457928
1620	-305.64041132229016
1621	-307.1114427383138
1622	-296.68920000003766
1623	-303.634350787669
1624	-304.32000076691526
1625	-301.47128124636515
1626	-305.13581674597424
1627	-301.55359622735847
1628	-304.32669573272307
1629	-307.8740644045236
1630	-305.541862014504
1631	-303.65647488752217
1632	-306.27407012205043
1633	-298.8587
1634	-302.6932693348668
1635	-309.3711240271479
1636	-303.5963787793961
1637	-301.90493395760615
1638	-308.1421277916176
1639	-304.4209554761018
1640	-305.83054469190256
1641	-301.2000918804884
1642	-305.0517411851014
1643	-301.5275696372286
1644	-308.34109076200303
1645	-302.5429000000011
1646	-305.74020641761854
1647	-302.71928087833953
1648	-304.01021740612634
1649	-307.20794811351385
1650	-304.40759139038124
1651	-303.6401120870637
1652	-301.8551229193719
1653	-302.8770329849605
1654	-304.42420804857414
1655	-304.2354972725875
1656	-299.88235693639376
1657	-306.469397307767
1658	-304.89205171204543
1659	-305.5842624014361
1660	-302.9140150869134
1661	-296.1720638875552
1662	-302.8263828383311
1663	-302.2703640343908
1664	-299.2780262110022
1665	-303.67965916281713
1666	-308.7513678768303
1667	-303.0250884973816
1668	-302.68545766134025
1669	-306.0976846183522
1670	-303.0277955168266
1671	-302.1822711608873
1672	-305.3687868097799
1673	-311.1292850463653
1674	-305.3471004799065
1675	-303.57442307100507
1676	-305.6560391384088
1677	-305.17456737822215
1678	-306.4364359571648
1679	-307.93364138511816
1680	-308.4315242460577
1681	-307.15025362778334
1682	-310.7149698680281
1683	-304.91917957488215
1684	-309.4150668563995
1685	-302.05540784084116
1686	-298.0392517633573
1687	-303.1013479959677
1688	-300.54309883657345
1689	-300.3617953868846
1690	-303.32779054906683
1691	-304.2459542898448
1692	-306.9670895237883
1693	-302.2266112240552
1694	-295.55155731318195
1695	-302.3327851987751
1696	-305.5036495997617
1697	-306.72587162166633
1698	-298.2362
1699	-304.773798806857
1700	-309.42625023279606
1701	-301.8453572479458
1702	-307.34323148144415
1703	-305.42812912010373
1704	-308.67025701037113
1705	-304.9599218053648
1706	-304.30460685142054
1707	-298.2157000000001
1708	-300.1359411026612
1709	-306.218111562648
1710	-303.6989793657003
1711	-298.34789952422574
1712	-307.12416725424134
1713	-301.13702236960756
1714	-301.5519264928152
1715	-304.38127676624055
1716	-302.2839003533158
1717	-299.9013264478941
1718	-305.69123695727967
1719	-306.1756023851728
1720	-308.6626175855033
1721	-298.4350594634041
1722	-299.6222570694145
1723	-302.24547121006987
1724	-302.25733050782327
1725	-304.71828380043456
1726	-296.61690509473544
1727	-298.75107476830215
1728	-305.8975409532189
1729	-302.23513243965635
1730	-306.2352430389197
1731	-303.79063485931465
1732	-301.61766486708666
1733	-306.9452421822582
1734	-301.0304348357159
1735	-307.1053693898921
1736	-303.4129655137139
1737	-311.6045349877172
1738	-307.17621972594316
1739	-301.02592591059926
1740	-303.7437314831204
1741	-304.4428066185344
1742	-301.0820010928438
1743	-304.21010673583703
1744	-306.9973231298078
1745	-304.35653007249687
1746	-306.9960869094679
1747	-303.49919734392677
1748	-302.349094303969
1749	-300.1987192368486
1750	-304.8372726700251
1751	-305.66908272911644
1752	-299.80933850927596
1753	-307.2047231694594
1754	-304.16080759053773
1755	-304.4718213870364
1756	-303.89237569456793
1757	-301.05606467895814
1758	-303.4777335876764
1759	-307.5602434031208
1760	-306.43141061796837
1761	-304.2983485033724
1762	-302.7643374566438
1763	-303.92076420927765
1764	-304.2679112357259
1765	-307.88884438429795
1766	-301.773146405512
1767	-296.8187062890057
1768	-306.5853048358457
1769	-298.8168383561344
1770	-300.9011825496677
1771	-305.80530891337025
1772	-298.6355608460409
1773	-302.0412216334716
1774	-299.00810731803824
1775	-302.8471332005266
1776	-300.4591506527571
1777	-301.98369649114875
1778	-301.63284125391505
1779	-307.3404798399676
1780	-306.62795216723197
1781	-303.7538412420212
1782	-300.7825239440653
1783	-295.4455532077757
1784	-298.47001226177844
1785	-299.8853876720552
1786	-302.7805080816422
1787	-302.12157087926704
1788	-299.6452580487882
1789	-302.6088789589974
1790	-307.5232843778291
1791	-308.3813506709397
1792	-306.94974983313244
1793	-304.32907640850135
1794	-300.9523919719965
1795	-307.87874702062345
1796	-302.94104951246794
1797	-310.7840319324431
1798	-307.23022141307905
1799	-308.33206419057353
1800	-305.84944720532644
1801	-309.2761659342127
1802	-307.44263188961395
1803	-303.05543647410485
1804	-307.4061039548027
1805	-308.47943530786114
1806	-304.32551602620356
1807	-302.4194972595848
1808	-309.68746647970613
1809	-301.65508736867497
1810	-305.53144735547994
1811	-304.99465142898566
1812	-304.1903713330203
1813	-299.72661495251
1814	-303.43513360894343
1815	-304.2190531111611
1816	-306.8276978721569
1817	-303.4741701675637
1818	-306.7486859874698
1819	-305.2215616263357
1820	-310.14283006498295
1821	-308.4301254486682
1822	-300.46516789989096
1823	-310.8473939468192
1824	-301.81472094527237
1825	-305.4790534306404
1826	-313.63205781828646
1827	-304.7552628289937
1828	-307.67187288998707
1829	-301.6084397200384
1830	-305.2859540326185
1831	-302.49455942095494
1832	-301.47435091360734
1833	-304.7831524362546
1834	-302.54335593314386
1835	-291.5638460330935
1836	-307.17659474219914
1837	-304.9496986030137
1838	-312.06176472618176
1839	-304.447811852611
1840	-307.80038963407554
1841	-310.5253890519272
1842	-309.8397095098269
1843	-307.9649082401773
1844	-306.33579845797055
1845	-303.21095079835806
1846	-308.8455683575892
1847	-304.93307077631175
1848	-304.6652100451079
1849	-305.26086376310684
1850	-302.2638584250086
1851	-299.1753204882905
1852	-307.17427305495147
1853	-306.2954467903992
1854	-308.6096505176051
1855	-310.7743912435007
1856	-306.89314853246674
1857	-306.07750659016364
1858	-307.60027044871475
1859	-303.9559537303971
1860	-303.73766869394217
1861	-306.210532065138
1862	-307.24681606088046
1863	-301.1552617040929
1864	-309.5026393018633
1865	-309.8992075815123
1866	-306.535566391039
1867	-306.77037478898
1868	-306.5492573396955
1869	-310.7825730212678
1870	-302.86072236792177
1871	-301.24852463308736
1872	-311.8036701635888
1873	-310.11978943279007
1874	-308.4144597514587
1875	-301.6932137458808
1876	-308.69283208933376
1877	-310.7426837750367
1878	-309.4274021277448
1879	-305.78680033934927
1880	-305.65207673870515
1881	-309.9641560720322
1882	-304.3946761025479
1883	-306.71440594781797
1884	-304.1593818311447
1885	-311.4056659694712
1886	-306.8438416583938
1887	-310.39840592263886
1888	-307.35265114095154
1889	-305.7215343340623
1890	-300.0010812436505
1891	-302.6834985755261
1892	-307.0620013974296
1893	-306.85402681015114
1894	-302.7727169274375
1895	-303.382525852656
1896	-301.15110603802526
1897	-304.4920469093323
1898	-304.22480960697396
1899	-301.0210447272049
1900	-298.18157411320476
1901	-304.0533682913436
1902	-303.57326638491065
1903	-307.54279077516685
1904	-305.19718722180636
1905	-303.64494132958566
1906	-307.23403271911724
1907	-305.10970706421523
1908	-303.39831286607847
1909	-308.198833779866
1910	-296.9328903754265
1911	-310.2274236174246
1912	-307.9934484405293
1913	-304.9241687254718
1914	-302.9427887970737
1915	-308.63874209007423
1916	-308.404979684727
1917	-309.5033047913693
1918	-307.6118244088234
1919	-313.456160342886
1920	-307.61188629415415
1921	-309.563483611905
1922	-300.7105167270348
1923	-300.59457963953986
1924	-307.77432009812804
1925	-311.2022606888833
1926	-304.3402869587378
1927	-304.51300142967193
1928	-307.6002831497106
1929	-304.52302781971895
1930	-309.54104168644704
1931	-305.48393634308707
1932	-303.65055874746815
1933	-308.475284452494
1934	-300.10163462651025
1935	-296.8156154881191
1936	-304.4254078883127
1937	-306.71579787577986
1938	-306.98302698953086
1939	-306.49904272236614
1940	-301.0717116720088
1941	-306.69759621073047
1942	-303.7122594306893
1943	-306.5678132871154
1944	-298.8053271774998
1945	-309.6760915707303
1946	-302.2896313588683
1947	-301.6884748570848
1948	-312.822331314965
1949	-308.34177752552574
1950	-310.5697866370061
1951	-308.3899174127225
1952	-305.74379943653764
1953	-309.6738377418401
1954	-310.43214602215556
1955	-309.4563614339085
1956	-312.6662157239473
1957	-310.15340481883874
1958	-311.77343696718447
1959	-312.7999571565368
1960	-312.21815950588365
1961	-309.0982128781851
1962	-315.7441197399799
1963	-306.0076081547987
1964	-307.86342784215213
1965	-311.0800799039143
1966	-303.44557102570764
1967	-307.9890613938367
1968	-314.3348446498153
1969	-307.1065156403945
1970	-309.480549433827
1971	-308.7062519949865
1972	-305.71284599862986
1973	-304.7274599614213
1974	-303.3004679734371
1975	-311.98129099318584
1976	-301.50132798162554
1977	-307.4568768770634
1978	-305.8194809758413
1979	-306.1902414498764
1980	-305.15435333204016
1981	-305.19269987314607
1982	-300.1266107296656
1983	-303.8750229248453
1984	-309.74631383028395
1985	-302.7872400310028
1986	-311.2983221706264
1987	-301.8558407481468
1988	-307.81909603394786
1989	-304.72398970771485
1990	-307.87164557232484
1991	-313.35046974943015
1992	-309.1239547086244
1993	-304.99499096345255
1994	-308.9009136546335
1995	-303.9870276608816
1996	-302.06449825982037
1997	-306.3302838639717
1998	-302.5772417439868
1999	-307.0298681844529
2000	-303.1630468887417
2001	-310.6084551034586
2002	-304.1976719503659
2003	-303.37640159240914
2004	-299.6395038872978
2005	-304.4745471511833
2006	-309.3201717676352
2007	-303.51913919778326
2008	-305.2891474164395
2009	-303.984472895349
2010	-305.7137211311725
2011	-302.52178644477493
2012	-297.2294411258748
2013	-308.43308802505993
2014	-310.3036968470873
2015	-305.84911892463737
2016	-309.9317880812825
2017	-307.8219711044235
2018	-302.7330631460049
2019	-308.2075078976982
2020	-307.480545108666
2021	-307.7509779350755
2022	-307.649534013876
2023	-296.59528355590044
2024	-302.2445547145413
2025	-301.3636009331871
2026	-306.875653138912
2027	-304.34276584733914
2028	-314.59661211913766
2029	-309.6185133064184
2030	-307.5576926606153
2031	-307.753177256192
2032	-304.4410445342081
2033	-311.26357790989806
2034	-307.6681406271585
2035	-303.02428913460386
2036	-308.8922735152538
2037	-302.8128023985189
2038	-311.54049798269386
2039	-301.52036857276016
2040	-306.2960439430784
2041	-302.98776938972696
2042	-306.1145087267372
2043	-300.85124123393143
2044	-306.91431246290296
2045	-301.9988106859075
2046	-310.69107881856587
2047	-309.9275689438754
2048	-307.8515964525189
2049	-306.8573523968766
2050	-305.5106743741396
2051	-309.08479189835685
2052	-299.98783856533504
2053	-297.9724058916596
2054	-303.7683125393769
2055	-301.83700590780467
2056	-306.5471777686373
2057	-309.8506413551591
2058	-307.5833618715551
2059	-310.6780667277708
2060	-309.15337154770884
2061	-301.8403423562676
2062	-299.7902284690802
2063	-300.2804543440596
2064	-303.27870884159455
2065	-301.96214845287193
2066	-298.2566
2067	-311.7803168453856
2068	-292.5098763258662
2069	-310.6700805559493
2070	-300.7959467556762
2071	-304.38981816455566
2072	-299.01721325494293
2073	-299.2764103158946
2074	-295.73958372947567
2075	-301.1705570846588
2076	-308.82021927233427
2077	-303.262591534573
2078	-301.6024221775562
2079	-295.5922000000248
2080	-304.0490739128301
2081	-301.62058258722294
2082	-300.1712366477161
2083	-306.18800840818625
2084	-296.6081753913982
2085	-306.0260908253087
2086	-303.606204399518
2087	-301.58370287397366
2088	-303.9111290808347
2089	-295.44607043817996
2090	-308.4941587863477
2091	-300.09266366619727
2092	-305.8791660678626
2093	-305.915672341876
2094	-312.1754021471895
2095	-308.595953054816
2096	-307.8087210559938
2097	-299.28781117877105
2098	-296.9584653347703
2099	-299.9986227210397
2100	-298.1813068807342
2101	-298.10197346509955
2102	-304.57351057765055
2103	-293.3528030365184
2104	-304.38840247981904
2105	-304.79707410402386
2106	-291.6583
2107	-300.49797041550664
2108	-300.0769
2109	-305.87255839872114
2110	-299.1588419142606
2111	-302.6071723907389
2112	-304.89159192703795
2113	-302.0510163862554
2114	-295.7824000000002
2115	-305.51103299441047
2116	-306.21406547039135
2117	-302.582226625995
2118	-301.4621216920724
2119	-303.8830882891664
2120	-304.1984125222636
2121	-296.35384196774044
2122	-302.355144709054
2123	-296.3414002966095
2124	-305.19915799999836
2125	-304.11243912085166
2126	-306.0978829227804
2127	-311.110082299361
2128	-308.7850199373027
2129	-303.01995231002195
2130	-305.7514940284818
2131	-299.4887805481591
2132	-306.4375773347976
2133	-306.35778707602185
2134	-300.578247908039
2135	-303.802700530081
2136	-297.9358956881393
2137	-301.96153834605025
2138	-308.19522166045766
2139	-304.66381506773644
2140	-299.4075759434979
2141	-303.42122743898295
2142	-304.3956425279172
2143	-304.87707021999205
2144	-303.48173915229864
2145	-310.5621298664143
2146	-304.47080527879285
2147	-307.31516009938554
2148	-302.48614605865095
2149	-302.9408411740778
2150	-292.781691052308
2151	-294.28967533547325
2152	-299.6703470016735
2153	-299.034168459941
2154	-306.21193042435124
2155	-300.7140644412061
2156	-306.8844079217013
2157	-301.1782505311541
2158	-303.8377981936202
2159	-296.2004991631688
2160	-302.6360988491197
2161	-300.4227009148417
2162	-303.0544432808625
2163	-298.491578881098
2164	-303.9578178369055
2165	-302.52122576670257
2166	-307.20248713685214
2167	-305.1902795809249
2168	-298.28973938197765
2169	-306.03033180216323
2170	-296.7300433286452
2171	-305.21718660832704
2172	-297.81391640198234
2173	-297.5728762521248
2174	-302.9701000000304
2175	-301.201783676679
2176	-308.7136255637268
2177	-300.32117427645403
2178	-300.0126
2179	-298.9018725619321
2180	-299.6784464824474
2181	-305.3565284149964
2182	-299.03237018672144
2183	-304.0665747589518
2184	-303.58050867060297
2185	-304.92288247484186
2186	-297.2591631603541
2187	-301.3981162895404
2188	-298.87090977666196
2189	-300.62714613933724
2190	-296.4810926438154
2191	-302.2415842024723
2192	-306.63917039738527
2193	-303.0910477538555
2194	-303.0663002895357
2195	-304.35315241329
2196	-305.74960729473946
2197	-306.73536169596485
2198	-301.64525664418795
2199	-306.30281629483096
2200	-297.37968520817014
2201	-296.8279823040816
2202	-299.91217895998494
2203	-300.17730355232106
2204	-300.8218387613395
2205	-304.78987493969487
2206	-300.7874536007329
2207	-301.1208467538542
2208	-299.02008771074486
2209	-302.40818259847316
2210	-305.97236254658776
2211	-310.6681777033306
2212	-304.66270963213606
2213	-308.82155904917164
2214	-302.24471887156153
2215	-302.8867727106371
2216	-298.4250998492414
2217	-306.45420540422464
2218	-306.35139218739204
2219	-304.5027450277983
2220	-304.0310387642075
2221	-299.68772113075295
2222	-309.0888642857839
2223	-308.5279043226638
2224	-303.63603230295917
2225	-308.2431815465955
2226	-303.12543672297477
2227	-304.1316469461061
2228	-307.2433761163975
2229	-303.26653248852415
2230	-301.9893760833349
2231	-303.6172122510478
2232	-301.1454635412195
2233	-305.628820407557
2234	-305.73261404116704
2235	-310.2870215497262
2236	-302.8647430478384
2237	-304.49979159505415
2238	-298.3176184870018
2239	-302.4974000000001
2240	-298.23408867143144
2241	-303.41313349450024
2242	-305.7368001383652
2243	-300.34289665947693
2244	-301.0078536221582
2245	-302.2287230695137
2246	-301.69461752768683
2247	-303.4818739881562
2248	-299.81863319860815
2249	-299.3774299654737
2250	-301.8624950560492
2251	-307.83617277786243
2252	-307.42134961061487
2253	-307.58036890012994
2254	-301.7502022056775
2255	-304.20569859282017
2256	-307.8168921870217
2257	-304.36508925387847
2258	-302.9145042771891
2259	-304.88847303413013
2260	-304.11830442739415
2261	-299.9278973550612
2262	-306.8820913314652
2263	-303.0380844561757
2264	-305.9742476861547
2265	-300.8049572854703
2266	-308.03408377784604
2267	-304.32705381218005
2268	-303.53496500815686
2269	-307.9264079030329
2270	-301.5270217290296
2271	-302.58518014709324
2272	-307.41201336679364
2273	-300.79527851374195
2274	-307.0381212191291
2275	-307.19026010403235
2276	-303.9405455370321
2277	-300.7631584412912
2278	-306.71263553882676
2279	-305.49365068906997
2280	-303.32061090112427
2281	-299.320379920602
2282	-306.5015535711072
2283	-301.9077623449367
2284	-311.5485986165806
2285	-303.8855813200834
2286	-308.90436004889614
2287	-303.36625983487886
2288	-310.56286969398366
2289	-308.9633160406181
2290	-301.4523855504258
2291	-305.12974815781996
2292	-299.92639715263056
2293	-298.011967799531
2294	-303.0330658084608
2295	-302.4333568008659
2296	-298.797054411228
2297	-307.5450022927997
2298	-295.7809425051604
2299	-308.5870503427703
2300	-305.61459029419024
2301	-298.3608408099352
2302	-297.8065920715222
2303	-308.62002447752513
2304	-304.3309021160518
2305	-299.37408233960156
2306	-309.6755800827806
2307	-304.41486831668584
2308	-308.5735984715327
2309	-306.923833900792
2310	-308.51129109779174
2311	-305.3929813780485
2312	-308.15072289877816
2313	-303.2522514004498
2314	-304.9632567322751
2315	-305.8874251282822
2316	-300.06596844806546
2317	-308.61571469753613
2318	-311.61281040324184
2319	-311.6820824282602
2320	-302.82974585818283
2321	-304.76403002462973
2322	-300.5973543126974
2323	-305.43674560645513
2324	-304.8405425088532
2325	-305.4522670628796
2326	-299.03087486993496
2327	-303.1018620419682
2328	-307.7649347011532
2329	-307.67941295752007
2330	-305.6454473826102
2331	-309.0763395438403
2332	-300.80118149551834
2333	-308.1725743194244
2334	-309.18062824723626
2335	-295.22197127502477
2336	-299.90652772976375
2337	-304.2071378684372
2338	-310.2624607008843
2339	-300.35593094834593
2340	-308.1916243146412
2341	-298.38470378971414
2342	-306.5703018867363
2343	-301.135204089575
2344	-300.44345579783305
2345	-308.83150977355336
2346	-308.40119999999996
2347	-308.1574407975655
2348	-306.1918624575547
2349	-299.664930366092
2350	-297.01501962871697
2351	-305.57228229321885
2352	-301.1055022603077
2353	-307.4410509881226
2354	-306.6159990537014
2355	-303.38813759038015
2356	-306.35823687112645
2357	-303.70621961704376
2358	-301.86895430031547
2359	-304.956012968945
2360	-307.37370259791527
2361	-311.76246910435077
2362	-302.5472464103591
2363	-303.51056684160324
2364	-306.0656988331642
2365	-303.7467992294602
2366	-299.798940560549
2367	-303.2096043622772
2368	-300.3080851274369
2369	-306.8478933193722
2370	-303.7820156958185
2371	-301.22948540115857
2372	-313.4379222863129
2373	-305.1726025532794
2374	-304.92346346042984
2375	-302.13979561397196
2376	-311.4902233124691
2377	-302.8319508210668
2378	-307.10890527840155
2379	-308.51946359443895
2380	-303.9324000000002
2381	-299.06341986216256
2382	-299.96829213318415
2383	-304.5973456181057
2384	-300.02343775662695
2385	-301.4609023233245
2386	-307.55645190482704
2387	-297.26936838640194
2388	-302.27299765794163
2389	-299.3637507144341
2390	-302.80178061623764
2391	-311.7264624161337
2392	-302.54065477140557
2393	-302.5973924321822
2394	-300.4880587195332
2395	-309.69631229470275
2396	-304.31355609893876
2397	-303.1184618393804
2398	-299.95827365638047
2399	-307.9473152019833
2400	-302.24782087679057
2401	-300.6067059068537
2402	-307.2562728018982
2403	-305.89828263064396
2404	-301.4373034997719
2405	-303.6969816870765
2406	-303.7653085243911
2407	-308.0557516183827
2408	-308.5413730473481
2409	-301.4271561912109
2410	-302.8182000004551
2411	-302.2434819241832
2412	-301.36225814503774
2413	-302.44573876753606
2414	-306.7811453789943
2415	-304.34630839150157
2416	-308.9781406644466
2417	-302.66086691790065
2418	-303.13416204516295
2419	-298.13375147420606
2420	-298.9632980802077
2421	-307.6608510305669
2422	-303.77260063857364
2423	-300.3131446946793
2424	-298.3945198634212
2425	-297.7787939171289
2426	-302.14261949206747
2427	-301.3676779836208
2428	-306.5870701132319
2429	-304.07392904580314
2430	-302.5692383475083
2431	-299.05536418370417
2432	-305.236128648717
2433	-300.98753749635813
2434	-304.76198738962876
2435	-307.4083446736412
2436	-301.5530007263054
2437	-305.2989239346222
2438	-301.19873818153127
2439	-302.6250025992482
2440	-299.90354707034544
2441	-299.86304164101784
2442	-300.95575078035256
2443	-305.2301078069761
2444	-307.8053551841394
2445	-305.02144564760414
2446	-304.7806850548244
2447	-302.4228245885353
2448	-305.36647923211865
2449	-302.01813564520694
2450	-305.0865437045985
2451	-302.41208065379465
2452	-305.4665411464628
2453	-301.27274780363075
2454	-305.93204117128727
2455	-304.0463009288217
2456	-304.05525107253135
2457	-306.6129758048211
2458	-299.7515850598
2459	-310.7448482383494
2460	-307.8344074129819
2461	-306.0346728305536
2462	-305.10685683148625
2463	-303.9404428758668
2464	-300.1045156225424
2465	-307.6023410870747
2466	-304.7808
2467	-303.7468646829478
2468	-298.8650699128994
2469	-305.02994818978885
2470	-301.6483353399916
2471	-299.2517268069147
2472	-300.7906012636585
2473	-298.4436006129667
2474	-307.33783498537406
2475	-298.93338012839445
2476	-307.91743156411826
2477	-305.363168076858
2478	-305.30012590360565
2479	-307.42023458977314
2480	-304.6086488945257
2481	-302.575433354495
2482	-305.5432736369486
2483	-306.3002975338412
2484	-300.97750110882174
2485	-305.4771499396593
2486	-296.2777110898259
2487	-304.9387000004455
2488	-295.4142259809117
2489	-294.38530000904893
2490	-300.6545277522078
2491	-295.19106082810026
2492	-307.79245268319914
2493	-297.94122370763444
2494	-309.81545988462045
2495	-295.62678403765585
2496	-305.25247513818766
2497	-302.7695687303614
2498	-305.3487392096147
2499	-308.8704191004257
2500	-303.22250916702615
