1	-298.9863284501711
2	-303.80315945913526
3	-303.68037188316947
4	-305.37908008901235
5	-296.9180369401398
6	-300.8764479470458
7	-303.12851840836885
8	-302.3431926926495
9	-304.3640516517937
10	-301.3839299909332
11	-305.11477322530936
12	-302.80489329101715
13	-307.3273382768637
14	-303.42144426269044
15	-302.67160000000007
16	-299.61096272166674
17	-303.34093496494006
18	-303.58498678109595
19	-300.9440326186688
20	-308.98511864378037
21	-306.94443773553104
22	-306.64419026532397
23	-297.440497994104
24	-301.89537707700305
25	-302.5070425122519
26	-304.32845749409216
27	-300.31760796665844
28	-301.18000133618943
29	-299.90042721081
30	-298.09130767025715
31	-303.8989585893743
32	-308.8266140407827
33	-300.06962362235623
34	-300.70463669508166
35	-304.13544785660883
36	-305.83865662020753
37	-311.53168200206807
38	-307.5845327084564
39	-305.15261471860987
40	-302.0572033761189
41	-307.6109289880204
42	-302.15359644076733
43	-303.8822987634698
44	-306.755439836049
45	-305.8788810227275
46	-305.20362656739235
47	-304.9983670343327
48	-303.120825987319
49	-299.6364464938007
50	-305.2622080497296
51	-307.43855403565897
52	-301.2214971080061
53	-304.3473238885348
54	-302.9929073097779
55	-306.8495512471101
56	-309.1443393376742
57	-303.11071744721204
58	-299.4015600800105
59	-310.5630404868156
60	-304.861841005089
61	-303.25760159631153
62	-301.6705463907713
63	-303.90255296934646
64	-300.3391269018296
65	-304.86553049315216
66	-306.8313557645909
67	-308.3673525981781
68	-302.65870734966234
69	-306.47935970903876
70	-306.6418473974053
71	-309.5334000104806
72	-313.9166772277199
73	-309.78347272782344
74	-301.09127966003285
75	-297.5702641115131
76	-302.2418269589731
77	-304.79419784206084
78	-302.4032993843879
79	-310.5060966317201
80	-305.11893972291057
81	-296.39455212293757
82	-304.5104000010887
83	-310.7445323365485
84	-308.14910009677607
85	-308.937934036997
86	-304.705953267704
87	-305.23034637928447
88	-304.2211331393005
89	-302.9739875502986
90	-303.6160650439499
91	-301.3483458547477
92	-307.12076561198063
93	-304.087058326481
94	-300.9903985608739
95	-298.9191876204841
96	-302.98013345913745
97	-297.58899490135997
98	-297.5760019557106
99	-298.5572
100	-306.1875111951843
101	-303.06375656016144
102	-300.3493084633481
103	-302.8757146292673
104	-307.3895844612159
105	-305.6180999935384
106	-306.3733700352921
107	-306.4856439451264
108	-299.68669156688406
109	-309.75645095854094
110	-309.78730054198275
111	-304.0210962376283
112	-301.61646795291557
113	-303.9606080859307
114	-309.7018019964074
115	-307.5964682128985
116	-300.0835072872415
117	-297.73173132156217
118	-299.7359866679641
119	-304.2867158072303
120	-295.89533431483756
121	-297.88451476219655
122	-300.2695
123	-301.93734810866715
124	-306.7618578448196
125	-308.2845381647943
126	-301.56087275149423
127	-304.97206479955895
128	-301.0845837433487
129	-306.100983895212
130	-304.25307510469605
131	-304.68080183544635
132	-301.9401793862477
133	-297.4931348557531
134	-302.91121228870924
135	-308.4231692312406
136	-305.75810429476655
137	-304.5777997188662
138	-303.4639334983908
139	-300.5839849967117
140	-304.2576680041652
141	-307.31078356785156
142	-305.65356124623065
143	-302.5906882065941
144	-300.22819536905206
145	-302.96009467818845
146	-305.19875731735016
147	-302.78607124660067
148	-304.515977442897
149	-301.14334502655134
150	-307.7131456167717
151	-296.38331470745226
152	-305.7621876266998
153	-302.7005973582826
154	-304.9386448444833
155	-306.08401024989143
156	-307.6912002421685
157	-311.55079707714805
158	-304.28138531875555
159	-304.14392403695956
160	-307.9238952193707
161	-301.3924281548063
162	-303.5906460116766
163	-299.818593438814
164	-300.5544694220507
165	-305.06569594425036
166	-306.0305374177118
167	-297.66374530450923
168	-298.32420017429126
169	-309.2776205878708
170	-305.32313662973394
171	-301.4229219645004
172	-300.51443031144385
173	-301.9925885129746
174	-307.36761826300256
175	-307.4050129718678
176	-302.99372349381724
177	-314.1570735557132
178	-300.0434880141532
179	-308.7298553927405
180	-304.78701103566476
181	-304.3165639705872
182	-306.09908682572706
183	-310.8991163287318
184	-300.3866763671156
185	-301.8150101794587
186	-300.6568427310447
187	-305.90557590067675
188	-305.0445102658842
189	-302.19628925691177
190	-309.2495200734387
191	-309.697403538893
192	-299.0605440103365
193	-307.14457414372094
194	-307.42347056352037
195	-299.9830006453456
196	-304.74867568059204
197	-303.43144208229614
198	-306.88990000006095
199	-301.44388540933625
200	-302.92079896479845
201	-304.8343409890067
202	-303.4209530863543
203	-299.69247520451614
204	-304.00562316149177
205	-302.4269298402539
206	-303.9617857991357
207	-307.32502696677415
208	-302.4183391882112
209	-301.312002281363
210	-305.34474467359115
211	-308.2064692236973
212	-297.9197346163414
213	-299.7827948702393
214	-308.05480966733774
215	-301.0036801145662
216	-305.1532378673996
217	-306.11805682988035
218	-305.3335204469651
219	-309.37516251686174
220	-299.2943
221	-298.2112586211266
222	-311.572924628639
223	-306.17529572721685
224	-305.4103013766338
225	-309.8260660725867
226	-298.0002036484993
227	-301.80684565785214
228	-308.3325160977032
229	-301.5282000020939
230	-303.9593688710851
231	-301.7194579453149
232	-305.4891637542453
233	-308.4732776316123
234	-304.4085577354677
235	-305.48817158845793
236	-307.28379454137155
237	-307.1600702418665
238	-306.8113490699492
239	-305.2398449001546
240	-301.94460812458
241	-301.94809942991276
242	-307.69778176425643
243	-300.9065260175418
244	-300.3825745724943
245	-303.908527412833
246	-302.7791410341538
247	-302.2145925323829
248	-302.562659470825
249	-302.67749714167036
250	-303.50620488757255
251	-306.42710027631495
252	-307.31229722308757
253	-309.08480151750797
254	-298.53800319137304
255	-306.2006354649624
256	-306.85191716264467
257	-302.8383550452946
258	-304.8946008313
259	-305.1807302335843
260	-305.81603003662127
261	-303.63387218619124
262	-306.60098820744474
263	-303.2684899218703
264	-302.9647207653446
265	-305.33044985061605
266	-303.0730152624407
267	-305.03943668823837
268	-306.71844680696086
269	-304.33285348867196
270	-307.9214484597378
271	-300.52330850371914
272	-297.8704432178207
273	-307.13059717750775
274	-306.65530081833236
275	-308.26615624781647
276	-309.1089742521893
277	-309.7726030919447
278	-310.53196133062903
279	-301.2576330478417
280	-311.73928538924855
281	-306.6230036217934
282	-299.4928859071925
283	-304.7329467063367
284	-303.09748931714637
285	-304.8606367099499
286	-300.3805436779282
287	-301.70857831129007
288	-301.2705108708507
289	-310.24399053346406
290	-302.5860207511086
291	-299.54397128429355
292	-302.34787096067373
293	-306.8210413304388
294	-306.0293141179545
295	-299.6230703359987
296	-303.7652000946283
297	-301.38032452708575
298	-297.9737378357807
299	-303.7184258936382
300	-295.1493340143706
301	-301.6151923001284
302	-297.64559018397847
303	-303.15709711303623
304	-303.7409331325551
305	-301.1347993768436
306	-309.88942719643563
307	-301.4916503401447
308	-299.8944959780416
309	-304.46479812913924
310	-298.6612870191598
311	-304.82603726758583
312	-300.46034764404635
313	-301.5519490172538
314	-304.2723624551273
315	-311.29951647385076
316	-309.50285456464803
317	-305.330430005457
318	-304.63911293460205
319	-301.76850224779156
320	-310.63217723243673
321	-306.17233377982035
322	-301.00796887901583
323	-303.6410084174555
324	-306.05564151173735
325	-308.23520899248
326	-300.7119749745321
327	-306.2598504525845
328	-300.5935604876335
329	-297.6540623226615
330	-306.9391250251676
331	-306.1292249131433
332	-294.43660092032235
333	-305.8660299324219
334	-299.5610420469471
335	-301.52463323875236
336	-303.17499003811685
337	-300.2770351733214
338	-305.04698276977786
339	-292.3789272051462
340	-298.9939106496422
341	-306.9638241021277
342	-300.1921655440787
343	-305.7949546806237
344	-303.2259881246252
345	-301.6403000207391
346	-303.02923008836217
347	-310.1042588740284
348	-304.52323925075024
349	-307.8044054283264
350	-299.9879109519796
351	-300.9763314562809
352	-297.7587377363023
353	-304.98620856530584
354	-304.3612077522157
355	-304.2352360786294
356	-300.3345482626687
357	-300.4436520409237
358	-304.66852968285565
359	-303.4400602804918
360	-299.6595511156439
361	-301.435242966837
362	-304.06078943697855
363	-306.46302808366977
364	-306.83577421906233
365	-305.587802519172
366	-304.0369663286034
367	-313.6328170723465
368	-307.1506686904974
369	-305.1498226444368
370	-313.1550217557759
371	-297.35539304315677
372	-301.9187961800536
373	-305.74289869943163
374	-308.1108749697851
375	-311.27919332068313
376	-298.7800355226968
377	-300.83267490585087
378	-294.9810814329949
379	-304.19195729798236
380	-300.3319280563779
381	-309.35272314566686
382	-304.5055177510693
383	-301.40569373426075
384	-305.13662329567524
385	-304.9165069301305
386	-305.5149532711175
387	-306.30897914399395
388	-306.12944549678394
389	-306.7015764301443
390	-306.101419569742
391	-298.725101180044
392	-302.66083730700916
393	-292.3416001740153
394	-313.94998184135363
395	-308.07390524105836
396	-305.388221295022
397	-307.6277250459348
398	-306.70593550609755
399	-305.8550354679218
400	-299.1533354323686
401	-304.6536608984251
402	-295.0085589930852
403	-305.0693853147786
404	-307.03848955884865
405	-308.32604571020613
406	-308.2494554823866
407	-300.20520976530804
408	-306.7804870125623
409	-298.5721963701173
410	-302.4506693060934
411	-303.1509232577554
412	-303.29526359948414
413	-302.1835224788441
414	-299.0873984946426
415	-306.7122536562958
416	-309.6446543428881
417	-306.44246822868297
418	-304.26873431444864
419	-301.4884980335568
420	-308.8087440559506
421	-301.62838700880025
422	-302.5269760000221
423	-302.1660461846231
424	-307.39010940123865
425	-303.8975354801536
426	-304.65121964132305
427	-313.83218554821406
428	-301.0227765866984
429	-312.58855311854495
430	-304.98350917252935
431	-306.8473084491183
432	-310.10501409908073
433	-307.90743606290715
434	-306.3969007050437
435	-304.5171973657093
436	-302.163604827847
437	-307.4701042042211
438	-303.31601426227803
439	-297.80518432348026
440	-304.3531449797509
441	-304.352957680818
442	-303.3411
443	-302.0484451794517
444	-307.775461459458
445	-298.8878232308502
446	-301.97603181085657
447	-307.3140900130078
448	-298.41923589410635
449	-298.8465485691544
450	-297.6498387434204
451	-307.1426637106978
452	-302.2650365336376
453	-307.86768691883253
454	-303.31800498865226
455	-308.25996840617984
456	-305.34753762345224
457	-300.3662609066435
458	-303.5514099227355
459	-302.0609405317464
460	-302.44915029780145
461	-305.7323863705402
462	-303.93266080318574
463	-302.2682507634294
464	-309.44981396025736
465	-310.44082383909813
466	-306.8139142553447
467	-303.1037479621457
468	-304.26110868115853
469	-297.8218516096759
470	-300.08983942276075
471	-300.73270734472396
472	-299.57647733624674
473	-300.05808700259627
474	-308.47307559716455
475	-303.50662346773527
476	-300.9235351950814
477	-303.043829628431
478	-300.1461984018122
479	-301.70265430136084
480	-300.8821055357152
481	-306.59222666107513
482	-302.1305255329447
483	-303.7085228545257
484	-303.096985024802
485	-302.5626115928675
486	-296.46257357013985
487	-301.9917196728174
488	-299.26443633225574
489	-304.59019162795084
490	-306.46195929991313
491	-300.62935599438714
492	-304.4343379605117
493	-300.5217818800309
494	-298.6376090038131
495	-311.04558613990787
496	-304.16566589087296
497	-304.03567824406366
498	-303.43844820936147
499	-301.96720754983807
500	-304.85124167140236
501	-303.34075859535056
502	-313.17628791046104
503	-306.0785823148398
504	-303.4545350284052
505	-306.1602548499308
506	-309.97258939877304
507	-302.9839512193244
508	-297.51289601096926
509	-300.0029715507118
510	-301.8090030535996
511	-300.5817242085673
512	-301.38046060459044
513	-308.965258585682
514	-302.9271864153648
515	-302.65142962982316
516	-294.3123254112349
517	-298.4498545543459
518	-302.27046396344997
519	-307.9363811225335
520	-306.1595366744754
521	-303.3501447819832
522	-302.97629336251117
523	-303.53209183979743
524	-303.22796397208623
525	-308.8196018668249
526	-303.96404674740404
527	-303.16419169828436
528	-305.6261900944949
529	-299.9091306446771
530	-306.79822311333294
531	-301.06867598127343
532	-301.19562857537096
533	-304.17275995386063
534	-297.81229864329663
535	-298.6024078460781
536	-297.6587423860311
537	-304.0966429972153
538	-307.4276707495868
539	-305.689348475065
540	-305.7810702480672
541	-314.6345913779434
542	-293.24035315667135
543	-305.32016110403714
544	-308.794673567393
545	-308.90714980390135
546	-305.351566459815
547	-303.97720479611155
548	-302.12018657472237
549	-297.88202757456475
550	-302.2316284257401
551	-309.03251349677896
552	-300.4321459631649
553	-309.3056118086738
554	-305.25562472034545
555	-301.8432380092854
556	-303.6886965493176
557	-306.40241747055813
558	-300.7433806831075
559	-309.00615039338754
560	-301.92888434197704
561	-301.888518196099
562	-303.4130723942086
563	-301.5373657315216
564	-305.2274868666974
565	-295.4114064845802
566	-306.615248588715
567	-299.3162048359813
568	-300.8762621067085
569	-299.1671000653264
570	-305.02416524854607
571	-306.5938887518317
572	-308.3610784931794
573	-304.57416500297643
574	-303.5522371696951
575	-309.86249888177224
576	-311.94978607315176
577	-300.82498932031217
578	-304.7897368640298
579	-303.91767963264
580	-308.45641697189063
581	-304.46448483423126
582	-301.04398179111433
583	-297.5021019894323
584	-307.83746243524365
585	-298.9138193735508
586	-303.45597383256035
587	-303.2443507604306
588	-308.56660671096904
589	-302.6060360279985
590	-307.3438802484238
591	-305.8255563473411
592	-296.97766763283585
593	-306.3411220791699
594	-302.40516789750933
595	-306.22219154974994
596	-307.0359300642024
597	-303.83515537732376
598	-301.1860044872802
599	-307.0730296818269
600	-307.84520307756304
601	-305.5686147752887
602	-304.19913291494385
603	-303.68089378422985
604	-307.3217408031984
605	-306.1245987800298
606	-303.3443579598131
607	-301.2948022586605
608	-302.4411856504867
609	-296.09275079063474
610	-312.7103874672201
611	-308.50520767687897
612	-304.6736594893507
613	-306.50508638522086
614	-302.98187831261663
615	-303.8582216204728
616	-301.69770317361264
617	-300.2665469488102
618	-304.77848669694123
619	-303.4630830560888
620	-297.1258751022459
621	-299.9674151135629
622	-309.07913236466163
623	-304.86837567249756
624	-306.2761425936171
625	-300.66807331283985
626	-303.7521451266905
627	-305.71160006378375
628	-307.0885142500807
629	-300.36844269311604
630	-305.9633296398687
631	-305.75641538223385
632	-306.8025173631964
633	-305.9428835689923
634	-305.0122002918323
635	-302.95115467521737
636	-304.95762766291153
637	-304.2025675252185
638	-296.8091285365722
639	-308.3922199746932
640	-301.73182276471385
641	-302.87038388002446
642	-298.5887354392628
643	-312.5939215879925
644	-304.8853425429248
645	-301.7085205434315
646	-299.79389530674587
647	-305.269732510258
648	-302.6411215870811
649	-293.08456702360206
650	-304.1152418145895
651	-307.53808221663814
652	-303.8977598555089
653	-306.3656458671408
654	-301.77436632051695
655	-301.9203659416828
656	-302.0209347321338
657	-303.58763516737474
658	-302.114
659	-300.73440229135736
660	-300.7657361367917
661	-305.5108637216379
662	-300.2058218174607
663	-301.3484280415767
664	-303.9292893165566
665	-299.4819491984525
666	-306.07213898077646
667	-299.98417250697327
668	-306.8688746931865
669	-308.2369091789621
670	-301.82900570369617
671	-302.46923995169124
672	-305.75990000004896
673	-307.4309181418069
674	-300.2870259304398
675	-301.31737169492703
676	-304.9658900113115
677	-310.21496107363686
678	-304.6637042910348
679	-303.11947237153714
680	-300.55107528671533
681	-306.25984747190506
682	-308.10995840657364
683	-302.8203655495969
684	-303.9436253941793
685	-301.43261139310937
686	-303.5664286210779
687	-304.551184931596
688	-306.04710585559843
689	-305.57733590485583
690	-302.1494627526349
691	-296.00113805029787
692	-297.9126538012665
693	-305.63646577934145
694	-300.92626022436946
695	-306.2061461404824
696	-305.8942156481775
697	-297.9900963784668
698	-299.9922329841355
699	-304.4182212864629
700	-295.31861040817876
701	-306.96602833262614
702	-308.3507238740413
703	-300.7013979141561
704	-302.26527669504196
705	-304.1741157683474
706	-302.96879457482316
707	-302.97861043851765
708	-307.4887342370919
709	-304.88401278778497
710	-305.6557261645239
711	-309.7045752897714
712	-303.64488020560003
713	-304.9700731406611
714	-301.8049395152444
715	-307.01385529185
716	-309.3408044919551
717	-298.2107321136619
718	-307.4764867251409
719	-298.89314858448404
720	-300.8647793806701
721	-298.81700000000023
722	-297.83476852528213
723	-300.77321630399246
724	-298.9625674559087
725	-300.3869232645177
726	-297.70569676799516
727	-304.20643711391426
728	-294.8697000000001
729	-299.0758366932887
730	-296.9496
731	-301.8449
732	-307.98633616450235
733	-302.7927764741391
734	-307.9624578886509
735	-304.2654886025167
736	-303.6479746872495
737	-301.85883448867247
738	-297.38534893344473
739	-303.7959479099335
740	-304.7727532167707
741	-304.98173308607034
742	-297.3374261101625
743	-306.1284056616664
744	-304.103040129861
745	-299.7898058988011
746	-307.32560165531316
747	-303.00077569334593
748	-308.27944744016366
749	-305.8144116407711
750	-298.3811407797782
751	-303.21118682171897
752	-304.4280232721523
753	-300.32195635822876
754	-303.819637645238
755	-305.8622510137119
756	-304.2362667169414
757	-300.35669932013667
758	-303.83189765541573
759	-304.6727068793149
760	-302.89807245972094
761	-299.9422878421182
762	-305.0703632364809
763	-308.10666650769144
764	-307.720157737109
765	-305.1445441288263
766	-309.28840325843976
767	-297.9585224051309
768	-306.0024122007605
769	-304.9234936190947
770	-303.5617741552039
771	-301.85826750177444
772	-302.32768367320114
773	-305.10560183009966
774	-300.2552463593523
775	-304.90626673860766
776	-310.1606878300829
777	-306.3762850134244
778	-306.48384404582197
779	-305.39743936544437
780	-305.1607910881099
781	-303.8993694133759
782	-307.17736628972096
783	-307.864017223252
784	-308.417281689523
785	-305.23060242759044
786	-297.8135000964486
787	-306.7663171333629
788	-308.11237718445153
789	-308.4073072828119
790	-305.03413399509526
791	-305.0238794630661
792	-304.0147855906042
793	-305.389548872683
794	-303.78661169236415
795	-307.336749866673
796	-303.89387907794816
797	-309.4863335503198
798	-302.7878114323428
799	-309.71936314862916
800	-305.381962376967
801	-301.762360638349
802	-306.34218779148256
803	-307.45781362392836
804	-304.74467308792697
805	-306.68924845994485
806	-302.72054455434056
807	-308.29030000000074
808	-308.11683257015164
809	-305.0783330803755
810	-306.1726116935083
811	-307.28593747042424
812	-311.6345433917265
813	-298.65536514047216
814	-307.2163960821286
815	-305.2412462277385
816	-306.83323166125683
817	-302.74552057774855
818	-300.73388555146283
819	-304.6376000000001
820	-305.1141558338547
821	-306.9775374070349
822	-305.72035417384603
823	-302.7079116452014
824	-314.9072639793712
825	-305.9027199088489
826	-308.30289827699625
827	-305.31247471478457
828	-303.9198547238329
829	-306.652388621684
830	-299.69882618687814
831	-302.2797894065166
832	-307.0083895627482
833	-302.7029830271246
834	-306.52511981360146
835	-299.8856809420833
836	-306.45470000072373
837	-302.8058291942789
838	-302.10377103438486
839	-304.0794759087398
840	-301.4518456628074
841	-302.974620549886
842	-304.72381348350007
843	-297.31464523326645
844	-297.5735151798569
845	-305.7962898712912
846	-304.1374741569774
847	-309.1961358693231
848	-305.94070047654094
849	-311.2541219983778
850	-303.50475286302134
851	-303.8926872649458
852	-306.43354094966105
853	-298.05872564360624
854	-304.9689057470219
855	-302.95150052370104
856	-313.81587388110466
857	-305.9227048498047
858	-303.3618592029629
859	-303.0830278263004
860	-301.72644503776695
861	-308.4965814762638
862	-307.8535299575208
863	-307.11841205292546
864	-305.47270100611416
865	-303.91746955766405
866	-303.6562224578899
867	-307.7276221554118
868	-299.7027659294069
869	-304.8384605436485
870	-298.98358713595985
871	-299.039725927973
872	-310.2090354377314
873	-303.0822000000012
874	-302.93233991962893
875	-305.8560830665212
876	-305.9784151083172
877	-306.54389188529746
878	-305.6711479888122
879	-300.6073103622801
880	-308.80165224195144
881	-304.71633056889317
882	-305.27967535361194
883	-301.2247162940792
884	-299.87740697601055
885	-307.8430146914996
886	-298.2176560082134
887	-303.9357000080153
888	-306.11683097851756
889	-304.13749412653556
890	-307.5025473426287
891	-299.57885288163675
892	-301.7380633439669
893	-304.8276108775643
894	-305.351313882805
895	-312.54911581928405
896	-303.41981293690793
897	-301.6490850007346
898	-300.0683547436629
899	-302.0612442358968
900	-307.03002681841537
901	-297.1955301956059
902	-307.18219844216173
903	-301.09822035058767
904	-303.1639752561871
905	-297.0585867020281
906	-297.6318738416525
907	-304.5521925604907
908	-308.8570073845531
909	-303.98804515099806
910	-305.6852313527274
911	-304.27730539966007
912	-303.10610875876705
913	-296.93941137772356
914	-301.83771966870654
915	-303.9020905254884
916	-307.03090664232343
917	-305.26454992660166
918	-304.75676323507935
919	-307.8725825011417
920	-307.9574088747231
921	-297.68250918370126
922	-306.2965982353188
923	-298.5116668499853
924	-305.7026128317662
925	-307.6961756905573
926	-308.7183644458387
927	-305.79834777698915
928	-299.56873792743085
929	-306.60695863245246
930	-304.51158492882485
931	-310.0707060352002
932	-302.7860837841235
933	-301.58675242245056
934	-306.8889004286919
935	-307.0239504747722
936	-305.75480798186436
937	-307.4820613543056
938	-304.1679769317382
939	-301.04132020201916
940	-303.42374721382674
941	-301.98107511989775
942	-303.39960498527944
943	-309.8743670236869
944	-308.6197912938451
945	-303.74409816426265
946	-303.2252195075903
947	-304.26480337229685
948	-300.51163320656127
949	-306.73330047894854
950	-301.9363000000134
951	-307.06267911130453
952	-308.40393541266127
953	-302.5594071952381
954	-304.57233492105036
955	-307.0959580092515
956	-304.2810748419172
957	-308.6827783740411
958	-297.38830372987536
959	-304.04950763622514
960	-299.68298779834424
961	-307.33659819114513
962	-305.0267682701026
963	-302.8110756894849
964	-303.2035017130694
965	-305.1831083167883
966	-303.4676241773587
967	-306.27713217836714
968	-300.2505008425209
969	-294.3093794298952
970	-302.009677835879
971	-302.36735970292784
972	-306.66531531352945
973	-309.93496758816497
974	-306.4683283397785
975	-306.771015070429
976	-310.70986675111766
977	-309.387837238922
978	-307.5850734223909
979	-310.9900986356013
980	-310.3131437536346
981	-311.83319726354125
982	-310.4443200566337
983	-300.3255179504236
984	-303.9195278871451
985	-313.9331606503566
986	-308.525223083751
987	-309.7504465239886
988	-306.354782136445
989	-302.7831099887011
990	-305.30384851519926
991	-310.98907146765634
992	-306.5052159373757
993	-302.7032705024815
994	-305.13309309792294
995	-309.15852815805897
996	-303.9628619675617
997	-308.0260504901107
998	-304.3858616359567
999	-302.7795029188026
1000	-302.8629299415009
1001	-309.0858142471633
1002	-307.21621964262
1003	-301.32705404549046
1004	-303.31297842601543
1005	-301.4515045446687
1006	-306.17628083716454
1007	-305.82086608925295
1008	-293.17291076291707
1009	-304.4310068976764
1010	-299.5257798886439
1011	-297.8066929649502
1012	-300.3673944649989
1013	-307.54776776909574
1014	-313.4300777429065
1015	-312.35487938989445
1016	-306.4433405437856
1017	-307.4259007998024
1018	-307.14237471055606
1019	-309.51979222639176
1020	-310.4486359428643
1021	-306.6347209482206
1022	-310.3098767246468
1023	-301.190887094283
1024	-300.53889469358023
1025	-296.3530828175091
1026	-306.7343967668785
1027	-304.86980634910117
1028	-304.37334707146346
1029	-304.3546240519429
1030	-308.5210039245232
1031	-304.67573901428256
1032	-303.66900680277456
1033	-309.2258373432791
1034	-304.4931758015867
1035	-302.88967734434107
1036	-300.33849822235203
1037	-314.1540070831341
1038	-304.1423219323344
1039	-309.45105845229125
1040	-304.236038934691
1041	-298.466042039354
1042	-298.81128602777346
1043	-305.4373405026357
1044	-307.1937399746733
1045	-306.83135558069
1046	-308.0997301082192
1047	-310.54289637309483
1048	-311.24622557048247
1049	-305.4895492714133
1050	-307.83475851698324
1051	-307.3540362484534
1052	-303.4111942165164
1053	-306.99028649969085
1054	-310.1621323443882
1055	-311.7653352613682
1056	-308.01042274493506
1057	-308.8040103724725
1058	-305.00644187293216
1059	-296.6304343421171
1060	-306.16829094065974
1061	-303.5359969810935
1062	-298.2637115364839
1063	-302.3943080162221
1064	-310.0032710569637
1065	-306.44130452409166
1066	-304.466699479143
1067	-307.5647405117528
1068	-305.4485516453119
1069	-307.9399113996169
1070	-306.1938872848199
1071	-308.0465495653637
1072	-305.8425208324048
1073	-307.8881344252449
1074	-305.1420628232159
1075	-303.03992521869344
1076	-304.4193713438505
1077	-302.79279562242317
1078	-300.2230268879366
1079	-307.7895273483541
1080	-307.7246323627841
1081	-311.30286358670816
1082	-312.0558111702432
1083	-307.81024005448523
1084	-310.536995151605
1085	-311.91218454975206
1086	-307.98104609260946
1087	-309.5819711336051
1088	-308.90273950479184
1089	-313.75956930243547
1090	-310.368894206209
1091	-309.39909701099486
1092	-307.14156784160707
1093	-308.78389601496747
1094	-303.8918362061478
1095	-305.4501254946099
1096	-303.61670918784296
1097	-300.9481353999837
1098	-294.79203459358024
1099	-310.20610838529564
1100	-297.510504240769
1101	-305.05794734516087
1102	-304.431571762925
1103	-304.90168165786685
1104	-306.93508744077775
1105	-306.33541964037744
1106	-308.86008886673056
1107	-303.84211570781326
1108	-300.71563509242
1109	-303.4662292866287
1110	-300.63219306347963
1111	-306.43648986984084
1112	-294.67814436548684
1113	-303.5725946794133
1114	-302.18317787039365
1115	-309.87691935553335
1116	-308.46678073840616
1117	-305.20661314894335
1118	-309.2007101959237
1119	-300.1041519640715
1120	-302.1708036635444
1121	-306.2952854319217
1122	-306.1917238108184
1123	-303.58595215276955
1124	-305.68680080741655
1125	-300.6372027968695
1126	-304.4521429157067
1127	-308.3514999097685
1128	-304.72288427917505
1129	-307.84079605744006
1130	-312.67079647211216
1131	-303.8369454423928
1132	-310.1481573185286
1133	-307.43649993389096
1134	-312.5809373816281
1135	-305.11087431082666
1136	-312.0163153452965
1137	-312.7526985265016
1138	-304.77880911230136
1139	-304.2530684719255
1140	-307.5028541691186
1141	-303.21677319364414
1142	-306.57970298346123
1143	-305.17442656470575
1144	-308.28820769199706
1145	-307.9050009830097
1146	-306.99334304528634
1147	-307.07569541039385
1148	-301.6615515908936
1149	-309.6395602096646
1150	-301.4291755727361
1151	-307.93700086543447
1152	-310.3082524884188
1153	-305.9108725209001
1154	-305.798466610689
1155	-303.64676781597024
1156	-302.87199316260234
1157	-306.43112292387184
1158	-304.7745941169425
1159	-302.89584301301727
1160	-306.84281106660274
1161	-310.7566102223322
1162	-303.54515795776695
1163	-307.66057787002904
1164	-305.13686008187005
1165	-309.8059032099886
1166	-312.025156075798
1167	-311.5136549301261
1168	-308.8916850225054
1169	-309.99146550748117
1170	-309.85425182640836
1171	-305.18270699873295
1172	-304.0920834403251
1173	-310.82512731983746
1174	-300.2391998151175
1175	-309.301562759682
1176	-305.11171522873326
1177	-302.7557839065536
1178	-303.80101870177714
1179	-302.76892248341744
1180	-303.6806266320439
1181	-311.9875954888527
1182	-299.8603551349401
1183	-302.74536802415366
1184	-301.28101440083395
1185	-305.0294250126017
1186	-309.77177536463523
1187	-301.4208294362258
1188	-306.53857475208406
1189	-306.4396859993214
1190	-306.21061680941153
1191	-308.4970914424043
1192	-307.89297218990816
1193	-308.89079744603725
1194	-309.93496231996033
1195	-305.3438202482896
1196	-311.6608582952471
1197	-302.556760696196
1198	-312.5367197198046
1199	-311.66254304313094
1200	-306.3218403566913
1201	-312.6852931356024
1202	-307.7297875592116
1203	-309.3400835590127
1204	-299.6205114669922
1205	-311.50242999473255
1206	-301.8527403455413
1207	-308.6769638737624
1208	-304.3789461128456
1209	-304.6987453773501
1210	-302.9919817359402
1211	-308.0516067855632
1212	-304.6223045217915
1213	-309.8411490945618
1214	-306.65951545554157
1215	-306.29637816217013
1216	-301.18081052532926
1217	-302.092340705552
1218	-307.92081746868445
1219	-309.0331580085479
1220	-306.1062445047256
1221	-313.63631443044295
1222	-311.1011175054863
1223	-304.1050757887462
1224	-301.87977350246376
1225	-306.10200511899063
1226	-305.5806529079101
1227	-296.74930153223994
1228	-307.2662560497273
1229	-305.9186632088373
1230	-304.34528067652127
1231	-307.9488723809444
1232	-311.1135674777669
1233	-309.64975700927255
1234	-310.0977396777739
1235	-310.4186969359447
1236	-309.64663527967184
1237	-297.9988272329205
1238	-305.7481181573181
1239	-299.8862290068753
1240	-301.4624479758973
1241	-306.54634734758446
1242	-308.65781285754036
1243	-307.44713304611014
1244	-310.54960808119887
1245	-305.1090442247385
1246	-309.2749378293245
1247	-311.83792264760297
1248	-307.5056764450128
1249	-310.3555371448211
1250	-311.1643408143795
1251	-306.59649907653125
1252	-300.87938219223753
1253	-316.9838938184492
1254	-310.4893879413996
1255	-308.11750194884644
1256	-308.65867272893325
1257	-310.1599469226164
1258	-311.4272190168177
1259	-302.87714771141947
1260	-305.653090888276
1261	-310.3698314590375
1262	-305.9311308116172
1263	-309.3044521151857
1264	-305.28077409347503
1265	-305.1073289260526
1266	-311.23000840840103
1267	-306.7019578552891
1268	-307.4101677701995
1269	-306.78719659865544
1270	-307.0146910479176
1271	-304.0332494131545
1272	-301.08554720267483
1273	-301.7597308281467
1274	-310.3934101367884
1275	-305.31138765162774
1276	-310.0025761850812
1277	-302.61173666707293
1278	-301.7643314742845
1279	-302.28180917336937
1280	-305.47496655028885
1281	-305.19449633528365
1282	-302.72635120868586
1283	-304.8977068399501
1284	-308.8170223282607
1285	-309.128762975981
1286	-307.4124966691359
1287	-314.06455135760945
1288	-312.8389268494868
1289	-304.75358193951047
1290	-307.50528828444834
1291	-309.9812452607264
1292	-305.11212192635224
1293	-300.14543563437877
1294	-304.2094316085212
1295	-307.12606403027746
1296	-308.9573581460331
1297	-306.2314622724439
1298	-306.97226466954186
1299	-308.6021232245641
1300	-305.8225050518844
1301	-298.8232105455755
1302	-300.75451659136166
1303	-303.1076052655314
1304	-306.587957565632
1305	-307.03820949350313
1306	-307.5101150485931
1307	-305.3485658698206
1308	-307.68152357465505
1309	-301.4925754197094
1310	-305.59442917152313
1311	-302.38431254673696
1312	-304.52466841531094
1313	-302.42725406919055
1314	-295.7807623124697
1315	-304.57489956527303
1316	-306.42088580732263
1317	-302.0472824044588
1318	-306.76654098034237
1319	-308.1834439812522
1320	-314.39821244161647
1321	-312.6984005840063
1322	-301.19419072545395
1323	-306.3474514634429
1324	-314.5481205557687
1325	-307.8061912246403
1326	-305.8064092903007
1327	-304.16346437955974
1328	-314.06353152918865
1329	-311.37757084779514
1330	-309.663544042245
1331	-301.6602135547491
1332	-305.8509586880621
1333	-298.72109881714306
1334	-302.34992931956174
1335	-308.7388708860527
1336	-303.87866087009706
1337	-304.6854900919685
1338	-307.5652511409265
1339	-312.34817249024314
1340	-307.7095781110106
1341	-304.56490691085287
1342	-303.75713237463435
1343	-306.46480930613035
1344	-304.5883679737301
1345	-307.00337097484146
1346	-301.43446143579826
1347	-301.8251092432463
1348	-310.4300435214021
1349	-309.0823747006493
1350	-299.4954104344113
1351	-303.5465339739885
1352	-313.87341130329037
1353	-306.492611596527
1354	-313.5155886037363
1355	-309.66934080806556
1356	-310.3653057851387
1357	-304.76048958666286
1358	-309.814837999261
1359	-308.2407320462299
1360	-305.71807648175985
1361	-304.6966375337555
1362	-305.4028949951863
1363	-309.54980067784413
1364	-304.291906031747
1365	-297.11631286923836
1366	-308.6015979491458
1367	-303.15192777398966
1368	-303.41348429507974
1369	-309.9446058740998
1370	-308.6303166812353
1371	-305.7724045878876
1372	-308.2078844546523
1373	-311.73074639375966
1374	-306.84218249018585
1375	-308.76818085119356
1376	-305.7562211582579
1377	-309.21065577474843
1378	-305.4774643308102
1379	-309.58199063019674
1380	-299.6146500374584
1381	-308.5604908111413
1382	-305.61037724590705
1383	-309.6336337409621
1384	-307.32886394516936
1385	-307.67177670827317
1386	-307.2391101952398
1387	-308.15440223955164
1388	-302.97256764623216
1389	-309.1375672555416
1390	-307.0645047914911
1391	-304.5356505999463
1392	-302.6252102876593
1393	-302.12760415652355
1394	-306.56083082106215
1395	-306.3680501309549
1396	-310.9387404902969
1397	-311.1586930676208
1398	-309.4866894076552
1399	-305.28025221691075
1400	-310.20145448824775
1401	-306.9154946868473
1402	-308.8004925359295
1403	-306.55955598339415
1404	-305.5174204541705
1405	-302.6215824030345
1406	-304.4308353139283
1407	-303.9074357943751
1408	-302.9123042233691
1409	-306.22528613161967
1410	-302.1238165273527
1411	-300.4059663646367
1412	-307.02182760007435
1413	-306.37612558353925
1414	-307.4274621190745
1415	-306.6597349513888
1416	-303.66950765062757
1417	-304.73458783751124
1418	-296.7305633473523
1419	-311.38754619308975
1420	-300.37380498647315
1421	-305.8123197808314
1422	-305.771910096964
1423	-305.9018984005792
1424	-303.18958059348483
1425	-299.20618818947315
1426	-301.2148048191094
1427	-300.07630379391065
1428	-297.04177227882496
1429	-302.67362040048437
1430	-301.8796391576742
1431	-302.6818426777827
1432	-305.83851061548313
1433	-308.35601466487407
1434	-307.18233587419695
1435	-308.10217595044065
1436	-299.3889630214295
1437	-300.7753871846772
1438	-304.4375592205809
1439	-302.15653084053866
1440	-306.06390780910453
1441	-310.1800596514407
1442	-307.8902647618137
1443	-305.9894417355313
1444	-304.85985869918784
1445	-302.87326351513786
1446	-303.62938687241905
1447	-303.2995948829907
1448	-299.494930038527
1449	-308.43265622239795
1450	-306.6189936891553
1451	-305.3992948416822
1452	-309.7755294107524
1453	-307.91812899340545
1454	-313.7756474548999
1455	-312.1726019676531
1456	-306.15545333600363
1457	-298.9787946092392
1458	-301.42510073826475
1459	-306.7668857053039
1460	-306.45456697627253
1461	-306.51168742863115
1462	-302.79988376602313
1463	-300.657782480746
1464	-309.74566675709985
1465	-309.5584699608663
1466	-303.10416697815833
1467	-310.22266106215216
1468	-304.12088237747975
1469	-306.8195736143051
1470	-298.0501029416742
1471	-303.21088366149286
1472	-297.4325606878861
1473	-308.64354554136855
1474	-305.58349172220517
1475	-308.0998515216413
1476	-307.14656226592314
1477	-306.0142821591798
1478	-300.318546798421
1479	-297.84335908501765
1480	-295.8761781482843
1481	-299.81029699145705
1482	-302.1683415015359
1483	-309.3551035120025
1484	-299.2792586622753
1485	-300.82232003200875
1486	-302.193848450327
1487	-298.2241091266978
1488	-301.00616819437255
1489	-300.2126389266362
1490	-298.89583286619927
1491	-301.2273763035483
1492	-301.69752403949326
1493	-294.44341269351173
1494	-303.0085231002424
1495	-302.5793120140868
1496	-302.7134138526387
1497	-296.7826630879478
1498	-310.50776077908796
1499	-308.1566087451255
1500	-301.22360519709713
1501	-302.623159222091
1502	-304.1119460217242
1503	-303.4209251955093
1504	-306.4330518707471
1505	-299.5042935819853
1506	-314.53877541729673
1507	-304.36855366731567
1508	-313.1826591034349
1509	-305.7082362276694
1510	-307.0662955366495
1511	-303.8957516653534
1512	-313.0041050764409
1513	-310.1438037743063
1514	-305.666287344518
1515	-310.0462530449341
1516	-303.6194118555475
1517	-298.73417185068746
1518	-307.10879636417854
1519	-303.289084694516
1520	-308.59439637324135
1521	-301.6572460880677
1522	-307.77094205699547
1523	-305.8807603382193
1524	-310.645187599751
1525	-307.86634840518593
1526	-305.01941533377396
1527	-310.5052692604069
1528	-308.24618067206654
1529	-309.87296551186796
1530	-308.1796645258539
1531	-308.4516792191476
1532	-310.6954853063153
1533	-307.32505213252807
1534	-307.9051869616652
1535	-309.38496831045694
1536	-300.08987595402135
1537	-304.0640549484491
1538	-312.7578466773024
1539	-306.64381380105425
1540	-309.2536698685452
1541	-305.0464332482307
1542	-308.173279843812
1543	-310.5743424439067
1544	-301.8034921938906
1545	-306.23835950849116
1546	-306.81130230493255
1547	-314.43871598367946
1548	-304.6620935652249
1549	-304.68789480222057
1550	-302.4484271720982
1551	-304.2700624338937
1552	-307.3932658421292
1553	-304.4082942772144
1554	-306.2877920055581
1555	-307.6921373739511
1556	-311.48864996545785
1557	-313.0205388978869
1558	-303.53994841447917
1559	-306.50670748450835
1560	-304.7805021599354
1561	-301.9818542341262
1562	-304.61707107700863
1563	-308.20487541096037
1564	-305.91166738530865
1565	-308.72062475176364
1566	-298.9987499111659
1567	-305.18790000005043
1568	-302.47670348041987
1569	-310.5445520841762
1570	-303.12879734487717
1571	-302.3213013968718
1572	-298.2550383882757
1573	-305.09050949914564
1574	-309.9347921186027
1575	-301.6649568051781
1576	-301.36604044500405
1577	-301.2828637051168
1578	-308.008378896105
1579	-304.5669809316804
1580	-305.8888668686398
1581	-307.64794311912937
1582	-304.02882898485467
1583	-304.3690971351772
1584	-312.68329953913195
1585	-308.61471952820995
1586	-299.94131277847436
1587	-302.2688554034687
1588	-303.98250536588836
1589	-303.9943986091189
1590	-307.8343775990868
1591	-294.71835340149863
1592	-299.93216558214465
1593	-305.92909359409276
1594	-304.2124322344835
1595	-303.41250735087925
1596	-306.59861140164946
1597	-298.23444738228153
1598	-303.6763924462116
1599	-308.8205122758434
1600	-311.30997842130427
1601	-300.8318156964037
1602	-308.55177702444774
1603	-307.381042779724
1604	-305.0383088539272
1605	-309.27198497260747
1606	-301.78324629921946
1607	-297.79170867292424
1608	-300.9808252028433
1609	-306.0251197524375
1610	-308.30023259087847
1611	-304.6746690049667
1612	-306.7693794077127
1613	-302.6902232992102
1614	-305.5512914420906
1615	-310.47154114320875
1616	-305.47906427396737
1617	-312.06981203660075
1618	-303.77867418578546
1619	-309.6861053190665
1620	-309.3363843997327
1621	-303.4887756321674
1622	-307.7081533857127
1623	-308.1311730484817
1624	-307.2168689641785
1625	-307.1081912402961
1626	-302.3016233389087
1627	-306.26332388830014
1628	-307.06289500742344
1629	-307.49005431571527
1630	-312.9196181605492
1631	-309.7273131521881
1632	-297.8520290453068
1633	-300.80278647590785
1634	-306.881526846919
1635	-307.8067014388623
1636	-301.4869438125135
1637	-296.2202525325161
1638	-311.5270555865118
1639	-307.0103996939273
1640	-307.7883446518263
1641	-308.0240853705531
1642	-308.08187046996693
1643	-304.68286497116975
1644	-306.38310420122497
1645	-302.16375597886673
1646	-306.61127011336265
1647	-308.3638459942785
1648	-300.9215154548744
1649	-306.2164126226487
1650	-303.4241884833384
1651	-299.2412347253919
1652	-311.30112251526515
1653	-308.1809934812916
1654	-308.43344741057007
1655	-303.9492240857452
1656	-305.47446862195585
1657	-303.2068280474598
1658	-309.3060554048014
1659	-308.26826270447236
1660	-307.3361514281486
1661	-307.81534276404443
1662	-308.0636886362882
1663	-305.5842790565493
1664	-305.9465747891276
1665	-303.60894662610906
1666	-299.1268149121716
1667	-308.29036772478963
1668	-305.34153707091514
1669	-307.5178764061519
1670	-305.7265357202061
1671	-305.6238785518198
1672	-308.00761900374056
1673	-303.3469409472933
1674	-303.3168244379795
1675	-304.26035000470665
1676	-301.6604659013506
1677	-302.17667620562696
1678	-302.6115595421709
1679	-298.3859202625236
1680	-311.07225052870535
1681	-308.27561608611376
1682	-302.0654188248368
1683	-307.8898644421557
1684	-306.5859187306355
1685	-307.6832485882299
1686	-307.7812315634909
1687	-302.6046492271838
1688	-309.44742659672266
1689	-308.04125610146497
1690	-298.9964359121964
1691	-311.78268966777904
1692	-302.9630374797246
1693	-301.3634995672136
1694	-301.6397797539061
1695	-298.7945048178189
1696	-299.5402190110143
1697	-305.897626692574
1698	-306.0043983940005
1699	-311.46241425845164
1700	-303.9168157590412
1701	-304.7456820641068
1702	-305.44500971437736
1703	-299.31677717703667
1704	-307.99148150090923
1705	-306.7818374747919
1706	-307.34670450553295
1707	-306.42195874216276
1708	-308.9436471327947
1709	-310.3109216001036
1710	-305.9810098266868
1711	-308.6422015362854
1712	-304.1082840534323
1713	-311.5427042912621
1714	-310.6594599171336
1715	-307.01271786948234
1716	-304.1386442517039
1717	-301.3443612299614
1718	-312.3691900212732
1719	-307.5855963982352
1720	-299.0469142853976
1721	-303.1412329435889
1722	-303.4949842477727
1723	-308.4236744151491
1724	-304.6789404048177
1725	-304.5261010373256
1726	-306.1073201507397
1727	-301.61451685552373
1728	-305.11063717564673
1729	-303.9657317794027
1730	-303.2355828822106
1731	-304.6978172988337
1732	-297.722913790632
1733	-306.44750915026043
1734	-304.0171411483301
1735	-312.5773178716
1736	-299.9708226670359
1737	-303.0428206478566
1738	-295.4929361538454
1739	-302.2408069678486
1740	-305.63183647086123
1741	-302.4809528484945
1742	-300.4081626328076
1743	-306.52644172724615
1744	-306.2671747487765
1745	-306.7767557726765
1746	-304.6048452926587
1747	-299.07430946650356
1748	-304.18665432960404
1749	-303.3790662841462
1750	-297.36181825745166
1751	-304.36224679229184
1752	-307.66595388036467
1753	-308.70654837892243
1754	-301.51117466644547
1755	-304.9067524174819
1756	-307.34886432543465
1757	-302.9825707508286
1758	-308.14721127890175
1759	-307.8722800474846
1760	-302.0823076915111
1761	-307.25443750013784
1762	-303.9945499000291
1763	-306.32264603572804
1764	-309.86413808241656
1765	-304.981839815192
1766	-306.2766084836852
1767	-300.9102040730208
1768	-310.0738031069296
1769	-309.6995072599217
1770	-300.1473123098206
1771	-301.7129953839562
1772	-302.3378529491287
1773	-305.668768691192
1774	-301.9046928199359
1775	-299.99242837461236
1776	-299.7242421100957
1777	-305.53387493131976
1778	-305.04310467106495
1779	-308.74853811321293
1780	-299.452264177292
1781	-305.9762341290137
1782	-303.879014640751
1783	-300.4041147217177
1784	-308.1453179580213
1785	-305.1375858270179
1786	-303.7869252512472
1787	-307.7286071138371
1788	-308.23399921990284
1789	-302.1858457596103
1790	-300.83094196704724
1791	-299.8996011376591
1792	-303.5217403596098
1793	-310.04004371733436
1794	-301.7175602082508
1795	-300.88430000000005
1796	-303.607025870467
1797	-302.24975201216023
1798	-300.4381000005669
1799	-302.57046849150015
1800	-304.220464043906
1801	-293.23805222347954
1802	-308.6918029088858
1803	-308.1521147227584
1804	-301.49714473684446
1805	-302.34057346971605
1806	-301.09121806629656
1807	-308.3737981965208
1808	-301.64054178819885
1809	-305.0079547431989
1810	-311.028919138869
1811	-297.8301000000081
1812	-304.819704543818
1813	-304.25176555881694
1814	-303.9878808246567
1815	-301.61664334541405
1816	-301.2494281048662
1817	-296.30736431781463
1818	-302.25240031629403
1819	-309.5502278166784
1820	-302.11695506681235
1821	-302.2932072602164
1822	-307.50486195058454
1823	-305.9207093297404
1824	-305.63139637829465
1825	-300.7183892166171
1826	-306.7267101305546
1827	-303.4123304588898
1828	-300.77216263108164
1829	-307.74855945874685
1830	-302.911824868086
1831	-305.6172172629643
1832	-307.68733484500694
1833	-304.18742526907863
1834	-305.0993275745214
1835	-298.08676035545244
1836	-301.81787875367513
1837	-306.96604543876
1838	-301.76197821656984
1839	-304.40071362235847
1840	-306.18825505280813
1841	-304.72986957867744
1842	-302.9700018244467
1843	-302.10624967355204
1844	-292.6837154358796
1845	-308.3258473260467
1846	-301.52469186187744
1847	-308.3827212149012
1848	-304.93757972212865
1849	-299.1770724461706
1850	-293.7629872225247
1851	-303.1631000000002
1852	-303.0612459043681
1853	-303.22559058623324
1854	-309.52392485314806
1855	-306.653363115317
1856	-296.8075452205633
1857	-304.388060676391
1858	-305.0424437151186
1859	-302.39593204996504
1860	-305.9930280300299
1861	-299.18986523503867
1862	-307.1759768593654
1863	-302.05510410514466
1864	-308.34103047082573
1865	-304.05468795340425
1866	-300.82193311925926
1867	-304.7326693605789
1868	-305.8663599590211
1869	-306.6630283247607
1870	-312.13314619377394
1871	-304.1935274079109
1872	-294.60702827597805
1873	-306.96269121632326
1874	-307.7209439066289
1875	-302.1851650636702
1876	-305.0229776178939
1877	-302.29907431980587
1878	-304.08145543176795
1879	-302.99084397497165
1880	-306.1012699661195
1881	-303.01561420664774
1882	-308.36140939985444
1883	-303.09172893929747
1884	-299.3950698410893
1885	-301.86659426656485
1886	-300.4960861408435
1887	-303.78940542394133
1888	-300.78792700858395
1889	-303.8359384471903
1890	-303.27539685165027
1891	-308.18825707644925
1892	-307.2709027802144
1893	-304.94453779765155
1894	-305.83983836919526
1895	-308.6458452501692
1896	-301.18293409932505
1897	-307.1158106197796
1898	-306.8132349971076
1899	-307.4449093169064
1900	-309.7628763112577
1901	-300.7818555100755
1902	-298.4518838092409
1903	-295.19134720444055
1904	-301.14073219896557
1905	-301.48319194143346
1906	-306.0135732146612
1907	-299.6786510269611
1908	-301.8715499559514
1909	-302.07053943832324
1910	-303.17959582066044
1911	-307.84930340962137
1912	-305.4763637868496
1913	-304.75510005440395
1914	-305.80976999384944
1915	-302.4143822014451
1916	-302.9481609637351
1917	-301.5768019110964
1918	-304.9188516290904
1919	-301.1227779871329
1920	-299.40452953674526
1921	-295.8027637530949
1922	-301.31961281428687
1923	-299.30550015774236
1924	-304.26945685515636
1925	-299.7575806356506
1926	-301.4487698389232
1927	-300.9760288219681
1928	-301.7046435380927
1929	-303.2877702935347
1930	-300.7675883227096
1931	-302.4242550417734
1932	-310.30140087035613
1933	-309.89605859992554
1934	-302.2704263526607
1935	-302.06331571797136
1936	-305.2489821312491
1937	-313.97665516495243
1938	-300.7007728489752
1939	-294.01270250720336
1940	-310.8382404772568
1941	-303.54893292237364
1942	-307.85792427134555
1943	-306.7644126664629
1944	-302.7076586220332
1945	-303.60701856457763
1946	-307.4442935986438
1947	-308.98711842997193
1948	-305.19291560457424
1949	-308.2199591746328
1950	-309.94768634714035
1951	-312.446678966549
1952	-300.1224768473571
1953	-298.27962959583823
1954	-300.6477283644121
1955	-303.22020008864104
1956	-311.1589325347302
1957	-307.8080197720049
1958	-302.8410506403491
1959	-304.4856655059654
1960	-304.3340091570542
1961	-306.11080407097137
1962	-305.30836440633936
1963	-306.7648810498643
1964	-305.71720491436076
1965	-309.9141371740241
1966	-300.983809450499
1967	-298.87523820158316
1968	-302.5541813306301
1969	-300.77136441422294
1970	-301.5676577948178
1971	-294.75246915366296
1972	-304.10521575173425
1973	-300.6698547999203
1974	-306.01742285348735
1975	-309.9032151712141
1976	-308.16755955745566
1977	-307.5692272219813
1978	-301.54191907480794
1979	-301.0020773826116
1980	-308.19930897414105
1981	-301.17669273947945
1982	-300.65583911110866
1983	-305.5442614817283
1984	-300.5661866699669
1985	-308.16576815354534
1986	-302.98586626347003
1987	-298.0417564577761
1988	-305.4642905349628
1989	-312.33399209779105
1990	-309.07312760919064
1991	-308.1352728329006
1992	-299.4878194568055
1993	-310.3418954392581
1994	-310.56915543275875
1995	-308.77063155352533
1996	-310.1416530072406
1997	-303.3863281820271
1998	-305.359201330065
1999	-305.21589972481166
2000	-305.301166610093
2001	-312.93315821439376
2002	-304.9144496435019
2003	-307.90587661455936
2004	-305.0783605077519
2005	-304.31101736662515
2006	-301.3537627552813
2007	-304.0710388335841
2008	-307.86585389205175
2009	-306.4482569588663
2010	-307.9559891173786
2011	-305.1070778867977
2012	-304.89493725682917
2013	-308.2075226417337
2014	-312.04024601750933
2015	-305.82849322578795
2016	-309.0489417274304
2017	-306.2279612990438
2018	-302.53875460759986
2019	-306.95238929658666
2020	-300.0672327893782
2021	-296.4659409338988
2022	-306.88956383969503
2023	-302.6372176052936
2024	-307.4203918657471
2025	-309.9326047236227
2026	-308.20677117380154
2027	-304.144210077167
2028	-305.2937983704027
2029	-305.1414679412553
2030	-309.8556575737148
2031	-308.12833942132613
2032	-311.7260736572743
2033	-304.31963000706924
2034	-307.28582202619
2035	-305.8046595528869
2036	-302.65915221601284
2037	-307.23393940175686
2038	-306.0651987840886
2039	-308.9356331675021
2040	-310.18831985460673
2041	-307.5752205454932
2042	-306.8541948760171
2043	-307.57067650189856
2044	-309.60681915196295
2045	-301.5700292079641
2046	-307.88998863910217
2047	-300.68611897616483
2048	-312.1486187174749
2049	-303.8342315256309
2050	-306.36976798888924
2051	-307.13519390253975
2052	-304.593237262471
2053	-303.8659299325809
2054	-299.0712255362811
2055	-309.0802181611899
2056	-293.8162505428142
2057	-298.6133828612322
2058	-300.27248671800817
2059	-300.6826568045712
2060	-306.7744940027146
2061	-304.65319346545317
2062	-306.2547815683053
2063	-308.41258770647937
2064	-307.40193845852565
2065	-307.6353482947768
2066	-303.04503256431195
2067	-300.77412649116854
2068	-310.36105765906234
2069	-304.25280098422553
2070	-304.3073629654945
2071	-309.97441940393037
2072	-309.85815207984155
2073	-302.85693013368996
2074	-306.0683188364289
2075	-313.1708565504721
2076	-299.33195727828075
2077	-306.0256916396413
2078	-307.66627497563275
2079	-301.85560218200516
2080	-297.94926706305654
2081	-301.46867440655546
2082	-299.719450738421
2083	-297.6512156398208
2084	-300.1253580842155
2085	-304.0825499816548
2086	-303.7925299231097
2087	-307.3049597087741
2088	-305.09893139690485
2089	-302.9648050544988
2090	-294.63154086647535
2091	-295.71296863186234
2092	-303.0220155014966
2093	-304.945431571799
2094	-300.9771615539614
2095	-308.13892025804427
2096	-302.3955184424223
2097	-308.8103509546368
2098	-305.6759651527801
2099	-300.80017943860696
2100	-296.8995907171436
2101	-304.41301164512714
2102	-304.34276228695154
2103	-303.051164122818
2104	-302.01792250245387
2105	-308.98976105362226
2106	-307.71115080920976
2107	-304.29530192733205
2108	-300.05139266303894
2109	-301.9845051020825
2110	-311.26762804593363
2111	-305.5785674114501
2112	-301.0276436294566
2113	-305.50053750503537
2114	-307.4247700575415
2115	-304.5406112321159
2116	-307.0381268274692
2117	-308.4220084258627
2118	-307.52527735940913
2119	-304.8589882713627
2120	-303.91097388864335
2121	-302.9082458386572
2122	-303.5864760369366
2123	-306.518580119386
2124	-304.0697211740528
2125	-300.8790667126628
2126	-303.3852205414149
2127	-299.5762401259475
2128	-301.2812000103923
2129	-301.52308053104764
2130	-306.32070298623626
2131	-310.4416984819059
2132	-308.29876178084464
2133	-309.15842787720055
2134	-300.85538193279257
2135	-306.70708112786417
2136	-305.54405314866426
2137	-302.59180754176697
2138	-302.5225625278259
2139	-305.9471477192422
2140	-304.0830675743554
2141	-299.77166687179096
2142	-302.0141662990671
2143	-300.4597223662147
2144	-308.35494557793396
2145	-307.44031095333514
2146	-301.4947010135035
2147	-304.02263593812245
2148	-305.85759100919466
2149	-312.1165720300397
2150	-301.491025874955
2151	-312.0335201746079
2152	-302.07276732312437
2153	-305.43831713408684
2154	-299.8517235303067
2155	-303.11151296709113
2156	-309.50322168789603
2157	-301.94264278851824
2158	-302.2238479492322
2159	-304.5901650227054
2160	-302.45048924225785
2161	-300.4817201144685
2162	-295.4674191452477
2163	-299.798774814089
2164	-307.1491173536194
2165	-292.80672889557354
2166	-308.04930952478725
2167	-299.58788468070463
2168	-301.51020000036067
2169	-304.4856310456348
2170	-304.10258670814596
2171	-304.2696098639291
2172	-306.75436626529495
2173	-302.5284539012035
2174	-299.864
2175	-302.4668386170688
2176	-301.74996341029583
2177	-298.9708698205722
2178	-306.2907140581599
2179	-301.07763712800727
2180	-302.24639674256343
2181	-304.8359650227491
2182	-300.0567237685186
2183	-300.99168032788424
2184	-303.00419999999997
2185	-297.96534745205156
2186	-303.5731898179456
2187	-303.4172223091853
2188	-306.28836918112125
2189	-306.0106188588208
2190	-310.782011897415
2191	-306.12555442089905
2192	-298.3943890504422
2193	-299.76253104674055
2194	-299.7973861420574
2195	-302.21857708471356
2196	-306.81697092003725
2197	-305.8702133503974
2198	-302.6518064798751
2199	-298.4680579898759
2200	-296.94969727948325
2201	-304.52457902794777
2202	-302.1780858263796
2203	-300.8207019308782
2204	-305.2239279739559
2205	-300.09204837782545
2206	-308.1409409778911
2207	-304.87754411314216
2208	-300.78160514449286
2209	-298.13688582861914
2210	-305.5488551028755
2211	-303.7499899032633
2212	-303.60355351325654
2213	-304.0942760106237
2214	-303.278981186991
2215	-306.2641645110017
2216	-306.8119130258333
2217	-301.0679154527925
2218	-304.2486069241497
2219	-304.2436586241914
2220	-299.98801086705726
2221	-303.9492348255245
2222	-298.3627954784593
2223	-297.1274061125061
2224	-300.5061871952748
2225	-301.75204857901184
2226	-303.5548576319272
2227	-306.5358663412467
2228	-306.33555827102106
2229	-305.5099954771688
2230	-303.0957292432455
2231	-305.8956818769998
2232	-301.4147901724796
2233	-299.30775589254273
2234	-305.4495079276251
2235	-298.06702742990666
2236	-297.49995478556394
2237	-292.6522619380133
2238	-309.3217383988272
2239	-298.9984521118782
2240	-296.42143943613297
2241	-303.5954237042323
2242	-302.1951904060653
2243	-301.0393871529836
2244	-301.0689219504381
2245	-299.0398695795745
2246	-305.9723409698294
2247	-300.54078703149764
2248	-297.54232035138585
2249	-302.84520001406673
2250	-303.24196071579325
2251	-309.66976179586976
2252	-306.6402510126962
2253	-303.13550051942343
2254	-304.40953385406885
2255	-301.53537778352216
2256	-306.26726925911635
2257	-309.56652338539186
2258	-308.3595840545581
2259	-306.52136263388775
2260	-304.292271505627
2261	-301.5502987008084
2262	-304.7494551428766
2263	-301.72573302441725
2264	-302.57325799379356
2265	-300.082243714057
2266	-296.042089893366
2267	-303.4844191968974
2268	-299.9164163913016
2269	-303.92851746668896
2270	-306.8512193934286
2271	-299.36097836521805
2272	-302.9823728946466
2273	-299.4920011937879
2274	-296.2511071950896
2275	-301.40469358661875
2276	-298.9311813017565
2277	-298.99449827164665
2278	-304.8267843445377
2279	-302.48215020209057
2280	-296.83270541014303
2281	-302.30755513181606
2282	-296.73666540261047
2283	-303.0612537600259
2284	-301.9685007153048
2285	-301.97060909449624
2286	-300.81239702437676
2287	-309.6610807752612
2288	-308.4387097624124
2289	-304.73506647123315
2290	-301.743583120499
2291	-303.9035040768207
2292	-302.4727392965092
2293	-301.0951501882219
2294	-309.66759281875295
2295	-307.0230301455007
2296	-305.7851815712349
2297	-309.64648890787817
2298	-305.1878282891687
2299	-298.34272159629677
2300	-303.90351865149654
2301	-302.4966974200364
2302	-305.0992162522405
2303	-302.8200297083326
2304	-300.5110038891067
2305	-297.7812058526092
2306	-308.74489918791306
2307	-298.9805996562382
2308	-305.92250748369725
2309	-307.2359747519163
2310	-311.1265639900935
2311	-299.65644840760154
2312	-301.5043733221
2313	-301.4862860450412
2314	-302.45313094169614
2315	-300.2505293915266
2316	-304.14177066331774
2317	-303.1396884038306
2318	-305.4061481742342
2319	-302.49862367909293
2320	-299.88064000164246
2321	-307.69152125953354
2322	-297.2643535195949
2323	-302.9045339872422
2324	-303.88890978478895
2325	-305.7075011864755
2326	-301.271960017384
2327	-302.2297444237813
2328	-299.45181904360606
2329	-299.929189339084
2330	-299.26321880282757
2331	-302.5921067729947
2332	-309.7560008957878
2333	-304.51520019894735
2334	-303.1770154325868
2335	-304.5008956173232
2336	-302.81511651911734
2337	-304.31435716704755
2338	-301.78352648988385
2339	-302.6006671424874
2340	-305.95366248524397
2341	-301.83670549909993
2342	-305.43181383085874
2343	-298.0960836009998
2344	-299.3702573319566
2345	-306.2096924219985
2346	-301.44417633124283
2347	-309.0264280607923
2348	-303.2572237931419
2349	-305.1301348793757
2350	-300.80381904033715
2351	-304.53389923686296
2352	-304.7949040301734
2353	-303.5733554470472
2354	-304.80906311784764
2355	-305.5305284980081
2356	-304.4804694810722
2357	-309.2903759785517
2358	-304.4827860930038
2359	-303.1054345554662
2360	-305.56140079930753
2361	-305.0167423069124
2362	-302.93852848167575
2363	-304.9494195660058
2364	-301.5444748165246
2365	-302.42554740144396
2366	-307.0219144637686
2367	-300.55304261441665
2368	-307.3945518700049
2369	-303.2385954202955
2370	-306.4281239144621
2371	-300.76283936356924
2372	-306.46856348190283
2373	-305.817367137989
2374	-303.7993802779369
2375	-310.2261856725031
2376	-308.4647592017137
2377	-300.4866
2378	-304.7917611241125
2379	-307.37596852528094
2380	-302.6506843042364
2381	-305.1723299401677
2382	-303.22676457069537
2383	-297.0572591371752
2384	-308.7445032624667
2385	-307.60485996001995
2386	-302.21358519075096
2387	-310.33191625221315
2388	-301.9507543723428
2389	-301.8098482840019
2390	-297.6633247149606
2391	-301.81338952185445
2392	-305.25669321407
2393	-298.26147847256465
2394	-303.69997028414923
2395	-294.4403963312347
2396	-301.6196381536009
2397	-305.90841177058496
2398	-298.00207891964305
2399	-303.7500245312667
2400	-298.6524549966468
2401	-308.0718696021794
2402	-303.83458965987234
2403	-303.229208659786
2404	-305.79179862694673
2405	-307.8774197526691
2406	-306.39475705485
2407	-302.6101785834499
2408	-308.2818499730901
2409	-302.8858580813371
2410	-312.43610869362766
2411	-307.011021292798
2412	-306.6100568958845
2413	-310.9642353882279
2414	-305.0733
2415	-302.9004357061949
2416	-305.32275533804784
2417	-306.7790271719658
2418	-303.62429484691546
2419	-303.6535134269359
2420	-297.1916556411794
2421	-305.12061154253166
2422	-304.1231724930803
2423	-299.3280205900407
2424	-300.55721445716165
2425	-306.6730952541996
2426	-301.22741189110417
2427	-297.814947462602
2428	-298.7881975295204
2429	-298.2584633919122
2430	-301.08213281415647
2431	-301.72475121697147
2432	-297.39156101078015
2433	-305.4670581774661
2434	-297.29253229386586
2435	-303.09761935583174
2436	-306.23395532773634
2437	-309.28767416495515
2438	-305.6614406288497
2439	-304.9146295602217
2440	-306.0025491587457
2441	-303.5278103156809
2442	-300.75998166376235
2443	-309.1466147066967
2444	-307.2011039575756
2445	-303.9648690738825
2446	-305.5912905721403
2447	-303.01392307714957
2448	-303.6459911309148
2449	-304.85918115704544
2450	-298.55570663240877
2451	-304.71785447851727
2452	-306.4132452889469
2453	-300.2394
2454	-301.2874936146176
2455	-303.19743146608914
2456	-302.28388043946603
2457	-301.4865000000145
2458	-307.16809431371126
2459	-299.0052685167821
2460	-303.2575000000001
2461	-300.8552128377373
2462	-307.8368427855412
2463	-304.0820582109128
2464	-303.83499010692736
2465	-308.99721478707767
2466	-298.91488614122306
2467	-303.6479842157863
2468	-306.8764661067112
2469	-304.9979059092272
2470	-303.1362136951895
2471	-308.16225598819204
2472	-307.63974131230003
2473	-304.89674633662145
2474	-311.5538671396138
2475	-306.7605302833736
2476	-302.6893001017828
2477	-307.51591038242987
2478	-308.6236390520504
2479	-300.3933314539773
2480	-297.62584767234637
2481	-298.08313458535105
2482	-302.65232962190595
2483	-302.1935225124043
2484	-308.5321434707645
2485	-309.0094714206197
2486	-312.3659642728916
2487	-307.03374291372427
2488	-307.4290167488749
2489	-304.0642881698155
2490	-309.152320808611
2491	-303.35690001112096
2492	-303.25902943100533
2493	-308.0402828645565
2494	-302.42280900823044
2495	-308.7731328969523
2496	-298.7256858474066
2497	-309.20620631211887
2498	-301.63396557969406
2499	-302.0493854848725
2500	-297.15810068943875
