1	-304.88745503461115
2	-301.3348382236893
3	-305.5173417202613
4	-298.9141348710852
5	-302.78625174531055
6	-304.3384961052958
7	-304.19580128815824
8	-298.2494823298869
9	-307.07589419635974
10	-304.78062504632334
11	-304.85571415498583
12	-300.39760444688477
13	-298.6742840665417
14	-305.8873375888339
15	-305.72201179793996
16	-300.8773520049165
17	-308.78351522633426
18	-303.2141000087289
19	-299.03333429850716
20	-304.67228261111416
21	-303.77861725699205
22	-301.71596718652347
23	-306.69352667105034
24	-304.9606814188645
25	-302.95316074485277
26	-301.31936283249615
27	-300.3053675669065
28	-304.72909514943746
29	-298.0143521589575
30	-304.7418171556895
31	-307.21212434970187
32	-301.72667692426813
33	-302.969411503994
34	-305.67326527730955
35	-302.52469619326683
36	-307.07767208446455
37	-306.1636287904753
38	-298.95181554316974
39	-296.29041814155124
40	-301.1351145072142
41	-295.1528280489686
42	-299.76456706530655
43	-297.1047518511827
44	-302.1717800803804
45	-299.82466103306876
46	-302.08305238766206
47	-298.01740749289513
48	-304.20988555967534
49	-303.79354960480055
50	-304.5246823615247
51	-306.8396527349512
52	-305.02852510039895
53	-305.4814978471307
54	-301.6128
55	-304.181950491912
56	-303.39884513116834
57	-301.61038596206043
58	-301.0912000000011
59	-298.67506271132265
60	-302.4147912238156
61	-303.3622710131329
62	-302.06984014218784
63	-302.98424897332933
64	-293.33218559476103
65	-294.9135000130924
66	-303.7519316382321
67	-306.85205194785755
68	-310.36656280334387
69	-305.9029200071329
70	-309.20875629426007
71	-306.8787642235265
72	-301.66620155603607
73	-298.42270000083266
74	-302.2897718221974
75	-299.274109559728
76	-302.4628910190989
77	-310.61959999720136
78	-306.54215792766195
79	-295.3826594445568
80	-304.62464080162954
81	-300.40866593715873
82	-300.6063831246691
83	-302.0902068347461
84	-298.8880133836635
85	-300.5411604437746
86	-298.2556125913689
87	-302.5932828457858
88	-297.86500000000484
89	-300.4607823877897
90	-298.2858200000151
91	-304.4947147871008
92	-302.87440000000004
93	-297.799346724522
94	-301.7295967137974
95	-303.6601684939404
96	-308.03360509473544
97	-305.0471987523767
98	-306.23871477769404
99	-308.4621456021118
100	-304.85898939350375
101	-294.2542995838628
102	-302.72541085761975
103	-307.1133340943346
104	-310.17579312711115
105	-306.4563531574551
106	-303.5214936276405
107	-304.6039194442376
108	-303.9730293028868
109	-304.43897497915555
110	-314.830895346961
111	-305.6770640564206
112	-303.70458319508674
113	-308.70855886146876
114	-305.6042000000026
115	-304.8311720266299
116	-303.88642814944427
117	-305.60702853307475
118	-297.8821904362075
119	-299.38170711242043
120	-305.0899557636453
121	-307.53502318531355
122	-306.88374566274115
123	-308.779228183409
124	-311.982868218297
125	-305.1903007873383
126	-310.7971062797552
127	-304.546833541272
128	-311.7743212357871
129	-310.93061610393517
130	-304.7325387090066
131	-308.0463709190805
132	-303.63279541573775
133	-304.80029144013054
134	-304.49556994661907
135	-303.18352192486213
136	-303.35308247586966
137	-300.4178308961996
138	-302.68197778949815
139	-305.3985939981452
140	-302.36885382861715
141	-306.3081859466445
142	-305.32923642642095
143	-311.2339427064541
144	-304.42042944461167
145	-303.9969655387845
146	-299.3304603308963
147	-301.4581523825665
148	-306.09010435393105
149	-307.7438123290305
150	-301.99856301665835
151	-298.5063691233414
152	-297.90699181646494
153	-294.90298317327756
154	-304.7138099569341
155	-309.5406398728547
156	-309.48143316312775
157	-308.1952467870189
158	-308.3662420296826
159	-308.7361218200426
160	-303.87107019465475
161	-305.27422083816725
162	-313.2366744846525
163	-302.43714725759395
164	-301.71131947294737
165	-310.26733074934043
166	-300.35418643782765
167	-308.403884869527
168	-306.3075299460232
169	-307.00084648384194
170	-297.67503665947015
171	-304.48775836575896
172	-298.84151717085535
173	-304.6837687688035
174	-306.6944642828814
175	-302.15690408132116
176	-301.5464673572506
177	-307.98498107379464
178	-307.3697802886614
179	-297.19824305642135
180	-300.83681179593776
181	-304.44708656923825
182	-306.37206459048
183	-305.99518975466344
184	-302.51910053859353
185	-302.5405567554114
186	-296.6387826692188
187	-296.5878234107052
188	-295.8402387074811
189	-308.00504971796835
190	-305.3821618441842
191	-307.9681340716095
192	-304.1746292730079
193	-308.652120106582
194	-302.39725523575095
195	-302.9767488993211
196	-306.8810334232741
197	-306.48046771447014
198	-303.2521894192315
199	-304.41190374687915
200	-300.2579498746883
201	-301.9239003041296
202	-304.47057204421367
203	-302.23359903639675
204	-301.1151235721907
205	-300.21712340938035
206	-298.658501000852
207	-302.6517630967787
208	-301.91500449791096
209	-306.0536362088176
210	-300.33
211	-304.30535255694366
212	-302.7835939690994
213	-307.6040988384609
214	-305.575697022743
215	-309.4813041589444
216	-310.9493985969388
217	-298.24570240432445
218	-302.97409085496
219	-298.5921643504976
220	-312.81008410415444
221	-307.4804531924075
222	-303.12922578866744
223	-305.72987586279334
224	-305.5852904341088
225	-305.6588023283516
226	-304.3792728018274
227	-301.5411834608147
228	-305.7168831286715
229	-306.4326656711282
230	-305.2088241593505
231	-309.5826140387045
232	-305.45831379462885
233	-307.4623217814534
234	-312.4149463316562
235	-303.164550044688
236	-305.57755120285407
237	-305.4517165139963
238	-310.3123525195852
239	-301.8744100953823
240	-305.6941412867985
241	-299.85788661657745
242	-313.4966839860923
243	-302.6441389100781
244	-307.18786692062935
245	-302.03237080506506
246	-301.7491578853796
247	-308.7946261464179
248	-308.8902174459221
249	-302.7872944805704
250	-312.63684449100555
251	-305.07712713874474
252	-308.5914521055111
253	-306.9826874174412
254	-304.0076692184553
255	-309.4829973390648
256	-307.4372300455397
257	-310.0693732384822
258	-305.68118062529544
259	-310.78984685429947
260	-309.1837985840269
261	-307.5415974577465
262	-309.9635701818672
263	-314.4608680254164
264	-304.56129105009813
265	-303.4206873442338
266	-301.2758320836813
267	-311.77451942614687
268	-302.8861943020602
269	-308.597906125181
270	-308.34642822894125
271	-303.1701363058709
272	-306.4305444310764
273	-302.84530968167957
274	-302.0662780073493
275	-302.03086975332684
276	-306.5628023285311
277	-311.6777475386258
278	-310.8915467772822
279	-310.71612916317304
280	-314.4021715731203
281	-309.5564042858834
282	-306.90910509821
283	-303.87522965982504
284	-298.487750909131
285	-299.8707840799743
286	-302.34343554761085
287	-298.7019785510429
288	-305.4128518826866
289	-304.09296092487523
290	-296.6187678707972
291	-298.2724000257345
292	-304.41786803906444
293	-299.45627685498937
294	-299.8574239601143
295	-302.51872227621755
296	-306.86814897003467
297	-304.71435450103394
298	-305.9686857124362
299	-296.2829000551608
300	-300.9457081019625
301	-305.7395851929357
302	-303.63510288444814
303	-301.09524803241084
304	-294.13519230052253
305	-303.90727590558146
306	-303.9321399532108
307	-301.82330000000513
308	-306.4846476003345
309	-300.32625683348516
310	-304.44053006567964
311	-301.8202830167577
312	-301.4764002962501
313	-309.6389560610594
314	-313.0243033694142
315	-296.37389316047955
316	-303.3179000003492
317	-305.30751715795424
318	-302.4956940693383
319	-303.4551542692808
320	-300.4205551908256
321	-310.27693784902493
322	-308.9275133854695
323	-307.7801326848141
324	-305.8564913561216
325	-297.7042237303576
326	-301.61485790537824
327	-297.2116900034324
328	-305.4585000000022
329	-303.9551074550377
330	-302.0425379452906
331	-305.87932687969925
332	-307.75838900141395
333	-307.5586605298257
334	-309.6678387340992
335	-303.8924539297589
336	-304.5395515842709
337	-303.8927382911954
338	-306.2521844107919
339	-312.4510546035954
340	-303.97518091836764
341	-304.7228718813776
342	-299.0790404349376
343	-299.78967096564566
344	-301.16570369928525
345	-302.4026027534107
346	-301.1988524144661
347	-295.2505
348	-309.1210248449066
349	-300.6190001728108
350	-303.9194862977117
351	-303.06510003284734
352	-305.351077786034
353	-303.60888514906463
354	-307.7028060493989
355	-300.9423209543461
356	-302.80294108705647
357	-308.5608223375339
358	-308.8330588907313
359	-306.50417450039686
360	-305.09410149618867
361	-299.2443447721278
362	-301.73671552352255
363	-306.30755672545394
364	-303.3403183131584
365	-306.24263697638764
366	-302.09376008144653
367	-298.3410676388944
368	-308.9490029380807
369	-306.80914937834814
370	-303.74087213639297
371	-297.591533290395
372	-296.74327275076246
373	-307.0918260314238
374	-297.11343257947743
375	-301.2594615993357
376	-299.13184771577914
377	-298.65113904322516
378	-300.3996161332695
379	-289.7272
380	-297.279779184768
381	-296.77298683080994
382	-310.2603946772938
383	-300.9846904645669
384	-304.79961572826875
385	-299.26881196767977
386	-294.16658394145577
387	-301.0653077025178
388	-309.0530649370902
389	-301.6063718297314
390	-305.05684900432107
391	-302.44437471412385
392	-303.5579552906976
393	-308.8964534386844
394	-307.2122158570956
395	-301.6068765384482
396	-298.5232042516523
397	-309.9749687361939
398	-307.6694353114785
399	-303.41255507920476
400	-305.8172896861191
401	-306.0841255600852
402	-300.95018989998425
403	-313.4176649430657
404	-298.8314000003729
405	-298.5377647733942
406	-302.9076983063299
407	-303.8794788613253
408	-301.25444576080514
409	-301.5445968152766
410	-307.58566168488505
411	-309.0778740553891
412	-302.3897121857082
413	-302.24237952546076
414	-304.5580773026736
415	-307.82594403570045
416	-310.2320257561146
417	-308.88126822584803
418	-307.77098727753304
419	-307.3248242529923
420	-303.05088801335927
421	-308.8557023523923
422	-306.78753150563335
423	-305.48132801686666
424	-305.96109084161924
425	-307.1701672764595
426	-310.72376893579684
427	-310.0243782702509
428	-314.1240944293622
429	-306.44863905848155
430	-306.93278924879917
431	-306.9739785482074
432	-313.23222244042086
433	-301.05997630763306
434	-305.76778349391765
435	-309.2548650687596
436	-307.5516360727886
437	-312.7906972253244
438	-310.42440641935093
439	-311.71088904282476
440	-301.951542476661
441	-301.4185964429265
442	-310.5123957028471
443	-299.6184291569733
444	-301.36947794691
445	-305.49967209590983
446	-309.39702288017065
447	-308.0509955991004
448	-305.79171038627004
449	-306.5447093483852
450	-301.34095605206363
451	-305.6888564337932
452	-304.3033853094551
453	-307.0204029431833
454	-307.38510068498
455	-307.9431270659276
456	-310.9299438604079
457	-305.0559378580578
458	-307.19114563068075
459	-311.1937402165107
460	-312.0467054691702
461	-306.58162920415833
462	-297.77534419237185
463	-304.28602321135105
464	-310.6936944976279
465	-311.23223707874354
466	-305.74672755820933
467	-306.99671141061316
468	-313.49009571444776
469	-306.4691797892098
470	-304.2622413017214
471	-306.9892196186395
472	-304.3719029549863
473	-308.7282048428224
474	-306.48322828911733
475	-305.4211674458132
476	-306.01603119427654
477	-311.9076581584512
478	-314.42605362081616
479	-303.01361256073176
480	-307.6016567724463
481	-309.030639636316
482	-303.3882755843559
483	-309.32874311791085
484	-304.4166191328728
485	-302.96434882886126
486	-308.0470875845856
487	-301.6257405909159
488	-301.5128438447301
489	-309.90693967316724
490	-298.6367505332228
491	-307.08517233220323
492	-302.30627811558173
493	-313.74393772530664
494	-302.1956994610191
495	-311.13429423360907
496	-307.7749362285607
497	-309.14841551667206
498	-308.2733128407912
499	-293.05729619869135
500	-309.39916881659303
501	-305.3458303702033
502	-310.8059365409359
503	-304.90833557389163
504	-308.6877705202359
505	-309.5605847801021
506	-304.4087922814319
507	-304.04286801405215
508	-308.18220130633256
509	-314.46938147386913
510	-309.3994547404751
511	-308.11755170907696
512	-298.1374439201614
513	-305.0080381182485
514	-305.3604050763036
515	-307.6777157305314
516	-302.606400252441
517	-311.75127058861426
518	-308.1536973996786
519	-308.74586009544305
520	-309.9044374410095
521	-309.8596512828037
522	-305.5251790485706
523	-303.1465796064895
524	-305.6169721913131
525	-306.82295693050287
526	-306.9074209423545
527	-305.17091742109204
528	-307.21696807327334
529	-307.1301145711823
530	-300.6140023820695
531	-301.3139600705304
532	-299.12577665864364
533	-314.15850774989855
534	-306.08827224962664
535	-305.25593333299884
536	-311.02813584059214
537	-303.3572617757132
538	-306.2461577548664
539	-299.8921488078095
540	-309.1472708694223
541	-305.7002508167328
542	-299.73052178795785
543	-304.04593551452774
544	-310.03564449299614
545	-301.2674285107834
546	-301.29406931446516
547	-303.9005048895892
548	-302.68853640947236
549	-304.97199303567845
550	-297.11965688534843
551	-302.02235712148854
552	-303.1320225642974
553	-306.2468246624787
554	-301.79235870414635
555	-306.50428841876106
556	-312.5794575745144
557	-304.9220049413007
558	-303.1087677285661
559	-310.2098332555967
560	-304.7648472084562
561	-291.88698577981694
562	-303.950078092435
563	-309.30229906658917
564	-310.5871276300195
565	-309.77990299996594
566	-304.24771146044367
567	-308.9689603443003
568	-302.3774842507291
569	-301.9871811973878
570	-306.9891432884871
571	-300.8207370591227
572	-310.689361796621
573	-314.3942056274088
574	-309.6963090706204
575	-306.1543561162718
576	-312.51218578986567
577	-307.62379241778865
578	-307.3489646430567
579	-310.4400758646527
580	-310.7971038265704
581	-301.800767464541
582	-302.23955886506684
583	-301.7102231247995
584	-305.95657821967416
585	-302.1830749481664
586	-306.16459484370984
587	-300.6787093886067
588	-304.37205487306187
589	-307.6727877048487
590	-301.7954817554531
591	-306.72753855587143
592	-307.64695457809006
593	-305.79252462255715
594	-306.066878140212
595	-301.20203353993935
596	-302.5320130283513
597	-303.53382050441246
598	-300.3137073113542
599	-305.05403790397935
600	-309.22087865337426
601	-306.50301853036643
602	-305.0624694651124
603	-299.53529873359014
604	-305.0703905896436
605	-310.5314540662321
606	-303.95386895053815
607	-305.6082699046187
608	-311.5480303120385
609	-311.2409440358751
610	-304.8426963330782
611	-299.0523801605767
612	-306.3381111366105
613	-307.81504340624446
614	-309.8160762943691
615	-306.60487463866696
616	-304.2962120808085
617	-303.52475523088054
618	-304.2694610329394
619	-301.8666683340814
620	-303.319926347682
621	-300.4662998245264
622	-300.32919789708285
623	-300.8588980072923
624	-302.07425793292316
625	-305.3466725369844
626	-312.6604663479733
627	-304.9948944334882
628	-309.5599495406884
629	-304.1365786552726
630	-309.1945477307943
631	-307.03682577691296
632	-313.7352344632243
633	-310.05610157293603
634	-307.23890588479344
635	-310.0561755470122
636	-312.52631687003446
637	-306.1797748475094
638	-308.1461026698888
639	-310.7738083084339
640	-307.04254240766704
641	-308.6356636178066
642	-308.0582531040956
643	-307.7616149992032
644	-309.65106994694645
645	-302.0408186349354
646	-313.097850009451
647	-311.04712633414806
648	-298.00966640512866
649	-308.2618907445269
650	-299.3823441674328
651	-300.0361446406167
652	-304.328757803696
653	-299.90217887664704
654	-302.34862813778636
655	-300.8359005913394
656	-305.5490281982455
657	-301.0303426512698
658	-307.58255597395504
659	-308.81841801663313
660	-302.98879082195407
661	-306.69413391075057
662	-301.707379597733
663	-308.3558145205773
664	-308.9435233589185
665	-308.78552068478456
666	-304.16627354370416
667	-299.6951327131667
668	-304.06714018909247
669	-306.8554056814205
670	-311.6573971220191
671	-305.51097072467616
672	-304.97723493899525
673	-306.59204690039445
674	-309.08321670008405
675	-308.08051179243904
676	-301.99872617911205
677	-301.09416602772
678	-307.13356973658426
679	-313.66347415893694
680	-304.16342418984806
681	-308.5366337251296
682	-298.89006118548843
683	-309.00141249572965
684	-305.77274439789477
685	-300.7905117341225
686	-301.7794333415049
687	-308.77433185279114
688	-311.3713415049593
689	-299.38416751275247
690	-307.24684418052675
691	-300.66201685649884
692	-309.4196876501165
693	-304.33960882520745
694	-306.51647223963766
695	-303.6885846470223
696	-299.6562286244938
697	-300.20607203821487
698	-303.42454357805315
699	-303.40515952423516
700	-299.9737640898518
701	-309.13476541364514
702	-306.23121372286255
703	-304.81550103770667
704	-309.69596202454323
705	-307.32732829414465
706	-304.5692400386019
707	-304.69013717606487
708	-304.34308551019444
709	-307.8688386256076
710	-306.2520632063733
711	-309.05227699334625
712	-306.84549417382743
713	-309.3158601330047
714	-309.4121881503081
715	-301.4755439165932
716	-308.8546722840525
717	-303.80198187572967
718	-301.85253395754444
719	-303.49120818858296
720	-310.4043771539993
721	-308.7477494830365
722	-306.93113802405753
723	-303.75909728920703
724	-304.70036674864735
725	-307.4604042672569
726	-313.6944741068733
727	-311.40229687506616
728	-304.5801766121414
729	-302.7623946304926
730	-306.8507697394112
731	-304.98540300529504
732	-313.5305273204079
733	-307.2472336405259
734	-301.98038630771674
735	-309.60257832583034
736	-300.9612532751573
737	-307.4701387825261
738	-305.62483078337726
739	-313.67983493350306
740	-299.80873225575107
741	-311.51369222834967
742	-306.1570706068743
743	-296.2777918711093
744	-301.12643430557284
745	-310.8410964084507
746	-304.8570658151476
747	-304.7555132960266
748	-308.11134822130646
749	-303.91205140474585
750	-298.9697173191895
751	-306.08517267337857
752	-311.50359300989754
753	-305.73291149747587
754	-302.9042343455869
755	-301.1483881613241
756	-308.47233529040534
757	-310.4779383079545
758	-306.54839748088386
759	-303.9729399515076
760	-309.09839609081075
761	-302.6276277492387
762	-301.7488371004054
763	-305.1706020128877
764	-304.40805613991
765	-305.3144188169291
766	-300.92284678374074
767	-302.90602538352147
768	-300.66305149748973
769	-302.7644178856996
770	-306.15505073107465
771	-300.374111372634
772	-305.3339690134243
773	-308.74307359082206
774	-298.71656568301677
775	-307.5533747224651
776	-300.32762461680295
777	-309.99789392265836
778	-298.36653526023184
779	-306.38317161039
780	-312.85887857182325
781	-308.3917403050494
782	-309.177012026588
783	-303.61890089883104
784	-303.3324587101415
785	-306.1962486772101
786	-300.0660661893657
787	-304.17238851388396
788	-306.1139858419342
789	-297.5388250200685
790	-307.3575859081728
791	-310.0388525703189
792	-305.90194594136693
793	-305.14575343926987
794	-308.44176120761887
795	-304.6619943493456
796	-300.14747651735047
797	-312.65784511815406
798	-298.7391916135638
799	-309.21766869672314
800	-309.24412249425535
801	-306.27674662224075
802	-309.53744756048906
803	-306.3622599744045
804	-302.99223128375075
805	-307.18796588094654
806	-303.1476900723937
807	-308.69960292295
808	-300.61210235239673
809	-302.36485635802256
810	-301.11410150338355
811	-303.1244978830391
812	-309.52701018992445
813	-309.1242119838391
814	-305.046467717789
815	-303.560159079792
816	-312.74881545571407
817	-305.26795202660884
818	-308.02084342704484
819	-302.01770059264385
820	-306.61354403736203
821	-303.41535633830034
822	-305.24539129210854
823	-304.6349946851424
824	-308.00303214430687
825	-310.5831717897111
826	-304.37540191326786
827	-310.2370110566638
828	-303.8708867835042
829	-306.2437851032442
830	-306.00770344392527
831	-304.13850201791814
832	-306.48320963374
833	-306.8275865009
834	-310.5603910205682
835	-306.64100385391055
836	-299.05606231627684
837	-301.10729684480475
838	-297.82631870837184
839	-310.16268465908416
840	-303.7944935948558
841	-305.0821771154139
842	-307.0159389191629
843	-301.3757761066778
844	-306.2758470411165
845	-307.12851612107005
846	-302.33321447669204
847	-302.3039599807762
848	-306.60039579662504
849	-301.2096867031739
850	-310.3706549568965
851	-304.55966205176696
852	-307.7149743320424
853	-304.81167736922924
854	-308.0803647287804
855	-308.7335300402139
856	-306.8040974391262
857	-308.06598409541675
858	-309.5193333281169
859	-308.3176947018331
860	-311.7848570705234
861	-310.81177672962315
862	-309.6392244664667
863	-312.02529705161504
864	-304.97475068290265
865	-305.7678056693409
866	-299.43650389535134
867	-312.32609672530936
868	-302.17275030820196
869	-304.19990825348435
870	-301.5551466300131
871	-295.52217096250115
872	-306.8514526176256
873	-307.5289456462845
874	-295.26916192473783
875	-304.9244403019527
876	-297.7274130618977
877	-306.4814482922032
878	-303.6108756554335
879	-311.84121400659257
880	-311.9078916810434
881	-306.33457889249723
882	-310.2655758668965
883	-306.9174153868865
884	-308.85493182581655
885	-307.52914476314396
886	-304.66386492631335
887	-306.2600395748679
888	-307.52908501235123
889	-311.87461330528856
890	-300.4446033728091
891	-306.17750793445356
892	-310.42611007336325
893	-308.15993696328434
894	-304.9866488498958
895	-305.3559234359627
896	-306.44689910650834
897	-314.68803833694034
898	-310.41548283060115
899	-312.42790841039795
900	-307.5750685790657
901	-311.43430888901406
902	-306.66703343931965
903	-302.64410477903175
904	-306.37206531373624
905	-308.0224113248606
906	-302.95867589532105
907	-307.70617772600826
908	-307.5814319823647
909	-307.3593628782117
910	-309.6235435082999
911	-311.4790339858402
912	-301.97428986731137
913	-307.7572665568783
914	-303.57190649574267
915	-298.25269475622093
916	-307.4920171477859
917	-303.9335093323507
918	-307.3707032490091
919	-304.6359295229381
920	-305.56161931761415
921	-301.14808201107087
922	-307.0802156509011
923	-298.2113831873769
924	-303.92465832511357
925	-305.61996111334963
926	-306.7616695800929
927	-297.10928963411214
928	-300.6645095443267
929	-306.03680660176514
930	-308.65681689817615
931	-306.46967021251623
932	-303.28993930429857
933	-304.10645745992446
934	-308.9673642187619
935	-305.45329776334296
936	-304.523145534148
937	-309.16765069166405
938	-303.70109313919335
939	-303.30187496279615
940	-304.7541543992486
941	-306.088121120057
942	-303.65522840437677
943	-296.31309096612745
944	-301.4557617206766
945	-307.6745484537591
946	-306.8298568517535
947	-304.19802363575246
948	-309.62860536208296
949	-304.3925601749196
950	-304.16641063492455
951	-302.39718457811887
952	-309.83761591229256
953	-303.7991053275664
954	-307.31785565414333
955	-307.21119866057353
956	-302.7663526571431
957	-299.37303209859334
958	-307.22882175915964
959	-306.4015173552927
960	-311.3725488760331
961	-305.85285194608053
962	-305.99022057008864
963	-305.2087043565886
964	-310.45923174514326
965	-303.736553409684
966	-306.94831143443884
967	-306.16285531065824
968	-314.50503238073185
969	-305.66668392426067
970	-307.85241323095164
971	-307.20592098013094
972	-309.4571227838868
973	-297.8604648900189
974	-309.6699151636008
975	-302.5017447202977
976	-310.29860226119797
977	-302.3006610956687
978	-304.28705785342754
979	-303.8954662721476
980	-298.3551689094748
981	-306.3372030583388
982	-305.55554395994466
983	-305.2091263596232
984	-306.15914275760946
985	-300.9475149210229
986	-304.7152447670526
987	-300.38932642724416
988	-302.5618806104383
989	-296.1178918006774
990	-303.1649262356008
991	-308.13896390608517
992	-312.2039601646193
993	-310.64553486713106
994	-305.23149340457974
995	-310.24428841718037
996	-305.20964425730403
997	-302.67772628612056
998	-308.0026849925627
999	-301.3980889997521
1000	-300.16136513066317
1001	-300.86142749440916
1002	-303.6603680018196
1003	-302.91637356218075
1004	-305.1423752289719
1005	-299.8699952733641
1006	-305.1807040709918
1007	-303.70385901587423
1008	-309.5793281408734
1009	-309.02058583319223
1010	-311.6753770351305
1011	-306.644092459191
1012	-304.9165769842354
1013	-310.254140951586
1014	-311.9145470727087
1015	-307.76516842876765
1016	-309.9209198308026
1017	-303.6175052734872
1018	-301.5594086618156
1019	-306.1720777688733
1020	-306.83909060571233
1021	-302.3636230132562
1022	-297.9109942680308
1023	-300.86181078075566
1024	-307.34849687491203
1025	-309.9275361045597
1026	-306.08987137812795
1027	-305.4780578402122
1028	-303.15536599563393
1029	-302.8998666488166
1030	-292.99611016697696
1031	-304.6176570331375
1032	-303.88852539122536
1033	-299.48863953097026
1034	-308.0502657606586
1035	-297.6310836621395
1036	-302.84728612526766
1037	-300.2653820541826
1038	-306.44242617530625
1039	-303.78940447000866
1040	-294.17095449344436
1041	-298.01064645629816
1042	-299.48258926956873
1043	-306.3087072969928
1044	-298.86997339880725
1045	-305.41401470739555
1046	-304.36460769232735
1047	-301.03502710459844
1048	-306.7037316203601
1049	-307.39812379599186
1050	-307.91383310004204
1051	-310.5396840799391
1052	-304.7993809513804
1053	-302.7772578023483
1054	-304.04340051997735
1055	-301.28542130678017
1056	-307.4746042819304
1057	-307.7938916491236
1058	-307.4488194645439
1059	-306.5580633506811
1060	-300.6742781542949
1061	-306.04005660532664
1062	-307.4115154072222
1063	-307.5962584623976
1064	-311.7707894554345
1065	-310.4774037111012
1066	-308.61785834026693
1067	-298.32353045613087
1068	-306.94619768310895
1069	-306.63339091261525
1070	-313.7867046994235
1071	-310.22359614911227
1072	-304.3693347875648
1073	-300.8033451815283
1074	-308.97809134733853
1075	-308.0177397752137
1076	-311.76494908435063
1077	-308.812109315849
1078	-313.65316878045525
1079	-309.15724375486366
1080	-306.0581884656696
1081	-304.47246408832467
1082	-299.4183068475048
1083	-312.18050117070885
1084	-304.0773317031278
1085	-307.8781734611242
1086	-304.09293059347294
1087	-304.50659880196855
1088	-298.5245663171551
1089	-311.2829870950978
1090	-312.74091491538724
1091	-311.51414355814546
1092	-309.5898179507553
1093	-303.6984385190418
1094	-310.58691754873524
1095	-312.7321159439433
1096	-305.96669581783965
1097	-312.107518544959
1098	-309.1753807749843
1099	-306.480196650563
1100	-309.1096171031958
1101	-304.65087503395813
1102	-312.36377054769395
1103	-308.7400161235057
1104	-309.5798897862242
1105	-312.1151247707545
1106	-313.35013597652613
1107	-311.0747629498861
1108	-313.6749306454077
1109	-299.1443472448499
1110	-308.11134884693274
1111	-305.7355863280372
1112	-306.34477675332164
1113	-302.92102003116213
1114	-300.7602887772954
1115	-312.22615762625367
1116	-301.6559674795053
1117	-309.0878156809588
1118	-307.88163427566684
1119	-302.50426524677835
1120	-305.20553883637655
1121	-301.5696333130041
1122	-300.5902375899295
1123	-305.69246985423905
1124	-309.40253020728875
1125	-302.750853088335
1126	-311.8373955458228
1127	-309.3465379186511
1128	-305.0930577769767
1129	-304.35251230162896
1130	-309.81901961139476
1131	-307.88106994782544
1132	-306.36072683302604
1133	-303.34473466058165
1134	-304.5852534535204
1135	-304.572268110283
1136	-305.6060979744662
1137	-309.1213646346083
1138	-303.0271301175205
1139	-303.25448781979026
1140	-300.28915200449313
1141	-305.76536947035436
1142	-309.1207048725085
1143	-307.877109251214
1144	-307.2254452101605
1145	-301.4821978660002
1146	-306.2965471536795
1147	-307.4813415070274
1148	-307.017240763256
1149	-312.94716773449323
1150	-311.15040862577297
1151	-302.51768683942106
1152	-298.982426563822
1153	-300.6343092583589
1154	-304.7561301551952
1155	-301.155783440537
1156	-315.1151766937825
1157	-298.13025503766687
1158	-302.31097824955367
1159	-305.8151645897077
1160	-306.9287303198724
1161	-307.04010531750606
1162	-310.40120314920125
1163	-311.55232692917536
1164	-304.33782122629265
1165	-309.6970393305502
1166	-304.6804413274025
1167	-310.8232588395058
1168	-302.5681
1169	-305.298101486431
1170	-301.43121391803487
1171	-300.13753134805796
1172	-304.7106354983823
1173	-300.6978595695386
1174	-305.7391865928795
1175	-303.65178446191044
1176	-307.80299014018027
1177	-302.9757092431938
1178	-301.7929571911781
1179	-309.230481644117
1180	-299.97800000000007
1181	-304.87412586759746
1182	-304.4190881427304
1183	-302.19580843746877
1184	-299.6519093575535
1185	-304.2059016710392
1186	-311.0091296751063
1187	-301.5869133149725
1188	-306.07110805337174
1189	-306.7173517371512
1190	-312.87498842938794
1191	-301.8357449108517
1192	-304.2192520274588
1193	-302.84875471103
1194	-306.8825484080494
1195	-303.24356197132585
1196	-307.0023411933848
1197	-304.7310365110969
1198	-313.7201822353103
1199	-306.84851083771287
1200	-307.8387848692486
1201	-307.0583257151429
1202	-307.6874936464495
1203	-306.48551729486593
1204	-307.6831979882037
1205	-306.7576018946804
1206	-304.65022803496845
1207	-300.2352488889469
1208	-307.95623115461757
1209	-306.4678971520771
1210	-300.3643714991943
1211	-306.15226443172634
1212	-297.6335855660165
1213	-303.7394560098113
1214	-308.7416612308896
1215	-306.27282373215445
1216	-306.8716815623226
1217	-304.7842640411826
1218	-303.5494663584275
1219	-303.3816608019115
1220	-305.71277348421216
1221	-310.86681048495905
1222	-298.5496039900115
1223	-305.3674889101023
1224	-307.5358449727089
1225	-302.5212776753177
1226	-301.5762466195457
1227	-303.17001270711734
1228	-296.36143906416044
1229	-300.63676032036335
1230	-301.1002868263418
1231	-304.0931728688011
1232	-302.81513240705976
1233	-301.0944283195335
1234	-300.5386000143375
1235	-301.05210003049075
1236	-302.0030224899474
1237	-305.8056753208486
1238	-296.35951304553765
1239	-299.30619143065655
1240	-300.8015682092672
1241	-305.25538129320375
1242	-309.48327090157005
1243	-301.69021989044626
1244	-300.87198203480136
1245	-300.470347239035
1246	-305.899701959904
1247	-309.6306332348523
1248	-304.6936482859136
1249	-299.34449294420966
1250	-310.70723506811726
1251	-311.2051342997151
1252	-303.92263208218174
1253	-308.1307551978738
1254	-307.1849112900084
1255	-307.5339188442964
1256	-309.4557017728327
1257	-306.7106871032904
1258	-308.62694210702944
1259	-302.74060144221534
1260	-309.6157004150752
1261	-308.46196478918034
1262	-302.72306874172824
1263	-295.3729258845253
1264	-306.1485430811191
1265	-306.4115154350338
1266	-309.1427668910829
1267	-306.9027360525616
1268	-307.893401527652
1269	-308.9782776893828
1270	-309.198957955701
1271	-309.39548420817874
1272	-305.6548116605836
1273	-304.16688083433297
1274	-300.53234325868976
1275	-304.72721483884465
1276	-303.71166944977756
1277	-307.2964945288511
1278	-300.45072795285137
1279	-307.97257564146963
1280	-302.17269342519467
1281	-302.69050000248114
1282	-304.29466795531823
1283	-304.73300202929363
1284	-297.8095363440964
1285	-307.10738509998384
1286	-306.31484618198755
1287	-299.67681748978293
1288	-307.22662724943143
1289	-302.4193948280221
1290	-301.480978995718
1291	-295.9323903396186
1292	-306.6791282575911
1293	-296.6248419500873
1294	-299.8351610984412
1295	-306.5738768408658
1296	-304.0192959554272
1297	-307.5345007019594
1298	-301.8497858627107
1299	-295.8877421985129
1300	-303.24362623947775
1301	-298.308365920194
1302	-298.0036763655127
1303	-306.1263309071555
1304	-302.69099743605165
1305	-300.9491269989561
1306	-307.6334684873027
1307	-306.43157842106046
1308	-308.0129476570594
1309	-309.39511337812274
1310	-302.08007478276994
1311	-298.8023068594256
1312	-303.9524564608062
1313	-304.567694908746
1314	-306.6284301588974
1315	-299.6528775548861
1316	-309.52065246120264
1317	-309.20662615656266
1318	-303.82135361608016
1319	-305.5157353089628
1320	-302.8250668935107
1321	-308.06644434379496
1322	-304.40218198044715
1323	-301.04950480022416
1324	-303.75389867316414
1325	-304.6339504763955
1326	-301.92817781382246
1327	-299.2231742165342
1328	-295.6056430419436
1329	-307.18132698509135
1330	-304.491925554347
1331	-298.4887855042622
1332	-304.7953778976617
1333	-305.14840000062213
1334	-303.46213593712844
1335	-298.6623018368531
1336	-293.9619719030242
1337	-294.77521601398905
1338	-307.0079430387129
1339	-299.6248215822002
1340	-304.95755578623107
1341	-299.6171853868927
1342	-306.15745627595527
1343	-301.33262183172474
1344	-305.0484580536223
1345	-300.77880507990176
1346	-302.4542331611706
1347	-302.4706733458888
1348	-299.392818076683
1349	-305.486991611396
1350	-297.25963773755046
1351	-298.99512986530027
1352	-300.162699627776
1353	-306.4553274104932
1354	-301.9298178292149
1355	-298.7183000000017
1356	-303.8267418168494
1357	-302.2340484889933
1358	-306.03250924184783
1359	-306.27516064709386
1360	-302.89626040956165
1361	-307.5470822419841
1362	-306.8320241499203
1363	-307.3998435375448
1364	-297.8029131446498
1365	-307.6051055218676
1366	-304.7837662772196
1367	-301.61502335576034
1368	-301.03882064295675
1369	-306.6692280013695
1370	-302.833511894388
1371	-301.78767646802214
1372	-304.0201000332266
1373	-304.9274609098367
1374	-302.36770566533653
1375	-304.637746671577
1376	-305.20479985533785
1377	-316.1977111962619
1378	-304.42114338445435
1379	-300.3602947404686
1380	-300.46091873262577
1381	-300.4427236375054
1382	-302.3946466022207
1383	-300.7091322986543
1384	-307.15547891367413
1385	-302.04714096402387
1386	-303.47961879764915
1387	-305.36160588845644
1388	-297.98285708194106
1389	-301.7648236199684
1390	-306.5194492004808
1391	-307.74715481844584
1392	-299.09887254386
1393	-306.4612548491815
1394	-297.7585995658396
1395	-303.8032814556465
1396	-304.9519304394364
1397	-306.0713822774053
1398	-304.00681935237225
1399	-304.85504451627753
1400	-303.76118986253397
1401	-302.35757963589265
1402	-307.08522048510395
1403	-302.77165381597894
1404	-305.5152117744113
1405	-306.8077856460014
1406	-302.26911156285485
1407	-300.695419100561
1408	-306.54881308706706
1409	-304.5899791522653
1410	-298.70310472378674
1411	-302.8915845009814
1412	-302.9342788872703
1413	-300.3484892267077
1414	-300.8011545254922
1415	-306.2776081381554
1416	-302.41518352576804
1417	-298.6609907828413
1418	-300.3841752306686
1419	-301.1314330702677
1420	-307.0637207903744
1421	-301.7121093646469
1422	-302.584603277106
1423	-303.3505389972463
1424	-299.29979373272397
1425	-302.96143564459504
1426	-307.1665064966353
1427	-300.09181794827566
1428	-300.51597432726766
1429	-305.00910192293395
1430	-301.0877001499535
1431	-307.51549572575004
1432	-298.5523337448777
1433	-302.93165706473826
1434	-303.10746154680896
1435	-299.3470127569364
1436	-304.4476075183266
1437	-304.56235799366766
1438	-303.30111576167087
1439	-298.3716727013672
1440	-306.34249795360773
1441	-302.5459720641658
1442	-302.7338948481338
1443	-303.10817168129716
1444	-300.7102142943662
1445	-308.1823998631788
1446	-304.4229151471421
1447	-310.22008901714
1448	-301.6227650210882
1449	-303.0365474804049
1450	-303.4221979871928
1451	-302.2424712781211
1452	-302.4411419776484
1453	-302.20094910682775
1454	-304.17394221220474
1455	-303.75227280435956
1456	-307.9217825235569
1457	-302.388807766874
1458	-302.27918402086016
1459	-304.28643232435996
1460	-306.2113149888158
1461	-307.1468268075819
1462	-298.50955672773097
1463	-307.8806857758996
1464	-302.517317001293
1465	-303.21370182726304
1466	-305.937493516917
1467	-300.85425985810457
1468	-304.8480506592852
1469	-304.90524171444054
1470	-302.6991108338674
1471	-305.1024312699786
1472	-302.4783611181369
1473	-303.02137236285523
1474	-309.75973353239243
1475	-304.90981751687724
1476	-310.0763658672917
1477	-301.75730753222354
1478	-302.30892434242844
1479	-304.57513638099493
1480	-304.4635198464624
1481	-305.5900324121732
1482	-304.13570406886845
1483	-306.0601203814409
1484	-307.50785149248713
1485	-302.2125924675533
1486	-305.2609826927461
1487	-297.7918175015673
1488	-300.3315669489314
1489	-306.67702818720454
1490	-307.3067642180809
1491	-304.37636153562175
1492	-307.7335035319481
1493	-309.571579522594
1494	-299.17405285730376
1495	-304.7934273370458
1496	-303.47365274209056
1497	-305.33822959091555
1498	-299.2735837541907
1499	-304.1200654664554
1500	-303.3616825970353
1501	-308.3966180350714
1502	-304.0762948398953
1503	-311.03072642400133
1504	-302.7192778944929
1505	-303.7222167910172
1506	-299.4495000793702
1507	-299.4157000000007
1508	-304.09019375678633
1509	-308.3441316516784
1510	-305.36187808850707
1511	-300.4671111671517
1512	-306.7519957773606
1513	-306.60340001919883
1514	-301.65474060809237
1515	-304.55778565380297
1516	-301.4950366250362
1517	-309.41909333080116
1518	-303.99106609096185
1519	-306.1156836141378
1520	-302.7978
1521	-304.2366751905301
1522	-297.10638662458325
1523	-301.018663789782
1524	-299.4182230767295
1525	-295.67476527383036
1526	-310.9518091866025
1527	-303.4939060825654
1528	-300.7103296433651
1529	-305.35919503205935
1530	-304.9426782785526
1531	-307.8648155997877
1532	-303.11604272242073
1533	-304.40912949300537
1534	-303.5057431846838
1535	-301.7889279611219
1536	-307.42944534640196
1537	-301.8313401046453
1538	-302.0928872583983
1539	-303.5801053561318
1540	-301.09307780994936
1541	-300.177761318149
1542	-303.75356871834435
1543	-302.2743128252645
1544	-294.9293878263036
1545	-300.95677788667007
1546	-304.4910025811044
1547	-312.6802141811273
1548	-306.3161763750476
1549	-306.27052155199
1550	-297.8927386928781
1551	-297.88678033821253
1552	-305.4228021478482
1553	-306.6497661031782
1554	-305.2104542274995
1555	-308.0653016036087
1556	-308.2728805137866
1557	-303.9071573357872
1558	-301.5169439326654
1559	-297.9073919396802
1560	-295.2145502324003
1561	-301.88770054096784
1562	-299.4514000000003
1563	-301.6850888139116
1564	-304.2908399708349
1565	-301.17011733602004
1566	-304.0537146984072
1567	-302.3342052250692
1568	-306.5248096545518
1569	-299.3576149726396
1570	-303.55666488733704
1571	-312.7979168264122
1572	-297.0482967068933
1573	-309.2962998465579
1574	-303.0850355686006
1575	-306.9777181864901
1576	-298.26032976640323
1577	-299.3460182824117
1578	-306.0824811138909
1579	-305.27562045208407
1580	-306.58318289269215
1581	-298.32046923722646
1582	-311.5511896377737
1583	-309.94931985421925
1584	-300.64777936155497
1585	-301.66668792036046
1586	-303.83307174395856
1587	-307.0114434501391
1588	-303.639977997726
1589	-308.10724057495224
1590	-308.35985108442026
1591	-310.23067105125574
1592	-299.71240565731773
1593	-302.7222924948631
1594	-303.27032492169286
1595	-303.105739296117
1596	-301.26545041909117
1597	-304.87529240975357
1598	-309.016846674905
1599	-307.32202278510005
1600	-308.94400506927724
1601	-310.0689983146449
1602	-306.8816331919322
1603	-301.3824358766447
1604	-301.56285308259316
1605	-312.0452083268994
1606	-302.1033614380363
1607	-306.8417616790241
1608	-304.00162904052496
1609	-312.5109652010452
1610	-302.6462201106507
1611	-310.55045973324576
1612	-305.5380696704514
1613	-308.9819974103403
1614	-305.48681931058326
1615	-303.40427525197845
1616	-307.72766678096355
1617	-311.7794159121651
1618	-303.4946039747292
1619	-310.4570008050738
1620	-301.7364168137178
1621	-304.56319308334713
1622	-308.2824427704754
1623	-307.8394347849424
1624	-306.0089352541717
1625	-303.46474225167714
1626	-305.32110856929285
1627	-300.96032086432666
1628	-305.753449817976
1629	-303.410263532084
1630	-297.7774083118466
1631	-304.7927918315122
1632	-310.44950648027645
1633	-307.4428910448768
1634	-312.18850854694114
1635	-307.94074732622073
1636	-293.0010722802525
1637	-311.6977091954347
1638	-300.95097886762636
1639	-299.961355532921
1640	-304.6774108638465
1641	-303.2724236359897
1642	-304.19563706374385
1643	-306.5362248240388
1644	-304.3379487889337
1645	-308.8502519614115
1646	-303.04793053907775
1647	-310.6666626939706
1648	-304.38946092947884
1649	-309.4086244446461
1650	-310.4885972144401
1651	-305.8118414950756
1652	-308.9805865494822
1653	-300.2143652897925
1654	-305.5576637252848
1655	-306.3184884556361
1656	-318.0235962308818
1657	-306.4020040438676
1658	-301.4021236964275
1659	-305.71567668886735
1660	-304.22675382330624
1661	-303.25723517914577
1662	-305.59234660247387
1663	-301.87261672925786
1664	-307.1778073111736
1665	-308.1529486558357
1666	-309.970288148082
1667	-315.0782924969123
1668	-305.92903331252995
1669	-307.5952907393399
1670	-306.68385380800925
1671	-297.76247498719096
1672	-307.85837034132334
1673	-305.485724358237
1674	-313.20113445358635
1675	-311.6267356352802
1676	-306.4507390035873
1677	-304.3899716792543
1678	-305.3823830260819
1679	-312.8789544916269
1680	-306.3898147973085
1681	-309.5631547396834
1682	-306.28933369478705
1683	-305.78925244269567
1684	-305.80030025650177
1685	-308.2158068383568
1686	-302.3757736286657
1687	-304.9101256844852
1688	-306.25745497508814
1689	-301.0685692254074
1690	-301.1187456899586
1691	-306.690233088615
1692	-308.64870484405265
1693	-304.075765045643
1694	-307.7229155390035
1695	-305.34166309243824
1696	-306.17062405458864
1697	-311.591155043111
1698	-311.26508419176764
1699	-305.4214686666709
1700	-303.45915747370725
1701	-307.64429576619636
1702	-306.31314030017234
1703	-312.6614960526645
1704	-308.88870409492023
1705	-310.4415948887345
1706	-304.8214394576085
1707	-307.7068328858974
1708	-298.25243956703804
1709	-311.26788087331335
1710	-303.43395307322385
1711	-311.3010122370554
1712	-306.86661592425605
1713	-304.17297722867795
1714	-306.24558157889487
1715	-305.03522611641057
1716	-303.9010012144919
1717	-303.8089809666772
1718	-301.8640282957357
1719	-301.1804844980685
1720	-302.2998222352966
1721	-296.46371325324895
1722	-299.27895852256734
1723	-304.1809751771801
1724	-305.4570308580472
1725	-305.36217660967463
1726	-303.67504940078504
1727	-310.6804906575504
1728	-301.81414035524523
1729	-306.039080276941
1730	-304.3431565643477
1731	-309.744680627924
1732	-307.8491788870267
1733	-308.5394361973735
1734	-307.4065364022536
1735	-308.8108205831799
1736	-308.3607104659522
1737	-310.32443861616514
1738	-302.56387423037165
1739	-305.8578498244656
1740	-304.8452249939658
1741	-305.6681352223999
1742	-310.3307960958008
1743	-302.72155785368494
1744	-310.05689298542364
1745	-300.45879380868183
1746	-304.38461921901825
1747	-300.0634171465267
1748	-289.52101549993773
1749	-303.0603786039953
1750	-299.89540829858265
1751	-296.8681059131962
1752	-303.78036919979934
1753	-299.86681424088397
1754	-302.24722682972265
1755	-307.6353487067444
1756	-307.7682296404482
1757	-305.52812866990286
1758	-304.6632008014063
1759	-301.7076934748012
1760	-300.24182800817897
1761	-293.3484361849378
1762	-305.7593031494004
1763	-302.587151719112
1764	-304.5739125521747
1765	-297.2135847936173
1766	-301.6597280038118
1767	-307.9676386180584
1768	-300.80374795223065
1769	-313.3431141078895
1770	-303.6392816641744
1771	-305.0756388356221
1772	-310.21851004260657
1773	-307.9134860748383
1774	-308.0032813430989
1775	-302.9911499967841
1776	-300.1565058129143
1777	-307.78749021166095
1778	-307.53493727767767
1779	-308.45832809471955
1780	-304.4885597975065
1781	-301.7773572542421
1782	-304.99622750234107
1783	-307.1806614008184
1784	-305.2537729231599
1785	-308.1095652670408
1786	-299.24729041727255
1787	-308.9681346674815
1788	-303.7540466307948
1789	-304.8321484514614
1790	-303.474419733464
1791	-305.2454422992394
1792	-303.5528626880397
1793	-311.1173237942916
1794	-313.3855778360732
1795	-305.72977955319925
1796	-299.6752327570353
1797	-304.7183364068239
1798	-309.01780012088784
1799	-299.74045278007475
1800	-306.6070783518103
1801	-302.14294903839817
1802	-308.0745019387712
1803	-302.6922173421526
1804	-297.34447911698607
1805	-308.9920525130972
1806	-307.3167666037393
1807	-299.38442081737173
1808	-298.4043891124526
1809	-303.55839731298556
1810	-305.206838226817
1811	-307.2839300725285
1812	-305.7430673856482
1813	-300.7986806851734
1814	-310.85803229137065
1815	-300.4011702442029
1816	-304.33549416941764
1817	-310.3088477673287
1818	-305.96604954214234
1819	-308.82274659308075
1820	-296.30571847189947
1821	-306.1321359955165
1822	-305.6327304899873
1823	-296.37038145051633
1824	-301.3435678871416
1825	-302.0174770168391
1826	-300.00972643803914
1827	-304.320649080114
1828	-297.64787391389615
1829	-300.98903825754945
1830	-305.88296050525116
1831	-309.42947414983644
1832	-301.8700236503209
1833	-303.7855912635091
1834	-307.5872795195048
1835	-305.74972573142907
1836	-304.1726448193227
1837	-306.0512322440195
1838	-305.9394174872069
1839	-298.965772834353
1840	-307.95751078247355
1841	-312.7721489275026
1842	-301.8395515181778
1843	-312.2675635400645
1844	-301.61634998847063
1845	-309.39457432138624
1846	-304.5406229218699
1847	-309.51062067734637
1848	-313.541811152653
1849	-305.0321906345112
1850	-300.80621020183986
1851	-304.34473508428465
1852	-303.6293718428136
1853	-303.4192157296625
1854	-309.398956364042
1855	-303.4929487405296
1856	-303.21075131813734
1857	-301.7630077467557
1858	-305.6207593964909
1859	-311.7590063124246
1860	-305.88335675214876
1861	-312.13824387753397
1862	-306.03305087547824
1863	-310.79677840904367
1864	-310.0777137735284
1865	-308.89960249745576
1866	-303.7701464699507
1867	-312.3152247181348
1868	-306.03563145697314
1869	-313.58177361416995
1870	-307.5957451473522
1871	-308.3394894336891
1872	-313.5701960150314
1873	-300.83850718005067
1874	-303.6056636774427
1875	-309.69968690369706
1876	-310.0972356887054
1877	-303.87276531233215
1878	-308.74862123695806
1879	-307.87783025901865
1880	-308.96764814060015
1881	-302.978672580817
1882	-303.3989272619481
1883	-302.7382610311872
1884	-310.5565328248687
1885	-310.8067584730121
1886	-305.76238250838145
1887	-309.98358653384133
1888	-306.7659361641734
1889	-307.1660027611023
1890	-311.32506096467733
1891	-303.98263967526054
1892	-303.33001577399335
1893	-304.35334168769833
1894	-304.98605580352574
1895	-298.1469195508545
1896	-307.1346952896043
1897	-304.09047823734375
1898	-308.60489302845474
1899	-306.24422104388987
1900	-306.20272863542664
1901	-306.3278503557038
1902	-307.29071509724514
1903	-305.0174072802372
1904	-306.69704313005974
1905	-303.65013481326014
1906	-313.3019953371663
1907	-307.064239054991
1908	-305.8857942532844
1909	-300.9182980971476
1910	-312.7111595800741
1911	-301.247186005847
1912	-309.2724191252066
1913	-301.5684680470319
1914	-307.8191006455456
1915	-309.9011742812378
1916	-302.34281725003535
1917	-306.2545097815847
1918	-304.95507336527953
1919	-305.42897828412094
1920	-310.29947358799757
1921	-310.8216598105042
1922	-308.4230793491686
1923	-304.53386093706536
1924	-309.9410993284677
1925	-305.529448559305
1926	-308.7063056117169
1927	-298.05114168273826
1928	-302.7353021821829
1929	-304.1364609643003
1930	-303.6700833444043
1931	-304.8338448245379
1932	-300.8433823280776
1933	-305.9338632610968
1934	-304.315550052683
1935	-307.44009115178284
1936	-306.40983334841866
1937	-306.79393663048296
1938	-307.22923190407266
1939	-302.48852797763806
1940	-310.9370017828089
1941	-304.5919855069082
1942	-308.7865834355495
1943	-308.19124731173207
1944	-305.64736824371744
1945	-308.15748600433193
1946	-310.6905913290065
1947	-299.8766484325299
1948	-311.09160361833455
1949	-304.78322105339464
1950	-307.2501044563109
1951	-307.55146195723233
1952	-304.3630137107301
1953	-312.5129853581299
1954	-311.812401842245
1955	-305.42564889762
1956	-306.23552390834413
1957	-312.5894258420418
1958	-305.3817702112806
1959	-308.63282680495
1960	-304.76924048214784
1961	-302.0025318448052
1962	-302.47360731056887
1963	-310.39190300829324
1964	-307.38253757494016
1965	-312.84355386390433
1966	-308.61689827776814
1967	-305.3838772003083
1968	-313.8177834999729
1969	-304.0956271420568
1970	-300.2146055928831
1971	-297.71411921228525
1972	-310.68330874161654
1973	-310.7920716762447
1974	-306.50777039121147
1975	-308.80268554528544
1976	-298.99833097478216
1977	-307.8009608700319
1978	-306.6767993086657
1979	-304.2937966087354
1980	-305.89178398307786
1981	-306.42230835778594
1982	-309.92358613242277
1983	-308.1335776507371
1984	-306.8839374977233
1985	-307.25356603028365
1986	-313.25212714313295
1987	-306.1266129611171
1988	-311.0005530854086
1989	-304.9632602021424
1990	-298.6863355313458
1991	-308.7711433746806
1992	-304.9777318223264
1993	-306.24917473305027
1994	-307.9819738365224
1995	-303.3381178409072
1996	-306.46873015764663
1997	-300.2007382228811
1998	-303.7140457201576
1999	-304.2172549430021
2000	-304.0456294934456
2001	-303.77437865308275
2002	-299.06603244262084
2003	-310.74473705773045
2004	-310.03055597897776
2005	-314.123528958212
2006	-305.9527897303163
2007	-303.9595623597378
2008	-305.37370733813367
2009	-300.3418829725238
2010	-302.4808336579622
2011	-303.7351893479947
2012	-306.4707399102079
2013	-306.68806270933874
2014	-303.4093638156412
2015	-308.09670839153927
2016	-298.6313090922811
2017	-299.5604351202778
2018	-306.73232670737
2019	-306.30076698630944
2020	-309.07849580163264
2021	-303.27757228168826
2022	-305.2604622429452
2023	-306.7836022740861
2024	-311.01211441420105
2025	-305.2489065610313
2026	-300.67208898222253
2027	-309.7220868724588
2028	-311.1511162632324
2029	-310.9165143612801
2030	-311.19380853739904
2031	-300.4968223131944
2032	-306.4023270973475
2033	-309.3410372767327
2034	-303.38395514486655
2035	-307.4995393426404
2036	-306.64894666157164
2037	-307.7609683009984
2038	-306.8541925567822
2039	-306.40367700894876
2040	-301.74518596877056
2041	-301.7561526849911
2042	-301.0361552836842
2043	-296.1736806246277
2044	-315.36612473201154
2045	-309.20468016204927
2046	-310.48815475911357
2047	-307.24861364364864
2048	-305.7960102537605
2049	-308.39776157597646
2050	-299.75065962280644
2051	-306.2317705659127
2052	-308.27040105341376
2053	-305.1177636245309
2054	-303.9296149295665
2055	-307.4761772854581
2056	-306.9825066950608
2057	-307.35802893354577
2058	-303.31333124131123
2059	-304.8366067328066
2060	-303.20904486204313
2061	-304.68884662841776
2062	-308.3951652633605
2063	-308.29567785454265
2064	-299.95439940097486
2065	-303.8093713904725
2066	-297.57519041731786
2067	-301.22530857665043
2068	-303.55907601886184
2069	-306.48955271517445
2070	-306.200320770455
2071	-307.3691672222347
2072	-312.7239891398096
2073	-303.8136626002918
2074	-307.1422231894255
2075	-300.9457249028911
2076	-308.0811318791593
2077	-298.20012931432774
2078	-303.5159667501225
2079	-298.46066621040035
2080	-300.21079882299296
2081	-309.46056098973384
2082	-305.59860458211307
2083	-302.8930590970382
2084	-302.38985140885677
2085	-295.9878603768512
2086	-303.1858144912629
2087	-307.137291365415
2088	-302.49395203807217
2089	-307.4794000355702
2090	-306.8022001126345
2091	-305.21260396835623
2092	-311.4016774870719
2093	-309.1474469742271
2094	-309.0298248266497
2095	-305.163986559075
2096	-304.1782275611836
2097	-303.89485150474167
2098	-304.12647888760915
2099	-307.4455610104948
2100	-299.48483886379165
2101	-306.18206520022983
2102	-308.77688925412536
2103	-309.34817939488374
2104	-300.44851630853873
2105	-309.2845518431432
2106	-312.1373927019528
2107	-309.87606613594227
2108	-308.3262154168486
2109	-310.39341830307114
2110	-301.65706714705084
2111	-304.42533395297596
2112	-302.4264557515563
2113	-311.1143317045393
2114	-306.09064715582167
2115	-308.3791404855686
2116	-303.4614897608532
2117	-303.81872986817166
2118	-308.9892447579398
2119	-306.95517580170326
2120	-299.4906373726633
2121	-304.33844886221493
2122	-302.440254510341
2123	-309.96090578323134
2124	-301.7966288688728
2125	-303.05169565104313
2126	-305.5891069795394
2127	-309.1628278864157
2128	-295.86162208129724
2129	-310.75428567262617
2130	-309.09572398086846
2131	-305.9960412633155
2132	-305.27406425354917
2133	-306.3659560103736
2134	-306.1533695029089
2135	-303.89818956439075
2136	-304.15292246543027
2137	-301.7811483464663
2138	-311.7338109815748
2139	-308.17985022012743
2140	-305.6650031961113
2141	-304.26276603552475
2142	-302.08088106008375
2143	-304.855956991789
2144	-298.91371101517444
2145	-304.68928842119186
2146	-311.0109923758443
2147	-305.81246636528914
2148	-307.56924950781456
2149	-309.21858745853876
2150	-308.4913608465572
2151	-309.5232123620099
2152	-308.2565215402022
2153	-302.22838720326575
2154	-305.01702183710404
2155	-303.8259909811508
2156	-303.3131607171215
2157	-305.8729219293424
2158	-309.49718479314834
2159	-312.40540495266384
2160	-303.55874040532166
2161	-308.47549981816945
2162	-309.7682281689463
2163	-300.8769235037605
2164	-306.1967227060541
2165	-304.2404990127616
2166	-308.45835405557995
2167	-301.1007850008586
2168	-301.5856244699423
2169	-309.35364697701533
2170	-309.399458590241
2171	-309.2982293829912
2172	-302.47846239985336
2173	-311.13508274102213
2174	-309.68874424550484
2175	-306.2517050420849
2176	-310.81057770715387
2177	-302.5471691516665
2178	-303.7539579420734
2179	-310.25509025805394
2180	-313.12097281481647
2181	-307.2443003019595
2182	-309.394362323671
2183	-310.05793669060955
2184	-310.7310227401967
2185	-310.97688951728986
2186	-307.1791644840808
2187	-299.40146496934494
2188	-305.7643601481414
2189	-309.7584743460462
2190	-303.82015652084397
2191	-308.7653562071441
2192	-307.97844432439706
2193	-302.63907216707526
2194	-308.19382960946126
2195	-310.6994798295149
2196	-309.41599248640887
2197	-304.78782262342304
2198	-304.69847025735896
2199	-309.15474684909736
2200	-302.7740305841384
2201	-303.71826051932453
2202	-309.3082646981989
2203	-311.2646260662422
2204	-309.01236185803174
2205	-310.2536754000361
2206	-302.39359914643114
2207	-301.0748921960401
2208	-312.2476520510465
2209	-298.5962739724673
2210	-308.4356077611325
2211	-306.68555811866935
2212	-304.76407845105325
2213	-302.083393182796
2214	-307.13797588640404
2215	-302.38970181665087
2216	-304.588614635513
2217	-303.0388598682208
2218	-299.9980186395888
2219	-300.8184011082253
2220	-306.52020851164167
2221	-300.98400064282936
2222	-299.6162673453568
2223	-311.04559886231823
2224	-308.53524075021505
2225	-295.05134175771576
2226	-303.84085387142306
2227	-304.28948751690183
2228	-309.9766686668349
2229	-303.8338599314227
2230	-304.5879979125775
2231	-310.93497425290246
2232	-302.0715789507585
2233	-302.28974182672886
2234	-304.1799174665245
2235	-302.03429262404484
2236	-301.6860689736058
2237	-299.6653601070251
2238	-307.201658904148
2239	-304.1995443178694
2240	-302.9317750427222
2241	-302.9751119079558
2242	-300.8722178958979
2243	-304.6039923535519
2244	-307.2506616348725
2245	-307.539590654419
2246	-304.67854007007156
2247	-303.81861992646185
2248	-302.84289785897454
2249	-300.02125982627194
2250	-300.6986303627623
2251	-303.6877723242267
2252	-306.9097401047415
2253	-301.9871104241914
2254	-303.1502887782489
2255	-295.1181475811612
2256	-298.25544490116334
2257	-304.47007495901977
2258	-300.9202473112518
2259	-297.12562390034816
2260	-298.0860971336964
2261	-299.42997134478134
2262	-298.5070867766485
2263	-296.93529833798397
2264	-306.30527109114365
2265	-299.3403000001367
2266	-306.9907466872531
2267	-304.2810623057198
2268	-300.14137083862835
2269	-302.88761103228995
2270	-297.8530904666482
2271	-307.00453212292194
2272	-308.0934700436788
2273	-304.0647805448182
2274	-303.29468261806744
2275	-303.70171581826173
2276	-300.21748260913307
2277	-300.02498751568965
2278	-304.53345829759644
2279	-305.6346002752628
2280	-304.8767579707207
2281	-303.88552731836586
2282	-301.60799106089
2283	-304.1802955578832
2284	-305.18422652125344
2285	-303.3912527266773
2286	-298.8742368728471
2287	-308.7862307810407
2288	-303.6343650619199
2289	-301.1138000000002
2290	-300.591496409594
2291	-302.27440674384087
2292	-298.3724540664024
2293	-296.44635588705927
2294	-303.80437924561005
2295	-300.8032147218687
2296	-299.74060431618625
2297	-297.4042243358217
2298	-306.1036695528131
2299	-298.3459257966904
2300	-307.19252276079885
2301	-297.1916170849464
2302	-307.30559877816955
2303	-303.86033769411773
2304	-301.0161856283246
2305	-303.62928487108786
2306	-307.7498916877386
2307	-299.92593820017527
2308	-307.80351468114037
2309	-304.43771402798103
2310	-308.791023802141
2311	-310.14844177126736
2312	-306.0997122083335
2313	-304.69106732819426
2314	-300.19749757620355
2315	-304.7247749266496
2316	-306.56944847515075
2317	-311.1289963482399
2318	-306.0037838639476
2319	-306.6695891492989
2320	-302.13348273690957
2321	-308.86372816242323
2322	-307.75557907275436
2323	-306.2440411849139
2324	-301.622864068427
2325	-310.953190160708
2326	-308.60142944684964
2327	-307.86896533175224
2328	-308.89872784143836
2329	-301.894807509431
2330	-307.8111222738621
2331	-302.3668798570644
2332	-302.56972056733986
2333	-298.52477572638713
2334	-306.008800000041
2335	-305.8345417915005
2336	-303.5941493089626
2337	-304.9687035386836
2338	-309.2961351273375
2339	-300.78864207108927
2340	-298.3091539116329
2341	-305.336906100544
2342	-312.4659711446006
2343	-297.5700833494012
2344	-301.8326487627002
2345	-305.028798092369
2346	-300.7152147446837
2347	-296.71920333614037
2348	-307.0329632208498
2349	-297.1460026919617
2350	-311.87818861349825
2351	-309.36739289512616
2352	-305.3396689993119
2353	-308.40282945223544
2354	-300.7200237064581
2355	-303.15821702980554
2356	-304.3850156224073
2357	-299.59244179848133
2358	-301.31784235351773
2359	-302.7679107180517
2360	-306.5779343213255
2361	-290.38498112762244
2362	-307.6355287149681
2363	-306.90350589131594
2364	-307.7098864148099
2365	-306.7364419023872
2366	-303.3549467392576
2367	-303.0162145333772
2368	-305.00510492053144
2369	-307.32302855275555
2370	-306.94826272542275
2371	-314.8774389259926
2372	-303.843214860217
2373	-307.5206567873495
2374	-299.4908483261474
2375	-311.13662517377486
2376	-311.3522949895387
2377	-302.338772225212
2378	-304.67901605862517
2379	-307.04124922103915
2380	-301.0411072806609
2381	-305.40106264428886
2382	-303.60610309078476
2383	-309.9999590584519
2384	-301.45054326182424
2385	-303.3471807464183
2386	-306.04996749312267
2387	-301.2314180823579
2388	-301.96077845586774
2389	-311.23939378428196
2390	-308.61384646343316
2391	-304.8833491224131
2392	-305.39631464635676
2393	-307.44463499438143
2394	-311.08477278960214
2395	-304.8068822172497
2396	-305.88284078266577
2397	-306.1869505661056
2398	-300.44499494934274
2399	-302.99995777122376
2400	-299.5366928406047
2401	-306.9021458296163
2402	-307.48982195789523
2403	-305.2022255333055
2404	-310.34310608663907
2405	-300.8153921768034
2406	-307.04914834851974
2407	-307.8864258602618
2408	-311.5153874525064
2409	-311.37258487150035
2410	-313.1045772339024
2411	-314.21038934982096
2412	-308.4063135962036
2413	-310.42883537085913
2414	-305.75577726096867
2415	-309.4388214514108
2416	-305.2517034619155
2417	-313.4477034688433
2418	-309.4211624668172
2419	-305.0250915388558
2420	-300.01002489399576
2421	-308.81052007597816
2422	-304.88691657087753
2423	-308.40157027762876
2424	-301.3348128715618
2425	-300.6343227665356
2426	-306.06913200773266
2427	-311.0928461266375
2428	-299.8235058083298
2429	-301.3462755431868
2430	-303.22522806544936
2431	-302.9467178591479
2432	-307.6151842021724
2433	-303.7334069432045
2434	-304.3519888125202
2435	-304.7319971014425
2436	-306.76476880366516
2437	-304.7251926713008
2438	-301.24327837766907
2439	-307.26525158663395
2440	-303.4603600523405
2441	-309.9845175016125
2442	-301.8183796052288
2443	-307.1439724682475
2444	-301.96908267090123
2445	-307.5579083224665
2446	-307.21077054619377
2447	-311.2379819838771
2448	-305.3217467886923
2449	-304.37202803868473
2450	-308.55405473746754
2451	-309.81667090876954
2452	-304.83713843928194
2453	-306.4934480543634
2454	-307.02056673663435
2455	-305.4055517874608
2456	-310.2294903043336
2457	-307.71706507567893
2458	-309.2212834896002
2459	-304.7822780105794
2460	-303.84291518444934
2461	-307.89173529048907
2462	-312.2053342713903
2463	-307.3235834434582
2464	-308.014157953002
2465	-308.32145763364167
2466	-301.62019836780286
2467	-308.41040660965984
2468	-308.77680480385027
2469	-300.94051761436975
2470	-305.8782630633597
2471	-308.1508591760699
2472	-307.23311682446507
2473	-303.53063534082077
2474	-304.3795402918096
2475	-306.6287310692974
2476	-306.7794053709544
2477	-306.2908439162934
2478	-309.60625089567935
2479	-302.9742067953195
2480	-310.9425963692656
2481	-305.2132804252924
2482	-302.4329975169747
2483	-307.3806500340151
2484	-304.998987044285
2485	-303.9635715169649
2486	-307.4917569653604
2487	-309.0832851137733
2488	-306.65004043420595
2489	-304.66115164515736
2490	-301.42619787733764
2491	-302.18576605783977
2492	-306.06936663473886
2493	-307.5586769761393
2494	-308.57707547940396
2495	-307.3196857990538
2496	-315.2860220658488
2497	-311.82666059671413
2498	-308.0716467147158
2499	-313.05732926129565
2500	-309.3972756595577
