1	-306.4952015852868
2	-307.9127352762362
3	-302.4949841322777
4	-307.2957585796815
5	-302.35321359404475
6	-297.59740229768374
7	-299.30387375100923
8	-307.39543675916593
9	-302.516867591973
10	-292.9213766989177
11	-306.40392973676495
12	-305.67490599809344
13	-296.58979006576965
14	-307.9299154586631
15	-305.4474727656601
16	-305.4201542423249
17	-301.82288605025826
18	-307.92493279645635
19	-301.6038711952476
20	-304.7434651011226
21	-307.2883052819919
22	-306.0469918391884
23	-306.2825258357217
24	-305.2122486417277
25	-300.82512966189233
26	-306.59070108597024
27	-303.4425101276412
28	-309.5369746404323
29	-307.56060665669406
30	-300.46285275233583
31	-312.97316471897983
32	-306.46381072495797
33	-309.1676282383399
34	-304.35149455566955
35	-302.2610024553392
36	-301.3991950360872
37	-308.87029194940095
38	-307.0079750809115
39	-305.1538320752405
40	-307.5816860628089
41	-305.72266592027324
42	-298.0421031804789
43	-304.8209532461123
44	-312.0475996595626
45	-313.69122998466855
46	-310.7574838649184
47	-303.09182033688637
48	-308.3364914068069
49	-308.6593744003752
50	-307.3442228907872
51	-306.82797199412374
52	-311.54702694344763
53	-313.652942268119
54	-309.43774417613133
55	-309.6881865268093
56	-309.4074090195641
57	-307.8543019911717
58	-312.54321598814295
59	-308.11463795623683
60	-306.3767020979187
61	-306.4808636432507
62	-297.68069930771486
63	-296.04835911257356
64	-305.50683676830096
65	-302.23010497366045
66	-308.0706173392348
67	-313.0188924003135
68	-313.08096628630307
69	-311.0628613689866
70	-311.03803584399066
71	-295.45697579004513
72	-305.72871242588303
73	-308.8562663007391
74	-303.63557008580193
75	-305.2901556890827
76	-307.7639107641258
77	-302.58538601094625
78	-301.33614014586817
79	-299.46031202526814
80	-305.06597811476223
81	-302.03072605701976
82	-306.8735360571349
83	-307.0410346814847
84	-310.26976512651873
85	-309.65978861579515
86	-313.2071537816587
87	-306.11350624155835
88	-305.79491273275335
89	-301.8438480099461
90	-313.910948988769
91	-305.1088378660733
92	-301.54010865911295
93	-305.58946807414725
94	-299.9420344258799
95	-299.452011170525
96	-304.1914087524084
97	-305.57750772256844
98	-312.1244010591759
99	-307.05059238250266
100	-306.97429035173997
101	-302.1214883939554
102	-303.3940334873074
103	-300.21019308279347
104	-307.6523845309725
105	-303.58072188763083
106	-297.2694046265027
107	-310.24660164069604
108	-309.1153512488194
109	-301.22981526431374
110	-294.9006718129897
111	-301.7271318199795
112	-304.97058781909215
113	-312.92666869943355
114	-305.53771644991855
115	-299.74820156266054
116	-307.3509580338365
117	-303.27579622999997
118	-306.36040647755925
119	-307.28649607100317
120	-309.0539000309769
121	-310.333986255687
122	-310.0093803639737
123	-304.8458452816293
124	-308.70693509815266
125	-302.50815027303383
126	-310.3062599417856
127	-308.27202182000445
128	-304.02863648030757
129	-306.8397784726935
130	-305.8697429930863
131	-297.1092795996882
132	-307.22409645155807
133	-308.8987006596403
134	-304.80040054616217
135	-302.49864207838107
136	-298.16539202494397
137	-307.14759786095334
138	-308.1533624214132
139	-312.5349826945047
140	-305.32090563536735
141	-306.31879052503433
142	-300.1760865418347
143	-307.31267592795706
144	-305.98336611983467
145	-302.9795644315442
146	-306.6800804810942
147	-303.486788405882
148	-309.15516477384773
149	-304.55314313268343
150	-304.94506352650615
151	-307.3774661662786
152	-302.9926698010051
153	-307.9657510240307
154	-307.3156218395453
155	-307.0816685163934
156	-311.224707614223
157	-314.1940402997225
158	-309.3497979548028
159	-309.7665552190712
160	-312.18822215657565
161	-308.0272955184575
162	-301.09186112660876
163	-308.85772782581853
164	-302.0125194387912
165	-312.70910651494336
166	-314.8562485152313
167	-306.1334037367206
168	-308.2048344838927
169	-305.929425839671
170	-308.7455164112173
171	-306.4268974446344
172	-298.4078352107844
173	-311.00730405736334
174	-304.14849658977107
175	-308.4302567646671
176	-303.157676767858
177	-303.3492733675984
178	-308.86267326943374
179	-308.2121144671718
180	-307.99059839791954
181	-306.01619367233
182	-308.89985510945934
183	-300.84666230380236
184	-303.36745397573577
185	-301.24708941935995
186	-305.83728877023
187	-308.08160853295044
188	-300.0901249224539
189	-301.8765913934663
190	-297.4216568867171
191	-308.02131733108246
192	-303.5234947609169
193	-305.8128987638169
194	-305.23624419350676
195	-306.23451387162606
196	-307.89778054320783
197	-306.52057691068126
198	-303.98919817346126
199	-298.5646247354279
200	-304.06676087813065
201	-305.54286309921923
202	-310.572450056859
203	-312.74012923934623
204	-303.30618771334275
205	-301.78486851072665
206	-310.28872668164837
207	-305.53625236747786
208	-306.94035446885954
209	-304.76924117690686
210	-306.20891375055277
211	-304.91668022981577
212	-304.0810955339811
213	-308.32826583993426
214	-306.32018595333363
215	-304.34202281807194
216	-304.23445577274634
217	-309.449251118774
218	-305.2803069053177
219	-303.75989280472805
220	-306.2199250456956
221	-302.8286547025529
222	-301.31418062868966
223	-306.0000708730536
224	-305.66432327498967
225	-303.4703878548362
226	-301.72380983171905
227	-305.74731560848477
228	-308.17452111361405
229	-302.189181231675
230	-306.33178987659966
231	-302.6295270958434
232	-305.62653833436434
233	-301.67408989299463
234	-309.0756474628531
235	-307.39625155044
236	-308.80923162221103
237	-303.5262147218346
238	-303.24220792614307
239	-305.48987090097813
240	-304.83275675514204
241	-298.68923346835857
242	-302.6103821154265
243	-306.9592542894187
244	-310.6820645026431
245	-312.6750682973826
246	-300.79553727294643
247	-313.18800655705866
248	-299.8818772512787
249	-305.0116295332644
250	-310.6627784119552
251	-309.2517166225157
252	-305.2289714409733
253	-303.6017873115332
254	-302.26590670545374
255	-306.4501677213937
256	-306.3953331975705
257	-307.3568117855907
258	-303.249471471975
259	-308.72441144851916
260	-307.43211938709845
261	-305.2758618668805
262	-299.47988063834043
263	-313.19609555897
264	-313.2474984392933
265	-306.1995126203565
266	-312.07132085153484
267	-303.8025521604176
268	-300.54179356504056
269	-306.92519778307
270	-298.2808352922129
271	-304.31520670592903
272	-310.496940469197
273	-309.8493330172197
274	-306.8849639247247
275	-305.6665648283706
276	-297.5330289202984
277	-310.1346120674947
278	-306.9080739905991
279	-300.4771489825954
280	-307.90277348591593
281	-305.7596558396359
282	-299.10745610664804
283	-306.12923699270834
284	-304.3382903044796
285	-303.4669128141299
286	-305.2419423158612
287	-298.16121972753893
288	-299.7188321816251
289	-298.85874531069965
290	-304.9879133903424
291	-305.9227189840365
292	-302.610268496013
293	-305.79254075102716
294	-306.87548950354216
295	-305.14639474729194
296	-303.81118300341547
297	-305.690234746499
298	-303.98114445001517
299	-298.30489144497625
300	-311.70233226800826
301	-310.1461072236381
302	-305.81325675983624
303	-297.0057148529312
304	-304.54047393398446
305	-306.3497919743059
306	-306.75494874033683
307	-310.32087714106547
308	-308.01499080394797
309	-296.1414854220918
310	-309.58260915329475
311	-309.34516078082646
312	-306.2565470063444
313	-307.9232966615333
314	-309.55902424397726
315	-303.93771149596813
316	-310.3985093935468
317	-308.7832662651662
318	-310.00022786067115
319	-302.19929583038856
320	-305.524822432136
321	-308.0958310826639
322	-300.38488901031457
323	-304.0366456485886
324	-305.97877795396187
325	-303.5416612582036
326	-310.0121258914959
327	-311.12206699881494
328	-306.5753793719733
329	-311.8712962116493
330	-307.91631265217336
331	-309.7538575661519
332	-309.170031677478
333	-307.98506631459185
334	-308.0555772924626
335	-309.6003158614597
336	-306.722702699632
337	-310.05960634621334
338	-308.6883943807504
339	-305.4311345756551
340	-303.7498558405899
341	-300.7831290041726
342	-303.24583042396426
343	-306.32823823467373
344	-308.8564391487155
345	-304.8144841779486
346	-309.3033887395152
347	-307.9244097795858
348	-305.3967920072209
349	-307.1798383023623
350	-305.4050732907577
351	-313.50737177609545
352	-312.620203894424
353	-299.58343092308684
354	-302.3860969209075
355	-306.28370167602185
356	-303.7385285407274
357	-304.56109107726616
358	-298.0761145674702
359	-296.64213145400794
360	-299.58525554592075
361	-303.52733094447854
362	-312.7410020021061
363	-307.2799661429781
364	-305.7635414413703
365	-303.2198741993189
366	-309.24631746724253
367	-304.0642071283889
368	-308.2118122229625
369	-310.3701166877482
370	-315.49951022190476
371	-307.8936648232067
372	-297.83698414517977
373	-308.2805594485391
374	-311.3192354853984
375	-302.74060474667937
376	-301.9137776149423
377	-305.8963435875519
378	-310.5575694312296
379	-309.5891885403984
380	-308.1327120147383
381	-307.5093244536505
382	-305.13343746805805
383	-308.39432474703943
384	-304.318116063545
385	-301.42748572058207
386	-302.7746971041181
387	-299.86348652512083
388	-304.0236695611936
389	-306.51638471068276
390	-307.8413389238055
391	-305.3158574620787
392	-304.34562318759066
393	-307.2487670413034
394	-312.0836119167329
395	-310.8265946614995
396	-310.8106213242015
397	-313.4171027397341
398	-307.05528572238114
399	-309.85413353306126
400	-310.02391693357373
401	-304.66637251184426
402	-306.73258529283413
403	-312.02389235729515
404	-306.3560018263929
405	-307.0653672379695
406	-309.6700706433398
407	-306.20545658244595
408	-307.42623125359484
409	-311.1471648437182
410	-303.7447218189406
411	-308.1305937083287
412	-306.4429080954965
413	-308.989756185998
414	-310.70213301413156
415	-309.5050321933994
416	-297.3670480647949
417	-302.28815169285184
418	-308.186496559597
419	-304.48389389395265
420	-312.7215915532972
421	-307.3642483107082
422	-308.265303036562
423	-300.643276850269
424	-311.5236531161406
425	-310.52722344089824
426	-303.2232983379424
427	-302.55074385227425
428	-304.47047147911235
429	-307.46903379946787
430	-301.67851963029483
431	-298.75376644919066
432	-298.99617178732706
433	-302.7898192947168
434	-298.61996102206115
435	-303.7274728331175
436	-308.2013313275329
437	-310.0325559997943
438	-303.39379097191085
439	-301.976678202362
440	-309.69318704005974
441	-307.69719354568343
442	-303.19604436084205
443	-302.8649326495337
444	-306.0785895128133
445	-308.9225263472586
446	-303.39758050615177
447	-304.6692826830651
448	-304.98748885964926
449	-309.9219289859784
450	-308.6001033716697
451	-304.29460677638616
452	-307.8417074742768
453	-314.39803874260144
454	-310.2024718049398
455	-311.529232833257
456	-311.9455018722268
457	-312.2179480138717
458	-309.5258073835504
459	-307.81606362763944
460	-305.4312803378655
461	-310.3699643817342
462	-309.94217845889835
463	-300.6715847738202
464	-306.6509031103727
465	-310.4484795126747
466	-309.2270607199475
467	-308.8327972079636
468	-307.3532470262
469	-305.31454884011555
470	-301.8729366200283
471	-307.4014064028617
472	-307.9867182371119
473	-301.66758859011037
474	-308.0916948535938
475	-311.7093996156127
476	-306.2815894094432
477	-309.0113421875717
478	-304.10482030802194
479	-304.8855439607353
480	-297.7561676929493
481	-301.21523706961244
482	-305.61123178261664
483	-303.4970278224228
484	-306.5125683388132
485	-305.4949369380898
486	-301.51018588528484
487	-308.5877989875502
488	-303.58282828556116
489	-301.9680075576085
490	-307.26558561280825
491	-303.90768023785307
492	-305.86189750964456
493	-308.57297469912936
494	-306.041182950647
495	-307.5908653745098
496	-302.9814547600375
497	-300.36942257850126
498	-301.4786667065124
499	-304.15959736801466
500	-304.4718738805043
501	-312.3377242226989
502	-308.7122053312804
503	-303.719639302256
504	-302.62243000630014
505	-307.23005083469747
506	-306.3717674319669
507	-297.15969300058185
508	-305.69437825307483
509	-298.835164218578
510	-302.30162737347075
511	-304.72298375166605
512	-300.42991134750986
513	-301.6141057570647
514	-306.0629564327443
515	-308.5697521883201
516	-307.96702265775315
517	-301.77073709852056
518	-306.00157827874034
519	-301.62265566242326
520	-310.0514071816116
521	-306.1136141050729
522	-306.0568660875271
523	-305.8147957992677
524	-306.1108114989081
525	-297.06795545599533
526	-299.82941443682085
527	-305.87841385242723
528	-302.20524941682504
529	-299.5375878010279
530	-302.201530453858
531	-305.5431233974942
532	-308.7430647436913
533	-306.22811499355225
534	-302.7143164051116
535	-306.14078390868127
536	-305.5893083728979
537	-303.4571920070673
538	-303.55658308781767
539	-306.5416140702728
540	-303.88077577086494
541	-307.80662833810425
542	-307.0003524807092
543	-304.8389662141399
544	-300.2088772180715
545	-307.48411070036366
546	-304.2742553930769
547	-300.57512332485777
548	-310.6031713364497
549	-302.0446452210177
550	-302.64739068948154
551	-302.3111768086244
552	-298.7425412323205
553	-309.2885020267716
554	-302.3937488057172
555	-304.91378838902625
556	-308.19875805429115
557	-309.9550151460823
558	-309.81090663648126
559	-304.5594260939504
560	-303.17425396097707
561	-310.67376148213964
562	-303.57724790658034
563	-307.82966117773947
564	-306.23794368121884
565	-301.46268193241764
566	-303.8561735978486
567	-299.19620137326325
568	-300.5875840437335
569	-303.48344802460053
570	-303.56268416680115
571	-303.95733221790863
572	-306.3705792533589
573	-310.8187059305659
574	-301.8940899643942
575	-299.0077254326044
576	-295.69270241006797
577	-302.8957775024772
578	-300.95146436799615
579	-301.4524521398653
580	-301.4357490492967
581	-307.06908796374734
582	-305.64384726492267
583	-297.5796003043622
584	-308.8611531157549
585	-304.35959364504333
586	-305.0988584725592
587	-308.995401284465
588	-307.2232564918068
589	-306.69010324269243
590	-300.7960067044893
591	-306.6367592023796
592	-307.64599594471605
593	-304.8704857775414
594	-301.5222220061517
595	-309.94571335898655
596	-298.46556914833076
597	-306.94370971562466
598	-301.89402341711
599	-307.18158212233106
600	-310.21709817622565
601	-296.02659479605256
602	-304.2566376345842
603	-303.0144089667187
604	-309.1890987346518
605	-305.48589837132425
606	-304.4225392702139
607	-299.67393305357643
608	-307.29025041254266
609	-305.85716871102613
610	-313.98264984314477
611	-306.66564837839695
612	-309.0008215981346
613	-306.6636615572667
614	-304.2900466998699
615	-305.1037674795055
616	-301.9082353300709
617	-308.11653943741936
618	-302.04628831669413
619	-307.7133836358766
620	-304.3675958475227
621	-303.7984487335222
622	-300.3903495179974
623	-312.61676042945584
624	-310.7171034076165
625	-305.3829078908459
626	-304.6103764235466
627	-307.97355952499447
628	-307.09530575755286
629	-312.13339249490645
630	-302.38141570574317
631	-298.9435560679247
632	-308.32656789414045
633	-307.1595432512441
634	-306.39827859380085
635	-308.18067775012327
636	-300.8479082830349
637	-305.05325786067687
638	-310.52119484752274
639	-301.3586734629339
640	-308.5118814881255
641	-303.76693130425315
642	-301.6356904896661
643	-306.4572416242537
644	-301.8635350274032
645	-305.17734460390056
646	-298.4114805420756
647	-309.71964095070086
648	-299.16182615488157
649	-298.82506961077297
650	-304.9758553805603
651	-308.78393033617596
652	-305.9374047672945
653	-308.4917402378534
654	-308.2601395835252
655	-303.416115098041
656	-304.4562652765234
657	-305.1415481122054
658	-302.8556551921049
659	-301.16356237161773
660	-306.4087946555521
661	-305.9271842463712
662	-307.8780529947282
663	-309.23720435970716
664	-312.2086287818783
665	-310.53067665163707
666	-308.30625320326413
667	-312.59069175017083
668	-310.77035168677645
669	-309.5090521366966
670	-308.9703553166017
671	-305.15963515426006
672	-302.40162912740146
673	-306.0132022388924
674	-302.1515655434088
675	-300.42143400608876
676	-302.78478439521143
677	-299.5018371457971
678	-310.4037219978661
679	-302.63095903919003
680	-304.5812363470674
681	-307.65682385407194
682	-309.15700088938036
683	-302.91724889484817
684	-304.9130980045432
685	-307.8684774130122
686	-306.9567213472513
687	-309.57632773899314
688	-307.20470136210866
689	-302.36029518194164
690	-305.87766311687
691	-302.43297176237655
692	-306.5005694778634
693	-308.4424283830496
694	-302.4911287941931
695	-298.9890864757475
696	-300.16906554462975
697	-296.8185098324153
698	-300.3994168176445
699	-301.48900035669476
700	-306.13909506618967
701	-309.0602634033302
702	-307.69347901840416
703	-300.265567547511
704	-302.78622077518446
705	-302.80909463327384
706	-307.8772377616511
707	-306.8361016259705
708	-306.6373430747753
709	-307.2656054566728
710	-303.3406117706321
711	-299.0373703474252
712	-303.5593351530787
713	-302.68364259451397
714	-306.9183598475792
715	-306.2907847547228
716	-305.383364771117
717	-302.91632312863976
718	-302.3248052439865
719	-305.19463432304696
720	-312.908277595325
721	-299.3432835218951
722	-309.08435988132555
723	-310.0155220221704
724	-304.72036079276353
725	-301.72518208699825
726	-308.91386516109344
727	-310.2818559573106
728	-306.9616374755544
729	-305.8206045397775
730	-308.78531333734145
731	-309.0824157371588
732	-305.7542832946146
733	-305.70664064249183
734	-300.49519934822905
735	-300.61216461924903
736	-305.01237946114617
737	-306.92137070974053
738	-312.54107537379724
739	-311.5706355234962
740	-306.0915081034968
741	-307.29779992502546
742	-302.9450189499902
743	-308.49305426669304
744	-304.40233811154025
745	-305.4671580915394
746	-308.23904472791406
747	-311.6471703001222
748	-303.65319708534645
749	-307.5994473130308
750	-309.04406776250096
751	-300.3798432703553
752	-298.1848199615155
753	-305.67290243963436
754	-309.5082382967525
755	-304.40374058841655
756	-309.1306095448395
757	-307.255915498265
758	-309.11328626659434
759	-304.960445621284
760	-307.0368086871578
761	-307.7380271450457
762	-307.83988750633273
763	-310.9423813717409
764	-307.96798973252436
765	-311.23588833454903
766	-308.8828822657031
767	-297.5654861015317
768	-302.90027047680434
769	-305.6236708834372
770	-303.2424298471828
771	-307.4232284447095
772	-309.867079045085
773	-314.4037407207395
774	-310.29980557036816
775	-306.8426836728572
776	-304.155851298565
777	-300.0353510603734
778	-310.26273009347085
779	-305.8080929629064
780	-309.75175422625034
781	-306.8965340837516
782	-307.6712931039101
783	-307.9583880529817
784	-313.5032801443531
785	-309.06537414244355
786	-304.3734367902345
787	-306.83177546771833
788	-311.2569852205969
789	-308.05972502451436
790	-307.32362409528986
791	-306.6515884472662
792	-313.10863531200204
793	-299.0132259216787
794	-303.34910555150805
795	-304.6812259591187
796	-303.96810466273377
797	-298.37916420312325
798	-306.0838619291167
799	-302.495120294549
800	-305.65089844171086
801	-309.37821156998433
802	-301.5506422468673
803	-301.2587220836204
804	-307.6315871905619
805	-301.8524261113217
806	-304.0942220453415
807	-309.6130599244765
808	-308.8257112500313
809	-303.69714635547666
810	-304.154900823809
811	-305.011893217617
812	-308.0060178153967
813	-301.24931845871936
814	-301.91042627095345
815	-301.8386080080401
816	-314.9406676225962
817	-313.11218698359215
818	-307.539750754855
819	-303.4937832495685
820	-304.0014044980434
821	-312.61923692356095
822	-306.3692962882576
823	-304.02022577450515
824	-304.72268692011
825	-306.20238706633364
826	-305.14319604461343
827	-312.05638388316964
828	-304.0444850452344
829	-308.9132228500803
830	-302.1184441054818
831	-308.03323285474056
832	-308.9460327279599
833	-304.64758146747545
834	-306.5621500135268
835	-310.71989101729235
836	-310.24108496748397
837	-302.86701820409274
838	-301.2364395713551
839	-308.7301483624379
840	-303.7143763887746
841	-304.88638097657383
842	-310.86310371218747
843	-308.9730301874965
844	-305.0130605083641
845	-303.2043077281361
846	-300.7965673549981
847	-302.498663404801
848	-300.9917273198162
849	-303.69822264426705
850	-301.3106703731901
851	-309.574304098959
852	-305.0321567507274
853	-309.2439849223697
854	-312.0512516241769
855	-306.3564320905257
856	-304.09387845200996
857	-307.30667088964833
858	-306.4538550756833
859	-309.53338877370413
860	-308.8833389316091
861	-305.3147239803244
862	-304.5875704994452
863	-307.03276292176736
864	-303.1168143971496
865	-306.4198028804253
866	-305.7573355550421
867	-305.9980933230563
868	-306.0498419757378
869	-307.6779829728828
870	-304.3700666876972
871	-306.8246115177439
872	-307.91101339283665
873	-309.00584497107667
874	-308.8157163676344
875	-310.1089571539344
876	-305.44854660693755
877	-308.01853853300315
878	-303.52189260105604
879	-304.9103701192095
880	-303.3809881577744
881	-300.22175567092296
882	-299.8732051703242
883	-303.9003444642381
884	-301.5259683955143
885	-307.39021391409904
886	-304.299663935079
887	-307.19676205760743
888	-302.61258727361536
889	-302.6856706930633
890	-303.34636295492976
891	-303.80349246141714
892	-302.28987927062286
893	-304.22293724155617
894	-302.9385261081513
895	-305.6422942169601
896	-308.8532122902413
897	-311.8250852619587
898	-308.8661045833865
899	-305.78145017156544
900	-310.0988582668511
901	-311.6138533495552
902	-308.28993546365797
903	-310.43804914832174
904	-303.53008313975283
905	-301.63194652850274
906	-305.3435155864808
907	-305.23170608333675
908	-303.2058107305735
909	-302.3698993568262
910	-308.4203747483651
911	-302.41032074146807
912	-306.22262037669816
913	-305.4246782460849
914	-301.7000376794582
915	-304.08877616033647
916	-303.3994394730047
917	-301.34927987183323
918	-307.3276018655257
919	-305.85477020172317
920	-299.2589325470231
921	-303.1917107366903
922	-305.6795575989783
923	-300.8860351841861
924	-298.46658984846516
925	-299.9178878829643
926	-296.67246350254317
927	-298.96604115352903
928	-304.8083300513398
929	-302.4854465418727
930	-304.38713878549123
931	-306.19619789530117
932	-305.9421411549004
933	-299.74486471232905
934	-306.447247112174
935	-307.1428999934358
936	-304.40622838975037
937	-305.82555896785385
938	-297.92169556259955
939	-299.38639854339715
940	-303.99633793403723
941	-304.37749176792823
942	-309.8094495607388
943	-303.0718585652354
944	-305.2687831815215
945	-303.14317604640735
946	-301.4544070817717
947	-306.06270699152645
948	-298.61642040354604
949	-290.58203425633604
950	-302.0188637516582
951	-308.4549050384835
952	-303.8621429223206
953	-300.78610961810375
954	-302.3866690416292
955	-308.140718968476
956	-300.51132613605563
957	-296.5683118724938
958	-306.3677241673965
959	-301.6774129975892
960	-305.8971256186496
961	-306.01055933846806
962	-300.1088679059213
963	-302.7229743057138
964	-301.50612322227505
965	-299.0636080611254
966	-306.66421307478856
967	-303.37266824559816
968	-301.8770023086836
969	-298.4841102574004
970	-304.82507129338444
971	-302.78460084442
972	-304.6154735871036
973	-302.3961545339879
974	-304.2212741780966
975	-300.4296485311013
976	-307.60975892882215
977	-305.6537214479126
978	-304.4960856568628
979	-306.1057433222277
980	-306.9191380490016
981	-298.74219926719934
982	-300.20568028426476
983	-312.27540464131255
984	-306.4053979803555
985	-303.36409867192344
986	-304.7935200831872
987	-307.2538275490892
988	-304.97093735795124
989	-303.623326645184
990	-303.5866701785713
991	-304.47699535592227
992	-303.26397981047313
993	-303.4425358779603
994	-293.56400145617624
995	-305.82941904037506
996	-308.3458112466862
997	-297.1664640577563
998	-301.5449582547618
999	-301.2156000002521
1000	-308.51283164257734
1001	-305.8608153661418
1002	-304.2917022687274
1003	-300.9387514078288
1004	-305.91376495889637
1005	-306.7427628375066
1006	-304.18178747270275
1007	-305.6446000002282
1008	-303.02286474414876
1009	-302.6019258638802
1010	-302.69932555361663
1011	-303.8732823445633
1012	-314.14843537380847
1013	-301.4016017283715
1014	-302.51558283792707
1015	-306.2134350983943
1016	-306.2547635503819
1017	-307.9684307906915
1018	-302.91325518137575
1019	-308.80566434986093
1020	-301.48628235122555
1021	-298.65547775051016
1022	-304.5819643045637
1023	-305.41810012790256
1024	-306.6199282208884
1025	-304.1621344012555
1026	-298.9608051288173
1027	-302.5230886648304
1028	-304.97550406147036
1029	-304.0623000345032
1030	-307.05060111259814
1031	-301.55980402248304
1032	-302.47289007240835
1033	-300.1685885121308
1034	-304.9012877017592
1035	-300.29156418606163
1036	-301.9444988173139
1037	-303.6678189475142
1038	-310.66657175603734
1039	-305.0998421086791
1040	-303.9393830358239
1041	-305.55390415753305
1042	-307.8346178593765
1043	-307.9736152037414
1044	-308.13753508808895
1045	-302.20989297624396
1046	-304.516359287163
1047	-305.19628522589426
1048	-306.70506294192603
1049	-303.91282947763244
1050	-309.3071256389523
1051	-302.9689147410183
1052	-309.8968494945351
1053	-305.69314896629476
1054	-301.0161082834449
1055	-304.3000100790059
1056	-303.7894
1057	-300.0316627389664
1058	-304.67909798915724
1059	-305.7833049305701
1060	-299.60855486899663
1061	-306.6432564430668
1062	-307.5611134793873
1063	-297.68150051160336
1064	-300.5938568164363
1065	-307.09536463348036
1066	-297.8277892335546
1067	-308.959531232267
1068	-304.99735128116777
1069	-302.1482931524771
1070	-304.9267277665909
1071	-304.60350654094117
1072	-306.31407920431354
1073	-306.71653239951746
1074	-300.9734251881055
1075	-298.13876195763663
1076	-298.0838233397183
1077	-306.31649708953086
1078	-300.5607981220533
1079	-304.18260695515744
1080	-297.44331302902157
1081	-300.3365752065439
1082	-304.87350992626153
1083	-306.5104063605862
1084	-308.6058227204027
1085	-303.5391461897894
1086	-301.747220549385
1087	-308.31438837106595
1088	-303.6277180950419
1089	-300.74893474040243
1090	-305.8841000204033
1091	-303.15231163846863
1092	-306.27721108131686
1093	-301.5886573951996
1094	-307.2214098747138
1095	-301.264857319564
1096	-309.61022823619373
1097	-306.2010912163697
1098	-299.03737705216423
1099	-301.72154442728714
1100	-306.7955823479096
1101	-305.97384472929946
1102	-304.0384376163443
1103	-302.1819290683731
1104	-307.84820290003074
1105	-301.47300000022716
1106	-304.21868231149244
1107	-308.50435615049275
1108	-295.4475555623946
1109	-298.12727250027746
1110	-301.4391731161394
1111	-303.2057200349932
1112	-308.8761934373895
1113	-299.84883944656224
1114	-306.9142170172377
1115	-304.28260153992727
1116	-305.0399194776338
1117	-303.8413963619201
1118	-300.7774412482649
1119	-308.0582131198828
1120	-305.7922083991056
1121	-306.683464862157
1122	-302.27895899922726
1123	-304.94269392586665
1124	-302.30827581118757
1125	-300.71721586505294
1126	-303.36022425687514
1127	-299.7214949900601
1128	-304.9848568652241
1129	-300.26819078882687
1130	-304.2720587472138
1131	-296.97667793604126
1132	-301.1833377284469
1133	-297.06637568164433
1134	-304.40723199389276
1135	-304.2626448297119
1136	-304.97787912947376
1137	-303.6321360862344
1138	-300.6530895722613
1139	-300.7302437823388
1140	-294.66437281326193
1141	-304.4599139998083
1142	-300.5271507065755
1143	-307.6021228797623
1144	-307.0204010205924
1145	-301.87670696574907
1146	-306.2694661598088
1147	-305.62193519236376
1148	-306.96774012006506
1149	-308.2639412978734
1150	-305.58668589873207
1151	-307.56019915425503
1152	-303.5629599937654
1153	-303.1741476701659
1154	-304.2662553745347
1155	-299.4922347834493
1156	-300.50410051145246
1157	-306.7286861981773
1158	-299.6148538925297
1159	-299.41330119217645
1160	-302.819807732383
1161	-301.4705048072222
1162	-304.2851676224952
1163	-302.23418940848
1164	-302.0699501830013
1165	-297.24089711522026
1166	-295.92548365690374
1167	-301.12085527600993
1168	-295.7575158609041
1169	-298.7324752011699
1170	-300.3384765629349
1171	-301.2632205288601
1172	-294.1812699224997
1173	-298.264302672073
1174	-299.8605610704154
1175	-304.3283108928552
1176	-296.40534972904163
1177	-304.55965182867
1178	-301.4047055636651
1179	-305.5505085715329
1180	-304.01220118914966
1181	-302.0244233229608
1182	-309.70368104779544
1183	-303.2782593562024
1184	-305.5106302797041
1185	-302.69779972955433
1186	-307.4036310066074
1187	-294.77768894351766
1188	-307.7103587123908
1189	-305.1133001379507
1190	-305.32679256157024
1191	-311.08021239268487
1192	-301.5964029936582
1193	-307.918954090682
1194	-299.26253638247135
1195	-306.0829108284583
1196	-307.4873177060414
1197	-300.9115760086342
1198	-302.6371236596408
1199	-308.55471605310856
1200	-306.7009121920033
1201	-300.57233357710675
1202	-305.42389906224497
1203	-305.490047467787
1204	-300.45855592818975
1205	-297.2262018192896
1206	-300.9287081819487
1207	-303.55066129166386
1208	-303.8909228634042
1209	-305.61411450201103
1210	-305.3504659598134
1211	-304.31328264224436
1212	-310.61902141863646
1213	-301.48920457299323
1214	-305.13347564084955
1215	-306.6540661689254
1216	-308.6926063754668
1217	-302.95928861582917
1218	-310.2266224422086
1219	-308.331109176521
1220	-304.172319564777
1221	-306.9761360574938
1222	-308.0841266755693
1223	-304.56029626761585
1224	-310.25522917460484
1225	-310.5019890636182
1226	-302.573186527076
1227	-312.5486099375824
1228	-310.4280453911347
1229	-304.0681288082269
1230	-312.3912763429928
1231	-308.755198875848
1232	-305.56113872420553
1233	-306.0279643098966
1234	-309.9042116830421
1235	-309.60380451233715
1236	-307.2158048802001
1237	-304.0898779228467
1238	-309.7786173955987
1239	-305.95105535448613
1240	-302.67934984082984
1241	-308.33007787774346
1242	-307.1072701755016
1243	-309.2102613871673
1244	-304.6229492585975
1245	-305.4103808899124
1246	-307.59506816609803
1247	-307.87021084963413
1248	-298.98344916412674
1249	-305.3208640586667
1250	-302.66750537881126
1251	-307.7260140803188
1252	-306.51256126132046
1253	-303.13875129456426
1254	-305.3697131416834
1255	-306.352761677306
1256	-303.89336165564964
1257	-301.0233730883881
1258	-305.78886614414773
1259	-309.5625973070981
1260	-305.44552658329684
1261	-300.113474650012
1262	-305.28924886029444
1263	-312.29234486193394
1264	-303.4807734570979
1265	-305.59439562640785
1266	-305.394625678757
1267	-300.2931733687818
1268	-300.3819692558028
1269	-304.7388248498945
1270	-304.3703888279209
1271	-308.12353038435936
1272	-306.99539991962
1273	-308.80717278493654
1274	-302.3121812001543
1275	-307.00448522399296
1276	-308.9204221410678
1277	-306.1008186156948
1278	-305.6997062904066
1279	-309.0040340457835
1280	-305.6365685182694
1281	-303.1936912393833
1282	-302.5314301173415
1283	-306.6964727896022
1284	-300.1923655505185
1285	-304.65663077541546
1286	-308.46256623941315
1287	-302.14549354174994
1288	-302.55794965339675
1289	-310.3068399776087
1290	-303.67295346729964
1291	-307.4905332225756
1292	-296.86922545050265
1293	-306.20208496889217
1294	-299.7838814691153
1295	-305.49975419618283
1296	-307.66614265042097
1297	-308.7090178265312
1298	-307.8852047592126
1299	-302.9870699306713
1300	-301.071390537695
1301	-302.6551744898586
1302	-300.6599777591714
1303	-307.7837879384883
1304	-309.4138860071826
1305	-305.4318659532161
1306	-313.7152139290445
1307	-303.38290653145214
1308	-303.61852217791886
1309	-304.4080142904277
1310	-303.1523447349207
1311	-302.33474197357486
1312	-300.03591810399035
1313	-303.1606369538939
1314	-300.8701568384215
1315	-303.9113624782878
1316	-302.8598001502064
1317	-306.19816129502584
1318	-301.1725218330474
1319	-307.35449366561994
1320	-306.22502776728885
1321	-306.1110159879092
1322	-305.4660083515393
1323	-308.91234877433106
1324	-317.4551345056925
1325	-302.5341452184648
1326	-310.2747348368208
1327	-310.92842897529283
1328	-305.4614771975122
1329	-310.3673542338265
1330	-305.3667974320201
1331	-298.8335283620066
1332	-303.09400762849816
1333	-304.0985638468065
1334	-307.44039142361527
1335	-306.42303682531394
1336	-309.3379549885732
1337	-305.96955841055166
1338	-307.54587635956636
1339	-302.66915951560173
1340	-308.9254830350098
1341	-310.2174684493929
1342	-308.5528191701198
1343	-310.34484009594877
1344	-308.5030155057573
1345	-309.34115420190227
1346	-305.1198660150861
1347	-309.4304167305427
1348	-305.6755635051564
1349	-306.04434579102616
1350	-311.18397943928187
1351	-309.4842523788693
1352	-308.31088444871085
1353	-305.32831622764826
1354	-304.87718362109666
1355	-301.4150719278868
1356	-307.3011364725076
1357	-301.1195864230374
1358	-313.10348658196256
1359	-306.92706939435965
1360	-304.31188569387893
1361	-308.8335498317498
1362	-306.56775003813243
1363	-310.9672023300135
1364	-312.27933635228624
1365	-314.9259620695269
1366	-310.40435342557817
1367	-301.0499921873607
1368	-303.7544050379596
1369	-311.0687913187979
1370	-310.0646604434691
1371	-301.64023515135364
1372	-302.88292853072693
1373	-299.8012725818613
1374	-304.4086500887979
1375	-304.70217510471485
1376	-300.56307028587713
1377	-308.3373120434985
1378	-313.5872286502802
1379	-304.48648535867505
1380	-308.8195246621388
1381	-301.7743533583058
1382	-304.2048023192529
1383	-313.2768734970147
1384	-308.26163777954116
1385	-305.4094727018801
1386	-303.704388290733
1387	-299.65119409829407
1388	-306.9436271759455
1389	-310.3557850246196
1390	-310.22419712981593
1391	-308.5809639368854
1392	-308.4662144604032
1393	-308.09681976433313
1394	-312.46918103830785
1395	-306.5829302106373
1396	-303.7684962338734
1397	-310.51633112456665
1398	-304.62477933435224
1399	-307.6207562824302
1400	-309.5780619125234
1401	-312.11005882450814
1402	-300.9637819157922
1403	-301.86690439339344
1404	-302.00392806288636
1405	-302.9529485566074
1406	-299.8683670562573
1407	-300.8098722799697
1408	-306.44824653757746
1409	-299.30358190335613
1410	-303.5477974118324
1411	-307.2987790368859
1412	-302.3901507061823
1413	-307.6132224911204
1414	-305.69237029866173
1415	-307.6365139454896
1416	-305.1703927926057
1417	-304.2391052263835
1418	-298.7088234420879
1419	-306.1946587932452
1420	-303.2049682085135
1421	-301.2862633185541
1422	-305.20542922114436
1423	-300.1919909117259
1424	-305.87676330748434
1425	-301.2475331638238
1426	-301.82692565185033
1427	-302.82823847159574
1428	-300.9517847417218
1429	-308.93303930660556
1430	-299.60083805775463
1431	-308.0205142773543
1432	-300.31545757708767
1433	-304.0333432360754
1434	-298.68335746164695
1435	-303.3618169386199
1436	-301.6288883387412
1437	-305.2671987515884
1438	-305.5677791530261
1439	-306.5875390810038
1440	-302.6439565260355
1441	-298.67490000001186
1442	-300.4883337914688
1443	-300.16970443400515
1444	-306.1262065800751
1445	-305.70350904589407
1446	-311.1343020093154
1447	-306.04314356236614
1448	-299.4660233986872
1449	-309.12115321297335
1450	-305.25241262644124
1451	-309.0377981987299
1452	-309.1833673437165
1453	-300.0790000024256
1454	-304.0673674740338
1455	-305.19990717353284
1456	-302.2715116186001
1457	-310.75033653252257
1458	-306.81613070495945
1459	-302.9215994595056
1460	-306.53112735338635
1461	-308.833560875352
1462	-304.2539029763135
1463	-307.98310585331836
1464	-301.7536269986726
1465	-310.7274918271936
1466	-305.7599660369233
1467	-298.664182584039
1468	-307.21193748459854
1469	-306.9516533711484
1470	-303.7431535228214
1471	-305.2349852714747
1472	-311.07954884838466
1473	-302.6934552560211
1474	-306.398726030361
1475	-301.8635971903248
1476	-304.38089118509106
1477	-298.8348795795429
1478	-300.16097907543315
1479	-305.12401607121217
1480	-306.7285740169988
1481	-306.7999759142352
1482	-316.0117096225178
1483	-307.2972922181608
1484	-307.7762795182032
1485	-306.24193946885225
1486	-299.04760000000005
1487	-300.77090906331046
1488	-303.565089730324
1489	-304.4339
1490	-307.2577220997463
1491	-307.536165172536
1492	-296.0875484798275
1493	-299.99077425963543
1494	-298.341181830478
1495	-301.9471
1496	-291.48511353107654
1497	-304.7008790940818
1498	-304.9854963007719
1499	-300.85400085368605
1500	-299.732228898324
1501	-303.5215118025797
1502	-306.5146767171937
1503	-300.4745664666755
1504	-308.305170933587
1505	-309.2386564263662
1506	-297.622823451305
1507	-305.84339748582255
1508	-302.8526531923955
1509	-302.8147931897849
1510	-308.84871732141676
1511	-303.87898376874494
1512	-303.5357902095225
1513	-310.02976650364656
1514	-308.9181508749649
1515	-304.19443364707905
1516	-304.24742719923586
1517	-306.8913429216492
1518	-304.4854934425461
1519	-304.7179841168129
1520	-303.1223401144623
1521	-303.72176904670624
1522	-301.2477064678203
1523	-305.76437360725976
1524	-303.3251999613051
1525	-306.8475070173852
1526	-304.6523605911471
1527	-309.6756294394283
1528	-305.11113559685316
1529	-301.84020515501845
1530	-308.6627961951323
1531	-301.2983576318463
1532	-304.8408576047985
1533	-308.06246746834347
1534	-305.26215414805915
1535	-299.989834357055
1536	-305.7123436403234
1537	-306.88433013121727
1538	-309.215038844378
1539	-303.45661132335636
1540	-299.30054941268605
1541	-302.3684290656763
1542	-306.27952466838184
1543	-300.6940614373189
1544	-298.114131746856
1545	-303.8898544328439
1546	-296.6470417495066
1547	-296.71785031195196
1548	-302.3460273293638
1549	-298.2839270589186
1550	-300.46466040163693
1551	-296.416410433114
1552	-297.67304428954844
1553	-303.250799433363
1554	-299.57852069956823
1555	-298.6393548702993
1556	-302.190562180211
1557	-303.18547271545253
1558	-307.7560616676494
1559	-304.0371682444529
1560	-299.012873299839
1561	-302.8973112534659
1562	-307.2606675443064
1563	-310.36071415966563
1564	-303.4955482700151
1565	-303.44632640884953
1566	-308.46434941106725
1567	-310.5170030647589
1568	-299.2023378168462
1569	-305.029324387199
1570	-302.79184353238503
1571	-302.9021432193188
1572	-304.56570013378206
1573	-304.2672
1574	-300.1750223464942
1575	-298.5550905116932
1576	-304.56410600903905
1577	-301.9863360617246
1578	-303.24170000000004
1579	-300.86206180141465
1580	-300.1321221838069
1581	-303.82314992333687
1582	-302.8350296486818
1583	-304.65561952773754
1584	-300.76332645139513
1585	-303.1926733663555
1586	-300.91752942515336
1587	-294.84311472550075
1588	-302.3700777986862
1589	-301.9801934906889
1590	-305.6953228081427
1591	-299.82017951848184
1592	-295.3186865401171
1593	-301.90739602004544
1594	-301.57434722300644
1595	-305.84513775847176
1596	-297.29220909800557
1597	-297.8708572675021
1598	-303.07659077542843
1599	-302.46416748869046
1600	-303.3360051186052
1601	-303.38026056870916
1602	-303.08012580584557
1603	-299.1086037888682
1604	-303.6131584324835
1605	-307.0560654859187
1606	-297.7090196395597
1607	-306.6407839860186
1608	-299.33961619304375
1609	-299.40080387987575
1610	-305.4737663553701
1611	-308.2804446264279
1612	-296.7597626511647
1613	-300.04247000391626
1614	-295.93530000232477
1615	-300.5429809848307
1616	-299.8117327319322
1617	-301.0882327122556
1618	-305.49986324415687
1619	-307.38295780981014
1620	-305.6755990605607
1621	-307.1459367244445
1622	-296.7292000000377
1623	-303.6705512032696
1624	-304.3555742417902
1625	-301.50413131482685
1626	-305.1709530699434
1627	-301.58979502347665
1628	-304.35347818116344
1629	-307.90789678813525
1630	-305.57697254274683
1631	-303.6925102433375
1632	-306.3103475755595
1633	-298.89869999999996
1634	-302.7279839303387
1635	-309.40475374116295
1636	-303.6321014640828
1637	-301.9404490401368
1638	-308.1798240617443
1639	-304.4544430215776
1640	-305.8655056008116
1641	-301.2357660759698
1642	-305.08886086413474
1643	-301.5648037229201
1644	-308.37515653206174
1645	-302.5829000000011
1646	-305.77562267423014
1647	-302.75423207301174
1648	-304.04321776284604
1649	-307.2388279930593
1650	-304.4437933136458
1651	-303.6742731699972
1652	-301.88919391250505
1653	-302.9120782785526
1654	-304.46059599511443
1655	-304.26053693873433
1656	-299.9221862467702
1657	-306.5014043319982
1658	-304.9251499748459
1659	-305.6212000960943
1660	-302.9503009531109
1661	-296.2119543222622
1662	-302.85724504581833
1663	-302.3081345306035
1664	-299.31528871986086
1665	-303.7143436061861
1666	-308.786202144299
1667	-303.06230276864204
1668	-302.7160137568387
1669	-306.13192977519583
1670	-303.0656622841494
1671	-302.22021952356863
1672	-305.4039464029684
1673	-311.1668336658549
1674	-305.37980675313963
1675	-303.6103581854365
1676	-305.6911116268562
1677	-305.209620434505
1678	-306.4726467964211
1679	-307.967674802198
1680	-308.4655339745628
1681	-307.18962139989674
1682	-310.74434547576055
1683	-304.9540374856019
1684	-309.4534379418198
1685	-302.0939446196091
1686	-298.07319262329236
1687	-303.1350795545217
1688	-300.5777619315496
1689	-300.3938464815068
1690	-303.36366044842964
1691	-304.2814602897248
1692	-307.0018255494343
1693	-302.263732543103
1694	-295.59046580700806
1695	-302.3693268203166
1696	-305.54010355984553
1697	-306.760962215958
1698	-298.2762
1699	-304.80998082962594
1700	-309.46231268436316
1701	-301.8820110432919
1702	-307.37638688918025
1703	-305.4614000242941
1704	-308.7083450943235
1705	-304.99329194721
1706	-304.3417866258973
1707	-298.2557000000001
1708	-300.1735205456749
1709	-306.2531871096538
1710	-303.73871847411857
1711	-298.3823138579086
1712	-307.1616856977353
1713	-301.1699740332592
1714	-301.588465172536
1715	-304.41649843987835
1716	-302.31916149417094
1717	-299.93397399740695
1718	-305.7290617980467
1719	-306.2106584195114
1720	-308.6998568235338
1721	-298.4725323936931
1722	-299.65746788872144
1723	-302.277931945406
1724	-302.2950313783404
1725	-304.75364237452743
1726	-296.65047544688815
1727	-298.787394592007
1728	-305.93141605098197
1729	-302.2750118882707
1730	-306.2733481104547
1731	-303.82816439901626
1732	-301.6543328748021
1733	-306.9783813830104
1734	-301.0648621087015
1735	-307.14124176474246
1736	-303.4502558208097
1737	-311.6399716964455
1738	-307.21208469177344
1739	-301.06389355962784
1740	-303.7777077442577
1741	-304.47454387840855
1742	-301.1173696804817
1743	-304.24957935347595
1744	-307.03130220843843
1745	-304.39187169903937
1746	-307.0302819094207
1747	-303.5347636679179
1748	-302.38860992246737
1749	-300.23559732975
1750	-304.87326404481155
1751	-305.6725079347834
1752	-299.8454643770555
1753	-307.2411727122544
1754	-304.20071229331046
1755	-304.50933504103057
1756	-303.9278098056876
1757	-301.09372462795375
1758	-303.51415118386166
1759	-307.59822398656183
1760	-306.4668253426186
1761	-304.3364155357367
1762	-302.79798431342635
1763	-303.95396975884177
1764	-304.303094803135
1765	-307.9233821363461
1766	-301.80762205329114
1767	-296.8533319153064
1768	-306.6226487079904
1769	-298.84793633342923
1770	-300.9360567386029
1771	-305.8389265670829
1772	-298.6708910096051
1773	-302.0775779444082
1774	-299.04701057132996
1775	-302.88374307827013
1776	-300.49805035220623
1777	-302.02093843279346
1778	-301.67175661887484
1779	-307.3766175947489
1780	-306.6644996080663
1781	-303.7925725318803
1782	-300.8146320505532
1783	-295.4455716968636
1784	-298.4726718130925
1785	-299.88538779521156
1786	-302.7805320765306
1787	-302.12159130113065
1788	-299.64532215599536
1789	-302.6088789589974
1790	-307.5235539606341
1791	-308.38135067802926
1792	-306.9497581538317
1793	-304.32936051040707
1794	-300.9523922323083
1795	-307.8787707401273
1796	-302.94104951246794
1797	-310.78403765001445
1798	-307.23022141307905
1799	-308.33206990197607
1800	-305.84951877382343
1801	-309.27616593425927
1802	-307.4432100456818
1803	-303.0559505833505
1804	-307.4061528910765
1805	-308.479437108674
1806	-304.32571171472233
1807	-302.4194972595848
1808	-309.68746647970613
1809	-301.65508736867497
1810	-305.53162639324034
1811	-304.99465142898566
1812	-304.1906951636704
1813	-299.7272938117663
1814	-303.435309359257
1815	-304.2191963347708
1816	-306.8277341558289
1817	-303.47417016761557
1818	-306.748685987972
1819	-305.22156162633576
1820	-310.14283006704807
1821	-308.4301387067261
1822	-300.4651679317234
1823	-310.84739394688427
1824	-301.81472094527237
1825	-305.4790534306404
1826	-313.6320583545376
1827	-304.75526283127505
1828	-307.6718753789957
1829	-301.60845775226016
1830	-305.2859540326185
1831	-302.4945639759929
1832	-301.4743922662136
1833	-304.78337058855374
1834	-302.54388866200696
1835	-291.5638851969878
1836	-307.17659474219914
1837	-304.9496986030137
1838	-312.06176472618176
1839	-304.4478118526148
1840	-307.8003924345705
1841	-310.5253890716908
1842	-309.83970951004375
1843	-307.9649625579301
1844	-306.33579845797055
1845	-303.21095079835817
1846	-308.84561990264666
1847	-304.9333526000057
1848	-304.6652205353154
1849	-305.26086376310684
1850	-302.2639066102922
1851	-299.1753281306494
1852	-307.1742730549542
1853	-306.2954467903992
1854	-308.60967478960833
1855	-310.7743912435007
1856	-306.89315142979876
1857	-306.07750659016364
1858	-307.60027141738897
1859	-303.95595939758937
1860	-303.7376714017086
1861	-306.210532065138
1862	-307.24681615783203
1863	-301.1552617040929
1864	-309.50263938971403
1865	-309.8992075815123
1866	-306.53556639103965
1867	-306.77039670218534
1868	-306.54962751244005
1869	-310.7825730212699
1870	-302.86072236792177
1871	-301.24852463308736
1872	-311.80367040182944
1873	-310.11978943279007
1874	-308.41445975177004
1875	-301.6932137458808
1876	-308.69283208933905
1877	-310.7426837750367
1878	-309.42741478755056
1879	-305.78689049929307
1880	-305.65207673870526
1881	-309.9641560720322
1882	-304.3946761025479
1883	-306.7144071289719
1884	-304.1593828771542
1885	-311.40566846144355
1886	-306.8438416583938
1887	-310.398477322172
1888	-307.35265114095154
1889	-305.72160434088886
1890	-300.0010812436512
1891	-302.68358248358174
1892	-307.0620750880753
1893	-306.85402681015137
1894	-302.772863141137
1895	-303.3825258526563
1896	-301.1511060432544
1897	-304.49205626019767
1898	-304.22480967471904
1899	-301.0210447299049
1900	-298.1818621771294
1901	-304.0534596857405
1902	-303.5732676876052
1903	-307.54285326088467
1904	-305.1971882298338
1905	-303.64494198243665
1906	-307.234033048143
1907	-305.10989308079274
1908	-303.3985302578385
1909	-308.1988372149394
1910	-296.9328903754265
1911	-310.22746041447164
1912	-307.9934486791249
1913	-304.9241687254718
1914	-302.94290975447404
1915	-308.6393137840018
1916	-308.40497968516377
1917	-309.5033068873359
1918	-307.6118244093712
1919	-313.45620012135885
1920	-307.6118863482743
1921	-309.563483611905
1922	-300.7105167270348
1923	-300.59457963953986
1924	-307.7743201024038
1925	-311.20228711387665
1926	-304.3402869587378
1927	-304.5130057727076
1928	-307.60028315084696
1929	-304.523041540934
1930	-309.54104168644704
1931	-305.4840542816931
1932	-303.65063058526596
1933	-308.4753426544648
1934	-300.10172260777006
1935	-296.8159484324397
1936	-304.4254078883127
1937	-306.71579787577986
1938	-306.98302699018944
1939	-306.49904283734793
1940	-301.07171167200903
1941	-306.6975962115442
1942	-303.712330571859
1943	-306.5678132871154
1944	-298.80532721894457
1945	-309.6760915711022
1946	-302.2896313588683
1947	-301.6884748570848
1948	-312.82234397284657
1949	-308.3419763288356
1950	-310.5701341044242
1951	-308.3905380661538
1952	-305.74419961608953
1953	-309.67385274457456
1954	-310.43241136097265
1955	-309.4563614339085
1956	-312.66627304988185
1957	-310.1535864972955
1958	-311.77350053703844
1959	-312.8000812772798
1960	-312.21815950588365
1961	-309.09825724033624
1962	-315.7441213142391
1963	-306.0076081548307
1964	-307.86372696372865
1965	-311.080139083251
1966	-303.4455710257899
1967	-307.9890613938744
1968	-314.3348446498153
1969	-307.10651565701863
1970	-309.48076440250026
1971	-308.7062519949865
1972	-305.71284696309755
1973	-304.7274617530065
1974	-303.30051085933155
1975	-311.9814287434043
1976	-301.5013719104053
1977	-307.4568768770634
1978	-305.81961815738634
1979	-306.19047734156635
1980	-305.1543566214446
1981	-305.19270039533956
1982	-300.1266107296673
1983	-303.87550751899
1984	-309.74631390592754
1985	-302.7872400310028
1986	-311.29835650507175
1987	-301.8558407481468
1988	-307.8193500136498
1989	-304.72398970771496
1990	-307.87192417225555
1991	-313.35047776775843
1992	-309.1239681771473
1993	-304.9958403777251
1994	-308.90092284222374
1995	-303.9871996027485
1996	-302.06449867585195
1997	-306.3302838639736
1998	-302.57724174567164
1999	-307.03000172208203
2000	-303.1630468887417
2001	-310.6084551034586
2002	-304.19808452625864
2003	-303.3764018782543
2004	-299.6395887050413
2005	-304.4745471511833
2006	-309.3202258697553
2007	-303.5191393587961
2008	-305.28935199243267
2009	-303.9845075913721
2010	-305.7137211311725
2011	-302.521786444775
2012	-297.22946615423734
2013	-308.43313739776625
2014	-310.3037307658529
2015	-305.84933969294855
2016	-309.9318253395411
2017	-307.8219728697224
2018	-302.73306314601683
2019	-308.2075079128887
2020	-307.4810308691119
2021	-307.75149204540287
2022	-307.6499882149165
2023	-296.59528355590044
2024	-302.2445547145413
2025	-301.3636183997733
2026	-306.8763484168262
2027	-304.34279283386246
2028	-314.59680809135546
2029	-309.6185146786786
2030	-307.5576926606153
2031	-307.75355071098585
2032	-304.4410502887654
2033	-311.26357790989806
2034	-307.6681406271585
2035	-303.0242906854277
2036	-308.8922735152538
2037	-302.8132888726127
2038	-311.5404979827999
2039	-301.52036866709113
2040	-306.2960439430784
2041	-302.98805662138767
2042	-306.1145319965053
2043	-300.851241233935
2044	-306.9143124947885
2045	-301.99881221498794
2046	-310.69108066658924
2047	-309.9275830796291
2048	-307.8516089124262
2049	-306.8573524003235
2050	-305.5106747599476
2051	-309.085167160094
2052	-299.98790052045655
2053	-297.9729703397891
2054	-303.7684557858489
2055	-301.83710055300577
2056	-306.5477347342224
2057	-309.8506413581326
2058	-307.5833628502215
2059	-310.6780667277708
2060	-309.1533726500702
2061	-301.84034270263516
2062	-299.7905117506089
2063	-300.28045490542837
2064	-303.2787221102441
2065	-301.9682519446057
2066	-298.2566
2067	-311.78210495495955
2068	-292.51761385336346
2069	-310.6747559697778
2070	-300.8014289535305
2071	-304.3938452374
2072	-299.02035357171695
2073	-299.27860757508
2074	-295.73963460760245
2075	-301.1706831514133
2076	-308.8247640391124
2077	-303.2665973473003
2078	-301.6092077323862
2079	-295.5922000000248
2080	-304.0542654098587
2081	-301.6205929521049
2082	-300.1745131314692
2083	-306.19111056068925
2084	-296.61043296701445
2085	-306.02609082530876
2086	-303.6108553897474
2087	-301.58370287397366
2088	-303.9214673647818
2089	-295.45074849270094
2090	-308.4989033721273
2091	-300.09609821865206
2092	-305.88146485569007
2093	-305.9183975728963
2094	-312.17937940929056
2095	-308.59880999225425
2096	-307.80872194956635
2097	-299.29256639133826
2098	-296.95995588198576
2099	-300.0018354067048
2100	-298.1838312202529
2101	-298.10217836249484
2102	-304.57761312302966
2103	-293.35393138481015
2104	-304.39342798836793
2105	-304.8022648174052
2106	-291.6583
2107	-300.4979704280292
2108	-300.0769
2109	-305.8763646797049
2110	-299.1588419142606
2111	-302.6081953774429
2112	-304.89353595155393
2113	-302.0524418278121
2114	-295.7824000000002
2115	-305.5137077670824
2116	-306.21784471833826
2117	-302.5857636479141
2118	-301.46212169215073
2119	-303.88861968120915
2120	-304.20000967896914
2121	-296.35604192707035
2122	-302.35514651836587
2123	-296.34603963413656
2124	-305.19915799999836
2125	-304.11243912563907
2126	-306.1034379642431
2127	-311.11127348789574
2128	-308.7888759460032
2129	-303.02226570377104
2130	-305.75610253878455
2131	-299.49324115398815
2132	-306.4375773347976
2133	-306.3621962122814
2134	-300.5782480235219
2135	-303.80270053796505
2136	-297.9383791438243
2137	-301.9667103877855
2138	-308.22994903733434
2139	-304.6950423729158
2140	-299.4439396281998
2141	-303.4585365545768
2142	-304.4324730644181
2143	-304.91189960473804
2144	-303.51497540202257
2145	-310.59992348028464
2146	-304.508901369455
2147	-307.34528608603324
2148	-302.52333499694817
2149	-302.97082745932875
2150	-292.813547125047
2151	-294.32543512857643
2152	-299.71034679047
2153	-299.07075830791894
2154	-306.24266015138596
2155	-300.7493573078163
2156	-306.9221981716386
2157	-301.2126552840611
2158	-303.8727284057709
2159	-296.23702370647436
2160	-302.67053420614144
2161	-300.4604643067435
2162	-303.09073693170393
2163	-298.52592173626056
2164	-303.99746265243317
2165	-302.55766876017515
2166	-307.23466907554143
2167	-305.22523554850363
2168	-298.3290690132692
2169	-306.03565314626064
2170	-296.7339408146008
2171	-305.2260220006942
2172	-297.81477665239964
2173	-297.57489177812425
2174	-302.9701000000304
2175	-301.2063578153608
2176	-308.71419137649724
2177	-300.32378293457003
2178	-300.0126
2179	-298.9059967124846
2180	-299.6784511250955
2181	-305.39102192323844
2182	-299.06718531142224
2183	-304.10129296420496
2184	-303.61672019572484
2185	-304.95688113857125
2186	-297.29722757477543
2187	-301.43235304331756
2188	-298.87843383483425
2189	-300.635609819216
2190	-296.485476559535
2191	-302.2475518985366
2192	-306.6416245285572
2193	-303.09499618130053
2194	-303.0663002899523
2195	-304.35670570351454
2196	-305.7498749453179
2197	-306.7374702073391
2198	-301.648962757312
2199	-306.30398692149873
2200	-297.37976696376813
2201	-296.8338482479259
2202	-299.9152649460797
2203	-300.1806410856107
2204	-300.8222512413425
2205	-304.78987494565183
2206	-300.79300990600836
2207	-301.12084675385427
2208	-299.0208072530877
2209	-302.4454830641359
2210	-306.00686691817685
2211	-310.70430598592674
2212	-304.7010195118887
2213	-308.8591849318522
2214	-302.281007339772
2215	-302.91871922517356
2216	-298.4623440606323
2217	-306.4875119725276
2218	-306.38411621646355
2219	-304.5368719726306
2220	-304.05125435083795
2221	-299.7164296955367
2222	-309.0909034511661
2223	-308.5326476730437
2224	-303.6407864353119
2225	-308.24402592018987
2226	-303.127423902708
2227	-304.13253988792917
2228	-307.24571943458625
2229	-303.27133327368097
2230	-301.99300355645414
2231	-303.6172122510479
2232	-301.1455270338273
2233	-305.6309038655063
2234	-305.73785500551446
2235	-310.2902937867108
2236	-302.86474310977616
2237	-304.50443380292796
2238	-298.3197902978604
2239	-302.4974000000001
2240	-298.23408894287047
2241	-303.4184987777352
2242	-305.7368001383652
2243	-300.37509558622236
2244	-301.0117396926244
2245	-302.26593689353643
2246	-301.73121901063456
2247	-303.51733624259464
2248	-299.85469049098504
2249	-299.40724343119876
2250	-301.8994654944579
2251	-307.8720606146713
2252	-307.4542299404244
2253	-307.61540068097077
2254	-301.7850346783937
2255	-304.24092428778766
2256	-307.85205884690066
2257	-304.39983925791086
2258	-302.94713438248084
2259	-304.9242645724361
2260	-304.151059962144
2261	-299.9615838076683
2262	-306.9148945721675
2263	-303.0703285401169
2264	-306.0087074839359
2265	-300.8421347222895
2266	-308.063893651668
2267	-304.3597988179895
2268	-303.566483370585
2269	-307.96198993143094
2270	-301.564789297969
2271	-302.62152737165786
2272	-307.4489411766452
2273	-300.8316593105895
2274	-307.07553434992644
2275	-307.2239568892292
2276	-303.9787750885206
2277	-300.79605376492225
2278	-306.7460222110951
2279	-305.52987139607893
2280	-303.3606105981141
2281	-299.35467260059767
2282	-306.5262110885546
2283	-301.94163449628036
2284	-311.58662881614947
2285	-303.92410761687273
2286	-308.93847238995096
2287	-303.4003119397811
2288	-310.59912356915976
2289	-308.9987256701203
2290	-301.48344261327395
2291	-305.1297481641794
2292	-299.96325911714666
2293	-298.05009761920536
2294	-303.0686128862449
2295	-302.4699171034776
2296	-298.83691549763023
2297	-307.58472795337667
2298	-295.7962937921694
2299	-308.62328966055503
2300	-305.6535885691461
2301	-298.3959639795323
2302	-297.84063019496534
2303	-308.6571385791514
2304	-304.36703906305956
2305	-299.4109692253532
2306	-309.7104433775888
2307	-304.4511678020328
2308	-308.60727306580463
2309	-306.9584281625399
2310	-308.54500576531854
2311	-305.42683489468527
2312	-308.15072289877816
2313	-303.25755954150725
2314	-304.97002311297217
2315	-305.88872051158336
2316	-300.0685954357484
2317	-308.6157147760652
2318	-311.6140747368611
2319	-311.6869298623191
2320	-302.82974585818283
2321	-304.76861666726546
2322	-300.60033381505025
2323	-305.44219094545707
2324	-304.8408631396605
2325	-305.45915345870685
2326	-299.0397946219172
2327	-303.1091303953466
2328	-307.76493470319906
2329	-307.68165723741873
2330	-305.64558165771723
2331	-309.0828818818559
2332	-300.80118149551834
2333	-308.17418911292356
2334	-309.1856187424913
2335	-295.2234424950481
2336	-299.90884312202604
2337	-304.2152303538583
2338	-310.2665166887232
2339	-300.3573165870151
2340	-308.1962542699374
2341	-298.38493942071534
2342	-306.57302624322824
2343	-301.14017548758306
2344	-300.44788818452037
2345	-308.83478946523684
2346	-308.40119999999996
2347	-308.1585197794586
2348	-306.1995840989046
2349	-299.6678688615377
2350	-297.0209965470579
2351	-305.57294649512573
2352	-301.1095432836021
2353	-307.4797387440972
2354	-306.65063128190786
2355	-303.4236485860898
2356	-306.3918386747369
2357	-303.7434671467066
2358	-301.90894574641186
2359	-304.99018055530354
2360	-307.40602889067725
2361	-311.79511238199575
2362	-302.5829551523206
2363	-303.5460066922805
2364	-306.10241345262995
2365	-303.778555543625
2366	-299.83663085601586
2367	-303.24746363734494
2368	-300.3445165252578
2369	-306.8824786852543
2370	-303.8171481086355
2371	-301.2678925888643
2372	-313.47342297060015
2373	-305.208568558417
2374	-304.92348306528055
2375	-302.14338467109775
2376	-311.4911280277047
2377	-302.83851199415136
2378	-307.1120966861445
2379	-308.52161031057494
2380	-303.9324000000002
2381	-299.06341998181233
2382	-299.9702547346765
2383	-304.602276241601
2384	-300.0251070889035
2385	-301.46090232666734
2386	-307.5571705227862
2387	-297.27421549189415
2388	-302.27821308883154
2389	-299.3790156329578
2390	-302.80253624741056
2391	-311.7264624161337
2392	-302.54076712845307
2393	-302.5973924321822
2394	-300.4905253916443
2395	-309.69982258318646
2396	-304.31760412112817
2397	-303.12138003893426
2398	-299.9593430770189
2399	-307.94916455211916
2400	-302.25216565132195
2401	-300.6121868124757
2402	-307.2626163752621
2403	-305.90507278149573
2404	-301.43985114669493
2405	-303.69700841371565
2406	-303.7690688651149
2407	-308.0595742012678
2408	-308.54368138935945
2409	-301.43216313831334
2410	-302.8182000004551
2411	-302.243685224434
2412	-301.3654532768622
2413	-302.44584905834637
2414	-306.7847214373496
2415	-304.34639387523504
2416	-308.98354348674275
2417	-302.668011574402
2418	-303.1369173565883
2419	-298.13772900087037
2420	-298.9688227746923
2421	-307.6643714220762
2422	-303.77260063857364
2423	-300.3183436660645
2424	-298.39526337502343
2425	-297.81402683134985
2426	-302.1739910537213
2427	-301.40548578910136
2428	-306.6226309787679
2429	-304.1086140250752
2430	-302.6030119909515
2431	-299.09321413120495
2432	-305.2596784846704
2433	-301.024451746693
2434	-304.79891947889115
2435	-307.44521624246363
2436	-301.59300072526185
2437	-305.33683407769365
2438	-301.1987381815515
2439	-302.62553168429184
2440	-299.90354707034845
2441	-299.89918775425235
2442	-300.9826998668803
2443	-305.2701065027092
2444	-307.8406215758243
2445	-305.05643406951356
2446	-304.8156029889659
2447	-302.45477678224796
2448	-305.4039335650834
2449	-302.05202815530936
2450	-305.1189173643737
2451	-302.450332134506
2452	-305.501341053135
2453	-301.3076873654863
2454	-305.97112463589445
2455	-304.0821142944902
2456	-304.0915321997985
2457	-306.61547963477324
2458	-299.753609340917
2459	-310.7461158237255
2460	-307.83507242172345
2461	-306.04024647284314
2462	-305.11323703791896
2463	-303.94389416135766
2464	-300.1119436519438
2465	-307.6024254880567
2466	-304.7808
2467	-303.74994467578847
2468	-298.86937287561756
2469	-305.034164610989
2470	-301.64833982633235
2471	-299.25205797271866
2472	-300.7906012654767
2473	-298.4505522508546
2474	-307.341903825899
2475	-298.93351957947175
2476	-307.9222205961493
2477	-305.36597650966235
2478	-305.3046698853078
2479	-307.420270138592
2480	-304.614065033126
2481	-302.57942098954106
2482	-305.5432736369486
2483	-306.30282576961247
2484	-300.97750110905974
2485	-305.5133424250414
2486	-296.2777110902979
2487	-304.9387000004462
2488	-295.41466757711976
2489	-294.38530000904893
2490	-300.65452778602327
2491	-295.1920277752245
2492	-307.795724269721
2493	-297.94601485861716
2494	-309.8227204321869
2495	-295.6620430459527
2496	-305.2849705206931
2497	-302.7926210074338
2498	-305.3850340391181
2499	-308.9051669451731
2500	-303.25895807350906
