1	-299.00439433177297
2	-303.82098332676446
3	-303.6963349191906
4	-305.396680615084
5	-296.93470692516405
6	-300.89265310286333
7	-303.14538295253993
8	-302.36185808689896
9	-304.38026595039713
10	-301.40125197153986
11	-305.13207477516596
12	-302.822245134846
13	-307.3442406660043
14	-303.43937934990504
15	-302.67160000000007
16	-299.61096301686575
17	-303.3435762113315
18	-303.5862641281505
19	-300.94403341674354
20	-308.9888005407333
21	-306.94443773553365
22	-306.64596494778704
23	-297.4426087752561
24	-301.8972218799545
25	-302.5084243738141
26	-304.33050748996374
27	-300.31806856631835
28	-301.1800042629674
29	-299.90058982500386
30	-298.09181776308304
31	-303.9181446152711
32	-308.84474379164493
33	-300.0860165623065
34	-300.721250049963
35	-304.15178879183094
36	-305.8557673825824
37	-311.5485672457125
38	-307.60452470974343
39	-305.168642680585
40	-302.0768183472767
41	-307.62806665738526
42	-302.1713459541651
43	-303.89950599454
44	-306.77337196184646
45	-305.8941799003537
46	-305.2221600791832
47	-305.0167360298766
48	-303.14042502050404
49	-299.65306891940503
50	-305.28147826275705
51	-307.4549284127515
52	-301.22521260123426
53	-304.3491613296288
54	-302.993901943897
55	-306.84955124820374
56	-309.1475139776889
57	-303.11243828884005
58	-299.4039884388468
59	-310.56601879894714
60	-304.86369155503166
61	-303.25760159631153
62	-301.6717004954835
63	-303.90376202913603
64	-300.3420320412143
65	-304.86674362408775
66	-306.8344718995459
67	-308.3678187835379
68	-302.6609470826173
69	-306.4810651786503
70	-306.6440699736349
71	-309.5334000104806
72	-313.9195432720285
73	-309.78459881935186
74	-301.09127966003285
75	-297.5702641115131
76	-302.24456198467334
77	-304.7941978420609
78	-302.40741019264607
79	-310.5060993260343
80	-305.12152683056615
81	-296.39596735079607
82	-304.5104000010887
83	-310.7462403230071
84	-308.1491000968457
85	-308.939776218858
86	-304.7072953948013
87	-305.232947743308
88	-304.2245346571677
89	-302.9758134461532
90	-303.6177475467857
91	-301.3501366039866
92	-307.1229752192728
93	-304.0893932025992
94	-300.9905704125249
95	-298.91931636496423
96	-302.98013345913745
97	-297.588994969608
98	-297.57770014358107
99	-298.5572
100	-306.1875111951843
101	-303.06724319977394
102	-300.3496330740232
103	-302.87571504652175
104	-307.3909004189356
105	-305.6195897499307
106	-306.3841906838427
107	-306.49994136940353
108	-299.70473742455096
109	-309.77410496216703
110	-309.80432192811446
111	-304.0378109334461
112	-301.61888361859593
113	-303.96069663730793
114	-309.70374089608976
115	-307.5977477803078
116	-300.08350729248167
117	-297.73183841397173
118	-299.73680816851174
119	-304.28892841464796
120	-295.8971143095874
121	-297.88557730633653
122	-300.2695
123	-301.93977477586145
124	-306.762566631651
125	-308.29281125963286
126	-301.561091797568
127	-304.9724368793963
128	-301.0845837433487
129	-306.1012849931507
130	-304.2556166876172
131	-304.6823901005191
132	-301.94220743072117
133	-297.4962191024714
134	-302.91443369045936
135	-308.4249796208174
136	-305.76000753813514
137	-304.579392947013
138	-303.466072827652
139	-300.5847485720921
140	-304.25777356011383
141	-307.31357230090686
142	-305.65571844859176
143	-302.59279081061857
144	-300.233442871609
145	-302.97892714599317
146	-305.218035599242
147	-302.78855745258267
148	-304.5188621933447
149	-301.14335292314735
150	-307.7163184537346
151	-296.3857849385945
152	-305.76420243261896
153	-302.7032025351434
154	-304.9400743004135
155	-306.0864447655414
156	-307.69120024234263
157	-311.55282040227763
158	-304.2832105848295
159	-304.14489830364676
160	-307.92415436663515
161	-301.3936973810038
162	-303.5918614376956
163	-299.83535318337556
164	-300.57272359821553
165	-305.08010697674104
166	-306.04851322087177
167	-297.6816258240293
168	-298.3250556848602
169	-309.2776205878708
170	-305.3231366560761
171	-301.4229219645006
172	-300.5166354150776
173	-301.99441540002863
174	-307.3696999597771
175	-307.4083222385521
176	-302.99728193444594
177	-314.1589838328877
178	-300.0453436630176
179	-308.7323658541993
180	-304.78701103566476
181	-304.31884220868886
182	-306.09966405185077
183	-310.8991800271098
184	-300.3883358422384
185	-301.82026369903986
186	-300.6612118951373
187	-305.9079452849479
188	-305.0472494645054
189	-302.19832192743525
190	-309.2515124731184
191	-309.69990373947627
192	-299.0609633047874
193	-307.1472509773121
194	-307.425328496028
195	-299.9839879244567
196	-304.7520558287801
197	-303.43144208229614
198	-306.88990000006095
199	-301.44792429620526
200	-302.92185816157945
201	-304.8379328496489
202	-303.4209542303296
203	-299.69247723255995
204	-304.0060218714756
205	-302.4269298402539
206	-303.96244698464676
207	-307.34498839412726
208	-302.4376641583192
209	-301.3304383042656
210	-305.36245357529407
211	-308.22485551914167
212	-297.933391897712
213	-299.7924280238273
214	-308.07274832173005
215	-301.0052547613761
216	-305.1540691447638
217	-306.11926672418514
218	-305.33472692950875
219	-309.37695062798866
220	-299.2943
221	-298.2151845851194
222	-311.5746905977922
223	-306.1753065515038
224	-305.4113710603088
225	-309.8271723656092
226	-298.0013641235226
227	-301.80935381128205
228	-308.3327197653825
229	-301.5282000020939
230	-303.95936887108525
231	-301.7216177702589
232	-305.49352292335595
233	-308.4752575413318
234	-304.4137974616697
235	-305.4904618704411
236	-307.28379457250725
237	-307.1600702418665
238	-306.8137261677376
239	-305.2411454269707
240	-301.9464491497737
241	-301.95006541770596
242	-307.69778603097643
243	-300.91010553367084
244	-300.38382486971636
245	-303.9272248032293
246	-302.7966412503001
247	-302.23247077295605
248	-302.58206632888835
249	-302.6957860308623
250	-303.52271269378053
251	-306.4461190015994
252	-307.3288360273407
253	-309.1014871054222
254	-298.55638345329174
255	-306.2181814609159
256	-306.87010544097075
257	-302.8568279687842
258	-304.9100926046123
259	-305.18346666507455
260	-305.81687425912645
261	-303.63467576713083
262	-306.6052198758396
263	-303.2684899219231
264	-302.9658732544212
265	-305.332104830058
266	-303.07467634649714
267	-305.04075367977003
268	-306.7208795787157
269	-304.33535384652725
270	-307.9228568726262
271	-300.52665547486845
272	-297.8704432178262
273	-307.1328061232058
274	-306.65530081864597
275	-308.26869846286553
276	-309.10901992428825
277	-309.7756532992281
278	-310.54993970221534
279	-301.2750478929547
280	-311.75718645478923
281	-306.64145893128943
282	-299.508138781612
283	-304.7498646459989
284	-303.11567911691
285	-304.880389292274
286	-300.39782374860926
287	-301.7273356244149
288	-301.28913324406415
289	-310.24524876000015
290	-302.5860207511107
291	-299.54746926918864
292	-302.34870901427144
293	-306.8231429708775
294	-306.0306393111653
295	-299.6250207359142
296	-303.7652000946283
297	-301.3804729267883
298	-297.97415959262656
299	-303.71955343703655
300	-295.1504864863286
301	-301.6156280967886
302	-297.6479207394227
303	-303.15709711303623
304	-303.7427053135585
305	-301.13487101822454
306	-309.8943004185706
307	-301.4916505390586
308	-299.89587959634866
309	-304.4670235710749
310	-298.6613348093439
311	-304.8260373662209
312	-300.4624656792666
313	-301.55386016144547
314	-304.2737924600211
315	-311.30129645694626
316	-309.5029383479747
317	-305.33171494858937
318	-304.6416074254962
319	-301.76850224779156
320	-310.6350130687781
321	-306.1900290761198
322	-301.0216839324389
323	-303.6563525369579
324	-306.073643749883
325	-308.2545396783557
326	-300.7293004131248
327	-306.2770847551025
328	-300.6076770243644
329	-297.6728054980042
330	-306.9407779372794
331	-306.13048660261467
332	-294.4366009209842
333	-305.86741744855175
334	-299.5630724645961
335	-301.541012865641
336	-303.1917134489274
337	-300.2770351733214
338	-305.04897134449857
339	-292.38175900294453
340	-298.9939329037188
341	-306.98012423361325
342	-300.2094990837153
343	-305.81326181037656
344	-303.24471061796123
345	-301.6603000207242
346	-303.0475060142765
347	-310.12257073796576
348	-304.5405670774756
349	-307.82295314448766
350	-300.0034687160484
351	-300.9946140808936
352	-297.7738719427015
353	-305.00341628497335
354	-304.37653379732967
355	-304.2531617644717
356	-300.3544507326274
357	-300.462266425446
358	-304.6864188239828
359	-303.44260405815504
360	-299.6763445847229
361	-301.4525198094235
362	-304.07865888058313
363	-306.48180775317786
364	-306.85428586867584
365	-305.60755342244784
366	-304.05375586653486
367	-313.65028450892663
368	-307.1612956491928
369	-305.151272760166
370	-313.1578353733442
371	-297.3556534201182
372	-301.918796397342
373	-305.74342097052073
374	-308.1108776703358
375	-311.28030134372204
376	-298.7806077856304
377	-300.8344141250605
378	-294.9845115260445
379	-304.19272114863196
380	-300.3337746736875
381	-309.3707032216396
382	-304.520273055049
383	-301.4230887157693
384	-305.15481732218086
385	-304.9338282404246
386	-305.53028513005574
387	-306.32703960548974
388	-306.1472129737532
389	-306.71795591389497
390	-306.10141972759095
391	-298.7264012415303
392	-302.66083730700916
393	-292.34160017414047
394	-313.9543062085841
395	-308.0750321532315
396	-305.3904903103241
397	-307.62772504600144
398	-306.70677188158515
399	-305.85504517641834
400	-299.1565345852917
401	-304.65533749745225
402	-295.02247386842936
403	-305.0890330993394
404	-307.05636388301355
405	-308.3437070138408
406	-308.2680094310139
407	-300.22343416047937
408	-306.79729428466027
409	-298.58863846853507
410	-302.46896393184386
411	-303.1675878008323
412	-303.3124399643183
413	-302.18569254696297
414	-299.08739849468157
415	-306.71372840173666
416	-309.647643377606
417	-306.4425980289589
418	-304.2725128562599
419	-301.4907002091426
420	-308.81143970046656
421	-301.6296076648331
422	-302.5294496730626
423	-302.1660461846231
424	-307.3910456265866
425	-303.89935062185714
426	-304.6518271284802
427	-313.8321856531424
428	-301.02279375012796
429	-312.5910557062038
430	-305.00134780916153
431	-306.8622827079817
432	-310.1209577916704
433	-307.9231748751145
434	-306.41433234917156
435	-304.53666530929024
436	-302.18092140976586
437	-307.4882916414148
438	-303.33395936074305
439	-297.8232108727064
440	-304.372380853898
441	-304.36880982982706
442	-303.3611
443	-302.0653824021372
444	-307.79295204418355
445	-298.9071217047139
446	-301.9940380663305
447	-307.3316213534894
448	-298.43753547280096
449	-298.86436962593615
450	-297.6662300840736
451	-307.1606067139782
452	-302.2826465764518
453	-307.883997970296
454	-303.333524953713
455	-308.2798031829302
456	-305.366870929061
457	-300.38447197970146
458	-303.56912368336157
459	-302.0781071000532
460	-302.46728035077246
461	-305.750015882302
462	-303.95182044192296
463	-302.28223919211695
464	-309.4677141069111
465	-310.4605950346193
466	-306.83287565331585
467	-303.1218621279031
468	-304.28110867492
469	-297.8405605430618
470	-300.1083516276643
471	-300.75007989261206
472	-299.59488167139506
473	-300.0762403037738
474	-308.49263133320994
475	-303.52481115375116
476	-300.9422557058988
477	-303.06121665108606
478	-300.1661983310978
479	-301.7216072255064
480	-300.8821055396947
481	-306.59261391886344
482	-302.1305258423111
483	-303.7086599716288
484	-303.0992543122107
485	-302.5648593336894
486	-296.4643296933994
487	-301.99173156096515
488	-299.26443633225574
489	-304.59261404738487
490	-306.4648550950968
491	-300.62973198528795
492	-304.4353803862291
493	-300.5240294535993
494	-298.6376090078207
495	-311.04831598407094
496	-304.16850330868687
497	-304.0383169907731
498	-303.43971555646624
499	-301.96857770632437
500	-304.85124167140236
501	-303.3408428797727
502	-313.17628791046104
503	-306.0801546992216
504	-303.4545451389888
505	-306.1629649782985
506	-309.9740601033889
507	-302.98477781843957
508	-297.51391423040866
509	-300.0053748749956
510	-301.82658018036847
511	-300.6009989809036
512	-301.3989790492434
513	-308.9825531208308
514	-302.94638793969744
515	-302.6687739081904
516	-294.3313042515498
517	-298.466208056414
518	-302.28743620617354
519	-307.95363957511944
520	-306.1789390163405
521	-303.36785552908384
522	-302.9950097313557
523	-303.5350783146657
524	-303.2295264419119
525	-308.8206176660969
526	-303.96535441302007
527	-303.1675943094927
528	-305.62714160051814
529	-299.90914712840674
530	-306.7999569305284
531	-301.0694486457752
532	-301.21332279407426
533	-304.18976070397724
534	-297.8123018331268
535	-298.6035315869889
536	-297.66003680367584
537	-304.0984441589443
538	-307.427675114878
539	-305.69100980791814
540	-305.7876814969881
541	-314.63696553480537
542	-293.24035315667135
543	-305.320307310514
544	-308.7962447771557
545	-308.90964448874746
546	-305.35272805898114
547	-303.97720479611155
548	-302.12023028741487
549	-297.8832720094972
550	-302.2316284257401
551	-309.03604152729355
552	-300.43214596398104
553	-309.3074690306929
554	-305.2732814051429
555	-301.86229782450505
556	-303.70558706365784
557	-306.41894064002685
558	-300.76102008357685
559	-309.0249916225513
560	-301.94726930614644
561	-301.9061545940077
562	-303.4299689329546
563	-301.5542664641882
564	-305.24458568658537
565	-295.42905924773714
566	-306.63359727824326
567	-299.3351437699454
568	-300.89429748181726
569	-299.18709999341655
570	-305.042259496701
571	-306.6118691084579
572	-308.3786761112687
573	-304.5923267351066
574	-303.5705520091278
575	-309.8802344951575
576	-311.96667398422403
577	-300.8424039424814
578	-304.80775405412373
579	-303.9355428552371
580	-308.47220133195657
581	-304.4814867298903
582	-301.0624975602051
583	-297.5218823669326
584	-307.85256555234463
585	-298.9300934637218
586	-303.4747322945299
587	-303.26182357457685
588	-308.584875101705
589	-302.62412340458167
590	-307.3616923220945
591	-305.8416144358384
592	-296.99549604310636
593	-306.3411524030262
594	-302.40745465922527
595	-306.22411507503347
596	-307.03939327660925
597	-303.8392610978615
598	-301.1860044872802
599	-307.0730296818269
600	-307.84631182529296
601	-305.5701303910999
602	-304.20143888609533
603	-303.6812955040506
604	-307.32277856318206
605	-306.1245987800298
606	-303.34771364590677
607	-301.2948022586605
608	-302.4411856504867
609	-296.09275079063474
610	-312.712301158967
611	-308.5081299514336
612	-304.67585401928693
613	-306.5065781302648
614	-302.98187831261663
615	-303.8582216204905
616	-301.6977031736137
617	-300.26951584422534
618	-304.77848669694123
619	-303.463256117846
620	-297.1258751022459
621	-299.96846784973434
622	-309.09719207777516
623	-304.8855319824327
624	-306.2787415841703
625	-300.67077611440186
626	-303.7533725291552
627	-305.7116000638296
628	-307.0910315009261
629	-300.3721517224259
630	-305.96824198869473
631	-305.7579354880686
632	-306.80312314525895
633	-305.94452259247055
634	-305.0122002918323
635	-302.95116321264464
636	-304.9577081369073
637	-304.20263176219737
638	-296.8110187773506
639	-308.3948882450434
640	-301.73209653310374
641	-302.8732623636498
642	-298.590505061305
643	-312.5945063227485
644	-304.8853994489055
645	-301.7103506948133
646	-299.79668627474973
647	-305.271433390198
648	-302.6411215870811
649	-293.0856421938397
650	-304.1186277547861
651	-307.54024692041224
652	-303.8992225642875
653	-306.36681324748474
654	-301.77438318915347
655	-301.9229928228929
656	-302.0228414928762
657	-303.58763519724636
658	-302.114
659	-300.73440229135736
660	-300.7689228609327
661	-305.5151895373802
662	-300.2088086111527
663	-301.35309852135464
664	-303.9304766221727
665	-299.48347581278176
666	-306.0740034043837
667	-299.9864346208856
668	-306.8712165438851
669	-308.23819900024904
670	-301.8320534449682
671	-302.47036494818076
672	-305.759900000049
673	-307.4325769822991
674	-300.30402761771165
675	-301.33330304144346
676	-304.9841702983039
677	-310.23225560723955
678	-304.6819423813371
679	-303.1372962949429
680	-300.5669930119754
681	-306.2782847898239
682	-308.1268530717421
683	-302.8216773099228
684	-303.94362541242265
685	-301.4334614594569
686	-303.56873933009336
687	-304.5540193099648
688	-306.0487607781728
689	-305.5803272522696
690	-302.1496607215257
691	-296.0036836501145
692	-297.91505860467953
693	-305.6521536999113
694	-300.92841768269545
695	-306.207994695714
696	-305.8978107022608
697	-297.9900963784668
698	-299.99361912930266
699	-304.42037646141904
700	-295.31861040817876
701	-306.9673195121135
702	-308.3672345165352
703	-300.71971969079374
704	-302.281862945274
705	-304.1911166676367
706	-302.98590033432134
707	-302.9957045135519
708	-307.50773012783753
709	-304.90120579484824
710	-305.6574788603453
711	-309.706946983127
712	-303.64670529488154
713	-304.97081689326797
714	-301.8094342084433
715	-307.01509462790057
716	-309.3420899120655
717	-298.21173966826507
718	-307.4775893611046
719	-298.89565724254203
720	-300.86639834486135
721	-298.81700000000023
722	-297.8366852747946
723	-300.77388845145765
724	-298.96324929659085
725	-300.38917478857746
726	-297.70569676799516
727	-304.20644130426683
728	-294.8697000000001
729	-299.07756058577263
730	-296.9496
731	-301.8449
732	-307.98800016347025
733	-302.79468737603554
734	-307.9635046013435
735	-304.2837425037341
736	-303.6669022124565
737	-301.8758317115121
738	-297.4036176246831
739	-303.813913116316
740	-304.7884037569984
741	-304.98489775835463
742	-297.3374261101625
743	-306.1297226357319
744	-304.10388208835354
745	-299.79138614599486
746	-307.32717640844413
747	-303.00145489940604
748	-308.2803675442065
749	-305.81441164151084
750	-298.3811407797796
751	-303.2295004439348
752	-304.4462477894495
753	-300.33904450929384
754	-303.8209912209654
755	-305.8644804304235
756	-304.2362667169414
757	-300.3567004701086
758	-303.8341814248169
759	-304.67456791057924
760	-302.8996897899692
761	-299.9430303389216
762	-305.0886346099435
763	-308.1073939997897
764	-307.7202453946477
765	-305.14815904238395
766	-309.28840363278835
767	-297.9585224051309
768	-306.0026426524526
769	-304.92551139592774
770	-303.5619456324642
771	-301.85962125120903
772	-302.32768367320114
773	-305.1074362239619
774	-300.2552668772307
775	-304.9072010760793
776	-310.1625875957534
777	-306.38044617255497
778	-306.48645191645824
779	-305.4035331425222
780	-305.1796206487832
781	-303.91936921976804
782	-307.1945747775435
783	-307.8822084427716
784	-308.43494335110296
785	-305.2485265892804
786	-297.8335000963793
787	-306.78457967594613
788	-308.1297569315592
789	-308.42349977276484
790	-305.05197370554015
791	-305.04156182737074
792	-304.0325945889253
793	-305.4086625865393
794	-303.8043807870862
795	-307.35491650385046
796	-303.9117256839878
797	-309.5031808835988
798	-302.80452677972966
799	-309.737232416484
800	-305.3843209968064
801	-301.762360638349
802	-306.3421885737504
803	-307.4590411822035
804	-304.7455792618403
805	-306.68925510985065
806	-302.72229165116505
807	-308.29030000000074
808	-308.1183062357517
809	-305.08054260289094
810	-306.17390376514214
811	-307.28838583097274
812	-311.63846305545565
813	-298.65665501943505
814	-307.2163960821286
815	-305.24241817382836
816	-306.83573575346554
817	-302.74818561799924
818	-300.73593704895654
819	-304.6376000000001
820	-305.1141558338552
821	-306.977537630132
822	-305.7212766354158
823	-302.7079116452014
824	-314.9077257119168
825	-305.92087357994427
826	-308.3210695178735
827	-305.33045230252435
828	-303.9377683566383
829	-306.6699753605316
830	-299.7143060375255
831	-302.29862722453237
832	-307.0266271384348
833	-302.7185346024766
834	-306.5262444268229
835	-299.88755641249315
836	-306.45470000072373
837	-302.8064424666404
838	-302.10388173880534
839	-304.08134670030256
840	-301.4533092295549
841	-302.974620549886
842	-304.7243485134564
843	-297.3146477826515
844	-297.5735151798569
845	-305.79877397650426
846	-304.1387951433292
847	-309.1991835087033
848	-305.96070047619855
849	-311.2697822323105
850	-303.51587380885064
851	-303.8930808041307
852	-306.4407943740612
853	-298.06008417203924
854	-304.9689057470219
855	-302.9547401447906
856	-313.81816352912585
857	-305.9240828593302
858	-303.3618592029629
859	-303.0830278263004
860	-301.72644503776695
861	-308.4976471771841
862	-307.8535299575208
863	-307.1226889315403
864	-305.4727010062
865	-303.92008572517835
866	-303.6727453275299
867	-307.74479934821176
868	-299.71961360631883
869	-304.83994257399314
870	-298.9844272157778
871	-299.0401769043635
872	-310.20930407566834
873	-303.0822000000012
874	-302.9347490152769
875	-305.8731726749352
876	-305.99716343466525
877	-306.55996802455877
878	-305.68748786704174
879	-300.6260506768425
880	-308.82008068134445
881	-304.71767548347583
882	-305.2819854940504
883	-301.2266606222563
884	-299.8774070995587
885	-307.84548796992334
886	-298.2176560082946
887	-303.9357000080153
888	-306.11683097851756
889	-304.13804852061645
890	-307.5057965437473
891	-299.57885288181393
892	-301.7380641086541
893	-304.82991302449915
894	-305.3537920287363
895	-312.5512061010949
896	-303.42114346617427
897	-301.64922816071754
898	-300.070426152643
899	-302.07955558307833
900	-307.045832002846
901	-297.2145058277552
902	-307.1991567035401
903	-301.11632288707773
904	-303.1822091717943
905	-297.07413671066143
906	-297.65066184962444
907	-304.5690276942188
908	-308.8737245964716
909	-304.00447440464404
910	-305.70184745713397
911	-304.29385930121026
912	-303.12412447807617
913	-296.9561686424857
914	-301.8560084116613
915	-303.9196554113709
916	-307.0497490520592
917	-305.2815818671307
918	-304.77471888009836
919	-307.8903551904485
920	-307.97579355844
921	-297.69958146756716
922	-306.31457296575195
923	-298.530113233547
924	-305.72161112624957
925	-307.7152870510318
926	-308.7354865203482
927	-305.8161434299653
928	-299.5871795584288
929	-306.62529874624624
930	-304.5287883971467
931	-310.0889115174117
932	-302.8044008963727
933	-301.60655900785144
934	-306.9089004283838
935	-307.04285422757897
936	-305.7731524790177
937	-307.4992991184225
938	-304.1854670668007
939	-301.0586473557078
940	-303.4399633213155
941	-301.9998190274714
942	-303.41583400039246
943	-309.8913017987968
944	-308.63561235215906
945	-303.7618600540675
946	-303.24369577386767
947	-304.27891618459944
948	-300.52956585212064
949	-306.7499346433769
950	-301.95630000001336
951	-307.0801083888933
952	-308.4179976353915
953	-302.57837357234814
954	-304.58917184408887
955	-307.1145878468699
956	-304.2999709720559
957	-308.70160652253105
958	-297.40520328562957
959	-304.06833211196545
960	-299.70073718969576
961	-307.35451102356234
962	-305.0444481001748
963	-302.82846330814476
964	-303.2073539245479
965	-305.1855399904015
966	-303.4703183030738
967	-306.2802882518827
968	-300.251599158498
969	-294.3093884048008
970	-302.009677835879
971	-302.36737044903646
972	-306.66531531352945
973	-309.93496758816497
974	-306.4683284585194
975	-306.7710281497935
976	-310.70986675111766
977	-309.38786675386774
978	-307.5850734223909
979	-310.9900986361075
980	-310.3133718571607
981	-311.83319726354136
982	-310.44432403705827
983	-300.3255210334768
984	-303.91981654929685
985	-313.9331613346752
986	-308.5256046681356
987	-309.750588732798
988	-306.3548413031639
989	-302.7831418465353
990	-305.30385374700245
991	-310.98907146765634
992	-306.5052159387906
993	-302.70331637827684
994	-305.1331172059633
995	-309.15887704753516
996	-303.9629552044325
997	-308.0260508071932
998	-304.3858625261673
999	-302.77956714000084
1000	-302.8629299415009
1001	-309.08583024127415
1002	-307.2164290891739
1003	-301.32705488197934
1004	-303.3129785273466
1005	-301.451521885059
1006	-306.17628083716465
1007	-305.82086709785995
1008	-293.17291079853277
1009	-304.4310068976764
1010	-299.52582294545834
1011	-297.80669298224456
1012	-300.3674111666173
1013	-307.54776776997954
1014	-313.4302414193856
1015	-312.3548961275205
1016	-306.44349627670994
1017	-307.42608842178976
1018	-307.1423769256
1019	-309.51979594514967
1020	-310.4486361579634
1021	-306.6347209482632
1022	-310.31003504860143
1023	-301.1908870948982
1024	-300.53907700710727
1025	-296.35329171173106
1026	-306.73440153224334
1027	-304.86982870218986
1028	-304.373542919286
1029	-304.3546545483933
1030	-308.5210039245232
1031	-304.67578101958213
1032	-303.6690324722857
1033	-309.22583776979985
1034	-304.4931760366737
1035	-302.8896773443413
1036	-300.3385592814589
1037	-314.1540070938207
1038	-304.14236355500344
1039	-309.45106532110833
1040	-304.23603893469766
1041	-298.4660420393541
1042	-298.81133551218295
1043	-305.4373899336165
1044	-307.1937957606911
1045	-306.83149031054796
1046	-308.0997301082192
1047	-310.5429094191313
1048	-311.24622557048247
1049	-305.4897450678379
1050	-307.8348347825255
1051	-307.3540362578449
1052	-303.41173536632675
1053	-306.99044708404745
1054	-310.1621324682871
1055	-311.7653352613682
1056	-308.01042274493506
1057	-308.80401216407824
1058	-305.0066431916825
1059	-296.63051435489484
1060	-306.1682909533448
1061	-303.5359969810935
1062	-298.2639723085245
1063	-302.39430802361704
1064	-310.00327105847975
1065	-306.4413045240962
1066	-304.4667242156809
1067	-307.5647740231244
1068	-305.4485516637744
1069	-307.9399153334747
1070	-306.1938872848199
1071	-308.0465526593372
1072	-305.8425208355937
1073	-307.8881344254596
1074	-305.1420697947856
1075	-303.0399260421909
1076	-304.4196836714017
1077	-302.79279562242317
1078	-300.2231211262851
1079	-307.7895317817424
1080	-307.7248301028926
1081	-311.30286358670816
1082	-312.0558364366028
1083	-307.8103377986439
1084	-310.5369951516435
1085	-311.91219116396303
1086	-307.9810506536247
1087	-309.5819711336051
1088	-308.90273950876207
1089	-313.75956930243586
1090	-310.368894206209
1091	-309.3993381164982
1092	-307.14176723302813
1093	-308.78395182373674
1094	-303.8918362209063
1095	-305.4501254946099
1096	-303.6167161173044
1097	-300.9481362129811
1098	-294.7922790725606
1099	-310.2061083852964
1100	-297.51050424077977
1101	-305.05794736432165
1102	-304.43172157082586
1103	-304.90168170597036
1104	-306.93508744688427
1105	-306.3354196425565
1106	-308.8601538988995
1107	-303.8421437956695
1108	-300.715670835954
1109	-303.4662292866287
1110	-300.63219306348014
1111	-306.4366219806793
1112	-294.67814436548684
1113	-303.5725946794133
1114	-302.18318493821795
1115	-309.8769240927494
1116	-308.46679784061973
1117	-305.206696762415
1118	-309.2007101959504
1119	-300.10429157412506
1120	-302.17080368457056
1121	-306.29536851938315
1122	-306.1918437065558
1123	-303.5859521528464
1124	-305.68680080741655
1125	-300.6372027968695
1126	-304.4521433279873
1127	-308.35150670185214
1128	-304.72288427918403
1129	-307.840800168504
1130	-312.67079647211216
1131	-303.8369550569132
1132	-310.1481573185286
1133	-307.43650993205716
1134	-312.58093738162813
1135	-305.11087431722785
1136	-312.0163629601959
1137	-312.7526985265016
1138	-304.7788137465309
1139	-304.2531761973529
1140	-307.50292490581813
1141	-303.2170873575761
1142	-306.57970298346123
1143	-305.17442656470575
1144	-308.28820769199706
1145	-307.9050009830356
1146	-306.9933442412791
1147	-307.0757988809823
1148	-301.661552008269
1149	-309.6395604381429
1150	-301.4292723365739
1151	-307.93701910318885
1152	-310.308292004642
1153	-305.91100114749923
1154	-305.79851144979705
1155	-303.64676781620267
1156	-302.8720108617494
1157	-306.4311229811081
1158	-304.7745941169425
1159	-302.89584301301727
1160	-306.84291627050015
1161	-310.75676024395295
1162	-303.5451579999412
1163	-307.66058337850797
1164	-305.1369900600649
1165	-309.8059032099886
1166	-312.02515861734094
1167	-311.5136819491459
1168	-308.8919078933523
1169	-309.99146550748156
1170	-309.85425182640836
1171	-305.18273915315257
1172	-304.0920834403251
1173	-310.82515248367514
1174	-300.2391998151175
1175	-309.30158018620097
1176	-305.11177042222573
1177	-302.75612656259057
1178	-303.80107361485886
1179	-302.7690503790606
1180	-303.6806619962922
1181	-311.9876985029903
1182	-299.860364774649
1183	-302.7453684362087
1184	-301.2810144091521
1185	-305.02942502979056
1186	-309.7717758647997
1187	-301.42093097789814
1188	-306.53857475351197
1189	-306.4396862542998
1190	-306.21061681189946
1191	-308.4970914424094
1192	-307.89297218990816
1193	-308.89079744603725
1194	-309.934963697772
1195	-305.3438748586323
1196	-311.660860546574
1197	-302.556760696196
1198	-312.5368250152212
1199	-311.66254304313094
1200	-306.32187140226165
1201	-312.6854197429014
1202	-307.7298039903186
1203	-309.34008357526386
1204	-299.6205114669922
1205	-311.50243421469685
1206	-301.85289900011736
1207	-308.6770161163819
1208	-304.3790935331314
1209	-304.6987970987072
1210	-302.9919856964044
1211	-308.0516231978882
1212	-304.6223045217916
1213	-309.84114912284707
1214	-306.6595154717092
1215	-306.2963797993211
1216	-301.18081052532926
1217	-302.092353989729
1218	-307.9209205160711
1219	-309.0331649334157
1220	-306.1062445047256
1221	-313.63631445626424
1222	-311.1011175054863
1223	-304.1050757887462
1224	-301.8798317935833
1225	-306.1020054087968
1226	-305.58065290807696
1227	-296.7493677487151
1228	-307.2662560497274
1229	-305.91866320883815
1230	-304.3454805356862
1231	-307.94887587009134
1232	-311.11357140412974
1233	-309.6497753582463
1234	-310.0977864141144
1235	-310.41869801723766
1236	-309.6466852719076
1237	-297.99882723293314
1238	-305.74829850429114
1239	-299.88623108633624
1240	-301.46244797592556
1241	-306.54634734758963
1242	-308.65786846783345
1243	-307.44713337313226
1244	-310.54960808119944
1245	-305.1090442247385
1246	-309.2749771426913
1247	-311.8379230426365
1248	-307.50567647709335
1249	-310.3555371448211
1250	-311.1643501273666
1251	-306.59649907653125
1252	-300.87938219223753
1253	-316.9839592637889
1254	-310.4894285402706
1255	-308.1175738228725
1256	-308.65867272893325
1257	-310.1599469226164
1258	-311.4272190286425
1259	-302.877148892443
1260	-305.6533877125505
1261	-310.36994703400677
1262	-305.93126361117913
1263	-309.30445429872964
1264	-305.28089681040547
1265	-305.1073425205945
1266	-311.23000840840103
1267	-306.7021623559934
1268	-307.4101677701995
1269	-306.78719890510416
1270	-307.014700148243
1271	-304.03325050541054
1272	-301.08555050712664
1273	-301.75992246308357
1274	-310.3934101367983
1275	-305.31165640205927
1276	-310.0025761850884
1277	-302.611736692863
1278	-301.7645604437283
1279	-302.28184011358803
1280	-305.474966551593
1281	-305.19449633528365
1282	-302.72640204312773
1283	-304.8977068399501
1284	-308.81702307761617
1285	-309.128762975981
1286	-307.4126332948843
1287	-314.0646660221606
1288	-312.83892759156225
1289	-304.7535819746085
1290	-307.50528828444834
1291	-309.9812887040657
1292	-305.11243543883904
1293	-300.14543563437877
1294	-304.209431639783
1295	-307.12633513471434
1296	-308.9573581460335
1297	-306.23146227248026
1298	-306.97227211138915
1299	-308.6021232696954
1300	-305.8226084198382
1301	-298.82329084942717
1302	-300.75451733545924
1303	-303.1076093309665
1304	-306.58795756597516
1305	-307.0382124066883
1306	-307.510115049019
1307	-305.34856587015145
1308	-307.6817466174948
1309	-301.49257541970945
1310	-305.59442917152313
1311	-302.38441853403117
1312	-304.52466973348174
1313	-302.4272547714078
1314	-295.7807623124697
1315	-304.5750995378386
1316	-306.42088580732263
1317	-302.0472837945615
1318	-306.76659601767375
1319	-308.18344411893787
1320	-314.3982266137597
1321	-312.69840058402417
1322	-301.19419570410156
1323	-306.34759747460373
1324	-314.5481205557687
1325	-307.8061912248264
1326	-305.8064092904288
1327	-304.16348137539836
1328	-314.06353152918865
1329	-311.3775708477952
1330	-309.663557310911
1331	-301.6602402555949
1332	-305.85109064765356
1333	-298.72109881714306
1334	-302.3499312144295
1335	-308.73887089173803
1336	-303.87866087009706
1337	-304.6854974783514
1338	-307.5652518325079
1339	-312.34817249024314
1340	-307.70972030023574
1341	-304.56490691085287
1342	-303.75713237463435
1343	-306.46480930673823
1344	-304.58850785243504
1345	-307.0035311891456
1346	-301.43457417620954
1347	-301.8251092432463
1348	-310.4300435214021
1349	-309.0823747006493
1350	-299.4954104390863
1351	-303.54663833864817
1352	-313.87341130329037
1353	-306.4927502814949
1354	-313.51559111972585
1355	-309.66934080875495
1356	-310.36547573125216
1357	-304.76072177796925
1358	-309.8148380172246
1359	-308.24073452612174
1360	-305.71807649278486
1361	-304.6966375337555
1362	-305.4028955978278
1363	-309.5498407903288
1364	-304.292045088619
1365	-297.11631286923836
1366	-308.6015979491737
1367	-303.1519853124668
1368	-303.413484302275
1369	-309.94466435549987
1370	-308.6303167753705
1371	-305.772404596424
1372	-308.2079950440801
1373	-311.730746429533
1374	-306.84222424583027
1375	-308.76818085119356
1376	-305.75625758730786
1377	-309.21067082677257
1378	-305.47746452299725
1379	-309.58213368315813
1380	-299.6146500374747
1381	-308.5604908435828
1382	-305.610377245909
1383	-309.63370430655027
1384	-307.3289306612914
1385	-307.6718289382886
1386	-307.23932435264715
1387	-308.15440223955164
1388	-302.97272317202686
1389	-309.1375672569614
1390	-307.0645047914911
1391	-304.5357348922699
1392	-302.62521109055996
1393	-302.1276648990821
1394	-306.5609902801007
1395	-306.36805398052945
1396	-310.9387793867615
1397	-311.15869374698303
1398	-309.48672502632877
1399	-305.2802524344675
1400	-310.20145448824775
1401	-306.9156127637821
1402	-308.800510665714
1403	-306.5597069644409
1404	-305.5174204541705
1405	-302.6215824035969
1406	-304.43083546669203
1407	-303.9074357943992
1408	-302.9125915390306
1409	-306.22528613161967
1410	-302.1240715989502
1411	-300.4059663658542
1412	-307.0218283130045
1413	-306.3761255835394
1414	-307.42747664300725
1415	-306.6597384110675
1416	-303.6695306739384
1417	-304.73458783751124
1418	-296.7305717490027
1419	-311.38758142308114
1420	-300.3738050932552
1421	-305.8123197861769
1422	-305.771910096964
1423	-305.90189846592557
1424	-303.1895805959966
1425	-299.20618841380343
1426	-301.2148048191094
1427	-300.07646188399
1428	-297.0419376008612
1429	-302.67369821542934
1430	-301.8796391576743
1431	-302.6818834938594
1432	-305.83867258750365
1433	-308.35613280752756
1434	-307.1823358747241
1435	-308.10227451900187
1436	-299.3889630214295
1437	-300.77538718468355
1438	-304.43756692268084
1439	-302.1565428667732
1440	-306.0639078092023
1441	-310.18005975347774
1442	-307.89026476181834
1443	-305.9894417355313
1444	-304.8598587033232
1445	-302.8732635151379
1446	-303.62942702127395
1447	-303.2996424857751
1448	-299.49493004170216
1449	-308.4326607029128
1450	-306.6191153768455
1451	-305.39929557374666
1452	-309.7755914522927
1453	-307.9181319594609
1454	-313.7756474549002
1455	-312.17260199827456
1456	-306.1556596500518
1457	-298.97879588216347
1458	-301.4251034756475
1459	-306.7668857053164
1460	-306.45456894670946
1461	-306.51168940395974
1462	-302.79988376602313
1463	-300.6579030985269
1464	-309.74567730838544
1465	-309.5585460317182
1466	-303.10416697815833
1467	-310.22266114782053
1468	-304.120983948527
1469	-306.8196461288422
1470	-298.05010294169404
1471	-303.2110544982586
1472	-297.43256076821353
1473	-308.6436583661654
1474	-305.58349172220517
1475	-308.0998971404548
1476	-307.1465652942747
1477	-306.01437191844917
1478	-300.3188385710664
1479	-297.8434999886614
1480	-295.8762930536761
1481	-299.81029700588005
1482	-302.1683435494559
1483	-309.3551035131522
1484	-299.27925866233574
1485	-300.82232005407474
1486	-302.193848450327
1487	-298.22410912760756
1488	-301.0061787851364
1489	-300.21280871196694
1490	-298.89587158802414
1491	-301.2274884937165
1492	-301.69753875398226
1493	-294.4434490805645
1494	-303.00858309911314
1495	-302.57943087276055
1496	-302.7134138526387
1497	-296.7826652409631
1498	-310.5079958020198
1499	-308.156706658533
1500	-301.2236824821844
1501	-302.62335040687384
1502	-304.11194611592225
1503	-303.4209251955093
1504	-306.4330518707471
1505	-299.50429366712893
1506	-314.53877541729673
1507	-304.36855366731567
1508	-313.18265910344707
1509	-305.70824994763245
1510	-307.0662955366495
1511	-303.8957521484216
1512	-313.0041050764409
1513	-310.14386899465075
1514	-305.666287344518
1515	-310.0462619708828
1516	-303.6194118556859
1517	-298.7341718507052
1518	-307.10879636417854
1519	-303.28908469451653
1520	-308.59450796848876
1521	-301.6572541636932
1522	-307.771077746772
1523	-305.88076041821193
1524	-310.6451875999171
1525	-307.8664777514549
1526	-305.01944807917965
1527	-310.5052742372512
1528	-308.24618068700244
1529	-309.87296551186836
1530	-308.1796645335318
1531	-308.4516845402917
1532	-310.69548530640475
1533	-307.32505213252807
1534	-307.9051872675061
1535	-309.38511896129893
1536	-300.08987655560503
1537	-304.0641191367564
1538	-312.7579306430495
1539	-306.64381380105425
1540	-309.25374040969615
1541	-305.0464332482307
1542	-308.1732820759116
1543	-310.57434245618145
1544	-301.8034921941178
1545	-306.2383694994509
1546	-306.8113023049621
1547	-314.43871598367946
1548	-304.66209357928767
1549	-304.68789481079256
1550	-302.4484271818171
1551	-304.2700624338938
1552	-307.39326584589577
1553	-304.4084202431072
1554	-306.2878341321941
1555	-307.6921373739512
1556	-311.48868122680085
1557	-313.02062458108213
1558	-303.54025785147996
1559	-306.5067092656417
1560	-304.78053784458876
1561	-301.9819965804649
1562	-304.61707107700863
1563	-308.20487592579747
1564	-305.91167581663564
1565	-308.72064211883867
1566	-298.9987499111659
1567	-305.18790000005043
1568	-302.47681483122216
1569	-310.5445663766202
1570	-303.1288078025502
1571	-302.3215654248191
1572	-298.25524472394176
1573	-305.09050949914564
1574	-309.9347921186164
1575	-301.6649723021066
1576	-301.3660420804222
1577	-301.28286370625995
1578	-308.00850599180154
1579	-304.5671274747792
1580	-305.8890868284076
1581	-307.6479431196898
1582	-304.0288317464277
1583	-304.36909713519157
1584	-312.6832995501358
1585	-308.61471952820995
1586	-299.94131277847436
1587	-302.26885643504306
1588	-303.98250536878965
1589	-303.9945190171726
1590	-307.8343886318045
1591	-294.71835889598185
1592	-299.9322543545093
1593	-305.9290935940995
1594	-304.2125317247624
1595	-303.41250735087925
1596	-306.5986157012806
1597	-298.23446965081183
1598	-303.6763924462116
1599	-308.820512295365
1600	-311.31001093885567
1601	-300.83200545266
1602	-308.551788897155
1603	-307.381042779724
1604	-305.03835166609144
1605	-309.27198497267267
1606	-301.78328161022165
1607	-297.79170867292424
1608	-300.98103022708744
1609	-306.02511977541474
1610	-308.30033467525806
1611	-304.6746690049676
1612	-306.7694102662197
1613	-302.6902232992102
1614	-305.5512914420906
1615	-310.4716474665559
1616	-305.4791486972402
1617	-312.06981203660075
1618	-303.77867418578546
1619	-309.6861182183108
1620	-309.33638618486054
1621	-303.4887756429428
1622	-307.7084108093529
1623	-308.13117304849516
1624	-307.21691272185893
1625	-307.1081916933511
1626	-302.30168601906774
1627	-306.2633238962215
1628	-307.06289502120944
1629	-307.4900557779515
1630	-312.9196181605492
1631	-309.7274520721382
1632	-297.85211232878527
1633	-300.80278655458693
1634	-306.8815285763503
1635	-307.80670143923203
1636	-301.4869543577035
1637	-296.2202525325167
1638	-311.5273556141292
1639	-307.0107947139161
1640	-307.7883447660965
1641	-308.0240853705531
1642	-308.0818726316435
1643	-304.682865379778
1644	-306.38310420122497
1645	-302.1637559810011
1646	-306.61127011336265
1647	-308.36384699320604
1648	-300.92158830658224
1649	-306.21655651195675
1650	-303.42418891786025
1651	-299.24128070772895
1652	-311.3011236304963
1653	-308.1812034126801
1654	-308.43344741198234
1655	-303.9492240857452
1656	-305.4744686303184
1657	-303.206828047502
1658	-309.30606507501517
1659	-308.26826270447236
1660	-307.3361514281486
1661	-307.81534287726464
1662	-308.0637117171192
1663	-305.5842790567992
1664	-305.9465747891276
1665	-303.60894662610906
1666	-299.12710310585425
1667	-308.29036772478963
1668	-305.3416433805205
1669	-307.5179770295119
1670	-305.7265358618006
1671	-305.62387859881807
1672	-308.0076190037407
1673	-303.3470657286815
1674	-303.31682443798223
1675	-304.26035000723516
1676	-301.66055163067256
1677	-302.17667621640237
1678	-302.6115595733181
1679	-298.3860971579696
1680	-311.07225052870535
1681	-308.27561986560363
1682	-302.0654188248368
1683	-307.8900620370937
1684	-306.58616106536545
1685	-307.6832486201647
1686	-307.7812761520912
1687	-302.60465021796523
1688	-309.4474267590505
1689	-308.04126028259185
1690	-298.9964359122103
1691	-311.78268966777904
1692	-302.9633365019739
1693	-301.36352258432527
1694	-301.6397797539064
1695	-298.79450488023804
1696	-299.54021901201
1697	-305.89765245125966
1698	-306.0043983940005
1699	-311.4624144379377
1700	-303.9171775148644
1701	-304.74568534361094
1702	-305.44500971437736
1703	-299.31677720426535
1704	-307.99148150090923
1705	-306.7818374747919
1706	-307.34670450553295
1707	-306.42195874216276
1708	-308.9436499569351
1709	-310.3109240131334
1710	-305.9810098266868
1711	-308.6422118392291
1712	-304.1082840534324
1713	-311.5427042912621
1714	-310.6594603517011
1715	-307.01289256977117
1716	-304.1386442517045
1717	-301.34436697650966
1718	-312.36919002128445
1719	-307.58567060100324
1720	-299.046928672805
1721	-303.14123330406017
1722	-303.4949844827227
1723	-308.4236744151491
1724	-304.6789404048177
1725	-304.5261412693704
1726	-306.1073251983775
1727	-301.61452054890145
1728	-305.1106915550156
1729	-303.96573178424217
1730	-303.2355828822106
1731	-304.69795424997125
1732	-297.722957301219
1733	-306.44750915026043
1734	-304.0171411483301
1735	-312.57731787160003
1736	-299.9708612144545
1737	-303.0429497053925
1738	-295.4931829389499
1739	-302.2410472729575
1740	-305.63183647086123
1741	-302.48095734150866
1742	-300.4081626653749
1743	-306.5265334537014
1744	-306.26717481738564
1745	-306.7767557726765
1746	-304.6051782207044
1747	-299.0743094771332
1748	-304.18666996490117
1749	-303.3791360662158
1750	-297.3618182574518
1751	-304.3623211147782
1752	-307.6659648600008
1753	-308.70668798497945
1754	-301.511175785441
1755	-304.9068809295646
1756	-307.34911661823753
1757	-302.9827634706853
1758	-308.1472132565944
1759	-307.8722800474846
1760	-302.0824980127305
1761	-307.25443750013784
1762	-303.99480073715125
1763	-306.32285008495364
1764	-309.86413808241656
1765	-304.981839815192
1766	-306.2767707313322
1767	-300.91022324788634
1768	-310.07382455895345
1769	-309.6995913342077
1770	-300.14731231413174
1771	-301.7130874024879
1772	-302.3378737664543
1773	-305.6687686918008
1774	-301.9046928200043
1775	-299.9924629654307
1776	-299.72424670889217
1777	-305.53387493131976
1778	-305.04311274455466
1779	-308.7485445282695
1780	-299.4522722613055
1781	-305.9763774184765
1782	-303.87902123307106
1783	-300.4041147217177
1784	-308.14531871869076
1785	-305.1376134730799
1786	-303.7870205691872
1787	-307.72860711874847
1788	-308.2389012740169
1789	-302.18871109645704
1790	-300.8322472801935
1791	-299.899601138477
1792	-303.5240399156127
1793	-310.0400539050343
1794	-301.71771983686807
1795	-300.88430000000005
1796	-303.607025870467
1797	-302.2540814538584
1798	-300.4381000005673
1799	-302.5724586760966
1800	-304.220464043906
1801	-293.2397828323932
1802	-308.6944614546885
1803	-308.15285423310746
1804	-301.49882431043034
1805	-302.3418935163104
1806	-301.09121807885685
1807	-308.3760137896463
1808	-301.6405442632009
1809	-305.00888804391235
1810	-311.03105988455485
1811	-297.8301000000081
1812	-304.82317184461306
1813	-304.2541233816291
1814	-303.9895784462524
1815	-301.61872672450215
1816	-301.2494281048662
1817	-296.3073644359832
1818	-302.2524166948545
1819	-309.55061946154257
1820	-302.11695506681235
1821	-302.2932072602164
1822	-307.5061655279932
1823	-305.9215784558922
1824	-305.63427958228004
1825	-300.72134466064904
1826	-306.74499230932213
1827	-303.432295900718
1828	-300.7874051625559
1829	-307.76500884777363
1830	-302.93006556646503
1831	-305.63463455863683
1832	-307.7050975411286
1833	-304.2042246082486
1834	-305.11678339664564
1835	-298.1034628846524
1836	-301.8360998951853
1837	-306.9840617169532
1838	-301.780510095743
1839	-304.42051055882007
1840	-306.20383858617276
1841	-304.7478078077041
1842	-302.9700018244552
1843	-302.109281796399
1844	-292.68445383861393
1845	-308.3301833400904
1846	-301.524986598102
1847	-308.3853732214594
1848	-304.93868007787626
1849	-299.18074861036047
1850	-293.76570396014256
1851	-303.1631000000002
1852	-303.06214711589104
1853	-303.22840427774486
1854	-309.54201776224517
1855	-306.672435039217
1856	-296.82567644951365
1857	-304.404862227879
1858	-305.06153999583705
1859	-302.3959377534697
1860	-305.9931542917799
1861	-299.19151098936004
1862	-307.17841924846147
1863	-302.05769074191676
1864	-308.34118336068514
1865	-304.05518891962805
1866	-300.8282510068082
1867	-304.7364195795879
1868	-305.8823339043576
1869	-306.67866538737644
1870	-312.1506567226614
1871	-304.21144344010906
1872	-294.6218109596666
1873	-306.981724577856
1874	-307.7392696693553
1875	-302.2036276947992
1876	-305.03933469143556
1877	-302.3169706331398
1878	-304.0970132827821
1879	-303.0092518374922
1880	-306.1196522974957
1881	-303.0336121289327
1882	-308.3790965111356
1883	-303.1091512352574
1884	-299.4116004028711
1885	-301.8831020197544
1886	-300.51371134559315
1887	-303.80643463784895
1888	-300.80524544352573
1889	-303.85343684142697
1890	-303.2921133490582
1891	-308.2053495258664
1892	-307.2886460402935
1893	-304.9630487398178
1894	-305.8578323959749
1895	-308.6603764854433
1896	-301.2009723442858
1897	-307.1169418782285
1898	-306.8159671334002
1899	-307.44698594008105
1900	-309.76396993253326
1901	-300.78222659232955
1902	-298.45188380924225
1903	-295.19134723838744
1904	-301.140806145765
1905	-301.4852617400867
1906	-306.015072868593
1907	-299.6786510269611
1908	-301.87175441481935
1909	-302.07134423135653
1910	-303.19959575180087
1911	-307.86679792792586
1912	-305.478819574824
1913	-304.755100054404
1914	-305.8110696082722
1915	-302.43362074567005
1916	-302.96358571228154
1917	-301.59195839654546
1918	-304.9365320415055
1919	-301.13978599745
1920	-299.4217099349085
1921	-295.8188023454416
1922	-301.3381040952276
1923	-299.32343752913494
1924	-304.2883400334107
1925	-299.7754696797442
1926	-301.4524442201474
1927	-300.97621813190693
1928	-301.70602223930393
1929	-303.2881267014131
1930	-300.7689479325472
1931	-302.4242550421016
1932	-310.3034433831286
1933	-309.8964685840943
1934	-302.27247752272785
1935	-302.0651336946872
1936	-305.2516372317187
1937	-313.9778339377269
1938	-300.7007728489752
1939	-294.0127091240733
1940	-310.8400669341311
1941	-303.5522094030129
1942	-307.86056792166863
1943	-306.7656611073191
1944	-302.70784777260815
1945	-303.6080807343581
1946	-307.4442935986438
1947	-308.99121967236584
1948	-305.1948698608244
1949	-308.2233630374845
1950	-309.9507327981929
1951	-312.44846651112664
1952	-300.1224768473571
1953	-298.2798893965774
1954	-300.6492718855512
1955	-303.22020008864104
1956	-311.16180482273
1957	-307.80918797615027
1958	-302.84178166630034
1959	-304.4874612363056
1960	-304.3368646894519
1961	-306.113126881317
1962	-305.31128916529957
1963	-306.764881049868
1964	-305.7172049143785
1965	-309.91413830317464
1966	-300.98383169673883
1967	-298.87525569740814
1968	-302.55419038134147
1969	-300.77136444600876
1970	-301.5676577948178
1971	-294.7524721196715
1972	-304.1053963634011
1973	-300.6698564698203
1974	-306.01742672165216
1975	-309.90330376013526
1976	-308.1676081318681
1977	-307.56922729186385
1978	-301.54191961219
1979	-301.0020773826116
1980	-308.19930897414105
1981	-301.1766927396451
1982	-300.655839111109
1983	-305.5442899822371
1984	-300.5661866699669
1985	-308.16580527237033
1986	-302.98609887180857
1987	-298.0418259103109
1988	-305.4644158262368
1989	-312.3339949433455
1990	-309.07312760919075
1991	-308.13527334849897
1992	-299.4878194568055
1993	-310.341905606782
1994	-310.56928387371005
1995	-308.7706393974509
1996	-310.1416530072435
1997	-303.3863281820274
1998	-305.3592145460595
1999	-305.21589997306506
2000	-305.301166610093
2001	-312.93316332807797
2002	-304.91456341307344
2003	-307.9060146988249
2004	-305.07840857310214
2005	-304.3110173666317
2006	-301.3538205197682
2007	-304.0710388335841
2008	-307.86585389205175
2009	-306.4482641422059
2010	-307.95599525802675
2011	-305.1070778873965
2012	-304.89493725682917
2013	-308.2075226417456
2014	-312.0402460192681
2015	-305.82849526671566
2016	-309.0489417274304
2017	-306.22796129907596
2018	-302.53876989413277
2019	-306.9524014203216
2020	-300.0672918977462
2021	-296.4659430002675
2022	-306.8897205833448
2023	-302.6372176178133
2024	-307.4203918837683
2025	-309.9326047236227
2026	-308.20677117380154
2027	-304.1442616374714
2028	-305.2938004967664
2029	-305.1414679412553
2030	-309.85574589320316
2031	-308.1283403131965
2032	-311.72628267248797
2033	-304.31963000706924
2034	-307.28582202619
2035	-305.8046595528869
2036	-302.65919395624644
2037	-307.2339394582483
2038	-306.06519886291596
2039	-308.9356331675021
2040	-310.1885173348354
2041	-307.575336817194
2042	-306.8541948760171
2043	-307.57083210872383
2044	-309.6068752569552
2045	-301.5700514889993
2046	-307.8899886403157
2047	-300.68611897616483
2048	-312.1486187192022
2049	-303.83433404465586
2050	-306.3698032161938
2051	-307.1352421516625
2052	-304.593237262471
2053	-303.8659903766988
2054	-299.0712255362811
2055	-309.08021816119225
2056	-293.8162505428152
2057	-298.6133828612322
2058	-300.2724868046158
2059	-300.6826592756874
2060	-306.7746056224427
2061	-304.6532020569259
2062	-306.2547815683053
2063	-308.41258770647937
2064	-307.4020944345924
2065	-307.63534829490965
2066	-303.0450339486082
2067	-300.77584597819333
2068	-310.362872949382
2069	-304.25644200876735
2070	-304.3093560138883
2071	-309.9772192212552
2072	-309.86049461434516
2073	-302.8612214989006
2074	-306.0683188368561
2075	-313.1726606658742
2076	-299.33411768558585
2077	-306.0269439105304
2078	-307.66718294268435
2079	-301.85803568353094
2080	-297.95120533109446
2081	-301.46867440655586
2082	-299.7372102971667
2083	-297.67003314444463
2084	-300.14235608666223
2085	-304.09964366385486
2086	-303.8114379696687
2087	-307.32310644073266
2088	-305.1176813291608
2089	-302.9840342529102
2090	-294.64873385619154
2091	-295.7322658954453
2092	-303.04017961545105
2093	-304.9645558084193
2094	-300.99503371250273
2095	-308.1565617886077
2096	-302.41312666170643
2097	-308.82868725163735
2098	-305.6941047099234
2099	-300.81788831818756
2100	-296.9178896022497
2101	-304.43256728557543
2102	-304.36082347326106
2103	-303.0701914854148
2104	-302.03388866464627
2105	-309.00638998243664
2106	-307.72941175483066
2107	-304.2991773862018
2108	-300.0532517163158
2109	-301.9845051020825
2110	-311.26926179089315
2111	-305.58120066396935
2112	-301.0276436294566
2113	-305.50053887987
2114	-307.4273451206682
2115	-304.54062941043696
2116	-307.0415504239462
2117	-308.42465044384943
2118	-307.5263510925889
2119	-304.8605868520646
2120	-303.92950530457637
2121	-302.9255430541698
2122	-303.6048164687677
2123	-306.5368131145587
2124	-304.08822494510036
2125	-300.88081158024295
2126	-303.38800558457643
2127	-299.5778084487485
2128	-301.2812000103962
2129	-301.52507485372035
2130	-306.32070298623626
2131	-310.44338707142595
2132	-308.3016167741883
2133	-309.1601972516772
2134	-300.8556908959656
2135	-306.70932292475203
2136	-305.54535476004617
2137	-302.5940435746375
2138	-302.5226124900128
2139	-305.9492181238741
2140	-304.0860734899726
2141	-299.77383758393387
2142	-302.01472202644067
2143	-300.4617404383381
2144	-308.3566912874423
2145	-307.4416828541548
2146	-301.4947010135035
2147	-304.0235220180697
2148	-305.8575914430968
2149	-312.1165720372383
2150	-301.491025874955
2151	-312.0348096060126
2152	-302.07276732312437
2153	-305.43900827349256
2154	-299.8517235471524
2155	-303.11151296709113
2156	-309.5056112606914
2157	-301.94354615036286
2158	-302.22400781161724
2159	-304.59206084041136
2160	-302.4540696895594
2161	-300.4817214351504
2162	-295.4693166976763
2163	-299.8009306124444
2164	-307.15151747992326
2165	-292.8091872830854
2166	-308.05188714004345
2167	-299.5928548440634
2168	-301.51020000036067
2169	-304.4884595065497
2170	-304.10422745257574
2171	-304.2887687804581
2172	-306.7708725521931
2173	-302.54843202804346
2174	-299.884
2175	-302.48546110554577
2176	-301.76813820017526
2177	-298.98747193625394
2178	-306.3083838244193
2179	-301.096191688902
2180	-302.26297964354893
2181	-304.85321548718497
2182	-300.0743850226157
2183	-301.00943240291764
2184	-303.0242
2185	-297.9828955211634
2186	-303.59139609579046
2187	-303.4338781722159
2188	-306.3060567628561
2189	-306.02793312986825
2190	-310.7997149666554
2191	-306.1432324810449
2192	-298.4106518173085
2193	-299.7813944402156
2194	-299.7973875702215
2195	-302.236884528643
2196	-306.8354082224218
2197	-305.872088663585
2198	-302.653498392116
2199	-298.46954785026054
2200	-296.9536725085921
2201	-304.52567434070494
2202	-302.1807681485932
2203	-300.8207019308782
2204	-305.24273411423883
2205	-300.1030219183359
2206	-308.1590380378052
2207	-304.8956098547453
2208	-300.8001100565417
2209	-298.1529776341754
2210	-305.56367585621126
2211	-303.76661337812277
2212	-303.6215154240622
2213	-304.1122643887335
2214	-303.2978411577659
2215	-306.28079433408345
2216	-306.8281676577598
2217	-301.08532036198096
2218	-304.26700780121536
2219	-304.26092800889523
2220	-300.0076666833922
2221	-303.9665523843921
2222	-298.37954853827404
2223	-297.1473708544223
2224	-300.52388799032417
2225	-301.7720414309292
2226	-303.5722639532474
2227	-306.55416386162346
2228	-306.3542101452581
2229	-305.52814479423677
2230	-303.1139075170433
2231	-305.9127547297463
2232	-301.4323726136367
2233	-299.3193803162573
2234	-305.4495079276259
2235	-298.0670274303076
2236	-297.5015717273992
2237	-292.65487393453566
2238	-309.3249059951301
2239	-298.99845211219593
2240	-296.42639320035966
2241	-303.6115863045728
2242	-302.21245350467206
2243	-301.05879594435305
2244	-301.0841147962345
2245	-299.0593792787037
2246	-305.98832066720456
2247	-300.5584763815685
2248	-297.56009480476104
2249	-302.86520001405665
2250	-303.2592895254146
2251	-309.66976179587056
2252	-306.6539154533329
2253	-303.15270917158807
2254	-304.42667503094094
2255	-301.5525509304375
2256	-306.2846686318842
2257	-309.58462559467347
2258	-308.3745557439024
2259	-306.53921021242104
2260	-304.3082910858003
2261	-301.5689629508855
2262	-304.76573658217575
2263	-301.74173381402204
2264	-302.5916317482523
2265	-300.09962822900354
2266	-296.0588484958479
2267	-303.50159225654824
2268	-299.9339993213343
2269	-303.9439588212737
2270	-306.87007513715633
2271	-299.379205335056
2272	-302.998627491604
2273	-299.5082174446355
2274	-296.2661558423329
2275	-301.4124875899532
2276	-298.9485766035681
2277	-299.01202670936647
2278	-304.8447220483964
2279	-302.4988629436245
2280	-296.85060446888167
2281	-302.3258197494928
2282	-296.7535546613348
2283	-303.08021077110647
2284	-301.9873613505396
2285	-301.98706773689725
2286	-300.81520580453446
2287	-309.6622341859925
2288	-308.4405956137611
2289	-304.7350664712399
2290	-301.74371406599886
2291	-303.9059047046743
2292	-302.47513848078853
2293	-301.0958989816616
2294	-309.6693054304769
2295	-307.02516053558224
2296	-305.7881222345983
2297	-309.64814860296207
2298	-305.18963328852396
2299	-298.34506760488324
2300	-303.9036997676248
2301	-302.4987196909073
2302	-305.1168683748952
2303	-302.8370886112909
2304	-300.52977770511353
2305	-297.7827077758059
2306	-308.74738975605607
2307	-298.9807128895287
2308	-305.9225172482342
2309	-307.23824083691886
2310	-311.12658048417535
2311	-299.65884969612
2312	-301.50701463130446
2313	-301.50504867826515
2314	-302.45314423595676
2315	-300.2525516528049
2316	-304.14284733391327
2317	-303.1397082856906
2318	-305.4245659582821
2319	-302.5011143256111
2320	-299.89718270332475
2321	-307.7100062237746
2322	-297.28282020562557
2323	-302.92231999594026
2324	-303.9067637473867
2325	-305.72611647455295
2326	-301.28901185389435
2327	-302.24966850507496
2328	-299.46882342339086
2329	-299.9465878865365
2330	-299.28128968990126
2331	-302.61057481720445
2332	-309.7740005729017
2333	-304.53520019880443
2334	-303.1944339811694
2335	-304.5208955486098
2336	-302.8331602208855
2337	-304.3316872242858
2338	-301.8012990233739
2339	-302.61801208304854
2340	-305.970456128498
2341	-301.85385273072677
2342	-305.4488247530737
2343	-298.11476423228896
2344	-299.38942330783567
2345	-306.22915022863214
2346	-301.4627388682537
2347	-309.03738379867735
2348	-303.27722377604346
2349	-305.14729972406735
2350	-300.82169398785453
2351	-304.5513826345092
2352	-304.81370363301204
2353	-303.591248043116
2354	-304.82730071086417
2355	-305.54866938270055
2356	-304.49765769669625
2357	-309.3088262008521
2358	-304.49888616942536
2359	-303.1234617199103
2360	-305.57774381747294
2361	-305.0338567060794
2362	-302.95543318490354
2363	-304.96838027904573
2364	-301.5643642564281
2365	-302.4413411058092
2366	-307.0391987133276
2367	-300.56840944888967
2368	-307.4118094105254
2369	-303.25600346936955
2370	-306.44508977914865
2371	-300.7822967178949
2372	-306.486167750281
2373	-305.8343842024724
2374	-303.81717987516316
2375	-310.24441918817377
2376	-308.4822161330737
2377	-300.5066
2378	-304.8106268696652
2379	-307.39272744173246
2380	-302.6682476793231
2381	-305.19009308621264
2382	-303.24457019115727
2383	-297.0749719753868
2384	-308.7627384046341
2385	-307.62343485152536
2386	-302.2315552798461
2387	-310.35115117858135
2388	-301.9695502262229
2389	-301.8272979472349
2390	-297.6815856777036
2391	-301.8318965056848
2392	-305.27428393172795
2393	-298.27841080677774
2394	-303.7182856282768
2395	-294.45937137283016
2396	-301.63704567553
2397	-305.925860704301
2398	-298.01917971066945
2399	-303.76917552250484
2400	-298.6714358627497
2401	-308.0906682150301
2402	-303.8537710459707
2403	-303.2468645934384
2404	-305.808513441454
2405	-307.8954901196633
2406	-306.41260970407916
2407	-302.6270128787284
2408	-308.3001794197533
2409	-302.90405522342076
2410	-312.45515456287274
2411	-307.0301850210045
2412	-306.6286977828809
2413	-310.9824710335424
2414	-305.0933
2415	-302.91909490225015
2416	-305.3404534821756
2417	-306.79596702285653
2418	-303.64337490581994
2419	-303.67223933455506
2420	-297.20956972398227
2421	-305.13945076707773
2422	-304.14143427750656
2423	-299.34472638441736
2424	-300.57457651633825
2425	-306.69063598024064
2426	-301.2467159904586
2427	-297.83398003338255
2428	-298.80454983108757
2429	-298.2757936320927
2430	-301.101035084657
2431	-301.7434929181807
2432	-297.39814610541356
2433	-305.4844393728791
2434	-297.3087713267254
2435	-303.1170947703303
2436	-306.251673706581
2437	-309.3054593171602
2438	-305.67932873447603
2439	-304.9335711996275
2440	-306.02062255869987
2441	-303.5471797976313
2442	-300.7787552923869
2443	-309.1636129188789
2444	-307.2211039547316
2445	-303.98267437156153
2446	-305.6091573183927
2447	-303.0313289197169
2448	-303.6604016998289
2449	-304.87868706291846
2450	-298.57561063396633
2451	-304.73580348487275
2452	-306.4292040960065
2453	-300.2594000000001
2454	-301.3052820778845
2455	-303.21579276418345
2456	-302.28390496530756
2457	-301.4865000000145
2458	-307.1697086168272
2459	-299.00706804615794
2460	-303.2575000000001
2461	-300.8552128377373
2462	-307.8383418482987
2463	-304.082058252775
2464	-303.83786671788744
2465	-309.00088338247855
2466	-298.91776511091865
2467	-303.6507729788472
2468	-306.87826693680194
2469	-304.99918809454056
2470	-303.13621370503415
2471	-308.1649557233617
2472	-307.64394391654577
2473	-304.89679363385255
2474	-311.5554363348844
2475	-306.7607500822009
2476	-302.68930010185596
2477	-307.51767222510455
2478	-308.6246464760354
2479	-300.3949034739157
2480	-297.628140880512
2481	-298.084698731311
2482	-302.6544555525052
2483	-302.1963256824981
2484	-308.53407339832864
2485	-309.01090363178986
2486	-312.36739107908835
2487	-307.03480016516437
2488	-307.4296647579287
2489	-304.0658338750737
2490	-309.1547064253113
2491	-303.35690001112096
2492	-303.2765827458899
2493	-308.05972313695366
2494	-302.44102600557255
2495	-308.7919334260329
2496	-298.7426035808989
2497	-309.2239104663584
2498	-301.6508544134924
2499	-302.0680874725296
2500	-297.17546606406125
