1	-297.8897607973415
2	-292.42711710145187
3	-294.7873955713736
4	-300.7369894653072
5	-301.5985041950707
6	-302.49066947846165
7	-306.2024915940511
8	-306.4586998049937
9	-304.14428179576623
10	-309.79445049018057
11	-291.7557823590246
12	-298.5137518489068
13	-304.0886177533723
14	-305.97371499200244
15	-301.8746460052344
16	-305.50444204655855
17	-299.258053426044
18	-305.1201660105677
19	-306.47693569478906
20	-305.2198000000001
21	-297.729462205814
22	-300.43733324522424
23	-297.66227759203514
24	-303.79577321082525
25	-305.97926094756383
26	-298.1421315401171
27	-300.6304263163664
28	-302.4426503465657
29	-299.2243141658789
30	-309.6168044088764
31	-300.64850290202276
32	-298.74092737591263
33	-300.99837575300404
34	-299.227980078619
35	-301.11489274402345
36	-302.68480819922985
37	-309.05132520134504
38	-308.29035062060353
39	-310.6011536080349
40	-308.8932935536633
41	-308.87367908562317
42	-307.19626789870154
43	-314.7331465163408
44	-305.53516481447326
45	-312.47296413599156
46	-311.06840898725915
47	-308.1418734284775
48	-303.4953668686211
49	-305.90340659725655
50	-302.1491309133019
51	-300.0791261770004
52	-305.66206131535864
53	-304.76548043727627
54	-305.69727760117223
55	-305.60468668998925
56	-309.5518536836013
57	-305.60834637053506
58	-300.3597539179504
59	-306.4599814235694
60	-302.0157960337833
61	-304.06011867709077
62	-296.7894139556985
63	-301.58209571327194
64	-300.26652374109284
65	-310.09700750236874
66	-304.480272651759
67	-304.7820696398804
68	-298.9907336713373
69	-303.2537795407703
70	-299.708966025974
71	-306.50524636881124
72	-304.67823605238584
73	-309.72410623594584
74	-309.80431716984367
75	-308.22122518657926
76	-298.7913093886067
77	-297.3639045537731
78	-301.6616307918925
79	-309.07912744306645
80	-307.12241571802844
81	-304.84099216858857
82	-300.14602011766027
83	-305.2161184942644
84	-310.9596795653397
85	-314.02855473462506
86	-308.0998428120671
87	-313.5211928949476
88	-304.02622390595656
89	-304.8433770162933
90	-307.8858115300719
91	-303.24397290299794
92	-306.8191789283846
93	-308.74273675201397
94	-307.482487265823
95	-304.567439488783
96	-308.03338211088777
97	-305.3793574172913
98	-306.4857824772034
99	-296.0854636284962
100	-298.0013042786383
101	-302.3284200458017
102	-301.96368717507687
103	-305.72126047857256
104	-307.4356438251616
105	-305.317205930534
106	-299.34434275440776
107	-306.73561019508406
108	-302.609527993057
109	-303.8394030259634
110	-305.90402103521353
111	-300.2186332513826
112	-303.15917736739283
113	-307.91454187777606
114	-306.7506007141348
115	-308.5052525286987
116	-315.1116728656552
117	-309.43200601694963
118	-306.0906237567149
119	-310.5778468479987
120	-310.0502139964741
121	-312.196760403165
122	-308.75909288107596
123	-312.87417330661384
124	-305.08832322637517
125	-310.6498242126868
126	-307.1084264004421
127	-304.5879246446989
128	-304.80479990673746
129	-301.33567618966674
130	-302.6104972934373
131	-311.16987599873073
132	-311.2224898519882
133	-309.47862126211044
134	-306.53024407131437
135	-308.2893299101801
136	-310.1046241898649
137	-306.260814989897
138	-305.77832391492535
139	-310.73133697427517
140	-303.4368701818669
141	-304.9028264646444
142	-305.6589075299782
143	-304.62877300326306
144	-305.7993289238473
145	-298.8753368338275
146	-306.8181299818957
147	-311.3084895597017
148	-305.5754566511797
149	-303.3518819534939
150	-309.00577395775684
151	-307.55057567898683
152	-309.26693263061316
153	-308.8804415434114
154	-309.78630515953046
155	-305.323087890247
156	-302.03820928757824
157	-300.60209149461923
158	-307.2161409812902
159	-299.12022224492466
160	-307.49526758030544
161	-301.00720485822035
162	-303.5417986856569
163	-300.14078389071466
164	-311.551074309477
165	-306.14348175803076
166	-303.3050316358451
167	-302.689717651765
168	-307.13026120542304
169	-309.01590910242027
170	-301.06151212394286
171	-305.7470498749618
172	-297.97811294474707
173	-301.8606561830006
174	-305.859288902266
175	-304.8550588707495
176	-307.5905128476587
177	-304.9388893310756
178	-306.69772620488646
179	-292.05756637344456
180	-306.53355828037724
181	-294.3840826625577
182	-300.3994964468657
183	-304.89598976190194
184	-301.74229437286226
185	-305.25872164547616
186	-310.2542389699736
187	-300.3167319222936
188	-308.1956200426433
189	-308.6932154591559
190	-310.3000773076524
191	-307.4258003933538
192	-305.7804537945713
193	-307.2833387882264
194	-307.71140361098156
195	-300.6352520174736
196	-306.40595943996436
197	-304.6150715850225
198	-304.89325687896576
199	-308.12824066278614
200	-303.62903899419894
201	-299.5167890088044
202	-303.4643948683867
203	-305.73707884108103
204	-306.80606094989446
205	-308.18663757457364
206	-304.4646127209365
207	-303.8426959333413
208	-309.0058710693169
209	-302.6220771212634
210	-296.6122908116475
211	-310.96211904568025
212	-306.31880045517727
213	-305.99079799810755
214	-306.19934814412005
215	-310.0778013032691
216	-305.32103752657406
217	-304.22091011107574
218	-309.1728446269885
219	-309.51633266105125
220	-305.840247819987
221	-306.3873834676278
222	-310.3988249532623
223	-310.4364368756125
224	-307.58018514955097
225	-305.9235011845881
226	-307.21618534603897
227	-307.74377124640205
228	-309.05553201767844
229	-311.9750774318449
230	-308.15835200991063
231	-311.2878087767394
232	-311.14298167323307
233	-305.1620340106471
234	-310.0220575223711
235	-303.35891639571736
236	-303.2746956942394
237	-302.46020468179137
238	-308.3811407909425
239	-307.99498630545963
240	-310.6069001582452
241	-308.40841625224056
242	-305.52835253841266
243	-302.80654614336623
244	-304.6467193218225
245	-309.3553726588619
246	-310.5440923665749
247	-309.1557568505651
248	-314.18297043654434
249	-298.8312247377287
250	-305.3540223022696
251	-304.5411727263462
252	-302.3274750603671
253	-308.0561744616221
254	-308.93879170455057
255	-311.2498065419618
256	-304.0438229823814
257	-305.7581105838995
258	-308.13000119454216
259	-304.11685945867595
260	-306.056095097066
261	-305.4853132187894
262	-305.4502657634169
263	-306.3861393367976
264	-302.88467226986216
265	-313.5632562622426
266	-310.28428247565233
267	-306.2665921870127
268	-307.7773575289007
269	-306.3881098914724
270	-305.2955638901911
271	-307.2642206919201
272	-309.22515907498047
273	-308.8438031240817
274	-306.51613213595175
275	-304.59445489026353
276	-310.1325646550501
277	-306.94805636815124
278	-309.462356188472
279	-305.36302428116954
280	-311.4609478607386
281	-303.56485393126104
282	-307.42640287455174
283	-308.8331343372641
284	-307.82642606165007
285	-306.09604631783697
286	-300.92101511173627
287	-304.84230169257006
288	-306.43761406220773
289	-306.7380864749426
290	-306.83127449460994
291	-308.4822096295901
292	-310.91933399292986
293	-305.72983030696633
294	-309.62635590080106
295	-306.67137246844595
296	-308.84087503521437
297	-310.4752001062138
298	-303.82567414137924
299	-305.62204022400107
300	-309.65884057293715
301	-303.35593668467845
302	-302.0724026458239
303	-302.0361062407832
304	-300.9837108441163
305	-297.21910537659596
306	-309.2590621183483
307	-304.51299369037196
308	-305.1145249334911
309	-302.4018915130301
310	-303.6694264940366
311	-301.35402451383356
312	-303.99779978412255
313	-300.8894756385603
314	-304.3358522256349
315	-311.1114935012818
316	-304.9853623556349
317	-307.8361428280855
318	-303.56478227821765
319	-307.84389193168124
320	-309.0175644249489
321	-307.71322611361364
322	-311.9267137546687
323	-303.7132455418192
324	-297.7804459074395
325	-306.8239656717956
326	-304.2662704562818
327	-305.0003809324657
328	-306.19795811952906
329	-311.6039336926915
330	-315.02427942513077
331	-304.689591240763
332	-312.15218433414765
333	-310.5328071257306
334	-307.5664202142697
335	-306.8790163838623
336	-315.72493221028384
337	-310.2243019492758
338	-305.0086269781236
339	-305.0104705497295
340	-299.111536444469
341	-311.1332162430163
342	-312.0723743233068
343	-308.32631267998556
344	-309.33285350062164
345	-309.1761423537939
346	-310.6107082718025
347	-303.15783605981386
348	-299.376289869476
349	-299.9228361515235
350	-305.24903189819383
351	-309.5987654710583
352	-310.50867444913405
353	-304.35348715597297
354	-298.7214128583861
355	-309.3823788604674
356	-305.9513797487772
357	-305.1512700411121
358	-302.1049279671119
359	-300.5803436438562
360	-304.5995550923226
361	-302.8068276053371
362	-302.0783939966509
363	-302.5695037145333
364	-306.7284922023158
365	-307.3892216492295
366	-303.84128049847175
367	-308.42999436631777
368	-310.7208437199496
369	-302.60354395161886
370	-296.3986944784416
371	-309.18910603511245
372	-305.31366293954414
373	-306.01435100006785
374	-302.15711849961076
375	-304.74970810997075
376	-301.4259434185458
377	-304.5935480510169
378	-305.35986611453853
379	-301.43813693516887
380	-309.7581340744506
381	-305.36783919549913
382	-303.9820235214012
383	-304.9564687123676
384	-308.0216035482874
385	-307.5867250345722
386	-312.01045894182226
387	-307.7611590698688
388	-305.3819003052744
389	-298.68139190582207
390	-305.13348841233454
391	-306.2363672087792
392	-309.4672766830379
393	-307.60709591600244
394	-300.9672020062124
395	-303.1413418882316
396	-307.8817696275963
397	-301.4590294963476
398	-299.8759831466267
399	-310.9865417441103
400	-310.86187234783523
401	-309.5771177320358
402	-307.7705876032259
403	-306.8879280505937
404	-307.76035079589997
405	-306.5457936103297
406	-306.8874416966284
407	-312.75362323626615
408	-303.78998234311206
409	-308.1176562711232
410	-304.37106192528586
411	-301.31928172522885
412	-302.6565629908469
413	-302.1968663889463
414	-302.3404937144539
415	-306.4303085188536
416	-305.4937848537811
417	-307.9605750424851
418	-302.26362274824226
419	-304.81280775483003
420	-307.4339861048159
421	-306.22401920430025
422	-306.45483914135224
423	-306.11372790911685
424	-301.435423295198
425	-307.2900615521558
426	-301.9833577267448
427	-311.24419171606274
428	-300.7049006465275
429	-307.41716099057624
430	-305.513275534619
431	-303.48051520142246
432	-306.16824172844497
433	-301.0620055815163
434	-315.0899365431879
435	-305.16511526346085
436	-299.805274766472
437	-307.3735100848623
438	-309.22169394563144
439	-302.1220453553067
440	-308.17547199049045
441	-299.26967294381103
442	-310.0475973372798
443	-311.3819700332195
444	-310.5296917443333
445	-307.04049846760483
446	-309.67604427838074
447	-298.61564981049264
448	-311.12512876682604
449	-311.91761342486393
450	-304.4479151166293
451	-305.73199707367843
452	-309.9010366688072
453	-303.87309249066624
454	-303.76380508120786
455	-309.152881708324
456	-304.7545415443167
457	-303.7310421865091
458	-311.21463494988785
459	-302.7870603048847
460	-311.29528817771245
461	-306.8509261663006
462	-294.1078128635188
463	-306.539154819152
464	-308.88569826594596
465	-310.5617487809339
466	-304.1764740910362
467	-309.9546553609599
468	-308.61852139641815
469	-307.81470771446163
470	-302.89424392501536
471	-297.789651651104
472	-305.9617852828094
473	-306.81065319502073
474	-309.2277272688029
475	-310.1011525498486
476	-302.35804103709063
477	-304.64221732351405
478	-305.4745906009543
479	-309.800376331314
480	-308.83154059982627
481	-307.01047162396986
482	-310.6454281209084
483	-309.47005324124063
484	-305.3217948981134
485	-298.24334295755494
486	-304.450306032977
487	-307.4405468200028
488	-305.5413106340402
489	-303.1552953816906
490	-300.79815143372645
491	-311.40270303660157
492	-303.5491700303972
493	-301.03969522651585
494	-301.392722859101
495	-309.54505532084784
496	-305.386851115965
497	-306.0174987073856
498	-306.66501723668847
499	-301.28218646959766
500	-309.36473119535117
501	-313.55067903875965
502	-308.39199637116457
503	-310.0190962008493
504	-309.0834441676157
505	-309.1542527841365
506	-314.933097618868
507	-306.56575342655174
508	-304.47649979227305
509	-305.5953238943992
510	-310.3248769358389
511	-310.28684740322495
512	-312.69779881335734
513	-310.0254713119321
514	-300.5095554773919
515	-305.98428044090656
516	-306.57432492044427
517	-307.8146183611094
518	-304.4580807269824
519	-295.1527833394916
520	-304.06269135936947
521	-306.11234189641
522	-307.2552350064234
523	-307.5203524876891
524	-308.41409906131366
525	-304.71622590462107
526	-297.15457602476187
527	-303.73808420079393
528	-299.2592581739342
529	-303.93461369985386
530	-301.7324721758571
531	-306.26047817200254
532	-300.7132131453541
533	-301.8952673132963
534	-306.2788051059053
535	-302.22673234039416
536	-306.9011542119601
537	-297.2799685143046
538	-303.6108513925207
539	-299.41438391482654
540	-306.82166607266623
541	-303.49643824321873
542	-300.2430169464775
543	-302.376762005413
544	-311.5965195048123
545	-305.2498540608352
546	-301.2009541844072
547	-302.78779258712325
548	-306.4507588699993
549	-309.3701357381115
550	-311.0337202367005
551	-310.7761269406529
552	-303.8221271883861
553	-311.5597773506442
554	-304.0644089273072
555	-305.3157463264661
556	-311.9724708799724
557	-300.7719972885886
558	-304.4599139443269
559	-308.9854133440558
560	-308.30937145953897
561	-307.2888514666698
562	-307.93122277624684
563	-304.4808047245405
564	-306.0263607231287
565	-307.0926626495445
566	-302.03694260892854
567	-307.28979187489136
568	-309.3475424678213
569	-308.1759880090211
570	-300.2245229817975
571	-299.32625582597353
572	-296.6353042165912
573	-309.81910227768856
574	-303.9353267298119
575	-308.6398556212601
576	-311.48432437849914
577	-304.749447197231
578	-308.02511365436476
579	-305.57711522649987
580	-308.7080123851163
581	-302.2899462098341
582	-307.3870389515661
583	-308.9016815600711
584	-300.67280871268605
585	-305.5894062048558
586	-307.9354970194816
587	-306.3236474644481
588	-301.8391819459735
589	-305.31357466855695
590	-312.381107536756
591	-311.51440213252374
592	-304.2029617605437
593	-307.9000590202916
594	-305.52072558039515
595	-302.80092951987405
596	-304.41821432897336
597	-309.41584557374466
598	-304.8667423938932
599	-306.68533648049845
600	-303.92989812939453
601	-302.90684891436337
602	-312.6594208262868
603	-310.15850212187627
604	-309.7584091324355
605	-305.2508851906349
606	-303.79587352418133
607	-308.5307838940903
608	-306.39980848043376
609	-302.2455549522851
610	-308.5996564670875
611	-305.25976002814957
612	-298.90203985244324
613	-306.4825651596294
614	-310.9195936897426
615	-301.67009832579447
616	-304.41180655344175
617	-306.76989956232876
618	-303.9876582816886
619	-304.63847455296417
620	-307.69802704704466
621	-306.88423567751767
622	-304.06548783148946
623	-301.55800048715406
624	-310.1189630580112
625	-312.87171273160203
626	-311.9978086584921
627	-303.8574954346704
628	-304.7581611854146
629	-305.39924455579745
630	-309.2953403381225
631	-309.82660980295856
632	-309.4317765163099
633	-309.0175233854451
634	-309.4974621997795
635	-309.5381341920661
636	-309.5451825165292
637	-311.14871730470173
638	-309.7257465774147
639	-311.39597509203116
640	-309.2691229285292
641	-309.62959528466945
642	-311.60966015168304
643	-308.2765970812404
644	-312.356338093839
645	-306.7469121895696
646	-303.4364904418102
647	-299.6456952616263
648	-305.3679774615672
649	-310.52482969629415
650	-306.27435685677966
651	-311.8699423082941
652	-305.97533644047473
653	-303.9241657185874
654	-306.2946098142374
655	-312.51537543634754
656	-303.48876978730607
657	-301.1310428337681
658	-310.8075363598534
659	-303.6366534305671
660	-303.2268960498367
661	-306.6356864170967
662	-306.2582234854219
663	-307.0990577908136
664	-307.0856693019267
665	-311.75640093345714
666	-303.57429185974
667	-309.73292300420366
668	-297.1638964034231
669	-300.2002040759246
670	-305.77322024125937
671	-300.09032707505247
672	-308.2851289450133
673	-305.40496709857257
674	-304.61104813407877
675	-304.07313046877806
676	-305.5069466373729
677	-307.1632856296214
678	-299.10818605281634
679	-301.4643568492184
680	-306.3922651509962
681	-301.7195149333174
682	-308.6684161929117
683	-305.1209053486134
684	-299.98961047241414
685	-299.53299351677464
686	-302.3325043946101
687	-307.322390313834
688	-300.30293977504397
689	-297.6553518496559
690	-310.0274884214652
691	-307.30128970040744
692	-313.1391009610954
693	-308.1457441252296
694	-313.6756293703296
695	-310.50555828957715
696	-301.52663543097987
697	-299.32931615429686
698	-307.1326452432893
699	-306.62544602183254
700	-309.23837622950424
701	-304.13651596309
702	-303.43993050429395
703	-309.6066215370073
704	-312.6545548239469
705	-310.11935065965037
706	-304.8433733181662
707	-314.34207296368265
708	-309.492827530044
709	-310.4085056590962
710	-308.10669329259474
711	-312.02223054073585
712	-303.68602287263985
713	-303.45443482916124
714	-311.610281980118
715	-312.1016525180795
716	-305.5046442575063
717	-304.58930974145835
718	-305.25745453985144
719	-303.5131534138262
720	-307.43816572450015
721	-304.8386172257764
722	-305.77874220554924
723	-302.5876887634321
724	-309.68261361971366
725	-303.06877027340494
726	-303.617675413698
727	-302.4548107312923
728	-296.02105996706354
729	-298.2751642480639
730	-300.7628906584233
731	-299.2040295950794
732	-305.6807586835163
733	-301.07938234398404
734	-313.8777626652389
735	-303.18145742315846
736	-307.0736930768411
737	-309.6018129791366
738	-301.10905564276817
739	-304.53580717265277
740	-306.6312991836353
741	-302.7744792646989
742	-305.1371103691944
743	-307.5277090273309
744	-309.22248513606564
745	-310.1510652845159
746	-309.8050482030723
747	-308.5999562927572
748	-308.42756252866224
749	-302.3985410132583
750	-309.3877465640972
751	-305.8285974977331
752	-306.3068676612766
753	-308.37232900054596
754	-310.860877878831
755	-305.63615161298543
756	-312.8225252551058
757	-303.11346837716917
758	-309.0215631474347
759	-308.652787572288
760	-306.7103588086001
761	-307.3938208875247
762	-302.2578886198917
763	-303.15714901312987
764	-301.78485539947985
765	-295.9868921398949
766	-301.93285810291104
767	-305.2795762710603
768	-307.79377345418476
769	-305.30698934264825
770	-303.9621222846878
771	-309.50831062697864
772	-308.2181224441505
773	-300.947709545377
774	-306.6521519686665
775	-306.21940953447813
776	-303.7090714982522
777	-309.31540623834013
778	-306.96913514059037
779	-307.01215863921465
780	-308.9935849662279
781	-311.4912685403536
782	-304.38266348535643
783	-307.42597383590686
784	-306.8861858701939
785	-308.1918449857066
786	-303.19216620954853
787	-306.2752789814193
788	-302.0475958757127
789	-305.99772469544416
790	-302.6281020470039
791	-302.8137535746222
792	-300.4586421348034
793	-297.7824636250356
794	-305.33067704670106
795	-304.9247165252194
796	-304.5515588777162
797	-311.2477739874507
798	-302.4224190436011
799	-306.65927161837857
800	-309.4874929718464
801	-300.7824560408457
802	-297.9352325516362
803	-306.9751656759604
804	-306.939274955892
805	-309.80587006747686
806	-305.66423832927416
807	-310.6473272094356
808	-305.77887847706717
809	-302.5236614164568
810	-300.00164523033243
811	-303.7557271469329
812	-303.35336239837034
813	-308.03465568392653
814	-310.89919103315293
815	-303.7704222976655
816	-303.1031234488409
817	-305.9868401606158
818	-306.24708650161466
819	-300.8840016531299
820	-308.97342126247196
821	-305.24012019901886
822	-302.4688413541951
823	-302.0638854001822
824	-300.9580119826148
825	-299.8063289894112
826	-305.02980280414005
827	-308.2884613503216
828	-309.1199358843517
829	-306.40945177885493
830	-300.99326994487643
831	-303.4471230231163
832	-305.9334653565122
833	-294.3135847162458
834	-300.2345151302992
835	-301.16432047404686
836	-303.92401629531594
837	-304.59496438890534
838	-302.73269878939516
839	-307.58795441618025
840	-301.6608579899549
841	-302.89980993637187
842	-302.97252438034104
843	-306.63600765754063
844	-304.6257939468073
845	-305.49524809756963
846	-307.48909426660373
847	-305.6962320810387
848	-306.57767217772147
849	-306.1633140349397
850	-301.89498994561507
851	-304.20640214374095
852	-305.01106929887163
853	-306.00528698270904
854	-314.2261428089838
855	-309.435427679433
856	-305.958970584098
857	-309.9150949415828
858	-304.7119577553774
859	-304.88955118512786
860	-308.57327042106107
861	-304.66417739317683
862	-301.80517160823246
863	-311.53855854960466
864	-300.8911725753113
865	-308.1309567736278
866	-302.7329850664425
867	-307.21718955473676
868	-307.9894162344225
869	-302.0385726193638
870	-310.79005331252023
871	-296.1792325542497
872	-299.112866586553
873	-307.6955608693697
874	-306.96092887178327
875	-304.0376933987305
876	-297.37301284233695
877	-299.6152463561077
878	-302.1865724170043
879	-300.75575804448005
880	-303.9704888084857
881	-300.3168000429514
882	-302.92321628137574
883	-299.66317553535276
884	-306.4304497308978
885	-305.50121372431335
886	-311.7471972405765
887	-308.6142715289663
888	-301.5238420281873
889	-308.42905604476823
890	-310.9016005388327
891	-309.0622433261479
892	-306.215705451458
893	-308.41706168220355
894	-307.85977485158264
895	-306.81410437637817
896	-306.29262243472067
897	-312.4851646111967
898	-312.06120154337725
899	-305.1471448406312
900	-313.0806093800406
901	-305.01360825107287
902	-299.22180956566586
903	-305.93252240938483
904	-302.8515582869766
905	-304.5483346934879
906	-298.8175391676393
907	-308.76149841626705
908	-305.6963013273196
909	-302.7532199510626
910	-308.0334800942747
911	-304.627852618142
912	-303.1071887247251
913	-306.4326316006849
914	-305.41020869125964
915	-303.2913093506038
916	-306.6556885522711
917	-306.22442959587136
918	-301.99975291641374
919	-309.6350609985534
920	-303.4531628133417
921	-310.6604069597665
922	-308.6862797157046
923	-304.805397877728
924	-310.77182186190504
925	-307.73932288983553
926	-313.6243881106934
927	-306.8378187971581
928	-309.26904302558665
929	-308.80914509366085
930	-303.44994668094637
931	-301.3110767141352
932	-307.4941939926996
933	-309.4461842199586
934	-311.23801250496166
935	-299.44471823252564
936	-296.3817135258027
937	-304.2752765396115
938	-308.31260688584246
939	-308.6037047809085
940	-307.31190933545605
941	-310.9036315620499
942	-303.55548210680274
943	-312.1888737381629
944	-305.90441568260786
945	-303.4213860233523
946	-313.689908473671
947	-306.6820932211398
948	-299.5439656611069
949	-299.37004663215396
950	-305.03413658019736
951	-303.2823795817017
952	-300.10106529088165
953	-303.8360489356477
954	-303.2721445296735
955	-306.0804141521139
956	-304.05970941028545
957	-305.5889576345605
958	-303.23214043122096
959	-303.9346794776157
960	-310.15598056898915
961	-302.41704604505094
962	-309.5446751005375
963	-307.80460694754703
964	-303.99271027200075
965	-300.70619941557925
966	-297.56993164680136
967	-307.94347733903317
968	-310.00882574918984
969	-305.9042680207934
970	-302.3488432559713
971	-301.64040825440156
972	-304.1334466220847
973	-304.7367842298106
974	-304.24444979308254
975	-306.43860274319064
976	-311.4283734549116
977	-309.826471786337
978	-305.8794138110471
979	-307.8660414306548
980	-311.5546167975053
981	-306.6949913652818
982	-305.6006705153639
983	-309.996942458074
984	-304.6217263613575
985	-307.37109454146406
986	-307.9142446951133
987	-308.14326405064884
988	-309.2641607335212
989	-304.34436885612985
990	-305.76104617621354
991	-307.55993277396857
992	-307.8823431345892
993	-311.7042737604313
994	-303.8402154640886
995	-310.8505911583984
996	-306.4386160372917
997	-309.78025255352173
998	-313.38475306854326
999	-311.0614409147924
1000	-305.7060279467818
1001	-306.43070038486337
1002	-304.64638435698583
1003	-306.7640481479592
1004	-304.23924479833425
1005	-301.1223138230839
1006	-311.5122528932681
1007	-304.32182874310064
1008	-302.19235075498
1009	-300.39561775193715
1010	-297.1054589381825
1011	-302.8348243585423
1012	-312.25443979120155
1013	-302.55465611754124
1014	-302.6145100370654
1015	-301.1685287698738
1016	-303.2223669349617
1017	-307.017467105752
1018	-309.94454768291376
1019	-303.59814891242974
1020	-304.2811090197731
1021	-306.3599437373855
1022	-306.4493169031046
1023	-308.8845218027493
1024	-312.0529651549665
1025	-297.37321553683597
1026	-308.3573475921641
1027	-312.3520887175754
1028	-308.4431327032957
1029	-307.56461174951335
1030	-311.48244799485354
1031	-309.5420043347217
1032	-308.4389103097865
1033	-297.15526269413044
1034	-306.7619426279794
1035	-307.81772367644413
1036	-308.52684704281404
1037	-303.0077141364809
1038	-308.9884652965316
1039	-305.8965451537727
1040	-304.9182973960315
1041	-308.3281793502116
1042	-306.7029236948655
1043	-307.77239281869316
1044	-299.19655974486466
1045	-304.6840679399479
1046	-304.23525195586774
1047	-309.83248416902256
1048	-308.93009874454077
1049	-311.1820779358024
1050	-307.37088353379653
1051	-304.3878776770628
1052	-297.53154391550686
1053	-306.5460457033167
1054	-308.23667236260275
1055	-313.1407948683514
1056	-308.24147335546047
1057	-305.5524823224917
1058	-311.2140944036792
1059	-309.7618249749801
1060	-309.70337056802737
1061	-307.19961857038527
1062	-307.1822755926877
1063	-311.6194839788448
1064	-308.9760339695697
1065	-306.8046895270972
1066	-307.3421429620995
1067	-313.7142807726789
1068	-302.5350054311685
1069	-309.95797686897936
1070	-306.10054183844176
1071	-304.83230695760557
1072	-303.8730086913889
1073	-301.940207538638
1074	-303.26601663272095
1075	-305.7594287094509
1076	-306.4832467909913
1077	-305.1183925830982
1078	-308.1461593016366
1079	-305.8172522010973
1080	-308.2947375988485
1081	-306.79968566793667
1082	-308.5336182499792
1083	-304.8873663724656
1084	-306.3125530851161
1085	-307.27007779964833
1086	-301.91564140963146
1087	-312.85604707970157
1088	-312.301873973262
1089	-306.4975069918931
1090	-299.4805447825134
1091	-311.52736705441976
1092	-306.05526401091026
1093	-309.34866427758806
1094	-307.3625423625177
1095	-304.7615503659223
1096	-306.755036312112
1097	-300.18736455272403
1098	-302.0343939460512
1099	-310.2943449889251
1100	-306.4091338555496
1101	-300.8631833534329
1102	-305.0032523999259
1103	-304.1885462426281
1104	-305.5028920374685
1105	-303.634314354747
1106	-311.0493522962543
1107	-304.9193163571324
1108	-304.8058825390588
1109	-301.18877386002293
1110	-309.25958410186183
1111	-311.9520377030573
1112	-311.16942451028757
1113	-308.6666665879733
1114	-305.61867372003235
1115	-304.0218374641478
1116	-307.2611931782816
1117	-308.43159878537267
1118	-305.2533293477898
1119	-308.73216689303945
1120	-312.41761534330885
1121	-297.8153880627849
1122	-311.8893885340586
1123	-312.7999076853429
1124	-309.62673354206805
1125	-306.2123826350819
1126	-306.69913208802745
1127	-297.2829405352491
1128	-306.670263348316
1129	-303.6000701284859
1130	-304.0034799662752
1131	-299.70832325090186
1132	-294.8515120550187
1133	-299.54381479651704
1134	-304.86388778955353
1135	-299.3478862320594
1136	-297.4659339549442
1137	-301.97769214942446
1138	-301.5297022654955
1139	-308.08107208861674
1140	-308.2903752975394
1141	-309.51083905092327
1142	-302.4090582822257
1143	-299.2043610551787
1144	-299.00144478031984
1145	-298.6778840103167
1146	-307.7922757087579
1147	-307.8158166405917
1148	-310.61376366817996
1149	-308.58268128187717
1150	-307.220246295681
1151	-308.8136168654281
1152	-301.39954361025053
1153	-309.0889455387013
1154	-300.2869589566226
1155	-302.96571729053113
1156	-299.13692843502474
1157	-307.1314397250728
1158	-311.5926802050633
1159	-304.93702070809866
1160	-297.3614910118465
1161	-297.8601235337176
1162	-300.5983810733391
1163	-305.38495919126865
1164	-310.7393469558715
1165	-305.2262724417257
1166	-306.21295748805505
1167	-298.288382973556
1168	-312.3067751986158
1169	-308.04460601555263
1170	-307.2436205122819
1171	-309.71545787303694
1172	-312.53928184354066
1173	-307.42334499345515
1174	-306.4645706363966
1175	-307.183645151279
1176	-310.6309291191175
1177	-308.71901157004976
1178	-303.6063581721067
1179	-309.81981596628447
1180	-305.87757384487014
1181	-312.65442918868183
1182	-295.313433334836
1183	-303.02065141530227
1184	-304.98691147265725
1185	-311.1496012654016
1186	-303.00618408634995
1187	-307.3654661860728
1188	-308.8504223783198
1189	-307.8767781891519
1190	-298.53235924511563
1191	-306.36379558869515
1192	-304.8109618488544
1193	-308.36553085215917
1194	-305.03266162095144
1195	-304.52687040284144
1196	-303.8310501844086
1197	-305.04064970832667
1198	-301.25760620577375
1199	-308.0565129093272
1200	-304.67258148683914
1201	-301.2180640895687
1202	-301.94449621950895
1203	-301.8183395001216
1204	-304.62416572192313
1205	-311.6818061750939
1206	-301.98790779540417
1207	-298.94112953723265
1208	-305.95158948723724
1209	-293.7501341694377
1210	-303.6783193935367
1211	-297.84815759875227
1212	-308.7252393311461
1213	-311.0336435096039
1214	-306.7467889767868
1215	-312.361475933722
1216	-298.2750153610746
1217	-304.8991679013512
1218	-298.2819690259719
1219	-309.61676335774587
1220	-306.90629663207096
1221	-302.5049296628066
1222	-304.4995287682798
1223	-299.0866733698929
1224	-306.3347766198845
1225	-304.0642164004518
1226	-299.05092767031726
1227	-308.9818067498306
1228	-308.58188368181646
1229	-300.4288260631022
1230	-307.0619225605058
1231	-302.76426653065386
1232	-305.5374338030072
1233	-301.06068474270234
1234	-299.13577443916716
1235	-303.5761737154583
1236	-301.69938960059227
1237	-301.86265010210707
1238	-308.1005402557854
1239	-309.005405351073
1240	-306.8477926243168
1241	-307.7453418135507
1242	-299.1112461191108
1243	-305.43762919415116
1244	-305.64386022432586
1245	-302.06296729856956
1246	-304.5914551412732
1247	-300.315389023342
1248	-309.7331300107071
1249	-312.35963611341424
1250	-303.83196939483065
1251	-306.9783740632097
1252	-304.5669955831522
1253	-304.3692911247074
1254	-308.2585047220304
1255	-303.1329230212939
1256	-305.6595960174219
1257	-307.9912469102823
1258	-299.2705384691919
1259	-297.11268555260654
1260	-300.8719365255902
1261	-304.4588106714601
1262	-300.804756573049
1263	-306.6402218121878
1264	-306.77325206100505
1265	-307.17720224375734
1266	-301.29180468305185
1267	-305.99707304830633
1268	-302.99510297169
1269	-305.5423768453507
1270	-301.9505149581212
1271	-298.61417962260373
1272	-303.5524889054733
1273	-302.9911
1274	-310.3723643411413
1275	-303.64979285776536
1276	-305.95044376217106
1277	-310.67464237398787
1278	-306.60490088964985
1279	-308.1883306137353
1280	-309.6711292126967
1281	-296.6873
1282	-305.0366099576787
1283	-302.4349708875226
1284	-304.4138748822814
1285	-300.76389668890226
1286	-313.04445394182375
1287	-302.1563838888729
1288	-304.7909441456317
1289	-301.27127103184347
1290	-306.521614797763
1291	-302.9746083516918
1292	-304.2548086895316
1293	-303.128466658749
1294	-303.4401065821673
1295	-308.0854929670628
1296	-305.3559816654282
1297	-308.4122161869252
1298	-303.8332815626948
1299	-307.3326521674908
1300	-305.39576793965693
1301	-303.0178520006292
1302	-304.3537599891027
1303	-302.184525478494
1304	-305.11745267116316
1305	-302.0896520302117
1306	-307.31240699109094
1307	-303.009673493146
1308	-296.46142743753734
1309	-299.3916962141026
1310	-306.76564922019935
1311	-302.10745336780025
1312	-308.41241890744345
1313	-302.0384325667211
1314	-309.4800772621722
1315	-306.58387284074837
1316	-312.88949270862315
1317	-306.18014432486865
1318	-303.9268361816725
1319	-308.35494492381304
1320	-306.77331372122575
1321	-310.3132963454506
1322	-303.47654877518045
1323	-312.5343530087767
1324	-302.40666758830184
1325	-302.9000387691575
1326	-306.87157703641674
1327	-308.2091925566882
1328	-314.53048824702756
1329	-308.5626627176612
1330	-301.55954684744637
1331	-310.82589557647725
1332	-299.47815136661046
1333	-301.13963662424703
1334	-303.38466061081766
1335	-302.99257558205346
1336	-307.63674411850263
1337	-300.46103958723074
1338	-303.66953464358363
1339	-302.7577780064556
1340	-306.76783445704734
1341	-301.54167522340487
1342	-306.23602373143365
1343	-304.56798574993087
1344	-301.7575072367059
1345	-309.5659729338118
1346	-301.8777968325785
1347	-306.5080967554026
1348	-307.99324266727206
1349	-302.10814737968144
1350	-308.5666181916606
1351	-300.62266338845575
1352	-306.6211626143169
1353	-304.3887509766052
1354	-307.6643943158217
1355	-309.7807867182735
1356	-301.8380432670527
1357	-311.97825277020513
1358	-306.46186579812104
1359	-310.41204638586527
1360	-308.5336814742472
1361	-301.449105939243
1362	-301.4163519350551
1363	-307.19358408321847
1364	-303.37606594362074
1365	-307.5338939423223
1366	-307.1416770712828
1367	-308.834035221494
1368	-310.2450331660634
1369	-308.7236317305289
1370	-310.6520964677257
1371	-309.31105223561195
1372	-312.45320980872873
1373	-310.488717754214
1374	-304.1074667023706
1375	-310.0956768910135
1376	-305.84825521210536
1377	-308.2477834565386
1378	-304.1876457257473
1379	-310.65598952572896
1380	-309.8057026228475
1381	-308.7320908199373
1382	-314.9323882674412
1383	-309.40721144929483
1384	-309.5843577696628
1385	-303.9401242800931
1386	-308.2661180257183
1387	-306.0131931591752
1388	-304.6994701844523
1389	-302.8893202125504
1390	-309.82998917806924
1391	-305.06137926605805
1392	-310.2085951594967
1393	-310.9765360117474
1394	-304.4111887473142
1395	-305.61582836417097
1396	-311.1341539238006
1397	-301.64190028751847
1398	-302.8675868863933
1399	-308.084782970258
1400	-307.93141379866836
1401	-303.6540213231576
1402	-302.74044118180626
1403	-304.3841914522316
1404	-309.70543546087754
1405	-306.933057006309
1406	-311.33846575883234
1407	-303.4440871636871
1408	-305.12487198457006
1409	-302.6617401661503
1410	-290.10758221071717
1411	-297.83878747808825
1412	-299.5320582295356
1413	-303.0316047637757
1414	-301.4265227180908
1415	-301.6273041220866
1416	-301.67222343988595
1417	-305.8986721489858
1418	-295.95661333861887
1419	-302.5717946304681
1420	-296.1973854671366
1421	-302.20466111476156
1422	-301.1290339928012
1423	-302.04789736933003
1424	-304.2677555771166
1425	-308.4618597662156
1426	-308.9846956140895
1427	-300.2511814052783
1428	-306.45862697938736
1429	-303.2644360912536
1430	-301.7045576477964
1431	-305.7119488647922
1432	-305.0346232517624
1433	-298.03189754384607
1434	-307.4525011537687
1435	-306.48039440427675
1436	-301.598931755724
1437	-307.9067530734455
1438	-304.1778802078163
1439	-307.65305029976207
1440	-296.1108
1441	-304.0690185271668
1442	-303.2862366162989
1443	-309.3051761482123
1444	-301.52356402788115
1445	-302.48966130494875
1446	-301.3733860644933
1447	-302.7808788434726
1448	-302.90613846819093
1449	-308.38498712133503
1450	-304.2782541245148
1451	-303.2070213061251
1452	-300.78270559926733
1453	-310.53926555579125
1454	-301.14042377184455
1455	-304.42844989384236
1456	-298.608643906354
1457	-301.1823383540391
1458	-299.8228128099574
1459	-301.8524180900704
1460	-307.9266792644064
1461	-308.7241078342396
1462	-302.65553720661376
1463	-302.18265649996596
1464	-310.4280682583675
1465	-304.5675642562828
1466	-303.8021968337515
1467	-301.8396467228387
1468	-302.4692651734992
1469	-306.27678023602175
1470	-309.5513904594315
1471	-298.7501517928439
1472	-305.6644973415532
1473	-306.62465582236666
1474	-303.6007202745458
1475	-307.20396702658087
1476	-306.6337160279721
1477	-303.73427473754106
1478	-308.92214366924804
1479	-300.79466393413173
1480	-308.22210214505867
1481	-307.5419886068113
1482	-302.4652625745088
1483	-300.20669311972654
1484	-310.98992345772115
1485	-302.0097927238449
1486	-297.55187445871053
1487	-309.29668167549335
1488	-300.94763339500605
1489	-305.9669824696305
1490	-301.2519492394143
1491	-302.3840638867053
1492	-309.0232018395186
1493	-309.38223734273834
1494	-306.05717946980735
1495	-304.642902044212
1496	-301.85888461000906
1497	-294.8731792105478
1498	-300.41656617239255
1499	-305.24282217589615
1500	-305.7201681940713
1501	-304.05878891863375
1502	-301.8138248758262
1503	-306.4647018365812
1504	-296.9816106552369
1505	-303.64278835836706
1506	-301.4123032960254
1507	-306.8193493351826
1508	-302.3659772800109
1509	-297.75378637546646
1510	-303.3927231011944
1511	-305.26000308226145
1512	-301.90117209984726
1513	-308.2622380511876
1514	-298.91190174857957
1515	-297.23231904442844
1516	-305.29508129756846
1517	-304.01470105526937
1518	-301.8526750481647
1519	-307.054901616431
1520	-303.6260802600711
1521	-306.2862617895713
1522	-304.7228087405177
1523	-304.0492718433229
1524	-306.2603291185412
1525	-300.9094000021794
1526	-305.83650032839506
1527	-297.958414082423
1528	-308.8664156325231
1529	-308.7558062649184
1530	-300.36338014317613
1531	-302.663977581488
1532	-301.24278783619206
1533	-308.89072762404066
1534	-309.9351007148338
1535	-305.61078607422445
1536	-306.78001396041503
1537	-305.0197773394613
1538	-307.89859176012294
1539	-303.32370797390394
1540	-301.279282807432
1541	-298.2017191314261
1542	-302.0861828423217
1543	-305.06119036087983
1544	-299.1492031291589
1545	-311.2770444532521
1546	-300.99616153549545
1547	-302.3066851927348
1548	-308.5012544763201
1549	-309.50957271968093
1550	-309.8341919715429
1551	-303.3689707162457
1552	-297.26449268484316
1553	-303.8341426129167
1554	-310.1809095579815
1555	-309.56537022847743
1556	-307.83431565549466
1557	-310.23531782808016
1558	-307.2699965995411
1559	-310.6968041180361
1560	-312.013720355735
1561	-301.18187981574386
1562	-306.1331025619766
1563	-303.4512064965076
1564	-297.4372240187499
1565	-299.78157231442464
1566	-307.89084334141035
1567	-309.17856215270047
1568	-306.81495178808757
1569	-304.20111052328696
1570	-305.5454479869301
1571	-308.512258875779
1572	-309.00842371606376
1573	-312.29519861707774
1574	-305.44578107919267
1575	-313.9284617059071
1576	-302.6573145547994
1577	-302.8252315420107
1578	-300.50910313841064
1579	-299.9436025962942
1580	-299.6388429465503
1581	-310.59090680754616
1582	-305.71194031846835
1583	-306.87098211422403
1584	-302.2022632099263
1585	-301.6057322848684
1586	-300.845729799385
1587	-302.9131348793465
1588	-300.8316736659781
1589	-308.9311698719416
1590	-300.7034876027853
1591	-301.89922779061584
1592	-307.9840023235689
1593	-307.225190949443
1594	-307.8859488266424
1595	-307.84682268893715
1596	-302.335377621014
1597	-305.2135351539762
1598	-308.9082891748693
1599	-304.3139575514093
1600	-297.02319968897405
1601	-307.49731035029316
1602	-307.1499814805744
1603	-304.9601348663673
1604	-302.5899370295512
1605	-309.31140161661295
1606	-310.10844593375333
1607	-304.4920584024546
1608	-307.38763240728827
1609	-299.5075779550325
1610	-309.45944402660814
1611	-306.14752582905464
1612	-309.82542326258863
1613	-295.9727254401431
1614	-304.47465902137
1615	-309.0546505989897
1616	-298.5845191479087
1617	-307.64092947288515
1618	-314.6793610326647
1619	-309.94838300549844
1620	-314.3439222817401
1621	-307.70706220251003
1622	-304.22398339095895
1623	-307.6362538801285
1624	-301.92419119565983
1625	-300.80835754947185
1626	-303.96377569784806
1627	-305.59963927821696
1628	-304.4703676439778
1629	-305.5607216051774
1630	-309.0794144177036
1631	-313.71030336382
1632	-304.69864138411657
1633	-309.00540664091415
1634	-304.60067023437165
1635	-307.59733294855295
1636	-301.36004429413646
1637	-306.2416312039094
1638	-310.00258735755074
1639	-301.00942673973793
1640	-301.90649295204054
1641	-310.9202531175277
1642	-307.24520045360396
1643	-305.42392400127284
1644	-308.3308004994164
1645	-304.4140297936958
1646	-306.3267720647341
1647	-308.86869523991686
1648	-312.09903401828007
1649	-306.7641890205414
1650	-304.2396587398335
1651	-306.66126619934374
1652	-313.203749377535
1653	-304.20961658923676
1654	-307.8323535852401
1655	-305.44346146150036
1656	-309.32595942308336
1657	-297.3836248196184
1658	-306.68939335206795
1659	-312.62448862536996
1660	-304.73654044338775
1661	-309.51301553788124
1662	-305.01600014529674
1663	-308.5621772724412
1664	-307.2561964048241
1665	-305.95088743157777
1666	-310.2097326324899
1667	-305.345907529423
1668	-305.0735683645985
1669	-309.8119092658561
1670	-306.3040784330021
1671	-305.5433803301046
1672	-301.2502842866317
1673	-302.7140814769541
1674	-303.038220690136
1675	-300.08595271992255
1676	-309.2556296539231
1677	-307.1898691624175
1678	-298.4168199578471
1679	-303.5089086649053
1680	-307.6374889662147
1681	-315.3240595965335
1682	-305.0052362874899
1683	-300.59237418095023
1684	-301.4324238164297
1685	-305.47590994130184
1686	-309.3401034706497
1687	-301.9604163893779
1688	-310.9434423077542
1689	-305.2347142528509
1690	-307.05309774876923
1691	-306.32646275992454
1692	-316.5560193388376
1693	-306.4208399526548
1694	-305.9891110212709
1695	-304.3048326275264
1696	-307.54372262666743
1697	-311.31752152196583
1698	-302.25957673351314
1699	-306.9411392722556
1700	-299.63973183878244
1701	-307.4266422271737
1702	-310.19568687137803
1703	-304.10416774252786
1704	-307.9837216308419
1705	-311.11843128018813
1706	-303.8407457292752
1707	-302.7093248811863
1708	-304.6906272889149
1709	-308.4161758353639
1710	-299.8736341987481
1711	-309.3068537872457
1712	-302.80563007762737
1713	-304.03954466050516
1714	-310.7141625131428
1715	-306.2107425225168
1716	-304.6030477810273
1717	-302.3668615211035
1718	-306.02987028483625
1719	-301.3197272252649
1720	-310.7369119331532
1721	-300.1954597293589
1722	-305.50279786071474
1723	-307.9416704765795
1724	-303.3981573758637
1725	-305.14103676816256
1726	-304.6010659104182
1727	-306.58401407395297
1728	-308.9590938641091
1729	-299.5185829936426
1730	-308.09261582623225
1731	-308.22932135353386
1732	-304.19195111583036
1733	-310.15839140097864
1734	-304.97768216332116
1735	-300.50724649831915
1736	-307.5210532758511
1737	-302.8720152404259
1738	-306.0008515776348
1739	-307.171869671014
1740	-308.35647011972316
1741	-312.310535896688
1742	-308.7126983151134
1743	-306.98624430363344
1744	-311.8649122204661
1745	-304.5096970701607
1746	-304.33656565417493
1747	-304.30154367817283
1748	-308.9090138829811
1749	-315.3471722870559
1750	-301.20102904746193
1751	-303.7512558204702
1752	-307.0595735838864
1753	-309.02390778768364
1754	-314.0300805405902
1755	-314.3229918581632
1756	-311.5124937730596
1757	-311.93661301036
1758	-296.7605517856737
1759	-304.55401102310583
1760	-304.56445863757773
1761	-301.9257918110995
1762	-307.58331676946807
1763	-305.4311735064144
1764	-308.1214390752248
1765	-307.34891622390666
1766	-305.5417747423772
1767	-300.5805026327988
1768	-304.30206731896584
1769	-303.28512977586615
1770	-305.87630643347256
1771	-301.1378823460054
1772	-304.3286240145941
1773	-300.7066714187965
1774	-305.9573118667793
1775	-302.5188281216041
1776	-305.9572574284892
1777	-308.71712385645077
1778	-304.4159475371698
1779	-301.21964229451254
1780	-301.8401460674021
1781	-302.08399045160223
1782	-311.45424027096175
1783	-303.8409098966468
1784	-310.26913893293806
1785	-305.62390877224533
1786	-302.5104554304909
1787	-303.8112933978414
1788	-304.71359228558964
1789	-308.08090489971903
1790	-304.44195100146777
1791	-298.91914883204964
1792	-301.36738683468496
1793	-304.65464847275865
1794	-302.2692875855282
1795	-303.4486625605544
1796	-303.5939847814217
1797	-305.60527033504303
1798	-302.3450024593137
1799	-308.8510400121342
1800	-309.6622112019575
1801	-303.51649194054534
1802	-307.2821859711338
1803	-306.5116049177139
1804	-310.9725276872092
1805	-305.50671023950923
1806	-302.8112633270847
1807	-302.5152218482165
1808	-301.6485705086551
1809	-308.30443450506914
1810	-305.4110722971978
1811	-306.34917700326696
1812	-308.3019522245357
1813	-309.44644437310296
1814	-304.7131703247224
1815	-301.91895030579457
1816	-306.3337688413705
1817	-301.78138171624073
1818	-304.730530712893
1819	-305.4389895207378
1820	-303.022202884331
1821	-305.5576739934452
1822	-305.4644008542704
1823	-301.0843492263501
1824	-310.1841518731752
1825	-305.2582166354438
1826	-311.2150767463594
1827	-306.35019399585866
1828	-309.10505246358105
1829	-304.4068680798733
1830	-307.68470380068686
1831	-308.51206311052323
1832	-311.4680458484491
1833	-309.4810132567133
1834	-308.52888859917755
1835	-306.94631045762566
1836	-312.4981632464727
1837	-300.7790350237726
1838	-302.17880861246186
1839	-305.4588834450224
1840	-307.301679552546
1841	-304.72403640067625
1842	-302.73351420858916
1843	-307.8614390396486
1844	-308.9299587715247
1845	-306.22814300569706
1846	-299.6588100657266
1847	-304.9741540981584
1848	-304.5434525689959
1849	-296.80999430516306
1850	-300.2931491702516
1851	-301.5369831625223
1852	-306.5109224899673
1853	-302.93937993149353
1854	-295.3513497523036
1855	-298.4350432000144
1856	-305.5766432594598
1857	-302.22698951791295
1858	-306.0519041513872
1859	-305.4168070151945
1860	-309.7528075028797
1861	-303.12428095836333
1862	-305.5307581879472
1863	-304.9446192574689
1864	-307.68172099174797
1865	-298.8397166291086
1866	-310.2238499836627
1867	-303.7985078211744
1868	-313.5718775859468
1869	-303.5720679368984
1870	-313.33835557106863
1871	-308.19656356313305
1872	-303.7805881644455
1873	-304.88263096494126
1874	-302.149260214915
1875	-301.56610691454597
1876	-303.0039921630805
1877	-305.55124866477485
1878	-304.40797947964796
1879	-311.1735252298953
1880	-306.9955937756034
1881	-305.90062810453367
1882	-307.88720634432264
1883	-302.04092067731483
1884	-293.9202664069904
1885	-306.08545837472803
1886	-307.9344487049448
1887	-313.9666067475936
1888	-302.53481685683647
1889	-308.9307745125378
1890	-302.36329271590995
1891	-301.6273407445383
1892	-295.73373583550824
1893	-309.0303195555313
1894	-301.6115437105882
1895	-306.58883773881587
1896	-302.29087221328786
1897	-302.9554576010904
1898	-303.8031311341632
1899	-304.5799674395713
1900	-310.02276521537505
1901	-305.97929375619344
1902	-308.7290750692483
1903	-301.4447356506149
1904	-307.42666429404494
1905	-302.9513190159517
1906	-303.95291340402144
1907	-299.6040844298436
1908	-297.7563100567595
1909	-305.52942530596096
1910	-310.9485385258234
1911	-303.743572869391
1912	-304.1678972641155
1913	-311.6835660685474
1914	-306.1340603076137
1915	-304.14824766544916
1916	-310.7759405589274
1917	-307.8170816568629
1918	-303.61873524740076
1919	-307.8537867426623
1920	-303.24905533539305
1921	-303.1039063214782
1922	-304.26559898114874
1923	-307.2180794441284
1924	-305.1146912224904
1925	-302.16370570729623
1926	-313.2435119115969
1927	-314.7012392423753
1928	-303.3981287583764
1929	-309.17005430722895
1930	-307.84193824705005
1931	-305.74272623001065
1932	-306.4092889620226
1933	-302.39388671738436
1934	-304.751325073493
1935	-305.83597017003564
1936	-303.5955086071062
1937	-303.02543833700327
1938	-307.0521444614517
1939	-310.15116625650836
1940	-296.96326141617413
1941	-308.43456604785376
1942	-298.5463262587894
1943	-303.6799994013936
1944	-301.95298852512434
1945	-298.79524961357964
1946	-303.4428406773524
1947	-303.6948160092225
1948	-306.5761366099881
1949	-307.45077844528373
1950	-309.00468132655976
1951	-305.30001438611265
1952	-302.8720040960067
1953	-307.7184794670839
1954	-305.3059126266495
1955	-313.2463970521384
1956	-302.1567290530681
1957	-301.42221216724516
1958	-306.55665595762457
1959	-307.78169174902985
1960	-303.0798841069073
1961	-299.14168121842323
1962	-304.93368150337653
1963	-313.7067077200619
1964	-311.69166342098157
1965	-308.5197061536261
1966	-307.5850774060055
1967	-298.37534186937376
1968	-304.936690709392
1969	-303.5992661035809
1970	-303.87402124427604
1971	-297.1455604415227
1972	-297.0317293492341
1973	-304.08201187155447
1974	-300.42315553956183
1975	-306.73012548166287
1976	-306.32928362781087
1977	-307.2658933770399
1978	-308.51350740888176
1979	-309.30968869490414
1980	-308.81791860454496
1981	-308.30819641203055
1982	-300.6614620043285
1983	-295.98052451047806
1984	-302.32895183985784
1985	-303.5145242874079
1986	-304.11060930816797
1987	-309.9417791314921
1988	-304.7936933847746
1989	-304.16096892007573
1990	-307.7504734574807
1991	-309.97553654848923
1992	-308.0533314596549
1993	-304.3633254700497
1994	-308.4728531876455
1995	-310.16794880531785
1996	-307.01870140871614
1997	-302.8836073401391
1998	-303.0485246599283
1999	-307.58873516045907
2000	-304.8353851331857
2001	-305.8968356280366
2002	-313.00524993134707
2003	-304.8514099539204
2004	-307.3326057211689
2005	-306.8638403208156
2006	-300.32798166690924
2007	-309.54529267772915
2008	-306.95085762350624
2009	-311.7636346421923
2010	-314.6656524232143
2011	-303.82193749366616
2012	-300.8680994529796
2013	-304.88556994741947
2014	-313.3319881792747
2015	-307.7146566143303
2016	-312.36967362294786
2017	-307.79065335805126
2018	-307.70719458058636
2019	-311.3353511928203
2020	-309.34301816054915
2021	-311.358869326753
2022	-306.395636523952
2023	-301.3067220800698
2024	-311.31402853941256
2025	-304.7694327706176
2026	-306.94190304439473
2027	-310.66032722818437
2028	-309.84071543245227
2029	-302.5847361263304
2030	-304.5159466855455
2031	-303.52315577643066
2032	-307.3083413610392
2033	-305.4200991493767
2034	-306.7317305946875
2035	-308.86276881062525
2036	-307.3944222107735
2037	-308.17548445043207
2038	-304.80445413051996
2039	-299.76856942198265
2040	-305.0228506098251
2041	-310.2349158856888
2042	-311.030086666925
2043	-305.9162948060184
2044	-307.66846789085355
2045	-304.3932566812106
2046	-299.55063194130497
2047	-306.2116070752481
2048	-308.17191908903214
2049	-308.37300972454494
2050	-299.87395559093994
2051	-299.88171151422716
2052	-304.2198189472789
2053	-309.6964320257695
2054	-304.3749771306669
2055	-296.07832360906235
2056	-303.3705102988692
2057	-303.4609679704229
2058	-302.6751802404402
2059	-299.25822072558645
2060	-302.18906528412305
2061	-305.3372275990661
2062	-306.1567687792944
2063	-305.9997656725071
2064	-300.48091445618786
2065	-300.2623645394944
2066	-306.74946945419356
2067	-303.17815446742424
2068	-300.7592267644543
2069	-308.3642442941365
2070	-305.93394464209774
2071	-307.99821582454524
2072	-302.5972407710017
2073	-298.6991224080371
2074	-298.4921830937913
2075	-310.3282687350119
2076	-301.08994180069465
2077	-303.2103296156459
2078	-307.75470711977607
2079	-303.7567688437237
2080	-306.3556411312185
2081	-311.10434094594734
2082	-306.5531579272834
2083	-304.9783300332684
2084	-306.9590959982429
2085	-304.5919038873919
2086	-303.3300056135509
2087	-305.3202534210477
2088	-302.96014228845576
2089	-305.47453166593124
2090	-306.9765388238922
2091	-303.4937574136748
2092	-302.71662198776124
2093	-302.8238714624752
2094	-300.25144585019507
2095	-302.9745484628089
2096	-302.5172308755919
2097	-307.6021464993981
2098	-305.1804317936914
2099	-311.0408780039768
2100	-316.06643728258945
2101	-301.9722676120884
2102	-306.4133781359653
2103	-303.7973283234512
2104	-306.89113799787236
2105	-297.2978866168004
2106	-309.4804001184408
2107	-307.48347141079535
2108	-306.07822776422375
2109	-309.1251993283711
2110	-296.3967359036419
2111	-295.6423764986289
2112	-297.8925745908927
2113	-301.03671240968987
2114	-304.0526971927347
2115	-303.39158787244116
2116	-302.5136592250935
2117	-300.61272849175975
2118	-311.8280012961813
2119	-307.17481571897673
2120	-301.87392894664185
2121	-303.01616829685236
2122	-310.80345626820935
2123	-294.85500721312087
2124	-306.2127771550336
2125	-305.21995752172023
2126	-307.08696257667424
2127	-307.7649093782651
2128	-311.81810717849703
2129	-304.5761451802007
2130	-314.1031810089862
2131	-301.6131258891711
2132	-298.8491864962607
2133	-306.5573162190088
2134	-302.87874827360804
2135	-306.19125198702574
2136	-310.1265557871536
2137	-305.7966541680445
2138	-307.2352274170587
2139	-304.200520012352
2140	-301.28578454394057
2141	-300.83774599998657
2142	-304.801382147945
2143	-302.23119773917927
2144	-309.13379226647186
2145	-300.8064678494728
2146	-303.5561261382868
2147	-298.2635727953738
2148	-305.6396410672512
2149	-306.64179576354
2150	-306.6851265702841
2151	-301.41310324876804
2152	-303.47686157104414
2153	-303.2504146359873
2154	-301.2263859469342
2155	-296.38710050276677
2156	-299.756400046695
2157	-298.61963219929675
2158	-292.27029097293945
2159	-305.0263963389668
2160	-300.4092108118996
2161	-301.54840754992466
2162	-302.3757199107773
2163	-306.5692008892442
2164	-298.58363774337937
2165	-299.7978641107995
2166	-300.08417407618634
2167	-306.7790227272838
2168	-306.17956089416765
2169	-298.4501608974548
2170	-303.4055020539122
2171	-297.5959314954137
2172	-308.465641380891
2173	-298.85529685125374
2174	-310.8345438790502
2175	-306.7212030803785
2176	-303.1885486864445
2177	-309.5586113987703
2178	-302.4813836658651
2179	-301.9007041631429
2180	-309.17225657279147
2181	-298.2656211746961
2182	-299.2639668552877
2183	-306.339076426007
2184	-300.3335925242033
2185	-295.09236394115703
2186	-309.8605661651251
2187	-300.52104439271614
2188	-306.84023211640454
2189	-304.4593958302891
2190	-301.29319890982674
2191	-302.4258544937397
2192	-302.83915347981394
2193	-297.8250867940439
2194	-311.2459480726091
2195	-309.682566347782
2196	-300.90491568055995
2197	-306.02402179050887
2198	-308.59123453150966
2199	-302.4357892037228
2200	-309.6810710011609
2201	-305.281095008207
2202	-307.45443833117656
2203	-308.0870203518285
2204	-299.2414159126486
2205	-306.14003694035256
2206	-303.1879949622158
2207	-307.23484986229187
2208	-302.5798446519742
2209	-298.82925439303364
2210	-308.3229787524829
2211	-308.8591820052258
2212	-306.78834118050963
2213	-305.6792681054768
2214	-306.99904472558853
2215	-306.47240212859253
2216	-303.4207999705003
2217	-300.2571445492862
2218	-307.1714360059273
2219	-304.1140840634421
2220	-305.748560546647
2221	-299.64310363398084
2222	-298.5602014088191
2223	-298.68444986569085
2224	-301.12619084263224
2225	-299.1231782043232
2226	-299.40412420927464
2227	-303.5014233989533
2228	-296.38004790608306
2229	-304.48611859622326
2230	-301.94530010463785
2231	-298.2874645308936
2232	-306.1022416083601
2233	-302.0927176518799
2234	-304.01327634883495
2235	-310.27624932461674
2236	-306.57382314428935
2237	-305.54280079705575
2238	-304.50755833012
2239	-305.5436143728853
2240	-305.86722175319863
2241	-303.0426048113213
2242	-301.58913659795905
2243	-302.3576927674858
2244	-300.5302094028351
2245	-302.4613964390437
2246	-309.5757973919915
2247	-305.6846517563039
2248	-303.19088218545096
2249	-298.78706667736844
2250	-301.0943309644138
2251	-307.4659846638708
2252	-305.9797085533117
2253	-302.31613886779866
2254	-303.7385830157865
2255	-305.7047250193841
2256	-304.40613026517815
2257	-308.1518299167494
2258	-305.0883810177604
2259	-304.51288383779644
2260	-305.36475807009606
2261	-299.22277276688675
2262	-305.4859174694894
2263	-304.97839120412175
2264	-309.7726169826025
2265	-302.8895258820611
2266	-304.64415891666505
2267	-303.1764737571702
2268	-299.10165818685016
2269	-304.9666143231511
2270	-303.29067962101107
2271	-297.91945637506274
2272	-303.04335952764444
2273	-302.5657703708306
2274	-304.8992451895204
2275	-303.0307464364689
2276	-299.7934004182882
2277	-297.3985252546796
2278	-308.52663313281244
2279	-302.59240239853796
2280	-303.12527510232036
2281	-296.33643410164035
2282	-302.7673655756928
2283	-302.19255717022185
2284	-305.7668897986834
2285	-300.5685553093616
2286	-300.6287656245507
2287	-303.74828077305534
2288	-310.2968876655138
2289	-307.9789154231941
2290	-301.53983935126433
2291	-303.93313995646554
2292	-306.11909760222966
2293	-304.2164223839645
2294	-305.7995140301163
2295	-304.31069576450926
2296	-301.83320924383213
2297	-296.79919971976454
2298	-294.839302427594
2299	-296.14509540838606
2300	-299.5854969878139
2301	-302.0935031901077
2302	-308.9792272261875
2303	-303.27744535844397
2304	-297.6719315106386
2305	-304.7162022226153
2306	-303.87926979187085
2307	-306.80592971160644
2308	-306.85806651780547
2309	-304.4476625034565
2310	-301.5828398705932
2311	-305.40766050849624
2312	-308.49169350969345
2313	-298.28774838295067
2314	-308.6769665689096
2315	-303.38722086811555
2316	-305.0327534761469
2317	-302.7293839689333
2318	-304.8597820353325
2319	-307.95128700840706
2320	-300.61534847863174
2321	-305.974823768722
2322	-298.2473800754285
2323	-305.76368071104525
2324	-304.6931663664953
2325	-308.1259296535095
2326	-307.7422178352596
2327	-304.41012924571316
2328	-299.70379914379714
2329	-303.5205202092579
2330	-304.5614198543147
2331	-298.22133125007406
2332	-303.32314845594163
2333	-303.9864765994762
2334	-297.5656398701106
2335	-306.0439974607855
2336	-303.6080607671511
2337	-304.23225539061053
2338	-299.101882774835
2339	-303.9623215552548
2340	-304.6480309610985
2341	-303.34007263626853
2342	-290.68350074257745
2343	-304.9865442274085
2344	-298.4826676406032
2345	-300.4048574315355
2346	-306.4345964826058
2347	-301.06988992562276
2348	-294.5185194527091
2349	-306.6663745435284
2350	-310.1986523306413
2351	-304.0937510120269
2352	-303.82264190499706
2353	-305.61042122864717
2354	-299.8135937884608
2355	-306.12128050013825
2356	-296.16638747780024
2357	-306.4213588473452
2358	-298.8261050567605
2359	-296.3852516605135
2360	-305.63823708494454
2361	-307.43828254618717
2362	-299.94153436496794
2363	-299.37169487223565
2364	-307.5153859348712
2365	-305.94755411024113
2366	-302.2608893740825
2367	-304.6071292600401
2368	-304.66438416688277
2369	-303.4633292097465
2370	-309.7022067678358
2371	-298.72803792875555
2372	-303.2875941624604
2373	-305.98932107037217
2374	-302.63695699683655
2375	-303.2996024833408
2376	-308.697601751649
2377	-305.36708107685877
2378	-306.66646535621385
2379	-301.56873589999486
2380	-300.99553753732135
2381	-301.70593143672534
2382	-300.88640000000004
2383	-300.0435741286868
2384	-311.18904051878803
2385	-311.25250157615994
2386	-307.5290031260529
2387	-301.77424057584636
2388	-306.3026574731731
2389	-309.6695020957079
2390	-303.5681577003098
2391	-301.75010662755585
2392	-307.73668171941756
2393	-300.83761555919966
2394	-295.9101899690778
2395	-303.4090854519241
2396	-303.0223951979907
2397	-301.52360000000937
2398	-308.30479438327956
2399	-306.8812910596999
2400	-306.4664419874802
2401	-308.7858492663439
2402	-303.12813705587575
2403	-307.77488172349126
2404	-308.72917998853507
2405	-307.5453906208462
2406	-305.7031754554814
2407	-303.51864361134136
2408	-300.2029762085857
2409	-304.95340132343733
2410	-302.3155538377526
2411	-306.0128579408669
2412	-307.7601143495369
2413	-304.7051107474177
2414	-301.1253005934711
2415	-308.87788558941355
2416	-301.1677582216049
2417	-307.8669528630523
2418	-304.5344135194601
2419	-299.84111294242837
2420	-308.5635172704179
2421	-303.7331168919901
2422	-309.0925023204953
2423	-305.6430415996876
2424	-306.0601946561437
2425	-307.9007356849517
2426	-298.101
2427	-296.68841657107464
2428	-303.90587087079024
2429	-304.99115669092674
2430	-310.2900919569555
2431	-303.320679417376
2432	-304.8884061136909
2433	-300.9199166704035
2434	-302.5415278168495
2435	-306.1761597695992
2436	-300.98750390027203
2437	-302.1170377459001
2438	-294.43951613446046
2439	-308.4697174677011
2440	-296.9855015544669
2441	-299.19736428999033
2442	-304.49414388030385
2443	-295.4347
2444	-300.0680093766496
2445	-303.2304024019091
2446	-301.67170435825733
2447	-300.1910022331254
2448	-308.1478723089417
2449	-302.36156178437676
2450	-303.07532227238136
2451	-312.0229251070197
2452	-301.63258900898296
2453	-303.65318306611255
2454	-305.3208513517344
2455	-293.91858769321055
2456	-297.71718894345486
2457	-299.93201194051477
2458	-292.67757112325387
2459	-303.7975384783591
2460	-302.4365099872606
2461	-301.2718037754948
2462	-303.72544904406
2463	-301.2790217292067
2464	-301.05848712434187
2465	-305.1217664879713
2466	-302.5112977756083
2467	-302.89385351305316
2468	-295.2097720303006
2469	-306.9490348775117
2470	-304.3909105285578
2471	-308.08277769750174
2472	-309.4479771455264
2473	-304.1278386802171
2474	-303.2112000195404
2475	-306.39112236941855
2476	-297.7567239054154
2477	-303.30411247269274
2478	-303.82759601472475
2479	-302.24893545501214
2480	-299.2211758124844
2481	-303.16667802498205
2482	-310.0373383444695
2483	-306.86318158318704
2484	-302.4833012414197
2485	-299.42439264071993
2486	-299.00763956966927
2487	-297.9745026414135
2488	-304.21756593913176
2489	-301.7903652137342
2490	-303.33273655938024
2491	-300.95886730529236
2492	-298.12130716937423
2493	-301.0592587775522
2494	-299.6777830599333
2495	-297.38464996993065
2496	-300.61091892915863
2497	-299.65215457994066
2498	-302.37291088986143
2499	-304.2752000011621
2500	-301.0771769615263
