1	-304.8854347425662
2	-301.33482497779215
3	-305.51661532164445
4	-298.89580717443886
5	-302.76841990881104
6	-304.32006568815655
7	-304.1777828977502
8	-298.230636893659
9	-307.05799262087345
10	-304.7630916278797
11	-304.8369755003346
12	-300.38028162698794
13	-298.6705103531713
14	-305.8873375887193
15	-305.7201945907411
16	-300.8773483747195
17	-308.78351522633426
18	-303.2141000087226
19	-299.02432679021257
20	-304.6722825919217
21	-303.7753305617844
22	-301.7148882270309
23	-306.6932764905857
24	-304.95767386126676
25	-302.9517272232478
26	-301.3193628314634
27	-300.3052981474209
28	-304.7266686235828
29	-298.0116174861985
30	-304.7402045349738
31	-307.2118932516688
32	-301.70826365014057
33	-302.95026804189456
34	-305.65527670573584
35	-302.50782510704835
36	-307.06839079763915
37	-306.16306768594404
38	-298.9496140415478
39	-296.2895949090846
40	-301.13351478420356
41	-295.1525310885268
42	-299.7645670045576
43	-297.1041361693066
44	-302.16825945333767
45	-299.82419388557764
46	-302.0830523619552
47	-297.99845818045867
48	-304.192578043448
49	-303.7807312007956
50	-304.5069812446657
51	-306.82130289442154
52	-305.01021432570616
53	-305.46389214189855
54	-301.6128
55	-304.18056485145325
56	-303.3960998402851
57	-301.6080706840692
58	-301.0912000000011
59	-298.673848281056
60	-302.4143943664408
61	-303.36061979306567
62	-302.0698328564916
63	-302.9819118767069
64	-293.3299043363442
65	-294.9135000130924
66	-303.75065087826886
67	-306.8490294741399
68	-310.3627793617898
69	-305.90148895981247
70	-309.2072344181668
71	-306.87682097859897
72	-301.6648745735256
73	-298.42270000083204
74	-302.2875865273126
75	-299.2728000434198
76	-302.4628908818271
77	-310.6039343669903
78	-306.52397511089106
79	-295.3655749887487
80	-304.606636295916
81	-300.3890276403212
82	-300.58803917540223
83	-302.0746041095571
84	-298.87157558544817
85	-300.5232901658865
86	-298.2388791353995
87	-302.58563252667903
88	-297.86500000000484
89	-300.4592260309643
90	-298.28491924425543
91	-304.49213177622636
92	-302.87440000000004
93	-297.79745555455355
94	-301.72806143331843
95	-303.66016849223445
96	-308.0168228290261
97	-305.0295609239084
98	-306.2201715703873
99	-308.4438608287551
100	-304.8533136389416
101	-294.25160963673596
102	-302.724831428955
103	-307.1089116986398
104	-310.17415233937214
105	-306.4520233378207
106	-303.52028083896636
107	-304.6028968565811
108	-303.9720870879219
109	-304.43488138927404
110	-314.82950730095484
111	-305.67520091647947
112	-303.70316776453615
113	-308.70663221836156
114	-305.6042000000026
115	-304.83117199490727
116	-303.8864281292152
117	-305.60477164922145
118	-297.8801290373065
119	-299.38170711242043
120	-305.087945576922
121	-307.5329010849892
122	-306.88239908751297
123	-308.7766190916037
124	-311.9787445127226
125	-305.1891573567265
126	-310.79692030090706
127	-304.5467057098953
128	-311.77414741947604
129	-310.930508466524
130	-304.732508450246
131	-308.0463709190805
132	-303.6324600448924
133	-304.80015343266064
134	-304.4954969255037
135	-303.18344100101126
136	-303.3530824758695
137	-300.4178308961996
138	-302.68174354738164
139	-305.39840477784253
140	-302.36885318625133
141	-306.3081857359035
142	-305.3292364224548
143	-311.2338953444893
144	-304.420233563605
145	-303.9969655387832
146	-299.33045968231505
147	-301.4581523472701
148	-306.09010435393105
149	-307.7437250963442
150	-301.9983309600281
151	-298.5063606944972
152	-297.90699181646494
153	-294.9029831729747
154	-304.71378078838495
155	-309.5406055215143
156	-309.48135664468623
157	-308.1952464210804
158	-308.366193103468
159	-308.73605951352147
160	-303.87107019465475
161	-305.27422082719556
162	-313.2366744846525
163	-302.43714724654507
164	-301.71124560534884
165	-310.26732443094465
166	-300.35418516165026
167	-308.40366991592566
168	-306.307510028486
169	-307.00084592549416
170	-297.6748392744736
171	-304.48766749164884
172	-298.8415163641973
173	-304.6837687688035
174	-306.69446427936083
175	-302.1569040609632
176	-301.5462408469215
177	-307.98493179731304
178	-307.36977688366585
179	-297.19806280694826
180	-300.8368117959377
181	-304.44521920680126
182	-306.37182402279194
183	-305.99518975466344
184	-302.5191005382132
185	-302.54055080892266
186	-296.6365117357785
187	-296.584909003241
188	-295.8383672696991
189	-308.00312174408054
190	-305.37915330049907
191	-307.96617954588737
192	-304.172502048536
193	-308.6498229778566
194	-302.3953265829623
195	-302.97538121157805
196	-306.87770798798573
197	-306.47639117235883
198	-303.2521894192315
199	-304.4102135430516
200	-300.25511279818585
201	-301.92107220319434
202	-304.4705317398424
203	-302.23359903639675
204	-301.1151235721874
205	-300.2149168775726
206	-298.6585010008518
207	-302.6517630967787
208	-301.91500363300713
209	-306.05070931979833
210	-300.33
211	-304.30535255619895
212	-302.78316985337904
213	-307.6040522430413
214	-305.57556280045367
215	-309.4811799219394
216	-310.9493985965531
217	-298.24569492123095
218	-302.9740908536833
219	-298.5920802147608
220	-312.81006994807785
221	-307.4804274886613
222	-303.1292240551345
223	-305.72987586279334
224	-305.58529025022386
225	-305.65880217645224
226	-304.3792618023252
227	-301.5411616455455
228	-305.716770209038
229	-306.4326656711282
230	-305.20857101909786
231	-309.58248868570877
232	-305.45831026481756
233	-307.4623217814502
234	-312.41482883235835
235	-303.164550044688
236	-305.5775151279645
237	-305.451482839849
238	-310.3123481757809
239	-301.87441004909317
240	-305.6940629119636
241	-299.85788661657745
242	-313.49643043750837
243	-302.6441389100781
244	-307.1878669058453
245	-302.03230997796453
246	-301.74897743698784
247	-308.7946261464179
248	-308.8902174459221
249	-302.7872935560277
250	-312.6366959331759
251	-305.07707924691783
252	-308.5914405690016
253	-306.9826871538919
254	-304.0075827970774
255	-309.48299534267977
256	-307.43720333950085
257	-310.0693623270309
258	-305.68100964862595
259	-310.7898417224197
260	-309.1837985840264
261	-307.5415974577465
262	-309.9635701818672
263	-314.46086367953745
264	-304.5612877200631
265	-303.4206873442338
266	-301.27576201935216
267	-311.77451746123023
268	-302.88612606984185
269	-308.59790605812526
270	-308.3464236572372
271	-303.1701363058709
272	-306.4305444310764
273	-302.84519910343954
274	-302.06627690321676
275	-302.0308008791515
276	-306.5627921632717
277	-311.6777473995364
278	-310.8914520857225
279	-310.71612916316985
280	-314.4021601885413
281	-309.55640428568154
282	-306.90896166408834
283	-303.8725356514196
284	-298.48698885284864
285	-299.86923887191955
286	-302.34343554761085
287	-298.7016815548459
288	-305.4109509328187
289	-304.0912014990517
290	-296.6187678707972
291	-298.2724000257345
292	-304.4153166665031
293	-299.4545141130851
294	-299.83996948143584
295	-302.500030463329
296	-306.85067026531436
297	-304.6986449063117
298	-305.95126068156054
299	-296.26357504050947
300	-300.9275388462938
301	-305.72106322299356
302	-303.61824205081814
303	-301.0779933699418
304	-294.1339765262915
305	-303.8928407956051
306	-303.9307728155321
307	-301.82330000000513
308	-306.4837621070513
309	-300.3236358439055
310	-304.4405183584747
311	-301.8161382846335
312	-301.4764002962501
313	-309.6364000701126
314	-313.0205427265229
315	-296.37086325064166
316	-303.3179000003492
317	-305.3050182703698
318	-302.49522690393087
319	-303.4535218212055
320	-300.4205528123469
321	-310.27435168148844
322	-308.9275133854695
323	-307.7787438271642
324	-305.8564913561216
325	-297.70422012050756
326	-301.614660928777
327	-297.21088545468376
328	-305.4585000000022
329	-303.9551074550367
330	-302.04253783420324
331	-305.87932687969925
332	-307.7564577702864
333	-307.5586462101248
334	-309.66557360176677
335	-303.8895841340296
336	-304.5373494681626
337	-303.8927382911954
338	-306.2519157533522
339	-312.4494999841036
340	-303.97494069213934
341	-304.7228718813776
342	-299.0759800342734
343	-299.78869579406194
344	-301.16564174423803
345	-302.4026027534107
346	-301.19883199758704
347	-295.2505
348	-309.1168256506188
349	-300.6190001728108
350	-303.91939882631686
351	-303.06510003284734
352	-305.34692325282856
353	-303.59166236879736
354	-307.68444172288207
355	-300.9278248087758
356	-302.7886293135656
357	-308.5441301101607
358	-308.8165204568632
359	-306.48560504446755
360	-305.07708762364166
361	-299.2265612731989
362	-301.71906216135415
363	-306.28856187739257
364	-303.3212213995639
365	-306.2263870597692
366	-302.09060317644156
367	-298.3398678742887
368	-308.9463716254968
369	-306.8069308872121
370	-303.7408714486495
371	-297.5908377903949
372	-296.74327274963025
373	-307.0898342700161
374	-297.11173442410774
375	-301.2560210406422
376	-299.13184771577914
377	-298.650527705398
378	-300.3980467901982
379	-289.7272
380	-297.2768813823965
381	-296.7729867684907
382	-310.2603929297449
383	-300.9842005991777
384	-304.79660658473136
385	-299.2672372788262
386	-294.16635812956577
387	-301.06465329487753
388	-309.05020739214956
389	-301.6052580513912
390	-305.05684900432107
391	-302.4431834584233
392	-303.55795050426127
393	-308.89524775065075
394	-307.2102478931449
395	-301.605454022902
396	-298.52320172463385
397	-309.97225363527195
398	-307.6683594141621
399	-303.4111670960501
400	-305.815516714037
401	-306.0817501876517
402	-300.94765402733026
403	-313.4170138965496
404	-298.83140000037264
405	-298.536197045584
406	-302.9056076632449
407	-303.8791229380404
408	-301.2506151449726
409	-301.54207631982723
410	-307.5846229464869
411	-309.0774424637742
412	-302.38643234699447
413	-302.2423786059749
414	-304.55431044620843
415	-307.82273841441764
416	-310.2308954440694
417	-308.87968721061225
418	-307.76994160962107
419	-307.3237292728679
420	-303.05078940409294
421	-308.85425229032955
422	-306.78722839603034
423	-305.4808299779236
424	-305.9586950315095
425	-307.1672769007253
426	-310.72362738781396
427	-310.0243782702509
428	-314.12406517627437
429	-306.44863905848155
430	-306.932789248795
431	-306.9739785482074
432	-313.23199926506425
433	-301.05986497308544
434	-305.76778326747615
435	-309.25477107582304
436	-307.55158542280526
437	-312.7906860396753
438	-310.4243229365431
439	-311.71078089766576
440	-301.951542476661
441	-301.41853849767546
442	-310.5123957028471
443	-299.61842879760553
444	-301.36947794691
445	-305.49967209398847
446	-309.39696101595877
447	-308.05099559563354
448	-305.7916998519742
449	-306.5447091550789
450	-301.34095605206363
451	-305.6888564337932
452	-304.30338524605634
453	-307.02040146323577
454	-307.3849935119426
455	-307.94310282878183
456	-310.9299434920226
457	-305.0559363070934
458	-307.19114563068075
459	-311.1935786861717
460	-312.0465823856179
461	-306.5814724002608
462	-297.77522613127303
463	-304.2857974614584
464	-310.69365811128847
465	-311.232016792598
466	-305.74672273801474
467	-306.99671141061316
468	-313.49009571444776
469	-306.46907821960775
470	-304.2622413017214
471	-306.9891827459774
472	-304.3719005000223
473	-308.72820251779547
474	-306.4831621241769
475	-305.42116711938337
476	-306.01603119427654
477	-311.9074922573266
478	-314.4260527597108
479	-303.0135653803535
480	-307.6016447398183
481	-309.030639636316
482	-303.3882755843533
483	-309.32872340373456
484	-304.4166191328728
485	-302.96429461919723
486	-308.0470440973428
487	-301.6257405909159
488	-301.5128438447301
489	-309.9069373871331
490	-298.6366664367499
491	-307.08517233220323
492	-302.30595621156885
493	-313.74393771531425
494	-302.1955123522955
495	-311.1342678085562
496	-307.7749362285607
497	-309.14841551667206
498	-308.2733125816031
499	-293.0571211407544
500	-309.39916881659303
501	-305.3458288099453
502	-310.80593619776226
503	-304.9083266917494
504	-308.68768025915676
505	-309.5605847801021
506	-304.4087901488063
507	-304.04284771273507
508	-308.18220120646305
509	-314.46938020361347
510	-309.3994547404751
511	-308.11755170907696
512	-298.13744368382197
513	-305.00788512588866
514	-305.3603197489531
515	-307.67771558861483
516	-302.606400252441
517	-311.75122552663214
518	-308.15358040001115
519	-308.7458577885847
520	-309.90443738182057
521	-309.85965128280367
522	-305.5251564061845
523	-303.1465796064895
524	-305.6169721837841
525	-306.82295693050287
526	-306.90742094216273
527	-305.1708869766251
528	-307.2169680316872
529	-307.13011450758523
530	-300.61398721606935
531	-301.3139511335695
532	-299.1257664112349
533	-314.15850774989855
534	-306.08811543977174
535	-305.25592740818183
536	-311.0281357742766
537	-303.3572617757132
538	-306.2461575576937
539	-299.8920992502654
540	-309.1471892947459
541	-305.7001252830918
542	-299.73052178794995
543	-304.04593551452774
544	-310.0356420957282
545	-301.2674260343472
546	-301.29403323752433
547	-303.9004983126731
548	-302.6884315081139
549	-304.9719909779484
550	-297.11965688534843
551	-302.0223557921976
552	-303.1319757816291
553	-306.2468246624787
554	-301.7923521549854
555	-306.50427331808277
556	-312.5794189996468
557	-304.9220049406205
558	-303.1087043145793
559	-310.2097818787608
560	-304.7648340764343
561	-291.88698557720505
562	-303.9500282768726
563	-309.30229904873346
564	-310.5871276300195
565	-309.77990299996594
566	-304.24764218340005
567	-308.96891572745795
568	-302.37748353037136
569	-301.9871811973878
570	-306.9891431675782
571	-300.8207370591227
572	-310.68936179661745
573	-314.39420561736665
574	-309.6963090705836
575	-306.15435109534843
576	-312.5121857896528
577	-307.6237870649743
578	-307.3489646430567
579	-310.44005725778266
580	-310.79706463767917
581	-301.8007634588042
582	-302.2395260989518
583	-301.7102184145123
584	-305.9565781941181
585	-302.18306611602
586	-306.1645947296619
587	-300.6787093886067
588	-304.37205487306187
589	-307.6727877048487
590	-301.79548175534296
591	-306.7274421962718
592	-307.6469545780757
593	-305.792410014287
594	-306.066878140212
595	-301.2019162144653
596	-302.5320130283513
597	-303.5338201440278
598	-300.3137073113542
599	-305.0539934776972
600	-309.22087865337335
601	-306.5029986580876
602	-305.0624438488186
603	-299.53529873359014
604	-305.07039058121654
605	-310.53145350560595
606	-303.95386895053815
607	-305.6082699046187
608	-311.5478522263329
609	-311.2408240004268
610	-304.8426963327071
611	-299.0523801605767
612	-306.3380134113285
613	-307.8148478025497
614	-309.8160413013862
615	-306.6046542950092
616	-304.29620607428933
617	-303.52475523088054
618	-304.2694610329394
619	-301.8666372121969
620	-303.31983151571865
621	-300.4662998245264
622	-300.3291927200429
623	-300.8588979773578
624	-302.07425793292316
625	-305.34655231253
626	-312.6604663479733
627	-304.99489222121457
628	-309.5599495406884
629	-304.13656894863715
630	-309.1945477307943
631	-307.03680039348046
632	-313.7352343475636
633	-310.05610157293603
634	-307.2388907646261
635	-310.0561298171816
636	-312.5263168699433
637	-306.17977380150455
638	-308.1460972552684
639	-310.7738083084339
640	-307.042363912531
641	-308.6355411717073
642	-308.0582344212118
643	-307.7616149992032
644	-309.65094668791437
645	-302.04064838521356
646	-313.0978090807893
647	-311.04709499657787
648	-298.0096217515555
649	-308.2617819028822
650	-299.3823441674328
651	-300.03614464061667
652	-304.32862763739973
653	-299.9021623887882
654	-302.34860773915483
655	-300.8359005913394
656	-305.54902726010596
657	-301.03032929632604
658	-307.5824113649712
659	-308.81841761040835
660	-302.9886958448893
661	-306.6940403740512
662	-301.7073787686564
663	-308.35581409533137
664	-308.94336389204506
665	-308.78552068478456
666	-304.16627354370206
667	-299.69511798962736
668	-304.0671364672648
669	-306.8554056814205
670	-311.65738874338683
671	-305.5109690967902
672	-304.9772195668723
673	-306.5920239873941
674	-309.0832098435148
675	-308.0804859606526
676	-301.99836614921804
677	-301.09405143239024
678	-307.13356973658426
679	-313.66347415893694
680	-304.16341321887484
681	-308.5366337251296
682	-298.8898702095761
683	-309.0014123531145
684	-305.7726465764347
685	-300.79051173245887
686	-301.7794333415049
687	-308.7743298140291
688	-311.3713415049592
689	-299.38416751275247
690	-307.24677226119894
691	-300.6620066298214
692	-309.4196876501165
693	-304.3394265420311
694	-306.5164722361243
695	-303.68832929942465
696	-299.6562286244938
697	-300.20607203821487
698	-303.424381100891
699	-303.4051595219477
700	-299.9737640898518
701	-309.1347593383055
702	-306.23121372286255
703	-304.815501024834
704	-309.69587970461987
705	-307.327204012583
706	-304.56924001510663
707	-304.69011708618405
708	-304.3428222102943
709	-307.868836691545
710	-306.2520470246924
711	-309.0522769560346
712	-306.8454919759316
713	-309.3158601330047
714	-309.4121527187853
715	-301.4755439165932
716	-308.85465975889736
717	-303.80198187572967
718	-301.852335565326
719	-303.49120818858296
720	-310.4042692452675
721	-308.74762623720454
722	-306.93101893919356
723	-303.7590327999771
724	-304.70029652783654
725	-307.46027203376184
726	-313.69447213759804
727	-311.40220468706264
728	-304.58017661121306
729	-302.7623737974631
730	-306.850593493065
731	-304.9854030052926
732	-313.53051933859365
733	-307.2471858785032
734	-301.98038630771674
735	-309.60257462770454
736	-300.9612522114298
737	-307.4701387825261
738	-305.6247104078302
739	-313.67983493349834
740	-299.8087166435701
741	-311.51361737037035
742	-306.1570706068742
743	-296.27779187079534
744	-301.1264021297587
745	-310.8410963867898
746	-304.8569755608662
747	-304.75550910226445
748	-308.11134061732275
749	-303.91171587541464
750	-298.9696084529987
751	-306.0851726732724
752	-311.5035646022591
753	-305.73291149747587
754	-302.9042343455866
755	-301.14834983113974
756	-308.47232736519834
757	-310.47789372858836
758	-306.5483034373652
759	-303.9727415415033
760	-309.0983960888918
761	-302.6276257962507
762	-301.74883710038097
763	-305.17053809828394
764	-304.4079697688002
765	-305.3143315008179
766	-300.92279113981283
767	-302.9058235197342
768	-300.6630514963787
769	-302.7644178856968
770	-306.1550507301759
771	-300.3741113574708
772	-305.3339029056343
773	-308.7430733346641
774	-298.7165608812975
775	-307.5532801942345
776	-300.32762461665453
777	-309.9978337603318
778	-298.36653526023184
779	-306.38307652907827
780	-312.8588785484815
781	-308.3917402624584
782	-309.17700340923153
783	-303.61890089883104
784	-303.3317976674912
785	-306.1962486772101
786	-300.06606560228226
787	-304.17238851388396
788	-306.11398531280685
789	-297.5388250200685
790	-307.35751403004423
791	-310.03885257031675
792	-305.9019458984415
793	-305.14574730483366
794	-308.44170969121836
795	-304.6617588672373
796	-300.14747651735047
797	-312.65783697396404
798	-298.7391910434565
799	-309.2176686872484
800	-309.2440710382993
801	-306.27674631907115
802	-309.53744756046234
803	-306.36225960338413
804	-302.99222180261864
805	-307.1879638976481
806	-303.1476900723937
807	-308.69960292294974
808	-300.61203613647996
809	-302.3648183269726
810	-301.1140819853327
811	-303.1241910514914
812	-309.52666851883265
813	-309.124100352902
814	-305.046467717789
815	-303.56015822815823
816	-312.7485579608589
817	-305.26794088452056
818	-308.0208332809285
819	-302.01770059250396
820	-306.61351753025855
821	-303.41531142248124
822	-305.24532531113954
823	-304.63471928228597
824	-308.0028918255967
825	-310.5831466714364
826	-304.37540191326786
827	-310.2370110566638
828	-303.8708851030506
829	-306.24378510099433
830	-306.0077034384501
831	-304.13850201791814
832	-306.4830592620068
833	-306.8275855587241
834	-310.560387384003
835	-306.6410011719452
836	-299.0558167909367
837	-301.10729681925307
838	-297.8262607483773
839	-310.162632278202
840	-303.79443638347783
841	-305.0821771154139
842	-307.0157553421613
843	-301.375776100751
844	-306.27584703974816
845	-307.128516119875
846	-302.3332144755219
847	-302.30350607843764
848	-306.6003946708809
849	-301.20938386316317
850	-310.3706549568965
851	-304.5595793712477
852	-307.7149743320424
853	-304.811670810461
854	-308.0803647249626
855	-308.7335113630891
856	-306.804097437601
857	-308.0659825963711
858	-309.5193329252296
859	-308.31760857235037
860	-311.7848570705234
861	-310.8117767293463
862	-309.6392244664667
863	-312.0252709394728
864	-304.97472090205474
865	-305.767805084741
866	-299.436487200811
867	-312.32600872698424
868	-302.17265355750357
869	-304.19990413803043
870	-301.5551376567391
871	-295.5221687569745
872	-306.8512731601463
873	-307.52894174717426
874	-295.2687351460955
875	-304.9241830959388
876	-297.72741282703913
877	-306.481294489371
878	-303.61082219622267
879	-311.84121400659257
880	-311.90789168104334
881	-306.33457889249587
882	-310.2652932077912
883	-306.91741538688
884	-308.8547273366486
885	-307.52914476314396
886	-304.6638640691056
887	-306.2600342365118
888	-307.52908501235123
889	-311.87461330528856
890	-300.44460333156326
891	-306.1774339943036
892	-310.4261100723374
893	-308.1599308163736
894	-304.9866224900678
895	-305.35592343588075
896	-306.44689809774303
897	-314.68786937003637
898	-310.4154828305649
899	-312.4279084102505
900	-307.5750685790657
901	-311.43424882287445
902	-306.66703343931965
903	-302.64410326665165
904	-306.37206494620955
905	-308.02236407319964
906	-302.9586758727568
907	-307.7060085350849
908	-307.581296119598
909	-307.3593628782117
910	-309.6235435082985
911	-311.47881258117945
912	-301.97428986730336
913	-307.75726655687816
914	-303.57190649573994
915	-298.25269475622093
916	-307.4920171477834
917	-303.9335067929766
918	-307.3706473184449
919	-304.6359294816094
920	-305.56161920641495
921	-301.1478922983022
922	-307.0802156508427
923	-298.2113831209133
924	-303.92465832511346
925	-305.6199575229023
926	-306.761610395567
927	-297.1092896341121
928	-300.66445491304455
929	-306.03680660176514
930	-308.65681324811266
931	-306.4696702100271
932	-303.2899392943943
933	-304.10628305116984
934	-308.96736390702273
935	-305.45329776334296
936	-304.52311994277284
937	-309.16765069166405
938	-303.7010929801597
939	-303.30187496279564
940	-304.7541543992486
941	-306.0881176804757
942	-303.65522840436495
943	-296.3130909542647
944	-301.45572773364205
945	-307.67454786773783
946	-306.82975812427526
947	-304.19802363575246
948	-309.6286031229138
949	-304.39256008159816
950	-304.166394646263
951	-302.39718393851626
952	-309.83761591229256
953	-303.7991053275664
954	-307.3178555643539
955	-307.21094241295873
956	-302.7663526571431
957	-299.37303209859334
958	-307.22882175915964
959	-306.4015173552927
960	-311.37254886204926
961	-305.85282665202016
962	-305.9901273528727
963	-305.20861690474186
964	-310.45923140792337
965	-303.7365534095626
966	-306.9482223781337
967	-306.16285477094044
968	-314.50503237403075
969	-305.66668355115576
970	-307.85241323095164
971	-307.2059209801284
972	-309.4569471967585
973	-297.8604648900189
974	-309.6698038816208
975	-302.5017419734668
976	-310.29859561137505
977	-302.3006346574733
978	-304.28705785342754
979	-303.8954662045968
980	-298.35502696765167
981	-306.3372011646878
982	-305.5555439572916
983	-305.2091262337442
984	-306.1591427574095
985	-300.947446466782
986	-304.71511116736104
987	-300.3893264272195
988	-302.561706687629
989	-296.117891647506
990	-303.16491914254044
991	-308.13891979205016
992	-312.2039601490256
993	-310.64551103601286
994	-305.2314346883881
995	-310.24428841718037
996	-305.20964425730403
997	-302.6776042370867
998	-308.00268499256254
999	-301.3980885855962
1000	-300.1613561463897
1001	-300.86142674767
1002	-303.6603680004885
1003	-302.9162741853502
1004	-305.1423690615537
1005	-299.8699833299494
1006	-305.1807030414455
1007	-303.703856960315
1008	-309.57932352056764
1009	-309.02058581941844
1010	-311.67537701019006
1011	-306.644092459191
1012	-304.9164005116268
1013	-310.254140951586
1014	-311.91454707269327
1015	-307.76516842875316
1016	-309.92090155708934
1017	-303.6175034530195
1018	-301.55940280273023
1019	-306.1719990607294
1020	-306.8390906056842
1021	-302.3636000786478
1022	-297.9106150803504
1023	-300.86173343321724
1024	-307.348496874912
1025	-309.9275361045597
1026	-306.0898713781184
1027	-305.4780439008877
1028	-303.15528665317026
1029	-302.8998666488166
1030	-292.9961070888944
1031	-304.61758586935053
1032	-303.88852538998856
1033	-299.4885969840317
1034	-308.050166975351
1035	-297.6310825214995
1036	-302.84728600874723
1037	-300.2653616837999
1038	-306.44242617530625
1039	-303.78940359508334
1040	-294.1707156368721
1041	-298.0105215491743
1042	-299.4825892694433
1043	-306.3087072969928
1044	-298.86994493943416
1045	-305.41375965544626
1046	-304.3642408299379
1047	-301.03502709738194
1048	-306.70369935849675
1049	-307.39808029567337
1050	-307.9138319898387
1051	-310.53968371675944
1052	-304.7993800967912
1053	-302.7772578023483
1054	-304.0431760701421
1055	-301.2854213017564
1056	-307.47454874082723
1057	-307.79385639558365
1058	-307.4488194645439
1059	-306.5579989836488
1060	-300.6742208164805
1061	-306.04005660532664
1062	-307.4115154072222
1063	-307.5962584623976
1064	-311.7707894204456
1065	-310.47740367964104
1066	-308.6178583402473
1067	-298.32353045613087
1068	-306.9460504926406
1069	-306.6333900570798
1070	-313.78670419312596
1071	-310.22356359610876
1072	-304.369279971827
1073	-300.8033451757647
1074	-308.97808624542813
1075	-308.0177396481597
1076	-311.7649468704108
1077	-308.8121092883455
1078	-313.6531682709989
1079	-309.15723151779696
1080	-306.0581884656696
1081	-304.4724582339455
1082	-299.4183068475048
1083	-312.18050117070857
1084	-304.0773317014571
1085	-307.8781734611242
1086	-304.09293040551995
1087	-304.5065850114754
1088	-298.5245663171551
1089	-311.28297920512205
1090	-312.74091276607936
1091	-311.51413608500854
1092	-309.58981597002526
1093	-303.69832388116436
1094	-310.58689757620186
1095	-312.7321145076674
1096	-305.96660327924565
1097	-312.10740896030694
1098	-309.1753202897688
1099	-306.4801966505613
1100	-309.1095872327943
1101	-304.6508252300278
1102	-312.36376480345945
1103	-308.73993547115157
1104	-309.5798897058134
1105	-312.1148271316952
1106	-313.3501359765257
1107	-311.07476294987214
1108	-313.6749305148472
1109	-299.1441898933839
1110	-308.11134884295143
1111	-305.7355858290061
1112	-306.3447701481591
1113	-302.9209492272937
1114	-300.7595809610481
1115	-312.22615755756806
1116	-301.6559539770172
1117	-309.08766612374706
1118	-307.8815272240371
1119	-302.5042275551485
1120	-305.205538836161
1121	-301.5696333130041
1122	-300.5902113207988
1123	-305.69246980831394
1124	-309.4024807907693
1125	-302.7508256764302
1126	-311.83734465835204
1127	-309.3465369705181
1128	-305.0929997808021
1129	-304.352209234305
1130	-309.81901961139476
1131	-307.88102986781075
1132	-306.36072164115785
1133	-303.3447346605774
1134	-304.58525345351967
1135	-304.5722681102679
1136	-305.6060979503371
1137	-309.1213646346083
1138	-303.02703288424425
1139	-303.2544819504985
1140	-300.2891284578671
1141	-305.76536947035436
1142	-309.1207010277947
1143	-307.8771087102464
1144	-307.2253048516655
1145	-301.4821894481553
1146	-306.29654715367917
1147	-307.48128986915896
1148	-307.0172407015461
1149	-312.9471458286916
1150	-311.1502790800391
1151	-302.51768683942106
1152	-298.982426563822
1153	-300.6343092583588
1154	-304.7560842302566
1155	-301.155783440537
1156	-315.1149752609083
1157	-298.1300550295574
1158	-302.3109781981615
1159	-305.8149583402042
1160	-306.92857909345514
1161	-307.0401025175389
1162	-310.4012031223305
1163	-311.5523269266966
1164	-304.33782122629265
1165	-309.69673656947754
1166	-304.67990482406873
1167	-310.82221424870795
1168	-302.5681
1169	-305.297645217782
1170	-301.4295093033239
1171	-300.1341699294894
1172	-304.7094886609805
1173	-300.67859931870913
1174	-305.7233709229882
1175	-303.6339161269819
1176	-307.78580898849515
1177	-302.9563195736518
1178	-301.77297513104014
1179	-309.2111268533591
1180	-299.95799999999997
1181	-304.85562535699165
1182	-304.4024205437716
1183	-302.19219655676653
1184	-299.6519087998549
1185	-304.20261044589745
1186	-311.0091296751063
1187	-301.5864102560016
1188	-306.07110805337174
1189	-306.7150459411281
1190	-312.8731033908359
1191	-301.8328435924037
1192	-304.21887302860983
1193	-302.84536441397853
1194	-306.87984071244733
1195	-303.24356197132585
1196	-307.00164593853617
1197	-304.71405840920033
1198	-313.7179622949497
1199	-306.8485108355823
1200	-307.83627947594397
1201	-307.0565319695116
1202	-307.6849898744746
1203	-306.48317407169213
1204	-307.6806380841143
1205	-306.7576018946804
1206	-304.6475758048353
1207	-300.233065672909
1208	-307.9538862558456
1209	-306.46487741993474
1210	-300.3615513136956
1211	-306.1498335730173
1212	-297.6319069557867
1213	-303.7394560098113
1214	-308.73974357003794
1215	-306.26837374671135
1216	-306.87168156229154
1217	-304.7810122773888
1218	-303.5493737275522
1219	-303.38165233888105
1220	-305.71192743290044
1221	-310.86573650317183
1222	-298.5481864525945
1223	-305.3668458832845
1224	-307.53503991930035
1225	-302.517950571366
1226	-301.57624661942725
1227	-303.1680399763818
1228	-296.35894245906184
1229	-300.6358712107001
1230	-301.1002868263418
1231	-304.0912245816633
1232	-302.81192406382974
1233	-301.09420539116354
1234	-300.5386000143375
1235	-301.05210003049075
1236	-302.0030224899474
1237	-305.80286594185435
1238	-296.35737278098446
1239	-299.30408921210096
1240	-300.7997639062792
1241	-305.2526660080656
1242	-309.4830914642041
1243	-301.6881287830023
1244	-300.87126580586005
1245	-300.4687234111554
1246	-305.899701959904
1247	-309.62789727218296
1248	-304.6916096317308
1249	-299.34449294420966
1250	-310.7071322649581
1251	-311.2051342997148
1252	-303.9204309854196
1253	-308.1307551978738
1254	-307.18208808594704
1255	-307.5312203765434
1256	-309.4543683017886
1257	-306.7091482475657
1258	-308.6259353851539
1259	-302.73803400024104
1260	-309.61570041478336
1261	-308.45994497708523
1262	-302.72304947798466
1263	-295.3718656275556
1264	-306.13113336677765
1265	-306.39409023482057
1266	-309.1250493360821
1267	-306.8843979415895
1268	-307.8764918811547
1269	-308.9599039652751
1270	-309.1806856120942
1271	-309.377806244475
1272	-305.6377307992993
1273	-304.1497659577209
1274	-300.5123791430451
1275	-304.71068517715696
1276	-303.70674826849853
1277	-307.2942690365943
1278	-300.45072795284665
1279	-307.97127837497254
1280	-302.1705777053114
1281	-302.69050000248114
1282	-304.29314366548044
1283	-304.73189537154417
1284	-297.8075937187998
1285	-307.10572660578157
1286	-306.312572983265
1287	-299.6736753092117
1288	-307.22545691603443
1289	-302.4162268774492
1290	-301.4760931755931
1291	-295.93239033961675
1292	-306.6765758264742
1293	-296.6247402323788
1294	-299.8345381015365
1295	-306.5705593266996
1296	-304.01929523971546
1297	-307.5345006859833
1298	-301.84978572206904
1299	-295.8856368606054
1300	-303.243102168824
1301	-298.3061727554709
1302	-298.0013557458523
1303	-306.1239027265995
1304	-302.6867930417552
1305	-300.9489928318001
1306	-307.631207140364
1307	-306.4297907872897
1308	-308.01185402704596
1309	-309.39511337812274
1310	-302.0799939974117
1311	-298.8023068547655
1312	-303.9523941765305
1313	-304.565368786943
1314	-306.6284301588974
1315	-299.6517814466681
1316	-309.52065246120264
1317	-309.2062792809252
1318	-303.82135361608016
1319	-305.51489598095014
1320	-302.82307948326843
1321	-308.06563016710834
1322	-304.40218198044715
1323	-301.04950480022416
1324	-303.7524510222016
1325	-304.63205558454945
1326	-301.925805202186
1327	-299.2222480170619
1328	-295.6043432627667
1329	-307.1780220936921
1330	-304.4905824152156
1331	-298.48817191753966
1332	-304.7941756944131
1333	-305.14840000062173
1334	-303.46213593712844
1335	-298.6596650893442
1336	-293.9609322498336
1337	-294.76789711279025
1338	-307.00518828740354
1339	-299.6235326935198
1340	-304.95686083157295
1341	-299.61597836901063
1342	-306.1402675650362
1343	-301.3163481677417
1344	-305.03011421973497
1345	-300.76170289022053
1346	-302.43520527974965
1347	-302.45411213014114
1348	-299.3770820615031
1349	-305.4696545766104
1350	-297.2424719288178
1351	-298.9787420013249
1352	-300.145315595003
1353	-306.4372953617458
1354	-301.9120816312617
1355	-298.6983000000018
1356	-303.8102561521242
1357	-302.2175156970773
1358	-306.01426824417797
1359	-306.2565856392391
1360	-302.87768399892224
1361	-307.5468211173602
1362	-306.8296379343909
1363	-307.3820938949642
1364	-297.78581194376835
1365	-307.588720648332
1366	-304.7657910900472
1367	-301.5981331671099
1368	-301.0364923734159
1369	-306.66816121891446
1370	-302.8330910378735
1371	-301.78765809641277
1372	-304.0201000332266
1373	-304.9273885700235
1374	-302.3676969940069
1375	-304.63664728311886
1376	-305.2039366019335
1377	-316.1965688793686
1378	-304.42114335327693
1379	-300.3583988296653
1380	-300.4607255949872
1381	-300.4420705039241
1382	-302.3927893252961
1383	-300.70700171495486
1384	-307.15399820582627
1385	-302.0306068598164
1386	-303.46285481361787
1387	-305.3590031549266
1388	-297.966176394759
1389	-301.7468967493346
1390	-306.5175162372682
1391	-307.74715331419526
1392	-299.0962535429326
1393	-306.459240894237
1394	-297.7579019342623
1395	-303.803266311588
1396	-304.95186797798743
1397	-306.06955984164625
1398	-304.0056858257895
1399	-304.85486465125564
1400	-303.7591008564411
1401	-302.3516803987846
1402	-307.08522048510395
1403	-302.77153926919374
1404	-305.5130109608577
1405	-306.8052999250863
1406	-302.26911156285485
1407	-300.6953587411789
1408	-306.5476841875236
1409	-304.57225740004077
1410	-298.6862899628703
1411	-302.87261417549314
1412	-302.91603485239904
1413	-300.32932977314096
1414	-300.78133960251057
1415	-306.26273974063326
1416	-302.3978942943213
1417	-298.64099465923647
1418	-300.3656831326619
1419	-301.1134845347628
1420	-307.0445965296741
1421	-301.69923811138005
1422	-302.5668251859167
1423	-303.332467947282
1424	-299.2857671067655
1425	-302.95701622094913
1426	-307.1652407880438
1427	-300.0889948768158
1428	-300.51507327210436
1429	-305.00910192293395
1430	-301.08770014993473
1431	-307.51364290638736
1432	-298.55023749075673
1433	-302.9316570600406
1434	-303.1055076833196
1435	-299.3470119133778
1436	-304.44502083662417
1437	-304.5452062022958
1438	-303.2832212146867
1439	-298.3551825494817
1440	-306.327612862389
1441	-302.5440926603929
1442	-302.7336230437032
1443	-303.10660739324993
1444	-300.69318788432207
1445	-308.16570612181476
1446	-304.4043406432051
1447	-310.20135445515064
1448	-301.6040748498799
1449	-303.01902258481294
1450	-303.4067812848842
1451	-302.226683041376
1452	-302.42281296764503
1453	-302.1823207838846
1454	-304.1563472932296
1455	-303.73521616099345
1456	-307.90193132155895
1457	-302.3721893085893
1458	-302.26556992642656
1459	-304.2670491537293
1460	-306.1951519983521
1461	-307.1290383089639
1462	-298.4916521669968
1463	-307.86307119839574
1464	-302.49981595186426
1465	-303.1940313295156
1466	-305.918610035486
1467	-300.83657520357207
1468	-304.8299457974898
1469	-304.8896236863136
1470	-302.680059866264
1471	-305.08545548445454
1472	-302.45867884696213
1473	-303.0177438462828
1474	-309.75804027161956
1475	-304.90981751687724
1476	-310.0763626134178
1477	-301.7557271271889
1478	-302.3073234867761
1479	-304.57300502395276
1480	-304.46351590745485
1481	-305.588239118258
1482	-304.1338923137797
1483	-306.0576136130528
1484	-307.5055214254579
1485	-302.2113492138883
1486	-305.25947115480346
1487	-297.79181750156675
1488	-300.3312824958916
1489	-306.6756442728744
1490	-307.3048613548259
1491	-304.37636153562175
1492	-307.7314795509151
1493	-309.56916361341166
1494	-299.1740528573037
1495	-304.7934265310806
1496	-303.47365274209056
1497	-305.33727838883055
1498	-299.2708444998668
1499	-304.1196063164327
1500	-303.36014705085967
1501	-308.39365501440216
1502	-304.0744213462953
1503	-311.02944128277665
1504	-302.7192778944929
1505	-303.7201287103613
1506	-299.4495000793702
1507	-299.4157000000007
1508	-304.0896969205739
1509	-308.3441316516784
1510	-305.3605669269072
1511	-300.4664303247589
1512	-306.75199311445255
1513	-306.6034000191851
1514	-301.65474053863727
1515	-304.5551745783529
1516	-301.49503573637855
1517	-309.41716267607
1518	-303.97612231860035
1519	-306.0979823071372
1520	-302.77780000000007
1521	-304.2213017056247
1522	-297.09194072099484
1523	-301.00567186758326
1524	-299.4003509113536
1525	-295.6573317072527
1526	-310.9337381172682
1527	-303.4766795993299
1528	-300.69282847603836
1529	-305.34300201535774
1530	-304.92515485158555
1531	-307.8469108838202
1532	-303.09944536407835
1533	-304.3933814851188
1534	-303.4878180669404
1535	-301.77164472405593
1536	-307.4117711713533
1537	-301.81208994876334
1538	-302.0747236719181
1539	-303.5634489703936
1540	-301.07665446440586
1541	-300.1598343428984
1542	-303.7354252891585
1543	-302.2580508541976
1544	-294.91613993225224
1545	-300.95677788666956
1546	-304.48810931922134
1547	-312.6790158882168
1548	-306.31521447804823
1549	-306.26949971398
1550	-297.89252011043294
1551	-297.8867750179474
1552	-305.4212020330594
1553	-306.64700925406663
1554	-305.2100350097691
1555	-308.06521473791327
1556	-308.2707640018392
1557	-303.9048929783488
1558	-301.5169439326328
1559	-297.9073494476891
1560	-295.2140936807349
1561	-301.8858126280645
1562	-299.4514000000003
1563	-301.6831448441123
1564	-304.2908399708349
1565	-301.1701173314004
1566	-304.05289799718
1567	-302.3342052250612
1568	-306.52127308729416
1569	-299.3544630063653
1570	-303.55666488733704
1571	-312.7960156349751
1572	-297.0471533089941
1573	-309.29481449135307
1574	-303.0832872746354
1575	-306.9772055018478
1576	-298.25903900967046
1577	-299.3460182824117
1578	-306.08240117231117
1579	-305.2744773469311
1580	-306.58213268181964
1581	-298.32046901007476
1582	-311.5511896377737
1583	-309.9459976074487
1584	-300.64777930944405
1585	-301.6663268272285
1586	-303.83307174395856
1587	-307.01144107622883
1588	-303.63996809454534
1589	-308.1072334322355
1590	-308.3598510790116
1591	-310.2306710512376
1592	-299.7124047006596
1593	-302.7222924948631
1594	-303.2703209186991
1595	-303.105739296117
1596	-301.2654362538355
1597	-304.8752424067478
1598	-309.01667567405707
1599	-307.3219591582156
1600	-308.94400506927553
1601	-310.0689981512997
1602	-306.8814629679996
1603	-301.38243408974824
1604	-301.56285308259316
1605	-312.04516918390885
1606	-302.1033614380357
1607	-306.8417616790241
1608	-304.0012853656499
1609	-312.5109620259901
1610	-302.6461786834462
1611	-310.55039701584184
1612	-305.5380696704514
1613	-308.98199741029725
1614	-305.48681931058326
1615	-303.4041583564679
1616	-307.72765137339934
1617	-311.77938988737054
1618	-303.49460397470386
1619	-310.4570008050738
1620	-301.7361686314019
1621	-304.56319308334713
1622	-308.28242000139426
1623	-307.83927893351625
1624	-306.0089092884484
1625	-303.4647422325048
1626	-305.32110856929285
1627	-300.9603208322581
1628	-305.753447145369
1629	-303.4102583812835
1630	-297.7773959289257
1631	-304.79273889454436
1632	-310.44950551797956
1633	-307.44289104487626
1634	-312.18844792749456
1635	-307.94061643075975
1636	-293.0010714535623
1637	-311.6977091954196
1638	-300.95097886762636
1639	-299.9610578085903
1640	-304.6774108638465
1641	-303.272398919982
1642	-304.19562118865605
1643	-306.53617880126296
1644	-304.3379428469516
1645	-308.850220917047
1646	-303.04793053907775
1647	-310.66666268988945
1648	-304.38946092947884
1649	-309.4086244446461
1650	-310.4885962088749
1651	-305.81184149469607
1652	-308.98055431747144
1653	-300.2143652897925
1654	-305.55744995272454
1655	-306.31847432492975
1656	-318.0235838135462
1657	-306.40200402920635
1658	-301.4021218635779
1659	-305.71567566031865
1660	-304.22675382330624
1661	-303.25723485574264
1662	-305.59234202593905
1663	-301.8726158220122
1664	-307.17780731117324
1665	-308.1529486558357
1666	-309.970286701988
1667	-315.0781947076129
1668	-305.9290082107375
1669	-307.5952907393399
1670	-306.6838538042889
1671	-297.7624749871906
1672	-307.85806712862177
1673	-305.48572432076526
1674	-313.20113445358635
1675	-311.6267247933652
1676	-306.45071297142323
1677	-304.38976493918466
1678	-305.38222450708275
1679	-312.8789544916268
1680	-306.3898147973085
1681	-309.5631521274063
1682	-306.28933369094995
1683	-305.78925244269567
1684	-305.8002989134771
1685	-308.2157801885846
1686	-302.3757736286657
1687	-304.9101256844852
1688	-306.25745497508814
1689	-301.0685692254073
1690	-301.1187456899586
1691	-306.69017387379523
1692	-308.6487048440526
1693	-304.07549720855485
1694	-307.7228078288287
1695	-305.34166121979496
1696	-306.1705940704912
1697	-311.5911550410366
1698	-311.2649477370632
1699	-305.4214431202591
1700	-303.4591385191773
1701	-307.64428663214795
1702	-306.3131400489851
1703	-312.661496052658
1704	-308.88870409492023
1705	-310.4415948887345
1706	-304.8214394576085
1707	-307.706832183008
1708	-298.2524395670338
1709	-311.2678770742321
1710	-303.43387029067844
1711	-311.3010078839604
1712	-306.8666159241889
1713	-304.1729770454237
1714	-306.24558156898166
1715	-305.0351335396576
1716	-303.9010011420592
1717	-303.8089809666772
1718	-301.86390139278126
1719	-301.1804652821231
1720	-302.29982054662236
1721	-296.4637132526487
1722	-299.27895852256734
1723	-304.18097517705144
1724	-305.4569673118624
1725	-305.3621008102136
1726	-303.67504893988126
1727	-310.6804906575504
1728	-301.8141386043102
1729	-306.03908027694087
1730	-304.3431561984461
1731	-309.74468061857584
1732	-307.84917888266887
1733	-308.5394354283967
1734	-307.4065364022536
1735	-308.81081239742525
1736	-308.3607102434131
1737	-310.32443861616264
1738	-302.5638714990011
1739	-305.8578470838877
1740	-304.84522499393523
1741	-305.6680962911848
1742	-310.33072856021636
1743	-302.7211638371774
1744	-310.05689298540506
1745	-300.4587937740275
1746	-304.38461920981484
1747	-300.0631436576674
1748	-289.52100805200075
1749	-303.06034423590614
1750	-299.89540829858265
1751	-296.8681059094973
1752	-303.7803691966065
1753	-299.86681424088397
1754	-302.24722539084814
1755	-307.6353487067444
1756	-307.7682240872679
1757	-305.52797086520565
1758	-304.66320066779525
1759	-301.7076934748012
1760	-300.2415843087317
1761	-293.3484361507948
1762	-305.7593031494004
1763	-302.5871353031458
1764	-304.5739125519987
1765	-297.21358470210635
1766	-301.659728003809
1767	-307.96759567487067
1768	-300.80373472631993
1769	-313.3431141078895
1770	-303.6392816641744
1771	-305.075389267814
1772	-310.21834332281315
1773	-307.91340800491366
1774	-308.0032538330084
1775	-302.9911466080118
1776	-300.1565040536877
1777	-307.7874902113253
1778	-307.53493727767767
1779	-308.45820854103914
1780	-304.48847971235097
1781	-301.7773572542421
1782	-304.99622750234107
1783	-307.1806561968309
1784	-305.2537729231599
1785	-308.1095652670408
1786	-299.24729041727255
1787	-308.96813043162126
1788	-303.7540466307948
1789	-304.8321484514459
1790	-303.47441971371836
1791	-305.2454422992394
1792	-303.5528626880397
1793	-311.11731356169673
1794	-313.38557564931085
1795	-305.7297795453643
1796	-299.67523275700125
1797	-304.7183294443363
1798	-309.0177510607608
1799	-299.7404505262696
1800	-306.60706644636383
1801	-302.1429231247151
1802	-308.07433247837037
1803	-302.6922173421511
1804	-297.34436764550156
1805	-308.9920525130972
1806	-307.31661332971584
1807	-299.3844208173541
1808	-298.4043891124526
1809	-303.55838174947485
1810	-305.20683822123345
1811	-307.2839300725285
1812	-305.7430673856482
1813	-300.79857484354505
1814	-310.85791219976846
1815	-300.4011702442029
1816	-304.3354933971546
1817	-310.3087256354467
1818	-305.96604954214234
1819	-308.8226187079932
1820	-296.3057174660676
1821	-306.1321356426043
1822	-305.63256033883425
1823	-296.37031474698483
1824	-301.3435678869252
1825	-302.01746109800433
1826	-300.00972641682256
1827	-304.32064907960574
1828	-297.64774096536917
1829	-300.9890314403542
1830	-305.88296050430625
1831	-309.4293908144384
1832	-301.8700236503209
1833	-303.7855549101093
1834	-307.587229748511
1835	-305.7497252992319
1836	-304.1726448189627
1837	-306.05123222108034
1838	-305.93941606200843
1839	-298.965772834353
1840	-307.9575107824733
1841	-312.77214394954456
1842	-301.83931792074594
1843	-312.267563426979
1844	-301.61631690506084
1845	-309.3945580937551
1846	-304.54062292178565
1847	-309.5105962744528
1848	-313.54180994479987
1849	-305.0321779484245
1850	-300.80614283116034
1851	-304.34473508428465
1852	-303.6293718428136
1853	-303.41910500189744
1854	-309.398956364042
1855	-303.4929487280132
1856	-303.21075098423455
1857	-301.7630077331072
1858	-305.6206796740803
1859	-311.7590063124223
1860	-305.88335675214876
1861	-312.13818807536825
1862	-306.03305087547824
1863	-310.796764932986
1864	-310.0777137662558
1865	-308.89960249745576
1866	-303.7701463524353
1867	-312.3150856456652
1868	-306.03563145697314
1869	-313.5817609693214
1870	-307.5957449815435
1871	-308.339482164982
1872	-313.5701960150314
1873	-300.8383035686413
1874	-303.60566367722333
1875	-309.6996869035322
1876	-310.09711451962806
1877	-303.87257326187967
1878	-308.74862123694487
1879	-307.87783011000676
1880	-308.96764814060015
1881	-302.97864315602203
1882	-303.3989270067821
1883	-302.73826039053256
1884	-310.55653159399805
1885	-310.8067584676218
1886	-305.76237867216815
1887	-309.98358645357547
1888	-306.76593404221796
1889	-307.1660027611023
1890	-311.32506096467733
1891	-303.98263967526054
1892	-303.3300150912412
1893	-304.3532621424196
1894	-304.98579907610963
1895	-298.14689198388504
1896	-307.1345959346384
1897	-304.09047692105776
1898	-308.6048891216633
1899	-306.24422104388987
1900	-306.2027195342601
1901	-306.32784853122337
1902	-307.29071509724514
1903	-305.01740728002596
1904	-306.6968546405124
1905	-303.6501343782765
1906	-313.30199532157445
1907	-307.06414369290667
1908	-305.88570779159204
1909	-300.9182963798
1910	-312.71115795443865
1911	-301.2471497570872
1912	-309.2724191252066
1913	-301.56846537881324
1914	-307.81908941784377
1915	-309.9011742791636
1916	-302.342816800011
1917	-306.25450978076253
1918	-304.95507336527953
1919	-305.4289540111001
1920	-310.2994070539835
1921	-310.8216598105042
1922	-308.42298737128425
1923	-304.5337251886665
1924	-309.94104708168527
1925	-305.52929797196634
1926	-308.7063055806777
1927	-298.0511413591586
1928	-302.73530218200085
1929	-304.1364609643003
1930	-303.67008329117795
1931	-304.8338448245379
1932	-300.8431479504022
1933	-305.93382220278755
1934	-304.315550052683
1935	-307.44009115178284
1936	-306.40983334841866
1937	-306.7939366304428
1938	-307.22923190407266
1939	-302.4885140774751
1940	-310.9370017828089
1941	-304.5919855069082
1942	-308.78658313034333
1943	-308.19122670803597
1944	-305.6472834366734
1945	-308.15748600433193
1946	-310.6904592901825
1947	-299.87663629176444
1948	-311.09160361833455
1949	-304.783220435227
1950	-307.2501044563109
1951	-307.55146191856977
1952	-304.36301371070937
1953	-312.512814446007
1954	-311.8123995722076
1955	-305.42564881518416
1956	-306.23552390833953
1957	-312.5894258420418
1958	-305.38176988366945
1959	-308.6328254479076
1960	-304.76922569762525
1961	-302.0024279528418
1962	-302.4736073104983
1963	-310.3919025685679
1964	-307.3825360320882
1965	-312.8435506011514
1966	-308.61686138174395
1967	-305.3838772002165
1968	-313.8177834983805
1969	-304.09562714205674
1970	-300.2146055928831
1971	-297.7141191150833
1972	-310.6831604418203
1973	-310.79204170792974
1974	-306.5076712177683
1975	-308.80268554528544
1976	-298.998138275481
1977	-307.80092038138173
1978	-306.6766585280375
1979	-304.2937966087354
1980	-305.8916632194514
1981	-306.42230835769516
1982	-309.9235668148147
1983	-308.13356407144965
1984	-306.8839374977233
1985	-307.2533478232886
1986	-313.25189045714865
1987	-306.1266129611171
1988	-311.00053531016454
1989	-304.96326019023957
1990	-298.6863334345698
1991	-308.7710297684855
1992	-304.9776951013874
1993	-306.2491697404388
1994	-307.9819738365224
1995	-303.33811306819115
1996	-306.4687254584373
1997	-300.2007382228811
1998	-303.713968466353
1999	-304.21721171612427
2000	-304.04561106115034
2001	-303.77437859834635
2002	-299.0660324426208
2003	-310.74473705773045
2004	-310.0305559714914
2005	-314.12339692905846
2006	-305.9527896307979
2007	-303.9594138148186
2008	-305.37370733813367
2009	-300.34188297174626
2010	-302.4808336579622
2011	-303.73495507903084
2012	-306.47073991020625
2013	-306.6880468419101
2014	-303.4093638156412
2015	-308.09670838405896
2016	-298.631309090954
2017	-299.5604351187793
2018	-306.73232549623526
2019	-306.3007669857097
2020	-309.078271386448
2021	-303.2774892031971
2022	-305.26027296052325
2023	-306.78354518454273
2024	-311.012102434076
2025	-305.2489065610313
2026	-300.67183775609266
2027	-309.72208686687503
2028	-311.1511162632324
2029	-310.916512435734
2030	-311.19380853739904
2031	-300.4966422474966
2032	-306.4023000604959
2033	-309.3408769230392
2034	-303.38395399624363
2035	-307.4995228345957
2036	-306.6489466587079
2037	-307.7609683009984
2038	-306.8540055918836
2039	-306.40367700894876
2040	-301.7451824552471
2041	-301.75603308714597
2042	-301.03612460428377
2043	-296.17368045083686
2044	-315.366123480831
2045	-309.2046801612599
2046	-310.488154759113
2047	-307.24858044715074
2048	-305.7960092586054
2049	-308.3977614262587
2050	-299.750645793327
2051	-306.23176953805864
2052	-308.27040105341365
2053	-305.1177636245309
2054	-303.92950691038095
2055	-307.4761732203252
2056	-306.982506695013
2057	-307.35784486422347
2058	-303.31333124131123
2059	-304.83660673280605
2060	-303.20904486204313
2061	-304.68884662841776
2062	-308.39509693191496
2063	-308.29567785454265
2064	-299.95439763759475
2065	-303.80935067905415
2066	-297.57519041731786
2067	-301.2253080704039
2068	-303.55907601877016
2069	-306.48951222651243
2070	-306.200320770455
2071	-307.3691672222216
2072	-312.72398187222575
2073	-303.8136498742299
2074	-307.14201277469283
2075	-300.94550552062054
2076	-308.08107969193605
2077	-298.2001276944186
2078	-303.5158202509436
2079	-298.46066456453383
2080	-300.21079882299296
2081	-309.46050048838475
2082	-305.59859678024367
2083	-302.8930434040798
2084	-302.3898513684162
2085	-295.98786037684863
2086	-303.1857830340517
2087	-307.1372910991137
2088	-302.4939518113323
2089	-307.4793998946661
2090	-306.8021952252139
2091	-305.21260289213524
2092	-311.40167726229765
2093	-309.147310668365
2094	-309.0298248263677
2095	-305.16398132114386
2096	-304.1782275611836
2097	-303.8948437508598
2098	-304.12647888760915
2099	-307.44551485209496
2100	-299.4848299882249
2101	-306.1820510650412
2102	-308.77664469613234
2103	-309.3481676487944
2104	-300.44851169674274
2105	-309.284551843122
2106	-312.1373927019528
2107	-309.8758337429446
2108	-308.32621541684847
2109	-310.39341830307114
2110	-301.6570669941257
2111	-304.4253339275615
2112	-302.42628826140236
2113	-311.11433170453427
2114	-306.0906298300883
2115	-308.3790637793385
2116	-303.4614897567525
2117	-303.81872985559374
2118	-308.9892447579398
2119	-306.9551755321652
2120	-299.49063737262924
2121	-304.33844790392004
2122	-302.4402544968929
2123	-309.96074409061964
2124	-301.79618162077304
2125	-303.05169565016234
2126	-305.5891068343359
2127	-309.1628277919969
2128	-295.86157645120903
2129	-310.7542856725905
2130	-309.0956935118863
2131	-305.9960412633155
2132	-305.27406425279537
2133	-306.3659305608254
2134	-306.15333388582866
2135	-303.89818955967525
2136	-304.1529224654298
2137	-301.78114769791745
2138	-311.73380059522907
2139	-308.17983589244096
2140	-305.6648444103411
2141	-304.26276603552344
2142	-302.08088106008375
2143	-304.85595698839927
2144	-298.9135028444238
2145	-304.6892047983778
2146	-311.0108722370092
2147	-305.8124663652822
2148	-307.56924950781456
2149	-309.21858745853876
2150	-308.49136084628304
2151	-309.52321219746136
2152	-308.2565215401901
2153	-302.2280384430624
2154	-305.0167891419867
2155	-303.8259909811508
2156	-303.3131607171215
2157	-305.8728992951285
2158	-309.4971623837106
2159	-312.4053893799802
2160	-303.5587364161767
2161	-308.4754424150295
2162	-309.7682281689433
2163	-300.87692297522693
2164	-306.1966962708631
2165	-304.24049833373635
2166	-308.45820446093944
2167	-301.1007850008586
2168	-301.585624469933
2169	-309.3536309135461
2170	-309.399458590241
2171	-309.2982293044358
2172	-302.47846239985154
2173	-311.1350251307286
2174	-309.68869146879905
2175	-306.2517050420793
2176	-310.81050541911026
2177	-302.54695636196686
2178	-303.7539579402763
2179	-310.25509025191195
2180	-313.1209728032794
2181	-307.2443003019595
2182	-309.3943092179814
2183	-310.05793634417137
2184	-310.7309796164712
2185	-310.9768799128672
2186	-307.1791637027649
2187	-299.4014629864171
2188	-305.7643592743022
2189	-309.7584327401464
2190	-303.8201565086619
2191	-308.7653562071441
2192	-307.9784226720571
2193	-302.63907216707526
2194	-308.1938296094612
2195	-310.69946499422866
2196	-309.41591247788216
2197	-304.78761727017877
2198	-304.69847025735896
2199	-309.15474684369394
2200	-302.7740220554426
2201	-303.71826051932453
2202	-309.3082646981989
2203	-311.2646244964151
2204	-309.0123583296853
2205	-310.2536754000361
2206	-302.39359914643114
2207	-301.07489219603247
2208	-312.2476452225489
2209	-298.5962733328345
2210	-308.43560776085354
2211	-306.6825445199027
2212	-304.7626275848263
2213	-302.0807600052917
2214	-307.1339098242536
2215	-302.3869088229079
2216	-304.5869485785593
2217	-303.0388598682208
2218	-299.99678163229237
2219	-300.81671976336986
2220	-306.5202075498186
2221	-300.9839214625731
2222	-299.6142397061587
2223	-311.04392827678174
2224	-308.5330394088519
2225	-295.05115414013443
2226	-303.8375800684943
2227	-304.2868626928788
2228	-309.97501253074824
2229	-303.8338599314119
2230	-304.5879978679943
2231	-310.93497425290246
2232	-302.0682387131437
2233	-302.2871839870584
2234	-304.17522072520285
2235	-302.0310601397793
2236	-301.68467184596074
2237	-299.6653601070251
2238	-307.1999980399574
2239	-304.19693174576616
2240	-302.92960930598804
2241	-302.97102861124
2242	-300.8694053686533
2243	-304.602460325379
2244	-307.2477680463057
2245	-307.53676153572184
2246	-304.67853544257116
2247	-303.79920012216417
2248	-302.82526472227386
2249	-300.0042575473754
2250	-300.6980476344021
2251	-303.6756784487888
2252	-306.9066983050708
2253	-301.98697697120116
2254	-303.1476501426845
2255	-295.10221219270824
2256	-298.2391300647669
2257	-304.45223281172235
2258	-300.90377095323936
2259	-297.1081633329568
2260	-298.06905662687876
2261	-299.41360711617494
2262	-298.4898612724494
2263	-296.9160241889476
2264	-306.28887800650983
2265	-299.3403000001367
2266	-306.98891306539883
2267	-304.2793410696495
2268	-300.14021476463984
2269	-302.8853168735039
2270	-297.8530819236116
2271	-306.9860007914908
2272	-308.07647492202193
2273	-304.0644267923713
2274	-303.2929418520237
2275	-303.70059828408597
2276	-300.2147206136516
2277	-300.024360845002
2278	-304.53200221096483
2279	-305.6346002752628
2280	-304.8767156884749
2281	-303.8854921851731
2282	-301.60799106089
2283	-304.1802955578832
2284	-305.18219341993085
2285	-303.38846981979975
2286	-298.87016965013964
2287	-308.78590971657616
2288	-303.6311844309307
2289	-301.1138000000002
2290	-300.57807960276585
2291	-302.25819800641705
2292	-298.35441853344224
2293	-296.42885945511784
2294	-303.79150524784325
2295	-300.78597926050827
2296	-299.7232361554954
2297	-297.38631988298954
2298	-306.08573058961036
2299	-298.3291045782627
2300	-307.17739646999837
2301	-297.17514076826853
2302	-307.2870062219376
2303	-303.8434805792296
2304	-301.000121748488
2305	-303.6116750424752
2306	-307.7319681480267
2307	-299.90776341029584
2308	-307.78698745591856
2309	-304.41909010176596
2310	-308.77351658911897
2311	-310.13082412555883
2312	-306.07986181268336
2313	-304.6738309078694
2314	-300.1789792104725
2315	-304.7058045264193
2316	-306.55166152537066
2317	-311.1107913797721
2318	-305.98648076445414
2319	-306.6523659380245
2320	-302.1160676005304
2321	-308.8468550936801
2322	-307.73839389833233
2323	-306.2277845503134
2324	-301.60562950522024
2325	-310.93484357756824
2326	-308.5838261669609
2327	-307.85202755057554
2328	-308.88006658751704
2329	-301.8759991195452
2330	-307.7931514526782
2331	-302.3488057145103
2332	-302.551879347423
2333	-298.5072628168038
2334	-305.988800000041
2335	-305.8158983868375
2336	-303.5774343958138
2337	-304.9511408303654
2338	-309.2798262674355
2339	-300.7886222644342
2340	-298.3042947455732
2341	-305.33690609615996
2342	-312.4659711446003
2343	-297.57008321767285
2344	-301.83046719406116
2345	-305.0277564613792
2346	-300.71469095630175
2347	-296.71920333614037
2348	-307.0329584557696
2349	-297.1460026919617
2350	-311.87818861349825
2351	-309.36736252615555
2352	-305.339668999246
2353	-308.402819832763
2354	-300.7200237064546
2355	-303.15794654814016
2356	-304.38499247378246
2357	-299.59231214342896
2358	-301.3177356756679
2359	-302.7679107180517
2360	-306.577882001128
2361	-290.3849811276224
2362	-307.6354947573222
2363	-306.9035058913071
2364	-307.709885162012
2365	-306.7364419023872
2366	-303.3547430615265
2367	-303.0158503578836
2368	-305.00483166050594
2369	-307.32302855275555
2370	-306.94826272542264
2371	-314.8772654786423
2372	-303.84321486011584
2373	-307.5206548074977
2374	-299.49084832161014
2375	-311.13662516786763
2376	-311.35228078060317
2377	-302.338772225212
2378	-304.67901605861704
2379	-307.04115749793283
2380	-301.0410740931036
2381	-305.401006393883
2382	-303.60610297961176
2383	-309.9999589081653
2384	-301.45039037559127
2385	-303.3471636200182
2386	-306.0499672491084
2387	-301.23129036527064
2388	-301.96077845586774
2389	-311.2393902369665
2390	-308.6137014702849
2391	-304.8831531499924
2392	-305.3963145300109
2393	-307.4445868384609
2394	-311.08477278960214
2395	-304.8068769432525
2396	-305.88282978951446
2397	-306.1869503691511
2398	-300.44499494934274
2399	-302.9999569578674
2400	-299.5365468855657
2401	-306.9021455892822
2402	-307.48956725506457
2403	-305.20207946244903
2404	-310.34310580778043
2405	-300.81532494711223
2406	-307.0491464196023
2407	-307.88642478500446
2408	-311.515377694941
2409	-311.37258481444127
2410	-313.1044209580647
2411	-314.210262556117
2412	-308.4063135962036
2413	-310.4287887188564
2414	-305.7557060821399
2415	-309.438659180147
2416	-305.2517034619155
2417	-313.44770346861003
2418	-309.42112727717443
2419	-305.0250915388558
2420	-300.01002489399576
2421	-308.8103266389058
2422	-304.8866757691883
2423	-308.4014807918541
2424	-301.33475112728996
2425	-300.6343227665338
2426	-306.06913200503215
2427	-311.09282269735877
2428	-299.8235058083298
2429	-301.3462755431866
2430	-303.22522785568583
2431	-302.94667725588323
2432	-307.6151842021723
2433	-303.7331787194077
2434	-304.3519888125202
2435	-304.7319971010395
2436	-306.76476880366516
2437	-304.72501152908393
2438	-301.2431456111102
2439	-307.2651640997224
2440	-303.4603600522932
2441	-309.98445011205945
2442	-301.81837960190103
2443	-307.1439724682475
2444	-301.96908264300043
2445	-307.5579082483725
2446	-307.210761767125
2447	-311.2379819838771
2448	-305.3216411445807
2449	-304.3720280372097
2450	-308.55405473746754
2451	-309.81667090876954
2452	-304.83713080330455
2453	-306.4934480543634
2454	-307.0205666686431
2455	-305.40544425421274
2456	-310.22948833219056
2457	-307.7169209685075
2458	-309.22126727532634
2459	-304.7820953907681
2460	-303.84291518444934
2461	-307.8917352904841
2462	-312.2053149834421
2463	-307.3235822863247
2464	-308.0141429294565
2465	-308.32121435543047
2466	-301.6200488835907
2467	-308.41040660965194
2468	-308.77680480385027
2469	-300.94051761436975
2470	-305.8782630633597
2471	-308.1508591685117
2472	-307.2331168216307
2473	-303.5306159916971
2474	-304.37954028918665
2475	-306.6286983959434
2476	-306.77939886151427
2477	-306.2908439162136
2478	-309.606202219969
2479	-302.9742062743135
2480	-310.9425961017382
2481	-305.2132722701863
2482	-302.4329975169747
2483	-307.3806500340151
2484	-304.998987044285
2485	-303.9635715169649
2486	-307.4917256956738
2487	-309.08325448476023
2488	-306.64975441839357
2489	-304.6611500058378
2490	-301.42619787733764
2491	-302.1856984770151
2492	-306.06936657512125
2493	-307.5586769761393
2494	-308.5770603026462
2495	-307.3196857990538
2496	-315.28601016538397
2497	-311.8266605386359
2498	-308.07153891364095
2499	-313.0573292106774
2500	-309.3972745705291
