1	-298.6124533460167
2	-300.15367117353935
3	-299.6583849080852
4	-309.9306386817244
5	-305.9360798432807
6	-309.59642080640356
7	-309.85372663228986
8	-300.0828611466561
9	-308.2500933193722
10	-309.2433081644456
11	-306.236425769549
12	-303.58243317624726
13	-301.9946085055442
14	-301.7194279103026
15	-304.51003144250495
16	-295.15820949775014
17	-302.8633341328869
18	-307.2378293206187
19	-312.23837192206355
20	-303.26720606623195
21	-303.5050795606767
22	-305.9429740283763
23	-302.58744562685285
24	-305.09308507630624
25	-307.3503702223657
26	-302.9435105915845
27	-297.3357747397254
28	-307.81201395040915
29	-306.43361577072704
30	-311.5967192065136
31	-303.5769975376282
32	-309.40188570201235
33	-305.9217370279869
34	-302.0013520082187
35	-306.3325289879871
36	-295.6921495703573
37	-308.79071049583956
38	-299.8702680173447
39	-308.03575846828966
40	-310.19761529144523
41	-304.286720320988
42	-308.42665037948063
43	-303.51382692091073
44	-307.86311512563606
45	-302.671570556963
46	-308.5811265503204
47	-310.0201060216963
48	-310.51712309385465
49	-301.10149316167275
50	-314.1439136802713
51	-306.4953887659693
52	-308.08199477801764
53	-305.68026113290074
54	-308.4046899418756
55	-306.1753480182742
56	-300.80770994871216
57	-302.1457754534249
58	-309.19429871483266
59	-305.09864133316785
60	-308.81395302987227
61	-308.2072053008353
62	-306.23696171316277
63	-307.9477977084519
64	-302.86869478417475
65	-303.68775904516406
66	-309.04513587979073
67	-298.6917026367479
68	-304.88694835951065
69	-300.97544256213007
70	-309.3869105095472
71	-310.5104463698889
72	-306.19606713603247
73	-308.67195266404946
74	-305.927916730507
75	-308.5853946238033
76	-309.48171107223226
77	-308.32747907256015
78	-311.2121584416784
79	-312.81214487522914
80	-306.8214375668823
81	-306.26368038613106
82	-304.60992660169666
83	-307.9379708517041
84	-311.338069408651
85	-306.9452957078258
86	-307.9019992136609
87	-312.2701466851268
88	-308.58471957291067
89	-309.20424540872307
90	-311.57429661530944
91	-312.99884318584753
92	-308.7610670884505
93	-307.7532908480089
94	-309.8515958108115
95	-312.6974549842866
96	-307.23968208260425
97	-301.5235641148213
98	-304.1601296690532
99	-303.7573421267213
100	-303.9527997413731
101	-308.2972378230812
102	-306.1685229766053
103	-300.41954777580844
104	-303.45324194545265
105	-308.66028537969066
106	-304.69496080924813
107	-305.4274702141455
108	-304.8099642754988
109	-309.70927876706423
110	-301.52257008785875
111	-298.9893264864342
112	-308.50220339650735
113	-310.83876284559403
114	-306.5780888658969
115	-308.45653780495365
116	-302.8947356634337
117	-307.24770430552036
118	-307.89766266976665
119	-311.5602824620884
120	-307.0174353058374
121	-295.9261
122	-307.84398435352125
123	-309.5484418252082
124	-295.0918317425886
125	-306.386343769436
126	-305.6071260301301
127	-306.78657966300375
128	-310.25098683676606
129	-303.44194147896496
130	-305.26742287398895
131	-301.41376971778334
132	-307.4261170950467
133	-296.44540000000006
134	-300.9102258680169
135	-297.0472388239585
136	-306.05726498614246
137	-304.7307258862124
138	-299.40227823275234
139	-302.18017255609305
140	-298.9211798211113
141	-306.5766808850026
142	-301.7843954785316
143	-302.3191175253927
144	-306.12799339941176
145	-308.2369213503533
146	-307.45681950680876
147	-299.3970105919089
148	-301.39537841741543
149	-306.9252220777283
150	-301.34434828969376
151	-306.02920958822983
152	-302.4549681856078
153	-305.098431497605
154	-307.15002079646104
155	-309.9875834563857
156	-299.92472351998185
157	-303.91006566395
158	-304.7423746843333
159	-307.94368514128274
160	-307.112234158806
161	-302.24256379012877
162	-304.9407315173731
163	-306.9019356712288
164	-306.86110075494577
165	-309.2632804905399
166	-293.43591429526117
167	-302.42841351430377
168	-303.9158016919889
169	-310.2357327610789
170	-301.88571622875634
171	-306.4424824918238
172	-303.6772128915116
173	-299.9803110090271
174	-305.83811389356396
175	-302.16914847920214
176	-306.44327599736187
177	-300.6697234175403
178	-303.31270000023704
179	-306.8172602549049
180	-302.76999830378094
181	-306.32894664988345
182	-308.827776725619
183	-302.07258755723973
184	-299.2231648595898
185	-302.63116362480724
186	-306.6377919384402
187	-306.7590684833131
188	-299.2698916417607
189	-298.26525698916004
190	-302.04222603663504
191	-300.4288737190087
192	-304.17708665413585
193	-302.01656388139276
194	-304.43991594185974
195	-299.2935421632899
196	-299.8762551960309
197	-301.2500207114406
198	-306.1571610548665
199	-299.9268975090845
200	-310.7128543592068
201	-301.00433282086647
202	-299.9334735383749
203	-302.51973459070035
204	-303.7823753017439
205	-305.0497095557724
206	-303.40026130510324
207	-302.3886575012914
208	-303.10654008956675
209	-305.77951431221015
210	-297.1873688461277
211	-304.333474384328
212	-303.39504406589276
213	-308.5249223131007
214	-305.315486327461
215	-301.99349942499947
216	-303.7651473514663
217	-308.5694052778124
218	-304.5185798431758
219	-308.20387822602396
220	-308.2620948656886
221	-303.562899627793
222	-307.0497902878938
223	-305.40082444247435
224	-304.2818023821131
225	-302.0294773025188
226	-310.8331689618377
227	-303.6454475906113
228	-303.6067898995266
229	-308.59831392879136
230	-307.21779475889167
231	-304.6666048293613
232	-311.59265495527313
233	-310.8682626117827
234	-306.8233733961508
235	-304.072107622861
236	-303.35955508764096
237	-306.72709203478564
238	-304.9062094870564
239	-301.6930054226133
240	-302.3185677037815
241	-306.6429109219412
242	-304.8355774423908
243	-299.0679324219513
244	-293.83232131923427
245	-304.23432329820673
246	-305.12906694641043
247	-299.6806002771837
248	-309.0783803424899
249	-302.55624776654605
250	-294.316291492633
251	-305.2160240135398
252	-302.71944492935364
253	-300.919617618355
254	-297.4388406677372
255	-302.43185159947643
256	-302.5087992754523
257	-301.23386485190264
258	-307.77847117847256
259	-301.82710566809897
260	-300.37783144728735
261	-301.10472036653357
262	-303.7908179653251
263	-297.6627524030682
264	-309.136895580338
265	-303.597416183409
266	-309.11185148020303
267	-303.67946273059215
268	-303.05822692547156
269	-292.420776900356
270	-301.0697964361713
271	-301.06206723879137
272	-289.1730918043391
273	-301.6040539487006
274	-308.95004841907974
275	-303.1467886463293
276	-301.7864749747024
277	-305.234950112129
278	-304.1873541192702
279	-306.5427000003194
280	-306.1017503900065
281	-301.1343368548309
282	-301.51932243430394
283	-297.04999625172144
284	-308.63007671849454
285	-299.9225748777892
286	-303.1464949601748
287	-300.4797
288	-297.2281431080831
289	-299.94790505535553
290	-304.8790904380679
291	-304.4565986314919
292	-299.9953843237319
293	-298.51249834604425
294	-307.6437121795386
295	-301.6871588290997
296	-307.3792670561317
297	-304.6835397870758
298	-299.90347107493125
299	-303.181933226211
300	-312.04204169217337
301	-303.8852800634649
302	-303.3942350543602
303	-305.89611814666887
304	-302.5729368357853
305	-299.7664774729147
306	-302.00319835463205
307	-301.5412834086085
308	-303.28756243652396
309	-303.9563649276716
310	-310.7952456971333
311	-306.8142956498335
312	-309.9299085476579
313	-299.66851706714874
314	-297.7918817607721
315	-302.5173866567689
316	-298.16260000844983
317	-299.43845123437717
318	-306.7888681985893
319	-299.49159943349713
320	-308.8204804298627
321	-303.8023762224451
322	-302.92000727858226
323	-302.8748675960154
324	-302.2911022436667
325	-306.47812259857943
326	-302.0567785211428
327	-302.78633602967915
328	-303.0356997167012
329	-300.4680094431626
330	-306.44314534816806
331	-306.2349
332	-301.63804803291447
333	-301.34436039587786
334	-299.14714384253574
335	-302.3530457789478
336	-291.63416768735703
337	-307.62308562213695
338	-300.87809132596675
339	-305.30882149489275
340	-303.9252013939957
341	-305.66803203477747
342	-301.3461518168227
343	-300.1279326380419
344	-305.04340412834506
345	-303.0145951146765
346	-304.558386997039
347	-303.5206451353607
348	-305.3342759738191
349	-304.6320343379277
350	-301.6133721159952
351	-298.30430048197536
352	-305.20081400208153
353	-301.18394518161415
354	-304.56426920284434
355	-302.24754603525594
356	-299.8015407829203
357	-308.15477060716063
358	-304.7799902874788
359	-304.50801381959866
360	-301.2164350556958
361	-296.48806801030327
362	-301.55839323367536
363	-309.0583753869206
364	-301.5794753530082
365	-305.70783403665786
366	-309.2820079469025
367	-301.56800828778864
368	-301.70725730408566
369	-305.39714646049106
370	-303.83029521810926
371	-300.2156386472627
372	-304.3309429861045
373	-308.3993798326244
374	-301.3786621190975
375	-304.9506692822049
376	-301.58590000000004
377	-305.48106261418036
378	-301.13923831419856
379	-300.9900451426299
380	-303.16760000448676
381	-300.6937
382	-297.9943136644279
383	-306.7113
384	-302.2383013965047
385	-307.7251490501987
386	-307.8115621966015
387	-307.7610318946698
388	-298.71416179270096
389	-300.7487271174017
390	-295.338787609731
391	-305.81395004855233
392	-305.1599916675733
393	-311.0634430723098
394	-310.423824144413
395	-304.6232663983757
396	-302.592312296267
397	-298.5356647032863
398	-301.61270000055697
399	-310.94223695411023
400	-300.1607537141768
401	-300.91282003360885
402	-306.19121870183795
403	-304.16184831787814
404	-304.6616364323646
405	-306.8726850833787
406	-301.27631206952657
407	-298.83244777741976
408	-305.6644126499531
409	-293.9108034880774
410	-295.58833597775873
411	-299.2932468510579
412	-300.5625959333666
413	-302.431741708556
414	-305.2715256531102
415	-311.3347501934211
416	-313.1718832536282
417	-298.73908133141623
418	-296.51654315249976
419	-302.4722895745465
420	-295.0809466021473
421	-302.14172623515424
422	-304.3432750982608
423	-307.7120664242159
424	-300.562276747871
425	-302.21561397580274
426	-303.15922318152104
427	-303.6236477388715
428	-306.80779094905176
429	-305.1808454350955
430	-310.96159876626797
431	-304.50702280545283
432	-304.84802914340406
433	-306.3957971709092
434	-306.1204292656612
435	-301.5693230190723
436	-302.46982843346524
437	-303.5059426923702
438	-308.2967506795892
439	-303.0671347744843
440	-305.19458581878854
441	-305.5224622945417
442	-306.20240428298433
443	-306.7219879920834
444	-311.18973218539674
445	-311.09528752915793
446	-301.11841666456274
447	-303.26228581880235
448	-304.8820312783253
449	-308.4907348701748
450	-303.16922173301674
451	-306.35923365140536
452	-308.1284054052829
453	-303.5103971333781
454	-298.03866007217573
455	-302.2571775054582
456	-309.96072890052795
457	-294.8397034284522
458	-310.9426826150913
459	-303.86966325931496
460	-305.8975847315762
461	-303.4834375798748
462	-310.54884403514734
463	-304.5705
464	-306.91530573225657
465	-305.62813298340745
466	-308.68458382989127
467	-304.05
468	-303.05778990238855
469	-307.21138496504807
470	-311.9911655007926
471	-296.5849
472	-302.8386494701265
473	-302.4434045704488
474	-304.6662800123407
475	-306.2757893807293
476	-299.84491501997746
477	-301.50530841273314
478	-305.1432732038941
479	-305.14482878101734
480	-303.75114127263583
481	-302.8639766338412
482	-303.2607119960724
483	-303.4250547803689
484	-302.7763580010355
485	-307.8416408660751
486	-299.5265433507891
487	-307.0236484721905
488	-304.94525011852977
489	-304.5032558107882
490	-304.93180408365805
491	-304.75760987854335
492	-303.1246413017776
493	-304.5773449379108
494	-308.14656307315556
495	-297.7415374025365
496	-304.3525587600166
497	-300.27309792539825
498	-296.2521835190835
499	-301.4311856312662
500	-302.101982386844
501	-304.6869632956036
502	-303.1127988802842
503	-302.3141528995544
504	-298.82756850824734
505	-298.46370000000303
506	-301.89184196360816
507	-304.8623272422089
508	-309.6460653874463
509	-303.74447570101455
510	-294.6836547827947
511	-301.2842102723335
512	-302.07553968945297
513	-302.0800384482759
514	-306.57719897365
515	-300.072032443447
516	-309.412658094545
517	-299.7229007876769
518	-305.97851116671467
519	-298.19260000580823
520	-306.4267016595237
521	-298.43644755189246
522	-301.7198718768086
523	-307.2126836179954
524	-307.2866430110971
525	-300.80660888795643
526	-304.3876027178087
527	-305.56252086955567
528	-305.74166152632466
529	-297.9582606738955
530	-300.01876645952973
531	-301.588734248429
532	-303.05418237704566
533	-300.33267840454806
534	-303.4324108534466
535	-303.5407035136173
536	-296.57142327475884
537	-299.01338234246526
538	-298.1040572507804
539	-303.52193703511244
540	-306.0122708513377
541	-300.31999190399364
542	-307.81555820768557
543	-302.8359811600878
544	-307.29357712812157
545	-301.8777548367105
546	-295.33525731493916
547	-303.99571351540806
548	-308.0313000037719
549	-306.2835646414265
550	-302.05585437493994
551	-306.03048692883414
552	-312.8742450031115
553	-307.5536780895681
554	-299.9813308380787
555	-304.8894351084313
556	-303.86050708672445
557	-304.216239378726
558	-307.664779457025
559	-306.77864028911904
560	-302.53750000018795
561	-300.5149619972033
562	-305.1316670724416
563	-297.60717095674715
564	-303.66174722345073
565	-308.2497822803742
566	-299.6044153751576
567	-305.2545977822703
568	-298.2906627575488
569	-293.8106873236525
570	-307.99384692583925
571	-299.0167000914275
572	-306.1727210921515
573	-306.9221426581856
574	-305.13170707784514
575	-306.05549426102334
576	-299.09882998163357
577	-303.1498553587604
578	-298.4941373355324
579	-302.9788145105317
580	-303.1560376856147
581	-301.1346583095372
582	-303.682276157244
583	-305.20047272623424
584	-300.2363234896414
585	-303.58137628376454
586	-307.0694061540609
587	-306.06147249472883
588	-304.2218085373558
589	-302.85822379863214
590	-302.98995099271815
591	-293.9831806167457
592	-300.86452636602604
593	-301.1922783879731
594	-297.49924359287616
595	-302.1961445032855
596	-308.62033403355935
597	-304.6146897144267
598	-305.64774777934934
599	-303.2681379088239
600	-302.57375592463615
601	-308.17960000000005
602	-293.59520289709525
603	-302.96444678594736
604	-298.1489308249885
605	-306.27219828291504
606	-306.2678931040643
607	-302.68190000000016
608	-302.75601598849863
609	-305.5307876425605
610	-305.62727780958613
611	-299.7446687574791
612	-303.96687662811064
613	-306.0625565519018
614	-305.2724192359179
615	-303.8277798494847
616	-306.4718376086772
617	-299.9669446420112
618	-302.00630000601626
619	-299.31540002565896
620	-294.55349605556563
621	-299.37968654619203
622	-303.4437301814643
623	-301.01140085303837
624	-302.8718238478287
625	-301.7790757317332
626	-301.7387079195776
627	-303.1125783967847
628	-298.599886618702
629	-300.64857539154036
630	-304.5210137894632
631	-309.2343069101032
632	-300.02497916650975
633	-306.2585874713774
634	-307.61827652458345
635	-309.49388250682466
636	-304.78369467075015
637	-303.62497304510987
638	-296.3152857098332
639	-300.30425706392043
640	-301.7140090341131
641	-303.95823744181155
642	-296.82008068450705
643	-306.5146842481122
644	-297.51260390112355
645	-299.66867320178255
646	-307.4776958352263
647	-307.552000380716
648	-302.25545839031196
649	-303.49328191409535
650	-311.0535694452252
651	-307.30789343405024
652	-303.92750000000274
653	-295.7025146470434
654	-306.30621309180594
655	-307.99006092787005
656	-307.2035251297597
657	-310.8499148920709
658	-302.6395035973578
659	-308.5915482466171
660	-305.6948302587169
661	-304.2446795721312
662	-302.0364323980002
663	-298.4225761423868
664	-308.60132216560714
665	-304.60496271483873
666	-303.2900555559453
667	-297.4771000003631
668	-299.15516645693754
669	-298.6209155949053
670	-298.9288121945418
671	-304.5987182280813
672	-300.1193577115176
673	-308.0409535413632
674	-293.64308214614783
675	-307.69754735123763
676	-301.3316629469174
677	-306.17254811658734
678	-304.37913970850417
679	-299.52382345641684
680	-304.0973168747767
681	-302.4142648600666
682	-300.26575974497916
683	-298.4855014512577
684	-298.45015659773225
685	-300.0307771844328
686	-298.90176637210743
687	-295.9347086163201
688	-307.6266698183048
689	-307.9069886371037
690	-303.8870048769959
691	-303.34907269779734
692	-304.9479289717643
693	-300.87050005524304
694	-304.5830265979068
695	-294.09216760079266
696	-305.153638144891
697	-296.3511194200672
698	-297.6353898721622
699	-307.9428853474244
700	-308.3380672358437
701	-305.35485806918047
702	-297.337364394025
703	-301.57634868324163
704	-295.05712925150135
705	-298.3576311251025
706	-297.8511277361406
707	-300.2634033355068
708	-303.8187824129118
709	-307.2057174984942
710	-307.67591234361413
711	-303.6038138298978
712	-302.3224733550808
713	-301.97580338568235
714	-304.74811606900454
715	-301.3848074950384
716	-305.38950026292866
717	-302.7376605936333
718	-305.7729290184052
719	-307.0320829519911
720	-300.9763912387753
721	-308.56832789288063
722	-305.8553823048294
723	-306.12778167331066
724	-301.951805817461
725	-302.33853999650336
726	-309.6172436403168
727	-310.3175258412923
728	-300.18842480995596
729	-302.9805930620899
730	-297.8899465968597
731	-302.8333049707046
732	-301.02097074828606
733	-308.6301281316989
734	-302.24871088324346
735	-305.1598575403361
736	-302.91710036603087
737	-302.54132677575245
738	-303.42840940907024
739	-311.7642177852716
740	-297.8788021286942
741	-309.3777982252753
742	-301.9564777742309
743	-297.03723367239604
744	-302.544006984888
745	-302.50940471426253
746	-302.70805010999294
747	-305.5405770680028
748	-305.397028211385
749	-304.14668879720824
750	-308.02939006999503
751	-307.62606360569396
752	-304.78551311048676
753	-303.64536202711093
754	-308.35552746046824
755	-305.00848675966483
756	-300.8961687721905
757	-307.6562682954677
758	-305.81315743666266
759	-309.82055348654757
760	-295.31306294005174
761	-307.6889200395762
762	-304.1398324677235
763	-309.92013747914683
764	-305.1692927701359
765	-301.9309022489468
766	-306.96880055913294
767	-308.6567278430029
768	-302.6014868077345
769	-304.15577064689927
770	-307.5083102403296
771	-306.89153954863133
772	-303.22771235002807
773	-301.3694583144149
774	-304.12728142265917
775	-303.8735832373103
776	-297.61272148616206
777	-304.21566980757996
778	-299.69658788110684
779	-304.66744118250057
780	-308.0467827704468
781	-306.4060369982993
782	-300.73444174100143
783	-305.461624454987
784	-310.02154585100214
785	-301.4062320492242
786	-303.7381000001263
787	-303.6218905598695
788	-306.1871927772405
789	-310.65393674453463
790	-309.86265735710015
791	-306.18249937549524
792	-311.4998177618806
793	-303.4728739400323
794	-306.1204764158746
795	-305.10854669585564
796	-302.8885000000001
797	-301.7506252273612
798	-300.03139804963155
799	-304.2976471634553
800	-299.01412455173147
801	-299.21707437515164
802	-304.27864338773907
803	-303.1169934820014
804	-307.0610256029821
805	-307.80603542723696
806	-305.7948217687748
807	-302.7044226357322
808	-301.714527150078
809	-306.82608988201457
810	-307.7821993747474
811	-309.82136101616925
812	-312.21643121907357
813	-304.80820559635936
814	-300.9280490659164
815	-300.0647045633608
816	-308.4254568820018
817	-299.5347755521845
818	-304.98675382975796
819	-299.2389947825986
820	-299.71378958641196
821	-303.97603953672404
822	-303.2968785088669
823	-311.8651181533113
824	-308.0215493941776
825	-301.2323838854622
826	-305.22362553960727
827	-300.0224000005518
828	-303.08340417186275
829	-308.32575729593
830	-302.61095383968006
831	-305.96748399470806
832	-303.5270877567993
833	-300.2056043127451
834	-300.3571187443627
835	-310.1709071038483
836	-299.3700616543884
837	-300.17208191496445
838	-299.5353794811556
839	-305.9387222890833
840	-310.8774525244342
841	-309.677611812514
842	-305.4616060975035
843	-304.81773755819336
844	-297.79600000133524
845	-306.28897153189047
846	-306.3841066936242
847	-295.66638131376754
848	-301.011379885815
849	-302.06453017205087
850	-303.9034841622921
851	-307.8064294022828
852	-295.6688000000001
853	-304.12513850067626
854	-303.32437617815833
855	-309.22309148928156
856	-300.53880487169664
857	-302.6916047200885
858	-299.3357740631249
859	-297.912538861305
860	-305.44330978660713
861	-299.9205450990685
862	-305.20241714808276
863	-299.0054346961549
864	-309.2581420695333
865	-302.75522094626416
866	-304.9954879811786
867	-304.3102252870904
868	-306.59196920459124
869	-305.89620003246495
870	-307.29904830426204
871	-305.8729000410746
872	-301.2534877270159
873	-306.58156143479385
874	-305.7643660118943
875	-304.61599868470756
876	-305.1336848578142
877	-298.35588828856044
878	-298.8144124179975
879	-303.6691092058912
880	-301.6968953001121
881	-303.83493666771443
882	-309.84478877887045
883	-304.89212316302087
884	-309.56727863402745
885	-301.7659860181595
886	-306.9049028707206
887	-301.2869814924057
888	-301.24980010731156
889	-304.5504774258391
890	-303.1515842228848
891	-302.92790679059937
892	-303.10575596907915
893	-303.951503528538
894	-303.8480443748086
895	-302.72491698933806
896	-299.3538003240614
897	-298.4924951535483
898	-305.26350019836906
899	-308.1608746526652
900	-307.24986406725213
901	-305.6260671268677
902	-297.68904681634416
903	-311.41013301193146
904	-307.23601726562316
905	-306.4749794617331
906	-302.1169993428539
907	-301.47874873260963
908	-302.5205491608834
909	-296.20258086921
910	-304.25844127308557
911	-302.71210086831474
912	-301.81524444314687
913	-299.8529414600651
914	-293.34530157138005
915	-304.8218118676131
916	-305.76872072146966
917	-307.87935304508704
918	-300.2390874739579
919	-305.06627902843525
920	-300.06557110926263
921	-307.4826351311351
922	-303.7863339842494
923	-307.7516052834264
924	-305.5675030464194
925	-302.34431681106685
926	-306.4402530115365
927	-299.75265568331594
928	-302.10850049662685
929	-306.35197729110604
930	-308.0651504850502
931	-310.2718465337727
932	-303.5297340171463
933	-301.3478932475152
934	-298.92517353575045
935	-298.21280395969296
936	-306.547300283837
937	-306.37633983711453
938	-302.5468
939	-296.3053179204696
940	-299.64497662586604
941	-307.2396726439639
942	-306.31846301840807
943	-299.9811820435221
944	-305.1428459673061
945	-310.06836503137134
946	-301.5686410733211
947	-306.0406609278478
948	-308.2888508967172
949	-300.89009858587445
950	-297.0287826789179
951	-308.2402379275172
952	-298.43233971298713
953	-296.77402796343864
954	-310.9495580802216
955	-306.79431206873943
956	-296.0270093556006
957	-306.6565500096283
958	-303.82161934121535
959	-303.67847126302104
960	-306.9328653707329
961	-301.5204921234807
962	-305.4722224509784
963	-304.86302796678643
964	-305.5027251670175
965	-306.7565430713138
966	-301.284279888773
967	-304.4446082470684
968	-304.14686171031246
969	-302.46480265140013
970	-297.4608716353475
971	-303.4908511707506
972	-307.61458155614633
973	-307.5091053487575
974	-310.0022073986368
975	-295.74370003760345
976	-308.89860662180865
977	-298.6696625006938
978	-306.05516568327914
979	-300.176082817251
980	-302.9538266549523
981	-308.6119927105456
982	-306.41621947856606
983	-308.89020273589887
984	-312.6211480020345
985	-305.1396136720739
986	-308.0496832062642
987	-300.3944043078957
988	-305.52357554322424
989	-306.21194469309006
990	-308.30607936083027
991	-305.78306803551135
992	-305.71014532527926
993	-301.01658880870883
994	-303.5239486945179
995	-305.4295861993826
996	-304.3482593285966
997	-305.5954849853125
998	-306.79006576094685
999	-304.43828503219515
1000	-308.0344436866761
1001	-301.93285828922683
1002	-304.8039365961503
1003	-313.55870984555804
1004	-302.91758671712364
1005	-307.98117761913346
1006	-304.49935995346
1007	-302.411466471933
1008	-308.0075720681192
1009	-303.8537497848903
1010	-304.23136439119213
1011	-301.97815596421214
1012	-305.52393891707936
1013	-309.094510672612
1014	-304.4723278938328
1015	-300.5524218657763
1016	-306.62105085576036
1017	-306.3857561574343
1018	-310.57808644979605
1019	-309.13149021779634
1020	-304.6274527601477
1021	-305.29180984973397
1022	-303.9669945649493
1023	-304.99499439094393
1024	-303.24470891700696
1025	-301.7211160810299
1026	-308.365773196118
1027	-303.3847865702352
1028	-301.3771761621532
1029	-303.29309457593183
1030	-304.5361379317245
1031	-301.7925566551163
1032	-302.8326456188242
1033	-307.54439406585135
1034	-300.5775970924595
1035	-307.33348934964187
1036	-301.42350451237513
1037	-308.58500057889006
1038	-300.9277506427277
1039	-308.5122020979526
1040	-309.52144668654296
1041	-301.7882155698638
1042	-312.64276428464785
1043	-310.5705296544862
1044	-303.55550850007074
1045	-305.11076142592606
1046	-298.91310000000004
1047	-303.0332988645195
1048	-306.93599026846596
1049	-305.43218829770825
1050	-303.2319764064931
1051	-311.05321146113863
1052	-301.55680428695456
1053	-306.4332258639559
1054	-304.46384310990567
1055	-305.77374027875004
1056	-305.4545242172844
1057	-300.69893676592307
1058	-297.7351760256967
1059	-300.1600725575119
1060	-297.55910692335954
1061	-298.1072615252215
1062	-299.0891339263558
1063	-307.7640593344177
1064	-298.7734913349091
1065	-307.44348964969913
1066	-308.47023945795945
1067	-304.62541547136425
1068	-306.8787486212904
1069	-304.66934334606555
1070	-307.53560133388686
1071	-301.840359786843
1072	-306.4049995830154
1073	-307.84913653247554
1074	-299.6183873631315
1075	-305.70488626581005
1076	-306.9628719060307
1077	-307.7438994550777
1078	-303.26318048447246
1079	-302.08876382460005
1080	-296.47426478289606
1081	-301.88200000000006
1082	-303.25610000012125
1083	-302.8443672958372
1084	-295.00720975172055
1085	-303.7412796407644
1086	-300.96867868558905
1087	-298.36106244363623
1088	-295.91345173999554
1089	-299.73104926134226
1090	-301.3780430062269
1091	-295.97464392223304
1092	-297.9776575846231
1093	-305.48097182188945
1094	-297.9341612475889
1095	-298.5638778226042
1096	-302.22035530496424
1097	-307.8867292458946
1098	-302.1333000059551
1099	-304.05958496685577
1100	-307.2003376269736
1101	-306.22916708429455
1102	-310.2609381314897
1103	-306.6159956446302
1104	-306.4013739433596
1105	-301.48206256562173
1106	-299.3620223410696
1107	-305.09086032463205
1108	-297.7984610422631
1109	-303.2413657097887
1110	-308.47351536540924
1111	-304.59188027003114
1112	-307.4087380050071
1113	-292.3718591019972
1114	-304.42229777080394
1115	-303.829593589837
1116	-306.05621953859566
1117	-308.9472445146878
1118	-296.19503073729703
1119	-309.3336665563633
1120	-305.261415681103
1121	-300.6490704414388
1122	-303.5649778900842
1123	-305.1382908532983
1124	-301.6439461485998
1125	-304.49394049701976
1126	-296.2485029425835
1127	-305.4099496207331
1128	-301.5084000279924
1129	-300.4946000228126
1130	-305.1595493422723
1131	-309.33686668503776
1132	-299.38446353459125
1133	-298.1727542361102
1134	-291.1913000003823
1135	-299.25937455607715
1136	-304.39959041100786
1137	-308.1309752985778
1138	-302.96477932110173
1139	-304.9657164547791
1140	-304.2063253649914
1141	-300.03076697881
1142	-298.97100000000046
1143	-312.98285488194796
1144	-299.94985964050477
1145	-305.4019000570516
1146	-302.39576087496505
1147	-309.373456658261
1148	-306.17816651797193
1149	-301.31715022252916
1150	-309.71106142042925
1151	-301.366489430076
1152	-303.82404551357257
1153	-297.0766084213297
1154	-305.6280548664232
1155	-303.48175703042784
1156	-301.94208907599847
1157	-307.75583037379585
1158	-309.9050159034009
1159	-301.0017135838402
1160	-301.0153851185473
1161	-308.67116212766155
1162	-299.09163610045067
1163	-307.68689990602485
1164	-304.9896127844809
1165	-301.3652127754233
1166	-300.2620707405352
1167	-302.4497000467593
1168	-308.9874467171186
1169	-297.94583977838715
1170	-302.7712208492029
1171	-301.71915564840197
1172	-310.10084629063294
1173	-307.2497702909524
1174	-298.4977273396984
1175	-294.24280265173394
1176	-301.85224099014494
1177	-304.4294243924395
1178	-303.60901949746375
1179	-306.7182299282658
1180	-303.6435464582492
1181	-303.5444619380657
1182	-304.8015774420721
1183	-303.4763784136595
1184	-302.81397894665145
1185	-299.7268926454578
1186	-304.8705175866359
1187	-300.8505375244221
1188	-305.4864678691868
1189	-308.39685810425306
1190	-296.18000276605073
1191	-307.0229476588117
1192	-306.59532333505103
1193	-307.7537972803471
1194	-306.4301563082927
1195	-301.0518271381767
1196	-303.27424070372297
1197	-302.8007241069942
1198	-303.2988617082076
1199	-295.97871539202595
1200	-290.71806211195036
1201	-304.5897896313427
1202	-296.84390000326493
1203	-306.8563140756416
1204	-302.9134254788071
1205	-304.0792870781563
1206	-299.6351459107581
1207	-301.42258160339225
1208	-296.61742605405533
1209	-304.0702649690039
1210	-296.72290014000356
1211	-304.9954638710988
1212	-304.89860970811696
1213	-302.04965308283175
1214	-304.8868720974329
1215	-308.8161
1216	-304.8995849257885
1217	-303.81124365803197
1218	-300.9423023119991
1219	-304.42627921557903
1220	-302.8230717114382
1221	-304.2363139035722
1222	-310.4331160644009
1223	-312.154975758544
1224	-304.94844740485564
1225	-301.47172192385017
1226	-304.7948402824763
1227	-302.64055419779453
1228	-305.63452825978396
1229	-298.74530860536925
1230	-306.6167517402168
1231	-303.4373303030554
1232	-302.7111539130532
1233	-294.28344877567946
1234	-300.0461540732464
1235	-305.45114914487567
1236	-302.8560937267646
1237	-303.81915490505514
1238	-310.8205525376767
1239	-305.95388477687385
1240	-308.56343666223336
1241	-299.9455756982968
1242	-303.4133017231873
1243	-299.2599
1244	-306.1877680819499
1245	-303.130729579615
1246	-310.34008623686736
1247	-301.45536990232785
1248	-307.449651361791
1249	-305.80719715109484
1250	-304.86850000447197
1251	-301.21637445684166
1252	-304.638734797272
1253	-300.3382647373522
1254	-305.0658852073644
1255	-300.15197752523886
1256	-300.0290667184398
1257	-308.6251561805778
1258	-307.37846715742273
1259	-302.32932810457896
1260	-307.84119765356405
1261	-302.4817700250842
1262	-301.76670078834115
1263	-302.72092083255745
1264	-309.17236448247877
1265	-305.2623781831068
1266	-306.1836186165911
1267	-307.806185520537
1268	-309.3431373030668
1269	-301.71652321035054
1270	-306.1393700656657
1271	-298.4783000444908
1272	-308.94086342457916
1273	-304.1206126590671
1274	-297.3067045564215
1275	-304.1756356100227
1276	-304.07576092882954
1277	-307.09211995646774
1278	-306.30912539493573
1279	-296.2838000171273
1280	-303.96587199598815
1281	-304.3537040500857
1282	-299.11734488785476
1283	-311.7195657316826
1284	-305.91813215250727
1285	-306.6221062199227
1286	-304.7838011820286
1287	-301.1706478916
1288	-309.5890374773019
1289	-305.5130681513224
1290	-306.3211265298733
1291	-309.2989634251549
1292	-304.74781187886805
1293	-301.1269784996931
1294	-293.5958861121375
1295	-299.3994595220107
1296	-299.3543790182863
1297	-298.098393749749
1298	-305.33487193258355
1299	-302.8052647706826
1300	-304.7901314119611
1301	-307.8601337368268
1302	-305.0025958748441
1303	-305.95103811821184
1304	-305.0831190566254
1305	-300.96481414399403
1306	-307.4568555136304
1307	-305.57980667665316
1308	-296.1989996923684
1309	-299.4685720841659
1310	-306.57448902435806
1311	-303.41898619063124
1312	-304.28085304304506
1313	-305.7480977950032
1314	-297.9445184740326
1315	-303.9740077687598
1316	-300.91761141429646
1317	-310.60284986449267
1318	-304.8641549849024
1319	-310.8454753770247
1320	-308.62540678168926
1321	-296.66303438314844
1322	-305.55462850486964
1323	-299.61123540045634
1324	-303.76640568332465
1325	-303.0727774459492
1326	-301.4264110122721
1327	-301.51743317768324
1328	-304.0929666278634
1329	-304.8942266813787
1330	-302.74658837483844
1331	-305.5097821372169
1332	-309.1996646052361
1333	-306.0121281348223
1334	-305.40195545645406
1335	-305.7305034610995
1336	-309.1671420650196
1337	-305.76927108624506
1338	-302.9392868578911
1339	-308.64135135127697
1340	-296.6072848826237
1341	-301.69250134965284
1342	-298.7054819734732
1343	-302.9711062008322
1344	-304.92457034631377
1345	-300.3628799172712
1346	-308.513987217489
1347	-300.7302077712054
1348	-306.11016632155645
1349	-304.9929733624267
1350	-298.90660256640797
1351	-305.54780000019633
1352	-300.76184914635655
1353	-307.42130406119503
1354	-301.00969976692295
1355	-301.8794341247545
1356	-304.4080007272745
1357	-304.2263007595278
1358	-304.90327491573646
1359	-303.96750905273166
1360	-301.6728907420722
1361	-303.6861394773599
1362	-303.8875070006828
1363	-303.90759585563484
1364	-302.49344547743107
1365	-307.9411060859267
1366	-306.89499181683357
1367	-309.7768403427538
1368	-306.96165797109626
1369	-300.3432185999968
1370	-307.7602372324702
1371	-301.38863545270135
1372	-309.251054162736
1373	-300.8669693298271
1374	-312.68194611990367
1375	-299.41642201280433
1376	-305.52159491644426
1377	-311.276049557704
1378	-295.6559622633277
1379	-299.35279841113226
1380	-305.07428059581895
1381	-297.1311335462653
1382	-311.2524746105963
1383	-309.7499458143951
1384	-305.42559666094115
1385	-303.82823237591543
1386	-301.0211307128693
1387	-302.40433631595414
1388	-309.9856062572495
1389	-298.47950760334237
1390	-307.97933571638
1391	-304.13471502240463
1392	-303.58008989528554
1393	-307.0683904944823
1394	-304.2753347473826
1395	-301.63556429185394
1396	-308.43849897198567
1397	-310.82915470562716
1398	-297.43715925030347
1399	-301.28152043561397
1400	-306.4286552806009
1401	-305.9287877662393
1402	-297.409806585749
1403	-308.14878741740597
1404	-302.8542784040942
1405	-310.6715921062758
1406	-309.3442170718294
1407	-304.3505446200842
1408	-306.1700997437171
1409	-304.9196357629362
1410	-299.82969455386336
1411	-304.0431579440056
1412	-309.70828234747256
1413	-305.1018088959398
1414	-307.1817621175083
1415	-298.98352403414833
1416	-307.2541319239812
1417	-299.8716312235449
1418	-308.48776456835435
1419	-311.5989514403178
1420	-305.59063788586786
1421	-305.1516742400029
1422	-309.15980809829836
1423	-299.7094918220927
1424	-304.0788621521174
1425	-296.69247853879
1426	-303.6093376768052
1427	-310.55498919052025
1428	-297.8538126083996
1429	-307.0952275804829
1430	-310.7720330922142
1431	-303.4109059016719
1432	-304.10590310968223
1433	-305.4725138360689
1434	-306.0537144996358
1435	-310.94546815675665
1436	-301.55239242759023
1437	-309.4535882772722
1438	-311.64116483522673
1439	-308.1979739536169
1440	-309.44751774806696
1441	-308.71708109468693
1442	-307.3897457436074
1443	-308.33102661656926
1444	-304.2797865191567
1445	-306.10575814320157
1446	-307.13967298917606
1447	-301.72420269151365
1448	-309.94014231385336
1449	-310.6875058340907
1450	-312.40375450842225
1451	-310.1147776731273
1452	-307.1741394890047
1453	-299.79332047547854
1454	-310.6784275217205
1455	-310.42911587061445
1456	-307.85402963647925
1457	-305.7709778146842
1458	-305.7471918193702
1459	-305.3343816226521
1460	-308.81629525326633
1461	-302.3450223041702
1462	-310.71613374222943
1463	-310.9597956791894
1464	-301.6479149871985
1465	-300.75022717958126
1466	-306.5636894104019
1467	-307.7551157530337
1468	-301.1110884372948
1469	-308.0637831285136
1470	-302.1004024953334
1471	-310.66247611033543
1472	-304.43174973653305
1473	-305.3059812435782
1474	-308.2270323523752
1475	-309.4812733709237
1476	-306.8765470689646
1477	-312.05222047301515
1478	-308.44970230739784
1479	-308.5827813416069
1480	-304.49641466723
1481	-307.54700637553174
1482	-306.7728215778285
1483	-304.72172709232314
1484	-305.78997723513345
1485	-298.9315861810548
1486	-305.28758189870655
1487	-308.5762086031066
1488	-306.10149098976507
1489	-304.9931968243261
1490	-306.4496287173821
1491	-304.6105219054482
1492	-306.52888186330586
1493	-304.7446587115992
1494	-304.11754432180425
1495	-302.519323936772
1496	-313.85590251195106
1497	-299.6659331950116
1498	-303.4855661945139
1499	-307.7946786619971
1500	-307.8809523658882
1501	-305.30181744169244
1502	-303.1427920639421
1503	-298.5844760353855
1504	-298.9255272623994
1505	-299.9074408748254
1506	-304.1969581011907
1507	-303.4138077095898
1508	-308.20231607223866
1509	-308.21936558938995
1510	-307.5887634964457
1511	-309.03271860012933
1512	-307.9916586233367
1513	-304.80747214403584
1514	-300.9838743054334
1515	-301.8248496172354
1516	-306.7628720478579
1517	-304.8958819589692
1518	-312.01442363016287
1519	-314.9028701798031
1520	-313.15492696959643
1521	-310.96397581428124
1522	-308.80544783778754
1523	-302.6377196393763
1524	-310.72057196509917
1525	-307.78210615478974
1526	-307.01582019926644
1527	-301.76648683946576
1528	-308.5914207127322
1529	-309.0421255406444
1530	-307.6605441466848
1531	-309.3911152388327
1532	-307.0760715712071
1533	-309.9208773521589
1534	-303.9195242275076
1535	-309.97967737962637
1536	-304.35323865221716
1537	-311.5044708566436
1538	-306.216703666861
1539	-303.24776186528635
1540	-303.83652772394123
1541	-302.37391668581046
1542	-310.1044035235983
1543	-303.78346824123145
1544	-303.79283169404084
1545	-303.5887411520985
1546	-298.72042524902287
1547	-303.13888828612147
1548	-307.2340043548952
1549	-305.58087628202
1550	-305.01417228073325
1551	-309.062810242309
1552	-302.7993768114896
1553	-302.63411590969343
1554	-308.5198462056809
1555	-312.67248513015346
1556	-310.19859037180225
1557	-299.3827255727289
1558	-308.64777313771424
1559	-301.7772141716774
1560	-307.4798318981574
1561	-300.794628711008
1562	-303.9686678877893
1563	-309.3157454444353
1564	-304.51444177843933
1565	-307.87110149933756
1566	-309.50525645389786
1567	-306.2915209275718
1568	-302.93245661272937
1569	-313.2621227252179
1570	-297.28662575382776
1571	-306.34561076284893
1572	-300.6810608940665
1573	-298.865271133695
1574	-305.5526062487191
1575	-309.39304232387303
1576	-310.83763680836125
1577	-306.0891443669497
1578	-306.71069894250957
1579	-306.83021181319486
1580	-300.37002526909555
1581	-311.98054083168876
1582	-312.79134313323624
1583	-306.71666042187263
1584	-309.9662533208924
1585	-309.1983850052055
1586	-304.3033193291012
1587	-309.4198484053083
1588	-309.72110199942625
1589	-305.43264951795965
1590	-304.4536163969338
1591	-306.9489081385392
1592	-305.22094731663583
1593	-304.82230214677116
1594	-304.7652860789862
1595	-309.0044258433558
1596	-312.2431537042266
1597	-309.82532181537806
1598	-298.8172332295452
1599	-302.8459152308538
1600	-309.80592604613986
1601	-308.2267476575091
1602	-313.99900116043017
1603	-315.784140670941
1604	-304.23501792491555
1605	-304.8333090633619
1606	-303.20165128801335
1607	-305.53582260983984
1608	-296.7280629949672
1609	-306.495253091004
1610	-309.0439201489431
1611	-301.2451539013467
1612	-302.9702554160846
1613	-298.73268712164923
1614	-312.8943745335265
1615	-309.0414110494911
1616	-310.7399434338663
1617	-302.7081386326067
1618	-304.13590751926114
1619	-301.71120971491496
1620	-305.84920055222665
1621	-308.20281148462436
1622	-309.2421657516708
1623	-303.2675866540703
1624	-300.5248873824198
1625	-305.63927139624144
1626	-311.9767709739426
1627	-307.4958552896465
1628	-301.77027140787334
1629	-300.8036796175108
1630	-307.1298206592639
1631	-305.3752510270756
1632	-310.842135252704
1633	-311.4540351263974
1634	-299.4472633067356
1635	-306.1259256104013
1636	-305.05284659181535
1637	-307.58488981106154
1638	-302.1540204678527
1639	-301.399084326514
1640	-307.18268420936084
1641	-306.32408785413696
1642	-303.09765094990576
1643	-303.4333290080899
1644	-301.88386720436176
1645	-300.54976050643313
1646	-305.36764829981945
1647	-300.74960896953036
1648	-309.30746670223016
1649	-310.485168204263
1650	-304.6823323999654
1651	-305.80013666839346
1652	-304.91131866299963
1653	-305.8704472508205
1654	-303.4840999580873
1655	-308.0660221397349
1656	-303.0074251270485
1657	-314.1427667352972
1658	-308.3889762432973
1659	-303.8869903522388
1660	-302.9951612732889
1661	-305.3901722620957
1662	-307.26659479041075
1663	-300.7750216228861
1664	-308.47727469737623
1665	-305.025609705416
1666	-306.86794914768655
1667	-309.7581134480805
1668	-307.4834502261803
1669	-306.9068280882745
1670	-304.865344679961
1671	-301.38972854745106
1672	-308.4272457635035
1673	-305.9262766110277
1674	-306.62947471307376
1675	-300.3742742275697
1676	-304.79739339450754
1677	-309.781667513537
1678	-310.11586862847525
1679	-307.85633733542255
1680	-308.85634483138404
1681	-302.5011229258477
1682	-311.1551915689271
1683	-311.3732189581954
1684	-304.52394635548427
1685	-302.929332449536
1686	-309.2263618338197
1687	-307.3181831991987
1688	-303.00871785153475
1689	-306.3655410830362
1690	-303.7386672593538
1691	-302.8814592945041
1692	-305.42938874045495
1693	-301.6237288167605
1694	-305.3117932705886
1695	-308.10596433940464
1696	-302.6485857308818
1697	-304.095971034022
1698	-310.3526492590002
1699	-311.97851414576627
1700	-309.4170026185011
1701	-307.4315618839118
1702	-299.8930497656069
1703	-306.11377529370475
1704	-307.57709551773564
1705	-309.8939923571403
1706	-302.68656324153005
1707	-311.4319068537848
1708	-304.3055451962769
1709	-302.9492537962905
1710	-310.03084087688217
1711	-307.43128674706634
1712	-305.1676558569705
1713	-301.90253497917865
1714	-303.76418902388866
1715	-300.0012570145677
1716	-310.3976313251048
1717	-302.79068206902326
1718	-298.16483320100815
1719	-304.3957785228995
1720	-305.1128666876944
1721	-301.80832507949503
1722	-306.27784336939254
1723	-298.4540907667279
1724	-297.16210104144966
1725	-306.34936497286077
1726	-298.51627476746876
1727	-298.29884558615134
1728	-299.21324494532234
1729	-305.47867727482867
1730	-301.0087399904015
1731	-302.41288131126754
1732	-306.3297289423442
1733	-308.77683718717003
1734	-310.3019943671897
1735	-307.43799896858565
1736	-303.1875206268173
1737	-310.90031828292587
1738	-300.0610302841752
1739	-300.77664823447225
1740	-305.27700277772055
1741	-302.888757134137
1742	-304.76921359769005
1743	-306.6565168211974
1744	-301.98663517329555
1745	-306.9104509174963
1746	-306.3698595083397
1747	-310.5156377768302
1748	-303.4920971676265
1749	-299.2778263155736
1750	-309.1232922239073
1751	-309.4823685442152
1752	-308.30154058939
1753	-302.6528986740726
1754	-303.1549251378112
1755	-304.1943196530359
1756	-308.23536209076593
1757	-302.00686128284684
1758	-310.60695503937774
1759	-309.38478072274216
1760	-306.03691318273513
1761	-310.7071335240624
1762	-301.4218497346774
1763	-301.384220015446
1764	-296.0984520213479
1765	-299.45808990489195
1766	-302.6342586363302
1767	-301.1616091120935
1768	-307.24397945114055
1769	-307.64672795035784
1770	-306.1226786198763
1771	-305.53800247939984
1772	-305.05724863387996
1773	-304.9605232121781
1774	-301.91930514955146
1775	-303.77081558932997
1776	-307.93938896989084
1777	-304.58148571204856
1778	-306.17357229751207
1779	-303.6466066083559
1780	-299.0424807150199
1781	-306.78437951445125
1782	-305.62317203373243
1783	-304.46002397146077
1784	-305.04318270797705
1785	-303.8387001180828
1786	-311.1011258033753
1787	-304.44860924289804
1788	-305.45203101150986
1789	-300.8662979640811
1790	-307.52778672976524
1791	-306.0082162746289
1792	-299.60668499663285
1793	-312.0043471226782
1794	-309.5121875245221
1795	-305.9186842279841
1796	-308.17481452815065
1797	-307.1452480711785
1798	-310.46533109742535
1799	-311.4503715218867
1800	-304.7355316247445
1801	-308.7484858279319
1802	-306.2737151980387
1803	-307.56596880758167
1804	-309.1898866583244
1805	-309.59249209639097
1806	-311.8912906825796
1807	-311.64742214107866
1808	-306.19535794398166
1809	-312.0968369374107
1810	-311.4821500385197
1811	-306.4343758126319
1812	-311.8629836188235
1813	-311.720633142699
1814	-303.49522844273184
1815	-302.49079171414155
1816	-302.8192193925662
1817	-307.0753283922072
1818	-311.92839968892457
1819	-312.4952835690883
1820	-307.5223409752854
1821	-306.4939756951329
1822	-307.6275640208665
1823	-308.1255000469491
1824	-311.9111247768257
1825	-307.14407030183725
1826	-306.7958875049754
1827	-307.5473051481106
1828	-307.3405972170141
1829	-305.810747078041
1830	-307.6245202355258
1831	-308.62158379716476
1832	-304.304073473903
1833	-303.4034282774944
1834	-310.4695835111561
1835	-304.3147023327387
1836	-310.39464550987145
1837	-309.73430130354046
1838	-308.0575740844658
1839	-306.8847242940249
1840	-305.4547019786128
1841	-298.8093136311171
1842	-306.357588174597
1843	-303.8928689463702
1844	-310.35693627634834
1845	-305.17872730436613
1846	-313.613303835123
1847	-307.55805673138445
1848	-308.43534763052486
1849	-306.998420447599
1850	-308.4071756776433
1851	-313.92720695162126
1852	-308.7686437445967
1853	-310.7252291272621
1854	-308.0404168699214
1855	-311.1172650243864
1856	-309.0776411562452
1857	-307.8019889935044
1858	-308.0257441148202
1859	-307.8533179642065
1860	-310.07730151130926
1861	-308.2954393641376
1862	-311.13212154462127
1863	-307.299403008997
1864	-306.39963056675833
1865	-307.76575143365284
1866	-303.31521419551785
1867	-296.47101772317046
1868	-301.62704931018754
1869	-302.63068715523195
1870	-306.4986101565287
1871	-303.7593029494898
1872	-304.49006914180757
1873	-306.6925964129149
1874	-310.17185315325867
1875	-304.46757218751105
1876	-305.06578987393937
1877	-307.0128277149713
1878	-302.6258976943878
1879	-312.82428121093176
1880	-309.45458785378486
1881	-307.87299815595884
1882	-301.8547919165276
1883	-305.8650234851664
1884	-305.8085157624763
1885	-305.8710008298544
1886	-298.2362370042396
1887	-297.49584274776583
1888	-304.7276979243371
1889	-307.66623564097097
1890	-294.7245061722009
1891	-301.5993827249713
1892	-306.1219370744678
1893	-305.1642859298099
1894	-300.2722266135955
1895	-304.4090385981
1896	-307.75685189567895
1897	-304.479536730056
1898	-304.8167755182727
1899	-309.8318921847014
1900	-302.0766631122138
1901	-300.6003515886344
1902	-298.5986709617952
1903	-306.91862439947494
1904	-303.2557911081795
1905	-303.20437265901364
1906	-307.4853744301824
1907	-308.03570554612975
1908	-305.06884274282055
1909	-313.60931944607046
1910	-306.06155008292757
1911	-311.4943311009811
1912	-303.71185639561634
1913	-303.06086641614417
1914	-310.1612892446345
1915	-313.01744558527344
1916	-306.50490867309986
1917	-310.93200373125995
1918	-309.54613302229103
1919	-311.1633395573631
1920	-301.22105406460605
1921	-306.96210117095666
1922	-308.2258980571934
1923	-311.3783637515361
1924	-307.78262184254856
1925	-308.69195856206005
1926	-309.67638652574345
1927	-309.3809903230457
1928	-303.805194554985
1929	-303.3234159566914
1930	-306.98758650140866
1931	-308.1221134726647
1932	-305.8894723472394
1933	-302.21164518516866
1934	-311.75644398612417
1935	-302.7700780234661
1936	-301.03704921374464
1937	-303.05328329165155
1938	-302.6379251675111
1939	-311.4627152236077
1940	-308.6727556893292
1941	-305.9716754771305
1942	-298.53753933483773
1943	-306.5852005749538
1944	-304.0919730681666
1945	-304.29493860459854
1946	-306.1715949731919
1947	-308.53286721679257
1948	-301.98022078305274
1949	-308.11086316507345
1950	-308.300609239506
1951	-306.3380397975371
1952	-307.33127707430543
1953	-311.4072324531171
1954	-313.9424224354127
1955	-297.68006982720294
1956	-299.62334835408086
1957	-311.21098771056006
1958	-309.37899797869835
1959	-301.35100739653046
1960	-303.3681665223163
1961	-312.2978049340797
1962	-311.0575224120149
1963	-310.37019710243334
1964	-309.5430316709673
1965	-308.776381221763
1966	-306.6027821436096
1967	-309.8554325630533
1968	-303.82425173912526
1969	-308.47550880342556
1970	-308.82100747430263
1971	-310.73328839671683
1972	-303.5952576319271
1973	-308.7561277396327
1974	-313.57611610668556
1975	-299.34649662460316
1976	-303.9029358392024
1977	-294.9762901375027
1978	-302.92818179322717
1979	-311.74045914478404
1980	-304.84465376552316
1981	-312.7039757988835
1982	-304.77184325432796
1983	-308.2113156840191
1984	-306.6963588755727
1985	-305.8209332121116
1986	-304.2286532901564
1987	-299.16526703802657
1988	-308.3209326740116
1989	-300.3603909115504
1990	-302.4537298776791
1991	-304.8525293862941
1992	-305.26359737064433
1993	-303.7651873917426
1994	-303.93596652569516
1995	-313.78078076845554
1996	-311.389825635386
1997	-302.20100539736836
1998	-302.4467634787656
1999	-312.1280607394234
2000	-302.24982328110343
2001	-299.90341959499887
2002	-306.52195709286417
2003	-302.0755501626362
2004	-308.5621912422854
2005	-310.0972271755973
2006	-314.234867539453
2007	-309.6157583654507
2008	-305.7364462502395
2009	-309.5237047031907
2010	-296.29945523038435
2011	-307.5577082959392
2012	-304.29709550764255
2013	-309.4333160651446
2014	-309.6929764143898
2015	-310.0125102790596
2016	-303.9147158952291
2017	-304.91847184499744
2018	-312.3419464614067
2019	-307.93652677360683
2020	-310.1943176048768
2021	-306.56748433732
2022	-297.1820518010832
2023	-306.16575740316836
2024	-308.24113572980684
2025	-300.79664910055425
2026	-308.54734584489455
2027	-300.89093765114194
2028	-297.7147249200081
2029	-307.57710445390614
2030	-303.7094233427568
2031	-296.8147521024276
2032	-309.0071684077335
2033	-303.6062610923486
2034	-302.52574274869596
2035	-306.8964862323457
2036	-307.83665269158286
2037	-306.80576544964555
2038	-297.3014777980854
2039	-304.12314464899066
2040	-298.11974066921994
2041	-297.9673
2042	-300.5827829806546
2043	-310.66331110603915
2044	-307.7441092639371
2045	-304.10240363949686
2046	-305.199545092652
2047	-309.3846279107536
2048	-306.7852594687523
2049	-306.74387962996985
2050	-304.7572558037419
2051	-310.00203694581836
2052	-305.8235858737611
2053	-308.7901229540309
2054	-307.38935522324607
2055	-307.5827687696618
2056	-303.9850675501698
2057	-300.77385110674226
2058	-312.24516225732583
2059	-304.03338047488324
2060	-308.20669245582087
2061	-305.17528904720456
2062	-312.7079146900265
2063	-307.4320741171345
2064	-305.06951267180324
2065	-310.4493390351277
2066	-307.05552938705796
2067	-308.72368896572567
2068	-305.4201278814889
2069	-306.69071654432605
2070	-307.6968029328622
2071	-302.49043060914954
2072	-311.25929517060274
2073	-298.04882392037524
2074	-301.50103410051935
2075	-300.70965666718456
2076	-303.0221650273226
2077	-301.1262853521591
2078	-305.0295050111572
2079	-313.25950250207734
2080	-308.4519856321559
2081	-298.3181489398024
2082	-302.6517240391848
2083	-308.609535060233
2084	-304.979999622394
2085	-301.616629727576
2086	-296.2890312950846
2087	-307.98101898193755
2088	-313.3041796512176
2089	-309.3913611856169
2090	-304.24463851674307
2091	-304.71200010400617
2092	-306.39134593609896
2093	-296.961859427305
2094	-301.76709920226267
2095	-300.9087156049564
2096	-300.5929216543895
2097	-292.80930005382254
2098	-300.82027659410073
2099	-301.46883254960306
2100	-301.1972231478658
2101	-297.05167885575196
2102	-298.99703175442846
2103	-298.8643005967165
2104	-299.0780279292398
2105	-304.35517594630426
2106	-305.19720043771196
2107	-300.63074383259845
2108	-297.7544575088286
2109	-298.64675612765257
2110	-306.12458709232124
2111	-298.6650757282839
2112	-302.8589044127815
2113	-301.5327
2114	-303.3457105619726
2115	-300.85463435943956
2116	-299.9936236128046
2117	-306.8270172492138
2118	-301.3790909790591
2119	-301.11458076748687
2120	-303.3227793863678
2121	-308.25286030404675
2122	-304.3105462521586
2123	-301.19330004790874
2124	-304.32151828046284
2125	-304.40077647432076
2126	-306.44545816057513
2127	-299.6283469713382
2128	-303.64992263496146
2129	-298.4697593380405
2130	-301.02928907765994
2131	-306.39689871744605
2132	-303.7649816066433
2133	-301.7840318457269
2134	-305.21841491679925
2135	-306.436129918509
2136	-308.4825059900521
2137	-303.1123401325025
2138	-303.5000619724065
2139	-299.85892277325166
2140	-294.7206956269707
2141	-305.5910705469954
2142	-303.9875886575501
2143	-303.2304596047279
2144	-305.7903140518455
2145	-304.92827517090586
2146	-305.3599080974228
2147	-301.23369276229215
2148	-306.72979371960196
2149	-300.9537711927621
2150	-306.51355069752924
2151	-304.7215457268313
2152	-302.19126526880063
2153	-297.90214030286126
2154	-303.0394939215808
2155	-303.0689968033806
2156	-306.9303485708759
2157	-305.2540611957788
2158	-303.4271503319251
2159	-301.8435984457776
2160	-308.8393492041945
2161	-303.0185653243541
2162	-304.4992187436903
2163	-301.67855022162286
2164	-305.135595131987
2165	-305.60635481915193
2166	-305.5774478855351
2167	-303.6799886809883
2168	-301.3111832728987
2169	-306.7555737345349
2170	-301.5081759790941
2171	-304.4662253004631
2172	-299.8425196057262
2173	-299.5288178988592
2174	-301.1722125317924
2175	-308.43731373013003
2176	-306.00135426031505
2177	-307.3382529832241
2178	-301.2434303015161
2179	-307.8001416480562
2180	-306.95707418385626
2181	-302.175306671173
2182	-306.05523290805564
2183	-305.42401586505326
2184	-295.15726425272476
2185	-301.1559947948535
2186	-305.5017176185343
2187	-312.04327096046194
2188	-305.7337716129664
2189	-309.12329279757006
2190	-310.1454663389511
2191	-308.2987007179538
2192	-305.2509630897107
2193	-305.3094436286574
2194	-303.6091603198247
2195	-306.5944556396109
2196	-305.998371232597
2197	-295.6831756546966
2198	-296.76825641631297
2199	-298.6405
2200	-306.8505029363375
2201	-304.54358819174433
2202	-302.24734068975545
2203	-303.349792120753
2204	-302.317545042341
2205	-305.7310131221449
2206	-302.1000820242296
2207	-306.4288333870796
2208	-300.2172106950739
2209	-294.59612383774123
2210	-295.136243758152
2211	-306.3195652558179
2212	-304.27716091025286
2213	-299.45034491367426
2214	-296.82538758224064
2215	-302.1760957544077
2216	-306.9417410653358
2217	-307.7187724874093
2218	-303.1809109452003
2219	-304.98780263363443
2220	-304.36762053631844
2221	-307.96966394245067
2222	-308.154266730525
2223	-299.8291241427342
2224	-309.84476766349474
2225	-304.98986342396927
2226	-300.3948223085374
2227	-297.07780207470125
2228	-302.71869142576185
2229	-300.3200293964422
2230	-304.6191728631959
2231	-308.6616764553463
2232	-308.3320998453643
2233	-300.16467364426944
2234	-302.15692611605385
2235	-305.12775516433976
2236	-302.54596912752856
2237	-296.53125224700824
2238	-298.34041243234736
2239	-297.2699150190568
2240	-307.7217504639682
2241	-300.3265083962976
2242	-299.13551453494216
2243	-301.5557361218815
2244	-302.7543275412271
2245	-302.0728698811863
2246	-301.608741992676
2247	-304.8112632685267
2248	-302.41801126562837
2249	-303.38864310622654
2250	-303.67634440317016
2251	-306.09279626576017
2252	-301.24810620286206
2253	-301.92368280815697
2254	-294.1289196587711
2255	-306.4085460450054
2256	-294.75970006613403
2257	-298.90744547602606
2258	-304.26072257258556
2259	-311.46555327630705
2260	-306.4038262673338
2261	-305.1627613465478
2262	-304.6268121406334
2263	-296.864962563333
2264	-306.42756984204453
2265	-303.07392351751463
2266	-301.3857053019724
2267	-307.5999345286275
2268	-302.10517527470864
2269	-306.1914912148869
2270	-298.05838822637713
2271	-294.8214227753226
2272	-302.2326044353455
2273	-306.9964700378211
2274	-304.27423401614004
2275	-304.02898301022645
2276	-302.2123604729231
2277	-308.34801816364387
2278	-300.11730505815973
2279	-304.7880500905108
2280	-301.78659587910613
2281	-300.2325947584729
2282	-300.1627895465301
2283	-299.9724220600299
2284	-296.9069969491143
2285	-307.4077437254939
2286	-303.95824813219025
2287	-305.7245593179511
2288	-304.69039092111154
2289	-303.3029020497273
2290	-303.10572363875474
2291	-301.8133931420503
2292	-311.29685873416287
2293	-303.96683775081914
2294	-308.4729499993064
2295	-300.5099000000001
2296	-303.7104513609691
2297	-302.2588768099682
2298	-303.1795306955399
2299	-305.4699934854588
2300	-302.11317381772045
2301	-311.150707651689
2302	-303.0649896516705
2303	-305.56332313150534
2304	-296.898862475086
2305	-307.7029799666351
2306	-308.1505771264049
2307	-301.9506777670953
2308	-305.46294198311625
2309	-305.1240607939729
2310	-301.1236670321867
2311	-298.23124013810843
2312	-301.85266597169255
2313	-303.4024864155338
2314	-306.70014254328225
2315	-301.2214970996585
2316	-308.17872447449287
2317	-304.32964984997443
2318	-298.17455698379575
2319	-304.2399306729043
2320	-303.2517683426517
2321	-296.7442009868813
2322	-307.0032896589537
2323	-305.1223142842423
2324	-302.13477223995494
2325	-306.54764580618473
2326	-304.94340741650126
2327	-304.63818624472185
2328	-304.9696578353925
2329	-306.2285386049197
2330	-301.87723009811833
2331	-302.5638701039445
2332	-309.20990362280287
2333	-306.3706659637766
2334	-302.9827022692136
2335	-296.5061696319445
2336	-306.111159852147
2337	-304.5756910680182
2338	-303.84482851289414
2339	-299.21700084230224
2340	-302.04991148028506
2341	-300.70541948259364
2342	-296.70252849037365
2343	-302.11660552977213
2344	-299.25278342833
2345	-305.8860888430744
2346	-304.3899529284643
2347	-300.976048906733
2348	-296.5012285313832
2349	-308.69882793517417
2350	-302.55045504058137
2351	-303.6413291904163
2352	-295.2184
2353	-297.2634871676908
2354	-302.53388651307193
2355	-303.492668429804
2356	-301.3963409002415
2357	-304.9012042146671
2358	-306.2867688369961
2359	-303.2176596714096
2360	-303.849981140258
2361	-305.74636476462365
2362	-297.0795005453094
2363	-305.3495994338848
2364	-300.90631152556296
2365	-301.2513858627706
2366	-301.95848436265
2367	-302.5477987633976
2368	-302.20805584549424
2369	-303.0353953227138
2370	-304.30627965296225
2371	-306.3214
2372	-301.65960539484945
2373	-301.2792201798181
2374	-308.93168586620646
2375	-309.9629226903463
2376	-307.63770104874624
2377	-301.85008669667116
2378	-304.8741944401145
2379	-303.67335467807715
2380	-307.5528580883088
2381	-303.39718560304084
2382	-306.69577297022454
2383	-308.1985023693956
2384	-303.0909319460857
2385	-302.6909632358974
2386	-312.7322868778295
2387	-298.42967358482554
2388	-307.64239679994785
2389	-308.2469264423818
2390	-299.39134348771626
2391	-300.05188773251206
2392	-302.8291331389066
2393	-311.00378904767285
2394	-299.6354740798375
2395	-298.21384386181154
2396	-306.0303001701217
2397	-310.71119293890695
2398	-306.1973014833707
2399	-309.68146132130585
2400	-303.9276067067809
2401	-314.489909780298
2402	-307.5260636417993
2403	-301.1775790764279
2404	-307.46436036844096
2405	-299.4911173021069
2406	-304.8889807871802
2407	-299.4529978259578
2408	-297.41454704921523
2409	-302.5416932389804
2410	-306.71777644481807
2411	-300.2046971614037
2412	-302.1706742372186
2413	-299.8314845047107
2414	-305.53923862155426
2415	-302.1474765646877
2416	-301.67973317873737
2417	-306.61254635416964
2418	-298.8324785357898
2419	-312.21736071938585
2420	-306.22444082149616
2421	-298.3865336274568
2422	-304.1094088488186
2423	-306.4029470629342
2424	-307.2784297891841
2425	-302.81656651126195
2426	-309.8585464308682
2427	-300.00318531453405
2428	-304.433125668758
2429	-301.42501518205864
2430	-307.47133369662816
2431	-308.8902149404248
2432	-300.12583055524505
2433	-308.9450873899159
2434	-300.6640556560089
2435	-303.3279860576871
2436	-304.98259081484184
2437	-308.3348568409499
2438	-304.53071244178443
2439	-299.80641379366995
2440	-298.0282708493391
2441	-300.9315728646251
2442	-312.84953554800785
2443	-304.295933160268
2444	-304.3689149097453
2445	-302.0210485933949
2446	-309.2091228639242
2447	-305.16695321845424
2448	-303.16644317053505
2449	-306.33999686928917
2450	-306.9351396313125
2451	-301.7945330268317
2452	-309.7032754653099
2453	-305.0244515456563
2454	-310.8796314334964
2455	-306.8342124503887
2456	-306.98204882178067
2457	-305.91671583976836
2458	-304.73572917727734
2459	-305.98100849258975
2460	-304.95817100520287
2461	-307.7764290917215
2462	-306.8318630319501
2463	-307.01903918336455
2464	-310.875981416933
2465	-300.15056170002003
2466	-306.23786400184633
2467	-301.8194142452064
2468	-305.28700893617753
2469	-302.88913453007154
2470	-301.0079406459052
2471	-303.45904123598984
2472	-304.3918935493963
2473	-311.1906069251634
2474	-305.62009796727006
2475	-305.50012306563633
2476	-305.4884770384335
2477	-302.0747495122489
2478	-295.5949893027182
2479	-296.9195168946783
2480	-300.28178775149473
2481	-301.7269885934426
2482	-304.83033600924887
2483	-308.8843632481867
2484	-311.6221212712407
2485	-307.39170922473147
2486	-314.80884871296024
2487	-305.20710136414175
2488	-303.4624558600733
2489	-302.7658389700678
2490	-307.05402369958057
2491	-308.1382690744457
2492	-306.8842505218661
2493	-307.92900856553666
2494	-310.6520812314015
2495	-306.9995056372943
2496	-310.31741108362615
2497	-304.3560738560384
2498	-306.54636753804573
2499	-301.6778601127558
2500	-309.7624661378832
