1	-299.0405298610246
2	-303.85663524260883
3	-303.72826793777466
4	-305.43188621917614
5	-296.9680528787954
6	-300.92507004336323
7	-303.1791177405578
8	-302.3991915602366
9	-304.4127011642251
10	-301.4359009328015
11	-305.1666829071369
12	-302.85695377531084
13	-307.3780510877892
14	-303.4752535159818
15	-302.67160000000007
16	-299.61096360790077
17	-303.34886365032224
18	-303.58882140247937
19	-300.94403501461517
20	-308.9961708158941
21	-306.9444377355389
22	-306.6495178022132
23	-297.4468344113002
24	-301.90091509926197
25	-302.5111908726765
26	-304.33461145159123
27	-300.31899073667677
28	-301.18001012283804
29	-299.9009154014503
30	-298.0928390213881
31	-303.9565183501655
32	-308.8810069479137
33	-300.1188088159908
34	-300.7544828244127
35	-304.18447710746136
36	-305.8899942360296
37	-311.58234340199147
38	-307.64450872955086
39	-305.2007054671292
40	-302.11604910351707
41	-307.66234728348024
42	-302.2068492863724
43	-303.9339256364675
44	-306.80924021015454
45	-305.9247854087293
46	-305.25923003209084
47	-305.0534772500255
48	-303.17962393380276
49	-299.6863198223565
50	-305.3200202044478
51	-307.48768356627403
52	-301.2326501146067
53	-304.35283981226286
54	-302.9958932516525
55	-306.84955125039346
56	-309.1538690199388
57	-303.1158833657376
58	-299.4088497598867
59	-310.57198089222334
60	-304.8673962784295
61	-303.25760159631153
62	-301.6740110515432
63	-303.9061825999136
64	-300.34784767758737
65	-304.8691723448776
66	-306.8407098451722
67	-308.3687521367907
68	-302.66543083994804
69	-306.4844794840315
70	-306.64851938876006
71	-309.5334000104806
72	-313.9252806582509
73	-309.78685329549234
74	-301.09127966003285
75	-297.5702641115131
76	-302.2500371302015
77	-304.7941978420609
78	-302.41563885504945
79	-310.5061047204763
80	-305.12670590582655
81	-296.39880064417343
82	-304.5104000010887
83	-310.7496596665857
84	-308.149100096985
85	-308.9434641913722
86	-304.7099823506796
87	-305.23815535408016
88	-304.2313437835885
89	-302.9794688179623
90	-303.62111587745835
91	-301.35372162044877
92	-307.12739867474494
93	-304.094067404563
94	-300.9909144834858
95	-298.91957412995964
96	-302.98013345913745
97	-297.5889951062513
98	-297.5810998724436
99	-298.5572
100	-306.1875111951843
101	-303.0742226900545
102	-300.35028298448776
103	-302.875715881931
104	-307.3935349870996
105	-305.6225722378202
106	-306.4058426911379
107	-306.5285450075853
108	-299.7408329407094
109	-309.80941743342623
110	-309.8383701652486
111	-304.07124624414246
112	-301.6237195325733
113	-303.9608739303058
114	-309.70762247346124
115	-307.6003094995245
116	-300.0835073029733
117	-297.7320528286533
118	-299.7384528694733
119	-304.2933578754122
120	-295.9006777980113
121	-297.8877045655905
122	-300.2695
123	-301.9446327108539
124	-306.76398568058005
125	-308.3093679121539
126	-301.5615303572253
127	-304.9731818270496
128	-301.0845837433487
129	-306.1018878289923
130	-304.26070464038474
131	-304.6855697855968
132	-301.9462674518507
133	-297.50239322416377
134	-302.9208823247895
135	-308.428603952699
136	-305.763817740731
137	-304.5825825672434
138	-303.47035560841516
139	-300.58627730763675
140	-304.2579848985931
141	-307.3191549450033
142	-305.66003700583036
143	-302.59700007848255
144	-300.24394622689204
145	-303.0165944513374
146	-305.2565936625311
147	-302.79353456204115
148	-304.52463702059447
149	-301.14336873337334
150	-307.72266988722595
151	-296.3907300724521
152	-305.76823595385224
153	-302.7084177776742
154	-304.9429360762663
155	-306.0913184102611
156	-307.6912002426912
157	-311.5568709766004
158	-304.2868646959666
159	-304.1468488369178
160	-307.9246732131391
161	-301.396238398328
162	-303.5942947530031
163	-299.8688785261146
164	-300.6092353853444
165	-305.1089377246329
166	-306.0844687490058
167	-297.7173909477488
168	-298.32676847309574
169	-309.2776205878708
170	-305.32313670881734
171	-301.42292196450074
172	-300.5210498556616
173	-301.9980727559846
174	-307.37386737747306
175	-307.41494673039
176	-303.00440512707496
177	-314.16280811537683
178	-300.04905859322105
179	-308.7373915138643
180	-304.78701103566476
181	-304.3234030406163
182	-306.10081971373745
183	-310.89930756088603
184	-300.3916580761045
185	-301.8307790945332
186	-300.6699575901497
187	-305.912688560152
188	-305.0527329624133
189	-302.2023912086187
190	-309.2555011432186
191	-309.7049088608004
192	-299.06180277951876
193	-307.15260964705817
194	-307.4290479975299
195	-299.9859645078987
196	-304.7588221853785
197	-303.43144208229614
198	-306.88990000006095
199	-301.4560090239226
200	-302.92397871965926
201	-304.84512292861774
202	-303.42095652074863
203	-299.6924812930236
204	-304.0068201346714
205	-302.4269298402539
206	-303.9637707352576
207	-307.3849113318117
208	-302.4763155044297
209	-301.36731345771716
210	-305.3978757517878
211	-308.26163130784687
212	-297.9607157994015
213	-299.8117051000707
214	-308.10862961605864
215	-301.0084071851926
216	-305.1557334187111
217	-306.12168896557597
218	-305.3371423409053
219	-309.3805303635536
220	-299.2943
221	-298.22304332052767
222	-311.57822601012793
223	-306.17532822342355
224	-305.41351261239527
225	-309.82938720678754
226	-298.0036874323588
227	-301.8143748511596
228	-308.333127535767
229	-301.5282000020939
230	-303.9593688710854
231	-301.7259415770998
232	-305.5022486162563
233	-308.47922120991774
234	-304.4242852562675
235	-305.49504681017896
236	-307.2837946348458
237	-307.1600702418665
238	-306.8184848826674
239	-305.2437491043893
240	-301.9501348069174
241	-301.9540012183296
242	-307.69779457362176
243	-300.9172709065348
244	-300.38632799339297
245	-303.96462220898053
246	-302.8316463978369
247	-302.2682313426531
248	-302.62088128558884
249	-302.7323671821447
250	-303.55573452020485
251	-306.48415846353305
252	-307.3619198062506
253	-309.1348642423659
254	-298.5931471858499
255	-306.2532780938109
256	-306.90648554921825
257	-302.8937768561546
258	-304.94108367989213
259	-305.18894462438544
260	-305.8185644489477
261	-303.63628459335206
262	-306.6136904104478
263	-303.26848992202883
264	-302.9681805761258
265	-305.33541806447033
266	-303.07800180112537
267	-305.043390317495
268	-306.7257497327989
269	-304.34035928265007
270	-307.9256765234355
271	-300.53335542989765
272	-297.87044321783725
273	-307.1372282543777
274	-306.655300819274
275	-308.273787680906
276	-309.1091113668194
277	-309.7817592911462
278	-310.5859003627848
279	-301.3098824356939
280	-311.79299263559665
281	-306.67837262281273
282	-299.53865233592296
283	-304.7837061456565
284	-303.15206226534673
285	-304.91989498361136
286	-300.43238895599444
287	-301.76485276288616
288	-301.3263807554948
289	-310.2477677572675
290	-302.5860207511149
291	-299.5544714659595
292	-302.35038685408665
293	-306.8273503099283
294	-306.0332923676067
295	-299.6289253337379
296	-303.7652000946283
297	-301.38077004405517
298	-297.9750039972379
299	-303.72181081969666
300	-295.1527937737633
301	-301.6165006100254
302	-297.65258629289184
303	-303.1570971130363
304	-303.74625316062566
305	-301.1350144550313
306	-309.90405481434755
307	-301.4916509373156
308	-299.898649611967
309	-304.4714787224194
310	-298.66143049259483
311	-304.82603756370384
312	-300.4667058357877
313	-301.5576861794822
314	-304.2766553348163
315	-311.3048599220409
316	-309.50310609467095
317	-305.3342874293637
318	-304.6466011182008
319	-301.76850224779156
320	-310.6406899924806
321	-306.22542406439976
322	-301.04912333228305
323	-303.68704847715867
324	-306.1096521024573
325	-308.293202444509
326	-300.76395628489803
327	-306.31155849777787
328	-300.63591905162883
329	-297.71029438757944
330	-306.9440870333091
331	-306.13301253228303
332	-294.4366009223093
333	-305.87019526706047
334	-299.5671372361575
335	-301.57377851153626
336	-303.2251661769827
337	-300.2770351733214
338	-305.05295235807137
339	-292.3874278433179
340	-298.99397745984203
341	-307.01273099738614
342	-300.244171144774
343	-305.8498794101497
344	-303.2821581824582
345	-301.70030002069444
346	-303.08406126215016
347	-310.15919779762754
348	-304.5752277217418
349	-307.8600514799838
350	-300.0345916942094
351	-301.03118271420794
352	-297.8041482939036
353	-305.0378369033362
354	-304.40719360955165
355	-304.28901714387825
356	-300.39425588173503
357	-300.4994979743365
358	-304.72220117626057
359	-303.4476964039376
360	-299.7099373272167
361	-301.48707856568564
362	-304.1144018712767
363	-306.51936956215695
364	-306.891312137396
365	-305.6470557592178
366	-304.0873407524905
367	-313.6852241502233
368	-307.1825603071358
369	-305.15417589377404
370	-313.1634678251098
371	-297.3561747286008
372	-301.9187968323877
373	-305.74446661027434
374	-308.1108830772642
375	-311.2825196482527
376	-298.78175351104295
377	-300.8378959899112
378	-294.9913778434123
379	-304.1942504352638
380	-300.3374715249033
381	-309.40666728804985
382	-304.5497920055461
383	-301.45788356301335
384	-305.1912089166367
385	-304.96847586211936
386	-305.56095656324436
387	-306.3631643039512
388	-306.18275220305554
389	-306.7507212737114
390	-306.1014200436295
391	-298.72900398741615
392	-302.66083730700916
393	-292.34160017439103
394	-313.9629622552565
395	-308.07728827223275
396	-305.3950326812794
397	-307.62772504613474
398	-306.70844636186234
399	-305.85506461435176
400	-299.1629386893829
401	-304.65869400990954
402	-295.05031274763724
403	-305.1283294142647
404	-307.0921166265444
405	-308.3790340730648
406	-308.3051202199532
407	-300.25988643852037
408	-306.8309146129518
409	-298.6215289711245
410	-302.5055565459887
411	-303.2009228783925
412	-303.3467979216374
413	-302.19003685746765
414	-299.08739849475967
415	-306.71668084013675
416	-309.6536269322836
417	-306.4428579077947
418	-304.2800765518304
419	-301.49510878870564
420	-308.81683602174076
421	-301.63205145007805
422	-302.53440169630613
423	-302.1660461846231
424	-307.3929200029381
425	-303.90298446638633
426	-304.65304337386317
427	-313.8321858632257
428	-301.02282811399334
429	-312.5960656055405
430	-305.0370292380761
431	-306.89223933848393
432	-310.15285214822654
433	-307.95465972900394
434	-306.449200463053
435	-304.5756023127623
436	-302.21555958217186
437	-307.52467006888213
438	-303.3698535321832
439	-297.85926780543565
440	-304.4108541863192
441	-304.4005212156615
442	-303.4011
443	-302.09926243903686
444	-307.82793794444405
445	-298.94572011151905
446	-302.0300544466287
447	-307.36668869926126
448	-298.47413798397463
449	-298.9000159248263
450	-297.69901914136847
451	-307.19649669863753
452	-302.3178711984242
453	-307.91662655917577
454	-303.36457237901226
455	-308.3194730896108
456	-305.4055389294106
457	-300.4208976371174
458	-303.6045555696236
459	-302.11244547946615
460	-302.50354411072954
461	-305.78527941018524
462	-303.99014145467305
463	-302.3102251153012
464	-309.5035184515099
465	-310.5001379131865
466	-306.8708005717197
467	-303.158094141252
468	-304.32110866245637
469	-297.8779810131356
470	-300.14537900594564
471	-300.7848299083299
472	-299.6316935068584
473	-300.1125505193371
474	-308.53174374161165
475	-303.5611900784239
476	-300.9796993090857
477	-303.0959955933062
478	-300.2061981898211
479	-301.75951521262056
480	-300.8821055476623
481	-306.593389253927
482	-302.1305264617115
483	-303.70893449969736
484	-303.1037972278332
485	-302.5693591201535
486	-296.46784539644653
487	-301.99175536289954
488	-299.26443633225574
489	-304.59746347991495
490	-306.4706520287573
491	-300.63048476319204
492	-304.43746736979745
493	-300.5285289052766
494	-298.6376090158444
495	-311.05378075840133
496	-304.1741833977782
497	-304.0435994264312
498	-303.44225281206485
499	-301.9713207732554
500	-304.85124167140236
501	-303.3410116297322
502	-313.17628791046104
503	-306.0833025940689
504	-303.4545653819633
505	-306.16839029007554
506	-309.97700445270476
507	-302.98643272663105
508	-297.5159527545728
509	-300.0101860859712
510	-301.8617390241409
511	-300.6395500320993
512	-301.43601889556885
513	-309.0171472344243
514	-302.9847926407485
515	-302.7034674297181
516	-294.36926402091393
517	-298.4989214885356
518	-302.3213862306329
519	-307.98816158019775
520	-306.21774494979974
521	-303.4032813933058
522	-303.03244505838154
523	-303.5410567457719
524	-303.2326544896087
525	-308.8226513452353
526	-303.96797238143256
527	-303.1744056241519
528	-305.62904656807933
529	-299.9091801314079
530	-306.8034279817199
531	-301.0709955776682
532	-301.2487156289497
533	-304.22376770027756
534	-297.81230821966955
535	-298.60578135739263
536	-297.6626282512807
537	-304.10205001881656
538	-307.42768385487835
539	-305.6943357605875
540	-305.80091354179115
541	-314.64171836304496
542	-293.24035315667135
543	-305.3206000366663
544	-308.79939032062885
545	-308.91463856967016
546	-305.35505361824676
547	-303.97720479611155
548	-302.12031780692377
549	-297.8857633975238
550	-302.2316284257401
551	-309.04310385734294
552	-300.4321459656152
553	-309.3111871099698
554	-305.3085992343194
555	-301.9004193862439
556	-303.7393737535007
557	-306.45199317138696
558	-300.7963033725981
559	-309.0626764339239
560	-301.98404243470844
561	-301.94143188285176
562	-303.4637676626539
563	-301.58807357548994
564	-305.27878867335403
565	-295.4643692401048
566	-306.6702979229528
567	-299.373023803676
568	-300.930372051031
569	-299.2270998497516
570	-305.07845170964447
571	-306.64783373569225
572	-308.4138759041608
573	-304.6286537977482
574	-303.6071850144474
575	-309.9157100505432
576	-312.000455471398
577	-300.87723803968936
578	-304.8437922847751
579	-303.97127341446594
580	-308.50377722496614
581	-304.5154960155463
582	-301.09953206031906
583	-297.56144359011046
584	-307.88277975927497
585	-298.96264818017227
586	-303.5122517285215
587	-303.29677396234433
588	-308.62141529265983
589	-302.6603018863678
590	-307.39732066990103
591	-305.8737374361654
592	-297.03115703656874
593	-306.3412131160771
594	-302.41203255257227
595	-306.2279658768437
596	-307.04632587950664
597	-303.8474795783592
598	-301.1860044872802
599	-307.0730296818269
600	-307.8485315805958
601	-305.57316464523626
602	-304.2060552302382
603	-303.68209979315486
604	-307.32485620626295
605	-306.1245987800298
606	-303.3544310433228
607	-301.2948022586605
608	-302.4411856504867
609	-296.09275079063474
610	-312.7161322765593
611	-308.5139798843392
612	-304.6802472946827
613	-306.50956459910856
614	-302.98187831261663
615	-303.8582216205258
616	-301.6977031736159
617	-300.27545908979596
618	-304.77848669694123
619	-303.46360261158543
620	-297.1258751022459
621	-299.97057547412703
622	-309.13331528077236
623	-304.91984986094246
624	-306.28394444421286
625	-300.6761867610399
626	-303.7558298200383
627	-305.7116000639215
628	-307.0960707503287
629	-300.3795762991955
630	-305.97807468094464
631	-305.76097873046916
632	-306.8043359769967
633	-305.9478038862002
634	-305.0122002918323
635	-302.95118030591476
636	-304.95786925785893
637	-304.20276037433035
638	-296.81480295203465
639	-308.4002297747715
640	-301.7326446525687
641	-302.87902464763187
642	-298.59404778590675
643	-312.59567701716054
644	-304.885513383318
645	-301.7140145851796
646	-299.8022733922194
647	-305.27483850802054
648	-302.6411215870811
649	-293.08779472962004
650	-304.1254057036682
651	-307.54458049316287
652	-303.90215090720744
653	-306.3691503801272
654	-301.7744169627975
655	-301.9282515086949
656	-302.0266587363626
657	-303.58763525705405
658	-302.114
659	-300.73440229135736
660	-300.7753020892104
661	-305.5238484828489
662	-300.2147876803887
663	-301.3624472038414
664	-303.9328536432898
665	-299.4865320840746
666	-306.0777358994827
667	-299.990963177546
668	-306.8759047065376
669	-308.24078124650265
670	-301.8381545011661
671	-302.4726172321465
672	-305.7599000000491
673	-307.43589794576195
674	-300.33803648690787
675	-301.3651727216623
676	-305.02073426055097
677	-310.2668497177432
678	-304.7184220253375
679	-303.17294832224644
680	-300.5988354670853
681	-306.31516253095276
682	-308.16064805707214
683	-302.8243034754328
684	-303.9436254489488
685	-301.4351633485042
686	-303.57336515782595
687	-304.55969331546856
688	-306.0520738987476
689	-305.58631543583596
690	-302.1500570822827
691	-296.00877964313446
692	-297.9198727763372
693	-305.6835368332343
694	-300.93273675229693
695	-306.2116954261821
696	-305.9050071725246
697	-297.9900963784668
698	-299.996394203338
699	-304.4246909604169
700	-295.31861040817876
701	-306.9699044773202
702	-308.4002620115499
703	-300.7563665580825
704	-302.3150415489993
705	-304.2251239620573
706	-303.0201171896829
707	-303.0298980178734
708	-307.54572396503033
709	-304.9355970108442
710	-305.6609877024187
711	-309.7116948803005
712	-303.650359052122
713	-304.97230594371644
714	-301.81843111240397
715	-307.01757580852814
716	-309.34466334769263
717	-298.2137568420761
718	-307.47979688114594
719	-298.90067929249125
720	-300.86963948378883
721	-298.81700000000023
722	-297.8405225132514
723	-300.77523414805336
724	-298.9646143991202
725	-300.3936821478427
726	-297.70569676799516
727	-304.2064496940127
728	-294.8697000000001
729	-299.0810117698306
730	-296.9496
731	-301.8449
732	-307.99133145316495
733	-302.79851290905884
734	-307.9656001671459
735	-304.3202537414573
736	-303.7047594506429
737	-301.90983165858177
738	-297.44015841610707
739	-303.8498474691042
740	-304.81971217534146
741	-304.991232850458
742	-297.3374261101625
743	-306.1323592384919
744	-304.1055677456764
745	-299.7945497807563
746	-307.3303290450962
747	-303.0028147273934
748	-308.2822096463911
749	-305.81441164299196
750	-298.38114077978247
751	-303.2661310170023
752	-304.4827003115256
753	-300.37322617473444
754	-303.82370109547605
755	-305.868943537985
756	-304.2362667169414
757	-300.35670277253394
758	-303.83875332855445
759	-304.67829361503686
760	-302.9029276580558
761	-299.94451687525475
762	-305.12518076103373
763	-308.1088504967155
764	-307.72042089805655
765	-305.15539525898953
766	-309.2884043822934
767	-297.9585224051309
768	-306.0031040474056
769	-304.9295508641058
770	-303.56228895384953
771	-301.862331473458
772	-302.32768367320114
773	-305.11110860676484
774	-300.25530795721886
775	-304.90907167298536
776	-310.16639083687676
777	-306.38877560038156
778	-306.4916725508363
779	-305.4157298367744
780	-305.2172821453991
781	-303.9593688329694
782	-307.2289969310225
783	-307.9185944282133
784	-308.4702711256261
785	-305.28437892298615
786	-297.8735000962408
787	-306.8211081810164
788	-308.1645213342667
789	-308.45589139846703
790	-305.0876572802651
791	-305.07693097309885
792	-304.0682167912112
793	-305.44689183997707
794	-303.83992324918444
795	-307.3912533679534
796	-303.94742303824205
797	-309.5368812752759
798	-302.8379633926208
799	-309.77297505597596
800	-305.3890427254146
801	-301.762360638349
802	-306.3421901399741
803	-307.4614987850026
804	-304.7473934764531
805	-306.6892684240079
806	-302.7257892852787
807	-308.29030000000074
808	-308.1212565124837
809	-305.0849658886671
810	-306.1764905163181
811	-307.29328718806505
812	-311.64630918207865
813	-298.6592373811491
814	-307.2163960821286
815	-305.24476444666163
816	-306.84074866433536
817	-302.75352068241875
818	-300.7400440164033
819	-304.6376000000001
820	-305.1141558338563
821	-306.9775380768077
822	-305.72312345727244
823	-302.7079116452014
824	-314.9086501503783
825	-305.95718453469334
826	-308.35741558126847
827	-305.36641139674873
828	-303.9735996505507
829	-306.7051534127489
830	-299.7452732815821
831	-302.3363052201089
832	-307.06310575411766
833	-302.7496452106179
834	-306.52849594351864
835	-299.89131102057377
836	-306.45470000072373
837	-302.8076702941536
838	-302.1041033852182
839	-304.08509194248523
840	-301.45623928999305
841	-302.974620549886
842	-304.7254196970203
843	-297.3146528869224
844	-297.5735151798569
845	-305.8037468810192
846	-304.14143977817685
847	-309.20528436096464
848	-306.0007004755143
849	-311.30111002624005
850	-303.5381263476419
851	-303.89386871501256
852	-306.4553111943842
853	-298.06280396119786
854	-304.9689057470219
855	-302.96122524440335
856	-313.8227471998854
857	-305.92684164695504
858	-303.3618592029629
859	-303.0830278263004
860	-301.72644503776695
861	-308.4997807560852
862	-307.8535299575208
863	-307.1312499426109
864	-305.4727010063718
865	-303.9253229665357
866	-303.70579725965445
867	-307.77915896018135
868	-299.75331468475423
869	-304.8429095955948
870	-298.9861091120388
871	-299.0410798083641
872	-310.2098419234566
873	-303.0822000000012
874	-302.93957177843544
875	-305.90735725284605
876	-306.0346626165398
877	-306.59212710279604
878	-305.72017407013226
879	-300.66353385024814
880	-308.85694068156243
881	-304.72036801953107
882	-305.28661018368564
883	-301.23055306605494
884	-299.8774073469216
885	-307.85043920329264
886	-298.21765600845737
887	-303.9357000080153
888	-306.11683097851756
889	-304.1391584719378
890	-307.5123008173783
891	-299.5788528821688
892	-301.73806563967844
893	-304.83452171385943
894	-305.35875300502175
895	-312.5553907035214
896	-303.423807204711
897	-301.6495147874032
898	-300.0745729771643
899	-302.116181610154
900	-307.07744951856
901	-297.2524591869966
902	-307.2330787863075
903	-301.15253166222055
904	-303.2186804738171
905	-297.1052441872412
906	-297.68824031974196
907	-304.6027037047905
908	-308.9071649357258
909	-304.0373392355159
910	-305.73508572671255
911	-304.3269732534025
912	-303.1601597696998
913	-296.98968902923957
914	-301.8925892707306
915	-303.95478979335223
916	-307.0874362223256
917	-305.31565119706846
918	-304.810634126569
919	-307.92590483569404
920	-308.0125661266038
921	-297.7337314228329
922	-306.3505263502765
923	-298.5670090894629
924	-305.75960976625606
925	-307.7535116023286
926	-308.769735980707
927	-305.85173896401056
928	-299.62406591786873
929	-306.66198225491365
930	-304.56320051942345
931	-310.1253260030286
932	-302.84103844325074
933	-301.64617259150793
934	-306.94890042776836
935	-307.08066396665345
936	-305.8098447465209
937	-307.5337797788949
938	-304.22045206846116
939	-301.093306654964
940	-303.47240215048953
941	-302.03730938012853
942	-303.4482986274947
943	-309.92517694420627
944	-308.6672615957387
945	-303.7973881183943
946	-303.2806513407062
947	-304.30715076631367
948	-300.56543513906354
949	-306.7832090071982
950	-301.9963000000134
951	-307.1149717734879
952	-308.4461310825739
953	-302.61630843940867
954	-304.6228514306438
955	-307.1518502732299
956	-304.3377654804185
957	-308.73926519746794
958	-297.4390080448578
959	-304.1059834483908
960	-299.7362402780146
961	-307.39034071806356
962	-305.0798121816349
963	-302.86324344142514
964	-303.21506505772163
965	-305.19040794640836
966	-303.4757115843528
967	-306.28660613376246
968	-300.25379803027084
969	-294.30940637397094
970	-302.009677835879
971	-302.36739196443085
972	-306.66531531352945
973	-309.93496758816497
974	-306.4683286962574
975	-306.7710543367288
976	-310.70986675111766
977	-309.38792584735717
978	-307.5850734223909
979	-310.99009863712104
980	-310.31382855083064
981	-311.83319726354154
982	-310.44433200649524
983	-300.32552720623505
984	-303.9203944875208
985	-313.9331627047891
986	-308.5263686446201
987	-309.75087345511315
988	-306.354959763903
989	-302.78320563084185
990	-305.3038642218959
991	-310.98907146765634
992	-306.5052159416236
993	-302.7034082286383
994	-305.13316547400547
995	-309.15957556622834
996	-303.96314187843655
997	-308.0260514420423
998	-304.38586430850944
999	-302.77969572053854
1000	-302.8629299415009
1001	-309.085862263983
1002	-307.21684842952044
1003	-301.3270565567622
1004	-303.3129787302277
1005	-301.45155660322695
1006	-306.17628083716477
1007	-305.8208691172503
1008	-293.172910869841
1009	-304.4310068976764
1010	-299.52590915180195
1011	-297.80669301687067
1012	-300.36744460586544
1013	-307.547767771749
1014	-313.4305691226573
1015	-312.35492963886145
1016	-306.4438080760042
1017	-307.4264640668427
1018	-307.1423813604675
1019	-309.51980339068893
1020	-310.44863658862556
1021	-306.6347209483485
1022	-310.3103520354599
1023	-301.19088709612987
1024	-300.5394420239962
1025	-296.3537099462466
1026	-306.734411073254
1027	-304.86987345655035
1028	-304.3739350334197
1029	-304.35471560700387
1030	-308.5210039245232
1031	-304.67586512063644
1032	-303.66908386663056
1033	-309.2258386237618
1034	-304.49317650735486
1035	-302.88967734434175
1036	-300.3386815310332
1037	-314.1540071152171
1038	-304.1424468899744
1039	-309.45107907356004
1040	-304.23603893471085
1041	-298.46604203935414
1042	-298.81143458752297
1043	-305.4374889019843
1044	-307.1939074527745
1045	-306.8317600590449
1046	-308.0997301082192
1047	-310.5429355393389
1048	-311.24622557048247
1049	-305.49013707906676
1050	-307.8349874775599
1051	-307.3540362766482
1052	-303.4128188020939
1053	-306.9907685965097
1054	-310.16213271635223
1055	-311.7653352613682
1056	-308.01042274493506
1057	-308.80401575115565
1058	-305.007046259243
1059	-296.6306745524233
1060	-306.1682909787425
1061	-303.5359969810935
1062	-298.26449440799576
1063	-302.3943080384228
1064	-310.0032710615152
1065	-306.44130452410525
1066	-304.466773742071
1067	-307.56484111806265
1068	-305.44855170073924
1069	-307.9399232096777
1070	-306.1938872848199
1071	-308.0465588539597
1072	-305.8425208419783
1073	-307.88813442588935
1074	-305.1420837529642
1075	-303.0399276909629
1076	-304.4203089899571
1077	-302.79279562242317
1078	-300.2233098053854
1079	-307.7895406580839
1080	-307.72522600560114
1081	-311.30286358670816
1082	-312.0558870237769
1083	-307.8105334968573
1084	-310.5369951517206
1085	-311.9122044066535
1086	-307.9810597854953
1087	-309.5819711336051
1088	-308.9027395167111
1089	-313.75956930243683
1090	-310.368894206209
1091	-309.39982084152143
1092	-307.1421664418545
1093	-308.784063561372
1094	-303.8918362504553
1095	-305.4501254946099
1096	-303.6167299911757
1097	-300.94813784073034
1098	-294.79276855164073
1099	-310.2061083852978
1100	-297.51050424080125
1101	-305.05794740268453
1102	-304.4320215074829
1103	-304.90168180228113
1104	-306.9350874591105
1105	-306.3354196469192
1106	-308.86028410311746
1107	-303.8422000319093
1108	-300.71574240001706
1109	-303.4662292866287
1110	-300.63219306348134
1111	-306.43688648556093
1112	-294.67814436548684
1113	-303.5725946794133
1114	-302.1831990891131
1115	-309.87693357740187
1116	-308.46683208192115
1117	-305.20686416903766
1118	-309.2007101960039
1119	-300.1045710933997
1120	-302.1708037266683
1121	-306.29553487285995
1122	-306.19208375520793
1123	-303.5859521530002
1124	-305.68680080741655
1125	-300.63720279686953
1126	-304.4521441534381
1127	-308.35152030067155
1128	-304.7228842792019
1129	-307.8408083995016
1130	-312.67079647211216
1131	-303.83697430669184
1132	-310.1481573185286
1133	-307.4365299499544
1134	-312.5809373816283
1135	-305.1108743300441
1136	-312.01645829250094
1137	-312.7526985265016
1138	-304.7788230249881
1139	-304.2533918794214
1140	-307.5030665313237
1141	-303.2177163527315
1142	-306.57970298346123
1143	-305.17442656470575
1144	-308.28820769199706
1145	-307.9050009830875
1146	-306.9933466358452
1147	-307.07600604428814
1148	-301.6615528439204
1149	-309.6395608955925
1150	-301.4294660720507
1151	-307.93705561801795
1152	-310.3083711221942
1153	-305.9112586764815
1154	-305.79860122455705
1155	-303.64676781666793
1156	-302.8720462982039
1157	-306.43112309570427
1158	-304.7745941169425
1159	-302.89584301301744
1160	-306.8431269041253
1161	-310.757060608504
1162	-303.5451580843807
1163	-307.66059440734966
1164	-305.1372502951174
1165	-309.8059032099886
1166	-312.02516370591064
1167	-311.51373604541254
1168	-308.892354110627
1169	-309.99146550748236
1170	-309.85425182640836
1171	-305.1828035312681
1172	-304.0920834403251
1173	-310.82520286558474
1174	-300.2391998151175
1175	-309.30161507681197
1176	-305.1118809279869
1177	-302.7568126014195
1178	-303.80118355919683
1179	-302.76930644457383
1180	-303.6807328009683
1181	-311.9879047524197
1182	-299.8603840748588
1183	-302.7453692612079
1184	-301.28101442580623
1185	-305.02942506420544
1186	-309.77177686620774
1187	-301.421134279252
1188	-306.5385747563708
1189	-306.43968676480677
1190	-306.2106168168806
1191	-308.49709144241956
1192	-307.89297218990816
1193	-308.89079744603725
1194	-309.93496645636833
1195	-305.34398419684254
1196	-311.66086505408543
1197	-302.556760696196
1198	-312.5370358320801
1199	-311.66254304313094
1200	-306.32193356029336
1201	-312.68567322898144
1202	-307.72983688796097
1203	-309.3400836078013
1204	-299.6205114669922
1205	-311.50244266372994
1206	-301.8532166489208
1207	-308.6771207140637
1208	-304.3793886894827
1209	-304.698900652745
1210	-302.9919936258775
1211	-308.0516560579263
1212	-304.62230452179193
1213	-309.8411491794787
1214	-306.6595155040795
1215	-306.2963830771556
1216	-301.18081052532926
1217	-302.0923805867308
1218	-307.9211268320695
1219	-309.03317879808986
1220	-306.1062445047256
1221	-313.6363145079624
1222	-311.1011175054863
1223	-304.1050757887462
1224	-301.8799485012454
1225	-306.1020059890345
1226	-305.580652908411
1227	-296.7495003240843
1228	-307.2662560497276
1229	-305.91866320884
1230	-304.34588068098947
1231	-307.9488828559134
1232	-311.11357926532656
1233	-309.6498120957539
1234	-310.0978799874147
1235	-310.41870018215695
1236	-309.6467853639904
1237	-297.99882723295826
1238	-305.74865958390535
1239	-299.8862352497449
1240	-301.4624479759822
1241	-306.54634734760015
1242	-308.65797980809054
1243	-307.44713402788227
1244	-310.5496080812006
1245	-305.1090442247385
1246	-309.27505585409466
1247	-311.8379238335558
1248	-307.50567654132374
1249	-310.3555371448211
1250	-311.1643687734286
1251	-306.59649907653125
1252	-300.87938219223753
1253	-316.9840902952342
1254	-310.48950982544517
1255	-308.11771772546797
1256	-308.65867272893325
1257	-310.1599469226164
1258	-311.42721905231775
1259	-302.87715125703846
1260	-305.65398199211734
1261	-310.37017843190864
1262	-305.93152949497403
1263	-309.30445867052896
1264	-305.28114250745784
1265	-305.1073697389948
1266	-311.23000840840103
1267	-306.7025717941888
1268	-307.4101677701995
1269	-306.7872035229784
1270	-307.01471836852284
1271	-304.03325269227946
1272	-301.08555712316
1273	-301.7603061425308
1274	-310.3934101368181
1275	-305.312194475073
1276	-310.00257618510284
1277	-302.6117367444988
1278	-301.7650188710596
1279	-302.2819020606896
1280	-305.474966554204
1281	-305.1944963352837
1282	-302.7265038214311
1283	-304.8977068399501
1284	-308.8170245779442
1285	-309.128762975981
1286	-307.4129068391977
1287	-314.06489559728436
1288	-312.83892907731433
1289	-304.75358204488015
1290	-307.50528828444834
1291	-309.9813756842896
1292	-305.1130631297425
1293	-300.14543563437877
1294	-304.20943170237405
1295	-307.1268779206814
1296	-308.95735814603444
1297	-306.2314622725533
1298	-306.97228701113687
1299	-308.60212336005554
1300	-305.8228153776558
1301	-298.82345162972655
1302	-300.7545188252601
1303	-303.107617470608
1304	-306.5879575666622
1305	-307.0382182393441
1306	-307.51011504987196
1307	-305.3485658708139
1308	-307.6821931791179
1309	-301.49257541970957
1310	-305.59442917152313
1311	-302.38463073612246
1312	-304.5246723726676
1313	-302.42725617735744
1314	-295.7807623124697
1315	-304.57549991018294
1316	-306.42088580732263
1317	-302.0472865777665
1318	-306.7667062107778
1319	-308.1834443946063
1320	-314.39825498860733
1321	-312.69840058406
1322	-301.1942056721378
1323	-306.3478898097087
1324	-314.5481205557687
1325	-307.80619122519903
1326	-305.8064092906854
1327	-304.1635154037209
1328	-314.06353152918865
1329	-311.3775708477953
1330	-309.66358387685733
1331	-301.660293714829
1332	-305.85135484971903
1333	-298.72109881714306
1334	-302.3499350082537
1335	-308.7388709031209
1336	-303.87866087009706
1337	-304.6855122670507
1338	-307.565253217163
1339	-312.34817249024314
1340	-307.7100049833408
1341	-304.56490691085287
1342	-303.75713237463435
1343	-306.4648093079553
1344	-304.5887879095841
1345	-307.0038519607172
1346	-301.4347998989485
1347	-301.8251092432463
1348	-310.4300435214021
1349	-309.0823747006493
1350	-299.4954104484464
1351	-303.54684729200574
1352	-313.87341130329037
1353	-306.49302794862996
1354	-313.5155961571337
1355	-309.66934081013517
1356	-310.36581598709637
1357	-304.761186655818
1358	-309.81483805319044
1359	-308.2407394912563
1360	-305.71807651485875
1361	-304.6966375337555
1362	-305.4028968044115
1363	-309.54992110168547
1364	-304.2923235003534
1365	-297.11631286923836
1366	-308.6015979492296
1367	-303.1521005132293
1368	-303.41348431668104
1369	-309.9447814441312
1370	-308.630316963844
1371	-305.7724046135153
1372	-308.2082164602623
1373	-311.73074650115683
1374	-306.8423078470378
1375	-308.76818085119356
1376	-305.75633052387684
1377	-309.2107009632781
1378	-305.47746490778604
1379	-309.58242009557307
1380	-299.61465003750726
1381	-308.5604909085358
1382	-305.6103772459128
1383	-309.6338455894665
1384	-307.32906423702553
1385	-307.6719335107352
1386	-307.239753124651
1387	-308.15440223955164
1388	-302.9730345566219
1389	-309.137567259804
1390	-307.0645047914911
1391	-304.53590365804916
1392	-302.6252126980937
1393	-302.12778651488065
1394	-306.5613095395375
1395	-306.3680616879841
1396	-310.9388572634643
1397	-311.15869510717346
1398	-309.4867963404024
1399	-305.2802528700506
1400	-310.20145448824775
1401	-306.9158491709511
1402	-308.80054696437065
1403	-306.5600092498832
1404	-305.5174204541705
1405	-302.62158240472286
1406	-304.43083577254924
1407	-303.90743579444745
1408	-302.91316678145216
1409	-306.22528613161967
1410	-302.12458228555164
1411	-300.4059663682919
1412	-307.02182974040335
1413	-306.3761255835397
1414	-307.42750572219205
1415	-306.65974533788955
1416	-303.6695767701862
1417	-304.73458783751124
1418	-296.7305885704263
1419	-311.38765195895473
1420	-300.3738053070497
1421	-305.81231979687936
1422	-305.771910096964
1423	-305.90189859675934
1424	-303.1895806010255
1425	-299.206188862948
1426	-301.2148048191094
1427	-300.0767784026011
1428	-297.0422685987398
1429	-302.67385401258673
1430	-301.8796391576744
1431	-302.68196521391235
1432	-305.83899687824
1433	-308.356369346274
1434	-307.1823358757795
1435	-308.1024718677819
1436	-299.3889630214295
1437	-300.77538718469617
1438	-304.437582343495
1439	-302.1565669451788
1440	-306.06390780939813
1441	-310.180059957772
1442	-307.89026476182755
1443	-305.9894417355313
1444	-304.8598587116029
1445	-302.8732635151379
1446	-303.6295074054494
1447	-303.299737793824
1448	-299.4949300480593
1449	-308.4326696736092
1450	-306.61935901322386
1451	-305.3992970394553
1452	-309.77571566884075
1453	-307.91813789797146
1454	-313.77564745490065
1455	-312.17260205958354
1456	-306.1560727187676
1457	-298.9787984307587
1458	-301.4251089563195
1459	-306.7668857053414
1460	-306.45457289183497
1461	-306.51169335887903
1462	-302.79988376602313
1463	-300.65814459280557
1464	-309.7456984337138
1465	-309.5586983369549
1466	-303.10416697815833
1467	-310.2226613193422
1468	-304.12118730869327
1469	-306.8197913138319
1470	-298.0501029417336
1471	-303.2113965372963
1472	-297.43256092904176
1473	-308.6438842578557
1474	-305.58349172220517
1475	-308.09998847630055
1476	-307.14657135751185
1477	-306.0145516298146
1478	-300.319422736795
1479	-297.84378209786865
1480	-295.87652311099475
1481	-299.8102970347571
1482	-302.16834764971475
1483	-309.3551035154541
1484	-299.27925866245675
1485	-300.82232009825435
1486	-302.193848450327
1487	-298.224109129429
1488	-301.00619998950646
1489	-300.2131486459047
1490	-298.895949115072
1491	-301.2277131147955
1492	-301.6975682146903
1493	-294.4435219330489
1494	-303.0087032259409
1495	-302.57966884507425
1496	-302.7134138526387
1497	-296.7826695516395
1498	-310.508466349087
1499	-308.1569026956057
1500	-301.22383721849206
1501	-302.62373318506036
1502	-304.11194630452167
1503	-303.4209251955093
1504	-306.4330518707471
1505	-299.50429383759996
1506	-314.53877541729673
1507	-304.36855366731567
1508	-313.1826591034716
1509	-305.7082774171453
1510	-307.0662955366495
1511	-303.89575311560037
1512	-313.0041050764409
1513	-310.14399957562307
1514	-305.666287344518
1515	-310.04627984203347
1516	-303.6194118559629
1517	-298.7341718507406
1518	-307.10879636417854
1519	-303.2890846945175
1520	-308.59473139845653
1521	-301.6572703323639
1522	-307.7713494171494
1523	-305.8807605783698
1524	-310.64518760024964
1525	-307.86673672130985
1526	-305.01951364053855
1527	-310.50528420167694
1528	-308.2461807169066
1529	-309.8729655118691
1530	-308.1796645489042
1531	-308.45169519405954
1532	-310.69548530658375
1533	-307.32505213252807
1534	-307.90518787984786
1535	-309.3854205856299
1536	-300.0898777600706
1537	-304.06424765144175
1538	-312.758098754977
1539	-306.64381380105425
1540	-309.2538816436855
1541	-305.04643324823076
1542	-308.1732865449269
1543	-310.5743424807575
1544	-301.80349219457275
1545	-306.23838950291986
1546	-306.81130230502123
1547	-314.43871598367946
1548	-304.66209360744347
1549	-304.68789482795506
1550	-302.448427201276
1551	-304.270062433894
1552	-307.3932658534371
1553	-304.408672445008
1554	-306.28791847618214
1555	-307.6921373739514
1556	-311.4887438168422
1557	-313.02079613158054
1558	-303.54087738289104
1559	-306.50671283175154
1560	-304.78060929076395
1561	-301.9822815781313
1562	-304.61707107700863
1563	-308.2048769565827
1564	-305.9116926974763
1565	-308.7206768904337
1566	-298.9987499111659
1567	-305.18790000005043
1568	-302.47703777177804
1569	-310.54459499232865
1570	-303.1288287404518
1571	-302.3220940429452
1572	-298.255657835939
1573	-305.09050949914564
1574	-309.9347921186438
1575	-301.6650033293793
1576	-301.3660453547873
1577	-301.2828637085487
1578	-308.0087604557172
1579	-304.5674208748914
1580	-305.8895272173814
1581	-307.64794312081193
1582	-304.02883727553245
1583	-304.3690971352204
1584	-312.6832995721672
1585	-308.61471952820995
1586	-299.94131277847436
1587	-302.26885850041776
1588	-303.9825053745984
1589	-303.9947600915497
1590	-307.8344107210348
1591	-294.71836989680196
1592	-299.93243208995483
1593	-305.9290935941131
1594	-304.2127309189471
1595	-303.41250735087925
1596	-306.59862430981934
1597	-298.2345142358736
1598	-303.6763924462116
1599	-308.8205123344503
1600	-311.3100760440159
1601	-300.83238537076954
1602	-308.55181266817516
1603	-307.381042779724
1604	-305.03843738260895
1605	-309.27198497280335
1606	-301.78335230829134
1607	-297.79170867292424
1608	-300.9814407134692
1609	-306.0251198214188
1610	-308.3005390631856
1611	-304.6746690049694
1612	-306.7694720497224
1613	-302.6902232992102
1614	-305.5512914420906
1615	-310.4718603414706
1616	-305.47931772519814
1617	-312.06981203660075
1618	-303.77867418578546
1619	-309.68614404461766
1620	-309.3363897589681
1621	-303.488775664517
1622	-307.7089262049852
1623	-308.13117304852216
1624	-307.2170003314404
1625	-307.1081926004387
1626	-302.3018115142227
1627	-306.26332391208115
1628	-307.06289504881124
1629	-307.4900587055791
1630	-312.9196181605492
1631	-309.72773020973733
1632	-297.85227907471557
1633	-300.8027867121149
1634	-306.8815320389448
1635	-307.8067014399722
1636	-301.48697547082753
1637	-296.2202525325179
1638	-311.52795630708795
1639	-307.01158558947515
1640	-307.78834499488335
1641	-308.0240853705531
1642	-308.08187695966086
1643	-304.6828661978761
1644	-306.38310420122497
1645	-302.1637559852743
1646	-306.6112701133627
1647	-308.36384899321666
1648	-300.92173416663576
1649	-306.216844598844
1650	-303.42418978784144
1651	-299.2413727714028
1652	-311.3011258633651
1653	-308.18162372372007
1654	-308.43344741481
1655	-303.94922408574524
1656	-305.4744686470616
1657	-303.20682804758644
1658	-309.30608443630064
1659	-308.26826270447236
1660	-307.3361514281486
1661	-307.8153431039494
1662	-308.0637579285312
1663	-305.58427905729945
1664	-305.9465747891276
1665	-303.60894662610906
1666	-299.12768010615844
1667	-308.29036772478963
1668	-305.3418562279223
1669	-307.5181784922794
1670	-305.7265361452951
1671	-305.6238786929159
1672	-308.00761900374073
1673	-303.3473155590493
1674	-303.3168244379877
1675	-304.2603500122977
1676	-301.6607232735231
1677	-302.1766762379763
1678	-302.61155963567984
1679	-298.3864513272146
1680	-311.07225052870535
1681	-308.27562743273774
1682	-302.0654188248368
1683	-307.8904576491541
1684	-306.5866462514303
1685	-307.68324868410326
1686	-307.78136542529734
1687	-302.60465220166617
1688	-309.4474270840563
1689	-308.0412686538664
1690	-298.9964359122382
1691	-311.78268966777904
1692	-302.963935182092
1693	-301.3635686681613
1694	-301.63977975390674
1695	-298.79450500521114
1696	-299.54021901400364
1697	-305.8977040241455
1698	-306.0043983940005
1699	-311.462414797297
1700	-303.91790179302905
1701	-304.7456919096952
1702	-305.44500971437736
1703	-299.31677725878154
1704	-307.99148150090923
1705	-306.7818374747919
1706	-307.34670450553295
1707	-306.42195874216276
1708	-308.9436556113093
1709	-310.3109288443996
1710	-305.9810098266868
1711	-308.6422324673384
1712	-304.10828405343244
1713	-311.5427042912621
1714	-310.659461221774
1715	-307.0132423440483
1716	-304.1386442517058
1717	-301.34437848200344
1718	-312.3691900213069
1719	-307.58581916607125
1720	-299.0469574786448
1721	-303.1412340257806
1722	-303.4949849531298
1723	-308.4236744151491
1724	-304.6789404048177
1725	-304.5262218201043
1726	-306.10733530454286
1727	-301.61452794362566
1728	-305.11080043078243
1729	-303.96573179393164
1730	-303.2355828822106
1731	-304.6982284457554
1732	-297.7230444160827
1733	-306.44750915026043
1734	-304.0171411483301
1735	-312.5773178716001
1736	-299.97093839231485
1737	-303.04320809716637
1738	-295.4936770351326
1739	-302.2415283955062
1740	-305.63183647086123
1741	-302.4809663372306
1742	-300.4081627305797
1743	-306.5267171036452
1744	-306.26717495475197
1745	-306.7767557726765
1746	-304.6058447832679
1747	-299.0743094984155
1748	-304.1867012692094
1749	-303.37927578041604
1750	-297.36181825745194
1751	-304.36246991953914
1752	-307.6659868429537
1753	-308.70696749625256
1754	-301.5111780258466
1755	-304.9071382292699
1756	-307.34962174140543
1757	-302.9831493222685
1758	-308.147217216247
1759	-307.8722800474846
1760	-302.0828790619623
1761	-307.25443750013784
1762	-303.9953029458954
1763	-306.3232586192375
1764	-309.86413808241656
1765	-304.981839815192
1766	-306.2770955739066
1767	-300.91026163895623
1768	-310.0738675092441
1769	-309.6997596634452
1770	-300.14731232276324
1771	-301.713271637209
1772	-302.33791544598165
1773	-305.66876869301973
1774	-301.90469282014124
1775	-299.9925322215838
1776	-299.72425591640683
1777	-305.53387493131976
1778	-305.04312890894937
1779	-308.74855737222157
1780	-299.4522884467704
1781	-305.9766643043972
1782	-303.87903443193255
1783	-300.4041147217177
1784	-308.1453202416712
1785	-305.13766882478035
1786	-303.7872114097781
1787	-307.7286071285818
1788	-308.24871336553724
1789	-302.1944470666669
1790	-300.83486053925384
1791	-299.8996011401147
1792	-303.52864341880576
1793	-310.04007430240773
1794	-301.7180394358222
1795	-300.88430000000005
1796	-303.607025870467
1797	-302.2627476556746
1798	-300.43810000056817
1799	-302.57644291220305
1800	-304.220464043906
1801	-293.2432474612982
1802	-308.69978351993126
1803	-308.15433479056543
1804	-301.50218677734586
1805	-302.34453626988306
1806	-301.0912181040045
1807	-308.3804492268414
1808	-301.64054921854546
1809	-305.0107565652739
1810	-311.0353455005692
1811	-297.8301000000081
1812	-304.8301126300494
1813	-304.2588435148687
1814	-303.9929770415508
1815	-301.62289750969893
1816	-301.2494281048662
1817	-296.30736467257515
1818	-302.2524494872908
1819	-309.55140357985596
1820	-302.11695506681235
1821	-302.2932072602164
1822	-307.50877531232203
1823	-305.9233185021387
1824	-305.6400513142313
1825	-300.72726098303224
1826	-306.78156005174196
1827	-303.4722268587316
1828	-300.81789804268317
1829	-307.7979139214471
1830	-302.9665504219862
1831	-305.6694739985769
1832	-307.74062721673965
1833	-304.23782908232175
1834	-305.15169982771573
1835	-298.13687387971345
1836	-301.87254567167207
1837	-307.02009812537915
1838	-301.81757678641867
1839	-304.46010486498307
1840	-306.2350130719647
1841	-304.78368825202915
1842	-302.97000182447226
1843	-302.1153515922981
1844	-292.685932178629
1845	-308.3388626946306
1846	-301.52557669719624
1847	-308.3906821978523
1848	-304.9408830331076
1849	-299.1881074121795
1850	-293.77114250080876
1851	-303.1631000000002
1852	-303.0639513959833
1853	-303.23403687751176
1854	-309.57820729940966
1855	-306.71058079465337
1856	-296.8619425593677
1857	-304.43847112334447
1858	-305.0997344172148
1859	-302.3959491727834
1860	-305.99340708602574
1861	-299.19480575691273
1862	-307.18330865291705
1863	-302.06286887465717
1864	-308.3414894678092
1865	-304.05619190603085
1866	-300.8408961053048
1867	-304.7439265914618
1868	-305.91428872753033
1869	-306.7099468669009
1870	-312.1856824789921
1871	-304.2472795287125
1872	-294.6513846414157
1873	-307.01979328380884
1874	-307.7759245016689
1875	-302.24055601623667
1876	-305.0720552616095
1877	-302.3527673176265
1878	-304.12813643472936
1879	-303.0460707213079
1880	-306.1564201652295
1881	-303.06961185722923
1882	-308.4144751429516
1883	-303.1440006677725
1884	-299.44466770845315
1885	-301.9161237402161
1886	-300.5489662665349
1887	-303.8404985186774
1888	-300.8398873190539
1889	-303.88843834809035
1890	-303.32555226032576
1891	-308.23953978143976
1892	-307.3241368763074
1893	-305.0000735949413
1894	-305.8938243399763
1895	-308.68944752296267
1896	-301.237052648231
1897	-307.1192066981
1898	-306.8214364955837
1899	-307.4511432019073
1900	-309.7661594058839
1901	-300.7829695427435
1902	-298.451883809245
1903	-295.19134730635466
1904	-301.1409541983474
1905	-301.48940534119936
1906	-306.01807516972417
1907	-299.6786510269611
1908	-301.87216376925375
1909	-302.0729554841702
1910	-303.2395956142301
1911	-307.90179168898936
1912	-305.48373579886214
1913	-304.7551000544043
1914	-305.8136714591914
1915	-302.4720994129303
1916	-302.9944428169338
1917	-301.62227928112156
1918	-304.971897286687
1919	-301.1738075031864
1920	-299.45607595264323
1921	-295.85088637889766
1922	-301.3750896639323
1923	-299.35931625965935
1924	-304.32610866282465
1925	-299.8112518381199
1926	-301.45979945360307
1927	-300.97659715643664
1928	-301.70878241158715
1929	-303.28884027256214
1930	-300.7716698865311
1931	-302.4242550427587
1932	-310.307532365717
1933	-309.8972894190042
1934	-302.2765838347601
1935	-302.06877321424616
1936	-305.2569524008375
1937	-313.9801938769279
1938	-300.7007728489752
1939	-294.0127223720875
1940	-310.8437234289688
1941	-303.5587682753283
1942	-307.865860172338
1943	-306.7681605147592
1944	-302.70822647807273
1945	-303.6102072441711
1946	-307.4442935986438
1947	-308.9994291908809
1948	-305.1987821780129
1949	-308.23017685721135
1950	-309.95683127201687
1951	-312.45204511258925
1952	-300.1224768473571
1953	-298.2804095514043
1954	-300.6523620013412
1955	-303.22020008864104
1956	-311.1675547059391
1957	-307.8115267579656
1958	-302.8432452380014
1959	-304.49105622378966
1960	-304.3425810356638
1961	-306.1177769317679
1962	-305.3171440708088
1963	-306.7648810498753
1964	-305.717204914414
1965	-309.91414056391227
1966	-300.98387623717156
1967	-298.87529072678035
1968	-302.5542085022865
1969	-300.771364509649
1970	-301.5676577948178
1971	-294.7524780580881
1972	-304.10575797296406
1973	-300.6698598132236
1974	-306.01743446632736
1975	-309.9034811283013
1976	-308.16770538525986
1977	-307.56922743177984
1978	-301.54192068811363
1979	-301.0020773826116
1980	-308.19930897414105
1981	-301.1766927399767
1982	-300.65583911110974
1983	-305.54434704466985
1984	-300.5661866699669
1985	-308.1658795899725
1986	-302.9865645846006
1987	-298.04196496473514
1988	-305.46466667746284
1989	-312.33400064059407
1990	-309.07312760919103
1991	-308.13527438080826
1992	-299.4878194568055
1993	-310.3419259637597
1994	-310.5695410310012
1995	-308.7706551022222
1996	-310.1416530072494
1997	-303.386328182028
1998	-305.3592410065492
1999	-305.21590047010756
2000	-305.301166610093
2001	-312.93317356647856
2002	-304.9147911963286
2003	-307.9062911632766
2004	-305.0785048072761
2005	-304.3110173666447
2006	-301.3539361730351
2007	-304.0710388335841
2008	-307.86585389205175
2009	-306.44827852438084
2010	-307.9560075525703
2011	-305.1070778885954
2012	-304.89493725682917
2013	-308.2075226417693
2014	-312.0402460227896
2015	-305.82849935297486
2016	-309.0489417274304
2017	-306.22796129914036
2018	-302.53880050016096
2019	-306.95242569393815
2020	-300.0674102416583
2021	-296.4659471374635
2022	-306.89003440623713
2023	-302.63721764287965
2024	-307.4203919198494
2025	-309.9326047236227
2026	-308.20677117380166
2027	-304.14436486905834
2028	-305.29380475408186
2029	-305.1414679412553
2030	-309.8559227219274
2031	-308.12834209886176
2032	-311.72670114924256
2033	-304.31963000706924
2034	-307.28582202619
2035	-305.8046595528869
2036	-302.65927752659917
2037	-307.2339395713532
2038	-306.06519902074086
2039	-308.9356331675021
2040	-310.18891271723464
2041	-307.575569610045
2042	-306.8541948760171
2043	-307.5711436555523
2044	-309.60698758767217
2045	-301.57009609909744
2046	-307.8899886427455
2047	-300.68611897616483
2048	-312.1486187226606
2049	-303.83453930280234
2050	-306.36987374668814
2051	-307.1353387537764
2052	-304.593237262471
2053	-303.8661113949759
2054	-299.0712255362811
2055	-309.08021816119685
2056	-293.8162505428173
2057	-298.6133828612322
2058	-300.27248697801815
2059	-300.6826642232516
2060	-306.7748291014241
2061	-304.6532192584034
2062	-306.2547815683053
2063	-308.41258770647937
2064	-307.40240672068813
2065	-307.63534829517556
2066	-303.04503672018774
2067	-300.77928834346454
2068	-310.36650709140594
2069	-304.26373048322773
2070	-304.3133459825374
2071	-309.98282405112
2072	-309.8651841457374
2073	-302.86981150102037
2074	-306.06831883771144
2075	-313.1762724383165
2076	-299.3384426581338
2077	-306.0294509852668
2078	-307.66900074709207
2079	-301.8629072983472
2080	-297.95508564407857
2081	-301.46867440655654
2082	-299.77273370327555
2083	-297.70767055189316
2084	-300.1763575917698
2085	-304.1338363831089
2086	-303.8492562880045
2087	-307.35940352940065
2088	-305.1551837198224
2089	-303.02249424714546
2090	-294.68312503752026
2091	-295.7708618841144
2092	-303.0765114375498
2093	-305.0028060867003
2094	-301.03078212846253
2095	-308.1918493343081
2096	-302.4483476396104
2097	-308.86536313357954
2098	-305.7303874615568
2099	-300.8533104504738
2100	-296.9544907274875
2101	-304.47167950297984
2102	-304.3969496200902
2103	-303.1082482051735
2104	-302.06582793155167
2105	-309.03965388251663
2106	-307.76593706882073
2107	-304.3069350449249
2108	-300.05697346132484
2109	-301.9845051020825
2110	-311.2725325180604
2111	-305.58647210251917
2112	-301.0276436294566
2113	-305.5005416325061
2114	-307.43250008759424
2115	-304.54066580627136
2116	-307.0484037389577
2117	-308.42993942725553
2118	-307.5285007514861
2119	-304.86378718711046
2120	-303.9665710696238
2121	-302.9601425242745
2122	-303.64150061293793
2123	-306.5732825773462
2124	-304.1252354711383
2125	-300.8843047518981
2126	-303.393580843144
2127	-299.5809482130472
2128	-301.281200010404
2129	-301.5290673731284
2130	-306.32070298623626
2131	-310.44676758638565
2132	-308.3073320414613
2133	-309.1637394807083
2134	-300.85630947873034
2135	-306.71381081340326
2136	-305.54796060863214
2137	-302.5985199256032
2138	-302.52271252193333
2139	-305.9533629379808
2140	-304.09209083194753
2141	-299.77818318357447
2142	-302.0158346470647
2143	-300.4657804976057
2144	-308.3601861444532
2145	-307.4444294130001
2146	-301.4947010135035
2147	-304.02529600527845
2148	-305.85759231183744
2149	-312.11657205165096
2150	-301.491025874955
2151	-312.037391071769
2152	-302.07276732312437
2153	-305.4403919921564
2154	-299.8517235808803
2155	-303.11151296709113
2156	-309.5103949461332
2157	-301.94535473531965
2158	-302.22432787860345
2159	-304.5958561787048
2160	-302.46123692605784
2161	-300.481724079364
2162	-295.4731155084475
2163	-299.80524635929567
2164	-307.15632228969696
2165	-292.81410871042857
2166	-308.05704721531566
2167	-299.602803228446
2168	-301.51020000036067
2169	-304.4941216679951
2170	-304.10751219131254
2171	-304.3270883502176
2172	-306.8038913421294
2173	-302.5883883288168
2174	-299.924
2175	-302.52270884728927
2176	-301.804491355321
2177	-299.02068224831913
2178	-306.3437277949065
2179	-301.13330370124726
2180	-302.29615155353684
2181	-304.88772152845803
2182	-300.1097119828461
2183	-301.0449408541157
2184	-303.06419999999997
2185	-298.0179962970013
2186	-303.6278121712664
2187	-303.46719590214946
2188	-306.34143633479977
2189	-306.0625666841765
2190	-310.8351254879147
2191	-306.1785930255827
2192	-298.4431839024562
2193	-299.8191235379151
2194	-299.7973904296314
2195	-302.2735027562069
2196	-306.87228593251007
2197	-305.8758429569454
2198	-302.65688555847464
2199	-298.4725305463254
2200	-296.96162983850945
2201	-304.52786720026893
2202	-302.1861378042516
2203	-300.8207019308782
2204	-305.28034881459286
2205	-300.12497967987395
2206	-308.1952358693596
2207	-304.9317451042428
2208	-300.8371228624907
2209	-298.18516802444765
2210	-305.593325637823
2211	-303.799866378086
2212	-303.6574431913549
2213	-304.14824504512694
2214	-303.3355634166035
2215	-306.31406002142023
2216	-306.8606834840074
2217	-301.1201350487453
2218	-304.3038127267775
2219	-304.2954718610873
2220	-300.0469790451562
2221	-304.00119250915424
2222	-298.4130605212583
2223	-297.1873004141156
2224	-300.55929396697775
2225	-301.8120271501653
2226	-303.60708146202035
2227	-306.5907622598439
2228	-306.3915166038069
2229	-305.56444704858274
2230	-303.1502676338845
2231	-305.946905821906
2232	-301.46754207750064
2233	-299.34263966146165
2234	-305.4495079276275
2235	-298.06702743111015
2236	-297.5048088179572
2237	-292.6601028272634
2238	-309.331246939581
2239	-298.99845211283207
2240	-296.43630876866234
2241	-303.643918190869
2242	-302.2469847945184
2243	-301.09761476374507
2244	-301.1145083609226
2245	-299.0983997078688
2246	-306.02028698704027
2247	-300.59385948725304
2248	-297.59564797518675
2249	-302.90520001403644
2250	-303.29395213391984
2251	-309.66976179587215
2252	-306.68125366789906
2253	-303.18713165349607
2254	-304.4609626666509
2255	-301.58690245689706
2256	-306.31947225464324
2257	-309.6208337159711
2258	-308.4045072381227
2259	-306.57490951001733
2260	-304.34033711962934
2261	-301.6062941380154
2262	-304.79830598693326
2263	-301.7737422910693
2264	-302.62838247764273
2265	-300.13440215980023
2266	-296.09237155609185
2267	-303.5359436086138
2268	-299.96916976215005
2269	-303.97484911854355
2270	-306.9077889499708
2271	-299.4156627578645
2272	-303.03114324796087
2273	-299.5406565603352
2274	-296.2962611691837
2275	-301.4280858565575
2276	-298.98337209090755
2277	-299.0470882543274
2278	-304.8806014432843
2279	-302.53229434858235
2280	-296.886406639503
2281	-302.36235240105304
2282	-296.7873388418112
2283	-303.1181269242016
2284	-302.0250849370277
2285	-302.01999130444085
2286	-300.82082857397745
2287	-309.6645433527657
2288	-308.44437100190373
2289	-304.73506647125345
2290	-301.7439762377216
2291	-303.91071051836957
2292	-302.47994140496854
2293	-301.097398123841
2294	-309.67273403285867
2295	-307.02942542281806
2296	-305.7940089731602
2297	-309.65147127714636
2298	-305.1932468304356
2299	-298.3497640901789
2300	-303.9040623871793
2301	-302.5027681548984
2302	-305.15217708731495
2303	-302.8712118251273
2304	-300.5673278181651
2305	-297.7857146196281
2306	-308.7523755969053
2307	-298.9809395990776
2308	-305.9225367983694
2309	-307.24277734238717
2310	-311.12661350790324
2311	-299.66365683222807
2312	-301.5123021960208
2313	-301.5425764468882
2314	-302.4531708531475
2315	-300.2566000975943
2316	-304.1450028732984
2317	-303.1397480922722
2318	-305.4614046671582
2319	-302.5061003233377
2320	-299.930274271596
2321	-307.7469791706387
2322	-297.3197566294668
2323	-302.9578962576288
2324	-303.9424758023063
2325	-305.7633498288759
2326	-301.3231209455848
2327	-302.28951683067515
2328	-299.5028376735473
2329	-299.98138985998133
2330	-299.3174352213894
2331	-302.64751395492505
2332	-309.81000380783036
2333	-304.57520019851876
2334	-303.2292759249255
2335	-304.5608954113309
2336	-302.86925142898565
2337	-304.366352326053
2338	-301.83684835724677
2339	-302.6527069279152
2340	-306.0040492190867
2341	-301.8881524666194
2342	-305.48285207820464
2343	-298.1521281512176
2344	-299.42775698235283
2345	-306.26806697888617
2346	-301.49986681811566
2347	-309.0593059586794
2348	-303.3172237418833
2349	-305.1816346589126
2350	-300.85744797703217
2351	-304.58635417221257
2352	-304.85130527088285
2353	-303.6270372993993
2354	-304.8637793611764
2355	-305.58495478710245
2356	-304.53203933724285
2357	-309.34572972725425
2358	-304.5310930905551
2359	-303.159519882011
2360	-305.61043629614124
2361	-305.0680908275334
2362	-302.98924823141823
2363	-305.00630382891
2364	-301.60414337321816
2365	-302.4729356757511
2366	-307.07377227190744
2367	-300.599150792794
2368	-307.44632959290016
2369	-303.2908244308906
2370	-306.4790270571184
2371	-300.8212125644551
2372	-306.5213808328524
2373	-305.8684238028508
2374	-303.8527832910777
2375	-310.2808896910331
2376	-308.51713478083224
2377	-300.5466
2378	-304.8483606670255
2379	-307.42625112945825
2380	-302.70337904217655
2381	-305.2256236609171
2382	-303.28018564341045
2383	-297.1104020183541
2384	-308.7992121575995
2385	-307.66058748755444
2386	-302.2674993896722
2387	-310.38962261733144
2388	-302.007144373287
2389	-301.8622020704192
2390	-297.71811102590755
2391	-301.8689134513978
2392	-305.30946993505546
2393	-298.3122810740427
2394	-303.7549196420815
2395	-294.4973235521065
2396	-301.6718655836032
2397	-305.96076336962324
2398	-298.05338663669716
2399	-303.80747925732305
2400	-298.70939967976835
2401	-308.128267874803
2402	-303.892135510453
2403	-303.2821809215647
2404	-305.8419489893575
2405	-307.93163461189744
2406	-306.44831913448513
2407	-302.6606872136365
2408	-308.3368416133267
2409	-302.94045304352795
2410	-312.4932482598773
2411	-307.06851420461703
2412	-306.665982287428
2413	-311.0189457919091
2414	-305.1333
2415	-302.9564159907734
2416	-305.37585416138626
2417	-306.82985231223466
2418	-303.6815369153493
2419	-303.7096937211968
2420	-297.24540191712174
2421	-305.177131573035
2422	-304.1779612676134
2423	-299.3781439051115
2424	-300.6093055712941
2425	-306.7257220818815
2426	-301.2853256369664
2427	-297.87204715937037
2428	-298.83726086385195
2429	-298.31045909945556
2430	-301.1388418619636
2431	-301.7809788622672
2432	-297.41132582246416
2433	-305.51920666989275
2434	-297.34125597585285
2435	-303.1560467003847
2436	-306.2871148215973
2437	-309.34103386730044
2438	-305.71510901751304
2439	-304.9714566390276
2440	-306.05677311157604
2441	-303.58592007774246
2442	-300.8163050310282
2443	-309.19761484314097
2444	-307.2611039490496
2445	-304.01828917879243
2446	-305.64489491895745
2447	-303.06614547174837
2448	-303.6892315210089
2449	-304.9176999133451
2450	-298.61541884300254
2451	-304.7717054653983
2452	-306.4611286621042
2453	-300.2994
2454	-301.34086324458957
2455	-303.2525186033146
2456	-302.28395406985146
2457	-301.4865000000145
2458	-307.17294042517335
2459	-299.01067063843624
2460	-303.2575000000001
2461	-300.8552128377373
2462	-307.84134296599683
2463	-304.0820583365898
2464	-303.84362525366174
2465	-309.00822703638994
2466	-298.92352836778787
2467	-303.6563556830015
2468	-306.8818721328112
2469	-305.0017550544901
2470	-303.13621372474466
2471	-308.17036023238705
2472	-307.6523562866075
2473	-304.8968883301387
2474	-311.5585778457095
2475	-306.761190148954
2476	-302.68930010200256
2477	-307.52119937715077
2478	-308.6266633883568
2479	-300.39805063921347
2480	-297.6327316774807
2481	-298.0878301343273
2482	-302.6587115132034
2483	-302.20193722310717
2484	-308.5379370158514
2485	-309.01377092321644
2486	-312.37024755057365
2487	-307.03691682880896
2488	-307.43096212905425
2489	-304.06892836308646
2490	-309.1594821920661
2491	-303.35690001112096
2492	-303.31169400473357
2493	-308.09860485444784
2494	-302.47746350106604
2495	-308.82953691463075
2496	-298.776444668524
2497	-309.25932315581355
2498	-301.68463774474776
2499	-302.1054940641805
2500	-297.21020174464496
