1	-304.8834157558034
2	-301.33481174140763
3	-305.51588942609396
4	-298.8774805798016
5	-302.7505894624004
6	-304.30163631113675
7	-304.15976579112464
8	-298.211792239769
9	-307.0400923960288
10	-304.74555976436983
11	-304.8182376955309
12	-300.3629604745021
13	-298.66673884030945
14	-305.88733758860474
15	-305.71837857086683
16	-300.8773447471307
17	-308.78351522633426
18	-303.21410000871634
19	-299.01532284083214
20	-304.67228257274303
21	-303.77204584058603
22	-301.71381000111086
23	-306.6930264876611
24	-304.95466814017686
25	-302.9502946580267
26	-301.31936283043143
27	-300.30522877764923
28	-304.72424363007303
29	-298.00888451011565
30	-304.73859297975787
31	-307.2116623177924
32	-301.68985142651394
33	-302.9311251693741
34	-305.6372894351049
35	-302.490955918742
36	-307.0591130866021
37	-306.1625069733353
38	-298.9474139479588
39	-296.2887722438841
40	-301.13191611891176
41	-295.1522343383237
42	-299.76456694385223
43	-297.10352091626794
44	-302.1647409112262
45	-299.82372706595754
46	-302.0830523362668
47	-297.97950958390015
48	-304.17527220268096
49	-303.76791610605244
50	-304.4892815908933
51	-306.8029541426233
52	-304.9919046631451
53	-305.44628795225714
54	-301.6128
55	-304.1791801378167
56	-303.393356251619
57	-301.60575687742
58	-301.0912000000011
59	-298.67263467055926
60	-302.41399778860495
61	-303.358969661713
62	-302.06982557602913
63	-302.9795762634606
64	-293.32762453043716
65	-294.9135000130924
66	-303.74937097979927
67	-306.8460088444193
68	-310.35899812509496
69	-305.90005886735247
70	-309.20571355257516
71	-306.8748789945512
72	-301.6635484813974
73	-298.42270000083147
74	-302.28540263136716
75	-299.2714914065957
76	-302.4628907446539
77	-310.58827117792936
78	-306.50579348212943
79	-295.3484923238085
80	-304.58863308198335
81	-300.3693895988942
82	-300.56969631840263
83	-302.0590038509964
84	-298.85513989244004
85	-300.50542125638646
86	-298.2221476446514
87	-302.5779856032837
88	-297.86500000000484
89	-300.45767070560805
90	-298.28401910667344
91	-304.48955038200086
92	-302.87440000000004
93	-297.79556561521247
94	-301.72652717150237
95	-303.66016849052977
96	-308.0000425048233
97	-305.01192459342695
98	-306.2016293343689
99	-308.4255771830441
100	-304.84764080624365
101	-294.2489213628568
102	-302.7242524046306
103	-307.1044917786757
104	-310.17251263408394
105	-306.44769595648825
106	-303.5190688690255
107	-304.60187496624053
108	-303.9711455181851
109	-304.4307901393961
110	-314.82812018326
111	-305.6733389908013
112	-303.7017532792193
113	-308.70470682651063
114	-305.6042000000026
115	-304.8311719632075
116	-303.88642810900063
117	-305.60251620433377
118	-297.8780689672033
119	-299.38170711242043
120	-305.0859366896815
121	-307.5307803479654
122	-306.881053414866
123	-308.77401163032715
124	-311.9746231599062
125	-305.18801470087345
126	-310.79673445446724
127	-304.54657796979563
128	-311.77397372699005
129	-310.93040090604836
130	-304.73247821319734
131	-308.0463709190805
132	-303.6321249110166
133	-304.80001552368327
134	-304.495423956672
135	-303.18336013507974
136	-303.3530824758693
137	-300.4178308961996
138	-302.6815094716288
139	-305.398215692234
140	-302.36885254434713
141	-306.30818552531395
142	-305.3292364184916
143	-311.2338480164797
144	-304.4200378219868
145	-303.99696553878186
146	-299.3304590341999
147	-301.4581523119991
148	-306.09010435393105
149	-307.7436379260728
150	-301.9980990682275
151	-298.50635227170756
152	-297.90699181646494
153	-294.90298317267195
154	-304.7137516407667
155	-309.54057119481746
156	-309.481280181023
157	-308.1952460554049
158	-308.36614421232736
159	-308.7359972516363
160	-303.87107019465475
161	-305.2742208162318
162	-313.2366744846525
163	-302.43714723550414
164	-301.71117179063793
165	-310.26731811708794
166	-300.35418388638993
167	-308.40345511513766
168	-306.3074901252479
169	-307.0008453675477
170	-297.67464202992505
171	-304.48757668254717
172	-298.8415155581188
173	-304.6837687688035
174	-306.69446427584273
175	-302.15690404061985
176	-301.54601449752755
177	-307.98488255615587
178	-307.36977348111685
179	-297.1978826858415
180	-300.8368117959377
181	-304.4433530610961
182	-306.3715836259053
183	-305.99518975466344
184	-302.5191005378332
185	-302.540544866706
186	-296.63424224911597
187	-296.5819963851541
188	-295.83649705103045
189	-308.00119502222117
190	-305.37614659381734
191	-307.96422628757284
192	-304.17037619026513
193	-308.64752731043666
194	-302.39339918259594
195	-302.9740144395307
196	-306.87438454534725
197	-306.472316963002
198	-303.2521894192315
199	-304.408524451276
200	-300.2522774714604
201	-301.918245847412
202	-304.47049146437683
203	-302.23359903639675
204	-301.115123572184
205	-300.21271175661644
206	-298.6585010008516
207	-302.6517630967787
208	-301.9150027687249
209	-306.04778422650764
210	-300.33
211	-304.3053525554548
212	-302.78274603598294
213	-307.6040056810286
214	-305.5754286739739
215	-309.4810557736608
216	-310.94939859616767
217	-298.245687443513
218	-302.9740908524075
219	-298.5919961392324
220	-312.810055802167
221	-307.4804018033629
222	-303.12922232284717
223	-305.72987586279334
224	-305.5852900664711
225	-305.658802024662
226	-304.37925081072325
227	-301.5411398459364
228	-305.7166573700942
229	-306.4326656711282
230	-305.2083180584588
231	-309.58236342223137
232	-305.45830673754244
233	-307.46232178144703
234	-312.4147114170034
235	-303.164550044688
236	-305.5774790789527
237	-305.4512493316667
238	-310.3123438350976
239	-301.87441000283724
240	-305.69398459323077
241	-299.85788661657745
242	-313.49617706882395
243	-302.6441389100781
244	-307.18786689107185
245	-302.0322491944434
246	-301.74879711710275
247	-308.7946261464179
248	-308.8902174459221
249	-302.78729263214933
250	-312.63654748131205
251	-305.0770313894251
252	-308.5914290407778
253	-306.98268689053197
254	-304.00749643753653
255	-309.4829933477293
256	-307.4371766526283
257	-310.06935142341666
258	-305.680838793776
259	-310.78983659422687
260	-309.18379858402596
261	-307.5415974577465
262	-309.9635701818672
263	-314.46085933678086
264	-304.5612843924207
265	-303.4206873442338
266	-301.27569200519713
267	-311.77451549772553
268	-302.8860578864902
269	-308.5979059911177
270	-308.34641908881775
271	-303.1701363058709
272	-306.4305444310764
273	-302.84508860422557
274	-302.06627579987764
275	-302.0307320543011
276	-306.5627820053136
277	-311.67774726054694
278	-310.8913574618892
279	-310.7161291631666
280	-314.402148812139
281	-309.55640428547986
282	-306.9088183323043
283	-303.8698433183951
284	-298.4862273233516
285	-299.86769468856386
286	-302.34343554761085
287	-298.7013847689125
288	-305.40905121927466
289	-304.08944322645044
290	-296.6187678707972
291	-298.2724000257345
292	-304.41276689368794
293	-299.45275252636674
294	-299.8225166002255
295	-302.48133952964355
296	-306.8331931450564
297	-304.6829377347637
298	-305.93383726390533
299	-296.2442504948789
300	-300.9093707866069
301	-305.70254223737004
302	-303.60138312016136
303	-301.06074041060225
304	-294.13276157267893
305	-303.8784085735019
306	-303.92940659320783
307	-301.82330000000513
308	-306.4828772219567
309	-300.3210164911701
310	-304.440506659678
311	-301.8119959141337
312	-301.4764002962501
313	-309.6338456813838
314	-313.01678427828386
315	-296.3678351885285
316	-303.3179000003492
317	-305.30252095433275
318	-302.49476006640674
319	-303.4518904505681
320	-300.4205504355772
321	-310.2717671322834
322	-308.9275133854695
323	-307.77735589832787
324	-305.8564913561216
325	-297.7042165132512
326	-301.6144640923362
327	-297.21008146086655
328	-305.4585000000022
329	-303.9551074550356
330	-302.0425377231957
331	-305.87932687969925
332	-307.75452779307653
333	-307.55863190070716
334	-309.6633099129882
335	-303.88671610488484
336	-304.5351487604317
337	-303.8927382911954
338	-306.25164728638657
339	-312.44794639502663
340	-303.974700636473
341	-304.7228718813776
342	-299.0729214965768
343	-299.78772128912095
344	-301.1655798335757
345	-302.4026027534107
346	-301.19881159536516
347	-295.2505
348	-309.1126288407735
349	-300.6190001728108
350	-303.91931141750695
351	-303.06510003284734
352	-305.34277108536963
353	-303.57444130825286
354	-307.6660784763917
355	-300.9133315314876
356	-302.7743204667183
357	-308.5274398679069
358	-308.79998408126
359	-306.46703654367684
360	-305.0600755777355
361	-299.2087791914952
362	-301.7014102886331
363	-306.26956771583053
364	-303.3021251060766
365	-306.2101393340471
366	-302.08744818220816
367	-298.33866892018517
368	-308.94374195522846
369	-306.8047138136217
370	-303.74087076140023
371	-297.5901427728342
372	-296.7432727484988
373	-307.08784379749807
374	-297.1100373855367
375	-301.252582529357
376	-299.13184771577914
377	-298.6499167934778
378	-300.39647848647076
379	-289.7272
380	-297.27398536093517
381	-296.7729867062163
382	-310.2603911834517
383	-300.9837110772047
384	-304.7935992784989
385	-299.2656636325546
386	-294.16613247812035
387	-301.0639993421381
388	-309.04735160750926
389	-301.60414502890404
390	-305.05684900432107
391	-302.4419930078406
392	-303.55794572126376
393	-308.8940428768645
394	-307.20828120436613
395	-301.60403245695915
396	-298.5231991994311
397	-309.9695402207916
398	-307.66728424845473
399	-303.4097800411678
400	-305.8137449031937
401	-306.07937631962346
402	-300.94511974611527
403	-313.41636330267636
404	-298.8314000003724
405	-298.534630356139
406	-302.9035183656132
407	-303.87876726598444
408	-301.2467867550007
409	-301.5395574075585
410	-307.5835849158157
411	-309.0770111756263
412	-302.3831544789795
413	-302.2423776871498
414	-304.55054578718097
415	-307.8195347277844
416	-310.2297658984266
417	-308.878107241788
418	-307.7688966538972
419	-307.3226350365785
420	-303.0506908653412
421	-308.85280319482456
422	-306.7869255009525
423	-305.48033228798045
424	-305.95630073699044
425	-307.1643883021081
426	-310.7234859408325
427	-310.0243782702509
428	-314.12403594417805
429	-306.44863905848155
430	-306.93278924879087
431	-306.9739785482074
432	-313.23177624830015
433	-301.05975371810126
434	-305.7677830411974
435	-309.2546771501156
436	-307.5515348091285
437	-312.79067486206014
438	-310.42423951347837
439	-311.71067282980334
440	-301.951542476661
441	-301.4184805939451
442	-310.5123957028471
443	-299.618428438496
444	-301.36947794691
445	-305.4996720920685
446	-309.396899196067
447	-308.0509955921691
448	-305.7916893252446
449	-306.54470896191145
450	-301.34095605206363
451	-305.6888564337932
452	-304.3033851827031
453	-307.0203999843518
454	-307.38488641551066
455	-307.94307860903245
456	-310.9299431239019
457	-305.05593475724345
458	-307.19114563068075
459	-311.1934172709766
460	-312.04645938997334
461	-306.5813157081646
462	-297.7751081545161
463	-304.28557187196674
464	-310.6936217510499
465	-311.2317966630146
466	-305.7467179212833
467	-306.99671141061316
468	-313.49009571444776
469	-306.46897672262645
470	-304.2622413017214
471	-306.9891458997645
472	-304.37189804682237
473	-308.7282001944392
474	-306.4830960066273
475	-305.42116679318804
476	-306.01603119427654
477	-311.9073264744355
478	-314.42605189922415
479	-303.0135182338006
480	-307.60163271583224
481	-309.030639636316
482	-303.3882755843507
483	-309.32870370371154
484	-304.4166191328728
485	-302.96424044838443
486	-308.0470006412834
487	-301.6257405909159
488	-301.5128438447301
489	-309.90693510274167
490	-298.6365824004574
491	-307.08517233220323
492	-302.3056345351656
493	-313.74393770532913
494	-302.19532537677696
495	-311.1342414024681
496	-307.7749362285607
497	-309.14841551667206
498	-308.2733123226012
499	-293.0569462075193
500	-309.39916881659303
501	-305.34582725080844
502	-310.80593585483524
503	-304.9083178159873
504	-308.6875900626496
505	-309.5605847801021
506	-304.40878801771316
507	-304.04282742599224
508	-308.1822011066653
509	-314.46937893427065
510	-309.3994547404751
511	-308.11755170907696
512	-298.13744344765234
513	-305.0077322426335
514	-305.3602344826601
515	-307.67771544680016
516	-302.606400252441
517	-311.75118049696005
518	-308.15346348393183
519	-308.74585548338405
520	-309.90443732267414
521	-309.85965128280367
522	-305.52513378005165
523	-303.1465796064895
524	-305.6169721762606
525	-306.82295693050287
526	-306.9074209419711
527	-305.17085655400325
528	-307.216967990131
529	-307.13011444403384
530	-300.61397206095967
531	-301.31394220302815
532	-299.1257561711866
533	-314.15850774989855
534	-306.08795874172245
535	-305.2559214876214
536	-311.0281357080088
537	-303.3572617757132
538	-306.2461573606628
539	-299.89204972824666
540	-309.1471077784526
541	-305.69999983909736
542	-299.7305217879421
543	-304.04593551452774
544	-310.0356397001828
545	-301.2674235596904
546	-301.2939971864627
547	-303.90049174048187
548	-302.68832668174576
549	-304.9719889216969
550	-297.11965688534843
551	-302.02235446386186
552	-303.1319290325016
553	-306.2468246624787
554	-301.79234561052925
555	-306.50425822824815
556	-312.5793804524469
557	-304.92200493994085
558	-303.1086409460195
559	-310.20973053875116
560	-304.76482095384324
561	-291.8869853747388
562	-303.9499784970202
563	-309.30229903089054
564	-310.5871276300195
565	-309.77990299996594
566	-304.24757295596874
567	-308.9688711426072
568	-302.3774828105313
569	-301.9871811973878
570	-306.98914304675617
571	-300.8207370591227
572	-310.68936179661387
573	-314.3942056073318
574	-309.6963090705468
575	-306.1543460780324
576	-312.5121857894401
577	-307.62378171600557
578	-307.3489646430567
579	-310.44003866427147
580	-310.7970254768952
581	-301.8007594559455
582	-302.2394933563449
583	-301.7102137076093
584	-305.9565781685805
585	-302.1830572902178
586	-306.16459461569593
587	-300.6787093886067
588	-304.37205487306187
589	-307.6727877048487
590	-301.7954817552329
591	-306.72734590558576
592	-307.6469545780613
593	-305.7922954879063
594	-306.066878140212
595	-301.20179897281076
596	-302.5320130283513
597	-303.5338197839021
598	-300.3137073113542
599	-305.05394908327037
600	-309.22087865337255
601	-306.50297880007554
602	-305.06241825090996
603	-299.53529873359014
604	-305.07039057279565
605	-310.53145294538274
606	-303.95386895053815
607	-305.6082699046187
608	-311.5476742674665
609	-311.2407040507224
610	-304.8426963323363
611	-299.0523801605767
612	-306.3379157559321
613	-307.8146523380481
614	-309.8160063335063
615	-306.604434107954
616	-304.29620007208536
617	-303.5247552308805
618	-304.2694610329394
619	-301.86660611264267
620	-303.31973675158156
621	-300.4662998245264
622	-300.3291875467224
623	-300.8588979474449
624	-302.07425793292316
625	-305.3464321739537
626	-312.6604663479733
627	-304.9948900105306
628	-309.5599495406884
629	-304.13655924897375
630	-309.1945477307943
631	-307.0367750282661
632	-313.735234231986
633	-310.05610157293603
634	-307.2388756553163
635	-310.05608412013885
636	-312.5263168698522
637	-306.17977275625134
638	-308.14609184453803
639	-310.7738083084339
640	-307.0421855445232
641	-308.63541881306327
642	-308.05821575174167
643	-307.7616149992032
644	-309.65082351691456
645	-302.0404782567977
646	-313.09776818148003
647	-311.0470636814926
648	-298.0095771300003
649	-308.2616731390292
650	-299.3823441674328
651	-300.03614464061667
652	-304.3284975640366
653	-299.9021459127683
654	-302.3485873551674
655	-300.8359005913394
656	-305.5490263226406
657	-301.03031595097315
658	-307.58226685915713
659	-308.81841720447545
660	-302.98860093575416
661	-306.6939469042561
662	-301.7073779401756
663	-308.355813670391
664	-308.9432045388564
665	-308.78552068478456
666	-304.16627354369996
667	-299.6951032766611
668	-304.06713274811125
669	-306.8554056814205
670	-311.65738037077324
671	-305.51096747007404
672	-304.9772042057877
673	-306.59200109084094
674	-309.08320299187113
675	-308.0804601474058
676	-301.99800637339865
677	-301.09393691894076
678	-307.13356973658426
679	-313.66347415893694
680	-304.1634022557815
681	-308.5366337251296
682	-298.88967936959557
683	-309.00141221060187
684	-305.7725488249285
685	-300.7905117307964
686	-301.7794333415049
687	-308.77432777673204
688	-311.3713415049592
689	-299.38416751275247
690	-307.24670039336894
691	-300.6619964104894
692	-309.4196876501165
693	-304.3392443886561
694	-306.51647223261335
695	-303.6880741329865
696	-299.6562286244938
697	-300.20607203821487
698	-303.42421873954214
699	-303.4051595196619
700	-299.9737640898518
701	-309.1347532673305
702	-306.23121372286255
703	-304.8155010119706
704	-309.69579744361084
705	-307.3270798197793
706	-304.5692399916282
707	-304.690097010726
708	-304.3425590971204
709	-307.86883475887214
710	-306.25203085463085
711	-309.05227691874967
712	-306.8454897796151
713	-309.3158601330047
714	-309.4121173126796
715	-301.4755439165932
716	-308.8546472427375
717	-303.80198187572967
718	-301.85213731426506
719	-303.49120818858296
720	-310.4041614136642
721	-308.7475030793954
722	-306.9308999393985
723	-303.7589683569418
724	-304.70022635731164
725	-307.460139894666
726	-313.6944701697377
727	-311.40211256500316
728	-304.5801766102855
729	-302.7623529793893
730	-306.8504173722596
731	-304.98540300529015
732	-313.5305113625131
733	-307.247138150722
734	-301.98038630771674
735	-309.60257093223584
736	-300.96125114846666
737	-307.4701387825261
738	-305.62459011826854
739	-313.6798349334936
740	-299.8087010425998
741	-311.51354256598523
742	-306.1570706068741
743	-296.27779187048156
744	-301.12636997702987
745	-310.84109636514444
746	-304.8568853711518
747	-304.75550491151535
748	-308.1113330188015
749	-303.91138058316295
750	-298.9694996646171
751	-306.0851726731663
752	-311.5035362150063
753	-305.73291149747587
754	-302.90423434558636
755	-301.14831152844795
756	-308.4723194456844
757	-310.477849181187
758	-306.5482094611116
759	-303.9725432726691
760	-309.0983960869742
761	-302.627623844666
762	-301.7488371003564
763	-305.1704742294645
764	-304.40788345949153
765	-305.3142442471811
766	-300.9227355357612
767	-302.90562179954946
768	-300.66305149526846
769	-302.76441788569394
770	-306.1550507292777
771	-300.3741113423185
772	-305.3338368451946
773	-308.7430730786902
774	-298.7165560830279
775	-307.553185733614
776	-300.3276246165062
777	-309.9977736411098
778	-298.36653526023184
779	-306.38298151577044
780	-312.85887852515657
781	-308.3917402198981
782	-309.17699479806515
783	-303.618900898831
784	-303.33113708419637
785	-306.1962486772101
786	-300.0660650156207
787	-304.17238851388396
788	-306.11398478405977
789	-297.5388250200685
790	-307.3574422033841
791	-310.0388525703147
792	-305.90194585554707
793	-305.14574117480447
794	-308.44165821174386
795	-304.6615235523627
796	-300.14747651735047
797	-312.65782883562434
798	-298.73919047375887
799	-309.2176686777805
800	-309.24401961922604
801	-306.27674601611943
802	-309.5374475604356
803	-306.3622592326305
804	-302.9922123282967
805	-307.18796191577474
806	-303.1476900723937
807	-308.6996029229495
808	-300.6119699679906
809	-302.36478032320105
810	-301.11406248129447
811	-303.12388443706203
812	-309.5263270890847
813	-309.123988801739
814	-305.046467717789
815	-303.5601573771364
816	-312.74830064866677
817	-305.26792975043486
818	-308.0208231420998
819	-302.0177005923641
820	-306.6134910421786
821	-303.41526653886757
822	-305.2452593774301
823	-304.6344440746193
824	-308.00275160701705
825	-310.58312157118985
826	-304.37540191326786
827	-310.2370110566638
828	-303.87088342380457
829	-306.2437850987461
830	-306.0077034329789
831	-304.13850201791814
832	-306.48290899752345
833	-306.8275846172253
834	-310.56038375005056
835	-306.640998491907
836	-299.0555714398742
837	-301.10729679371974
838	-297.826202829914
839	-310.1625799348639
840	-303.79437921309625
841	-305.0821771154139
842	-307.01557189587373
843	-301.3757760948285
844	-306.27584703838085
845	-307.12851611868075
846	-302.3332144743526
847	-302.30305249488976
848	-306.6003935459458
849	-301.2090812374898
850	-310.3706549568965
851	-304.55949674989984
852	-307.7149743320424
853	-304.81166425640464
854	-308.08036472114736
855	-308.73349269937364
856	-306.8040974360768
857	-308.06598109840263
858	-309.5193325226318
859	-308.3175225044966
860	-311.7848570705234
861	-310.81177672906966
862	-309.6392244664667
863	-312.025244846071
864	-304.9746911425764
865	-305.7678045005612
866	-299.4364705182578
867	-312.32592079161947
868	-302.1725568759971
869	-304.19990002553345
870	-301.55512868991065
871	-295.5221665530326
872	-306.8510938304743
873	-307.52893785086553
874	-295.2683086676096
875	-304.9239260723859
876	-297.72741259234937
877	-306.48114079621695
878	-303.6107687753267
879	-311.84121400659257
880	-311.9078916810433
881	-306.33457889249445
882	-310.265010748945
883	-306.9174153868736
884	-308.8545229929316
885	-307.52914476314396
886	-304.66386321251383
887	-306.260028901991
888	-307.52908501235123
889	-311.87461330528856
890	-300.444603290347
891	-306.17736010709297
892	-310.4261100713123
893	-308.15992467387895
894	-304.9865961491579
895	-305.3559234357989
896	-306.44689708970253
897	-314.6877005235321
898	-310.41548283052873
899	-312.42790841010316
900	-307.5750685790657
901	-311.43418879977065
902	-306.66703343931965
903	-302.64410175535824
904	-306.37206457894695
905	-308.022316855415
906	-302.9586758502088
907	-307.70583946471965
908	-307.5811603538038
909	-307.3593628782117
910	-309.62354350829713
911	-311.478591333867
912	-301.97428986729534
913	-307.75726655687805
914	-303.5719064957372
915	-298.25269475622093
916	-307.4920171477808
917	-303.93350425542707
918	-307.3705914279619
919	-304.63592944031046
920	-305.56161909529555
921	-301.14770272057484
922	-307.08021565078445
923	-298.2113830544975
924	-303.9246583251133
925	-305.6199539350347
926	-306.76155125344724
927	-297.10928963411203
928	-300.66440032091504
929	-306.03680660176514
930	-308.65680960067175
931	-306.46967020753976
932	-303.2899392844971
933	-304.10610876665856
934	-308.9673635955076
935	-305.45329776334296
936	-304.52309436976486
937	-309.16765069166405
938	-303.70109282124025
939	-303.3018749627951
940	-304.7541543992486
941	-306.0881142433658
942	-303.6552284043532
943	-296.31309094241055
944	-301.45569377099025
945	-307.6745472821378
946	-306.82965946739563
947	-304.19802363575246
948	-309.6286008853535
949	-304.39255998834375
950	-304.16637866908223
951	-302.39718329937324
952	-309.83761591229256
953	-303.7991053275664
954	-307.317855474629
955	-307.21068634713384
956	-302.7663526571431
957	-299.37303209859334
958	-307.22882175915964
959	-306.4015173552927
960	-311.37254884807544
961	-305.85280137611386
962	-305.9900342023336
963	-305.2085295154661
964	-310.45923107094575
965	-303.7365534094412
966	-306.9481333855425
967	-306.1628542316104
968	-314.50503236733454
969	-305.6666831783189
970	-307.85241323095164
971	-307.20592098012577
972	-309.45677173470557
973	-297.8604648900189
974	-309.6696926791668
975	-302.50173922860944
976	-310.29858896632936
977	-302.30060823825215
978	-304.28705785342754
979	-303.8954661370945
980	-298.35488512710896
981	-306.33719927239764
982	-305.5555439546405
983	-305.2091261079556
984	-306.1591427572097
985	-300.9473780615662
986	-304.71497766303753
987	-300.38932642719493
988	-302.5615328887199
989	-296.1178914944446
990	-303.1649120545755
991	-308.138875709647
992	-312.20396013344316
993	-310.6454872220001
994	-305.231376014268
995	-310.24428841718037
996	-305.20964425730403
997	-302.6774822752262
998	-308.0026849925624
999	-301.39808817173804
1000	-300.1613471685698
1001	-300.8614260014674
1002	-303.6603679991584
1003	-302.91617487958024
1004	-305.14236289856626
1005	-299.8699713951124
1006	-305.1807020126389
1007	-303.70385490623283
1008	-309.5793189035814
1009	-309.02058580565455
1010	-311.6753769852675
1011	-306.644092459191
1012	-304.9162241647187
1013	-310.254140951586
1014	-311.9145470726779
1015	-307.7651684287386
1016	-309.9208832964962
1017	-303.61750163385994
1018	-301.5593969478541
1019	-306.1719204089252
1020	-306.83909060565605
1021	-302.3635771605021
1022	-297.9102361600034
1023	-300.86165614104846
1024	-307.3484968749119
1025	-309.9275361045597
1026	-306.08987137810885
1027	-305.4780299715734
1028	-303.15520736749846
1029	-302.8998666488166
1030	-292.9961040130235
1031	-304.6175147565222
1032	-303.88852538875267
1033	-299.48855446760365
1034	-308.0500682606832
1035	-297.6310813816791
1036	-302.8472858923104
1037	-300.2653413280411
1038	-306.44242617530625
1039	-303.78940272078677
1040	-294.17047694990106
1041	-298.0103967312524
1042	-299.4825892693178
1043	-306.3087072969928
1044	-298.8699165004838
1045	-305.4135047844496
1046	-304.3638742263547
1047	-301.03502709017056
1048	-306.70366711978045
1049	-307.39803682654764
1050	-307.91383088043324
1051	-310.5396833538407
1052	-304.79937924281614
1053	-302.7772578023483
1054	-304.0429517797947
1055	-301.2854212967362
1056	-307.4744932395268
1057	-307.7938211673334
1058	-307.4488194645439
1059	-306.5579346627239
1060	-300.6741635197529
1061	-306.04005660532664
1062	-307.4115154072222
1063	-307.5962584623976
1064	-311.7707893854819
1065	-310.47740364820356
1066	-308.61785834022777
1067	-298.32353045613087
1068	-306.9459034071701
1069	-306.63338920215904
1070	-313.78670368719224
1071	-310.22353106646085
1072	-304.3692251953736
1073	-300.80334517000523
1074	-308.97808114718305
1075	-308.017739521197
1076	-311.76494465806184
1077	-308.81210926086163
1078	-313.65316776190855
1079	-309.1572192895188
1080	-306.0581884656696
1081	-304.4724523837722
1082	-299.4183068475048
1083	-312.1805011707082
1084	-304.07733169978763
1085	-307.8781734611242
1086	-304.092930217702
1087	-304.50657123088575
1088	-298.5245663171551
1089	-311.2829713208141
1090	-312.74091061831604
1091	-311.51412861724
1092	-309.5898139907185
1093	-303.69820932519735
1094	-310.586877618007
1095	-312.73211307242354
1096	-305.96651080684535
1097	-312.10729945397463
1098	-309.1752598478886
1099	-306.4801966505595
1100	-309.1095573838266
1101	-304.6507754617991
1102	-312.36375906335167
1103	-308.73985487652317
1104	-309.5798896254604
1105	-312.1145297033478
1106	-313.3501359765253
1107	-311.0747629498582
1108	-313.6749303843804
1109	-299.1440326541066
1110	-308.11134883897296
1111	-305.7355853303336
1112	-306.3447635477417
1113	-302.9208784741272
1114	-300.75887363547025
1115	-312.22615748893173
1116	-301.6559404842258
1117	-309.08751667320865
1118	-307.8814202489265
1119	-302.50418989055396
1120	-305.2055388359456
1121	-301.5696333130041
1122	-300.5901850705211
1123	-305.6924697624218
1124	-309.4024314096743
1125	-302.7507982841975
1126	-311.83729380735764
1127	-309.34653602306645
1128	-305.09294182618453
1129	-304.3519063814767
1130	-309.81901961139476
1131	-307.88098981654105
1132	-306.36071645301973
1133	-303.34473466057307
1134	-304.5852534535189
1135	-304.57226811025276
1136	-305.60609792622523
1137	-309.1213646346083
1138	-303.02693572050345
1139	-303.2544760854233
1140	-300.2891049281425
1141	-305.76536947035436
1142	-309.1206971858434
1143	-307.87710816966757
1144	-307.2251645933291
1145	-301.4821810363572
1146	-306.29654715367883
1147	-307.4812382683034
1148	-307.0172406398805
1149	-312.94712393861494
1150	-311.15014962679834
1151	-302.51768683942106
1152	-298.982426563822
1153	-300.6343092583588
1154	-304.7560383382454
1155	-301.155783440537
1156	-315.11477397133325
1157	-298.1298551637436
1158	-302.3109781468063
1159	-305.8147522373907
1160	-306.9284279748927
1161	-307.0400997195835
1162	-310.401203095479
1163	-311.5523269242196
1164	-304.33782122629265
1165	-309.69643402268724
1166	-304.6793686959479
1167	-310.82117036940497
1168	-302.5681
1169	-305.29718926954695
1170	-301.4278058092642
1171	-300.1308105207885
1172	-304.7083426005055
1173	-300.6593395801783
1174	-305.7075576323274
1175	-303.61604916154096
1176	-307.7686295780887
1177	-302.9369303296243
1178	-301.7529930837919
1179	-309.19177251162296
1180	-299.938
1181	-304.8371258438379
1182	-304.3857549417599
1183	-302.18858680319903
1184	-299.65190824255706
1185	-304.19932119695005
1186	-311.0091296751063
1187	-301.58590754945783
1188	-306.07110805337174
1189	-306.7127416112063
1190	-312.8712195793365
1191	-301.8299440566605
1192	-304.2184942969637
1193	-302.84197614054557
1194	-306.87713469940724
1195	-303.24356197132585
1196	-307.00095116596293
1197	-304.697082151937
1198	-313.7157437729452
1199	-306.8485108334532
1200	-307.83377565769285
1201	-307.0547393973868
1202	-307.68248767667956
1203	-306.48083233526773
1204	-307.67807978433615
1205	-306.7576018946804
1206	-304.64492522808087
1207	-300.23088385464274
1208	-307.95154284474506
1209	-306.4618595304141
1210	-300.35873286926704
1211	-306.1474042490111
1212	-297.6302294506797
1213	-303.7394560098113
1214	-308.73782715522765
1215	-306.2639262480344
1216	-306.87168156226056
1217	-304.7777624707035
1218	-303.54928116293627
1219	-303.3816438819299
1220	-305.71108196388536
1221	-310.86466325176497
1222	-298.546769861711
1223	-305.36620330371903
1224	-307.5342354211568
1225	-302.5146254608647
1226	-301.57624661930885
1227	-303.16606852356915
1228	-296.35644742427996
1229	-300.6349827115938
1230	-301.1002868263418
1231	-304.08927755832417
1232	-302.8087176565783
1233	-301.0939826212125
1234	-300.5386000143375
1235	-301.05210003049075
1236	-302.0030224899474
1237	-305.80005829834903
1238	-296.35523389000497
1239	-299.30198834557433
1240	-300.7979607830208
1241	-305.24995240946544
1242	-309.48291215463144
1243	-301.68603902127563
1244	-300.8705500732036
1245	-300.46710065552685
1246	-305.899701959904
1247	-309.62516300686326
1248	-304.68957229334944
1249	-299.34449294420966
1250	-310.70702953529707
1251	-311.2051342997145
1252	-303.9182312964636
1253	-308.1307551978738
1254	-307.1792666245132
1255	-307.5285235865125
1256	-309.4530357251697
1257	-306.70761041267855
1258	-308.6249293503489
1259	-302.73546816660706
1260	-309.61570041449176
1261	-308.45792646999706
1262	-302.7230302280714
1263	-295.37080609215496
1264	-306.11372527382497
1265	-306.37666664773724
1266	-309.10733323505576
1267	-306.86606092638624
1268	-307.859584113467
1269	-308.94153131553855
1270	-309.1624144035319
1271	-309.3601297566589
1272	-305.6206517307133
1273	-304.1326528564483
1274	-300.49241505316024
1275	-304.6941575778551
1276	-303.7018297540143
1277	-307.29204496579706
1278	-300.450727952842
1279	-307.9699819803031
1280	-302.1684633451145
1281	-302.69050000248114
1282	-304.29162038761484
1283	-304.7307894650984
1284	-297.8056523540242
1285	-307.1040692046568
1286	-306.31030123257847
1287	-299.6705350321616
1288	-307.22428737449417
1289	-302.4130608430767
1290	-301.4712100093063
1291	-295.93239033961487
1292	-306.6740249956702
1293	-296.6246385873964
1294	-299.8339155384007
1295	-306.56724380138064
1296	-304.01929452451805
1297	-307.53450067001864
1298	-301.8497855815285
1299	-295.8835328764972
1300	-303.2425784649222
1301	-298.30398099410536
1302	-297.9990366004833
1303	-306.1214760792891
1304	-302.6825910340687
1305	-300.9488587604145
1306	-307.6289472348741
1307	-306.4280043234194
1308	-308.01076114000335
1309	-309.39511337812274
1310	-302.079913269874
1311	-298.8023068501087
1312	-303.9523319368748
1313	-304.5630441424673
1314	-306.6284301588974
1315	-299.65068608300686
1316	-309.52065246120264
1317	-309.2059326502431
1318	-303.82135361608016
1319	-305.5140572308095
1320	-302.82109335941067
1321	-308.06481655171245
1322	-304.40218198044715
1323	-301.04950480022416
1324	-303.751004336315
1325	-304.63016192549946
1326	-301.92343409344153
1327	-299.2213224523828
1328	-295.60304435698885
1329	-307.17471918507107
1330	-304.48924017652814
1331	-298.48755875824133
1332	-304.79297430320884
1333	-305.1484000006213
1334	-303.46213593712844
1335	-298.6570299870283
1336	-293.9598933049591
1337	-294.76058154733835
1338	-307.0024352432414
1339	-299.6222446714245
1340	-304.9561663589894
1341	-299.61477216621626
1342	-306.1230805914907
1343	-301.30007668396445
1344	-305.0117714781841
1345	-300.744602482363
1346	-302.4161780634223
1347	-302.43755296193063
1348	-299.36134845862773
1349	-305.45231920174444
1350	-297.2253078692772
1351	-298.96235626557865
1352	-300.1279331972772
1353	-306.4192645888994
1354	-301.8943468769251
1355	-298.6783000000018
1356	-303.79377257036947
1357	-302.2009849660772
1358	-305.99602840016286
1359	-306.2380115831008
1360	-302.8591085391342
1361	-307.5465601779403
1362	-306.8272532292048
1363	-307.3643456885154
1364	-297.7687125252156
1365	-307.5723379043984
1366	-304.7478172114991
1367	-301.5812448669217
1368	-301.0341655823868
1369	-306.6670951622195
1370	-302.8326704774398
1371	-301.7876397379937
1372	-304.0201000332266
1373	-304.927316282008
1374	-302.367688328906
1375	-304.63554864131623
1376	-305.20307394213194
1377	-316.19542733652503
1378	-304.4211433221219
1379	-300.35650415225166
1380	-300.460532594804
1381	-300.4414178243879
1382	-302.39093325920453
1383	-300.704872499357
1384	-307.15251848333395
1385	-302.0140748159083
1386	-303.4460927799955
1387	-305.3564020485462
1388	-297.9494976982437
1389	-301.728971214948
1390	-306.51558452897774
1391	-307.74715181102573
1392	-299.09363617779445
1393	-306.45722824093866
1394	-297.7572047865495
1395	-303.8032511784042
1396	-304.9518055612851
1397	-306.067738596286
1398	-304.0045530676578
1399	-304.85468491432874
1400	-303.7570131948707
1401	-302.3457841512321
1402	-307.08522048510395
1403	-302.7714248042543
1404	-305.51081155495143
1405	-306.80281576861347
1406	-302.26911156285485
1407	-300.69529842504204
1408	-306.546556053482
1409	-304.5545370994611
1410	-298.6694771275771
1411	-302.8536445523441
1412	-302.8977919693824
1413	-300.3101708986295
1414	-300.76152481139417
1415	-306.24787408610837
1416	-302.3806067479296
1417	-298.62099853841886
1418	-300.3471920372468
1419	-301.09553732314
1420	-307.02547287116465
1421	-301.6863701565718
1422	-302.54904851497804
1423	-303.3143981506393
1424	-299.27174349289726
1425	-302.9525992718418
1426	-307.1639759315057
1427	-300.086173547915
1428	-300.51417283531464
1429	-305.00910192293395
1430	-301.08770014991603
1431	-307.5117912952481
1432	-298.5481425852777
1433	-302.93165705534625
1434	-303.10355508685484
1435	-299.34701107042537
1436	-304.44243577352717
1437	-304.5280561673308
1438	-303.2653280223358
1439	-298.3386944784734
1440	-306.31273050831544
1441	-302.54221448038487
1442	-302.7333514319471
1443	-303.1050441414829
1444	-300.6761632945909
1445	-308.1490143648416
1446	-304.3857670912952
1447	-310.18262074557987
1448	-301.5853855589006
1449	-303.0014992487685
1450	-303.3913671228831
1451	-302.2108971953037
1452	-302.4044850588643
1453	-302.1636933796812
1454	-304.13875389573974
1455	-303.718161322634
1456	-307.88208022577214
1457	-302.3555728707216
1458	-302.2519589573516
1459	-304.2476664129997
1460	-306.17899123757076
1461	-307.1112512247723
1462	-298.473748955208
1463	-307.8454581316279
1464	-302.48231647486466
1465	-303.17436106482234
1466	-305.89972731214175
1467	-300.8188920212318
1468	-304.81184216935264
1469	-304.874008118643
1470	-302.6610095487477
1471	-305.06848154472584
1472	-302.4389968006488
1473	-303.01411746447445
1474	-309.75634812472407
1475	-304.90981751687724
1476	-310.07635936188177
1477	-301.75414776819656
1478	-302.3057236895264
1479	-304.57087503544943
1480	-304.4635119712775
1481	-305.5864469975831
1482	-304.13208174280805
1483	-306.0551084204588
1484	-307.5031928379314
1485	-302.210106798163
1486	-305.25796062105917
1487	-297.79181750156624
1488	-300.33099824436346
1489	-306.67426128429764
1490	-307.3029597290083
1491	-304.37636153562175
1492	-307.7294568772796
1493	-309.5667492307909
1494	-299.1740528573036
1495	-304.79342572569465
1496	-303.47365274209056
1497	-305.336327837821
1498	-299.268106944611
1499	-304.1191474887998
1500	-303.35861252350867
1501	-308.39069380778443
1502	-304.0725490730095
1503	-311.0281570057905
1504	-302.7192778944929
1505	-303.71804197370176
1506	-299.4495000793702
1507	-299.4157000000007
1508	-304.0892004325401
1509	-308.3441316516784
1510	-305.35925664581896
1511	-300.4657499549964
1512	-306.75199045345795
1513	-306.60340001917126
1514	-301.65474046923214
1515	-304.55256513448506
1516	-301.49503484835947
1517	-309.4152332749223
1518	-303.9611812626544
1519	-306.0802824631176
1520	-302.75780000000003
1521	-304.20593077778796
1522	-297.0774977018345
1523	-300.9926832184237
1524	-299.3824801132975
1525	-295.6398997493359
1526	-310.9156683012444
1527	-303.45945483389374
1528	-300.67532888107706
1529	-305.32681121500235
1530	-304.90763298496057
1531	-307.8290075167098
1532	-303.082850036177
1533	-304.37763588458637
1534	-303.4698942864432
1535	-301.75436317518546
1536	-307.3940984742832
1537	-301.7928403118988
1538	-302.05656128474857
1539	-303.5467945869733
1540	-301.0602332307513
1541	-300.1419087038354
1542	-303.71728307110124
1543	-302.2417910686055
1544	-294.9028952538525
1545	-300.95677788666916
1546	-304.48521783592986
1547	-312.6778184048774
1548	-306.31425323907547
1549	-306.2684785728023
1550	-297.89230168335257
1551	-297.8867697015046
1552	-305.4196029762259
1553	-306.6442541131946
1554	-305.2096160869914
1555	-308.0651279343713
1556	-308.26864885002703
1557	-303.9026300640334
1558	-301.51694393260016
1559	-297.9073069861693
1560	-295.2136374496774
1561	-301.8839259438899
1562	-299.4514000000003
1563	-301.6812021356126
1564	-304.2908399708349
1565	-301.17011732678395
1566	-304.05208185891007
1567	-302.33420522505327
1568	-306.51773861238297
1569	-299.35131294843234
1570	-303.55666488733704
1571	-312.79411568000234
1572	-297.04601068583275
1573	-309.2933301243486
1574	-303.08154012729494
1575	-306.9766931761989
1576	-298.25774912069215
1577	-299.3460182824117
1578	-306.08232128795055
1579	-305.27333501632955
1580	-306.5810831860579
1581	-298.32046878308637
1582	-311.5511896377737
1583	-309.9426773517979
1584	-300.64777925737053
1585	-301.6659659889076
1586	-303.83307174395856
1587	-307.01143870402433
1588	-303.63995819847787
1589	-308.1072262946499
1590	-308.3598510736069
1591	-310.2306710512195
1592	-299.7124037446889
1593	-302.7222924948631
1594	-303.27031691858144
1595	-303.105739296117
1596	-301.26542209875214
1597	-304.87519243958604
1598	-309.0165047950456
1599	-307.32189557691004
1600	-308.9440050692738
1601	-310.0689979880718
1602	-306.8812928653548
1603	-301.38243230413576
1604	-301.56285308259316
1605	-312.0451300689927
1606	-302.10336143803505
1607	-306.8417616790241
1608	-304.0009419335094
1609	-312.51095885321644
1610	-302.64613728595094
1611	-310.5503343433673
1612	-305.5380696704514
1613	-308.9819974102542
1614	-305.48681931058326
1615	-303.4040415444715
1616	-307.727635976899
1617	-311.7793638812538
1618	-303.49460397467845
1619	-310.4570008050738
1620	-301.73592062522584
1621	-304.56319308334713
1622	-308.28239724865705
1623	-307.83912319321763
1624	-306.0088833413606
1625	-303.4647422133462
1626	-305.32110856929285
1627	-300.9603208002126
1628	-305.75344447468234
1629	-303.4102532341836
1630	-297.777383554898
1631	-304.792685995518
1632	-310.4495045563742
1633	-307.44289104487575
1634	-312.1883873514791
1635	-307.9404856287491
1636	-293.0010706274661
1637	-311.69770919540446
1638	-300.95097886762636
1639	-299.9607602950309
1640	-304.6774108638465
1641	-303.272374221714
1642	-304.1956053249675
1643	-306.53613281148455
1644	-304.33793690923824
1645	-308.85018989495734
1646	-303.04793053907775
1647	-310.66666268581133
1648	-304.38946092947884
1649	-309.4086244446461
1650	-310.4885952040324
1651	-305.8118414943168
1652	-308.98052210858623
1653	-300.2143652897925
1654	-305.5572363321471
1655	-306.3184602043709
1656	-318.02357140512856
1657	-306.4020040145557
1658	-301.4021200320453
1659	-305.7156746325091
1660	-304.22675382330624
1661	-303.257234532572
1662	-305.5923374526923
1663	-301.8726149154185
1664	-307.1778073111729
1665	-308.1529486558357
1666	-309.97028525693327
1667	-315.0780969882446
1668	-305.9289831269614
1669	-307.5952907393399
1670	-306.68385380057117
1671	-297.7624749871903
1672	-307.85776413051724
1673	-305.4857242833205
1674	-313.2011344535863
1675	-311.6267139592373
1676	-306.4506869579423
1677	-304.38955834615024
1678	-305.3820661010981
1679	-312.87895449162676
1680	-306.3898147973085
1681	-309.56314951700625
1682	-306.28933368711563
1683	-305.78925244269567
1684	-305.8002975714176
1685	-308.21575355793817
1686	-302.3757736286657
1687	-304.9101256844852
1688	-306.25745497508814
1689	-301.06856922540726
1690	-301.1187456899586
1691	-306.6901147014032
1692	-308.6487048440526
1693	-304.07522956136694
1694	-307.7227001956413
1695	-305.3416593484974
1696	-306.17056410790894
1697	-311.59115503896373
1698	-311.2648113797508
1699	-305.4214175921822
1700	-303.45911957825575
1701	-307.6442775046606
1702	-306.3131397979783
1703	-312.6614960526514
1704	-308.88870409492023
1705	-310.4415948887345
1706	-304.8214394576085
1707	-307.70683148062363
1708	-298.2524395670295
1709	-311.2678732778805
1710	-303.433787567377
1711	-311.3010035339931
1712	-306.8666159241218
1713	-304.17297686230114
1714	-306.24558155907556
1715	-305.03504102912535
1716	-303.9010010696786
1717	-303.8089809666772
1718	-301.86377458044495
1719	-301.18044607997365
1720	-302.29981885916163
1721	-296.4637132520488
1722	-299.27895852256734
1723	-304.1809751769229
1724	-305.4569038111989
1725	-305.36202506501803
1726	-303.6750484793087
1727	-310.6804906575504
1728	-301.8141368546334
1729	-306.0390802769407
1730	-304.3431558328075
1731	-309.7446806092343
1732	-307.8491788783142
1733	-308.5394346599726
1734	-307.4065364022536
1735	-308.8108042175507
1736	-308.36071002103387
1737	-310.3244386161601
1738	-302.56386876959306
1739	-305.857844345279
1740	-304.84522499390465
1741	-305.6680573878925
1742	-310.33066107300124
1743	-302.72077009824807
1744	-310.0568929853865
1745	-300.4587937393981
1746	-304.384619200618
1747	-300.06287036266
1748	-289.52100060941405
1749	-303.06030989247256
1750	-299.89540829858265
1751	-296.868105905801
1752	-303.78036919341594
1753	-299.86681424088397
1754	-302.2472239530075
1755	-307.6353487067444
1756	-307.7682185380773
1757	-305.52781317301776
1758	-304.6632005342803
1759	-301.7076934748012
1760	-300.2413407822821
1761	-293.3484361166763
1762	-305.7593031494004
1763	-302.587118898967
1764	-304.57391255182284
1765	-297.2135846106611
1766	-301.6597280038061
1767	-307.9675527624771
1768	-300.8037215099075
1769	-313.3431141078895
1770	-303.6392816641744
1771	-305.0751398771167
1772	-310.21817672183175
1773	-307.9133299908736
1774	-308.0032263426604
1775	-302.99114322167435
1776	-300.15650229572515
1777	-307.7874902109899
1778	-307.53493727767767
1779	-308.45808907276063
1780	-304.4883996845169
1781	-301.7773572542421
1782	-304.99622750234107
1783	-307.18065099658224
1784	-305.25377292315983
1785	-308.1095652670408
1786	-299.24729041727255
1787	-308.96812619880444
1788	-303.7540466307948
1789	-304.8321484514305
1790	-303.4744196939868
1791	-305.2454422992394
1792	-303.5528626880397
1793	-311.1173033364516
1794	-313.3855734641198
1795	-305.72977953753497
1796	-299.6752327569672
1797	-304.7183224868504
1798	-309.0177020358035
1799	-299.740448274084
1800	-306.6070545494678
1801	-302.1428972296302
1802	-308.074163138718
1803	-302.69221734214955
1804	-297.3442562536778
1805	-308.9920525130972
1806	-307.3164601649963
1807	-299.38442081733643
1808	-298.4043891124526
1809	-303.55836619713983
1810	-305.206838215654
1811	-307.2839300725285
1812	-305.7430673856482
1813	-300.79846907757553
1814	-310.8577921939501
1815	-300.4011702442029
1816	-304.3354926254465
1817	-310.30860359079685
1818	-305.96604954214234
1819	-308.82249091422057
1820	-296.3057164609585
1821	-306.13213528994567
1822	-305.63239030891765
1823	-296.37024809122886
1824	-301.343567886709
1825	-302.0174451906002
1826	-300.00972639562127
1827	-304.3206490790979
1828	-297.6476081117486
1829	-300.98902462805637
1830	-305.8829605033621
1831	-309.4293075386784
1832	-301.8700236503209
1833	-303.7855185827868
1834	-307.5871800131951
1835	-305.7497248673453
1836	-304.1726448186028
1837	-306.0512321981576
1838	-305.93941463783403
1839	-298.965772834353
1840	-307.95751078247315
1841	-312.7721389751629
1842	-301.83908448922506
1843	-312.26756331397473
1844	-301.6162838453864
1845	-309.39454187777625
1846	-304.54062292170147
1847	-309.5105718890745
1848	-313.54180873781473
1849	-305.0321652714486
1850	-300.8060755087324
1851	-304.34473508428465
1852	-303.6293718428136
1853	-303.41899435326457
1854	-309.398956364042
1855	-303.49294871550575
1856	-303.21075065057175
1857	-301.7630077194686
1858	-305.6206000087326
1859	-311.75900631242
1860	-305.88335675214876
1861	-312.1381323131918
1862	-306.03305087547824
1863	-310.796751466606
1864	-310.07771375898835
1865	-308.89960249745576
1866	-303.7701462350043
1867	-312.31494667244306
1868	-306.03563145697314
1869	-313.5817483335541
1870	-307.5957448158539
1871	-308.33947490149643
1872	-313.5701960150314
1873	-300.83810010206486
1874	-303.6056636770041
1875	-309.6996869033674
1876	-310.09699343709946
1877	-303.8723813481163
1878	-308.74862123693174
1879	-307.87782996110184
1880	-308.96764814060015
1881	-302.97861375234163
1882	-303.39892675179954
1883	-302.7382597503382
1884	-310.5565303640119
1885	-310.80675846223534
1886	-305.762374838711
1887	-309.9835863733673
1888	-306.7659319217873
1889	-307.1660027611023
1890	-311.32506096467733
1891	-303.98263967526054
1892	-303.3300144089796
1893	-304.3531826540775
1894	-304.9855425308193
1895	-298.1468644366987
1896	-307.1344966507177
1897	-304.09047560571764
1898	-308.6048852176788
1899	-306.24422104388987
1900	-306.20271043963095
1901	-306.327846708054
1902	-307.29071509724514
1903	-305.01740727981485
1904	-306.6966662851439
1905	-303.65013394360545
1906	-313.3019953059938
1907	-307.06404839902603
1908	-305.8856213917653
1909	-300.9182946636865
1910	-312.71115632997146
1911	-301.24711353432974
1912	-309.2724191252066
1913	-301.5684627125118
1914	-307.81907819820594
1915	-309.901174277091
1916	-302.34281635031
1917	-306.2545097799409
1918	-304.95507336527953
1919	-305.4289297555015
1920	-310.29934056762386
1921	-310.8216598105042
1922	-308.42289545919436
1923	-304.53358953715895
1924	-309.9409948723509
1925	-305.52914749203023
1926	-308.7063055496608
1927	-298.0511410358114
1928	-302.7353021818189
1929	-304.1364609643003
1930	-303.67008323798984
1931	-304.8338448245379
1932	-300.84291373918546
1933	-305.9337811739236
1934	-304.315550052683
1935	-307.44009115178284
1936	-306.40983334841866
1937	-306.79393663040264
1938	-307.22923190407266
1939	-302.48850018729416
1940	-310.9370017828089
1941	-304.5919855069082
1942	-308.7865828253565
1943	-308.19120611913104
1944	-305.6471986903161
1945	-308.15748600433193
1946	-310.69032734561983
1947	-299.87662415971846
1948	-311.09160361833455
1949	-304.7832198175036
1950	-307.2501044563109
1951	-307.55146187993506
1952	-304.3630137106886
1953	-312.51264365565805
1954	-311.81239730380133
1955	-305.4256487328076
1956	-306.2355239083348
1957	-312.5894258420418
1958	-305.38176955629376
1959	-308.6328240918403
1960	-304.7692109237194
1961	-302.0023241351508
1962	-302.4736073104278
1963	-310.39190212915844
1964	-307.38253449034477
1965	-312.8435473407428
1966	-308.6168245121855
1967	-305.38387720012486
1968	-313.81778349678916
1969	-304.09562714205674
1970	-300.2146055928831
1971	-297.71411901795113
1972	-310.6830122478072
1973	-310.7920117611187
1974	-306.50757211524103
1975	-308.80268554528544
1976	-298.99794571332626
1977	-307.8008799217692
1978	-306.67651784786705
1979	-304.2937966087354
1980	-305.8915425420858
1981	-306.42230835760444
1982	-309.9235475110754
1983	-308.1335505019141
1984	-306.8839374977233
1985	-307.2531297713943
1986	-313.2516539392428
1987	-306.126612961117
1988	-311.000517547683
1989	-304.9632601783453
1990	-298.6863313393005
1991	-308.770916243468
1992	-304.9776584067888
1993	-306.2491647514143
1994	-307.9819738365224
1995	-303.3381082989042
1996	-306.4687207626042
1997	-300.2007382228811
1998	-303.71389126785107
1999	-304.2171685202436
2000	-304.04559264208893
2001	-303.7743785436493
2002	-299.0660324426207
2003	-310.74473705773045
2004	-310.03055596401043
2005	-314.1232649941593
2006	-305.95278953135096
2007	-303.95926537585615
2008	-305.37370733813367
2009	-300.3418829709692
2010	-302.4808336579622
2011	-303.73472097644935
2012	-306.4707399102045
2013	-306.68803098587523
2014	-303.4093638156412
2015	-308.09670837658405
2016	-298.6313090896279
2017	-299.56043511728177
2018	-306.7323242859708
2019	-306.30076698511033
2020	-309.07804713072693
2021	-303.277406184161
2022	-305.26008381283907
2023	-306.78348813590856
2024	-311.0120904625551
2025	-305.2489065610313
2026	-300.67158670823557
2027	-309.72208686129534
2028	-311.1511162632324
2029	-310.91651051157146
2030	-311.193808537399
2031	-300.49646231003544
2032	-306.4022730430476
2033	-309.3407166836576
2034	-303.38395284844603
2035	-307.4995063384045
2036	-306.6489466558463
2037	-307.7609683009984
2038	-306.85381876008864
2039	-306.4036770089487
2040	-301.7451789442482
2041	-301.75591357473405
2042	-301.03609394689664
2043	-296.1736802771709
2044	-315.3661222305494
2045	-309.20468016047107
2046	-310.4881547591125
2047	-307.24854727446944
2048	-305.7960082641654
2049	-308.3977612766485
2050	-299.75063197377904
2051	-306.23176851094314
2052	-308.2704010534136
2053	-305.1177636245308
2054	-303.9293989684024
2055	-307.476169158113
2056	-306.9825066949652
2057	-307.3576609259625
2058	-303.31333124131123
2059	-304.83660673280554
2060	-303.20904486204313
2061	-304.68884662841776
2062	-308.39502864940675
2063	-308.29567785454265
2064	-299.95439587548174
2065	-303.80932998250415
2066	-297.57519041731786
2067	-301.22530756452113
2068	-303.5590760186785
2069	-306.4894717668881
2070	-306.200320770455
2071	-307.36916722220855
2072	-312.7239746098627
2073	-303.81363715730754
2074	-307.1418025095811
2075	-300.9452862942769
2076	-308.0810275421185
2077	-298.2001260756734
2078	-303.51567385627294
2079	-298.46066291985
2080	-300.21079882299296
2081	-309.46044003038236
2082	-305.5985889839788
2083	-302.89302772238995
2084	-302.3898513280047
2085	-295.9878603768461
2086	-303.18575159941116
2087	-307.1372908330038
2088	-302.4939515847554
2089	-307.47939975386316
2090	-306.8021903413046
2091	-305.21260181668765
2092	-311.4016770376849
2093	-309.14717445978937
2094	-309.0298248260859
2095	-305.1639760869759
2096	-304.1782275611836
2097	-303.8948360025479
2098	-304.12647888760915
2099	-307.44546872678956
2100	-299.4848211190336
2101	-306.1820369400034
2102	-308.7764003117389
2103	-309.3481559111413
2104	-300.4485070882602
2105	-309.28455184310087
2106	-312.1373927019528
2107	-309.87560151501265
2108	-308.3262154168484
2109	-310.39341830307114
2110	-301.65706684131055
2111	-304.42533390216533
2112	-302.4261208906048
2113	-311.11433170452915
2114	-306.0906125167949
2115	-308.3789871280207
2116	-303.46148975265464
2117	-303.8187298430248
2118	-308.9892447579398
2119	-306.9551752628208
2120	-299.49063737259513
2121	-304.3384469463138
2122	-302.4402544834545
2123	-309.96058251326656
2124	-301.7957346868974
2125	-303.05169564928224
2126	-305.5891066892367
2127	-309.162827697646
2128	-295.86153085383734
2129	-310.7542856725549
2130	-309.0956630647667
2131	-305.9960412633155
2132	-305.2740642520422
2133	-306.36590512954274
2134	-306.15329829429845
2135	-303.89818955496315
2136	-304.1529224654293
2137	-301.7811470498346
2138	-311.73379021634344
2139	-308.1798215750434
2140	-305.66468573777416
2141	-304.2627660355221
2142	-302.08088106008375
2143	-304.85595698501197
2144	-298.9132948217152
2145	-304.6891212354065
2146	-311.01075218399137
2147	-305.81246636527527
2148	-307.56924950781456
2149	-309.21858745853876
2150	-308.49136084600906
2151	-309.52321203303114
2152	-308.2565215401779
2153	-302.22768992912177
2154	-305.0165566121471
2155	-303.8259909811508
2156	-303.3131607171215
2157	-305.87287667716186
2158	-309.4971399903589
2159	-312.4053738184788
2160	-303.5587324298979
2161	-308.47538505302293
2162	-309.76822816894037
2163	-300.8769224470731
2164	-306.1966698546441
2165	-304.24049765519914
2166	-308.45805497299875
2167	-301.1007850008586
2168	-301.58562446992374
2169	-309.35361486161133
2170	-309.399458590241
2171	-309.2982292259367
2172	-302.4784623998497
2173	-311.1349675617164
2174	-309.68863872992034
2175	-306.2517050420738
2176	-310.81043318282735
2177	-302.5467437235588
2178	-303.7539579384804
2179	-310.2550902457744
2180	-313.12097279175066
2181	-307.2443003019595
2182	-309.394256150354
2183	-310.0579359979822
2184	-310.7309365236691
2185	-310.9768703153433
2186	-307.17916292201045
2187	-299.401461004914
2188	-305.76435840109093
2189	-309.75839116408366
2190	-303.8201564964886
2191	-308.7653562071441
2192	-307.9784010352604
2193	-302.63907216707526
2194	-308.1938296094612
2195	-310.6994501695956
2196	-309.4158325266222
2197	-304.7874120629936
2198	-304.69847025735896
2199	-309.15474683829444
2200	-302.7740135328731
2201	-303.71826051932453
2202	-309.3082646981989
2203	-311.264622927716
2204	-309.01235480387396
2205	-310.2536754000361
2206	-302.39359914643114
2207	-301.07489219602485
2208	-312.2476383989568
2209	-298.5962726936614
2210	-308.4356077605749
2211	-306.6795327606791
2212	-304.76117768565115
2213	-302.07812847109074
2214	-307.129846090391
2215	-302.3841175561754
2216	-304.58528361921503
2217	-303.0388598682208
2218	-299.9955454590031
2219	-300.8150395252726
2220	-306.52020658868673
2221	-300.98384233899316
2222	-299.61221337645475
2223	-311.04225879156655
2224	-308.530839475432
2225	-295.0509666561171
2226	-303.8343082333473
2227	-304.28423950773316
2228	-309.973357486325
2229	-303.83385993140104
2230	-304.5879978234432
2231	-310.93497425290246
2232	-302.06490047527285
2233	-302.284627750595
2234	-304.1705265669142
2235	-302.0278296032569
2236	-301.6832756522449
2237	-299.6653601070251
2238	-307.1983382702649
2239	-304.19432080604
2240	-302.927444957194
2241	-302.96694765015326
2242	-300.8665945785245
2243	-304.6009293138901
2244	-307.24487623649725
2245	-307.5339341627022
2246	-304.6785308183954
2247	-303.7797807230003
2248	-302.8076330861358
2249	-299.98725710096153
2250	-300.6974653126158
2251	-303.66358801046545
2252	-306.9036583590767
2253	-301.9868436134749
2254	-303.1450131533123
2255	-295.0862791329177
2256	-298.22281738994525
2257	-304.43439204870367
2258	-300.88729668253376
2259	-297.0907043597688
2260	-298.0520179332455
2261	-299.3972450266318
2262	-298.4726374865581
2263	-296.8967505429478
2264	-306.27248704770636
2265	-299.3403000001367
2266	-306.98708064051345
2267	-304.2776209641304
2268	-300.1390594734518
2269	-302.8830241743786
2270	-297.85307338671174
2271	-306.9674704386386
2272	-308.0594816364491
2273	-304.06407328964866
2274	-303.2912022281381
2275	-303.69948150816134
2276	-300.211960329088
2277	-300.0237346105583
2278	-304.53054709459167
2279	-305.6346002752628
2280	-304.8766734365504
2281	-303.88545707718396
2282	-301.60799106089
2283	-304.1802955578832
2284	-305.1801616312312
2285	-303.3856886347037
2286	-298.8661047562152
2287	-308.78558887913726
2288	-303.62800572236347
2289	-301.1138000000002
2290	-300.56466597113916
2291	-302.2419914783313
2292	-298.3363842743706
2293	-296.4113645980951
2294	-303.77863454796847
2295	-300.7687455122795
2296	-299.7058696382694
2297	-297.3684167791639
2298	-306.0677929557573
2299	-298.3122852822927
2300	-307.16227282955424
2301	-297.1586665389167
2302	-307.26841460659045
2303	-303.82662536914853
2304	-300.9840601418933
2305	-303.59406672719786
2306	-307.7140459464602
2307	-299.8895898131463
2308	-307.7704622942261
2309	-304.40046709701795
2310	-308.75601094520033
2311	-310.1132079889063
2312	-306.06001152381555
2313	-304.65659620017715
2314	-300.1604618312683
2315	-304.68683482848
2316	-306.53387599088416
2317	-311.09258758626197
2318	-305.96917934274074
2319	-306.6351444462491
2320	-302.0986540826503
2321	-308.8299839218695
2322	-307.7212104631114
2323	-306.21153010358904
2324	-301.58839665561214
2325	-310.9164980851153
2326	-308.56622440398917
2327	-307.83509163420297
2328	-308.8614062318647
2329	-301.8571915355117
2330	-307.7751819426216
2331	-302.3307328234828
2332	-302.53403951230763
2333	-298.4897514732479
2334	-305.9688000000411
2335	-305.7972558915488
2336	-303.5607214568506
2337	-304.9335796610849
2338	-309.26351957182027
2339	-300.7886024719988
2340	-298.2994382235258
2341	-305.33690609177904
2342	-312.4659711446
2343	-297.5700830860391
2344	-301.8282870222679
2345	-305.02671553997897
2346	-300.7141675344795
2347	-296.71920333614037
2348	-307.0329536941129
2349	-297.1460026919617
2350	-311.87818861349825
2351	-309.36733217897586
2352	-305.3396689991801
2353	-308.4028102202
2354	-300.72002370645106
2355	-303.15767625822446
2356	-304.38496934177374
2357	-299.5921825809471
2358	-301.31762907407136
2359	-302.7679107180517
2360	-306.57782971843113
2361	-290.3849811276223
2362	-307.6354608240379
2363	-306.9035058912982
2364	-307.70988391011434
2365	-306.7364419023872
2366	-303.354539528675
2367	-303.0154864393359
2368	-305.00455859417247
2369	-307.32302855275555
2370	-306.9482627254224
2371	-314.8770921548565
2372	-303.84321486001465
2373	-307.5206528290686
2374	-299.49084831707614
2375	-311.13662516196456
2376	-311.35226658187145
2377	-302.338772225212
2378	-304.6790160586089
2379	-307.0410658404396
2380	-301.04104092935626
2381	-305.4009501837869
2382	-303.6061028685187
2383	-309.9999587579867
2384	-301.45023759838796
2385	-303.34714650591525
2386	-306.04996700526954
2387	-301.2311627393793
2388	-301.96077845586774
2389	-311.23938669219984
2390	-308.61355658057846
2391	-304.88295731702465
2392	-305.39631441374866
2393	-307.4445387170635
2394	-311.08477278960214
2395	-304.8068716730443
2396	-305.88281880425893
2397	-306.1869501723381
2398	-300.44499494934274
2399	-302.9999561450956
2400	-299.53640103464966
2401	-306.9021453491208
2402	-307.489312732942
2403	-305.20193349579756
2404	-310.34310552912217
2405	-300.815257765572
2406	-307.0491444920709
2407	-307.8864237105198
2408	-311.51536794438425
2409	-311.37258475742317
2410	-313.1042647936548
2411	-314.2101358529538
2412	-308.4063135962036
2413	-310.4287421003011
2414	-305.7556349542806
2415	-309.43849702455094
2416	-305.2517034619155
2417	-313.44770346837686
2418	-309.4210921127756
2419	-305.0250915388558
2420	-300.01002489399576
2421	-308.8101333394999
2422	-304.8864351384646
2423	-308.4013913700993
2424	-301.33468942725256
2425	-300.63432276653197
2426	-306.06913200233356
2427	-311.09279928489735
2428	-299.8235058083298
2429	-301.3462755431865
2430	-303.2252276460731
2431	-302.94663668173814
2432	-307.6151842021723
2433	-303.7329506577495
2434	-304.3519888125202
2435	-304.73199710063665
2436	-306.76476880366516
2437	-304.7248305158633
2438	-301.2430129393286
2439	-307.2650766754069
2440	-303.46036005224596
2441	-309.9843827707716
2442	-301.8183795985756
2443	-307.1439724682475
2444	-301.96908261511965
2445	-307.5579081743317
2446	-307.2107529943624
2447	-311.2379819838771
2448	-305.3215355759876
2449	-304.37202803573575
2450	-308.55405473746754
2451	-309.81667090876954
2452	-304.8371231728125
2453	-306.4934480543634
2454	-307.0205666007007
2455	-305.4053367978262
2456	-310.22948636146464
2457	-307.7167769641503
2458	-309.22125107269517
2459	-304.78191290099574
2460	-303.84291518444934
2461	-307.8917352904792
2462	-312.20529570934144
2463	-307.3235811300228
2464	-308.0141279166994
2465	-308.32097124992157
2466	-301.6198995060002
2467	-308.41040660964404
2468	-308.77680480385027
2469	-300.94051761436975
2470	-305.8782630633597
2471	-308.150859160959
2472	-307.2331168187984
2473	-303.5305966564649
2474	-304.37954028656566
2475	-306.62866574603123
2476	-306.7793923567504
2477	-306.2908439161338
2478	-309.60615357915356
2479	-302.97420575368193
2480	-310.94259583440316
2481	-305.2132641209383
2482	-302.4329975169747
2483	-307.3806500340151
2484	-304.998987044285
2485	-303.9635715169649
2486	-307.4916944484234
2487	-309.08322387772444
2488	-306.64946860518376
2489	-304.66114836769617
2490	-301.42619787733764
2491	-302.18563094459205
2492	-306.0693665155465
2493	-307.5586769761393
2494	-308.57704513678664
2495	-307.3196857990538
2496	-315.28599827346613
2497	-311.8266604805994
2498	-308.07143118961807
2499	-313.05732916009555
2500	-309.39727348228297
