1	-302.46328768647675
2	-303.67934599111214
3	-300.81353710357723
4	-310.43342329166205
5	-304.83342850610575
6	-304.5610813413607
7	-304.03307011448237
8	-298.71141111760085
9	-305.5059264383075
10	-301.51399991765936
11	-304.3923885986464
12	-307.46331436933957
13	-308.10643345604745
14	-307.2622490372635
15	-305.9729745406094
16	-300.2348699164445
17	-306.8378532609674
18	-301.53637293966136
19	-303.71503245541896
20	-300.8848444007617
21	-304.76466716136866
22	-307.171501126335
23	-304.60142413683013
24	-304.95862852487005
25	-303.3069550645486
26	-311.8791159011503
27	-305.81115237772553
28	-306.51155088912304
29	-308.61486530940886
30	-310.4160889167795
31	-305.6677150975045
32	-310.65197229748225
33	-303.2968243775852
34	-307.927186080294
35	-306.9832424127495
36	-306.5414160226778
37	-301.2213100294774
38	-305.45500292061394
39	-305.7562557995313
40	-309.2253955215755
41	-308.3246096677176
42	-311.66284346901045
43	-311.11960408513266
44	-309.0032381792318
45	-303.74857585043435
46	-302.4182376176479
47	-311.87850409871095
48	-312.83766776524726
49	-305.6508141295193
50	-306.99461070706
51	-303.41230610733083
52	-302.06624388577717
53	-290.51196051354344
54	-302.92915659159735
55	-310.0223333086017
56	-309.23039588073595
57	-304.31342242984385
58	-304.12039414436595
59	-304.4248597661691
60	-306.74899634906853
61	-300.60143111425896
62	-307.43966546180724
63	-309.358883781805
64	-304.58451355865645
65	-302.19363835646
66	-300.0944748080689
67	-308.3734708933223
68	-301.3167519393739
69	-307.4874008866858
70	-308.48374191262496
71	-299.41160158761363
72	-309.19814497129533
73	-306.2279517786388
74	-306.74285145157495
75	-310.81939038964344
76	-305.64972610022977
77	-296.47253564978166
78	-300.2668283653127
79	-305.6019160937288
80	-293.50400202838364
81	-302.0069078017838
82	-304.832099036943
83	-305.76310306268033
84	-303.16780376752513
85	-301.24462245672856
86	-302.0145215390852
87	-305.64429312017774
88	-299.23099744723606
89	-299.33720711765267
90	-301.9305374185349
91	-299.6924770611369
92	-301.84094394776366
93	-299.6045998552222
94	-304.05124183882594
95	-303.75360278609804
96	-303.87168106828693
97	-309.908303040237
98	-304.3844787283161
99	-300.16425430590607
100	-298.23427311317073
101	-301.6188462455549
102	-302.1711004822283
103	-302.85104897871247
104	-310.29570220918635
105	-303.7329315260613
106	-305.0866954491628
107	-308.8458541165968
108	-306.4597265382799
109	-304.36353594557244
110	-303.00824273659236
111	-304.4945496001511
112	-300.136454001891
113	-305.4312025286054
114	-311.1173174918393
115	-309.05804347739416
116	-302.87359186008973
117	-303.51328800132495
118	-302.704644301702
119	-303.10810860202224
120	-302.9671538034619
121	-308.34266206915845
122	-305.79243280581784
123	-308.0675091318597
124	-307.66243775602925
125	-300.77733867123777
126	-311.79340120200203
127	-299.74777906609205
128	-294.9874630428696
129	-301.1314826231438
130	-303.5305453869426
131	-307.31071309846095
132	-303.37501890956673
133	-307.6729566757013
134	-304.441159552887
135	-299.8014877140215
136	-294.7804882374575
137	-301.4078204262883
138	-300.35522453954167
139	-307.35770747454194
140	-310.64441597720247
141	-306.21003527034406
142	-302.3776380968671
143	-308.9321891875643
144	-304.5695222806794
145	-301.88505919564665
146	-308.2197890302404
147	-302.2249283283404
148	-305.6764569744412
149	-305.0851451637838
150	-305.6245230535073
151	-308.991748391921
152	-300.69584318981555
153	-298.7047932948368
154	-301.2250474644903
155	-302.7462652953474
156	-301.70432337477973
157	-302.2238284432737
158	-298.40427798806553
159	-305.60559269794953
160	-305.59264729691887
161	-302.5562637137002
162	-307.2298268573009
163	-300.19877139522663
164	-307.4491275581281
165	-302.6805803534512
166	-306.36444762865307
167	-301.38387934898833
168	-303.2329648219678
169	-309.67944082251773
170	-303.8239652424506
171	-305.47873995335874
172	-301.44813564978244
173	-303.55460162296373
174	-309.7380711313843
175	-302.23174386391776
176	-308.5996535733414
177	-311.3496874282954
178	-303.1256111455899
179	-298.89117986747505
180	-296.2907240379543
181	-299.92746861448836
182	-304.9047531441851
183	-294.12563363695773
184	-301.45059159703555
185	-301.1177437590322
186	-298.5615290635596
187	-301.65393968169207
188	-308.308006089756
189	-305.35962414217016
190	-303.01249340113407
191	-304.9985809540047
192	-308.5566329923113
193	-304.535272201684
194	-307.1581649067264
195	-301.42329680243597
196	-310.75647033117826
197	-307.68648870835864
198	-308.3423451032496
199	-306.7630552222336
200	-298.12106227524674
201	-302.2418775766418
202	-302.6284150422401
203	-303.80044378855916
204	-307.1733106621887
205	-300.0551167517013
206	-305.0671053112165
207	-306.5159354931859
208	-300.3291675805968
209	-298.8505881223338
210	-300.46420726713325
211	-303.4090999008448
212	-309.62598318503166
213	-304.897372530265
214	-308.03813773126757
215	-305.24962740213965
216	-303.8279983605246
217	-302.04445184121624
218	-303.32200692188434
219	-302.11670000000004
220	-306.0922662705734
221	-303.2518204237925
222	-308.53801468106224
223	-296.93039576123954
224	-301.14918616195297
225	-302.90045533341635
226	-308.6582625455733
227	-307.2925728674311
228	-302.93710070342934
229	-306.5049428450266
230	-305.9467167076802
231	-306.9390286567852
232	-297.4511905130595
233	-297.4974916826815
234	-298.4569724310134
235	-298.3186693841603
236	-303.9882254324654
237	-308.0410669251331
238	-306.9815149672468
239	-305.099747507585
240	-312.2165760053821
241	-303.8454938432238
242	-310.76115492491635
243	-305.8420323854789
244	-304.2074237525167
245	-310.3833851615381
246	-308.9825576037676
247	-311.39777759517136
248	-308.0040888579044
249	-311.4371470701452
250	-312.99229656200055
251	-302.9964681682855
252	-309.8627236899446
253	-303.16580936394615
254	-312.2442348646523
255	-298.4907139185239
256	-308.1515501429787
257	-305.42674513781867
258	-307.84844356193236
259	-306.80741558666097
260	-309.01923624592655
261	-305.9119579664179
262	-308.89241131140375
263	-300.7104836480035
264	-302.16842955633723
265	-309.31636012996194
266	-310.2881006612715
267	-312.0355946409914
268	-301.68002117457195
269	-300.1271327240485
270	-301.6018205839682
271	-303.4097049391703
272	-305.380853275867
273	-309.7817427303581
274	-310.14592482769416
275	-306.3729552766781
276	-306.9271148578865
277	-313.57641010894014
278	-303.2399026549657
279	-309.54053532429623
280	-310.09468081450063
281	-310.21391562500025
282	-303.52647748403257
283	-310.2238049398144
284	-308.6512476711788
285	-308.7119097969939
286	-301.0121748878081
287	-303.2969392246327
288	-298.418120735914
289	-300.38756744844886
290	-298.11963184838373
291	-306.7583431781005
292	-299.2625781410802
293	-301.3983964561453
294	-303.01089232316326
295	-307.1710964121606
296	-307.6361793477398
297	-292.37720964702226
298	-310.098065910351
299	-310.57609141368414
300	-309.43303059265503
301	-306.6526811361136
302	-306.4289271863281
303	-311.4043989333494
304	-306.7026747545505
305	-309.634631407533
306	-312.76580232465847
307	-301.5253427443663
308	-302.34913007231023
309	-304.2251657734179
310	-310.3603611937184
311	-311.3856716638126
312	-310.84069061744617
313	-308.9395060638831
314	-306.30392772162696
315	-304.9606078610117
316	-311.1489782419523
317	-312.5050868624452
318	-305.09252067122196
319	-307.40710158886844
320	-304.0832176139216
321	-297.89637758533286
322	-303.0284092928436
323	-309.02313511705876
324	-306.5044904197457
325	-304.5883700176865
326	-299.84375578884755
327	-299.33992239250256
328	-306.4998828752336
329	-307.2393581045903
330	-312.320076746266
331	-303.3701295629249
332	-302.37188757104974
333	-307.4122247146693
334	-306.66788767203724
335	-308.37203850234715
336	-302.6117079644069
337	-301.2375439931576
338	-308.565412875831
339	-306.0884130873219
340	-310.436399020903
341	-306.2266642693694
342	-303.94439087340595
343	-304.03899099364685
344	-305.5904611020872
345	-302.2308667949459
346	-309.41032757243045
347	-309.1662114015571
348	-297.53608192279967
349	-303.69582099714484
350	-307.8687365142033
351	-305.57024704941693
352	-303.1823940353971
353	-308.01526657211434
354	-303.00577565247266
355	-303.14736496921955
356	-299.28153882688457
357	-300.69917427584704
358	-307.30697272806344
359	-294.5493222078342
360	-311.08686403927993
361	-304.7938169495463
362	-306.05806598547935
363	-306.2123420301187
364	-309.08251105831545
365	-304.64340929472985
366	-301.48485230131547
367	-305.0819152319088
368	-301.98794264171585
369	-299.7091556450765
370	-299.1185634568135
371	-301.61973990067384
372	-307.50914087610676
373	-297.1465082790978
374	-298.0043353455173
375	-300.8764897936981
376	-305.82105515604394
377	-298.3009830408049
378	-308.95347077269287
379	-302.8547550942664
380	-306.62536994504165
381	-309.87441016955836
382	-305.5467595676725
383	-304.2152459008655
384	-301.76957543014635
385	-310.5343767250069
386	-307.10285921273817
387	-307.26910462724675
388	-311.5138612511654
389	-297.38879482212684
390	-298.73597093473876
391	-302.3434835423857
392	-300.3029027471095
393	-306.19754040022383
394	-306.3618037274505
395	-306.70078430995045
396	-307.15859619979597
397	-303.5511413833563
398	-307.2306630494896
399	-309.21058705710266
400	-309.48029441214095
401	-304.886913880471
402	-306.667025513926
403	-307.2199560299883
404	-312.488685472774
405	-306.4195000125024
406	-305.8924426003261
407	-304.44600213004844
408	-308.6298665787172
409	-303.64733475506006
410	-308.48132328745004
411	-305.1228834636812
412	-303.62554855537917
413	-300.1902152976863
414	-311.3252590007918
415	-305.0013004381534
416	-305.25966680005075
417	-300.5502223940284
418	-308.9166784019312
419	-300.98967453446636
420	-304.10179735296697
421	-305.4095011315066
422	-303.12794925857094
423	-310.0910376671036
424	-306.2846987026826
425	-308.87839498776736
426	-307.63115576406506
427	-304.99404545724923
428	-304.1472908134672
429	-305.4114777660856
430	-307.6721752678966
431	-300.90137926163624
432	-301.3780163944692
433	-300.50378716687726
434	-303.69516693074564
435	-303.60296825425263
436	-309.82660875350774
437	-308.35158884444326
438	-308.30893011903214
439	-304.04538582901665
440	-299.5853315328206
441	-304.3497808263419
442	-308.38663960348566
443	-299.4411655687703
444	-301.1935667906683
445	-307.16357610249275
446	-308.1537790457635
447	-300.0917493091491
448	-306.17735397344285
449	-304.6186779636182
450	-306.33727668742523
451	-309.21336995429743
452	-307.2165409927639
453	-303.89839779559594
454	-304.4303972663352
455	-298.3617902868564
456	-302.603401131978
457	-303.53444384592433
458	-301.41372430120146
459	-308.82075726102335
460	-300.0037942963795
461	-308.7908269623657
462	-307.77101305932456
463	-301.95237640440746
464	-304.875087675859
465	-305.93277831015587
466	-306.12332407642094
467	-304.73052029974764
468	-307.5056142384137
469	-300.03991305384824
470	-306.6699308410021
471	-299.5598265891448
472	-301.43443781136165
473	-300.5817887145504
474	-305.5199235540391
475	-307.0109309570792
476	-303.99358969340125
477	-304.83206657240936
478	-305.355526279203
479	-298.4556000000058
480	-300.1718103649107
481	-299.4188837779938
482	-307.5302614681306
483	-305.1769408681733
484	-306.5078867886602
485	-301.2629623020378
486	-303.7867666921136
487	-303.0881463250122
488	-308.9386290567548
489	-310.1287212896078
490	-303.4666438181803
491	-306.11161521922827
492	-306.38457516359637
493	-305.6115581211886
494	-310.75317268223176
495	-306.01995150888183
496	-303.07175847866444
497	-295.67095246068135
498	-303.692376693703
499	-296.3031267860487
500	-300.1968591608386
501	-307.2489447840271
502	-305.08581094376206
503	-304.03691904075293
504	-303.3395091695816
505	-302.6954812794706
506	-307.5006191945681
507	-308.6305440867512
508	-307.36488191372587
509	-304.6641631628377
510	-307.17720529098295
511	-303.9280985346743
512	-308.04353367861097
513	-311.5527863119942
514	-312.34018187542705
515	-308.01382287864215
516	-309.90954083812437
517	-312.1735862886339
518	-304.53601637714456
519	-308.36432364193274
520	-303.6033442824215
521	-308.49692041845594
522	-310.0692211929567
523	-308.0385256582985
524	-301.75925183509503
525	-312.6483459186518
526	-309.3110370158322
527	-305.23144197704767
528	-311.02536791530383
529	-302.94020454175336
530	-306.11331145298465
531	-308.7551032350235
532	-303.2906325094876
533	-300.7155421269416
534	-305.25837051538974
535	-305.8333480109072
536	-311.21947860106934
537	-311.9673362663578
538	-302.96002965641577
539	-306.5090864070482
540	-302.9145087783768
541	-313.2424395069847
542	-302.3730231348572
543	-307.4586182193642
544	-308.1047152882745
545	-302.9073515492657
546	-307.8927997434438
547	-304.10279847670006
548	-309.2184234271962
549	-303.48477204219955
550	-301.31166590201315
551	-304.1539717791716
552	-315.03006862705803
553	-303.6436381920958
554	-312.46339162103266
555	-310.53041395981757
556	-305.4534825919829
557	-307.0467190360777
558	-297.7037745687318
559	-299.80479394894036
560	-303.4773239407296
561	-309.750102717365
562	-305.9626468063179
563	-310.46324391887896
564	-308.66633485072606
565	-307.54286177203005
566	-306.97728966281085
567	-306.28035014605496
568	-301.8874716967799
569	-299.3426182211637
570	-309.3759923892797
571	-308.657679247228
572	-302.26225312785897
573	-299.8559576462275
574	-302.75835350797087
575	-304.79308719554626
576	-305.81760308648006
577	-300.89648575120896
578	-302.10663156901427
579	-308.09232115395076
580	-303.50390308108535
581	-307.0759464025005
582	-307.8840236025799
583	-309.14017616511995
584	-312.3086083211155
585	-304.711071354813
586	-305.55700359175466
587	-306.2432669442385
588	-306.44652843829545
589	-309.51516166588664
590	-302.2328473891343
591	-301.75362742376205
592	-305.0824127839865
593	-295.47840543674283
594	-307.26753324204765
595	-304.8652118261901
596	-306.9243863579923
597	-304.62120568559885
598	-299.85824919461265
599	-302.3341921178966
600	-306.3545617002692
601	-304.73527117833686
602	-300.7556428578684
603	-304.50156119756525
604	-302.7263133615366
605	-307.9244359808455
606	-313.7824811333318
607	-305.6680116917048
608	-300.49336975840316
609	-299.4794868501456
610	-304.26398527598
611	-305.03543974734146
612	-307.09343158202284
613	-299.45654553849516
614	-309.25898683848357
615	-309.0249562530632
616	-304.83552775329906
617	-307.21059774165667
618	-300.55036552397354
619	-305.2789449289182
620	-303.5619021288633
621	-306.40558938576334
622	-307.0882738971113
623	-303.02152068593256
624	-300.38322833121885
625	-293.61539349355047
626	-308.6686372791076
627	-304.7550673410129
628	-307.320412111504
629	-304.89178207875113
630	-306.89777625178095
631	-306.13480488783085
632	-305.4776175763454
633	-312.7401230159629
634	-311.3589383532468
635	-303.2679216633481
636	-310.116458831567
637	-305.64939595934027
638	-306.27814514013204
639	-304.21086099083055
640	-304.83291935803834
641	-305.99676958367843
642	-311.9321523228813
643	-302.7282035843466
644	-311.1524467348567
645	-308.62931565616236
646	-302.99182478149197
647	-297.21417655526335
648	-308.06663468148986
649	-309.40042679317133
650	-302.3027273086612
651	-306.37905579449193
652	-304.3142168852015
653	-297.6237319057036
654	-306.332345869816
655	-303.6864520145067
656	-306.3516063832448
657	-296.1872957083601
658	-295.70543309488744
659	-301.8668385006347
660	-307.37794070397274
661	-306.1970541576396
662	-303.35063166908685
663	-310.8628889843341
664	-306.8579484529443
665	-300.7783463825139
666	-307.3479869875181
667	-310.2486358506818
668	-303.4473931033512
669	-308.478741449105
670	-303.35374919765127
671	-305.020003802767
672	-305.1970957315434
673	-302.0125441565411
674	-304.9008542976793
675	-306.40486368046663
676	-302.60455351209106
677	-300.930465407795
678	-307.41930539664276
679	-305.7411090553134
680	-305.2359445820314
681	-306.89972898291796
682	-305.26942535949263
683	-303.1715047359566
684	-300.7391348514457
685	-303.04366590122294
686	-298.63239623723
687	-299.55693313206297
688	-304.552731397321
689	-309.2049540825574
690	-296.42492060037506
691	-305.06829574196615
692	-299.3846611761406
693	-302.84943293626463
694	-307.88936790274346
695	-296.07267676053
696	-308.4461556738643
697	-295.59190755097535
698	-303.32514558092583
699	-305.10745182719694
700	-303.1505600958244
701	-308.7117836867426
702	-306.9740802126267
703	-298.12857965647265
704	-304.15699851106973
705	-309.0905926402452
706	-307.2906372159819
707	-310.0941685763494
708	-308.3665574671435
709	-305.53687585961507
710	-299.36413624506923
711	-310.2587378523297
712	-307.4913932060652
713	-308.8818319176528
714	-305.52107521720245
715	-305.20809653908924
716	-303.7648443704799
717	-312.352404460504
718	-303.22962436382704
719	-310.9298549219912
720	-300.48012571381213
721	-309.0321655001176
722	-314.04034834095955
723	-311.0811398694821
724	-307.10708271255584
725	-307.1590421562528
726	-308.75845009263656
727	-311.2877812881658
728	-307.4611043901157
729	-307.41515880731447
730	-300.92925890814905
731	-302.3808218489608
732	-308.83696675232994
733	-308.249733852248
734	-312.1159296980725
735	-309.11123969576363
736	-308.3892533026775
737	-302.6119801962554
738	-304.4922419984681
739	-302.56616187413096
740	-304.1615009468883
741	-301.016141795356
742	-298.7721364006447
743	-296.4056718260703
744	-297.6385520209709
745	-304.15843932712204
746	-297.0319238161578
747	-301.7304561318083
748	-303.9480248074055
749	-306.3877573473656
750	-299.7755531259909
751	-296.0630925494525
752	-311.0168429367922
753	-298.7598342479344
754	-300.54505939002325
755	-305.39026820687286
756	-301.9704200231611
757	-309.0848640546552
758	-300.25221453233553
759	-301.1835600536716
760	-310.15621205974827
761	-304.5928875361059
762	-306.3705120820356
763	-307.4810059816667
764	-307.6645409619581
765	-308.06438626730517
766	-296.49793202906284
767	-305.53566139408554
768	-304.9631104475025
769	-307.5975003390809
770	-303.86062401859834
771	-315.1180309685589
772	-307.31606963601973
773	-306.04754338053385
774	-310.7961653721656
775	-307.19826132966716
776	-303.21710931080804
777	-308.02943528743475
778	-310.72310071565784
779	-306.43759285063703
780	-303.5131575714453
781	-307.5305738434254
782	-306.8572873773313
783	-301.1381654227977
784	-304.24136632818454
785	-297.81588979429864
786	-300.64576743886744
787	-303.7659565220833
788	-309.1208790704764
789	-309.86262119415596
790	-299.4626124688698
791	-307.74724100571916
792	-306.60493999636344
793	-303.5508932729873
794	-307.8955381081335
795	-310.3177551024011
796	-307.6822092038461
797	-304.90848092146894
798	-306.9897105026058
799	-296.92966242297916
800	-310.4727575499359
801	-305.08511309807443
802	-298.4359046152026
803	-303.20601278536526
804	-306.1792491852866
805	-303.6524773255604
806	-307.3668195513276
807	-307.87411655195297
808	-306.2177756561888
809	-301.2024154991545
810	-306.10088624169987
811	-307.4460257633181
812	-310.0549900888681
813	-299.41346813523245
814	-305.43041663758754
815	-303.84123572943923
816	-310.40580611574615
817	-299.7361022406686
818	-304.52512156826515
819	-309.9739403047816
820	-305.26715726350596
821	-305.464076258219
822	-298.07892260573993
823	-303.234995528079
824	-310.46767559793966
825	-298.5931764145048
826	-305.03310023384387
827	-309.6640283404694
828	-302.05229926238974
829	-309.3718728790937
830	-304.3871012357983
831	-304.3614219637892
832	-303.6558515102632
833	-304.787485457442
834	-301.57165506814977
835	-308.3271068743436
836	-303.4621042911157
837	-304.58562228561425
838	-301.3705673684554
839	-303.01095441988366
840	-309.5606427307846
841	-307.53438833707133
842	-301.8821403775891
843	-305.13397696960465
844	-303.66190195127894
845	-297.26818538787205
846	-307.1340790872063
847	-302.2811652881069
848	-305.02972674615535
849	-308.16626197337365
850	-307.42594019179717
851	-304.487556441125
852	-305.3624193814465
853	-302.26098103124605
854	-303.3677736436944
855	-306.02452645033077
856	-302.6054181857794
857	-302.5610740314334
858	-305.71876469206927
859	-312.0310959468169
860	-309.3500157695352
861	-307.9069082380405
862	-298.41087086722337
863	-300.58859648314177
864	-304.75848287439925
865	-306.2165329672624
866	-303.70248849138005
867	-305.1121206402105
868	-296.29938137198855
869	-309.893416023077
870	-303.1342632613058
871	-300.56733608981415
872	-299.9274004762462
873	-302.73360008658017
874	-308.18258173097024
875	-300.13950714191054
876	-301.9604395076362
877	-304.29046055102054
878	-307.3022992551368
879	-304.39387054058875
880	-304.14974343714414
881	-307.3448115673947
882	-302.78043606480793
883	-308.4830501442035
884	-304.84497957450697
885	-298.01930512599813
886	-298.9540311822087
887	-301.50209794852617
888	-309.281503193714
889	-298.01088075094475
890	-299.30226674953775
891	-307.94849486042676
892	-308.1514482780818
893	-305.5471148579227
894	-304.6232612656887
895	-301.6598204345823
896	-305.0470485900295
897	-303.7984848346779
898	-306.10615254017426
899	-304.73405222062405
900	-310.4237732406725
901	-305.3292159567713
902	-306.14836767904035
903	-305.1238513307245
904	-298.6281846766202
905	-302.9225500959216
906	-305.14030363866823
907	-307.76016493658915
908	-309.54834209673845
909	-308.6027651126831
910	-302.91122447136354
911	-307.7255184007617
912	-311.4539856274616
913	-300.56502601823513
914	-307.13967327898354
915	-308.18440465758914
916	-305.91703678583445
917	-306.7631060524666
918	-301.73590819281003
919	-295.5773181548736
920	-302.0416244602819
921	-297.6882119521631
922	-305.4764046204148
923	-302.3789092944603
924	-306.57536412376095
925	-310.56344923103035
926	-299.77145784520314
927	-303.02028670574776
928	-299.4645794570684
929	-303.33184960653455
930	-308.44660413560155
931	-308.45238830337513
932	-309.13022800566074
933	-297.99282148756674
934	-301.29512835048956
935	-307.8510897969604
936	-302.76984109012204
937	-304.9794773464132
938	-301.75315357234007
939	-305.3125900907786
940	-304.6618970844751
941	-309.8824594656537
942	-300.69939989794244
943	-304.93220498889855
944	-300.6436744638977
945	-293.97636559671395
946	-297.9146550301059
947	-299.72176492299934
948	-296.858863284252
949	-304.3277468104316
950	-302.82939672519495
951	-301.9502469221551
952	-300.70181654388693
953	-302.94086508019365
954	-301.22582579934505
955	-311.6517189766675
956	-305.61208892408393
957	-306.38645118559435
958	-300.1987587369356
959	-303.92279176204136
960	-301.7072300462299
961	-302.9948020579718
962	-300.2482870255078
963	-306.00727310468864
964	-298.74191268051567
965	-307.4768584459545
966	-304.19843375943844
967	-300.70889735527845
968	-302.71781746981577
969	-307.64663455676725
970	-302.6550145131039
971	-307.9769936118238
972	-308.83058991095936
973	-299.7689509249459
974	-303.94437086371977
975	-297.826214063793
976	-305.453773335115
977	-305.591002779579
978	-306.1562338318066
979	-308.76884783142907
980	-304.34190934060837
981	-309.0738680364235
982	-306.4957525930588
983	-294.2846550442503
984	-300.7251728540484
985	-305.11591610084616
986	-309.735812277723
987	-304.14071954880575
988	-305.36117409105435
989	-308.7776623781266
990	-307.8742716395478
991	-305.644662432731
992	-306.4487339590601
993	-304.63783886347136
994	-312.3086606626635
995	-302.6045460476342
996	-309.0006250676337
997	-304.5815895628039
998	-310.4629430250303
999	-307.39922773718496
1000	-310.3148713280221
1001	-304.60055465316753
1002	-301.13301702622925
1003	-303.4019564361108
1004	-308.4424054395377
1005	-301.7138202908872
1006	-308.19347178553045
1007	-291.4288783587868
1008	-309.1801310093545
1009	-299.32185734986695
1010	-299.72960721770545
1011	-302.1900899529982
1012	-308.1718467245978
1013	-305.11057468103536
1014	-310.78997490589234
1015	-306.66606736019935
1016	-303.5034907770833
1017	-301.7186511100855
1018	-307.45555678152033
1019	-302.2557616390858
1020	-305.0057109232203
1021	-299.67855165202826
1022	-304.4124137420258
1023	-304.98001088939355
1024	-301.5728065725071
1025	-294.7395627419866
1026	-306.7915940781825
1027	-304.4313615775311
1028	-302.8027615117839
1029	-304.1638138576829
1030	-308.0325751558263
1031	-306.14826872311073
1032	-309.114720963328
1033	-315.29367445288295
1034	-302.78820711939113
1035	-312.297739604133
1036	-304.6404585235068
1037	-308.2880268593415
1038	-302.2996915451827
1039	-306.93289328324585
1040	-305.6824522405416
1041	-312.19448166511586
1042	-308.077773396839
1043	-314.70183269471045
1044	-311.5126681951293
1045	-315.0564599190494
1046	-305.96263864123546
1047	-302.3298356805544
1048	-301.1237224925453
1049	-306.35232104984766
1050	-307.23627730132114
1051	-302.70620563774867
1052	-303.82452537378384
1053	-307.3962669041079
1054	-309.1703845934598
1055	-306.08186023868564
1056	-300.8174433460062
1057	-304.9292876380153
1058	-303.96758607644813
1059	-308.22926976945087
1060	-307.3520845507186
1061	-306.73835371362065
1062	-306.2782285605444
1063	-310.7058741229546
1064	-303.8312072654208
1065	-304.44544644295405
1066	-307.78178461929656
1067	-308.2406938128864
1068	-308.6433375818904
1069	-304.5476722140179
1070	-306.0828773699372
1071	-304.91396420353084
1072	-312.4192229101798
1073	-310.92212511252734
1074	-299.5371935461771
1075	-307.0407914845867
1076	-302.0752218456575
1077	-304.2670617728696
1078	-309.45929422626415
1079	-301.25004953037717
1080	-304.4123950976299
1081	-299.48813423635454
1082	-307.94376578115043
1083	-299.7108283617799
1084	-301.34009839027084
1085	-306.8547550256423
1086	-308.77918904806063
1087	-304.94088416838383
1088	-307.44047167671016
1089	-302.02025992788015
1090	-308.07505399057527
1091	-310.4083836194851
1092	-307.56294787664115
1093	-300.49197665905723
1094	-301.71708116130714
1095	-303.098285272552
1096	-302.03245573282106
1097	-306.18285188737053
1098	-305.5583687811089
1099	-305.3629414226524
1100	-315.00293320171556
1101	-309.7229255274914
1102	-307.33423973894526
1103	-306.50256697224626
1104	-301.6413347704058
1105	-296.2738383888303
1106	-303.6612470037976
1107	-302.6135526801644
1108	-304.91978431561034
1109	-308.406459649919
1110	-306.2834627788751
1111	-301.0124223634272
1112	-303.8391517192642
1113	-307.95298132639493
1114	-304.64061400127315
1115	-312.4755196535215
1116	-310.2775839676327
1117	-301.33912140378226
1118	-304.28133882532046
1119	-302.0387734241403
1120	-306.2446511316115
1121	-306.45720305432496
1122	-297.85169573070567
1123	-309.1722703325793
1124	-308.33238209801215
1125	-304.0468613480562
1126	-311.5486290103301
1127	-302.6391928514769
1128	-307.5585837909489
1129	-306.8575980019064
1130	-303.8634081510463
1131	-306.0131183585691
1132	-306.18898440182136
1133	-303.37268874245484
1134	-310.9749176382079
1135	-304.75307874421156
1136	-313.94611212254375
1137	-313.3620021618008
1138	-309.9568768068983
1139	-301.3423956364447
1140	-303.86505248354433
1141	-308.0392779988416
1142	-309.6826225254637
1143	-307.08670635125407
1144	-297.80066315112
1145	-306.7763007645429
1146	-305.14214368035715
1147	-307.2204513807288
1148	-306.91619370653035
1149	-302.02917483166664
1150	-302.35233550503875
1151	-304.39292603509637
1152	-297.37702682149785
1153	-304.48088397074054
1154	-306.55569276231637
1155	-302.9225568291353
1156	-312.07478402779816
1157	-306.62926349464186
1158	-306.6854219242967
1159	-302.1916267784071
1160	-306.2579391622849
1161	-300.809975642191
1162	-301.90709683268545
1163	-310.732305217231
1164	-302.720732840509
1165	-302.3780283632796
1166	-300.1391558276315
1167	-300.6153405074276
1168	-296.278349331881
1169	-308.8287558351833
1170	-307.5997080816646
1171	-309.8311353463117
1172	-308.77530364519987
1173	-310.68785795487497
1174	-307.91278500221944
1175	-314.19155904322156
1176	-306.6269009412118
1177	-307.95814390964546
1178	-317.31122681780806
1179	-306.4271298701603
1180	-312.0294710287343
1181	-310.3940065228664
1182	-311.99539101816634
1183	-307.4114327960946
1184	-310.396035372484
1185	-303.27239836445995
1186	-311.3552577296323
1187	-309.268588522621
1188	-307.1899583918988
1189	-307.63368397251304
1190	-309.3588441345998
1191	-308.48140724514957
1192	-311.0098911049117
1193	-306.3385987777168
1194	-305.41862884387484
1195	-308.251456114567
1196	-310.32254604290125
1197	-308.98112705980367
1198	-307.9113524776236
1199	-309.20684433688507
1200	-301.89953273143755
1201	-302.48811967138886
1202	-307.9164392282968
1203	-307.23234649385233
1204	-308.2110767158988
1205	-308.1603728115152
1206	-310.1140060928779
1207	-304.61269646999364
1208	-310.2966534567954
1209	-299.656713108569
1210	-298.3079981633802
1211	-306.12299246820675
1212	-300.73241636766903
1213	-303.9643515045844
1214	-299.4562577617702
1215	-309.01263362502203
1216	-305.76939869927503
1217	-304.17205754093067
1218	-308.46005913119546
1219	-303.17622154523593
1220	-301.6714078042905
1221	-297.0306671539372
1222	-295.21839332281206
1223	-296.51942750738965
1224	-302.98409146403947
1225	-306.76654427085765
1226	-302.8950776651896
1227	-303.11706229254196
1228	-300.01620566334634
1229	-306.8664150088962
1230	-306.4700033860003
1231	-299.84804743217484
1232	-302.7852995960372
1233	-302.0915559862051
1234	-311.9578228100213
1235	-302.3499415303019
1236	-300.15233303467056
1237	-302.6613201120316
1238	-296.45250149275006
1239	-297.02780621427473
1240	-299.98400925023157
1241	-304.061896910921
1242	-303.03665541706783
1243	-304.89367992402435
1244	-301.22923199885844
1245	-308.9200752765464
1246	-304.36240332427445
1247	-305.04946612637
1248	-305.2541153966396
1249	-301.8765479601698
1250	-302.63258917159015
1251	-299.7925546711584
1252	-303.05207592121775
1253	-305.42750799460407
1254	-314.38591347599254
1255	-303.8971969169559
1256	-302.12990965284035
1257	-308.4094968684815
1258	-304.58502556801574
1259	-298.59539420530314
1260	-309.0432790454512
1261	-297.8073102642972
1262	-303.4546769526021
1263	-305.11527345370126
1264	-306.8565551945174
1265	-306.44915006152104
1266	-308.74066473033014
1267	-305.58629737827715
1268	-299.5886536645616
1269	-304.16189007681913
1270	-302.29105939954746
1271	-305.53615954436253
1272	-299.1066103558175
1273	-311.58264447475574
1274	-309.2763710226422
1275	-312.92928933824356
1276	-314.92296526092576
1277	-306.50976803105044
1278	-309.13654132968907
1279	-310.09656782559296
1280	-301.07232051269517
1281	-301.28195999487593
1282	-304.0154273758077
1283	-310.5463945706004
1284	-308.76801400554496
1285	-305.834962049275
1286	-311.49379842538053
1287	-306.9604267012397
1288	-300.5738989323555
1289	-305.5261304624329
1290	-309.3913214797285
1291	-298.16107837824575
1292	-300.45183453104005
1293	-300.10178906114527
1294	-300.8652144767945
1295	-309.2187482494624
1296	-306.57469150436424
1297	-304.655346042532
1298	-297.7448925904832
1299	-299.83701737840113
1300	-302.1881801659376
1301	-292.68904545138207
1302	-303.43321540026216
1303	-308.9848597530527
1304	-311.702368049657
1305	-302.96508825775066
1306	-303.5533761143886
1307	-306.7196882599407
1308	-301.2081854391385
1309	-308.6890180555674
1310	-317.9793039495574
1311	-316.8178677244402
1312	-303.0678716927513
1313	-311.3553101864644
1314	-309.79796244206244
1315	-308.1364446788427
1316	-308.2163870100711
1317	-300.2318264142657
1318	-309.5269431150397
1319	-307.3118411593166
1320	-307.0311779440377
1321	-297.33866378288536
1322	-298.6031163136464
1323	-311.90118477878497
1324	-308.02042240396526
1325	-303.89130710236753
1326	-308.5627508513134
1327	-303.6910019298013
1328	-308.34709147713716
1329	-305.9953502466179
1330	-309.6984796789687
1331	-308.83499112849694
1332	-304.5033120018961
1333	-303.422083477819
1334	-306.5600449787985
1335	-312.78490053616684
1336	-308.6079306479631
1337	-304.9234116729731
1338	-310.5555049126327
1339	-309.0561249791881
1340	-311.3613759157326
1341	-307.77419282318925
1342	-303.0797410007127
1343	-299.4325294173743
1344	-304.2728241005109
1345	-310.33218197425265
1346	-304.8699293080422
1347	-308.21937679407995
1348	-305.36209400837515
1349	-303.1350913355353
1350	-309.2015947644116
1351	-302.37467871333257
1352	-307.03462917601087
1353	-301.9674539567491
1354	-308.31013810991004
1355	-305.343912465565
1356	-303.9536668488889
1357	-306.15244058201773
1358	-304.3877263761887
1359	-304.7153363383456
1360	-306.5682982239296
1361	-309.1375123897919
1362	-305.35168071563083
1363	-305.84507743750396
1364	-304.40252178990653
1365	-299.84258513098894
1366	-310.2216627465704
1367	-305.4376638538373
1368	-303.70756486489273
1369	-303.98100462035876
1370	-310.2475377031614
1371	-308.89033820491454
1372	-309.68682413011186
1373	-307.60929807665656
1374	-305.82642547659447
1375	-302.4349713120567
1376	-308.52353402017206
1377	-314.701037010077
1378	-306.4911214269608
1379	-309.5113429918232
1380	-305.8704984683895
1381	-303.06125266408804
1382	-310.75958715921973
1383	-297.6082950568294
1384	-307.1165021264876
1385	-306.15676307457045
1386	-305.7525957071455
1387	-305.9796508598824
1388	-303.50727446324515
1389	-310.75947783304366
1390	-305.45496043071705
1391	-307.0150706157508
1392	-306.0728479700149
1393	-308.76945192114204
1394	-304.4604130430759
1395	-311.8030288712065
1396	-306.10653744680303
1397	-301.49168147702335
1398	-304.86403788304045
1399	-306.41494366166893
1400	-298.41750204524465
1401	-303.5131240489673
1402	-304.67234994818995
1403	-310.48391672775216
1404	-309.05767320346354
1405	-307.599147311238
1406	-302.63626985353795
1407	-302.56404183766807
1408	-301.8246589978578
1409	-303.03144694809504
1410	-300.603060002845
1411	-306.54752481680146
1412	-303.8119010000611
1413	-302.2237682310738
1414	-301.3609751567423
1415	-307.27447382385236
1416	-307.13988244447995
1417	-305.1332537539466
1418	-311.8695555131429
1419	-308.58876519337304
1420	-311.3145280094429
1421	-310.50750728311857
1422	-304.53134015145906
1423	-302.8620990754518
1424	-309.43564597221734
1425	-306.92324565948866
1426	-308.94321080075645
1427	-300.0880643130801
1428	-298.8719795709319
1429	-308.53786876732045
1430	-305.1530627831102
1431	-307.1527097906615
1432	-309.69105915838577
1433	-306.62956323063315
1434	-299.06053576311103
1435	-311.89393388395916
1436	-300.0443463470247
1437	-311.23286647019273
1438	-305.40355993965926
1439	-302.41018187698415
1440	-306.19730590911166
1441	-304.0246160815127
1442	-305.2804976828236
1443	-305.1024674105017
1444	-309.7901505368592
1445	-307.9787326786802
1446	-307.9864441274339
1447	-309.1942069664543
1448	-301.6947675080265
1449	-298.6121509858268
1450	-300.4570868761307
1451	-308.0552791627741
1452	-304.991971332172
1453	-311.2266079979713
1454	-305.0696394998941
1455	-307.0710720314378
1456	-302.39810160147226
1457	-308.3564397218174
1458	-307.6093439129348
1459	-309.13938104748564
1460	-309.2349974943109
1461	-303.3547432031147
1462	-307.9758968342483
1463	-304.635654137157
1464	-302.3769675345043
1465	-311.8494860805899
1466	-307.8402761365277
1467	-306.3142231989146
1468	-310.3233289007963
1469	-305.2065283002515
1470	-308.30200516545466
1471	-307.5632290167167
1472	-308.5179994318358
1473	-307.93316660304623
1474	-303.12018225241246
1475	-306.1154550592241
1476	-303.5344957245617
1477	-304.81364435179916
1478	-306.0286334790279
1479	-303.45284038518463
1480	-301.37778086937766
1481	-303.29020710775615
1482	-305.7763761995386
1483	-308.058071904078
1484	-302.8407751820647
1485	-297.6348819286364
1486	-310.3195715030634
1487	-302.3929839166211
1488	-296.04573146478674
1489	-299.941605398063
1490	-303.84985274527475
1491	-303.72056953092596
1492	-301.26424517987033
1493	-306.03440404939533
1494	-305.16238008739026
1495	-309.4886109452003
1496	-304.3938942838956
1497	-300.6810253995752
1498	-304.20219989631966
1499	-311.2690782682372
1500	-308.3891663707761
1501	-299.9740048775664
1502	-302.2020300441193
1503	-302.1128057551363
1504	-305.13652397759375
1505	-307.4156311612377
1506	-302.49323060903305
1507	-309.2719570554625
1508	-302.18628455955917
1509	-303.74898746764336
1510	-308.256101236442
1511	-312.3959458480192
1512	-308.8373316397211
1513	-306.55050266926014
1514	-310.4463597085274
1515	-311.22462912368155
1516	-302.07984366309427
1517	-304.5493284063228
1518	-309.1832270240611
1519	-309.0722848087374
1520	-306.43360000773504
1521	-307.16512475943586
1522	-302.99383633270463
1523	-304.49140736238706
1524	-307.50939848380324
1525	-305.6658693415671
1526	-299.20962830077656
1527	-304.0554242319682
1528	-303.42998712364533
1529	-303.35345682229035
1530	-298.45276695920097
1531	-291.78503762986753
1532	-298.2498115931506
1533	-298.7799927508054
1534	-303.20521264717866
1535	-302.29820747084455
1536	-308.389554669777
1537	-298.86486267610104
1538	-303.8481000131427
1539	-308.07356819448137
1540	-308.7320734087495
1541	-302.86135160929626
1542	-305.95149435958876
1543	-302.1903279193346
1544	-305.3947463697242
1545	-295.55571176594856
1546	-301.25514550542465
1547	-302.3236913030013
1548	-302.64903761458504
1549	-301.57294704117675
1550	-304.34736450309185
1551	-303.8469227785865
1552	-300.5188232533915
1553	-294.75323644474867
1554	-308.27648304022006
1555	-305.46685645850135
1556	-304.93602829348896
1557	-304.0913169748785
1558	-302.9605224120019
1559	-308.3072139524231
1560	-301.31742961322396
1561	-302.4469805870494
1562	-300.5499012176687
1563	-307.0983772579795
1564	-302.86743932928056
1565	-303.8438639149382
1566	-309.08791292034437
1567	-303.0832395162293
1568	-306.4564178182328
1569	-307.9412612686004
1570	-310.8755333644942
1571	-302.85278921175563
1572	-303.906522142028
1573	-303.6831373402337
1574	-301.6207076487592
1575	-297.99205524205775
1576	-304.33080003975755
1577	-305.1917251491757
1578	-305.537340196772
1579	-304.31200448322966
1580	-307.682589822568
1581	-302.0418970556245
1582	-301.6472247235487
1583	-302.67030693111667
1584	-301.05104917826117
1585	-304.1911066757847
1586	-301.2084550819878
1587	-306.44044304408493
1588	-305.48003537345636
1589	-303.9857302723195
1590	-296.1146881959084
1591	-302.61901057268886
1592	-311.2093356164447
1593	-303.55422543866143
1594	-308.75750618988326
1595	-310.68289651149837
1596	-306.6082675310668
1597	-300.79268796598774
1598	-307.65530978493246
1599	-308.59458994384323
1600	-306.55416528284593
1601	-310.5663999124898
1602	-297.26550181307755
1603	-294.78381494486916
1604	-309.41651032093574
1605	-304.4628886470929
1606	-310.05524207796077
1607	-300.00540281293246
1608	-299.52664902383805
1609	-305.9438761293281
1610	-297.04750049753244
1611	-307.6662044615972
1612	-306.85629996076386
1613	-304.5719555709076
1614	-311.2710337239284
1615	-303.9201916100938
1616	-303.1831458507023
1617	-304.83462296689606
1618	-301.82756836277497
1619	-306.1393389419546
1620	-302.29936316597457
1621	-306.808264943973
1622	-301.6904936301583
1623	-308.9549627778374
1624	-306.5966876982631
1625	-301.8236091641294
1626	-302.0951156798802
1627	-300.946779343831
1628	-305.2429384450115
1629	-302.08142702142004
1630	-307.5024572741571
1631	-308.32099509938047
1632	-301.20901071078896
1633	-305.23782515162026
1634	-298.6948077963037
1635	-311.1853220730077
1636	-302.10257861276534
1637	-303.1656410184298
1638	-301.94524439496564
1639	-298.780258961653
1640	-303.3454362072812
1641	-312.6782121469194
1642	-307.23395513624564
1643	-306.39464594339483
1644	-304.7672236562671
1645	-307.8044416367995
1646	-304.53044901360414
1647	-311.0861820006377
1648	-297.59280017574315
1649	-300.8443277311353
1650	-301.2149075610684
1651	-302.20081402091495
1652	-310.32440125900706
1653	-305.50978058757875
1654	-302.7384050262062
1655	-309.73138557290395
1656	-305.2711410379062
1657	-304.2512688403408
1658	-299.83578171960085
1659	-302.9888494444
1660	-301.27475029591363
1661	-309.19113081651454
1662	-309.3019110031616
1663	-299.0951351442002
1664	-299.15756321077384
1665	-302.9016143021203
1666	-309.135275336476
1667	-300.01014198306405
1668	-309.5568718138011
1669	-312.75645471689035
1670	-314.43556883031505
1671	-313.0686198962569
1672	-308.343296510792
1673	-301.66557045003907
1674	-306.47606882070033
1675	-304.89381280201735
1676	-304.43838039137273
1677	-304.95906348702863
1678	-308.9450996377081
1679	-314.81183445639743
1680	-308.4231309255673
1681	-309.5416016217376
1682	-307.5638649113768
1683	-304.30949112209294
1684	-302.56761873909295
1685	-307.1559927115258
1686	-304.5037489016302
1687	-312.2631012278909
1688	-301.64215488272583
1689	-304.6608701726366
1690	-302.8282205078513
1691	-302.55632981335896
1692	-306.39250155565725
1693	-303.6142650604479
1694	-304.56148530956074
1695	-299.07622422710875
1696	-305.6322260180093
1697	-307.8632483230573
1698	-307.67803568017786
1699	-303.8033245276337
1700	-301.476422037877
1701	-308.34791684336534
1702	-305.28536682213166
1703	-305.36388280593644
1704	-305.14849713832996
1705	-303.5260531619599
1706	-303.60483643257135
1707	-304.4717273621122
1708	-305.396674111221
1709	-299.58955566852285
1710	-305.6118504658652
1711	-312.88130808636686
1712	-311.63989703558474
1713	-304.468823121201
1714	-306.1603473308274
1715	-305.19064927287167
1716	-304.0776339158669
1717	-302.2744506448586
1718	-307.23972542657316
1719	-302.4603234243924
1720	-299.8083511013291
1721	-309.6515407136376
1722	-305.85890208123425
1723	-302.55176200173224
1724	-305.66591527396764
1725	-304.4921455021637
1726	-301.22726235246955
1727	-308.791555476888
1728	-307.9452322241356
1729	-300.2139926089963
1730	-306.45905229467337
1731	-302.80062682380805
1732	-309.11269754395477
1733	-301.00851892436276
1734	-306.10067711759257
1735	-315.99345271929536
1736	-302.6802054602134
1737	-304.8430650896064
1738	-304.14752878083914
1739	-302.3590369720603
1740	-305.68171397269515
1741	-302.33837351105035
1742	-306.03489678712947
1743	-308.37161316591676
1744	-314.07484207441377
1745	-299.8787618635502
1746	-302.3645779677249
1747	-307.2708917236808
1748	-300.67363023345473
1749	-306.7797833509992
1750	-301.11498105893213
1751	-300.15790112115184
1752	-307.007834703735
1753	-293.52921649208025
1754	-304.84998410620113
1755	-310.6222573785145
1756	-297.46597689132244
1757	-305.53403548648936
1758	-307.4878723321923
1759	-301.1662563362959
1760	-304.3156717183542
1761	-296.7782465512838
1762	-307.58474823255466
1763	-301.12988575147705
1764	-301.87441897279587
1765	-306.2396312169687
1766	-304.5068964850523
1767	-299.6918692511766
1768	-304.5079645616281
1769	-303.8111182800811
1770	-301.3568701018451
1771	-308.2043396129749
1772	-307.8900271319041
1773	-306.88032780478073
1774	-301.83034981846265
1775	-307.21357640538184
1776	-305.6826797595607
1777	-300.94609096577625
1778	-303.61101904624593
1779	-306.3891322551113
1780	-304.88965614354623
1781	-299.8483831409755
1782	-307.24173322794695
1783	-309.5306873720974
1784	-304.7714644851924
1785	-303.7303394469623
1786	-300.6652818626037
1787	-303.06053476444333
1788	-304.396715307968
1789	-303.65970607623643
1790	-307.89935424959793
1791	-306.6254320113288
1792	-310.5834769296642
1793	-307.87550827580856
1794	-301.7157078264462
1795	-306.6548034638963
1796	-304.1060837267638
1797	-308.38425585410397
1798	-303.92315044034456
1799	-301.1725013368723
1800	-306.9631417067745
1801	-304.44309802771954
1802	-302.3035598454609
1803	-298.31177191985734
1804	-301.0223478473862
1805	-303.37357401804627
1806	-304.75130236912963
1807	-307.60126815975815
1808	-308.8791803487057
1809	-303.62919099307913
1810	-302.7023352564848
1811	-304.76742163090734
1812	-307.84438320438744
1813	-301.0684046993551
1814	-304.4950140654985
1815	-304.5415804829503
1816	-310.62363579402165
1817	-304.29633598853115
1818	-311.0422625461455
1819	-309.4541121218301
1820	-308.61512289468
1821	-299.1289733983359
1822	-306.5844947395214
1823	-306.1558267663106
1824	-303.91604491633086
1825	-302.0847210658297
1826	-304.98476846244677
1827	-304.4443560606313
1828	-301.12748343927876
1829	-307.39327929394784
1830	-302.6609128545984
1831	-304.4034601014004
1832	-311.4691465147868
1833	-308.029293352924
1834	-308.4595606455759
1835	-303.08794000417436
1836	-302.31463698284216
1837	-310.3027499240516
1838	-312.33490137674295
1839	-295.0248460000799
1840	-305.3398175313324
1841	-305.2782983452667
1842	-307.0799436291063
1843	-305.11866260382897
1844	-306.7177983855348
1845	-303.57848929324524
1846	-297.91387252431633
1847	-305.46092941556157
1848	-305.88077759732727
1849	-312.84399650457124
1850	-304.35260998333297
1851	-307.58648680786143
1852	-306.88107693167007
1853	-312.75198288939794
1854	-309.31549719915296
1855	-307.75687186019775
1856	-302.25416189042784
1857	-302.71587972993603
1858	-307.12968320613646
1859	-301.6075175240287
1860	-304.22571451902695
1861	-303.1207875343069
1862	-303.300167945832
1863	-296.2385874239935
1864	-297.494206327558
1865	-306.12999013558345
1866	-305.92430736715676
1867	-311.7743926692342
1868	-305.2906916829488
1869	-302.9044225322562
1870	-304.5748537001499
1871	-299.57501752846986
1872	-304.3080356241638
1873	-301.73261670814986
1874	-299.2955949106467
1875	-309.14790353626677
1876	-312.48737232159726
1877	-306.990704707242
1878	-307.9044888657464
1879	-299.8140218644317
1880	-310.7511459376419
1881	-309.14431125780993
1882	-304.9133554225536
1883	-310.91819910355
1884	-305.7662616250324
1885	-299.17943416570733
1886	-305.83055425026555
1887	-300.9824866658552
1888	-304.00128656532246
1889	-298.414475253452
1890	-300.55259589404193
1891	-305.3244722162047
1892	-304.22405959976106
1893	-307.009557597791
1894	-310.0064418807949
1895	-305.7565166559047
1896	-307.6666733781298
1897	-307.0835587870322
1898	-309.56773152813366
1899	-304.08162971058334
1900	-309.0356466854254
1901	-310.6643734262255
1902	-310.21756341581397
1903	-309.6007396097261
1904	-304.1587701859088
1905	-307.4357160569528
1906	-309.3002197612089
1907	-305.13638838831986
1908	-309.9378131930389
1909	-309.83702932647543
1910	-309.5005735698417
1911	-307.1390039127446
1912	-313.3478039633499
1913	-304.96192324533763
1914	-302.085591406528
1915	-301.9528410834532
1916	-303.8830751699219
1917	-302.8895522015888
1918	-308.80642539953544
1919	-294.5837312839594
1920	-296.673962274926
1921	-305.3610114494186
1922	-306.565197978851
1923	-308.9799380070232
1924	-305.168152295315
1925	-304.1300254923389
1926	-302.7946984911105
1927	-299.81129970028667
1928	-306.89922881136476
1929	-306.63178301955827
1930	-298.2501427362804
1931	-300.12894001759474
1932	-301.9317968164632
1933	-302.17789685285055
1934	-314.2366830150377
1935	-304.39593101906115
1936	-310.9904430442233
1937	-307.83054244324006
1938	-305.9093583628291
1939	-303.3238940928662
1940	-309.6008469076647
1941	-298.1418209960031
1942	-300.3422184625276
1943	-299.49853784096035
1944	-309.1856237536553
1945	-303.38118160828446
1946	-305.7226828100305
1947	-307.4429228754511
1948	-308.26649008957787
1949	-308.18677046380884
1950	-305.21628795411345
1951	-302.548423053793
1952	-315.45666629334477
1953	-306.20163700329425
1954	-312.8282940779192
1955	-311.52220051537216
1956	-311.43664637187817
1957	-299.82250664108193
1958	-308.9593598288038
1959	-309.9539185649562
1960	-313.32031485084076
1961	-304.6794565959768
1962	-303.25206908571374
1963	-305.5943277699247
1964	-299.48108085499405
1965	-307.47492242217476
1966	-307.618763723751
1967	-302.1008305764429
1968	-301.47469320705886
1969	-309.38476819451097
1970	-314.5437532233197
1971	-303.65242056510266
1972	-303.05210021378525
1973	-307.6792178515455
1974	-308.4219905328168
1975	-307.0130692967049
1976	-302.5250029243273
1977	-305.69014947129284
1978	-303.4653363942789
1979	-305.5137122638163
1980	-307.08786791622634
1981	-303.1550415838352
1982	-305.15797732497896
1983	-305.5823643132518
1984	-308.2621247669614
1985	-309.22044259980186
1986	-296.18084375679854
1987	-304.0580124128114
1988	-311.0276855460477
1989	-302.6874645765409
1990	-306.51337998389585
1991	-305.2589546820462
1992	-305.51175690533694
1993	-307.3960039022778
1994	-307.01570709115174
1995	-309.89895554244094
1996	-307.63968527050577
1997	-308.704361221449
1998	-298.85263421349646
1999	-298.3958169189214
2000	-299.7819874418425
2001	-298.9774758372272
2002	-306.3674997988489
2003	-309.2531216472296
2004	-300.35048895581787
2005	-307.01715768298385
2006	-307.77403296730654
2007	-303.8751310999869
2008	-303.3811470276312
2009	-305.50411331543984
2010	-302.7879966538261
2011	-307.31112233297466
2012	-306.90064666828766
2013	-309.2181800093862
2014	-306.12433973510116
2015	-308.2285513493886
2016	-303.4404249335996
2017	-304.07559117839014
2018	-309.0882560446605
2019	-307.1852940103677
2020	-305.8480362247185
2021	-312.13838617403127
2022	-311.60485791218895
2023	-312.39464491790045
2024	-302.14168903837447
2025	-304.34645683901397
2026	-298.2359804787217
2027	-301.80461314850953
2028	-299.6087775290926
2029	-304.17525832196486
2030	-302.8105501057279
2031	-307.99704916076706
2032	-309.38488449950995
2033	-303.9623396287681
2034	-300.49907474511025
2035	-296.21112776791125
2036	-309.21510695402475
2037	-310.95610687699246
2038	-304.979690327664
2039	-301.9528196620394
2040	-307.9620128110653
2041	-308.36630140336933
2042	-312.7569316465452
2043	-305.1120704502787
2044	-308.1541917546524
2045	-305.4658698879358
2046	-296.72298440671227
2047	-305.0234852812595
2048	-305.9875905150395
2049	-307.69994204607946
2050	-304.3540542837056
2051	-312.756633364585
2052	-308.3176515140369
2053	-299.87956621115586
2054	-311.01845883626874
2055	-304.7671500548101
2056	-308.88152299334854
2057	-306.8447772806033
2058	-314.86678826219224
2059	-302.0322977543653
2060	-301.20154484519946
2061	-304.34077838479936
2062	-305.13425033046275
2063	-305.4982690918623
2064	-305.33936927198374
2065	-305.28953965664454
2066	-304.44419571464897
2067	-305.20646532419266
2068	-304.86237892544887
2069	-307.3807435115086
2070	-302.0169910544951
2071	-306.5368452068559
2072	-304.55003060592554
2073	-302.7031154885273
2074	-305.010505428512
2075	-308.9377744961206
2076	-309.1341992254162
2077	-308.5438889673924
2078	-313.04251561615825
2079	-306.5661067525483
2080	-301.4174075952031
2081	-305.2106755524521
2082	-305.84295577590933
2083	-295.3658077498986
2084	-303.5742179508657
2085	-307.81249157542527
2086	-301.84349705512415
2087	-303.2280649214412
2088	-301.15895841664036
2089	-301.88305809066793
2090	-303.6113519580381
2091	-302.2027867778534
2092	-303.1509396783823
2093	-300.16787815852945
2094	-306.6183591883194
2095	-305.2692069205986
2096	-307.477244302505
2097	-306.92549616580965
2098	-304.8351303742691
2099	-300.49010539872995
2100	-302.82444329185785
2101	-312.2956748210267
2102	-301.9032714970723
2103	-307.2964108045128
2104	-308.0369921314213
2105	-308.4701332679469
2106	-303.17505862163165
2107	-311.1417328832128
2108	-304.3192898542344
2109	-309.6213334893498
2110	-311.19169302632815
2111	-304.9344060956454
2112	-307.985259855204
2113	-300.8194049103618
2114	-299.4580097348113
2115	-303.1179842364601
2116	-305.7690362100855
2117	-309.18894459627506
2118	-309.45879775060666
2119	-302.5883919341624
2120	-304.62926430156693
2121	-301.4569241164694
2122	-302.09798250088744
2123	-304.2182379536213
2124	-313.64519110971963
2125	-300.75321374788837
2126	-302.00722082549055
2127	-307.8161474179158
2128	-304.8668480683677
2129	-310.07434127912813
2130	-306.1878979757108
2131	-307.26346964194556
2132	-311.3994891785624
2133	-301.2012552670086
2134	-302.14480173974505
2135	-309.7338044437884
2136	-307.0498270274059
2137	-302.05833954089627
2138	-300.3453805892897
2139	-312.82259862027297
2140	-304.1784417172693
2141	-301.2673416796654
2142	-298.6563159447051
2143	-300.3398274326089
2144	-305.13955395243676
2145	-303.5077884759434
2146	-302.43992249208924
2147	-300.368410143833
2148	-302.6580403657054
2149	-305.40904030411093
2150	-308.16639613561586
2151	-310.10609416578654
2152	-303.28755601034214
2153	-306.6748895761524
2154	-306.4845779386403
2155	-304.377091905353
2156	-300.74900274680016
2157	-301.9381321168773
2158	-308.6063138097312
2159	-303.8216680770345
2160	-302.8632844219273
2161	-304.3950346321465
2162	-307.90872692143114
2163	-307.78709192683704
2164	-305.994900927963
2165	-300.1148525134779
2166	-301.18980262352005
2167	-305.0828288619977
2168	-306.31075571309697
2169	-311.2087006215086
2170	-300.29112954210666
2171	-304.7999888266874
2172	-306.7748095502718
2173	-307.5133189069038
2174	-299.75462546747303
2175	-309.5537398482539
2176	-307.85394201034046
2177	-308.84736865131265
2178	-304.6062890474638
2179	-305.6109798451805
2180	-305.9693616935623
2181	-301.17844908334274
2182	-306.859246778173
2183	-303.0687004018025
2184	-308.4589967735587
2185	-307.56654527661163
2186	-302.05469369187654
2187	-305.9139751180699
2188	-308.24337689419815
2189	-304.9417742524519
2190	-314.85750695078895
2191	-306.40634625896286
2192	-308.5718061685713
2193	-305.6906594599173
2194	-311.3098557362374
2195	-308.70315322502495
2196	-309.40398317516025
2197	-308.59698647378946
2198	-311.3875087021569
2199	-308.2340934072365
2200	-306.476256616467
2201	-303.9118523016371
2202	-299.8519921545578
2203	-302.48371778634055
2204	-303.5109948390903
2205	-304.6609739041882
2206	-312.1613485231076
2207	-311.0211228918239
2208	-303.0068017548691
2209	-309.09394094616886
2210	-297.7006699217654
2211	-311.33027006237097
2212	-306.8097437223529
2213	-308.68211645546484
2214	-299.7028955984553
2215	-296.4328623526013
2216	-299.01854920579274
2217	-300.3245707205332
2218	-297.5318457889484
2219	-304.38128689251056
2220	-301.6896742707172
2221	-303.2878042299879
2222	-302.71465477686445
2223	-302.21446969379514
2224	-312.6537024073456
2225	-302.6173920951736
2226	-307.21362491774977
2227	-307.87680951127203
2228	-300.40646016233586
2229	-304.09156010702804
2230	-301.6378332989704
2231	-306.03024692659136
2232	-310.55912732279876
2233	-307.41135114564634
2234	-310.12297764433856
2235	-303.3720060792548
2236	-306.11697268546834
2237	-308.3105890362372
2238	-304.3185780684235
2239	-309.1847306303499
2240	-310.4106772314949
2241	-304.6253660018393
2242	-304.1648173925271
2243	-306.6594675567948
2244	-311.7123380968752
2245	-301.4001407679757
2246	-300.8572944243695
2247	-305.7338393180467
2248	-303.75558859818864
2249	-307.37360013684156
2250	-297.6516125283766
2251	-302.1693512122648
2252	-303.36844731614866
2253	-298.19200069566676
2254	-295.2386074538965
2255	-302.3719350000576
2256	-301.92510751870566
2257	-302.5484045895529
2258	-307.04147586053006
2259	-303.769922773719
2260	-301.8611028101831
2261	-301.09896373736905
2262	-307.42921113197383
2263	-302.83793957038074
2264	-303.0976818974945
2265	-307.6578062196061
2266	-306.80264791413333
2267	-307.3806167103878
2268	-302.2074517120769
2269	-296.8038000000001
2270	-310.6918113756374
2271	-299.9542980451786
2272	-306.2534159410036
2273	-296.30450017857765
2274	-304.4687508889913
2275	-304.9092593302956
2276	-308.7443659774592
2277	-301.38027948933626
2278	-302.8190457226205
2279	-305.5793349384056
2280	-303.7983590468238
2281	-305.0377608464592
2282	-307.73305983764567
2283	-298.6392576018889
2284	-298.3005592990138
2285	-302.959728119938
2286	-302.97672012634166
2287	-302.9384155233712
2288	-302.21313569590404
2289	-301.31585059085154
2290	-301.2917622192923
2291	-307.2225892911901
2292	-304.9607173914042
2293	-299.2982793382242
2294	-302.3377792446858
2295	-301.76859024369384
2296	-305.7121445250399
2297	-302.8018819477313
2298	-306.83748854614606
2299	-309.1477581183459
2300	-298.44496218116336
2301	-303.10143620438095
2302	-300.7795305287771
2303	-305.2678983068498
2304	-305.982763968189
2305	-300.0377403265046
2306	-303.65735298264207
2307	-300.93558121850475
2308	-300.45826040566254
2309	-301.2837809087905
2310	-307.1025867509233
2311	-305.3798083253235
2312	-305.5009592777294
2313	-306.539355554975
2314	-297.351834315926
2315	-305.02387790583816
2316	-302.44377266401636
2317	-308.9815457558534
2318	-304.6843260629758
2319	-304.5353570520472
2320	-308.1322036105627
2321	-304.37185255504147
2322	-303.9219957622578
2323	-298.4521623744243
2324	-297.1509976723168
2325	-305.4316716250567
2326	-305.4256759189389
2327	-306.00410459860467
2328	-300.19695208563354
2329	-302.78242354210647
2330	-308.5264680271094
2331	-311.69111958945336
2332	-305.6702121016376
2333	-306.4965625371498
2334	-309.2136831004531
2335	-301.1401011955215
2336	-301.7694918124748
2337	-310.7654140362505
2338	-298.9837042435566
2339	-299.2874167531267
2340	-300.1556873898252
2341	-301.4427483797491
2342	-308.9944416945951
2343	-301.9254957013287
2344	-304.4807389310269
2345	-301.26329539264873
2346	-305.38880779123235
2347	-304.62345917982
2348	-299.3247419190785
2349	-306.5356552998588
2350	-305.2835168164258
2351	-304.48155009324915
2352	-302.37384835718257
2353	-310.0564304763702
2354	-299.1288714682291
2355	-297.87356264941815
2356	-304.4321183839135
2357	-312.2406082149386
2358	-306.69890732812803
2359	-305.99464084248467
2360	-299.37585889828625
2361	-303.08416475979107
2362	-304.0793702055177
2363	-304.4140925482797
2364	-306.7973344953663
2365	-307.5812896425799
2366	-306.41749642200585
2367	-305.38067734616146
2368	-299.93828217673456
2369	-305.2492983529128
2370	-299.4792617311588
2371	-307.3715941878079
2372	-305.29112372258675
2373	-303.009155826113
2374	-302.7334128214899
2375	-312.99342268528534
2376	-307.79678197243845
2377	-307.1601280932264
2378	-304.7063001104101
2379	-308.3705242643885
2380	-303.320255038929
2381	-308.38523811189265
2382	-304.5034473272142
2383	-300.90881595494875
2384	-309.38673653113574
2385	-307.37411606440315
2386	-307.22582160732844
2387	-306.6050828896339
2388	-305.66829142946943
2389	-301.7682486082254
2390	-300.8521708455794
2391	-309.880336647842
2392	-307.2045673302613
2393	-303.9171631279285
2394	-301.18357018963025
2395	-302.42532035715845
2396	-296.64318285966345
2397	-308.1148447934617
2398	-309.7367536660761
2399	-299.32931044013606
2400	-301.2215987852364
2401	-307.679862125053
2402	-308.60827930884057
2403	-309.2813069593143
2404	-305.4661449335797
2405	-304.1921521953567
2406	-297.3199844150207
2407	-306.20468491741923
2408	-301.642161918726
2409	-309.822427005218
2410	-309.09316885614334
2411	-302.25940383206705
2412	-304.29938220493096
2413	-310.45300857879494
2414	-303.66738436197573
2415	-305.7063600764755
2416	-308.27871191301296
2417	-306.21259934010124
2418	-308.1946243779551
2419	-305.91489813644023
2420	-304.6453293561511
2421	-299.52466733692046
2422	-308.0425878818141
2423	-313.81825269124903
2424	-305.2650964272756
2425	-308.99085234891993
2426	-308.9593951329243
2427	-303.4749706166599
2428	-303.809404263827
2429	-311.1727640432514
2430	-303.14457069216326
2431	-309.895265661978
2432	-300.06551654195744
2433	-305.688907263076
2434	-309.6377236712036
2435	-310.84650420206094
2436	-311.0287572569695
2437	-304.63339670171507
2438	-304.03095761179674
2439	-303.8974926176492
2440	-305.52291370808564
2441	-305.496967382703
2442	-303.10915884978635
2443	-305.88528759989174
2444	-308.36337870926457
2445	-308.3821401999246
2446	-305.76117801256333
2447	-303.71066258210715
2448	-300.91697211365596
2449	-302.94148363271563
2450	-305.7206232202814
2451	-301.7350142731869
2452	-302.6654030966704
2453	-305.60123988460293
2454	-299.22818369908504
2455	-308.52143429281756
2456	-306.16240639229517
2457	-305.9705098837511
2458	-305.20534580562196
2459	-304.3337131342928
2460	-307.7553471271496
2461	-308.86353883470974
2462	-306.01741336448134
2463	-308.3933750500199
2464	-305.2807155116575
2465	-302.267814665646
2466	-308.42365888314475
2467	-311.0550628475174
2468	-303.2161015406298
2469	-310.6998457880041
2470	-308.4808016237953
2471	-304.2018678760779
2472	-301.5867223324283
2473	-301.7891176322348
2474	-307.2220217008328
2475	-307.04459405768347
2476	-307.48441761163326
2477	-312.2439526911203
2478	-306.2072841685303
2479	-307.6906455382551
2480	-307.18641182138947
2481	-311.37738068122496
2482	-296.3622831574825
2483	-306.08634751553734
2484	-305.1126545523563
2485	-307.0329491476491
2486	-305.09204033291394
2487	-302.9864247246834
2488	-312.6686813089595
2489	-304.6777643966875
2490	-299.63393593607174
2491	-306.57921628927056
2492	-312.44256417441903
2493	-302.7129302296454
2494	-314.3089826132249
2495	-304.4443696351856
2496	-304.57559895248033
2497	-302.52641561266705
2498	-307.51041354101676
2499	-304.82451110269807
2500	-302.65345933289564
