1	-311.8243532759264
2	-305.98961764278584
3	-302.1698792640775
4	-305.0004175893049
5	-304.9244900751808
6	-306.1698248380048
7	-298.25738310309305
8	-309.1546152979004
9	-303.80064287570394
10	-305.2751837582877
11	-306.95536586120585
12	-308.49345132839005
13	-307.1173213605549
14	-311.1303040834888
15	-307.0430336898653
16	-308.11135143853437
17	-311.83287815526955
18	-302.3151856253209
19	-303.81799907653124
20	-303.50763395082777
21	-306.22386897657026
22	-302.0477666031753
23	-302.17463406644197
24	-309.40915008200517
25	-307.7529083004302
26	-309.18183761985534
27	-308.06516278869077
28	-301.7913711763168
29	-302.53879006623583
30	-305.0886329849948
31	-310.0506074846001
32	-309.5143163883376
33	-307.47739466025536
34	-307.39112954692604
35	-307.11846964772946
36	-301.9131924202228
37	-301.85092219959785
38	-306.9135584893935
39	-308.12886154851554
40	-312.0236104716041
41	-308.5754839862738
42	-306.11927072959253
43	-303.4251148003989
44	-304.8079354079177
45	-304.8904409745584
46	-304.7360494037375
47	-306.6343199604475
48	-309.5105427295949
49	-312.419149899672
50	-301.0614043962848
51	-304.82064022757504
52	-306.87104619804063
53	-302.9712854941921
54	-307.1884082910864
55	-306.2910623770935
56	-313.2693294185749
57	-301.73849142683395
58	-295.89524866278924
59	-306.75277440816217
60	-301.8239145716737
61	-308.55735668785934
62	-303.00915105132646
63	-302.3891675974656
64	-308.21924225489505
65	-301.1865570504918
66	-305.9454109678314
67	-307.7616604672145
68	-304.5581002913368
69	-297.78759028119015
70	-304.2587321542675
71	-308.0541883485435
72	-301.6419161511634
73	-301.98775062515983
74	-297.9206391581474
75	-307.6744939761482
76	-307.0522830951033
77	-304.48052574662813
78	-307.92594028233293
79	-307.7842412545164
80	-306.0862588392993
81	-305.1060080774283
82	-306.93163704035004
83	-309.6112098290246
84	-305.30775669255985
85	-306.89334930351254
86	-310.0076008830685
87	-305.8575532467975
88	-303.6372771982661
89	-303.6554333652479
90	-305.41498187674785
91	-303.492696271522
92	-306.5492694373673
93	-308.69677004666653
94	-296.54474361535256
95	-304.49259765010004
96	-297.13816661356213
97	-311.55284232610154
98	-307.0853586338303
99	-304.13375809368745
100	-309.849219051333
101	-304.67771679388994
102	-304.13337503776927
103	-304.0783904391841
104	-304.8083636597601
105	-303.9310276044128
106	-305.14877976342336
107	-302.4378362751817
108	-303.6387592197039
109	-302.6451843387039
110	-307.08209412846975
111	-303.18322814922334
112	-305.555957886067
113	-304.26214795785245
114	-301.38837748199114
115	-302.9790317097381
116	-307.4677789763441
117	-303.91459215275387
118	-304.0187573646399
119	-305.3411890504104
120	-306.52193457237075
121	-300.66832168262357
122	-300.45018257846453
123	-305.2208728434416
124	-300.531802432326
125	-300.68809468313196
126	-302.44655792852734
127	-308.69201427580833
128	-307.7590720444832
129	-308.4094513544464
130	-303.07296627800406
131	-308.72858755232454
132	-302.6510000000009
133	-306.5466939977823
134	-309.6138878782204
135	-307.2690482946369
136	-302.74772401825226
137	-309.3135645835858
138	-303.1364
139	-297.771591472383
140	-299.413840782395
141	-300.2711696282814
142	-297.1226017298597
143	-306.50342841251955
144	-303.6902730782174
145	-300.9590877591183
146	-299.4925000082775
147	-297.5650117178298
148	-308.81305791621907
149	-305.9592713015377
150	-299.3897695732535
151	-307.39306436631665
152	-295.74526035016606
153	-300.1967952048961
154	-303.8337926316815
155	-294.30750355928876
156	-295.04586936655176
157	-302.6169327326461
158	-307.41519125945393
159	-308.08638543557583
160	-305.01372251203543
161	-304.6956238142442
162	-303.73642384003404
163	-305.91258695383556
164	-305.89963102719076
165	-306.5931730369289
166	-304.67405782006244
167	-310.8074410937969
168	-305.304773724036
169	-305.5436305788615
170	-298.459880690772
171	-298.21924561510656
172	-303.06376796298804
173	-306.3941587527111
174	-307.22787316836997
175	-302.29272132796757
176	-307.9217831800856
177	-298.030259753795
178	-304.7358090594548
179	-307.3210818971757
180	-304.86232390619216
181	-305.33132913624536
182	-302.78214880476696
183	-307.1687349662194
184	-306.01083269980154
185	-308.8456701763331
186	-307.7110263671127
187	-311.5092748360667
188	-301.5789107393436
189	-310.8014562738079
190	-302.6835099127343
191	-305.82597844029993
192	-307.3052727091471
193	-297.8159028465453
194	-300.9638724757629
195	-300.2495820444185
196	-310.97829179329244
197	-302.7518077421927
198	-307.9353233847056
199	-305.4113199936599
200	-302.85508552114305
201	-302.54945395486095
202	-303.98437899560133
203	-308.8461274654983
204	-305.4759895258677
205	-303.50485045332306
206	-308.65962774569715
207	-300.17457540545246
208	-306.0217120878596
209	-306.4350099345088
210	-304.2352120838847
211	-302.16270000000003
212	-305.50227198547026
213	-303.743756049734
214	-306.90526617663164
215	-304.4935
216	-302.16001326922895
217	-306.23109010180957
218	-300.7477940859111
219	-298.71571998706634
220	-305.7548898715926
221	-304.4515532746296
222	-299.3823556203012
223	-311.2432703844728
224	-304.34501696215096
225	-308.66833397061976
226	-306.7143339828298
227	-307.58787218069943
228	-301.45728200969927
229	-305.42564359411267
230	-309.55014893378853
231	-301.70087549725554
232	-311.7076666740769
233	-305.4405732990863
234	-305.3965987709228
235	-307.11043177013545
236	-303.39935214664604
237	-304.7891705240869
238	-305.0360673992407
239	-300.76433805417827
240	-308.29066449932424
241	-310.7899272235289
242	-307.99005819006305
243	-296.4377
244	-307.2563865888702
245	-304.17875222591044
246	-298.112391628792
247	-302.8821165356761
248	-299.5828044846257
249	-299.5582214191863
250	-295.61762032309235
251	-297.2351847116487
252	-299.9943934905643
253	-300.5507565304522
254	-301.35108977432725
255	-302.3336451029672
256	-303.5534169984389
257	-302.00012986294536
258	-304.7798520736745
259	-303.6695672462062
260	-300.64897487186363
261	-302.9908372989884
262	-301.1951711505805
263	-302.5885832899637
264	-304.6602561049175
265	-304.52462016538914
266	-310.5229181095025
267	-302.3571044080025
268	-304.0880774668235
269	-306.2314852801611
270	-302.3601043793221
271	-305.2725979474956
272	-303.73706997453047
273	-300.5384685864638
274	-299.7829364820426
275	-305.74886422880724
276	-298.64529065095695
277	-289.30931955382925
278	-302.12125328572904
279	-307.55639022192514
280	-299.3375705032201
281	-297.30400094015306
282	-302.2300387910057
283	-301.2891753963941
284	-304.8336186421626
285	-301.486661537692
286	-303.8062471745873
287	-303.24164122852636
288	-304.11989344849786
289	-304.6600454623654
290	-305.71371159774253
291	-303.4926000000505
292	-308.63650000099534
293	-299.1355180168336
294	-302.3247766065657
295	-308.8662944853515
296	-302.7309065029838
297	-301.48153075493695
298	-298.8027040232887
299	-301.12632276125515
300	-298.77800475688326
301	-299.6372240237901
302	-300.5797398326081
303	-301.0089787085128
304	-312.7655134752708
305	-302.8836637977222
306	-306.4316172047899
307	-303.06094772694956
308	-306.76279152690813
309	-310.4588670936525
310	-306.6383123523598
311	-309.22268165584046
312	-298.9365023104628
313	-302.3126429817726
314	-301.881801717456
315	-305.69783624572904
316	-296.70467716308247
317	-310.93628551366766
318	-305.3137987895056
319	-309.98997706298337
320	-301.50777505674034
321	-307.66832130758485
322	-297.0648619959031
323	-307.40764679870637
324	-308.7557102894221
325	-304.6559273112029
326	-307.13406578355136
327	-303.909040687983
328	-305.73298036281585
329	-304.572823756665
330	-302.26682248012696
331	-305.36199134801325
332	-310.6983374983913
333	-304.4302255261423
334	-308.979695892874
335	-305.1656478114287
336	-305.93306165843944
337	-302.6338806246769
338	-306.33401203820455
339	-300.26294909159986
340	-302.0126734702095
341	-304.4849948115109
342	-308.00545211730577
343	-299.6888510697884
344	-301.0920351438987
345	-301.2110226928413
346	-303.9727648977246
347	-305.8507114833955
348	-304.733697107538
349	-301.3851618597111
350	-305.9312655326049
351	-302.2036001253668
352	-296.31132094450527
353	-301.03086390134484
354	-306.4831059863947
355	-300.18986014348445
356	-311.0511523519145
357	-307.52303028188163
358	-306.64682427288085
359	-298.29586734176667
360	-304.7956283189705
361	-299.6395487247022
362	-303.1518162629697
363	-308.47174000057623
364	-304.5076510217937
365	-306.64229447504937
366	-293.8413232286812
367	-301.3417033977817
368	-297.3336477240311
369	-305.42128269798593
370	-303.20651936843797
371	-303.34289821912756
372	-309.6850078454824
373	-308.02040756649023
374	-305.70807798226303
375	-305.30841718455866
376	-305.6136060099802
377	-310.73410883183476
378	-307.2095519257686
379	-303.58561176161675
380	-298.83121729121297
381	-308.9887181370654
382	-302.62147772367837
383	-303.7916210801643
384	-301.6287175555293
385	-311.0321248286658
386	-307.29428156532884
387	-305.34696561488795
388	-299.94747148662043
389	-309.9636667571209
390	-303.24209106745377
391	-310.575020626887
392	-310.8684349977986
393	-306.7055149766931
394	-304.80775473223815
395	-307.18834037427166
396	-305.15716457034637
397	-304.5861452724365
398	-297.24732631368073
399	-302.5944861941892
400	-302.9225015353621
401	-297.18600405748117
402	-308.48433811230694
403	-305.0050597394295
404	-302.27423253786964
405	-305.96321890995966
406	-308.99253897192796
407	-311.0322329822112
408	-302.07775189373115
409	-306.1003000000136
410	-296.71410619576284
411	-310.362799897849
412	-310.7953332026792
413	-304.44432709619883
414	-296.33561229319486
415	-292.7767050079047
416	-303.83163106539723
417	-306.59592453210405
418	-299.597431110537
419	-304.2428946316652
420	-300.4459337959601
421	-306.0139390815168
422	-303.997911839229
423	-301.37801426662554
424	-296.40510000000006
425	-306.19776257203665
426	-299.2250502920244
427	-304.72109348543034
428	-302.8191648937362
429	-303.1992474381919
430	-308.2825744602463
431	-306.12526304809654
432	-294.8087602736766
433	-301.86065808260383
434	-306.65190615720957
435	-304.1651237680274
436	-299.10136166052956
437	-303.63020004422145
438	-303.7712994753347
439	-302.92949237931566
440	-299.89797727091735
441	-305.66125503839964
442	-305.5015880596301
443	-303.8346270767351
444	-300.3909781762232
445	-302.24324777574526
446	-300.4279797043882
447	-301.8601311601078
448	-303.0027594043137
449	-298.1819658673127
450	-302.6510740401467
451	-303.3050897305426
452	-308.9022315317707
453	-305.83968611375604
454	-307.60977470294114
455	-301.22646452495115
456	-305.9740528838382
457	-299.5670472391046
458	-303.9608712628329
459	-302.513800653931
460	-305.1506083976613
461	-310.018107169449
462	-305.0936247467138
463	-306.08695558538915
464	-308.43954864682337
465	-303.4498073858986
466	-300.96559417869776
467	-299.9520092025211
468	-302.90434967585867
469	-305.72780400646735
470	-306.67261666393085
471	-302.4430687615364
472	-301.584658711273
473	-304.4522065212591
474	-305.2527953290499
475	-300.3842655079747
476	-307.40170000363327
477	-304.4265708958285
478	-307.5110851804424
479	-302.14362015192046
480	-304.6552954760598
481	-306.84804046671366
482	-308.06916371389144
483	-302.26083648478175
484	-307.6916616076327
485	-298.1086757672516
486	-311.6599245998571
487	-303.64637673242794
488	-302.43387429204046
489	-306.3693922230529
490	-297.1816183920698
491	-303.5414574231436
492	-307.5249247002731
493	-307.0627123321348
494	-300.90418160429317
495	-301.0677542627864
496	-305.162724651303
497	-307.71484189079615
498	-308.01636438847294
499	-304.13524510035353
500	-301.06306530384114
501	-302.10578840619723
502	-308.0547417784336
503	-300.411709763126
504	-301.31508871772616
505	-303.0044937474458
506	-301.2129662031105
507	-306.8773468950553
508	-304.51239876742216
509	-305.82565973421254
510	-306.9331309474331
511	-301.07779349144107
512	-306.5288481159384
513	-306.5422307755822
514	-302.4380680268982
515	-308.3328843470924
516	-308.92014766725396
517	-308.7593479409071
518	-305.93016962432654
519	-301.89796874056424
520	-302.7927108358532
521	-307.6252717049152
522	-302.2507352555806
523	-305.41893093763326
524	-305.09860219894466
525	-306.91474600105965
526	-305.97903062033737
527	-302.1240031240686
528	-306.18711723234645
529	-309.684402117775
530	-308.98150603485607
531	-308.92418373424204
532	-303.8698133778698
533	-307.2313181353988
534	-301.8400591072928
535	-306.44960000000015
536	-305.17730688721264
537	-302.6457242870715
538	-307.5210391125879
539	-294.573309579328
540	-303.65058561613125
541	-304.91180817053123
542	-306.53968893689984
543	-302.71250046668183
544	-297.809913169881
545	-305.28447967422153
546	-299.9321
547	-304.47744733261715
548	-302.3656688178561
549	-305.82680547030117
550	-303.164771649482
551	-302.15575786682507
552	-302.7916388345545
553	-306.86024722707583
554	-301.67340168309545
555	-303.61630875990096
556	-303.25197179779735
557	-299.8483043983429
558	-307.9174048105115
559	-298.1183043220409
560	-303.81238462849177
561	-301.6294020544957
562	-305.3012769484416
563	-302.5104666073185
564	-299.9313
565	-300.7692385153406
566	-307.17184007332213
567	-300.9233532904831
568	-301.58296640112997
569	-305.48444368479574
570	-306.4785472741341
571	-303.51526309191235
572	-306.33520650036235
573	-306.4737682472058
574	-303.7321157837711
575	-299.5483898561471
576	-305.4642511780505
577	-304.3232807789338
578	-304.3245421717382
579	-304.46441978025473
580	-305.16887022523457
581	-301.7218295626904
582	-302.1489799397102
583	-304.3854424180845
584	-304.8414005016483
585	-305.0608715090341
586	-304.5612603502595
587	-301.36504058728167
588	-306.72512573858614
589	-305.6974050507331
590	-302.6911877279807
591	-306.48426691182266
592	-301.58499873069064
593	-299.41069019692225
594	-301.58952685339057
595	-300.657600532561
596	-303.40059356936007
597	-300.7680021202808
598	-302.3689173411124
599	-303.053622526112
600	-301.97751558547134
601	-292.9856493958587
602	-297.2224668513759
603	-299.35708578077214
604	-308.29055964836317
605	-306.02851512252187
606	-302.9786314593968
607	-302.69691170236183
608	-303.86598905741596
609	-301.94157701699015
610	-306.60444075521104
611	-298.8008035677661
612	-296.3063803174628
613	-304.6762448318252
614	-305.30661699249265
615	-300.5814189530721
616	-304.08175219077714
617	-303.40955650710123
618	-300.72462282392786
619	-300.2794773138521
620	-302.4540422236644
621	-304.4429645033552
622	-301.9753308921213
623	-301.3390604754013
624	-304.30882437342746
625	-302.29906462771163
626	-305.3225841303686
627	-300.1485289135448
628	-304.4394929180128
629	-300.79138853503605
630	-303.1829634353057
631	-305.3624356444474
632	-305.6217318310537
633	-305.4764885585911
634	-305.6642991439042
635	-304.4505067693828
636	-303.97999512751596
637	-305.20995366505997
638	-301.7047535932997
639	-307.61748290435975
640	-308.0721161359392
641	-298.27803297184056
642	-304.5010028095834
643	-302.7437632600854
644	-301.2201710437578
645	-295.08050342886906
646	-305.3775771989382
647	-305.2292000000001
648	-303.4587934492552
649	-304.0828622325967
650	-303.2068801630479
651	-309.30866632891497
652	-302.2078231516552
653	-302.91842727712907
654	-304.19240697838853
655	-309.4738698483476
656	-306.04428084822797
657	-301.7308958198228
658	-308.65716258199234
659	-303.22287336899393
660	-306.7742982136714
661	-307.7684624120783
662	-309.7047193825081
663	-304.83641331835213
664	-307.8079238239612
665	-294.59590105459046
666	-309.07841123057364
667	-302.9419782946909
668	-298.6231129183607
669	-306.3701090399437
670	-302.36560621637034
671	-303.0892777786279
672	-306.89683860140536
673	-306.2646653907055
674	-304.497313425623
675	-301.8868275952828
676	-297.6187650399617
677	-307.3990303996377
678	-299.8703747706144
679	-295.1414416134474
680	-294.8777986258923
681	-307.83412275943164
682	-306.19662808306805
683	-299.7960131734877
684	-303.85091679059735
685	-297.639990443253
686	-298.7024905405714
687	-297.9946000003002
688	-306.6217784209414
689	-300.3062699593144
690	-310.9787847616016
691	-306.248588464036
692	-304.98295493744655
693	-301.71436040152344
694	-300.2536940447994
695	-306.1214362687072
696	-294.58908969738906
697	-304.2678817790336
698	-301.0207562869891
699	-307.1399372851759
700	-300.47883823120304
701	-303.1491610891188
702	-302.0076623537945
703	-304.59949376725723
704	-304.07390555268955
705	-303.7318038385372
706	-304.71125392005126
707	-297.8797445002751
708	-301.6850494437512
709	-304.9715022263034
710	-301.64472974475933
711	-308.4597050067648
712	-294.90379982897804
713	-307.39077640497794
714	-299.7066837860549
715	-302.9514582900213
716	-301.1502138607055
717	-300.7114154045504
718	-300.59020832696064
719	-299.2225000387378
720	-293.4793729186025
721	-306.3637037008026
722	-308.6086725730439
723	-306.9829742559207
724	-298.24910478701577
725	-299.98899402923587
726	-301.38780347842317
727	-305.51199585219865
728	-308.57990546452714
729	-301.6780564765213
730	-301.89312115211976
731	-309.5795040721967
732	-307.1458268745853
733	-311.409652773075
734	-304.9086404200744
735	-307.54200209806714
736	-306.6311115650597
737	-305.9294328219386
738	-307.100369654924
739	-307.3422225058462
740	-310.4473940823839
741	-309.4495126668636
742	-303.168787696702
743	-303.8065367499646
744	-305.67127326105583
745	-310.443038008785
746	-303.6820663386829
747	-307.63773782423914
748	-305.2777750728566
749	-304.9400431092007
750	-305.9716545514031
751	-301.3412484808775
752	-309.86321012611734
753	-305.92128290831243
754	-300.6456574028677
755	-302.54862011015626
756	-298.7834324865608
757	-303.3299308343071
758	-302.639268276142
759	-310.5101157281962
760	-299.9242867939898
761	-299.48827349717203
762	-309.3555914796218
763	-304.46602937045077
764	-294.57311254327806
765	-303.4510187518601
766	-307.40088396891673
767	-296.38708048340067
768	-304.5856799761246
769	-308.08274889100846
770	-302.5679587434608
771	-299.61686410329173
772	-307.39824939768727
773	-307.88226604854196
774	-304.1059150039925
775	-303.29599153328377
776	-304.19052426974275
777	-308.4516183281717
778	-301.8455376477328
779	-304.31040169049294
780	-304.9883615127447
781	-300.29713457518005
782	-307.98622261147915
783	-303.83115336165434
784	-299.3065681046446
785	-304.13308767353635
786	-302.9823939201557
787	-299.9005726048942
788	-302.65790518319636
789	-300.81805978713516
790	-296.4290256474562
791	-299.1546689463031
792	-306.22027391057645
793	-306.5091423364225
794	-303.8109907700702
795	-299.36891089700885
796	-305.8846537457185
797	-304.4581689848089
798	-301.28492205001675
799	-305.8606040699352
800	-304.7307195592945
801	-301.5270614015372
802	-303.338910265876
803	-297.3145509388327
804	-306.13692890149474
805	-302.71430967507183
806	-304.94189725272645
807	-305.17341196383677
808	-303.5041
809	-303.4175043474663
810	-309.28361249824786
811	-302.1742433375723
812	-303.7887920858818
813	-303.0928831741361
814	-307.9182930234233
815	-306.84362305382854
816	-300.3582077699123
817	-301.2657810000651
818	-301.41240133858116
819	-310.3015252075229
820	-300.7581593185387
821	-293.9383
822	-305.06234002355126
823	-305.77806864838743
824	-302.3732483244845
825	-300.04879282152274
826	-308.2273481789677
827	-300.6342853613107
828	-301.05149227931213
829	-297.5974
830	-304.43867226634427
831	-300.01956803618884
832	-308.85415629479587
833	-306.00734074509836
834	-297.8312254397323
835	-305.55833314837696
836	-304.76455556746953
837	-297.78720585560137
838	-305.8515441851402
839	-300.8851059299119
840	-297.26963391589396
841	-302.61823540857097
842	-302.52953565051314
843	-301.5926807310628
844	-301.64118034861184
845	-309.4315296375498
846	-295.7129587520082
847	-300.9234965582654
848	-299.64946355875463
849	-305.82328930885484
850	-303.1177087164935
851	-300.4352739286938
852	-310.3325709876886
853	-303.233822626366
854	-305.14123083951284
855	-307.27987456846733
856	-304.9041988369435
857	-300.9295867329525
858	-303.8177041194329
859	-302.70420224073223
860	-301.6563232483209
861	-300.8286407481112
862	-303.3709314220861
863	-308.09523129975014
864	-305.463720105596
865	-301.23274334538564
866	-307.60168237751265
867	-300.5885845201919
868	-302.48942987241736
869	-305.1077410080746
870	-301.3861216302026
871	-305.26521220536875
872	-302.2498289970158
873	-302.74435581724055
874	-302.7652699190345
875	-305.82938208253756
876	-298.024253481498
877	-302.993
878	-300.29831302444694
879	-302.3252737152891
880	-296.235
881	-299.3444687743144
882	-305.1889998920486
883	-299.93968883580095
884	-299.70299546651944
885	-300.7049387853932
886	-294.7609698582313
887	-298.84432574722507
888	-301.1458627863392
889	-306.74477335392174
890	-300.10710291764036
891	-296.1462745997185
892	-301.85925418303333
893	-303.54733485472366
894	-303.14231388326255
895	-302.5862199744307
896	-301.59952152890645
897	-306.4808947234142
898	-303.62781217539333
899	-301.3462035552097
900	-304.0632851010044
901	-302.82964162332377
902	-303.73476154526105
903	-310.3446865343576
904	-304.6236262548395
905	-306.10537491879
906	-307.3155989300632
907	-299.014441620568
908	-304.7875507725599
909	-306.0071486854874
910	-305.27821818918983
911	-296.9521427839571
912	-296.2815680992915
913	-305.51601153276516
914	-306.4699907962977
915	-309.579596513283
916	-302.266570373874
917	-308.51131505407835
918	-303.23990000000003
919	-305.16019620101264
920	-307.3573997580225
921	-305.373925842881
922	-305.172072679548
923	-303.1701737973345
924	-304.9016937053622
925	-303.1405
926	-305.7913897196197
927	-304.4619373562295
928	-307.7579931811591
929	-301.28377479088635
930	-301.2306013834726
931	-305.3561310548543
932	-306.8638598031886
933	-301.8134975264469
934	-300.5789222361116
935	-309.92828772247987
936	-308.0939712980141
937	-308.33545926544
938	-304.05132118001706
939	-303.3124924108912
940	-305.91400076515146
941	-307.77303468715627
942	-298.48987755985195
943	-304.6879304761255
944	-300.1885
945	-303.5018468561082
946	-308.7370873498132
947	-303.6892
948	-298.13398345783685
949	-302.43937330159747
950	-304.4662740528169
951	-303.25025277944405
952	-307.2467837163296
953	-307.12505705582566
954	-302.57187221336534
955	-308.7934495713344
956	-305.08639215907
957	-300.8885878441742
958	-297.1472976902344
959	-307.11717735380984
960	-303.8899671704821
961	-301.09951066855587
962	-309.1444586535815
963	-304.48388158336786
964	-303.836054445031
965	-307.61381327024924
966	-304.13914969678837
967	-305.5701273031841
968	-305.43189446158505
969	-304.9049998024588
970	-302.1090866959
971	-302.65663493278373
972	-303.1562524670567
973	-310.65933543420743
974	-304.4394101663665
975	-301.94877529522404
976	-300.5872195337773
977	-305.4817514084677
978	-303.6917359322181
979	-304.9652350052798
980	-311.21978762143675
981	-301.26206920129897
982	-304.95280673023666
983	-305.37862937726226
984	-305.2762031147756
985	-299.25504422588244
986	-304.8628416976957
987	-308.7371268636379
988	-306.54268479031185
989	-301.6191919154081
990	-302.3448433008
991	-298.3865834806662
992	-307.0670234019398
993	-305.15195432806956
994	-299.8637333346614
995	-301.91336287069754
996	-302.624
997	-309.1905182154622
998	-304.9964403233168
999	-301.1190550052441
1000	-299.55218102971656
1001	-300.9057266796864
1002	-307.3342119993187
1003	-303.2700003126748
1004	-301.5777679840314
1005	-300.17309813130476
1006	-289.64366521747905
1007	-303.84107076568534
1008	-302.5836325986489
1009	-297.807190325099
1010	-300.9303671118024
1011	-304.54990473958264
1012	-301.0312026869672
1013	-308.88877012023886
1014	-297.83218720549456
1015	-308.88933259350705
1016	-301.89406069495556
1017	-298.4541994900338
1018	-299.71792143512766
1019	-299.9034582746388
1020	-300.02452208489143
1021	-299.47108403030325
1022	-305.04087663664137
1023	-309.65586298823996
1024	-303.0300396511861
1025	-293.58405762492157
1026	-300.97392618557143
1027	-301.19084885416095
1028	-304.45613918162996
1029	-298.76679805172205
1030	-308.68045870640424
1031	-306.0011594822377
1032	-299.4205272997777
1033	-297.84176596516664
1034	-302.8966005139776
1035	-304.8848713944385
1036	-300.0608061656194
1037	-304.75371664346653
1038	-307.20032571562115
1039	-305.2959538577684
1040	-304.564465408235
1041	-299.9906975438461
1042	-309.0429000000002
1043	-305.8224291094619
1044	-302.8648244880471
1045	-311.23898102463215
1046	-308.91941826189833
1047	-301.0877723046111
1048	-302.3113446424322
1049	-305.00567729500347
1050	-307.698524562371
1051	-304.07331728950965
1052	-297.5657508391118
1053	-297.24183569580634
1054	-305.94525651685507
1055	-294.1097509076999
1056	-304.5274024138615
1057	-307.3144335537418
1058	-306.9095200649261
1059	-304.0237250707311
1060	-305.36540301111336
1061	-303.4488903216627
1062	-305.1396064287063
1063	-304.5257212619067
1064	-305.4173
1065	-300.47514197144125
1066	-311.56171958766913
1067	-303.2554925886179
1068	-300.2494011443899
1069	-301.84527259626793
1070	-300.9333911467418
1071	-305.9986244182583
1072	-297.41083395951546
1073	-305.5936835425163
1074	-297.77253175150975
1075	-304.1708062838031
1076	-300.55585303139475
1077	-302.17022066068523
1078	-303.24930906011633
1079	-301.1994367990275
1080	-303.4172397721972
1081	-304.76615799477713
1082	-307.28509545924857
1083	-297.9909632138505
1084	-310.79465195038716
1085	-309.00390760464495
1086	-308.76976765529207
1087	-295.549230266407
1088	-306.51835324437263
1089	-302.8584286174457
1090	-305.4745812138631
1091	-304.7648668637904
1092	-308.3837411066092
1093	-312.3101923806815
1094	-303.68528734154916
1095	-302.4755888010034
1096	-297.78580028349074
1097	-299.5529000000001
1098	-297.1729583686121
1099	-301.57437158225196
1100	-304.7652550969953
1101	-301.37904291411274
1102	-302.4469
1103	-299.08133208011407
1104	-298.76536687541693
1105	-307.9754618186804
1106	-297.6526440708683
1107	-306.76109240444805
1108	-307.8085389921663
1109	-308.153407010872
1110	-305.6622979201627
1111	-307.58576963418085
1112	-304.31072769421877
1113	-306.9146505414213
1114	-305.38983988352715
1115	-306.5306322289756
1116	-300.85526467631576
1117	-302.2643441626889
1118	-295.7755406065662
1119	-303.25312062253886
1120	-302.3156307496754
1121	-303.2312460460731
1122	-302.1920539340515
1123	-303.7127577767666
1124	-299.11029049180894
1125	-302.93523941871274
1126	-302.4742376794582
1127	-305.6676941501181
1128	-308.6498487297221
1129	-300.67020032303265
1130	-304.53316962435963
1131	-300.89602237668373
1132	-303.58751649161246
1133	-300.8330133408443
1134	-303.58829586527406
1135	-300.92812641828993
1136	-303.76152607594844
1137	-308.15758411100273
1138	-294.3496533954748
1139	-301.9526986503282
1140	-305.3299938929755
1141	-304.3465228067679
1142	-303.1927584160033
1143	-305.84635930310026
1144	-311.15787406146524
1145	-305.7683936342728
1146	-307.94235882067255
1147	-305.801586485408
1148	-304.216645885682
1149	-299.92024800759697
1150	-311.0947980287535
1151	-308.5687757706739
1152	-307.37319234493754
1153	-304.86360673840477
1154	-305.87079158958227
1155	-299.48236046302526
1156	-305.061437887061
1157	-306.262961697096
1158	-309.45885965472723
1159	-311.6244851575426
1160	-305.0001689080615
1161	-297.50198796300555
1162	-303.6460464353273
1163	-296.3090985779877
1164	-298.0634371020686
1165	-306.28839454303056
1166	-302.19257341922025
1167	-307.8175262294739
1168	-303.5241563738864
1169	-306.118591713972
1170	-298.9765772835614
1171	-306.1703485210948
1172	-301.59420867525137
1173	-301.9470221387214
1174	-301.92607606722197
1175	-308.13551404061786
1176	-300.78870619394166
1177	-303.50525014276946
1178	-309.74167339250056
1179	-304.0840440896393
1180	-303.52710650210724
1181	-308.5121036613032
1182	-303.33916806242127
1183	-305.1633584121869
1184	-304.9253096460995
1185	-305.7402974000546
1186	-302.21431378862366
1187	-310.8847021898292
1188	-310.13278872075495
1189	-303.19490438100286
1190	-309.91218627988945
1191	-303.2134421612961
1192	-306.7811779704992
1193	-302.01731529794705
1194	-302.6573916704714
1195	-300.8530988366729
1196	-304.7009318120214
1197	-305.1872546071241
1198	-303.4423221582941
1199	-304.5879988776461
1200	-306.0745000808061
1201	-304.44612679639687
1202	-302.38606369494653
1203	-301.3354867654096
1204	-302.15985114171843
1205	-305.1756029168772
1206	-307.99437958751975
1207	-303.8508839506432
1208	-302.86202434793097
1209	-296.86046620692133
1210	-306.9383858784221
1211	-301.3217678456541
1212	-296.43951167671565
1213	-300.3600515261326
1214	-301.7266997397879
1215	-301.8545421457982
1216	-298.14848195411736
1217	-297.0534691564072
1218	-299.2534713799793
1219	-302.2847149513769
1220	-296.9838669642009
1221	-307.95032009661105
1222	-303.37435171398556
1223	-300.6650439420618
1224	-303.95758170962546
1225	-300.71208435780204
1226	-305.6987367155805
1227	-303.31651015811866
1228	-304.2654015302495
1229	-308.0705267936805
1230	-304.34812131537524
1231	-305.3845889367419
1232	-306.770874162641
1233	-300.01579087903394
1234	-309.2366302081225
1235	-301.0908232942864
1236	-298.58761801781014
1237	-300.79992181885524
1238	-298.7817082189724
1239	-305.70911778885767
1240	-304.54772063123573
1241	-296.91564693258664
1242	-307.1166279382142
1243	-307.2880639626559
1244	-305.80479872880903
1245	-304.10876882466886
1246	-307.21651795044386
1247	-303.47555846065967
1248	-309.41086182185217
1249	-307.5762222889174
1250	-310.28930152794743
1251	-303.10826501620585
1252	-308.64803173168116
1253	-304.89172703822743
1254	-306.55095667128
1255	-306.0762881772215
1256	-303.8761804415714
1257	-298.0468642120302
1258	-303.16132638038783
1259	-304.6077604265845
1260	-300.8015385483286
1261	-299.5097855170549
1262	-306.71271414437297
1263	-303.3032727628507
1264	-297.14612109084965
1265	-305.7818684997994
1266	-309.3460725670326
1267	-304.8609065201732
1268	-305.0264701979718
1269	-310.43674436258283
1270	-309.93077719092383
1271	-301.94340875785156
1272	-304.0196920052457
1273	-299.78326763306984
1274	-298.166052655913
1275	-293.835900341939
1276	-303.7722128064495
1277	-308.56258443050706
1278	-304.52457475674345
1279	-298.24989013433515
1280	-299.6837604220039
1281	-301.58119771532614
1282	-295.2475306755808
1283	-303.5585531241133
1284	-297.30561299011055
1285	-305.4333333209134
1286	-304.0227811028235
1287	-299.51000001047953
1288	-301.8082228324698
1289	-297.950505756897
1290	-298.9364379178709
1291	-304.7495415822154
1292	-298.9179912008138
1293	-306.2896674861932
1294	-304.2750500690269
1295	-305.42110564205683
1296	-300.53891715089964
1297	-300.97871743246367
1298	-311.0589466962268
1299	-306.33477888731306
1300	-306.47622243852607
1301	-303.66739196607136
1302	-302.21042895380083
1303	-303.4556294783686
1304	-297.256
1305	-304.9635940745817
1306	-307.9299526015969
1307	-303.2277660710191
1308	-297.3201207571971
1309	-298.7977295278814
1310	-308.95221811209626
1311	-303.6767927518371
1312	-305.4382
1313	-301.51495706786295
1314	-305.1509289949412
1315	-302.1671597690941
1316	-307.5844616679904
1317	-299.21757404586555
1318	-304.91548132288455
1319	-299.73720240867027
1320	-301.72051997835445
1321	-306.54995931329154
1322	-304.4200222855415
1323	-303.03864369077235
1324	-299.52687025048704
1325	-301.26274234928184
1326	-303.7396052737814
1327	-301.1210834511646
1328	-298.35035086969737
1329	-297.90737513629614
1330	-308.7960008363147
1331	-307.0271808286245
1332	-297.41141543005523
1333	-304.00294684036527
1334	-305.2688193063205
1335	-307.7786959018697
1336	-304.71695718123584
1337	-307.3717267332228
1338	-307.8173300451526
1339	-304.932647363366
1340	-302.9921484996671
1341	-306.4214548773739
1342	-300.00355975567436
1343	-301.54614722773584
1344	-307.30300533473275
1345	-300.0305970167626
1346	-302.4539740540137
1347	-304.4143137540734
1348	-300.5153937346311
1349	-302.25875338358674
1350	-304.24193532973226
1351	-301.4069554325679
1352	-296.4493488358429
1353	-306.87245004462096
1354	-302.8375739302251
1355	-305.40841071543554
1356	-304.3606385977898
1357	-302.655163180771
1358	-300.95728670167244
1359	-298.21834984602316
1360	-300.60814573933624
1361	-299.65812535658085
1362	-301.4242387727042
1363	-306.40740311740285
1364	-301.73316289697965
1365	-299.2959982975879
1366	-302.9862850817097
1367	-303.27476917348355
1368	-304.55727386720514
1369	-300.11650205302476
1370	-302.24986080858383
1371	-303.34911882355
1372	-297.5618807157162
1373	-295.25066154483324
1374	-306.0248842938355
1375	-297.5702114299741
1376	-303.55703412077037
1377	-304.9096248398163
1378	-303.91080435872647
1379	-303.30529141135634
1380	-305.6042106024207
1381	-302.6709649178081
1382	-301.7027219684145
1383	-300.75189092676237
1384	-298.2180210399438
1385	-296.16123371586696
1386	-306.85615606469037
1387	-305.9509030182146
1388	-296.5625279291292
1389	-298.2063696146481
1390	-303.5125398115459
1391	-302.3297217177258
1392	-303.0488289068692
1393	-305.7478691834396
1394	-305.3624433216925
1395	-302.1564659888068
1396	-297.82478083473325
1397	-299.4719435637858
1398	-303.1419736860349
1399	-303.9126473564945
1400	-309.29727851857024
1401	-306.76603278932754
1402	-309.15064240004045
1403	-304.22967977963987
1404	-307.28767902645063
1405	-306.9996610779546
1406	-301.27947781492173
1407	-303.2011686523321
1408	-302.2941320938699
1409	-307.04801895725547
1410	-304.1487652580292
1411	-299.5380551283484
1412	-304.3813470591157
1413	-301.81452661400334
1414	-300.9694006987768
1415	-307.0580964916755
1416	-304.13440884278384
1417	-296.86107981811233
1418	-299.8641216526988
1419	-298.18472409762774
1420	-300.0591574582058
1421	-303.0968069247748
1422	-302.30054229399536
1423	-304.81317372783815
1424	-305.3011196010366
1425	-296.39515854847775
1426	-300.59200098086217
1427	-303.5604261489598
1428	-304.5223762309294
1429	-297.6818328066736
1430	-303.12230135956617
1431	-301.9378131584152
1432	-301.9165500051133
1433	-302.50969507114945
1434	-306.580699775434
1435	-307.5593932091141
1436	-304.173254944575
1437	-300.66403902739313
1438	-306.4137336862584
1439	-303.5243018629675
1440	-299.9063290114653
1441	-311.0363911462521
1442	-301.5513090461307
1443	-301.40097259036526
1444	-306.3159838987935
1445	-301.1294666701649
1446	-304.5466084413075
1447	-306.64120044635314
1448	-302.0574906461182
1449	-303.84483655824914
1450	-298.570584320302
1451	-301.05816067222855
1452	-301.46753640760613
1453	-296.7008104166209
1454	-302.75759530508816
1455	-304.96900242712877
1456	-307.28904717503093
1457	-297.4644616126264
1458	-308.66958831350047
1459	-304.2585395469989
1460	-304.7078410382947
1461	-298.79334755203854
1462	-304.9162947099575
1463	-305.10885468238007
1464	-301.399883355789
1465	-298.7783921503075
1466	-299.7733987143191
1467	-299.15893579048264
1468	-301.4633451144144
1469	-302.2232963454974
1470	-303.69932092002614
1471	-307.9142126052324
1472	-307.4387010698404
1473	-301.07928110875093
1474	-305.7066254334133
1475	-306.57236808663373
1476	-299.47575461008836
1477	-296.91396159188355
1478	-299.0052284238552
1479	-304.0125291109379
1480	-300.0131381181776
1481	-307.2147868153645
1482	-298.8934066289841
1483	-307.12630550112846
1484	-304.11016243765744
1485	-302.86802167227245
1486	-303.0265315936625
1487	-307.0280746725187
1488	-306.4467971506736
1489	-307.95701571184753
1490	-306.8811648720581
1491	-303.0154198771256
1492	-308.04787327167116
1493	-301.375217416784
1494	-301.58591860470847
1495	-300.1334187959128
1496	-298.2847808099227
1497	-303.0504876174934
1498	-297.4382016605764
1499	-301.74087674859425
1500	-307.87812817553674
1501	-299.2487666392276
1502	-300.95705088034794
1503	-307.05218445127736
1504	-300.4574159020015
1505	-307.5576353157222
1506	-306.14613714727744
1507	-303.0272945115885
1508	-308.501741179614
1509	-303.07820000000004
1510	-307.44130504347714
1511	-306.5636390751521
1512	-307.7234553394814
1513	-304.64869999999996
1514	-301.16767983277384
1515	-300.9574763474129
1516	-304.1491009687939
1517	-295.91657514340267
1518	-303.5842158198919
1519	-298.9978603246361
1520	-309.7242437829913
1521	-300.2118935040223
1522	-299.86016717887424
1523	-302.8556969870229
1524	-298.7319
1525	-303.56136310608423
1526	-302.16196134796627
1527	-300.10941812467485
1528	-303.66678725204497
1529	-305.92249640845887
1530	-302.5473850635734
1531	-301.0925187625545
1532	-306.1174087827547
1533	-301.2231702689941
1534	-301.9191400136734
1535	-307.5906968845593
1536	-301.2668375829727
1537	-300.8031497286535
1538	-305.0196654776779
1539	-306.67875794990664
1540	-307.1061577487479
1541	-304.46453520122617
1542	-303.8150462913997
1543	-307.7869419513967
1544	-297.3480318485446
1545	-301.11014526648165
1546	-299.9128658341816
1547	-307.62148833439767
1548	-301.5868084510716
1549	-300.690217769654
1550	-302.22585662672816
1551	-312.80459916170184
1552	-305.25256688219656
1553	-303.4945267613159
1554	-300.36762661922535
1555	-298.00359049487486
1556	-305.66028733370297
1557	-295.7878001516429
1558	-301.45422612074964
1559	-306.9676192845192
1560	-309.9604645304241
1561	-305.0187677286364
1562	-308.7189237215921
1563	-307.89902209404516
1564	-307.2032593104918
1565	-306.2918087370745
1566	-294.9548264002052
1567	-308.4827621300656
1568	-300.09443390639956
1569	-302.36967806395694
1570	-304.9506242429102
1571	-310.2046093240526
1572	-303.34283815172904
1573	-294.9891711577903
1574	-304.90136749552045
1575	-302.7191327071051
1576	-296.4484502771532
1577	-303.9844220395567
1578	-308.08298088443763
1579	-309.23323939545537
1580	-301.4290698291826
1581	-304.7167321410022
1582	-304.5724633477385
1583	-302.63422345065067
1584	-306.7328259109457
1585	-302.8674245735316
1586	-308.8864791925075
1587	-312.16211031341095
1588	-302.71425810945806
1589	-305.9941445285467
1590	-305.1402128989534
1591	-309.7199315065754
1592	-307.57430674988996
1593	-305.26785216418824
1594	-306.46063679769617
1595	-306.135986553923
1596	-303.8924317736853
1597	-303.48341003853085
1598	-304.3080829322304
1599	-308.40070391419226
1600	-312.6252092179381
1601	-312.20314118922636
1602	-306.3454021648997
1603	-308.4552447253147
1604	-305.6446427300321
1605	-301.44425979171217
1606	-302.75982781684945
1607	-309.1692431249691
1608	-306.5460393235794
1609	-303.3869087571825
1610	-303.6868682557183
1611	-307.5753691653165
1612	-299.0223420991639
1613	-300.7900898121874
1614	-299.4724939002804
1615	-301.2793182619144
1616	-307.3115786311477
1617	-302.24654256708664
1618	-301.07818534534
1619	-301.1474180631812
1620	-308.1030968171481
1621	-308.42751589826753
1622	-310.94958677193966
1623	-312.5833064800978
1624	-296.7144348101721
1625	-308.023510221145
1626	-306.981222716508
1627	-302.5794349565543
1628	-310.4074757838621
1629	-300.5991666008347
1630	-307.7825991368204
1631	-309.55487629548935
1632	-310.9992352892313
1633	-305.6272687491975
1634	-308.9190580375888
1635	-304.7222573802338
1636	-302.776339701759
1637	-306.67677524885175
1638	-306.54548052565667
1639	-302.93470834104505
1640	-311.9921142510197
1641	-309.40065992623244
1642	-304.95955598835246
1643	-306.8566334121108
1644	-307.7764174529771
1645	-309.33404437412486
1646	-300.26143638703945
1647	-299.3095730679726
1648	-304.0816549967978
1649	-306.6895447738472
1650	-311.10627231620714
1651	-313.51723972129474
1652	-307.55706017648674
1653	-299.49564293832543
1654	-310.39186729648554
1655	-306.30536600757
1656	-309.217755632308
1657	-302.9256199833308
1658	-308.54300530899303
1659	-306.39357550865435
1660	-301.7748789161854
1661	-305.80066298084813
1662	-307.7466439757997
1663	-306.11796692398497
1664	-305.052096354267
1665	-306.2533011347906
1666	-304.2469753209444
1667	-307.752308143998
1668	-307.87730696556406
1669	-303.08425876410354
1670	-305.4194078053191
1671	-307.37007761483886
1672	-307.744707411352
1673	-301.9067414269105
1674	-307.6702298681196
1675	-306.3842199598457
1676	-309.6856323369323
1677	-302.65759934606126
1678	-306.5205338594471
1679	-305.0227687965818
1680	-302.41243823412424
1681	-300.88219316687025
1682	-299.8010387601889
1683	-305.15017418028395
1684	-304.7182979896004
1685	-303.164339429641
1686	-301.7066474813505
1687	-306.8480749981656
1688	-305.7759846179627
1689	-299.98993223260936
1690	-306.9206980066423
1691	-300.442346860158
1692	-295.2259107967345
1693	-305.28192212311393
1694	-305.28997656814124
1695	-293.6972028454324
1696	-300.59711318733645
1697	-297.8336507072933
1698	-300.53873767175776
1699	-296.22850023518663
1700	-306.80145963678586
1701	-306.5624257399773
1702	-307.019739715276
1703	-307.4334777826143
1704	-304.6100486752864
1705	-302.3825253160982
1706	-307.2330091111855
1707	-305.99668864775236
1708	-306.9014808026833
1709	-293.1103923589745
1710	-305.0115424920378
1711	-303.530236721558
1712	-297.9335816198301
1713	-307.7887590981518
1714	-303.55869299246774
1715	-303.1156571696905
1716	-303.4813328870291
1717	-304.4611868545907
1718	-300.9511995169009
1719	-302.70068962795955
1720	-304.8343797011993
1721	-303.293472248293
1722	-301.4743770377512
1723	-298.2570225557485
1724	-305.48526620829455
1725	-302.3281129232925
1726	-294.79005830942305
1727	-303.80655522339583
1728	-298.4180191333637
1729	-300.46015311517556
1730	-299.6460827744806
1731	-304.8135777778248
1732	-307.67587404029143
1733	-308.22631384251156
1734	-298.37781281247186
1735	-304.0649370973807
1736	-299.91013711998573
1737	-304.32289064893325
1738	-304.9262774651644
1739	-301.5442168541793
1740	-304.8545989346667
1741	-310.6672768393992
1742	-299.897670875104
1743	-305.12006151498804
1744	-303.51610585719163
1745	-308.9370863651956
1746	-304.87080211701186
1747	-298.65289550701175
1748	-303.0659
1749	-307.0147000419791
1750	-303.0830690309537
1751	-301.3322264492052
1752	-304.09774962923893
1753	-306.1662160331631
1754	-300.9668226235861
1755	-305.15061728418686
1756	-308.83361446204026
1757	-303.6615
1758	-304.0548011289788
1759	-302.11455257959625
1760	-304.60997889863035
1761	-306.061300036594
1762	-295.45240380250465
1763	-300.5452323001741
1764	-309.4925523764655
1765	-306.7755454133906
1766	-308.36613325942244
1767	-304.44706561420065
1768	-304.5682753632597
1769	-302.9445634185402
1770	-303.49862678579586
1771	-307.4740589333364
1772	-305.55714843180334
1773	-306.2112138298751
1774	-302.50547004750086
1775	-303.9719155851513
1776	-302.9077098922536
1777	-303.10395292029045
1778	-311.0975172378779
1779	-303.85675163529703
1780	-310.64219637049325
1781	-300.6390556580973
1782	-304.1896135738299
1783	-305.0560467497236
1784	-300.84999587127436
1785	-301.83820489670785
1786	-306.08482417554393
1787	-305.00639481050325
1788	-300.3032832014762
1789	-304.0863529083095
1790	-299.5791734541925
1791	-304.1661823133763
1792	-304.4954230430071
1793	-304.04727298875497
1794	-301.84414577473973
1795	-301.8129283901449
1796	-302.1564211689676
1797	-305.9103609721905
1798	-305.2503729930655
1799	-301.5299036866229
1800	-303.8508936071771
1801	-299.67927379137046
1802	-302.2016577656345
1803	-295.6790118790142
1804	-306.3177926687435
1805	-302.9550104104414
1806	-304.62063944714197
1807	-300.2724790470683
1808	-303.94866919370446
1809	-306.8637579508966
1810	-300.3895730309718
1811	-306.05515550400514
1812	-308.79031369068855
1813	-305.08989042041014
1814	-305.0047633169369
1815	-306.61822430599756
1816	-304.67629472015767
1817	-300.232294903413
1818	-299.7763918505455
1819	-304.5870277868226
1820	-302.7032137820171
1821	-302.4715130963323
1822	-304.39130607408333
1823	-305.9386828572849
1824	-305.25605610624945
1825	-315.7524214187853
1826	-309.9156285088412
1827	-298.6786
1828	-303.43426366563773
1829	-301.3129719896723
1830	-295.7477262898284
1831	-302.49876690153184
1832	-309.4113814723174
1833	-300.1772636476979
1834	-306.3199748226898
1835	-302.40040146434717
1836	-305.0531168421119
1837	-306.76045812081577
1838	-311.6722075520553
1839	-304.7405785367065
1840	-299.1484038938157
1841	-300.54550324022694
1842	-299.6777094591378
1843	-302.4925086589597
1844	-301.9362120737896
1845	-314.429205974043
1846	-307.99728104488224
1847	-298.21847303815935
1848	-302.04277642722616
1849	-304.4445277509982
1850	-304.70661949505825
1851	-310.06680694081604
1852	-299.1474479074946
1853	-307.6832558906805
1854	-305.1356135852392
1855	-303.9113688588903
1856	-306.75416800472397
1857	-308.10097255760144
1858	-307.1609082306573
1859	-305.5617581561275
1860	-303.9243852044883
1861	-299.87664253499577
1862	-304.24217647162095
1863	-307.93216394859917
1864	-305.4306858759621
1865	-311.5254838009106
1866	-296.79566861475865
1867	-306.56224867268867
1868	-305.2293690912897
1869	-307.1836767296446
1870	-304.91452921571533
1871	-304.0984643492208
1872	-307.8701622576938
1873	-306.16417139920844
1874	-305.73746129687817
1875	-302.98974837655277
1876	-304.8879314332792
1877	-301.1567191646216
1878	-302.38975006929877
1879	-305.04111946791636
1880	-304.360208379564
1881	-306.36925500277636
1882	-303.643851175765
1883	-308.07844824464496
1884	-299.0384776932059
1885	-300.8650562071903
1886	-306.16893472630585
1887	-305.5801371675708
1888	-304.3910665778798
1889	-301.1504648932426
1890	-303.37088693897044
1891	-305.34995096367834
1892	-300.3838702954479
1893	-300.7893624751731
1894	-302.71380962911763
1895	-307.3836423230743
1896	-298.46995744686524
1897	-294.5127485155805
1898	-303.10948917586694
1899	-303.93607478748993
1900	-301.4919131442438
1901	-305.1600872300224
1902	-299.53610771150124
1903	-297.08813977950865
1904	-298.18680536580416
1905	-296.1505667234564
1906	-301.67956372158005
1907	-302.4749670243982
1908	-298.03194945866727
1909	-305.30004541035487
1910	-306.67383762687723
1911	-299.83313511999694
1912	-305.3107172356146
1913	-304.893941196124
1914	-303.5329075752509
1915	-301.8591395387825
1916	-304.6062706207487
1917	-304.12399115832346
1918	-302.1298008489537
1919	-308.48744977905534
1920	-303.8885488641476
1921	-300.94792152842325
1922	-304.7995096298699
1923	-306.15846093497606
1924	-306.32084411454736
1925	-300.57905412514015
1926	-300.4742173327746
1927	-304.7429894598522
1928	-304.64758220702083
1929	-305.7361832129609
1930	-305.54354379536534
1931	-304.32141767152535
1932	-305.317646430357
1933	-305.96968390755245
1934	-302.7908769264347
1935	-302.75357736848724
1936	-303.62366328506687
1937	-303.69675837188356
1938	-306.95522662981125
1939	-303.55500727099843
1940	-302.9529253561481
1941	-305.44571038539704
1942	-303.94241118205315
1943	-305.07305829047414
1944	-305.14137798977345
1945	-301.00411885617495
1946	-299.21082634454996
1947	-309.5988431651716
1948	-293.16820531269155
1949	-302.60362253987284
1950	-305.746493814451
1951	-300.8146385403452
1952	-294.6347434334473
1953	-301.26281454529504
1954	-306.62123123281447
1955	-305.4263878641051
1956	-301.9035752578675
1957	-301.3735712623795
1958	-302.087073800459
1959	-302.17980065586585
1960	-305.38095667246756
1961	-294.81991282160243
1962	-306.8213385822329
1963	-304.8296129183485
1964	-302.57042497119573
1965	-303.26840415437005
1966	-303.29233787810716
1967	-303.58794677906013
1968	-294.72941802240416
1969	-305.2259003290775
1970	-306.101119601081
1971	-299.0407714563819
1972	-306.99326871771274
1973	-309.3386003040728
1974	-303.97418512864425
1975	-301.22841504427777
1976	-295.0733796905204
1977	-301.56296404369573
1978	-301.2860362937672
1979	-298.8291521557391
1980	-305.3360233190134
1981	-309.52483182069363
1982	-304.1249959890499
1983	-301.3567238243407
1984	-301.79071984619014
1985	-304.0811727119578
1986	-301.67956824311887
1987	-303.81304460586114
1988	-302.9744127406273
1989	-292.09769821760955
1990	-301.3335246750662
1991	-297.6651000000226
1992	-299.91542211936525
1993	-297.7132000000001
1994	-299.1519784898851
1995	-300.27200000013113
1996	-295.3054195748737
1997	-303.6596154499023
1998	-302.61964271788503
1999	-297.13405328104204
2000	-302.1710804148206
2001	-297.2854577676291
2002	-304.6920128828606
2003	-312.26107699940695
2004	-306.6986918672198
2005	-309.18602107510134
2006	-305.6263785476811
2007	-300.1833509758377
2008	-299.87669533050666
2009	-305.8650302158153
2010	-301.6183389108546
2011	-295.58241331681205
2012	-308.1186393025936
2013	-305.2791958314376
2014	-302.2128209193913
2015	-297.9300280713377
2016	-294.2314687980215
2017	-307.65342942242125
2018	-305.34320829578996
2019	-299.90216014340496
2020	-306.41149363017075
2021	-308.65181221414986
2022	-305.8915638428516
2023	-300.5329944061134
2024	-305.52369485965437
2025	-301.21842002129074
2026	-310.15164764268945
2027	-300.4889966811415
2028	-306.1694581441067
2029	-311.5953610823005
2030	-307.55931234311026
2031	-303.9505240145949
2032	-304.28030178131496
2033	-299.18946386537607
2034	-302.84380864557386
2035	-299.30016676362965
2036	-310.6399411336039
2037	-306.06171382091736
2038	-299.511467205761
2039	-299.49183794203446
2040	-308.7057872917926
2041	-296.9613359085048
2042	-307.17774282732296
2043	-307.4273809053541
2044	-303.30574229954516
2045	-304.5437903544941
2046	-298.59850793834073
2047	-303.0307000000001
2048	-306.3032125021652
2049	-304.9397867826029
2050	-309.13770267592105
2051	-297.6980566217351
2052	-305.187784707945
2053	-303.61585009276416
2054	-308.82108821838983
2055	-303.670238675447
2056	-307.8176419333838
2057	-306.58219910939886
2058	-305.73805520770634
2059	-299.87958915181815
2060	-304.1307352125252
2061	-303.4016746825214
2062	-303.7839186169446
2063	-295.6212709767531
2064	-302.4460057566456
2065	-304.99323128184534
2066	-296.9158880946515
2067	-300.1625552885973
2068	-308.12286141703237
2069	-299.7544052828279
2070	-297.5344484614224
2071	-307.33341624650325
2072	-304.30078467927706
2073	-299.8962498030204
2074	-297.9729515747907
2075	-301.83547029362535
2076	-304.5749528532703
2077	-303.68680804157464
2078	-304.8441605005969
2079	-301.1489611886034
2080	-301.571624096763
2081	-308.0224264968222
2082	-303.060844161282
2083	-302.3356892478675
2084	-298.0876430587196
2085	-297.4133248396531
2086	-302.15806298820655
2087	-302.4308830700835
2088	-311.2103471546913
2089	-308.3646706176975
2090	-312.11883389585455
2091	-312.68254935100646
2092	-306.7521117595962
2093	-308.39802991955384
2094	-303.989542386226
2095	-305.1557401471416
2096	-302.8166881671229
2097	-301.1750204943542
2098	-300.47610916232236
2099	-297.79828278740393
2100	-309.2221574249557
2101	-304.55632084899935
2102	-305.9449004825891
2103	-297.62957366458795
2104	-306.96315494175633
2105	-307.5340160586596
2106	-307.2011300100351
2107	-305.2674301247216
2108	-301.6731003895091
2109	-309.14776859856113
2110	-310.9741087801361
2111	-305.0788
2112	-306.14356234434405
2113	-306.0812738917138
2114	-307.1877133416526
2115	-299.82670240140266
2116	-298.2190882061568
2117	-303.25951593193594
2118	-294.212384732814
2119	-297.7839446892374
2120	-298.65270000000027
2121	-302.1857230867848
2122	-297.6743036925842
2123	-299.51271567974857
2124	-307.8214458167242
2125	-302.8961018805824
2126	-298.79302273577736
2127	-303.49391220299
2128	-305.3518687776873
2129	-304.1804478912943
2130	-297.5996036183415
2131	-302.7350010371613
2132	-299.5089091345367
2133	-307.996525142097
2134	-300.59826925420504
2135	-309.0101822984026
2136	-305.5382810903335
2137	-309.76055183666
2138	-304.3898240163433
2139	-306.96298420526443
2140	-302.7032183243837
2141	-299.84749474721593
2142	-298.65962904927056
2143	-306.1949987532546
2144	-295.2037517870073
2145	-301.1282390545951
2146	-304.4594733288542
2147	-298.3642447804739
2148	-300.86455148642096
2149	-299.6574281396244
2150	-298.17220202205715
2151	-299.9577111130893
2152	-310.3348133889138
2153	-301.32956547962266
2154	-307.70592454842404
2155	-302.2129843878312
2156	-301.04518945748487
2157	-303.67061182356514
2158	-298.10564793021
2159	-304.03246640068454
2160	-297.920438574644
2161	-300.2600097580497
2162	-309.32543149493955
2163	-301.42204443242156
2164	-300.23098491324237
2165	-307.4960260228672
2166	-301.4993136257809
2167	-305.48234682864813
2168	-310.5336215167556
2169	-300.7012578410504
2170	-304.97421399443994
2171	-299.30970172876926
2172	-302.9529168550017
2173	-304.4893870523409
2174	-306.2536590174017
2175	-306.11368348208026
2176	-302.59536044098706
2177	-308.3770805547409
2178	-303.77277561124964
2179	-302.1093323754636
2180	-307.1302120163415
2181	-307.7744214891362
2182	-296.49648713818243
2183	-308.8989940525944
2184	-299.1010768127568
2185	-304.6890018251844
2186	-301.90266789235176
2187	-305.2176783654262
2188	-301.5763104686836
2189	-301.81290841953466
2190	-301.9794234435029
2191	-300.6975495585788
2192	-300.8764537752121
2193	-298.54718513735696
2194	-306.77664352432413
2195	-302.65996279409126
2196	-301.59543887158856
2197	-303.89922705169914
2198	-304.86709346200587
2199	-302.2091078466783
2200	-306.99989825889077
2201	-304.97907774010633
2202	-303.2811618051827
2203	-294.7183462150793
2204	-309.51941156149013
2205	-305.9322918615013
2206	-302.8045899810791
2207	-305.8747673180391
2208	-301.10258343205027
2209	-304.77890339644193
2210	-307.1469294556111
2211	-306.0094404796172
2212	-302.5905307528043
2213	-306.0240229929201
2214	-310.90601254610124
2215	-298.5531152240642
2216	-300.51498617501915
2217	-302.81037756241284
2218	-307.63874669854835
2219	-303.72248640095233
2220	-301.56021239192233
2221	-301.71999406193305
2222	-302.3528134859112
2223	-304.8876122119711
2224	-302.89908448064364
2225	-302.9911461269838
2226	-302.96264738013207
2227	-308.34424686029683
2228	-304.7573563449515
2229	-302.9624712369103
2230	-304.7271178700378
2231	-308.4832411124421
2232	-304.85509703756867
2233	-306.5729289830679
2234	-310.07321543172566
2235	-305.9780489662452
2236	-299.73610531429557
2237	-299.5712526224586
2238	-307.34346868682763
2239	-307.1430165129507
2240	-304.25942451638895
2241	-302.6124173857742
2242	-303.24233427306956
2243	-300.59212002791855
2244	-306.38916162813274
2245	-299.55461242821235
2246	-310.1234941334382
2247	-302.4739953681526
2248	-299.2722948925534
2249	-296.06262806374934
2250	-303.94637925776067
2251	-309.1639078107154
2252	-307.1289020498288
2253	-295.879517370723
2254	-297.6849117636428
2255	-307.04242897879755
2256	-292.7619814135184
2257	-302.50890240453964
2258	-307.28905267215333
2259	-309.7127752074724
2260	-305.07402099880346
2261	-303.9743987849372
2262	-304.30307101567496
2263	-298.89986478631164
2264	-306.11845912755774
2265	-303.0589210265306
2266	-306.2982548062127
2267	-306.27424238937937
2268	-305.3260795553378
2269	-301.483321505766
2270	-304.2365067981958
2271	-305.28680893563
2272	-307.01592499659534
2273	-301.15503999088367
2274	-301.7130911481555
2275	-302.3002286802424
2276	-304.22147226230885
2277	-298.8972762007209
2278	-297.1422564643251
2279	-306.92777377535316
2280	-303.96830104781856
2281	-299.87851418520654
2282	-304.03234259314854
2283	-303.95489777634674
2284	-299.7245218751088
2285	-300.80437667394835
2286	-287.76381972450866
2287	-294.89940248426814
2288	-305.2264681109996
2289	-300.88053905100867
2290	-294.2286448067022
2291	-299.9461191742974
2292	-304.4571410948528
2293	-307.3488487563693
2294	-308.9974118956978
2295	-302.82556782445135
2296	-306.60921143855495
2297	-309.1159577342777
2298	-304.8220054332818
2299	-308.3033959142927
2300	-297.9411
2301	-306.54005218405155
2302	-306.59093041927576
2303	-309.84561457211095
2304	-306.0339391852593
2305	-310.5789796440807
2306	-308.79870803593394
2307	-308.3673715314282
2308	-298.6155148425321
2309	-303.4724097779955
2310	-301.98658456398636
2311	-293.00855877416205
2312	-299.0380715514304
2313	-304.3862149090203
2314	-300.8468843299368
2315	-302.1660763172278
2316	-301.77605282008943
2317	-305.53246437514497
2318	-299.7644375551521
2319	-302.6778003588973
2320	-302.7542463769753
2321	-304.2959868755958
2322	-304.1820954582348
2323	-296.8112360398142
2324	-303.96550367644767
2325	-307.8648034559081
2326	-306.40984978985625
2327	-307.34842867870975
2328	-306.5500759972402
2329	-304.95238516243995
2330	-302.85630951821116
2331	-302.50203548934155
2332	-301.6356351312541
2333	-299.0973753989608
2334	-296.2283403206648
2335	-307.07357686382625
2336	-305.02850869377255
2337	-302.19810005834125
2338	-304.6542903271302
2339	-303.3173208902462
2340	-307.2700133157293
2341	-309.04902559604
2342	-303.05184487496916
2343	-301.38701275867584
2344	-300.9141840245837
2345	-308.54256581202645
2346	-307.1143228128756
2347	-304.3356990869083
2348	-298.5493060918911
2349	-303.15340769896665
2350	-303.6761791532209
2351	-303.13502094173185
2352	-302.7681552969022
2353	-300.9259909078701
2354	-303.346441580943
2355	-301.3273374332959
2356	-310.7069828669921
2357	-301.7999915388092
2358	-300.97309657420874
2359	-305.73612081015045
2360	-296.5081008249029
2361	-306.0910080582962
2362	-303.8527349698017
2363	-300.9363670253099
2364	-302.18369410392535
2365	-301.1479025709509
2366	-312.2730512884028
2367	-304.0641306707858
2368	-306.5974362580824
2369	-305.90296557777515
2370	-304.74550000000005
2371	-299.67300684372367
2372	-309.69208129489465
2373	-308.89702312899936
2374	-302.3741863722303
2375	-306.0919823473019
2376	-305.1342523888092
2377	-303.5526525631752
2378	-304.72235796492197
2379	-299.96977680048576
2380	-303.44573631040043
2381	-302.3797746891714
2382	-306.7492450003998
2383	-304.45852732451146
2384	-296.56403717192234
2385	-303.87625074146496
2386	-307.3326137928228
2387	-305.0614137651847
2388	-299.2504899223737
2389	-304.10805908163184
2390	-304.13466627988805
2391	-304.85326126816875
2392	-299.4899509556165
2393	-308.0462006990383
2394	-307.09082687384415
2395	-299.5304233628056
2396	-308.75560763981827
2397	-303.6456343446513
2398	-307.45214830827086
2399	-311.6608585996944
2400	-307.10919538948076
2401	-301.75531390872464
2402	-299.79436724359374
2403	-309.4159824382513
2404	-300.5960050739306
2405	-304.7869331447195
2406	-305.7355306892011
2407	-309.39032045119626
2408	-304.7115632083758
2409	-305.5089894350993
2410	-304.9092783546732
2411	-301.82405990089757
2412	-310.11859197151813
2413	-302.82919992568657
2414	-304.2912062158573
2415	-303.96080333452414
2416	-302.01689854305954
2417	-309.91805415329173
2418	-302.9166745195056
2419	-306.4563932246574
2420	-303.1900004126437
2421	-301.6053662144988
2422	-296.9087158037436
2423	-298.4615355812102
2424	-297.7996397733522
2425	-300.12749248568105
2426	-304.26455090694014
2427	-309.25314819131853
2428	-305.6806795951428
2429	-307.7064100589613
2430	-300.8579630986024
2431	-302.9639673565357
2432	-307.82973554373615
2433	-304.91057625845866
2434	-305.17416633185826
2435	-309.26693011213024
2436	-304.3534669578748
2437	-304.89244854569665
2438	-305.5654184832674
2439	-305.0836784092253
2440	-309.58473294534963
2441	-303.1010585361307
2442	-304.9544472944348
2443	-304.6239576451404
2444	-297.69248212881445
2445	-307.258580162718
2446	-304.3500558559728
2447	-299.59166873333
2448	-306.73293878684495
2449	-309.4448010501547
2450	-309.52451859572324
2451	-303.58538225327004
2452	-312.1844532963219
2453	-303.32571806616187
2454	-300.58897530535313
2455	-305.0762993706591
2456	-301.2092311417827
2457	-301.9182255538648
2458	-302.7341003625816
2459	-305.17619837591894
2460	-303.4750805334807
2461	-302.9150306226463
2462	-299.55292588744334
2463	-307.01854375930094
2464	-304.71558746422033
2465	-306.56017720381135
2466	-308.53436301291896
2467	-307.69451108047423
2468	-315.3054722703826
2469	-307.78948996137655
2470	-307.423920326305
2471	-304.23764839385007
2472	-302.9656436692961
2473	-304.5911282982281
2474	-304.35235232461866
2475	-306.203549261362
2476	-311.0212955894591
2477	-309.57237868195716
2478	-301.2029994455288
2479	-313.05333054687577
2480	-303.58995586358054
2481	-304.2828599552913
2482	-309.96262415262055
2483	-305.87213532386335
2484	-301.73003272305175
2485	-311.04467153888135
2486	-296.0481011575704
2487	-306.59297377483523
2488	-298.70263163316616
2489	-304.5175453562766
2490	-300.177737727592
2491	-303.691060455542
2492	-303.0601882480823
2493	-297.80018446333827
2494	-303.6161456474849
2495	-307.68293287697406
2496	-298.2963452892105
2497	-304.0187339892078
2498	-306.5822611786522
2499	-309.68072255027073
2500	-297.0608752284977
