1	-304.8813980735742
2	-301.3347985145288
3	-305.51516403327463
4	-298.85915508783324
5	-302.73276040686136
6	-304.28320797486685
7	-304.1417499690217
8	-298.19294836871455
9	-307.0221935225932
10	-304.7280294566358
11	-304.7995007411087
12	-300.3456409903051
13	-298.66296952697104
14	-305.8873375884903
15	-305.71656373761897
16	-300.8773411221483
17	-308.78351522633426
18	-303.2141000087101
19	-299.00632245011093
20	-304.67228255357816
21	-303.768763092444
22	-301.7127325082932
23	-306.6927766621523
24	-304.95166425467164
25	-302.94886304860063
26	-301.31936282940023
27	-300.3051594575561
28	-304.72182016807386
29	-298.00615322982287
30	-304.73698248939934
31	-307.2114315479574
32	-301.67144025402376
33	-302.91198288682034
34	-305.61930346616384
35	-302.47408862928523
36	-307.04983895116766
37	-306.1619466523833
38	-298.94521526161355
39	-296.28795014557556
40	-301.1303185107
41	-295.15193779821254
42	-299.7645668831905
43	-297.10290609177736
44	-302.16122445307485
45	-299.8232605739839
46	-302.0830523105969
47	-297.9605617036801
48	-304.1579680382543
49	-303.75510432124065
50	-304.4715834010173
51	-306.78460648021013
52	-304.9735961133803
53	-305.42868527903534
54	-301.6128
55	-304.17779635042837
56	-303.3906143642824
57	-301.60344454129995
58	-301.0912000000011
59	-298.67142187931495
60	-302.41360149011524
61	-303.3573206184215
62	-302.0698183007968
63	-302.97724213277365
64	-293.325346176234
65	-294.9135000130924
66	-303.74809194228334
67	-306.8429900577708
68	-310.35521909227396
69	-305.8986297291646
70	-309.2041936968695
71	-306.8729382706531
72	-301.6622232790965
73	-298.42270000083084
74	-302.2832201335753
75	-299.27018364870645
76	-302.4628906075793
77	-310.5726104310123
78	-306.487613042076
79	-295.3314114506485
80	-304.57063116057486
81	-300.3497518130547
82	-300.55135455432566
83	-302.0434060600574
84	-298.8387063056133
85	-300.487553716049
86	-298.2054181200758
87	-302.5703420750256
88	-297.86500000000484
89	-300.45611641109514
90	-298.28311958686504
91	-304.4869706035624
92	-302.87440000000004
93	-297.7936769057815
94	-301.72499392772954
95	-303.6601684888263
96	-307.98326412307335
97	-304.99428976175477
98	-306.1830880702355
99	-308.40729466565034
100	-304.8419708945013
101	-294.24623476134593
102	-302.72367378437286
103	-307.10007433344924
104	-310.1708740105961
105	-306.44337101246356
106	-303.51785771730096
107	-304.600853772766
108	-303.97020459325626
109	-304.4267012285278
110	-314.82673399330173
111	-305.67147827867603
112	-303.70033973855317
113	-308.70278268518985
114	-305.6042000000026
115	-304.8311719315305
116	-303.88642808880064
117	-305.60026219761085
118	-297.8760102251396
119	-299.38170711242043
120	-305.0839291011775
121	-307.52866097347027
122	-306.8797086442391
123	-308.771405798713
124	-311.97050415885366
125	-305.1868728192859
126	-310.7965487403423
127	-304.546450320908
128	-311.77380015824167
129	-310.9302934224537
130	-304.7324479978452
131	-308.0463709190805
132	-303.6317900139456
133	-304.7998777131288
134	-304.4953510400869
135	-303.1832793270262
136	-303.3530824758692
137	-300.4178308961996
138	-302.68127556212266
139	-305.39802674122444
140	-302.36885190290417
141	-306.30818531487574
142	-305.3292364145312
143	-311.23380072240116
144	-304.41984221965896
145	-303.99696553878056
146	-299.33045838655045
147	-301.45815227675337
148	-306.09010435393105
149	-307.74355081817185
150	-301.99786734114076
151	-298.50634385496835
152	-297.90699181646494
153	-294.9029831723695
154	-304.7137225140644
155	-309.5405368927466
156	-309.48120377209904
157	-308.1952456899921
158	-308.3660953562355
159	-308.73593503435535
160	-303.87107019465475
161	-305.2742208052759
162	-313.2366744846525
163	-302.4371472244711
164	-301.711098028777
165	-310.26731180776716
166	-300.354182612046
167	-308.4032404670555
168	-306.3074702362987
169	-307.0008448100021
170	-297.6744449257257
171	-304.48748593840764
172	-298.8415147526196
173	-304.6837687688035
174	-306.69446427232725
175	-302.15690402029117
176	-301.54578830895576
177	-307.9848333502979
178	-307.3697700810126
179	-297.1977026930105
180	-300.83681179593765
181	-304.4414881314114
182	-306.3713433997004
183	-305.99518975466344
184	-302.5191005374534
185	-302.5405389287583
186	-296.63197420842744
187	-296.57908555553297
188	-295.8346280507628
189	-307.9992695516637
190	-305.37314172321584
191	-307.96227429593296
192	-304.16825169742225
193	-308.6452331035131
194	-302.39147303392525
195	-302.9726485826109
196	-306.87106309440253
197	-306.4682450854062
198	-303.2521894192315
199	-304.40683647088804
200	-300.2494438936109
201	-301.9154212358827
202	-304.4704512177962
203	-302.23359903639675
204	-301.11512357218066
205	-300.21050804572155
206	-298.6585010008513
207	-302.6517630967787
208	-301.91500190506366
209	-306.0448609280325
210	-300.33
211	-304.3053525547112
212	-302.7823225167057
213	-307.60395915239894
214	-305.57529464323557
215	-309.4809317140456
216	-310.94939859578255
217	-298.2456799711668
218	-302.97409085113264
219	-298.59191212386946
220	-312.81004166641475
221	-307.4803761364991
222	-303.1292205918046
223	-305.72987586279334
224	-305.5852898828503
225	-305.6588018729809
226	-304.3792398270158
227	-301.54111806197614
228	-305.7165446117828
229	-306.4326656711282
230	-305.20806527730764
231	-309.58223824820885
232	-305.45830321280164
233	-307.4623217814438
234	-312.41459408553186
235	-303.164550044688
236	-305.57744305580013
237	-305.4510159893329
238	-310.3123394975329
239	-301.87440995661456
240	-305.6939063305599
241	-299.85788661657745
242	-313.49592387991333
243	-302.6441389100781
244	-307.187866876309
245	-302.0321884544706
246	-301.7486169256336
247	-308.7946261464179
248	-308.8902174459221
249	-302.7872917089349
250	-312.63639913533916
251	-305.076983566242
252	-308.5914175208338
253	-306.9826866273614
254	-304.00741013978853
255	-309.48299135421223
256	-307.4371499849081
257	-310.0693405276338
258	-305.68066806065946
259	-310.78983146971837
260	-309.18379858402545
261	-307.5415974577465
262	-309.9635701818672
263	-314.46085499714445
264	-304.5612810671694
265	-303.4206873442338
266	-301.2756220411805
267	-311.77451353563174
268	-302.88598975197027
269	-308.5979059241583
270	-308.34641452368055
271	-303.1701363058709
272	-306.4305444310764
273	-302.8449781839813
274	-302.0662746973314
275	-302.0306632787402
276	-306.5627718546516
277	-311.67774712165743
278	-310.89126290573404
279	-310.7161291631634
280	-314.40213744390746
281	-309.5564042852783
282	-306.90867510278525
283	-303.8671526598717
284	-298.48546632029024
285	-299.8661515292844
286	-302.34343554761085
287	-298.70108819309604
288	-305.4071527413345
289	-304.08768610638845
290	-296.6187678707972
291	-298.2724000257345
292	-304.4102187197623
293	-299.4509920941504
294	-299.8050653173395
295	-302.4626494757106
296	-306.8157176101126
297	-304.66723298738407
298	-305.9164154603316
299	-296.22492641858344
300	-300.8912039236042
301	-305.68402223666817
302	-303.58452609341623
303	-301.0434891552805
304	-294.1315474391668
305	-303.86397924019195
306	-303.9280412856699
307	-301.82330000000513
308	-306.48199294465235
309	-300.31839877441064
310	-304.4404949692836
311	-301.8078559042641
312	-301.4764002962501
313	-309.6312928940156
314	-313.01302802371254
315	-296.364808973214
316	-303.3179000003492
317	-305.3000252089956
318	-302.4942935565414
319	-303.45026015672056
320	-300.42054806051533
321	-310.2691842005474
322	-308.9275133854695
323	-307.77596889773025
324	-305.8564913561215
325	-297.70421290858667
326	-301.6142673959571
327	-297.20927802161407
328	-305.4585000000022
329	-303.9551074550345
330	-302.042537612268
331	-305.87932687969925
332	-307.7525990690572
333	-307.55861760156535
334	-309.66104766696077
335	-303.8838498414191
336	-304.5329494602888
337	-303.8927382911954
338	-306.25137900976176
339	-312.446393835739
340	-303.974460751249
341	-304.7228718813776
342	-299.0698648209182
343	-299.78674745039024
344	-301.1655179672668
345	-302.4026027534107
346	-301.1987912077901
347	-295.2505
348	-309.10843441437606
349	-300.6190001728108
350	-303.91922407123747
351	-303.06510003284734
352	-305.33862128266287
353	-303.55722196832414
354	-307.6477163105773
355	-300.89884112340803
356	-302.7600145474212
357	-308.5107516117273
358	-308.78344976488904
359	-306.4484689986133
360	-305.04306535939145
361	-299.1909985278097
362	-301.68375990617903
363	-306.2505742412119
364	-303.2830294331019
365	-306.19389380020544
366	-302.08429509780643
367	-298.33747077607114
368	-308.9411139264058
369	-306.8024981567838
370	-303.7408700746448
371	-297.5894482373901
372	-296.74327274736817
373	-307.0858546131277
374	-297.108341463098
375	-301.2491460645145
376	-299.13184771577914
377	-298.6493063071773
378	-300.3949112214576
379	-289.7272
380	-297.27109111947465
381	-296.77298664398654
382	-310.26038943841337
383	-300.9832218984132
384	-304.79059380864805
385	-299.26409102823385
386	-294.16590698700685
387	-301.063345843994
388	-309.0444975822655
389	-301.60303276178706
390	-305.05684900432107
391	-302.44080336186613
392	-303.5579409417027
393	-308.8928388168107
394	-307.20631579002304
395	-301.6026118400342
396	-298.52319667604274
397	-309.96682849186965
398	-307.66620981388706
399	-303.4083939139832
400	-305.8119742529024
401	-306.0770039551759
402	-300.94258705548543
403	-313.41571316114204
404	-298.8314000003721
405	-298.5330647044298
406	-302.9014304126698
407	-303.8784118449833
408	-301.24296058990205
409	-301.53704007761917
410	-307.58254759241566
411	-309.0765801907366
412	-302.3798785807112
413	-302.24237676898497
414	-304.5467833246066
415	-307.8163329748556
416	-310.2286371186975
417	-308.87652831874203
418	-307.76785240990296
419	-307.3215415436479
420	-303.0505923970538
421	-308.85135506528326
422	-306.7866228202504
423	-305.47983494679903
424	-305.95390795723364
425	-307.1615014796994
426	-310.7233445947809
427	-310.0243782702509
428	-314.1240067330581
429	-306.44863905848155
430	-306.9327892487868
431	-306.9739785482074
432	-313.2315533900169
433	-301.059642542624
434	-305.7677828150812
435	-309.25458329158926
436	-307.55148423173233
437	-312.79066369247306
438	-310.4241561501142
439	-311.7105648391825
440	-301.951542476661
441	-301.41842273170585
442	-310.5123957028471
443	-299.6184280796445
444	-301.36947794691
445	-305.4996720901499
446	-309.3968374204638
447	-308.0509955887072
448	-305.79167880607594
449	-306.5447087688829
450	-301.34095605206363
451	-305.6888564337932
452	-304.30338511939544
453	-307.02039850653046
454	-307.3847793956298
455	-307.9430544066671
456	-310.92994275604576
457	-305.0559332085072
458	-307.19114563068075
459	-311.19325597084395
460	-312.0463364821741
461	-306.5811591277907
462	-297.77499026204123
463	-304.2853464427635
464	-310.6935854168934
465	-311.2315766898833
466	-305.74671310801244
467	-306.99671141061316
468	-313.49009571444776
469	-306.46887529821413
470	-304.2622413017214
471	-306.9891090799815
472	-304.37189559538507
473	-308.7281978727524
474	-306.48302993643495
475	-305.4211664672272
476	-306.01603119427654
477	-311.9071608096943
478	-314.4260510393559
479	-303.01347112104884
480	-307.6016207004818
481	-309.030639636316
482	-303.38827558434815
483	-309.32868401783173
484	-304.4166191328728
485	-302.9641863163951
486	-308.04695721638495
487	-301.6257405909159
488	-301.5128438447301
489	-309.90693281999165
490	-298.63649842430243
491	-307.08517233220323
492	-302.3053130862137
493	-313.74393769535106
494	-302.1951385343696
495	-311.13421501533116
496	-307.7749362285607
497	-309.14841551667206
498	-308.27331206378545
499	-293.05677139889787
500	-309.39916881659303
501	-305.34582569279195
502	-310.80593551215463
503	-304.90830894660087
504	-308.68749993066825
505	-309.5605847801021
506	-304.4087858881513
507	-304.0428071538134
508	-308.1822010069392
509	-314.4693776658399
510	-309.3994547404751
511	-308.11755170907696
512	-298.13744321165245
513	-305.0075794684057
514	-305.3601492773811
515	-307.67771530508753
516	-302.606400252441
517	-311.75113549957484
518	-308.15334665138124
519	-308.74585317983974
520	-309.9044372635702
521	-309.8596512828036
522	-305.5251111701602
523	-303.1465796064895
524	-305.6169721687425
525	-306.82295693050287
526	-306.9074209417796
527	-305.1708261532107
528	-307.21696794860463
529	-307.1301143805282
530	-300.6139569167327
531	-301.3139332789017
532	-299.12574593849325
533	-314.15850774989855
534	-306.0878021553996
535	-305.2559155713143
536	-311.02813564178854
537	-303.3572617757132
538	-306.24615716377343
539	-299.8920002417279
540	-309.1470263205009
541	-305.6998744846859
542	-299.7305217879342
543	-304.04593551452774
544	-310.03563730635875
545	-301.2674210868118
546	-301.2939611612619
547	-303.90048517301204
548	-302.68822193031457
549	-304.9719868669229
550	-297.11965688534843
551	-302.0223531364806
552	-303.13188231689105
553	-306.2468246624787
554	-301.79233907077474
555	-306.5042431492494
556	-312.57934193289486
557	-304.9220049392617
558	-303.1085776228541
559	-310.2096792355414
560	-304.7648078406763
561	-291.88698517241795
562	-303.94992875285214
563	-309.30229901306046
564	-310.5871276300195
565	-309.77990299996594
566	-304.2475037781144
567	-308.9688265897252
568	-302.37748209120855
569	-301.9871811973878
570	-306.989142926021
571	-300.8207370591227
572	-310.6893617966103
573	-314.3942055973041
574	-309.6963090705101
575	-306.15434106432104
576	-312.5121857892275
577	-307.62377637087974
578	-307.3489646430567
579	-310.4400200841099
580	-310.7969863441984
581	-301.8007554559628
582	-302.2394606372294
583	-301.71020900408803
584	-305.95657814306117
585	-302.18304847075524
586	-306.16459450181185
587	-300.6787093886067
588	-304.37205487306187
589	-307.6727877048487
590	-301.79548175512286
591	-306.7272496837643
592	-307.646954578047
593	-305.7921810433569
594	-306.066878140212
595	-301.2016818149162
596	-302.5320130283513
597	-303.5338194240352
598	-300.3137073113542
599	-305.053904720676
600	-309.22087865337164
601	-306.50295895631984
602	-305.06239267137323
603	-299.53529873359014
604	-305.0703905643808
605	-310.5314523855621
606	-303.95386895053815
607	-305.6082699046187
608	-311.54749643534973
609	-311.240584186701
610	-304.8426963319658
611	-299.0523801605767
612	-306.3378181703714
613	-307.8144570126416
614	-309.8159713907115
615	-306.60421407739125
616	-304.2961940741934
617	-303.5247552308805
618	-304.2694610329394
619	-301.8665750354029
620	-303.3196420552225
621	-300.4662998245264
622	-300.3291823771186
623	-300.85889791755346
624	-302.07425793292316
625	-305.34631212119456
626	-312.6604663479733
627	-304.9948878014351
628	-309.5599495406884
629	-304.1365495562775
630	-309.1945477307943
631	-307.036749681257
632	-313.7352341164915
633	-310.05610157293603
634	-307.23886055685637
635	-310.05603845586046
636	-312.52631686976116
637	-306.1797717117492
638	-308.146086437695
639	-310.7738083084339
640	-307.0420073035539
641	-308.63529654181247
642	-308.0581970956754
643	-307.7616149992032
644	-309.65070043388454
645	-302.0403082496022
646	-313.09772731150224
647	-311.0470323888761
648	-298.00953254044
649	-308.2615644529125
650	-299.3823441674328
651	-300.0361446406166
652	-304.3283675835408
653	-299.9021294485788
654	-302.34856698581365
655	-300.8359005913394
656	-305.54902538584884
657	-301.0303026152042
658	-307.5821224564396
659	-308.81841679883433
660	-302.9885060945003
661	-306.6938535013177
662	-301.70737711229015
663	-308.355813245756
664	-308.94304529927206
665	-308.78552068478456
666	-304.16627354369786
667	-299.69508857426024
668	-304.0671290316299
669	-306.8554056814205
670	-311.6573720041739
671	-305.51096584452677
672	-304.97718885573363
673	-306.59197821072314
674	-309.0831961451496
675	-308.08043435268524
676	-301.99764685147767
677	-301.0938224873134
678	-307.13356973658426
679	-313.66347415893694
680	-304.1633913005622
681	-308.5366337251296
682	-298.8894886654508
683	-309.0014120681916
684	-305.77245114332646
685	-300.7905117291351
686	-301.7794333415049
687	-308.77432574089886
688	-311.3713415049592
689	-299.38416751275247
690	-307.2466285769999
691	-300.6619861984976
692	-309.4196876501165
693	-304.33906236499075
694	-306.516472229105
695	-303.6878191475812
696	-299.6562286244938
697	-300.20607203821487
698	-303.42405649392475
699	-303.4051595173777
700	-299.9737640898518
701	-309.1347472007169
702	-306.23121372286255
703	-304.81550099911647
704	-309.69571524147415
705	-307.32695571567075
706	-304.5692399681667
707	-304.69007694968025
708	-304.3422961705421
709	-307.86883282758805
710	-306.2520146961801
711	-309.05227688149165
712	-306.84548758487676
713	-309.3158601330047
714	-309.4120819319729
715	-301.4755439165932
716	-308.8546347355665
717	-303.80198187572967
718	-301.8519392042624
719	-303.49120818858296
720	-310.4040536591346
721	-308.7473800095468
722	-306.930781024612
723	-303.75890396006815
724	-304.7001562370366
725	-307.4600078499025
726	-313.6944682032915
727	-311.4020205088408
728	-304.58017660935855
729	-302.7623321762604
730	-306.85024137690635
731	-304.9854030052877
732	-313.53050339216213
733	-307.24709045715764
734	-301.98038630771674
735	-309.60256723942234
736	-300.9612500862674
737	-307.4701387825261
738	-305.62446991463116
739	-313.67983493348885
740	-299.80868545283215
741	-311.5134678151559
742	-306.15707060687396
743	-296.2777918701681
744	-301.1263378473699
745	-310.8410963435146
746	-304.8567952459585
747	-304.7555007237773
748	-308.11132542573864
749	-303.91104552782616
750	-298.96939095398926
751	-306.0851726730603
752	-311.5035078481245
753	-305.73291149747587
754	-302.90423434558613
755	-301.1482732532289
756	-308.47231153185936
757	-310.4778046657276
758	-306.5481155520752
759	-303.97234514490555
760	-309.098396085058
761	-302.6276218944837
762	-301.748837100332
763	-305.1704104063967
764	-304.40779721193996
765	-305.31415705597414
766	-300.92267997155733
767	-302.9054202228661
768	-300.663051494159
769	-302.7644178856912
770	-306.1550507283803
771	-300.37411132717705
772	-305.33377083207125
773	-308.74307282290016
774	-298.7165512882058
775	-307.5530913405554
776	-300.3276246163579
777	-309.9977135649616
778	-298.36653526023184
779	-306.382886570418
780	-312.8588785018484
781	-308.3917401773684
782	-309.1769861930843
783	-303.618900898831
784	-303.33047695994884
785	-306.1962486772101
786	-300.0660644293808
787	-304.17238851388396
788	-306.1139842556926
789	-297.5388250200685
790	-307.3573704281556
791	-310.03885257031254
792	-305.9019458126833
793	-305.1457350491793
794	-308.4416067691689
795	-304.66128840460453
796	-300.14747651735047
797	-312.6578207031307
798	-298.7391899044707
799	-309.21766866831933
800	-309.24396823700914
801	-306.27674571338537
802	-309.53744756040885
803	-306.3622588621432
804	-302.9922028607801
805	-307.18795993532547
806	-303.1476900723937
807	-308.69960292294934
808	-300.6119038468948
809	-302.3647423466883
810	-301.1140429912587
811	-303.12357803959975
812	-309.52598590051315
813	-309.1238773302933
814	-305.04646771778897
815	-303.56015652672613
816	-312.74804351900997
817	-305.267918624346
818	-308.0208130105535
819	-302.01770059222434
820	-306.6134645731087
821	-303.4152216874364
822	-305.24519349094663
823	-304.63416906200587
824	-308.0026114884969
825	-310.58309648895846
826	-304.37540191326786
827	-310.2370110566638
828	-303.8708817457652
829	-306.24378509649955
830	-306.0077034275117
831	-304.13850201791814
832	-306.4827588402143
833	-306.82758367640304
834	-310.5603801187092
835	-306.64099581379446
836	-299.05532626296724
837	-301.1072967682048
838	-297.8261449529523
839	-310.162527629043
840	-303.7943220836817
841	-305.0821771154139
842	-307.0153885802081
843	-301.3757760889102
844	-306.27584703701444
845	-307.1285161174874
846	-302.33321447318417
847	-302.3025992299139
848	-306.60039242181904
849	-301.2087788260043
850	-310.3706549568965
851	-304.55941418768106
852	-307.7149743320424
853	-304.8116577070566
854	-308.08036471733493
855	-308.7334740490581
856	-306.80409743455374
857	-308.06597960151055
858	-309.5193321203234
859	-308.31743649822795
860	-311.7848570705234
861	-310.8117767287932
862	-309.6392244664667
863	-312.0252187713964
864	-304.9746614044524
865	-305.76780391680126
866	-299.43645384768325
867	-312.3258329191701
868	-302.17246026363335
869	-304.19989591599125
870	-301.5551197295232
871	-295.52216435067436
872	-306.85091462851955
873	-307.52893395735623
874	-295.26788248907366
875	-304.92366923116606
876	-297.7274123578282
877	-306.4809872126634
878	-303.61071539271813
879	-311.84121400659257
880	-311.9078916810432
881	-306.334578892493
882	-310.26472849021775
883	-306.9174153868671
884	-308.854318794563
885	-307.52914476314396
886	-304.66386235653755
887	-306.26002357130267
888	-307.52908501235123
889	-311.87461330528856
890	-300.44460324916037
891	-306.17728627278404
892	-310.4261100702879
893	-308.1599185357971
894	-304.98656982715244
895	-305.35592343571705
896	-306.4468960823865
897	-314.6875317973426
898	-310.4154828304926
899	-312.42790840995593
900	-307.5750685790657
901	-311.43412881967197
902	-306.66703343931965
903	-302.64410024515087
904	-306.3720642119482
905	-308.02226967148255
906	-302.95867582767704
907	-307.70567051482726
908	-307.58102468491325
909	-307.3593628782117
910	-309.62354350829577
911	-311.478370243792
912	-301.9742898672873
913	-307.75726655687794
914	-303.5719064957344
915	-298.25269475622093
916	-307.49201714777826
917	-303.9335017197009
918	-307.37053557753137
919	-304.6359293990412
920	-305.5616189842561
921	-301.1475132777935
922	-307.08021565072613
923	-298.21138298812946
924	-303.92465832511317
925	-305.61995034974495
926	-306.7614921537032
927	-297.10928963411203
928	-300.6643457679101
929	-306.03680660176514
930	-308.6568059558515
931	-306.4696702050542
932	-303.28993927460704
933	-304.105934606303
934	-308.9673632842164
935	-305.45329776334296
936	-304.523068815111
937	-309.16765069166405
938	-303.70109266243503
939	-303.3018749627946
940	-304.7541543992486
941	-306.08811080872545
942	-303.6552284043414
943	-296.31309093056484
944	-301.4556598327036
945	-307.67454669695854
946	-306.8295608810645
947	-304.19802363575246
948	-309.62859864940106
949	-304.3925598951564
950	-304.166362703374
951	-302.3971826606895
952	-309.83761591229256
953	-303.7991053275664
954	-307.3178553849686
955	-307.21043046297143
956	-302.7663526571431
957	-299.37303209859334
958	-307.22882175915964
959	-306.4015173552927
960	-311.37254883411174
961	-305.8527761183487
962	-305.9899411184238
963	-305.20844218871684
964	-310.4592307342103
965	-303.73655340932
966	-306.94804445661975
967	-306.162853692668
968	-314.5050323606431
969	-305.66668280575004
970	-307.85241323095164
971	-307.2059209801232
972	-309.45659639763966
973	-297.8604648900189
974	-309.66958155618244
975	-302.50173648572445
976	-310.2985823260574
977	-302.3005818379916
978	-304.28705785342754
979	-303.89546606964075
980	-298.3547433877749
981	-306.3371973814672
982	-305.5555439519912
983	-305.2091259822575
984	-306.15914275701
985	-300.9473097053405
986	-304.7148442540145
987	-300.3893264271703
988	-302.5613592136235
989	-296.1178913414933
990	-303.1649049717024
991	-308.138831658853
992	-312.20396011787193
993	-310.64546342508044
994	-305.2313173821893
995	-310.24428841718037
996	-305.20964425730403
997	-302.67736040047726
998	-308.0026849925622
999	-301.3980877581772
1000	-300.16133819719875
1001	-300.86142525580107
1002	-303.6603679978292
1003	-302.9160756448205
1004	-305.14235674000633
1005	-299.86995946884707
1006	-305.18070098457173
1007	-303.70385285362664
1008	-309.5793142899123
1009	-309.02058579190054
1010	-311.6753769603629
1011	-306.644092459191
1012	-304.9160479434224
1013	-310.254140951586
1014	-311.9145470726626
1015	-307.76516842872405
1016	-309.9208650490136
1017	-303.61749981600747
1018	-301.5593910971843
1019	-306.17184181342054
1020	-306.839090605628
1021	-302.36355425880714
1022	-297.909857506805
1023	-300.86157890420964
1024	-307.34849687491186
1025	-309.92753610455964
1026	-306.0898713780993
1027	-305.4780160522622
1028	-303.15512813857816
1029	-302.8998666488166
1030	-292.9961009393627
1031	-304.61744369461616
1032	-303.88852538751763
1033	-299.4885119816643
1034	-308.0499696166049
1035	-297.63108024267774
1036	-302.84728577595735
1037	-300.2653209868957
1038	-306.44242617530625
1039	-303.7894018471185
1040	-294.1702384324123
1041	-298.0102720024691
1042	-299.48258926919254
1043	-306.3087072969928
1044	-298.86988808194144
1045	-305.4132500942786
1046	-304.3635078813986
1047	-301.03502708296446
1048	-306.70363490419453
1049	-307.3979933885924
1050	-307.9138297718249
1051	-310.53968299118276
1052	-304.7993783894547
1053	-302.7772578023483
1054	-304.042727648823
1055	-301.2854212917197
1056	-307.4744377780008
1057	-307.7937859643547
1058	-307.4488194645439
1059	-306.55787038787344
1060	-300.6741062640825
1061	-306.04005660532664
1062	-307.4115154072222
1063	-307.5962584623976
1064	-311.7707893505433
1065	-310.47740361678865
1066	-308.61785834020816
1067	-298.32353045613087
1068	-306.9457564266229
1069	-306.63338834785264
1070	-313.78670318162204
1071	-310.22349856015177
1072	-304.3691704581765
1073	-300.80334516424983
1074	-308.9780760526009
1075	-308.01773939432553
1076	-311.7649424473026
1077	-308.81210923339756
1078	-313.65316725318405
1079	-309.1572070700229
1080	-306.0581884656696
1081	-304.4724465378017
1082	-299.4183068475048
1083	-312.18050117070794
1084	-304.07733169811934
1085	-307.8781734611242
1086	-304.0929300300191
1087	-304.50655746019237
1088	-298.5245663171551
1089	-311.28296344216983
1090	-312.7409084720959
1091	-311.514121154836
1092	-309.589812012834
1093	-303.6980948510827
1094	-310.5868576741405
1095	-312.732111638211
1096	-305.9664184005916
1097	-312.1071900259064
1098	-309.1751994493126
1099	-306.48019665055773
1100	-309.1095275562773
1101	-304.6507257292465
1102	-312.36375332736776
1103	-308.73977433957936
1104	-309.5798895451651
1105	-312.1142324855653
1106	-313.3501359765249
1107	-311.0747629498442
1108	-313.67493025400745
1109	-299.1438755269386
1110	-308.11134883499733
1111	-305.73558483201947
1112	-306.34475695206595
1113	-302.92080777162647
1114	-300.7581668002344
1115	-312.22615742034475
1116	-301.65592700112427
1117	-309.08736732926815
1118	-307.8813133502806
1119	-302.5041522529755
1120	-305.20553883573035
1121	-301.5696333130041
1122	-300.590158839083
1123	-305.69246971656264
1124	-309.4023820639786
1125	-302.75077091162274
1126	-311.83724299281346
1127	-309.3465350762956
1128	-305.0928839130944
1129	-304.35160374299466
1130	-309.81901961139476
1131	-307.8809497939959
1132	-306.360711268609
1133	-303.34473466056875
1134	-304.58525345351813
1135	-304.57226811023764
1136	-305.6060979021307
1137	-309.1213646346083
1138	-303.0268386262486
1139	-303.25447022456166
1140	-300.2890814153072
1141	-305.76536947035436
1142	-309.1206933466525
1143	-307.87710762947717
1144	-307.22502443508034
1145	-301.4821726306015
1146	-306.29654715367843
1147	-307.48118670443426
1148	-307.0172405782593
1149	-312.947102064252
1150	-311.15002026598495
1151	-302.51768683942106
1152	-298.982426563822
1153	-300.6343092583588
1154	-304.755992479138
1155	-301.15578344053694
1156	-315.1145728249563
1157	-298.1296554401254
1158	-302.3109780954879
1159	-305.81454628116387
1160	-306.9282769641089
1161	-307.04009692363866
1162	-310.4012030686468
1163	-311.5523269217443
1164	-304.33782122629265
1165	-309.6961316900298
1166	-304.6788329427848
1167	-310.82012720113886
1168	-302.5681
1169	-305.29673364150597
1170	-301.42610343518766
1171	-300.12745312099594
1172	-304.7071973164628
1173	-300.64008035428714
1174	-305.6917467218915
1175	-303.5981835663622
1176	-307.75145190985984
1177	-302.9175415113985
1178	-301.7330110494427
1179	-309.1724186192104
1180	-299.918
1181	-304.81862732874583
1182	-304.36909133765266
1183	-302.18497917578924
1184	-299.65190768565975
1185	-304.19603392324393
1186	-311.0091296751063
1187	-301.58540519510063
1188	-306.07110805337174
1189	-306.71043874657505
1190	-312.86933699417386
1191	-301.8270463027122
1192	-304.2181158323356
1193	-302.8385898897695
1194	-306.8744303680472
1195	-303.24356197132585
1196	-307.0002568753425
1197	-304.68010774023264
1198	-313.71352666850356
1199	-306.8485108313257
1200	-307.8312734136466
1201	-307.05294799807655
1202	-307.6799870522163
1203	-306.4784920847743
1204	-307.6755230880111
1205	-306.7576018946804
1206	-304.6422763038319
1207	-300.2287034333626
1208	-307.9492009204972
1209	-306.45884348259045
1210	-300.35591616500994
1211	-306.14497645887263
1212	-297.6285530500346
1213	-303.7394560098113
1214	-308.73591198573473
1215	-306.2594812351311
1216	-306.87168156222964
1217	-304.77451462017734
1218	-303.5491886645326
1219	-303.3816354310536
1220	-305.710237076784
1221	-310.8635907302697
1222	-298.54535421677735
1223	-305.36556117110524
1224	-307.5334314779112
1225	-302.51130234285745
1226	-301.5762466191905
1227	-303.16409834794206
1228	-296.35395395896757
1229	-300.63409482264484
1230	-301.1002868263418
1231	-304.0873317980522
1232	-302.80551318436017
1233	-301.09376000956894
1234	-300.5386000143375
1235	-301.05210003049075
1236	-302.0030224899474
1237	-305.79725238943547
1238	-296.35309637182326
1239	-299.299888830309
1240	-300.7961588387969
1241	-305.24724049652013
1242	-309.4827329727617
1243	-301.68395060450115
1244	-300.86983483650107
1245	-300.4654789715038
1246	-305.899701959904
1247	-309.622430438007
1248	-304.6875362700165
1249	-299.34449294420966
1250	-310.7069268790818
1251	-311.2051342997142
1252	-303.91603301452443
1253	-308.1307551978738
1254	-307.176446904808
1255	-307.52582847332303
1256	-309.451704042419
1257	-306.7060735980081
1258	-308.62392400217016
1259	-302.7329039404539
1260	-309.6157004142004
1261	-308.4559092671672
1262	-302.72301099197836
1263	-295.36974727785974
1264	-306.0963188031249
1265	-306.3592446746449
1266	-309.0896185888106
1267	-306.8477250076088
1268	-307.84267822552204
1269	-308.92315974082
1270	-309.14414433068947
1271	-309.3424547455451
1272	-305.6035744557382
1273	-304.11554153142333
1274	-300.4724509890536
1275	-304.67763204190703
1276	-303.6969139053507
1277	-307.28982231566494
1278	-300.4507279528373
1279	-307.968686456916
1280	-302.16635034383347
1281	-302.69050000248114
1282	-304.290098121105
1283	-304.72968430947594
1284	-297.80371224903945
1285	-307.10241289595405
1286	-306.30803092912373
1287	-299.6673966576939
1288	-307.22311862430814
1289	-302.40989672396347
1290	-301.46632949588144
1291	-295.932390339613
1292	-306.6714757643222
1293	-296.6245370150884
1294	-299.8332934087413
1295	-306.5639302639535
1296	-304.0192938098346
1297	-307.5345006540655
1298	-301.84978544108895
1299	-295.88143024542
1300	-303.2420551275224
1301	-298.3017906353097
1302	-297.9967189285918
1303	-306.11905096438966
1304	-302.67839141199755
1305	-300.9487247847314
1306	-307.6266887700312
1307	-306.426219028759
1308	-308.0096689954559
1309	-309.39511337812274
1310	-302.0798326001156
1311	-298.80230684545535
1312	-303.9522697418075
1313	-304.56072097450385
1314	-306.6284301588974
1315	-299.6495914634261
1316	-309.52065246120264
1317	-309.2055862643464
1318	-303.82135361608016
1319	-305.51321905816036
1320	-302.81910852119654
1321	-308.0640034972368
1322	-304.40218198044715
1323	-301.04950480022416
1324	-303.7495586149111
1325	-304.62826949852735
1326	-301.921064486765
1327	-299.22039752208303
1328	-295.60174632406387
1329	-307.1714182582737
1330	-304.4878988377242
1331	-298.48694602607884
1332	-304.79177372353536
1333	-305.1484000006208
1334	-303.46213593712844
1335	-298.6543965290347
1336	-293.9588550679445
1337	-294.7532693169898
1338	-306.9996839053372
1339	-299.6209575153717
1340	-304.95547236815804
1341	-299.61356677799455
1342	-306.1058953562166
1343	-301.28380738137605
1344	-304.99342982962503
1345	-300.72750385723896
1346	-302.3971515126203
1347	-302.4209958422228
1348	-299.34561726905156
1349	-305.4349854876737
1350	-297.2081455598297
1351	-298.9459726590385
1352	-300.11055243546645
1353	-306.4012350926908
1354	-301.8766135670084
1355	-298.6583000000017
1356	-303.7772910725561
1357	-302.1844562969609
1358	-305.977789710486
1359	-306.21943847926565
1360	-302.8405340307838
1361	-307.54629942359475
1362	-306.8248700335355
1363	-307.3465989189986
1364	-297.75161488990136
1365	-307.55595729104436
1366	-304.72984464232576
1367	-301.56435845613095
1368	-301.031840269054
1369	-306.6660298308185
1370	-302.8322502128833
1371	-301.78762139275545
1372	-304.0201000332266
1373	-304.9272440457534
1374	-302.3676796700294
1375	-304.6344507456915
1376	-305.2022118755435
1377	-316.19428656723846
1378	-304.42114329098933
1379	-300.35461070750904
1380	-300.4603397319793
1381	-300.44076559859167
1382	-302.3890784032372
1383	-300.70274465108673
1384	-307.1510397455938
1385	-301.9975448332675
1386	-303.4293326977304
1387	-305.3538025684501
1388	-297.93282099335147
1389	-301.71104701757025
1390	-306.5136540748818
1391	-307.7471503089362
1392	-299.0910204475777
1393	-306.4552168885394
1394	-297.7565081223777
1395	-303.8032360560873
1396	-304.9517431892975
1397	-306.0659185406248
1398	-304.0034210774876
1399	-304.8545053054064
1400	-303.7549268770583
1401	-302.3398908923534
1402	-307.08522048510395
1403	-302.7713104211025
1404	-305.5086135559033
1405	-306.8003331757378
1406	-302.26911156285485
1407	-300.69523815211966
1408	-306.5454286844542
1409	-304.53681825133197
1410	-298.6526662188504
1411	-302.83467563198747
1412	-302.8795502389031
1413	-300.2910126035547
1414	-300.74171015223595
1415	-306.2330111755401
1416	-302.3633208874762
1417	-298.6010024203903
1418	-300.3287019450355
1419	-301.0775914361559
1420	-307.0063498152411
1421	-301.6735055009021
1422	-302.5312732650842
1423	-303.29632960804565
1424	-299.2577228919905
1425	-302.94818479628003
1426	-307.1627119264863
1427	-300.08335396067446
1428	-300.5132730164941
1429	-305.00910192293395
1430	-301.08770014989733
1431	-307.5099408916248
1432	-298.54604902767426
1433	-302.9316570506553
1434	-303.101603756682
1435	-299.34701022807866
1436	-304.43985232817306
1437	-304.51090788967565
1438	-303.2474361853868
1439	-298.32220848931337
1440	-306.29785089234804
1441	-302.5403375234275
1442	-302.7330800127308
1443	-303.10348192536753
1444	-300.659140526092
1445	-308.1323245932139
1446	-304.36719449199916
1447	-310.16388788896325
1448	-301.56669714870026
1449	-302.9839774731153
1450	-303.3759555021784
1451	-302.1951137408987
1452	-302.38615825196547
1453	-302.14506689478765
1454	-304.12116202056586
1455	-303.7011082901969
1456	-307.86222923627156
1457	-302.3389584542319
1458	-302.2383511144466
1459	-304.2282841024614
1460	-306.16283270745953
1461	-307.0934655557988
1462	-298.45584709313107
1463	-307.8278465764232
1464	-302.46481857114185
1465	-303.1546910333452
1466	-305.88084534736845
1467	-300.8012103118973
1468	-304.7937397755925
1469	-304.8583950124223
1470	-302.6419598817417
1471	-305.0515094517181
1472	-302.41931497935366
1473	-303.0104932164521
1474	-309.75465709104077
1475	-304.90981751687724
1476	-310.0763561126821
1477	-301.7525694546134
1478	-302.3041249500403
1479	-304.56874641471103
1480	-304.46350803792825
1481	-305.5846560494563
1482	-304.1302723552567
1483	-306.05260480281015
1484	-307.500865729092
1485	-302.20886521985005
1486	-305.25645109090067
1487	-297.7918175015657
1488	-300.3307141942061
1489	-306.6728792209009
1490	-307.30105933990797
1491	-304.37636153562175
1492	-307.72743551029197
1493	-309.56433637389944
1494	-299.1740528573035
1495	-304.7934249208874
1496	-303.47365274209056
1497	-305.3353779374635
1498	-299.2653710875364
1499	-304.11868898333574
1500	-303.3570790143624
1501	-308.38773441430055
1502	-304.0706780193251
1503	-311.0268735925014
1504	-302.7192778944929
1505	-303.71595658027417
1506	-299.4495000793702
1507	-299.4157000000007
1508	-304.0887042924472
1509	-308.3441316516784
1510	-305.35794724469247
1511	-300.4650700575475
1512	-306.7519877943754
1513	-306.6034000191575
1514	-301.6547403998768
1515	-304.54995732133307
1516	-301.4950339609785
1517	-309.413305126631
1518	-303.94624292408923
1519	-306.06258408288926
1520	-302.7378
1521	-304.19056240800734
1522	-297.0630575680237
1523	-300.97969784300665
1524	-299.36461068333523
1525	-295.6224694009396
1526	-310.8975997392583
1527	-303.44223178714935
1528	-300.6578308593291
1529	-305.31062263197975
1530	-304.8901126795216
1531	-307.811105499223
1532	-303.06625673967955
1533	-304.3618926924027
1534	-303.45197184395437
1535	-301.7370833153943
1536	-307.3764272560074
1537	-301.77359119439666
1538	-302.0384000975938
1539	-303.5301422068291
1540	-301.0438141099608
1541	-300.1239844017217
1542	-303.6991420648816
1543	-302.2255334694717
1544	-294.8896537918543
1545	-300.95677788666865
1546	-304.4823281303211
1547	-312.6766217305972
1548	-306.3132926577016
1549	-306.2674581280072
1550	-297.89208341152755
1551	-297.8867643888814
1552	-305.4180049767091
1553	-306.64150067967256
1554	-305.2091974589633
1555	-308.06504119293857
1556	-308.26653505757935
1557	-303.9003685920386
1558	-301.5169439325676
1559	-297.90726455509895
1560	-295.2131815390081
1561	-301.88204048772764
1562	-299.4514000000003
1563	-301.679260687682
1564	-304.2908399708349
1565	-301.1701173221709
1566	-304.0512662832257
1567	-302.3342052250453
1568	-306.51420622884604
1569	-299.3481647979013
1570	-303.55666488733704
1571	-312.7922169607742
1572	-297.04486883691607
1573	-309.2918467449397
1574	-303.0797941258992
1575	-306.9761812092986
1576	-298.2564600989252
1577	-299.3460182824117
1578	-306.08224146076816
1579	-305.2721934597865
1580	-306.5800344049472
1581	-298.32046855626106
1582	-311.5511896377737
1583	-309.93935908631096
1584	-300.6477792053345
1585	-301.66560540522124
1586	-303.83307174395856
1587	-307.0114363335244
1588	-303.6399483095185
1589	-308.1072191621917
1590	-308.359851068206
1591	-310.2306710512014
1592	-299.71240278940513
1593	-302.7222924948631
1594	-303.2703129213378
1595	-303.105739296117
1596	-301.2654079538339
1597	-304.8751425082425
1598	-309.01633403778476
1599	-307.32183204115086
1600	-308.94400506927207
1601	-310.06899782496134
1602	-306.8811228839122
1603	-301.38243051980635
1604	-301.56285308259316
1605	-312.0450909821307
1606	-302.10336143803437
1607	-306.8417616790241
1608	-304.000598743935
1609	-312.51095568272245
1610	-302.6460959181437
1611	-310.5502717157902
1612	-305.53806967045136
1613	-308.98199741021125
1614	-305.48681931058326
1615	-303.4039248159299
1616	-307.7276205914546
1617	-311.77933789380165
1618	-303.4946039746531
1619	-310.4570008050738
1620	-301.73567279506636
1621	-304.56319308334713
1622	-308.28237451225203
1623	-307.8389675639679
1624	-306.0088574128951
1625	-303.4647421942014
1626	-305.32110856929285
1627	-300.9603207681902
1628	-305.7534418059147
1629	-303.4102480907816
1630	-297.7773711897572
1631	-304.79263313440606
1632	-310.4495035954598
1633	-307.44289104487524
1634	-312.18832681886374
1635	-307.94035492012256
1636	-293.0010698019636
1637	-311.6977091953893
1638	-300.95097886762636
1639	-299.96046299209587
1640	-304.67741086384643
1641	-303.27234954117307
1642	-304.1955894726701
1643	-306.5360868546798
1644	-304.3379309757907
1645	-308.85015889512647
1646	-303.04793053907775
1647	-310.666662681736
1648	-304.38946092947884
1649	-309.4086244446461
1650	-310.4885941999119
1651	-305.81184149393783
1652	-308.98048992281014
1653	-300.2143652897925
1654	-305.5570228634456
1655	-306.3184460939525
1656	-318.0235590056225
1657	-306.4020039999155
1658	-301.4021182018288
1659	-305.7156736054381
1660	-304.22675382330624
1661	-303.25723420963357
1662	-305.5923328827313
1663	-301.87261400947637
1664	-307.17780731117256
1665	-308.1529486558357
1666	-309.9702838129168
1667	-315.07799933875765
1668	-305.92895806118867
1669	-307.5952907393399
1670	-306.68385379685617
1671	-297.76247498718993
1672	-307.85746134686013
1673	-305.48572424590265
1674	-313.2011344535863
1675	-311.6267031328909
1676	-306.45066096313127
1677	-304.38935190004753
1678	-305.3819078080479
1679	-312.8789544916267
1680	-306.3898147973085
1681	-309.56314690848177
1682	-306.2893336832841
1683	-305.78925244269567
1684	-305.8002962303224
1685	-308.2157269464039
1686	-302.3757736286657
1687	-304.9101256844852
1688	-306.25745497508814
1689	-301.0685692254072
1690	-301.1187456899586
1691	-306.69005557140855
1692	-308.6487048440526
1693	-304.0749621039466
1694	-307.72259263938645
1695	-305.34165747854433
1696	-306.1705341668265
1697	-311.5911550368923
1698	-311.2646751197615
1699	-305.4213920824272
1700	-303.4591006509329
1701	-307.6442683837295
1702	-306.31313954715193
1703	-312.6614960526448
1704	-308.88870409492023
1705	-310.4415948887345
1706	-304.8214394576085
1707	-307.70683077874395
1708	-298.2524395670252
1709	-311.26786948425655
1710	-303.4337049032775
1711	-311.30099918715104
1712	-306.86661592405477
1713	-304.1729766793102
1714	-306.24558154917656
1715	-305.0349485847668
1716	-303.90100099734997
1717	-303.8089809666772
1718	-301.8636478586625
1719	-301.1804268916102
1720	-302.2998171729134
1721	-296.46371325144935
1722	-299.27895852256734
1723	-304.18097517679445
1724	-305.4568403560242
1725	-305.36194937404946
1726	-303.6750480190671
1727	-310.6804906575504
1728	-301.8141351062137
1729	-306.0390802769406
1730	-304.3431554674316
1731	-309.74468059989954
1732	-307.84917887396267
1733	-308.5394338921006
1734	-307.4065364022536
1735	-308.81079604355205
1736	-308.36070979881447
1737	-310.3244386161576
1738	-302.5638660421462
1739	-305.857841608638
1740	-304.8452249938741
1741	-305.66801851250295
1742	-310.3305936341211
1743	-302.7203766367052
1744	-310.056892985368
1745	-300.45879370479355
1746	-304.38461919142776
1747	-300.06259726136915
1748	-289.52099317217386
1749	-303.06027557367696
1750	-299.89540829858265
1751	-296.86810590210735
1752	-303.78036919022765
1753	-299.86681424088397
1754	-302.24722251620017
1755	-307.6353487067444
1756	-307.7682129928733
1757	-305.52765559325957
1758	-304.6632004008613
1759	-301.7076934748012
1760	-300.2410974287088
1761	-293.34843608258234
1762	-305.7593031494004
1763	-302.5871025065671
1764	-304.57391255164714
1765	-297.21358451928154
1766	-301.6597280038033
1767	-307.9675098808556
1768	-300.8037083029865
1769	-313.3431141078895
1770	-303.6392816641744
1771	-305.07489066340617
1772	-310.21801023957846
1773	-307.9132520326784
1774	-308.00319887204074
1775	-302.99113983777005
1776	-300.1565005390259
1777	-307.78749021065477
1778	-307.53493727767767
1779	-308.45796968982324
1780	-304.48831971396334
1781	-301.7773572542421
1782	-304.99622750234107
1783	-307.18064580006967
1784	-305.2537729231598
1785	-308.1095652670408
1786	-299.24729041727255
1787	-308.96812196902874
1788	-303.7540466307948
1789	-304.83214845141515
1790	-303.47441967426954
1791	-305.2454422992394
1792	-303.5528626880397
1793	-311.11729311855083
1794	-313.3855712804989
1795	-305.72977952971127
1796	-299.67523275693316
1797	-304.7183155343626
1798	-309.0176530459907
1799	-299.74044602351665
1800	-306.6070426611162
1801	-302.14287135313026
1802	-308.07399391972876
1803	-302.692217342148
1804	-297.3441449414582
1805	-308.9920525130972
1806	-307.31630710950327
1807	-299.3844208173188
1808	-298.4043891124526
1809	-303.55835065597256
1810	-305.2068382100785
1811	-307.2839300725285
1812	-305.7430673856482
1813	-300.7983633872111
1814	-310.8576722738545
1815	-300.4011702442029
1816	-304.3354918542929
1817	-310.30848163331734
1818	-305.96604954214234
1819	-308.8223632116982
1820	-296.30571545657165
1821	-306.1321349375405
1822	-305.6322204001519
1823	-296.3701814832143
1824	-301.343567886493
1825	-302.0174292946185
1826	-300.0097263744351
1827	-304.3206490785904
1828	-297.6474753529669
1829	-300.98901782065235
1830	-305.88296050241854
1831	-309.429224322514
1832	-301.8700236503209
1833	-303.78548228152283
1834	-307.5871303135318
1835	-305.7497244357691
1836	-304.1726448182433
1837	-306.0512321752514
1838	-305.9394132146831
1839	-298.965772834353
1840	-307.9575107824729
1841	-312.77213400435505
1842	-301.8388512234989
1843	-312.2675632010517
1844	-301.61625080943054
1845	-309.3945256734412
1846	-304.54062292161734
1847	-309.51054752119904
1848	-313.54180753169686
1849	-305.032152603577
1850	-300.80600823452187
1851	-304.34473508428465
1852	-303.6293718428136
1853	-303.4188837837076
1854	-309.398956364042
1855	-303.4929487030073
1856	-303.21075031714867
1857	-301.7630077058398
1858	-305.620520400407
1859	-311.7590063124177
1860	-305.88335675214876
1861	-312.13807659097625
1862	-306.03305087547824
1863	-310.79673800989696
1864	-310.0777137517262
1865	-308.89960249745576
1866	-303.77014611765776
1867	-312.31480779839796
1868	-306.03563145697314
1869	-313.5817357068616
1870	-307.5957446502834
1871	-308.33946764322883
1872	-313.5701960150314
1873	-300.83789678021947
1874	-303.605663676785
1875	-309.6996869032028
1876	-310.09687244105817
1877	-303.87218957094575
1878	-308.74862123691855
1879	-307.877829812304
1880	-308.96764814060015
1881	-302.97858436976054
1882	-303.39892649700016
1883	-302.7382591106039
1884	-310.55652913490957
1885	-310.8067584568528
1886	-305.7623710080083
1887	-309.9835862932167
1888	-306.7659298028802
1889	-307.1660027611023
1890	-311.32506096467733
1891	-303.98263967526054
1892	-303.3300137272083
1893	-304.3531032226313
1894	-304.9852861675273
1895	-298.1468369092815
1896	-307.1343974377916
1897	-304.0904742913227
1898	-308.6048813164993
1899	-306.24422104388987
1900	-306.20270135153453
1901	-306.3278448861946
1902	-307.29071509724514
1903	-305.01740727960384
1904	-306.69647806385956
1905	-303.65013350924676
1906	-313.30199529042426
1907	-307.0639531733005
1908	-305.8855350537601
1909	-300.9182929488061
1910	-312.7111547066715
1911	-301.24707733755594
1912	-309.2724191252066
1913	-301.56846004812616
1914	-307.8190669866264
1915	-309.9011742750198
1916	-302.3428159009322
1917	-306.25450977911987
1918	-304.95507336527953
1919	-305.42890551731256
1920	-310.2992741288847
1921	-310.8216598105042
1922	-308.42280361285214
1923	-304.53345398247416
1924	-309.94094270043803
1925	-305.5289971194207
1926	-308.70630551866617
1927	-298.0511407126965
1928	-302.735302181637
1929	-304.1364609643003
1930	-303.67008318484005
1931	-304.8338448245379
1932	-300.8426796943107
1933	-305.9337401744837
1934	-304.315550052683
1935	-307.44009115178284
1936	-306.40983334841866
1937	-306.7939366303625
1938	-307.22923190407266
1939	-302.4884863070883
1940	-310.9370017828089
1941	-304.5919855069082
1942	-308.7865825205888
1943	-308.1911855450068
1944	-305.64711400460226
1945	-308.15748600433193
1946	-310.69019549525154
1947	-299.8766120363856
1948	-311.09160361833455
1949	-304.7832192002241
1950	-307.2501044563109
1951	-307.5514618413281
1952	-304.3630137106679
1953	-312.51247298699707
1954	-311.8123950370251
1955	-305.4256486504902
1956	-306.23552390833015
1957	-312.5894258420418
1958	-305.38176922915324
1959	-308.63282273674747
1960	-304.7691961604227
1961	-302.0022203916795
1962	-302.4736073103574
1963	-310.39190169006486
1964	-307.38253294970934
1965	-312.8435440826769
1966	-308.6167876690738
1967	-305.3838772000332
1968	-313.81778349519897
1969	-304.09562714205674
1970	-300.2146055928831
1971	-297.7141189208889
1972	-310.68286415950246
1973	-310.7919818357962
1974	-306.5074730835794
1975	-308.80268554528544
1976	-298.9977532882213
1977	-307.80083949117346
1978	-306.6763772680832
1979	-304.2937966087354
1980	-305.8914219509199
1981	-306.42230835751377
1982	-309.92352822119506
1983	-308.13353694212344
1984	-306.8839374977233
1985	-307.25291187449164
1986	-313.25141758929743
1987	-306.12661296111696
1988	-311.0004997979548
1989	-304.9632601664596
1990	-298.68632924553674
1991	-308.7708027995704
1992	-304.9776217385118
1993	-306.2491597659741
1994	-307.9819738365224
1995	-303.33810353304375
1996	-306.4687160701449
1997	-300.2007382228811
1998	-303.71381412461244
1999	-304.2171253553378
2000	-304.0455742362518
2001	-303.7743784889915
2002	-299.06603244262067
2003	-310.74473705773045
2004	-310.03055595653484
2005	-314.12313315344767
2006	-305.95278943197553
2007	-303.9591170427754
2008	-305.37370733813367
2009	-300.3418829701927
2010	-302.4808336579622
2011	-303.7344870401335
2012	-306.4707399102028
2013	-306.6880151412259
2014	-303.4093638156412
2015	-308.0967083691145
2016	-298.63130908830277
2017	-299.56043511578537
2018	-306.73232307657594
2019	-306.30076698451137
2020	-309.07782303435715
2021	-303.27732322453744
2022	-305.25989479979773
2023	-306.7834311281545
2024	-311.01207849963214
2025	-305.2489065610313
2026	-300.6713358385263
2027	-309.72208685571957
2028	-311.1511162632324
2029	-310.9165085887915
2030	-311.1938085373989
2031	-300.4962825007205
2032	-306.4022460449887
2033	-309.3405565585071
2034	-303.38395170147334
2035	-307.4994898540582
2036	-306.64894665298675
2037	-307.7609683009984
2038	-306.8536320613036
2039	-306.40367700894865
2040	-301.7451754357719
2041	-301.75579414769464
2042	-301.0360633115071
2043	-296.1736801036297
2044	-315.3661209811663
2045	-309.2046801596828
2046	-310.488154759112
2047	-307.2485141255875
2048	-305.79600727044
2049	-308.3977611271458
2050	-299.75061816415536
2051	-306.2317674845657
2052	-308.27040105341354
2053	-305.1177636245308
2054	-303.92929110357596
2055	-307.4761650988195
2056	-306.98250669491745
2057	-307.3574771186705
2058	-303.31333124131123
2059	-304.83660673280497
2060	-303.20904486204313
2061	-304.68884662841776
2062	-308.3949604158011
2063	-308.29567785454265
2064	-299.95439411463497
2065	-303.80930930081206
2066	-297.57519041731786
2067	-301.2253070590019
2068	-303.55907601858695
2069	-306.4894313362804
2070	-306.200320770455
2071	-307.36916722219553
2072	-312.7239673527167
2073	-303.8136244495181
2074	-307.141592393985
2075	-300.9450672237505
2076	-308.0809754296797
2077	-298.20012445809147
2078	-303.5155275660366
2079	-298.460661276348
2080	-300.21079882299296
2081	-309.46037961569584
2082	-305.5985811933143
2083	-302.8930120519607
2084	-302.38985128762215
2085	-295.9878603768435
2086	-303.18572018732505
2087	-307.13729056708513
2088	-302.4939513583413
2089	-307.47939961316143
2090	-306.80218546090424
2091	-305.2126007420129
2092	-311.40167681323356
2093	-309.1470383484314
2094	-309.0298248258043
2095	-305.1639708565683
2096	-304.1782275611836
2097	-303.894828259802
2098	-304.12647888760915
2099	-307.4454226345548
2100	-299.48481225621305
2101	-306.1820228251092
2102	-308.77615610082324
2103	-309.34814418191826
2104	-300.4485024830887
2105	-309.2845518430798
2106	-312.1373927019528
2107	-309.8753694520305
2108	-308.32621541684836
2109	-310.39341830307114
2110	-301.65706668860514
2111	-304.4253338767874
2112	-302.42595363907935
2113	-311.114331704524
2114	-306.09059521593275
2115	-308.37891053157597
2116	-303.46148974855976
2117	-303.8187298304649
2118	-308.9892447579398
2119	-306.95517499366986
2120	-299.490637372561
2121	-304.33844598939567
2122	-302.44025447002576
2123	-309.9604210510906
2124	-301.7952880670301
2125	-303.05169564840276
2126	-305.58910654424176
2127	-309.16282760336287
2128	-295.8614852891586
2129	-310.75428567251936
2130	-309.09563263949406
2131	-305.9960412633155
2132	-305.27406425128953
2133	-306.36587971651255
2134	-306.15326272829986
2135	-303.8981895502545
2136	-304.1529224654288
2137	-301.78114640221753
2138	-311.7337798449126
2139	-308.1798072679274
2140	-305.6645271783302
2141	-304.2627660355207
2142	-302.08088106008375
2143	-304.85595698162706
2144	-298.9130869469445
2145	-304.68903773223553
2146	-311.0106322167299
2147	-305.8124663652684
2148	-307.56924950781456
2149	-309.21858745853876
2150	-308.49136084573536
2151	-309.5232118687191
2152	-308.2565215401658
2153	-302.2273416612728
2154	-305.0163242474693
2155	-303.8259909811508
2156	-303.3131607171215
2157	-305.87285407543084
2158	-309.49711761308174
2159	-312.4053582681517
2160	-303.55872844648314
2161	-308.4753277321203
2162	-309.7682281689374
2163	-300.8769219192989
2164	-306.1966434573835
2165	-304.24049697714946
2166	-308.4579055916824
2167	-301.1007850008586
2168	-301.5856244699145
2169	-309.35359882120275
2170	-309.399458590241
2171	-309.2982291474941
2172	-302.4784623998479
2173	-311.13491003395615
2174	-309.6885860288415
2175	-306.2517050420683
2176	-310.81036099826844
2177	-302.54653123633585
2178	-303.7539579366859
2179	-310.2550902396412
2180	-313.12097278023026
2181	-307.2443003019595
2182	-309.39420312076146
2183	-310.05793565204175
2184	-310.73089346176806
2185	-310.9768607247132
2186	-307.17916214181713
2187	-299.4014590248348
2188	-305.7643575285071
2189	-309.75834961783676
2190	-303.82015648432406
2191	-308.7653562071441
2192	-307.9783794139957
2193	-302.63907216707526
2194	-308.1938296094612
2195	-310.699435355608
2196	-309.41575263258824
2197	-304.78720700176467
2198	-304.69847025735896
2199	-309.15474683289875
2200	-302.7740050164255
2201	-303.71826051932453
2202	-309.3082646981989
2203	-311.26462136014413
2204	-309.01235128059596
2205	-310.2536754000361
2206	-302.39359914643114
2207	-301.07489219601723
2208	-312.24763158026667
2209	-298.5962720549476
2210	-308.43560776029636
2211	-306.67652284007454
2212	-304.75972875293365
2213	-302.07549857932264
2214	-307.12578468382316
2215	-302.3813280155586
2216	-304.5836197568227
2217	-303.0388598682208
2218	-299.99431011919575
2219	-300.8133603932717
2220	-306.52020562824555
2221	-300.9837632720491
2222	-299.61018835549453
2223	-311.0405904060137
2224	-308.52864094916595
2225	-295.0507793055695
2226	-303.8310383650306
2227	-304.2816179605961
2228	-309.97170353291074
2229	-303.8338599313903
2230	-304.58799777892403
2231	-310.93497425290246
2232	-302.06156423618853
2233	-302.28207311648094
2234	-304.1658349906736
2235	-302.02460101353006
2236	-301.6818803918809
2237	-299.6653601070251
2238	-307.19667959441443
2239	-304.19171149782414
2240	-302.92528199555846
2241	-302.9628690237021
2242	-300.86378552461383
2243	-304.59939931846634
2244	-307.2419862045384
2245	-307.53110853446015
2246	-304.678526197542
2247	-303.7603617292449
2248	-302.7900029513837
2249	-299.9702584879528
2250	-300.6968833971283
2251	-303.6515010097733
2252	-306.9006202658318
2253	-301.98671035094515
2254	-303.14237780926123
2255	-295.0703484027831
2256	-298.20650687767966
2257	-304.4165526707441
2258	-300.87082450010655
2259	-297.073246981639
2260	-298.0349810537143
2261	-299.38088507713076
2262	-298.4554154198674
2263	-296.8774774003203
2264	-306.2560982157104
2265	-299.3403000001367
2266	-306.9852494118943
2267	-304.27590198848975
2268	-300.137904964567
2269	-302.8807329341056
2270	-297.8530648559442
2271	-306.94894106496537
2272	-308.0424901878837
2273	-304.0637200364772
2274	-303.2894637457326
2275	-303.6983654900038
2276	-300.20920175455205
2277	-300.02310881206483
2278	-304.5290929478811
2279	-305.6346002752628
2280	-304.8766312149253
2281	-303.88542199438024
2282	-301.60799106089
2283	-304.1802955578832
2284	-305.1781311544027
2285	-303.3829091704958
2286	-298.86204219008033
2287	-308.78526826856614
2288	-303.6248289352758
2289	-301.1138000000002
2290	-300.55125551549327
2291	-302.22578716056944
2292	-298.31835128992316
2293	-296.39387131683964
2294	-303.76576714666646
2295	-300.75151347807343
2296	-299.6885047653787
2297	-297.3505150251117
2298	-306.0498566520127
2299	-298.2954679097232
2300	-307.14715184044286
2301	-297.1421943978626
2302	-307.24982393270955
2303	-303.80977206481344
2304	-300.96800080953113
2305	-303.57645992608377
2306	-307.69612508380146
2307	-299.8714174094275
2308	-307.7539391970312
2309	-304.3818450143083
2310	-308.738506871232
2311	-310.0955933621361
2312	-306.04016134180574
2313	-304.63936320600845
2314	-300.14194543919496
2315	-304.6678658332849
2316	-306.51609187248346
2317	-311.0743849684029
2318	-305.95187959968825
2319	-306.61792467486555
2320	-302.0812421841321
2321	-308.8131146479287
2322	-307.7040287679898
2323	-306.1952778457247
2324	-301.5711655204941
2325	-310.89815368400366
2326	-308.5486241587635
2327	-307.81815758356464
2328	-308.8427467750409
2329	-301.838384757841
2330	-307.7572137444439
2331	-302.3126611847083
2332	-302.51620106277454
2333	-298.4722416965652
2334	-305.94880000004105
2335	-305.7786143061996
2336	-303.5440104930262
2337	-304.9160200316788
2338	-309.2472150414732
2339	-300.7885826937727
2340	-298.2945843445132
2341	-305.3369060874013
2342	-312.4659711445998
2343	-297.5700829545
2344	-301.8261082465356
2345	-305.02567532771144
2346	-300.7136444789671
2347	-296.71920333614037
2348	-307.03294893587724
2349	-297.1460026919617
2350	-311.87818861349825
2351	-309.3673018535715
2352	-305.3396689991142
2353	-308.40280061454166
2354	-300.7200237064476
2355	-303.15740615992434
2356	-304.38494622636915
2357	-299.59205311097026
2358	-301.3175225486741
2359	-302.7679107180517
2360	-306.57777747320813
2361	-290.3849811276223
2362	-307.6354269150979
2363	-306.9035058912893
2364	-307.70988265911626
2365	-306.7364419023872
2366	-303.35433614060116
2367	-303.01512277755614
2368	-305.0042857213956
2369	-307.32302855275555
2370	-306.9482627254223
2371	-314.876918954548
2372	-303.8432148599136
2373	-307.52065085206107
2374	-299.4908483125454
2375	-311.1366251560658
2376	-311.3522523933361
2377	-302.338772225212
2378	-304.6790160586008
2379	-307.0409742485126
2380	-301.041007789402
2381	-305.40089401397165
2382	-303.6061027575055
2383	-309.99995860791597
2384	-301.45008493013694
2385	-303.3471294041004
2386	-306.0499667616059
2387	-301.231035204619
2388	-301.96077845586774
2389	-311.23938314998014
2390	-308.61341179424045
2391	-304.8827616234115
2392	-305.39631429757
2393	-307.4444906301645
2394	-311.08477278960214
2395	-304.80686640662253
2396	-305.8828078268934
2397	-306.1869499756665
2398	-300.44499494934274
2399	-302.99995533290786
2400	-299.5362552877828
2401	-306.90214510913205
2402	-307.4890583914009
2403	-305.2017876332772
2404	-310.34310525066417
2405	-300.81519063214853
2406	-307.04914256592457
2407	-307.8864226368073
2408	-311.5153582008311
2409	-311.372584700446
2410	-313.10410874059386
2411	-314.210009240267
2412	-308.4063135962036
2413	-310.42869551516935
2414	-305.7555638773543
2415	-309.4383349845408
2416	-305.2517034619155
2417	-313.44770346814386
2418	-309.42105697360256
2419	-305.0250915388558
2420	-300.01002489399576
2421	-308.80994017766324
2422	-304.8861946785867
2423	-308.4013020123186
2424	-301.33462777141807
2425	-300.6343227665302
2426	-306.0691319996369
2427	-311.0927758892411
2428	-299.8235058083298
2429	-301.3462755431863
2430	-303.22522743661096
2431	-302.94659613669177
2432	-307.6151842021723
2433	-303.7327227581159
2434	-304.3519888125202
2435	-304.73199710023414
2436	-306.76476880366516
2437	-304.724649631548
2438	-301.2428803622571
2439	-307.26498931364273
2440	-303.4603600521987
2441	-309.98431547771446
2442	-301.81837959525257
2443	-307.1439724682475
2444	-301.9690825872589
2445	-307.55790810034415
2446	-307.2107442279014
2447	-311.2379819838771
2448	-305.32143008285925
2449	-304.3720280342629
2450	-308.55405473746754
2451	-309.81667090876954
2452	-304.8371155478019
2453	-306.4934480543634
2454	-307.02056653280715
2455	-305.4052294182466
2456	-310.2294843921548
2457	-307.7166330625345
2458	-309.22123488169825
2459	-304.7817305411705
2460	-303.84291518444934
2461	-307.89173529047423
2462	-312.2052764490784
2463	-307.3235799745518
2464	-308.01411291472283
2465	-308.3207283169938
2466	-301.619750234956
2467	-308.41040660963614
2468	-308.77680480385027
2469	-300.94051761436975
2470	-305.8782630633597
2471	-308.1508591534118
2472	-307.2331168159682
2473	-303.53057733511423
2474	-304.37954028394654
2475	-306.628633119544
2476	-306.77938585665953
2477	-306.2908439160541
2478	-309.6061049732079
2479	-302.9742052334245
2480	-310.9425955672601
2481	-305.21325597754424
2482	-302.4329975169747
2483	-307.3806500340151
2484	-304.998987044285
2485	-303.9635715169649
2486	-307.4916632235933
2487	-309.0831932926502
2488	-306.64918299443514
2489	-304.6611467307316
2490	-301.42619787733764
2491	-302.18556346053623
2492	-306.06936645601445
2493	-307.5586769761393
2494	-308.5770299818175
2495	-307.3196857990538
2496	-315.2859863900891
2497	-311.82666042260456
2498	-308.0713235425924
2499	-313.05732910955004
2500	-309.3972723948189
