1	-307.90477917436016
2	-311.55201967929315
3	-308.3305637465029
4	-299.25928209321205
5	-304.88100000066424
6	-306.4639784197243
7	-306.2409927247831
8	-307.1970638208435
9	-306.631835446848
10	-305.89936372869005
11	-310.84776359452576
12	-305.4331345449045
13	-304.8187479623619
14	-306.32452494180984
15	-310.1573093627122
16	-304.4159450860186
17	-307.5363180727249
18	-307.97344897532895
19	-302.98680421292806
20	-309.88457962121663
21	-306.2446318161738
22	-306.4613342817512
23	-304.15428981678986
24	-304.77777093160995
25	-309.1062695343988
26	-299.6826319406263
27	-300.5851643179385
28	-313.76446197057766
29	-305.06002174236323
30	-303.2955918471636
31	-304.75387346824715
32	-306.030551830769
33	-301.68927599875377
34	-307.08266696308215
35	-306.79838754714456
36	-298.9592961495189
37	-300.5861615174927
38	-304.8565176263021
39	-299.8406378623855
40	-300.40305042977735
41	-300.58636922896955
42	-297.9572089849313
43	-302.4968813917743
44	-306.32059711573066
45	-311.4747338375404
46	-302.07669587137246
47	-305.727784463735
48	-308.1103546268817
49	-301.51322926114807
50	-306.82253494413027
51	-302.0751735839001
52	-303.3573543310186
53	-311.9451861213208
54	-309.32820814300715
55	-305.29509248070855
56	-303.6557229389614
57	-307.67344198167467
58	-307.5723350736101
59	-297.1300121635401
60	-298.3889001456271
61	-306.3125000036653
62	-311.4368
63	-306.0884896887671
64	-300.71159386567973
65	-304.95715593783785
66	-300.78579203905605
67	-302.8123623537952
68	-307.66748036050836
69	-300.1162148803414
70	-296.7741563597542
71	-301.67702689901114
72	-302.25482864504886
73	-302.34983049730096
74	-304.59886139601997
75	-303.7862585340921
76	-306.85204025844945
77	-303.26787339849227
78	-310.48963036140407
79	-303.7971499837369
80	-302.81180459684276
81	-301.9898099260878
82	-306.9178679901584
83	-300.6293757597236
84	-309.7374192919855
85	-306.6564391238811
86	-298.8975108914274
87	-300.6793885587267
88	-303.3822439225934
89	-308.20055606517843
90	-300.82197334374894
91	-303.53846942336895
92	-300.241773329163
93	-297.36559249028903
94	-306.5541035194119
95	-301.361528838246
96	-304.2980789107611
97	-303.99710933158127
98	-296.658258213775
99	-303.68778754984044
100	-299.21764793657434
101	-302.62134282852327
102	-303.89106123132194
103	-300.4067202322195
104	-304.5567762493317
105	-307.35374792597617
106	-309.79687590058813
107	-307.0773459957864
108	-303.36184758067935
109	-298.8497325854398
110	-307.3338092395644
111	-306.3979534725506
112	-304.07681527953076
113	-302.80216898434156
114	-308.2361961959521
115	-295.27991146044263
116	-302.18265985440553
117	-302.2289358882503
118	-300.9784338360593
119	-311.44130500989684
120	-312.9152979279255
121	-305.10000817268894
122	-310.33566623578923
123	-311.08377769518734
124	-308.123291699531
125	-306.47043477439433
126	-301.46161360350374
127	-307.98628232369435
128	-305.9590628681744
129	-304.8086230950773
130	-305.6739619881146
131	-305.2803521123267
132	-298.8777219773737
133	-305.52578598346497
134	-306.7621631571931
135	-307.08627909425064
136	-303.74405854634557
137	-309.16154103647136
138	-304.1931925303021
139	-310.45980138888467
140	-302.3588350302794
141	-312.99735035975505
142	-305.4685605809573
143	-307.68247120882893
144	-310.6046593242817
145	-304.78103472454865
146	-303.19086851273494
147	-306.2121010831845
148	-304.9922844133723
149	-305.3108181661455
150	-305.4177877968509
151	-306.19218324792416
152	-309.0284806928333
153	-309.8729884345121
154	-304.4931569013151
155	-306.11532181650904
156	-305.6701719409367
157	-302.58608685651257
158	-307.4653481793787
159	-305.67344379888254
160	-307.27777295901296
161	-310.9106914346226
162	-307.9787385285505
163	-304.5855002811042
164	-307.80771051914894
165	-305.86992523238837
166	-305.379561880815
167	-307.72643699687364
168	-308.34469153884197
169	-304.0904855919848
170	-308.2174756494747
171	-298.6505528436936
172	-307.7991560179387
173	-304.6454854290848
174	-300.35798985414465
175	-304.9912412924651
176	-296.86385615600335
177	-303.0740491504881
178	-299.29922982563824
179	-303.62259234901586
180	-302.3027660572484
181	-304.6111757804615
182	-299.93869131087683
183	-296.470323729302
184	-309.4422574952893
185	-298.2034644216892
186	-303.63954180875413
187	-298.9266559635096
188	-303.7543137430458
189	-297.35902428262546
190	-302.18701600011923
191	-303.55370000032013
192	-300.9397747247081
193	-304.3553579418214
194	-305.60461987406666
195	-302.05223151933615
196	-304.654821614533
197	-300.8077
198	-305.5901544615599
199	-309.14828113079625
200	-306.9503520376559
201	-301.1998751150351
202	-305.2422450011371
203	-304.50514678748203
204	-301.20339995443123
205	-308.0491689977205
206	-296.70362540790745
207	-294.8988120962849
208	-301.8274358430863
209	-298.2558528769923
210	-302.65146889608894
211	-291.28473514855904
212	-308.22784167685865
213	-300.49356151560954
214	-300.7056834106517
215	-306.08620030452335
216	-305.9489989482239
217	-308.70933135490594
218	-300.20109598567007
219	-303.38395940017654
220	-303.1391440704242
221	-304.79026483593344
222	-302.45327194982156
223	-304.0581753474902
224	-306.9340407314583
225	-305.8088922458081
226	-299.5891521095822
227	-303.22487090383703
228	-302.119136232818
229	-296.1076514080264
230	-302.2377082989211
231	-308.0217491970769
232	-304.48890000434096
233	-305.8506932388404
234	-303.2890661544804
235	-310.3234524309456
236	-303.52167520243654
237	-305.8350165871607
238	-303.518664021087
239	-304.647693561099
240	-305.24840228011743
241	-297.79282482579777
242	-298.2348000138526
243	-305.849394027409
244	-299.7417316733907
245	-296.66785248698596
246	-297.8518168554217
247	-297.850591001676
248	-306.18439632792274
249	-308.1423064271914
250	-296.707859889132
251	-305.1203255138879
252	-304.9210141102542
253	-308.1037839863034
254	-300.6826976668027
255	-313.42188848664046
256	-301.40076026126644
257	-304.1400002390047
258	-306.8085618146348
259	-299.8722902718651
260	-299.9177
261	-300.0961367359471
262	-305.1432482755226
263	-307.1282885518766
264	-304.6673562269958
265	-305.95956648998776
266	-302.80442343550055
267	-311.18019818957754
268	-306.22655227825254
269	-304.2263093355925
270	-306.31901130391975
271	-298.6537349124271
272	-302.89940032550766
273	-306.3074831396017
274	-305.7574017153636
275	-306.8194619333434
276	-306.41379517689825
277	-305.6205828488215
278	-309.7669807445391
279	-308.99276505128535
280	-299.77392848728186
281	-300.9372147870776
282	-306.2726537247842
283	-307.8139397863592
284	-300.4968593449446
285	-298.1054276080916
286	-301.6353370810593
287	-306.31784860975955
288	-305.95196210830886
289	-293.17709030953813
290	-305.59613569241964
291	-303.1904363058876
292	-302.3110005538395
293	-302.17801909217394
294	-294.5877139228627
295	-305.0087958002138
296	-305.9209462303463
297	-305.32103840816325
298	-305.1423196192724
299	-304.4861413740196
300	-309.92073061633164
301	-306.9912715415953
302	-302.87751849145263
303	-308.17562596579415
304	-308.6860564029414
305	-305.722015470613
306	-299.1257779880225
307	-298.36105377048136
308	-299.2769
309	-299.8756977037219
310	-303.56846762952557
311	-303.88786711383455
312	-301.1158521521169
313	-302.29230094161073
314	-296.18901877415135
315	-304.06050694101646
316	-305.30775290779974
317	-307.36732788015297
318	-306.54068158193854
319	-305.29191247201607
320	-307.5027435048891
321	-302.4950712826012
322	-285.60096321615544
323	-299.56941284676344
324	-307.6413901642448
325	-295.776741758415
326	-298.811329373293
327	-303.73705984994916
328	-309.1134343771545
329	-301.30796953092647
330	-299.93413727515843
331	-299.8699570097493
332	-297.18448809479503
333	-301.20814904144197
334	-293.4435390437956
335	-307.12548824413557
336	-302.07005249782986
337	-303.5817441703596
338	-298.1275494725358
339	-297.21749761341016
340	-303.41880001258284
341	-301.48298790163926
342	-301.78121456740695
343	-310.18894574693667
344	-303.93166139608826
345	-303.3695589993749
346	-303.8814556474706
347	-306.56362984566
348	-303.9933039551646
349	-302.8407644577233
350	-306.8587636404773
351	-305.11305875290884
352	-307.0245341385233
353	-299.5275602146635
354	-300.8729994882854
355	-297.655678205889
356	-303.5513739641851
357	-300.97194773067946
358	-298.70250227344565
359	-300.347580816035
360	-307.2818251348608
361	-304.7629459523316
362	-305.4330280441892
363	-306.07357300233883
364	-303.9056949289726
365	-304.15223051073684
366	-301.51131771056805
367	-300.8623355620171
368	-300.6880243227836
369	-303.2536467867271
370	-302.2033723568754
371	-305.8260107356723
372	-299.82562843652784
373	-304.7524862535811
374	-300.3103811379012
375	-309.6573192555124
376	-307.549765229311
377	-304.78232650066275
378	-301.8376763096659
379	-300.9288421038261
380	-302.1795873958362
381	-303.6801721689879
382	-303.9620431530924
383	-303.4598067071841
384	-300.64777522506523
385	-300.1367996955332
386	-297.06153772440956
387	-305.9137372518426
388	-301.6416680861712
389	-300.67710977377635
390	-302.55199729351955
391	-299.38020277766566
392	-303.2951142873445
393	-306.3486479201804
394	-305.4329555303363
395	-299.71748733790724
396	-305.11037352663277
397	-297.787344917049
398	-301.87473347436753
399	-303.1634316541448
400	-304.15324230744096
401	-303.7540000632449
402	-305.18187399806396
403	-302.0787917177096
404	-301.4459663851662
405	-303.85086038281827
406	-306.562170569738
407	-304.17899203128326
408	-298.7684950373201
409	-302.8956139327458
410	-301.94974128578116
411	-301.7258130443617
412	-305.64924718118687
413	-305.5169035985214
414	-307.5109476783615
415	-308.00050261165165
416	-308.3961639149084
417	-301.73488687138496
418	-305.131283814463
419	-300.1963448964263
420	-305.4914686106399
421	-302.30278280854543
422	-307.0545987816477
423	-302.53406758868044
424	-304.22782634297
425	-303.9503956005131
426	-308.8633598391863
427	-305.2743769312359
428	-305.8303366996586
429	-305.15286510582115
430	-297.75727396778404
431	-306.7366698216996
432	-305.00925246816524
433	-297.5202901629921
434	-304.67511215908553
435	-304.9397933192311
436	-303.1370279526641
437	-299.59512559632515
438	-299.5015001448461
439	-303.52458347964057
440	-298.6555047144908
441	-303.61411234147056
442	-298.6459239766369
443	-305.0515399301471
444	-305.7682410605419
445	-299.13501271114444
446	-302.7034599926444
447	-305.8720631315452
448	-304.66997789867384
449	-302.9045780014913
450	-299.9754313598275
451	-297.4150541691679
452	-299.1610012778007
453	-301.67182716012013
454	-303.5173851916173
455	-302.42449646416577
456	-301.3234942087271
457	-305.2201230245772
458	-301.34126102658314
459	-308.61464095024144
460	-304.52621500168294
461	-307.7154820446515
462	-296.78720000000527
463	-303.67110012759576
464	-303.1288979614992
465	-296.3515969308181
466	-302.4616660155401
467	-312.7296762377194
468	-298.4392214557113
469	-301.9890000000023
470	-304.5590903652577
471	-301.44737481685644
472	-301.716958099194
473	-305.86539891405454
474	-303.61285406670777
475	-306.525647284762
476	-304.480486497247
477	-302.2224342921177
478	-303.33228138583723
479	-301.18235441991607
480	-311.870383902245
481	-306.0181599004769
482	-302.68159298165966
483	-305.02779637846976
484	-303.8274674386348
485	-304.08543884798496
486	-301.3872713920687
487	-310.0932221036883
488	-306.1914521069041
489	-305.5699921992204
490	-311.91857540582237
491	-304.7489214558351
492	-305.2749289390697
493	-307.33417591023164
494	-306.4684150651971
495	-307.77701753873265
496	-298.7193071651291
497	-302.5030479897042
498	-303.8444040494061
499	-299.9786915528751
500	-302.8706775831559
501	-301.6397268532152
502	-300.6932000071708
503	-306.4827937924036
504	-309.6610687339967
505	-300.2801169765629
506	-306.55619081321254
507	-303.9593259600863
508	-307.86362166184165
509	-305.18658314715145
510	-303.13234746744484
511	-303.7697862239734
512	-305.62773687865996
513	-302.8384722434308
514	-299.95388540900916
515	-299.7139913369324
516	-302.3657594208094
517	-302.69986157298996
518	-303.6593533509745
519	-299.8308423768974
520	-305.13881772802716
521	-311.19544805249024
522	-307.6093774356753
523	-302.20111112932545
524	-307.06073183872184
525	-298.7198656520286
526	-297.930524424675
527	-304.7118317151439
528	-306.51133603152215
529	-301.9548864629252
530	-304.6267
531	-300.8349000006001
532	-310.3685341377933
533	-303.1780205929179
534	-307.2946566307215
535	-301.4956007200229
536	-306.34978087747453
537	-295.6375012422103
538	-307.79671785149907
539	-303.1743003610126
540	-303.67314096842705
541	-301.3609803375489
542	-302.60597782046915
543	-304.37320361533443
544	-303.5154274124604
545	-298.4322495189006
546	-305.67730077928655
547	-301.8020078590732
548	-307.5188610098961
549	-301.8621053875959
550	-303.60839452343157
551	-303.9008684633534
552	-306.4560213565469
553	-311.4318704640061
554	-299.60751600806447
555	-304.4808367172726
556	-302.80992258116186
557	-311.41831744697464
558	-297.6653178601638
559	-302.9426644041343
560	-304.5869487292795
561	-302.85817540383255
562	-295.7672917325472
563	-299.8971727860809
564	-294.1602159565911
565	-305.4565137451926
566	-305.0625368422262
567	-304.90559990323356
568	-305.6530819708748
569	-298.9105012513711
570	-301.86019468412945
571	-301.74231902789626
572	-304.6465895056749
573	-302.90595537822674
574	-305.7309325226115
575	-304.354623584173
576	-306.68218999899943
577	-301.8398084549488
578	-301.659215598757
579	-302.08274863712995
580	-300.50355130258674
581	-305.1510207183911
582	-298.8481058678121
583	-305.0231753979294
584	-303.236741005508
585	-307.8329683269205
586	-302.57191086444857
587	-307.6174724165195
588	-300.90397084877713
589	-304.82505659517074
590	-309.1126761259129
591	-305.4105425352606
592	-301.849517824133
593	-305.193681682299
594	-302.7283658478525
595	-304.8284954445772
596	-294.19616115917705
597	-305.1808168191032
598	-302.3649841496984
599	-300.19638424851235
600	-303.4065227119814
601	-304.00293531565546
602	-304.1796249211784
603	-297.3233
604	-298.3743008280818
605	-307.4754295989104
606	-302.7748288638055
607	-309.1668907495743
608	-306.31935474195524
609	-301.88016010665086
610	-307.26511790834377
611	-300.9940148547532
612	-299.2603217525307
613	-303.45737374105977
614	-301.5339164084792
615	-306.0240177710356
616	-295.7717141901532
617	-309.56969491498813
618	-300.2350541007212
619	-302.49257015011995
620	-304.0525393918401
621	-291.8858932208433
622	-307.59743185369075
623	-306.1551786078968
624	-309.90233496744133
625	-312.63962694354797
626	-302.214721742885
627	-305.8509997240424
628	-310.3600198929276
629	-307.16884962369596
630	-302.88227724868557
631	-299.96320087597394
632	-303.7663576154247
633	-297.71484777448757
634	-307.47019073714665
635	-305.6070182820445
636	-303.49929995992443
637	-298.4079002531177
638	-301.5756003241579
639	-307.0611791459048
640	-301.86804014534073
641	-307.768377087037
642	-301.1017351355979
643	-300.4742831563033
644	-303.3370000033972
645	-301.7392423987449
646	-299.7289141180797
647	-307.3335
648	-302.06334691946296
649	-301.9919142168869
650	-306.5284314722929
651	-304.33826630803196
652	-299.0787
653	-304.8306923876151
654	-306.7212085727433
655	-303.49859694630203
656	-304.3994471027131
657	-302.50367618884235
658	-302.84397764106114
659	-306.26738786922266
660	-303.01712392821196
661	-303.87787703520195
662	-300.14069208061983
663	-304.60082863406484
664	-307.30797978366746
665	-300.52368100281757
666	-304.32537378399195
667	-303.6378140837608
668	-310.40359025701133
669	-303.00168863882976
670	-307.9697053522409
671	-302.96328248840285
672	-313.15129679208735
673	-303.5328585117983
674	-300.6920918556316
675	-303.55365616931533
676	-303.9553814994044
677	-300.0244493667499
678	-307.9582983923225
679	-303.4313774942931
680	-304.0054597346424
681	-298.83454290448526
682	-307.13552791678313
683	-305.2161197595997
684	-306.8612251816021
685	-297.40553569802364
686	-301.06585637850657
687	-303.9965611379242
688	-308.62152374315514
689	-305.7191335040415
690	-299.2626494168062
691	-304.01177417670885
692	-305.2215547198388
693	-301.4689902910696
694	-298.56577538036544
695	-296.2207271482642
696	-299.89968972291695
697	-306.3101414917975
698	-308.1194864848169
699	-315.14144311773407
700	-308.7230432359491
701	-305.19371582869616
702	-305.53616828849937
703	-303.5355953573099
704	-301.9535235800311
705	-308.95910806958483
706	-307.255056677924
707	-305.8580131224835
708	-302.68344368181647
709	-306.86418080464045
710	-306.64314368862046
711	-301.33595651939453
712	-297.23728828817246
713	-307.20470688784155
714	-306.92293591794845
715	-300.3272769289736
716	-301.65896287251377
717	-308.32309010083566
718	-301.10026381156644
719	-304.00741375465367
720	-304.60848372153407
721	-311.2509988143759
722	-307.09619558591095
723	-303.96183148562113
724	-300.96215552218615
725	-307.1636662128794
726	-304.73712701183615
727	-308.7809660821874
728	-302.75776548411204
729	-298.9923000854304
730	-309.80386942413537
731	-308.5534416310278
732	-299.14411012397136
733	-304.6647550233138
734	-300.7368226707417
735	-297.3439351289461
736	-302.91199886542455
737	-304.38140616912085
738	-308.07119844934334
739	-304.91211844512446
740	-300.54483001446454
741	-303.78671784653926
742	-302.4410812982903
743	-302.6859893796994
744	-304.52611041075534
745	-301.72224096464146
746	-311.5754205373211
747	-308.0708182662964
748	-302.79349992817214
749	-298.837923724745
750	-305.0101057570647
751	-304.50253817682955
752	-296.20766402011486
753	-302.2101316501033
754	-297.9528819939665
755	-294.4626501047139
756	-297.5067993867761
757	-303.67487979171455
758	-302.6929040003017
759	-306.1535873613323
760	-301.0688058467238
761	-308.04478347330587
762	-303.54680131389694
763	-305.1208672259181
764	-305.7012074248842
765	-303.53059884737746
766	-310.21730097361143
767	-305.1964648333427
768	-300.81586901373583
769	-299.4257100242289
770	-306.63882195612865
771	-301.0724059742282
772	-306.1811816968146
773	-303.32222099723253
774	-302.9302688379376
775	-308.40397490146626
776	-296.1251813674406
777	-307.02452656131135
778	-306.5441467189857
779	-302.42130000000003
780	-301.6474119134018
781	-302.5112409745754
782	-303.5424885096914
783	-303.71713123975945
784	-305.88076508883654
785	-302.2140510072111
786	-303.0803185065093
787	-309.3427276478499
788	-302.05629248353284
789	-302.44543517690164
790	-306.6325395633268
791	-307.2517776623872
792	-304.23972042817206
793	-305.92928288725966
794	-303.3660915656728
795	-311.9378505886969
796	-306.73123917861375
797	-308.5713147030919
798	-308.15744158283053
799	-301.12624546193535
800	-304.5501160527664
801	-307.2379820213542
802	-294.8500872770746
803	-308.5237462769719
804	-303.3439992221233
805	-297.7818752350773
806	-309.27841717770565
807	-302.8288860531816
808	-307.15326723837035
809	-302.1139956555385
810	-305.6895809354838
811	-302.8695051135317
812	-307.8664532350579
813	-300.55544198389777
814	-298.6895
815	-303.5417462660434
816	-304.7635706105002
817	-305.5696254723095
818	-301.3360938299266
819	-310.4419485166394
820	-304.86382392707173
821	-302.67642293991344
822	-311.32116525481126
823	-294.6735930096738
824	-304.2119013990333
825	-305.0547149140955
826	-306.5967309645775
827	-301.786560032737
828	-304.3262586105142
829	-304.4622971684946
830	-300.95059006070676
831	-311.8554460954162
832	-300.6722924236445
833	-303.0200942550163
834	-304.3838250235186
835	-307.11336403820553
836	-308.9887208748911
837	-305.2866816457504
838	-310.2276913788228
839	-307.7263266738524
840	-314.2581198989206
841	-312.0195861382624
842	-310.09706792577106
843	-303.72135845251876
844	-312.0512569072417
845	-309.312692326331
846	-301.5275536129568
847	-306.19750212406586
848	-302.1120374248386
849	-304.47348480598987
850	-305.1464190702952
851	-307.02383849780836
852	-305.9769993205106
853	-303.6112778872913
854	-308.05683278748916
855	-304.75767222107635
856	-313.63362918489634
857	-302.4332495182896
858	-309.0193776805106
859	-308.62725445418306
860	-307.6991729973072
861	-305.3180142198331
862	-299.32222267565805
863	-304.6881650011833
864	-304.941197719258
865	-304.5513749125856
866	-312.265746890883
867	-308.164297296422
868	-311.85472469105656
869	-307.1680776390804
870	-305.0989053910926
871	-304.3477186106726
872	-310.03377872394805
873	-309.1541250516709
874	-308.5964472883736
875	-307.3982635865779
876	-303.1812371623539
877	-309.93078815542964
878	-300.99765037201473
879	-310.7189615918758
880	-307.6088242161443
881	-305.921195596074
882	-304.9692304914342
883	-301.6059364871339
884	-305.060450269273
885	-305.29243788871554
886	-310.9222115801623
887	-303.1693800485118
888	-307.4072987287327
889	-307.3431869229695
890	-304.32979207216454
891	-307.395701422428
892	-307.4945431787062
893	-309.6629006801001
894	-305.50741903487665
895	-310.01755343721175
896	-310.2751463537615
897	-301.9150247030856
898	-302.355833185041
899	-307.2813267261648
900	-305.57737431280566
901	-301.680966010155
902	-308.05058728678785
903	-309.22325156949023
904	-306.81538118324545
905	-299.62523380186286
906	-306.68581050170064
907	-303.0113111324782
908	-310.89615695736956
909	-308.21757259720005
910	-309.80694786221846
911	-306.4997323128564
912	-307.6263566278445
913	-300.1004005953644
914	-306.89721705708484
915	-309.41504786985
916	-303.9198201552615
917	-302.3611024806238
918	-302.54014577453677
919	-302.48090974461877
920	-305.21167748373574
921	-306.6777166865214
922	-301.92165524311974
923	-312.3533020783795
924	-310.64163220133577
925	-301.1930258444344
926	-302.5749205813402
927	-300.4432259721654
928	-303.0854759215937
929	-304.84366932727823
930	-302.9823747835441
931	-302.9211445162143
932	-297.4260532568498
933	-305.7894989017351
934	-296.2978109761426
935	-305.3662344088804
936	-303.6011305193204
937	-301.58210455024323
938	-308.17150971102865
939	-309.25925885565704
940	-303.6112975587315
941	-302.1897412111086
942	-298.81673835507735
943	-298.0346948860712
944	-298.24615545721156
945	-311.4510907712955
946	-303.7328694396989
947	-306.4883055222645
948	-307.41467421853844
949	-312.7821605114902
950	-307.4735403034984
951	-308.78666224617234
952	-303.40073013289464
953	-307.13555298732854
954	-305.24378514685407
955	-305.4621181475427
956	-309.2325626170505
957	-304.18468334310614
958	-297.4508896889049
959	-300.95529599297635
960	-299.7749579151237
961	-306.07287917787545
962	-308.5797706929586
963	-300.8824979169361
964	-307.44974446493256
965	-303.07287510231674
966	-302.6657787673704
967	-300.13123131768845
968	-307.84346523023044
969	-304.8059551616408
970	-307.4896998217329
971	-305.8374948431242
972	-304.641916440815
973	-303.98732226434817
974	-308.1096971177485
975	-302.7165459001456
976	-302.1720710930486
977	-309.3795750135813
978	-310.67753144511283
979	-302.90731678436305
980	-302.5527329268226
981	-300.05247835262185
982	-306.0256549331567
983	-307.1513073593557
984	-308.6944391261763
985	-307.69970648814393
986	-303.51458187854143
987	-305.4014301485345
988	-309.01394823205044
989	-308.1101854930108
990	-309.2329995242867
991	-302.4825082351713
992	-307.0280358919121
993	-300.7643797216018
994	-308.76908207574314
995	-309.5997517692034
996	-301.0528682621811
997	-307.1542547788212
998	-298.69305604921533
999	-301.3263915339385
1000	-302.6705185048374
1001	-306.83223772503976
1002	-310.7773166678831
1003	-303.1850297812306
1004	-311.08285095725745
1005	-308.42088307954447
1006	-305.905318309398
1007	-302.4971232057113
1008	-308.74611593246306
1009	-309.4209317502338
1010	-307.0048619457849
1011	-300.81505593556625
1012	-306.4389070009924
1013	-305.47662757361155
1014	-309.1781524967857
1015	-313.0607078594063
1016	-301.9647319221091
1017	-300.8625184737777
1018	-305.6493374958175
1019	-311.040566532179
1020	-305.14131452024156
1021	-304.10302747074707
1022	-308.0138511091885
1023	-305.3947118684286
1024	-302.4015785757252
1025	-307.9753731521134
1026	-300.5846962830287
1027	-304.5125268761097
1028	-300.7471962025876
1029	-305.55525753652853
1030	-295.8290323781548
1031	-308.7916426761244
1032	-301.1246867849811
1033	-302.58273137951045
1034	-308.2834936045759
1035	-308.6478285571904
1036	-301.3217466034555
1037	-309.36011664007293
1038	-309.29785051354605
1039	-306.8774720860877
1040	-308.0255931670218
1041	-304.7910099805434
1042	-305.20073873539235
1043	-309.19653191075145
1044	-307.0517421607584
1045	-299.6420568768936
1046	-308.8565843473012
1047	-309.46352543055644
1048	-311.12574406067614
1049	-305.912103974685
1050	-309.8010981765281
1051	-306.65039576344145
1052	-304.51175323718553
1053	-301.293370837349
1054	-307.5290972364367
1055	-307.2044288037346
1056	-306.32118168509135
1057	-303.668089871617
1058	-303.708282583515
1059	-306.4400119557119
1060	-297.30266105612117
1061	-313.3319748432214
1062	-308.5857132480617
1063	-306.1826725605324
1064	-303.95524009421297
1065	-308.51578746804836
1066	-304.93317369436886
1067	-305.798785977053
1068	-303.799890710445
1069	-303.3538955973337
1070	-312.0318514344641
1071	-306.73286829882886
1072	-305.5413707440903
1073	-307.8502973969347
1074	-307.8219072785221
1075	-306.8470902428298
1076	-307.0006724612633
1077	-309.9530187191339
1078	-307.3742441574601
1079	-304.6383730622817
1080	-300.72308793903966
1081	-304.21150514320163
1082	-305.5276308437427
1083	-300.6644798069708
1084	-297.248822793036
1085	-308.1305719580321
1086	-305.29177147972143
1087	-306.03674671509526
1088	-307.0151033359463
1089	-302.4600545849985
1090	-303.08809839252234
1091	-300.3653297717196
1092	-304.6822427853849
1093	-310.7207924387092
1094	-298.490836382717
1095	-302.57285533993473
1096	-304.31302103122374
1097	-311.3213940317691
1098	-308.0386644418231
1099	-314.05890146630003
1100	-311.3023907536653
1101	-304.1293275046465
1102	-305.59106669880447
1103	-308.8795243015804
1104	-306.6314861542943
1105	-304.91331545996616
1106	-302.1157584815945
1107	-303.04562288133593
1108	-304.3065018615824
1109	-301.7490782805973
1110	-311.14245064113294
1111	-297.5549378436763
1112	-306.1968764246997
1113	-299.95206727170296
1114	-303.6146033054936
1115	-306.9650660448043
1116	-314.6067064780018
1117	-300.95484255233094
1118	-298.3640858278919
1119	-308.21009846951534
1120	-299.1179169513732
1121	-303.00036247649984
1122	-297.6482
1123	-306.8120546870306
1124	-307.626717520084
1125	-308.0629617320712
1126	-304.79400477258343
1127	-308.9565828931188
1128	-300.43011765841874
1129	-304.1579426125669
1130	-298.28088824787073
1131	-310.930221569712
1132	-305.84080576058466
1133	-305.106022252825
1134	-302.10850077815803
1135	-308.47112475559686
1136	-308.41811249005076
1137	-294.29548911572664
1138	-307.5555878395687
1139	-308.56164636982777
1140	-304.83450655142883
1141	-304.3349883090314
1142	-312.0701172633153
1143	-308.5836474589616
1144	-307.6511926067189
1145	-303.75562832847646
1146	-306.38715699071685
1147	-306.8085857667947
1148	-310.72620813494365
1149	-309.7586403255208
1150	-306.34383497821415
1151	-301.0351038136686
1152	-307.57672349483624
1153	-310.4165105951228
1154	-311.86588213464705
1155	-306.23046443447925
1156	-312.8790315199172
1157	-307.132761918531
1158	-304.38489794622615
1159	-308.3405378346617
1160	-306.31259234692163
1161	-309.012967790383
1162	-310.02289403425476
1163	-309.04146748336507
1164	-311.47058586387396
1165	-304.5357247533068
1166	-303.4315959834391
1167	-312.9093996644157
1168	-310.73658756476266
1169	-313.60671318608854
1170	-307.1901088956931
1171	-306.0565946167494
1172	-305.68229664702517
1173	-309.6834971694078
1174	-303.81404065033513
1175	-306.6447826296965
1176	-306.33138490482435
1177	-305.85355467421414
1178	-310.36611020881185
1179	-310.4844486308282
1180	-305.519161101148
1181	-305.2671625013724
1182	-306.66414773023206
1183	-301.1564975103358
1184	-309.0593514169635
1185	-309.73590427035896
1186	-301.116140740406
1187	-310.0194748902206
1188	-308.75947964144126
1189	-303.6998731525287
1190	-302.4647875000966
1191	-304.2893424446849
1192	-307.1018566829567
1193	-309.3161676712867
1194	-300.96893636012777
1195	-306.3096872179442
1196	-305.5378972632002
1197	-307.6711583682228
1198	-311.77223814387986
1199	-308.25170934095155
1200	-304.639191744653
1201	-304.714995957589
1202	-302.35734619205505
1203	-300.76359004066
1204	-309.0555123949079
1205	-303.48338929791913
1206	-306.91170064679653
1207	-305.3828736174334
1208	-304.87186884511095
1209	-301.7350835281092
1210	-296.0746738492369
1211	-296.28015990874496
1212	-297.65600032678566
1213	-306.29426145082783
1214	-296.22023697901017
1215	-300.23425784711475
1216	-303.3892822420738
1217	-303.05370517906914
1218	-310.1398518769815
1219	-305.1228400572176
1220	-301.960484594642
1221	-302.6449526307869
1222	-305.77839032718873
1223	-302.18480000000005
1224	-297.82082751196197
1225	-303.84280000019896
1226	-304.0935124934694
1227	-300.6772325144456
1228	-296.6244412833119
1229	-300.17609915766167
1230	-304.00461738141644
1231	-298.4131470196767
1232	-306.2387765033665
1233	-301.9625417401324
1234	-310.5912051478804
1235	-294.67440000000005
1236	-298.74805799334814
1237	-306.91945148188626
1238	-301.7419867963517
1239	-308.3116686021799
1240	-308.4487605313731
1241	-308.5970006420254
1242	-299.71944204227464
1243	-304.2372001728788
1244	-300.3065984553644
1245	-305.49156637583997
1246	-302.10506072330185
1247	-303.75209208293427
1248	-303.4183892728808
1249	-307.59101210354453
1250	-302.370855558711
1251	-300.76334429864465
1252	-304.5269979979797
1253	-304.20413992009645
1254	-296.744003240127
1255	-304.5093669568099
1256	-301.984478438729
1257	-298.77472588139017
1258	-301.81389441855737
1259	-304.5194468946438
1260	-302.8080438250256
1261	-301.06986677161564
1262	-300.96702054241644
1263	-310.01699347184905
1264	-303.46052547077215
1265	-295.3690719275206
1266	-303.48838610867836
1267	-297.53914626612163
1268	-299.0350433466899
1269	-299.63712230940007
1270	-305.68182903786925
1271	-295.95691756143367
1272	-306.743634026087
1273	-301.975022639971
1274	-299.97791163386034
1275	-298.4166
1276	-300.2719752429591
1277	-300.60445932565176
1278	-306.20728471911383
1279	-306.4778985624796
1280	-301.16312224939173
1281	-305.2549620507762
1282	-301.3532322785433
1283	-303.0032021847937
1284	-301.43446775291454
1285	-302.703824404388
1286	-292.34387016425865
1287	-298.38828128707735
1288	-302.90239582495184
1289	-302.0401050890358
1290	-297.54809707856447
1291	-297.17604013793436
1292	-302.9404
1293	-302.07825002070877
1294	-308.956708435816
1295	-301.9884002843245
1296	-303.9752917911983
1297	-305.1367803919813
1298	-301.40078141399715
1299	-302.24741909669564
1300	-297.1780869081219
1301	-303.7990675323959
1302	-309.19852128423344
1303	-308.6277424252335
1304	-296.83487065308594
1305	-300.25531465008504
1306	-302.2118657009407
1307	-307.7493668507436
1308	-300.635147519257
1309	-302.8314250029966
1310	-303.53273334518974
1311	-306.6045628930022
1312	-305.5836308008644
1313	-300.32678852997475
1314	-304.5052485632496
1315	-306.9748065625708
1316	-305.5257591455655
1317	-302.92406887156653
1318	-303.2476000390165
1319	-301.7571133048022
1320	-302.3515375003072
1321	-302.8965894616835
1322	-303.1385695016126
1323	-297.7808108665118
1324	-309.08287099922444
1325	-300.5565006618388
1326	-307.8698653577103
1327	-304.47919278375826
1328	-306.521130841825
1329	-300.19143866278824
1330	-306.25801791030045
1331	-300.67230656763013
1332	-300.3811956794034
1333	-311.8717661191712
1334	-311.8685867102689
1335	-303.0035386258744
1336	-296.0132956213673
1337	-302.6614373582492
1338	-312.4370229285603
1339	-304.64804219002104
1340	-309.0562000675824
1341	-302.26874040950247
1342	-305.12067314715745
1343	-301.76335177977336
1344	-308.2611
1345	-301.1797236721948
1346	-304.3643080443578
1347	-303.73979267005177
1348	-296.2477000000005
1349	-302.0390587373728
1350	-309.9221781813878
1351	-301.291141092137
1352	-306.097232952389
1353	-297.13991594047314
1354	-307.37364564541986
1355	-308.7967903370696
1356	-308.2856253732067
1357	-308.62866353304855
1358	-302.5171196873453
1359	-300.3244301460763
1360	-299.6972525425158
1361	-309.769640333391
1362	-305.5103894126982
1363	-299.9772955267098
1364	-300.8630644936319
1365	-304.3815445242735
1366	-300.58107823186725
1367	-308.6336105579183
1368	-306.18912967367453
1369	-306.2530843242673
1370	-302.82891952716204
1371	-304.66604488102803
1372	-302.5928258488665
1373	-306.71176633250735
1374	-305.58330472895807
1375	-303.03910456847376
1376	-312.16917594939326
1377	-305.12781769536014
1378	-309.6019397928223
1379	-306.96028710757435
1380	-308.1315861036918
1381	-301.7385712580069
1382	-303.9015583579515
1383	-303.9983873077391
1384	-301.4035214692529
1385	-304.44226549066514
1386	-303.0868366627391
1387	-303.43125498108094
1388	-307.8364672536706
1389	-306.81216605813194
1390	-299.7845144889609
1391	-298.8195605768057
1392	-296.68703138996466
1393	-306.2389403941923
1394	-302.23821823052856
1395	-302.89740003564367
1396	-306.7340831615589
1397	-307.81267335583755
1398	-297.02264376671405
1399	-310.3222441760019
1400	-305.9051206561424
1401	-308.5797575454453
1402	-312.6847998987496
1403	-304.29405862890883
1404	-304.5689621458856
1405	-303.5480990663755
1406	-303.9075947715325
1407	-301.2292964512476
1408	-302.4202423731898
1409	-310.09673619764465
1410	-290.5099001602645
1411	-298.5931096915628
1412	-304.23163689175203
1413	-300.4843865888119
1414	-303.8918336555026
1415	-299.1173765642173
1416	-296.90812369540004
1417	-307.1536615450702
1418	-299.2858684255759
1419	-304.7393364603636
1420	-290.1489271449628
1421	-306.3114443129524
1422	-308.2542001829605
1423	-308.03226609360155
1424	-298.29480000019
1425	-291.71118260545336
1426	-311.6718177671008
1427	-303.7655465469222
1428	-301.666256702901
1429	-306.81347198787535
1430	-302.9960616709894
1431	-300.28632870629957
1432	-298.6822684782564
1433	-300.11787923924993
1434	-299.7177532329739
1435	-299.93300975938575
1436	-305.36173290820875
1437	-296.88941638183434
1438	-309.865140676284
1439	-298.5421
1440	-306.6436380643614
1441	-298.02582350729693
1442	-303.3731766528498
1443	-304.94417723949937
1444	-299.5086590476652
1445	-311.1686984490213
1446	-302.71159029772934
1447	-300.5248330521002
1448	-300.9791148847871
1449	-300.29741831747805
1450	-297.5678266103354
1451	-305.55226066801583
1452	-299.8113628612229
1453	-309.93566727662414
1454	-301.567063350357
1455	-301.299943335792
1456	-305.4825213762776
1457	-311.92216777410954
1458	-312.6484485275815
1459	-296.6585997109639
1460	-309.59821182255166
1461	-303.4469
1462	-298.88981040574924
1463	-300.3217561476092
1464	-305.4156723945815
1465	-306.7037363725801
1466	-306.0295223693887
1467	-301.52012636467384
1468	-307.2728032937403
1469	-302.3533
1470	-302.13594480227823
1471	-302.2470123371716
1472	-301.81544656323393
1473	-307.69581904239095
1474	-305.25088483335105
1475	-304.43952988696026
1476	-306.37023670079526
1477	-300.2379842705222
1478	-288.1597859553605
1479	-303.645730707405
1480	-301.6217656654227
1481	-303.61739576641264
1482	-301.7982609408462
1483	-303.24014784138546
1484	-304.63439869372945
1485	-301.6345951897499
1486	-304.98615450713396
1487	-299.639712541979
1488	-310.3449
1489	-302.42522293296975
1490	-301.54274892823076
1491	-307.43500867400894
1492	-306.6143902282044
1493	-306.61774685144513
1494	-301.1812368254127
1495	-308.0609530362122
1496	-301.36859508413795
1497	-311.28967167947246
1498	-305.9505534345459
1499	-302.5805902910822
1500	-304.8915315202007
1501	-302.4215110212818
1502	-304.2154187508639
1503	-302.0508958735944
1504	-306.02475982010816
1505	-304.90385256188165
1506	-303.8172756434344
1507	-301.32191100551074
1508	-302.3836036058222
1509	-301.4269061573714
1510	-310.11685877212324
1511	-308.21208087606726
1512	-302.7930491531462
1513	-297.56133051220326
1514	-311.34595918338186
1515	-303.26221180565136
1516	-311.20187710036635
1517	-308.0454236892793
1518	-304.3802151137055
1519	-311.12516429827366
1520	-306.32426619354356
1521	-300.88784769489854
1522	-305.9185543228604
1523	-302.39417053479383
1524	-309.38295361413253
1525	-304.116578958681
1526	-303.8831040728253
1527	-311.64261386089663
1528	-294.0096570921341
1529	-300.55116769674663
1530	-302.72811572009795
1531	-297.72860446537214
1532	-310.555240004643
1533	-307.62858292694125
1534	-309.10696709583266
1535	-307.91564479432844
1536	-307.10071997217767
1537	-310.236476434749
1538	-308.9808625619598
1539	-303.8510612557546
1540	-308.1526383878454
1541	-304.68267924395025
1542	-306.700546360219
1543	-307.66561179331313
1544	-305.0497640890325
1545	-304.8359993942998
1546	-299.0010350438584
1547	-300.98913938724104
1548	-303.2904775579591
1549	-296.1206230128875
1550	-299.91427564169464
1551	-305.7148427425722
1552	-303.97231352790993
1553	-307.10137461095457
1554	-302.28695782452587
1555	-294.639992270533
1556	-302.1894200756594
1557	-299.3339427254739
1558	-299.32450695301156
1559	-301.34600370247153
1560	-302.61580000004733
1561	-303.5028118299651
1562	-308.7243171740745
1563	-303.838003019883
1564	-307.4475484413166
1565	-300.39707876123066
1566	-303.8819395686445
1567	-304.6723920930158
1568	-304.5420018660176
1569	-305.6901885173114
1570	-303.74425947698126
1571	-304.47878207275846
1572	-305.6314284672018
1573	-302.27903638561935
1574	-300.42876795547494
1575	-309.52985756464864
1576	-305.32228959273164
1577	-300.4679651159968
1578	-306.40609885936107
1579	-304.3127688584645
1580	-302.8247894330626
1581	-301.25813080544214
1582	-304.6687852660141
1583	-298.19009400669694
1584	-302.3097074044113
1585	-297.48812640102994
1586	-310.69560729621435
1587	-304.19899994287573
1588	-299.78520911440535
1589	-306.94640935674425
1590	-307.1605279884623
1591	-305.6697649024985
1592	-306.2191589604608
1593	-297.7026
1594	-309.30146834981224
1595	-302.7762872434292
1596	-300.47862037390445
1597	-305.13539059952785
1598	-302.9422988408027
1599	-305.00870000000003
1600	-304.92410529675766
1601	-305.37027183346936
1602	-309.0655453939094
1603	-305.0475032704736
1604	-303.7744203726871
1605	-300.36438828108726
1606	-301.8707571987726
1607	-305.617307690939
1608	-310.50669424225197
1609	-301.086568352138
1610	-299.764332014264
1611	-306.0351257948301
1612	-306.83194327189074
1613	-303.91562054227
1614	-302.8638259861415
1615	-292.7606396430659
1616	-306.0054838041481
1617	-308.20684178492064
1618	-302.6333241729357
1619	-300.8835928355337
1620	-298.67009393313697
1621	-306.8141609576555
1622	-307.3875712411804
1623	-295.60349380599285
1624	-299.69675217714587
1625	-299.2906975490123
1626	-302.3314419239992
1627	-305.5949147743716
1628	-300.53406219214355
1629	-305.784624770829
1630	-305.12872806950713
1631	-297.73715203611584
1632	-306.89796963532694
1633	-306.27320044672206
1634	-299.23146605124344
1635	-300.1379947534928
1636	-306.04547535836286
1637	-309.7665667312914
1638	-302.00930015706535
1639	-305.69513349895135
1640	-304.7737843023052
1641	-310.11689087121135
1642	-307.8440250070651
1643	-306.99917077642726
1644	-307.4543740996766
1645	-305.095968098842
1646	-300.3073343789381
1647	-303.6646862867103
1648	-301.91703913078646
1649	-293.94673708710974
1650	-306.0439734176933
1651	-296.21561642059703
1652	-299.7626048583127
1653	-306.9733210973322
1654	-306.7611039188839
1655	-295.1109538662385
1656	-307.2724724903962
1657	-307.23127547273236
1658	-302.78652791525127
1659	-304.4808938844156
1660	-306.5425016628181
1661	-301.4319592056909
1662	-308.10178760512946
1663	-300.3123590586868
1664	-303.4064638442149
1665	-301.99512483976696
1666	-306.8143948058162
1667	-310.59271225371225
1668	-304.83989065912954
1669	-301.81298166228737
1670	-304.42773386809205
1671	-305.071272507817
1672	-302.4045902341365
1673	-303.3287076183636
1674	-307.5856706277007
1675	-297.61815035772173
1676	-296.6167965749836
1677	-307.180069034808
1678	-305.2549521493344
1679	-307.25898807813735
1680	-302.6056474812326
1681	-300.9852356671193
1682	-307.741339941928
1683	-302.0163667135555
1684	-306.54752874522205
1685	-303.05145714580993
1686	-300.1663746346311
1687	-304.71334766226346
1688	-312.92087663365356
1689	-305.41461692269723
1690	-302.556370391044
1691	-300.5319179621529
1692	-298.74403828317105
1693	-303.8497314398194
1694	-296.5767438993248
1695	-307.76677366499484
1696	-306.6151195657597
1697	-305.4857685979856
1698	-302.01503328538826
1699	-306.86313964258625
1700	-305.79863350209047
1701	-299.8740520544466
1702	-307.9492137419999
1703	-304.0045447214699
1704	-300.90117792083583
1705	-304.83528204939176
1706	-304.49247486398593
1707	-308.0423564316509
1708	-301.58317395351776
1709	-307.0056104859823
1710	-298.641682802736
1711	-309.55714683214956
1712	-309.5111368880106
1713	-303.433369075466
1714	-301.2372318432238
1715	-307.7898961470776
1716	-303.2312605910763
1717	-304.1455124939743
1718	-309.1065240878831
1719	-301.11378502963487
1720	-307.1520362425661
1721	-303.5319878811742
1722	-301.82995579855475
1723	-310.3954991375235
1724	-310.06124798998457
1725	-303.6504007322274
1726	-305.35709519207654
1727	-306.5852718146973
1728	-305.2765008137591
1729	-301.8431380227235
1730	-299.68105626678
1731	-309.3677992231287
1732	-304.2216786985735
1733	-301.6527425035765
1734	-301.25064812436665
1735	-306.2044130181491
1736	-305.8293351864523
1737	-310.62664187407427
1738	-305.0018466880425
1739	-303.3437528485662
1740	-299.5217691826246
1741	-293.7589
1742	-301.79989272094775
1743	-301.8595481313409
1744	-303.56970427380423
1745	-300.01309030788514
1746	-306.18839649497045
1747	-306.99927670500136
1748	-298.48976715393894
1749	-297.70428614872657
1750	-312.5879645365847
1751	-303.69126613748927
1752	-306.0058037414252
1753	-310.9992000005216
1754	-299.7453361040671
1755	-305.072907025541
1756	-301.4486845532306
1757	-296.47654401533794
1758	-299.86633747802614
1759	-307.0797405576136
1760	-306.9635643843901
1761	-301.44940074446237
1762	-303.1418188851635
1763	-302.9851299303561
1764	-296.7589402967399
1765	-309.78235908756704
1766	-300.36507607623383
1767	-306.3303814978101
1768	-302.7781440422137
1769	-308.1500705272703
1770	-309.26810241199405
1771	-311.79114299283225
1772	-310.7557549472586
1773	-309.61877066562255
1774	-308.72102172943636
1775	-306.3995526550041
1776	-313.1112909630246
1777	-308.3159169327984
1778	-306.7905114514497
1779	-300.6133774647473
1780	-307.76324074834844
1781	-309.64531112228383
1782	-307.57196241328074
1783	-308.58018907597335
1784	-303.6657581605461
1785	-304.89530772176084
1786	-312.35327058409865
1787	-311.17612479008244
1788	-306.526734976091
1789	-299.4144874630798
1790	-310.12393873838323
1791	-304.553659340744
1792	-296.01610112758215
1793	-304.4840739526783
1794	-308.4518068286503
1795	-309.8183238539809
1796	-304.1494411565155
1797	-313.75017082773974
1798	-309.06832764418635
1799	-313.82854812618325
1800	-303.1730415903401
1801	-311.37263130286084
1802	-308.6658944564585
1803	-305.0491771610123
1804	-309.3214527949735
1805	-312.68657577793203
1806	-311.02531455997854
1807	-306.8328684625104
1808	-311.1693642022311
1809	-309.2320886439834
1810	-303.80498292069063
1811	-303.5864542108958
1812	-307.6199039730605
1813	-308.5074393191398
1814	-309.9784560900116
1815	-296.74971092897425
1816	-306.2943083004717
1817	-302.2539157288846
1818	-303.73597449050084
1819	-303.22892031356264
1820	-301.0866580300475
1821	-304.4402962167395
1822	-301.84160753857367
1823	-300.5473107553877
1824	-304.63006797016675
1825	-307.1580982504991
1826	-306.88828162440933
1827	-304.30183282000297
1828	-304.87298257557507
1829	-300.60027867094465
1830	-301.743291828549
1831	-305.7363504857125
1832	-308.10712974444743
1833	-301.9279792447876
1834	-305.87456177809986
1835	-308.22070852803205
1836	-304.033735206896
1837	-309.57156508277484
1838	-311.7659120930881
1839	-304.78577231297464
1840	-305.98480916637135
1841	-301.24784081127643
1842	-294.29053824057956
1843	-305.7022224157069
1844	-302.8187985499143
1845	-307.7892998802906
1846	-301.5571474472185
1847	-300.30678855854916
1848	-310.19564511782784
1849	-308.5575807517691
1850	-316.9527293721462
1851	-306.5200114814451
1852	-313.6179850140474
1853	-307.0886946497172
1854	-293.55046442201916
1855	-302.50503792306876
1856	-297.45652391110127
1857	-301.07173964998384
1858	-304.6739029351773
1859	-309.4085314540093
1860	-301.5649326104559
1861	-306.2548333484187
1862	-310.76934682889566
1863	-310.38662219492187
1864	-305.84019708026625
1865	-312.55662164941293
1866	-307.4137573536175
1867	-308.3624008064064
1868	-313.79789148803303
1869	-310.633283748165
1870	-313.6143365682343
1871	-309.19005592724034
1872	-308.8638435106325
1873	-311.1923731328156
1874	-308.35040518612294
1875	-304.2044545071908
1876	-305.8413645048063
1877	-305.5466061346824
1878	-305.35767700461844
1879	-309.92394905520905
1880	-312.7354653575825
1881	-309.2681695370154
1882	-310.81988297611616
1883	-307.9811653981892
1884	-310.2937801079372
1885	-303.72763831630937
1886	-305.568649974113
1887	-311.47332224680355
1888	-305.41146265451505
1889	-308.3350040236295
1890	-303.21520879783924
1891	-310.48494169576225
1892	-306.438635195884
1893	-308.4950877357888
1894	-298.452956118774
1895	-298.5786970832653
1896	-301.92720805907624
1897	-305.14116112424205
1898	-302.9299217516385
1899	-299.4308982410893
1900	-297.5703292853901
1901	-298.8196645768685
1902	-308.1425946451755
1903	-299.3446021437649
1904	-298.81423647513907
1905	-301.31460195027023
1906	-302.1128110077515
1907	-309.6980401536593
1908	-299.221264120344
1909	-303.305831708024
1910	-299.92727267835915
1911	-305.5369728498325
1912	-305.3692211438613
1913	-309.5833148290449
1914	-308.6740865398201
1915	-311.6442581356372
1916	-305.69692077847884
1917	-309.31737921300794
1918	-309.81454569271324
1919	-308.17880974014724
1920	-301.6655100144572
1921	-305.72920653143836
1922	-305.7302625512485
1923	-300.0082477293739
1924	-304.4073880693301
1925	-303.1117554278971
1926	-301.1109849397777
1927	-309.3923882491904
1928	-310.8620340940847
1929	-310.03052867531505
1930	-306.2356993436555
1931	-307.03619561193847
1932	-299.1830676001018
1933	-300.94790466585346
1934	-299.902701460703
1935	-313.2095523718335
1936	-304.6606478657517
1937	-307.8678416823861
1938	-306.85297696057063
1939	-307.35163047861056
1940	-307.5936179805738
1941	-304.35862512412496
1942	-306.87899252517246
1943	-304.60527146117437
1944	-308.99194602917396
1945	-302.4730017020835
1946	-306.8539216522476
1947	-307.4853725923194
1948	-312.1795248559113
1949	-308.65174722418357
1950	-310.8241237942623
1951	-311.8970704449405
1952	-307.0169806650926
1953	-309.478986766848
1954	-305.01432963558466
1955	-311.125869120013
1956	-307.0028409254906
1957	-303.59207208529693
1958	-312.5003815655217
1959	-311.363060110207
1960	-301.8442052621515
1961	-303.82864297513817
1962	-306.05468636109015
1963	-306.37051224300086
1964	-301.02032213744104
1965	-299.95660920003945
1966	-305.016669114218
1967	-305.1398642992045
1968	-306.1444573932178
1969	-308.0461273088467
1970	-307.7923098636799
1971	-304.79864918947504
1972	-300.3304725196712
1973	-299.53704125965146
1974	-301.79094189331397
1975	-307.7327175857253
1976	-309.4254434834383
1977	-308.94601506695653
1978	-311.08532731814677
1979	-302.47586128187015
1980	-306.44569724523126
1981	-304.02074075087484
1982	-309.4208937794114
1983	-310.95437810575623
1984	-311.5284418426036
1985	-309.53786779831506
1986	-311.55083225821704
1987	-304.142152980035
1988	-310.5447046243254
1989	-302.6505795366136
1990	-309.46926140588914
1991	-306.63036834921485
1992	-302.0774793718868
1993	-306.98669181146334
1994	-309.48390058566935
1995	-292.47258254693025
1996	-300.5530665581088
1997	-314.1675310598367
1998	-300.7020667542284
1999	-305.6792267978285
2000	-307.1766816596591
2001	-305.384552132673
2002	-296.6444089599988
2003	-307.9922055682316
2004	-307.5867324770505
2005	-299.9518616385048
2006	-302.96779239068786
2007	-304.111451138063
2008	-307.2135234950469
2009	-312.99517487459
2010	-305.0717924891687
2011	-307.6570425034961
2012	-304.596120404038
2013	-312.48738143772795
2014	-306.0655335778255
2015	-309.8592246683146
2016	-304.2997355042738
2017	-302.94678467998693
2018	-305.11023841944217
2019	-306.2547777791272
2020	-307.8085815680253
2021	-308.595268647133
2022	-304.2017865387578
2023	-308.8154055992134
2024	-307.8257715182497
2025	-303.3158951787728
2026	-305.91227954258113
2027	-301.3422743818209
2028	-305.8898155281896
2029	-307.5585483181304
2030	-300.0577620621521
2031	-305.6601520898606
2032	-307.7330161582871
2033	-301.07281562211926
2034	-310.43985968548185
2035	-304.66801314883816
2036	-299.7515619662168
2037	-301.7778975951383
2038	-303.4446688509175
2039	-302.40100867807644
2040	-309.5651591004743
2041	-302.2719671944001
2042	-299.7223292911287
2043	-304.6982971898042
2044	-302.1603970344397
2045	-307.9515797083858
2046	-311.27479061932803
2047	-309.5294979304246
2048	-304.97560505298696
2049	-308.155943474708
2050	-307.0443087401237
2051	-307.36392197187547
2052	-300.41992223608383
2053	-308.6742272655986
2054	-307.44771018171156
2055	-307.24988827901456
2056	-298.7176797827897
2057	-304.86109142044114
2058	-304.6763540099152
2059	-311.46614902349654
2060	-310.10205677389
2061	-309.00419469570335
2062	-312.42122874468464
2063	-299.9811453936885
2064	-302.44355633652066
2065	-302.05705942642015
2066	-309.1247839777394
2067	-306.374343688001
2068	-303.57716141007535
2069	-313.36211364964254
2070	-303.71224234196666
2071	-306.1947414278178
2072	-309.6181104278239
2073	-305.4332546540193
2074	-306.671465982169
2075	-311.4018327441106
2076	-305.17316295774964
2077	-304.1605892577156
2078	-302.9333500070879
2079	-307.62844038475583
2080	-299.8395381824351
2081	-301.9070068328017
2082	-308.46456435758097
2083	-311.65264411049606
2084	-306.7635686366351
2085	-300.68875218797274
2086	-302.44726159340956
2087	-306.0897253080667
2088	-301.05039711557725
2089	-304.9439352300566
2090	-301.00730315073105
2091	-304.82993907382297
2092	-310.6208422571794
2093	-306.7006306652372
2094	-305.67071599674574
2095	-302.4285295591225
2096	-305.89929510022563
2097	-298.8716295614357
2098	-302.72756140759606
2099	-302.8569513713771
2100	-300.60708981307727
2101	-306.5288582588875
2102	-309.19859718165077
2103	-305.207505382873
2104	-305.5876502528633
2105	-302.72311956340764
2106	-307.67265411724156
2107	-306.1058316041958
2108	-309.68546782220614
2109	-306.6897674193821
2110	-298.8350258327991
2111	-314.2284886985201
2112	-308.98732308727114
2113	-309.68382749984187
2114	-314.4852894630095
2115	-309.27221099917097
2116	-305.2126440312598
2117	-303.4048530955844
2118	-302.82519319280567
2119	-303.9780829641749
2120	-306.2003717458322
2121	-310.47403900798304
2122	-304.7539619417715
2123	-305.0555852276646
2124	-311.2822183568751
2125	-299.5961899862882
2126	-301.54904892127854
2127	-301.49024795056397
2128	-301.0690948560164
2129	-309.2988239655429
2130	-309.61556577124935
2131	-300.6648201942188
2132	-306.1361756234395
2133	-302.9667127947332
2134	-299.1203999298804
2135	-304.040284736779
2136	-310.9778464311763
2137	-310.62600202423687
2138	-307.1420230785393
2139	-302.47983277221243
2140	-305.5783607530414
2141	-307.2401627078141
2142	-305.4983149209606
2143	-301.1356112876624
2144	-313.6734707033362
2145	-301.8325333362776
2146	-306.20619586077834
2147	-310.93232130375776
2148	-308.62310439873056
2149	-300.56595385890057
2150	-299.227640107588
2151	-303.7180030091409
2152	-308.6161594255839
2153	-303.24437445156474
2154	-293.6875157955028
2155	-303.63999025591414
2156	-304.3889103684682
2157	-303.58696448504435
2158	-309.57299350073265
2159	-310.5328636184847
2160	-309.0034016744571
2161	-309.1156298071879
2162	-306.6461572793134
2163	-307.0942859954502
2164	-302.2972075998132
2165	-307.2998050437086
2166	-311.9416918134107
2167	-308.7149014923939
2168	-302.2379896353422
2169	-303.8982526497772
2170	-304.98624603782514
2171	-299.6495619296974
2172	-305.22865212156785
2173	-308.59544208360853
2174	-309.2975716489056
2175	-305.50291771324066
2176	-307.69140830929643
2177	-306.93249421546824
2178	-302.7436819062881
2179	-303.68604792934144
2180	-304.36080692318467
2181	-307.5391783950814
2182	-308.62603600444623
2183	-306.08875874509084
2184	-305.1459322882044
2185	-303.08470467652404
2186	-310.05743723156905
2187	-308.2265183520189
2188	-299.3235042700977
2189	-312.3617792199034
2190	-304.0159229897277
2191	-305.54346283980976
2192	-305.46647930614165
2193	-309.8070952367912
2194	-309.7029278297376
2195	-306.2064996510416
2196	-310.57153740509307
2197	-312.95134776586553
2198	-305.8941488523423
2199	-307.3552111296872
2200	-306.1333125599807
2201	-305.20076288753063
2202	-308.05852361699624
2203	-307.0185519619458
2204	-305.00172973269764
2205	-306.9310954759797
2206	-303.5738009601808
2207	-307.4609687227009
2208	-300.520880672256
2209	-303.774371532501
2210	-303.0600037710336
2211	-304.5300458084396
2212	-304.97023880513143
2213	-305.985624969399
2214	-307.9428060685883
2215	-307.3514270217413
2216	-305.9101800528394
2217	-305.46963561557135
2218	-311.4669627366812
2219	-303.253609712668
2220	-307.2209492081999
2221	-306.7092033553634
2222	-308.5049250647481
2223	-307.89800109645773
2224	-302.6686452117916
2225	-308.3321173712921
2226	-306.3765333271177
2227	-307.54862566074047
2228	-311.12789482181535
2229	-306.4743587803384
2230	-307.16941719721416
2231	-305.47517307675463
2232	-307.8663325374583
2233	-310.90248812025635
2234	-304.36856954156417
2235	-304.2436202032223
2236	-306.8235479828088
2237	-300.64448270350545
2238	-304.48176936489205
2239	-301.97007765098914
2240	-301.38975897216903
2241	-308.2175485139859
2242	-300.61162707968595
2243	-312.16006934232223
2244	-305.3756313495035
2245	-306.9642792780678
2246	-306.26027070220533
2247	-304.06244602463744
2248	-305.53032064491305
2249	-298.54735739247786
2250	-305.2993717146
2251	-306.44448996874974
2252	-303.5209131906163
2253	-298.7745841694214
2254	-305.87720803106066
2255	-297.50887758915115
2256	-303.0146741114229
2257	-302.0791188477962
2258	-304.99397402764004
2259	-307.69847913462354
2260	-301.86342822281927
2261	-306.5256797799086
2262	-307.5229373520161
2263	-311.3155729476331
2264	-303.15314150920415
2265	-308.5902621497454
2266	-307.79517787048286
2267	-304.58866951149264
2268	-305.0640879350711
2269	-301.6966068557321
2270	-306.3391133107387
2271	-307.1561722308865
2272	-305.0809611758524
2273	-300.28775278084265
2274	-312.15920175549
2275	-307.8376201182598
2276	-308.78786995009654
2277	-307.3597665092162
2278	-313.1064799005135
2279	-302.4056028541682
2280	-309.4338394768516
2281	-305.4290845771762
2282	-314.549934596075
2283	-306.42551955155386
2284	-306.51633146176624
2285	-306.0395641775946
2286	-307.950661576556
2287	-305.34942172959325
2288	-306.9150676116682
2289	-309.20401919060765
2290	-307.4107711915416
2291	-298.32242182225133
2292	-306.5014323002325
2293	-304.49155806305555
2294	-307.54124372020334
2295	-303.5128796291902
2296	-304.5266532664127
2297	-306.6156459201139
2298	-307.90894611774183
2299	-303.2995941771554
2300	-305.14562749608103
2301	-306.8622877758858
2302	-312.8870943035813
2303	-306.67412834341997
2304	-306.9145334293905
2305	-308.8820762224071
2306	-305.8827230317568
2307	-306.84531978331927
2308	-303.0282498529131
2309	-306.67141239071066
2310	-307.679639962897
2311	-298.47740920151944
2312	-304.26232906668014
2313	-312.07971432262906
2314	-306.432514346787
2315	-310.40106567556626
2316	-305.7631649946406
2317	-307.54968605912154
2318	-311.0013377598528
2319	-302.03911987966814
2320	-303.07482462529407
2321	-308.2491036276205
2322	-301.99488424049645
2323	-307.4436032105893
2324	-303.9440226230454
2325	-302.90291464326987
2326	-302.8221163655864
2327	-307.8819986845738
2328	-311.99810071159817
2329	-312.1035685061693
2330	-311.0668879238873
2331	-318.67473377362256
2332	-304.0264653034097
2333	-309.2161188700237
2334	-312.86092814692006
2335	-310.52623869396194
2336	-305.88446990364184
2337	-303.8610128760471
2338	-309.91692270399614
2339	-309.9350445648655
2340	-311.605905989983
2341	-302.631572145891
2342	-304.218893069464
2343	-308.457280675921
2344	-313.5918268909824
2345	-304.50052902080813
2346	-302.05979749208
2347	-311.10447553797655
2348	-310.0009451198616
2349	-310.07351212890654
2350	-303.90142063613627
2351	-309.5419994113361
2352	-310.4649498635977
2353	-304.05091898951486
2354	-306.1932727384904
2355	-304.3866752311472
2356	-309.147071604193
2357	-311.5829008726764
2358	-303.2352442715578
2359	-306.7721012486087
2360	-308.91387492061114
2361	-313.47045880940107
2362	-303.64148040064646
2363	-307.30777735640044
2364	-306.72547013553566
2365	-303.4387549931008
2366	-307.8920043286008
2367	-305.4397444842853
2368	-304.7624946374793
2369	-305.61826518261176
2370	-306.54184521919973
2371	-302.7822442666684
2372	-303.4664748025988
2373	-302.54906979652714
2374	-301.3503555294541
2375	-304.4829651137138
2376	-302.917423853982
2377	-305.4482687181336
2378	-304.22166502249223
2379	-308.9343811890602
2380	-306.1861368482362
2381	-306.2463655720108
2382	-308.45596361371025
2383	-305.1998497667644
2384	-302.3668575659513
2385	-305.3715713100721
2386	-301.53225600442653
2387	-307.13950654797065
2388	-300.2547251694323
2389	-301.28459291909127
2390	-301.87774323170305
2391	-312.5957398988422
2392	-305.4359790937891
2393	-307.18355926686365
2394	-308.64577467928433
2395	-306.5631451809455
2396	-306.07818673729065
2397	-302.80465090234105
2398	-304.1061698506339
2399	-309.8836417853053
2400	-309.04299739724723
2401	-311.99481445916746
2402	-310.129275139553
2403	-302.0770529142759
2404	-306.45813062297657
2405	-299.97199464985243
2406	-294.4990667904017
2407	-299.6631388726347
2408	-303.71722342714116
2409	-301.43229329531016
2410	-305.75585204481376
2411	-305.09167927118864
2412	-301.24972798885466
2413	-308.6528865119056
2414	-301.75520764581694
2415	-301.29865487786935
2416	-296.51352511247563
2417	-306.7805383541394
2418	-305.1194821155412
2419	-306.75442213689394
2420	-305.7886391530751
2421	-304.37416161959794
2422	-307.4844677568661
2423	-305.7314373866867
2424	-306.7169283421865
2425	-307.5098948404837
2426	-307.595949522455
2427	-303.08680460020975
2428	-308.7690478408461
2429	-303.195557249587
2430	-304.39868465610675
2431	-305.2188376236427
2432	-296.4585375391387
2433	-310.59140066467705
2434	-305.96989975989004
2435	-307.5124536977283
2436	-301.2472323456878
2437	-304.2989098620893
2438	-305.4777128046428
2439	-301.60567381997095
2440	-307.01597392129935
2441	-302.8833551435799
2442	-302.85931760995703
2443	-303.56168035150677
2444	-302.3179722530014
2445	-299.2275082638197
2446	-302.3890027000537
2447	-300.4829602742876
2448	-305.4161483398627
2449	-299.3789554292765
2450	-296.8327275186203
2451	-304.7093751757631
2452	-299.8491605517651
2453	-300.65729006417956
2454	-299.68304687061243
2455	-307.3955285571697
2456	-298.6740395835244
2457	-303.84226545927635
2458	-305.29394189433634
2459	-301.4601111248536
2460	-306.8421768068569
2461	-305.68512653289935
2462	-304.3058499207721
2463	-302.6875432408804
2464	-305.6795254310472
2465	-303.07417625577597
2466	-305.74034139926306
2467	-307.959112051441
2468	-301.43076724630333
2469	-301.16454864001037
2470	-306.97268415385
2471	-305.5599160057836
2472	-306.63673883039115
2473	-302.38165447395875
2474	-289.5731593103236
2475	-299.9001355447678
2476	-309.06973775309433
2477	-301.61529035707133
2478	-306.4986640972789
2479	-303.20619433578736
2480	-308.05810679720696
2481	-303.26603551308773
2482	-302.66093161877967
2483	-301.80343558814144
2484	-305.0948281762335
2485	-301.56120013948873
2486	-293.69911256597857
2487	-298.7046021376012
2488	-302.14104920495856
2489	-302.7520703086195
2490	-308.5190558148773
2491	-306.12088073011415
2492	-311.58816480988736
2493	-303.66536931693156
2494	-306.952036112417
2495	-302.2106
2496	-309.15178795946457
2497	-298.2413289391097
2498	-309.9562511910502
2499	-297.71285368011326
2500	-303.91569939001727
