1	-300.92125503078466
2	-303.26173913001435
3	-302.0156263838874
4	-304.53368290334413
5	-303.27744905710074
6	-307.3358421697998
7	-309.98689539886726
8	-306.6013645193937
9	-307.1324865342284
10	-306.24568609827907
11	-306.19529186109304
12	-306.7714892640208
13	-299.3527636686968
14	-300.7882105665064
15	-311.3615681386846
16	-305.27769889465515
17	-304.07200353594726
18	-306.30312978298315
19	-304.1283084645317
20	-300.7391212876823
21	-306.3698897005612
22	-304.9807198129824
23	-304.07719246415814
24	-306.7291116048631
25	-310.55048434882457
26	-306.01865629589855
27	-304.35586066388845
28	-305.9426503676358
29	-307.8010502753126
30	-303.5592807176922
31	-306.78482557587773
32	-302.48057937858897
33	-303.8556147512025
34	-306.1282831102187
35	-309.4024308402402
36	-309.2731971239018
37	-304.69220473701597
38	-315.7598638109441
39	-310.7297788869321
40	-298.8561104645546
41	-305.3439460663288
42	-303.56271629360276
43	-307.9274938452431
44	-309.6381342314436
45	-301.808543242267
46	-297.60558788709335
47	-309.25477122807234
48	-306.16978245228484
49	-307.2846722393706
50	-307.83055128278835
51	-305.30979285617553
52	-307.5757876231561
53	-308.831713577227
54	-300.7800683394818
55	-308.0725909950749
56	-305.433483123537
57	-304.48786673021567
58	-296.62055295499044
59	-300.453586979473
60	-304.1186149621926
61	-306.9663494549128
62	-311.2679890675294
63	-301.90113956351945
64	-300.13524437522693
65	-308.48981242898566
66	-300.0350925295735
67	-298.2034398086652
68	-313.45704706265053
69	-303.3353030108006
70	-300.8678939876813
71	-310.06322698519676
72	-306.93376525791507
73	-305.7071885391156
74	-309.4858720844404
75	-306.8264675377695
76	-301.31119728209904
77	-303.61778486878006
78	-304.1783470573363
79	-300.8022527578767
80	-304.4613132398837
81	-301.25833772881276
82	-313.7852715643429
83	-307.3617373830025
84	-309.21667475768163
85	-305.8490815838878
86	-307.7445523700023
87	-307.71650641311874
88	-308.31745945020515
89	-308.6366869396052
90	-306.930699697442
91	-305.7202575950799
92	-309.5491358758734
93	-312.86500487169843
94	-305.12837877857385
95	-308.5953857627523
96	-310.94100590929025
97	-308.6780002016579
98	-301.9912720941965
99	-308.6348026718437
100	-300.4806648630606
101	-305.11492458499634
102	-304.025615409389
103	-307.56946169398196
104	-308.68391919640766
105	-314.7564355683774
106	-308.40703350147953
107	-304.6545031035236
108	-310.5862820157278
109	-300.7891799909214
110	-314.8753290826512
111	-307.63064980591827
112	-307.73158394993635
113	-303.03958053942586
114	-309.9244720368754
115	-307.8260981676349
116	-304.01579056855167
117	-306.29774804056404
118	-306.06236390796994
119	-301.3103362088746
120	-308.3881104762194
121	-306.27183215701706
122	-306.8124969500929
123	-311.40720579534997
124	-302.8923880312458
125	-307.8908051399997
126	-310.3047725198649
127	-304.3210726744052
128	-308.33432962717217
129	-308.40300723881893
130	-310.31105011562937
131	-308.4161479812661
132	-306.56685674218954
133	-305.7189415479336
134	-305.6572726040564
135	-304.3306213766004
136	-305.0233027487982
137	-306.6542191240941
138	-301.5301597183857
139	-303.3810093736793
140	-309.7417973091164
141	-302.11307263608063
142	-305.95089577779834
143	-304.78199450275974
144	-302.6885506569948
145	-298.3662700064217
146	-303.78997818082905
147	-305.36554430361616
148	-301.2126757765254
149	-302.285217885474
150	-306.4078281258708
151	-305.01091828193654
152	-306.0922345062279
153	-297.20048368319624
154	-303.39372616235585
155	-300.1184459280604
156	-302.2701943682227
157	-304.8978878074489
158	-300.34705888977714
159	-298.53209201205283
160	-305.3712151973669
161	-298.9237748138666
162	-295.5287221357657
163	-301.339876965315
164	-301.97317508381195
165	-306.73138460563774
166	-303.51539537867455
167	-305.63518363197284
168	-304.7666630002298
169	-312.42458603890145
170	-304.78903202566727
171	-305.28345522045345
172	-307.0250423960172
173	-310.3382203981758
174	-304.4524817313966
175	-309.6849262264101
176	-308.03390289782527
177	-304.42321719014075
178	-308.5182017607648
179	-306.537728775686
180	-305.2442457096824
181	-301.9431531564513
182	-302.84160858570283
183	-302.0180482066058
184	-301.50880736131205
185	-309.38710878160003
186	-303.3401916324563
187	-308.3288909030057
188	-304.1299054176015
189	-311.3683105901199
190	-307.02731507867674
191	-302.99699873644045
192	-309.0005373045899
193	-306.24956143424725
194	-304.00961325198085
195	-296.2606884399428
196	-303.21341142405976
197	-305.7515593295545
198	-301.7418637460544
199	-300.00675125222017
200	-311.2799383372083
201	-304.78323870793196
202	-306.1560209948228
203	-301.8000642121874
204	-303.76527676885485
205	-303.79581953695043
206	-308.5537085286325
207	-307.12510431735404
208	-308.1338992043526
209	-309.64592827481596
210	-304.55468905443286
211	-305.4057298348353
212	-306.3802471235183
213	-297.31652841603125
214	-308.5599673826084
215	-300.37132371179047
216	-300.45283016556334
217	-305.6287160242004
218	-302.9555718371578
219	-313.14220373910746
220	-305.15485883594084
221	-298.3734733967043
222	-309.6861027058537
223	-296.77888232878996
224	-300.91266131387596
225	-303.4629780985687
226	-300.4935393594778
227	-309.7202494858063
228	-303.0639663065032
229	-306.7539160411351
230	-300.1481318968779
231	-308.507308537142
232	-307.2520800621967
233	-301.7037783079906
234	-308.95175882261657
235	-302.31500425584096
236	-304.5761090218835
237	-302.62907574219787
238	-304.8103762221916
239	-301.4805977559478
240	-310.4060686721309
241	-302.0278673521683
242	-299.3719914424631
243	-308.4095472050821
244	-307.2938273328814
245	-302.90063230983213
246	-303.8500689293631
247	-296.178323781644
248	-305.621064637955
249	-303.9798550548063
250	-304.000311955307
251	-308.9222442571077
252	-306.33251561208823
253	-304.42338072501576
254	-314.0261280947408
255	-310.54165093093724
256	-305.6497464193652
257	-312.710159465527
258	-313.9649023819559
259	-301.59027309128754
260	-304.59526521814496
261	-302.0278041771121
262	-303.7276614754477
263	-306.8402768035903
264	-301.53059948157437
265	-307.2809221601442
266	-304.19884209397054
267	-307.87816206724744
268	-310.90127190209927
269	-307.4754972958522
270	-304.1841052221865
271	-306.1086087456374
272	-308.9591029708726
273	-304.004792042387
274	-307.6364853770246
275	-305.4210927663786
276	-303.16375198766036
277	-306.34136913082835
278	-305.5526108019225
279	-310.5915916319834
280	-309.31858161951095
281	-308.72819864669145
282	-305.90226175325637
283	-302.2878890007231
284	-300.5304630608857
285	-296.0333913959958
286	-298.1434225646081
287	-306.90318046125986
288	-307.018678332893
289	-307.03415355198706
290	-305.1296202300898
291	-309.85729355543657
292	-308.5275808046678
293	-305.69228028440375
294	-302.73021929744976
295	-305.6757493059491
296	-310.1231172465609
297	-311.40630219784634
298	-295.3198763606572
299	-297.1562672842793
300	-308.12176180935575
301	-301.54583932923003
302	-296.8550436011856
303	-304.6019805480747
304	-298.31834734035084
305	-303.9938330391591
306	-301.8763741582353
307	-300.96983841307997
308	-307.8889317374554
309	-304.9788989497919
310	-307.8023678529105
311	-304.7385010270608
312	-301.3562489746034
313	-302.65969499492263
314	-305.78827788869086
315	-308.23395575384285
316	-302.35228079888105
317	-302.45254830569496
318	-305.51147229378694
319	-302.19810759384524
320	-303.7149338383514
321	-306.11743254430473
322	-307.3779588743063
323	-305.84779037660235
324	-305.1229758779824
325	-305.5533403905694
326	-306.5939529155167
327	-307.5075257830223
328	-309.37513534682824
329	-301.1173666349792
330	-302.1967849248649
331	-309.85294001544753
332	-298.1456170072189
333	-302.24962597294234
334	-299.18511655263444
335	-305.37598869653374
336	-303.0917425791586
337	-302.07261621872493
338	-306.15527625435834
339	-304.8138369948138
340	-304.3577704733948
341	-312.73009763417076
342	-310.3517112557676
343	-303.60852426545296
344	-302.95277945368144
345	-306.0795950072959
346	-308.1947046550627
347	-302.84765225166007
348	-308.12060147547834
349	-302.03418834623
350	-300.34604036755803
351	-297.58224147645836
352	-304.63746911561924
353	-301.26031113840895
354	-301.7151437011638
355	-312.6305310384847
356	-309.8549549662308
357	-309.9499414248737
358	-298.58608198634835
359	-302.4352614152935
360	-311.92697734149306
361	-303.04875442862243
362	-311.3939338059631
363	-306.4777898011117
364	-305.1461241448796
365	-302.142903174384
366	-312.558631730403
367	-308.44286684278
368	-309.18999841490484
369	-305.7537869266925
370	-304.88964090551605
371	-313.3706789799244
372	-302.95619644921527
373	-303.9344447104096
374	-305.4403623532822
375	-309.29410272424235
376	-310.7688832814903
377	-311.5369502487865
378	-307.5459750427497
379	-308.62668857145707
380	-303.38712024256733
381	-297.06841923488724
382	-311.2109199252536
383	-304.91032692469065
384	-308.74777739127103
385	-305.9078773274711
386	-295.83575841078886
387	-302.98008741789886
388	-303.6328815155648
389	-304.02049324240585
390	-308.55408619991334
391	-312.0410664142457
392	-307.7515466858928
393	-295.88202717049006
394	-296.3508330931951
395	-304.12875092950884
396	-309.8054545359181
397	-303.2667905694869
398	-310.1172891680651
399	-305.0994727875201
400	-309.2092503766347
401	-300.1088349204542
402	-304.1616536284992
403	-302.1385287529635
404	-305.7269090544631
405	-307.08988284449345
406	-297.4049112066555
407	-308.5940748333582
408	-303.6235977377691
409	-303.3696654186208
410	-304.5418376473441
411	-303.033340152187
412	-302.4847851090096
413	-298.18960372587895
414	-300.4888314170692
415	-296.4871192667454
416	-306.1246546118642
417	-305.68927692098566
418	-303.72599775925005
419	-302.4091266773725
420	-305.6379866782942
421	-311.6821713172732
422	-302.0436166119443
423	-306.4662521459473
424	-308.58671671944694
425	-305.93275203691985
426	-302.4558494058173
427	-302.7972538341705
428	-302.6195384695015
429	-297.82388161335336
430	-300.9198904656914
431	-302.47339851153504
432	-305.3649012207573
433	-310.71291985514586
434	-312.16301191085677
435	-306.16016308065207
436	-307.0358749878216
437	-304.5269527920433
438	-304.78676364562995
439	-306.1022998971867
440	-305.82672211952575
441	-307.66321180257967
442	-305.3377161438567
443	-306.77228850972233
444	-309.7976217308375
445	-301.021443723392
446	-305.6506595942397
447	-305.62899392078043
448	-304.13113702750326
449	-305.0699080287309
450	-306.3611254946099
451	-292.8267306692966
452	-303.01915770510607
453	-298.5490046442743
454	-295.2035596153929
455	-300.04152135558235
456	-298.0094969937273
457	-301.9809627638388
458	-299.5681695499612
459	-299.81504219669995
460	-299.658020646486
461	-313.8215154127616
462	-301.13032983843937
463	-305.88460196432584
464	-310.5241615295522
465	-302.63866404644176
466	-302.0312650539904
467	-303.4350821146336
468	-310.03136559595316
469	-301.487253351451
470	-304.0592452198249
471	-305.6967009530424
472	-304.80814447959057
473	-305.85023607578864
474	-308.06178339272856
475	-302.2992262097206
476	-308.1854964312892
477	-302.0898353418587
478	-300.7947798706711
479	-308.9414570474023
480	-306.23763232331197
481	-309.1622880976822
482	-305.7284372200512
483	-304.02808312349805
484	-297.80322610266404
485	-308.8296446748479
486	-306.9343633284033
487	-306.695285713029
488	-306.28413427332794
489	-306.1765052761873
490	-305.8446537692443
491	-313.204466493397
492	-302.492543055541
493	-305.7424818784627
494	-299.8298156094071
495	-294.24493131783646
496	-304.65386020529655
497	-306.9526
498	-306.6485021399968
499	-304.18073464201404
500	-308.4759118885065
501	-302.94052648946985
502	-291.14688680376366
503	-309.0312883093858
504	-305.6511440015038
505	-303.4303666419999
506	-304.16245287295277
507	-305.4912822822595
508	-308.0826559386867
509	-303.37118607958433
510	-307.09479270764854
511	-304.1916225979571
512	-302.56607875261824
513	-303.4173104490545
514	-307.37322528737946
515	-305.13187220202155
516	-306.9563605528163
517	-308.39662138328686
518	-305.8998717102944
519	-297.9620832351358
520	-308.10202943528384
521	-302.1658270179015
522	-307.27309939469865
523	-306.5538162217822
524	-306.2763268286171
525	-310.85390994837826
526	-309.6275269443519
527	-309.1757303376639
528	-303.3643103990519
529	-301.25198501048413
530	-301.8606155209777
531	-309.95533529753465
532	-312.4326422766716
533	-307.55650335794235
534	-300.7990607595408
535	-307.10703460550695
536	-307.1472648358543
537	-302.10764603022733
538	-306.1995123270919
539	-309.2755473293299
540	-303.9289729957457
541	-301.8150605979281
542	-302.3686157663261
543	-312.09781502251354
544	-304.33384149154193
545	-306.4676241860781
546	-306.4680598724974
547	-301.40773374153315
548	-306.7399406104643
549	-300.39959538547475
550	-307.41075346337
551	-300.4854520561455
552	-299.5532752375341
553	-307.5852707301126
554	-307.05425038764946
555	-306.84988340690364
556	-303.79510065956225
557	-305.5609963272992
558	-298.50152831051753
559	-305.7531266969355
560	-310.3978702175184
561	-300.08978427543343
562	-302.41859958562367
563	-303.90404666211913
564	-302.322352226403
565	-302.97365976011724
566	-300.61160582910446
567	-304.17263969550396
568	-307.32019637802483
569	-305.24332184293763
570	-307.90920020159786
571	-307.59289494021743
572	-306.41436365285904
573	-300.918451665166
574	-304.0816199751626
575	-305.5355507157311
576	-300.8290070347022
577	-300.4297647826776
578	-305.2012921514826
579	-299.00143864666614
580	-306.98180604455683
581	-306.3556354014046
582	-298.3340025968952
583	-296.0170559902777
584	-306.9584817299445
585	-307.0835748411697
586	-307.0287601845814
587	-303.05303036086923
588	-305.10147613342036
589	-308.59977824647615
590	-306.85341956175364
591	-307.3856487944968
592	-307.4842536916787
593	-305.9774640755842
594	-305.2877261900107
595	-307.42114093308214
596	-304.95997378701003
597	-304.3716691584342
598	-306.54920371130515
599	-306.5884477203953
600	-304.40057295330587
601	-308.44819040032735
602	-305.56843564094083
603	-300.12557948942873
604	-309.863936847168
605	-309.69192584060727
606	-309.59432176510967
607	-309.6568326173365
608	-308.0714561321393
609	-308.2285867279622
610	-304.7105076811242
611	-303.8062689133997
612	-306.1450125270808
613	-310.41111873801765
614	-304.9167948176688
615	-310.71913485004137
616	-303.4890129105195
617	-300.7956163394284
618	-305.171697414485
619	-313.73705208646726
620	-309.7005277069859
621	-308.8596743145071
622	-309.9789384438688
623	-307.3001592649906
624	-307.6948727518847
625	-304.4397115187321
626	-303.4398199412219
627	-301.35185946308445
628	-307.5743617865913
629	-303.82701324783443
630	-309.68862065202126
631	-311.21486740310803
632	-307.8859896348679
633	-305.1585367683182
634	-306.60473035644804
635	-303.0136847269058
636	-307.7131809536768
637	-307.6474078438289
638	-308.78560758657346
639	-306.6817223425287
640	-305.56692452570167
641	-303.8819320255971
642	-304.49828946542567
643	-307.05946756346435
644	-308.6538746960835
645	-304.05954787579367
646	-305.37697531647586
647	-296.2717551259921
648	-304.3749865321545
649	-305.2987551355821
650	-298.44868010773854
651	-301.42020860536894
652	-303.9418114556316
653	-300.8302358063702
654	-308.0737385946717
655	-311.1999086196842
656	-308.3635450156692
657	-307.94670556528433
658	-302.8554405771217
659	-305.08563433424695
660	-311.197800000692
661	-299.7993784175702
662	-307.86091861552876
663	-307.92107416390417
664	-303.1167789353566
665	-305.68048000191135
666	-308.5052713826636
667	-308.4574352092026
668	-300.7923727910689
669	-301.7843438379778
670	-304.58870849389706
671	-308.8468586154797
672	-309.47824334619276
673	-300.11633209726654
674	-298.83764496203173
675	-304.3082240594087
676	-307.0289165390899
677	-305.6050535914746
678	-306.8358520587513
679	-299.3183056294548
680	-306.01498353219296
681	-301.86862226675123
682	-305.2216116880607
683	-297.43726099022933
684	-303.14968451207955
685	-304.54507590594005
686	-303.75767616579816
687	-305.247526615081
688	-302.57395791781005
689	-300.6275901131372
690	-306.7408755831813
691	-303.31752518196936
692	-306.57011787367304
693	-304.10578132950263
694	-310.07224007761977
695	-306.977014157428
696	-299.0542880381837
697	-305.30654430150304
698	-304.3619592448233
699	-307.46167675684984
700	-296.1387897253957
701	-298.66188790496307
702	-304.79266785678584
703	-307.74302113730374
704	-304.13381641216745
705	-311.1273347256624
706	-303.7087599297703
707	-301.8833169415141
708	-304.59269428698457
709	-308.07873381843484
710	-303.60712243006765
711	-306.4947662372325
712	-306.56696862423945
713	-303.85794922859134
714	-310.1692885448754
715	-311.4096303374927
716	-307.5994999759526
717	-306.96107701132786
718	-302.3907104130561
719	-305.2169432425918
720	-300.7544173646072
721	-299.41241063721867
722	-303.78949300502046
723	-302.9104705714066
724	-303.77410575384295
725	-295.2646414522969
726	-303.9451203987821
727	-305.82131301996134
728	-300.5314577430598
729	-302.2093220655026
730	-301.9440293700501
731	-303.75558899899147
732	-304.4963028413438
733	-304.26315548476373
734	-304.21116243598453
735	-305.4347159434116
736	-303.7279047298539
737	-307.6339240245836
738	-301.45617781589925
739	-305.8314743462016
740	-296.4036116363287
741	-302.902195395976
742	-307.16238114131994
743	-304.6630432635133
744	-300.22676248810393
745	-303.5595316367533
746	-302.6722057772143
747	-306.7630798578584
748	-302.5195400793976
749	-301.5382554924364
750	-306.25034964053503
751	-294.89834437861043
752	-304.69348381841843
753	-304.12691284879133
754	-307.08247449492137
755	-305.71170086407477
756	-300.75032963937997
757	-304.4974594061517
758	-300.60440959323716
759	-308.5029616716227
760	-304.5720201436711
761	-307.0552953400826
762	-303.49380904394945
763	-302.7649731115729
764	-305.86560005510427
765	-301.88340945503734
766	-307.4760644910934
767	-302.4508335747958
768	-301.47841217807246
769	-304.2109661066255
770	-307.46081748541536
771	-308.64061754807153
772	-306.0785911557676
773	-307.29623506084266
774	-303.0507397040951
775	-300.6559176067808
776	-297.7040706063554
777	-303.3286306271927
778	-306.51617385723773
779	-299.61936511409255
780	-303.3003690358673
781	-308.90192678770234
782	-308.3669915885028
783	-304.5162971732105
784	-303.73025246055107
785	-305.36595130760315
786	-311.02670924354913
787	-305.58085619409627
788	-306.92578731756316
789	-305.06263481041714
790	-299.02233677347584
791	-301.83219728016866
792	-307.3394486861788
793	-303.7132350154429
794	-300.858643630758
795	-303.78512939124573
796	-301.826505650462
797	-308.5398836229433
798	-307.71966800668116
799	-307.44824208418834
800	-306.05984204412414
801	-305.52279551413176
802	-307.45961801852303
803	-302.0706934448513
804	-306.85524108078687
805	-305.67938782546145
806	-303.06338206965944
807	-303.1332527479393
808	-303.8928652685339
809	-300.77178540029024
810	-309.49466006336706
811	-309.7382983233961
812	-306.4534932812629
813	-301.93545009588615
814	-306.1082898828539
815	-313.67700270038847
816	-312.5880940760992
817	-304.54061539763796
818	-310.9710311802695
819	-305.5842901646443
820	-311.0291827235426
821	-302.9513004536374
822	-310.5384073753153
823	-302.7138526255841
824	-309.38126751467337
825	-305.7895489014369
826	-313.0143951074459
827	-309.6160012758695
828	-306.5043034179868
829	-311.47731661536017
830	-311.7076582976555
831	-306.4598209169742
832	-306.41180536633937
833	-309.8163513114375
834	-308.4164894259163
835	-310.10196402901363
836	-306.8966269539832
837	-309.91907594925243
838	-308.1886526122865
839	-305.6151528408026
840	-308.0155925422403
841	-310.35648805862076
842	-310.24215815687074
843	-308.9510105211907
844	-302.05837631754207
845	-297.10459068086584
846	-303.6672347590684
847	-301.4420476148049
848	-302.3335019664351
849	-302.0377724700046
850	-298.9826471671797
851	-301.54444367560893
852	-306.11786039091976
853	-305.7416430267652
854	-305.6841736210966
855	-294.32617636133335
856	-309.94990977187524
857	-304.66082088245145
858	-301.21599776795443
859	-305.1620969446716
860	-305.88417769116523
861	-305.6030675231975
862	-304.3622878561218
863	-301.8658791682596
864	-318.87115454528384
865	-304.94261899801603
866	-305.54320342862945
867	-306.8445039060708
868	-308.5708842538157
869	-301.841046939586
870	-305.40003203253525
871	-300.0894344890036
872	-308.0808645290117
873	-307.10910112181693
874	-304.7968081574763
875	-309.220800021544
876	-301.83031379367384
877	-299.2622719487994
878	-302.04919105014267
879	-311.45034335288216
880	-306.6295145730441
881	-304.9785911724609
882	-302.4048627819949
883	-310.91280436333955
884	-304.93768857050907
885	-312.06932989918744
886	-306.2173706205877
887	-310.94857437301937
888	-305.5731501441415
889	-307.6199761246049
890	-299.19325127458745
891	-306.30742183048386
892	-305.9804254247807
893	-312.86058288089043
894	-307.9290882719918
895	-305.93220524695033
896	-308.09307335358193
897	-306.4400826007801
898	-301.9921584662176
899	-311.2412899560427
900	-306.09734843281615
901	-302.6711882083737
902	-307.4762091219357
903	-301.17460208650715
904	-305.96932040974957
905	-310.5572461719178
906	-303.42942454707685
907	-305.6967518920117
908	-303.99661501152536
909	-303.5941520619752
910	-302.63648261546683
911	-298.4525923109962
912	-308.7191360487594
913	-305.6335936849043
914	-300.20675751601
915	-302.7227677493063
916	-309.4732922781941
917	-308.02845432511134
918	-305.2775924498303
919	-305.36553624152594
920	-297.62063992213183
921	-302.501877257573
922	-305.27813640869533
923	-304.2603592247643
924	-296.5021315308048
925	-308.2346172927802
926	-301.2679046170279
927	-308.59414603842987
928	-305.0663116955359
929	-298.5898632521856
930	-299.74938924995064
931	-296.87049760142577
932	-301.8840737585088
933	-298.8616822704415
934	-304.45260120108594
935	-307.6580305012771
936	-303.1530160405897
937	-306.95766660118414
938	-310.0570392035337
939	-308.8100268973906
940	-302.784044502202
941	-303.529437140923
942	-303.38210436387726
943	-302.6581086834345
944	-300.6690367338614
945	-301.5009840531735
946	-306.7629393103529
947	-312.6319540424096
948	-304.4311186215385
949	-303.6691550521153
950	-310.9016376728648
951	-305.68890637549555
952	-299.74216838674647
953	-305.95674525902893
954	-304.05517484313
955	-299.5041180531739
956	-300.17993009950993
957	-297.0638459392771
958	-303.61867949337955
959	-306.0529806712592
960	-302.1226657126657
961	-301.2662822430564
962	-300.8633387967014
963	-306.6428788986923
964	-303.3230254515731
965	-295.1377593620624
966	-300.47232800110714
967	-304.4244959818848
968	-300.12773152020037
969	-303.08885680522974
970	-306.20330333995366
971	-308.47151776638447
972	-310.3465500050061
973	-311.0401127694249
974	-310.8900188738108
975	-299.2815832542297
976	-305.55270196744664
977	-306.89332507029167
978	-297.76541215138394
979	-297.7486890117954
980	-303.64183472528657
981	-304.1214066878985
982	-312.0991299051311
983	-308.8107152653038
984	-301.28090808932234
985	-304.6315645854507
986	-299.21816847254087
987	-307.5132545014136
988	-305.68479467851694
989	-310.20733138186785
990	-306.43665670529765
991	-306.66818567270985
992	-303.21521165153143
993	-309.6803560836175
994	-307.87751679355216
995	-308.00007978702735
996	-304.6164670783972
997	-302.292611637594
998	-297.2801711527648
999	-301.0811624562296
1000	-300.3285896123855
1001	-302.46018884801407
1002	-310.1467130352387
1003	-301.3531130375311
1004	-299.9686557134868
1005	-306.9946545032194
1006	-312.60701763140634
1007	-303.55398400652564
1008	-312.4727968215049
1009	-307.8790474314158
1010	-312.23799021376357
1011	-304.77838443250363
1012	-309.41504796725724
1013	-298.2678713398239
1014	-312.2128727651379
1015	-307.8948642193096
1016	-306.0230072407229
1017	-308.0610066459864
1018	-305.92959412007275
1019	-304.5835105296941
1020	-300.72886559673873
1021	-310.50037235478436
1022	-309.75073659018517
1023	-312.8208713661497
1024	-305.2394548665293
1025	-309.13082217266725
1026	-305.1387732715382
1027	-311.6249489430412
1028	-307.9145476533725
1029	-308.5474906991109
1030	-313.77504290183833
1031	-302.18419600754675
1032	-303.8514885196141
1033	-307.54122951784217
1034	-309.0137584159163
1035	-307.6154913806647
1036	-312.3391972596604
1037	-293.55961557267744
1038	-301.8683477144297
1039	-307.96356264269764
1040	-309.11472281508895
1041	-308.91581445413715
1042	-312.0743642093531
1043	-306.61581713986425
1044	-302.9719682741159
1045	-308.4631479440238
1046	-304.7214186750933
1047	-311.4013183976236
1048	-312.31904126886957
1049	-308.301629742268
1050	-302.5649567729572
1051	-306.64014432558787
1052	-312.53678588561706
1053	-305.2856147421347
1054	-310.45388672099546
1055	-302.0022115932626
1056	-312.5743007485418
1057	-308.62132448147105
1058	-307.9940209472907
1059	-307.9540513878154
1060	-308.880491216323
1061	-308.6256586341115
1062	-305.44254621723917
1063	-308.1762075764871
1064	-299.7158934388059
1065	-297.95858600441915
1066	-299.61119265831803
1067	-307.63572899164444
1068	-307.93073984542684
1069	-308.1397721983997
1070	-308.2607289274101
1071	-307.55994428701234
1072	-311.05548766400716
1073	-310.1687614277487
1074	-303.32889280156024
1075	-302.1441422725614
1076	-302.2059821232725
1077	-304.96101282782416
1078	-312.8689400877632
1079	-305.6667093862914
1080	-309.2082345860209
1081	-308.8609934414225
1082	-305.28634562724056
1083	-304.8472141422132
1084	-313.8519823154779
1085	-306.49169610350737
1086	-307.9637863444859
1087	-302.51499760277926
1088	-310.9819799702671
1089	-304.4509373036353
1090	-302.710058484682
1091	-306.2214107575049
1092	-306.5318674476458
1093	-308.9809337762527
1094	-308.717159601991
1095	-308.8201824752832
1096	-310.2498289906678
1097	-305.109924987881
1098	-300.665054906397
1099	-299.93980278564146
1100	-313.5318948741345
1101	-303.67486868838205
1102	-301.7737554333546
1103	-308.8445792952461
1104	-306.8568548057391
1105	-305.9635129390712
1106	-303.2628274883479
1107	-307.7184259010725
1108	-310.963177931539
1109	-306.36544329309163
1110	-306.72717128952314
1111	-306.15136697536747
1112	-301.42848879978715
1113	-296.93538848912783
1114	-310.30458958258305
1115	-298.42147639581805
1116	-306.1616664921232
1117	-306.6146677755654
1118	-305.32563189718644
1119	-303.7740849545547
1120	-314.363508364398
1121	-300.7637589118631
1122	-306.77937309108734
1123	-314.9706474949794
1124	-304.8648810663543
1125	-309.84903528517157
1126	-304.885935524871
1127	-308.4213410788021
1128	-303.8189635989831
1129	-303.99593622430046
1130	-304.43208022836376
1131	-301.59467904417494
1132	-307.3285319078103
1133	-313.72791247529597
1134	-303.56554183450186
1135	-306.8923088076611
1136	-297.1896423929728
1137	-306.0280519341579
1138	-302.3677089872576
1139	-306.7878148416136
1140	-295.8695391652365
1141	-304.39719171808065
1142	-305.8107999923163
1143	-306.04978008880374
1144	-311.48264649384186
1145	-311.9675423227637
1146	-315.16222275964975
1147	-313.1987466650495
1148	-306.7296000622135
1149	-311.0732876072916
1150	-302.0996565910843
1151	-308.72752700920927
1152	-300.727647770666
1153	-304.9956448074557
1154	-307.77676994422876
1155	-307.44060794056054
1156	-307.11391811858914
1157	-300.87939708663225
1158	-307.2623932529027
1159	-308.54383521005633
1160	-309.0963773236701
1161	-308.8737568274589
1162	-303.4111617390455
1163	-303.2281459887826
1164	-304.58336357993704
1165	-307.6193304131621
1166	-310.7682805528222
1167	-303.5691015930313
1168	-300.4557989516398
1169	-303.5737416372745
1170	-295.7964947619999
1171	-299.34888984524065
1172	-303.3847268182893
1173	-309.4255378410722
1174	-309.04923369789117
1175	-312.10787713202643
1176	-313.0313522890927
1177	-295.3912190671745
1178	-309.97313052198
1179	-308.2615322797299
1180	-304.27265245698675
1181	-308.8469759393153
1182	-299.4996942311241
1183	-314.1205452935821
1184	-296.1215480026206
1185	-303.73069082601415
1186	-310.19777549525014
1187	-306.98929552174604
1188	-310.3338799611092
1189	-310.5344563916165
1190	-308.6641964696873
1191	-303.7416347807321
1192	-311.89370341587113
1193	-302.72320054599066
1194	-311.26833656971104
1195	-314.5379998186151
1196	-307.1472319373455
1197	-303.07035781377505
1198	-303.67682197352104
1199	-310.27156667728747
1200	-305.324863742653
1201	-306.3987893707472
1202	-304.3162816177843
1203	-310.869104997536
1204	-306.8967197350913
1205	-312.53514310150626
1206	-308.63369353096647
1207	-312.7847994913797
1208	-313.7708955211659
1209	-304.68781926277427
1210	-310.616897145685
1211	-308.2916603616714
1212	-308.99718872281954
1213	-307.39021120434313
1214	-308.0905843081858
1215	-300.5822565323647
1216	-311.0204655064626
1217	-311.53707409061445
1218	-306.0811481017821
1219	-306.70636341384295
1220	-308.880730088341
1221	-311.06470148386416
1222	-308.2158820621976
1223	-312.28997203687544
1224	-309.2328855011084
1225	-302.98062897464297
1226	-307.0205817516868
1227	-308.287975916104
1228	-306.22478484518496
1229	-309.55386861121184
1230	-307.7718659287265
1231	-307.48797929722406
1232	-305.483885518195
1233	-306.1819745015773
1234	-309.208907826874
1235	-307.79327510809054
1236	-302.82180103855285
1237	-306.96870582005243
1238	-304.63693452317744
1239	-297.3142496956443
1240	-300.066734074845
1241	-301.4260854885998
1242	-297.20174097495396
1243	-304.718287475133
1244	-309.23788670728516
1245	-302.7669953475069
1246	-307.23099898071234
1247	-308.28608698775486
1248	-305.34615896193867
1249	-307.82471616610945
1250	-307.4878842232989
1251	-295.7506107361259
1252	-305.9457583785207
1253	-302.73914938169173
1254	-303.92135992186996
1255	-308.71220120000146
1256	-302.2688045352434
1257	-305.41484477795586
1258	-303.6812656062005
1259	-300.0433567287361
1260	-301.0035504493892
1261	-303.35758357149143
1262	-303.40405243830355
1263	-305.7961657998837
1264	-302.08262610157294
1265	-304.2938223993046
1266	-307.7689076207605
1267	-303.8087402994334
1268	-301.9861173267689
1269	-309.96089691366575
1270	-301.67175947426693
1271	-303.5557247378175
1272	-304.0361079060895
1273	-303.4519912077398
1274	-304.4312648025266
1275	-307.12720663662117
1276	-301.25817208915646
1277	-303.8797830636246
1278	-309.49484869010246
1279	-311.2448885506519
1280	-307.36350078935567
1281	-301.24246528423583
1282	-314.36496429354713
1283	-307.32004174753075
1284	-310.37277957164827
1285	-303.2617239611076
1286	-304.1556851990772
1287	-305.69714977817694
1288	-306.11978470317626
1289	-307.3485478084908
1290	-310.28122873005526
1291	-303.00851558951797
1292	-307.39966226161283
1293	-304.27836852918006
1294	-308.7092257186531
1295	-305.1420121050435
1296	-306.2989689601971
1297	-305.25955292148694
1298	-310.3171428106553
1299	-301.480997365882
1300	-301.76393195283725
1301	-306.79326429688115
1302	-310.4475650109974
1303	-308.9572563914624
1304	-305.30886295000636
1305	-297.32570549524536
1306	-306.3809404377671
1307	-308.7546035645506
1308	-308.9706013835382
1309	-309.91957838988645
1310	-303.1809835211724
1311	-312.866715077952
1312	-304.35892445333155
1313	-305.2297936212334
1314	-304.72785493076736
1315	-309.14717597796806
1316	-307.6623584888818
1317	-305.3121432141073
1318	-305.79744917582786
1319	-300.36388073472557
1320	-308.92090851366777
1321	-307.2336266910671
1322	-304.2067881462508
1323	-305.08829718605716
1324	-311.4504591350467
1325	-306.5319016793287
1326	-299.3575989498797
1327	-297.92015817825705
1328	-303.2429759321118
1329	-305.9300317812419
1330	-308.78789036904493
1331	-307.1438831669428
1332	-303.20496523636007
1333	-310.3042767162884
1334	-309.68803326587255
1335	-303.8516028128478
1336	-305.5593545262244
1337	-305.37518559210923
1338	-312.3055422946152
1339	-306.89124316244107
1340	-303.9589180400631
1341	-309.7132838995839
1342	-311.06270161335465
1343	-306.751666553238
1344	-304.0681730188459
1345	-302.86186021070534
1346	-307.16574203950125
1347	-312.31261757107535
1348	-300.0780227580364
1349	-307.82180188922763
1350	-303.9973517278333
1351	-309.98116695942747
1352	-300.40927175546096
1353	-299.37372744214383
1354	-314.08374488104147
1355	-303.25101204153907
1356	-311.6905393508555
1357	-314.40850579376234
1358	-310.7031311044843
1359	-305.04382848800935
1360	-315.34681796734776
1361	-306.9524644350423
1362	-304.69558169218055
1363	-306.36888975556036
1364	-306.72678431084705
1365	-303.282556006863
1366	-304.6063065069925
1367	-309.4376267417489
1368	-298.67606651965485
1369	-313.281766559936
1370	-306.63092271603574
1371	-304.60602209672527
1372	-297.62697622215813
1373	-301.3435141468196
1374	-300.6907559150552
1375	-296.2112638611025
1376	-305.406233179698
1377	-302.0512626155157
1378	-305.9675705317295
1379	-298.5217158242018
1380	-304.29639218098305
1381	-305.79652176447144
1382	-306.3552539972241
1383	-305.8783441849338
1384	-308.4010971212453
1385	-303.4434859454988
1386	-312.9253257961005
1387	-306.4199659878661
1388	-308.537528007791
1389	-309.4680725063613
1390	-313.7610923811197
1391	-307.1155175352323
1392	-314.61635429471954
1393	-314.3465166073323
1394	-303.7594076512328
1395	-305.84162245810046
1396	-309.26736244547135
1397	-309.67446576545905
1398	-306.9492103475524
1399	-302.8736336240803
1400	-309.92426624882887
1401	-306.10823012017454
1402	-309.88555637985223
1403	-309.95656196530274
1404	-304.6109306479507
1405	-309.1734676273096
1406	-308.6860372525683
1407	-303.48404461982005
1408	-305.1432007195008
1409	-303.46961922151144
1410	-300.54083849128295
1411	-299.7875966543186
1412	-304.92391997358357
1413	-310.12923467210373
1414	-310.11182222857076
1415	-304.87843839533093
1416	-309.6989277298847
1417	-307.90583552347215
1418	-301.35661524435795
1419	-301.96207193579
1420	-306.9806140123227
1421	-308.66514791168515
1422	-311.92852862805
1423	-304.6236872715659
1424	-300.39572703905026
1425	-313.7053491392169
1426	-297.93250775755905
1427	-299.7332935461771
1428	-303.76467418721245
1429	-302.3531795902068
1430	-304.36722629974565
1431	-297.5668352489103
1432	-298.2176337290695
1433	-307.42941426608456
1434	-310.0739817445865
1435	-309.55426242420606
1436	-303.75239310239255
1437	-304.62122487581615
1438	-301.3091273371729
1439	-308.5053593171599
1440	-309.9834876722518
1441	-305.32257560835257
1442	-313.27494710878557
1443	-305.90329445732596
1444	-306.6822873901756
1445	-301.41167116310277
1446	-314.6714098514871
1447	-309.42804858125817
1448	-303.684339543207
1449	-307.0643730390378
1450	-302.4919179264485
1451	-290.28793696740706
1452	-302.832179311563
1453	-308.0306106708895
1454	-303.55437293855937
1455	-303.4721009166378
1456	-303.50161200780184
1457	-301.12447315965215
1458	-308.0484049243711
1459	-304.4914054508037
1460	-303.8586762880463
1461	-307.28753634903524
1462	-299.87589419263213
1463	-298.5184
1464	-306.01213352662626
1465	-305.5487058682039
1466	-303.70157755918734
1467	-299.86065168299024
1468	-299.7654990242147
1469	-303.7921266485139
1470	-306.19465625260733
1471	-306.1414025727158
1472	-308.76631571170526
1473	-299.43993081087126
1474	-303.30824734029085
1475	-309.1523011952239
1476	-307.01610697710436
1477	-306.65363742699054
1478	-302.64467698705374
1479	-303.0558554355773
1480	-303.2110912913631
1481	-295.5133372099409
1482	-304.1505396992638
1483	-308.2035030461676
1484	-306.09897933947417
1485	-307.32717174733205
1486	-300.37682451668286
1487	-300.138418247922
1488	-308.7919425509782
1489	-305.500263898695
1490	-305.8804832935354
1491	-297.27104436137546
1492	-300.14165623326596
1493	-303.8362551630632
1494	-308.100658649769
1495	-305.0822349420219
1496	-305.4973585896359
1497	-312.03700384343915
1498	-311.7430980794009
1499	-305.7914895489447
1500	-303.69907268188166
1501	-301.44197215469467
1502	-298.7322135488628
1503	-306.78577748775234
1504	-302.46248279426055
1505	-310.8313027575647
1506	-306.0485999765728
1507	-304.380168760993
1508	-310.9048140259841
1509	-302.1020601481005
1510	-306.3968664443145
1511	-306.3691193204868
1512	-306.0770694655906
1513	-304.5110355828759
1514	-303.7212704162301
1515	-303.3266869211965
1516	-310.476654676556
1517	-304.4537725717096
1518	-304.8435491224335
1519	-302.3920500021862
1520	-307.2190421114764
1521	-303.4901958180082
1522	-301.8453729474654
1523	-304.5142666791765
1524	-309.88819574002605
1525	-309.98869168229714
1526	-308.13816305891123
1527	-307.1106633142611
1528	-305.82306818652575
1529	-309.0887765657665
1530	-302.3295859121135
1531	-295.5792143495396
1532	-310.22515473534946
1533	-306.9843104743237
1534	-309.53849971922756
1535	-301.37451565683904
1536	-300.5275092470718
1537	-304.4172464370592
1538	-306.63574329561885
1539	-307.51993043451756
1540	-302.2377024460688
1541	-299.6673435913634
1542	-306.4376188832039
1543	-304.02507670065876
1544	-303.9046655509421
1545	-306.96941132565
1546	-307.2094241384397
1547	-312.5188901345983
1548	-303.24809015849814
1549	-307.4584373039634
1550	-305.9740243499494
1551	-307.7738312183819
1552	-303.92973337828715
1553	-303.3200239679271
1554	-307.72924548334373
1555	-300.34952184344405
1556	-301.19341906249844
1557	-303.5025679143368
1558	-310.78592057610564
1559	-308.2663791294722
1560	-304.09113578375735
1561	-308.3323819916952
1562	-308.33057082435744
1563	-305.70566444577906
1564	-310.063920392299
1565	-306.4894372385383
1566	-307.67665387043786
1567	-306.95675438323207
1568	-308.95562961215217
1569	-307.002621090251
1570	-305.68085465518453
1571	-303.91269172670667
1572	-308.65855066012404
1573	-312.3293026279304
1574	-303.12535317663895
1575	-306.39470747150426
1576	-312.1255087690643
1577	-296.71569470318656
1578	-298.7094114977909
1579	-307.78734248954606
1580	-307.935564106493
1581	-294.4879614666719
1582	-298.63899353559134
1583	-306.853599225023
1584	-307.5816105169567
1585	-304.45312290851837
1586	-301.4938974590539
1587	-301.15784012467765
1588	-301.2517194046561
1589	-312.03346133940124
1590	-306.0649286308539
1591	-301.9741579664322
1592	-307.5427717545081
1593	-307.26746070663177
1594	-307.52370332079215
1595	-306.7067857075669
1596	-305.5435696669405
1597	-307.77241597956834
1598	-306.3431693826421
1599	-298.68726240961513
1600	-304.5989489463175
1601	-306.5553517633767
1602	-311.36937653351754
1603	-311.14730712507395
1604	-302.7181980119518
1605	-293.6775221463252
1606	-296.6475588537642
1607	-306.12945019733803
1608	-301.9095160880226
1609	-307.5104766475614
1610	-304.784236503818
1611	-302.0515557546507
1612	-314.539701207547
1613	-310.2398933874056
1614	-305.6903340215303
1615	-301.90260019375563
1616	-301.43501617665
1617	-310.5965913320186
1618	-307.84983198555346
1619	-306.8768075397629
1620	-303.96249075410304
1621	-302.32527601297716
1622	-307.68626287094924
1623	-300.9936327738178
1624	-305.8511253185722
1625	-303.7023241820677
1626	-303.93752683282446
1627	-300.32046365323697
1628	-308.30367193345734
1629	-305.00194815176434
1630	-311.5969529332827
1631	-312.860861459999
1632	-303.5865010235024
1633	-308.69604329624633
1634	-314.44237147129496
1635	-302.7366274769748
1636	-298.7840276088413
1637	-305.9605689487967
1638	-307.52037289776297
1639	-304.24651236745
1640	-302.37246308164185
1641	-305.9661355478691
1642	-304.5713172402716
1643	-298.48568816114687
1644	-305.39292471661156
1645	-308.605426560606
1646	-307.44100811353474
1647	-304.81977965528387
1648	-309.40318966581725
1649	-310.38658452582695
1650	-304.6961651793369
1651	-304.475025994982
1652	-309.48619542460733
1653	-306.5491640603232
1654	-300.48182377983045
1655	-308.7550562462596
1656	-308.4108516984273
1657	-308.27905663340596
1658	-307.85391190263533
1659	-307.90942612200996
1660	-302.9847970705043
1661	-301.1762264445787
1662	-298.62531835177737
1663	-311.74018188050735
1664	-307.4973912964482
1665	-303.6882715454203
1666	-305.9437234356482
1667	-303.6504684713453
1668	-306.7063000376142
1669	-304.1502641678561
1670	-311.12064935211754
1671	-309.2372793954888
1672	-302.92347053645443
1673	-308.2230422475076
1674	-308.15492701926325
1675	-301.07360200980924
1676	-303.6276793751365
1677	-308.2165252086933
1678	-307.20730382384664
1679	-304.3639669595312
1680	-311.25571483350194
1681	-307.66397829472925
1682	-308.43772320162066
1683	-305.45342994642294
1684	-308.6004289939557
1685	-302.21410780728183
1686	-306.39080373185345
1687	-311.4281637453482
1688	-298.87447900582276
1689	-301.8999158825067
1690	-309.7567996572146
1691	-299.66182641724765
1692	-307.9345193661472
1693	-310.1700661521048
1694	-307.46148775114455
1695	-299.4612560015195
1696	-305.38351103784686
1697	-308.71471221842745
1698	-306.2339070228436
1699	-301.0785068643889
1700	-304.4679881751994
1701	-305.6823576089268
1702	-306.45380270897886
1703	-305.73194709219007
1704	-293.8495235631509
1705	-300.0708911371433
1706	-299.62056020688
1707	-306.0254662852402
1708	-308.06435369286186
1709	-310.8995643014637
1710	-298.537240242479
1711	-306.9545060596861
1712	-306.0841523715509
1713	-300.0508503432484
1714	-295.8938597189822
1715	-294.4320506727455
1716	-306.9683235059388
1717	-303.9076287051605
1718	-303.78286092555703
1719	-304.22754041526304
1720	-305.0280341058544
1721	-299.36136899541157
1722	-313.8477364349926
1723	-308.5161039321935
1724	-306.0649628082053
1725	-300.22174740144357
1726	-308.880544896555
1727	-308.21939279281116
1728	-309.6768377030367
1729	-307.4791410140174
1730	-302.3989525690912
1731	-308.6666640052313
1732	-303.2477771135823
1733	-302.624838990115
1734	-305.97882395064244
1735	-307.2230182105669
1736	-300.4666315518196
1737	-311.31140592444365
1738	-307.8902468455377
1739	-298.27531072981685
1740	-299.45569261134875
1741	-300.58469149647925
1742	-309.1390224452176
1743	-298.70333518487604
1744	-300.90533893924515
1745	-307.1322852008551
1746	-305.1203407479867
1747	-305.12097295527076
1748	-304.3942843304439
1749	-299.51683731535036
1750	-307.0012025498369
1751	-311.47569797833125
1752	-304.8182905174405
1753	-298.8840707463287
1754	-305.3612794697412
1755	-306.3942763744487
1756	-307.61017128367934
1757	-303.1662704139019
1758	-307.16867388603475
1759	-310.77599160878543
1760	-305.7545878815366
1761	-308.62328622314703
1762	-304.24884007473594
1763	-309.3342793892065
1764	-308.5459431321379
1765	-302.9119944526683
1766	-304.0408131914287
1767	-307.6671357249777
1768	-299.44555722112744
1769	-305.08482559687394
1770	-303.16394218129324
1771	-305.9840893206898
1772	-303.2847408584877
1773	-298.99543722059786
1774	-307.8375681715698
1775	-301.67716431780576
1776	-309.9927263418165
1777	-306.02508581447654
1778	-302.25271799078126
1779	-302.3146773914409
1780	-299.86610756336376
1781	-310.35979428575916
1782	-307.12438363421927
1783	-310.3309700161068
1784	-304.232176893524
1785	-304.26201025307086
1786	-309.17792998072025
1787	-310.3768916190063
1788	-309.6764491463459
1789	-311.7145164139458
1790	-307.12002699758216
1791	-311.4054037028253
1792	-314.6599352942672
1793	-308.4460607892955
1794	-317.0070201932161
1795	-305.7616856336963
1796	-305.5098673092126
1797	-306.3555687356976
1798	-307.08300730480636
1799	-303.7291669437553
1800	-306.7413378316322
1801	-305.44230585271055
1802	-301.57874556529754
1803	-305.3243401004333
1804	-312.5637088755475
1805	-308.11462507278833
1806	-309.44780186281514
1807	-305.0135664962613
1808	-309.9713796452041
1809	-306.923606951906
1810	-307.03542691287305
1811	-302.5674964500392
1812	-303.8693015088986
1813	-304.8510261625203
1814	-304.60621376641313
1815	-305.7730138250481
1816	-308.78961913218757
1817	-308.4169122680158
1818	-305.0620377096336
1819	-297.3095366030896
1820	-309.0655857863636
1821	-304.60737210638786
1822	-308.14106949948365
1823	-300.6192565505232
1824	-307.3848984038248
1825	-305.5393546629149
1826	-295.72818478132814
1827	-312.4765379676338
1828	-309.263237977867
1829	-306.4721792797746
1830	-309.50539665547154
1831	-305.6669046699061
1832	-303.1297609840498
1833	-298.8767946296358
1834	-301.64891259792824
1835	-310.0974418203595
1836	-313.20164717153614
1837	-304.7328371303331
1838	-314.1607857935939
1839	-303.8261951490813
1840	-304.7781190198523
1841	-308.9996553834499
1842	-306.3869369556169
1843	-303.70400020412586
1844	-307.80893851858497
1845	-306.532747883993
1846	-303.2620812586844
1847	-303.9073183537019
1848	-301.9590087256891
1849	-304.0912191357281
1850	-308.7835762472394
1851	-308.8637686330876
1852	-302.74650635191125
1853	-310.807640584645
1854	-301.9894581561457
1855	-308.0326244017725
1856	-304.772316106377
1857	-305.133155149324
1858	-309.22947367171383
1859	-303.0561779082038
1860	-302.83276925418613
1861	-308.15255978164527
1862	-306.7746834623096
1863	-309.4387917170587
1864	-310.7249755413675
1865	-309.7785358705867
1866	-306.753502236002
1867	-307.35383931686556
1868	-307.2533167288655
1869	-308.7797588949468
1870	-309.80480055948664
1871	-306.66151883954274
1872	-308.01095142315864
1873	-307.42471182666355
1874	-304.6898048490923
1875	-303.3602064196544
1876	-308.22569769013853
1877	-313.176997265155
1878	-309.46225835668105
1879	-303.2378504987934
1880	-310.8390198943568
1881	-302.91288412771183
1882	-310.0647347608782
1883	-309.5588236250072
1884	-303.15989706003785
1885	-302.043378310955
1886	-297.52038213771664
1887	-303.7327860082235
1888	-295.75766257940245
1889	-304.64702741597756
1890	-308.92506325603665
1891	-304.21260735905435
1892	-301.561408059866
1893	-303.0176034675816
1894	-310.28901547325114
1895	-308.1967664668168
1896	-303.5128611761035
1897	-312.73828278356206
1898	-312.66596122889536
1899	-302.9154535834775
1900	-301.28776381388974
1901	-312.0075341496712
1902	-303.44490674429954
1903	-310.96687914460966
1904	-309.6157147106964
1905	-302.33924345047024
1906	-308.4828907445983
1907	-299.5434762090289
1908	-299.00456795643555
1909	-306.53962989178524
1910	-301.4313210788699
1911	-302.5735035949539
1912	-305.2783031396549
1913	-308.8015024566262
1914	-304.0357312881778
1915	-302.89409338162983
1916	-301.8152785832737
1917	-308.4007270207056
1918	-298.13768581754573
1919	-305.91806286258486
1920	-301.6168342179516
1921	-299.5784207175571
1922	-308.1572663815658
1923	-311.8934526384211
1924	-303.8774779402934
1925	-301.7286827069798
1926	-312.8109238934016
1927	-310.944512532011
1928	-307.4052235272987
1929	-313.0267133588282
1930	-311.31898552578264
1931	-304.12437604558284
1932	-301.9063655505187
1933	-305.0020810500728
1934	-304.91401788266813
1935	-310.10899849566556
1936	-305.67237057866294
1937	-301.0626500378515
1938	-307.69468723344465
1939	-306.46731700121893
1940	-309.1420646936737
1941	-305.22544059825606
1942	-302.6377838303502
1943	-304.6875304384695
1944	-307.8774351919155
1945	-302.4752741415592
1946	-294.914221753425
1947	-304.7027861921015
1948	-312.214783856128
1949	-308.6649266961762
1950	-299.06454452748807
1951	-302.76830807848324
1952	-304.7376168970633
1953	-303.5602394262947
1954	-304.4243314439583
1955	-294.63600445720044
1956	-310.04356017263456
1957	-305.29890863444405
1958	-306.88215677274394
1959	-296.5962388089662
1960	-301.00272745466305
1961	-306.0608168550348
1962	-308.9885611495196
1963	-303.04732484428735
1964	-313.757785033923
1965	-309.30049553395173
1966	-311.61423701300276
1967	-302.8854497793089
1968	-305.9203381110788
1969	-305.6138265456827
1970	-307.74619287610557
1971	-311.5253291898555
1972	-310.56821086801654
1973	-309.36785016813496
1974	-310.7678560514588
1975	-307.8293533715396
1976	-305.59628934651056
1977	-304.2726684905012
1978	-310.277779705684
1979	-309.9148635026709
1980	-311.44564527142626
1981	-304.67207758982295
1982	-308.8098302327086
1983	-307.2452226673728
1984	-312.7807694483849
1985	-308.1686635905658
1986	-300.71640783352973
1987	-309.9683989310095
1988	-302.19726253453734
1989	-305.2266472568216
1990	-309.31103183146706
1991	-313.51817074343285
1992	-307.4785692992409
1993	-305.86910553653087
1994	-301.56274730893546
1995	-302.78693880885737
1996	-302.5753047568539
1997	-303.3263632883999
1998	-306.83042641911703
1999	-307.62772677715213
2000	-307.2838934847571
2001	-304.62833058715086
2002	-299.58704942629197
2003	-308.3840697433481
2004	-306.43208781188457
2005	-304.63889037475866
2006	-308.2288057047587
2007	-305.5773502338338
2008	-306.64865472239364
2009	-299.95663463297575
2010	-303.8596889856375
2011	-301.25595192595256
2012	-304.42867278914986
2013	-306.7780125188483
2014	-303.706962853754
2015	-306.56569319190146
2016	-309.96327259542807
2017	-301.37329203565315
2018	-302.9858427690744
2019	-307.98761939798203
2020	-305.05467974095467
2021	-308.471618631096
2022	-310.20790428562395
2023	-303.08116964147456
2024	-299.9498863425682
2025	-307.09763176353005
2026	-302.6939100614985
2027	-302.2174954589234
2028	-307.4571847107712
2029	-311.0366689735279
2030	-311.33301444732757
2031	-306.05489706979535
2032	-306.13925262649116
2033	-304.5224123838845
2034	-306.28392754766344
2035	-301.18500372803527
2036	-302.0931117546824
2037	-306.11722451006193
2038	-304.78680255224873
2039	-310.05289503784314
2040	-313.3728832857861
2041	-302.2639914010788
2042	-307.96922106837627
2043	-304.9296848152697
2044	-301.24773918034015
2045	-302.345096671629
2046	-307.8370726533791
2047	-303.73265129730646
2048	-309.8106265950894
2049	-304.66090182976063
2050	-305.91364306418575
2051	-300.67750811845673
2052	-310.9385545633385
2053	-312.4273022561549
2054	-304.2116407378597
2055	-303.0576656377001
2056	-303.8798262646423
2057	-303.8094977399047
2058	-305.60574987553434
2059	-306.2576330430081
2060	-298.08990121784535
2061	-306.395730916316
2062	-309.2068089889777
2063	-305.06762696566994
2064	-303.59498851390435
2065	-301.5756971342062
2066	-304.5873430879156
2067	-302.88667607462867
2068	-307.0028281001579
2069	-300.2376859900635
2070	-305.7663954146724
2071	-307.6789179644463
2072	-308.82779248546746
2073	-311.77963797704746
2074	-304.6317896984317
2075	-297.2215890154577
2076	-305.2261911730239
2077	-306.22718471968193
2078	-302.0566864981995
2079	-301.28401498191016
2080	-303.4845448158542
2081	-304.48114999715233
2082	-309.92983130801093
2083	-306.7772981446138
2084	-305.61586994400227
2085	-297.2315426679128
2086	-306.5436370071414
2087	-303.1923224846464
2088	-304.1053339631415
2089	-310.1576598017136
2090	-299.6597961806798
2091	-309.8537977297615
2092	-304.59932172339364
2093	-306.2562788445234
2094	-306.4413592990299
2095	-310.7221426700859
2096	-307.016249130273
2097	-303.43794356902004
2098	-308.358448243049
2099	-311.58280365254956
2100	-308.92013374595865
2101	-309.07240907919385
2102	-301.5336064742628
2103	-305.9264576160724
2104	-303.5566468511378
2105	-302.7810737126977
2106	-303.9522753752623
2107	-301.039644866664
2108	-300.9724942026957
2109	-297.9791172709368
2110	-306.6462894341708
2111	-306.7928188274802
2112	-298.36362508830314
2113	-304.6643960821845
2114	-305.8495883001198
2115	-300.19964619988366
2116	-299.5914544518347
2117	-309.04145688391014
2118	-300.93334926304885
2119	-303.8892003963319
2120	-303.9210167153151
2121	-302.053637673392
2122	-301.0610185933715
2123	-299.09562266651176
2124	-306.8176550490666
2125	-302.05849097759346
2126	-305.27301086261525
2127	-303.72010447116605
2128	-307.05358175509235
2129	-306.83639447707094
2130	-303.5838057447684
2131	-307.3196977564175
2132	-303.31703646894726
2133	-303.518353418384
2134	-307.5682838228123
2135	-303.5352920307739
2136	-302.97242547116076
2137	-305.42388670131044
2138	-305.0818510644679
2139	-301.7496088964131
2140	-306.6514839800307
2141	-301.1830977050662
2142	-298.472250150481
2143	-309.3630389370407
2144	-304.36664565560517
2145	-308.3906223378149
2146	-303.8081202615448
2147	-300.6754466746694
2148	-313.8566734053645
2149	-297.1889000006317
2150	-304.700714372731
2151	-304.6367706030286
2152	-301.1794246533727
2153	-299.57237019554793
2154	-309.44802962379754
2155	-309.2084622176334
2156	-305.2309443953044
2157	-303.47006235102697
2158	-294.5038080561037
2159	-308.47190246668004
2160	-306.3881658813324
2161	-301.3163836292485
2162	-307.7624980289178
2163	-310.1111225867811
2164	-301.42618922220726
2165	-308.5175933449275
2166	-309.7517713554065
2167	-313.90329122340813
2168	-312.093912655225
2169	-311.5288211456752
2170	-306.6326647836697
2171	-312.0795541591426
2172	-300.92129356189594
2173	-312.2302457719487
2174	-303.16467466393834
2175	-304.79721813025645
2176	-304.23855504906663
2177	-304.59298980784695
2178	-309.3142545318238
2179	-312.37335896386804
2180	-309.8525592660514
2181	-305.9587734013607
2182	-306.1059639077057
2183	-302.75727370821943
2184	-301.55774898009014
2185	-306.0778799373888
2186	-305.38684339985804
2187	-310.13716837994934
2188	-306.8840464678662
2189	-303.235420327522
2190	-299.90114494694774
2191	-305.38931336985286
2192	-310.9693829808633
2193	-302.59729333521005
2194	-302.4123933163366
2195	-301.882625796479
2196	-313.12757495285456
2197	-304.5940407875252
2198	-305.69021404451416
2199	-304.5389864903293
2200	-309.41079542926764
2201	-307.5529253361589
2202	-306.25393879944585
2203	-308.2776823791591
2204	-305.92760702936744
2205	-310.3922815124657
2206	-310.49780638077914
2207	-302.0901175138249
2208	-301.4396883905849
2209	-297.05714434236563
2210	-299.4035012438925
2211	-310.7534233058842
2212	-309.76678899527633
2213	-308.7445551072875
2214	-305.3153660327588
2215	-307.8987732159596
2216	-300.97893572079386
2217	-302.4524805169469
2218	-301.0314691133139
2219	-309.76487010061345
2220	-310.9778038506367
2221	-305.7047198606311
2222	-305.42659748512614
2223	-310.4089254257327
2224	-310.47924358690307
2225	-303.5005720898208
2226	-310.49100982683797
2227	-309.05288902205297
2228	-307.7609292936799
2229	-308.9877589884384
2230	-307.7297267507922
2231	-307.2221107799249
2232	-304.93004704900034
2233	-305.4918454352738
2234	-299.93700802622357
2235	-301.26708471432704
2236	-301.41851584539626
2237	-305.4996572544792
2238	-306.29593584595483
2239	-307.3130540253644
2240	-304.4415492455717
2241	-303.73661096161675
2242	-307.75539678528924
2243	-300.458809082444
2244	-306.75899150218584
2245	-309.45793200239126
2246	-309.67754627481133
2247	-301.53437201173256
2248	-298.03417288961765
2249	-298.7473583523735
2250	-298.58411322832325
2251	-302.5451785078176
2252	-303.8200751686825
2253	-309.72512334898465
2254	-301.9423983210617
2255	-300.61263495384
2256	-306.67101079278814
2257	-297.738320840082
2258	-303.10527088270663
2259	-308.7557490042541
2260	-305.3167782200724
2261	-302.69968601604455
2262	-299.6452109761428
2263	-307.35679936268593
2264	-300.0436461110437
2265	-304.79803188005894
2266	-301.22955314665535
2267	-305.17428646497007
2268	-304.6228831392375
2269	-304.2812562464278
2270	-303.78178143653946
2271	-300.76673579908487
2272	-303.7395370001261
2273	-307.7821967337032
2274	-304.5083685439861
2275	-311.0656219888926
2276	-303.8488293413831
2277	-301.35062446494754
2278	-309.4256616558226
2279	-312.0235564090689
2280	-300.2884499911268
2281	-299.9882256450903
2282	-301.0464804328327
2283	-296.37438589492785
2284	-300.0512213981673
2285	-304.7975520095112
2286	-309.12651675909194
2287	-302.97346363364943
2288	-309.85368691084255
2289	-307.4649107564173
2290	-311.84012046807993
2291	-302.81784863849987
2292	-311.731454815829
2293	-312.9780967781152
2294	-308.92219199488346
2295	-304.35276401722405
2296	-311.93029188722153
2297	-301.37621301977424
2298	-306.2071366981797
2299	-306.46657037672315
2300	-300.7280999752886
2301	-300.1483068980955
2302	-306.07044995743524
2303	-304.26269013165813
2304	-309.4298899722578
2305	-300.02422054328224
2306	-301.62201421136416
2307	-304.87732420607
2308	-302.56570528450584
2309	-300.6025151321986
2310	-303.88560272415884
2311	-298.13910796004984
2312	-302.38202691384475
2313	-306.44898447891853
2314	-311.36478610073635
2315	-304.72721211105494
2316	-303.0913614241845
2317	-310.90484361915156
2318	-301.8927879763799
2319	-308.12179887374197
2320	-298.2832814678589
2321	-302.6911731349105
2322	-305.71636184464114
2323	-306.67883841709363
2324	-307.2058762040248
2325	-303.1074441405885
2326	-297.7618603285598
2327	-305.1449373628704
2328	-310.33074460426735
2329	-304.5886077626218
2330	-311.9593636952329
2331	-307.8180669479359
2332	-308.21261041135983
2333	-303.9938767945726
2334	-310.12155335962825
2335	-301.4107007718364
2336	-304.3990584914041
2337	-304.7465481942716
2338	-306.5258152893155
2339	-300.73820739581856
2340	-302.17402899573585
2341	-303.7619601876851
2342	-303.80788709768416
2343	-299.75895904803394
2344	-299.39541870369663
2345	-303.86372657898806
2346	-301.0883968636891
2347	-303.3310772983271
2348	-299.7000730304584
2349	-303.4557171033507
2350	-308.5235715991644
2351	-301.9382916041002
2352	-299.46814023613837
2353	-308.2799233527373
2354	-300.7081819488283
2355	-303.7843050047526
2356	-304.5810725089993
2357	-309.9371799801813
2358	-306.8672417183225
2359	-309.3066374736879
2360	-305.6116276049101
2361	-303.20340048787887
2362	-306.0226641971117
2363	-302.4456926933984
2364	-304.8201682026243
2365	-306.6348480122142
2366	-304.33417084156116
2367	-307.3538443717542
2368	-309.02165526802236
2369	-306.7455865635492
2370	-310.5948507973375
2371	-301.00040665510403
2372	-313.65644820371955
2373	-312.3185162940001
2374	-307.4519658118065
2375	-310.030730527112
2376	-308.5772447901908
2377	-310.20164993387084
2378	-310.3815165922621
2379	-303.4909512803816
2380	-304.0476471083529
2381	-298.4264092255786
2382	-305.2963610534967
2383	-306.7851641775993
2384	-311.1955003659122
2385	-315.5563452343772
2386	-305.43544570391435
2387	-307.6969459743832
2388	-311.0080167509642
2389	-304.72867632607455
2390	-305.4239879104452
2391	-304.5051524939394
2392	-303.0950792296255
2393	-300.10555550623667
2394	-307.4695937895023
2395	-296.85959822481533
2396	-305.1586129031805
2397	-305.7276622423483
2398	-307.7798562224901
2399	-305.3431299016192
2400	-300.19554645919254
2401	-305.87230489663796
2402	-306.13892070989186
2403	-302.22042561555145
2404	-299.26873905097244
2405	-301.1797320747685
2406	-307.8169182474262
2407	-316.76237766780315
2408	-303.90583806840385
2409	-304.7982599596652
2410	-301.2991258718435
2411	-304.58156256096254
2412	-293.35589215359823
2413	-304.0199765171312
2414	-305.73462910030065
2415	-309.49339769254135
2416	-305.00627616831014
2417	-301.4947267077563
2418	-294.3565257661388
2419	-304.7447864178751
2420	-306.21370274980154
2421	-301.2313735544356
2422	-302.98395706267354
2423	-310.7831777800747
2424	-309.8682481857786
2425	-310.1052107178433
2426	-303.21920051781655
2427	-306.15183994530287
2428	-296.98202368199327
2429	-304.54699399435697
2430	-310.4869267573468
2431	-310.7763117206601
2432	-308.1084739524494
2433	-308.4697679287479
2434	-299.6114979327757
2435	-298.8345413603008
2436	-297.51365214234147
2437	-303.3466758058728
2438	-303.83693120321203
2439	-310.3049720592638
2440	-309.35660774347656
2441	-312.17059262334084
2442	-302.08984253127966
2443	-308.2845684865554
2444	-305.66751166626256
2445	-305.77453464641144
2446	-302.4167361263305
2447	-306.02063539096076
2448	-306.68030938427376
2449	-306.3974785695907
2450	-306.26865323191277
2451	-308.5871177376919
2452	-301.86130039304317
2453	-310.2741950174786
2454	-300.1130834594804
2455	-303.71365665952743
2456	-303.2757385892148
2457	-303.71855363335555
2458	-301.93280620027514
2459	-301.08031530676203
2460	-307.63722944178517
2461	-305.5046680696518
2462	-312.6283349315303
2463	-305.1705039071099
2464	-315.2147766978065
2465	-312.2011633684384
2466	-304.28359783431404
2467	-310.57876371514163
2468	-312.9936256952818
2469	-309.63441355588174
2470	-308.89479964819304
2471	-301.3680432052972
2472	-304.88301796638075
2473	-309.8383172786727
2474	-307.1639710184229
2475	-307.61889820576
2476	-312.2182410774309
2477	-306.3716354295108
2478	-307.2972446401935
2479	-310.2725159943418
2480	-304.2940235936568
2481	-308.5500660771035
2482	-305.7227450049103
2483	-304.0738913122998
2484	-310.402774836247
2485	-304.30720307165814
2486	-307.7555801656857
2487	-312.79663493764565
2488	-309.06453409751003
2489	-305.1308956093807
2490	-305.1625076284027
2491	-305.6222049235221
2492	-306.9854083730848
2493	-305.79670643254383
2494	-303.8145071108926
2495	-306.8008682452177
2496	-306.21376122090896
2497	-308.7888550268256
2498	-305.60742246739125
2499	-303.1019895804768
2500	-307.04133842383305
