1	-311.8243565314627
2	-305.98961764278584
3	-302.1698792679558
4	-305.0005895304295
5	-304.9246308202319
6	-306.1698464878527
7	-298.25741241816013
8	-309.1546152979299
9	-303.8006428779198
10	-305.2751837582877
11	-306.9553663331199
12	-308.49345132839005
13	-307.1173225222042
14	-311.130304155935
15	-307.04327478291816
16	-308.1114239007576
17	-311.83287843155335
18	-302.3151881501709
19	-303.81799907653124
20	-303.5076339511554
21	-306.223869151947
22	-302.04777370400404
23	-302.17476072043684
24	-309.4091501478577
25	-307.7529351233513
26	-309.18183761985586
27	-308.0653104931846
28	-301.79142755087236
29	-302.5387903264641
30	-305.08863298499784
31	-310.05060751798834
32	-309.5143163883376
33	-307.4776312951644
34	-307.3911848003363
35	-307.1184724262049
36	-301.9132402500952
37	-301.85093682323924
38	-306.913853746601
39	-308.12886154851554
40	-312.0236104717259
41	-308.5755557297413
42	-306.11927072959253
43	-303.4251148003989
44	-304.80832766128975
45	-304.8904712094738
46	-304.7360494037375
47	-306.6344561453019
48	-309.51067495419875
49	-312.4191498996721
50	-301.06155736929264
51	-304.82065763126
52	-306.87104619852875
53	-302.9713569375995
54	-307.1884083778928
55	-306.2910702387648
56	-313.26947551909956
57	-301.73849142683395
58	-295.89524866278924
59	-306.7527744620992
60	-301.8239145716737
61	-308.5573566878736
62	-303.0091614401923
63	-302.38916801240407
64	-308.219242518351
65	-301.18659402232595
66	-305.9454109930371
67	-307.7616604672145
68	-304.5581423734658
69	-297.78789519314074
70	-304.25875019159577
71	-308.0543142347995
72	-301.64191615116346
73	-301.98775062515983
74	-297.92068594188635
75	-307.67455610636375
76	-307.0522830951033
77	-304.48052574662813
78	-307.9259823848266
79	-307.7843390433007
80	-306.086259267605
81	-305.10611035803015
82	-306.93189767533784
83	-309.6112235329824
84	-305.30779509334087
85	-306.8935838775507
86	-310.0076036215437
87	-305.8575532467975
88	-303.6373301846566
89	-303.6579895001313
90	-305.41540640713794
91	-303.49270470565915
92	-306.55390462492477
93	-308.69677008733083
94	-296.54474393129624
95	-304.49259765010004
96	-297.15641875832495
97	-311.57023265243004
98	-307.1030778382669
99	-304.15193563014054
100	-309.8663596829846
101	-304.695970807799
102	-304.15138178289425
103	-304.09676641709416
104	-304.8264066826157
105	-303.95101896286707
106	-305.16263699370836
107	-302.4536465665962
108	-303.65590253687907
109	-302.6636387326052
110	-307.0992089877569
111	-303.1999245169988
112	-305.574736253394
113	-304.2795048187402
114	-301.4065190518035
115	-302.9969609414157
116	-307.4853290434752
117	-303.93285589296903
118	-304.03699502695946
119	-305.3591755457057
120	-306.5401467751308
121	-300.68695094209437
122	-300.4683618625644
123	-305.23788941525737
124	-300.5487590460535
125	-300.7045520921154
126	-302.4640624735697
127	-308.7094001210279
128	-307.7762699580594
129	-308.4270189792598
130	-303.07577889007337
131	-308.7295447871457
132	-302.6510000000009
133	-306.5470806760086
134	-309.61598435459445
135	-307.2718681662277
136	-302.7497471232604
137	-309.3135645835858
138	-303.1364
139	-297.7740174468442
140	-299.41551777438775
141	-300.27286216925467
142	-297.1235240903876
143	-306.5050664615959
144	-303.6902730782174
145	-300.96033762888817
146	-299.4925000082835
147	-297.56731882652264
148	-308.8149376668858
149	-305.9611530319781
150	-299.3897796174288
151	-307.3946355201253
152	-295.7492717676425
153	-300.1969100061835
154	-303.8337926316815
155	-294.3095906588796
156	-295.0472332944279
157	-302.6188760675551
158	-307.4169059901459
159	-308.08638566774204
160	-305.01441214750054
161	-304.6956238145586
162	-303.7383544419457
163	-305.9180467021803
164	-305.89963102719076
165	-306.5940713175383
166	-304.6740579391066
167	-310.81001924353484
168	-305.3064975770484
169	-305.5460897174126
170	-298.46453321807974
171	-298.21924561510656
172	-303.06623866889856
173	-306.39513257704493
174	-307.22964930688704
175	-302.29272132796757
176	-307.923730671969
177	-298.0311684298185
178	-304.7391992170283
179	-307.321081900992
180	-304.86332410017445
181	-305.33388560228764
182	-302.78214880476696
183	-307.170472307288
184	-306.0108355522027
185	-308.8471193725241
186	-307.7120833684004
187	-311.50927483606677
188	-301.5794775349626
189	-310.80278764775517
190	-302.68385518704184
191	-305.83094946229073
192	-307.3065461144651
193	-297.8171055413337
194	-300.96499032835084
195	-300.2495838292962
196	-310.9782917932934
197	-302.7518077421927
198	-307.93736409063143
199	-305.4113393631695
200	-302.85508552114516
201	-302.568083728252
202	-304.00299396407826
203	-308.86399110671204
204	-305.4927779638835
205	-303.5227287209285
206	-308.6604658728949
207	-300.1745781914979
208	-306.0234753875382
209	-306.4350099345088
210	-304.23527814818254
211	-302.16270000000003
212	-305.50591163997007
213	-303.7465373380525
214	-306.9075425646641
215	-304.4935
216	-302.1600216040288
217	-306.23131561656606
218	-300.747985013614
219	-298.71571998706634
220	-305.7548898715926
221	-304.4515532746296
222	-299.3827373139813
223	-311.2432741192414
224	-304.3451125202517
225	-308.6685259716472
226	-306.71433520087083
227	-307.58787249401684
228	-301.45745918410586
229	-305.42564359411267
230	-309.55014893378853
231	-301.7008815612686
232	-311.7078890785214
233	-305.4407116307647
234	-305.39664339565127
235	-307.1106132419788
236	-303.40295787197374
237	-304.79079817668327
238	-305.0360673992407
239	-300.7660458622619
240	-308.2942560729244
241	-310.7913882105796
242	-307.9904633865048
243	-296.4377
244	-307.2573617607765
245	-304.18129897754113
246	-298.11239169165594
247	-302.8861174913998
248	-299.58406117381134
249	-299.56262256550445
250	-295.6199041398847
251	-297.25185982036857
252	-300.0108681183537
253	-300.5683524552003
254	-301.3703271381767
255	-302.3502776269388
256	-303.57077905603
257	-302.0180948873163
258	-304.7967540292868
259	-303.6883418289937
260	-300.64897487186363
261	-303.00029956455023
262	-301.2138714679266
263	-302.6064330999961
264	-304.6801884124457
265	-304.5428536584607
266	-310.5404849346824
267	-302.3747585680317
268	-304.104387879107
269	-306.2492724704154
270	-302.37815755752143
271	-305.2872705663124
272	-303.7543608985693
273	-300.55552397193594
274	-299.8029364558255
275	-305.7661920399801
276	-298.6628528229758
277	-289.3150797283875
278	-302.12125328572904
279	-307.5588225789469
280	-299.33783544029507
281	-297.30400094015306
282	-302.2300387910057
283	-301.2891753964001
284	-304.8343492066427
285	-301.4881428916168
286	-303.8062471745873
287	-303.2420845304529
288	-304.1224661041551
289	-304.66106878729073
290	-305.7137542408089
291	-303.4926000000505
292	-308.6365000009961
293	-299.1355184208043
294	-302.32477660724084
295	-308.86792886660743
296	-302.7318488866406
297	-301.4842500967249
298	-298.80458573798893
299	-301.12859504099356
300	-298.78206163783494
301	-299.6372240237901
302	-300.579739832609
303	-301.0094774954312
304	-312.7658439618813
305	-302.88620771221343
306	-306.4339856489408
307	-303.06109385889044
308	-306.76670309161415
309	-310.4595528915881
310	-306.63930416954383
311	-309.22451075757465
312	-298.93656771839017
313	-302.3162288827225
314	-301.8844168101982
315	-305.7000590705105
316	-296.70620296947493
317	-310.9376246564207
318	-305.3155936917188
319	-309.9917552325349
320	-301.5077750713194
321	-307.66916838757965
322	-297.06486199590313
323	-307.4126785472271
324	-308.7560563887748
325	-304.6569435660444
326	-307.13406578355136
327	-303.91261962332175
328	-305.7333147067294
329	-304.5748073243215
330	-302.26870078111307
331	-305.3627301496118
332	-310.70022710681155
333	-304.43478715915404
334	-308.9796983348746
335	-305.1665897703705
336	-305.93318981574663
337	-302.63816805081433
338	-306.3356765410939
339	-300.266521651262
340	-302.0131286638102
341	-304.48534886457475
342	-308.0085371271078
343	-299.69016324106144
344	-301.0920351438987
345	-301.21103672074025
346	-303.9734455068251
347	-305.8521529990687
348	-304.7340673951284
349	-301.38801242347574
350	-305.93215656200357
351	-302.2036001254546
352	-296.3147430162032
353	-301.0344180931264
354	-306.5009126040807
355	-300.2086788351364
356	-311.0660140655255
357	-307.5386883166189
358	-306.66494288066974
359	-298.31217049399163
360	-304.81328519182347
361	-299.6571933436721
362	-303.1668656624055
363	-308.48936764136323
364	-304.5262068402201
365	-306.65960957009355
366	-293.8413245323599
367	-301.3417033977817
368	-297.33380407388347
369	-305.4212956204445
370	-303.20796511786375
371	-303.34501652457845
372	-309.6850078454826
373	-308.0223297360449
374	-305.70807798226303
375	-305.30912693609923
376	-305.6136060099802
377	-310.7359119325362
378	-307.21212441882716
379	-303.5881275021717
380	-298.83256563334646
381	-308.98871813706546
382	-302.62147772367837
383	-303.79442058537586
384	-301.629624898061
385	-311.0361317986331
386	-307.2965538239301
387	-305.34871501025304
388	-299.9490701142543
389	-309.96530483926625
390	-303.2420919239893
391	-310.5761381842666
392	-310.8711886555549
393	-306.7070221721071
394	-304.80905797267036
395	-307.1905743399554
396	-305.1583560837925
397	-304.5888545251939
398	-297.2476480514658
399	-302.5979778338416
400	-302.92336206054506
401	-297.18600405863367
402	-308.4859099454176
403	-305.02408936135026
404	-302.2742325379406
405	-305.9664722161088
406	-308.99341749768973
407	-311.03356287461156
408	-302.08275982603294
409	-306.1003000000136
410	-296.7145237641714
411	-310.36537713417334
412	-310.7965733195198
413	-304.4469196878205
414	-296.33845196102124
415	-292.7767050115062
416	-303.8332339876418
417	-306.59667208112216
418	-299.5990788141982
419	-304.2465005588486
420	-300.44607077803244
421	-306.0139390815168
422	-303.9979159464651
423	-301.37894417995847
424	-296.40510000000006
425	-306.19914150523493
426	-299.2250502920244
427	-304.72112689318715
428	-302.82138607100075
429	-303.1993825861847
430	-308.28482080682323
431	-306.1276572167754
432	-294.81011909343226
433	-301.877463560431
434	-306.65312617199754
435	-304.18276612047396
436	-299.11889282988585
437	-303.65020004418966
438	-303.7733413642827
439	-302.92966622221303
440	-299.89940084918135
441	-305.680798355509
442	-305.5207291693632
443	-303.8539232597388
444	-300.4093105024892
445	-302.2607563531986
446	-300.44592372897625
447	-301.8794807326543
448	-303.02275928976104
449	-298.19973358665385
450	-302.6696636117738
451	-303.3214479137724
452	-308.9198650063111
453	-305.85706323254016
454	-307.62976897289104
455	-301.24556113447846
456	-305.990690484118
457	-299.5860596462067
458	-303.9791333105463
459	-302.53322939163826
460	-305.16793941938516
461	-310.03454116913633
462	-305.1128034208344
463	-306.1057589366516
464	-308.4581806999125
465	-303.4685906461443
466	-300.9836014290718
467	-299.9717767146363
468	-302.9229246409724
469	-305.74610669689116
470	-306.69131580842065
471	-302.461292004862
472	-301.60225362302907
473	-304.4690851377829
474	-305.2711393731329
475	-300.4039823311423
476	-307.418910882374
477	-304.44499131222165
478	-307.528517773883
479	-302.1616158069946
480	-304.6712083285965
481	-306.86544204587835
482	-308.0862607662802
483	-302.2793373203781
484	-307.7089268953646
485	-298.1249031665987
486	-311.6775573184556
487	-303.6634500791271
488	-302.4519045402904
489	-306.3874611794757
490	-297.19873840317246
491	-303.5584833623763
492	-307.543052555079
493	-307.0794537672616
494	-300.9241783839314
495	-301.08468429981815
496	-305.18236612588356
497	-307.7302343691325
498	-308.0323532625055
499	-304.15223157056596
500	-301.0804443714196
501	-302.1236987991698
502	-308.07267996092236
503	-300.42937965909874
504	-301.3321572724111
505	-303.02189379265366
506	-301.23265095864986
507	-306.8961078018701
508	-304.5290069520227
509	-305.8430378685646
510	-306.9515003628284
511	-301.0975029281842
512	-306.5464988229896
513	-306.5602935399854
514	-302.45640457620067
515	-308.34809026724076
516	-308.9380643945758
517	-308.7772983059457
518	-305.94920710453346
519	-301.91546768165745
520	-302.81172682058053
521	-307.6429330555156
522	-302.26987798359505
523	-305.4352404980634
524	-305.1165729873595
525	-306.932934587318
526	-305.99753505000314
527	-302.14123213084866
528	-306.2053560350598
529	-309.70208160870203
530	-308.99918196609497
531	-308.94180203858946
532	-303.8890098476248
533	-307.2485566695958
534	-301.8599975729401
535	-306.4696000000001
536	-305.196148281233
537	-302.6635414536099
538	-307.5379768867276
539	-294.5916484733723
540	-303.66831805178407
541	-304.92906505603
542	-306.5584284578457
543	-302.73162534314446
544	-297.82754671941865
545	-305.30280975995936
546	-299.9521
547	-304.49264256692317
548	-302.38165458709335
549	-305.844460644675
550	-303.18202130400243
551	-302.15575786682507
552	-302.79351222597046
553	-306.8602556758529
554	-301.6734172837289
555	-303.61669914151935
556	-303.25444775727846
557	-299.85038260486346
558	-307.9174048105669
559	-298.1202434306433
560	-303.8143076288787
561	-301.6294020544957
562	-305.30400248952066
563	-302.5111460455675
564	-299.9313
565	-300.7708917356185
566	-307.1718473258856
567	-300.9233580026441
568	-301.5854684029865
569	-305.48581019997164
570	-306.4786354841996
571	-303.5173910458489
572	-306.33852330546796
573	-306.4748651836202
574	-303.7321157841949
575	-299.5512090749375
576	-305.4642511784978
577	-304.32661294151245
578	-304.32463678406015
579	-304.46441978025473
580	-305.16935261268304
581	-301.7218295626904
582	-302.15137831002596
583	-304.3854424180845
584	-304.84459468359125
585	-305.0638021074183
586	-304.56236116170334
587	-301.36757688958556
588	-306.72744195254836
589	-305.7006053917185
590	-302.69161400448695
591	-306.487246195422
592	-301.5870016653093
593	-299.41118176813217
594	-301.5917880036644
595	-300.6579561517797
596	-303.40059530888084
597	-300.768870272522
598	-302.3689173411788
599	-303.053622526112
600	-301.97751983920057
601	-292.98565108535075
602	-297.2236863680782
603	-299.3570857807723
604	-308.3082024218295
605	-306.04645996250633
606	-302.9972412431157
607	-302.7136103000138
608	-303.8836054592552
609	-301.9615720037158
610	-306.62233946963744
611	-298.8208001160699
612	-296.32293744640725
613	-304.6915429597034
614	-305.3223115940624
615	-300.5978240938959
616	-304.0985110568446
617	-303.42709328715864
618	-300.74264682219007
619	-300.29651425689235
620	-302.45526298257874
621	-304.4455047995116
622	-301.9775197445569
623	-301.356530332784
624	-304.3242966617892
625	-302.3170761682596
626	-305.3401146556317
627	-300.16626616483154
628	-304.45571570140424
629	-300.80791623473266
630	-303.2003965435026
631	-305.3804592458187
632	-305.6375220259262
633	-305.4946215184532
634	-305.68044242983035
635	-304.4668901203525
636	-303.9981434666058
637	-305.224650792558
638	-301.7053136402717
639	-307.6175567556648
640	-308.07569423840755
641	-298.2780363033548
642	-304.5010028095834
643	-302.74551514738516
644	-301.2221585260381
645	-295.08050342886935
646	-305.3801567449643
647	-305.2292000000001
648	-303.47785487023907
649	-304.1018172626229
650	-303.22420914736506
651	-309.3262360906888
652	-302.22589260741876
653	-302.9351349285272
654	-304.2113502667132
655	-309.49239327812796
656	-306.0619243690214
657	-301.74851462299046
658	-308.65981250743846
659	-303.2248447860334
660	-306.7742982136714
661	-307.7713751279418
662	-309.7065770045926
663	-304.837676819103
664	-307.80916643543236
665	-294.5959010546461
666	-309.08226014688796
667	-302.9435955839078
668	-298.6236007172266
669	-306.38806794621576
670	-302.3667730572187
671	-303.089343313222
672	-306.89895146687644
673	-306.2646653907055
674	-304.497313435278
675	-301.89081080060623
676	-297.62173210927216
677	-307.40039511894776
678	-299.87149041139287
679	-295.1430183919725
680	-294.8780948234017
681	-307.83664411146043
682	-306.19662808306805
683	-299.7991221980369
684	-303.86854621974055
685	-297.65895519623894
686	-298.7024905405714
687	-297.99460000030047
688	-306.6249548712704
689	-300.31243091834955
690	-310.9787847616016
691	-306.25110935702924
692	-304.98295497695466
693	-301.71436040152344
694	-300.2540311083498
695	-306.12414677880844
696	-294.58980770942605
697	-304.26848344317165
698	-301.0222669512797
699	-307.1408947213068
700	-300.47883823120304
701	-303.1515724439899
702	-302.009394287528
703	-304.6027668155845
704	-304.07729241016176
705	-303.7343753099096
706	-304.7112539226706
707	-297.87985616554784
708	-301.68789397023966
709	-304.9720480938587
710	-301.65089784681624
711	-308.460331536818
712	-294.90391284594523
713	-307.3907781312202
714	-299.7076321203372
715	-302.95420634924835
716	-301.15142744157515
717	-300.71533721419087
718	-300.59037676304035
719	-299.2225000387378
720	-293.4793742045562
721	-306.3648794079637
722	-308.60912593947734
723	-306.9857408462604
724	-298.2495179511329
725	-299.9915686274107
726	-301.3878036247537
727	-305.5137133398256
728	-308.5812954227795
729	-301.69527969365134
730	-301.9124557196436
731	-309.5982692553459
732	-307.1649349726429
733	-311.4263783697834
734	-304.92864039102733
735	-307.56088517777215
736	-306.6490503471469
737	-305.94682777901505
738	-307.11488918530847
739	-307.3611218630061
740	-310.4641764257338
741	-309.46735040388563
742	-303.1869577692286
743	-303.82473207524265
744	-305.69071340045645
745	-310.4614082776187
746	-303.69941115509334
747	-307.65745006256327
748	-305.2932303291535
749	-304.9575506829967
750	-305.9906819205438
751	-301.35656960280977
752	-309.8807497082936
753	-305.9385154568189
754	-300.66397907450624
755	-302.56670970698326
756	-298.8017162273348
757	-303.3477024071178
758	-302.656182859455
759	-310.52882172800366
760	-299.9409827066134
761	-299.50415922417204
762	-309.3738204058086
763	-304.48227044751127
764	-294.5906760898759
765	-303.4686819131131
766	-307.41496447198085
767	-296.40469334615574
768	-304.602045573218
769	-308.09939349000445
770	-302.5865242939392
771	-299.6334122009493
772	-307.41655343940386
773	-307.89855157737065
774	-304.12519705618564
775	-303.31430133606665
776	-304.20871777261027
777	-308.4696517227679
778	-301.8654102553455
779	-304.33040168927806
780	-305.0058808431272
781	-300.3160204149506
782	-308.005840881924
783	-303.84905431914916
784	-299.32477027569035
785	-304.15152874145423
786	-302.99845383358166
787	-299.91583716574394
788	-302.6745944866909
789	-300.8346160358773
790	-296.4469602311069
791	-299.1715540765199
792	-306.2402737855993
793	-306.52684525907546
794	-303.8285287258646
795	-299.38887843341126
796	-305.90117903125
797	-304.4770712986624
798	-301.3028059900521
799	-305.87767966997717
800	-304.74514140694623
801	-301.5448895595504
802	-303.35745384718587
803	-297.3145509388327
804	-306.1402694644542
805	-302.71652358761884
806	-304.94570307283794
807	-305.17511730151944
808	-303.5041
809	-303.41869794672743
810	-309.28437192611784
811	-302.1745877413382
812	-303.7916303986272
813	-303.09519557353593
814	-307.92116849698436
815	-306.8436230538357
816	-300.36001981054716
817	-301.2657810001043
818	-301.41491334838173
819	-310.3015252075229
820	-300.7605070953829
821	-293.9383
822	-305.065151920607
823	-305.77941292317917
824	-302.3732483245542
825	-300.0553359159016
826	-308.2447082208217
827	-300.6526443148027
828	-301.0688766389851
829	-297.6174
830	-304.4568735844184
831	-300.0381623550142
832	-308.87099314440206
833	-306.0245919064506
834	-297.84916840321324
835	-305.5747335065762
836	-304.7820506816296
837	-297.80720585139335
838	-305.86845124803375
839	-300.90348922834613
840	-297.2885530373479
841	-302.63321551932904
842	-302.5470079090863
843	-301.6109345062611
844	-301.6600226407399
845	-309.4487997849137
846	-295.72874547079135
847	-300.9404625615587
848	-299.66788186206713
849	-305.8410618660894
850	-303.1351158815342
851	-300.4525953840113
852	-310.35035147729684
853	-303.2513185785064
854	-305.14235702583545
855	-307.27987456846733
856	-304.90680347062596
857	-300.93247808437377
858	-303.8212018864735
859	-302.7070468231673
860	-301.65897336801186
861	-300.8463758887155
862	-303.3891826061815
863	-308.1126527804002
864	-305.46889125292427
865	-301.23274334538564
866	-307.6020666643838
867	-300.58858548922325
868	-302.491624246939
869	-305.12662935450777
870	-301.4043862698663
871	-305.2830562893457
872	-302.2678430849073
873	-302.7588595019671
874	-302.783648816032
875	-305.84722964859816
876	-298.0421237187293
877	-303.013
878	-300.31629414070994
879	-302.34302930325856
880	-296.255
881	-299.3628670981355
882	-305.20882310404494
883	-299.95918135400416
884	-299.7228556835494
885	-300.7240899732643
886	-294.7807825526478
887	-298.86432572872235
888	-301.16511565882115
889	-306.76169273645786
890	-300.12516388288554
891	-296.1615986255041
892	-301.87864696390153
893	-303.56422455681707
894	-303.1584788707121
895	-302.6050223363072
896	-301.6165591795291
897	-306.49830214740786
898	-303.64673103970574
899	-301.3654781340766
900	-304.0801149165509
901	-302.84771853542395
902	-303.75199057778246
903	-310.36194330925383
904	-304.6397472068904
905	-306.12399109401974
906	-307.3342908312952
907	-299.0320402105059
908	-304.8058976805798
909	-306.02466984966344
910	-305.2948644813217
911	-296.9678808005945
912	-296.3002217765883
913	-305.535033325835
914	-306.48646779383904
915	-309.5955505892429
916	-302.28443032913424
917	-308.52885047397626
918	-303.2599
919	-305.1793038395197
920	-307.37431420064115
921	-305.39025147243774
922	-305.1887259390542
923	-303.18664885118534
924	-304.9204281736118
925	-303.16050000000007
926	-305.8097505174482
927	-304.48193653890644
928	-307.7754657175318
929	-301.30266372523147
930	-301.2502153693376
931	-305.3734588244184
932	-306.8812976125022
933	-301.82742403826745
934	-300.58121204475265
935	-309.930017526942
936	-308.11249852110046
937	-308.3511220109348
938	-304.06917641844086
939	-303.33058657636826
940	-305.9337601877162
941	-307.7904440253233
942	-298.50616056576416
943	-304.69085429269364
944	-300.1885
945	-303.50458698660054
946	-308.7386568372631
947	-303.6892
948	-298.1517720554349
949	-302.4569201563927
950	-304.48288129732254
951	-303.2677428039909
952	-307.26513192118244
953	-307.1437218703619
954	-302.5896083535894
955	-308.8121238497639
956	-305.10436127511633
957	-300.90698701483706
958	-297.1665002417414
959	-307.1359740026404
960	-303.9072537475682
961	-301.11647489535994
962	-309.1611784179542
963	-304.5022754037949
964	-303.853601753081
965	-307.631199990741
966	-304.15548399698537
967	-305.58737624140167
968	-305.45074683485456
969	-304.92286686379043
970	-302.12844700947517
971	-302.6748143786543
972	-303.17428357170826
973	-310.67607992377873
974	-304.45734302008515
975	-301.96743808562127
976	-300.6042445173356
977	-305.5013389481885
978	-303.71034337265985
979	-304.98390338950793
980	-311.2373294868541
981	-301.27839110998565
982	-304.9712491771119
983	-305.396462873724
984	-305.29610518794806
985	-299.2740957518347
986	-304.8815312195969
987	-308.7564663604015
988	-306.5609879537447
989	-301.6366173650283
990	-302.3646259234425
991	-298.40587428651025
992	-307.0855201250429
993	-305.1699744204306
994	-299.88157451996784
995	-301.9309034910913
996	-302.624
997	-309.1907907360327
998	-304.99644650252407
999	-301.1239799541819
1000	-299.5526509629667
1001	-300.90572667969525
1002	-307.3360607029996
1003	-303.2700003126748
1004	-301.57826663131954
1005	-300.1730986333583
1006	-289.6456962319578
1007	-303.84298839019937
1008	-302.583677091828
1009	-297.8072167333238
1010	-300.9498801077347
1011	-304.5674160496214
1012	-301.0486354573652
1013	-308.9077316845462
1014	-297.85053033214535
1015	-308.9060536352711
1016	-301.91192707519025
1017	-298.47099190408863
1018	-299.73523999799994
1019	-299.92085284077604
1020	-300.04212037099967
1021	-299.48894019081365
1022	-305.0591129757225
1023	-309.6730547287302
1024	-303.0481890046613
1025	-293.58451610618215
1026	-300.97392618557143
1027	-301.1941686000994
1028	-304.45613918162996
1029	-298.7688581122672
1030	-308.68045870640424
1031	-306.002429884563
1032	-299.4230636579906
1033	-297.8444743591193
1034	-302.89941300127737
1035	-304.88695402272987
1036	-300.060807466093
1037	-304.75371664346653
1038	-307.20263614251235
1039	-305.2966988496805
1040	-304.5646120879049
1041	-299.9926852885656
1042	-309.0429000000002
1043	-305.8251684243754
1044	-302.8671381975938
1045	-311.24048646767096
1046	-308.9217397940335
1047	-301.10487979895817
1048	-302.3284637761558
1049	-305.0211573397267
1050	-307.7155434874379
1051	-304.09186753050767
1052	-297.5836063793048
1053	-297.25868980946564
1054	-305.9452566294106
1055	-294.1145238303014
1056	-304.53177535475663
1057	-307.3312808870187
1058	-306.9279988538229
1059	-304.0436857104892
1060	-305.3832957051886
1061	-303.46480620805886
1062	-305.1577159356717
1063	-304.54319754811564
1064	-305.4373
1065	-300.48003085700833
1066	-311.5627726680655
1067	-303.2555276333962
1068	-300.2494011443899
1069	-301.84697856782606
1070	-300.9333911467418
1071	-306.0014241847625
1072	-297.41083395951546
1073	-305.5955880738247
1074	-297.7742277720748
1075	-304.17384159533265
1076	-300.55873073202036
1077	-302.17093274258724
1078	-303.2519039561121
1079	-301.2019538126032
1080	-303.41868377558177
1081	-304.76615799477713
1082	-307.28509545924857
1083	-297.9934989033809
1084	-310.7950465112834
1085	-309.006363865445
1086	-308.7701353609186
1087	-295.5665684377322
1088	-306.5363062507192
1089	-302.8776701023145
1090	-305.49398136359247
1091	-304.7827352945554
1092	-308.4016192517359
1093	-312.3278398887265
1094	-303.7016755321556
1095	-302.49447813307734
1096	-297.80402416099713
1097	-299.5529000000001
1098	-297.1729583686121
1099	-301.57437158742493
1100	-304.7666996706256
1101	-301.37904291411274
1102	-302.4469
1103	-299.08237604340326
1104	-298.7685918853549
1105	-307.97940283888875
1106	-297.65483956454545
1107	-306.7641430624281
1108	-307.8085750339745
1109	-308.1558354441673
1110	-305.66255091917617
1111	-307.5892024296973
1112	-304.3138925604907
1113	-306.91654789392686
1114	-305.3913935176415
1115	-306.53359206947215
1116	-300.8552698281149
1117	-302.26595105873855
1118	-295.7755418623913
1119	-303.27257302670284
1120	-302.33258046233937
1121	-303.249449735933
1122	-302.2095000827702
1123	-303.7310154372869
1124	-299.1283379713423
1125	-302.95238872450375
1126	-302.4920629060638
1127	-305.6850718258679
1128	-308.66836585149525
1129	-300.68588534934645
1130	-304.5516556856687
1131	-300.9133778191
1132	-303.60615847740473
1133	-300.85009580873276
1134	-303.60734427559805
1135	-300.9445798467541
1136	-303.7785259304398
1137	-308.174089734882
1138	-294.36889797469837
1139	-301.9716459607301
1140	-305.3480433158986
1141	-304.36488490231613
1142	-303.2088510469739
1143	-305.86391127462844
1144	-311.17567180794504
1145	-305.7851487421186
1146	-307.9423588215314
1147	-305.803981736588
1148	-304.2170290558383
1149	-299.9221851486749
1150	-311.09652977352187
1151	-308.57150745127865
1152	-307.375384877575
1153	-304.8646979907286
1154	-305.87219026882576
1155	-299.4843615654452
1156	-305.0639051701696
1157	-306.26434650621974
1158	-309.4601985003294
1159	-311.6258008456453
1160	-305.001107891525
1161	-297.5020080803667
1162	-303.64614341584775
1163	-296.3091225820886
1164	-298.0638657547562
1165	-306.29171422385843
1166	-302.20907448312295
1167	-307.81752639060414
1168	-303.52416585998367
1169	-306.1221633565995
1170	-298.9779065907989
1171	-306.1883089507102
1172	-301.6097848445227
1173	-301.9643463028784
1174	-301.9448349995162
1175	-308.1536535007158
1176	-300.80697038433334
1177	-303.5207070235902
1178	-309.75732212183084
1179	-304.10285434154724
1180	-303.5430944326968
1181	-308.52909418582385
1182	-303.35739124072387
1183	-305.181565364791
1184	-304.94127805337564
1185	-305.75704347698235
1186	-302.2317128209464
1187	-310.90198508068784
1188	-310.15054627709617
1189	-303.1973450827642
1190	-309.9122686566247
1191	-303.21345806692955
1192	-306.78243573638997
1193	-302.01881921938445
1194	-302.66130398035136
1195	-300.85428043702694
1196	-304.7026424465062
1197	-305.18906108458737
1198	-303.44320298645164
1199	-304.59138657598197
1200	-306.0773110724408
1201	-304.4501213996476
1202	-302.3900940148054
1203	-301.3369591309786
1204	-302.1629914282372
1205	-305.17785063416306
1206	-307.99755130321995
1207	-303.85522891362456
1208	-302.86260873593864
1209	-296.8604724689418
1210	-306.9400565385619
1211	-301.3237618036896
1212	-296.44218123329836
1213	-300.36128778357715
1214	-301.7357208632643
1215	-301.8596768599113
1216	-298.15025980381836
1217	-297.057433175211
1218	-299.2556815666556
1219	-302.2877832893638
1220	-296.9852045588394
1221	-307.9517260628908
1222	-303.3771508840831
1223	-300.6650439420618
1224	-303.9582570618705
1225	-300.7133579136395
1226	-305.70050757193053
1227	-303.31943547998986
1228	-304.2654015302495
1229	-308.070839333983
1230	-304.34953934532956
1231	-305.38572126598086
1232	-306.7726494394591
1233	-300.021596889941
1234	-309.2377827713749
1235	-301.09082329474444
1236	-298.5884568173712
1237	-300.80147630861194
1238	-298.78311808754086
1239	-305.72764418213666
1240	-304.56514625072214
1241	-296.915655450154
1242	-307.11662797574763
1243	-307.2893321338219
1244	-305.805933710331
1245	-304.1114655812361
1246	-307.2191582018339
1247	-303.47729789970805
1248	-309.411490572777
1249	-307.5770743678115
1250	-310.2907829755871
1251	-303.10915048393434
1252	-308.65039087978744
1253	-304.8923362811518
1254	-306.55095725113034
1255	-306.0778087654329
1256	-303.87618044157307
1257	-298.04884231595565
1258	-303.16193888397504
1259	-304.60874255023197
1260	-300.80153886370726
1261	-299.509785517055
1262	-306.71470404674267
1263	-303.3060151372297
1264	-297.14612109495556
1265	-305.7853119846438
1266	-309.3484231713929
1267	-304.86428713845936
1268	-305.0280699637964
1269	-310.43806057291494
1270	-309.9310103985859
1271	-301.96214846745846
1272	-304.0278299056308
1273	-299.79961989344406
1274	-298.18605031858937
1275	-293.853697240248
1276	-303.7905304919699
1277	-308.5793258824189
1278	-304.5412277756428
1279	-298.26878387780795
1280	-299.6968005271761
1281	-301.59704152705245
1282	-295.2632625924716
1283	-303.57541552637
1284	-297.3223802525688
1285	-305.43342733154753
1286	-304.02354103944253
1287	-299.51000001047953
1288	-301.8102986039103
1289	-297.95355151607106
1290	-298.93643852044875
1291	-304.74954158262807
1292	-298.91800305688315
1293	-306.29095087208594
1294	-304.27609958867185
1295	-305.42166125479815
1296	-300.53905285982046
1297	-300.9964592168538
1298	-311.0625165991898
1299	-306.3371245032179
1300	-306.4762522770186
1301	-303.6673920523459
1302	-302.21196022397197
1303	-303.45598282158335
1304	-297.276
1305	-304.9812571245593
1306	-307.9461979843595
1307	-303.24535844934445
1308	-297.3386555382163
1309	-298.8004367477361
1310	-308.95426178387856
1311	-303.677431913187
1312	-305.4382
1313	-301.51495706786295
1314	-305.168673513489
1315	-302.1847556917946
1316	-307.602588977617
1317	-299.23578131535714
1318	-304.93362575867707
1319	-299.7568002613064
1320	-301.73882265827416
1321	-306.5672006096746
1322	-304.4378849672662
1323	-303.0561035803451
1324	-299.54382012181213
1325	-301.2661865924226
1326	-303.7415528201184
1327	-301.12354443305355
1328	-298.35035102273866
1329	-297.9073751385635
1330	-308.79600083724836
1331	-307.0272697906807
1332	-297.41397230169025
1333	-304.0053758987162
1334	-305.26998393844286
1335	-307.77989799622094
1336	-304.71954440815506
1337	-307.3733979975155
1338	-307.81970973480713
1339	-304.93265059194874
1340	-302.9947759868655
1341	-306.4233320423102
1342	-300.00470397967666
1343	-301.54773208004264
1344	-307.30544897699815
1345	-300.03059866858945
1346	-302.45658624655914
1347	-304.4143143392639
1348	-300.5334349227382
1349	-302.27685310176815
1350	-304.25995834844156
1351	-301.42349331079987
1352	-296.46592777341164
1353	-306.8893545525177
1354	-302.8548068558291
1355	-305.4277066324448
1356	-304.37633927928385
1357	-302.67231974500277
1358	-300.9762411701639
1359	-298.23459365431495
1360	-300.625179151332
1361	-299.676664597281
1362	-301.4398163804693
1363	-306.4251261778353
1364	-301.7511884884924
1365	-299.31370035770794
1366	-303.003888197825
1367	-303.29063248471783
1368	-304.5650496341157
1369	-300.11650205302476
1370	-302.25098051949124
1371	-303.3500349914791
1372	-297.56327657800153
1373	-295.2630106809882
1374	-306.0428770624693
1375	-297.58849833837775
1376	-303.5755007533177
1377	-304.9268951142728
1378	-303.92924462044374
1379	-303.32279096699756
1380	-305.620830959021
1381	-302.68991014075084
1382	-301.72103359343964
1383	-300.7703314624242
1384	-298.23571049552453
1385	-296.18088174865113
1386	-306.87088009789386
1387	-305.9693936412372
1388	-296.5634625332535
1389	-298.2067427565021
1390	-303.5125398117677
1391	-302.3329542994034
1392	-303.04882890688134
1393	-305.75017031627146
1394	-305.3655595812454
1395	-302.1596294859827
1396	-297.8259757313597
1397	-299.4727020605559
1398	-303.144804583561
1399	-303.93042581681664
1400	-309.3150954583227
1401	-306.78482271538377
1402	-309.17063791455956
1403	-304.2468005527297
1404	-307.30535770620406
1405	-307.01647863594627
1406	-301.2977693456796
1407	-303.21832767934205
1408	-302.31224939451033
1409	-307.06629692637284
1410	-304.1681149459225
1411	-299.55739662080276
1412	-304.3988990383661
1413	-301.83347274801065
1414	-300.9868072433478
1415	-307.0764473254908
1416	-304.1526260366111
1417	-296.8787588149903
1418	-299.88406172136996
1419	-298.2029588985273
1420	-300.07720431067537
1421	-303.1154427553527
1422	-302.31803647354224
1423	-304.8307067795446
1424	-305.3181122528107
1425	-296.4147730578745
1426	-300.61200098015735
1427	-303.5766701461962
1428	-304.5419264864419
1429	-297.70118543749817
1430	-303.1394683221529
1431	-301.95748402240724
1432	-301.93475611274425
1433	-302.50969507114945
1434	-306.58323921024464
1435	-307.5594107437492
1436	-304.1732687150715
1437	-300.66403902739313
1438	-306.41517194541547
1439	-303.5243018629675
1440	-299.90839601942855
1441	-311.03705679078786
1442	-301.57060884739906
1443	-301.4194901620245
1444	-306.3338500073369
1445	-301.14760492275724
1446	-304.5647094895137
1447	-306.65881734739963
1448	-302.07530168909847
1449	-303.8628584752454
1450	-298.58820357392443
1451	-301.07662489852254
1452	-301.48390408873354
1453	-296.7186861404533
1454	-302.7761746453964
1455	-304.9872785682204
1456	-307.3079188286032
1457	-297.4824712136123
1458	-308.68718548274967
1459	-304.27753017910237
1460	-304.7260065062739
1461	-298.8105963537436
1462	-304.9340543044581
1463	-305.1261475421209
1464	-301.41836847804916
1465	-298.7961511082973
1466	-299.79151460453375
1467	-299.1772898956444
1468	-301.4832849513335
1469	-302.24151492220346
1470	-303.7187193691469
1471	-307.9314743874454
1472	-307.45615477608936
1473	-301.09758223590615
1474	-305.7219118122014
1475	-306.5893569845231
1476	-299.4934934384501
1477	-296.93226457327
1478	-299.02184399264814
1479	-304.03108341049483
1480	-300.03103168981426
1481	-307.23176300878134
1482	-298.9132708346671
1483	-307.14504608831993
1484	-304.126762231258
1485	-302.8846911872375
1486	-303.04390631143156
1487	-307.04321495109224
1488	-306.46389491976225
1489	-307.9737923141541
1490	-306.89943289640274
1491	-303.0319080515818
1492	-308.06398579896205
1493	-301.3928201961822
1494	-301.60591859133854
1495	-300.15040870067554
1496	-298.3037220060829
1497	-303.0678444536458
1498	-297.4551038897482
1499	-301.7569255377795
1500	-307.8948368470516
1501	-299.2658206163753
1502	-300.9747328180516
1503	-307.06646891332855
1504	-300.4747100908096
1505	-307.57401264607216
1506	-306.16572631588036
1507	-303.0465012056608
1508	-308.52083855997637
1509	-303.0982
1510	-307.45885982452063
1511	-306.58096559447995
1512	-307.7424512840798
1513	-304.6687
1514	-301.18469878519505
1515	-300.97543837256586
1516	-304.1659195300456
1517	-295.93270528048066
1518	-303.6030866810206
1519	-299.01410476889924
1520	-309.7418306133696
1521	-300.2317460169542
1522	-299.87215642477116
1523	-302.8751603145817
1524	-298.7519
1525	-303.5790254141075
1526	-302.17932568637764
1527	-300.1182455309844
1528	-303.671581711504
1529	-305.92544500807054
1530	-302.54942871574656
1531	-301.0951861700155
1532	-306.1174095500976
1533	-301.22566871184364
1534	-301.9191400136734
1535	-307.5906968845593
1536	-301.2668375829727
1537	-300.80544013591896
1538	-305.02216339118667
1539	-306.6808667245476
1540	-307.10750835895453
1541	-304.4675169843045
1542	-303.81616281587714
1543	-307.7882048832897
1544	-297.348031943363
1545	-301.11304230197237
1546	-299.9161314475701
1547	-307.63894204863385
1548	-301.60639616179037
1549	-300.70965766840936
1550	-302.2441547452325
1551	-312.8217784674222
1552	-305.27058482976304
1553	-303.5122309025464
1554	-300.3853222380037
1555	-298.02084515912645
1556	-305.67635700686077
1557	-295.80528882667784
1558	-301.4723126588823
1559	-306.96810985792416
1560	-309.9608722308285
1561	-305.02045789272165
1562	-308.7200910483184
1563	-307.90037455684717
1564	-307.2032593104918
1565	-306.2938196997111
1566	-294.95612443872545
1567	-308.48383811622585
1568	-300.094434085538
1569	-302.3719482248473
1570	-304.9526593818238
1571	-310.2064709438922
1572	-303.34380942840374
1573	-294.9891711577903
1574	-304.90142474509685
1575	-302.7192298202284
1576	-296.4484502887159
1577	-303.9844220903368
1578	-308.0832362545086
1579	-309.2332420145124
1580	-301.42913786806037
1581	-304.71675848367704
1582	-304.57248596661026
1583	-302.6342234507073
1584	-306.73283885769985
1585	-302.8674923644979
1586	-308.8864791925075
1587	-312.16217818389526
1588	-302.71425810945806
1589	-305.9941446171346
1590	-305.1402128989649
1591	-309.7199315065754
1592	-307.574306750993
1593	-305.268066035877
1594	-306.4606372034449
1595	-306.135986553923
1596	-303.8924317736853
1597	-303.48341003853085
1598	-304.3081004017599
1599	-308.40070391419226
1600	-312.6252092179381
1601	-312.20314119082883
1602	-306.3454030280675
1603	-308.45531278137537
1604	-305.64467102498367
1605	-301.44425998392967
1606	-302.75982781684945
1607	-309.1692719933694
1608	-306.5460393235794
1609	-303.3869087571983
1610	-303.68686825571837
1611	-307.57536927839675
1612	-299.0223420991639
1613	-300.7901157893179
1614	-299.47249452158064
1615	-301.2793182859224
1616	-307.31157933433167
1617	-302.24654256708664
1618	-301.07818535404556
1619	-301.14757572190285
1620	-308.1031320544208
1621	-308.42753939037647
1622	-310.94964927579406
1623	-312.58330648069557
1624	-296.7145531550495
1625	-308.02376483204773
1626	-306.98122278385546
1627	-302.57947949917497
1628	-310.4074785694869
1629	-300.5992139366387
1630	-307.78268650357813
1631	-309.55493823687686
1632	-310.99926834171544
1633	-305.627268749245
1634	-308.9190580375888
1635	-304.7222612372451
1636	-302.7764062498065
1637	-306.67677524885175
1638	-306.54548052565667
1639	-302.93470834104505
1640	-311.9921686623033
1641	-309.4007112064322
1642	-304.95955598835246
1643	-306.8566334121108
1644	-307.7765654234081
1645	-309.33404578210656
1646	-300.2614366881825
1647	-299.3095792235634
1648	-304.0816895047511
1649	-306.6895476780373
1650	-311.10631176385704
1651	-313.5172401066953
1652	-307.55706017648674
1653	-299.49564293832543
1654	-310.39186742141595
1655	-306.3053663531012
1656	-309.2180232975244
1657	-302.9256253024974
1658	-308.5430355060424
1659	-306.39384153257225
1660	-301.774879022131
1661	-305.8008031101896
1662	-307.7467501131806
1663	-306.1179669902325
1664	-305.0521067678659
1665	-306.25330520271126
1666	-304.24697532094456
1667	-307.75230824735036
1668	-307.87730696556406
1669	-303.08425916697746
1670	-305.4194078053191
1671	-307.370080921604
1672	-307.7447074263969
1673	-301.9067775631517
1674	-307.6702736260188
1675	-306.3842199598457
1676	-309.68563280712334
1677	-302.6575993464888
1678	-306.5205338594471
1679	-305.0228192940782
1680	-302.4124382403831
1681	-300.8824915164451
1682	-299.8042891887738
1683	-305.150214791581
1684	-304.7182979896004
1685	-303.16506225939816
1686	-301.7088699297592
1687	-306.85027108132704
1688	-305.77598467881546
1689	-300.00768331773264
1690	-306.93931022019257
1691	-300.4606363081367
1692	-295.24519548482704
1693	-305.29985097442216
1694	-305.3063846227617
1695	-293.7068574845028
1696	-300.59711319169594
1697	-297.8349903861123
1698	-300.53877304959593
1699	-296.2285002353558
1700	-306.8029271166281
1701	-306.56536919034085
1702	-307.0215829631159
1703	-307.4334777829686
1704	-304.6109655834708
1705	-302.38252619067384
1706	-307.2348933364722
1707	-305.99859328824243
1708	-306.9048768541732
1709	-293.11043308763226
1710	-305.0130588146988
1711	-303.53048301217837
1712	-297.9335816198301
1713	-307.79252728861263
1714	-303.5605652291505
1715	-303.1312989930417
1716	-303.49838853952565
1717	-304.47887569627545
1718	-300.9687624406176
1719	-302.7201410053714
1720	-304.852049552766
1721	-303.31090879666095
1722	-301.4909643606252
1723	-298.2726843651203
1724	-305.50290327289224
1725	-302.34663486015705
1726	-294.81005302221064
1727	-303.8231793163263
1728	-298.4374553294003
1729	-300.4779658462656
1730	-299.66594556973246
1731	-304.83121223689034
1732	-307.6758740935373
1733	-308.22806052057814
1734	-298.3780269344524
1735	-304.06514869434415
1736	-299.91013711998573
1737	-304.32432734477226
1738	-304.9296925262705
1739	-301.5479005383266
1740	-304.8546025417308
1741	-310.6704325335294
1742	-299.89767087510404
1743	-305.1315036554209
1744	-303.51825004610834
1745	-308.94069994824747
1746	-304.87307687446526
1747	-298.65551898860485
1748	-303.0659
1749	-307.0147000419791
1750	-303.0850266298378
1751	-301.3334430780635
1752	-304.0983654923108
1753	-306.1662160331633
1754	-300.968686860661
1755	-305.1523061092873
1756	-308.8352432064459
1757	-303.6615
1758	-304.0548011289794
1759	-302.13204329560176
1760	-304.6282204792295
1761	-306.0786105245962
1762	-295.46893986928467
1763	-300.56294381891615
1764	-309.5104518552177
1765	-306.7939167335135
1766	-308.38287937494675
1767	-304.465212146691
1768	-304.5867134577172
1769	-302.9642177146544
1770	-303.51608831726514
1771	-307.49154700586047
1772	-305.55775576331916
1773	-306.2112138298751
1774	-302.5087762282177
1775	-303.973271357956
1776	-302.9083924724413
1777	-303.10477938269474
1778	-311.098690124934
1779	-303.8577322918176
1780	-310.64369300765685
1781	-300.64122151577584
1782	-304.19122771337044
1783	-305.0568721317079
1784	-300.84999587127436
1785	-301.83820489670785
1786	-306.0869312480237
1787	-305.0083067554218
1788	-300.304502708695
1789	-304.0863529083095
1790	-299.5791886674277
1791	-304.16665612387783
1792	-304.4965586601247
1793	-304.04727678540684
1794	-301.84418208270654
1795	-301.8152136596809
1796	-302.15771780413843
1797	-305.9121429496853
1798	-305.2519947707019
1799	-301.5322679217897
1800	-303.8531226038287
1801	-299.68051576207955
1802	-302.20392750391903
1803	-295.68171354046103
1804	-306.3191860641351
1805	-302.95618510775586
1806	-304.6223500012275
1807	-300.27331228260465
1808	-303.95131223170114
1809	-306.86583976442125
1810	-300.3914354898379
1811	-306.05547839303165
1812	-308.79180688267087
1813	-305.0909371431657
1814	-305.00720449606723
1815	-306.61891741055825
1816	-304.67629472015767
1817	-300.2341054409895
1818	-299.77724211000685
1819	-304.5901301902594
1820	-302.7054235840423
1821	-302.4717592889158
1822	-304.3930891506917
1823	-305.9404896640909
1824	-305.25835847286663
1825	-315.7537838007154
1826	-309.91714885438455
1827	-298.6786
1828	-303.43620764110915
1829	-301.31297204144346
1830	-295.74890805891295
1831	-302.49876690153184
1832	-309.412787440549
1833	-300.1772636477178
1834	-306.32120755151084
1835	-302.40175616617324
1836	-305.0548937440889
1837	-306.760458378356
1838	-311.67344111271234
1839	-304.74121671126096
1840	-299.14971838512463
1841	-300.546159389639
1842	-299.6801142663836
1843	-302.49389473060614
1844	-301.94042734430207
1845	-314.43054293713345
1846	-307.99888095959295
1847	-298.21847304519736
1848	-302.0448288030544
1849	-304.445787931098
1850	-304.70814038765786
1851	-310.0685619703176
1852	-299.14960768663985
1853	-307.68629753099765
1854	-305.13726450301505
1855	-303.912520074938
1856	-306.7545666237882
1857	-308.1024000045733
1858	-307.16247159120445
1859	-305.56327028165424
1860	-303.92599971122826
1861	-299.87796376977377
1862	-304.24344358513906
1863	-307.93295840270406
1864	-305.43311516664613
1865	-311.52642808752563
1866	-296.796952891209
1867	-306.56303341808973
1868	-305.2305325498055
1869	-307.1851114342814
1870	-304.91556239451387
1871	-304.1009927942806
1872	-307.8715466586947
1873	-306.1655882191601
1874	-305.7396267804816
1875	-302.9920349261809
1876	-304.88984713844
1877	-301.1575833468249
1878	-302.3917968041428
1879	-305.04199630651175
1880	-304.36276744003186
1881	-306.3712955963619
1882	-303.64605433677633
1883	-308.081124272662
1884	-299.03937546366416
1885	-300.8668222568582
1886	-306.17153670859443
1887	-305.5815192827339
1888	-304.39412616614345
1889	-301.15189830470655
1890	-303.3722372613704
1891	-305.35089368800703
1892	-300.3845592186729
1893	-300.79047800416936
1894	-302.7146533274419
1895	-307.3847397258607
1896	-298.4705869034005
1897	-294.51369414842793
1898	-303.1114510066812
1899	-303.9386514148336
1900	-301.49289141869093
1901	-305.1612982933988
1902	-299.53761869339445
1903	-297.0895372201493
1904	-298.1886374136785
1905	-296.1505667235777
1906	-301.68060755986016
1907	-302.4768274162793
1908	-298.03194981216205
1909	-305.3013098773538
1910	-306.6749672548711
1911	-299.8331564951033
1912	-305.311849584052
1913	-304.89522787648934
1914	-303.5333410610611
1915	-301.8591403092199
1916	-304.6079611978102
1917	-304.12633103881564
1918	-302.13112373464384
1919	-308.48805964810543
1920	-303.88941815777525
1921	-300.96558494179254
1922	-304.818803537047
1923	-306.1750286691402
1924	-306.33803728759847
1925	-300.5805222753055
1926	-300.4742640352307
1927	-304.7452973666028
1928	-304.6499072828403
1929	-305.7369649253842
1930	-305.545292651425
1931	-304.3228262226623
1932	-305.3189820946418
1933	-305.9710258836334
1934	-302.79227053799104
1935	-302.7547766756565
1936	-303.62427890216895
1937	-303.69675837188356
1938	-306.9569423385701
1939	-303.5559846213033
1940	-302.95606675189526
1941	-305.4478075459073
1942	-303.9438190046588
1943	-305.07432675822105
1944	-305.14352244288796
1945	-301.00573865623716
1946	-299.2122649918599
1947	-309.60021091377786
1948	-293.16994265561175
1949	-302.60562209201964
1950	-305.74789528151103
1951	-300.8162110006748
1952	-294.6362253848014
1953	-301.26461860506055
1954	-306.62300555548785
1955	-305.4269176415452
1956	-301.9042870287395
1957	-301.37600663912826
1958	-302.08850901586476
1959	-302.17992182369693
1960	-305.381469533106
1961	-294.8207766841222
1962	-306.8218539008432
1963	-304.83098232620017
1964	-302.5724436162453
1965	-303.2695262728653
1966	-303.2960897731373
1967	-303.5889812020238
1968	-294.7297791974288
1969	-305.22768338041834
1970	-306.10187994921864
1971	-299.042158681212
1972	-306.9940926347731
1973	-309.33973956077006
1974	-303.9755255234752
1975	-301.23055819231047
1976	-295.0753402179185
1977	-301.5652627878857
1978	-301.286036293769
1979	-298.83041446995617
1980	-305.3382156837231
1981	-309.52652595252465
1982	-304.1262305748697
1983	-301.35724324744115
1984	-301.79122314915423
1985	-304.08244409581044
1986	-301.681395367911
1987	-303.814869297363
1988	-302.976765928335
1989	-292.0984090930211
1990	-301.33481399040033
1991	-297.6651000000226
1992	-299.9165324615843
1993	-297.7132000000001
1994	-299.1519857528997
1995	-300.27200000013113
1996	-295.3065902842905
1997	-303.6597800335077
1998	-302.61989164196024
1999	-297.13570066953264
2000	-302.17321397352214
2001	-297.28744121879095
2002	-304.6938772814115
2003	-312.26283716051336
2004	-306.700539031275
2005	-309.1882238663421
2006	-305.62740306382574
2007	-300.1845519492522
2008	-299.87793568530236
2009	-305.86612428711663
2010	-301.6197368840679
2011	-295.58354526254226
2012	-308.1205347132448
2013	-305.2811673815221
2014	-302.2150521021178
2015	-297.932084445518
2016	-294.23147558625647
2017	-307.6556293329145
2018	-305.3448024113175
2019	-299.9027173209875
2020	-306.4125917372211
2021	-308.653293410974
2022	-305.8935140399322
2023	-300.5352146471396
2024	-305.5252575524036
2025	-301.2203005516698
2026	-310.15336718403154
2027	-300.491884552214
2028	-306.17060320748794
2029	-311.5962054616705
2030	-307.5609271848894
2031	-303.9513776323026
2032	-304.2809814654092
2033	-299.19186165957683
2034	-302.84577512035713
2035	-299.30342486190295
2036	-310.6409515166419
2037	-306.06307838408026
2038	-299.5129416271732
2039	-299.49215553981526
2040	-308.7074082352309
2041	-296.96232336736256
2042	-307.1787654463704
2043	-307.4289395039517
2044	-303.30649444346756
2045	-304.5454514221262
2046	-298.60044125649495
2047	-303.0307000000001
2048	-306.30479517618625
2049	-304.9444081106235
2050	-309.1386787414843
2051	-297.6987267105628
2052	-305.18983672172686
2053	-303.6166747451518
2054	-308.82166987237986
2055	-303.671955068118
2056	-307.8187929809041
2057	-306.5834940874914
2058	-305.7385960588102
2059	-299.88121047972464
2060	-304.1319940115319
2061	-303.4026916554893
2062	-303.78416349182896
2063	-295.62164475890427
2064	-302.44801669781367
2065	-304.99580615420246
2066	-296.9181156180806
2067	-300.16374307373553
2068	-308.1238574588004
2069	-299.7546946869953
2070	-297.5357163643854
2071	-307.334394390747
2072	-304.30276926237934
2073	-299.8973502588332
2074	-297.973896524588
2075	-301.8359469039073
2076	-304.5772656292363
2077	-303.6881969808863
2078	-304.8459181655088
2079	-301.15002787520336
2080	-301.573704289708
2081	-308.0231439480899
2082	-303.0617664507842
2083	-302.335841726343
2084	-298.0888293510495
2085	-297.4145688006647
2086	-302.1600206086246
2087	-302.43317131050566
2088	-311.21236082688955
2089	-308.36530513507245
2090	-312.11981069735435
2091	-312.6842313226963
2092	-306.7530963096231
2093	-308.4003349711302
2094	-303.9916412862885
2095	-305.15759076365737
2096	-302.8194957470663
2097	-301.17677109396203
2098	-300.47707599898166
2099	-297.79828278740393
2100	-309.22506556995313
2101	-304.55764220353757
2102	-305.9458179363185
2103	-297.6306699425383
2104	-306.963975820436
2105	-307.5357113670904
2106	-307.2025815437998
2107	-305.26887805778097
2108	-301.6745572929208
2109	-309.1490520674385
2110	-310.97643076369735
2111	-305.0788
2112	-306.14503103243334
2113	-306.0816576762414
2114	-307.1894574413374
2115	-299.82712961950375
2116	-298.2205025778508
2117	-303.2596597565913
2118	-294.2139717662459
2119	-297.7853341010725
2120	-298.65270000000027
2121	-302.18703180678824
2122	-297.6756729926071
2123	-299.51426810389256
2124	-307.82501844101023
2125	-302.89610425498245
2126	-298.79302273577736
2127	-303.4943669053753
2128	-305.35496458230347
2129	-304.18351113477394
2130	-297.60180480429614
2131	-302.73657868535145
2132	-299.5103377653262
2133	-307.99729455436665
2134	-300.60121119805876
2135	-309.01183594991835
2136	-305.5393440674158
2137	-309.7613220090995
2138	-304.3911650405886
2139	-306.9642233752169
2140	-302.7059070527274
2141	-299.8474953185396
2142	-298.6604340422286
2143	-306.1955891230087
2144	-295.20559163843285
2145	-301.1306011293132
2146	-304.46272070561963
2147	-298.36441623141354
2148	-300.86673944840055
2149	-299.6595001760851
2150	-298.17381697472075
2151	-299.9580162418936
2152	-310.3365119911996
2153	-301.331383145996
2154	-307.7077931324698
2155	-302.2137460088379
2156	-301.0451943461188
2157	-303.67144142119747
2158	-298.10639037203515
2159	-304.0333249589231
2160	-297.920438574644
2161	-300.261805659812
2162	-309.3275888701947
2163	-301.4240864795385
2164	-300.23370725202193
2165	-307.4978025921765
2166	-301.500465229004
2167	-305.4847211343845
2168	-310.5350850321685
2169	-300.70341426069876
2170	-304.97536633881947
2171	-299.30970173001253
2172	-302.9544812156123
2173	-304.4920488313984
2174	-306.25446300608775
2175	-306.114511897586
2176	-302.5980008686569
2177	-308.3779706201653
2178	-303.77424887735845
2179	-302.1134410665684
2180	-307.1302120163415
2181	-307.77642926581206
2182	-296.49809696271404
2183	-308.90075386469306
2184	-299.103351171682
2185	-304.69121886785507
2186	-301.90266789235176
2187	-305.21871462931625
2188	-301.5763104686848
2189	-301.81293638087794
2190	-301.98060082871984
2191	-300.6975495585819
2192	-300.8775473030363
2193	-298.55240654796773
2194	-306.7779719447604
2195	-302.6618698270706
2196	-301.59687633457736
2197	-303.90138108779416
2198	-304.86856998746384
2199	-302.2116662174391
2200	-307.00132467876324
2201	-304.98001638919936
2202	-303.2832322385333
2203	-294.720731992524
2204	-309.52117769651505
2205	-305.9322919168632
2206	-302.8058310184196
2207	-305.8766606840684
2208	-301.10418538364735
2209	-304.7810123798772
2210	-307.1480170184198
2211	-306.01110645920875
2212	-302.5929808129562
2213	-306.0256136391265
2214	-310.90701165177506
2215	-298.5531152253509
2216	-300.5171366557716
2217	-302.81038070050084
2218	-307.6399030912167
2219	-303.7243266667564
2220	-301.5620203791514
2221	-301.7220058064105
2222	-302.3538595195214
2223	-304.8892389731209
2224	-302.90125134054426
2225	-302.99438392681583
2226	-302.96442096213946
2227	-308.3463514408598
2228	-304.75834735165
2229	-302.9641086948011
2230	-304.72788126065046
2231	-308.48454164878444
2232	-304.8557265475109
2233	-306.5732582351914
2234	-310.07534635135215
2235	-305.97916719753215
2236	-299.7361053143012
2237	-299.5740610335895
2238	-307.34609853415884
2239	-307.1454882093564
2240	-304.26085388602064
2241	-302.61473512443837
2242	-303.2423343418835
2243	-300.5960763533294
2244	-306.38916162813274
2245	-299.5570835298252
2246	-310.12507016672197
2247	-302.4746416308269
2248	-299.27325290158603
2249	-296.0653630106988
2250	-303.9463792853595
2251	-309.16657398273827
2252	-307.1298099964156
2253	-295.87951767087213
2254	-297.68493707008463
2255	-307.04374318074275
2256	-292.7619820038602
2257	-302.50890240453964
2258	-307.2903954603424
2259	-309.7145538565572
2260	-305.07584621661294
2261	-303.9746059487638
2262	-304.3056868633617
2263	-298.90283136512693
2264	-306.12457376412306
2265	-303.0609063704411
2266	-306.29985761186464
2267	-306.2774123542163
2268	-305.3271036995801
2269	-301.48466138824875
2270	-304.2365228199876
2271	-305.2894946996599
2272	-307.017490774349
2273	-301.15738415198393
2274	-301.714614679502
2275	-302.3002286802424
2276	-304.2222489030426
2277	-298.8982009356012
2278	-297.14395703103906
2279	-306.92777377535316
2280	-303.9690198368106
2281	-299.87851419540783
2282	-304.03513381723934
2283	-303.9557279232495
2284	-299.72669559669646
2285	-300.80464727493114
2286	-287.7640836346286
2287	-294.89940248605467
2288	-305.22918167880823
2289	-300.8805392379684
2290	-294.2286448067022
2291	-299.9461191742974
2292	-304.4571428954109
2293	-307.36708268933904
2294	-309.01393447474663
2295	-302.8429551981095
2296	-306.62610983587126
2297	-309.13426650665485
2298	-304.8384562138082
2299	-308.30538015422843
2300	-297.9411
2301	-306.5427273942522
2302	-306.5933561636407
2303	-309.8499093034512
2304	-306.03510982231774
2305	-310.5814391230339
2306	-308.7990489974299
2307	-308.3687286764249
2308	-298.6155148425321
2309	-303.47396835816926
2310	-301.9866036012398
2311	-293.00855877416205
2312	-299.03974262682175
2313	-304.3862149145103
2314	-300.8468843299368
2315	-302.1777118497727
2316	-301.7940443160539
2317	-305.5501645486764
2318	-299.78079571026996
2319	-302.6778003588973
2320	-302.75695164007
2321	-304.2988142635833
2322	-304.1840020777502
2323	-296.8312128156149
2324	-303.98332719552843
2325	-307.8837457256455
2326	-306.42761119995146
2327	-307.3639025215244
2328	-306.5675474143183
2329	-304.97080636367855
2330	-302.8746412309854
2331	-302.52024860770405
2332	-301.6544262035464
2333	-299.1144843053452
2334	-296.23787173240555
2335	-307.09174302644277
2336	-305.0450704471703
2337	-302.2181000582994
2338	-304.6713401844424
2339	-303.33622092761226
2340	-307.28823679180607
2341	-309.0661828615999
2342	-303.07018209841897
2343	-301.4065880830075
2344	-300.9318678474275
2345	-308.56032848838294
2346	-307.1335393588913
2347	-304.35527364715614
2348	-298.5666692792991
2349	-303.1703183688439
2350	-303.6940029441905
2351	-303.152572685177
2352	-302.7846862237309
2353	-300.928858063527
2354	-303.3490918893997
2355	-301.329308052336
2356	-310.70784187848346
2357	-301.8013179101353
2358	-300.9779026259224
2359	-305.7395247511023
2360	-296.50810082525294
2361	-306.09471213638966
2362	-303.8552691494338
2363	-300.93833133430905
2364	-302.1854419010996
2365	-301.1479049293513
2366	-312.27499634806884
2367	-304.0641325625366
2368	-306.59744045346883
2369	-305.9043826119268
2370	-304.74550000000005
2371	-299.67300684864534
2372	-309.6924225804202
2373	-308.9000654726543
2374	-302.3763278361466
2375	-306.09239071623665
2376	-305.13516537677185
2377	-303.5526525631752
2378	-304.72235796492197
2379	-299.97581261106353
2380	-303.4621620274464
2381	-302.39684079930686
2382	-306.75299021182855
2383	-304.4614470248008
2384	-296.58158215805616
2385	-303.8923480037315
2386	-307.3501320830847
2387	-305.0626728411919
2388	-299.25191945819756
2389	-304.110313785451
2390	-304.13875074533246
2391	-304.85455964103005
2392	-299.4899915107858
2393	-308.0484557479869
2394	-307.09082687446187
2395	-299.5322410711309
2396	-308.7567368752482
2397	-303.64582987814475
2398	-307.4535595284967
2399	-311.66347852282325
2400	-307.1272847423742
2401	-301.7727568229747
2402	-299.8143648957881
2403	-309.4343390849179
2404	-300.6160050702843
2405	-304.8035937900083
2406	-305.75354891917675
2407	-309.40872641119233
2408	-304.7279283448726
2409	-305.52610048472457
2410	-304.9292082113373
2411	-301.8413520117444
2412	-310.1361720740636
2413	-302.8446043239608
2414	-304.30823793833264
2415	-303.97899619734693
2416	-302.0320872529793
2417	-309.93569173254014
2418	-302.9335022249374
2419	-306.47470546079245
2420	-303.2085222912807
2421	-301.62429524176684
2422	-296.9278892473528
2423	-298.47851186688234
2424	-297.81956758102604
2425	-300.1287334024755
2426	-304.2645509083761
2427	-309.2554223809204
2428	-305.68235041780076
2429	-307.70810059109135
2430	-300.8579630986024
2431	-302.9653814344623
2432	-307.82983787792676
2433	-304.9105768330779
2434	-305.17416633185826
2435	-309.26693011213024
2436	-304.35346695818873
2437	-304.89244854569665
2438	-305.56541872340745
2439	-305.083679497041
2440	-309.5847338200539
2441	-303.101153006351
2442	-304.9545820035105
2443	-304.6239847977331
2444	-297.69257258085895
2445	-307.25888248180837
2446	-304.35005594772565
2447	-299.5918507890157
2448	-306.73301495381753
2449	-309.44507004786766
2450	-309.5245884928864
2451	-303.58543283739675
2452	-312.1845497737171
2453	-303.32572217229
2454	-300.5889753053552
2455	-305.07629937067344
2456	-301.2093562362249
2457	-301.9182753633443
2458	-302.7341003625824
2459	-305.17624716356534
2460	-303.4750805334807
2461	-302.91503290201035
2462	-299.55292588744334
2463	-307.01873697388726
2464	-304.71568453004
2465	-306.5602970140194
2466	-308.5343699483474
2467	-307.69466392593284
2468	-315.3054723832464
2469	-307.78948996137655
2470	-307.4239317048865
2471	-304.2376485504634
2472	-302.9656436692961
2473	-304.5912236360314
2474	-304.3524420117432
2475	-306.203643743839
2476	-311.02139577138036
2477	-309.57237868195716
2478	-301.2029996503763
2479	-313.0533305468768
2480	-303.58997313048434
2481	-304.2829628996016
2482	-309.96262415262544
2483	-305.87215990402115
2484	-301.73003272360586
2485	-311.04467490528776
2486	-296.048101164595
2487	-306.59326361447916
2488	-298.70263317754427
2489	-304.5175453562785
2490	-300.1777377277113
2491	-303.6910623522544
2492	-303.0601882480823
2493	-297.8002160289433
2494	-303.6161456979779
2495	-307.68293287697406
2496	-298.29635168412085
2497	-304.01893738460814
2498	-306.58226144001685
2499	-309.68076109561105
2500	-297.0609812574675
