1	-306.4949832247866
2	-307.9126947913326
3	-302.49498413131954
4	-307.29571959949055
5	-302.35321359404475
6	-297.59739845657487
7	-299.30379390130634
8	-307.39543675916593
9	-302.5167830214533
10	-292.9213766989177
11	-306.40392973676495
12	-305.67490599798015
13	-296.58970743435566
14	-307.9299154586631
15	-305.4474727656601
16	-305.42015424218823
17	-301.8228818380913
18	-307.92493279645635
19	-301.60379767584806
20	-304.7434314926335
21	-307.28828817209705
22	-306.0469918391836
23	-306.2824642908989
24	-305.2120801364438
25	-300.8250297451348
26	-306.59070108597024
27	-303.44251012748276
28	-309.53697258358824
29	-307.56060665669406
30	-300.4628508172937
31	-312.97316471897943
32	-306.46361643419755
33	-309.1676282383399
34	-304.3514945535125
35	-302.26100245327143
36	-301.39917212642064
37	-308.87029194940095
38	-307.0079750809115
39	-305.1538320751974
40	-307.5816854871437
41	-305.72266580471285
42	-298.04210314388274
43	-304.82095322853445
44	-312.04749005986696
45	-313.69122998466855
46	-310.757483861203
47	-303.09182033688637
48	-308.33619775559583
49	-308.65923960989153
50	-307.34386209391755
51	-306.827856493596
52	-311.5469963265886
53	-313.65290011286675
54	-309.43774417613133
55	-309.6881851533352
56	-309.40740806633175
57	-307.8541886413716
58	-312.5431853972328
59	-308.11461190656803
60	-306.37667066725413
61	-306.4808407264753
62	-297.68069930771475
63	-296.04835911257356
64	-305.50683676830096
65	-302.22998803835134
66	-308.07059187976967
67	-313.0188924003135
68	-313.08091850853947
69	-311.06279468482495
70	-311.0380068139534
71	-295.4569754251027
72	-305.7287124258645
73	-308.85594092529624
74	-303.6355700857508
75	-305.2901556890827
76	-307.7639107446498
77	-302.5853761557781
78	-301.33613995112745
79	-299.4602639033954
80	-305.065978114707
81	-302.0307257420397
82	-306.87335800282926
83	-307.0410346814847
84	-310.26973525734985
85	-309.6597886154706
86	-313.20709930322107
87	-306.1134474415462
88	-305.7949126457094
89	-301.8437067525848
90	-313.91093501984716
91	-305.10883778001505
92	-301.5400760202427
93	-305.5894680741165
94	-299.9420131523167
95	-299.45181332790463
96	-304.1914087522357
97	-305.57750772256844
98	-312.1243260511964
99	-307.05057143767135
100	-306.97418244461085
101	-302.1214883939554
102	-303.39391347812995
103	-300.21018326665825
104	-307.6523844817039
105	-303.58072188722207
106	-297.2689056750987
107	-310.24660164069604
108	-309.1153512488194
109	-301.2298144606741
110	-294.90063132610186
111	-301.7271230934391
112	-304.97040795693624
113	-312.926668607592
114	-305.53771644991855
115	-299.7481239549875
116	-307.3509580338365
117	-303.27579622999997
118	-306.3604038060622
119	-307.2864956328633
120	-309.0537731192263
121	-310.333986255687
122	-310.0093416056778
123	-304.8458452816293
124	-308.70693509815266
125	-302.50815027303383
126	-310.3062553263319
127	-308.27196843212477
128	-304.02863648030757
129	-306.83936511190905
130	-305.86960177580556
131	-297.1092795996882
132	-307.22383662753765
133	-308.8987005925472
134	-304.80039025121044
135	-302.4986416268064
136	-298.16525574673676
137	-307.14759786095027
138	-308.15332477676196
139	-312.5347977461246
140	-305.32090306988226
141	-306.31879052503433
142	-300.1760865418347
143	-307.31267592795706
144	-305.98313137020216
145	-302.9794873536433
146	-306.6800804810942
147	-303.486788405882
148	-309.15505407453264
149	-304.55314313257816
150	-304.9449647447413
151	-307.3774661579301
152	-302.99266802449205
153	-307.9657508920026
154	-307.3156218395453
155	-307.08164853607
156	-311.22470761422085
157	-314.19403878565265
158	-309.34979784447535
159	-309.7664181393971
160	-312.18822215657565
161	-308.02729551298137
162	-301.091683177394
163	-308.8576996306226
164	-302.01251942377843
165	-312.7090974357267
166	-314.8562466458085
167	-306.1333793459138
168	-308.2048181794121
169	-305.929425839671
170	-308.7455045294283
171	-306.4268974446344
172	-298.4078352104958
173	-311.00730405736317
174	-304.148496589689
175	-308.4302016209211
176	-303.1574828619792
177	-303.3492733675984
178	-308.86266168901864
179	-308.211786424195
180	-307.99058620995385
181	-306.01607982720327
182	-308.89985447559377
183	-300.84666230380236
184	-303.36745313776623
185	-301.24708921984774
186	-305.83728877023
187	-308.0814896434165
188	-300.0901249224539
189	-301.87622684309775
190	-297.42163270833134
191	-308.0212456009243
192	-303.5233989868064
193	-305.8128333705375
194	-305.2362440702622
195	-306.23451387162606
196	-307.8977805432078
197	-306.52057578680433
198	-303.9891981416702
199	-298.56462472947027
200	-304.0667331279768
201	-305.542863094663
202	-310.572448793128
203	-312.74012849332877
204	-303.3060187728523
205	-301.7848684600905
206	-310.28854733362726
207	-305.5362255949503
208	-306.9403544688584
209	-304.76904229279614
210	-306.20891133131255
211	-304.91659587519166
212	-304.0810768607265
213	-308.3282546133483
214	-306.3201857265305
215	-304.3420228157459
216	-304.2344263938002
217	-309.4491083771668
218	-305.2803069053168
219	-303.7598318759231
220	-306.21992457344487
221	-302.8286232981472
222	-301.3141806286895
223	-306.0000708730536
224	-305.6641681043331
225	-303.4703731261387
226	-301.7238080088092
227	-305.7473145682069
228	-308.17441090167495
229	-302.18917864577344
230	-306.3317898619526
231	-302.62952003706823
232	-305.626275898573
233	-301.674089812832
234	-309.0755603242923
235	-307.39625155044
236	-308.80923162221103
237	-303.5262147218346
238	-303.2420079601069
239	-305.4898679536103
240	-304.8327486061531
241	-298.68923346835857
242	-302.6102833081595
243	-306.95925422269295
244	-310.6820645026431
245	-312.67506752388533
246	-300.79553727294643
247	-313.1880065556431
248	-299.8818768962588
249	-305.01160787741037
250	-310.6627784119552
251	-309.2517166225103
252	-305.228971440928
253	-303.6017873101167
254	-302.2658674395801
255	-306.4501383385528
256	-306.3953310859094
257	-307.3568006600146
258	-303.24937711279114
259	-308.7244062308869
260	-307.432119387079
261	-305.27586186686574
262	-299.47988063819463
263	-313.19608982725987
264	-313.2474459444034
265	-306.1993701957947
266	-312.07132083855447
267	-303.8025521604176
268	-300.5417554322002
269	-306.92508442795605
270	-298.2808352922129
271	-304.3151128748254
272	-310.496940469197
273	-309.8493330172197
274	-306.8849177248326
275	-305.66656423233115
276	-297.53290208119125
277	-310.1343980938913
278	-306.9080739886497
279	-300.4771489825954
280	-307.90275605250105
281	-305.7593849117234
282	-299.10745610664804
283	-306.12919728547234
284	-304.3382365230439
285	-303.4669128141299
286	-305.24188839845425
287	-298.161218943831
288	-299.7188321816251
289	-298.85874531069965
290	-304.98791338710055
291	-305.92255311189575
292	-302.6102011574322
293	-305.79254075102716
294	-306.87548950354216
295	-305.14639473413524
296	-303.81118300341547
297	-305.69020483120306
298	-303.9810640122738
299	-298.3048639329181
300	-311.70233226800826
301	-310.146106879874
302	-305.81325180207546
303	-297.0057148529312
304	-304.5404681816098
305	-306.3497919539806
306	-306.75491922664503
307	-310.3208767899909
308	-308.0147918744345
309	-296.1414854220918
310	-309.58248614096755
311	-309.3451592194818
312	-306.2565470063444
313	-307.9232210599448
314	-309.55898888972166
315	-303.93771148838897
316	-310.3985093935468
317	-308.78325867950525
318	-310.00019593954795
319	-302.1992955622026
320	-305.5248028243744
321	-308.0955979380359
322	-300.384886174633
323	-304.0366456485886
324	-305.9787779517624
325	-303.5414623098868
326	-310.01212589147593
327	-311.12206168519805
328	-306.57533746319126
329	-311.8712518440271
330	-307.91631265217313
331	-309.7538575661519
332	-309.16988730986895
333	-307.9847915798329
334	-308.0555772924626
335	-309.6003155851147
336	-306.72270266417826
337	-310.05959637517805
338	-308.68836193498316
339	-305.4311345756551
340	-303.7498535238677
341	-300.78298960040337
342	-303.2455998337948
343	-306.32823823429965
344	-308.8563814765894
345	-304.81448270970986
346	-309.303181345338
347	-307.92425319805284
348	-305.39679194135806
349	-307.17983827621555
350	-305.40507323579453
351	-313.50737177609545
352	-312.6202038944237
353	-299.5834308498197
354	-302.3860969209073
355	-306.28339370089265
356	-303.73836280631326
357	-304.56109049600167
358	-298.0761026299008
359	-296.64213145400794
360	-299.5851892746512
361	-303.52733094447854
362	-312.740910775663
363	-307.2799658580991
364	-305.76352885084077
365	-303.2198024517728
366	-309.24631746723765
367	-304.064205877293
368	-308.21181222290306
369	-310.3701132912893
370	-315.4994504231092
371	-307.8936634524245
372	-297.83698414517977
373	-308.28055913717617
374	-311.3192354853984
375	-302.74060449210407
376	-301.9137709986832
377	-305.8963435875519
378	-310.5575694312296
379	-309.58918854039695
380	-308.1325310971404
381	-307.5091368049283
382	-305.13343746800524
383	-308.3941047646418
384	-304.3180427279601
385	-301.42746945494065
386	-302.77469710411805
387	-299.86348652512083
388	-304.02366956028317
389	-306.51638471068276
390	-307.8413372503472
391	-305.3157637218283
392	-304.34539842953825
393	-307.2487670313533
394	-312.0836119100238
395	-310.82658826839173
396	-310.8105759572507
397	-313.4171027231977
398	-307.05522872998847
399	-309.85413353306126
400	-310.0237174299547
401	-304.66637251184426
402	-306.7325852928335
403	-312.02389235729515
404	-306.3559897798497
405	-307.0653672379695
406	-309.670070641234
407	-306.20539334256733
408	-307.4262312496217
409	-311.14716484371564
410	-303.74470788360577
411	-308.13059314059564
412	-306.4426452704853
413	-308.9896969995289
414	-310.70205610026125
415	-309.50493505794134
416	-297.3670480647949
417	-302.28815169285184
418	-308.186496559597
419	-304.48367392949683
420	-312.7215859607679
421	-307.3642288527218
422	-308.265303036562
423	-300.64325371766523
424	-311.5236481825913
425	-310.5270147375463
426	-303.2232981844111
427	-302.5507438522509
428	-304.47047147910047
429	-307.4689909233657
430	-301.6784528716868
431	-298.7536847057275
432	-298.9961346031567
433	-302.7898191965824
434	-298.6198796304104
435	-303.7274723165508
436	-308.2013287150564
437	-310.03255597309084
438	-303.3937858196156
439	-301.97667812777087
440	-309.6929004103082
441	-307.6971930728427
442	-303.19604411227476
443	-302.864931264451
444	-306.07843276053705
445	-308.9222888730056
446	-303.397580506109
447	-304.669282683065
448	-304.9874888572101
449	-309.9219289859784
450	-308.60010316600557
451	-304.29460677638616
452	-307.8417074742768
453	-314.3979484255983
454	-310.2024718049398
455	-311.52921478599507
456	-311.9452577210085
457	-312.2179480138717
458	-309.52580737787196
459	-307.8160509200905
460	-305.43127876415446
461	-310.3699643817342
462	-309.94217845889835
463	-300.67157087158694
464	-306.6508376585491
465	-310.44837454509474
466	-309.2270274403531
467	-308.83279720790995
468	-307.3532461223762
469	-305.3144465173675
470	-301.8729143660347
471	-307.4013911934636
472	-307.98667526764405
473	-301.6675621385384
474	-308.091694853368
475	-311.7093996156127
476	-306.2815893400596
477	-309.01134218185365
478	-304.10448511584013
479	-304.88549760944494
480	-297.7561676927106
481	-301.21521090376535
482	-305.6112317735632
483	-303.4970278224228
484	-306.5125683388132
485	-305.49469567999853
486	-301.51014083401645
487	-308.587779944887
488	-303.58281977181156
489	-301.967916229475
490	-307.2655846030992
491	-303.90758120337256
492	-305.86189750964456
493	-308.57296990906485
494	-306.0411690040681
495	-307.590716853632
496	-302.9814090574507
497	-300.36937190700587
498	-301.47854633761085
499	-304.1594991750836
500	-304.4718738805026
501	-312.3377234240729
502	-308.7122053312804
503	-303.71963930225235
504	-302.6224300062134
505	-307.22997089159406
506	-306.3717674319669
507	-297.15966085546927
508	-305.6942337642286
509	-298.8351641771056
510	-302.3015893205028
511	-304.7227586124587
512	-300.4298922255648
513	-301.6141057570647
514	-306.06295486102744
515	-308.56975157036646
516	-307.96690410966283
517	-301.77057075958766
518	-306.00157827874034
519	-301.62265474621927
520	-310.0513593224467
521	-306.11354108144855
522	-306.05686568433896
523	-305.8147921684369
524	-306.1108114989081
525	-297.0679554559876
526	-299.82941425578696
527	-305.8784114329435
528	-302.20501096596365
529	-299.5375878010279
530	-302.2012443063192
531	-305.54311131653054
532	-308.74306474369126
533	-306.22811496535246
534	-302.7143164017193
535	-306.1406530759536
536	-305.5893078412736
537	-303.4571920070673
538	-303.5565793341547
539	-306.5415534329684
540	-303.88077552714094
541	-307.8066244009098
542	-307.0003524807092
543	-304.8388226663478
544	-300.2088102813136
545	-307.48411070036366
546	-304.2742553678057
547	-300.57512120165774
548	-310.6031147416941
549	-302.04445500339244
550	-302.64719976799404
551	-302.3111768086244
552	-298.7425412323183
553	-309.2885020267716
554	-302.3937488023901
555	-304.91378827574187
556	-308.1987384149546
557	-309.95481529578643
558	-309.81090657795636
559	-304.55942608882515
560	-303.1742530766472
561	-310.6737611214601
562	-303.57724473136363
563	-307.82965463225037
564	-306.2379431127374
565	-301.4623754049425
566	-303.85612533126084
567	-299.1962013559684
568	-300.58753125534037
569	-303.48344802460053
570	-303.56247826188513
571	-303.95733221790863
572	-306.3705792533589
573	-310.8187059237039
574	-301.89408996439414
575	-299.0077247063226
576	-295.69251348681246
577	-302.8957646034458
578	-300.95146019716697
579	-301.45244978313826
580	-301.4356951303523
581	-307.0690795483499
582	-305.6438472539726
583	-297.5796002903445
584	-308.8611531157549
585	-304.35959364504333
586	-305.0988232179635
587	-308.9954010246789
588	-307.2232564918068
589	-306.6899212495064
590	-300.7959888867404
591	-306.6367592023796
592	-307.6459827913643
593	-304.8704857661796
594	-301.5219400720141
595	-309.94571238696653
596	-298.46556892322656
597	-306.9437097153161
598	-301.8938793376914
599	-307.18158151162305
600	-310.21701902413366
601	-296.0264872034297
602	-304.25663747689356
603	-303.01427413521384
604	-309.18906457927045
605	-305.4858588678916
606	-304.4224880793852
607	-299.67393305357643
608	-307.29025041254266
609	-305.8569278136928
610	-313.9826492051601
611	-306.6656483709081
612	-309.000821460526
613	-306.6636099099686
614	-304.29003082861027
615	-305.1037674795055
616	-301.9082353294122
617	-308.11636246210793
618	-302.0461184176876
619	-307.713287457409
620	-304.3675958475227
621	-303.7984487335222
622	-300.39033764523066
623	-312.6167537127927
624	-310.71707862219796
625	-305.3828200420416
626	-304.6103347039861
627	-307.9735594210009
628	-307.0951694784332
629	-312.1333924949064
630	-302.38141570574317
631	-298.94355606738645
632	-308.3265658370593
633	-307.15954325123494
634	-306.3981819102963
635	-308.1805472639679
636	-300.8479082105832
637	-305.05325785808157
638	-310.52119418369165
639	-301.3584567014268
640	-308.5118814881255
641	-303.76693130425315
642	-301.63568023327116
643	-306.457173724399
644	-301.8635350274032
645	-305.1773446038571
646	-298.4114210583508
647	-309.71964095070086
648	-299.1617211882322
649	-298.82506960954044
650	-304.97554891228435
651	-308.78393033617596
652	-305.9374047574787
653	-308.49159941947505
654	-308.2601395835252
655	-303.4161150980408
656	-304.4562652642724
657	-305.1413602470048
658	-302.8556551920244
659	-301.1634855799282
660	-306.40879464564324
661	-305.92709204076186
662	-307.87785968091384
663	-309.23720435970716
664	-312.20862878187717
665	-310.53047478241706
666	-308.30625320326413
667	-312.5904389315248
668	-310.7703516867214
669	-309.50888580144095
670	-308.9703524338684
671	-305.15963513815717
672	-302.4016283826861
673	-306.01320223880214
674	-302.15156554338813
675	-300.42143400604454
676	-302.78477166009907
677	-299.50182250885115
678	-310.4037203991969
679	-302.63095903919003
680	-304.5811559543942
681	-307.65682374021054
682	-309.156977072534
683	-302.91724889482293
684	-304.9130553771754
685	-307.8684774130116
686	-306.9567213472513
687	-309.5761250230361
688	-307.2047012422773
689	-302.36026139847314
690	-305.87743509278965
691	-302.43297083690874
692	-306.50035932651787
693	-308.4424283830496
694	-302.49097679500767
695	-298.9890840783884
696	-300.16906554462975
697	-296.8185098323988
698	-300.3994064795351
699	-301.48900035669476
700	-306.1390948787465
701	-309.0602634033302
702	-307.6934790181963
703	-300.2655674688389
704	-302.7861953943932
705	-302.80909463311036
706	-307.87723716921016
707	-306.83610162135443
708	-306.63734307477523
709	-307.2655995604245
710	-303.3406117702559
711	-299.0373703474252
712	-303.5593351530787
713	-302.683279566893
714	-306.9183598475792
715	-306.2907847510772
716	-305.38330945904715
717	-302.91632312609056
718	-302.3247422361055
719	-305.19457208169143
720	-312.908084784798
721	-299.34320921213043
722	-309.084359562107
723	-310.0155220221704
724	-304.7203606681327
725	-301.72517641508887
726	-308.91381942138236
727	-310.2818559573106
728	-306.9616374755544
729	-305.82060453327676
730	-308.7853133373413
731	-309.08241573645427
732	-305.7542831123288
733	-305.7066406419872
734	-300.49519934822905
735	-300.61216461924903
736	-305.01237945870304
737	-306.92137070974053
738	-312.54107121880094
739	-311.57049201733383
740	-306.0914359741175
741	-307.29778993386117
742	-302.94501894988645
743	-308.4930542583207
744	-304.40230548185406
745	-305.46715809153926
746	-308.2390447262699
747	-311.64695591663366
748	-303.65319708534645
749	-307.5994473130308
750	-309.0438747757907
751	-300.3798396371677
752	-298.1848148489629
753	-305.6728781534565
754	-309.5082078633589
755	-304.403740588343
756	-309.13058864784773
757	-307.2556630938838
758	-309.1132862665943
759	-304.96044559254307
760	-307.0367131911934
761	-307.7380268179776
762	-307.83968269537877
763	-310.9422053786903
764	-307.96787975710555
765	-311.23588833454903
766	-308.8828360159956
767	-297.56496762682923
768	-302.9002373222303
769	-305.6236704150686
770	-303.2424298471828
771	-307.4232284447095
772	-309.86707904508495
773	-314.40367912305544
774	-310.29980557036816
775	-306.84262886273234
776	-304.15585129852803
777	-300.0353510603734
778	-310.26263056777606
779	-305.8080929629064
780	-309.7517542188632
781	-306.8965340837125
782	-307.67124427055273
783	-307.9583880529817
784	-313.5031669825409
785	-309.06536627118794
786	-304.37343661467787
787	-306.83175393043723
788	-311.2569848252575
789	-308.0596819373584
790	-307.3235187870007
791	-306.65156274318304
792	-313.1086352591588
793	-299.0129846079851
794	-303.34910534908124
795	-304.6812259591187
796	-303.9679585686638
797	-298.3790844735622
798	-306.0838614639591
799	-302.49512029186127
800	-305.650889664481
801	-309.3782115699843
802	-301.55064224648214
803	-301.2587220836204
804	-307.6315867496651
805	-301.85242604617093
806	-304.0942206635502
807	-309.613059653631
808	-308.8257112500313
809	-303.69714132230047
810	-304.15482815755763
811	-305.01188001576105
812	-308.006017459314
813	-301.24931845871936
814	-301.9104258902012
815	-301.8386080080401
816	-314.94056219971617
817	-313.1121315501554
818	-307.53975075210246
819	-303.49377080595485
820	-304.0014044980434
821	-312.61923692356095
822	-306.3692830793782
823	-304.02020721929597
824	-304.72268692011
825	-306.20236718374383
826	-305.14319589665007
827	-312.05638388316964
828	-304.044420416047
829	-308.9132228500803
830	-302.1184214703096
831	-308.0331491249858
832	-308.9458810458967
833	-304.6475318188804
834	-306.5620899979764
835	-310.7198665699486
836	-310.24108234878867
837	-302.8667016783135
838	-301.236439571349
839	-308.73010935251756
840	-303.7143763887746
841	-304.88638097652824
842	-310.86290720547754
843	-308.9728542927802
844	-305.01285623759367
845	-303.2043077281361
846	-300.7965541766458
847	-302.498663404801
848	-300.99172730195073
849	-303.6982150524294
850	-301.3106703731901
851	-309.5743007442006
852	-305.0321347673795
853	-309.2439837328782
854	-312.05124732489134
855	-306.3564320905253
856	-304.093878452006
857	-307.30667088964833
858	-306.4538550756833
859	-309.53338877370413
860	-308.8833389315288
861	-305.3146797415761
862	-304.5874092923601
863	-307.0327629188918
864	-303.116813439494
865	-306.4193924042587
866	-305.75733437781133
867	-305.9980211487718
868	-306.0498419757378
869	-307.6779829728824
870	-304.3700666394243
871	-306.8244154048293
872	-307.91091965277474
873	-309.00584497107667
874	-308.81571117303895
875	-310.108956626904
876	-305.44833676489765
877	-308.01823686690796
878	-303.5218856959304
879	-304.91035471973083
880	-303.3807467596013
881	-300.221754741384
882	-299.8731428279221
883	-303.9003444444296
884	-301.5259683856161
885	-307.39021391409904
886	-304.299663935079
887	-307.19676205760743
888	-302.61258727361536
889	-302.6856702775607
890	-303.34628524721785
891	-303.80349246141714
892	-302.28987927062093
893	-304.22286229054083
894	-302.9385261081513
895	-305.6422940286803
896	-308.8531318419976
897	-311.8250852215835
898	-308.86605397647554
899	-305.78134883669986
900	-310.0988118875861
901	-311.61384028373527
902	-308.28993546365405
903	-310.4380491449482
904	-303.5298240048656
905	-301.63194652850274
906	-305.34346846271586
907	-305.231706083082
908	-303.2055994388529
909	-302.3698923447516
910	-308.42037474636714
911	-302.41031791072896
912	-306.22255940895815
913	-305.424420901707
914	-301.7000376794582
915	-304.08877616033647
916	-303.3994140879423
917	-301.34927987183323
918	-307.32758942768896
919	-305.8547687468851
920	-299.2588901912679
921	-303.19124556723284
922	-305.6753397108174
923	-300.88599456036303
924	-298.4623841530495
925	-299.9170863707414
926	-296.67246345690836
927	-298.96604115352903
928	-304.8073841613473
929	-302.48292275086305
930	-304.3855136374344
931	-306.1935986764395
932	-305.9253299222062
933	-299.72713198763086
934	-306.429583928819
935	-307.1260741016943
936	-304.3894830864639
937	-305.8106859994166
938	-297.9042348518554
939	-299.36776844499656
940	-303.9784963403577
941	-304.35916773289205
942	-309.79218956293386
943	-303.0537494767126
944	-305.2528975253217
945	-303.12530250127054
946	-301.4380394024056
947	-306.04621585200266
948	-298.5992030317838
949	-290.5816330724306
950	-302.0184872526839
951	-308.4370648349744
952	-303.84693621086166
953	-300.76767954126177
954	-302.3696217765618
955	-308.13508005023056
956	-300.50989102986665
957	-296.5681404985441
958	-306.3677241673965
959	-301.67062847584185
960	-305.8971256186496
961	-306.0081493082804
962	-300.1056883040846
963	-302.7198989328348
964	-301.5061154460564
965	-299.0631411309839
966	-306.66314710438024
967	-303.3696438826006
968	-301.87700230702455
969	-298.4809818257943
970	-304.82507129338444
971	-302.78455074626004
972	-304.6123744543317
973	-302.3939375260368
974	-304.21973360040084
975	-300.4291072414778
976	-307.60866491787135
977	-305.651338515072
978	-304.49440240623215
979	-306.1057423267768
980	-306.91843998192553
981	-298.74140112764314
982	-300.2056802583788
983	-312.27524595254835
984	-306.4050723525621
985	-303.3627496478392
986	-304.7910928703405
987	-307.2520788335178
988	-304.97046271869874
989	-303.6233241148318
990	-303.5863268005551
991	-304.47531159755647
992	-303.2619520992972
993	-303.4401328353779
994	-293.56391419774064
995	-305.8272216738997
996	-308.34443951492204
997	-297.166464057751
998	-301.5449582547618
999	-301.21560000025187
1000	-308.5116822297938
1001	-305.84166695002193
1002	-304.28972219849504
1003	-300.93698568373844
1004	-305.91278180819927
1005	-306.7427623650493
1006	-304.1793057962995
1007	-305.6446000002282
1008	-303.0225500159585
1009	-302.5996753715685
1010	-302.69719178105333
1011	-303.87275694523254
1012	-314.1462172882216
1013	-301.40160172837074
1014	-302.5126423712344
1015	-306.2116142638028
1016	-306.2537373189212
1017	-307.9683755194952
1018	-302.9117763977471
1019	-308.8054059096599
1020	-301.4857214857156
1021	-298.65483911381847
1022	-304.5638472742058
1023	-305.40046794363695
1024	-306.60228057853305
1025	-304.1441969633498
1026	-298.94180443917634
1027	-302.50492684253635
1028	-304.9580099244374
1029	-304.0430962399778
1030	-307.03618795257387
1031	-301.5414976445837
1032	-302.4559105991059
1033	-300.14859001402374
1034	-304.8827219933426
1035	-300.2751056007365
1036	-301.9269115874153
1037	-303.6503694856807
1038	-310.6497069625268
1039	-305.08224940374004
1040	-303.92193442980994
1041	-305.5358438028944
1042	-307.8171342324206
1043	-307.95589124414414
1044	-308.1207295326326
1045	-302.1916229550178
1046	-304.4992844113458
1047	-305.1781755035863
1048	-306.6871590289579
1049	-303.8950437308014
1050	-309.28954797210474
1051	-302.9490224763345
1052	-309.879449484176
1053	-305.6747651124419
1054	-300.9974833488786
1055	-304.28261523594824
1056	-303.7694
1057	-300.01810753657634
1058	-304.6619764142078
1059	-305.7650366251138
1060	-299.58867264429904
1061	-306.6266685787016
1062	-307.5430827831183
1063	-297.6624529616806
1064	-300.5741018670848
1065	-307.07717920576414
1066	-297.80781574478243
1067	-308.94333153974736
1068	-304.9787810752586
1069	-302.1307771681129
1070	-304.908384044642
1071	-304.58545125230984
1072	-306.29766973054797
1073	-306.69721491045937
1074	-300.9563677182531
1075	-298.1221249384907
1076	-298.0650960746412
1077	-306.29939643216335
1078	-300.5435504377533
1079	-304.1654115377222
1080	-297.42621244294077
1081	-300.3194949370122
1082	-304.8553620220616
1083	-306.49123830547
1084	-308.58789494675466
1085	-303.5224037869642
1086	-301.7272379599608
1087	-308.2955838902916
1088	-303.60818230946825
1089	-300.74893471543686
1090	-305.8841000204033
1091	-303.14937345703294
1092	-306.2734387414601
1093	-301.5873739588619
1094	-307.21884981528177
1095	-301.26485731956393
1096	-309.60706479573355
1097	-306.2010912163697
1098	-299.0373770521641
1099	-301.71921056240234
1100	-306.79518633114765
1101	-305.9715504743313
1102	-304.0384376163443
1103	-302.18121215808134
1104	-307.84742153140223
1105	-301.473000000227
1106	-304.2175773502214
1107	-308.50275639537466
1108	-295.44745194947365
1109	-298.1264618374601
1110	-301.4384558022911
1111	-303.20550289875865
1112	-308.8733776301229
1113	-299.84883944624255
1114	-306.91064097504665
1115	-304.27938665887024
1116	-305.03644859134596
1117	-303.84110074516803
1118	-300.7735349301194
1119	-308.05589787744157
1120	-305.79096478411833
1121	-306.68185952568643
1122	-302.2777332230901
1123	-304.93830788966005
1124	-302.3059888210394
1125	-300.7172158259366
1126	-303.3574069340525
1127	-299.721494799158
1128	-304.9847212289856
1129	-300.2681907697495
1130	-304.2555496625015
1131	-296.95668748256327
1132	-301.1654190511956
1133	-297.0499293482036
1134	-304.38844909926036
1135	-304.24673405763707
1136	-304.95939115604
1137	-303.61480331752927
1138	-300.63358815643426
1139	-300.7120309882511
1140	-294.6443839374096
1141	-304.4435300738306
1142	-300.50868935199355
1143	-307.58565787762296
1144	-307.0025087159427
1145	-301.8581694197281
1146	-306.24972797384686
1147	-305.60457335709464
1148	-306.94972946282485
1149	-308.2449555209154
1150	-305.56845511459
1151	-307.5408605842805
1152	-303.5451507171535
1153	-303.15597680703155
1154	-304.24661389236115
1155	-299.47477202542495
1156	-300.4866516654497
1157	-306.7132618935645
1158	-299.5969931817778
1159	-299.3960623756621
1160	-302.8025040878006
1161	-301.45186519838694
1162	-304.2681917981224
1163	-302.21519144071647
1164	-302.05165067978425
1165	-297.2243369854214
1166	-295.9079118403321
1167	-301.10237506279844
1168	-295.73897978715155
1169	-298.71456846335343
1170	-300.32338316875814
1171	-301.2459287714847
1172	-294.17978658253685
1173	-298.26199620881397
1174	-299.86045745863225
1175	-304.3256275332337
1176	-296.4039225616686
1177	-304.5557104895527
1178	-301.4007128100778
1179	-305.5497627278317
1180	-304.01220118829514
1181	-302.02384241809284
1182	-309.70183226572135
1183	-303.2762242465485
1184	-305.51013303501236
1185	-302.69460928912304
1186	-307.4036310066074
1187	-294.7769881348146
1188	-307.7085743194226
1189	-305.11330013785414
1190	-305.32494820754624
1191	-311.07848772245995
1192	-301.5946208342426
1193	-307.91709695445036
1194	-299.2584429634901
1195	-306.0813158995272
1196	-307.4853116815238
1197	-300.9115714403219
1198	-302.63636812400324
1199	-308.55312153720337
1200	-306.6981096351408
1201	-300.57233355775674
1202	-305.42066169478045
1203	-305.4898006495444
1204	-300.45461223707343
1205	-297.2262018192896
1206	-300.91340183722156
1207	-303.53299595785853
1208	-303.8719884772357
1209	-305.59604129177524
1210	-305.33340894427755
1211	-304.2965368297404
1212	-310.6190212728069
1213	-301.488007377526
1214	-305.1312554605564
1215	-306.65406616892244
1216	-308.6924830483478
1217	-302.9592885672805
1218	-310.2266222668537
1219	-308.331109176521
1220	-304.172319564777
1221	-306.97612327457153
1222	-308.0841266755693
1223	-304.56029626761585
1224	-310.25522917460484
1225	-310.50198813089406
1226	-302.573186527076
1227	-312.5486099375799
1228	-310.42804263305476
1229	-304.0681288082269
1230	-312.3912737581967
1231	-308.75519887541617
1232	-305.56113872420553
1233	-306.02796412740605
1234	-309.9042116830421
1235	-309.60380451233715
1236	-307.21576491216206
1237	-304.0896993400187
1238	-309.7786173955987
1239	-305.95105535448613
1240	-302.67934984082984
1241	-308.33007787774346
1242	-307.1072701755016
1243	-309.2102613871673
1244	-304.62294901991464
1245	-305.4103762293339
1246	-307.59506816601873
1247	-307.87021084963396
1248	-298.98344916412674
1249	-305.3208640586667
1250	-302.66750537881126
1251	-307.7260140803188
1252	-306.51256126132046
1253	-303.13875129456426
1254	-305.3697131416834
1255	-306.352761677306
1256	-303.89336165564964
1257	-301.0233730883881
1258	-305.78886614414773
1259	-309.5625973070981
1260	-305.44552658329684
1261	-300.113474650012
1262	-305.28924886029444
1263	-312.29234486193394
1264	-303.4807734570979
1265	-305.59439562640785
1266	-305.394625678757
1267	-300.2931733687818
1268	-300.38196915388124
1269	-304.7388248498945
1270	-304.3703888279209
1271	-308.1235303843593
1272	-306.99539991962
1273	-308.80717278493654
1274	-302.3121812001543
1275	-307.00448522399296
1276	-308.9204221410678
1277	-306.1008186156948
1278	-305.6997062904066
1279	-309.00402358481193
1280	-305.63609655224485
1281	-303.1936912393833
1282	-302.5314301173415
1283	-306.6964727896022
1284	-300.1923655505185
1285	-304.65663077541546
1286	-308.46256623941315
1287	-302.14549354174994
1288	-302.55794965197686
1289	-310.3068399776087
1290	-303.67295346729964
1291	-307.49053322257544
1292	-296.869225440346
1293	-306.20208496889217
1294	-299.7838814691153
1295	-305.49975419618283
1296	-307.66614265042097
1297	-308.7090178265312
1298	-307.8851902984299
1299	-302.9870681273038
1300	-301.07135893368786
1301	-302.6551538084969
1302	-300.6599456499554
1303	-307.7837873305946
1304	-309.4135875953425
1305	-305.4318007396627
1306	-313.715158692571
1307	-303.38290649855287
1308	-303.61852217791886
1309	-304.408014290339
1310	-303.15234473404513
1311	-302.33474197357486
1312	-300.03591810391544
1313	-303.16062172421664
1314	-300.8701568384215
1315	-303.9113624782878
1316	-302.8597999037596
1317	-306.198158455139
1318	-301.1724619284309
1319	-307.3544599294753
1320	-306.22502776728885
1321	-306.1109549901292
1322	-305.4660083511126
1323	-308.91234877433106
1324	-317.4551158810627
1325	-302.5340524649097
1326	-310.27473483682076
1327	-310.92842160634115
1328	-305.46147296197813
1329	-310.3673542338265
1330	-305.3667974294807
1331	-298.8335283620066
1332	-303.09397264297485
1333	-304.0985147730351
1334	-307.4402832644706
1335	-306.4230314351869
1336	-309.33788155681344
1337	-305.96955841050845
1338	-307.54587635956636
1339	-302.6690342907089
1340	-308.9254830350098
1341	-310.2174684493929
1342	-308.5528191701197
1343	-310.3448296905192
1344	-308.50301516187335
1345	-309.34114929364677
1346	-305.1198660150861
1347	-309.43038562515227
1348	-305.675531702608
1349	-306.0442775191909
1350	-311.1838826347661
1351	-309.4842523788693
1352	-308.31088444869926
1353	-305.3282900035929
1354	-304.87696519451487
1355	-301.4150427649589
1356	-307.30102928689485
1357	-301.1195864228238
1358	-313.1034858466224
1359	-306.927064493194
1360	-304.3118674637055
1361	-308.8333434397474
1362	-306.56771966485746
1363	-310.9670414455445
1364	-312.27933635228624
1365	-314.9259620695268
1366	-310.404344609696
1367	-301.04999170101775
1368	-303.7542614516645
1369	-311.06858806265257
1370	-310.0645516283061
1371	-301.64018212991687
1372	-302.8829285180439
1373	-299.8011746862815
1374	-304.40864260523307
1375	-304.7021713062063
1376	-300.56307028587713
1377	-308.33731204349846
1378	-313.5872262580121
1379	-304.48648535867505
1380	-308.81949606160794
1381	-301.7743533420409
1382	-304.20480024162026
1383	-313.2767710992999
1384	-308.26163777691033
1385	-305.4094727018801
1386	-303.704388290733
1387	-299.6511940982874
1388	-306.9436269496988
1389	-310.3556317991723
1390	-310.22419712981116
1391	-308.58094989048294
1392	-308.4662136036621
1393	-308.09670482848395
1394	-312.46918103830785
1395	-306.5829299911544
1396	-303.76849619626466
1397	-310.5163202794148
1398	-304.62477933435224
1399	-307.6207562824302
1400	-309.57805686429356
1401	-312.1100337789773
1402	-300.96378184594744
1403	-301.8668204311887
1404	-302.00392806152945
1405	-302.9529299423605
1406	-299.8683670562573
1407	-300.80987227028476
1408	-306.44824653691154
1409	-299.30203622299075
1410	-303.5477611308905
1411	-307.2957586731292
1412	-302.3883310568912
1413	-307.61109361384626
1414	-305.69164002878927
1415	-307.633696510221
1416	-305.1659495636067
1417	-304.23716004148434
1418	-298.70675358106394
1419	-306.1946482583239
1420	-303.20380595530276
1421	-301.28487421778954
1422	-305.20329422130493
1423	-300.17428579015836
1424	-305.8608423599165
1425	-301.22939695130117
1426	-301.81106444691494
1427	-302.81139123377574
1428	-300.93617426056113
1429	-308.91508716075214
1430	-299.58208944464684
1431	-308.0032073390614
1432	-300.3139752918136
1433	-304.0161431415729
1434	-298.66729818547833
1435	-303.34422263628517
1436	-301.61175548837446
1437	-305.250522527013
1438	-305.5518604468633
1439	-306.5693057094964
1440	-302.62569987717717
1441	-298.6549000000119
1442	-300.48833379146635
1443	-300.16808150810135
1444	-306.12454099568197
1445	-305.7012329987664
1446	-311.1329966940451
1447	-306.04314137528667
1448	-299.46495068673397
1449	-309.1199712503877
1450	-305.24971591320946
1451	-309.0351527831527
1452	-309.18073729490976
1453	-300.07900000242387
1454	-304.0658312313968
1455	-305.19726662307124
1456	-302.2697720553547
1457	-310.74884634481845
1458	-306.81457479273115
1459	-302.91918693653156
1460	-306.52920578468894
1461	-308.83053198562203
1462	-304.2525389439905
1463	-307.980356944382
1464	-301.7536269986685
1465	-310.7270183356727
1466	-305.75791673055534
1467	-298.664182584039
1468	-307.21187575081143
1469	-306.9492521433681
1470	-303.7431535228214
1471	-305.234985267885
1472	-311.0795488462518
1473	-302.6934552553109
1474	-306.39725259356936
1475	-301.8603740584887
1476	-304.3779437984272
1477	-298.8348795795429
1478	-300.15917532434867
1479	-305.12239566418583
1480	-306.72618337565956
1481	-306.79990474768266
1482	-316.00928558253565
1483	-307.29659354997796
1484	-307.7762795182032
1485	-306.2406287907834
1486	-299.04760000000005
1487	-300.77090905679734
1488	-303.56394603618196
1489	-304.4339
1490	-307.25548731866894
1491	-307.53443621646073
1492	-296.0870985440923
1493	-299.98865448848926
1494	-298.3384573452783
1495	-301.9471
1496	-291.4848676511547
1497	-304.6989460565149
1498	-304.98549620800276
1499	-300.8520878703139
1500	-299.732228446413
1501	-303.51848291839457
1502	-306.512564028315
1503	-300.4745621163733
1504	-308.30278106526436
1505	-309.2369411131325
1506	-297.622823451305
1507	-305.84320560050713
1508	-302.849790124949
1509	-302.8147931892186
1510	-308.84644218292766
1511	-303.8764721445207
1512	-303.5357902095225
1513	-310.02845373337715
1514	-308.91605848410757
1515	-304.19183554315856
1516	-304.2430256897542
1517	-306.88951936932307
1518	-304.48346017071157
1519	-304.71664967634234
1520	-303.1206775408313
1521	-303.72171919333175
1522	-301.2476753083688
1523	-305.7626292452593
1524	-303.3233883166575
1525	-306.8474917113543
1526	-304.64932722320145
1527	-309.67211578490503
1528	-305.10907772537297
1529	-301.83832873035766
1530	-308.6608963890755
1531	-301.29830048616253
1532	-304.8388911853254
1533	-308.06109028996036
1534	-305.26070817978086
1535	-299.9887510437888
1536	-305.69480064847914
1537	-306.8664088073072
1538	-309.1970348552876
1539	-303.43663045168154
1540	-299.2840132326683
1541	-302.3518820489993
1542	-306.26301906523435
1543	-300.67613981138925
1544	-298.09669151351693
1545	-303.870264720542
1546	-296.62804784738347
1547	-296.70024742502983
1548	-302.32962979772384
1549	-298.26645518930866
1550	-300.4473570386868
1551	-296.415485213123
1552	-297.6730441837051
1553	-303.25039193700627
1554	-299.57739433769314
1555	-298.6393548422653
1556	-302.19056218020927
1557	-303.1844600498175
1558	-307.75445240806283
1559	-304.0359514636236
1560	-299.01283699942934
1561	-302.89520187570054
1562	-307.2587149871365
1563	-310.36022855482867
1564	-303.49387467622864
1565	-303.4463168343929
1566	-308.46226697706226
1567	-310.5158372103975
1568	-299.2023334065053
1569	-305.02860484866585
1570	-302.7918364880615
1571	-302.89990169803326
1572	-304.56569998996025
1573	-304.2672
1574	-300.17208137657866
1575	-298.55252416672226
1576	-304.56401569257895
1577	-301.9863358530478
1578	-303.24170000000004
1579	-300.86006630178474
1580	-300.1321221838069
1581	-303.81926581371437
1582	-302.8350296486817
1583	-304.653205019785
1584	-300.7633262886607
1585	-303.1906280639304
1586	-300.9174086109263
1587	-294.8395470673056
1588	-302.3697048436889
1589	-301.9785590368546
1590	-305.6934072045959
1591	-299.8169176649753
1592	-295.3185149188184
1593	-301.9073957316596
1594	-301.57227367008187
1595	-305.8434435603722
1596	-297.2892981441515
1597	-297.8708570469867
1598	-303.07448193438796
1599	-302.46415752939
1600	-303.3173036807737
1601	-303.3648509944666
1602	-303.06130193500564
1603	-299.0920941966563
1604	-303.597706525553
1605	-307.05368971555066
1606	-297.70861691672127
1607	-306.63646502158804
1608	-299.3395872395799
1609	-299.3994425367245
1610	-305.46973645162944
1611	-308.2804059079058
1612	-296.75765533110524
1613	-300.04097427441394
1614	-295.93530000232306
1615	-300.540731847534
1616	-299.794345031638
1617	-301.0696638293388
1618	-305.4814242545301
1619	-307.3674284298135
1620	-305.6580044306039
1621	-307.1286888780376
1622	-296.7092000000377
1623	-303.6524503774645
1624	-304.33778679684457
1625	-301.4877052252852
1626	-305.1533841401322
1627	-301.57169500717697
1628	-304.3400853664073
1629	-307.8909796587843
1630	-305.5594165072932
1631	-303.67449192351825
1632	-306.2922082420419
1633	-298.8787
1634	-302.7106258082131
1635	-309.38793792160317
1636	-303.6142394352125
1637	-301.9226907832069
1638	-308.1609755364945
1639	-304.4376982689658
1640	-305.84802435480935
1641	-301.2179282848619
1642	-305.07030054423547
1643	-301.5461862173508
1644	-308.35812273874194
1645	-302.5629000000011
1646	-305.7579138165254
1647	-302.7367556828223
1648	-304.02671654663106
1649	-307.2233867879142
1650	-304.4256917342282
1651	-303.65719173232793
1652	-301.87215750830825
1653	-302.8945548515855
1654	-304.44240143129804
1655	-304.2480154225527
1656	-299.90227156103606
1657	-306.48539967041694
1658	-304.9085998170713
1659	-305.602730740535
1660	-302.93215741447995
1661	-296.1920090852713
1662	-302.84181267497587
1663	-302.28924890413896
1664	-299.2966570071134
1665	-303.69700055612907
1666	-308.7687842020632
1667	-303.0436951672214
1668	-302.70073441253237
1669	-306.11480631130195
1670	-303.0467285375447
1671	-302.20124499241507
1672	-305.386365841715
1673	-311.14805894254215
1674	-305.3634525447008
1675	-303.59238997190994
1676	-305.6735746061416
1677	-305.1920931272423
1678	-306.45454076030614
1679	-307.95065718128296
1680	-308.44852819495037
1681	-307.1699374020104
1682	-310.7296562696194
1683	-304.93660772489477
1684	-309.434252118279
1685	-302.07467597687116
1686	-298.05622126931615
1687	-303.1182128252129
1688	-300.56042955287404
1689	-300.3778197894938
1690	-303.345724833118
1691	-304.26370657285435
1692	-306.9844567150573
1693	-302.2451714034488
1694	-295.57101136927986
1695	-302.35105544173655
1696	-305.5218759989984
1697	-306.74341614477487
1698	-298.25620000000004
1699	-304.79188919756064
1700	-309.4442808205757
1701	-301.8636835945401
1702	-307.3598081656785
1703	-305.44476356627877
1704	-308.68930072515724
1705	-304.97660588224596
1706	-304.3231962675376
1707	-298.2357000000001
1708	-300.15473041546505
1709	-306.23564856007425
1710	-303.7188488733272
1711	-298.36510582737986
1712	-307.14292605766593
1713	-301.1534971579005
1714	-301.57019526442906
1715	-304.3988868468745
1716	-302.301530172964
1717	-299.9176491441387
1718	-305.71014900799645
1719	-306.1931296236237
1720	-308.681236742593
1721	-298.45379550307064
1722	-299.63986172139886
1723	-302.2617004781511
1724	-302.2761805536271
1725	-304.73596235010604
1726	-296.6336893010049
1727	-298.76923407959714
1728	-305.91447756987293
1729	-302.2550721423631
1730	-306.25429525025964
1731	-303.80939921259034
1732	-301.6359983219934
1733	-306.9618107610859
1734	-301.0476476101981
1735	-307.12330491204017
1736	-303.4316102132593
1737	-311.6222526155175
1738	-307.1941515425247
1739	-301.0449093884129
1740	-303.7607186941209
1741	-304.4586740702261
1742	-301.0996846506703
1743	-304.2298429511237
1744	-307.01431174990876
1745	-304.37420014605556
1746	-307.01318351756305
1747	-303.51697979741374
1748	-302.36885202721817
1749	-300.21715776601343
1750	-304.8552677091779
1751	-305.6707947690765
1752	-299.8274008143333
1753	-307.2229473593986
1754	-304.18075992483784
1755	-304.4905777949571
1756	-303.9100920232037
1757	-301.0748942574997
1758	-303.4959417995931
1759	-307.5792333502299
1760	-306.44911725068226
1761	-304.31738168894464
1762	-302.7811599245838
1763	-303.93736597036497
1764	-304.2855022580398
1765	-307.90611241268937
1766	-301.79038337367314
1767	-296.83601826603785
1768	-306.6039763262511
1769	-298.83238610094605
1770	-300.91861884096255
1771	-305.8221167761979
1772	-298.6532251865306
1773	-302.0593991937393
1774	-299.0275587529786
1775	-302.8654375817559
1776	-300.4786003101726
1777	-302.0023170004644
1778	-301.65229874674753
1779	-307.35854809024903
1780	-306.646225320705
1781	-303.7732066661673
1782	-300.7985768587959
1783	-295.4455624489983
1784	-298.47134159123493
1785	-299.88538773361125
1786	-302.7805200747766
1787	-302.12158108653045
1788	-299.6452900908888
1789	-302.6088789589974
1790	-307.523419121108
1791	-308.3813506744832
1792	-306.94975399198694
1793	-304.3292184087574
1794	-300.95239210210565
1795	-307.878758876115
1796	-302.94104951246794
1797	-310.78403479020136
1798	-307.23022141307905
1799	-308.3320670452485
1800	-305.84948297673543
1801	-309.27616593423596
1802	-307.4429208652421
1803	-303.05569343751836
1804	-307.4061284141554
1805	-308.47943620794393
1806	-304.3256138354654
1807	-302.4194972595848
1808	-309.68746647970613
1809	-301.65508736867497
1810	-305.53153684232706
1811	-304.99465142898566
1812	-304.1905331906169
1813	-299.7269542622026
1814	-303.43522145265274
1815	-304.2191246973176
1816	-306.8277160074778
1817	-303.47417016758965
1818	-306.7486859877208
1819	-305.22156162633576
1820	-310.1428300660151
1821	-308.43013207531516
1822	-300.46516791580143
1823	-310.8473939468517
1824	-301.81472094527237
1825	-305.4790534306404
1826	-313.6320580863157
1827	-304.7552628301339
1828	-307.6718741340441
1829	-301.60844873290995
1830	-305.2859540326185
1831	-302.4945616976554
1832	-301.4743715824861
1833	-304.7832614734112
1834	-302.54362220310725
1835	-291.56386560800894
1836	-307.17659474219914
1837	-304.9496986030137
1838	-312.06176472618176
1839	-304.4478118526129
1840	-307.8003910338197
1841	-310.5253890618055
1842	-309.8397095099353
1843	-307.9649353893048
1844	-306.33579845797055
1845	-303.2109507983581
1846	-308.84559412086605
1847	-304.93321163786555
1848	-304.6652152883268
1849	-305.26086376310684
1850	-302.2638825090009
1851	-299.1753243080967
1852	-307.17427305495283
1853	-306.2954467903992
1854	-308.6096626492471
1855	-310.7743912435007
1856	-306.89314998061207
1857	-306.07750659016364
1858	-307.6002709328777
1859	-303.95595656297485
1860	-303.7376700473388
1861	-306.210532065138
1862	-307.2468161093388
1863	-301.1552617040929
1864	-309.5026393457729
1865	-309.8992075815123
1866	-306.53556639103937
1867	-306.7703857416466
1868	-306.5494423601551
1869	-310.78257302126883
1870	-302.86072236792177
1871	-301.24852463308736
1872	-311.8036702826663
1873	-310.11978943279007
1874	-308.41445975161434
1875	-301.6932137458808
1876	-308.6928320893364
1877	-310.7426837750367
1878	-309.42740845537315
1879	-305.78684540315396
1880	-305.6520767387052
1881	-309.9641560720322
1882	-304.3946761025479
1883	-306.7144065381827
1884	-304.15938235396146
1885	-311.40566721500954
1886	-306.8438416583938
1887	-310.3984416095962
1888	-307.35265114095154
1889	-305.72156932491583
1890	-300.00108124365084
1891	-302.6835405145054
1892	-307.062038229533
1893	-306.85402681015125
1894	-302.77279000810546
1895	-303.3825258526561
1896	-301.15110604063887
1897	-304.49205158308484
1898	-304.22480964083434
1899	-301.0210447285544
1900	-298.1817180937684
1901	-304.053413972154
1902	-303.5732670360238
1903	-307.5428220068132
1904	-305.19718772563886
1905	-303.6449416558938
1906	-307.234032883571
1907	-305.1098000392281
1908	-303.39842152310064
1909	-308.19883549678536
1910	-296.9328903754265
1911	-310.22744200934096
1912	-307.9934485597842
1913	-304.9241687254718
1914	-302.94284925410085
1915	-308.63902783576026
1916	-308.4049796849453
1917	-309.5033058389759
1918	-307.6118244090972
1919	-313.45618022498047
1920	-307.6118863212045
1921	-309.563483611905
1922	-300.7105167270348
1923	-300.59457963953986
1924	-307.7743201002652
1925	-311.2022738966339
1926	-304.3402869587378
1927	-304.51300360040926
1928	-307.6002831502786
1929	-304.52303467786135
1930	-309.54104168644704
1931	-305.48399529125635
1932	-303.65059465347935
1933	-308.4753135430344
1934	-300.1016786013627
1935	-296.8157819009399
1936	-304.4254078883127
1937	-306.71579787577986
1938	-306.98302698986004
1939	-306.4990427798364
1940	-301.0717116720089
1941	-306.6975962111372
1942	-303.71229498851125
1943	-306.5678132871154
1944	-298.80532719821474
1945	-309.6760915709162
1946	-302.2896313588683
1947	-301.6884748570848
1948	-312.82233764163163
1949	-308.3418768916289
1950	-310.5699603088099
1951	-308.3902276296236
1952	-305.74399945511186
1953	-309.673845240512
1954	-310.4322786441931
1955	-309.4563614339085
1956	-312.6662443766266
1957	-310.1534956255638
1958	-311.7734687407047
1959	-312.80001919467026
1960	-312.21815950588365
1961	-309.0982350512967
1962	-315.7441205268266
1963	-306.00760815481465
1964	-307.8635773495836
1965	-311.08010948296254
1966	-303.44557102574873
1967	-307.98906139385554
1968	-314.3348446498153
1969	-307.1065156487036
1970	-309.48065687973656
1971	-308.7062519949865
1972	-305.71284648069036
1973	-304.72746085689187
1974	-303.30048940868505
1975	-311.9813598436236
1976	-301.50134993812907
1977	-307.4568768770634
1978	-305.8195495420438
1979	-306.19035935357635
1980	-305.15435497615124
1981	-305.19270013414894
1982	-300.1266107296664
1983	-303.87526513588034
1984	-309.74631386809216
1985	-302.7872400310028
1986	-311.2983393316837
1987	-301.8558407481468
1988	-307.81922297844284
1989	-304.7239897077149
1990	-307.87178482256826
1991	-313.3504737571535
1992	-309.1239614404661
1993	-304.9954155211718
1994	-308.9009182467778
1995	-303.9871136010461
1996	-302.0644984677614
1997	-306.3302838639726
1998	-302.57724174482894
1999	-307.0299349293479
2000	-303.1630468887417
2001	-310.6084551034586
2002	-304.1978781649279
2003	-303.37640173528035
2004	-299.6395462809582
2005	-304.4745471511833
2006	-309.320198808985
2007	-303.51913927826075
2008	-305.28924966785723
2009	-303.9844902371303
2010	-305.7137211311725
2011	-302.521786444775
2012	-297.2294536355608
2013	-308.43311270255066
2014	-310.3037138003793
2015	-305.84922926933496
2016	-309.93180670372186
2017	-307.82197198675567
2018	-302.73306314601086
2019	-308.20750790529075
2020	-307.4807879026471
2021	-307.75123489902967
2022	-307.6497610336931
2023	-296.59528355590044
2024	-302.2445547145413
2025	-301.36360966334246
2026	-306.87600065508406
2027	-304.342779335754
2028	-314.5967100701985
2029	-309.61851399230187
2030	-307.5576926606153
2031	-307.7533639170974
2032	-304.4410474104527
2033	-311.26357790989806
2034	-307.6681406271585
2035	-303.0242899097371
2036	-308.8922735152538
2037	-302.8130455491988
2038	-311.54049798274684
2039	-301.5203686199087
2040	-306.2960439430784
2041	-302.987912954306
2042	-306.11452035744156
2043	-300.8512412339332
2044	-306.91431247884
2045	-301.9988114501729
2046	-310.69107974224545
2047	-309.92757600921266
2048	-307.8516026802339
2049	-306.8573523985994
2050	-305.5106745669743
2051	-309.08497946241516
2052	-299.9878695317783
2053	-297.97268801571187
2054	-303.7683841369605
2055	-301.8370532134356
2056	-306.54745615272446
2057	-309.8506413566453
2058	-307.58336236071244
2059	-310.6780667277708
2060	-309.15337209869136
2061	-301.84034252938915
2062	-299.7903700592931
2063	-300.2804546246431
2064	-303.27871547353544
2065	-301.9651992691829
2066	-298.2566
2067	-311.78121059317505
2068	-292.51374396800435
2069	-310.67241752080304
2070	-300.79868700436623
2071	-304.39183105008806
2072	-299.0187828932534
2073	-299.2775085722829
2074	-295.73960915940677
2075	-301.1706200954505
2076	-308.82249093173067
2077	-303.26459379310046
2078	-301.6058139423324
2079	-295.5922000000248
2080	-304.0516688494115
2081	-301.6205877678016
2082	-300.17287434896974
2083	-306.1895589701498
2084	-296.609303796369
2085	-306.0260908253087
2086	-303.60852915593813
2087	-301.58370287397366
2088	-303.91629684500583
2089	-295.4484087230163
2090	-308.4965303276729
2091	-300.0943803781595
2092	-305.88031507237594
2093	-305.91703450097054
2094	-312.1773901345109
2095	-308.5973810467522
2096	-307.80872150261945
2097	-299.29018803203377
2098	-296.95921035047564
2099	-300.0002285328552
2100	-298.1825686254443
2101	-298.1020758771612
2102	-304.57556118864295
2103	-293.35336701359523
2104	-304.3909144443726
2105	-304.79966864888587
2106	-291.6583
2107	-300.4979704217657
2108	-300.0769
2109	-305.87446092023356
2110	-299.1588419142606
2111	-302.60768370493923
2112	-304.89256360689154
2113	-302.05172885997933
2114	-295.7824000000002
2115	-305.5123699321751
2116	-306.21595447932236
2117	-302.58399455748304
2118	-301.46212169211157
2119	-303.8858531285438
2120	-304.19921082503294
2121	-296.35494157376905
2122	-302.35514561338476
2123	-296.3437192282864
2124	-305.19915799999836
2125	-304.1124391232445
2126	-306.1006595837954
2127	-311.11067768592045
2128	-308.7869473154483
2129	-303.0211086151738
2130	-305.7537975508059
2131	-299.49101013880136
2132	-306.4375773347976
2133	-306.35999093907833
2134	-300.5782479657597
2135	-303.8027005340216
2136	-297.93713699736037
2137	-301.9641235575756
2138	-308.2125845261971
2139	-304.67942748946314
2140	-299.4257571917324
2141	-303.4398815457014
2142	-304.4140572716791
2143	-304.89448410321285
2144	-303.49835626711314
2145	-310.5810262986853
2146	-304.48985299823556
2147	-307.3302217561841
2148	-302.5047400580933
2149	-302.9558329675537
2150	-292.79761792302713
2151	-294.30755455074706
2152	-299.69034689603376
2153	-299.0524628232997
2154	-306.2272940079174
2155	-300.7317101280871
2156	-306.903302671468
2157	-301.1954520426797
2158	-303.8552625040251
2159	-296.2187608644749
2160	-302.65331566666833
2161	-300.4415822313001
2162	-303.07258950189055
2163	-298.5087494357564
2164	-303.97764018140157
2165	-302.53944668101263
2166	-307.2185769757412
2167	-305.2077567725023
2168	-298.30940407916233
2169	-306.03299164507587
2170	-296.7319914394089
2171	-305.2216030673397
2172	-297.8143463759097
2173	-297.5738836711417
2174	-302.9701000000304
2175	-301.2040700179519
2176	-308.71390836986126
2177	-300.32247816725345
2178	-300.0126
2179	-298.9039339724269
2180	-299.6784488029371
2181	-305.3737743157136
2182	-299.0497769380202
2183	-304.08393303766604
2184	-303.5986138167769
2185	-304.9398808899542
2186	-297.27819503652984
2187	-301.4152337798816
2188	-298.87467070786505
2189	-300.63137678001914
2190	-296.4832839001382
2191	-302.24456713798895
2192	-306.64039704896953
2193	-303.09302132800434
2194	-303.06630028974394
2195	-304.3549284765253
2196	-305.7497410722478
2197	-306.7364155926806
2198	-301.64710909639183
2199	-306.3034014039342
2200	-297.37972607130587
2201	-296.8309143763653
2202	-299.91372144120027
2203	-300.1789717691852
2204	-300.8220449279736
2205	-304.7898749426723
2206	-300.7902308934902
2207	-301.1208467538542
2208	-299.02044735492467
2209	-302.42683237888093
2210	-305.9896138803939
2211	-310.6862412161462
2212	-304.6818642810944
2213	-308.84037158915476
2214	-302.2628625005154
2215	-302.9027448119274
2216	-298.4437214937819
2217	-306.4708576867147
2218	-306.36775313213434
2219	-304.519807599673
2220	-304.0411447605076
2221	-299.70207395667046
2222	-309.08988352067433
2223	-308.53027524645853
2224	-303.6384086162626
2225	-308.24360358484324
2226	-303.12642997344324
2227	-304.13209326011855
2228	-307.24454737901715
2229	-303.26893212184797
2230	-301.99118922707856
2231	-303.6172122510478
2232	-301.1454952761305
2233	-305.62986178159105
2234	-305.73523370483616
2235	-310.2886571282338
2236	-302.86474307879615
2237	-304.5021119615082
2238	-298.31870402330077
2239	-302.4974000000001
2240	-298.2340888071021
2241	-303.4158153011945
2242	-305.7368001383652
2243	-300.35899499425506
2244	-301.0097960268296
2245	-302.24732951566546
2246	-301.7129177102655
2247	-303.49960439235804
2248	-299.83666120604806
2249	-299.39233533381247
2250	-301.8809797720119
2251	-307.8541160331962
2252	-307.4377887237073
2253	-307.59788400855325
2254	-301.7676176332949
2255	-304.2233106846692
2256	-307.83447475326494
2257	-304.3824634361926
2258	-302.930818249342
2259	-304.90636812650564
2260	-304.13468112858243
2261	-299.9447396257762
2262	-306.8984918911081
2263	-303.054205374511
2264	-305.9914767272562
2265	-300.8235455323977
2266	-308.04898734991656
2267	-304.34342524769187
2268	-303.55072298825326
2269	-307.9441982109212
2270	-301.5459051346738
2271	-302.6033531628399
2272	-307.43047676198506
2273	-300.8134683205668
2274	-307.0568273496765
2275	-307.20710754231357
2276	-303.95966000867054
2277	-300.77960505303093
2278	-306.72932788290683
2279	-305.5117604275255
2280	-303.34061074956475
2281	-299.33752538122127
2282	-306.51388063007255
2283	-301.92469748801363
2284	-311.5676133797814
2285	-303.9048442133787
2286	-308.9214153170292
2287	-303.38328497731305
2288	-310.58099602136235
2289	-308.9810201250524
2290	-301.46791283394134
2291	-305.12974816099853
2292	-299.9448276151577
2293	-298.03103238896966
2294	-303.05083863615374
2295	-302.4516363871408
2296	-298.81698492954996
2297	-307.56486507412137
2298	-295.78861644853845
2299	-308.605169389328
2300	-305.63408925614436
2301	-298.3784016251187
2302	-297.8236102214622
2303	-308.6385810470978
2304	-304.34896996232925
2305	-299.3925252665254
2306	-309.69301092555645
2307	-304.43301745582113
2308	-308.59043481162234
2309	-306.94113019143
2310	-308.5281474794403
2311	-305.4099072014506
2312	-308.15072289877816
2313	-303.2549046435848
2314	-304.96663891226336
2315	-305.88807259466284
2316	-300.0672815007853
2317	-308.6157147367866
2318	-311.61344235000473
2319	-311.6845053796734
2320	-302.82974585818283
2321	-304.766322616147
2322	-300.59884356827735
2323	-305.4394674305337
2324	-304.8407027670942
2325	-305.45570923622563
2326	-299.03533350032365
2327	-303.1054951497352
2328	-307.76493470217576
2329	-307.6805347167526
2330	-305.64551449611247
2331	-309.0796097293562
2332	-300.80118149551834
2333	-308.17338143767535
2334	-309.18312270985984
2335	-295.22270663035044
2336	-299.90768503385453
2337	-304.21118295098984
2338	-310.2644880397674
2339	-300.3566235272769
2340	-308.1939385564981
2341	-298.3848215631161
2342	-306.5716636087024
2343	-301.1376890061525
2344	-300.4456712828484
2345	-308.83314907829015
2346	-308.40119999999996
2347	-308.15798009982564
2348	-306.1957221583708
2349	-299.6663991244979
2350	-297.01800717420946
2351	-305.5726142767825
2352	-301.10752211906356
2353	-307.4603946380072
2354	-306.63331433255433
2355	-303.4058923720007
2356	-306.37503680696454
2357	-303.7248429212345
2358	-301.8889500218267
2359	-304.9730958667496
2360	-307.3898646297367
2361	-311.7787896641761
2362	-302.5651000928439
2363	-303.52828604081395
2364	-306.0840556009375
2365	-303.7626762103086
2366	-299.8177853171461
2367	-303.2285336356653
2368	-300.32630024220845
2369	-306.865185160911
2370	-303.7995811338685
2371	-301.24868872014656
2372	-313.45567191078555
2373	-305.19058490396503
2374	-304.9234732593335
2375	-302.14158955537755
2376	-311.4906755111669
2377	-302.83523042184106
2378	-307.11050045446774
2379	-308.5205365873997
2380	-303.9324000000002
2381	-299.06341992196593
2382	-299.9692730985132
2383	-304.5998101529409
2384	-300.0242721352695
2385	-301.46090232499535
2386	-307.5568110869752
2387	-297.2717911735765
2388	-302.2756045582713
2389	-299.3713814772109
2390	-302.8021582985857
2391	-311.7264624161337
2392	-302.54071092979297
2393	-302.5973924321822
2394	-300.4892916396105
2395	-309.6980668634312
2396	-304.3155794561387
2397	-303.1199204529539
2398	-299.9588081796394
2399	-307.9482395600483
2400	-302.24999256801874
2401	-300.60944550959624
2402	-307.25944362930284
2403	-305.9016766928853
2404	-301.4385768945264
2405	-303.69699504559594
2406	-303.7671880824682
2407	-308.0576622884748
2408	-308.542526827434
2409	-301.4296588775405
2410	-302.8182000004551
2411	-302.2435835379567
2412	-301.3638551825823
2413	-302.4457938931742
2414	-306.7829328229323
2415	-304.34635111803783
2416	-308.98084123574114
2417	-302.66443819144985
2418	-303.1355392397946
2419	-298.13573959377106
2420	-298.966059571677
2421	-307.6626106493116
2422	-303.77260063857364
2423	-300.3157433674446
2424	-298.3948914880804
2425	-297.7964096195926
2426	-302.1583040566789
2427	-301.386581513967
2428	-306.60484983672785
2429	-304.09127070713737
2430	-302.58612422439893
2431	-299.07428879181214
2432	-305.24790182608837
2433	-301.00599410972944
2434	-304.78045292517675
2435	-307.4267799397772
2436	-301.5730007257834
2437	-305.3178786501873
2438	-301.1987381815414
2439	-302.6252670479393
2440	-299.9035470703469
2441	-299.8811140717383
2442	-300.9692237433615
2443	-305.25010715460826
2444	-307.82298762992264
2445	-305.0389390707133
2446	-304.7981432245781
2447	-302.43879953002346
2448	-305.3852059702046
2449	-302.03508097020307
2450	-305.10272942518304
2451	-302.43120609363893
2452	-305.48394028672243
2453	-301.2902167901429
2454	-305.9515827426433
2455	-304.06420693797804
2456	-304.0733910299393
2457	-306.61422729797056
2458	-299.7525968549611
2459	-310.74548181044327
2460	-307.8347397998227
2461	-306.03745878956914
2462	-305.1100459709358
2463	-303.94216795185747
2464	-300.10822855016727
2465	-307.602383272429
2466	-304.7808
2467	-303.74840416844717
2468	-298.86722070411093
2469	-305.0320557224822
2470	-301.6483375823558
2471	-299.2518923307915
2472	-300.7906012645673
2473	-298.447075399674
2474	-307.33986874875944
2475	-298.93344982895803
2476	-307.91982532248505
2477	-305.36457182396003
2478	-305.3023971705731
2479	-307.42025235779937
2480	-304.61135612222637
2481	-302.5774265267959
2482	-305.5432736369486
2483	-306.3015612260658
2484	-300.9775011089407
2485	-305.4952455631913
2486	-296.2777110900618
2487	-304.9387000004459
2488	-295.41444670052715
2489	-294.38530000904893
2490	-300.65452776910945
2491	-295.1915441320813
2492	-307.79408793657313
2493	-297.94361852518745
2494	-309.8190890903748
2495	-295.6444127907325
2496	-305.2687217337385
2497	-302.78109311353285
2498	-305.36688602014635
2499	-308.8877922028111
2500	-303.2407330387153
