1	-304.7930694919523
2	-300.00494135961424
3	-308.48434855428053
4	-312.46804183695633
5	-312.76438459908155
6	-306.39691385513714
7	-307.5468351714084
8	-306.43714988782807
9	-306.25540184707694
10	-300.2789217038873
11	-308.3815537114622
12	-304.8832794609649
13	-303.73282673380606
14	-306.71565920845484
15	-304.23920021683034
16	-304.180124562371
17	-305.0856425033738
18	-310.47637603040124
19	-310.16620968226766
20	-310.949757798355
21	-309.37098420655866
22	-303.9193270715027
23	-304.1970353114402
24	-300.43107109525243
25	-307.81539823548775
26	-311.7299058537637
27	-307.5835891646605
28	-310.4610795341439
29	-311.7443387212115
30	-309.96324612275174
31	-305.83204054286847
32	-300.80292373748324
33	-299.79988878517827
34	-297.4303181731449
35	-308.03341502469806
36	-303.85932846947895
37	-300.69419574455117
38	-311.4811807658328
39	-300.9524509750195
40	-300.9272972066695
41	-304.39203109222854
42	-308.9273753941436
43	-301.35469133464176
44	-301.6306490731079
45	-305.62962732954475
46	-299.2825376766972
47	-307.1364086302455
48	-300.6732467104745
49	-296.31597414589464
50	-300.01205514039134
51	-301.5940706543459
52	-310.72823160846787
53	-310.9752326069518
54	-305.7799769869757
55	-311.9918749787112
56	-298.9948348109315
57	-306.4742992062889
58	-304.97385233548664
59	-294.49525871362147
60	-304.75255122938165
61	-306.74305119211573
62	-302.84078508269516
63	-306.048417063805
64	-306.7259843257331
65	-301.87887671145523
66	-305.6439991959142
67	-297.1601321413174
68	-296.73674293777583
69	-303.15678218136543
70	-307.8554209498962
71	-312.25591839604897
72	-305.07275118267836
73	-305.08284836860116
74	-300.4567337299862
75	-303.85830364017994
76	-298.0064552918435
77	-303.52093877608604
78	-314.7839099122192
79	-305.75671989573084
80	-307.8291241219651
81	-299.0460718497794
82	-308.85571705178666
83	-298.5666227071753
84	-298.632139645177
85	-298.72595037168867
86	-301.42086940446455
87	-306.74754556639914
88	-299.91266312485817
89	-307.40044912777296
90	-307.74430572928566
91	-299.3442088116424
92	-305.71111299347365
93	-302.9834787963491
94	-301.078719270464
95	-301.1690534964925
96	-303.33816474638206
97	-306.2055833397618
98	-297.16205581591345
99	-303.3991519180325
100	-309.3605279598042
101	-302.2904132270501
102	-310.5570125499314
103	-300.6943365638519
104	-305.08139863222607
105	-307.1980333460073
106	-297.93419200804226
107	-299.29999859038134
108	-300.95380008903805
109	-303.11928475213017
110	-298.66369244686064
111	-302.9436225813093
112	-298.10561258465873
113	-296.71256917610395
114	-304.41438725221064
115	-304.24788610525127
116	-302.3388039545325
117	-305.2688100259548
118	-307.48420071808545
119	-309.639292581366
120	-310.6845331496553
121	-305.9604075292038
122	-300.27260980330146
123	-304.60571645426893
124	-305.6078297093025
125	-303.0562524272879
126	-300.40399802668156
127	-302.9064513259768
128	-299.4024958773976
129	-302.2973749153283
130	-304.25660665310465
131	-310.11381883485933
132	-300.27390000072273
133	-306.9351123006703
134	-306.20609812938284
135	-302.886174511113
136	-307.2520942398218
137	-307.70421280914786
138	-302.9489506008694
139	-303.52487057095624
140	-302.87688518053244
141	-315.19919090565475
142	-306.6070049342398
143	-299.3762413631647
144	-301.08004860838776
145	-310.0450652153098
146	-306.33666318435604
147	-303.1956355846346
148	-308.02380784200216
149	-310.6698435301026
150	-308.73191347043394
151	-305.58296211270425
152	-310.88191956262
153	-308.8185150510117
154	-308.1190767021383
155	-301.5175364041432
156	-305.3409047976572
157	-310.89862376970785
158	-307.85775160539396
159	-305.4490657984118
160	-298.77464217551596
161	-305.43193118978115
162	-302.25057206870895
163	-302.2646086374348
164	-303.02187783934437
165	-304.04410797043505
166	-306.1085739121301
167	-308.83215225538294
168	-312.2336233392878
169	-303.6243682935307
170	-307.71108120139064
171	-309.15952454015803
172	-302.55812633493724
173	-308.1788111503109
174	-311.22439577846495
175	-310.4402145317346
176	-313.663510166335
177	-308.15833422123654
178	-301.9762019511653
179	-304.588617249169
180	-311.3192293383366
181	-302.6646204045214
182	-305.61219223772207
183	-294.20818363737845
184	-297.74143642807485
185	-310.07728803007757
186	-298.7057497570639
187	-298.67064171460356
188	-306.25313040541664
189	-304.2516501677752
190	-303.1728520821295
191	-307.0830351850607
192	-309.2057068213756
193	-305.27854462306533
194	-297.84120448493644
195	-305.66962967908097
196	-303.85919818335816
197	-308.29429402074345
198	-310.4323076141006
199	-303.9155898152224
200	-301.91528633406523
201	-304.3794504665941
202	-296.5990758123927
203	-301.5734076546895
204	-304.47780047430075
205	-307.39433300591907
206	-306.27094131063257
207	-305.60720649395967
208	-300.49494442006693
209	-305.38937813442686
210	-310.19269543440055
211	-304.07027950417375
212	-311.116473332295
213	-306.83473296335694
214	-304.0272183868319
215	-302.9903999514393
216	-307.2748232847159
217	-305.66560082059954
218	-302.23001060399486
219	-309.60017545827714
220	-305.5121304931007
221	-303.90227863481005
222	-308.82534466240503
223	-304.42550663662115
224	-310.93301188172353
225	-308.78641305077304
226	-306.3342081860228
227	-312.7963753387793
228	-299.7877899356937
229	-311.2294584816508
230	-306.6376730174431
231	-306.7194639100969
232	-299.5995389755118
233	-309.9562558672449
234	-306.13255407027805
235	-312.65592422799136
236	-310.15310315149407
237	-304.9222301702467
238	-306.8517156917619
239	-309.69645214455403
240	-309.3393499092513
241	-314.18144117102395
242	-304.6572841970625
243	-311.34266453560167
244	-309.3046397339983
245	-304.82357032930435
246	-303.1409770788614
247	-305.5313693830672
248	-303.20410478207947
249	-306.6895289629796
250	-310.0858778699521
251	-304.0523054683821
252	-307.8996510942776
253	-310.5850309526344
254	-304.0473334159673
255	-310.23866732546855
256	-300.7390657493092
257	-302.89233803785714
258	-309.03624058058494
259	-308.67712965540653
260	-303.76227343616836
261	-304.6067019501498
262	-301.17095485539517
263	-306.3788802613656
264	-308.0982770708971
265	-305.8404136612726
266	-305.71886151705644
267	-303.98678826844423
268	-305.79338601125477
269	-304.54651725558807
270	-303.07036943617084
271	-309.9759660857584
272	-302.85829780959045
273	-302.4132815002859
274	-303.207545299563
275	-310.1921518969118
276	-302.1923936048307
277	-300.7917419653909
278	-301.03203410051935
279	-310.5663727936185
280	-306.61071350400493
281	-303.2559007571331
282	-306.5667077284286
283	-307.6901504510096
284	-303.9312610530429
285	-315.19272982340823
286	-300.57136419525756
287	-310.74973721970724
288	-305.5132115027312
289	-308.7838705476413
290	-307.5251493793976
291	-310.87541310391305
292	-308.2992122536942
293	-307.72308996535196
294	-307.2616282608404
295	-306.3948041542068
296	-303.4079348332742
297	-310.42980562785056
298	-309.6069093011916
299	-303.87651636567705
300	-308.39521917401703
301	-312.5755412588212
302	-308.1901731419633
303	-308.0719283982052
304	-308.4107011921762
305	-310.01576777652576
306	-306.4420321088703
307	-308.59998184250173
308	-305.9152374671291
309	-308.6551040661096
310	-311.73943446888404
311	-300.5999822058848
312	-296.7536286041759
313	-305.6157082912959
314	-304.9653631589624
315	-305.87380230268815
316	-296.339110880322
317	-312.164879938318
318	-301.0572696832245
319	-307.1516428175893
320	-300.1169253750917
321	-302.0316006386954
322	-293.08065933256165
323	-299.59110975294334
324	-308.7284998895594
325	-307.2340233404799
326	-299.2707856387547
327	-310.7957537310859
328	-309.90978072780473
329	-313.4006141107999
330	-307.2482803624381
331	-303.1859992315548
332	-297.432837720306
333	-300.2773763993435
334	-298.241390742977
335	-310.0990136862757
336	-308.2141724479045
337	-300.90202996769517
338	-299.73281658400805
339	-305.8713365547455
340	-305.5297305842237
341	-301.8454421142395
342	-308.92986457667
343	-303.25332060650396
344	-301.4495714676648
345	-307.79833776917917
346	-306.8210735715438
347	-304.3084052310926
348	-303.01796417863596
349	-302.30959365345086
350	-311.6693648045367
351	-301.86377832645496
352	-310.0197368738148
353	-309.5183782890681
354	-311.64365405755467
355	-303.70355363441854
356	-300.772681222339
357	-302.86263475280043
358	-307.5072890305349
359	-305.6384384989481
360	-305.5707469058338
361	-310.0314203219105
362	-310.4652861663424
363	-308.7271585563977
364	-311.1946668473248
365	-311.40753101718263
366	-315.1023426818347
367	-312.3772861660376
368	-308.04701727067834
369	-310.0029597149602
370	-308.95766959430176
371	-310.92362775521406
372	-308.96832954585915
373	-310.0155376763946
374	-297.43202008357684
375	-310.6283612456621
376	-308.95662394839854
377	-313.749451211698
378	-308.2527952532849
379	-313.28671934391934
380	-305.9626249619243
381	-307.8966578645659
382	-304.4339445115188
383	-304.44442179993155
384	-309.5868358890777
385	-305.0795321167294
386	-301.7995809069122
387	-305.2306310942435
388	-313.32021035438913
389	-312.68838940855926
390	-307.0543107504773
391	-303.46443118476986
392	-311.1564444869902
393	-307.16526838944634
394	-305.10247768077784
395	-309.3237088747402
396	-309.67865177203987
397	-309.27221896576685
398	-306.46914504859325
399	-304.6186992748984
400	-305.8675093675837
401	-309.46203711702236
402	-308.5258391257678
403	-301.85716363704717
404	-313.1356547039027
405	-307.157180919276
406	-309.5373069300502
407	-305.24854698970375
408	-311.2383632194684
409	-315.90173602825496
410	-311.2335621155203
411	-314.3404572751232
412	-304.18480809224866
413	-309.5727065106496
414	-299.5338649167725
415	-305.37877048310713
416	-309.1787903290538
417	-308.0395632980584
418	-300.06325470813607
419	-313.4568315236841
420	-309.9996802210016
421	-306.5159352613508
422	-309.62332415281423
423	-313.0538576820897
424	-308.22559301111596
425	-305.4907092802806
426	-298.84838271286026
427	-310.460182571227
428	-303.07094315252385
429	-306.51984474724946
430	-307.813667470819
431	-302.50942178480847
432	-302.9873604461365
433	-302.97605495698724
434	-300.2454975731031
435	-302.6093638618259
436	-305.6810150361183
437	-302.19612578885943
438	-303.53348741506164
439	-309.9518162701218
440	-306.9728610045843
441	-301.19100871156064
442	-309.92690698730115
443	-307.7226916552208
444	-309.0484448215034
445	-310.7917001025604
446	-309.7557867484733
447	-306.0552069705955
448	-314.07623372334007
449	-306.35876180242724
450	-306.7012351461804
451	-299.5550792578602
452	-306.42980704110727
453	-306.44866943729613
454	-308.8631766991107
455	-310.5827758030269
456	-306.2331166978766
457	-308.6780788535496
458	-303.4801128951991
459	-304.5358247900117
460	-314.9225738314206
461	-309.7976191106965
462	-312.9565844541891
463	-310.6882376366368
464	-310.97422999805656
465	-314.3093336533829
466	-308.18106102447143
467	-311.95552729422604
468	-309.2753287658731
469	-304.09131284511597
470	-311.7551799754712
471	-313.54862592932767
472	-310.51141507250287
473	-307.388843743398
474	-303.6778468114149
475	-305.11310222663144
476	-302.464618730364
477	-298.12836708080283
478	-310.29309340982513
479	-310.28711404760793
480	-302.2173728020781
481	-305.6475161497744
482	-310.13180183956035
483	-309.8039686870695
484	-309.6586296904968
485	-306.95124904968304
486	-307.52458478319716
487	-304.39190263227704
488	-307.4099397180037
489	-306.3614501107924
490	-299.9053220751835
491	-305.59070476630546
492	-305.5179000019567
493	-308.56866776568586
494	-304.87389950222524
495	-309.9981636717841
496	-307.714115802504
497	-304.3193540678529
498	-301.6110067370138
499	-305.11471969284844
500	-309.6477986013705
501	-307.61259306655586
502	-307.0270153845327
503	-308.9247547124592
504	-310.07707293850405
505	-309.8742611266085
506	-304.07209745193103
507	-307.431493828776
508	-304.3133942460089
509	-310.23048410800897
510	-308.7105791121633
511	-307.4865698781874
512	-308.52035809873297
513	-307.69386869350484
514	-304.96823512484673
515	-311.3324052657009
516	-307.60045865409785
517	-308.12976890040466
518	-304.99674879284595
519	-303.91662141810747
520	-314.0609612759181
521	-305.2650479632754
522	-302.55051320740904
523	-301.13065645766505
524	-311.7735501003534
525	-306.86205760583795
526	-305.82120333345597
527	-312.0788268808297
528	-310.05518345946444
529	-308.9414630506518
530	-312.68203978660347
531	-306.20150985157744
532	-308.3597507960383
533	-307.04248294566435
534	-312.1927930264463
535	-310.2547625574893
536	-300.1721814070315
537	-308.5160270766318
538	-307.6480685072664
539	-312.04952968400363
540	-298.623760734965
541	-310.3639458292178
542	-311.03819398418455
543	-303.79549926488835
544	-313.1804793211983
545	-309.13951570945386
546	-312.4563587571224
547	-305.3933008955045
548	-308.00236181250943
549	-306.58164173971494
550	-305.99873203905815
551	-301.14745822399095
552	-300.06221153575484
553	-310.13535631412196
554	-304.68248792800716
555	-310.6309291963544
556	-306.6760341156678
557	-306.67513047269927
558	-305.5626815765434
559	-307.0390702451754
560	-303.7701967846502
561	-311.1678583690684
562	-299.17248455113145
563	-304.7208881145059
564	-300.4716430440266
565	-306.6097510198353
566	-304.6698386174742
567	-303.5431995426334
568	-309.0657432818563
569	-305.85597882508864
570	-302.0249012179092
571	-310.8771896836372
572	-312.30343049205925
573	-307.7846509832606
574	-308.20024939239573
575	-307.7528540996649
576	-307.6519535700686
577	-310.1173535552571
578	-306.9344827580339
579	-305.8886517192231
580	-308.99446735618534
581	-304.41042619857524
582	-312.75536318726546
583	-301.9201771071875
584	-301.87746627362964
585	-304.5481909418738
586	-308.84832889628433
587	-311.1527852383973
588	-308.6085286668149
589	-305.48229868503006
590	-302.8039670395953
591	-308.2578953456877
592	-302.4039731303973
593	-300.34632759533224
594	-308.572526133526
595	-302.78147989414543
596	-310.3025758787062
597	-309.86120998961076
598	-310.17208390771253
599	-312.2941884706137
600	-307.69432392874216
601	-306.4338931958844
602	-308.58981372276014
603	-305.0937004443406
604	-302.0159606669176
605	-309.7306631216003
606	-304.7235626244322
607	-299.9910437788588
608	-307.31959206946726
609	-306.6444043507579
610	-310.25372401262376
611	-309.62722570418487
612	-303.5462682238334
613	-307.3740944590811
614	-305.1337591829491
615	-307.5741333756039
616	-301.9815548738796
617	-302.3526941791517
618	-306.53326050240133
619	-300.86783188378496
620	-309.49808304651
621	-295.95097703825553
622	-302.67650192458535
623	-309.0398988958435
624	-311.9525591356543
625	-303.2699631231288
626	-308.5166661659976
627	-308.3031598052432
628	-307.38688430050973
629	-303.75161686789045
630	-309.0115011894173
631	-309.9307279039849
632	-308.03026055429746
633	-304.7328072602733
634	-304.7179012205585
635	-307.1095551195333
636	-306.8715888199314
637	-304.9810521961994
638	-308.61112573830565
639	-310.99506083774156
640	-309.49945501605856
641	-305.6373256652008
642	-306.9533730112949
643	-313.86157482615084
644	-308.2003733165079
645	-304.5453900320363
646	-306.66572551347366
647	-296.908514285448
648	-308.6935721110456
649	-305.3827697857674
650	-301.4085834371374
651	-296.99746922382417
652	-307.3361137777048
653	-303.8559136192743
654	-309.57680267492896
655	-302.884339485456
656	-307.1851066277637
657	-307.8939455248444
658	-306.47917757002267
659	-307.6917194079177
660	-310.78965677611734
661	-305.2904170381424
662	-301.6302454375783
663	-309.7930640778516
664	-304.2895823250136
665	-310.7771585407868
666	-308.1140711736608
667	-312.0361660343056
668	-305.61617593188515
669	-307.27223020735715
670	-300.1753679156803
671	-300.7114527074493
672	-301.63604898985955
673	-312.39571244635044
674	-304.8532657458166
675	-306.09744800845084
676	-305.6110015470189
677	-301.49468900086185
678	-309.7860379126313
679	-304.21911114285416
680	-306.13025041569364
681	-302.50376442702645
682	-311.9764873227184
683	-309.6467318382644
684	-298.75159150010813
685	-305.71481974500966
686	-303.83580801519065
687	-306.14220787653505
688	-304.7606142090796
689	-309.07440718214804
690	-301.0659098673922
691	-298.90346502211617
692	-304.399465936221
693	-309.90375684849226
694	-300.9474987861302
695	-303.98407404493065
696	-302.46675531653796
697	-300.7279261722119
698	-302.35988438674383
699	-305.8955997312039
700	-301.7320869028186
701	-305.8404226778166
702	-306.4085306616946
703	-305.276185487923
704	-308.91062227790616
705	-302.5029854684454
706	-305.01672049167166
707	-309.7808595958683
708	-302.6241066073601
709	-302.07142237207205
710	-305.94955213584495
711	-295.40700492251085
712	-306.5186095547358
713	-308.6348265835367
714	-306.6386185760901
715	-304.92958164912
716	-303.5471901908785
717	-296.94085797367075
718	-296.0416826905522
719	-307.70942236632123
720	-303.1038386787589
721	-297.3016645260559
722	-309.93326460096256
723	-302.0627354164634
724	-307.3946493954994
725	-302.6385404984731
726	-302.4171176727826
727	-303.3152656633709
728	-299.1313550817105
729	-304.7313850161657
730	-298.48323744683603
731	-304.84263219986786
732	-302.9396547492936
733	-305.25196397061126
734	-307.799396438494
735	-301.78319888458947
736	-301.52250133885343
737	-307.3102840070461
738	-310.3615515790591
739	-304.53641276355563
740	-303.48437115420677
741	-304.15575489437674
742	-307.80945635690813
743	-305.1761068555211
744	-309.67311494446227
745	-305.2839971508449
746	-306.16480932484615
747	-301.2356414810949
748	-308.0169438841957
749	-302.3790044499315
750	-305.03902144637397
751	-314.50308207132406
752	-305.4799548781141
753	-299.3735930438259
754	-302.88623449724895
755	-308.73007617813846
756	-294.49140251558515
757	-311.2765974628955
758	-306.72612557025735
759	-311.1303031781976
760	-306.02220854185964
761	-305.63672098854096
762	-312.48535854560146
763	-305.04601707904317
764	-304.30542565344683
765	-298.2755173422777
766	-312.74075058707774
767	-307.4768263182637
768	-309.3462699124268
769	-305.25843579423616
770	-301.85840276387796
771	-304.0696750700864
772	-314.13556380251777
773	-298.59303980970407
774	-306.25404869444264
775	-305.2677746484488
776	-307.6591231769673
777	-298.58988655922343
778	-305.4375562114713
779	-301.77168948740996
780	-307.1224440671005
781	-301.3115589022424
782	-304.2125465402415
783	-304.42428030843445
784	-303.31043466449944
785	-309.9771334533566
786	-309.8533661801285
787	-301.45636339304946
788	-301.0200947647208
789	-304.14014353423914
790	-304.9290491929683
791	-305.2082748845102
792	-303.38762233594264
793	-303.6994465776831
794	-302.29342416943837
795	-292.5226995813475
796	-298.4193043187402
797	-306.74885298156215
798	-303.7191630959171
799	-304.97819515944343
800	-305.886448011696
801	-300.83511870767416
802	-293.3863047277138
803	-304.9662597702872
804	-299.9639732595652
805	-307.479212249661
806	-303.9694226691003
807	-297.30090000001195
808	-311.0123808031695
809	-304.53319545975705
810	-306.3111202452757
811	-309.3054873275951
812	-301.7212090639252
813	-305.7452290108141
814	-303.7066377584251
815	-305.53906345214614
816	-305.0149167824675
817	-307.4566535322647
818	-307.26333917684303
819	-305.0346907617728
820	-303.11143342585683
821	-299.0347342769382
822	-303.1196636454967
823	-302.10251367788743
824	-304.89528794208974
825	-305.59482172212023
826	-302.3678480010943
827	-307.81992632252513
828	-300.59686006214866
829	-305.1433163794065
830	-305.010272556602
831	-300.16089603021857
832	-308.51057635527025
833	-305.4036328634665
834	-307.4574489022445
835	-305.2044031165224
836	-308.2674625018693
837	-301.9071221827253
838	-304.14658011110424
839	-305.6762193601026
840	-304.49702512945356
841	-305.8835008268984
842	-299.3508798424293
843	-311.47252351788717
844	-301.27257181966934
845	-300.65664056721386
846	-305.3035198834924
847	-308.42359680348505
848	-308.8072328291462
849	-313.3538538020511
850	-298.39437326965225
851	-299.924441494682
852	-304.8171433004376
853	-303.26924603175826
854	-298.26011106181693
855	-302.59140132764725
856	-305.33069944256766
857	-303.8298683135921
858	-300.8826551043802
859	-305.1390000115944
860	-301.64390000000003
861	-296.6472804950397
862	-310.39897719119546
863	-302.0958073687571
864	-303.363802451021
865	-309.7444268832531
866	-303.7905052244969
867	-302.7292977014082
868	-312.3320342477466
869	-309.5109684529548
870	-308.147364049578
871	-308.2383320639218
872	-306.6292318058051
873	-303.1620456944185
874	-304.88172383429827
875	-303.0781531352873
876	-301.0514474958828
877	-307.20008502835327
878	-303.8719456097126
879	-300.9604072569921
880	-306.3285271609694
881	-303.0402679195202
882	-303.9647763251027
883	-307.44468237629155
884	-305.3767267939908
885	-296.19766424982333
886	-299.6974509719783
887	-304.7790718776715
888	-308.34506069166076
889	-301.31692119746344
890	-296.6865870216845
891	-306.01554945403916
892	-305.62679556796496
893	-301.3328224964513
894	-301.75797202682037
895	-295.6708391359102
896	-308.68222644301875
897	-297.67876275140736
898	-304.84582249912773
899	-301.5626159150917
900	-305.0506850404432
901	-309.8713745306255
902	-302.8423271432033
903	-297.48159430877047
904	-302.4789115587952
905	-305.3968548839929
906	-296.2046571543984
907	-302.17462285588704
908	-303.0136742152814
909	-306.01395896584955
910	-304.72519159292614
911	-301.3599559770468
912	-302.02643708292544
913	-303.60024317916304
914	-303.8160320970719
915	-305.1468795434478
916	-303.25991958100207
917	-304.3323566637294
918	-305.7681137934358
919	-299.18915652982656
920	-305.6496369250877
921	-304.1686130254274
922	-304.56956154066415
923	-298.8784926858794
924	-301.87562718279423
925	-304.01907714469615
926	-297.03046215739977
927	-307.329744489202
928	-312.634069233412
929	-299.819039389147
930	-307.3741742486568
931	-306.42526451106664
932	-304.4654173825099
933	-306.51972081217093
934	-302.78534545105947
935	-301.6732826115062
936	-305.16051800946065
937	-301.5181
938	-305.3153558490321
939	-308.8822412207304
940	-308.9817327136294
941	-304.61614947603636
942	-300.69315418443176
943	-306.1381504520437
944	-303.6792428876191
945	-302.73505928277314
946	-306.33680721816137
947	-297.6708868298732
948	-306.8843823852494
949	-304.1148541961828
950	-310.086854776259
951	-309.0738969906293
952	-303.0743028666318
953	-303.6031754805367
954	-297.2022103063164
955	-303.11260000003074
956	-301.8671404935803
957	-297.3509765322882
958	-305.5752370062968
959	-299.01601950051804
960	-302.74738256081247
961	-299.9639436947754
962	-309.0493604542541
963	-303.9907116572165
964	-305.45136257586176
965	-311.08789734895333
966	-308.5725383053943
967	-314.3983146467335
968	-311.25595519161504
969	-306.8462190600296
970	-307.15143639259236
971	-306.3002457164973
972	-307.7014012812261
973	-304.1988119641179
974	-301.21743271325204
975	-305.143422730903
976	-310.8491631897086
977	-303.14119316404214
978	-301.8588091609309
979	-304.69571450930465
980	-299.29597733188075
981	-305.1148778970372
982	-302.76925088895064
983	-305.4244417094148
984	-305.89036463592083
985	-301.29053860279674
986	-304.66707999580893
987	-297.23272279444194
988	-306.439816638566
989	-303.1710581161172
990	-305.2798881030474
991	-308.0569926246961
992	-303.32629883805447
993	-299.3578145588403
994	-303.92585001924
995	-308.82508111693744
996	-306.2548504710022
997	-304.8152834647376
998	-301.0834076901227
999	-301.3885373198928
1000	-296.8471584156956
1001	-302.6941226480868
1002	-303.45806775611027
1003	-306.6865508397886
1004	-307.405747810757
1005	-302.12032122179176
1006	-293.2869065793685
1007	-303.78828055636694
1008	-302.4247373935599
1009	-309.6834123839005
1010	-306.0045292408373
1011	-297.0416345485296
1012	-302.3269792681978
1013	-300.5391751886093
1014	-306.28622213328475
1015	-296.9634811096155
1016	-298.57179015452044
1017	-307.5311463250318
1018	-299.4639658163668
1019	-299.9871
1020	-304.6174932491181
1021	-299.9151
1022	-299.6798568330268
1023	-300.58483795848616
1024	-306.6936821414935
1025	-309.00396321676106
1026	-311.9289542657587
1027	-306.16166446716375
1028	-306.01417428574877
1029	-304.36315953588183
1030	-305.16766925628417
1031	-303.61979357960473
1032	-307.45054202116233
1033	-307.54152836133966
1034	-309.84205937456363
1035	-296.84840003295767
1036	-305.09178791125936
1037	-307.8536898128206
1038	-304.7564973071758
1039	-303.46814942362323
1040	-308.56201636624246
1041	-309.6195867046452
1042	-309.2774544562437
1043	-299.45940645306945
1044	-302.53168261366244
1045	-305.40275930310014
1046	-306.1770115405563
1047	-298.57615938085553
1048	-307.63498891522954
1049	-304.17638989153716
1050	-303.0461499273433
1051	-297.94842797930465
1052	-299.40437937346144
1053	-300.10206145370825
1054	-300.86166318167085
1055	-301.68194604196094
1056	-294.3430929933074
1057	-304.9174298278496
1058	-301.7612294322309
1059	-306.63667390198157
1060	-306.87411458063326
1061	-305.5676304922622
1062	-303.5442901712621
1063	-298.8096721843557
1064	-306.65847577864685
1065	-306.32324292990916
1066	-305.18587746911413
1067	-309.4637643964492
1068	-306.68739245220974
1069	-304.55156118833634
1070	-307.2101503577922
1071	-305.4981355365989
1072	-306.5962769093022
1073	-303.0129575585605
1074	-307.69385447182043
1075	-302.41710094039354
1076	-297.59673013901124
1077	-308.1142357206473
1078	-305.96091999748364
1079	-304.7303804203337
1080	-294.9318428117274
1081	-297.09865960856916
1082	-301.3006521524535
1083	-301.73265373489215
1084	-299.1852930405028
1085	-303.61251123120473
1086	-302.10697265126424
1087	-299.2320866941686
1088	-304.8151140839946
1089	-302.47180000000077
1090	-300.1057354456555
1091	-302.1826634790773
1092	-308.82856833516126
1093	-304.5405353150545
1094	-303.4168436017759
1095	-303.8540210376066
1096	-300.08415255482805
1097	-303.2461089642292
1098	-307.2397415506714
1099	-306.745631334674
1100	-301.193877473411
1101	-299.23847461076514
1102	-307.207554602445
1103	-302.26973314106067
1104	-305.43252421004456
1105	-302.0314099881281
1106	-309.01454013747366
1107	-303.2808809806295
1108	-309.5102357237531
1109	-300.6753891360983
1110	-302.79906951054795
1111	-300.0549076495394
1112	-303.0967989349725
1113	-302.23374022344893
1114	-305.5866210548948
1115	-305.6715977428632
1116	-301.73224542124206
1117	-304.99292625618375
1118	-308.4466762312269
1119	-309.6827826581224
1120	-301.8707418389287
1121	-307.8022641740574
1122	-304.40563932815985
1123	-312.0941627325274
1124	-312.82676936237397
1125	-302.1701442935455
1126	-299.99530172325524
1127	-303.61653090127703
1128	-307.3656123079176
1129	-304.05847688407533
1130	-308.75224438214593
1131	-298.51990869582977
1132	-305.3447000001976
1133	-297.90014002915103
1134	-310.2550665790204
1135	-311.2849925834211
1136	-300.6791761937353
1137	-309.5265282656024
1138	-306.89705647780534
1139	-303.89659025377017
1140	-298.39294797410605
1141	-305.9501570817572
1142	-304.4186300052381
1143	-304.34384137727574
1144	-300.8517000012814
1145	-300.5545323518438
1146	-300.8410045643458
1147	-306.42730066509966
1148	-305.66408865326014
1149	-302.1449094528869
1150	-303.1315583178029
1151	-303.58559423599735
1152	-302.9590830258581
1153	-305.12573675377354
1154	-303.9734768585821
1155	-305.2476865356951
1156	-307.00757982493974
1157	-303.89519692338666
1158	-303.75758058362794
1159	-306.8887453162481
1160	-302.36541217076433
1161	-309.7670246159858
1162	-303.58371543890087
1163	-310.221453430421
1164	-299.0690000000045
1165	-304.4719165933478
1166	-308.8286866285631
1167	-303.08544739025797
1168	-304.4406863223732
1169	-301.5017773795216
1170	-300.54651310243037
1171	-301.29792962522987
1172	-305.8700124185963
1173	-303.2809591832743
1174	-300.600706902687
1175	-308.2268753214949
1176	-301.74401155504114
1177	-304.94825981029646
1178	-300.8812025451311
1179	-308.4766246683818
1180	-308.8916858693575
1181	-307.78996777891615
1182	-300.85084434234113
1183	-307.7322004913611
1184	-307.2692500034636
1185	-306.15238126123984
1186	-302.39949172584545
1187	-304.7926140505613
1188	-300.9274747300513
1189	-299.89085193055246
1190	-301.97879192097184
1191	-301.5132046083379
1192	-308.16065901749323
1193	-310.44392195257115
1194	-307.2845217332488
1195	-302.7472625301924
1196	-301.1712791191024
1197	-299.560049777316
1198	-294.63217317814986
1199	-305.52506586672104
1200	-298.6819140011399
1201	-300.31275734360935
1202	-300.1188861724623
1203	-310.70525682887217
1204	-300.3796001337893
1205	-301.4114664915036
1206	-303.737614239961
1207	-309.94664952845295
1208	-303.9589962299118
1209	-302.42791705609864
1210	-305.502182155058
1211	-301.7364738754157
1212	-308.1427494045299
1213	-307.39001302654077
1214	-303.0174353422517
1215	-303.37961793387757
1216	-307.50058804428636
1217	-309.22513658882684
1218	-302.37840166738624
1219	-305.7710433946017
1220	-298.73769259862684
1221	-306.94838727570374
1222	-304.9695306831331
1223	-305.7056915970095
1224	-304.5836600072366
1225	-303.4146523278281
1226	-304.9917938655117
1227	-305.9591300474659
1228	-307.4113474302357
1229	-309.4048576495025
1230	-307.7075271520251
1231	-304.4543385456102
1232	-302.52170439718617
1233	-303.68179536087155
1234	-306.3581810377897
1235	-304.07329199902233
1236	-305.54893500617374
1237	-303.5366562464505
1238	-310.1105798943981
1239	-309.94808446512445
1240	-308.3995503966941
1241	-301.0612293096743
1242	-304.54938324780085
1243	-303.98580000000004
1244	-303.69835439631544
1245	-301.60520421576865
1246	-306.9986255761665
1247	-300.41305055363927
1248	-307.2817278810595
1249	-303.05420213546233
1250	-295.5046689215054
1251	-302.6688263589028
1252	-303.9594456766576
1253	-300.7396554606928
1254	-299.69466611944864
1255	-302.059047617255
1256	-304.4819914391855
1257	-308.96904167653696
1258	-305.53069148764666
1259	-301.87604955673913
1260	-304.25313088541225
1261	-302.5292689568121
1262	-305.90692822443964
1263	-306.9115911632989
1264	-303.5218290664796
1265	-307.34091592065045
1266	-304.4523651948868
1267	-298.9383102748689
1268	-306.48580942150585
1269	-307.45891513689907
1270	-303.1947141088665
1271	-303.354008896589
1272	-300.0328855026474
1273	-305.69140873027357
1274	-305.19572347986093
1275	-304.73565100264386
1276	-301.5362629722258
1277	-303.16083364294224
1278	-302.0074117164846
1279	-305.9796972558634
1280	-301.81425503752456
1281	-305.4514925963007
1282	-296.3507400200401
1283	-307.8585375641443
1284	-304.3840168647847
1285	-302.17241723541287
1286	-309.7695812072696
1287	-307.5647219071104
1288	-307.41526205464186
1289	-308.1801494845246
1290	-298.44484043068474
1291	-309.23613309008294
1292	-310.1693818468285
1293	-305.9149810631949
1294	-302.21721134782433
1295	-306.96696877742784
1296	-301.9971510466361
1297	-303.297207311315
1298	-305.28631452298276
1299	-300.83248273721284
1300	-307.98583750990593
1301	-307.6134517193097
1302	-302.69843317761126
1303	-307.09506760659633
1304	-308.64570250236545
1305	-303.06024661603476
1306	-304.5913410968279
1307	-298.9023520827763
1308	-299.5707343466166
1309	-309.6889611786763
1310	-302.86282410357575
1311	-306.47360868610895
1312	-304.60081388620637
1313	-294.0964273087282
1314	-304.94135455282714
1315	-306.5557216634403
1316	-299.4875286466044
1317	-302.5443187536656
1318	-302.3995055766642
1319	-309.44473559889866
1320	-301.27117620106037
1321	-312.3164722481834
1322	-301.1694009869921
1323	-305.97379700645445
1324	-304.9856805563468
1325	-301.2686182059613
1326	-300.69570060866033
1327	-296.7004440528813
1328	-301.9441645111958
1329	-303.8426495721088
1330	-303.5629117402994
1331	-304.0585984668666
1332	-301.65416826469004
1333	-296.9108832378994
1334	-297.30498716882175
1335	-302.1272163047779
1336	-300.64646200441246
1337	-300.0790316102699
1338	-296.48984460923225
1339	-305.86072660705423
1340	-300.9056567445111
1341	-302.48711534040194
1342	-300.4054612617502
1343	-300.1640978139811
1344	-300.09446982562963
1345	-301.08760003341223
1346	-302.92066454706725
1347	-308.7201511385814
1348	-299.4174050688385
1349	-306.53477125510096
1350	-305.4561535191523
1351	-296.03613431521944
1352	-300.7871702357088
1353	-308.17424293258154
1354	-306.12865654286077
1355	-302.86378769402904
1356	-299.6607017846923
1357	-303.4908955821989
1358	-304.4687857879048
1359	-303.5229071065219
1360	-300.505536698538
1361	-307.88189128478746
1362	-303.284564105761
1363	-302.4653877019982
1364	-303.32659854007403
1365	-302.661538306925
1366	-306.26862734532796
1367	-309.1648247319653
1368	-307.4065958377956
1369	-300.53412669282335
1370	-300.81659179811277
1371	-301.3792031389343
1372	-304.64167612642865
1373	-303.11699714124
1374	-302.05342134762515
1375	-310.55815739651973
1376	-301.0549237414907
1377	-305.9322835712687
1378	-301.09177240395326
1379	-306.58014124848364
1380	-306.49149143706853
1381	-300.6640259118451
1382	-304.0915744353796
1383	-302.896722387064
1384	-304.0136743583107
1385	-303.07560110912414
1386	-298.7111408792466
1387	-306.47094324846984
1388	-310.67285085301006
1389	-304.13461125034866
1390	-307.9741400974189
1391	-307.0749568537571
1392	-300.89538414518864
1393	-296.87853646323447
1394	-303.83494979640403
1395	-301.39116811059074
1396	-306.8563264787112
1397	-302.5029856814574
1398	-308.7385789776407
1399	-307.79485808210717
1400	-304.34300181162223
1401	-304.1984269856872
1402	-306.9218221285352
1403	-301.3995
1404	-302.26746251538646
1405	-306.756258747158
1406	-305.0995720675497
1407	-303.41094114802894
1408	-296.8531892335921
1409	-307.74568375276976
1410	-299.6483118399527
1411	-309.9638640436957
1412	-304.6582696599897
1413	-304.18384174221876
1414	-302.3215781579914
1415	-304.59360423342156
1416	-306.81598531552095
1417	-300.9218380548239
1418	-303.3248584586126
1419	-300.51118516153804
1420	-307.0391797785117
1421	-306.998803709223
1422	-305.82614268457013
1423	-305.1619482306155
1424	-302.0525932087482
1425	-301.9711565076692
1426	-304.475875581717
1427	-303.53281782813065
1428	-306.95505565429755
1429	-303.1499504942165
1430	-299.8925832420868
1431	-303.15649459206537
1432	-303.85936201901876
1433	-308.06037543502697
1434	-304.02459607294327
1435	-305.2822444762185
1436	-304.7784538558666
1437	-307.8789816579753
1438	-307.32945466153393
1439	-305.25123626562885
1440	-297.04597072890436
1441	-301.4225646355962
1442	-306.69918065950156
1443	-299.9709787414842
1444	-303.2610398620114
1445	-306.78575963359935
1446	-300.7589676146041
1447	-300.1733701753433
1448	-305.02335178009247
1449	-304.99800991442777
1450	-302.1089147721167
1451	-305.85376570256915
1452	-307.3074720207094
1453	-309.8952471105556
1454	-312.10117743329585
1455	-308.47990594489414
1456	-305.702542462223
1457	-306.3466458507684
1458	-305.42326883662474
1459	-304.97746161965176
1460	-307.00024984275103
1461	-303.2386634574274
1462	-306.7708244822604
1463	-304.7596251662171
1464	-304.0867079876024
1465	-304.74964926530276
1466	-303.4796135390855
1467	-300.73030000126323
1468	-303.44769628831847
1469	-309.31641199180405
1470	-302.3862000131119
1471	-304.1703620205969
1472	-306.6865459595467
1473	-307.6458953656517
1474	-309.82458432649116
1475	-303.08647528991844
1476	-303.52489245939574
1477	-304.74672913258627
1478	-299.60551135547223
1479	-309.0950069658633
1480	-303.9813892856206
1481	-308.522608016323
1482	-298.0869145583225
1483	-307.2826094232735
1484	-306.8852401456337
1485	-302.27133112503583
1486	-310.48575280596197
1487	-304.4270675646665
1488	-308.80868449040776
1489	-308.95885707173335
1490	-308.0864053885123
1491	-298.40660091464457
1492	-301.5394327586664
1493	-299.5653461548374
1494	-307.6366893516377
1495	-307.15253651390844
1496	-294.1399
1497	-304.53913357366946
1498	-297.33160099058586
1499	-305.9054165477713
1500	-308.95080318320373
1501	-318.3762873586255
1502	-308.3086711324028
1503	-307.16636523147605
1504	-307.20467476772507
1505	-305.8369106099006
1506	-307.43635619784254
1507	-305.7608752505195
1508	-302.9984024008178
1509	-298.8284005694294
1510	-302.08501505657216
1511	-306.54871524984156
1512	-303.87553016752344
1513	-303.21162262138165
1514	-304.0490490450537
1515	-304.4226066156759
1516	-307.33037460500964
1517	-304.10818877297044
1518	-304.6287839296867
1519	-308.8294509485795
1520	-300.5346661227963
1521	-304.5165087625208
1522	-308.71217392034464
1523	-300.3955378365964
1524	-307.26294162459646
1525	-306.66601896275876
1526	-306.50657272109737
1527	-309.2431242923117
1528	-298.7470544831188
1529	-308.5904674393425
1530	-302.2850927294531
1531	-300.5743490253949
1532	-303.6791644031226
1533	-298.8658503554569
1534	-305.5556968681482
1535	-297.19097177002436
1536	-307.79345345674716
1537	-304.85545798657006
1538	-304.2347865904368
1539	-307.57538684646147
1540	-304.18138206528886
1541	-308.3083003982976
1542	-302.0320364674888
1543	-303.05039300818737
1544	-301.7235035421909
1545	-304.49120000000005
1546	-295.3081212635026
1547	-303.5060670609232
1548	-305.2055181469688
1549	-303.8389969843289
1550	-298.10264243613153
1551	-307.31603866814345
1552	-306.40048872657894
1553	-310.72122035015127
1554	-297.72574279248806
1555	-295.4519072915574
1556	-298.8223855292852
1557	-307.9176389717436
1558	-310.6846194210979
1559	-311.0752619710653
1560	-307.72845026337296
1561	-310.27514648864434
1562	-307.5728614223836
1563	-302.2174182042676
1564	-312.07656256458085
1565	-305.26726098562517
1566	-300.1510257117707
1567	-303.75125136430086
1568	-300.51269416787954
1569	-304.4471423460136
1570	-302.43001516882964
1571	-301.57700756602935
1572	-305.30266253646215
1573	-299.0773195377421
1574	-303.9383609133731
1575	-296.52878096894244
1576	-310.6479208265373
1577	-301.1141473190045
1578	-303.941668005988
1579	-297.55305433051126
1580	-304.6125989563266
1581	-302.5820861278626
1582	-302.26344564706267
1583	-299.28087843242974
1584	-306.5754083511395
1585	-308.7765490852886
1586	-301.83687322533206
1587	-298.5298076283961
1588	-308.1235232616179
1589	-303.96902721870686
1590	-302.6246646652383
1591	-299.607847860677
1592	-301.5498173000849
1593	-297.5589231040829
1594	-303.8656873363157
1595	-296.83488376400675
1596	-296.49260336229617
1597	-303.67118283696334
1598	-300.9192747476701
1599	-307.4668903791733
1600	-306.49887102533444
1601	-302.7779001434352
1602	-306.2607924423188
1603	-300.9945395823701
1604	-300.0651724006129
1605	-301.6958901032559
1606	-303.7523212587366
1607	-307.5312660578726
1608	-300.960076592969
1609	-302.7160798315212
1610	-299.7861749445811
1611	-303.89159841034535
1612	-304.571403196541
1613	-304.9673787602832
1614	-299.1076582350651
1615	-308.5796849096883
1616	-306.5048178017648
1617	-305.94217521721754
1618	-306.2494929397163
1619	-313.7587118711186
1620	-306.54140873469385
1621	-299.8608239402142
1622	-309.4535118715363
1623	-302.9463968389459
1624	-314.452481671703
1625	-311.19344187392176
1626	-309.9030065310993
1627	-303.52625409438764
1628	-306.89680000168255
1629	-300.3530271534507
1630	-304.0916345304056
1631	-301.2678640813422
1632	-304.20236934482864
1633	-299.1565352841595
1634	-298.4963493378677
1635	-301.69482520500975
1636	-303.53627675068805
1637	-302.2275431058851
1638	-300.4657477995442
1639	-305.314911267793
1640	-307.80882859883616
1641	-302.193808904215
1642	-303.6071259505492
1643	-299.3545122734502
1644	-309.62173011193784
1645	-304.2843627278964
1646	-306.74191354731505
1647	-297.0753100285993
1648	-305.86610618792776
1649	-306.2971819785755
1650	-302.95450969698123
1651	-301.3422516922638
1652	-302.8237455409632
1653	-302.82266729055505
1654	-300.13434153368087
1655	-306.04868517069946
1656	-304.04811818191814
1657	-300.22557353907354
1658	-300.88886487529675
1659	-307.6593270247731
1660	-308.28327141583986
1661	-307.8332763287179
1662	-309.676753487718
1663	-298.1579005930941
1664	-306.0057277431212
1665	-305.55469199715577
1666	-295.8042202623065
1667	-311.02386626537964
1668	-297.7541502827929
1669	-305.7732014945669
1670	-301.01101294671594
1671	-305.8885149724791
1672	-307.97398287455616
1673	-309.0218170519819
1674	-308.4180600170117
1675	-298.23540029084785
1676	-306.34107054054874
1677	-300.4965482429601
1678	-305.05553124196945
1679	-309.154418430044
1680	-308.1542015356254
1681	-301.57599336430894
1682	-304.4977271021731
1683	-304.54681397514423
1684	-304.57320202193114
1685	-298.0182459283294
1686	-310.204407717626
1687	-305.9004904770682
1688	-303.8978666057375
1689	-307.52773829799173
1690	-312.42134103509596
1691	-311.10748310012383
1692	-302.9858502430414
1693	-306.66262765886825
1694	-303.6175788562591
1695	-307.9300741582767
1696	-308.62258592596345
1697	-302.2592988490095
1698	-303.6538521419934
1699	-296.79125763943335
1700	-303.3865609603584
1701	-301.6736
1702	-301.95102437390943
1703	-303.5448211421705
1704	-309.36040858119077
1705	-301.36887481999264
1706	-295.0455851151262
1707	-306.3925703009209
1708	-300.6056107543993
1709	-303.8767521654176
1710	-306.3314791459618
1711	-304.7500178548602
1712	-302.8559527445741
1713	-302.26691214762735
1714	-305.9778977421469
1715	-297.5179338751754
1716	-301.64580000001405
1717	-303.3939162411116
1718	-303.5106290981622
1719	-301.65145390570734
1720	-305.88380831882216
1721	-306.4931489299861
1722	-308.96793092966107
1723	-307.9938026305979
1724	-305.1083686855923
1725	-300.0863126867018
1726	-297.75593266653914
1727	-303.0195453000421
1728	-302.84544814349863
1729	-299.3197233005168
1730	-300.4964888384272
1731	-306.0702006062935
1732	-305.63109719968276
1733	-304.5150709195061
1734	-303.3746196752463
1735	-303.0423275665915
1736	-309.50788376831093
1737	-301.50507977162766
1738	-306.07250116499887
1739	-305.4739077376754
1740	-300.3307868878768
1741	-309.85339845519314
1742	-309.0051169348906
1743	-306.85198170184947
1744	-314.0260913317251
1745	-301.3873953202526
1746	-298.1993035109161
1747	-301.6595012180211
1748	-299.68471419615685
1749	-304.2555511267726
1750	-304.95827415104776
1751	-296.5538747580127
1752	-304.018159914733
1753	-307.6654403800998
1754	-297.45770000000005
1755	-304.54542508429637
1756	-308.3472259799669
1757	-308.0153045387663
1758	-304.42566778101406
1759	-304.46740731539643
1760	-302.20318080587106
1761	-306.23143004064156
1762	-304.7131067616328
1763	-300.1252022181504
1764	-304.8652963554202
1765	-305.4601437189002
1766	-303.7905421887005
1767	-306.0244573631665
1768	-301.9238495947862
1769	-306.89551290822465
1770	-303.3221352983754
1771	-297.6516803473061
1772	-299.1313013598594
1773	-306.0719228278765
1774	-301.25401619781854
1775	-303.6251634080513
1776	-300.05202577254676
1777	-309.00525865396844
1778	-299.0708961884569
1779	-305.2639959411443
1780	-302.5735509812002
1781	-303.7311368440677
1782	-303.6766337358142
1783	-297.8041699553509
1784	-299.51770650532325
1785	-307.174270354089
1786	-305.6888847759003
1787	-300.5020011738428
1788	-310.47468760435504
1789	-302.2833861059644
1790	-304.70246268058867
1791	-299.9379
1792	-298.9673694305415
1793	-301.28547560443036
1794	-303.4197102815531
1795	-303.0177025135852
1796	-305.3150953358121
1797	-309.9130069668038
1798	-300.3678904909519
1799	-298.87808712840825
1800	-302.5544855566668
1801	-302.8583082431629
1802	-305.1048012841576
1803	-300.3985000000241
1804	-305.79542057955143
1805	-302.3493301116967
1806	-306.97585457126627
1807	-303.5101523221251
1808	-303.0606090358605
1809	-298.17260034909134
1810	-308.80787102187776
1811	-301.500326514105
1812	-304.0971
1813	-310.02319570549713
1814	-307.2795101716018
1815	-303.24652519205773
1816	-300.9956988026634
1817	-307.81098592200783
1818	-301.21470162077844
1819	-305.27934129183217
1820	-302.3989000001238
1821	-302.76290908825877
1822	-305.5839312336748
1823	-296.10608347144006
1824	-303.46620002858504
1825	-297.8719349616662
1826	-305.5755267591793
1827	-308.40251468196215
1828	-299.39202393779055
1829	-304.67222252530576
1830	-303.56906770812265
1831	-301.9808430748775
1832	-305.8759765742003
1833	-301.3850273331001
1834	-305.99860094833224
1835	-306.8676162807873
1836	-297.42343008208513
1837	-298.11423166909753
1838	-301.99787923600513
1839	-299.35702381795255
1840	-310.4894950506723
1841	-304.50996322009246
1842	-306.6691147346289
1843	-304.72333778383654
1844	-309.64041678317204
1845	-307.166510982032
1846	-306.00063571509855
1847	-306.11471916062465
1848	-306.4209749208387
1849	-307.92426554883605
1850	-303.44684272168126
1851	-305.6693912186359
1852	-304.30103108446684
1853	-304.1867954785413
1854	-304.4601656609804
1855	-305.97072290641796
1856	-305.1556859373054
1857	-301.86178240133825
1858	-306.9082144778281
1859	-304.42365835262717
1860	-310.44626902047855
1861	-308.4863102076864
1862	-304.83010000000047
1863	-309.0039904770422
1864	-295.89668198364586
1865	-308.4176844448186
1866	-302.7531593645376
1867	-303.47140000016117
1868	-301.3467352012479
1869	-305.74523206938585
1870	-311.05289490945114
1871	-304.1233622363029
1872	-306.3795429338295
1873	-302.55295495171697
1874	-306.09446144011406
1875	-299.84547759831946
1876	-305.42601355352195
1877	-305.0479244652822
1878	-305.49312971311195
1879	-296.54692331963474
1880	-298.544891352577
1881	-302.39448135719135
1882	-301.3342242833055
1883	-302.8048716309559
1884	-305.73726141148836
1885	-299.43030287536556
1886	-302.03315282249173
1887	-306.9218343558112
1888	-305.86611906523433
1889	-302.11162999861716
1890	-305.8722008692794
1891	-305.5233289424151
1892	-296.3791713268942
1893	-306.02726964880077
1894	-307.0331149126716
1895	-304.731493546114
1896	-302.8170390336919
1897	-303.07660564666486
1898	-300.4174940974334
1899	-300.89608594218345
1900	-297.2246876193059
1901	-300.8104527681263
1902	-296.7288389698739
1903	-300.4515356771491
1904	-304.23308621944545
1905	-294.31282537546394
1906	-301.5985247288949
1907	-302.2033589381825
1908	-298.092720093354
1909	-300.0157559537188
1910	-291.5379804542108
1911	-301.4589390872855
1912	-303.80263218122866
1913	-307.8904074609218
1914	-310.4959652669913
1915	-300.28435567180486
1916	-306.9938589337303
1917	-302.6274057319676
1918	-304.308451325895
1919	-301.5713903070696
1920	-300.63666816093024
1921	-304.07675704054003
1922	-300.9507901455496
1923	-310.1840990725661
1924	-305.00704165903556
1925	-305.74031478780466
1926	-302.68488203571945
1927	-305.9465838371593
1928	-308.79193687500526
1929	-307.9241882127071
1930	-302.73286467704065
1931	-304.8104583444342
1932	-310.5778311582596
1933	-306.4459998694315
1934	-305.49910666766505
1935	-309.00569255240146
1936	-302.5236126083587
1937	-305.52195620589634
1938	-309.48218311337206
1939	-310.0887757009717
1940	-305.38009401348694
1941	-301.4003208090342
1942	-301.93118696875104
1943	-297.91052184249247
1944	-306.9105026130533
1945	-303.70902737861735
1946	-303.08960074773665
1947	-301.2696540940212
1948	-300.90648667434607
1949	-295.58188621387154
1950	-297.25088067704996
1951	-301.52159918629104
1952	-306.51287412815475
1953	-308.09107017612206
1954	-302.28959927936023
1955	-303.213416261782
1956	-305.42359284420496
1957	-301.1977688820863
1958	-307.65865042116866
1959	-302.02714125356005
1960	-301.62185037272536
1961	-308.54930501235816
1962	-304.1333173209114
1963	-303.51438313332045
1964	-307.60389638899454
1965	-296.5811718836349
1966	-306.27666218718247
1967	-310.56181064005034
1968	-304.74669459776294
1969	-302.10333150348595
1970	-303.1494805944419
1971	-306.60038776402445
1972	-305.43739536034883
1973	-301.0829855786174
1974	-301.7655646376111
1975	-300.2485224978772
1976	-302.7152120280517
1977	-305.8184277353238
1978	-303.87084816995673
1979	-302.12530918926774
1980	-296.02572536025025
1981	-304.4949583381417
1982	-306.4774714995785
1983	-300.497645713796
1984	-302.44287248641973
1985	-298.90311399890754
1986	-303.1753059131093
1987	-299.24166660525907
1988	-296.63911838809855
1989	-298.1218894386799
1990	-305.1211261125184
1991	-300.23757392302116
1992	-310.25678784573284
1993	-299.6249112928567
1994	-297.4533
1995	-307.00784124287367
1996	-301.4749425234721
1997	-298.74763497336
1998	-303.0779614638787
1999	-306.64290090570756
2000	-305.99227681587007
2001	-303.991859182939
2002	-305.7656672074095
2003	-310.32914879983986
2004	-304.7209808721992
2005	-299.4943552250017
2006	-298.6164950755141
2007	-304.4724245398865
2008	-305.1116672436488
2009	-303.3491443220334
2010	-303.3595638113994
2011	-307.05427812667875
2012	-298.2113901434816
2013	-301.57908171823084
2014	-312.86565464356727
2015	-299.871706405047
2016	-299.2971025650035
2017	-308.1556168816613
2018	-299.4748204427885
2019	-297.6123580485777
2020	-301.31170468897733
2021	-301.90654740619703
2022	-304.2237321185235
2023	-304.5318255337877
2024	-304.8087883203986
2025	-303.36409428102917
2026	-309.7906775476809
2027	-303.9645380566736
2028	-307.9161355666394
2029	-302.8090421282934
2030	-308.5378714675488
2031	-304.94309258125594
2032	-308.2014992558107
2033	-307.0339954352131
2034	-299.62394505288495
2035	-303.6248879829425
2036	-302.7600963354014
2037	-304.1026794496268
2038	-311.76567279465667
2039	-306.62824417208606
2040	-301.8823611887223
2041	-310.8512304546078
2042	-302.4420814610102
2043	-305.49338960785593
2044	-306.1001500925977
2045	-298.99139924536803
2046	-304.6075051959265
2047	-301.9185462937671
2048	-300.9593228825012
2049	-302.26978159492023
2050	-303.9216295213881
2051	-302.8203575378615
2052	-298.31270019946646
2053	-299.30545697349476
2054	-303.1647685710919
2055	-301.47121599381546
2056	-308.5398834086079
2057	-304.05472426089295
2058	-307.6409625757619
2059	-296.5832168868883
2060	-309.55538401311054
2061	-300.7478068179256
2062	-304.38140335196266
2063	-298.8224657742437
2064	-300.29330000000004
2065	-306.1076855846123
2066	-301.5569441013994
2067	-301.76421812978646
2068	-301.84987324758436
2069	-303.08310986492563
2070	-307.39484252817135
2071	-303.43806085394766
2072	-293.582949928016
2073	-300.5946981056626
2074	-299.5708629961715
2075	-295.26374366052755
2076	-299.1538345191668
2077	-297.06383170578783
2078	-306.6536501959267
2079	-304.95527881230134
2080	-304.58188751162646
2081	-303.9964642502921
2082	-303.7843411338653
2083	-304.80697000719874
2084	-300.8415063494538
2085	-311.0745753153919
2086	-302.7859301684123
2087	-301.1988973470875
2088	-297.1424266952164
2089	-307.8383927065813
2090	-309.77621133317837
2091	-303.8934784659255
2092	-299.64318052496355
2093	-299.60722680450846
2094	-308.0516860982791
2095	-306.6531650896306
2096	-305.9349386936735
2097	-303.4937352027646
2098	-302.07330949034747
2099	-303.86030002715734
2100	-306.31040285231495
2101	-302.4165674925922
2102	-301.4737752249248
2103	-304.85463163275847
2104	-305.20895093518067
2105	-303.39994746872475
2106	-304.9995787272215
2107	-307.3889011541599
2108	-306.265045881706
2109	-300.22934991624476
2110	-302.8753079892786
2111	-304.1829478361144
2112	-303.64444614160595
2113	-298.690135941934
2114	-307.5239164562797
2115	-301.9361035809944
2116	-299.7332000000211
2117	-303.25302666835796
2118	-305.0987927221694
2119	-302.8947649428603
2120	-306.3603520673226
2121	-303.49298547662124
2122	-307.9009883337783
2123	-299.4486018571172
2124	-306.7225396332402
2125	-305.1181615272144
2126	-305.9452208525411
2127	-310.23315052057893
2128	-301.67199369982825
2129	-313.72569815574576
2130	-307.3684005030618
2131	-302.65737155402024
2132	-305.67702851033766
2133	-304.4842262944978
2134	-302.41589777029196
2135	-304.65870170192375
2136	-305.2915499655756
2137	-305.89565541622756
2138	-301.23638371988085
2139	-312.6841613967717
2140	-308.275084787102
2141	-307.9528933407931
2142	-304.5139951348446
2143	-307.4981520885771
2144	-309.57570054299333
2145	-301.681975824101
2146	-301.07763249423687
2147	-309.16164118944914
2148	-308.4481766052975
2149	-313.73067509169994
2150	-309.81903862445455
2151	-299.37060055600165
2152	-303.031911845335
2153	-303.0830973382779
2154	-305.41064124219685
2155	-306.6675681018118
2156	-302.7722218655514
2157	-306.77543496664134
2158	-298.4329392443146
2159	-307.6773467407821
2160	-304.55236924041805
2161	-306.22929977019436
2162	-305.68419417339584
2163	-306.05210036438933
2164	-292.59345552470404
2165	-295.97717908372846
2166	-307.26142397374076
2167	-304.8380726999533
2168	-306.85765933845454
2169	-305.8967701733938
2170	-306.68941410913015
2171	-301.1253829110467
2172	-310.6266598363847
2173	-307.6385166798977
2174	-304.0542741925912
2175	-306.8748806096174
2176	-302.95469829545476
2177	-305.9435947545082
2178	-298.4853689679839
2179	-303.3162822781116
2180	-307.97171554144467
2181	-307.7996075628482
2182	-307.3602295151193
2183	-304.0492015902165
2184	-294.8943261730083
2185	-304.36802226374397
2186	-306.1438243489706
2187	-308.9362452548631
2188	-304.6732612786104
2189	-308.77537127533384
2190	-300.55380165176706
2191	-304.2417606024255
2192	-299.7736938867599
2193	-299.335062504322
2194	-304.5712537935995
2195	-303.105560555571
2196	-306.05625573452966
2197	-303.0715
2198	-300.7685194573234
2199	-302.71088152813985
2200	-299.5061219195761
2201	-304.6551825893706
2202	-303.05849780327947
2203	-305.0102431617154
2204	-304.08735466835384
2205	-304.1512603525218
2206	-305.11255081041475
2207	-305.92929887289165
2208	-302.8081703057249
2209	-306.7158516251314
2210	-305.93476924718374
2211	-304.81632458716814
2212	-303.48841026848277
2213	-303.9796450672637
2214	-300.8139148993487
2215	-308.49305958672835
2216	-307.17745412250633
2217	-304.21360927225874
2218	-302.1863378111715
2219	-299.0622256445613
2220	-306.55305257805196
2221	-308.7918825671668
2222	-297.9573073146037
2223	-299.9762
2224	-303.7135664348389
2225	-300.7162555487505
2226	-301.5654016664465
2227	-305.06386628692917
2228	-306.1855867879106
2229	-306.88109202351586
2230	-304.4800125079805
2231	-303.1245484972823
2232	-302.9892894903632
2233	-306.57507859921697
2234	-310.2152840520164
2235	-303.75895790726145
2236	-300.72095344191166
2237	-305.00839881203314
2238	-304.819777859735
2239	-299.8767154094544
2240	-299.9869002191703
2241	-311.26197469694335
2242	-309.21800039329247
2243	-301.27849054848383
2244	-303.28684641321917
2245	-299.72623306683664
2246	-311.92987756401646
2247	-301.54484244722573
2248	-302.1210930655955
2249	-307.65069552295853
2250	-308.37931176793967
2251	-305.46326450489505
2252	-305.0044117482437
2253	-302.6967874759051
2254	-300.13425662758135
2255	-301.2848208551269
2256	-306.09808252828094
2257	-305.4162066997408
2258	-303.37196833448206
2259	-300.3974134119866
2260	-304.2521964619211
2261	-307.5422937421552
2262	-305.6502705973578
2263	-306.7070698119783
2264	-293.0399846455137
2265	-305.0211368463214
2266	-304.0078279040271
2267	-307.38408451362704
2268	-309.77010367518324
2269	-310.40513480286495
2270	-306.2204410890592
2271	-304.7184413564073
2272	-309.2233095747276
2273	-303.4998184977033
2274	-304.1349092011311
2275	-303.6327648475938
2276	-305.28518894310787
2277	-304.02028383223745
2278	-311.3907001603824
2279	-305.63680903372494
2280	-302.50488229450957
2281	-308.3608077553422
2282	-309.5448916747242
2283	-300.07985511852394
2284	-298.8886950731882
2285	-297.7538822018779
2286	-301.1624731880375
2287	-303.1407806158948
2288	-293.96178681769163
2289	-296.0371670604283
2290	-295.93705169656494
2291	-303.93490189006184
2292	-311.68997701722634
2293	-302.0521330520064
2294	-307.2929965732379
2295	-304.5646938338318
2296	-298.55664876512446
2297	-303.34054367938813
2298	-307.43430408627364
2299	-303.6710605833642
2300	-307.40963803194575
2301	-308.3784876071883
2302	-300.7783856308941
2303	-302.46980546701894
2304	-301.1115874355981
2305	-301.5912789261081
2306	-309.3608820734167
2307	-298.5113118815373
2308	-306.66149976587644
2309	-308.52690639498064
2310	-300.21837374017025
2311	-306.91210000241387
2312	-304.0797350909627
2313	-299.7243970346439
2314	-303.01117517337764
2315	-305.7642174112205
2316	-303.852557314781
2317	-303.3697704990641
2318	-306.85669177489
2319	-298.5999364673808
2320	-303.62242003239953
2321	-305.2501003541218
2322	-302.0503606157919
2323	-305.7415428649637
2324	-308.6658668842594
2325	-303.2965478356832
2326	-302.7590630370844
2327	-302.1086136300004
2328	-302.72302115866967
2329	-307.4484006907125
2330	-300.9410688429383
2331	-301.0857733307488
2332	-297.85578722583057
2333	-304.0208630836794
2334	-301.7907340622596
2335	-300.9557395746475
2336	-295.3912000000001
2337	-304.6255504367073
2338	-305.28856311533565
2339	-304.4365911464288
2340	-300.0062223214211
2341	-309.3021133294208
2342	-303.20334842135486
2343	-299.9704444925424
2344	-308.69865450912044
2345	-300.48617571873694
2346	-304.7852681695672
2347	-299.8408602222905
2348	-303.44948230073027
2349	-305.42841503874035
2350	-308.02111321964276
2351	-308.2322904067764
2352	-303.8131925826851
2353	-301.334830010853
2354	-301.3043251615571
2355	-302.9799048215659
2356	-293.61954513617627
2357	-306.2008178052821
2358	-301.9969325508518
2359	-302.5062737761484
2360	-303.9932672174977
2361	-306.02108369338254
2362	-304.1137129593259
2363	-308.7393928276464
2364	-301.0316098281663
2365	-309.43851548343684
2366	-311.831997942137
2367	-305.3693311415679
2368	-306.95597069848
2369	-307.80430237503685
2370	-304.87041454257394
2371	-307.14014211983545
2372	-303.9121288533568
2373	-299.78864869069673
2374	-302.10551266212514
2375	-305.4742207086161
2376	-307.17520636224134
2377	-301.5497685428087
2378	-304.6800847640305
2379	-303.3059373146057
2380	-307.3459525359837
2381	-299.19391880023903
2382	-305.30239011681607
2383	-300.2709920491402
2384	-311.08090021641686
2385	-304.1589477776779
2386	-304.1394139591291
2387	-304.03528777199347
2388	-300.0948816895292
2389	-306.4377566934995
2390	-298.75796115679105
2391	-309.7235872761589
2392	-306.68258940014107
2393	-305.48901928095614
2394	-296.67102589456715
2395	-292.8188700602645
2396	-304.9360890026706
2397	-302.4476676773022
2398	-302.76167373767447
2399	-303.35396430678065
2400	-302.54765138106006
2401	-313.05872384583273
2402	-300.4135689721395
2403	-301.34529679645016
2404	-302.7583005066785
2405	-306.85768223512946
2406	-304.86913344005467
2407	-302.3415212613012
2408	-298.67694224883377
2409	-295.59067622603595
2410	-307.65497938154084
2411	-299.8333622854055
2412	-306.61858998788347
2413	-296.1454213451966
2414	-305.3810975037641
2415	-305.2615910251468
2416	-304.6303168409383
2417	-308.31856774992525
2418	-299.47100733386435
2419	-304.96230970899455
2420	-299.1795596478867
2421	-311.6502622386137
2422	-298.9460285642087
2423	-308.0195226751624
2424	-306.766644585807
2425	-301.56321810438294
2426	-303.67150000000055
2427	-301.79966420495396
2428	-303.0863731252163
2429	-301.75580016633984
2430	-304.1532934821924
2431	-301.73929731308533
2432	-302.96584552245616
2433	-305.4618505953764
2434	-301.18196859721803
2435	-307.57372559153157
2436	-300.78079821520527
2437	-308.13281106291794
2438	-304.3449596896527
2439	-300.2346
2440	-305.2623352462849
2441	-310.05579568390164
2442	-309.5096882067441
2443	-309.68872343442683
2444	-304.7519271299722
2445	-308.4882381583492
2446	-305.76139604889624
2447	-306.9425357416602
2448	-302.5845128782665
2449	-299.3888777093122
2450	-303.28270000000094
2451	-299.9937167684313
2452	-308.01280017165567
2453	-300.2828201619519
2454	-305.8594532113885
2455	-303.5546019502152
2456	-307.78772971636283
2457	-304.3888486874586
2458	-300.2469990181955
2459	-303.4347993918398
2460	-303.7476670428517
2461	-306.7046346561974
2462	-302.91237605330247
2463	-301.637075994323
2464	-305.7669862780648
2465	-305.2094403968546
2466	-304.92460878269554
2467	-302.7797601673295
2468	-304.5776880332531
2469	-300.4473593128779
2470	-303.91670516606246
2471	-297.0137576902342
2472	-297.7819000035625
2473	-309.06362412033417
2474	-303.9247516900193
2475	-297.58421860242623
2476	-303.3534527885598
2477	-292.9176000000123
2478	-311.10128043082346
2479	-303.72750000022666
2480	-300.77446566338824
2481	-299.9394313221321
2482	-301.94100187102714
2483	-305.05079562371566
2484	-305.22460407246484
2485	-303.4868258753915
2486	-300.6157264819073
2487	-302.758386189246
2488	-298.70450043150555
2489	-308.82025078143454
2490	-304.41567545729964
2491	-302.1449460761008
2492	-301.92340001083994
2493	-307.29258308373295
2494	-309.5926295294203
2495	-309.3172851518075
2496	-307.58551406661445
2497	-295.96159557070155
2498	-302.57580494362406
2499	-304.393383638711
2500	-308.5191760448528
