1	-308.4745411755142
2	-308.3034417067516
3	-306.0989767646415
4	-307.2788132589127
5	-303.4960006991812
6	-308.69037722194895
7	-309.7995131996323
8	-309.17181337769017
9	-300.69923224970273
10	-307.45364247696443
11	-303.8088446757066
12	-307.83634819447747
13	-303.2955507552397
14	-296.4574079966075
15	-303.42390775645396
16	-302.38408209060515
17	-307.54074691850417
18	-307.9442268250773
19	-314.4552918033748
20	-305.5350314161989
21	-304.8894611506254
22	-305.31857361095035
23	-302.8612590923058
24	-310.5494533968076
25	-302.01604820845955
26	-299.02919488550964
27	-310.5605847722708
28	-304.64637840010147
29	-311.5117091640983
30	-313.51063017390834
31	-309.83867180650395
32	-308.20864820833197
33	-310.3335462377348
34	-305.0307085343102
35	-310.5803370919217
36	-302.9570274169337
37	-301.9850138028482
38	-307.6289184435636
39	-306.5581247979842
40	-304.22744391727787
41	-306.9814961879136
42	-302.4625632674588
43	-305.0030320866714
44	-309.4943992668057
45	-307.32751222743605
46	-306.46185298813964
47	-305.64606649344364
48	-304.8729409510357
49	-311.73063494683953
50	-305.65036394382645
51	-309.34977372068806
52	-302.80208587683
53	-309.96678838170965
54	-304.72715311255234
55	-307.2022227340772
56	-307.33899169790266
57	-302.5322344036789
58	-297.59548510805246
59	-309.03883545034296
60	-309.395106954287
61	-310.0229201462736
62	-311.8319487711804
63	-311.4837279955437
64	-303.3458175614219
65	-309.53020039305903
66	-304.7488519146117
67	-305.36199179447516
68	-306.313421020091
69	-308.75362355129687
70	-301.85150577854915
71	-303.12947951188016
72	-305.050522492306
73	-308.7932521703338
74	-311.5814994106947
75	-313.1075235881847
76	-310.16889301792713
77	-308.27547702412096
78	-298.53767725115904
79	-301.6673100741586
80	-308.03646995641833
81	-303.76294381329365
82	-304.3742683789907
83	-306.15407777564116
84	-313.80839866229707
85	-314.5289758243556
86	-309.1694984006939
87	-303.98892208844495
88	-307.4488431811388
89	-305.5200065754546
90	-306.6158957563483
91	-307.9989920000456
92	-303.3230104215712
93	-299.4260951648411
94	-300.6096378799704
95	-300.86227964541746
96	-297.50158215205386
97	-305.5735258398762
98	-303.71071056158985
99	-310.1029842102142
100	-306.93826096177946
101	-306.20278399904026
102	-306.11474502216856
103	-302.5406709146286
104	-305.22917809301396
105	-307.1857697884678
106	-302.55311141112225
107	-305.82823903948497
108	-299.6157543544576
109	-309.6346421512114
110	-307.393446367351
111	-303.07411287694015
112	-309.49350144182114
113	-301.19790641477834
114	-307.47580931436556
115	-306.6970217326087
116	-300.2176340218356
117	-306.6819408078569
118	-307.2005981745806
119	-311.6134293824586
120	-307.35678819197483
121	-306.05439110455745
122	-309.4160206942479
123	-307.79966705904553
124	-306.360500383781
125	-301.35421276283273
126	-307.6414343743981
127	-309.08120098757024
128	-301.05694549843474
129	-305.4720859495278
130	-304.87326019365395
131	-308.57415435533795
132	-308.491492122924
133	-305.5097695832476
134	-308.92363282490817
135	-302.99160216910565
136	-309.87805648369795
137	-306.15839437254726
138	-311.80354595293255
139	-302.5690629845334
140	-307.6242093765183
141	-307.8474238072162
142	-313.1372251695085
143	-309.8929040207354
144	-302.2267222168526
145	-300.45983329003093
146	-309.1444478946713
147	-301.17412286238226
148	-303.7162407265758
149	-307.9588548102657
150	-306.6524008519267
151	-308.75448254710756
152	-312.4865060963215
153	-309.9780038549749
154	-303.428896684948
155	-308.26390876479763
156	-310.44990701678586
157	-308.201871392772
158	-304.4068192885329
159	-311.8334185263826
160	-305.76645489796255
161	-307.82681903861396
162	-310.49432959754677
163	-311.57443886162116
164	-310.0390247694748
165	-304.1408468967433
166	-307.8166359211438
167	-306.1855956062568
168	-305.40275006181366
169	-306.99104825156144
170	-308.1704310955209
171	-307.87450417422536
172	-305.2043771367597
173	-304.83694378616434
174	-305.6146974236325
175	-301.3121111044202
176	-300.17227365216786
177	-309.00255175370415
178	-304.4588486159158
179	-302.83469631226313
180	-309.60860468227435
181	-310.53166103691063
182	-298.199822818514
183	-306.0950314474986
184	-301.4936087979
185	-304.2873069753447
186	-303.31078095866775
187	-311.0224187142046
188	-312.8832171928954
189	-305.60050643087584
190	-301.35732388880353
191	-304.79998684016914
192	-311.66664642957494
193	-305.6970990337274
194	-300.3693213496771
195	-307.1167730759293
196	-303.38001252580494
197	-307.7646866919128
198	-302.4339869867108
199	-306.49772673990424
200	-305.07569757313206
201	-303.98594623625837
202	-305.6863130419319
203	-300.61160859581753
204	-306.5086380639776
205	-308.1969787393444
206	-307.081074728974
207	-302.72505794086635
208	-304.2259033471027
209	-308.87656477319905
210	-307.5556415233709
211	-310.40862196491713
212	-309.2560972445613
213	-307.24641499559823
214	-305.3884825305342
215	-307.3904344807408
216	-311.5025734624838
217	-307.583114533376
218	-303.31090814848886
219	-309.90157957248323
220	-308.8415331847257
221	-310.4459563824876
222	-306.8937163948551
223	-309.8828240426967
224	-307.3607041991571
225	-303.381178545444
226	-306.428760458859
227	-303.9341614576343
228	-309.5691824250074
229	-307.87445129029635
230	-307.5474732994714
231	-312.27393370004836
232	-306.81031101258355
233	-307.0828162157403
234	-307.3454415334873
235	-301.9508431626363
236	-307.60805396512205
237	-308.44009926052024
238	-307.47554474115
239	-310.77751857232084
240	-303.0689379460457
241	-305.2074605231849
242	-301.77591603114456
243	-301.43305135008575
244	-305.2397683781266
245	-306.47091647100405
246	-309.16687841504495
247	-307.3517882906193
248	-311.8847853415316
249	-304.2634423008251
250	-298.9581300039101
251	-296.5148558999897
252	-303.9958425554519
253	-305.9414289862511
254	-307.5055770556595
255	-297.0105910099938
256	-299.1962857851503
257	-309.5548821235855
258	-312.94980946556046
259	-310.261860159399
260	-308.64819009097033
261	-306.6056542285409
262	-305.45966114714736
263	-302.81044968677145
264	-309.8793883774865
265	-304.1961522526975
266	-311.30449240078536
267	-311.0120130814789
268	-303.78080540273186
269	-310.75982739219756
270	-307.69774887080274
271	-311.21908697258135
272	-305.2415765797409
273	-310.76267985180635
274	-310.4106954213701
275	-314.2004903234764
276	-312.0534517184212
277	-304.51257770545527
278	-306.4048038312823
279	-301.9802840430914
280	-307.5423356188562
281	-305.1985799577162
282	-308.16497131304214
283	-303.9343320151638
284	-307.77125366363504
285	-304.1791235309603
286	-302.7382254635399
287	-311.5015415979812
288	-310.30332474427996
289	-309.4227611094902
290	-307.5123270369931
291	-303.66359032167776
292	-296.0747530270039
293	-302.6624189847318
294	-303.2664592032887
295	-307.8726656931743
296	-306.4837612929464
297	-303.0708074491448
298	-309.03598048236205
299	-312.3590553697988
300	-304.8585460524836
301	-305.8240038327881
302	-305.21391004864796
303	-309.6835445078113
304	-309.8547728336
305	-302.9228107656466
306	-305.52701737563325
307	-306.7242120145105
308	-307.72901608716285
309	-310.03371654477576
310	-304.0718387018015
311	-315.65248706250475
312	-307.56834512324536
313	-307.83205831568773
314	-307.17374994703283
315	-307.1113001780307
316	-310.70457356694664
317	-304.21241067970755
318	-302.27859919250716
319	-299.0139788152031
320	-306.099872424628
321	-302.0224550988564
322	-301.04158193103325
323	-307.12079188142746
324	-311.62981721807665
325	-305.64465491024237
326	-300.1615164065966
327	-302.99834288149725
328	-308.4069701886378
329	-305.9877048012933
330	-307.05273633243377
331	-307.6823134310037
332	-305.0918759391064
333	-312.09125675567657
334	-300.9413825102539
335	-308.76387175336555
336	-305.30053327015173
337	-311.6900174066151
338	-309.43944976465724
339	-306.246935156341
340	-307.00652261234995
341	-300.6080774753299
342	-309.9894120471046
343	-304.4857561684798
344	-303.3283998599648
345	-304.2158674893586
346	-308.41150963016315
347	-303.20231127475915
348	-311.3316244200042
349	-303.2802608327007
350	-301.9429554692531
351	-310.36365853944494
352	-301.6683544917287
353	-305.0761230885536
354	-301.17421255576494
355	-309.21594310085385
356	-311.7721767057451
357	-308.01710706646566
358	-307.1441007928854
359	-309.7336017056449
360	-305.1943580903177
361	-316.018988497256
362	-306.2036548817813
363	-311.73093439425594
364	-305.14853841197174
365	-306.7189091071997
366	-307.5488019248252
367	-306.78666853058184
368	-301.33322875101703
369	-308.85775301173607
370	-305.63975911659224
371	-307.44079400694966
372	-303.91198815751613
373	-307.40859975864674
374	-302.5898667792178
375	-308.4753692162751
376	-306.5232101309003
377	-308.0808139252694
378	-300.70076653431835
379	-305.97707504910875
380	-310.25360823627375
381	-303.45117810732717
382	-310.441994943131
383	-304.3504544668817
384	-309.32375545326624
385	-309.11032333391296
386	-306.8609012904192
387	-309.966329509121
388	-307.5048618284455
389	-308.31896948241445
390	-303.10981642315136
391	-300.79576673866313
392	-301.82763291639753
393	-310.51555417388045
394	-297.3566111532019
395	-311.9706720685273
396	-300.716633107517
397	-305.3056037041834
398	-299.7249362525748
399	-303.50234083930246
400	-303.59815320832513
401	-302.08284496007127
402	-301.1045400879011
403	-305.09541749812087
404	-300.76406034730525
405	-295.31846644435024
406	-308.61606177588766
407	-303.79422386579125
408	-302.7719609027821
409	-307.10619551456483
410	-304.15660982540777
411	-300.15893465565114
412	-305.76187523942554
413	-304.3422125542977
414	-308.0594243881809
415	-301.7445503741212
416	-312.07786519437764
417	-307.6586468382046
418	-306.94064423582347
419	-306.9090884389294
420	-305.36693192665757
421	-302.9705070658399
422	-304.3046610307506
423	-302.9462610040831
424	-303.51205859970634
425	-306.3162314157264
426	-308.2787493080002
427	-309.1612406766503
428	-309.55859051824115
429	-305.8041409366102
430	-304.33659750787655
431	-309.52442683372163
432	-304.42677284239176
433	-303.9678414411266
434	-310.80847666867317
435	-298.94441769225284
436	-306.11407261378486
437	-306.19654647418236
438	-299.2536863454891
439	-304.74748876653115
440	-304.296249605135
441	-297.0360550943159
442	-307.51602954867707
443	-312.73726179858284
444	-308.1955105707096
445	-308.1935439218143
446	-300.1416482391617
447	-301.5914106783629
448	-306.03391134142896
449	-311.04293475709915
450	-307.49494687607734
451	-308.89581899194746
452	-303.7131575162204
453	-314.1792372145872
454	-305.14208177272747
455	-301.5909194178311
456	-306.48924316167364
457	-296.3643571372196
458	-308.36768631597926
459	-306.4392658458413
460	-303.4012960285453
461	-305.8275394464687
462	-309.4008032888676
463	-305.7344496719751
464	-307.14779259618365
465	-307.5567077159267
466	-309.39216833933057
467	-312.9572275429275
468	-315.4686506037487
469	-301.38327688264513
470	-299.43200406151146
471	-296.4063018651402
472	-302.3088679349753
473	-303.03215504739063
474	-302.4558320459795
475	-301.0334232265959
476	-303.2685270603188
477	-305.6501139516542
478	-306.42162284013614
479	-300.4237038578351
480	-306.7006602528516
481	-302.42001179425654
482	-301.4133785444294
483	-304.6070079578718
484	-304.12374774791283
485	-304.7841600428142
486	-305.4770336836563
487	-306.6846833129203
488	-310.3184247728513
489	-306.7833216520783
490	-308.44547428409123
491	-313.6431218620514
492	-301.4187249925004
493	-307.2708838063905
494	-298.9079039737418
495	-298.76612983846826
496	-303.4605923360095
497	-307.3280958876799
498	-305.4060444015389
499	-305.7330029285728
500	-303.3456041427442
501	-301.6408617049989
502	-302.62185125785663
503	-303.86943747085746
504	-306.7659717676553
505	-302.1522435031089
506	-302.9591200484548
507	-306.229368639225
508	-306.9343388797835
509	-309.2893415718801
510	-302.7015181123163
511	-310.23107578951567
512	-305.86542706493856
513	-310.2528581704441
514	-297.9946179325421
515	-305.9977039517703
516	-309.1244419440153
517	-309.0709145933266
518	-311.661832901616
519	-306.7716730621499
520	-305.77470720582346
521	-308.5168602522389
522	-313.10793348763445
523	-310.1007674572227
524	-309.22091675361736
525	-306.64205417577
526	-305.90053864754094
527	-309.32978095626066
528	-305.82645928173014
529	-302.9830444726007
530	-307.0993246710761
531	-304.5911462457559
532	-308.145195808471
533	-305.901407777186
534	-308.23803144245164
535	-307.6566429858401
536	-312.18673885894333
537	-302.37460439107497
538	-302.3074110979905
539	-308.0920198924494
540	-306.2078359917164
541	-306.4329829378239
542	-305.98434998919737
543	-308.2666591770513
544	-307.55052167138734
545	-298.2729058525744
546	-305.32717138481974
547	-308.4945199079073
548	-302.85819726990144
549	-300.61112619756426
550	-307.3616900131871
551	-309.08561399156093
552	-304.14243434494426
553	-305.86275414336905
554	-306.0834700406132
555	-303.4857083847777
556	-305.919293259367
557	-308.06775460673623
558	-302.2953382887094
559	-305.9710914009563
560	-311.74943593188175
561	-307.415615651771
562	-304.10512316349696
563	-301.4082262476843
564	-309.6366966133269
565	-304.61119155375786
566	-298.5351641535391
567	-299.29471521997687
568	-304.8191542402036
569	-310.2213080178623
570	-308.82750259183206
571	-306.48111310367216
572	-303.42433864770817
573	-305.21913581752176
574	-309.194293631561
575	-306.8828986010165
576	-312.0087791512907
577	-305.361233296642
578	-303.7545224961997
579	-303.88344008339647
580	-306.06831399935663
581	-307.84708688461114
582	-305.8062132849684
583	-304.297232327451
584	-311.63446239170474
585	-309.2084128828499
586	-307.7679180231685
587	-307.1463636006056
588	-306.9583184671129
589	-312.0897727271178
590	-308.61840394088466
591	-305.12241163652726
592	-302.545257682351
593	-306.99961659185993
594	-305.80447912227316
595	-307.2693173553068
596	-305.5283835200732
597	-308.2565800597266
598	-303.5775014889147
599	-306.03178265617504
600	-309.51938173292615
601	-308.907209051061
602	-309.477202564614
603	-310.21400027008457
604	-306.71407538969754
605	-302.51507108428694
606	-308.6864369210756
607	-302.54542170556294
608	-304.33252199733977
609	-311.7874381317499
610	-311.0303401399472
611	-309.426140654809
612	-305.5820797030117
613	-307.0515570546947
614	-308.7245526768587
615	-313.12026330829156
616	-304.57047333569847
617	-310.15030222372087
618	-309.6417212098131
619	-308.8464344658989
620	-304.7184557313882
621	-298.7580604833298
622	-308.58731310475787
623	-303.3837145227192
624	-302.5251437058147
625	-308.80231597851474
626	-308.21088074771
627	-302.3782542191772
628	-304.14871146278415
629	-311.417468473916
630	-309.0478828240639
631	-302.5783073113542
632	-310.4449143458169
633	-304.6508184028286
634	-303.14728042702325
635	-310.4420686107828
636	-313.5872701457312
637	-301.06307834422284
638	-305.19686703126956
639	-302.5457586012326
640	-298.97400081052655
641	-306.8941932004184
642	-311.4329969928433
643	-304.00693570158336
644	-300.0335103863308
645	-303.02134462462914
646	-307.30248255188104
647	-300.37994350132055
648	-315.42848885270354
649	-301.856812899912
650	-305.3520519840088
651	-304.14481963271766
652	-298.23788332054914
653	-306.06315410041935
654	-301.2150523631542
655	-305.2784526266269
656	-307.206291348696
657	-304.47845213347694
658	-301.2219709377425
659	-308.20890205836844
660	-306.78749260543435
661	-309.1325613585988
662	-301.50506945555617
663	-310.4074158763537
664	-310.68528380320566
665	-309.8910599780228
666	-305.4349946027618
667	-305.08731302307467
668	-308.7786262530074
669	-308.3545869190677
670	-302.61516168716173
671	-305.46171770984586
672	-301.5860914730373
673	-301.86272782541545
674	-302.92628302589355
675	-305.73848502509856
676	-307.9185392790895
677	-307.4875411780674
678	-303.74504631569243
679	-301.18759252545976
680	-294.94664689686124
681	-308.07209701259836
682	-299.812700096016
683	-304.56596794582174
684	-305.6515814578597
685	-304.566570479959
686	-305.60160134400957
687	-304.66141843167657
688	-303.12614085419915
689	-302.86865709878566
690	-310.35665021808165
691	-303.38805575871123
692	-310.9083747929705
693	-308.3565411256404
694	-297.8599885549087
695	-299.6724105730209
696	-304.1454663949641
697	-298.83440897339483
698	-311.1232782724944
699	-306.4964972265537
700	-299.01526843170546
701	-307.9266295011047
702	-306.99103041205944
703	-308.78409147547274
704	-310.14194357988634
705	-307.33420236432715
706	-307.57436357591166
707	-310.007495948593
708	-305.6437270442183
709	-308.72164506678826
710	-305.78868951847465
711	-306.5266902495491
712	-308.48506926583576
713	-309.89747228210757
714	-303.51143563579717
715	-303.67457920937903
716	-303.6523832761087
717	-298.58622523315523
718	-300.86517177391306
719	-298.311132643521
720	-303.569881329104
721	-304.5099380053337
722	-308.93931474266003
723	-310.71364981852554
724	-306.67467347099205
725	-303.9621436281217
726	-306.3342172730375
727	-296.963152360543
728	-305.6241101346271
729	-306.9056618063376
730	-307.9947740554908
731	-311.1840911728971
732	-307.6324743084032
733	-305.5908879969143
734	-304.9386234353571
735	-305.9594456996035
736	-302.2908790438243
737	-304.93762015600134
738	-302.3271699927425
739	-308.78607543806237
740	-308.61728158122776
741	-302.7356702041349
742	-303.0968414543693
743	-311.1247106994987
744	-307.0038035147508
745	-309.5310213195453
746	-310.6608097397592
747	-304.7008002917089
748	-303.9996670044708
749	-302.5577929300248
750	-304.9974529779269
751	-306.99738310093954
752	-309.8905043680611
753	-312.6788757583769
754	-306.5759991603681
755	-307.26890371763955
756	-300.3467285644951
757	-305.64148375137745
758	-309.2441223207537
759	-310.18133037611125
760	-312.50871080059983
761	-304.9746826588334
762	-302.58060872725025
763	-303.75941599003505
764	-304.1876575061459
765	-305.92751020279746
766	-307.0171504271036
767	-303.40611658066786
768	-303.1846854295347
769	-300.52360649099694
770	-307.9363570028748
771	-305.42377886590253
772	-304.7974288749413
773	-300.92174925836224
774	-305.5394234525859
775	-295.022304654166
776	-304.6846628466238
777	-297.50406395954775
778	-296.43459021102507
779	-301.03294064515137
780	-306.7032527670602
781	-306.5320695866742
782	-307.16992666347556
783	-302.12761516051444
784	-305.76783176161575
785	-299.0632666496744
786	-309.9063516660659
787	-299.97272557568647
788	-299.51783506016125
789	-309.90737141445277
790	-310.5716022828942
791	-305.68746174884734
792	-309.37633956004316
793	-300.6048874862762
794	-299.13758253098945
795	-302.042546614981
796	-306.52135251111105
797	-305.6895236315007
798	-303.3574080370401
799	-307.1448113601287
800	-308.2648779404892
801	-305.42792522527793
802	-306.0785868025195
803	-308.8886056965546
804	-302.9480695831811
805	-308.6078156209388
806	-305.21954950699285
807	-306.15625294114545
808	-305.6350264384462
809	-308.18322901114067
810	-306.4621264932425
811	-307.2844134579771
812	-306.2821080844349
813	-309.65852355937
814	-303.9769118381719
815	-310.7637817543933
816	-303.7212058897448
817	-303.71244974300913
818	-308.97498258938447
819	-308.00673349864144
820	-309.57811478018374
821	-307.08466087474613
822	-309.4494941235643
823	-313.5366995852791
824	-310.9474359077387
825	-304.4822328178574
826	-311.0990291907932
827	-308.138418006209
828	-307.2549010550741
829	-306.91441739586384
830	-302.62336718433227
831	-305.4922263980125
832	-305.32619121472504
833	-303.4289815357741
834	-302.37680561426555
835	-312.33386617521126
836	-309.0860766353642
837	-300.8152636857031
838	-305.38757343185966
839	-303.4320321502577
840	-307.3248017159836
841	-308.3286746580257
842	-304.59250460031603
843	-308.87501455153097
844	-312.7113603077995
845	-306.3950685124403
846	-306.0040966868651
847	-307.74357672395314
848	-307.46504431621923
849	-302.10853964221315
850	-312.3791571039686
851	-308.6168448739229
852	-306.6169636641547
853	-305.8311516737653
854	-306.64938056998045
855	-309.5873762855723
856	-306.9425219297817
857	-308.2087539432487
858	-312.11225441914826
859	-311.1086573455726
860	-305.60361126922874
861	-300.4519234212274
862	-313.63168223853734
863	-304.00505730162035
864	-308.06778869656114
865	-306.2765410476712
866	-310.7020662606719
867	-308.93185626825374
868	-306.22663492634433
869	-307.5762011156885
870	-308.7325265450359
871	-300.32196382432915
872	-305.9987093363305
873	-308.9278498829119
874	-310.0235251293947
875	-308.31614540208375
876	-310.0103195975274
877	-309.1503764691818
878	-304.47420041179885
879	-302.62087363242006
880	-311.0654630542668
881	-313.17707820870805
882	-307.40417692290936
883	-305.45078623096566
884	-309.31139171447774
885	-301.3700590636084
886	-312.93452279772026
887	-311.16671624175615
888	-308.13377226099374
889	-306.22160777914684
890	-300.64126976373956
891	-305.26939725626
892	-306.6304492751309
893	-303.9949683520311
894	-302.6781759373717
895	-300.81532675747644
896	-300.27763758387323
897	-298.71868815408516
898	-303.69502056954764
899	-306.9395537435987
900	-300.01363335194736
901	-309.3722246328795
902	-305.65407004720157
903	-303.7668697979928
904	-310.83476546579027
905	-305.08066584431185
906	-300.4700281540483
907	-299.4836843753354
908	-302.04125301660684
909	-304.6373981932763
910	-303.47086433573276
911	-305.73239011051135
912	-309.1001354357288
913	-305.25443331046074
914	-308.73521184919133
915	-308.44250396521653
916	-305.2198582533214
917	-304.9052046529586
918	-307.3888472727953
919	-299.9823435359362
920	-307.544156415759
921	-303.86438116020565
922	-304.4536490044009
923	-301.59869193235676
924	-303.9102577598758
925	-304.72810530445844
926	-306.5476723433795
927	-306.93701612616593
928	-303.5990643571767
929	-301.37281634743704
930	-301.9960930855511
931	-293.1348161271794
932	-301.53353491199266
933	-295.04240001375865
934	-304.098423888673
935	-303.09604064917744
936	-294.45984815486185
937	-310.14818177590706
938	-309.39631346434305
939	-304.71777161468987
940	-303.8693083895721
941	-302.34654391715065
942	-302.2610552207631
943	-306.3881167924104
944	-299.01310728766435
945	-308.3881151593207
946	-300.6518109764435
947	-317.0543900882925
948	-309.37030371264797
949	-305.14262134293205
950	-306.55173381505415
951	-303.3405860972154
952	-311.97638075564146
953	-299.3651821663253
954	-303.2818217630183
955	-299.42122632836197
956	-297.5591983310521
957	-293.79519103575547
958	-302.9046000815
959	-302.17888985989816
960	-306.3009298866374
961	-288.5823037648152
962	-297.56141657961706
963	-298.3099973590302
964	-298.65010032835494
965	-308.40154710344524
966	-306.2356987476538
967	-309.7403207418608
968	-300.6593710852673
969	-303.509
970	-301.7183939763147
971	-308.0602502515143
972	-303.97374405411387
973	-302.4578107910853
974	-302.0861234413328
975	-304.09460001579504
976	-302.9899284320642
977	-299.9473854996367
978	-303.60865498173126
979	-301.30766232801386
980	-301.43547794156035
981	-305.39964305211
982	-305.4010273277939
983	-303.54234597552846
984	-304.9474141515308
985	-307.8232117550682
986	-303.93242659347914
987	-306.1144283154015
988	-307.5139310022645
989	-307.28372511633324
990	-311.3546494155921
991	-304.0465
992	-302.39373987670155
993	-295.96705975059587
994	-306.5658084840274
995	-302.12496335914034
996	-308.28205187276706
997	-307.41084214489297
998	-308.88139393651073
999	-305.7477774528638
1000	-310.0750235252452
1001	-300.8485932292498
1002	-304.71551594179306
1003	-302.33244186400907
1004	-306.8093238018885
1005	-306.4535363257294
1006	-302.8974141478005
1007	-304.688335061291
1008	-304.042413290988
1009	-306.15078014555087
1010	-306.46805861395154
1011	-303.2763436531244
1012	-306.141713279112
1013	-305.42385091480224
1014	-312.7522626719799
1015	-307.13173590915704
1016	-305.9531916411074
1017	-306.9975189050796
1018	-306.62785821416156
1019	-304.0635313979442
1020	-311.4031322159271
1021	-305.95906045847664
1022	-306.170984798555
1023	-307.137001022035
1024	-304.1196486583418
1025	-307.69672844871627
1026	-309.7967960168386
1027	-303.1804360647467
1028	-300.1755968691999
1029	-306.89217799714845
1030	-315.29342352794777
1031	-297.5404855971859
1032	-302.24126895015166
1033	-308.7240115380635
1034	-302.2107429642038
1035	-302.80396986162907
1036	-309.07981240857345
1037	-304.0624084882776
1038	-302.9796716448883
1039	-308.0433356362439
1040	-304.97118347315956
1041	-298.3692514590976
1042	-301.70219253575175
1043	-305.4244439393427
1044	-303.74329615719387
1045	-300.7480344456949
1046	-299.8714617503019
1047	-304.44997445094066
1048	-302.8233724060138
1049	-308.53660338974083
1050	-300.8605751043615
1051	-307.1695312412589
1052	-302.9179990354726
1053	-304.0550363312616
1054	-299.9878036331566
1055	-298.03813027070237
1056	-298.8025339101452
1057	-307.44257099421264
1058	-304.55246998196793
1059	-303.83704650058155
1060	-300.2813504828246
1061	-304.97215969718553
1062	-300.76167742144304
1063	-298.23973289980785
1064	-302.32650404901716
1065	-304.83450863350953
1066	-304.7798824045722
1067	-305.9301409825478
1068	-309.7823674030213
1069	-306.3424478816041
1070	-296.66257205611294
1071	-303.93813476228325
1072	-301.74205945088966
1073	-305.7129701340035
1074	-303.61315891999243
1075	-305.08388993508925
1076	-310.74478634714035
1077	-303.71103633346183
1078	-298.75513117559393
1079	-304.5906129900831
1080	-300.99217256433633
1081	-300.4874315245401
1082	-308.8524342998325
1083	-302.39885699958654
1084	-306.63044444602735
1085	-298.56321214851647
1086	-303.84147539647535
1087	-301.3854912647449
1088	-296.2625000000048
1089	-296.1984453260045
1090	-302.1274305119705
1091	-306.10183087455977
1092	-305.075356778451
1093	-306.77037903767274
1094	-300.9348928022397
1095	-301.9229307626736
1096	-304.8617273277136
1097	-302.44985409972935
1098	-303.5919608541242
1099	-303.7855627523855
1100	-305.38338282650864
1101	-306.5370728705609
1102	-303.0611018263617
1103	-301.3935853047268
1104	-305.27667778443185
1105	-300.88245395285907
1106	-300.936187897006
1107	-302.9819726606044
1108	-301.7304975318832
1109	-299.5099724008246
1110	-301.79941408424327
1111	-300.8040418564425
1112	-302.096805239467
1113	-308.4429409938883
1114	-304.14531996011385
1115	-304.04214213559567
1116	-305.6865714707423
1117	-302.9506642544566
1118	-299.7836805782922
1119	-298.2285504502867
1120	-302.2347126118877
1121	-295.86725343635527
1122	-300.5526597064612
1123	-304.7183272683813
1124	-304.1828084051221
1125	-297.76725237721183
1126	-308.4426678619403
1127	-300.204573208932
1128	-302.49881869472523
1129	-302.42691251059654
1130	-304.08381326522203
1131	-295.43843976117194
1132	-306.70621641341535
1133	-301.00252985596785
1134	-307.521937499982
1135	-300.6415141995879
1136	-305.9672065391331
1137	-302.62479109204907
1138	-305.87738573537735
1139	-305.13705609565744
1140	-301.31651902536646
1141	-304.63166256460204
1142	-312.28522967176826
1143	-304.54490000051663
1144	-302.4429945055731
1145	-300.0369
1146	-306.79063456199816
1147	-304.07368572515867
1148	-297.80967494989625
1149	-301.3206672754601
1150	-302.0409935929894
1151	-303.37884494698613
1152	-300.43924932156887
1153	-300.93240001133194
1154	-301.461282658693
1155	-297.1459000003108
1156	-306.18342456972755
1157	-300.2546455495275
1158	-303.8136656985671
1159	-301.2376327064768
1160	-296.5545104602632
1161	-301.1506856194298
1162	-303.12609099220754
1163	-300.9836380376032
1164	-306.4912560081896
1165	-299.710507450539
1166	-305.77205097839055
1167	-302.03098631425564
1168	-304.24005543923937
1169	-308.48973939585323
1170	-300.6999959876367
1171	-298.91329500608043
1172	-305.75800420978726
1173	-304.30142705138087
1174	-301.5359428934365
1175	-299.83002485929023
1176	-301.4077330690577
1177	-300.54316017747107
1178	-298.0413745194357
1179	-307.8634088543689
1180	-304.2792285723983
1181	-303.5763208788834
1182	-304.0536088141002
1183	-300.268787414249
1184	-301.8117295193527
1185	-302.5570072620208
1186	-295.3105
1187	-303.0843326334585
1188	-306.1939938168812
1189	-301.15136680491645
1190	-300.29635613593587
1191	-307.81468710055947
1192	-299.50989787299744
1193	-302.70528215956784
1194	-300.0991774288039
1195	-304.13088863661915
1196	-309.519829994413
1197	-306.4471482873944
1198	-296.2056326157618
1199	-307.1929969306227
1200	-299.20889608451677
1201	-307.42829233212126
1202	-306.2406947018257
1203	-297.1941029890652
1204	-296.1504000000765
1205	-301.5096924442164
1206	-306.7336235974218
1207	-306.7127289161779
1208	-300.26840026853256
1209	-301.3073290873649
1210	-304.2542220861078
1211	-302.5734119926199
1212	-301.16076255476406
1213	-301.3049090174472
1214	-303.4222066392501
1215	-310.1726407974148
1216	-310.35555585736853
1217	-301.13596925868967
1218	-295.9937093571015
1219	-306.2447189785556
1220	-296.8950089884928
1221	-304.6866411220088
1222	-301.79817006677683
1223	-300.9789578112412
1224	-304.4728885385821
1225	-305.40931241327894
1226	-306.56082190255125
1227	-300.9334193809832
1228	-302.4239016601613
1229	-305.50432077429014
1230	-306.5619300301607
1231	-302.41217306391934
1232	-304.3036353664015
1233	-302.8855767721645
1234	-302.11761516559017
1235	-290.0952034595831
1236	-303.61215720547824
1237	-305.5058199799182
1238	-301.3357653063806
1239	-306.7678112752526
1240	-307.5555731734369
1241	-303.6383000314943
1242	-298.47741192245104
1243	-302.63659758850343
1244	-302.55026635832155
1245	-303.2453453046332
1246	-299.23731776963285
1247	-304.04566332726193
1248	-309.11725441957293
1249	-304.6751146646576
1250	-302.4818948090794
1251	-303.0185351186432
1252	-301.8849958373446
1253	-305.0223867176183
1254	-302.2642340690287
1255	-308.80990884942685
1256	-299.72229745232676
1257	-302.9253213696398
1258	-308.58943714397395
1259	-308.41328503020384
1260	-302.9978736954713
1261	-307.89223863453134
1262	-300.5061212865989
1263	-304.96493563841597
1264	-306.0749394384377
1265	-304.2352261625468
1266	-301.64281155665304
1267	-303.17351652523246
1268	-300.01252410800083
1269	-304.8821824017784
1270	-297.07785266381353
1271	-300.58472208826214
1272	-304.3794238141669
1273	-307.94861626014483
1274	-304.2666482262164
1275	-302.4820150367461
1276	-304.31652473297544
1277	-304.82061851010883
1278	-305.31431720808047
1279	-306.7625715369713
1280	-304.76957145938934
1281	-307.18212579164936
1282	-302.08633824759175
1283	-305.11455727090856
1284	-304.96401654331333
1285	-302.26901163722795
1286	-308.589300000139
1287	-303.398507722502
1288	-309.0786729749461
1289	-305.90490819454016
1290	-302.4164991057102
1291	-311.16853295888995
1292	-307.013209973485
1293	-303.53100967845717
1294	-303.2174300310564
1295	-306.6863876430511
1296	-304.3034195736395
1297	-301.03370127333295
1298	-306.369986611143
1299	-302.30422089270616
1300	-301.1039047271907
1301	-301.7997018747626
1302	-308.33664499373714
1303	-301.5746042660181
1304	-300.5222605978579
1305	-301.43295854926356
1306	-302.5993468440376
1307	-304.61635459124943
1308	-297.48031511346954
1309	-302.0560561205862
1310	-300.60898423923845
1311	-304.258930847095
1312	-303.7145546407301
1313	-301.34807775062245
1314	-299.1296347106543
1315	-299.5626094291242
1316	-301.22217473295876
1317	-306.5922481887481
1318	-301.6386099471103
1319	-307.70530301855973
1320	-300.573640741392
1321	-310.6083122302886
1322	-301.1958143210262
1323	-307.0557302618973
1324	-302.1166454708046
1325	-306.95119061119095
1326	-303.3209205865535
1327	-306.87089374800655
1328	-288.35692374631066
1329	-305.48756623441824
1330	-303.26471745728077
1331	-305.74800003190916
1332	-306.8655606252192
1333	-307.05504091143354
1334	-304.1998768955823
1335	-307.08379935016904
1336	-307.4460155187549
1337	-310.23830292390505
1338	-305.26124783012557
1339	-307.0625992986296
1340	-306.13581400013976
1341	-307.2759119700446
1342	-303.83929514910113
1343	-303.8656274130467
1344	-309.124642544202
1345	-301.32192697096997
1346	-310.20455440582975
1347	-305.55148349158134
1348	-305.79753038026416
1349	-307.4920724145252
1350	-305.1493022738472
1351	-305.24782422491694
1352	-305.93280501883913
1353	-305.00959140259374
1354	-296.62237090950555
1355	-301.93880748504483
1356	-301.786256756745
1357	-301.6665662945398
1358	-298.4927769068867
1359	-300.7922031766464
1360	-301.9785861195911
1361	-305.40526032289756
1362	-303.4118713133976
1363	-303.365614565016
1364	-302.74247590903093
1365	-305.94495521262917
1366	-303.06510040325935
1367	-303.5335774923236
1368	-303.9919032722819
1369	-300.2010773117812
1370	-307.43937096896383
1371	-301.9377194282635
1372	-307.99884664226596
1373	-304.43705393393697
1374	-302.19636075967696
1375	-304.9802004194218
1376	-304.1632106388577
1377	-302.61524485098874
1378	-307.9285982817129
1379	-303.25131233270264
1380	-307.79765089519157
1381	-311.19579521021666
1382	-305.90509467108933
1383	-306.69449624473486
1384	-297.1269068810192
1385	-306.07003001540573
1386	-305.7040619763313
1387	-304.4653687650156
1388	-299.09962352979363
1389	-304.5786980667635
1390	-306.28698592368227
1391	-307.2689863220222
1392	-302.6004344285465
1393	-304.17303643840944
1394	-305.5630159006881
1395	-295.2109997164189
1396	-300.7591806496637
1397	-308.6558151151988
1398	-297.8559180586162
1399	-305.7709698658377
1400	-305.6993036644207
1401	-305.1083394694127
1402	-301.56348714615507
1403	-302.86582203417134
1404	-295.54565594527566
1405	-305.71109060678685
1406	-309.01360748131214
1407	-308.8855573350537
1408	-297.336526626431
1409	-302.25020569718095
1410	-293.99250739206
1411	-303.74835007483296
1412	-304.1642445048821
1413	-300.7094752808479
1414	-301.9857825724525
1415	-306.0143683371083
1416	-303.4575
1417	-305.07567861080463
1418	-303.7755253397798
1419	-297.5361926933981
1420	-303.6366817026122
1421	-298.1083834634963
1422	-301.8279186612561
1423	-307.34822487597097
1424	-303.85281293741207
1425	-296.3602741972448
1426	-307.5430831927609
1427	-299.1558322122411
1428	-303.58159091641585
1429	-301.4463105669742
1430	-302.48763135756394
1431	-301.6226522273238
1432	-299.40161534509195
1433	-299.12636447972744
1434	-304.8065
1435	-303.97850407029296
1436	-309.4049307252596
1437	-301.974189772117
1438	-304.35805786561946
1439	-299.6211081090259
1440	-302.3990879610321
1441	-302.5968498048127
1442	-302.516878398406
1443	-308.8019766706878
1444	-306.197257621735
1445	-307.7735160013574
1446	-305.29705886801634
1447	-305.42047226563756
1448	-303.2177958980008
1449	-305.0578411839858
1450	-308.45794266244377
1451	-307.75790400638203
1452	-300.35106471325884
1453	-301.05069583461244
1454	-306.0686039164188
1455	-293.093890181038
1456	-302.65443590697436
1457	-297.3817633206861
1458	-306.31569531615037
1459	-300.66755348448197
1460	-306.7323444894662
1461	-307.13988515044286
1462	-307.1888263102369
1463	-295.46204536727737
1464	-303.8673671712645
1465	-301.18970719567955
1466	-298.41340588608625
1467	-297.96669361386574
1468	-304.70269314320285
1469	-302.3183853742745
1470	-300.441567530823
1471	-304.4302079302057
1472	-296.22290175957596
1473	-295.6587709038502
1474	-302.7893589256898
1475	-305.89770501691737
1476	-309.14674256555816
1477	-299.119139317674
1478	-299.21877469093744
1479	-306.01101115583
1480	-305.16819306679747
1481	-299.3070045135346
1482	-308.1920674215028
1483	-307.438324271629
1484	-300.1963018279367
1485	-299.870002406964
1486	-303.83302663131724
1487	-304.4720341978109
1488	-298.8780007401054
1489	-300.1606649045726
1490	-297.53550849506115
1491	-303.7708674031029
1492	-301.18855047583185
1493	-304.84437793001246
1494	-307.06514483229694
1495	-307.19926991368715
1496	-300.1728364556889
1497	-304.2261346719841
1498	-306.3223086260616
1499	-302.03744136070475
1500	-306.6143356730527
1501	-307.05759969140263
1502	-304.32285800249076
1503	-306.1555832703188
1504	-303.7261389662206
1505	-305.7369122609312
1506	-301.68171888557845
1507	-300.04800125762165
1508	-301.55592767492163
1509	-299.2087906784827
1510	-301.96930770182
1511	-298.7669885241644
1512	-305.9439943890851
1513	-305.1668386651137
1514	-301.42919546477987
1515	-305.49383311772954
1516	-305.2387676892261
1517	-305.1745557691962
1518	-305.6731950925769
1519	-300.38644566111725
1520	-304.2651013666102
1521	-300.9160853005258
1522	-303.6046939446454
1523	-305.3600296051189
1524	-301.57023915296253
1525	-307.31460629660296
1526	-305.05074318238303
1527	-302.64044170777714
1528	-304.9034164272616
1529	-304.1657500859035
1530	-305.68235239405965
1531	-303.46965185653687
1532	-307.2273684288902
1533	-305.7374380804226
1534	-305.27857464122985
1535	-300.1543000240945
1536	-302.9415698566453
1537	-300.74234549856106
1538	-301.85717028897335
1539	-302.1661988923795
1540	-302.2877002202641
1541	-306.6672285787953
1542	-309.1587366313395
1543	-308.1002797155995
1544	-304.49823841317266
1545	-305.4244781982419
1546	-309.1720789646746
1547	-301.047175731409
1548	-306.9806017886882
1549	-305.74571898308136
1550	-302.4590470215872
1551	-308.55832601428335
1552	-308.5770746538221
1553	-310.99423817791427
1554	-309.96747525692336
1555	-306.8105269578228
1556	-299.1569190171122
1557	-307.7734496458898
1558	-306.7243790346205
1559	-308.20090967273916
1560	-300.5813177913798
1561	-306.50603882698744
1562	-304.444895907398
1563	-305.03810621080396
1564	-304.96473904144636
1565	-307.369718658475
1566	-304.7399018227604
1567	-309.65885133920773
1568	-306.6985208588917
1569	-301.6585061086629
1570	-307.7663292326257
1571	-305.4469838095069
1572	-305.1930206594555
1573	-305.7870708058607
1574	-310.51223112667464
1575	-309.8474086718488
1576	-302.7481759112954
1577	-308.98032312617806
1578	-304.77674049069907
1579	-310.47906836933737
1580	-309.8134898944477
1581	-309.3861230632268
1582	-311.0173515940699
1583	-313.4207850919478
1584	-306.7845771480801
1585	-307.082490004243
1586	-311.55057253623795
1587	-300.7979450946824
1588	-301.4461500871731
1589	-304.12669301291186
1590	-304.3120741216375
1591	-313.6675345309025
1592	-308.62534012204264
1593	-306.5800286512457
1594	-311.2716738940603
1595	-298.9263890993619
1596	-303.00527037115506
1597	-308.0522815646866
1598	-305.4176235860405
1599	-303.4191479979182
1600	-308.34223859905075
1601	-304.9406698324962
1602	-304.28812116805534
1603	-302.7450979759953
1604	-300.65890430522217
1605	-309.1779593831918
1606	-304.29482412311114
1607	-305.5007388329469
1608	-309.07685427315334
1609	-302.78917726930337
1610	-302.265912162848
1611	-301.7235226893381
1612	-300.850800021995
1613	-309.6498512874126
1614	-297.98567753021894
1615	-310.7994111133543
1616	-305.5359355070078
1617	-300.95030773669737
1618	-310.4734115469247
1619	-303.4527112710278
1620	-305.0025552883412
1621	-298.7985681744852
1622	-301.1016433996059
1623	-300.05710008369937
1624	-299.6714848956498
1625	-303.7775583032216
1626	-304.9457920336931
1627	-295.96558083971405
1628	-308.64359960804876
1629	-299.33740028954605
1630	-311.2629217216106
1631	-304.136987466184
1632	-307.21835502081484
1633	-297.69036906606357
1634	-305.08931910014485
1635	-307.2279884416358
1636	-310.19156455989685
1637	-303.4648309043515
1638	-307.61073433224
1639	-306.95374680744345
1640	-301.5451330708534
1641	-302.6851996222482
1642	-311.5874190593717
1643	-296.4469
1644	-301.2297742830192
1645	-308.3127886297399
1646	-296.4786175036635
1647	-299.96202359864463
1648	-302.5509480910735
1649	-303.4962026966378
1650	-305.5974027776837
1651	-311.71094252588847
1652	-302.8809730838844
1653	-303.63092981831096
1654	-296.77775130202815
1655	-301.74761378214146
1656	-301.7970390606503
1657	-291.98557880566295
1658	-299.2953969714468
1659	-305.6642698398364
1660	-302.03174013360734
1661	-305.20896211979294
1662	-302.4659714677354
1663	-290.2806429909385
1664	-297.584400030657
1665	-297.9246465217831
1666	-296.69610416380095
1667	-306.4800851457207
1668	-301.92341567047094
1669	-301.528508623179
1670	-303.30425055088875
1671	-305.45097413932376
1672	-306.2241741849127
1673	-307.363760101401
1674	-302.8870495997285
1675	-304.48454640201857
1676	-310.536070964338
1677	-303.25307279346407
1678	-308.54155181152015
1679	-309.04365805647404
1680	-297.24970609677854
1681	-305.32939100212513
1682	-304.78127552346734
1683	-304.94023439972807
1684	-310.0745369788954
1685	-306.6684938805977
1686	-301.2673712423027
1687	-303.82749234441826
1688	-303.9112061120747
1689	-308.2903226654981
1690	-309.304120274909
1691	-307.402047617813
1692	-308.079650701596
1693	-311.4016672172445
1694	-303.49793331715057
1695	-305.0279147245932
1696	-305.0812633994711
1697	-305.52792527454574
1698	-310.48237230744627
1699	-314.0678366105238
1700	-305.2741273940787
1701	-307.0101940934987
1702	-303.8774427862584
1703	-304.95741824994957
1704	-307.2796094489519
1705	-309.25364805380605
1706	-304.4870189834994
1707	-308.09837159171104
1708	-301.93813746721634
1709	-304.9314095515691
1710	-299.6515493985095
1711	-307.2135752035893
1712	-309.4958337557963
1713	-309.6654969715122
1714	-306.150564890783
1715	-308.2109892684824
1716	-305.9806592075119
1717	-304.28640610137217
1718	-303.50778634742494
1719	-305.2072864923849
1720	-308.7442419379329
1721	-304.76592578159614
1722	-306.173856809563
1723	-306.1693379568285
1724	-301.4281167049881
1725	-305.04679550167526
1726	-307.5118054259167
1727	-311.88264426485864
1728	-307.90561976514107
1729	-311.0084479029652
1730	-311.5794163269439
1731	-302.7244595035241
1732	-305.7832376851693
1733	-302.18943005470254
1734	-309.935585781
1735	-303.99437659420875
1736	-309.223478912528
1737	-308.3613962841985
1738	-303.9899440449815
1739	-301.64751560854893
1740	-304.719103809518
1741	-305.3271943875307
1742	-307.6756833791592
1743	-308.51404594365476
1744	-306.7658373134004
1745	-305.38733457892835
1746	-311.2953957515917
1747	-301.72533500984576
1748	-296.1885679531438
1749	-305.9173643521133
1750	-306.8101628528726
1751	-299.378854006669
1752	-306.39738994220755
1753	-300.29420064142647
1754	-309.0106874223143
1755	-306.00171491909174
1756	-305.7428668871843
1757	-310.2665385610042
1758	-302.43080277992004
1759	-308.65942394650375
1760	-308.48834382249646
1761	-307.7208615962269
1762	-305.9301267982735
1763	-306.33761891331045
1764	-312.48292633573504
1765	-309.4821452109021
1766	-308.31441690980853
1767	-309.91831618895714
1768	-299.95358449184715
1769	-300.26783804138694
1770	-299.9868326204107
1771	-303.03157517106087
1772	-305.6206535852564
1773	-301.54233131660783
1774	-310.5825205044946
1775	-305.5165354651955
1776	-308.61236625323676
1777	-304.77088115670006
1778	-305.5996497989651
1779	-309.6078151610302
1780	-307.07209385240657
1781	-313.3186235920402
1782	-307.1379719638272
1783	-307.216067498169
1784	-313.3317515191944
1785	-308.69620522376863
1786	-306.7825576071137
1787	-302.77352952291375
1788	-306.9237472729824
1789	-307.50682174467056
1790	-300.59496604461776
1791	-301.03706972786256
1792	-307.7733102180094
1793	-309.95168077848996
1794	-302.81897398259855
1795	-307.93995936099617
1796	-309.77312089996406
1797	-306.91227975388597
1798	-307.2454352117927
1799	-304.95302334631486
1800	-306.54702760238547
1801	-314.63291738546417
1802	-304.5914890510043
1803	-302.5112381460873
1804	-307.728217661812
1805	-309.1084392438618
1806	-299.8424100947348
1807	-313.02513600008996
1808	-307.32895189181505
1809	-302.79872396579333
1810	-305.8912109663972
1811	-311.2533296876942
1812	-300.79494869123045
1813	-304.48983538193033
1814	-300.37851020700145
1815	-300.20783278076215
1816	-302.07477175014685
1817	-302.96732155957
1818	-308.9214290565824
1819	-311.378261506977
1820	-304.70579719505827
1821	-308.61018772285763
1822	-311.6575689822973
1823	-303.5785810569631
1824	-305.0592231002675
1825	-297.257675905164
1826	-306.6798683069527
1827	-305.1062701048793
1828	-303.9908694475162
1829	-313.3535984586312
1830	-307.5899749445217
1831	-303.16128573277
1832	-301.5519461464802
1833	-304.3217367791826
1834	-306.68338697370393
1835	-309.9436522438364
1836	-306.1962113733494
1837	-304.99169530237424
1838	-302.6605132847705
1839	-309.96757590579193
1840	-302.01197098519305
1841	-307.24307082583124
1842	-305.5879589447816
1843	-307.3211510803535
1844	-307.75901385926886
1845	-301.06315974896364
1846	-302.22585917208227
1847	-304.8623308998068
1848	-294.2688469445998
1849	-304.39123408901185
1850	-298.6713396298408
1851	-309.5759680465665
1852	-301.5562899705326
1853	-304.610277001452
1854	-307.7035335142224
1855	-303.41114185849324
1856	-304.73555426971615
1857	-308.47224769028946
1858	-303.8547793028137
1859	-309.57524892332805
1860	-305.72873659228975
1861	-306.43470941153504
1862	-298.75308392928576
1863	-297.9060146398534
1864	-306.7496704817309
1865	-301.46011659252446
1866	-304.5523390365585
1867	-297.07027902270727
1868	-299.37099231921593
1869	-304.7585349029867
1870	-302.81732675552763
1871	-307.04287730589334
1872	-308.1067832798984
1873	-304.7347582312731
1874	-303.33238833234714
1875	-299.71032021839574
1876	-302.6622719913437
1877	-308.13976775428904
1878	-310.5725262589436
1879	-303.74591666158256
1880	-303.24635440036604
1881	-309.1589065848757
1882	-305.4175607976265
1883	-300.78467270761814
1884	-307.9285777384674
1885	-308.5008726306291
1886	-302.12915105774016
1887	-310.8145093742791
1888	-301.83362332509233
1889	-305.7309878120847
1890	-308.37985399785504
1891	-311.13672036607977
1892	-297.5918009128354
1893	-300.23361413527954
1894	-302.332384239379
1895	-303.4560168005819
1896	-296.4128341661527
1897	-303.9032841843465
1898	-295.72163622964644
1899	-308.71007537168447
1900	-302.32537121879096
1901	-296.2669089838597
1902	-306.08853563598234
1903	-300.41895615624395
1904	-293.43405102021825
1905	-305.3007506789096
1906	-301.9618148122925
1907	-308.9788078271705
1908	-311.5651983905267
1909	-306.3305246315396
1910	-308.03459127742406
1911	-308.92576767283776
1912	-306.39316615888
1913	-304.49531319487556
1914	-307.3640734951399
1915	-302.95565689155734
1916	-305.8010019106209
1917	-307.5672526912414
1918	-306.6690515144903
1919	-306.13996774732794
1920	-311.20278247794016
1921	-309.2291815671395
1922	-307.1498600486953
1923	-307.3939308298049
1924	-307.4030878201464
1925	-313.46277667347886
1926	-307.8542813424234
1927	-305.17105444683165
1928	-310.4417104675492
1929	-302.53736772222595
1930	-308.17323634972286
1931	-309.36081311044535
1932	-302.41832101691017
1933	-310.8188742434859
1934	-311.3685900010239
1935	-309.8404205352831
1936	-297.12034608282084
1937	-307.3784926931634
1938	-300.82803681715995
1939	-301.61139866219713
1940	-298.62398667307457
1941	-304.11655442680365
1942	-299.10557637973955
1943	-302.9859179730095
1944	-302.765797545466
1945	-303.1157094546717
1946	-310.6047452628214
1947	-303.8115278842165
1948	-305.32742063725897
1949	-303.42698438786357
1950	-300.2887833431219
1951	-302.74599432727723
1952	-309.2692310624057
1953	-307.92421528953395
1954	-308.03759218795506
1955	-310.9475130122868
1956	-300.9138932788133
1957	-308.0206579470375
1958	-302.7254902225733
1959	-309.71118078690773
1960	-303.2244416995233
1961	-305.3582698052196
1962	-301.2417208558856
1963	-306.2212360398768
1964	-310.4806106297413
1965	-305.15580258008896
1966	-303.04494733731167
1967	-304.21300964981197
1968	-305.86000449292976
1969	-304.96376479448116
1970	-305.29309848737114
1971	-300.1735937492989
1972	-309.76427853910764
1973	-301.1025794563387
1974	-309.1932274681918
1975	-305.86502759864146
1976	-305.02070648559413
1977	-301.1741456087468
1978	-300.8827628178204
1979	-305.1523152395532
1980	-300.562759664555
1981	-299.3923405003697
1982	-310.45262180515726
1983	-302.6009960213831
1984	-305.73719807701565
1985	-312.1873399544756
1986	-310.9536502139647
1987	-309.7076406091303
1988	-308.12225685335085
1989	-304.8529871256894
1990	-299.5895189536953
1991	-306.20474729988626
1992	-305.2401777223467
1993	-307.2920901658942
1994	-305.2721649163574
1995	-299.9705598051765
1996	-311.6536817948952
1997	-305.0484361170658
1998	-302.3436799747562
1999	-312.6655333905489
2000	-309.0148750736814
2001	-305.04218591431123
2002	-311.7917085498189
2003	-308.8366521183255
2004	-303.73962380981754
2005	-304.06939546543737
2006	-311.0376543903811
2007	-307.0111362784178
2008	-307.7241960095305
2009	-304.5705164936572
2010	-310.07739690002313
2011	-307.49969313359765
2012	-305.3888772951221
2013	-302.2859013405008
2014	-298.78516462891037
2015	-305.67469534469524
2016	-306.773338445448
2017	-307.05029445766144
2018	-299.6205210100246
2019	-311.9582486814198
2020	-302.1614
2021	-311.1747416967692
2022	-303.5433192655598
2023	-307.1886391579492
2024	-299.64050508345815
2025	-303.82422684009356
2026	-296.95711429345704
2027	-299.25154008741305
2028	-305.65908770792936
2029	-312.04336880734235
2030	-303.5483531122156
2031	-302.06399661612403
2032	-307.75813112964715
2033	-304.70318554726197
2034	-300.9695834789149
2035	-310.80753115926836
2036	-297.1985425251215
2037	-302.3034967354939
2038	-303.707895709466
2039	-304.51196145737055
2040	-297.68635374724806
2041	-298.65020014627356
2042	-297.3359470257923
2043	-304.12683162423457
2044	-296.2848841453006
2045	-303.00209892473265
2046	-305.02816111827843
2047	-296.88439483804706
2048	-303.7504191646559
2049	-305.826076410648
2050	-295.45576745245603
2051	-305.44236690157163
2052	-299.8077779791329
2053	-305.5520839007807
2054	-306.30809301045093
2055	-303.92168249569426
2056	-308.2526852001942
2057	-303.62328413744507
2058	-303.4222002599058
2059	-302.4407115323267
2060	-302.656203776802
2061	-305.94266585020256
2062	-305.0771846707652
2063	-303.9630902581098
2064	-296.1558204210585
2065	-304.2652044605041
2066	-303.0885932179595
2067	-304.322006958529
2068	-302.87047156404014
2069	-307.47297526852583
2070	-301.737482455936
2071	-301.31527089218525
2072	-307.67346515070136
2073	-301.33663760645305
2074	-297.3516161695035
2075	-297.8366290201638
2076	-299.77800707295927
2077	-301.4679626603274
2078	-302.8467966043543
2079	-298.00305417972504
2080	-299.8244
2081	-304.2773747477866
2082	-298.0501733890173
2083	-300.8451028922136
2084	-299.4736248907294
2085	-300.39661911588047
2086	-307.74206932916115
2087	-304.8351807177147
2088	-309.4086571388479
2089	-309.6520933086898
2090	-302.0901633399118
2091	-302.0673782383165
2092	-304.08143789744895
2093	-300.75810151391534
2094	-306.19891333502613
2095	-303.9786842822536
2096	-306.43075165329424
2097	-302.9256099655863
2098	-304.6638598433486
2099	-300.75335573544857
2100	-306.4865509566492
2101	-300.050085247745
2102	-299.2189773826116
2103	-304.4831432726242
2104	-308.1748615661084
2105	-300.63216222705154
2106	-303.2316699621816
2107	-294.26895609714506
2108	-304.0436771858031
2109	-300.9371027802937
2110	-297.784936110424
2111	-307.28281706335014
2112	-296.5293673869192
2113	-303.2563933224082
2114	-307.3223468632413
2115	-305.9412310869847
2116	-302.11395172529905
2117	-305.76379166956855
2118	-300.729345603734
2119	-307.1436410753255
2120	-302.7882677684292
2121	-306.99729825814137
2122	-308.9628585719186
2123	-303.48679727441936
2124	-306.09963607027106
2125	-301.49247420430805
2126	-307.47926224951004
2127	-309.8769876593907
2128	-299.970021255105
2129	-302.2924251081889
2130	-308.5000013776272
2131	-309.52883450069913
2132	-310.0417054933784
2133	-306.3966422181666
2134	-309.94482719456363
2135	-310.9769551633923
2136	-310.5849586284604
2137	-305.62237957533426
2138	-307.9410193331627
2139	-304.41470679216087
2140	-307.3233258853537
2141	-300.79633926305615
2142	-305.3834647613255
2143	-305.1705073728239
2144	-305.5362940073068
2145	-305.5810610613929
2146	-312.1644432513332
2147	-303.2523272895399
2148	-306.23745973162943
2149	-309.4958736051611
2150	-308.95759377629156
2151	-308.22362043596434
2152	-299.2244779876528
2153	-302.90370643346654
2154	-308.8757018516285
2155	-304.304305268614
2156	-305.0133783498561
2157	-302.19736913422645
2158	-297.8793722009919
2159	-305.2146301464807
2160	-299.23203749208795
2161	-299.3476395759427
2162	-300.19004405789724
2163	-303.93505646820176
2164	-293.9903
2165	-296.12437267566986
2166	-299.5020891919499
2167	-303.3539579432741
2168	-306.1623724835601
2169	-305.39730379842945
2170	-302.61493266714285
2171	-303.747070205691
2172	-303.7290683998981
2173	-299.8332
2174	-293.4017
2175	-305.18511147109257
2176	-300.0672
2177	-302.099562658674
2178	-299.812502302189
2179	-306.04130997465666
2180	-304.6714360759277
2181	-300.663081980294
2182	-303.2831201638265
2183	-299.77982108668664
2184	-302.2602453988031
2185	-302.74739107578245
2186	-303.7758
2187	-302.3056822333771
2188	-303.6864693145882
2189	-304.11888650402136
2190	-304.9525952951995
2191	-307.4750300177723
2192	-303.40825298828713
2193	-308.59203732955905
2194	-303.76398994138947
2195	-305.97033304969625
2196	-307.2329801964981
2197	-303.63888876191186
2198	-305.65545920333614
2199	-305.2262639455314
2200	-304.1398281426132
2201	-301.3246923017661
2202	-307.2579962791548
2203	-308.28236192609893
2204	-302.2633971843364
2205	-301.04520790235557
2206	-306.30161946592443
2207	-303.43898149686606
2208	-309.66710776422036
2209	-304.2415344510936
2210	-311.57338826069696
2211	-310.64750434039206
2212	-307.1244
2213	-301.8983740626547
2214	-303.63307500393705
2215	-303.44532131360097
2216	-307.7956790998891
2217	-307.5140779105546
2218	-306.519253786318
2219	-303.08210127459074
2220	-309.9238095916515
2221	-309.70054890926735
2222	-305.79588022443903
2223	-301.50214466567166
2224	-307.1860867004657
2225	-292.13749479155973
2226	-300.6923684873767
2227	-304.37166169529655
2228	-303.5586183537093
2229	-301.70661756906424
2230	-303.7913751448754
2231	-301.44982004169134
2232	-302.01271122227337
2233	-307.11268606729834
2234	-301.1482877889709
2235	-305.435909704949
2236	-303.25307762693876
2237	-304.57336304846484
2238	-305.78098642697006
2239	-303.57384186938543
2240	-307.0998211953398
2241	-298.93994159546224
2242	-308.77874971228476
2243	-304.55560054200157
2244	-302.9703587964878
2245	-308.8598558443189
2246	-303.90157242441455
2247	-302.63139099878003
2248	-302.3058921129086
2249	-300.12896809367237
2250	-306.3552567977884
2251	-301.8637766333239
2252	-296.03922240314097
2253	-308.6595291446355
2254	-302.9279008010429
2255	-305.21321900890536
2256	-304.436290605892
2257	-308.4733636021592
2258	-301.39676949169615
2259	-306.577670842039
2260	-300.0816188075798
2261	-303.7374040440784
2262	-306.98451623214277
2263	-304.34010055218215
2264	-305.4602811591029
2265	-301.18079152397536
2266	-305.41615110913494
2267	-305.9426555083539
2268	-305.0292978095913
2269	-303.8422475796714
2270	-303.6953024375201
2271	-307.71991077173806
2272	-307.11348402572156
2273	-306.5085128018241
2274	-309.54570830688397
2275	-308.5869838691839
2276	-305.2708305193053
2277	-313.7768574995697
2278	-306.42840765004837
2279	-313.6157131674416
2280	-306.1861856823086
2281	-309.1707315492562
2282	-311.14556833051313
2283	-304.9282436101235
2284	-306.52866464933555
2285	-311.92710031563206
2286	-303.18057815228724
2287	-301.46549238671025
2288	-307.5681845619092
2289	-308.69758948328723
2290	-300.3751167929416
2291	-307.4236142315955
2292	-307.7668087993517
2293	-306.49987987268736
2294	-311.13575940348977
2295	-308.9527508258045
2296	-305.50111672574246
2297	-305.4273977298959
2298	-300.65335173266703
2299	-298.1524382982286
2300	-304.9785091067834
2301	-298.8974633173876
2302	-302.6700665877593
2303	-303.0191036820916
2304	-302.57599714129185
2305	-304.3662600025012
2306	-306.70222352886424
2307	-306.2387823095049
2308	-305.9566522673754
2309	-304.36902686730576
2310	-304.7245446957892
2311	-305.77174002471685
2312	-301.63912947380453
2313	-307.59821641792144
2314	-302.9690623717004
2315	-304.69819736841885
2316	-302.3070441636322
2317	-296.9708742356449
2318	-314.55571152919885
2319	-308.4917629615132
2320	-303.81892105982814
2321	-304.6129675030173
2322	-308.81559743175507
2323	-303.0369128695786
2324	-300.3799162859556
2325	-300.4290537004823
2326	-297.5110823623235
2327	-300.1065050402657
2328	-296.3785242962052
2329	-300.50013837868
2330	-299.17569893957125
2331	-302.01250448497916
2332	-301.6313633281304
2333	-306.57285486812253
2334	-299.51686454455023
2335	-298.8655637417926
2336	-301.41332878666793
2337	-303.85280520257567
2338	-304.3976111985462
2339	-303.5869131544445
2340	-300.57204625070494
2341	-304.99168136385936
2342	-304.3609384773844
2343	-302.347758138803
2344	-303.8317250543241
2345	-303.4006860377804
2346	-298.6979639562034
2347	-303.8116376059919
2348	-302.4787424110422
2349	-306.99222133726124
2350	-307.04271456671273
2351	-300.4262358674082
2352	-298.725062341655
2353	-305.84464688361345
2354	-307.90471625927825
2355	-310.4544165814929
2356	-305.3934473197763
2357	-309.0420672248283
2358	-306.51654839010723
2359	-307.1083919476044
2360	-305.9536347579554
2361	-300.35470279596984
2362	-306.8658154211405
2363	-305.328115912741
2364	-308.59921089056627
2365	-301.54306021600297
2366	-304.6523701970592
2367	-304.27080675757037
2368	-296.0633987085702
2369	-297.0661198702097
2370	-305.1085591506888
2371	-303.5040110867679
2372	-301.4215340236686
2373	-299.9441446531749
2374	-302.50946234833555
2375	-307.31786167446757
2376	-306.14608252104836
2377	-306.96080165008317
2378	-303.79617190265174
2379	-305.25829976607406
2380	-295.5174292894924
2381	-308.54947828670595
2382	-303.2234649157991
2383	-309.0021280818658
2384	-297.7821755838482
2385	-308.65114102355517
2386	-301.5762115418783
2387	-304.45625223083067
2388	-305.12949704400114
2389	-301.815821079258
2390	-298.95392441115615
2391	-302.7503633321672
2392	-304.0878838043134
2393	-303.838264266167
2394	-306.08581612895904
2395	-304.4504446851547
2396	-304.64784227528423
2397	-311.7597576584871
2398	-299.613557207957
2399	-303.021278210648
2400	-306.1940325840284
2401	-304.5168
2402	-305.05005616205693
2403	-313.0462816189659
2404	-306.0608258647907
2405	-308.12371659065855
2406	-296.17337428004686
2407	-306.0943259726066
2408	-309.793393268717
2409	-301.0494931782816
2410	-306.4210292452623
2411	-302.08033998834765
2412	-303.4954363436867
2413	-303.7321899350166
2414	-310.3801284558233
2415	-309.2152036365784
2416	-304.9256644080894
2417	-309.19444463357905
2418	-302.5587704662057
2419	-300.9527568989002
2420	-309.79019099447606
2421	-303.53660012721423
2422	-300.3748335201227
2423	-304.18371415412275
2424	-301.54720557152604
2425	-299.8821021000937
2426	-306.8759691365316
2427	-308.5136439829688
2428	-299.9200834427132
2429	-295.67965992181416
2430	-304.96170421106746
2431	-307.5096439924808
2432	-302.82611684995373
2433	-306.0599496194504
2434	-305.23959355785047
2435	-300.16965124500877
2436	-307.37266266548284
2437	-312.0717853028962
2438	-316.5161272303841
2439	-307.79794435638314
2440	-301.39794100082975
2441	-302.48379494385244
2442	-306.96922844273183
2443	-305.7279987851992
2444	-301.8144712468788
2445	-300.86170976298746
2446	-307.81991253873196
2447	-300.8366589955025
2448	-308.81093223385915
2449	-306.4294762147295
2450	-307.8515819092336
2451	-306.91848655901975
2452	-306.3406077731408
2453	-305.08738985614696
2454	-309.8589334639405
2455	-306.45584418287086
2456	-308.16527607469243
2457	-310.5390322021827
2458	-309.1641823130339
2459	-304.83992779719256
2460	-301.91915215403566
2461	-311.7306322895066
2462	-302.8814990329663
2463	-298.2009084781536
2464	-307.4735094566681
2465	-304.6041841859236
2466	-312.1944101709357
2467	-312.084147219298
2468	-303.6761149050143
2469	-304.75997648763
2470	-309.11076500183793
2471	-306.03994597088337
2472	-309.2959166265444
2473	-306.7607433431257
2474	-309.8517950026189
2475	-307.3437664920367
2476	-310.218021501064
2477	-306.17050539405426
2478	-308.53275305335296
2479	-298.4205478812661
2480	-306.3379681408627
2481	-298.58406721517633
2482	-309.0520136008972
2483	-307.96944429045783
2484	-306.3331499274714
2485	-303.0599829595272
2486	-310.59004823891405
2487	-300.46414728710147
2488	-307.31810474171107
2489	-299.9513799840781
2490	-307.49956889161984
2491	-302.0992199813206
2492	-306.9627037186049
2493	-299.5975212155137
2494	-304.00033099661556
2495	-309.0518399352671
2496	-309.40239146139277
2497	-311.2596901148161
2498	-309.4196016396748
2499	-305.831980532586
2500	-303.73763812165333
