1	-299.81483256512206
2	-305.031385586334
3	-295.2687791156564
4	-303.7911380985298
5	-298.98936617858806
6	-306.23026286043415
7	-301.15682365069006
8	-302.647836249662
9	-299.40813343788943
10	-310.2818660075472
11	-302.3749292107181
12	-306.6786027376665
13	-304.0794208606402
14	-299.07180000001034
15	-309.28622442481185
16	-302.5619546270347
17	-305.03052857687703
18	-302.79463206010377
19	-305.0290900306681
20	-302.3583730767978
21	-294.8548732621591
22	-305.1652001052885
23	-301.2069286438012
24	-301.52272266526995
25	-305.28849921591427
26	-298.29372903320314
27	-303.032469506096
28	-301.4508366358349
29	-304.67297575848517
30	-306.09375030449297
31	-309.158302900405
32	-296.58403554312554
33	-304.93766920173294
34	-306.4437429501836
35	-309.0190617660421
36	-300.1193004561406
37	-300.66800000012114
38	-303.9332555915588
39	-307.11520694271746
40	-304.52223088354566
41	-313.24483156734937
42	-299.2665561764781
43	-309.17632320817705
44	-301.9737100099395
45	-302.36563879721155
46	-305.2886198559879
47	-304.9394187768092
48	-303.5005
49	-298.4525754119245
50	-306.8673312188146
51	-307.070928318763
52	-302.9534389659542
53	-306.24981091010886
54	-304.5057354120652
55	-303.58568944575137
56	-303.92357941099067
57	-306.93634617488266
58	-301.5625757044945
59	-302.4088952634251
60	-301.1194490318004
61	-301.502207715687
62	-303.8660290159889
63	-302.62911819773007
64	-297.1748485001431
65	-305.217880252298
66	-303.83356026760777
67	-302.6136311659148
68	-304.8997889594723
69	-306.26867095300025
70	-309.32258093389663
71	-307.8840689241541
72	-304.3784389664959
73	-305.2476588565184
74	-303.3952302863021
75	-302.876662607126
76	-301.41402512148414
77	-300.4978271855861
78	-305.45469773885645
79	-305.30690504621003
80	-308.869927361265
81	-303.99468612932486
82	-298.23325810799537
83	-306.810454307213
84	-307.7592503490817
85	-303.50363628648785
86	-302.71012457118934
87	-307.1622536159357
88	-303.0503571351736
89	-298.88815649438396
90	-292.40515109332694
91	-300.13210587849113
92	-303.3107926017195
93	-302.77389976702216
94	-308.33480141023205
95	-297.47531447822325
96	-299.71582410857843
97	-299.1372286503062
98	-307.099891289967
99	-300.4865150183321
100	-299.90768677347353
101	-303.4584405825723
102	-301.7728007475656
103	-306.3171341240774
104	-306.43621799186957
105	-298.8411984925072
106	-305.2494165490645
107	-308.6434107256452
108	-310.32611621721196
109	-303.3859914553472
110	-301.84599969561225
111	-310.21601234493994
112	-309.5338101772676
113	-307.29242318833326
114	-308.20590954312985
115	-304.02942786207205
116	-303.84785598115695
117	-307.8787534121643
118	-304.9291069624788
119	-299.73471875657
120	-299.7033596586354
121	-293.50100476254096
122	-312.80960630009156
123	-309.8807155552891
124	-304.7967133603482
125	-300.65469472141035
126	-302.18606716661833
127	-302.7981016363501
128	-296.8119546064174
129	-306.51072242867605
130	-304.09098336119104
131	-304.2615828573923
132	-311.0998127490906
133	-303.62037774616533
134	-302.95224544336565
135	-301.9923135626873
136	-297.93371481662194
137	-300.8012147396192
138	-306.08960767321804
139	-306.5152767342474
140	-307.3313999767212
141	-299.6378079260546
142	-304.7685405119379
143	-303.9595134833851
144	-302.1345617990248
145	-303.0742148716284
146	-304.5267346213565
147	-298.25823826679834
148	-303.2937165295317
149	-304.6883746268202
150	-307.5379641286138
151	-307.2805107205753
152	-298.55670668865673
153	-301.5194
154	-306.374932681865
155	-301.4386440077115
156	-305.8511600309161
157	-307.9703335858145
158	-303.7693430914074
159	-306.63888086390665
160	-305.7664662686587
161	-299.0371421992349
162	-305.0134017638415
163	-302.9607164250902
164	-309.1549381037363
165	-310.53357987853803
166	-308.6005807193162
167	-308.8940977916187
168	-307.6359792844144
169	-302.5783104043079
170	-306.3191020711152
171	-305.69987890370317
172	-307.53039069219477
173	-307.9961494723888
174	-306.8028281433155
175	-307.0152693103575
176	-306.0625485799006
177	-304.51777593875727
178	-305.4915114313998
179	-294.0770403253017
180	-305.1905956074323
181	-303.27472681513524
182	-307.69695230790296
183	-302.4878342062301
184	-302.5742697254714
185	-301.1917963893881
186	-301.717952940115
187	-304.05561480608554
188	-306.3447850610665
189	-305.6161254760733
190	-303.64787279363975
191	-312.1128385335558
192	-305.64670818437276
193	-299.49598499198436
194	-299.8861470735407
195	-300.5811334721487
196	-300.18398842114
197	-305.84065296649106
198	-302.2252133444925
199	-300.7173336527858
200	-304.63048695715116
201	-303.82355665873365
202	-309.9517022950322
203	-304.5751419487251
204	-302.72514819873004
205	-303.37373026651727
206	-305.4501740032909
207	-297.2058434373024
208	-301.2256681113346
209	-307.3126848918569
210	-305.7540783511568
211	-300.42982681193774
212	-306.3258188484589
213	-300.13780003095803
214	-306.84581006553185
215	-298.98850273885824
216	-302.6756943422365
217	-305.2601003601265
218	-304.7707490026944
219	-304.05842422823036
220	-311.4622737011597
221	-309.41323505740036
222	-307.6585068188727
223	-306.2753014157216
224	-307.008411897142
225	-302.42915005529903
226	-314.2529500700143
227	-305.1816594675164
228	-305.4973118433157
229	-304.64610000687014
230	-296.1753056961791
231	-300.05742535537064
232	-307.3442603914298
233	-311.57717379863203
234	-302.55897667997806
235	-304.16751234981655
236	-303.32925650378604
237	-303.2468708031365
238	-303.89595921970806
239	-302.5015025027638
240	-305.47673555715176
241	-308.81601694136253
242	-309.70721453467644
243	-303.3175740624952
244	-305.1605285659419
245	-300.04284539852574
246	-304.1246917831915
247	-307.1414178402927
248	-299.74261271352907
249	-306.177676184032
250	-308.45462460844595
251	-300.7418903831645
252	-297.98689112931424
253	-303.10866702080745
254	-302.6423868124351
255	-306.8947901328061
256	-306.2351000071655
257	-306.5807259897589
258	-309.8791929689884
259	-305.3241794093725
260	-303.8560922887204
261	-301.07096360653543
262	-298.74042466474975
263	-301.01533962652803
264	-301.7670647354869
265	-297.78651718845225
266	-298.0488236733171
267	-300.2493920315811
268	-304.2443424794971
269	-303.06566707973144
270	-298.6186912157385
271	-303.493764021115
272	-306.8523890129572
273	-308.4497765441088
274	-313.23808458820923
275	-304.8970664054019
276	-301.97350114238594
277	-308.8152607956559
278	-302.5713185873908
279	-312.66840015594283
280	-300.78417842615033
281	-307.7677000863689
282	-307.65800049769473
283	-306.079881707277
284	-301.8523646474171
285	-297.3334935431143
286	-306.9409271868272
287	-300.8075720957183
288	-302.6320588350043
289	-300.6580778395104
290	-305.0150676834569
291	-304.31313901133746
292	-300.02937200163115
293	-307.837283893236
294	-303.4777418387658
295	-297.67283166972163
296	-301.0227400190288
297	-303.68113664982417
298	-307.1423596461906
299	-311.0454340024226
300	-309.68398606998926
301	-311.6454209801325
302	-303.68560294217116
303	-303.1947147020578
304	-307.26821963274506
305	-305.4696428519073
306	-305.95809520116626
307	-309.5208025605579
308	-305.32590363970263
309	-306.2162869846869
310	-306.72654861673163
311	-308.9599692513552
312	-309.03787971039526
313	-304.54451172952633
314	-301.8972995319596
315	-311.11851391225093
316	-303.5726309125573
317	-303.9338010117022
318	-302.63000308786263
319	-308.9494467581456
320	-309.289573756595
321	-308.2020046269366
322	-309.09806642390566
323	-310.7170876715977
324	-310.4335391542626
325	-308.1068844853485
326	-307.53324397915867
327	-309.444415933661
328	-309.88078485219154
329	-305.0474533166179
330	-305.1386572229024
331	-305.01412920717644
332	-301.3589692596493
333	-310.9382488869306
334	-300.6923282890021
335	-306.3950857141671
336	-306.82147634029894
337	-306.1920179367594
338	-308.0256775542241
339	-304.15983624769984
340	-303.0862025225941
341	-303.04839438639766
342	-305.9826558620622
343	-298.2816823544558
344	-307.39651012909223
345	-308.99671528210024
346	-304.5733295395853
347	-305.251321960984
348	-306.7387036326414
349	-306.9571047237868
350	-310.0283824157401
351	-306.0727750656918
352	-307.4624704417399
353	-308.1866590481458
354	-301.90471731702036
355	-306.3364281417025
356	-306.09386313180227
357	-307.1215930301825
358	-303.5699137553056
359	-302.8066806008987
360	-304.02115154691785
361	-310.67429622710256
362	-302.31770403413384
363	-306.8133275278746
364	-307.34245566472816
365	-302.2022809504881
366	-312.40136688516804
367	-301.1171097725113
368	-302.5288926792122
369	-306.8627833585634
370	-306.6546227074624
371	-310.29283911546054
372	-304.07176819425183
373	-309.08209996124384
374	-303.7644959270946
375	-303.52305058012456
376	-305.3837502186722
377	-307.2333970411748
378	-303.64479751556047
379	-308.1001527929431
380	-298.659442210515
381	-303.1356208081335
382	-309.5326243778519
383	-308.59824283082975
384	-307.9269500105875
385	-308.4480080859529
386	-304.2530894193999
387	-303.8161075732555
388	-315.2350411635884
389	-298.29757769170567
390	-309.5182183140748
391	-311.57466520959974
392	-304.417613518232
393	-308.7504510258937
394	-305.1958504780811
395	-312.88126238844114
396	-308.8815684557904
397	-314.36015992657826
398	-306.4587877292097
399	-308.1032145900917
400	-307.89340440149243
401	-307.0078767095854
402	-307.40033233748846
403	-304.86114144202605
404	-305.77645824670554
405	-308.9630147195406
406	-295.30369975358934
407	-303.48924448745595
408	-309.5782211749738
409	-303.2928019490875
410	-302.5009202519779
411	-297.49543455444837
412	-302.33267995427593
413	-308.13699942189356
414	-304.2521277399677
415	-304.78541911088155
416	-302.0217937414005
417	-306.9013346987388
418	-300.27673804954225
419	-308.37995895399877
420	-306.2210956084471
421	-303.018682711041
422	-307.2049925514129
423	-308.03735259418005
424	-304.18492301396014
425	-308.5267203339025
426	-308.18881465497924
427	-305.86474583425047
428	-303.49782043682677
429	-306.2410295506524
430	-306.51152727579404
431	-303.565655287235
432	-303.04595479436153
433	-299.6296
434	-307.96573909168654
435	-307.53561211461044
436	-308.10168036347176
437	-303.17139967190184
438	-313.19990000018714
439	-300.0992183493665
440	-299.5455014458146
441	-307.9656479003778
442	-300.08271188191674
443	-307.95623010605186
444	-305.2924126353355
445	-304.9045187847009
446	-302.16444920718317
447	-304.72598648752245
448	-302.773672699409
449	-307.6992698034363
450	-301.52905365357776
451	-302.19884381531097
452	-309.21241528505226
453	-302.1037000000855
454	-307.1195856450797
455	-307.39936668021033
456	-305.5235485436152
457	-304.3356000847437
458	-311.2921755942406
459	-304.99315225550566
460	-302.86014099582417
461	-309.9839066531992
462	-312.5933382705704
463	-307.30613827360116
464	-308.03239988587615
465	-301.9260250697262
466	-304.85967376559876
467	-307.21370643435415
468	-302.49465692325447
469	-307.8275363342772
470	-298.9287736726069
471	-309.2326581884335
472	-309.5241226964329
473	-302.99476882068234
474	-307.31692627399764
475	-310.1638221410368
476	-303.9855177202399
477	-299.66408146878166
478	-305.51470036163533
479	-306.5762726599009
480	-306.0238862644949
481	-305.03849963610946
482	-301.77152307595406
483	-301.8782008608723
484	-305.63260606535925
485	-303.24776927385994
486	-303.04929841046777
487	-307.72521674880966
488	-312.017152231265
489	-302.79424932375133
490	-299.30766631258405
491	-306.4165431515049
492	-303.3825202618375
493	-301.2075629787574
494	-302.2450032152822
495	-306.26381120425197
496	-304.07986342893076
497	-305.3235325157138
498	-299.553226607511
499	-306.89627166428966
500	-302.78756163352443
501	-302.13701650010256
502	-306.78498622828715
503	-306.1667976047467
504	-306.5357284906769
505	-301.95945355144306
506	-301.48017684786015
507	-293.93710330810205
508	-307.2230777883012
509	-302.9039687160856
510	-309.3650931960823
511	-306.49226505631606
512	-297.23730202511973
513	-308.72810620390356
514	-302.5586187156013
515	-305.24920448804886
516	-300.5706184271743
517	-304.6688566010002
518	-307.9046204044394
519	-304.7453930831081
520	-301.08387003753114
521	-307.78919810005755
522	-305.05132763473665
523	-305.426982739678
524	-305.78171089691983
525	-310.7531840643868
526	-309.14693902839065
527	-310.64633055391187
528	-307.0579554249905
529	-302.498649526939
530	-303.617733505716
531	-306.0360246922832
532	-302.6816585534271
533	-303.28826805370005
534	-302.4438128826352
535	-304.7092865899951
536	-307.7452929910383
537	-308.59374638030266
538	-305.62797355168277
539	-307.65240480799906
540	-306.3741990656759
541	-310.7433745246777
542	-306.3125613933043
543	-303.2517843108758
544	-299.6777632817378
545	-306.59776214110076
546	-303.8101498648154
547	-314.3754499475985
548	-306.451257246713
549	-303.15080249745574
550	-302.1687986830878
551	-302.30999772923155
552	-301.5326738491425
553	-300.0780883758228
554	-302.8554485745851
555	-305.61919791353375
556	-312.97397099198133
557	-302.9137597140181
558	-303.58577127745076
559	-315.42013180156863
560	-306.62232141624145
561	-308.18885136479213
562	-314.6781571786084
563	-311.25942306857036
564	-309.8715316037793
565	-305.6890514709443
566	-305.9342578082514
567	-301.76624233469835
568	-305.19236037885537
569	-297.39780635857346
570	-300.30343953853657
571	-299.27999811063626
572	-313.6261975670673
573	-307.79208455318724
574	-309.0339327038646
575	-304.37504235354476
576	-306.55911584060124
577	-307.70102892767693
578	-308.2145765183311
579	-314.26790940845933
580	-307.92262566783404
581	-304.5755553079095
582	-311.84087786432605
583	-307.3053309030058
584	-312.59015757159625
585	-310.91536850923774
586	-303.225236309991
587	-307.37380380270275
588	-308.46811751363043
589	-304.91662535473364
590	-303.37673047797915
591	-296.4665192812035
592	-305.5893626283348
593	-307.76554897276054
594	-297.079800000507
595	-309.4623565979964
596	-302.1467629468318
597	-303.4282214366334
598	-301.160648229804
599	-303.4313214969808
600	-303.9815077699174
601	-308.6708484476762
602	-308.1225090331565
603	-308.2854256465556
604	-300.2344366452161
605	-310.6584120869814
606	-300.44759404894984
607	-308.1339755855634
608	-309.8398660535463
609	-304.3938754197608
610	-306.51537499545645
611	-301.7216175140421
612	-306.2188076085465
613	-308.7829992759126
614	-309.20688714888826
615	-302.7244934069061
616	-308.8107660077626
617	-297.1957430066579
618	-303.7887176695936
619	-308.94262248648914
620	-306.1932889463144
621	-306.6359900155442
622	-298.0901733724958
623	-307.01896088409825
624	-308.69220517617197
625	-299.6458671313903
626	-301.81866143189785
627	-299.91590781167173
628	-313.249630706518
629	-301.9084258591626
630	-298.63967368755823
631	-305.9003057354428
632	-306.9531101172944
633	-303.34307988932454
634	-307.3580862175071
635	-306.8190731411655
636	-301.15336975338613
637	-300.9455896460678
638	-312.38175949475755
639	-300.5615272683113
640	-314.3236835059106
641	-303.0524851347276
642	-305.82059044629705
643	-305.43865855795246
644	-309.7620383930901
645	-306.65365511290963
646	-304.0878012016695
647	-312.2703804669771
648	-307.9318277046109
649	-311.65502431277264
650	-311.4938395664693
651	-317.0223047903784
652	-300.4128531232109
653	-308.08289984801735
654	-311.7288423308763
655	-310.60925338776616
656	-313.60989241978336
657	-309.6333488267106
658	-306.8579967071703
659	-302.3339222364396
660	-310.1133211038735
661	-305.71232381499556
662	-310.30379744343776
663	-303.6339461364304
664	-297.9982099245158
665	-302.3342518163042
666	-298.6531475963708
667	-302.2845968521779
668	-306.74635303263904
669	-304.8849434719756
670	-313.4708602620941
671	-305.7696768259551
672	-302.6967677352687
673	-310.6001734009595
674	-301.6657281613164
675	-304.2935963627166
676	-303.3357950612391
677	-306.33222326250933
678	-298.1914003009724
679	-305.5873160846099
680	-306.44230823600253
681	-308.1661307459125
682	-305.68344114277403
683	-303.3431901640351
684	-304.15252610544235
685	-304.5141045359816
686	-313.36432337697175
687	-303.72440815228555
688	-304.5589006447618
689	-310.6540764963762
690	-302.6206858460576
691	-302.87392907844367
692	-306.44467368428315
693	-316.1219270524217
694	-309.71740928601247
695	-300.66144322325067
696	-299.54377518212885
697	-297.29391079990637
698	-304.5429296879051
699	-302.52882146393745
700	-303.01034477730184
701	-306.91226862402567
702	-306.71054028734216
703	-308.3865149394473
704	-306.1439102407582
705	-309.1529834588123
706	-303.45334250905574
707	-306.4229128061786
708	-306.94580132235035
709	-312.028009510724
710	-305.0520945217535
711	-309.2843965052129
712	-307.950264646722
713	-305.04581050027264
714	-306.53527926343884
715	-304.22604627526607
716	-302.84229902704135
717	-309.91566530397415
718	-300.33240985194703
719	-309.38378926667406
720	-308.8630518328083
721	-306.0733539571361
722	-313.00997041250946
723	-307.3141547805096
724	-306.18400189458305
725	-309.34092180444816
726	-313.74290438144
727	-309.64642810604624
728	-309.29804647366655
729	-306.5615669787793
730	-305.06765175529046
731	-303.0204234000203
732	-308.64918499705504
733	-308.1757532230364
734	-309.9176651792464
735	-308.27029681486914
736	-310.8073789444449
737	-310.3032720923686
738	-311.58507557494386
739	-294.10999868138106
740	-311.1099755954693
741	-297.852433003031
742	-300.64142454775714
743	-304.998643753779
744	-303.82738879300496
745	-296.56006335314254
746	-300.1330500686871
747	-300.6926570479887
748	-311.09145393031946
749	-311.7156285785965
750	-304.8315922254272
751	-308.87266234134273
752	-307.8145747492098
753	-306.04794651162644
754	-309.2299267921259
755	-314.524712877957
756	-312.96509063447917
757	-305.0710918162257
758	-301.82250198021796
759	-296.8940189133598
760	-311.6887716150149
761	-307.0630887367473
762	-306.97195963853255
763	-302.77049626183106
764	-297.97078949773794
765	-301.48653393371364
766	-306.0994551410296
767	-307.80295893317464
768	-307.13031635552164
769	-308.64594105724234
770	-306.3170105059136
771	-306.8815011553499
772	-306.38702389779144
773	-307.5229470209176
774	-304.4838969092812
775	-298.8318088031053
776	-303.8707755030862
777	-306.1517041568863
778	-310.4544661261357
779	-300.73466625254093
780	-302.4835685488837
781	-310.0468281752657
782	-303.21541168727884
783	-303.31546068890833
784	-306.3008306097231
785	-301.6238504007737
786	-300.7712646258433
787	-305.27980433289594
788	-311.24559253272616
789	-300.39520019197255
790	-305.72411042177555
791	-298.6788937484156
792	-304.58574749117275
793	-306.0280777818139
794	-310.4514165293832
795	-304.91939981088075
796	-305.22871438322977
797	-304.17169839929335
798	-305.6205888702177
799	-302.1418329701398
800	-309.33466184656123
801	-307.3427295578112
802	-304.9315260548873
803	-308.16588495788426
804	-308.8664937683105
805	-305.35768230224727
806	-309.7493118263493
807	-306.7759796369496
808	-308.9035621973729
809	-301.0421735690346
810	-308.33516579455477
811	-307.1406691105398
812	-305.47779659741303
813	-305.80234598891326
814	-307.17120956981495
815	-299.98069715139866
816	-301.4329697097861
817	-303.7685330421397
818	-301.1718811890812
819	-299.33759195640897
820	-310.03627271970896
821	-300.2262601304262
822	-306.0702941751101
823	-306.73068407217556
824	-303.8948847062326
825	-307.3998518396366
826	-303.75460721196237
827	-305.4215471615757
828	-312.9390275517819
829	-312.1576461485553
830	-306.5482069575306
831	-299.958358854682
832	-307.87772916740727
833	-305.26099163906406
834	-301.8661471811789
835	-300.5723198585065
836	-310.4850586949227
837	-303.351622478688
838	-315.11452349535887
839	-310.5074371189722
840	-305.5709672950549
841	-307.6786168832009
842	-306.183746053311
843	-307.8528878617892
844	-313.09346502328606
845	-309.1901433012659
846	-312.2908163315469
847	-305.55453086524795
848	-306.3345966446056
849	-317.0790274081035
850	-309.97349510493433
851	-310.439976583964
852	-306.9245032292042
853	-301.7395964568612
854	-308.41565238409333
855	-312.4014182482466
856	-311.538126918375
857	-306.2496675186011
858	-305.0852403937575
859	-302.8670873466936
860	-302.27382572801736
861	-302.8279911868471
862	-308.1248927850445
863	-302.36995372953396
864	-306.3728312488161
865	-307.08787190776155
866	-301.70034843541333
867	-306.4420156872745
868	-308.195213970647
869	-303.84869899788947
870	-303.9572884380554
871	-302.7690866068878
872	-308.33989470120633
873	-301.41219916284285
874	-303.5364390900612
875	-297.623320091831
876	-310.019491880194
877	-306.06922349731127
878	-307.82263395829676
879	-311.04123346143024
880	-312.532419582374
881	-312.4087665013861
882	-302.8077389288918
883	-309.1071220945851
884	-305.6426786662647
885	-304.94848434943475
886	-304.2067817588945
887	-304.595497025528
888	-313.80210083382724
889	-297.9037529982661
890	-297.1937503680286
891	-304.86601802858866
892	-305.61019726341976
893	-302.9786137204924
894	-301.8929006264217
895	-300.78174513958277
896	-310.2615234266863
897	-303.8907655937376
898	-298.9408939269401
899	-304.3466520023389
900	-306.2178342604453
901	-301.8502013575309
902	-298.7569203656324
903	-305.9444935274314
904	-310.4891366482249
905	-303.2648507100533
906	-305.93675819019876
907	-308.273068328843
908	-301.2290161710558
909	-302.53576365969553
910	-298.8752097196928
911	-308.4656750178004
912	-305.96064406749275
913	-304.89120266430115
914	-308.02797794720647
915	-305.5772195976992
916	-304.1862449436382
917	-305.56038431161994
918	-309.2903077674407
919	-307.965681520896
920	-310.5484457032261
921	-302.98597800518456
922	-308.93418114020267
923	-299.9236932911171
924	-306.181911372216
925	-312.3426470992887
926	-297.6841069937877
927	-307.20519146110917
928	-302.0700022387929
929	-300.4085
930	-302.87094267948066
931	-304.9319645932277
932	-310.6860114409175
933	-304.7832919424406
934	-300.4988365897741
935	-304.28342021268946
936	-304.3371276670753
937	-307.81491461858366
938	-298.8650662557806
939	-307.45064100583846
940	-308.7404716595705
941	-307.896065994094
942	-302.9015024766677
943	-307.6827803872568
944	-307.65748976444644
945	-309.2992122740593
946	-298.2718837170219
947	-308.0461803454275
948	-290.28713423194324
949	-309.26352977443884
950	-307.82415115827644
951	-308.7142128642005
952	-310.8414519707454
953	-308.1932556343278
954	-302.7862321046275
955	-305.14819233511076
956	-304.5057610252896
957	-310.8411420758058
958	-305.4082164836268
959	-296.9120552570006
960	-310.25014876274565
961	-312.1686180713022
962	-305.178160533033
963	-305.01700646807734
964	-302.53702633033544
965	-298.4646007644444
966	-301.9365164282324
967	-302.4520678860812
968	-301.9925646473106
969	-306.3025366566991
970	-303.68391718911
971	-305.83630625071265
972	-301.0083591420979
973	-300.44261948433
974	-307.20453522421934
975	-305.31578434445385
976	-309.41428945790784
977	-302.73874381797003
978	-299.8240748287877
979	-302.31236957535276
980	-299.562728421022
981	-306.57900012395555
982	-301.3616832186293
983	-303.18737126536263
984	-301.02564949312887
985	-303.2647802107276
986	-298.9437
987	-301.4986748457496
988	-300.01954526100457
989	-302.0221216520027
990	-302.72020000000003
991	-298.58663848377546
992	-309.58664963103547
993	-307.2205786384836
994	-306.7088189585461
995	-302.3736268971054
996	-308.21353850154276
997	-301.50072330808786
998	-308.4331521928459
999	-299.8005654047518
1000	-309.2005550038606
1001	-310.71753637151915
1002	-307.8364583393191
1003	-307.32080946572836
1004	-301.5604224343047
1005	-304.37380222506306
1006	-304.74909584860933
1007	-299.92703490062524
1008	-308.96290222134115
1009	-299.03425842480567
1010	-303.6781148424896
1011	-306.3188969210467
1012	-295.1371
1013	-306.1876064236752
1014	-303.1992756461543
1015	-306.5915432225722
1016	-305.46646219857075
1017	-302.38539128120044
1018	-296.3979500095891
1019	-303.12548646941275
1020	-300.726247526036
1021	-305.4192281284697
1022	-303.9826052714144
1023	-308.69457180987536
1024	-302.80632272893115
1025	-311.2878888870008
1026	-307.0559366047484
1027	-305.46275857962695
1028	-307.2390753045056
1029	-305.7768021763447
1030	-304.59386865785865
1031	-303.99444546535767
1032	-303.6956499512554
1033	-312.1072569151234
1034	-297.00501806802635
1035	-304.6917119471285
1036	-302.6031233225929
1037	-309.13925020762514
1038	-307.31676986026844
1039	-304.65502744467756
1040	-301.2841195897821
1041	-305.80654961990894
1042	-307.7019130540583
1043	-303.4736871571086
1044	-295.9301782343787
1045	-303.9714976869599
1046	-303.80244088909745
1047	-301.65285039693816
1048	-307.175278709404
1049	-303.5596999442862
1050	-301.1204538563537
1051	-305.81061799235925
1052	-300.93150855584344
1053	-304.493935126864
1054	-309.4905437472826
1055	-305.13233607934245
1056	-308.0935705923082
1057	-308.12640185715793
1058	-311.65525171268433
1059	-305.88689169014185
1060	-299.6896121986591
1061	-303.3044371998084
1062	-298.24189526601015
1063	-304.30281369602943
1064	-305.181007878856
1065	-310.21288192332815
1066	-310.38703049123706
1067	-302.03093157133617
1068	-302.1439701518941
1069	-301.80505474792335
1070	-299.7179267439055
1071	-302.5207766256792
1072	-308.0870145437342
1073	-302.6225418233573
1074	-305.9925984177012
1075	-307.650951042103
1076	-300.6845000044368
1077	-292.8573551733338
1078	-304.1274625565732
1079	-303.62148092392295
1080	-302.84131456663124
1081	-306.112343083763
1082	-306.3915282824197
1083	-307.81717055937514
1084	-306.3804125294917
1085	-303.1376310530802
1086	-305.25894529051163
1087	-308.6854227305096
1088	-296.83188057146293
1089	-305.4947590312442
1090	-308.8329513999376
1091	-302.3685068082162
1092	-301.0133205517945
1093	-301.85432138702646
1094	-300.81920989228234
1095	-305.82408591028
1096	-298.694950163862
1097	-298.3773212497017
1098	-303.8774682455487
1099	-302.7620882007652
1100	-296.6577384361753
1101	-300.8442758103236
1102	-305.51331452097855
1103	-302.45447414974245
1104	-306.7871220577871
1105	-302.8728055704736
1106	-298.33783048965626
1107	-302.70760886393737
1108	-309.11738237033916
1109	-303.63264974860635
1110	-305.0172982065857
1111	-303.5100992545412
1112	-307.29
1113	-306.27688693393765
1114	-307.3472993972796
1115	-304.47516882969444
1116	-302.84914804066767
1117	-305.9141437298779
1118	-301.0651000042913
1119	-305.3620417018066
1120	-301.08770299371844
1121	-308.49337934806897
1122	-305.53240647666127
1123	-300.8495539859469
1124	-304.47204442320646
1125	-304.54586562943683
1126	-305.2946213567947
1127	-301.45055534244887
1128	-306.28971842642665
1129	-303.7561322961611
1130	-301.82380000003093
1131	-297.30100004994813
1132	-302.95573456210957
1133	-304.0862481618324
1134	-299.03109897579003
1135	-299.8404082278989
1136	-301.2502658092214
1137	-304.45752544156085
1138	-306.4819980278263
1139	-305.4576348716629
1140	-310.2332540330185
1141	-305.82260526847745
1142	-304.566692163709
1143	-308.0141368555168
1144	-302.01886045458946
1145	-304.07933461102823
1146	-304.74180291254373
1147	-303.8961114937758
1148	-306.09425631314855
1149	-296.53768569758574
1150	-297.36924734837066
1151	-311.51328553717775
1152	-308.86336445790386
1153	-306.88239211522153
1154	-309.29243909049694
1155	-304.31345335391217
1156	-309.33220515884165
1157	-310.03071296136204
1158	-304.1122399273411
1159	-308.16052888389413
1160	-305.68571927147457
1161	-306.56283522967647
1162	-304.5511192171474
1163	-305.7855007598635
1164	-298.83187903322704
1165	-311.0658696696448
1166	-306.7389581835639
1167	-305.09597819523054
1168	-301.38889641803985
1169	-308.4888975424333
1170	-305.297438293777
1171	-299.8197688169162
1172	-304.8605644240577
1173	-295.2914284639699
1174	-301.4031549272108
1175	-305.5696869739477
1176	-305.41051317152306
1177	-301.4301536836142
1178	-308.1128923093221
1179	-301.6869763353066
1180	-306.92039769254745
1181	-309.24169439099506
1182	-304.85544226052065
1183	-303.1245085948805
1184	-303.90274468018663
1185	-302.985701959817
1186	-305.0019202578582
1187	-309.15413091115374
1188	-306.8268044778824
1189	-305.6494707982155
1190	-300.42818095535955
1191	-300.60742158568473
1192	-299.44272806017227
1193	-304.1200431416343
1194	-299.5600446880916
1195	-296.04671090748093
1196	-309.20268567312996
1197	-301.1549872729509
1198	-303.86389662691727
1199	-305.89075073249415
1200	-301.8564531428786
1201	-308.96746550111243
1202	-304.719692624115
1203	-300.8813609026565
1204	-304.5041009709606
1205	-299.1852463062279
1206	-309.885234507949
1207	-301.1119937060399
1208	-302.0521409851649
1209	-302.3625162784495
1210	-303.26154088865843
1211	-304.8553374645175
1212	-308.73972573317985
1213	-308.2950486767307
1214	-303.4267292113878
1215	-308.9371129611605
1216	-299.70960479476054
1217	-306.6379208781075
1218	-306.2518585348831
1219	-303.95929932048915
1220	-304.966400000027
1221	-300.54480357883386
1222	-304.01777356105634
1223	-301.5892006413445
1224	-302.30530304500337
1225	-297.0636911743477
1226	-304.14941514812216
1227	-304.44598899586185
1228	-297.4095033760984
1229	-301.36900171440163
1230	-297.6573582431037
1231	-304.439310019654
1232	-302.51112267118845
1233	-301.0492228554884
1234	-304.0715980167913
1235	-302.62927188107494
1236	-303.90745622086695
1237	-302.3612610372892
1238	-302.3930400355766
1239	-300.10560560429514
1240	-302.3827266188964
1241	-301.85908125050724
1242	-301.7431986321775
1243	-305.1739825513961
1244	-307.9629874650368
1245	-303.4569571588923
1246	-304.5679485646845
1247	-300.01727788441025
1248	-301.77614494316356
1249	-301.22635916341005
1250	-301.9313321841187
1251	-304.3687102003333
1252	-298.95930000000004
1253	-297.8343591767979
1254	-303.79894719788683
1255	-303.1533383969329
1256	-303.11621474924357
1257	-301.26470629777435
1258	-306.0034123686107
1259	-305.14004699168436
1260	-302.40554067306186
1261	-300.36082128199405
1262	-306.49530208334784
1263	-299.7378320400857
1264	-306.5303416733605
1265	-308.1254407474931
1266	-304.44930851019177
1267	-310.41670857479784
1268	-304.8314867237559
1269	-305.54702499667616
1270	-306.64562296801535
1271	-303.1419540260046
1272	-310.1203425308115
1273	-301.88976143129184
1274	-302.74128179710107
1275	-301.95204538194065
1276	-305.96433774979647
1277	-298.52918323270893
1278	-306.98061784434356
1279	-300.58127135307836
1280	-305.2303838119932
1281	-305.3751937735579
1282	-304.5286517437111
1283	-292.9114705379571
1284	-307.0526232134911
1285	-307.36838487157655
1286	-308.0901300487051
1287	-302.76532591993384
1288	-306.1018859344627
1289	-295.6331435798851
1290	-306.32433576234666
1291	-305.02347206128
1292	-304.88616684944805
1293	-303.01463313266646
1294	-307.6309538693354
1295	-304.63574402846103
1296	-305.07607131118334
1297	-301.7084714567697
1298	-305.61738003799013
1299	-305.5699340724925
1300	-305.5628895000775
1301	-301.307889597945
1302	-299.5420811786733
1303	-305.42549623990607
1304	-303.4271828120147
1305	-300.68561599478824
1306	-301.1516328262523
1307	-303.2264822221554
1308	-310.89676082714243
1309	-302.88266268650057
1310	-300.51291127111676
1311	-298.78796753174504
1312	-302.42988882895435
1313	-309.5581284512465
1314	-303.0426914296449
1315	-299.352579722401
1316	-305.921510495083
1317	-297.5888595704157
1318	-296.6762116783583
1319	-297.3514014027364
1320	-305.55373892631343
1321	-302.9154081997196
1322	-302.7323428033851
1323	-302.79877953892543
1324	-305.37341424476557
1325	-296.7436558955996
1326	-307.03403161010215
1327	-298.97538311820495
1328	-304.73011721724004
1329	-304.7483701670183
1330	-299.8534316246285
1331	-302.3187472489063
1332	-304.65690100169496
1333	-304.02218980784176
1334	-300.6545273901725
1335	-298.9981314798027
1336	-305.3357045488579
1337	-295.84306163785664
1338	-300.4587444764422
1339	-297.0296164660213
1340	-306.30584292242594
1341	-305.9011866075683
1342	-299.2574584108105
1343	-302.5946310747213
1344	-300.12374888323774
1345	-297.1536785623618
1346	-301.5327827986885
1347	-302.4514922368104
1348	-304.9743608556543
1349	-295.6862971075581
1350	-299.7392610770562
1351	-304.14696608358776
1352	-304.3071982715993
1353	-297.33960097873205
1354	-301.37899910876433
1355	-303.51449061591086
1356	-303.40491204132
1357	-310.48877982466246
1358	-290.78194062057145
1359	-302.96431860983876
1360	-299.8144472304815
1361	-303.8923891077902
1362	-309.6337218065636
1363	-303.5308298048989
1364	-301.41301647669604
1365	-302.1376765113998
1366	-306.07432504893404
1367	-306.86860515358404
1368	-308.9317067102707
1369	-302.93308935674713
1370	-300.83057186265347
1371	-300.6444500134653
1372	-303.81094012273263
1373	-306.1306329026098
1374	-308.54202837291604
1375	-295.16044342595063
1376	-305.2937773098521
1377	-297.5666289299604
1378	-306.5050000202059
1379	-306.2903746885417
1380	-310.96936088216535
1381	-307.6421763995873
1382	-305.03446997425175
1383	-305.62869930705153
1384	-308.1604821513661
1385	-305.642500373817
1386	-304.91923865289704
1387	-305.0527456594441
1388	-308.8474505603627
1389	-303.05614156734305
1390	-302.9630209377139
1391	-298.8173261778295
1392	-304.6523609101825
1393	-300.72771486925194
1394	-302.96052684463444
1395	-298.4557479923974
1396	-310.72241887520664
1397	-312.80392852081894
1398	-306.10558214979545
1399	-297.6341152363187
1400	-301.0447652094824
1401	-300.24890000000016
1402	-304.3937774436159
1403	-312.6638518475769
1404	-301.00630309927476
1405	-306.01500743361055
1406	-299.13087025915746
1407	-304.0083983836521
1408	-297.9351692309637
1409	-305.4181894652098
1410	-297.19097991598954
1411	-302.84802548380776
1412	-301.9657250828931
1413	-300.4794934006408
1414	-309.13816121064974
1415	-304.5113599993785
1416	-300.95187639398154
1417	-305.4914691564723
1418	-301.8139426434338
1419	-303.5210117159359
1420	-298.48318524129775
1421	-293.6813242339774
1422	-301.3139250747857
1423	-300.726403224311
1424	-301.65022550954103
1425	-306.11669956195817
1426	-306.20747785883344
1427	-306.3448609514858
1428	-302.3681112830895
1429	-300.34770271635455
1430	-304.9022866585217
1431	-300.44908867234807
1432	-303.69272271766545
1433	-308.5301421590619
1434	-304.16167860208645
1435	-306.89732851254627
1436	-302.6501046859704
1437	-308.99300203288703
1438	-303.61545313688043
1439	-304.92890194514075
1440	-306.3621286029965
1441	-304.6939223593109
1442	-294.7210248623625
1443	-301.38774581924065
1444	-298.15347908515986
1445	-296.61624145781275
1446	-307.6014832693888
1447	-306.0232800112666
1448	-299.2011000181517
1449	-301.5682016716428
1450	-301.76151806286634
1451	-296.21746103347937
1452	-300.6608690493787
1453	-298.5766000000002
1454	-305.48266055875126
1455	-303.68530074932636
1456	-299.60248165654616
1457	-306.96495214527255
1458	-299.8643469494947
1459	-300.7719762990439
1460	-301.7854
1461	-303.6810531399195
1462	-300.28072481656136
1463	-304.8427566404608
1464	-305.3046065309858
1465	-305.5632022797222
1466	-301.20924096940195
1467	-299.82883160225225
1468	-301.9221703196252
1469	-303.50013911301454
1470	-308.6758096730471
1471	-308.6759331882762
1472	-301.43359939583496
1473	-301.3332516187316
1474	-299.1658326668376
1475	-303.99143223717937
1476	-304.2423581169282
1477	-303.83953274571707
1478	-301.29941192385604
1479	-293.14969475869435
1480	-303.11205788665853
1481	-305.10193778806985
1482	-295.21764602065383
1483	-300.06420502952983
1484	-305.23288821250907
1485	-307.01563444880173
1486	-305.9950721133411
1487	-303.5019297744737
1488	-308.2498282710097
1489	-306.5628560781341
1490	-305.6656696658142
1491	-299.1621873653012
1492	-304.1999591822264
1493	-301.2560054664261
1494	-301.6421066138104
1495	-298.2950678621776
1496	-301.5087902647454
1497	-300.1222658062097
1498	-301.10069788261035
1499	-306.13301374230485
1500	-300.7768343754081
1501	-300.5241169892324
1502	-303.64225780475397
1503	-303.9912113028961
1504	-307.1312123818701
1505	-301.06954213600204
1506	-305.59844052435665
1507	-299.8981
1508	-298.07014140983546
1509	-305.48486504391497
1510	-300.17990000001373
1511	-301.1100275068732
1512	-306.7809393729625
1513	-305.36596501587053
1514	-303.8974039950442
1515	-306.4891972456929
1516	-300.5345788637006
1517	-300.9890984502586
1518	-300.53050582891666
1519	-309.027467752085
1520	-297.2815339661295
1521	-303.8352284688053
1522	-299.23994965504284
1523	-299.3244
1524	-304.5511881781724
1525	-298.86276142569585
1526	-307.7262945559593
1527	-303.76259625440537
1528	-302.4382859675333
1529	-304.42393178515897
1530	-303.7753236667272
1531	-298.6348415363918
1532	-303.2239593807751
1533	-308.9423753858378
1534	-304.4630674565437
1535	-307.5512317423151
1536	-304.742740206017
1537	-307.6493707790707
1538	-305.16715682739556
1539	-301.1163577467128
1540	-300.9690849683886
1541	-299.01230316656165
1542	-301.93658580432793
1543	-312.8415275521021
1544	-301.91512007907227
1545	-304.0143198327533
1546	-295.94695833830315
1547	-303.11592433713326
1548	-303.82103852923854
1549	-306.7815269794251
1550	-307.6592022273947
1551	-300.1179790848098
1552	-304.8981815447393
1553	-303.62224321748647
1554	-305.3088631547152
1555	-305.61945548312184
1556	-294.59079121897776
1557	-300.75070155241775
1558	-307.0522036638478
1559	-303.2457
1560	-302.6909442900194
1561	-295.78547173463033
1562	-302.8090070011564
1563	-299.38986227422015
1564	-303.61315114878283
1565	-306.2092797762231
1566	-303.8506170137183
1567	-301.7919385117561
1568	-308.0424472215314
1569	-305.9974195935321
1570	-303.1477804648377
1571	-300.1923390502643
1572	-302.66887319991554
1573	-299.07578060891734
1574	-307.52124996755504
1575	-304.5879823969807
1576	-303.9365220921907
1577	-294.1937060956547
1578	-294.01679169274877
1579	-300.4143351821225
1580	-300.9726559491236
1581	-304.46873323296313
1582	-302.36056333426217
1583	-299.99505306315086
1584	-296.62610425741565
1585	-303.2833843748224
1586	-300.06848105561295
1587	-300.46881354776195
1588	-303.47892803956734
1589	-303.5291493149566
1590	-298.44457690610994
1591	-300.1875752900532
1592	-300.9982627802524
1593	-303.09295052063504
1594	-299.6993523768767
1595	-298.43928899922054
1596	-302.34666841280557
1597	-301.493756062775
1598	-303.40268869126584
1599	-302.520484243598
1600	-304.3797732480863
1601	-302.5595730380084
1602	-307.170786725608
1603	-295.7871468053033
1604	-300.4284307536967
1605	-296.001743877737
1606	-293.69548308697256
1607	-307.5588719145276
1608	-307.32509040251443
1609	-302.9343015680949
1610	-304.895200518432
1611	-306.70236799032864
1612	-303.6301215284767
1613	-306.9905599048663
1614	-300.6631019959354
1615	-302.62541067804375
1616	-299.7038994330359
1617	-304.2987650230483
1618	-304.7461426292888
1619	-303.75108482808076
1620	-300.01656889713774
1621	-294.2208198471306
1622	-302.02304648737163
1623	-304.1221661725335
1624	-306.96115588712775
1625	-304.27480533853003
1626	-305.2480412064088
1627	-301.56658147448985
1628	-303.951384323469
1629	-307.10755355680953
1630	-302.01304244814105
1631	-302.28607268800613
1632	-306.05818269069
1633	-306.3509486257897
1634	-300.5056382817201
1635	-298.78852218208857
1636	-302.8401000028883
1637	-299.053983521639
1638	-308.89081996449374
1639	-307.1915033610876
1640	-305.09590923476406
1641	-303.6854394232254
1642	-302.4478391697121
1643	-303.71764074910027
1644	-300.96806888931087
1645	-302.01795741431573
1646	-302.081197958633
1647	-301.02090000008303
1648	-302.6816959006363
1649	-307.12778917187546
1650	-305.17042753421356
1651	-305.06862826558677
1652	-300.8297172193098
1653	-302.46747890733985
1654	-304.8499826484683
1655	-299.2083131252758
1656	-299.9191047257059
1657	-305.9306458284468
1658	-299.1377934817901
1659	-297.47099337459423
1660	-304.6894
1661	-297.436244747628
1662	-294.8724252215097
1663	-301.7528039286874
1664	-303.9685212630816
1665	-301.7780749794942
1666	-294.53615442290965
1667	-301.01
1668	-302.92906630592955
1669	-308.0410522707648
1670	-303.9098040091559
1671	-300.636189078335
1672	-302.98894150108737
1673	-303.86335999593354
1674	-304.1340266112959
1675	-304.971380878548
1676	-298.4038994016339
1677	-304.2049480458276
1678	-301.0140018277259
1679	-299.41323239908803
1680	-300.75351694647753
1681	-303.51868327012835
1682	-302.70244984434413
1683	-305.3140423965621
1684	-302.05104964352824
1685	-301.85661488725543
1686	-306.3087658712011
1687	-306.00026855134166
1688	-302.26394472598435
1689	-309.61020563034657
1690	-306.05192300876786
1691	-311.5195795355311
1692	-307.57284917052334
1693	-303.8721344603382
1694	-308.61168216747313
1695	-304.34927132681486
1696	-301.24872031280285
1697	-305.00051367145926
1698	-304.32614973555775
1699	-310.245676219956
1700	-303.6641429767747
1701	-303.6039003151739
1702	-308.15579959600177
1703	-302.94263061414034
1704	-295.2384542705135
1705	-301.86291520457064
1706	-301.947372205497
1707	-305.9291868515319
1708	-303.03970000083444
1709	-303.3820202529943
1710	-300.9115748048361
1711	-301.8032853523114
1712	-305.5933333312792
1713	-306.23906206740304
1714	-304.08095460447726
1715	-306.0621003646207
1716	-308.18089802736216
1717	-302.4434473519095
1718	-302.89063712929584
1719	-298.27266007707624
1720	-305.7070495637858
1721	-305.16506928153734
1722	-307.86576861438834
1723	-304.35036576550914
1724	-306.89414117896894
1725	-305.41749040934013
1726	-303.634572445009
1727	-300.05543585673405
1728	-304.1053239182566
1729	-298.17694740428453
1730	-302.4029804788358
1731	-302.7271858162612
1732	-301.840549622186
1733	-299.0614670669083
1734	-300.2524162160389
1735	-300.2772201000693
1736	-300.17803348885064
1737	-301.63940189859215
1738	-302.61068465773104
1739	-301.5451867106785
1740	-301.19210209154215
1741	-308.1862627751723
1742	-294.55664361730726
1743	-298.1170295410967
1744	-303.04802313584463
1745	-304.01396175629196
1746	-301.5727796070667
1747	-300.6805545815634
1748	-296.1656911972351
1749	-301.81529525128195
1750	-304.63986365014057
1751	-301.4648018752016
1752	-300.82047025386703
1753	-307.71422352198357
1754	-303.40069039859003
1755	-298.93601108933615
1756	-305.7523321388818
1757	-306.6195107909431
1758	-306.9287343274328
1759	-308.8486449802044
1760	-303.05600000251445
1761	-296.5499685399078
1762	-306.44078983596626
1763	-305.0628833686976
1764	-303.63662145248065
1765	-302.06160000000347
1766	-299.897963666328
1767	-298.9989337657552
1768	-301.2744
1769	-304.12935301429053
1770	-300.97360809899425
1771	-295.7921769449214
1772	-297.4995789317775
1773	-304.0350562298737
1774	-308.01150888335036
1775	-306.02579261387007
1776	-313.3395613682656
1777	-300.64536777143496
1778	-307.3889535115317
1779	-305.5908351497388
1780	-308.1243529282616
1781	-304.82604417410045
1782	-301.80927943730535
1783	-308.5448459877081
1784	-297.45973472289285
1785	-307.7022123028615
1786	-300.0724816067311
1787	-303.76541117729414
1788	-309.80826845478197
1789	-304.35720872764017
1790	-295.1658834441469
1791	-299.4366770743818
1792	-301.150991077618
1793	-297.1038048749834
1794	-305.22428299072135
1795	-301.25268486048884
1796	-309.00585443284757
1797	-304.4835050343769
1798	-300.34517282669947
1799	-299.56435004792985
1800	-303.3687127778702
1801	-304.62755129895714
1802	-301.5056067257648
1803	-301.2835695484588
1804	-296.4491378535712
1805	-305.9482989970336
1806	-305.66602175911083
1807	-299.89354014143805
1808	-309.6582729782147
1809	-303.23272078468017
1810	-301.41089087088113
1811	-302.51917303093086
1812	-298.7571923948447
1813	-299.93188972883615
1814	-307.0733584186353
1815	-298.6556000000001
1816	-298.516787893453
1817	-300.4811000000001
1818	-304.26204838375867
1819	-303.060681931406
1820	-303.35281129818986
1821	-297.92739242587805
1822	-297.5953831235034
1823	-297.0163428546602
1824	-301.5067242387964
1825	-308.5869910924064
1826	-300.42758970857636
1827	-308.16743261398875
1828	-299.2386010781385
1829	-303.225479617295
1830	-303.0634060127488
1831	-312.2030578088798
1832	-307.9442847943204
1833	-305.54412343570505
1834	-310.0743999283548
1835	-304.70278210647666
1836	-304.9197321302251
1837	-301.9342576261561
1838	-303.54106799622576
1839	-299.5682912370444
1840	-308.16523890152723
1841	-303.7039781454697
1842	-303.16177499088235
1843	-306.77184653739926
1844	-304.21734197507266
1845	-305.67730421297176
1846	-300.35290933836563
1847	-307.38957459585333
1848	-301.7837548520766
1849	-300.69241382695844
1850	-306.95757340914315
1851	-300.6750874586307
1852	-305.90946370571976
1853	-309.4325216257373
1854	-300.23431404367875
1855	-299.9281195373782
1856	-304.72058281675857
1857	-303.4239206920908
1858	-306.71740602873905
1859	-300.43801949656444
1860	-310.2675664723047
1861	-298.06983398695246
1862	-302.4140958057885
1863	-299.79186655770746
1864	-301.83081335005534
1865	-301.58339756493996
1866	-311.1449955730438
1867	-307.68693123950897
1868	-305.1230416993375
1869	-302.62324310857065
1870	-304.571064489306
1871	-309.9389013933747
1872	-309.1407281876483
1873	-304.9270609079997
1874	-307.9723817205987
1875	-304.75174415500555
1876	-305.8946515032116
1877	-301.59538712211327
1878	-303.65990042135263
1879	-301.7689636691116
1880	-305.33340112637785
1881	-299.84922918283894
1882	-303.99901206036157
1883	-303.09790963028667
1884	-303.3725890813966
1885	-301.0987149946762
1886	-302.5092104379739
1887	-305.7879098418046
1888	-298.740237506946
1889	-308.3737618759091
1890	-311.8661172591361
1891	-309.01986018659215
1892	-301.14610129944646
1893	-305.867402994191
1894	-295.60270622440595
1895	-306.0533994010656
1896	-302.01626629130976
1897	-300.6834894540917
1898	-296.72847465058015
1899	-304.2144990079643
1900	-300.22268734672093
1901	-299.8086725324266
1902	-307.9074913229057
1903	-305.2748124965364
1904	-300.59396267534646
1905	-309.25377038379486
1906	-297.6773015281482
1907	-307.3092178087004
1908	-300.69357828919357
1909	-302.8918898677981
1910	-305.75328523211897
1911	-308.0827016083108
1912	-303.935652842028
1913	-306.6851255299361
1914	-304.7168585340921
1915	-311.13581955795627
1916	-310.0322576858869
1917	-304.2217569746747
1918	-308.20844320906104
1919	-306.57060733933986
1920	-307.6312793594623
1921	-303.50556331345683
1922	-304.35319409352155
1923	-300.21273455340486
1924	-302.68341970685003
1925	-305.49292593364464
1926	-306.23427183894654
1927	-300.72315554073344
1928	-305.9261195387037
1929	-297.4979009937728
1930	-306.9018914182071
1931	-310.9793171662179
1932	-298.32290000000006
1933	-308.3177994069656
1934	-301.2435336800481
1935	-304.8572825155371
1936	-304.7241452668171
1937	-308.57144466676243
1938	-305.41655438281083
1939	-306.2268386777383
1940	-304.836657736399
1941	-302.50792883216076
1942	-305.3363970680874
1943	-303.1323887705929
1944	-304.2997872446953
1945	-303.0701905089036
1946	-305.48175113028356
1947	-297.96341941056164
1948	-301.6590512873973
1949	-300.4615683261921
1950	-303.03853398662267
1951	-302.800308662819
1952	-299.03596560042405
1953	-301.04112618894334
1954	-306.41049475107474
1955	-303.1782595126717
1956	-300.11760757327283
1957	-302.4552747857257
1958	-306.90671469217983
1959	-305.8762047369761
1960	-301.88830000037717
1961	-299.4125695179115
1962	-308.00936409777495
1963	-295.36000095126514
1964	-303.28827624593055
1965	-301.71716536350203
1966	-310.9944812441026
1967	-300.20286934045805
1968	-297.8562251818141
1969	-305.1028009561922
1970	-298.5624979504435
1971	-306.46145104055597
1972	-297.5388470482265
1973	-302.87341176806495
1974	-302.55897385523775
1975	-304.13499149294944
1976	-309.49951095505645
1977	-302.99684436651876
1978	-310.03642204322813
1979	-304.1975048270084
1980	-304.8371101305546
1981	-299.93386561227913
1982	-307.27922023307104
1983	-305.53976025501646
1984	-305.66357525864606
1985	-302.60446932878153
1986	-305.21652878847567
1987	-301.7290670698557
1988	-303.6397001985116
1989	-308.6241070299957
1990	-303.7264982612379
1991	-306.7663852669081
1992	-304.3666390134513
1993	-300.85695460520196
1994	-296.8039130682435
1995	-299.7013737983737
1996	-302.04303238909074
1997	-307.63325603857425
1998	-309.00263963129737
1999	-304.625350344745
2000	-308.20280840147683
2001	-299.3040093914145
2002	-305.86940431080353
2003	-300.50913374121853
2004	-302.89032632022764
2005	-301.6995940777868
2006	-309.59313530857236
2007	-308.7867783355031
2008	-304.4440254152862
2009	-304.74789499829495
2010	-303.1201777137065
2011	-306.85416711442645
2012	-299.0757296862645
2013	-300.22631631155474
2014	-304.63219345718994
2015	-308.42875580363517
2016	-305.7210240672121
2017	-304.95418473156263
2018	-303.74071172114014
2019	-308.7181290247487
2020	-305.2667595040932
2021	-306.7172481197494
2022	-306.6103368850723
2023	-305.28133322101405
2024	-308.185634145534
2025	-307.5318198663409
2026	-301.1273345052635
2027	-297.03105335493814
2028	-306.7192667158559
2029	-306.7800378873373
2030	-299.1322140223398
2031	-309.4156373457038
2032	-308.7058993131158
2033	-299.38057101075646
2034	-305.8701264697996
2035	-304.76922705300046
2036	-302.22539841429784
2037	-301.2548930835214
2038	-305.78437707499546
2039	-304.8791260823284
2040	-309.8479281383154
2041	-303.52927354558693
2042	-308.3464766778434
2043	-307.12740123431774
2044	-308.5415981879263
2045	-294.6397050977422
2046	-305.62497286207144
2047	-292.6061521851313
2048	-307.16933791627434
2049	-306.51948498601774
2050	-303.6929764313458
2051	-309.403853594477
2052	-301.02591256861916
2053	-294.8780000213549
2054	-298.1485002214817
2055	-304.37477311467813
2056	-312.9634912635679
2057	-302.4088902753815
2058	-308.8418691093972
2059	-299.40615061480764
2060	-306.8458249697385
2061	-305.9719437813768
2062	-301.84425020915575
2063	-301.2066644579494
2064	-306.5919325613634
2065	-303.7874008728156
2066	-304.56334095109895
2067	-302.5103170253335
2068	-307.9606795523881
2069	-301.6061900134486
2070	-306.05811636640493
2071	-302.1278132794659
2072	-305.76316779311435
2073	-304.08520717581627
2074	-307.088466009748
2075	-303.7600423618309
2076	-306.41128932102475
2077	-302.6114844786159
2078	-311.84908626632955
2079	-306.3434818231875
2080	-302.2666114453069
2081	-306.7085564237239
2082	-301.65387867841514
2083	-301.32238836673787
2084	-296.13614228927577
2085	-295.28160751799953
2086	-300.655320860994
2087	-295.7483395178615
2088	-300.89511135286256
2089	-298.1849638293388
2090	-305.2613322159725
2091	-304.5636444194768
2092	-306.33337523744837
2093	-302.5160515831062
2094	-308.6509493035272
2095	-300.80508255276834
2096	-303.7592041787954
2097	-307.3595130414242
2098	-308.63292183417974
2099	-303.64257856858933
2100	-297.0581209061422
2101	-309.9185464235246
2102	-296.62580711077953
2103	-309.8593559156722
2104	-308.61041884349845
2105	-308.8957124893776
2106	-307.9290768868118
2107	-302.44014568965787
2108	-310.0110095468426
2109	-304.3596590980283
2110	-302.0905679085708
2111	-310.67442366776015
2112	-306.3209788983165
2113	-305.780778407435
2114	-299.3431355552822
2115	-296.39752187773877
2116	-309.66860000002623
2117	-302.9360049175547
2118	-299.5441305696524
2119	-300.13488171513603
2120	-305.7521406918806
2121	-305.66233499014743
2122	-304.694356342433
2123	-306.1041212296261
2124	-308.5686906180202
2125	-306.835862331687
2126	-307.20272744605103
2127	-306.9817702679033
2128	-311.58750186493484
2129	-305.65483418597665
2130	-303.1524719849553
2131	-302.13520246543595
2132	-306.7805169259711
2133	-297.1477959184597
2134	-302.062378652822
2135	-299.51220053748517
2136	-304.6020470286411
2137	-297.864308870002
2138	-308.03164168744104
2139	-309.75373506525096
2140	-308.4099696190823
2141	-307.312939765721
2142	-309.0429126256029
2143	-304.16982949156784
2144	-302.34289742403615
2145	-307.13787201517493
2146	-303.5796263065781
2147	-312.8333958103388
2148	-306.7239717791005
2149	-305.94048724965137
2150	-303.3802010691426
2151	-306.94094692702345
2152	-304.320980972416
2153	-303.5950879924849
2154	-309.1644726370171
2155	-303.51987095487317
2156	-312.1234527409661
2157	-300.5251333959891
2158	-305.9206728954007
2159	-302.8789123169121
2160	-306.2115259125554
2161	-304.3440201297461
2162	-304.39252460524375
2163	-302.34471379184544
2164	-309.6564812295622
2165	-289.13099150325905
2166	-302.10059401230177
2167	-303.23892501521317
2168	-301.296148107762
2169	-304.16249775681996
2170	-299.8245479842864
2171	-306.68764775183246
2172	-307.58623960014086
2173	-304.13011955217814
2174	-305.2152580805723
2175	-303.2457858577873
2176	-293.375363651747
2177	-310.37062084561796
2178	-300.1631352518358
2179	-302.61566062165724
2180	-296.87565211782004
2181	-296.7816269140205
2182	-292.53851036232993
2183	-307.1359208780853
2184	-303.73639840058195
2185	-300.92541269832833
2186	-300.70896232573443
2187	-306.2129490460504
2188	-306.9939303469088
2189	-307.5288221731036
2190	-301.64677068346856
2191	-296.31891755601623
2192	-300.2046020788762
2193	-301.8458954618858
2194	-304.98090000007113
2195	-300.2633063674241
2196	-297.5277244912426
2197	-309.4426838014514
2198	-301.30524625580495
2199	-303.20100761972833
2200	-310.0325128123631
2201	-306.0254156725246
2202	-297.2502000024151
2203	-304.4882100458674
2204	-307.99556173419313
2205	-304.1435728195088
2206	-301.99590128951957
2207	-303.52673780826535
2208	-303.7028561740913
2209	-306.0623350923783
2210	-301.05701128963875
2211	-304.34540912138607
2212	-309.90654824125676
2213	-307.22557579352673
2214	-301.9713167485423
2215	-311.54812612719456
2216	-301.4945842377054
2217	-306.5391691889981
2218	-305.4207731527863
2219	-300.4176955289311
2220	-310.8504040908239
2221	-302.4392138225833
2222	-308.0515376875403
2223	-305.0381401990274
2224	-303.71385279378893
2225	-307.7041097033818
2226	-303.5679909191267
2227	-306.4323732374123
2228	-305.8149311116475
2229	-311.1003240381552
2230	-306.14071634163
2231	-306.19164455648007
2232	-299.887941208282
2233	-303.6099643807994
2234	-307.87278700191166
2235	-305.33357138596
2236	-306.31835543431515
2237	-301.28226954455744
2238	-306.7795419638615
2239	-301.0362049821771
2240	-307.70545863492094
2241	-303.0086802111635
2242	-297.6295730945945
2243	-299.3713953596945
2244	-299.33727637756476
2245	-304.62434389929393
2246	-306.23124983709334
2247	-299.8660853038085
2248	-298.31189620240986
2249	-308.65481043725504
2250	-303.5217810488775
2251	-306.3117946293891
2252	-300.7975264449645
2253	-303.6183134389811
2254	-301.76521553851086
2255	-305.8896212974282
2256	-306.2379652138801
2257	-307.1433628341464
2258	-302.73182421474365
2259	-304.18760173029915
2260	-307.86072197760456
2261	-309.2991004477851
2262	-311.39733190475425
2263	-308.61587750441856
2264	-307.72853429243537
2265	-301.8322356888601
2266	-303.194626557954
2267	-306.00603793766396
2268	-297.8171781304818
2269	-304.80226167310053
2270	-308.8406055428103
2271	-299.71405502519355
2272	-303.1003843389097
2273	-296.84096878879865
2274	-301.9940608259124
2275	-310.4398112572549
2276	-308.56306235581604
2277	-305.76783782836884
2278	-305.63367256447975
2279	-307.28024274557504
2280	-300.0252142013902
2281	-308.96145720154516
2282	-305.19467940715367
2283	-302.80583796088484
2284	-307.3942134055337
2285	-301.001518042272
2286	-314.62880774615064
2287	-307.5752626087634
2288	-303.4640633308016
2289	-313.9096153301707
2290	-304.88683563960916
2291	-308.6489495914307
2292	-308.5252871659134
2293	-302.45391178486966
2294	-308.67509007607526
2295	-305.5885691151873
2296	-305.7299389142366
2297	-296.08493966270925
2298	-307.1774245621685
2299	-307.81287264526594
2300	-305.97997597639426
2301	-306.35512594942
2302	-315.9594107214855
2303	-306.42192543344777
2304	-307.4928019984715
2305	-310.02079479265666
2306	-306.3237962789645
2307	-306.55901364397357
2308	-309.47487585804464
2309	-304.4070431765681
2310	-299.69934475125655
2311	-306.1747047659522
2312	-307.078357485215
2313	-305.78303266654854
2314	-307.13814497344316
2315	-301.82215012828334
2316	-308.63699496163906
2317	-301.08956714331015
2318	-308.536357816349
2319	-307.3979370588453
2320	-310.0064772645808
2321	-307.6743582718842
2322	-296.2909160989616
2323	-301.4991811996544
2324	-307.80243014042634
2325	-302.9067420086452
2326	-294.6394989233085
2327	-302.70519848420065
2328	-303.63644433416647
2329	-309.1581770990793
2330	-310.43435128536936
2331	-308.3015107894707
2332	-299.52609804171243
2333	-308.08567752512465
2334	-306.4954952618561
2335	-307.50689171674793
2336	-300.4900849825193
2337	-308.53525506065137
2338	-297.23557652312945
2339	-292.88245335718557
2340	-298.19558414766504
2341	-306.5407135910863
2342	-308.6178954989172
2343	-308.2965685309188
2344	-302.36873849377747
2345	-313.38919247187664
2346	-304.67648252584917
2347	-305.08178146237213
2348	-310.39396319580493
2349	-309.9964180405316
2350	-301.17413486163923
2351	-299.83388765668485
2352	-309.10396697855987
2353	-306.04685105702265
2354	-314.7375361791374
2355	-303.0423307660624
2356	-296.2535975873547
2357	-302.10403919852183
2358	-301.3081852040024
2359	-305.35439577295705
2360	-308.1435323807884
2361	-301.0428680832962
2362	-298.2862117722776
2363	-305.4636879100468
2364	-309.7814565372734
2365	-307.47411106753225
2366	-306.3533130706798
2367	-303.97806526985227
2368	-303.944417262787
2369	-308.002046414493
2370	-302.22029584294927
2371	-306.475707613948
2372	-308.11261872043855
2373	-302.5735863693805
2374	-304.0476179502325
2375	-307.75908617819954
2376	-307.5016342372872
2377	-301.36686658218645
2378	-308.4749749685471
2379	-308.5439574177171
2380	-303.6342579611615
2381	-307.64545250620466
2382	-298.4385853974211
2383	-303.0609694231515
2384	-303.85841173240266
2385	-305.2730059475769
2386	-313.6448200091575
2387	-312.04763687880177
2388	-307.2001808819515
2389	-302.77928881038184
2390	-301.53784208145765
2391	-306.62162734959975
2392	-303.887038509883
2393	-309.1341383303976
2394	-305.35415755697574
2395	-306.0862452924882
2396	-307.7718744594986
2397	-308.86018672963604
2398	-308.7778945639297
2399	-301.0710447806861
2400	-305.85763256923207
2401	-302.1983462835396
2402	-311.6896129420568
2403	-302.58435179827137
2404	-304.3086730181339
2405	-308.0699889672434
2406	-307.3877703529768
2407	-303.8118831919411
2408	-305.1452023193058
2409	-305.62520186095713
2410	-303.3804426869899
2411	-308.54067252358465
2412	-309.3806286396841
2413	-305.2854791223232
2414	-303.3122083769753
2415	-308.8366878870835
2416	-308.2996670008735
2417	-307.61766413459145
2418	-299.9959339122726
2419	-310.82243004302893
2420	-304.50752211372287
2421	-304.82084272168123
2422	-299.31445324821766
2423	-306.3444000406963
2424	-303.0423288793982
2425	-302.2345563919617
2426	-302.68256848177526
2427	-303.0418662623914
2428	-300.45661303789353
2429	-307.04380721719946
2430	-307.7694870895679
2431	-301.501205158158
2432	-306.75333000592866
2433	-306.17533122213257
2434	-302.3410844558282
2435	-304.61259504798244
2436	-307.83658026522306
2437	-307.65249664135854
2438	-306.26719062518504
2439	-309.48369911641424
2440	-304.7270848379032
2441	-307.2938738255409
2442	-303.50070781392367
2443	-302.72902178477193
2444	-303.32800878394005
2445	-304.1360718702172
2446	-303.02335168691036
2447	-306.18210228101316
2448	-304.9809516437638
2449	-308.7694145201947
2450	-306.11171352884253
2451	-301.9062253124256
2452	-300.85030000000006
2453	-304.48343483582585
2454	-302.92660399527284
2455	-302.9630055043617
2456	-299.89233181437646
2457	-303.22640289402
2458	-307.24387848416706
2459	-304.6109920494368
2460	-301.9112624177681
2461	-308.90664616802934
2462	-301.20959682444607
2463	-304.6062283180769
2464	-297.7540019817643
2465	-304.90504847661157
2466	-303.55698464884216
2467	-306.0796955621997
2468	-303.4460621169016
2469	-301.37630000004395
2470	-303.94969159681455
2471	-300.9865572145853
2472	-302.8253568171628
2473	-304.34175169199966
2474	-303.3170031874295
2475	-304.5629763256
2476	-309.8083668664104
2477	-302.4975548098342
2478	-307.1603806573978
2479	-310.72579603260164
2480	-301.894725761679
2481	-304.0306811181134
2482	-299.76212657813255
2483	-302.9544527741981
2484	-309.33034776564
2485	-300.43193629726187
2486	-298.55161795390126
2487	-300.25896968159094
2488	-302.04507560552514
2489	-302.85090563190244
2490	-296.6589000073888
2491	-304.48010842439135
2492	-303.4231805626058
2493	-303.97946552414766
2494	-298.14688571471925
2495	-306.1413644994669
2496	-302.3371420531118
2497	-306.11372865732324
2498	-301.352467446424
2499	-302.31117480573437
2500	-308.2612686871689
