1	-311.8243500227293
2	-305.98961764278584
3	-302.16987926020204
4	-305.0002457706809
5	-304.92434943056224
6	-306.16980320369834
7	-298.25735380906184
8	-309.1546152978709
9	-303.80064287348966
10	-305.2751837582877
11	-306.95536538963086
12	-308.49345132839005
13	-307.1173201997404
14	-311.1303040110946
15	-307.04279276798246
16	-308.1112790281962
17	-311.83287787918425
18	-302.31518310228506
19	-303.81799907653124
20	-303.5076339505003
21	-306.22386880131955
22	-302.04775950744767
23	-302.17450750288873
24	-309.4091500162
25	-307.7528814967591
26	-309.18183761985483
27	-308.06501518955866
28	-301.79131484215947
29	-302.5387898061946
30	-305.08863298499176
31	-310.05060745123575
32	-309.5143163883376
33	-307.4771581933891
34	-307.39107433311295
35	-307.1184668712504
36	-301.9131446246404
37	-301.8509075864578
38	-306.91326344123684
39	-308.12886154851554
40	-312.0236104714824
41	-308.57541229417853
42	-306.11927072959253
43	-303.4251148003989
44	-304.80754343090655
45	-304.8904107613379
46	-304.7360494037375
47	-306.63418387279387
48	-309.51041059938393
49	-312.4191498996719
50	-301.0612515323679
51	-304.82062283638595
52	-306.8710461975529
53	-302.971214101943
54	-307.1884082043423
55	-306.2910545210697
56	-313.2691834222763
57	-301.73849142683395
58	-295.89524866278924
59	-306.7527743542639
60	-301.8239145716737
61	-308.5573566878452
62	-303.00914066992254
63	-302.3891671828254
64	-308.2192419916284
65	-301.1865201051776
66	-305.9454109426438
67	-307.7616604672144
68	-304.55805823938584
69	-297.7872855850205
70	-304.25871412988965
71	-308.0540625521843
72	-301.6419161511634
73	-301.98775062515983
74	-297.9205924079502
75	-307.67443189044275
76	-307.0522830951033
77	-304.48052574662813
78	-307.9258982100317
79	-307.7841435356629
80	-306.0862584113015
81	-305.10590586995284
82	-306.9313765902236
83	-309.61119613490814
84	-305.3077183193219
85	-306.89311489607087
86	-310.007598146561
87	-305.8575532467975
88	-303.6372242498523
89	-303.6528788326596
90	-305.41455764496726
91	-303.4926878434433
92	-306.54463680923834
93	-308.6967700060314
94	-296.54474329963597
95	-304.49259765010004
96	-297.1199156158442
97	-311.53545363147754
98	-307.0676408824528
99	-304.1155817483494
100	-309.83208018182216
101	-304.6594639259166
102	-304.1153695831361
103	-304.06001553428786
104	-304.7903219064634
105	-303.9110362521704
106	-305.13492559322054
107	-302.4220283652453
108	-303.62161766329046
109	-302.62673097036685
110	-307.06498104453095
111	-303.1665337645743
112	-305.53718034357615
113	-304.2447927464112
114	-301.37023712439577
115	-302.9611038129619
116	-307.45023045511886
117	-303.8963295526982
118	-304.0005208579512
119	-305.3232038572502
120	-306.5037235402986
121	-300.6496933413113
122	-300.4320044844521
123	-305.20385809690544
124	-300.51484767399603
125	-300.6716393702653
126	-302.42905495402823
127	-308.6746300646737
128	-307.74187586352105
129	-308.3918852659964
130	-303.0701554030943
131	-308.72763097250066
132	-302.6510000000009
133	-306.5463075920664
134	-309.6117927506145
135	-307.2662301639542
136	-302.7457022201394
137	-309.3135645835858
138	-303.1364
139	-297.7691670299665
140	-299.41216489455724
141	-300.2694782007558
142	-297.12168000162103
143	-306.50179144424834
144	-303.6902730782174
145	-300.95783873145035
146	-299.4925000082716
147	-297.5627060759643
148	-308.81117938951974
149	-305.95739079621995
150	-299.3897595362926
151	-307.39149425294903
152	-295.74125123756016
153	-300.19668048563534
154	-303.8337926316815
155	-294.3054178031363
156	-295.04450635203807
157	-302.6149906586689
158	-307.4134776554408
159	-308.0863852035764
160	-305.01303335508686
161	-304.69562381393
162	-303.73449449167515
163	-305.9071300585176
164	-305.89963102719076
165	-306.5922753728783
166	-304.67405770110383
167	-310.8048645581155
168	-305.30305100313166
169	-305.54117299037006
170	-298.4552307295698
171	-298.21924561510656
172	-303.061298813402
173	-306.3931855941461
174	-307.22609819296366
175	-302.29272132796757
176	-307.91983695154056
177	-298.0293517011264
178	-304.73242092543353
179	-307.32108189336213
180	-304.86132439505957
181	-305.3287742726752
182	-302.78214880476696
183	-307.1669987652755
184	-306.0108298494499
185	-308.8442219461677
186	-307.70997008530185
187	-311.50927483606665
188	-301.5783443395064
189	-310.80012579297954
190	-302.6831648822711
191	-305.82101010321344
192	-307.30400016071195
193	-297.814700964112
194	-300.96275538162934
195	-300.2495802608233
196	-310.9782917932914
197	-302.7518077421927
198	-307.9332839957551
199	-305.4113006380564
200	-302.85508552114084
201	-302.5308250993098
202	-303.96576495414337
203	-308.8282651964267
204	-305.4592030263473
205	-303.4869735495821
206	-308.6587901955807
207	-300.1745726214089
208	-306.0199499436972
209	-306.4350099345088
210	-304.23514606690594
211	-302.16270000000003
212	-305.49863447083123
213	-303.74097648235715
214	-306.90299123840606
215	-304.4935
216	-302.16000494041623
217	-306.230864747289
218	-300.7476032941059
219	-298.71571998706634
220	-305.7548898715926
221	-304.4515532746296
222	-299.38197419568695
223	-311.24326665238755
224	-304.34492147239337
225	-308.6681421062465
226	-306.714332765664
227	-307.58787186760725
228	-301.45710496148865
229	-305.42564359411267
230	-309.55014893378853
231	-301.70086943759895
232	-311.7074444276831
233	-305.4404350661303
234	-305.39655417819154
235	-307.11025042752095
236	-303.3957485456251
237	-304.7875439460436
238	-305.0360673992407
239	-300.7626313686495
240	-308.28707504351877
241	-310.78846720974485
242	-307.98965327891284
243	-296.4377
244	-307.2554120836067
245	-304.1762070715511
246	-298.11239156597327
247	-302.8781178803153
248	-299.58154864182876
249	-299.55382274006206
250	-295.61533796022894
251	-297.2185115962741
252	-299.9779209508872
253	-300.53316212664
254	-301.33185293799846
255	-302.31701459271255
256	-303.5360565875445
257	-301.98216615302283
258	-304.76295200069023
259	-303.65079349064337
260	-300.64897487186363
261	-302.98137861741145
262	-301.17647170711956
263	-302.5707348598871
264	-304.64032384590524
265	-304.5063878304173
266	-310.5053528211209
267	-302.3394517369816
268	-304.0717692181226
269	-306.21369950506556
270	-302.3420524648046
271	-305.2579281388097
272	-303.7197807346597
273	-300.5214150066365
274	-299.7629365082786
275	-305.7315380824166
276	-298.62773001826736
277	-289.30356232712745
278	-302.12125328572904
279	-307.5539594004212
280	-299.3373057540169
281	-297.30400094015306
282	-302.2300387910057
283	-301.2891753963882
284	-304.8328885835247
285	-301.4851811695183
286	-303.8062471745873
287	-303.24119823811424
288	-304.11732240396526
289	-304.6590228352317
290	-305.7136689852555
291	-303.4926000000505
292	-308.6365000009946
293	-299.1355176131532
294	-302.3247766058911
295	-308.86466118269584
296	-302.729964764665
297	-301.47881310181054
298	-298.800823533702
299	-301.12405192904237
300	-298.7739502003
301	-299.6372240237901
302	-300.5797398326072
303	-301.0084802711052
304	-312.76518322223654
305	-302.88112147898215
306	-306.4292502612456
307	-303.06080169925696
308	-306.75888222372754
309	-310.4581817716652
310	-306.6373212126048
311	-309.2208537484214
312	-298.936436949386
313	-302.30905919600303
314	-301.87918825842917
315	-305.6956148409163
316	-296.70315236958595
317	-310.93494726887144
318	-305.3120050614812
319	-309.98820005774303
320	-301.50777504217183
321	-307.6674748105635
322	-297.064861995903
323	-307.40261775691374
324	-308.7553644344861
325	-304.6549117495901
326	-307.13406578355136
327	-303.9054638646113
328	-305.73264625515844
329	-304.5708414731795
330	-302.26494540226213
331	-305.36125305774175
332	-310.69644911968834
333	-304.4256664239956
334	-308.979693452628
335	-305.16470649754837
336	-305.9329335926404
337	-302.6295956194961
338	-306.3323486319936
339	-300.2593786409604
340	-302.0122185962854
341	-304.4846410083797
342	-308.00236898272505
343	-299.6875397796575
344	-301.0920351438987
345	-301.2110086750162
346	-303.97208476109796
347	-305.8492709290258
348	-304.73332708112457
349	-301.382313052661
350	-305.9303751150202
351	-302.203600125279
352	-296.30790091148657
353	-301.02731181008727
354	-306.46530077297626
355	-300.1710422511561
356	-311.03629338363805
357	-307.50737469138573
358	-306.6287068907324
359	-298.279566356416
360	-304.7779729336326
361	-299.6219055999883
362	-303.13676954201185
363	-308.45411386336707
364	-304.4890961669028
365	-306.62498105148137
366	-293.84132192593916
367	-301.3417033977817
368	-297.3334914856589
369	-305.42126978480786
370	-303.2050745829191
371	-303.3407812748281
372	-309.6850078454822
373	-308.01848664559526
374	-305.70807798226303
375	-305.30770792497987
376	-305.6136060099802
377	-310.7323069101545
378	-307.2069810437477
379	-303.5830976016855
380	-298.82986985275943
381	-308.98871813706535
382	-302.62147772367837
383	-303.7888233053349
384	-301.6278108354811
385	-311.02812016165365
386	-307.2920107542414
387	-305.34521736680085
388	-299.94587391604404
389	-309.9620297558006
390	-303.24209021153376
391	-310.57390382777345
392	-310.8656830466199
393	-306.70400878282754
394	-304.8064523673688
395	-307.1861078347797
396	-305.1559738621814
397	-304.58343770305726
398	-297.2470048033897
399	-302.5909966259367
400	-302.92164160199025
401	-297.1860040563294
402	-308.4827673200489
403	-304.98603078147244
404	-302.2742325377987
405	-305.9599675616671
406	-308.991661049789
407	-311.0309039820066
408	-302.07274665963
409	-306.1003000000136
410	-296.71368892117124
411	-310.360224275094
412	-310.79409392180384
413	-304.4417361263304
414	-296.33277437647934
415	-292.7767050043059
416	-303.83002920280256
417	-306.5951775002323
418	-299.5957844934799
419	-304.23929082888134
420	-300.4457969116537
421	-306.0139390815168
422	-303.99790773494385
423	-301.37708499050734
424	-296.40510000000006
425	-306.19638456150625
426	-299.2250502920244
427	-304.72106010164134
428	-302.8169451355192
429	-303.1991123866648
430	-308.2803295467666
431	-306.12287039411115
432	-294.8074023641121
433	-301.843854534945
434	-306.6506869657167
435	-304.1474829110824
436	-299.08383204732485
437	-303.61020004425325
438	-303.76925890403874
439	-302.92931866026214
440	-299.89655464291184
441	-305.64171204220827
442	-305.48244754102245
443	-303.81533138205583
444	-300.3726469491934
445	-302.22574076665876
446	-300.4100370062597
447	-301.84078204009245
448	-302.98275951894857
449	-298.16419957401894
450	-302.6324854112482
451	-303.2887336891409
452	-308.88459955760743
453	-305.82231063368806
454	-307.5897804371108
455	-301.20736853572987
456	-305.9574172948537
457	-299.5480355071335
458	-303.9426103562846
459	-302.49437231530317
460	-305.13327903902774
461	-310.0016752767264
462	-305.0744466389754
463	-306.06815304316956
464	-308.4209175101592
465	-303.4310249473997
466	-300.9475882185245
467	-299.93224185565407
468	-302.88577566248756
469	-305.70950243300405
470	-306.6539183940598
471	-302.4248466823748
472	-301.567065321006
473	-304.43532979892524
474	-305.23445237717743
475	-300.36454888556773
476	-307.38449085079077
477	-304.4081515256138
478	-307.49365419618283
479	-302.1256257937184
480	-304.63938496178326
481	-306.8306405132694
482	-308.0520684459487
483	-302.2423366464389
484	-307.67439801748407
485	-298.0924505689
486	-311.64229338205064
487	-303.62930518225096
488	-302.41584532073125
489	-306.3513245211666
490	-297.1645001536792
491	-303.5244333044616
492	-307.5067980657066
493	-307.04597285836434
494	-300.8841848269704
495	-301.05082609441956
496	-305.14308342993013
497	-307.6994519621788
498	-308.0003778201778
499	-304.11826047057355
500	-301.045687873945
501	-302.0878793588539
502	-308.0368049257401
503	-300.3940413474925
504	-301.2980219619995
505	-302.9870953287747
506	-301.1932816707028
507	-306.8585868240875
508	-304.4957926081233
509	-305.80828323803803
510	-306.91476260900265
511	-301.05808426061805
512	-306.5111988997955
513	-306.5241692693067
514	-302.4197325743008
515	-308.3176810477292
516	-308.90223228195714
517	-308.74139889870486
518	-305.9111328029784
519	-301.880471373037
520	-302.7736955239377
521	-307.6076118393639
522	-302.2315931176278
523	-305.4026235411721
524	-305.08063272167595
525	-306.89655859941456
526	-305.9605271857275
527	-302.1067758337764
528	-306.16887958458824
529	-309.6667241018922
530	-308.9638315806267
531	-308.9065669385898
532	-303.85061746273965
533	-307.21408131273444
534	-301.82012068576165
535	-306.4296000000001
536	-305.1584662781007
537	-302.62790851887536
538	-307.50410320325597
539	-294.554971780583
540	-303.6328546261877
541	-304.8945529870022
542	-306.5209502652572
543	-302.693376192006
544	-297.7922811206793
545	-305.26615068906193
546	-299.9121
547	-304.462254723091
548	-302.3496853556928
549	-305.8091517843774
550	-303.1475237007025
551	-302.15575786682507
552	-302.78976666339315
553	-306.8602387843678
554	-301.67338609366436
555	-303.6159186533509
556	-303.2494973974828
557	-299.84622753020005
558	-307.9174048104562
559	-298.11636647192233
560	-303.8104628772469
561	-301.6294020544957
562	-305.29855309926705
563	-302.50978764075927
564	-299.9313
565	-300.76758638497734
566	-307.17183282596864
567	-300.92334858170767
568	-301.58046597249955
569	-305.48307808458793
570	-306.47845912717975
571	-303.5131365045896
572	-306.3318916837633
573	-306.47267205587826
574	-303.73211578334764
575	-299.54557237792784
576	-305.46425117760356
577	-304.3199506122311
578	-304.3244476270862
579	-304.46441978025473
580	-305.1683881760894
581	-301.7218295626904
582	-302.1465830863842
583	-304.3854424180845
584	-304.83820824876324
585	-305.0579427082638
586	-304.5601602863813
587	-301.3625058766474
588	-306.72281099648285
589	-305.6942066418173
590	-302.6907617512855
591	-306.48128945049143
592	-301.58299709138834
593	-299.4101989702943
594	-301.5872671444561
595	-300.65724516436046
596	-303.40059183108923
597	-300.7671345648583
598	-302.3689173410461
599	-303.053622526112
600	-301.9775113347983
601	-292.9856477075806
602	-297.2212481576543
603	-299.357085780772
604	-308.27291837016696
605	-306.0105716085311
606	-302.9600226059078
607	-302.68021508676253
608	-303.8483741653139
609	-301.92158203386873
610	-306.5865433930515
611	-298.7808070219441
612	-296.28982523798254
613	-304.66094928992004
614	-305.290924820243
615	-300.5650159325323
616	-304.0649952776065
617	-303.3920212801562
618	-300.7066001062138
619	-300.2624421857996
620	-302.4528222885146
621	-304.44042580101035
622	-301.9731434406228
623	-301.3215922072354
624	-304.29335460361773
625	-302.2810543748938
626	-305.3050551616061
627	-300.1307931052889
628	-304.42327233768276
629	-300.7748628986461
630	-303.1655319360146
631	-305.3444133238532
632	-305.60594402603897
633	-305.45835681598385
634	-305.648158096377
635	-304.43412554871395
636	-303.9618479966787
637	-305.1952593394394
638	-301.70419393753286
639	-307.6174091059308
640	-308.0685401450534
641	-298.2780296427201
642	-304.5010028095834
643	-302.74201252154114
644	-301.21818484790344
645	-295.0805034288688
646	-305.3749992677134
647	-305.2292000000001
648	-303.439732671551
649	-304.06390791476775
650	-303.1895528428949
651	-309.2910981023415
652	-302.1897549501386
653	-302.90172160342047
654	-304.17346440981726
655	-309.45534740199116
656	-306.0266388222941
657	-301.71327852507716
658	-308.6545143087076
659	-303.2209032291193
660	-306.7742982136714
661	-307.7655514847304
662	-309.7028629714585
663	-304.8351506682687
664	-307.8066820500256
665	-294.59590105453486
666	-309.074564548224
667	-302.9403620737872
668	-298.62262546149844
669	-306.35215145162266
670	-302.3644401651619
671	-303.08921229097484
672	-306.89472709400286
673	-306.2646653907055
674	-304.49731341597493
675	-301.8828466826559
676	-297.61579978675013
677	-307.3976665941814
678	-299.8692598868781
679	-295.1398658787697
680	-294.8775026380896
681	-307.83160299104395
682	-306.19662808306805
683	-299.7929060360759
684	-303.8332888640511
685	-297.6210263961998
686	-298.7024905405714
687	-297.9946000003
688	-306.61860389098445
689	-300.300112064546
690	-310.9787847616016
691	-306.2460691544371
692	-304.9829548979668
693	-301.71436040152344
694	-300.25335721939393
695	-306.11872744264286
696	-294.58837218282656
697	-304.267280534272
698	-301.01924662636407
699	-307.1389805041733
700	-300.47883823120304
701	-303.146751258326
702	-302.00593155697345
703	-304.596222686347
704	-304.07052071720113
705	-303.72923397765715
706	-304.7112539174338
707	-297.87963291480077
708	-301.6822066708733
709	-304.97095674032647
710	-301.63856470893927
711	-308.459078912861
712	-294.90368689276977
713	-307.3907746799761
714	-299.70573610098273
715	-302.94871193445476
716	-301.1490010990695
717	-300.70749586091557
718	-300.59004001090574
719	-299.2225000387378
720	-293.4793716335728
721	-306.3625287889073
722	-308.60821952503363
723	-306.98020937888856
724	-298.2486919136819
725	-299.9864210432225
726	-301.38780333219773
727	-305.5102794928919
728	-308.57851643576953
729	-301.6608349788873
730	-301.8737870472073
731	-309.5607397221998
732	-307.1267193893138
733	-311.39292914539044
734	-304.8886404491424
735	-307.52311977670547
736	-306.61317411242555
737	-305.9120394941051
738	-307.08585298524446
739	-307.3233238966227
740	-310.4306136805026
741	-309.4316763166063
742	-303.1506188196773
743	-303.78834260533034
744	-305.6518335129995
745	-310.4246688164026
746	-303.66472317808484
747	-307.6180257898785
748	-305.2623223418015
749	-304.9225371043133
750	-305.9526278476886
751	-301.3259299361417
752	-309.8456720955347
753	-305.9040520744526
754	-300.62733683684473
755	-302.53053175587496
756	-298.76514987404744
757	-303.31216068539095
758	-302.62235556918506
759	-310.49141059871766
760	-299.90759286471194
761	-299.4723901199362
762	-309.3373637142377
763	-304.4497904882557
764	-294.55555053526206
765	-303.43335707465855
766	-307.3868064622461
767	-296.36946913232043
768	-304.5693165174682
769	-308.0661062999662
770	-302.549394150527
771	-299.600318059353
772	-307.37994647212435
773	-307.8659826945627
774	-304.08663344956295
775	-303.2776828432134
776	-304.17233194859296
777	-308.4335862086991
778	-301.8256651311502
779	-304.29040169170867
780	-304.97084374491953
781	-300.2782494919895
782	-307.9666046103111
783	-303.8132537551523
784	-299.28836711020676
785	-304.11464763927734
786	-302.9663362817
787	-299.8853106427613
788	-302.6412178662274
789	-300.8015055882722
790	-296.41109239565446
791	-299.1377857070534
792	-306.2002740356436
793	-306.4914408758559
794	-303.793454366751
795	-299.3489433839146
796	-305.86813052462645
797	-304.4392674169992
798	-301.2670394706315
799	-305.8435302652692
800	-304.7163006037374
801	-301.50923463568375
802	-303.3203676556247
803	-297.3145509388327
804	-306.1335903384349
805	-302.71209717750884
806	-304.9380936474567
807	-305.17170774723644
808	-303.5041
809	-303.41631155480655
810	-309.282853595418
811	-302.17389917704674
812	-303.7859555235498
813	-303.0905722444879
814	-307.9154193193555
815	-306.8436230538213
816	-300.3563969135627
817	-301.2657810000259
818	-301.4098909073967
819	-310.3015252075229
820	-300.7558130309491
821	-293.9383
822	-305.0595298632858
823	-305.77672527474607
824	-302.3732483244149
825	-300.0422528916549
826	-308.2099897848774
827	-300.6159274910757
828	-301.0341095545127
829	-297.5774
830	-304.42047212538114
831	-300.0009746571592
832	-308.8373213599729
833	-305.99009128870125
834	-297.81328380331684
835	-305.5419349126632
836	-304.74706202893816
837	-297.7672058598124
838	-305.8346390023393
839	-300.86672370008057
840	-297.2507155297141
841	-302.60325800126753
842	-302.512064979867
843	-301.57442810194163
844	-301.62233884082127
845	-309.4142611852298
846	-295.6971744245294
847	-300.9065324056703
848	-299.6310463028997
849	-305.80551817496473
850	-303.10030317419944
851	-300.4179541415058
852	-310.31479191698935
853	-303.2163282494029
854	-305.140105416962
855	-307.27987456846733
856	-304.90159583142076
857	-300.92669715914656
858	-303.8142084266575
859	-302.7013594119368
860	-301.653674780894
861	-300.81090705171175
862	-303.3526813856056
863	-308.0778114342152
864	-305.4585517140904
865	-301.23274334538564
866	-307.6012983614995
867	-300.58858355185686
868	-302.4872369019321
869	-305.0888534166194
870	-301.367858130164
871	-305.24736950457833
872	-302.2318161953869
873	-302.7298549983575
874	-302.74689209329244
875	-305.8115358976992
876	-298.00638461267795
877	-302.973
878	-300.2803332134071
879	-302.3075195601372
880	-296.21500000000003
881	-299.3260715100308
882	-305.1691768060644
883	-299.9201966732854
884	-299.68313534931104
885	-300.6857881820193
886	-294.74115729725287
887	-298.8243257657412
888	-301.12661043106715
889	-306.72785584535507
890	-300.08904321156587
891	-296.13095315001846
892	-301.8398618255782
893	-303.53044704133356
894	-303.1261511246104
895	-302.5674184222235
896	-301.5824856929137
897	-306.46348892202946
898	-303.60889404652005
899	-301.3269294790929
900	-304.04645720369695
901	-302.8115659611421
902	-303.71753422921415
903	-310.32743146148886
904	-304.60750755103334
905	-306.08675966983157
906	-307.2969079079791
907	-298.99684455011015
908	-304.7692049550318
909	-305.98962908287723
910	-305.2615739042026
911	-296.93640717879873
912	-296.2629153249806
913	-305.49699040874015
914	-306.4535158857655
915	-309.5636447579991
916	-302.2487117928397
917	-308.49378118802986
918	-303.2199
919	-305.14108917559264
920	-307.3404871918299
921	-305.357602369995
922	-305.15542142385556
923	-303.1537008313976
924	-304.8829600895902
925	-303.1205
926	-305.77303000393954
927	-304.4419381741403
928	-307.7405222325641
929	-301.2648866111435
930	-301.2109876698474
931	-305.3388049500944
932	-306.84642360026754
933	-301.7995740553294
934	-300.57663388472133
935	-309.92655905366456
936	-308.07544505602624
937	-308.31979896226983
938	-304.033467318484
939	-303.29439948530165
940	-305.8942415135149
941	-307.7556269705785
942	-298.4735967299289
943	-304.6850084537234
944	-300.1885
945	-303.49910842514106
946	-308.73551890179465
947	-303.6892
948	-298.11619627460954
949	-302.4218279944515
950	-304.4496688340594
951	-303.23276433326805
952	-307.2284366011903
953	-307.1063931373404
954	-302.5541375167903
955	-308.774776183056
956	-305.068424355128
957	-300.8701897325373
958	-297.128095689329
959	-307.0983815182634
960	-303.87268227984197
961	-301.0825482933396
962	-309.1277408610517
963	-304.465488825197
964	-303.81850868438426
965	-307.5964281833776
966	-304.12281754931627
967	-305.55288007108066
968	-305.4130428662393
969	-304.8871341113351
970	-302.0897268276301
971	-302.63845667690555
972	-303.1382226388514
973	-310.64259290451145
974	-304.4214786454837
975	-301.93011340213883
976	-300.57019637125256
977	-305.46216415924545
978	-303.67312942345677
979	-304.9465675148782
980	-311.2022473063751
981	-301.2457494509744
982	-304.93436531618323
983	-305.36079726995456
984	-305.25630111168215
985	-299.2359933496539
986	-304.84415305642926
987	-308.71778782617605
988	-306.5243827435572
989	-301.60176807878474
990	-302.3250608327838
991	-298.3672931667402
992	-307.0485276786033
993	-305.13393551850965
994	-299.84589353417607
995	-301.8958238013346
996	-302.624
997	-309.1902458880669
998	-304.9964341485487
999	-301.11413272447624
1000	-299.5517114262457
1001	-300.90572667967757
1002	-307.3323645014506
1003	-303.2700003126748
1004	-301.5772696861588
1005	-300.1730976296121
1006	-289.6416355144281
1007	-303.83915438719157
1008	-302.58358813737283
1009	-297.80716393582685
1010	-300.91085445756397
1011	-304.5323949964353
1012	-301.01377152565567
1013	-308.86980926391954
1014	-297.8138451716046
1015	-308.8726135229686
1016	-301.8761956853143
1017	-298.4374090125331
1018	-299.7006045419072
1019	-299.88606533795263
1020	-300.0069253184293
1021	-299.45322924616266
1022	-305.0226414539748
1023	-309.63867298355706
1024	-303.011891505369
1025	-293.5835994655922
1026	-300.97392618557143
1027	-301.18753109814156
1028	-304.45613918162996
1029	-298.764739319211
1030	-308.68045870640424
1031	-305.9998899349115
1032	-299.4179925332643
1033	-297.839059254142
1034	-302.89378976377293
1035	-304.8827901070419
1036	-300.0608048660803
1037	-304.75371664346653
1038	-307.19801675739154
1039	-305.295209381302
1040	-304.5643188332012
1041	-299.9887110857037
1042	-309.0429000000002
1043	-305.8196914936479
1044	-302.8625122489758
1045	-311.237476582072
1046	-308.91709820455816
1047	-301.070666589378
1048	-302.29422728186984
1049	-304.9901997657788
1050	-307.68150746139645
1051	-304.0547680154773
1052	-297.54789667563904
1053	-297.2249834884334
1054	-305.9452564043805
1055	-294.10498059696835
1056	-304.523031928779
1057	-307.29758813009084
1058	-306.89104228674165
1059	-304.00376445922313
1060	-305.34751167272293
1061	-303.43297677223677
1062	-305.12149815269123
1063	-304.50824656146034
1064	-305.39730000000003
1065	-300.4702557408389
1066	-311.560667224229
1067	-303.25545756897986
1068	-300.2494011443899
1069	-301.8435677461699
1070	-300.9333911467418
1071	-305.9958263822714
1072	-297.41083395951546
1073	-305.5917802496161
1074	-297.7708368464694
1075	-304.1677728227034
1076	-300.5529771014028
1077	-302.16950907230074
1078	-303.24671578710064
1079	-301.1969213667601
1080	-303.415796731646
1081	-304.76615799477713
1082	-307.28509545924857
1083	-297.9884291156609
1084	-310.79425766744504
1085	-309.0014528923444
1086	-308.7694002090556
1087	-295.53189375440166
1088	-306.5004015593522
1089	-302.83918765735933
1090	-305.45518148256764
1091	-304.7469998024588
1092	-308.36586432541634
1093	-312.2925463653042
1094	-303.6689012790216
1095	-302.4567002232776
1096	-297.7675775697736
1097	-299.5529000000001
1098	-297.1729583686121
1099	-301.57437157708273
1100	-304.76381148654895
1101	-301.37904291411274
1102	-302.4469
1103	-299.0802888279158
1104	-298.76214380958413
1105	-307.9715230728583
1106	-297.65044998185533
1107	-306.7580436045723
1108	-307.80850297621225
1109	-308.1509801109599
1110	-305.6620451006639
1111	-307.58233888241
1112	-304.3075647426324
1113	-306.9127544231449
1114	-305.3882872792294
1115	-306.5276742009217
1116	-300.85525952821786
1117	-302.26273832868674
1118	-295.7755393516435
1119	-303.2336686013876
1120	-302.29868289585903
1121	-303.21304353192534
1122	-302.17460938726316
1123	-303.694501260017
1124	-299.09224427925614
1125	-302.91809187060636
1126	-302.45641384666226
1127	-305.65031811278897
1128	-308.6313325952377
1129	-300.6545177299554
1130	-304.51468456932713
1131	-300.8786685844642
1132	-303.56887541607637
1133	-300.81593266483617
1134	-303.56924810670125
1135	-300.9116750877899
1136	-303.7445280551601
1137	-308.141080560773
1138	-294.33040933897695
1139	-301.93375205709236
1140	-305.3119457359084
1141	-304.3281617925877
1142	-303.1766680457111
1143	-305.8288088764439
1144	-311.1400777242297
1145	-305.75164048114965
1146	-307.94235881981433
1147	-305.7991927495131
1148	-304.216262985612
1149	-299.9183121238629
1150	-311.09306742078513
1151	-308.5660457851824
1152	-307.3710012153029
1153	-304.86251622752957
1154	-305.86939384522736
1155	-299.48036065486843
1156	-305.0589721584241
1157	-306.26157781427975
1158	-309.4575217068969
1159	-311.62317035277755
1160	-304.999230567722
1161	-297.5019678600868
1162	-303.6459495241624
1163	-296.30907459111614
1164	-298.06300875082667
1165	-306.2850768520906
1166	-302.17607443109904
1167	-307.8175260684595
1168	-303.52414689460295
1169	-306.1150221799435
1170	-298.97524886815506
1171	-306.1523894085585
1172	-301.57863498327873
1173	-301.9296996412678
1174	-301.90731797201846
1175	-308.1173757939721
1176	-300.77044314344204
1177	-303.48979578655326
1178	-309.72602711119356
1179	-304.0652346424042
1180	-303.51112087766137
1181	-308.49511497517784
1182	-303.32094604832133
1183	-305.14515263336995
1184	-304.90934355335753
1185	-305.7235532822326
1186	-302.1969163833766
1187	-310.8674209873474
1188	-310.11503259613335
1189	-303.19246521929585
1190	-309.9121039621091
1191	-303.2134262670839
1192	-306.77992105167374
1193	-302.0158123760594
1194	-302.653481622443
1195	-300.8519180353208
1196	-304.6992223017756
1197	-305.18544931067095
1198	-303.4414419352685
1199	-304.5846132016936
1200	-306.07169082549365
1201	-304.4421344907679
1202	-302.3820356880828
1203	-301.33401538008576
1204	-302.15671275778675
1205	-305.1733566334524
1206	-307.9912097898685
1207	-303.8465414321284
1208	-302.86144036762045
1209	-296.86045994939946
1210	-306.9367163186481
1211	-301.3197751777724
1212	-296.43684378265175
1213	-300.358816102223
1214	-301.717682176192
1215	-301.84941017481117
1216	-298.1467052685385
1217	-297.04950742198787
1218	-299.25126260620146
1219	-302.2816484803145
1220	-296.98253026655556
1221	-307.94891506972266
1222	-303.3715542740967
1223	-300.6650439420618
1224	-303.95690682633267
1225	-300.71081165894174
1226	-305.69696701921794
1227	-303.3135866311792
1228	-304.2654015302495
1229	-308.07021447447187
1230	-304.3467042322583
1231	-305.3834573751911
1232	-306.76910004842426
1233	-300.0099878298812
1234	-309.2354784254389
1235	-301.0908232938287
1236	-298.5867797957731
1237	-300.79836835943456
1238	-298.7802992922051
1239	-305.69059237718596
1240	-304.5302966246555
1241	-296.91563842113766
1242	-307.11662790070767
1243	-307.286796645089
1244	-305.80366451666515
1245	-304.1060737449256
1246	-307.21387934610084
1247	-303.47382016298167
1248	-309.4102335085726
1249	-307.57537079628406
1250	-310.28782106611635
1251	-303.1073801566492
1252	-308.64567407907924
1253	-304.89111821979645
1254	-306.5509560918464
1255	-306.07476859872696
1256	-303.8761804415697
1257	-298.04488738912664
1258	-303.16071430349416
1259	-304.6067789740871
1260	-300.80153823317653
1261	-299.5097855170549
1262	-306.71072552982275
1263	-303.30053208916775
1264	-297.1461210867467
1265	-305.77842706374264
1266	-309.34372345348174
1267	-304.8575279209036
1268	-305.0248714898919
1269	-310.4354290359141
1270	-309.93054414889934
1271	-301.9246698974293
1272	-304.0115575744417
1273	-299.7669175172298
1274	-298.14605499491745
1275	-293.81810485334984
1276	-303.7538962289292
1277	-308.5458449399433
1278	-304.50792374177286
1279	-298.2309971423899
1280	-299.6707235794285
1281	-301.565356271036
1282	-295.23180117268384
1283	-303.5416926240559
1284	-297.28884767646656
1285	-305.433239377521
1286	-304.02202169158244
1287	-299.51000001047953
1288	-301.80614839802035
1289	-297.94746185337914
1290	-298.9364373157261
1291	-304.74954158180304
1292	-298.91797935325957
1293	-306.2883849634393
1294	-304.2740012640483
1295	-305.4205504175117
1296	-300.5387815388423
1297	-300.96097708858184
1298	-311.05537890105876
1299	-306.33243475947415
1300	-306.4761926214444
1301	-303.66739187985877
1302	-302.20889869985234
1303	-303.45527638459436
1304	-297.236
1305	-304.9459325087171
1306	-307.91370941176694
1307	-303.21017521556615
1308	-297.3015869526402
1309	-298.79502399033936
1310	-308.95017575898567
1311	-303.6761540351397
1312	-305.4382
1313	-301.51495706786295
1314	-305.13318591537933
1315	-302.14956536733075
1316	-307.5663355789218
1317	-299.19936794997403
1318	-304.89733809763106
1319	-299.71760483941847
1320	-301.70221841540155
1321	-306.5327197270033
1322	-304.4021609765015
1323	-303.0211853957665
1324	-299.5099222379302
1325	-301.25930015528604
1326	-303.7376589908144
1327	-301.11862402033427
1328	-298.3503507167662
1329	-297.9073751340304
1330	-308.79600083538156
1331	-307.0270919302151
1332	-297.4088601611094
1333	-304.0005193157376
1334	-305.2676554624357
1335	-307.77749461949395
1336	-304.7143715732126
1337	-307.37005656965755
1338	-307.8149518622685
1339	-304.93264413710307
1340	-302.98952265275767
1341	-306.4195789348955
1342	-300.0024163069357
1343	-301.5445634241619
1344	-307.30056323411907
1345	-300.0305953661227
1346	-302.45136349364395
1347	-304.4143131693035
1348	-300.4973538171438
1349	-302.2406549020601
1350	-304.2239135921363
1351	-301.3904196128621
1352	-296.43277193744007
1353	-306.8555474180855
1354	-302.82034271907173
1355	-305.3891152869284
1356	-304.34494034312553
1357	-302.6380083704911
1358	-300.93833294574
1359	-298.20210823137086
1360	-300.59111414411444
1361	-299.6395870896052
1362	-301.4086636416611
1363	-306.38968150788884
1364	-301.71513858509576
1365	-299.2782977000319
1366	-302.9686834826008
1367	-303.25890822147994
1368	-304.5495015166442
1369	-300.11650205302476
1370	-302.24874185731693
1371	-303.3482032838689
1372	-297.5604857865778
1373	-295.23831580505527
1374	-306.0068928237329
1375	-297.5519256479441
1376	-303.5385685063415
1377	-304.8923562603372
1378	-303.8923651311572
1379	-303.28779342894956
1380	-305.5875922653339
1381	-302.6520204133745
1382	-301.684411455013
1383	-300.73345142508236
1384	-298.2003330539016
1385	-296.14158593174164
1386	-306.84143482425435
1387	-305.9324133986842
1388	-296.56159396527653
1389	-298.20599673594614
1390	-303.51253981132425
1391	-302.3264910838388
1392	-303.048828906857
1393	-305.7455695141295
1394	-305.35932895285873
1395	-302.15330440564355
1396	-297.82358674552927
1397	-299.47118559143746
1398	-303.139144535103
1399	-303.89487031621655
1400	-309.27946297728755
1401	-306.74724368080643
1402	-309.13064688874636
1403	-304.21256077887193
1404	-307.2700018221895
1405	-306.9828454442153
1406	-301.2611874077823
1407	-303.1840113780065
1408	-302.27601601963306
1409	-307.0297421198354
1410	-304.1294160225894
1411	-299.51871409385535
1412	-304.36379662473286
1413	-301.79558119791903
1414	-300.95199577728295
1415	-307.0397467459952
1416	-304.1161928166964
1417	-296.8434022965516
1418	-299.84418162699785
1419	-298.16649045405364
1420	-300.0411118730796
1421	-303.07817200827657
1422	-302.283049690581
1423	-304.7956422312641
1424	-305.2841287865886
1425	-296.3755443109586
1426	-300.57200098156767
1427	-303.544184345278
1428	-304.5028262915716
1429	-297.66248062632343
1430	-303.10513614557703
1431	-301.9181425272226
1432	-301.89834507176823
1433	-302.50969507114945
1434	-306.5781619339731
1435	-307.55937568706884
1436	-304.1732411839675
1437	-300.66403902739313
1438	-306.4122963864013
1439	-303.5243018629675
1440	-299.9042633354991
1441	-311.03572596415967
1442	-301.5320097307675
1443	-301.3824560057191
1444	-306.2981191609971
1445	-301.1113296317313
1446	-304.5285086289813
1447	-306.6235850547704
1448	-302.0396810049207
1449	-303.82681592300156
1450	-298.5529665748547
1451	-301.0396974655177
1452	-301.45117086396186
1453	-296.6829360580938
1454	-302.7390169138242
1455	-304.9507274188224
1456	-307.270176287096
1457	-297.4464533004878
1458	-308.6519926645075
1459	-304.2395496041211
1460	-304.68967676852174
1461	-298.7761004565186
1462	-304.8985365460398
1463	-305.09156350579224
1464	-301.38139924037824
1465	-298.76063462325584
1466	-299.75528405133105
1467	-299.14058277149115
1468	-301.4434053206312
1469	-302.20507893571386
1470	-303.6799228904887
1471	-307.8969525224335
1472	-307.42124896147357
1473	-301.0609810994895
1474	-305.691341645068
1475	-306.5553810279573
1476	-299.45801722388
1477	-296.89565972728394
1478	-298.9886148768537
1479	-303.9939757758508
1480	-299.99524590172774
1481	-307.19781246753837
1482	-298.87354252029377
1483	-307.1075657625702
1484	-304.09356467334237
1485	-302.851354153336
1486	-303.00915851588303
1487	-307.01293703914007
1488	-306.4297011656652
1489	-307.9402410538079
1490	-306.8628979853267
1491	-302.9989337844693
1492	-308.03176299632963
1493	-301.35761615457636
1494	-301.565918618088
1495	-300.1164307298569
1496	-298.26584033486114
1497	-303.0331324308005
1498	-297.4213013138969
1499	-301.7248302392213
1500	-307.8614214812196
1501	-299.231714468439
1502	-300.93937041633745
1503	-307.037902924307
1504	-300.4401233956495
1505	-307.5412601184348
1506	-306.1265482680501
1507	-303.0080883653758
1508	-308.4826444190533
1509	-303.0582
1510	-307.4237518057798
1511	-306.54631422128716
1512	-307.7044600806731
1513	-304.6287
1514	-301.15066270443106
1515	-300.9395156384259
1516	-304.13228433130286
1517	-295.90044725052445
1518	-303.56534572490597
1519	-298.981618073727
1520	-309.706658478513
1521	-300.1920410963728
1522	-299.84818138543613
1523	-302.8362340350475
1524	-298.7119
1525	-303.5437022825827
1526	-302.1445986550441
1527	-300.10059426324085
1528	-303.66199541253246
1529	-305.9195496155968
1530	-302.54534273006067
1531	-301.0898530164798
1532	-306.1174080159631
1533	-301.22067339745223
1534	-301.9191400136734
1535	-307.5906968845593
1536	-301.2668375829727
1537	-300.8008607789705
1538	-305.0171691351913
1539	-306.67665053101456
1540	-307.1048080436314
1541	-304.46155524167716
1542	-303.81393052452876
1543	-307.7856798698139
1544	-297.3480317537944
1545	-301.10725001150945
1546	-299.90960218461294
1547	-307.6040362180393
1548	-301.56722103073326
1549	-300.67077826240615
1550	-302.20755962791293
1551	-312.7874215982131
1552	-305.234550218668
1553	-303.476824081497
1554	-300.3499324665767
1555	-297.9863375337518
1556	-305.64421993126035
1557	-295.7703130557054
1558	-301.4361408269417
1559	-306.9671290550143
1560	-309.96005711703754
1561	-305.0170786765795
1562	-308.71775718481405
1563	-307.8976705374849
1564	-307.2032593104918
1565	-306.2897990743662
1566	-294.95352923399554
1567	-308.48168687557137
1568	-300.0944337273898
1569	-302.36740934941514
1570	-304.9485904177861
1571	-310.202748917587
1572	-303.34186753917015
1573	-294.9891711577903
1574	-304.90131028696777
1575	-302.7190356634316
1576	-296.44845026559886
1577	-303.98442198881315
1578	-308.082725695542
1579	-309.23323677828023
1580	-301.4290018390335
1581	-304.7167058172331
1582	-304.57244074510294
1583	-302.6342234505941
1584	-306.73281297348944
1585	-302.86735683111704
1586	-308.8864791925075
1587	-312.16204249153503
1588	-302.71425810945806
1589	-305.9941444400224
1590	-305.14021289894197
1591	-309.7199315065754
1592	-307.57430674878765
1593	-305.26763844455206
1594	-306.46063639223894
1595	-306.135986553923
1596	-303.8924317736853
1597	-303.48341003853085
1598	-304.30806547524406
1599	-308.40070391419226
1600	-312.6252092179381
1601	-312.2031411876251
1602	-306.34540130235223
1603	-308.4551767179949
1604	-305.6446144553855
1605	-301.44425959963286
1606	-302.75982781684945
1607	-309.16921427728465
1608	-306.5460393235794
1609	-303.38690875716674
1610	-303.6868682557183
1611	-307.57536905231757
1612	-299.0223420991639
1613	-300.79006385370053
1614	-299.47249327942666
1615	-301.27931823792375
1616	-307.3115779284691
1617	-302.24654256708664
1618	-301.0781853366407
1619	-301.1472605168656
1620	-308.10306160515347
1621	-308.4274924230209
1622	-310.94952431286225
1623	-312.5833064795005
1624	-296.71431654983814
1625	-308.02325579088597
1626	-306.98122264920886
1627	-302.5793904458721
1628	-310.4074730002389
1629	-300.5991192989672
1630	-307.78251183257316
1631	-309.5548143984771
1632	-310.99920226046044
1633	-305.6272687491501
1634	-308.9190580375888
1635	-304.7222535259939
1636	-302.77627320137594
1637	-306.67677524885175
1638	-306.54548052565667
1639	-302.93470834104505
1640	-311.99205987873137
1641	-309.4006086827898
1642	-304.95955598835246
1643	-306.8566334121108
1644	-307.77626958809617
1645	-309.3340429671549
1646	-300.2614360861127
1647	-299.30956691680416
1648	-304.0816205136002
1649	-306.6895418717439
1650	-311.1062328968498
1651	-313.51723933617114
1652	-307.55706017648674
1653	-299.49564293832543
1654	-310.39186717164483
1655	-306.30536566228716
1656	-309.2174881568717
1657	-302.9256146679857
1658	-308.54297513361144
1659	-306.39330967336855
1660	-301.7748788103159
1661	-305.80052295150284
1662	-307.746537914288
1663	-306.11796685778506
1664	-305.0520859481478
1665	-306.25329706979267
1666	-304.24697532094416
1667	-307.7523080407198
1668	-307.87730696556406
1669	-303.0842583615191
1670	-305.4194078053191
1671	-307.37007431044964
1672	-307.74470739631795
1673	-301.9067053165911
1674	-307.67018614159736
1675	-306.3842199598457
1676	-309.68563186707917
1677	-302.6575993456341
1678	-306.5205338594471
1679	-305.02271833528283
1680	-302.41243822786987
1681	-300.88189502850264
1682	-299.7977902880647
1683	-305.15013359811235
1684	-304.7182979896004
1685	-303.16361710057134
1686	-301.70442645270003
1687	-306.84588031999897
1688	-305.77598455715366
1689	-299.9721825828139
1690	-306.90208672181734
1691	-300.42405853703923
1692	-295.2066266046461
1693	-305.2639946069239
1694	-305.2735706324627
1695	-293.68755179647803
1696	-300.59711318298014
1697	-297.8323119267649
1698	-300.5387023192983
1699	-296.22850023501763
1700	-306.7999931341935
1701	-306.5594840937526
1702	-307.01789767005147
1703	-307.4334777822603
1704	-304.6091323958333
1705	-302.3825244421511
1706	-307.23112611247694
1707	-305.9947852457339
1708	-306.8980867775446
1709	-293.11035165952615
1710	-305.0100271764934
1711	-303.5299906057517
1712	-297.9335816198301
1713	-307.7849931057263
1714	-303.556821975365
1715	-303.1000177971652
1716	-303.4642790400419
1717	-304.44349948278415
1718	-300.93363813210476
1719	-302.6812386342583
1720	-304.8167113299962
1721	-303.2760373069919
1722	-301.4577917500746
1723	-298.2413631890824
1724	-305.4676306421032
1725	-302.30959197076675
1726	-294.77006360043674
1727	-303.7899331482001
1728	-298.3985833313477
1729	-300.44234178492013
1730	-299.62622007722183
1731	-304.79594481859596
1732	-307.6758739870838
1733	-308.2245683101112
1734	-298.37759884271986
1735	-304.0647256508699
1736	-299.91013711998573
1737	-304.32145491143206
1738	-304.92286443942066
1739	-301.540535329954
1740	-304.8545953301942
1741	-310.66412305544503
1742	-299.897670875104
1743	-305.1086228944292
1744	-303.5139630440652
1745	-308.93347491006006
1746	-304.8685288084601
1747	-298.6502736635843
1748	-303.0659
1749	-307.0147000419791
1750	-303.0811127012539
1751	-301.331010641505
1752	-304.09713419512667
1753	-306.1662160331628
1754	-300.9649596014157
1755	-305.1489295703149
1756	-308.83198679284453
1757	-303.6615
1758	-304.0548011289782
1759	-302.09706344158906
1760	-304.5917384713404
1761	-306.0439912224904
1762	-295.435869795102
1763	-300.5275222387547
1764	-309.47465424954606
1765	-306.7571751690861
1766	-308.34938910298524
1767	-304.4289202910214
1768	-304.54983830426556
1769	-302.9249093667379
1770	-303.48116684801266
1771	-307.4565724402341
1772	-305.5565415234907
1773	-306.2112138298751
1774	-302.5021658501826
1775	-303.97056072064504
1776	-302.9070277858599
1777	-303.1031270272821
1778	-311.0963451442988
1779	-303.8557716489755
1780	-310.64070072842947
1781	-300.636891188427
1782	-304.1880005007045
1783	-305.0552219364228
1784	-300.84999587127436
1785	-301.83820489670785
1786	-306.08271845784753
1787	-305.0044841083044
1788	-300.30206451723205
1789	-304.0863529083095
1790	-299.5791582518818
1791	-304.1657088353089
1792	-304.4942881956726
1793	-304.04726919483096
1794	-301.84410949281755
1795	-301.81064457534336
1796	-302.1551254052295
1797	-305.9085801612564
1798	-305.2487522864457
1799	-301.5275409497533
1800	-303.8486660339428
1801	-299.6780326577936
1802	-302.19938947346367
1803	-295.67631189696516
1804	-306.3164002049731
1805	-302.9538365077522
1806	-304.6189300172477
1807	-300.2716463853917
1808	-303.9460278042288
1809	-306.861677477803
1810	-300.38771178597045
1811	-306.05483284327335
1812	-308.7888214917001
1813	-305.08884441052146
1814	-305.0023236781204
1815	-306.6175316822741
1816	-304.67629472015767
1817	-300.230485549237
1818	-299.7755421761487
1819	-304.583927267242
1820	-302.701005392675
1821	-302.4712670784941
1822	-304.3895241646849
1823	-305.93687723168296
1824	-305.25375520383676
1825	-315.75105994925815
1826	-309.9141091728669
1827	-298.6786
1828	-303.43232095146914
1829	-301.3129719379383
1830	-295.74654531985266
1831	-302.49876690153184
1832	-309.4099764434783
1833	-300.1772636476781
1834	-306.3187429251808
1835	-302.3990476701541
1836	-305.0513411036969
1837	-306.7604578634606
1838	-311.67097482323436
1839	-304.7399408061406
1840	-299.14709028509736
1841	-300.54484754688536
1842	-299.67530617239737
1843	-302.4911235144023
1844	-301.93199919441423
1845	-314.42786990755246
1846	-307.9956821880061
1847	-298.21847303112634
1848	-302.04072537504436
1849	-304.4432684194804
1850	-304.7050996123609
1851	-310.06505306193225
1852	-299.14528951293363
1853	-307.6802161039602
1854	-305.13396375599643
1855	-303.91021842255464
1856	-306.7537696664144
1857	-308.0995460632721
1858	-307.1593459058278
1859	-305.56024703515754
1860	-303.9227717643849
1861	-299.8753221870161
1862	-304.2409102110381
1863	-307.931370042751
1864	-305.4282581191278
1865	-311.52454016087205
1866	-296.7943852020051
1867	-306.5614644691179
1868	-305.2282064202661
1869	-307.18224298212
1870	-304.9134967410621
1871	-304.09593749161314
1872	-307.86877878274754
1873	-306.1627555253478
1874	-305.7352972010723
1875	-302.9874632823688
1876	-304.8860169730235
1877	-301.15585557663104
1878	-302.3877046548778
1879	-305.04024323183774
1880	-304.3576509229562
1881	-306.3672157261018
1882	-303.64164942371673
1883	-308.0757738825551
1884	-299.03758053897286
1885	-300.86329131466636
1886	-306.1663343707673
1887	-305.5787559770468
1888	-304.3880088521785
1889	-301.14903243809476
1890	-303.3695375214817
1891	-305.3490088849092
1892	-300.3831818502628
1893	-300.78824770314776
1894	-302.7129665115419
1895	-307.38254566567315
1896	-298.4693284284504
1897	-294.51180353018555
1898	-303.10752861668243
1899	-303.9334997733907
1900	-301.49093553845165
1901	-305.1588769842896
1902	-299.5345977334672
1903	-297.0867432729909
1904	-298.18497451397474
1905	-296.1505667233352
1906	-301.6785205943104
1907	-302.4731078451727
1908	-298.0319491054266
1909	-305.29878179463003
1910	-306.67270876484963
1911	-299.833113760235
1912	-305.30958565487754
1913	-304.892655380961
1914	-303.5324743942098
1915	-301.8591387688987
1916	-304.60458115596214
1917	-304.12165276274067
1918	-302.12847885109153
1919	-308.48684033492106
1920	-303.8876801680876
1921	-300.9302595989667
1922	-304.78021621253845
1923	-306.14189524527256
1924	-306.30365267656293
1925	-300.57758695263567
1926	-300.47417066380206
1927	-304.7406830203701
1928	-304.6452586079517
1929	-305.7354020403589
1930	-305.54179608626373
1931	-304.32001006137614
1932	-305.3163116618634
1933	-305.9683428311917
1934	-302.78948424663326
1935	-302.7523788715308
1936	-303.62304809675857
1937	-303.69675837188356
1938	-306.95351204831377
1939	-303.55403058874924
1940	-302.9497858635351
1941	-305.4436145740436
1942	-303.94100429998537
1943	-305.0717906765125
1944	-305.1392349125983
1945	-301.00250012593847
1946	-299.20938865677874
1947	-309.5974763322988
1948	-293.16646910989687
1949	-302.60162428109777
1950	-305.7450932840027
1951	-300.81306712124797
1952	-294.63326246821003
1953	-301.26101166511575
1954	-306.6194580721783
1955	-305.42585845730207
1956	-301.9028639803054
1957	-301.3711374227909
1958	-302.0856395424799
1959	-302.1796795745826
1960	-305.3804441709425
1961	-294.8190495530854
1962	-306.82082362441156
1963	-304.8282444272596
1964	-302.5684076304837
1965	-303.2672827970518
1966	-303.28858817380285
1967	-303.58691306104345
1968	-294.72905710224734
1969	-305.2241184449316
1970	-306.1003597785945
1971	-299.0393851593546
1972	-306.99244536837006
1973	-309.3374618194769
1974	-303.9728456325494
1975	-301.22627327144744
1976	-295.0714204339992
1977	-301.5606667617054
1978	-301.28603629376545
1979	-298.8278906914444
1980	-305.3338323572124
1981	-309.52313880326
1982	-304.1237622357121
1983	-301.3562047648263
1984	-301.79021689581975
1985	-304.0799021837199
1986	-301.67774231148053
1987	-303.8112211060837
1988	-302.9720610451493
1989	-292.09698783491
1990	-301.3322362265842
1991	-297.6651000000226
1992	-299.9143125308043
1993	-297.7132000000001
1994	-299.151971232088
1995	-300.27200000013113
1996	-295.3042496575523
1997	-303.65945098359924
1998	-302.6193939704696
1999	-297.13240697896634
2000	-302.1689482259031
2001	-297.2834756005711
2002	-304.6901496993086
2003	-312.25931799195837
2004	-306.6968459080753
2005	-309.18381969261634
2006	-305.6253547300966
2007	-300.1821508136898
2008	-299.875455811826
2009	-305.8639368877672
2010	-301.6169418720935
2011	-295.5812821385256
2012	-308.11674512504067
2013	-305.2772255585948
2014	-302.21059116130306
2015	-297.9279730230873
2016	-294.2314620146631
2017	-307.651230919069
2018	-305.3416152345947
2019	-299.9016033550806
2020	-306.4103962689563
2021	-308.65033200298063
2022	-305.8896149106748
2023	-300.5307755836115
2024	-305.52213320221796
2025	-301.21654071533413
2026	-310.14992923089005
2027	-300.4861105859057
2028	-306.16831385652335
2029	-311.5945172841272
2030	-307.5576985681695
2031	-303.9496709841596
2032	-304.27962256907523
2033	-299.18706758785027
2034	-302.84184344510265
2035	-299.2969106255362
2036	-310.63893144000224
2037	-306.0603501715113
2038	-299.50999376585384
2039	-299.49152056886754
2040	-308.7041674188686
2041	-296.9603491242538
2042	-307.1767209056118
2043	-307.425823339586
2044	-303.3049906758237
2045	-304.5421303814821
2046	-298.59657587531456
2047	-303.0307000000001
2048	-306.3016308755593
2049	-304.9351680086586
2050	-309.1367272775803
2051	-297.69738699833135
2052	-305.1857340176027
2053	-303.61502600857904
2054	-308.82050697024664
2055	-303.6685234104445
2056	-307.8164916654684
2057	-306.5809050017025
2058	-305.7375147347717
2059	-299.87796889465744
2060	-304.129477261233
2061	-303.4006584032457
2062	-303.783673915882
2063	-295.6208974581969
2064	-302.44399611539365
2065	-304.99065802179615
2066	-296.91366199381685
2067	-300.16136830637936
2068	-308.12186605542774
2069	-299.7541160836281
2070	-297.53318141189027
2071	-307.3324387708299
2072	-304.29880138093085
2073	-299.8951500945458
2074	-297.9720072720015
2075	-301.8349940176941
2076	-304.5726415472639
2077	-303.6854200311272
2078	-304.84240398786426
2079	-301.14789522770184
2080	-301.56954524332656
2081	-308.021709542655
2082	-303.05992250402284
2083	-302.33553687813287
2084	-298.0864575683644
2085	-297.41208171702624
2086	-302.1561066369852
2087	-302.4285962860429
2088	-311.208334783977
2089	-308.3640365418503
2090	-312.1178577620544
2091	-312.68086848644947
2092	-306.7511278822916
2093	-308.3957263336672
2094	-303.98744483630816
2095	-305.15389073755927
2096	-302.8138823217385
2097	-301.1732710427383
2098	-300.47514298689725
2099	-297.79828278740393
2100	-309.21925106614447
2101	-304.5550003813342
2102	-305.94398365794706
2103	-297.6284781313031
2104	-306.96233462879025
2105	-307.5323218653284
2106	-307.19967944373235
2107	-305.26598315691155
2108	-301.67164445685745
2109	-309.1464859928746
2110	-310.97178827161895
2111	-305.0788
2112	-306.1420946342455
2113	-306.08089037769713
2114	-307.1859703861045
2115	-299.82627548376047
2116	-298.2176747790433
2117	-303.2593722098947
2118	-294.2107987494339
2119	-297.78255620655875
2120	-298.65270000000027
2121	-302.18441524576804
2122	-297.67293530925724
2123	-299.51116428468663
2124	-307.8178753014907
2125	-302.89609950788855
2126	-298.79302273577736
2127	-303.4934578199443
2128	-305.34877485365394
2129	-304.1773865122001
2130	-297.59740384024303
2131	-302.733424433345
2132	-299.50748145711896
2133	-307.9957562614945
2134	-300.59532911372577
2135	-309.00852973706014
2136	-305.5372188365676
2137	-309.7597821963918
2138	-304.388483891226
2139	-306.9617458706811
2140	-302.70053126864724
2141	-299.84749417630286
2142	-298.6588246115375
2143	-306.19440879524393
2144	-295.20191313620575
2145	-301.1258784769882
2146	-304.45622790706864
2147	-298.36407345168874
2148	-300.8623649248785
2149	-299.65535743802707
2150	-298.17058813629876
2151	-299.9574062002172
2152	-310.3331159036933
2153	-301.327749000844
2154	-307.70405718182406
2155	-302.2122232933209
2156	-301.0451845723632
2157	-303.6697827973954
2158	-298.10490600213427
2159	-304.0316084329651
2160	-297.920438574644
2161	-300.2582150310656
2162	-309.32327550291365
2163	-301.42000370304714
2164	-300.2282642646924
2165	-307.49425061692324
2166	-301.49816280251616
2167	-305.4799740267324
2168	-310.53215897616093
2169	-300.6991028040926
2170	-304.9730624304901
2171	-299.3097017275269
2172	-302.95135353071515
2173	-304.48672693170204
2174	-306.2528555832769
2175	-306.11285563725795
2176	-302.5927216604576
2177	-308.3761911004994
2178	-303.77130332593794
2179	-302.105226030766
2180	-307.1302120163415
2181	-307.772415010559
2182	-296.4948783774646
2183	-308.89723539394674
2184	-299.09880390251186
2185	-304.6867861992491
2186	-301.90266789235176
2187	-305.21664280766925
2188	-301.5763104686823
2189	-301.8128804782572
2190	-301.97824685461586
2191	-300.6975495585758
2192	-300.8753609902933
2193	-298.54196649992844
2194	-306.77531599516635
2195	-302.65805700097536
2196	-301.59400236740964
2197	-303.8970743969508
2198	-304.86561791934196
2199	-302.2065510794087
2200	-306.99847279102806
2201	-304.9781397339196
2202	-303.27909270578186
2203	-294.7159619477382
2204	-309.5176465836595
2205	-305.9322918061793
2206	-302.8033497802833
2207	-305.87287518391696
2208	-301.10098253951725
2209	-304.77679576887397
2210	-307.1458426318883
2211	-306.00777559758865
2212	-302.5880822377884
2213	-306.02243339894943
2214	-310.9050141225732
2215	-298.5531152227784
2216	-300.51283707360807
2217	-302.8103744265796
2218	-307.63759108888314
2219	-303.72064733601513
2220	-301.5584055865924
2221	-301.7179836178328
2222	-302.35176816472443
2223	-304.885986524838
2224	-302.8969190093156
2225	-302.9879102774797
2226	-302.96087495972404
2227	-308.3421436331035
2228	-304.7563660151574
2229	-302.96083485946934
2230	-304.72635500709623
2231	-308.4819414499723
2232	-304.8544679657827
2233	-306.5725999636628
2234	-310.0710858803907
2235	-305.97693149365426
2236	-299.73610531428994
2237	-299.56844594631633
2238	-307.3408404810358
2239	-307.14054637340547
2240	-304.2579961005842
2241	-302.6101011198109
2242	-303.242334204305
2243	-300.5881659835519
2244	-306.38916162813274
2245	-299.5521428831381
2246	-310.12191914355054
2247	-302.47334955490635
2248	-299.27133753902126
2249	-296.0598948136193
2250	-303.94637923018155
2251	-309.16124329942767
2252	-307.12799472612033
2253	-295.87951707078963
2254	-297.68488647536395
2255	-307.04111565926223
2256	-292.76198082360077
2257	-302.50890240453964
2258	-307.28771078418976
2259	-309.71099772298214
2260	-305.0721969730276
2261	-303.97419176844403
2262	-304.30045680210424
2263	-298.89690002334726
2264	-306.1123475423944
2265	-303.0569369678144
2266	-306.29665306014033
2267	-306.27107434173195
2268	-305.3250561094157
2269	-301.4819825217005
2270	-304.23649078790856
2271	-305.2841248426492
2272	-307.0143602560249
2273	-301.15269731704876
2274	-301.7115686283192
2275	-302.3002286802424
2276	-304.2206961580356
2277	-298.8963520996788
2278	-297.1405570158483
2279	-306.92777377535316
2280	-303.9675827568193
2281	-299.8785141750126
2282	-304.02955309515147
2283	-303.95406820126857
2284	-299.72234954595524
2285	-300.80410626479863
2286	-287.76355600154204
2287	-294.89940248248286
2288	-305.22375622882964
2289	-300.8805388641833
2290	-294.2286448067022
2291	-299.9461191742974
2292	-304.4571392955885
2293	-307.33061598123885
2294	-308.98089138235787
2295	-302.80818208406635
2296	-306.592314925632
2297	-309.09765007522867
2298	-304.80555675194785
2299	-308.3014129589154
2300	-297.9411
2301	-306.53737863934737
2302	-306.58850620683035
2303	-309.84132226472536
2304	-306.03276934025035
2305	-310.57652171537165
2306	-308.79836731528934
2307	-308.36601529558243
2308	-298.6155148425321
2309	-303.47085223063993
2310	-301.9865655404007
2311	-293.00855877416205
2312	-299.0364015766536
2313	-304.38621490353427
2314	-300.8468843299368
2315	-302.154444283186
2316	-301.75806262338773
2317	-305.5147656652223
2318	-299.7480815418752
2319	-302.6778003588973
2320	-302.75154279516744
2321	-304.29316123239363
2322	-304.1801900783423
2323	-296.79125928069567
2324	-303.94768155213706
2325	-307.84586190657916
2326	-306.39208980933074
2327	-307.33295735383564
2328	-306.5326061685411
2329	-304.9339650069045
2330	-302.8379789050404
2331	-302.48382354112636
2332	-301.6168448757723
2333	-299.0802682709688
2334	-296.21881249541894
2335	-307.055411899008
2336	-305.01194898765823
2337	-302.1781000583832
2338	-304.6372422782659
2339	-303.29842160038106
2340	-307.251791003679
2341	-309.0318700840711
2342	-303.0335087478203
2343	-301.3674377332594
2344	-300.8965016743917
2345	-308.524804564533
2346	-307.09510680819346
2347	-304.3161248261018
2348	-298.5319445505818
2349	-303.1364989073903
2350	-303.65835675686856
2351	-303.11747074328247
2352	-302.75162643186525
2353	-300.9231255174443
2354	-303.34379292484994
2355	-301.3253680909601
2356	-310.7061244463176
2357	-301.79866605748435
2358	-300.9682931467753
2359	-305.73271889929305
2360	-296.50810082455314
2361	-306.0873061493697
2362	-303.85020238070024
2363	-300.9344039893722
2364	-302.1819474530812
2365	-301.1479002142451
2366	-312.27110749066736
2367	-304.06412878039436
2368	-306.5974320657102
2369	-305.9015494898466
2370	-304.74550000000005
2371	-299.6730068388055
2372	-309.69174025044526
2373	-308.893982639293
2374	-302.3720462825653
2375	-306.09157426584585
2376	-305.1333400270182
2377	-303.5526525631752
2378	-304.72235796492197
2379	-299.963744019064
2380	-303.4293127041481
2381	-302.36271037923626
2382	-306.74550197669356
2383	-304.45560941629395
2384	-296.5464937344516
2385	-303.8601557378475
2386	-307.3150970656808
2387	-305.06015553706584
2388	-299.2490613404791
2389	-304.1058058155649
2390	-304.13058415056986
2391	-304.85196376782704
2392	-299.4899104295323
2393	-308.04394708803403
2394	-307.0908268732268
2395	-299.5286068420998
2396	-308.7544791701044
2397	-303.6454389503015
2398	-307.4507380306806
2399	-311.6582403128441
2400	-307.09110727927504
2401	-301.73787259813605
2402	-299.7743695930875
2403	-309.3976268762281
2404	-300.5760050775795
2405	-304.77027449970944
2406	-305.7175137431004
2407	-309.37191554612406
2408	-304.695200210527
2409	-305.49188016277077
2410	-304.88934854827534
2411	-301.8067694735966
2412	-310.10101339854106
2413	-302.81379807250545
2414	-304.27417631101
2415	-303.9426116537961
2416	-302.0017124603549
2417	-309.90041807216693
2418	-302.8998487333487
2419	-306.4380820997807
2420	-303.17147951838126
2421	-301.58643791614816
2422	-296.88954292996783
2423	-298.4445611410826
2424	-297.77971201740786
2425	-300.12625240535533
2426	-304.2645509055052
2427	-309.2508754503029
2428	-305.6790098729481
2429	-307.70472063907926
2430	-300.8579630986024
2431	-302.96255422300834
2432	-307.82963328271006
2433	-304.9105756842523
2434	-305.17416633185826
2435	-309.26693011213024
2436	-304.3534669575612
2437	-304.89244854569665
2438	-305.5654182433
2439	-305.0836773221913
2440	-309.5847320712739
2441	-303.10096413347924
2442	-304.9543126815136
2443	-304.623930512034
2444	-297.69239174147793
2445	-307.2582780576018
2446	-304.35005576428586
2447	-299.59148680728504
2448	-306.73286267440005
2449	-309.44453224315373
2450	-309.52444874861493
2451	-303.5853317054027
2452	-312.1843568879242
2453	-303.32571396298385
2454	-300.5889753053511
2455	-305.0762993706448
2456	-301.20910613667553
2457	-301.9181757800908
2458	-302.7341003625808
2459	-305.1761496232475
2460	-303.4750805334807
2461	-302.91502834492024
2462	-299.55292588744334
2463	-307.01835068222425
2464	-304.7154904678169
2465	-306.5600574791872
2466	-308.53435608247275
2467	-307.69435834401634
2468	-315.3054721576
2469	-307.78948996137655
2470	-307.4239089558959
2471	-304.2376482373492
2472	-302.9656436692961
2473	-304.5910330286112
2474	-304.3522627016573
2475	-306.2034548464625
2476	-311.02119547917135
2477	-309.57237868195716
2478	-301.20299924082855
2479	-313.0533305468747
2480	-303.58993860907464
2481	-304.2827570845796
2482	-309.96262415261566
2483	-305.8721107613479
2484	-301.7300327224981
2485	-311.04466817489373
2486	-296.04810115055085
2487	-306.5926841404627
2488	-298.70263008989787
2489	-304.5175453562747
2490	-300.17773772747285
2491	-303.69105856019263
2492	-303.0601882480823
2493	-297.8001529203815
2494	-303.61614559702826
2495	-307.68293287697406
2496	-298.2963388988943
2497	-304.0185307384883
2498	-306.5822609174753
2499	-309.68068403257683
2500	-297.06076927532007
