1	-304.5649483102761
2	-298.7459053562064
3	-306.08792930300257
4	-300.22355467711463
5	-302.8354151276625
6	-310.9638767961997
7	-299.7964306508509
8	-310.1932779306376
9	-303.0816960063954
10	-308.6396589995287
11	-304.8890911977441
12	-310.78570615738346
13	-310.4263814821018
14	-310.3080431180794
15	-307.21493244377945
16	-306.45750339250014
17	-308.4519486142524
18	-301.87205391464454
19	-302.2525851360202
20	-308.277439203359
21	-310.61530540794513
22	-299.0935021481445
23	-311.2615232982273
24	-306.96093743078154
25	-310.0495787447463
26	-306.5787841868172
27	-309.60536890838733
28	-303.4733514906272
29	-312.5676274298299
30	-304.26448897916293
31	-306.9946796039688
32	-305.9785074262984
33	-303.83429467532625
34	-305.0898883654676
35	-304.45597485107095
36	-300.93887063786747
37	-307.3319660725764
38	-308.7562470270176
39	-303.6510602327242
40	-308.68583924739124
41	-305.407438765709
42	-305.1280504741576
43	-309.73099658201295
44	-299.6718505102603
45	-299.9588885136588
46	-307.9638051162334
47	-303.3154463186566
48	-308.4328041928024
49	-309.32545626345836
50	-309.05971641867325
51	-310.96055533926244
52	-310.4995625257575
53	-301.5123118672949
54	-312.04615140819664
55	-299.65416250554904
56	-311.20244512415366
57	-305.75257998389486
58	-305.0960905409534
59	-306.74681907442925
60	-309.392655233809
61	-307.9948624099328
62	-308.00112972588204
63	-306.5117983957529
64	-307.0986000830536
65	-309.7010960456322
66	-304.0898474660865
67	-302.69811517563153
68	-309.241441457443
69	-305.4122274233089
70	-298.8208438789813
71	-303.1223169348485
72	-307.1103687033784
73	-307.7119861994452
74	-305.55649151454077
75	-310.0918604346426
76	-301.32928463487565
77	-301.0167823026858
78	-297.83463463365314
79	-303.86167680455696
80	-303.71969610955773
81	-302.7063529183443
82	-301.74812410593614
83	-302.5671276382454
84	-301.8652349867113
85	-307.2308516975339
86	-309.92191089278185
87	-299.54304485284354
88	-301.7788219792992
89	-307.9921287670304
90	-305.822917675299
91	-313.255871763268
92	-301.1560216997662
93	-305.1514585684738
94	-308.0839374153059
95	-312.59338719843663
96	-313.14713181001684
97	-310.3420096638697
98	-306.452282353851
99	-310.2833802923876
100	-308.0494273882691
101	-309.84856505048396
102	-300.02945592373186
103	-309.3647326881294
104	-312.99308767420837
105	-308.9858395644963
106	-303.6367915194601
107	-311.39611737915396
108	-305.4819289038817
109	-302.56558554951005
110	-302.22036541743046
111	-313.09065310063903
112	-304.2848002664112
113	-310.50094822912405
114	-309.02102276905566
115	-307.5173348629152
116	-302.89441460340146
117	-307.6860827091038
118	-307.51824805987764
119	-309.22707926463636
120	-307.24245949184905
121	-305.70071112696945
122	-306.86600453152
123	-313.2296483648341
124	-307.6252448921518
125	-315.1351453347512
126	-313.8047503745655
127	-308.1785251049354
128	-303.48470253584503
129	-303.1290671759572
130	-305.33736019282725
131	-305.8369289680376
132	-301.31185986512116
133	-305.4880119349025
134	-308.6779462285762
135	-311.6985894313427
136	-303.7280237667555
137	-297.34205944151654
138	-299.34424071795104
139	-307.5102930266946
140	-303.1596078098147
141	-303.55543781042326
142	-310.84433567209794
143	-304.93779810970904
144	-302.6347698571344
145	-307.4199921251673
146	-304.86716651656684
147	-308.4341023678837
148	-305.2916222507157
149	-309.8572428187213
150	-301.0772125399476
151	-307.1454554158921
152	-303.04912704342456
153	-303.48144022801705
154	-308.81558683193134
155	-305.17441742980566
156	-309.60068568305326
157	-306.0605742219303
158	-304.1442653204777
159	-309.42640954698896
160	-306.978029087235
161	-304.3900516245959
162	-307.84400164766424
163	-304.1956143478991
164	-302.3704582372812
165	-306.240203330422
166	-299.12009173001775
167	-303.13584701430955
168	-305.3816012745907
169	-301.0237065806608
170	-305.51720816556286
171	-302.2929428320991
172	-304.89501293922126
173	-305.5024477032509
174	-306.9831353936482
175	-306.8263923055819
176	-308.69047174396434
177	-300.4000374114335
178	-311.49835765534516
179	-303.7850633618385
180	-307.5496080112567
181	-300.1683101275148
182	-305.90932235077634
183	-312.83367304408426
184	-303.4391120582636
185	-306.54874944496066
186	-302.2509834266628
187	-299.3557825917717
188	-307.0317522086335
189	-305.0949398848923
190	-300.8505991352482
191	-308.8621122962699
192	-306.3686376292315
193	-312.267350352159
194	-303.80489133619795
195	-302.07629022163303
196	-305.35506820028553
197	-307.64911300214663
198	-311.1812927201768
199	-304.39298061938774
200	-311.48264583746436
201	-305.9459929222093
202	-307.4459416521277
203	-304.4649761595711
204	-304.84699998700074
205	-305.3440739438438
206	-302.69575896798324
207	-303.29511482800467
208	-306.8359316193279
209	-297.32021152738247
210	-304.78151231262837
211	-309.51072634641537
212	-306.34576591005333
213	-308.6272234522644
214	-308.70482998971113
215	-306.53265815373356
216	-303.4386397782713
217	-307.2644232486771
218	-309.39036038212004
219	-307.0010316505304
220	-305.4892334355227
221	-309.86412063465275
222	-307.89316032738515
223	-307.54652270370303
224	-307.9584594297063
225	-307.80216710049086
226	-305.1656048458561
227	-309.12519778541025
228	-306.07450072530503
229	-301.8018150777611
230	-306.8569086381905
231	-298.8665041775852
232	-309.92204370408956
233	-310.1726509963193
234	-304.4122629894917
235	-304.83869829565646
236	-308.2296198013104
237	-302.33118777925404
238	-308.83258147473913
239	-304.21473567162013
240	-305.35789695504775
241	-306.54178172526736
242	-306.5804882109897
243	-296.5362792418184
244	-304.0991272515498
245	-310.1895977059025
246	-302.8879792576198
247	-309.05885101203546
248	-305.0285789641007
249	-309.43252345500366
250	-305.5022480860823
251	-305.3970337592239
252	-308.89839516381795
253	-306.34166904172656
254	-308.94180408372006
255	-306.0724984221348
256	-302.89844397577315
257	-307.68324093319757
258	-305.71329358824823
259	-305.5872680577345
260	-304.02574269070345
261	-308.3535458350647
262	-299.6388050189745
263	-306.85229625796404
264	-299.91472820244
265	-306.10721960170025
266	-304.0447389553991
267	-307.3315563341403
268	-308.9140238284936
269	-302.21856542025336
270	-301.45666002189665
271	-305.7626437659161
272	-308.43450820054744
273	-301.6282482020493
274	-307.1093215265472
275	-304.59330651662816
276	-307.3761818620795
277	-306.03457389415235
278	-298.32178422162156
279	-306.4834637259068
280	-305.4746080485537
281	-306.0467474714006
282	-297.6146963969733
283	-302.41233204956126
284	-303.17860168279196
285	-306.5377261067485
286	-307.01522322533987
287	-301.9105788025112
288	-301.69289148256905
289	-305.7234209522798
290	-303.5720498557312
291	-305.37250611028793
292	-307.05724647232495
293	-311.27700392247584
294	-305.46227501240486
295	-306.6660332067007
296	-304.04061721134326
297	-309.0646288204111
298	-309.6329304938882
299	-304.1575691366442
300	-300.44220772948927
301	-303.0577097302668
302	-311.2006677366572
303	-310.5944786200037
304	-306.9356664941045
305	-311.5832953834694
306	-296.7664968375432
307	-313.08159132947935
308	-300.5092669336803
309	-302.0967648230991
310	-308.05993597163337
311	-307.16724351957606
312	-306.95408120281263
313	-308.3788450504551
314	-307.47538356883405
315	-299.63984110466646
316	-305.39728420278203
317	-302.7283116072485
318	-305.88520145029264
319	-302.7438773968934
320	-306.77732539255067
321	-304.5001018420521
322	-303.4343946183484
323	-309.0198353110709
324	-300.36929781004983
325	-306.7861792482449
326	-309.6846221315107
327	-306.0496858716977
328	-301.3659928875093
329	-312.0396993055701
330	-301.56301902139523
331	-304.38322944801723
332	-306.62820864102383
333	-299.1428132429108
334	-302.19318420799624
335	-305.0588442187737
336	-306.54992116755113
337	-303.53334184814514
338	-302.1090619377873
339	-307.3167185957514
340	-301.59428015538106
341	-301.24823087039874
342	-304.67413619561495
343	-298.6152357533791
344	-302.29203615808217
345	-297.4267570780439
346	-299.4685228045502
347	-306.14481137249675
348	-302.99211461092983
349	-306.1303505449949
350	-308.453408892622
351	-302.68665672296584
352	-302.04301814255
353	-308.80254568235466
354	-306.8338265097359
355	-306.97913550131983
356	-310.8358682259387
357	-301.68845602759444
358	-304.53689214620306
359	-304.5843745085823
360	-301.0924847220931
361	-304.2196197988537
362	-310.11197944563065
363	-306.8881241164336
364	-311.8613151780454
365	-312.10496944910284
366	-310.2930526507333
367	-308.1913092029634
368	-310.8478664305438
369	-310.3156012362335
370	-303.4428632254351
371	-306.66694358938577
372	-309.7085774693299
373	-301.87331949095704
374	-304.50396593614596
375	-304.19333092411784
376	-307.10564033389403
377	-307.10643382312077
378	-304.5062250276784
379	-309.09865272214057
380	-301.0864472341321
381	-303.467679078367
382	-304.6323591236884
383	-306.9009326316831
384	-301.46817140260293
385	-310.40414995231174
386	-311.2095787828423
387	-306.58145093709555
388	-311.24855075195234
389	-302.4091441592646
390	-304.44609040644156
391	-309.33345365901897
392	-304.7622224173219
393	-308.8241146679216
394	-303.5985818892798
395	-300.37128395841927
396	-296.34702280429036
397	-300.55905440693124
398	-306.7360627172735
399	-303.6495752232618
400	-302.7351215017167
401	-306.18985277331024
402	-302.9747583979548
403	-307.7997701083124
404	-305.3448505177769
405	-307.3787750174937
406	-307.43459890777945
407	-297.981601132186
408	-309.3628469157016
409	-307.0458932111591
410	-308.1728988490741
411	-311.57762656197264
412	-304.80556597717106
413	-300.40305599863126
414	-308.3250989107093
415	-303.05878723559005
416	-308.7103641641605
417	-302.5300710941927
418	-306.2576323864481
419	-304.9106502203894
420	-305.85840001066816
421	-304.37267885453036
422	-302.3438489523929
423	-298.67681340644
424	-307.4244638598441
425	-306.6537255376049
426	-302.78555069576777
427	-308.11755667525927
428	-296.8942670927653
429	-301.50368562047134
430	-301.2527536748392
431	-306.16582292058706
432	-303.68912225602764
433	-303.05607994697186
434	-301.06979679976604
435	-306.27487735475574
436	-307.43071917234226
437	-304.4878510672137
438	-308.08797027945565
439	-299.9028535848565
440	-302.9551821837289
441	-304.88505680058836
442	-294.93176842340154
443	-304.30784113382595
444	-304.2135527854239
445	-303.3559825003188
446	-308.1854439776602
447	-298.0222523218933
448	-305.7171979088
449	-304.2629273304149
450	-302.07556463060877
451	-303.5631105615623
452	-307.60132142852206
453	-301.3253114500829
454	-302.13605731529424
455	-301.3501481297871
456	-299.70520063842366
457	-308.46491082081286
458	-303.3185027540332
459	-303.2935810786858
460	-301.49754047295096
461	-306.79457258477277
462	-307.03619998406543
463	-310.3421306945296
464	-297.9897081043036
465	-308.9537452295512
466	-310.15813095271557
467	-302.4940795337629
468	-303.720100596631
469	-300.6061113474114
470	-302.42147358845074
471	-303.51365589678244
472	-300.5138136893688
473	-306.9881328076008
474	-307.493736147748
475	-304.03954683339543
476	-309.1346256927801
477	-306.274010024234
478	-303.84170550546975
479	-302.16220700210295
480	-304.24620039125296
481	-303.74363996516837
482	-309.46349788033973
483	-306.92515758067515
484	-298.8630518299671
485	-304.13348502735823
486	-303.1611793077953
487	-305.03266873921035
488	-293.3629746226735
489	-297.65775373985304
490	-297.8549003880093
491	-305.29622354043914
492	-303.08751173519596
493	-300.5061387553225
494	-302.95105189049946
495	-304.3362250582782
496	-302.65060690386207
497	-302.94004631099295
498	-310.0052376801131
499	-303.24106317403647
500	-301.60269043797024
501	-306.8088863412188
502	-293.00534074184844
503	-297.3659080344347
504	-295.00424226740796
505	-305.94794719972424
506	-307.8185648550388
507	-300.370656443147
508	-302.10578455992095
509	-309.40306363950305
510	-304.08689285842155
511	-315.24353655057666
512	-305.5892725197712
513	-307.04250719476414
514	-301.77779125177955
515	-300.42517385817433
516	-295.19140617677334
517	-306.3402720962646
518	-307.60054171683544
519	-296.77912443101314
520	-296.1993036505139
521	-303.0074551540087
522	-300.9439088311389
523	-299.4897434310445
524	-294.916327043372
525	-298.35240000000005
526	-306.5665156144664
527	-302.86969529948783
528	-301.276784709088
529	-305.80539334652383
530	-302.4988495961826
531	-307.2128913333528
532	-307.9772525959353
533	-302.46648784563945
534	-299.44444402404025
535	-301.610725789434
536	-308.49951281379725
537	-299.05641669105654
538	-301.7462895923417
539	-305.97611172915293
540	-305.1554500360348
541	-301.9857401751404
542	-302.54519993982177
543	-307.9060423614111
544	-306.3222043047909
545	-301.4872455776126
546	-300.2869522224028
547	-304.8324625094654
548	-304.0840175487442
549	-303.68908986450566
550	-305.5578172263176
551	-304.6338626855977
552	-301.1590168793087
553	-303.2025377150962
554	-298.1094369887266
555	-307.04503987676947
556	-304.0383468894752
557	-305.1198979820929
558	-307.64855638424234
559	-299.87623293233105
560	-304.1994000624597
561	-311.3080661171586
562	-300.4853322268692
563	-301.55526255295
564	-303.2382037401325
565	-295.6698412546803
566	-303.02881232084167
567	-302.19955155570443
568	-308.1892004751745
569	-300.7772845542633
570	-303.2683671152771
571	-301.33980837764943
572	-307.9481297100145
573	-298.08330102304717
574	-304.9856786219783
575	-306.8677257295123
576	-302.5702952633261
577	-305.7921161164858
578	-299.2805053048435
579	-301.3140449188041
580	-304.5884632780068
581	-306.2991274768706
582	-300.69028558125655
583	-301.9983881927095
584	-303.79142105046554
585	-300.70411414809917
586	-304.1064593766252
587	-308.6728521453274
588	-304.7147187171587
589	-301.6891384836681
590	-303.7029460290631
591	-306.31268302700624
592	-305.3638616874295
593	-302.8621977575459
594	-306.88226307177786
595	-303.1763755508482
596	-307.4824521992644
597	-310.57361305945506
598	-307.04084831202005
599	-307.16960769510325
600	-304.7490180604563
601	-305.2718513339111
602	-307.41210925727614
603	-299.93488015194936
604	-309.82982903824484
605	-293.8054217467175
606	-302.5093351856215
607	-304.6716317526948
608	-302.28984154053364
609	-297.3557962805221
610	-306.0744905973532
611	-301.05104844989074
612	-302.40569274780955
613	-302.6126337789737
614	-305.69539753413363
615	-298.79095666081275
616	-303.79141693964897
617	-302.859729705909
618	-303.74364767262256
619	-307.6079197154488
620	-308.95366508703745
621	-310.23159963788095
622	-307.44224070210635
623	-302.0454169983513
624	-306.7371933816426
625	-304.9321174681524
626	-301.3599520788809
627	-302.51647026589444
628	-298.9863521043996
629	-298.8151830208707
630	-309.27152138875886
631	-307.1396601464975
632	-308.3282770982134
633	-309.95410036990546
634	-304.21194795686256
635	-301.5149544363265
636	-300.8538517794363
637	-301.4264410976589
638	-307.19521678849225
639	-298.83244695991533
640	-296.21056525747355
641	-307.4607492362855
642	-308.35980047467723
643	-304.4201178086359
644	-309.011928695198
645	-304.5328344893346
646	-304.4367269522478
647	-304.45387467389173
648	-301.46098624406216
649	-305.30137355565165
650	-306.06603229370023
651	-295.36584249632506
652	-303.61006132042155
653	-305.2078724207563
654	-305.3655681210615
655	-303.32573827087657
656	-297.92453112241503
657	-303.49254672207877
658	-307.9614464926711
659	-307.2867280698364
660	-306.99258599364777
661	-307.6006533203108
662	-306.8832802732293
663	-303.2122532115602
664	-300.6066849220032
665	-304.7854684146193
666	-302.9776903361362
667	-303.9954079711954
668	-306.66159926051114
669	-308.0768207960999
670	-303.03187759156765
671	-306.13200470039465
672	-302.55331374545966
673	-306.16730805072814
674	-301.61763440790844
675	-300.4180198479835
676	-304.1511549092039
677	-306.30597838321825
678	-306.03356674890085
679	-308.4770654734134
680	-294.35390109577423
681	-307.4536393251036
682	-306.46136446573905
683	-302.01679889751074
684	-303.94823974029555
685	-305.48084673600783
686	-306.07132856580756
687	-302.0406820982296
688	-305.94480773128976
689	-297.0524358789301
690	-306.3495103287531
691	-300.27861348872943
692	-310.81374897908273
693	-300.7148635619286
694	-297.94543815934026
695	-307.0135503192044
696	-301.37804535274586
697	-299.05322537873775
698	-305.321336763638
699	-308.88133791263147
700	-305.4103238164191
701	-295.4191248338401
702	-303.7557946754749
703	-305.2105281206425
704	-309.4233222023311
705	-307.50268198924954
706	-303.52684812328073
707	-302.1517819205384
708	-309.115945134857
709	-303.0928306125905
710	-300.24518962354114
711	-298.5094671565941
712	-307.30252015373856
713	-306.68041684024405
714	-301.7123008323494
715	-301.92707700896347
716	-308.31086552210763
717	-307.7338217180767
718	-302.6795043907736
719	-304.2045842458577
720	-306.07489835888737
721	-299.46487306271297
722	-300.83373440690394
723	-304.8069795902311
724	-306.27881703921
725	-302.11836144203545
726	-303.64932475200254
727	-299.4865401299964
728	-303.8900524476876
729	-302.85774603054824
730	-300.34819632832125
731	-302.6756898595549
732	-308.11390006176305
733	-305.5821755424443
734	-299.62933718329936
735	-302.00249495612167
736	-301.5277634119179
737	-297.3138469152323
738	-305.7092340096823
739	-303.57393773227585
740	-301.9227345452695
741	-305.6692085687369
742	-308.2112317598259
743	-296.2723871105345
744	-303.45296972210565
745	-308.966478571552
746	-299.21359583724876
747	-303.8606025551109
748	-305.4136408769966
749	-299.80357810506285
750	-304.80959490290905
751	-306.60509602930034
752	-306.0950713984941
753	-300.8188994048321
754	-305.158
755	-299.4884326709066
756	-304.01407881177767
757	-306.8332032173195
758	-305.5761959519829
759	-306.26818528556163
760	-305.3092272823681
761	-306.25121385627614
762	-307.02734336842866
763	-310.9266198330342
764	-304.8233453613775
765	-302.0025653131598
766	-305.8663543112465
767	-310.2676435746453
768	-305.2043141937576
769	-302.6774455069035
770	-294.7209684353725
771	-300.6261528473668
772	-298.45750344339433
773	-306.7102777388231
774	-303.6814990265676
775	-304.8329300102359
776	-303.63152991583587
777	-307.6943767058347
778	-306.7723156556367
779	-305.4691554435706
780	-309.2130834281488
781	-306.0461803396038
782	-305.6126
783	-303.0862723577037
784	-302.6827114902829
785	-299.95598909210156
786	-304.0670748704956
787	-307.1753726625862
788	-306.50883270227894
789	-296.31320162453596
790	-299.02867210248814
791	-303.18085352966835
792	-301.140157530588
793	-303.1550560516774
794	-300.06544326199463
795	-310.71077311817675
796	-304.06131131039155
797	-308.96932692261953
798	-305.2929467079118
799	-299.9051225636303
800	-303.6435855701395
801	-306.2256993601458
802	-301.9650180452624
803	-299.6588292450083
804	-299.67636484676757
805	-300.77790002734673
806	-302.8726958997502
807	-303.2571808691133
808	-293.07882521786524
809	-298.84331043463817
810	-307.6657641198342
811	-301.4972856528133
812	-303.68726890705364
813	-307.87429509313057
814	-308.1472519594377
815	-300.3014190641452
816	-307.4783796446821
817	-298.3807744157624
818	-306.2370658347252
819	-301.1831319475257
820	-308.15611244558534
821	-303.0387259204818
822	-309.62668618503466
823	-311.71123354794537
824	-303.6665379235379
825	-309.48578891024323
826	-305.06834831223546
827	-305.91119192473144
828	-298.6831439103995
829	-306.1464410907956
830	-304.1676100091031
831	-307.47137645235915
832	-304.33846246722624
833	-304.2810346997105
834	-302.0760467766259
835	-303.0776525955649
836	-306.7750467047012
837	-297.672033479274
838	-305.1787040671116
839	-310.3340767075968
840	-307.9978915993195
841	-304.69127905117637
842	-299.27220824937007
843	-305.49001419931096
844	-304.4932439614498
845	-307.04005249690164
846	-303.3617483213766
847	-308.8676992636333
848	-308.43020837285366
849	-308.546299597777
850	-310.201526533445
851	-306.67429389761844
852	-309.8298312919577
853	-310.23903691316957
854	-312.10471580550785
855	-307.66383293719264
856	-304.89280721917214
857	-307.58820795716264
858	-304.65553565971254
859	-303.7977161817583
860	-304.79801054624266
861	-300.0685987852237
862	-308.3275451925351
863	-303.00145253634196
864	-302.32938215649864
865	-301.28969147117806
866	-302.81798844524053
867	-307.85956050987505
868	-304.57031172396273
869	-307.220696357316
870	-306.6125361850187
871	-298.79069540850145
872	-308.93486642659616
873	-306.5138892807053
874	-303.3627554690199
875	-303.7606650700425
876	-299.1918665761028
877	-300.32076579398097
878	-297.610412833628
879	-305.4404790741131
880	-301.6221149555213
881	-305.55610225883856
882	-311.31961655072905
883	-311.25121015437315
884	-311.29916680895013
885	-310.73150289664363
886	-309.4724218478091
887	-307.75387651250395
888	-303.6293076483458
889	-309.2099763777397
890	-301.09089658283057
891	-308.221441488114
892	-300.7703249256897
893	-302.5743663632841
894	-307.05067435792864
895	-303.1204213356809
896	-306.5965322676914
897	-308.91062799934406
898	-303.8335352947293
899	-301.5512800698812
900	-309.07983942601004
901	-297.4606355868951
902	-305.49523238572255
903	-306.7925533747741
904	-304.85163616809984
905	-305.83765443014414
906	-302.29784222153654
907	-300.38276075507997
908	-303.97692591599315
909	-308.6782635292992
910	-303.9756069515884
911	-304.76276817893
912	-305.1896488798893
913	-301.99644071557447
914	-302.1956554207647
915	-309.55389740125355
916	-304.4768758490087
917	-301.83012944635874
918	-299.9790046333557
919	-308.7215714728305
920	-304.95354781404257
921	-302.43345856133055
922	-299.44716264173394
923	-303.9639973644611
924	-307.9322910003032
925	-311.057790537711
926	-306.97691818233653
927	-306.82460583922887
928	-304.34982049819286
929	-309.10609231897877
930	-306.0737638024708
931	-307.6817403484501
932	-304.6254689737695
933	-309.3343745066876
934	-309.3343197657631
935	-307.81800154849725
936	-309.2265054118835
937	-303.5139137416082
938	-297.53898974430933
939	-307.1193710483272
940	-303.4352592833666
941	-304.29785670529793
942	-304.2506429716595
943	-297.0119169556933
944	-309.10432849547493
945	-306.32182390371634
946	-300.83384263114857
947	-305.574178973333
948	-308.4168921339893
949	-310.84013964213534
950	-307.5155604138654
951	-311.29663005391075
952	-305.7122652005106
953	-306.6796261692391
954	-309.22705151853154
955	-303.53131123683136
956	-300.73769227136023
957	-305.22051894215474
958	-308.88565016830785
959	-303.23628123421486
960	-309.77197286732303
961	-306.9983702673564
962	-305.55567889155384
963	-307.78231491547297
964	-308.61796169778654
965	-304.0332307490895
966	-305.1062917526773
967	-306.28278341312625
968	-301.87856464404274
969	-305.82565805267717
970	-302.6797844051753
971	-304.68800386677555
972	-302.5710149008928
973	-303.34832783810776
974	-297.61455342035066
975	-308.7281346648817
976	-303.0415432654149
977	-308.10744783945773
978	-303.91349902922354
979	-307.08844120952585
980	-308.7381127953008
981	-306.22102296442097
982	-302.98894078592815
983	-303.3857677752752
984	-306.4926268285193
985	-306.7172216593947
986	-311.13569524561535
987	-306.1707389137613
988	-292.3229593422305
989	-308.72533742831916
990	-302.031480491617
991	-306.40687346283175
992	-308.5089371034782
993	-303.7291062489204
994	-305.31379128900784
995	-307.5043344150499
996	-306.4343824572989
997	-305.2838173477289
998	-301.62537325387154
999	-308.8589044074746
1000	-304.00106745843044
1001	-299.5921992619307
1002	-302.0838882797269
1003	-307.23648818662167
1004	-308.952233613157
1005	-303.51189105097524
1006	-305.1320242893401
1007	-302.2073380241202
1008	-306.7776065422781
1009	-303.9681534742837
1010	-301.15762211723916
1011	-310.1594473739784
1012	-305.6501085152653
1013	-308.5329795873502
1014	-307.27966654664107
1015	-306.9433146951092
1016	-306.22990566128885
1017	-310.0262976041592
1018	-307.7795548306682
1019	-302.4374757916684
1020	-301.2942224076062
1021	-301.875389715236
1022	-304.44950693364444
1023	-302.1919376866067
1024	-302.11918819832067
1025	-309.30522682349186
1026	-307.7893975528986
1027	-310.05761503099046
1028	-307.5213626729593
1029	-304.4453135404092
1030	-304.65211811118746
1031	-305.9916776498701
1032	-297.8479521072269
1033	-303.8797738157837
1034	-298.1328115171212
1035	-308.5226062163918
1036	-302.9902849547812
1037	-304.5090734393648
1038	-310.1274799093172
1039	-305.42148119234645
1040	-307.3354509729711
1041	-307.4135485948145
1042	-308.5736114276747
1043	-306.6052045518947
1044	-307.34804462033617
1045	-302.0005643787916
1046	-298.5497012909224
1047	-306.72122463733245
1048	-302.2034948977448
1049	-305.7004484010563
1050	-312.3738730545335
1051	-310.001543907685
1052	-310.1253751018508
1053	-311.3550283516717
1054	-304.50713302832133
1055	-305.47315027303006
1056	-306.53118734872163
1057	-307.9739956291374
1058	-312.16070681604174
1059	-313.1483437821733
1060	-308.5682449364528
1061	-314.14936524809434
1062	-308.22356716906415
1063	-305.62435256864444
1064	-309.5081670695166
1065	-308.1540438547272
1066	-302.4913896850932
1067	-302.33216728054174
1068	-303.1341713055919
1069	-310.96214304979526
1070	-305.7748561871529
1071	-302.8654238970951
1072	-302.4675081613485
1073	-302.8333813425264
1074	-307.01885479602157
1075	-305.11343892453874
1076	-303.7426384431829
1077	-309.1449230794068
1078	-311.54333998567074
1079	-310.0290705543045
1080	-306.5025088619867
1081	-301.4902637317293
1082	-305.3404763644691
1083	-306.0967576333035
1084	-310.12100675488585
1085	-307.922210932772
1086	-309.2182254195696
1087	-303.27839062787353
1088	-303.85071398181066
1089	-306.6524411560315
1090	-312.03881303805724
1091	-308.44635767515297
1092	-312.3114303493072
1093	-303.7903193673737
1094	-304.6151541839953
1095	-299.1712261607195
1096	-309.2896767088905
1097	-302.5116155088973
1098	-313.50116337507905
1099	-302.23249169938373
1100	-315.8576538318666
1101	-308.3110554438192
1102	-312.82227200164965
1103	-306.7619308337197
1104	-309.10893635052685
1105	-303.58668782148817
1106	-305.2894762570097
1107	-313.92675203533184
1108	-312.8388851605155
1109	-310.5591235524177
1110	-303.63376112738666
1111	-309.32950070042875
1112	-309.874311299756
1113	-309.60814218700096
1114	-311.56484943550555
1115	-301.89287941706755
1116	-311.5852249534362
1117	-306.19032355145595
1118	-309.9099905775021
1119	-305.9676075568769
1120	-304.07543797566507
1121	-305.6481555189135
1122	-303.73847366394233
1123	-313.05002564928134
1124	-309.6264476783092
1125	-308.0165559962754
1126	-310.0500024849384
1127	-311.51965724560176
1128	-312.6847427409712
1129	-301.6358326497827
1130	-307.09707607574705
1131	-312.5079614989845
1132	-310.30722852332264
1133	-307.38436700418475
1134	-299.1131085545067
1135	-314.2629882818636
1136	-308.8135912734821
1137	-300.5795499470866
1138	-308.24475701280556
1139	-306.5629373344394
1140	-308.7628561340427
1141	-302.0032539927121
1142	-304.4370052160936
1143	-306.91131976282946
1144	-296.15481247211443
1145	-303.87681663671765
1146	-307.9150098737126
1147	-301.5878170123238
1148	-306.7760989719059
1149	-309.28949968179813
1150	-309.85802096967933
1151	-309.0913951722143
1152	-302.1480032553097
1153	-305.62930272232717
1154	-303.434095740494
1155	-297.0983309023314
1156	-310.5654644529899
1157	-308.3398873973013
1158	-305.11813793871096
1159	-310.9070571651368
1160	-306.3197150972082
1161	-306.50023302101255
1162	-304.67573332585266
1163	-297.26114146118005
1164	-305.6417671607094
1165	-306.10734677349274
1166	-299.25187567679745
1167	-296.7690248687976
1168	-296.13235332699435
1169	-305.130913969689
1170	-303.8864352378472
1171	-304.51165964420255
1172	-302.3565565367648
1173	-294.87931361996294
1174	-302.792797167544
1175	-303.1712192285765
1176	-310.28199041936426
1177	-305.338033982558
1178	-305.0458233393315
1179	-300.09671245130886
1180	-302.16158429375844
1181	-302.09140096666283
1182	-300.2601656844188
1183	-301.73661002604945
1184	-304.2856000000003
1185	-299.72185757277936
1186	-298.81791058150424
1187	-294.8373394168321
1188	-300.8753752696358
1189	-300.3904213372409
1190	-301.10199528333305
1191	-297.18539694985395
1192	-301.41282339478994
1193	-304.0311818118796
1194	-307.68298168786663
1195	-300.8139625914843
1196	-292.71545768641636
1197	-298.58099830969286
1198	-300.39818514837623
1199	-302.17710417067593
1200	-300.09340000062656
1201	-298.46471876111076
1202	-299.140444093536
1203	-307.71772035009565
1204	-307.8192107791391
1205	-299.8363222808477
1206	-293.01754499828206
1207	-303.3903628414431
1208	-301.02352276397954
1209	-303.2486
1210	-305.8311955365662
1211	-298.85723248845846
1212	-304.3019915679098
1213	-306.2652017969491
1214	-311.7839973999455
1215	-295.95940203515573
1216	-309.69985136006784
1217	-306.034730519281
1218	-302.46636082254645
1219	-306.70731609103
1220	-306.56565357947227
1221	-307.65290122060077
1222	-298.16259882784175
1223	-303.1157068057463
1224	-305.92406362813983
1225	-304.2104792347794
1226	-305.3714849048501
1227	-305.2721190960397
1228	-309.6182637013029
1229	-301.7017932524057
1230	-303.1819065816956
1231	-306.7396540380024
1232	-305.2186878030626
1233	-311.04549297753005
1234	-300.1453215568843
1235	-307.3218158510473
1236	-304.2509394978289
1237	-302.1750007083869
1238	-309.9034386528764
1239	-302.46145385349854
1240	-306.8213463570421
1241	-307.1949746899512
1242	-303.7990282717702
1243	-306.4279544871857
1244	-301.6361750627665
1245	-301.7991233982168
1246	-298.1529849918504
1247	-308.9984195720988
1248	-305.6854840314844
1249	-301.43243451462797
1250	-296.70884138325044
1251	-300.9488921219403
1252	-301.17377411425554
1253	-299.31228982459623
1254	-300.48456748065814
1255	-296.4595302676176
1256	-299.99909541318266
1257	-299.76115527009165
1258	-301.94768867435846
1259	-297.6553587827132
1260	-304.67967215967946
1261	-307.21089544675596
1262	-297.58135331657576
1263	-296.5764540067193
1264	-307.56198390608483
1265	-305.39994561609416
1266	-302.2790242949544
1267	-306.1965372380768
1268	-302.2360264279746
1269	-298.9335203850028
1270	-302.9469795591417
1271	-303.3867227847597
1272	-307.20982529160057
1273	-306.91663718123715
1274	-299.57316438376995
1275	-301.77359581828296
1276	-300.6369271369892
1277	-300.7362961339061
1278	-297.95216644892645
1279	-302.8536372515438
1280	-303.35103230089135
1281	-307.1063800035758
1282	-305.9421148276223
1283	-308.2927001100081
1284	-309.62351477676845
1285	-308.867907221397
1286	-311.5297156949256
1287	-300.3873523515143
1288	-301.5623398749851
1289	-303.15131243727564
1290	-304.1334653955258
1291	-305.4158726587651
1292	-295.6360485599344
1293	-300.9328887061847
1294	-306.901143143804
1295	-301.50181173093256
1296	-308.9852427800414
1297	-298.0654365983672
1298	-301.4007969351566
1299	-301.56947434344136
1300	-304.14921641993953
1301	-308.68966385584395
1302	-309.50987132162004
1303	-307.0002058677502
1304	-301.78068559861254
1305	-303.6249795941657
1306	-303.79723628671536
1307	-303.47890390684887
1308	-302.37623094629
1309	-298.35796677987184
1310	-303.5399910871365
1311	-299.22508687630716
1312	-306.43740363766267
1313	-302.4325386640844
1314	-305.6625891617003
1315	-301.7711550785343
1316	-301.044503490327
1317	-296.6223388597772
1318	-306.0656053721116
1319	-295.65189073872597
1320	-305.2094471253607
1321	-302.007068970393
1322	-307.73405733861966
1323	-302.3220149529151
1324	-298.65068088435993
1325	-301.8395410325576
1326	-302.84608370180695
1327	-301.70476805976807
1328	-289.44150082819834
1329	-303.3862727648454
1330	-302.0115935576207
1331	-296.9073700643217
1332	-302.4262384961916
1333	-308.7253743265846
1334	-301.7099991420857
1335	-304.3837503439993
1336	-295.3178809224083
1337	-305.4057015051484
1338	-309.55150928877015
1339	-305.0499491108215
1340	-299.75400377564586
1341	-304.69201116119063
1342	-302.59780589107555
1343	-304.5093636413423
1344	-303.4828098549004
1345	-305.29066279713317
1346	-301.5300482838038
1347	-304.01750166434255
1348	-304.64276838747577
1349	-304.7746927356342
1350	-298.0639008384389
1351	-304.5026
1352	-301.7673730672709
1353	-305.80340001069624
1354	-303.96377493755995
1355	-305.307771597717
1356	-304.374341955685
1357	-300.14227015708275
1358	-298.21460712201815
1359	-306.1206484184765
1360	-310.14948815633636
1361	-307.0527000000035
1362	-305.0280734687861
1363	-305.62559773555074
1364	-310.65958274058187
1365	-305.4290039047776
1366	-308.7094540320218
1367	-305.62862210653304
1368	-304.56180928808124
1369	-309.2758900042228
1370	-306.4274599148023
1371	-303.6982464500538
1372	-299.3512807587248
1373	-302.22104780699163
1374	-297.39177227374216
1375	-306.9417820785024
1376	-302.5046743988097
1377	-300.98642984331184
1378	-304.4018768248443
1379	-301.1240103138936
1380	-309.93868275369977
1381	-306.31396846891647
1382	-302.6687706915864
1383	-305.08798207722054
1384	-299.2539727904684
1385	-305.9739458192282
1386	-303.1304547571084
1387	-310.11298963081487
1388	-311.10587021688644
1389	-309.7507002393532
1390	-308.61957814760075
1391	-305.3084454333839
1392	-305.6372856305604
1393	-308.39164909695074
1394	-302.7036160243433
1395	-301.22654941845695
1396	-302.5606506235371
1397	-304.55951819549
1398	-305.0242215445264
1399	-303.8692515682594
1400	-307.9491330931931
1401	-305.7111994848128
1402	-304.4845690152722
1403	-301.9880688184018
1404	-305.51299181389095
1405	-311.9070122999916
1406	-307.0053651417124
1407	-300.4482574331857
1408	-303.4776441629167
1409	-312.2231048053694
1410	-314.1064665774853
1411	-296.50483760882275
1412	-301.8890844389726
1413	-308.0397269971491
1414	-302.4576809357079
1415	-301.8220122251684
1416	-310.6390929462042
1417	-303.3067781789594
1418	-300.76819441479466
1419	-307.70634693899046
1420	-306.3025013059764
1421	-300.97137405779256
1422	-304.3810218384724
1423	-298.7847002506748
1424	-303.91320839985724
1425	-306.648930359868
1426	-306.72045478087017
1427	-307.4021737399535
1428	-306.3725832629281
1429	-304.6066836404917
1430	-299.6054867729656
1431	-303.0509836885936
1432	-303.8214504028777
1433	-304.039746230954
1434	-304.4631107990431
1435	-309.7335457419169
1436	-296.14897039249655
1437	-299.96900721994336
1438	-304.4251085115919
1439	-302.3524431435062
1440	-300.80869685781727
1441	-309.6497208740704
1442	-303.3393413234308
1443	-301.94368714117996
1444	-292.7531261669641
1445	-305.97414928028775
1446	-305.9499028221557
1447	-310.9958309380151
1448	-306.8592397864898
1449	-309.18180589847856
1450	-301.87745372369744
1451	-297.52056128869793
1452	-300.46887440094144
1453	-307.7185855831938
1454	-304.5780969345437
1455	-306.47272861964956
1456	-300.9927176514426
1457	-300.0713449814283
1458	-303.7775028211156
1459	-303.3781031763596
1460	-302.0344963560329
1461	-305.06159616277745
1462	-305.97537961966
1463	-301.4535101734454
1464	-305.6639013999307
1465	-305.33392997383703
1466	-301.0458316255047
1467	-307.2230399266101
1468	-304.17134697876236
1469	-307.88401022578233
1470	-305.01039467819
1471	-309.68014807892695
1472	-306.1555360463756
1473	-302.0916107925261
1474	-306.4979728703841
1475	-296.9983846747729
1476	-298.2638366727219
1477	-308.25703319175824
1478	-308.86947300935816
1479	-305.2251914549662
1480	-304.17171031168266
1481	-300.83743503446016
1482	-307.1515011708223
1483	-295.99338965011907
1484	-301.5555732104438
1485	-303.5557428956047
1486	-294.48447982224434
1487	-302.2740988925106
1488	-300.36827465550584
1489	-295.9509966728491
1490	-305.1458849131957
1491	-309.9800726551549
1492	-305.21471941773683
1493	-303.7944
1494	-305.02146431110344
1495	-304.0269356608853
1496	-307.5573442549689
1497	-306.60511578739266
1498	-303.2888542454331
1499	-306.64428711273797
1500	-300.14057801791097
1501	-302.6448503117296
1502	-304.09624752801534
1503	-303.36662573756064
1504	-303.52448781172643
1505	-301.59138031785704
1506	-304.01878473042865
1507	-305.3629686594046
1508	-303.78609339817484
1509	-298.4796156361925
1510	-302.79152800404296
1511	-302.06496839263616
1512	-301.8945245921229
1513	-304.5971781762313
1514	-301.00312700182155
1515	-299.7631628597082
1516	-303.1790111793093
1517	-306.9573007227221
1518	-305.42571685560637
1519	-305.3786295875759
1520	-306.40884434073723
1521	-303.46624907217364
1522	-305.2371659315029
1523	-305.7945645467718
1524	-304.82542100790585
1525	-293.14185081378054
1526	-296.02161260998133
1527	-305.47444714370795
1528	-305.82796722361275
1529	-303.9062351273561
1530	-304.9417865859037
1531	-304.3282835411724
1532	-304.2578002741333
1533	-301.1941898068838
1534	-300.33858758753195
1535	-300.8879000004002
1536	-296.53739037350016
1537	-301.19401246827954
1538	-302.7041021301055
1539	-296.16399721173144
1540	-308.9482653093165
1541	-306.9916669280054
1542	-306.97964925516777
1543	-307.1436299429576
1544	-305.05534736169705
1545	-311.0641649116179
1546	-301.01582246535804
1547	-301.81147043581313
1548	-308.5502329886446
1549	-305.10322844544845
1550	-309.1463794603981
1551	-301.3550027570658
1552	-308.1347046632329
1553	-304.3899911384843
1554	-310.6247978877749
1555	-304.49247421823816
1556	-298.6379714973306
1557	-303.1535178908467
1558	-305.1194633770313
1559	-304.66043158728763
1560	-309.42236834754675
1561	-305.75007320694186
1562	-304.02020215765754
1563	-296.2413956610862
1564	-298.92622108409927
1565	-301.0034521893708
1566	-293.6475965305183
1567	-304.2365498831865
1568	-306.2577401275984
1569	-299.6232474527626
1570	-300.6021218812311
1571	-300.54081847804775
1572	-296.6471370533135
1573	-299.12824043557845
1574	-307.7782250394639
1575	-302.44566264620863
1576	-299.26307546256686
1577	-302.12431231598015
1578	-301.8197212239248
1579	-310.37617532180826
1580	-308.2603932160782
1581	-305.71003877408174
1582	-307.66549380595825
1583	-302.9014615041992
1584	-301.0064390164483
1585	-302.92034635001164
1586	-308.3130269157999
1587	-304.13716168612245
1588	-306.36415152048295
1589	-302.3101327344742
1590	-305.2437985806525
1591	-298.43500532405585
1592	-304.7822871575827
1593	-302.03083207118914
1594	-304.4317182437199
1595	-303.23665159807155
1596	-301.1217317462493
1597	-299.5720692371272
1598	-299.40682508378626
1599	-300.30999429559836
1600	-303.46306481525767
1601	-305.4071077642411
1602	-303.22891429659137
1603	-300.5342477334899
1604	-308.7327432962045
1605	-299.31711582753866
1606	-310.371955747019
1607	-296.1481797356595
1608	-306.83067852259535
1609	-304.93615185751537
1610	-306.58581275918635
1611	-302.17111150043763
1612	-305.0927613096554
1613	-305.67183308134656
1614	-304.83357350101295
1615	-301.72420486155045
1616	-301.5363770883235
1617	-298.6514110987633
1618	-296.2378000022621
1619	-306.39265816994674
1620	-301.2731343245377
1621	-305.66612208340274
1622	-308.2949590194326
1623	-303.4933687635638
1624	-301.40600003906735
1625	-291.76205869591183
1626	-303.0492457524261
1627	-305.26532746126355
1628	-293.6247002887801
1629	-299.91392883310914
1630	-310.6986480923822
1631	-306.2368249767224
1632	-297.7380265135282
1633	-301.3137225671277
1634	-306.74184870795943
1635	-302.1235859004414
1636	-303.4784271385853
1637	-304.26146278075146
1638	-304.5344390167642
1639	-304.07584793351174
1640	-304.4492154506054
1641	-305.74920296182074
1642	-302.43454012183446
1643	-298.4267339336144
1644	-302.1820292253021
1645	-305.10920884957
1646	-303.46669596883737
1647	-301.5887318413842
1648	-306.8689025609824
1649	-306.76835849004715
1650	-308.9670755602513
1651	-299.09610005100956
1652	-302.603625435612
1653	-302.135682480584
1654	-307.23389977382664
1655	-298.34663392475784
1656	-309.9561404757086
1657	-298.3664752367751
1658	-302.12828880175596
1659	-300.17342034243546
1660	-303.2780704826749
1661	-297.3998000011548
1662	-302.35165191788417
1663	-302.8772128732129
1664	-302.39689487921675
1665	-309.05650035216263
1666	-303.56365137115074
1667	-302.64476158357934
1668	-302.8701701936462
1669	-302.0523442128679
1670	-298.65468855362155
1671	-300.6020003754728
1672	-303.51103514098617
1673	-304.05113481737004
1674	-303.14285762245197
1675	-311.1516419420676
1676	-299.61415092573446
1677	-299.3678538392864
1678	-299.34890000672124
1679	-300.96490602344034
1680	-304.51226368623287
1681	-301.9994474757099
1682	-301.35686396713976
1683	-303.83305692455883
1684	-300.04583412962927
1685	-306.4538408274494
1686	-306.90797145351667
1687	-299.91533166118603
1688	-301.10895831086896
1689	-307.06327305547325
1690	-294.5404745225879
1691	-304.9465435023558
1692	-303.47726899826495
1693	-309.2499854723669
1694	-312.51968623538966
1695	-304.338073787961
1696	-310.54141282597516
1697	-300.1519225337349
1698	-307.73658168730003
1699	-301.6283769274983
1700	-309.741903027734
1701	-302.5235237517023
1702	-296.5348466417781
1703	-297.8954262913215
1704	-302.38925560319683
1705	-300.3764332096891
1706	-305.66827322232984
1707	-303.1510218150801
1708	-296.7437266879405
1709	-290.549600000081
1710	-297.11520002045484
1711	-297.6358000000035
1712	-310.8844384169612
1713	-304.53760247218236
1714	-301.0436369734296
1715	-301.34214223989204
1716	-302.9617505311455
1717	-302.57337906188604
1718	-308.8213484014522
1719	-305.4843455054998
1720	-304.4089483970619
1721	-303.59541531057005
1722	-300.77133010664954
1723	-311.3756041221654
1724	-307.3502579111399
1725	-307.2552825864038
1726	-308.55428608973347
1727	-302.5475328213425
1728	-304.89303418585104
1729	-305.7678092496962
1730	-307.938410832662
1731	-307.36476738995685
1732	-301.4426072431433
1733	-306.9516022819269
1734	-303.0406782691049
1735	-295.50271128134915
1736	-307.50701653836484
1737	-298.74879388716266
1738	-307.51854698315043
1739	-302.7811732190898
1740	-302.5023287100271
1741	-300.9215320629743
1742	-307.54539095682543
1743	-303.92885069526955
1744	-305.4756186791374
1745	-309.8418817629844
1746	-300.1858297796591
1747	-308.21852414114517
1748	-308.2577301966062
1749	-301.9770791013717
1750	-309.6051652695138
1751	-295.21473381141374
1752	-302.39222839477867
1753	-301.49138433482824
1754	-305.2119032704754
1755	-307.2337898879092
1756	-303.4579084714835
1757	-300.360122023897
1758	-304.2325908816208
1759	-307.4750760027098
1760	-305.06152039440497
1761	-303.89686209960263
1762	-304.0545602867941
1763	-302.0394219500345
1764	-298.9207436462553
1765	-303.0271634591407
1766	-304.1809843875452
1767	-307.92006630550287
1768	-303.1628240061577
1769	-309.79280966412983
1770	-304.57487023766805
1771	-303.63986461542777
1772	-300.6033181164126
1773	-306.47264801462615
1774	-305.6000156311551
1775	-306.4023825258296
1776	-308.60102830630746
1777	-311.278559409889
1778	-304.53250395712183
1779	-305.0850507959465
1780	-313.0795513387568
1781	-294.8888524144
1782	-296.6104947979482
1783	-302.9506568423768
1784	-300.1646
1785	-311.50947554167743
1786	-302.4396407065098
1787	-303.86261888784315
1788	-307.40091822718034
1789	-307.7317341883949
1790	-305.56943611336806
1791	-305.026313133046
1792	-305.6865504854942
1793	-303.223700000007
1794	-304.3125391974856
1795	-295.08103591397725
1796	-311.07225743169107
1797	-305.64309759148017
1798	-306.51536946663475
1799	-304.7526367453603
1800	-299.87686988191183
1801	-304.7767
1802	-306.61048310335883
1803	-299.1145203733647
1804	-303.00204225686736
1805	-307.3387654059437
1806	-304.78420724545504
1807	-304.42250875465567
1808	-305.83058168024166
1809	-302.9385420817563
1810	-300.12841510813143
1811	-303.73084768012995
1812	-299.66708961981385
1813	-302.06670303500425
1814	-306.0711812560475
1815	-306.56768474602836
1816	-304.8657469946397
1817	-296.29411196456005
1818	-300.73549487526066
1819	-302.772240144618
1820	-305.0825538856009
1821	-308.4255676415123
1822	-306.57601229571253
1823	-306.34734998880214
1824	-304.73815759427293
1825	-305.41245412344085
1826	-297.2988262324685
1827	-304.4481655738056
1828	-298.4825322992749
1829	-303.6645567681629
1830	-306.83362665215685
1831	-305.50784265355736
1832	-300.88369589666206
1833	-301.64039536928306
1834	-305.16955344810566
1835	-297.2799001832113
1836	-309.1075809388824
1837	-301.95555478733644
1838	-304.0956512511498
1839	-297.2375961564271
1840	-301.681515925209
1841	-305.77544452954106
1842	-303.9556150875824
1843	-306.54196794311883
1844	-307.97065693170964
1845	-301.3639245005422
1846	-307.7873913305923
1847	-297.9909525294801
1848	-302.82531373731103
1849	-307.4909465591831
1850	-300.1282925909388
1851	-299.0827527161675
1852	-305.4451494510321
1853	-304.4116575119156
1854	-301.14853968552757
1855	-303.6293738514555
1856	-307.1837706485801
1857	-302.7349556201082
1858	-302.2617685571707
1859	-302.0587020906353
1860	-302.1947938284471
1861	-301.19397913178346
1862	-303.87303317864314
1863	-303.61441501122533
1864	-304.980489146745
1865	-300.6769916088076
1866	-302.32446846149145
1867	-303.2638143975353
1868	-307.3032697529144
1869	-302.51677376321743
1870	-299.0191941404027
1871	-299.0115615054952
1872	-298.6893887010525
1873	-305.6542162670619
1874	-305.28805458404065
1875	-304.3988
1876	-301.70723242329905
1877	-310.035303019357
1878	-303.1134845519546
1879	-303.3206566914624
1880	-302.6481475103969
1881	-308.97289036842494
1882	-299.5337253460814
1883	-307.0884720358886
1884	-302.95890876048367
1885	-305.88656142787937
1886	-305.1595231445837
1887	-307.8367472369448
1888	-303.5786759255729
1889	-300.55114300219867
1890	-302.8278012023634
1891	-310.3887824689184
1892	-300.3304417112705
1893	-308.5888599194172
1894	-308.96891831952644
1895	-305.6032129587984
1896	-299.4216333482786
1897	-303.97326865268224
1898	-299.61724754269665
1899	-301.1637085685822
1900	-302.89615483072106
1901	-297.8637914082377
1902	-301.4952655119013
1903	-298.1135205816327
1904	-295.03970451695847
1905	-303.57201721437593
1906	-304.5174327521257
1907	-300.20674326684525
1908	-299.86547474920036
1909	-303.0693688591788
1910	-297.2881027876721
1911	-307.1199289150976
1912	-299.9622164141425
1913	-289.2824307042714
1914	-303.7162721163382
1915	-302.66526542733783
1916	-301.22635059733955
1917	-302.1491666249151
1918	-304.99510115969036
1919	-310.23187327267107
1920	-298.35928201702484
1921	-298.49039521626867
1922	-311.2227375915581
1923	-306.4742198997222
1924	-307.34905971700715
1925	-301.0402727899152
1926	-297.3409321479896
1927	-306.99751951220935
1928	-310.2054734003745
1929	-299.39055753406154
1930	-305.19075499297423
1931	-307.0846678121905
1932	-304.2423625382366
1933	-303.2055869756974
1934	-309.31379604967395
1935	-307.8131813120093
1936	-301.64820298450024
1937	-308.8065349845147
1938	-310.69599605578105
1939	-291.9099480995762
1940	-304.499087151074
1941	-301.3560239350093
1942	-304.7391361922398
1943	-307.8878844638392
1944	-297.4013000000731
1945	-307.38046819004626
1946	-306.7673888551861
1947	-301.05360072230326
1948	-307.7756730201723
1949	-299.9871245245158
1950	-302.12206960000424
1951	-303.4236595934634
1952	-303.32430619062904
1953	-301.9467474936603
1954	-299.53870734109
1955	-296.3899088991811
1956	-299.89300000000003
1957	-299.25064459944406
1958	-306.67176979101606
1959	-293.6570474063962
1960	-301.9888248833144
1961	-304.0644749667564
1962	-300.07910381052267
1963	-300.7671961308449
1964	-299.02920336659895
1965	-301.85210000000137
1966	-308.3555187277329
1967	-306.0368525260639
1968	-308.7743452379878
1969	-304.63448423501677
1970	-305.6339311212208
1971	-300.38083902839537
1972	-309.6512445574797
1973	-298.2018600856648
1974	-305.2076705481656
1975	-301.63414490951044
1976	-311.1916330918427
1977	-307.5478573297174
1978	-302.9743372467767
1979	-300.85154751040335
1980	-301.5166014703419
1981	-299.2104474420368
1982	-302.3215000714525
1983	-303.36820954486734
1984	-302.57521930642304
1985	-306.63622335549667
1986	-304.37404284005135
1987	-304.6360358031619
1988	-303.3754037691351
1989	-304.6204633658389
1990	-300.9096124707391
1991	-308.62300870473655
1992	-307.8841424857173
1993	-300.80578839837926
1994	-303.53681306843526
1995	-314.2724287438344
1996	-300.83400722517473
1997	-306.92552785450664
1998	-304.91488509963006
1999	-307.98248725238784
2000	-308.7236425804986
2001	-303.75497696864625
2002	-300.4606233418998
2003	-307.7051429314819
2004	-303.82993900092725
2005	-303.45000097657754
2006	-304.6216104921456
2007	-309.9897936671849
2008	-304.12501977200634
2009	-303.96367024557935
2010	-305.4316734580272
2011	-307.48635730409217
2012	-309.50604588218175
2013	-303.0641551578917
2014	-294.6792019919845
2015	-303.85751733792284
2016	-300.91426998372816
2017	-303.5623743781909
2018	-310.6071557969086
2019	-302.3908010138478
2020	-302.8183974984457
2021	-298.52202422232443
2022	-299.962147044846
2023	-304.53989505697683
2024	-304.5891592177311
2025	-300.16015958402664
2026	-306.7074764164318
2027	-302.5221419087996
2028	-301.0443856258903
2029	-304.0345193745771
2030	-307.9754489072146
2031	-301.3434534321022
2032	-300.9286140740118
2033	-303.5090536763139
2034	-300.5724834430261
2035	-307.9097784532946
2036	-305.9814911924882
2037	-304.241026918262
2038	-302.96235410964255
2039	-304.46533720461656
2040	-302.5920757109735
2041	-299.47154599570865
2042	-303.9996562402296
2043	-302.2684444348946
2044	-305.4943696514742
2045	-304.1785961151407
2046	-304.74899167504304
2047	-306.0369272885111
2048	-302.21163649764424
2049	-302.3657825516271
2050	-305.5204439230282
2051	-305.13207756291234
2052	-303.14943061215837
2053	-301.4637110956408
2054	-305.89450473771603
2055	-305.8274025133416
2056	-308.4640792729564
2057	-306.2221473449421
2058	-309.3061724362485
2059	-308.7404657639557
2060	-307.4751527245144
2061	-309.0703266571011
2062	-307.1370055881054
2063	-300.79426604774847
2064	-309.7524682608989
2065	-304.2188389437126
2066	-307.349322690961
2067	-305.5711931474261
2068	-305.08586342423735
2069	-306.0046778599284
2070	-306.7861403707298
2071	-308.5653234722519
2072	-301.6388522683765
2073	-306.6166830725013
2074	-299.55669339825494
2075	-306.7773941618101
2076	-310.0058000124086
2077	-300.1364000283027
2078	-304.62571980393056
2079	-306.1556395405617
2080	-301.1885013841539
2081	-301.3512943249189
2082	-302.51474685732677
2083	-295.7626714573238
2084	-305.92873370811344
2085	-298.8023574465616
2086	-301.7516146222787
2087	-306.88050003683475
2088	-304.5246291672288
2089	-313.90872249969135
2090	-304.0485453724181
2091	-302.11979636712994
2092	-299.76773126962195
2093	-301.1611933769333
2094	-310.2046118049064
2095	-303.9590150227338
2096	-305.20663492251026
2097	-305.6006428039041
2098	-302.8509580551457
2099	-300.7682879957745
2100	-305.81990139429524
2101	-301.6324244950435
2102	-306.4628175028708
2103	-308.48226726169185
2104	-304.1635756208693
2105	-299.75141660146124
2106	-299.90620000000587
2107	-302.9310978658399
2108	-296.2382015895152
2109	-301.85469187184657
2110	-304.0963901744281
2111	-300.0766740019673
2112	-298.9099169016148
2113	-303.9898875534204
2114	-303.8576664058388
2115	-305.4743007234869
2116	-298.45035118712076
2117	-305.03710832711454
2118	-305.44532585794025
2119	-304.7638530408531
2120	-302.61308835138243
2121	-305.57227780154875
2122	-309.0242874716995
2123	-302.9369569421417
2124	-304.6988311046618
2125	-301.4352844739927
2126	-301.56839783773387
2127	-302.86155229179417
2128	-302.6348805349926
2129	-304.98490755556395
2130	-301.8949741328757
2131	-305.4666663165189
2132	-303.69185501520434
2133	-300.163781587238
2134	-300.92950074925255
2135	-302.4346028794217
2136	-305.22201170575295
2137	-307.5760874938249
2138	-302.19464361460695
2139	-300.4264303346235
2140	-301.9706921841366
2141	-303.1403994970888
2142	-302.0727679176585
2143	-300.2117470872122
2144	-296.72197983234065
2145	-304.7086371270104
2146	-303.0098938413954
2147	-305.6198447098188
2148	-305.7990343925768
2149	-302.067984247786
2150	-308.1599095645723
2151	-302.72685928666925
2152	-309.5557065661185
2153	-305.229469314539
2154	-309.0784137850452
2155	-302.3701511172813
2156	-307.8557396926114
2157	-297.12768259669224
2158	-303.96295426809473
2159	-306.3981351418424
2160	-301.56609164949845
2161	-307.8116702114971
2162	-305.1845552083923
2163	-302.07943082814427
2164	-297.5569000537145
2165	-298.82234170353615
2166	-300.1425905065148
2167	-301.7876295490512
2168	-299.2308742607426
2169	-304.60412953979926
2170	-299.10966870793186
2171	-302.716269513008
2172	-302.6380667022984
2173	-303.01561170466425
2174	-306.7927777155305
2175	-306.6509
2176	-298.0223905337183
2177	-306.6224792612285
2178	-308.98127864078043
2179	-304.8645262615851
2180	-303.61501665443996
2181	-305.73838274658976
2182	-300.8090724357958
2183	-308.51696923614026
2184	-309.33285383746374
2185	-300.5369205919494
2186	-305.2552657546773
2187	-306.17135976362687
2188	-303.5354116878298
2189	-300.5793880300112
2190	-301.20480596034514
2191	-305.0213291673128
2192	-303.1707602557312
2193	-305.3621281809573
2194	-312.6595007066009
2195	-303.25196168208123
2196	-303.07420809234765
2197	-301.60785184340267
2198	-297.88932752657985
2199	-302.00826826398907
2200	-299.3912206122143
2201	-303.66739511311977
2202	-305.88221036302787
2203	-300.6403736647271
2204	-300.9859
2205	-301.9980018166552
2206	-308.32219015622076
2207	-309.34693165207716
2208	-307.422917402484
2209	-301.6229060728768
2210	-302.4169336884397
2211	-305.62136754783126
2212	-302.03575193221116
2213	-304.033973709269
2214	-306.00116855575544
2215	-303.7607650750405
2216	-301.88208231896743
2217	-304.82334566289575
2218	-303.1167672739937
2219	-307.08299580938007
2220	-304.60172843025833
2221	-304.0913
2222	-305.19745187366044
2223	-303.17325330108196
2224	-306.87714456922936
2225	-313.2562443424856
2226	-306.1334213674315
2227	-303.14424790474766
2228	-299.1673969413511
2229	-301.5742584349626
2230	-309.057047029875
2231	-302.41353093214417
2232	-303.8989817111238
2233	-295.4070210373092
2234	-299.19248478740633
2235	-298.84450003846456
2236	-298.84367321255763
2237	-303.1844882136638
2238	-304.1194910749772
2239	-299.43847631630456
2240	-304.7638734145633
2241	-295.78226986280504
2242	-302.6247635870936
2243	-300.13111265821846
2244	-312.18924904545463
2245	-305.68600770080616
2246	-308.09771133644654
2247	-305.1128501658816
2248	-304.03588767630663
2249	-309.56950008741984
2250	-295.13265297059877
2251	-295.4911000016118
2252	-305.0709464335427
2253	-300.18864028076547
2254	-300.4764836830365
2255	-307.69243866790265
2256	-307.89625469599656
2257	-309.23617772310456
2258	-306.6512718615448
2259	-305.6059321312502
2260	-305.94116017609304
2261	-308.49330407737375
2262	-302.1260217502002
2263	-301.4104288649182
2264	-306.30317858174953
2265	-299.2586336133742
2266	-293.79930784102663
2267	-300.4111368315576
2268	-307.2775936602091
2269	-305.3480057997792
2270	-306.05369162999614
2271	-309.0027451927708
2272	-303.1557236071185
2273	-302.67133798343133
2274	-307.1463809584009
2275	-301.6125138401003
2276	-304.4062620804915
2277	-303.2390400600089
2278	-305.0354000214108
2279	-307.17363289870633
2280	-298.6208891925986
2281	-304.978653674296
2282	-301.95639915981513
2283	-300.73774231333545
2284	-296.5451648906191
2285	-301.4155067015274
2286	-303.77038687002965
2287	-302.46252888295874
2288	-301.5843295518278
2289	-304.17350517977513
2290	-301.03103846115016
2291	-298.95231844570924
2292	-307.5161821440441
2293	-308.87281763196074
2294	-306.44817857091573
2295	-302.7773883339944
2296	-306.6099981511878
2297	-305.111517874529
2298	-305.5041552156638
2299	-297.6016134799826
2300	-303.0042541431459
2301	-307.4053093079335
2302	-301.5446470836794
2303	-302.81204122642714
2304	-303.7367398391837
2305	-302.30323595175923
2306	-306.3053055129929
2307	-304.630105628713
2308	-301.90285960188385
2309	-304.4629943220252
2310	-302.60642946311674
2311	-301.1115938322078
2312	-302.578497614423
2313	-302.80629222057263
2314	-303.3041236903683
2315	-311.94878791941096
2316	-307.2583658102197
2317	-303.3592292706538
2318	-304.83010316187676
2319	-303.34129841416086
2320	-305.2493538082048
2321	-302.4994480594794
2322	-300.72239407249185
2323	-303.7460345338097
2324	-297.82291325482373
2325	-306.664098700716
2326	-305.7170864262642
2327	-297.51099816133944
2328	-306.25673792382105
2329	-299.4715543498237
2330	-298.66245965423394
2331	-301.0056807538273
2332	-300.85003296626496
2333	-297.9513382505567
2334	-299.1756549244357
2335	-303.74663617071906
2336	-300.71762578389
2337	-300.0989335172746
2338	-304.3692752637195
2339	-308.77623446191933
2340	-302.23157435285555
2341	-305.0468342769845
2342	-305.74013320030656
2343	-301.91952509936374
2344	-303.7178017101257
2345	-303.6187196117821
2346	-302.885937507127
2347	-307.2746909381256
2348	-308.41276486327365
2349	-295.6868745535888
2350	-309.30108933106555
2351	-305.343548018423
2352	-309.78336772510056
2353	-306.0967787632849
2354	-306.60416001710695
2355	-308.7071495192115
2356	-306.84470680149394
2357	-298.60777785424665
2358	-300.8503773020457
2359	-306.1908557756167
2360	-310.05397409648646
2361	-304.67774458261545
2362	-308.75279704510257
2363	-309.50993474664847
2364	-319.5634611907975
2365	-309.48356263089613
2366	-309.6079726709019
2367	-302.85468429295565
2368	-309.0728663424919
2369	-302.0354424158978
2370	-307.3952441500486
2371	-303.79239263096304
2372	-302.82802818690243
2373	-313.9612568903873
2374	-309.1324091410759
2375	-305.84175492246527
2376	-311.99168981469927
2377	-312.35931295425115
2378	-305.0805564099038
2379	-310.4550028525879
2380	-307.2577267763249
2381	-308.63331034866735
2382	-303.82658670931
2383	-300.35558531569046
2384	-304.9628782317326
2385	-306.6786878060838
2386	-309.4630365356015
2387	-300.3802354742108
2388	-301.37480156457764
2389	-298.078895590761
2390	-308.4081289687751
2391	-299.1502151861554
2392	-302.992064868825
2393	-302.29427389422966
2394	-301.507709281685
2395	-307.0923816354155
2396	-303.72206854932784
2397	-306.59289334699923
2398	-311.39082354035565
2399	-301.493476924434
2400	-309.240274794147
2401	-302.0896462358377
2402	-307.2622714401448
2403	-311.81367167372537
2404	-306.88427663715015
2405	-302.35744819701057
2406	-308.74450910466055
2407	-309.9008861378262
2408	-307.9547439710797
2409	-303.88685869211804
2410	-298.6773870742618
2411	-308.19055975510213
2412	-306.2232593579199
2413	-309.1150852001282
2414	-307.6367477043699
2415	-304.74753195668734
2416	-305.5910729739966
2417	-297.32100000000054
2418	-301.8439860010163
2419	-309.39509374528893
2420	-305.6432677892125
2421	-312.24925061585105
2422	-310.49423859468317
2423	-308.60446180837755
2424	-304.9941400709935
2425	-304.870662475323
2426	-303.0804293741713
2427	-307.51874225938184
2428	-304.3149301106874
2429	-308.288948321237
2430	-308.2115438313744
2431	-306.03775469476506
2432	-309.48838285483265
2433	-307.22498121738954
2434	-306.0314167761937
2435	-305.73656082799954
2436	-310.77606512206336
2437	-301.449454290211
2438	-308.64629445556983
2439	-313.8079113329437
2440	-304.05549566614843
2441	-305.1089940114834
2442	-304.0724073355648
2443	-303.22606113794524
2444	-308.9493706340833
2445	-303.0825661423399
2446	-302.16933177791617
2447	-303.9276555946839
2448	-308.1297327908487
2449	-299.8638680738184
2450	-300.49609019200153
2451	-304.42266113552637
2452	-304.4664322276162
2453	-302.696200381437
2454	-307.6607620170385
2455	-311.35142652666184
2456	-311.6904798455159
2457	-305.3542881433663
2458	-310.6784559985551
2459	-307.2498397929502
2460	-310.3903510910989
2461	-300.93431519298167
2462	-300.3638671046088
2463	-290.11564872741934
2464	-295.32958163556344
2465	-297.4580396435272
2466	-304.2265037203688
2467	-305.8065561383312
2468	-310.2374300739897
2469	-302.70183740344874
2470	-305.9231093535904
2471	-304.72006915298016
2472	-300.2124110463616
2473	-307.1279859453804
2474	-306.8007493337212
2475	-307.02814614931214
2476	-309.28021364056605
2477	-307.30520127496055
2478	-303.5644325414801
2479	-313.3105175997386
2480	-308.8583235084619
2481	-306.4529210770751
2482	-307.85328936917483
2483	-306.69887537855806
2484	-301.485883479338
2485	-305.26880191100224
2486	-304.65880653266663
2487	-310.94154016781704
2488	-310.7133120113855
2489	-304.1582652685277
2490	-307.00994457438475
2491	-312.02547721449014
2492	-302.384683723293
2493	-305.46034269412723
2494	-302.83371720066276
2495	-303.8484310989992
2496	-307.0370822247269
2497	-305.8231144847042
2498	-305.4269853628214
2499	-301.20010369027744
2500	-299.6397457108486
