1	-311.8243467718696
2	-305.98961764278584
3	-302.16987925632935
4	-305.00007407447123
5	-304.924208886305
6	-306.16978158492213
7	-298.25732453605144
8	-309.1546152978415
9	-303.800642871277
10	-305.2751837582877
11	-306.95536491839476
12	-308.49345132839005
13	-307.1173190397601
14	-311.1303039387525
15	-307.0425520171494
16	-308.1112066697061
17	-311.8328776032974
18	-302.3151805810622
19	-303.81799907653124
20	-303.50763395017316
21	-306.2238686261948
22	-302.04775241681745
23	-302.17438102971283
24	-309.40914995044216
25	-307.7528547123241
26	-309.1818376198543
27	-308.06486769571364
28	-301.79125854837173
29	-302.5387895463402
30	-305.0886329849887
31	-310.0506074178955
32	-309.5143163883376
33	-307.47692189444746
34	-307.3910191588688
35	-307.11846409676633
36	-301.91309686332335
37	-301.85089298381155
38	-306.9129686019853
39	-308.12886154851554
40	-312.02361047136077
41	-308.5753406534189
42	-306.11927072959253
43	-303.4251148003989
44	-304.80715173006547
45	-304.8903805697968
46	-304.7360494037375
47	-306.6340478822721
48	-309.51027856349907
49	-312.4191498996718
50	-301.0610987774648
51	-304.82060545768394
52	-306.8710461970655
53	-302.9711427608155
54	-307.1884081176606
55	-306.29104667068924
56	-313.26903753012976
57	-301.73849142683395
58	-295.89524866278924
59	-306.7527743004044
60	-301.8239145716737
61	-308.5573566878309
62	-303.0091302959752
63	-302.38916676848316
64	-308.2192417285509
65	-301.18648318636446
66	-305.9454109174742
67	-307.76166046721437
68	-304.55801621759116
69	-297.78698110448164
70	-304.25869611845303
71	-308.05393684565803
72	-301.6419161511634
73	-301.98775062515983
74	-297.92054569127066
75	-307.6743698492156
76	-307.0522830951033
77	-304.48052574662813
78	-307.9258561679013
79	-307.7840458866903
80	-306.08625798361123
81	-305.1058037355517
82	-306.93111632482896
83	-309.61118245062596
84	-305.30767997360726
85	-306.8928806551088
86	-310.0075954120198
87	-305.8575532467975
88	-303.63717133938826
89	-303.6503259015089
90	-305.4141337115908
91	-303.49267942141876
92	-306.5400067395507
93	-308.6967699654255
94	-296.5447429841462
95	-304.49259765010004
96	-297.1016657658515
97	-311.5180665694249
98	-307.0499245849407
99	-304.0974065948269
100	-309.81494307535667
101	-304.6412122045589
102	-304.09736541973774
103	-304.0416417030517
104	-304.7722814234596
105	-303.89104490614426
106	-305.12107448394767
107	-302.4062228377815
108	-303.604477868543
109	-302.6082786282172
110	-307.04786973684855
111	-303.1498413640065
112	-305.5184036264422
113	-304.2274391852889
114	-301.35209797972726
115	-302.94317725184806
116	-307.43268348063845
117	-303.8780680934795
118	-303.9822855075776
119	-305.3052199669728
120	-306.4855136796057
121	-300.6310659187276
122	-300.4138275812268
123	-305.1868451765695
124	-300.49789477199164
125	-300.65518615448843
126	-302.41155355091985
127	-308.6572474884914
128	-307.72468141606964
129	-308.37432071474564
130	-303.0673462644466
131	-308.7266750472485
132	-302.6510000000009
133	-306.5459214586725
134	-309.6096989710105
135	-307.26341377328106
136	-302.7436817281724
137	-309.3135645835858
138	-303.1364
139	-297.76674411876064
140	-299.4104901102139
141	-300.2677878860129
142	-297.1207589052592
143	-306.5001555561327
144	-303.6902730782174
145	-300.9565905453547
146	-299.49250000826567
147	-297.56040190011487
148	-308.80930208607344
149	-305.95551151531015
150	-299.38974950654097
151	-307.38992517939215
152	-295.7372444288323
153	-300.19656584834286
154	-303.8337926316815
155	-294.3033333896582
156	-295.04314425032004
157	-302.6130498448934
158	-307.4117651774355
159	-308.0863849717438
160	-305.01234467633464
161	-304.6956238136161
162	-303.73256639614203
163	-305.90167601529487
164	-305.89963102719076
165	-306.5913783249834
166	-304.67405758223066
167	-310.8022896356296
168	-305.3013294136619
169	-305.5387169510979
170	-298.45058333348635
171	-298.21924561510656
172	-303.058831219298
173	-306.3922131009179
174	-307.22432437998054
175	-302.29272132796757
176	-307.9178919856027
177	-298.0284442714056
178	-304.7290348140029
179	-307.3210818895513
180	-304.86032556633495
181	-305.32622101071985
182	-302.78214880476696
183	-307.16526370377903
184	-306.0108270011463
185	-308.84277468143415
186	-307.70891452250544
187	-311.5092748360666
188	-301.5777783351827
189	-310.7987962047137
190	-302.6828200954831
191	-305.81604445006036
192	-307.3027284686222
193	-297.81349989352003
194	-300.96163904546603
195	-300.2495784785097
196	-310.97829179329045
197	-302.7518077421927
198	-307.93124592302655
199	-305.41128129634905
200	-302.85508552113873
201	-302.5121971621679
202	-303.9471518402786
203	-308.8104043002732
204	-305.4424184662682
205	-303.46909801047804
206	-308.65795322216576
207	-300.1745698393658
208	-306.01818895436685
209	-306.4350099345088
210	-304.23508009721263
211	-302.16270000000003
212	-305.49499909507455
213	-303.7381986350291
214	-306.9007177491824
215	-304.4935
216	-302.1599966175864
217	-306.2306395528917
218	-300.74741263810256
219	-298.71571998706634
220	-305.7548898715926
221	-304.4515532746296
222	-299.3815930399525
223	-311.2432629229838
224	-304.3448260509303
225	-308.66795037843116
226	-306.7143315493729
227	-307.58787155474
228	-301.4569280393849
229	-305.42564359411267
230	-309.55014893378853
231	-301.70086338229584
232	-311.7072223392289
233	-305.4402969318267
234	-305.3965096174347
235	-307.1100692140442
236	-303.3921470679343
237	-304.78591844190674
238	-305.0360673992407
239	-300.7609258050066
240	-308.28348770453226
241	-310.7870081686302
242	-307.98924865285755
243	-296.4377
244	-307.25443824455374
245	-304.1736635136074
246	-298.1123915031997
247	-302.874121524325
248	-299.58029364488874
249	-299.5494265271384
250	-295.61305705048795
251	-297.20184047520115
252	-299.9614505002943
253	-300.5155692445944
254	-301.3126166295405
255	-302.3003860971349
256	-303.51869782421846
257	-301.96420375830144
258	-304.7460538112681
259	-303.632020562827
260	-300.64897487186363
261	-302.9719235196799
262	-301.15777313809025
263	-302.5528878105451
264	-304.6203916354437
265	-304.48815665423064
266	-310.48778907037376
267	-302.3218005557883
268	-304.05546313398565
269	-306.1959151459211
270	-302.32400181470086
271	-305.2432611411981
272	-303.7024931798395
273	-300.5043632333698
274	-299.74293653453344
275	-305.71421360168523
276	-298.61017092574394
277	-289.29780804738294
278	-302.12125328572904
279	-307.5515301135999
280	-299.33704119255395
281	-297.30400094015306
282	-302.2300387910057
283	-301.2891753963822
284	-304.832159030392
285	-301.4837017864922
286	-303.8062471745873
287	-303.2407555590026
288	-304.114752969697
289	-304.65800090543945
290	-305.71362640332586
291	-303.4926000000505
292	-308.63650000099386
293	-299.13551720976284
294	-302.3247766052169
295	-308.863028957992
296	-302.7290236712639
297	-301.4760971364619
298	-298.79894426851405
299	-301.12178254355115
300	-298.769897967092
301	-299.6372240237901
302	-300.57973983260626
303	-301.0079821829697
304	-312.76485320261634
305	-302.878580755138
306	-306.4268848174847
307	-303.0606557757388
308	-306.7549751810824
309	-310.45749692530757
310	-306.6363307498402
311	-309.219027034616
312	-298.9363716351263
313	-302.3054775244384
314	-301.8765764322504
315	-305.6933948552784
316	-296.7016285883685
317	-310.9336099214732
318	-305.3102125069531
319	-309.9864242161256
320	-301.50777502761383
321	-307.666628896132
322	-297.06486199590296
323	-307.3975914208821
324	-308.7550188237974
325	-304.6538968807583
326	-307.13406578355136
327	-303.9018891522316
328	-305.7323123835932
329	-304.56886047312514
330	-302.2630695468045
331	-305.36051527845694
332	-310.69456196998567
333	-304.42110985172434
334	-308.97969101413554
335	-305.1637658283094
336	-305.9328056182844
337	-302.62531303427744
338	-306.33068632180414
339	-300.25581029836894
340	-302.0117640418184
341	-304.4842874550079
342	-307.9992877224335
343	-299.6862293701185
344	-301.0920351438987
345	-301.2109946672577
346	-303.971405096629
347	-305.8478313353681
348	-304.7329573157075
349	-301.3794660014226
350	-305.92948530884877
351	-302.20360012519126
352	-296.30448291618285
353	-301.0237618183803
354	-306.4474969646134
355	-300.152225158658
356	-311.02143716165523
357	-307.49172154612535
358	-306.61059073493993
359	-298.2632675389216
360	-304.76031903662863
361	-299.60426397035144
362	-303.1217255005038
363	-308.43648923056026
364	-304.47054227614
365	-306.6076693002686
366	-293.8413206241333
367	-301.3417033977817
368	-297.3333353586879
369	-305.4212568809036
370	-303.2036307607146
371	-303.3386656909089
372	-309.685007845482
373	-308.0165669726351
374	-305.70807798226303
375	-305.3069991570343
376	-305.6136060099802
377	-310.7305061668008
378	-307.2044117719045
379	-303.5805850215274
380	-298.8285233174241
381	-308.9887181370653
382	-302.62147772367837
383	-303.7860272599919
384	-301.6269047375098
385	-311.0241177966043
386	-307.28974138986376
387	-305.3434702653113
388	-299.9442774018868
389	-309.96039383465575
390	-303.24208935622886
391	-310.5727877864418
392	-310.86293280112983
393	-306.70250358989915
394	-304.8051508775151
395	-307.18387672068354
396	-305.15478395878756
397	-304.5807318161738
398	-297.24668352043443
399	-302.58750912811496
400	-302.9207822600408
401	-297.1860040551786
402	-308.48119756801276
403	-304.96700248791007
404	-302.2742325377279
405	-305.9567181702816
406	-308.9907837308772
407	-311.02957587344184
408	-302.0677441227608
409	-306.1003000000136
410	-296.71327194019426
411	-310.3576502650473
412	-310.7928554763672
413	-304.43914677735177
414	-296.3299382099734
415	-292.7767050007096
416	-303.8284283992183
417	-306.59443098516294
418	-299.5941389623746
419	-304.2356891495203
420	-300.4456601250438
421	-306.0139390815168
422	-303.9979036336075
423	-301.37615635118834
424	-296.40510000000006
425	-306.195007473072
426	-299.2250502920244
427	-304.72102674180303
428	-302.81472679555645
429	-303.1989774315352
430	-308.27808606558546
431	-306.12047925399105
432	-294.80604536417326
433	-301.8270529183989
434	-306.6494685969993
435	-304.1298435504607
436	-299.0663039911146
437	-303.59020004428504
438	-303.767219649641
439	-302.9291450649649
440	-299.8951329645789
441	-305.6221693671554
442	-305.463307613929
443	-303.7960361760274
444	-300.354316822058
445	-302.2082353267857
446	-300.39209563534826
447	-301.82143337291234
448	-302.96275963366594
449	-298.14643470756886
450	-302.6138977256606
451	-303.2723797905461
452	-308.8669690846447
453	-305.80493679320546
454	-307.56978617540307
455	-301.1882731672203
456	-305.9407837181243
457	-299.5290244507307
458	-303.9243505915794
459	-302.47494437602563
460	-305.115951344361
461	-309.98524549194315
462	-305.0552690979929
463	-306.0493513105052
464	-308.4022872904888
465	-303.41224333116656
466	-300.92958354929493
467	-299.9124746741515
468	-302.8672026014461
469	-305.6912019771679
470	-306.6352209993546
471	-302.40662576806557
472	-301.5494734530589
473	-304.41845497171806
474	-305.2161105181706
475	-300.34483246406165
476	-307.36728342474123
477	-304.3897332022108
478	-307.4762248219639
479	-302.1076327331339
480	-304.6234767867607
481	-306.8132421864108
482	-308.0349749633625
483	-302.22383780595885
484	-307.65713612580527
485	-298.07622757252926
486	-311.62466366585966
487	-303.61223542950955
488	-302.39781762710004
489	-306.3332580745446
490	-297.14738368890806
491	-303.50741100724986
492	-307.48867265209265
493	-307.02923534690063
494	-300.86418805196496
495	-301.0338997956485
496	-305.1234424619405
497	-307.68406458426847
498	-307.9843935586128
499	-304.10127768215045
500	-301.02831208260005
501	-302.06997165790517
502	-308.0188694036009
503	-300.3763744130144
504	-301.2809570061452
505	-302.96969853750574
506	-301.17359736158187
507	-306.83982758949315
508	-304.47918847508805
509	-305.79090838090997
510	-306.8963953481851
511	-301.0383752358588
512	-306.49355117538096
513	-306.50610902188816
514	-302.4013982190659
515	-308.3024803701317
516	-308.88431823944904
517	-308.7234511800951
518	-305.8920966409173
519	-301.86297557992407
520	-302.7546808852702
521	-307.58995345967986
522	-302.21245157012453
523	-305.3863183096615
524	-305.0626645563047
525	-306.8783723830803
526	-305.9420247467821
527	-302.08955026086414
528	-306.1506430924694
529	-309.6490475618684
530	-308.9461586042219
531	-308.88895165245907
532	-303.8314221026012
533	-307.1968462024934
534	-301.800182308378
535	-306.4096000000001
536	-305.13962645439625
537	-302.61009414980737
538	-307.4871691596617
539	-294.5366350777942
540	-303.6151250827568
541	-304.87729950633076
542	-306.50221244345136
543	-302.6742525195118
544	-297.7746505726371
545	-305.24782280513966
546	-299.89209999999997
547	-304.44706473932484
548	-302.33370420159594
549	-305.7914995877229
550	-303.13027745855254
551	-302.15575786682507
552	-302.78789571177344
553	-306.8602303477244
554	-301.67337051542756
555	-303.61552882167933
556	-303.2470245554916
557	-299.8441519996729
558	-307.9174048104009
559	-298.1144298795586
560	-303.8085423744189
561	-301.6294020544957
562	-305.2958309411121
563	-302.50910914557386
564	-299.9313
565	-300.76593534387484
566	-307.1718255838215
567	-300.92334387631524
568	-301.57796711624724
569	-305.4817133987806
570	-306.47837104329153
571	-303.5110112831074
572	-306.3285788547155
573	-306.4715766091607
574	-303.7321157829245
575	-299.5427566393813
576	-305.4642511771569
577	-304.3166224404476
578	-304.324353150056
579	-304.46441978025473
580	-305.1679064650163
581	-301.7218295626904
582	-302.14418774921904
583	-304.3854424180845
584	-304.83501792399215
585	-305.0550157041939
586	-304.5590609695908
587	-301.3599727568287
588	-306.7204977254255
589	-305.69101016402664
590	-302.690336074195
591	-306.4783138105086
592	-301.58099674665766
593	-299.40970808801285
594	-301.5850088760593
595	-300.65689004700425
596	-303.40059009406747
597	-300.7662676058628
598	-302.3689173409798
599	-303.053622526112
600	-301.97750708717933
601	-292.9856460205157
602	-297.2200302863941
603	-299.3570857807719
604	-308.25527858806265
605	-305.99262942129144
606	-302.94141468322465
607	-302.6635204541705
608	-303.83076078377576
609	-301.90158705435437
610	-306.5686473839267
611	-298.7608104786057
612	-296.27327220893255
613	-304.64565633497267
614	-305.2752350783076
615	-300.54861503325264
616	-304.04824031828167
617	-303.3744876071651
618	-300.6885786697866
619	-300.24540887365305
620	-302.4516031766096
621	-304.43788869162245
622	-301.9709573892748
623	-301.30412552913987
624	-304.27788735335054
625	-302.26304541054793
626	-305.2875277501867
627	-300.11305874086656
628	-304.4070539613994
629	-300.75833932653103
630	-303.14810204648916
631	-305.32639228477507
632	-305.5901586118766
633	-305.4402262913432
634	-305.632019288237
635	-304.41774645932344
636	-303.943702074802
637	-305.18056781664217
638	-301.7036346727056
639	-307.61733536034006
640	-308.0649662647752
641	-298.27802631599167
642	-304.5010028095834
643	-302.7402629310711
644	-301.21619993773425
645	-295.08050342886844
646	-305.37242295042864
647	-305.2292000000001
648	-303.42067253754544
649	-304.04495430959463
650	-303.17222718778277
651	-309.27353141180396
652	-302.17168800359644
653	-302.885017908355
654	-304.1545225614621
655	-309.43682593966116
656	-306.0089982920411
657	-301.69566273957963
658	-308.6518676867112
659	-303.2189343656726
660	-306.7742982136714
661	-307.76264234498683
662	-309.70100777073503
663	-304.8338888683184
664	-307.8054411130983
665	-294.5959010544793
666	-309.0707200988511
667	-302.938746920553
668	-298.6221383464061
669	-306.3341951820068
670	-302.3632749030922
671	-303.08914685022927
672	-306.89261694389893
673	-306.2646653907055
674	-304.49731340633383
675	-301.8788680617336
676	-297.6128363487192
677	-307.3963037020115
678	-299.86814575970084
679	-295.1382911873073
680	-294.87720685984726
681	-307.82908480544603
682	-306.19662808306805
683	-299.7898007848665
684	-303.81566244092596
685	-297.6020630555343
686	-298.7024905405714
687	-297.9946000002998
688	-306.6154312804575
689	-300.2939572331981
690	-310.9787847616016
691	-306.24355142738136
692	-304.9829548585155
693	-301.71436040152344
694	-300.25302063196807
695	-306.1160202997331
696	-294.5876551654068
697	-304.2666797086037
698	-301.01773796879183
699	-307.138024377873
700	-300.47883823120304
701	-303.14434295078
702	-302.004201896389
703	-304.59295357190217
704	-304.0671379027352
705	-303.7266657264093
706	-304.71125391481814
707	-297.87952140906816
708	-301.67936565070426
709	-304.97041163566877
710	-301.63240273851073
711	-308.4584532548127
712	-294.9035740372631
713	-307.3907729562139
714	-299.7047890646984
715	-302.9459672816604
716	-301.1477891561497
717	-300.7035785822961
718	-300.58987181479074
719	-299.2225000387378
720	-293.47937034946654
721	-306.3613546717733
722	-308.60776679522786
723	-306.97744621427313
724	-298.24827933093104
725	-299.9838496685101
726	-301.3878031860774
727	-305.50856426123386
728	-308.57712833593143
729	-301.64361520164204
730	-301.85445340521693
731	-309.5419762058802
732	-307.1076125172298
733	-311.3762074876816
734	-304.8686404782313
735	-307.5042382141715
736	-306.5952379900033
737	-305.89464779638087
738	-307.0713391771991
739	-307.304426035814
740	-310.41383522103644
741	-309.41384135389524
742	-303.1324511388568
743	-303.77014964203556
744	-305.6323941565529
745	-310.4063007011191
746	-303.64738167417346
747	-307.598313959624
748	-305.24687213697814
749	-304.90503266918137
750	-305.93360180983217
751	-301.3106139695882
752	-309.82813561738686
753	-305.88682295613086
754	-300.6090173770989
755	-302.5124446448623
756	-298.7468683904668
757	-303.2943919611649
758	-302.6054447395168
759	-310.4727063401128
760	-299.89090091973435
761	-299.45650909345846
762	-309.3191371103431
763	-304.4335538019104
764	-294.53799006666446
765	-303.4156968823264
766	-307.3727319528475
767	-296.35185929374234
768	-304.5529551982275
769	-308.0494657178366
770	-302.5308305157276
771	-299.58377407009993
772	-307.3616446633815
773	-307.8497015164154
774	-304.0673523932294
775	-303.25937526652035
776	-304.15414080985676
777	-308.41555536508685
778	-301.8057927056622
779	-304.27040169292525
780	-304.9533275404967
781	-300.2593651658625
782	-307.94698687860597
783	-303.7953555004105
784	-299.2701672930708
785	-304.09620863930456
786	-302.9502809192057
787	-299.8700512803283
788	-302.6245325367395
789	-300.78495344025447
790	-296.3931604764616
791	-299.12090435970686
792	-306.18027416080054
793	-306.4737408781854
794	-303.7759195167484
795	-299.3289758941454
796	-305.85160936894215
797	-304.42036659571085
798	-301.2491582526676
799	-305.82645825689235
800	-304.7018845411937
801	-301.4914092627738
802	-303.30182601702853
803	-297.3145509388327
804	-306.13025377431734
805	-302.70988609413797
806	-304.9342922560424
807	-305.17000465105
808	-303.5041
809	-303.4151195682377
810	-309.28209521727945
811	-302.1735552595927
812	-303.78312071073
813	-303.08826278377916
814	-307.91254738387477
815	-306.84362305381416
816	-300.3545872408012
817	-301.26578099998676
818	-301.40738205397867
819	-310.3015252075229
820	-300.75346823179507
821	-293.9383
822	-305.0567214389129
823	-305.7753828016945
824	-302.37324832434535
825	-300.03571612551104
826	-308.19263303942256
827	-300.59757070474865
828	-301.0167284654549
829	-297.5574
830	-304.40227316222314
831	-299.98238221850596
832	-308.820488340874
833	-305.9728435381482
834	-297.79534349472465
835	-305.5255388004114
836	-304.72957006688483
837	-297.74720586402645
838	-305.81773570056475
839	-300.8483425394963
840	-297.23179787928
841	-302.5882832983864
842	-302.49459589800085
843	-301.5561766195779
844	-301.60349811786676
845	-309.39699442883943
846	-295.6813924893494
847	-300.8895701047
848	-299.61263009513624
849	-305.7877484652145
850	-303.0828992555163
851	-300.4006360233253
852	-310.2970142659928
853	-303.19883544846584
854	-305.1389807576958
855	-307.27987456846733
856	-304.898994453192
857	-300.9238093620478
858	-303.81071480717765
859	-302.6985183358787
860	-301.65102796485803
861	-300.7931748003204
862	-303.3344324974208
863	-308.0603931846573
864	-305.45338607745043
865	-301.23274334538564
866	-307.6009146161573
867	-300.58858258421765
868	-302.4850453346952
869	-305.0699665806249
870	-301.34959577042775
871	-305.22952818775457
872	-302.2138046807614
873	-302.71535704624546
874	-302.7285153394512
875	-305.7936910948621
876	-297.9885171130434
877	-302.953
878	-300.2623547083393
879	-302.2897668386019
880	-296.195
881	-299.30767530592425
882	-305.14935384618127
883	-299.9007048667002
884	-299.66327533199507
885	-300.66663816352695
886	-294.7213448698066
887	-298.80432578427053
888	-301.10735859334926
889	-306.7109402116899
890	-300.07098476539164
891	-296.1156342773895
892	-301.8204698918223
893	-303.513561117582
894	-303.10999059574317
895	-302.5486176801979
896	-301.5654516724688
897	-306.44608474411757
898	-303.5899766535576
899	-301.3076559060613
900	-304.02963122557014
901	-302.7934915496046
902	-303.7003086305339
903	-310.31017809153553
904	-304.591391096461
905	-306.0681453477185
906	-307.27821776559216
907	-298.9792489999625
908	-304.75086022865
909	-305.97211104267745
910	-305.2449316273191
911	-296.92067398611414
912	-296.24426345421733
913	-305.47796995419407
914	-306.437043063214
915	-309.54769532438434
916	-302.2308545868078
917	-308.47624887667257
918	-303.1999
919	-305.1219827636613
920	-307.323576502996
921	-305.3412810547601
922	-305.1387721729352
923	-303.1372299543465
924	-304.86422732683127
925	-303.10050000000007
926	-305.7546713710582
927	-304.42193899263924
928	-307.72305287259985
929	-301.2459991864852
930	-301.1913742286499
931	-305.3214805110158
932	-306.82898900459804
933	-301.7856536257729
934	-300.5743469897742
935	-309.9248315198211
936	-308.05691979573845
937	-308.3041411024182
938	-304.0156148346194
939	-303.2763078003213
940	-305.8744824329264
941	-307.73822087645357
942	-298.4573180769778
943	-304.68208822457495
944	-300.1885
945	-303.49637169281226
946	-308.7339514925778
947	-303.6892
948	-298.098410506545
949	-302.4042842357945
950	-304.4330656420125
951	-303.2152774663126
952	-307.2100905764184
953	-307.08773011546435
954	-302.53640426466706
955	-308.756103685484
956	-305.05045786404224
957	-300.8517926805658
958	-297.1088942393895
959	-307.07958649651556
960	-303.8553990765313
961	-301.06558777063816
962	-309.111025041317
963	-304.4470971299234
964	-303.80096447198054
965	-307.5790447309934
966	-304.106487555549
967	-305.53563454598043
968	-305.39419204931266
969	-304.86926979119454
970	-302.0703674049654
971	-302.62027961171935
972	-303.12019408782936
973	-310.62585233564124
974	-304.40354845819695
975	-301.9114524069247
976	-300.55317503068085
977	-305.44257720072204
978	-303.6545238469525
979	-304.92790091886013
980	-311.18470854250995
981	-301.229431859993
982	-304.9159249355787
983	-305.3429665525832
984	-305.23639917871736
985	-299.216943123572
986	-304.8254652963479
987	-308.6984492483244
988	-306.5060818141473
989	-301.5843458560191
990	-302.30527851950245
991	-298.3480033450609
992	-307.0300329556442
993	-305.1159179924906
994	-299.8280551192926
995	-301.8782862838433
996	-302.624
997	-309.18997375371174
998	-304.9964279782167
999	-301.1092131109046
1000	-299.5512421523282
1001	-300.90572667966876
1002	-307.33051820868894
1003	-303.2700003126748
1004	-301.576771737463
1005	-300.1730971282799
1006	-289.63960712205375
1007	-303.83723925399414
1008	-302.58354370797707
1009	-297.8071375654939
1010	-300.89134214525313
1011	-304.51488682102536
1012	-300.99634197429015
1013	-308.85084911604434
1014	-297.79550423113096
1015	-308.8558964246081
1016	-301.85833204704136
1017	-298.4206204725322
1018	-299.68328931921695
1019	-299.86867403158357
1020	-299.9893300724433
1021	-299.4353758391696
1022	-305.00440742840743
1023	-309.6214847155792
1024	-302.9937445679179
1025	-293.5831416279734
1026	-300.97392618557143
1027	-301.1842153310856
1028	-304.45613918162996
1029	-298.76268191397605
1030	-308.68045870640424
1031	-305.99862124204793
1032	-299.4154593575965
1033	-297.8363542251633
1034	-302.8909807497659
1035	-304.88071015977687
1036	-300.060803567475
1037	-304.75371664346653
1038	-307.19570926701175
1039	-305.2944654199386
1040	-304.56417236272927
1041	-299.98672591339755
1042	-309.0429000000002
1043	-305.81695557604684
1044	-302.8602014795676
1045	-311.23597313937984
1046	-308.914779621199
1047	-301.0535626541679
1048	-302.27711169537605
1049	-304.9747247530435
1050	-307.6644921854344
1051	-304.03621970900497
1052	-297.5300438896643
1053	-297.208133188286
1054	-305.9452562919867
1055	-294.10021289712483
1056	-304.51866389851534
1057	-307.2807446170058
1058	-306.8725655198857
1059	-303.9838038759854
1060	-305.3296216907866
1061	-303.41706556077474
1062	-305.10339110834406
1063	-304.49077344762884
1064	-305.3773
1065	-300.46537216422564
1066	-311.55961557728415
1067	-303.255422574464
1068	-300.2494011443899
1069	-301.8418640168636
1070	-300.9333911467418
1071	-305.99303007590606
1072	-297.41083395951546
1073	-305.58987819440324
1074	-297.769143056288
1075	-304.16474121110707
1076	-300.5501029411379
1077	-302.1687979771042
1078	-303.244124136201
1079	-301.19440751495046
1080	-303.4143546533361
1081	-304.76615799477713
1082	-307.28509545924857
1083	-297.9858966079583
1084	-310.7938636622649
1085	-308.9989997277036
1086	-308.7690330220296
1087	-295.5145589025917
1088	-306.48245119641336
1089	-302.8199472224041
1090	-305.4357821699889
1091	-304.72913411133516
1092	-308.34798890892995
1093	-312.27490184341525
1094	-303.6525173455503
1095	-302.43781240038214
1096	-297.7493560205336
1097	-299.5529000000001
1098	-297.1729583686121
1099	-301.5743715719172
1100	-304.76236883869433
1101	-301.37904291411274
1102	-302.4469
1103	-299.07924628635084
1104	-298.7589226869096
1105	-307.96758660043173
1106	-297.6482572967185
1107	-306.75499666187255
1108	-307.8084669860938
1109	-308.1485547435962
1110	-305.661792460554
1111	-307.57891017341984
1112	-304.3044037047905
1113	-306.9108595383791
1114	-305.3867357041232
1115	-306.524717984393
1116	-300.85525438381853
1117	-302.2611335560915
1118	-295.77553809762253
1119	-303.21421696350933
1120	-302.281736901819
1121	-303.19484219418325
1122	-302.15716644326255
1123	-303.6762458877173
1124	-299.074199334417
1125	-302.90094608108814
1126	-302.43859140845996
1127	-305.6329437147496
1128	-308.6128174486465
1129	-300.638837571109
1130	-304.4962005211852
1131	-300.86131644331414
1132	-303.5502352513619
1133	-300.79885378162083
1134	-303.5502010003038
1135	-300.8952258562273
1136	-303.7275318689974
1137	-308.12457908516234
1138	-294.31116580555226
1139	-301.91480618148415
1140	-305.29389884542985
1141	-304.3098018604258
1142	-303.1605799370873
1143	-305.8112599954981
1144	-311.1222827970283
1145	-305.7348892836982
1146	-307.9423588189568
1147	-305.79680052807515
1148	-304.21588035544164
1149	-299.916377496744
1150	-311.0913379489413
1151	-308.5633174939184
1152	-307.36881148788365
1153	-304.8614264576283
1154	-305.86799703518295
1155	-299.47836214023056
1156	-305.05650798341713
1157	-306.26019485719723
1158	-309.4561846562796
1159	-311.62185643079863
1160	-304.9982928700878
1161	-297.5019477716001
1162	-303.64585268230366
1163	-296.30905062146167
1164	-298.06258070082305
1165	-306.2817611500828
1166	-302.1595775197295
1167	-307.8175259075607
1168	-303.5241374221284
1169	-306.11145475353936
1170	-298.9739213440241
1171	-306.13443161385527
1172	-301.5630637695979
1173	-301.91237881139506
1174	-301.88856071443286
1175	-308.09923876148855
1176	-300.7521812335118
1177	-303.4743439559317
1178	-309.7103832789038
1179	-304.04642600035174
1180	-303.49513756035174
1181	-308.4781281283717
1182	-303.30272519911216
1183	-305.1269480290327
1184	-304.8933797761428
1185	-305.70681112446636
1186	-302.17952060607075
1187	-310.8501414741262
1188	-310.09727790403025
1189	-303.1900275968065
1190	-309.9120217032416
1191	-303.2134103842846
1192	-306.7786649793814
1193	-302.014310453111
1194	-302.64957383527616
1195	-300.8507380324643
1196	-304.697513915099
1197	-305.18364519453246
1198	-303.44056231697823
1199	-304.58122954716333
1200	-306.0688833056062
1201	-304.43814448176863
1202	-302.3780099932215
1203	-301.3325449744063
1204	-302.1535762755041
1205	-305.1711117830897
1206	-307.98804190932464
1207	-303.84220135708614
1208	-302.8608567947311
1209	-296.8604536963731
1210	-306.9350478585812
1211	-301.3177837993021
1212	-296.4341775502306
1213	-300.35758151132325
1214	-301.70866817222526
1215	-301.8442809459904
1216	-298.14492974639364
1217	-297.0455479709617
1218	-299.24905524453095
1219	-302.2785838752464
1220	-296.98119446534486
1221	-307.9475109816454
1222	-303.36875856352077
1223	-300.6650439420618
1224	-303.9562324116778
1225	-300.7095398165212
1226	-305.6951984821569
1227	-303.3106648982586
1228	-304.2654015302495
1229	-308.0699023762032
1230	-304.3452880953947
1231	-305.38232658083894
1232	-306.7673270961216
1233	-300.0041877415893
1234	-309.2343274228276
1235	-301.0908232933713
1236	-298.58594215087993
1237	-300.7968159297245
1238	-298.77889130665733
1239	-305.6720679477234
1240	-304.5128742318425
1241	-296.9156299158026
1242	-307.11662786322825
1243	-307.28553018058545
1244	-305.8025310734093
1245	-304.10338034112584
1246	-307.2112423879336
1247	-303.47208300599635
1248	-309.4096056326435
1249	-307.574519889526
1250	-310.2863415894901
1251	-303.1064959048661
1252	-308.64331792116025
1253	-304.8905098255722
1254	-306.5509555128291
1255	-306.0732500293338
1256	-303.876180441568
1257	-298.0429118465063
1258	-303.16010265300605
1259	-304.60579819230475
1260	-300.801537918251
1261	-299.50978551705487
1262	-306.70873820235056
1263	-303.2977931152935
1264	-297.14612108264663
1265	-305.77498767550776
1266	-309.3413758299208
1267	-304.85415133968957
1268	-305.02327383891793
1269	-310.43411459235745
1270	-309.93031127239607
1271	-301.9059318867252
1272	-304.0034266127537
1273	-299.75056954690314
1274	-298.1260573356036
1275	-293.80031077527053
1276	-303.7355807600718
1277	-308.5291074116782
1278	-304.4912747316894
1279	-298.21210490245284
1280	-299.6576900001624
1281	-301.5495171951767
1282	-295.2160740847754
1283	-303.52483402713625
1284	-297.2720843125849
1285	-305.4331455013223
1286	-304.0212628053704
1287	-299.51000001047953
1288	-301.80407529980045
1289	-297.94441980459
1290	-298.93643671401395
1291	-304.749541581391
1292	-298.9179675142143
1293	-306.2871033032835
1294	-304.27295317327616
1295	-305.4199955808993
1296	-300.53864602357964
1297	-300.9432381860101
1298	-311.0518132127112
1299	-306.33009211888236
1300	-306.4761628257583
1301	-303.6673917937081
1302	-302.2073694615078
1303	-303.45492354008775
1304	-297.21600000000007
1305	-304.92827242778304
1306	-307.89746841585406
1307	-303.19258588381683
1308	-297.28305412514464
1309	-298.79232013422796
1310	-308.94813472379263
1311	-303.67551576279567
1312	-305.4382
1313	-301.51495706786295
1314	-305.1154442756047
1315	-302.13197248733513
1316	-307.5482107111243
1317	-299.1811630283753
1318	-304.8791960836255
1319	-299.6980075537465
1320	-301.6839179700822
1321	-306.5154818517002
1322	-304.38430104092214
1323	-303.00372869618263
1324	-299.4929760850703
1325	-301.25586000946953
1326	-303.735713970486
1327	-301.1161661397219
1328	-298.3503505639448
1329	-297.9073751317663
1330	-308.7960008344492
1331	-307.02700309540694
1332	-297.4063064939952
1333	-303.99809332399855
1334	-305.26649240628797
1335	-307.7762941485802
1336	-304.71178758322264
1337	-307.36838750616096
1338	-307.8125751853296
1339	-304.93264091315814
1340	-302.9868984452679
1341	-306.4177042141615
1342	-300.00127363296724
1343	-301.54298066868637
1344	-307.29812267431987
1345	-300.030593716669
1346	-302.4487545645829
1347	-304.4143125849538
1348	-300.4793151710108
1349	-302.22255765790834
1350	-304.2058931363925
1351	-301.37388585264983
1352	-296.41619707916766
1353	-306.8386466738452
1354	-302.80311322326025
1355	-305.36982034725014
1356	-304.32924451628526
1357	-302.6208553150652
1358	-300.9193799028251
1359	-298.1858688113427
1360	-300.574084366585
1361	-299.6210497969519
1362	-301.39309098833303
1363	-306.3719613500988
1364	-301.69711555357907
1365	-299.26059856585
1366	-302.9510834013276
1367	-303.24304962970126
1368	-304.541732581886
1369	-300.11650205302476
1370	-302.2476236652057
1371	-303.34728837202545
1372	-297.5590917900091
1373	-295.2259734622273
1374	-305.9889026529078
1375	-297.5336409929586
1376	-303.52010391065096
1377	-304.8750893767214
1378	-303.87392693836375
1379	-303.2702970206257
1380	-305.57097594872175
1381	-302.63307662791215
1382	-301.66610205389924
1383	-300.7150129580118
1384	-298.1826465382107
1385	-296.1219383964478
1386	-306.8267163775338
1387	-305.91392478325866
1388	-296.56066064127816
1389	-298.20562412021405
1390	-303.5125398111028
1391	-302.3232623967947
1392	-303.0488289068449
1393	-305.7432713075312
1394	-305.3562164738085
1395	-302.1501447355524
1396	-297.8223934632367
1397	-299.4704281431625
1398	-303.13631712986523
1399	-303.87709469677685
1400	-309.2616488352605
1401	-306.72845539033716
1402	-309.1106513806796
1403	-304.1954435513332
1404	-307.2523260942352
1405	-306.96603173567155
1406	-301.2428981249311
1407	-303.16685585726736
1408	-302.25790117251546
1409	-307.0114664147864
1410	-304.1100672399073
1411	-299.4993735176312
1412	-304.3462477360565
1413	-301.7766365002194
1414	-300.93459247973044
1415	-307.0213980891034
1416	-304.0979779590386
1417	-296.82572625112266
1418	-299.82424164429784
1419	-298.14825796849
1420	-300.0230675560301
1421	-303.0595380064256
1422	-302.2655586641483
1423	-304.77811229066464
1424	-305.2671398103902
1425	-296.3559303455051
1426	-300.5520009822735
1427	-303.52794473613557
1428	-304.4832766685855
1429	-297.64312889675074
1430	-303.08797268108617
1431	-301.8984721289913
1432	-301.8801413134017
1433	-302.50969507114945
1434	-306.57562568500737
1435	-307.5593581776044
1436	-304.17322743324195
1437	-300.66403902739313
1438	-306.41086004525374
1439	-303.5243018629675
1440	-299.9021989907704
1441	-311.0350612442004
1442	-301.5127109016344
1443	-301.36394040869044
1444	-306.2802557947228
1445	-301.0931938081668
1446	-304.51041005325504
1447	-306.60597117347805
1448	-302.0218727662932
1449	-303.8087965702421
1450	-298.5353503384087
1451	-301.0212352790106
1452	-301.43480745877923
1453	-296.665063065645
1454	-302.72043947218987
1455	-304.93245354397556
1456	-307.25130616528685
1457	-297.42844627793863
1458	-308.634398536601
1459	-304.2205603509146
1460	-304.6715136976583
1461	-298.75885506807293
1462	-304.880779813503
1463	-305.07427401323986
1464	-301.36291613243145
1465	-298.74287852794015
1466	-299.73717061628594
1467	-299.12223083932247
1468	-301.4234655700146
1469	-302.18686269354254
1470	-303.66052528081826
1471	-307.87969413993557
1472	-307.403798451845
1473	-301.0426822087889
1474	-305.67606044814966
1475	-306.53839580941764
1476	-299.4402812806274
1477	-296.8773589801377
1478	-298.97200335260516
1479	-303.9754234058266
1480	-299.9773550412337
1481	-307.1808399662287
1482	-298.85367850866487
1483	-307.0888268731782
1484	-304.0769689392758
1485	-302.8346886313852
1486	-302.99178707896255
1487	-306.9978020519335
1488	-306.4126069656474
1489	-307.92346834098225
1490	-306.84463223688476
1491	-302.9824497745837
1492	-308.01565497392704
1493	-301.34001641038856
1494	-301.5459186314771
1495	-300.09944450343176
1496	-298.24690058136184
1497	-303.0157788944395
1498	-297.4044028506438
1499	-301.7087860106519
1500	-307.84471676505353
1501	-299.2146641049255
1502	-300.92169142683395
1503	-307.02362433332104
1504	-300.4228325726359
1505	-307.5248870551878
1506	-306.10695967839746
1507	-302.98888276738535
1508	-308.46354827869993
1509	-303.0382
1510	-307.4062001122666
1511	-306.52899103376217
1512	-307.6854655080985
1513	-304.6087
1514	-301.13364740108705
1515	-300.9215562463581
1516	-304.1154696185156
1517	-295.88432160283503
1518	-303.5464763965516
1519	-298.96537801715647
1520	-309.6890747007669
1521	-300.17218879408017
1522	-299.8361990449497
1523	-302.81677145891086
1524	-298.6919
1525	-303.52604294442057
1526	-302.1272376084823
1527	-300.0917739463828
1528	-303.6572061919859
1529	-305.91660462856856
1530	-302.5433017144543
1531	-301.08718893091566
1532	-306.1174072497227
1533	-301.2181780963706
1534	-301.9191400136734
1535	-307.5906968845593
1536	-301.2668375829727
1537	-300.7985732860622
1538	-305.0146743628796
1539	-306.67454446710235
1540	-307.10345924304244
1541	-304.4585771047374
1542	-303.8128155147806
1543	-307.78441863800725
1544	-297.34803165911217
1545	-301.10435653614684
1546	-299.9063404979133
1547	-307.5865857004149
1548	-301.5476339009759
1549	-300.6513391469316
1550	-302.189263749455
1551	-312.7702457778552
1552	-305.2165348399175
1553	-303.45912286389887
1554	-300.3322397808691
1555	-297.9690862766455
1556	-305.6281548005236
1557	-295.7528275397154
1558	-301.4180567781819
1559	-306.96663916917447
1560	-309.95964999047106
1561	-305.0153907358865
1562	-308.7165914374831
1563	-307.89631988660295
1564	-307.2032593104918
1565	-306.2877907108399
1566	-294.95223293955075
1567	-308.48061235227385
1568	-300.09443354850873
1569	-302.36514208041825
1570	-304.94655790569925
1571	-310.20088972378545
1572	-303.34089759029627
1573	-294.9891711577903
1574	-304.90125311940943
1575	-302.71893868915856
1576	-296.44845025405283
1577	-303.98442193810604
1578	-308.08247068769487
1579	-309.23323416298564
1580	-301.42893389757825
1581	-304.71667951235617
1582	-304.572418158692
1583	-302.6342234505375
1584	-306.7328000453245
1585	-302.8672891372195
1586	-308.8864791925075
1587	-312.16197471823295
1588	-302.71425810945806
1589	-305.9941443515618
1590	-305.14021289893054
1591	-309.7199315065754
1592	-307.57430674768614
1593	-305.2674248768614
1594	-306.4606359870731
1595	-306.135986553923
1596	-303.8924317736853
1597	-303.48341003853085
1598	-304.3080480307919
1599	-308.40070391419226
1600	-312.6252092179381
1601	-312.20314118602494
1602	-306.3454004404246
1603	-308.4551087593813
1604	-305.6445862010292
1605	-301.44425940769156
1606	-302.75982781684945
1607	-309.1691854503011
1608	-306.5460393235794
1609	-303.38690875715093
1610	-303.68686825571825
1611	-307.5753689393998
1612	-299.0223420991639
1613	-300.7900379138441
1614	-299.47249265901905
1615	-301.27931821395026
1616	-307.3115772262954
1617	-302.24654256708664
1618	-301.0781853279476
1619	-301.14710308287636
1620	-308.1030264184187
1621	-308.42746896462455
1622	-310.94946189852976
1623	-312.5833064789036
1624	-296.71419837398764
1625	-308.02300154114414
1626	-306.98122258195815
1627	-302.57934596710555
1628	-310.40747021861574
1629	-300.59907203101193
1630	-307.7824245907917
1631	-309.55475254580847
1632	-310.999169255386
1633	-305.62726874910277
1634	-308.9190580375888
1635	-304.7222496745231
1636	-302.7762067486234
1637	-306.67677524885175
1638	-306.54548052565667
1639	-302.93470834104505
1640	-311.9920055454106
1641	-309.4005574760781
1642	-304.95955598835246
1643	-306.8566334121108
1644	-307.77612182869046
1645	-309.334041561196
1646	-300.2614357854023
1647	-299.30956077005476
1648	-304.08158605514063
1649	-306.68953897172594
1650	-311.1061935057646
1651	-313.5172389513243
1652	-307.55706017648674
1653	-299.49564293832543
1654	-310.39186704689394
1655	-306.3053653172524
1656	-309.2172208710828
1657	-302.92560935645935
1658	-308.5429449798821
1659	-306.39304402658286
1660	-301.7748787045225
1661	-305.80038302208305
1662	-307.7464319285915
1663	-306.11796679163274
1664	-305.0520755495029
1665	-306.2532930077154
1666	-304.24697532094405
1667	-307.75230793751587
1668	-307.87730696556406
1669	-303.0842579592241
1670	-305.4194078053191
1671	-307.37007100843465
1672	-307.74470738129475
1673	-301.90666923217486
1674	-307.6701424464298
1675	-306.3842199598457
1676	-309.6856313975636
1677	-302.6575993452072
1678	-306.5205338594471
1679	-305.0226679101555
1680	-302.41243822162
1681	-300.881597101195
1682	-299.794543771452
1683	-305.15009304504514
1684	-304.7182979896004
1685	-303.1628952718553
1686	-301.7022068430142
1687	-306.84368704603907
1688	-305.77598449638833
1689	-299.9544343691462
1690	-306.883476366293
1691	-300.405771339451
1692	-295.1873429088929
1693	-305.24606842661325
1694	-305.25716681670195
1695	-293.67790433754953
1696	-300.5971131786269
1697	-297.8309740439678
1698	-300.5386669921993
1699	-296.22850023484875
1700	-306.79852760825173
1701	-306.5565442507514
1702	-307.01605682673727
1703	-307.4334777819065
1704	-304.60821674470094
1705	-302.382523568832
1706	-307.2292443396312
1707	-305.99288308146646
1708	-306.8946947777953
1709	-293.11031098926617
1710	-305.00851286745154
1711	-303.52974466463706
1712	-297.9335816198301
1713	-307.78122931035153
1714	-303.55495217712973
1715	-303.0843808764596
1716	-303.44722699947977
1717	-304.42581358166814
1718	-300.9160782870659
1719	-302.6617880245284
1720	-304.79904443997304
1721	-303.2586039736168
1722	-301.441208498559
1723	-298.225706266116
1724	-305.44999657514063
1725	-302.291072003183
1726	-294.75006889525446
1727	-303.77331309169955
1728	-298.3791479236197
1729	-300.4245318562861
1730	-299.60635747802564
1731	-304.77831336002697
1732	-307.67587393391443
1733	-308.22282392269756
1734	-298.37738502508927
1735	-304.06451435470575
1736	-299.91013711998573
1737	-304.32002013167886
1738	-304.91945344807584
1739	-301.53685596466994
1740	-304.85459172831156
1741	-310.6609711807269
1742	-299.8976708751039
1743	-305.0971877941084
1744	-303.511821605952
1745	-308.92986558186374
1746	-304.8662569480053
1747	-298.64765345745394
1748	-303.0659
1749	-307.0147000419791
1750	-303.0791576400048
1751	-301.32979565444435
1752	-304.0965191896846
1753	-306.1662160331626
1754	-300.9630977934395
1755	-305.14724296700757
1756	-308.8303601982119
1757	-303.6615
1758	-304.05480112897766
1759	-302.0795758824299
1760	-304.57349919804324
1761	-306.0266840831649
1762	-295.41933784804445
1763	-300.5098136354662
1764	-309.4567574752272
1765	-306.7388060012476
1766	-308.33264690658496
1767	-304.41077617786135
1768	-304.53140228136306
1769	-302.9052555594171
1770	-303.4637085047704
1771	-307.4390875274038
1772	-305.55593503809564
1773	-306.2112138298751
1774	-302.4988636353084
1775	-303.96920676387293
1776	-302.90634615294294
1777	-303.1023017032943
1778	-311.0951738436933
1779	-303.85479233241875
1780	-310.6392060808573
1781	-300.6347281059833
1782	-304.1863884933515
1783	-305.0543976914307
1784	-300.84999587127436
1785	-301.83820489670785
1786	-306.0806140941659
1787	-305.00257464810267
1788	-300.3008466554433
1789	-304.0863529083095
1790	-299.5791430604876
1791	-304.1652356894482
1792	-304.4931541176308
1793	-304.0472654036329
1794	-301.8440732369215
1795	-301.80836221446964
1796	-302.1538305123791
1797	-305.906800516194
1798	-305.24713265019767
1799	-301.5251797103585
1800	-303.84643988333073
1801	-299.676792360822
1802	-302.19712262660306
1803	-295.6736135934328
1804	-306.3150086722476
1805	-302.95266339918425
1806	-304.6172217108746
1807	-300.2708142971966
1808	-303.9433880624021
1809	-306.85959834437756
1810	-300.38585175412373
1811	-306.0545104106774
1812	-308.78733028509845
1813	-305.08779911304094
1814	-304.99988557878066
1815	-306.6168395390663
1816	-304.67629472015767
1817	-300.22867737776505
1818	-299.77469308643157
1819	-304.5808286305833
1820	-302.6987984152248
1821	-302.4710212352789
1822	-304.387743421807
1823	-305.9350727865896
1824	-305.2514557648183
1825	-315.74969939156733
1826	-309.9125908458462
1827	-298.6786
1828	-303.43037949787293
1829	-301.31297188624154
1830	-295.74536514847944
1831	-302.49876690153184
1832	-309.4085723534515
1833	-300.17726364765826
1834	-306.31751185845985
1835	-302.39769478303015
1836	-305.0495665281561
1837	-306.7604576062904
1838	-311.66974292572536
1839	-304.73930351926464
1840	-299.14577755841856
1841	-300.5441923093081
1842	-299.6729044053321
1843	-302.48973929636
1844	-301.9277887051814
1845	-314.4265347371036
1846	-307.99408438832586
1847	-298.2184730240984
1848	-302.03867564575285
1849	-304.44200993601146
1850	-304.70358073895045
1851	-310.0633003329843
1852	-299.1431325021765
1853	-307.67717816990944
1854	-305.13231501463366
1855	-303.9090687654351
1856	-306.7533716086659
1857	-308.09812052099835
1858	-307.15778461608807
1859	-305.55873691813173
1860	-303.92115939027514
1861	-299.8740027252816
1862	-304.2396448028553
1863	-307.93057668479685
1864	-305.4258318953085
1865	-311.5235971669891
1866	-296.79310265240724
1867	-306.5606808070186
1868	-305.2270445362347
1869	-307.1808101911184
1870	-304.91246497010036
1871	-304.09341222060493
1872	-307.86739623328253
1873	-306.1613405969946
1874	-305.7331344922826
1875	-302.98517964282223
1876	-304.88410375694957
1877	-301.1549925824631
1878	-302.3856605601249
1879	-305.03936759788076
1880	-304.3550950693506
1881	-306.36517776558486
1882	-303.63944907984177
1883	-308.0731011855152
1884	-299.036684000562
1885	-300.8615275786013
1886	-306.1637356411136
1887	-305.5773757105891
1888	-304.38495298811006
1889	-301.1476009386742
1890	-303.3681890083416
1891	-305.34806745127946
1892	-300.3824938827978
1893	-300.78713368761
1894	-302.71212397433254
1895	-307.3814497531803
1896	-298.46869984786093
1897	-294.51085919182185
1898	-303.1055693283932
1899	-303.93092637167484
1900	-301.4899586008807
1901	-305.157667555684
1902	-299.53308875867987
1903	-297.0853477000183
1904	-298.183144857488
1905	-296.15056672321407
1906	-301.6774781775936
1907	-302.4712498778933
1908	-298.03194875243963
1909	-305.2975190296448
1910	-306.6715806683
1911	-299.83309241580645
1912	-305.3084548413514
1913	-304.89137043045855
1914	-303.53204151772866
1915	-301.85913799956813
1916	-304.60289280278613
1917	-304.1193158512495
1918	-302.1271577405037
1919	-308.4862313154159
1920	-303.8868120692033
1921	-300.91259915424035
1922	-304.76092328538004
1923	-306.12533160099497
1924	-306.2864629745424
1925	-300.5761207571926
1926	-300.47412402828905
1927	-304.73837804734524
1928	-304.64293648481816
1929	-305.7346214072205
1930	-305.54004952344
1931	-304.31860339163353
1932	-305.3149777886032
1933	-305.9670026539913
1934	-302.7880924980103
1935	-302.75118118427474
1936	-303.62243333695466
1937	-303.69675837188356
1938	-306.95179859340624
1939	-303.5530545741224
1940	-302.94664827311783
1941	-305.4415201110804
1942	-303.9395983578745
1943	-305.07052391580027
1944	-305.1370932105855
1945	-301.00088246488326
1946	-299.20795192795583
1947	-309.59611041459124
1948	-293.1647340465509
1949	-302.59962731495057
1950	-305.7436936895872
1951	-300.8114967427525
1952	-294.631782488486
1953	-301.25920996382774
1954	-306.61768607289247
1955	-305.4253294208837
1956	-301.9021531957238
1957	-301.36870511952657
1958	-302.08420624133805
1959	-302.1795585797857
1960	-305.3799320282859
1961	-294.81818687818117
1962	-306.8203090271333
1963	-304.82687685236476
1964	-302.56639159336083
1965	-303.26616220042473
1966	-303.28484065924044
1967	-303.58588004751954
1968	-294.72869643678166
1969	-305.2223377272914
1970	-306.0996004814102
1971	-299.0379997895559
1972	-306.99162258637057
1973	-309.3363241064906
1974	-303.97150703463143
1975	-301.2241328730429
1976	-295.06946244762037
1977	-301.55837094110547
1978	-301.2860362937637
1979	-298.82663007653815
1980	-305.3316427975325
1981	-309.52144689955844
1982	-304.12252931433176
1983	-301.3556860686503
1984	-301.7897142978024
1985	-304.0786325105602
1986	-301.6759175722953
1987	-303.80939879733035
1988	-302.96971084108065
1989	-292.0962779445937
1990	-301.33094864441165
1991	-297.6651000000226
1992	-299.91320369541995
1993	-297.7132000000001
1994	-299.1519639795046
1995	-300.27200000013113
1996	-295.30308053182347
1997	-303.65928663451564
1998	-302.61914539959014
1999	-297.13076176265326
2000	-302.1668174059949
2001	-297.28149471687715
2002	-304.68828773004526
2003	-312.25756013748423
2004	-306.6950011531355
2005	-309.1816197180976
2006	-305.62433161062154
2007	-300.1809514622954
2008	-299.8742171287339
2009	-305.8628443024966
2010	-301.61554576720664
2011	-295.5801517271936
2012	-308.11485217986757
2013	-305.2752565622566
2014	-302.20836282705733
2015	-297.92591930000964
2016	-294.2314552361778
2017	-307.6490338220689
2018	-305.34002322709455
2019	-299.9010469557503
2020	-306.4092996531004
2021	-308.6488527768629
2022	-305.88766724267
2023	-300.52855817884046
2024	-305.5205725794665
2025	-301.21466263308537
2026	-310.14821194796104
2027	-300.48322626559855
2028	-306.1671703442441
2029	-311.5936740667682
2030	-307.5560858594243
2031	-303.94881854061055
2032	-304.2789438283739
2033	-299.1846728261707
2034	-302.8398795182077
2035	-299.2936564466725
2036	-310.6379224353914
2037	-306.05898743529485
2038	-299.50852130685024
2039	-299.49120342015834
2040	-308.70254861581424
2041	-296.95936301417265
2042	-307.1756996807868
2043	-307.4242668060207
2044	-303.3042395719575
2045	-304.540471502434
2046	-298.5946450666885
2047	-303.0307000000001
2048	-306.3000502957349
2049	-304.93055178780253
2050	-309.1357525460293
2051	-297.6967178400396
2052	-305.183684649944
2053	-303.61420249222164
2054	-308.8199261276755
2055	-303.66680927243897
2056	-307.815342176662
2057	-306.57961176385766
2058	-305.7369746397492
2059	-299.87634970759785
2060	-304.1282201571226
2061	-303.39964281721444
2062	-303.78342938851915
2063	-295.6205242030534
2064	-302.4419877733112
2065	-304.98808637319405
2066	-296.9114373147818
2067	-300.16018212657326
2068	-308.12087137354644
2069	-299.75382708925275
2070	-297.53191521525326
2071	-307.33146196329346
2072	-304.2968193666005
2073	-299.89405113293145
2074	-297.9710636157993
2075	-301.83451807588466
2076	-304.5703317104051
2077	-303.68403294896893
2078	-304.8406486266283
2079	-301.1468299920329
2080	-301.5674677286362
2081	-308.02099308525663
2082	-303.0590014785941
2083	-302.3353846170624
2084	-298.08527287947607
2085	-297.4108394322567
2086	-302.1541515542269
2087	-302.42631095757656
2088	-311.2063237139995
2089	-308.3634029072334
2090	-312.11688229552107
2091	-312.6791887283635
2092	-306.75014467727345
2093	-308.39342421265945
2094	-303.98534863576833
2095	-305.15204253420325
2096	-302.8110782100162
2097	-301.17152273843374
2098	-300.47417747227695
2099	-297.79828278740393
2100	-309.216346492609
2101	-304.55368079998885
2102	-305.9430674619816
2103	-297.6273833422071
2104	-306.9615148811645
2105	-307.5306287864313
2106	-307.1982298442972
2107	-305.26453715375743
2108	-301.6701894943696
2109	-309.1452042498381
2110	-310.9694692373319
2111	-305.0788
2112	-306.1406279015381
2113	-306.08050713400445
2114	-307.18422857401396
2115	-299.82584886637034
2116	-298.2162622959275
2117	-303.25922859039497
2118	-294.2092138154706
2119	-297.78116865246153
2120	-298.65270000000027
2121	-302.1831082831889
2122	-297.6715678420575
2123	-299.509613918082
2124	-307.8143068943351
2125	-302.8960971368995
2126	-298.79302273577736
2127	-303.49300375601905
2128	-305.34568280926993
2129	-304.1743269965613
2130	-297.5952054692113
2131	-302.7318488732703
2132	-299.5060547324858
2133	-307.99498791220634
2134	-300.59239077570606
2135	-309.006878265237
2136	-305.5361573056535
2137	-309.759013087942
2138	-304.3871446646769
2139	-306.9605083709407
2140	-302.6978458846388
2141	-299.84749360579997
2142	-298.65802072866256
2143	-306.1938192486982
2144	-295.2000756853238
2145	-301.1235193956707
2146	-304.4529844393138
2147	-298.3639022449719
2148	-300.8601797629869
2149	-299.6532880705323
2150	-298.1689753168026
2151	-299.9571015031267
2152	-310.33141953487166
2153	-301.3259337089616
2154	-307.7021910319582
2155	-302.21146272495736
2156	-301.04517969075124
2157	-303.6689543423115
2158	-298.1041645874662
2159	-304.0307510553766
2160	-297.920438574644
2161	-300.25642147816694
2162	-309.3211208933375
2163	-301.41796429066153
2164	-300.2255453054879
2165	-307.492476373657
2166	-301.4970127587136
2167	-305.47760272781295
2168	-310.5306974097862
2169	-300.69694914904596
2170	-304.9719116464734
2171	-299.3097017262855
2172	-302.94979124212443
2173	-304.484068468607
2174	-306.252052703347
2175	-306.1120283627429
2176	-302.5900845261971
2177	-308.37530225704046
2178	-303.7698320208222
2179	-302.1011220314817
2180	-307.1302120163415
2181	-307.77040982933454
2182	-296.49327067991914
2183	-308.8954778880671
2184	-299.09653244014277
2185	-304.68457198925665
2186	-301.90266789235176
2187	-305.2156079555904
2188	-301.57631046868113
2189	-301.81285255703125
2190	-301.97707106155366
2191	-300.6975495585728
2192	-300.8742689478043
2193	-298.5367506347293
2194	-306.7739893567316
2195	-302.6561524470018
2196	-301.5925668214507
2197	-303.8949231227702
2198	-304.86414335887014
2199	-302.2039959147724
2200	-306.99704827458834
2201	-304.97720237022054
2202	-303.27702493957037
2203	-294.7135791896742
2204	-309.5158827623383
2205	-305.93229175089704
2206	-302.8021104155056
2207	-305.87098428098415
2208	-301.0993827054091
2209	-304.7746894964043
2210	-307.144756546778
2211	-306.00611181246575
2212	-302.58563526706996
2213	-306.0208448565785
2214	-310.9040163807496
2215	-298.55311522149344
2216	-300.51068935076
2217	-302.81037129299955
2218	-307.6364362617235
2219	-303.7188094712405
2220	-301.5565999624658
2221	-301.71597447336313
2222	-302.35072355550255
2223	-304.8843619110751
2224	-302.8947549257783
2225	-302.9846763773555
2226	-302.9591037002285
2227	-308.3400417585115
2228	-304.7553763618293
2229	-302.95919956182877
2230	-304.7255926714756
2231	-308.4806426608285
2232	-304.85383933185807
2233	-306.5722711768144
2234	-310.0689576965732
2235	-305.97581477927525
2236	-299.73610531428426
2237	-299.56564100426573
2238	-307.3382139159137
2239	-307.1380777898782
2240	-304.25656863801885
2241	-302.6077863257352
2242	-303.2423341355899
2243	-300.5842142192383
2244	-306.38916162813274
2245	-299.54967489376
2246	-310.1203451964273
2247	-302.47270419078586
2248	-299.2703808405636
2249	-296.05716325942234
2250	-303.9463792026223
2251	-309.15858044799944
2252	-307.12708802488316
2253	-295.87951677107174
2254	-297.6848612052351
2255	-307.0398032215859
2256	-292.76198023410706
2257	-302.50890240453964
2258	-307.2863697958916
2259	-309.70922140239804
2260	-305.0703741385849
2261	-303.9739848991806
2262	-304.2978442217822
2263	-298.8939370753156
2264	-306.10623900778023
2265	-303.0549541935522
2266	-306.2950523730081
2267	-306.2679082103327
2268	-305.32403336136326
2269	-301.4806444354931
2270	-304.2364747891176
2271	-305.2814424198388
2272	-307.0127965520088
2273	-301.1503561296609
2274	-301.71004711937684
2275	-302.3002286802424
2276	-304.2199205898671
2277	-298.89542863206134
2278	-297.1388586849418
2279	-306.92777377535316
2280	-303.9668649634806
2281	-299.878514164826
2282	-304.02676532235347
2283	-303.953239197638
2284	-299.72017860845233
2285	-300.80383604734794
2286	-287.7632924655977
2287	-294.8994024806988
2288	-305.22104603141554
2289	-300.88053867749215
2290	-294.2286448067022
2291	-299.9461191742974
2292	-304.45713749761705
2293	-307.31238436463303
2294	-308.96437293569534
2295	-302.7907979778218
2296	-306.57542029803705
2297	-309.0793435301728
2298	-304.7891101707797
2299	-308.2994312873564
2300	-297.9411
2301	-306.5347067592628
2302	-306.5860835254702
2303	-309.8370323803001
2304	-306.03160028678815
2305	-310.5740653360664
2306	-308.7980268353288
2307	-308.36465996832277
2308	-298.6155148425321
2309	-303.46929571547616
2310	-301.98654653047305
2311	-293.00855877416205
2312	-299.0347327018323
2313	-304.3862148980522
2314	-300.8468843299368
2315	-302.142815748058
2316	-301.74007372669513
2317	-305.4970684197187
2318	-299.731727671418
2319	-302.6778003588973
2320	-302.74884089376457
2321	-304.2903373330771
2322	-304.17828593735175
2323	-296.77128253827146
2324	-303.9298608233811
2325	-307.82692107812164
2326	-306.37433125917266
2327	-307.31748854789237
2328	-306.5151379290744
2329	-304.9155458977053
2330	-302.81964939213196
2331	-302.46561276374933
2332	-301.59805543761746
2333	-299.06316292227797
2334	-296.20928825654624
2335	-307.03724813269133
2336	-304.9953913297929
2337	-302.15810005842525
2338	-304.62019603876604
2339	-303.27952305849516
2340	-307.2335698563433
2341	-309.0147163265953
2342	-303.01517371762964
2343	-301.3478630069642
2344	-300.87882079766507
2345	-308.5070447467
2346	-307.0758913452035
2347	-304.2965508649429
2348	-298.51458465624245
2349	-303.1195919950482
2350	-303.6405357559179
2351	-303.09992209066763
2352	-302.7350996295881
2353	-300.9202618913445
2354	-303.34114592024764
2355	-301.32340002459193
2356	-310.70526661607175
2357	-301.79734146560605
2358	-300.96349234264164
2359	-305.7293190175672
2360	-296.50810082420367
2361	-306.0836064086282
2362	-303.8476713812758
2363	-300.93244222576055
2364	-302.1802019478872
2365	-301.1478978592327
2366	-312.2691649541318
2367	-304.06412689136124
2368	-306.59742787635025
2369	-305.9001343475575
2370	-304.74550000000005
2371	-299.67300683389095
2372	-309.69139944690477
2373	-308.8909440026078
2374	-302.3699075663752
2375	-306.0911664716705
2376	-305.1324282909898
2377	-303.5526525631752
2378	-304.72235796492197
2379	-299.95771426593444
2380	-303.4128912096643
2381	-302.34564787041603
2382	-306.7417611397259
2383	-304.4526932992362
2384	-296.5289518464841
2385	-303.84406299386893
2386	-307.2975819025034
2387	-305.0588981563028
2388	-299.24763371192626
2389	-304.1035539864497
2390	-304.1265043563842
2391	-304.85066713945923
2392	-299.4898699325125
2393	-308.04169491417355
2394	-307.0908268726099
2395	-299.5267915083149
2396	-308.75335146561827
2397	-303.6452436949973
2398	-307.44932869514395
2399	-311.65562366140426
2400	-307.0730204124797
2401	-301.7204328920671
2402	-299.7543719442708
2403	-309.37927239950005
2404	-300.556005081231
2405	-304.753617855936
2406	-305.6994980816149
2407	-309.3535116966132
2408	-304.67883935230446
2409	-305.4747726686474
2410	-304.86941879217983
2411	-301.7894807307239
2412	-310.08343635596594
2413	-302.798398765406
2414	-304.25714822470974
2415	-303.92442115585897
2416	-301.9865290058449
2417	-309.88278348998836
2418	-302.8830248674087
2419	-306.4197720868264
2420	-303.1529596090964
2421	-301.56751034718286
2422	-296.87037062640144
2423	-298.4275885474251
2424	-297.75978431322983
2425	-300.1250131609719
2426	-304.26455090407126
2427	-309.24860415706905
2428	-305.6773412505577
2429	-307.70303233078096
2430	-300.8579630986024
2431	-302.96114203329745
2432	-307.82953109479644
2433	-304.9105751104586
2434	-305.17416633185826
2435	-309.26693011213024
2436	-304.35346695724775
2437	-304.89244854569665
2438	-305.565418003505
2439	-305.0836762359384
2440	-309.5847311978263
2441	-303.1008697983484
2442	-304.95417816467886
2443	-304.6239033983998
2444	-297.6923014188032
2445	-307.25797616631075
2446	-304.35005567266484
2447	-299.5913050107894
2448	-306.73278661644395
2449	-309.4442636267313
2450	-309.5243789515258
2451	-303.58528119376894
2452	-312.1842605484748
2453	-303.32570986275397
2454	-300.58897530534904
2455	-305.0762993706305
2456	-301.2089812208398
2457	-301.9181260419968
2458	-302.73410036258
2459	-305.17610090552586
2460	-303.4750805334807
2461	-302.91502606883074
2462	-299.55292588744334
2463	-307.0181577425602
2464	-304.7153935407803
2465	-306.55993784008626
2466	-308.53434915700535
2467	-307.694205716482
2468	-315.3054720448984
2469	-307.78948996137655
2470	-307.4238975936533
2471	-304.23764808096087
2472	-302.9656436692961
2473	-304.59093782713217
2474	-304.3521731428134
2475	-306.2033604990924
2476	-311.0210954404661
2477	-309.57237868195716
2478	-301.2029990362754
2479	-313.05333054687367
2480	-303.58992136695764
2481	-304.28265428741395
2482	-309.9626241526108
2483	-305.8720862164622
2484	-301.7300327219448
2485	-311.0446648133232
2486	-296.0481011435364
2487	-306.59239471121845
2488	-298.70262854773847
2489	-304.5175453562728
2490	-300.17773772735376
2491	-303.69105666620516
2492	-303.0601882480823
2493	-297.80012140005675
2494	-303.6161455466078
2495	-307.68293287697406
2496	-298.2963325131689
2497	-304.0183276323479
2498	-306.58226065648614
2499	-309.6806455425097
2500	-297.0606633978806
