1	-304.56488967518845
2	-298.7458603256924
3	-306.0879290886684
4	-300.2235455362212
5	-302.8354151242772
6	-310.9638767849962
7	-299.79642627708716
8	-310.1932244258706
9	-303.0816942823494
10	-308.6396589490183
11	-304.8890911977441
12	-310.7857008082646
13	-310.4263814821018
14	-310.30802862458523
15	-307.21493244377945
16	-306.457370683792
17	-308.4518249979545
18	-301.8720538476381
19	-302.2525851360201
20	-308.2774391980198
21	-310.6153054076129
22	-299.0935021481445
23	-311.2615232500988
24	-306.9609347467846
25	-310.0495787447396
26	-306.5787809150367
27	-309.60536890838495
28	-303.4732180776423
29	-312.56762742982926
30	-304.2642249125257
31	-306.9946689632951
32	-305.9784884561259
33	-303.8342946752443
34	-305.0898883654676
35	-304.45597485107095
36	-300.9388704180628
37	-307.33195967606014
38	-308.7561027637541
39	-303.65105317263794
40	-308.68583924738465
41	-305.4074373786387
42	-305.128049038219
43	-309.73098382720747
44	-299.67185051026024
45	-299.958828649653
46	-307.9638050969208
47	-303.3153419566528
48	-308.43257954201954
49	-309.3254166265514
50	-309.05971637245347
51	-310.96055533922146
52	-310.49953194446334
53	-301.51231186728455
54	-312.0461514078576
55	-299.6541624897495
56	-311.2023719789815
57	-305.7525791787333
58	-305.09604741702304
59	-306.7465615953415
60	-309.392655233809
61	-307.994862407492
62	-308.00107975223125
63	-306.5117983957529
64	-307.0985689976515
65	-309.70109604563214
66	-304.0898474660865
67	-302.69811427313124
68	-309.2414414530476
69	-305.41194559662637
70	-298.82084239608065
71	-303.1223165018784
72	-307.11031112183235
73	-307.71198485729343
74	-305.55649151105746
75	-310.09186042626305
76	-301.32928463487565
77	-301.0165764643557
78	-297.83456273885497
79	-303.86167680095866
80	-303.71969166059927
81	-302.70622177849333
82	-301.74812410593614
83	-302.5671276382454
84	-301.8652348728114
85	-307.2308440707768
86	-309.92190915371214
87	-299.54304485284354
88	-301.7788219690144
89	-307.9921287670119
90	-305.8229171564722
91	-313.255871763268
92	-301.15599691917436
93	-305.15144088048675
94	-308.08393040278725
95	-312.59338719843663
96	-313.1470417558912
97	-310.3420096638697
98	-306.4522823532864
99	-310.28331475505394
100	-308.0493203073646
101	-309.8485650476054
102	-300.02944935604114
103	-309.36470882580875
104	-312.99308162826105
105	-308.9857893916191
106	-303.63663924555294
107	-311.39595459025884
108	-305.4818955516793
109	-302.56558554951005
110	-302.22036458864244
111	-313.09062602131064
112	-304.28463071217
113	-310.50094822884273
114	-309.02102276905566
115	-307.5173348626098
116	-302.89424720809467
117	-307.6859624838291
118	-307.5182475110708
119	-309.2269707565419
120	-307.2423311961307
121	-305.7006925411118
122	-306.8659577530251
123	-313.2296483648341
124	-307.6252448921518
125	-315.1351453347512
126	-313.80474571555635
127	-308.1785251049354
128	-303.48470253584503
129	-303.1289455107988
130	-305.33735686652096
131	-305.8369289680376
132	-301.31135154299955
133	-305.48801193489663
134	-308.6779462285762
135	-311.6985848416524
136	-303.7280237537358
137	-297.34205944151654
138	-299.3438672647704
139	-307.5102892978038
140	-303.15960779394425
141	-303.55539237675504
142	-310.84433567209794
143	-304.9376245510946
144	-302.634766294751
145	-307.41993851801544
146	-304.86714213431776
147	-308.4339827870167
148	-305.29162076327634
149	-309.8572281436906
150	-301.07720969629673
151	-307.1453011857159
152	-303.04891228631044
153	-303.4813420479427
154	-308.8155799956818
155	-305.1744174288557
156	-309.60068565854596
157	-306.0605742150958
158	-304.14394670745276
159	-309.4264094775024
160	-306.9780237602052
161	-304.38981705450163
162	-307.8438941149954
163	-304.1956143478252
164	-302.37045220903474
165	-306.240203330422
166	-299.1200519019304
167	-303.13584701430955
168	-305.3816012745907
169	-301.0237065806608
170	-305.51720816556286
171	-302.29294093674844
172	-304.8949981442645
173	-305.50244715398026
174	-306.98313502569675
175	-306.8263923055819
176	-308.69047174396434
177	-300.4000374114335
178	-311.49823572045744
179	-303.78504937036115
180	-307.549518882887
181	-300.16815662933595
182	-305.90932235077634
183	-312.83367293909697
184	-303.43911205123516
185	-306.54844801419137
186	-302.2509834266628
187	-299.35578259138475
188	-307.0316380556039
189	-305.0949398848919
190	-300.85057993995395
191	-308.86211229626986
192	-306.3686376292315
193	-312.26728883945896
194	-303.80489133521564
195	-302.07629022109245
196	-305.3548196300693
197	-307.6490286770279
198	-311.1812927201768
199	-304.39294564715783
200	-311.48264366245024
201	-305.9459929221936
202	-307.4458808201532
203	-304.4649761595711
204	-304.84699998700074
205	-305.3440429809671
206	-302.69555397858466
207	-303.2950929527697
208	-306.835854454847
209	-297.32021152738116
210	-304.78151231262837
211	-309.5105350714219
212	-306.3457315704731
213	-308.62716612896844
214	-308.7048299894856
215	-306.53265815373356
216	-303.43863977825924
217	-307.2642591225802
218	-309.39036038212004
219	-307.0010316505213
220	-305.4891573132136
221	-309.86411950894615
222	-307.8931317100263
223	-307.54652270370303
224	-307.9584182756467
225	-307.8021671003718
226	-305.16543425116976
227	-309.12519531399556
228	-306.07450072530503
229	-301.8018150776396
230	-306.8569086381713
231	-298.8662864519405
232	-309.9220039463061
233	-310.17265098237004
234	-304.412262989491
235	-304.8386982954932
236	-308.2295851203025
237	-302.3311871501287
238	-308.83258147473913
239	-304.214510038647
240	-305.35789459434824
241	-306.5415992275337
242	-306.5804882095745
243	-296.5362763599682
244	-304.0991217104321
245	-310.18954281891655
246	-302.8879095278112
247	-309.05885101203546
248	-305.02856626966116
249	-309.4325208435874
250	-305.50215601249863
251	-305.3970282349717
252	-308.8983951636127
253	-306.3416446074533
254	-308.9418040831465
255	-306.07232786787523
256	-302.89839277906464
257	-307.6832409331341
258	-305.71329358824823
259	-305.5871270191428
260	-304.02573179233207
261	-308.3535310928387
262	-299.6388050189745
263	-306.8522953562187
264	-299.9144190563851
265	-306.10721960170025
266	-304.04461224848495
267	-307.33146623152675
268	-308.91397487040547
269	-302.21856540096593
270	-301.45633298607277
271	-305.7624368308499
272	-308.43450800254635
273	-301.62821640634144
274	-307.1093215075988
275	-304.59330651662816
276	-307.3761818620795
277	-306.03457389415235
278	-298.3216593887257
279	-306.48346371685324
280	-305.4745626117339
281	-306.04674747140035
282	-297.61469639676324
283	-302.4123320495453
284	-303.17860168279196
285	-306.53770046609503
286	-307.0150350335303
287	-301.9105788025112
288	-301.6928496789697
289	-305.7234209522779
290	-303.5718755540968
291	-305.3725061012109
292	-307.0572464722325
293	-311.2770039224736
294	-305.46220063019723
295	-306.6660332067007
296	-304.0405996886833
297	-309.0645730549089
298	-309.6329301726204
299	-304.15756913103945
300	-300.4422028786138
301	-303.05770973025403
302	-311.2006677366572
303	-310.5944033253583
304	-306.9356664941045
305	-311.5832896863078
306	-296.7661012506425
307	-313.08159132947935
308	-300.50921354895746
309	-302.09675583740454
310	-308.05980632494226
311	-307.16713848807694
312	-306.95408118596646
313	-308.3788450504521
314	-307.47538356883405
315	-299.6398346570604
316	-305.39728420278203
317	-302.72830495893356
318	-305.8852013056158
319	-302.7438773968905
320	-306.77732231427063
321	-304.5000262342273
322	-303.4343946183479
323	-309.0198353110709
324	-300.36927035736704
325	-306.7861231765258
326	-309.6845592076355
327	-306.0496858716977
328	-301.3659928771954
329	-312.0396460029746
330	-301.56301902139523
331	-304.38322944801723
332	-306.6281662163612
333	-299.1428121728503
334	-302.19318420799624
335	-305.0588414505432
336	-306.5499211309666
337	-303.5331608175536
338	-302.10904814286357
339	-307.31671859574584
340	-301.59402205324477
341	-301.2481838074293
342	-304.6738828433755
343	-298.61523375589144
344	-302.2920285218845
345	-297.4267570780385
346	-299.46829701651296
347	-306.1447976709956
348	-302.99211461087526
349	-306.1303505352609
350	-308.4530745173906
351	-302.6866531275587
352	-302.0430181425439
353	-308.80254568235466
354	-306.8338045077079
355	-306.97912732671335
356	-310.8358682259387
357	-301.68845602759444
358	-304.53662276263293
359	-304.5843725377349
360	-301.0924847122543
361	-304.21961949554105
362	-310.11197944563065
363	-306.8881145748204
364	-311.8613151780454
365	-312.10496944910284
366	-310.2930408009054
367	-308.19128951369066
368	-310.8478294534896
369	-310.3155685971198
370	-303.44283282312
371	-306.66694311592175
372	-309.7084084078914
373	-301.87331949095704
374	-304.50396593614596
375	-304.19333092411784
376	-307.10561844145246
377	-307.1063819146549
378	-304.50622441596727
379	-309.09865234440406
380	-301.0864471314378
381	-303.46765454033397
382	-304.6321528348488
383	-306.9009326188178
384	-301.4680454002615
385	-310.40414995231174
386	-311.20956484633376
387	-306.5814486552984
388	-311.248548964273
389	-302.4091441592646
390	-304.44609040644156
391	-309.33345325084656
392	-304.7622167148186
393	-308.8241146679216
394	-303.5985818892798
395	-300.3711059466557
396	-296.34676098926263
397	-300.55903002291865
398	-306.7360627171509
399	-303.6495752232618
400	-302.7351215017133
401	-306.1898149380519
402	-302.9747583970443
403	-307.7997701083099
404	-305.34485051362793
405	-307.37866239292504
406	-307.4343668172472
407	-297.9814330313316
408	-309.36274388582
409	-307.04589182450036
410	-308.17281084348036
411	-311.5772980258875
412	-304.8055659407088
413	-300.4029017107926
414	-308.32508919685597
415	-303.0587871060656
416	-308.69212130037084
417	-302.51399143042505
418	-306.24146225650736
419	-304.90910586558425
420	-305.85840001066816
421	-304.36969376425327
422	-302.3272167102839
423	-298.65951561273937
424	-307.4075825599343
425	-306.63714170997116
426	-302.76929856680584
427	-308.0995452516118
428	-296.8780737104613
429	-301.49601960965504
430	-301.2527536748392
431	-306.1629875745093
432	-303.6891222560276
433	-303.05607994697186
434	-301.0697950057814
435	-306.2746864846393
436	-307.42903408942925
437	-304.48540620386046
438	-308.08600096068176
439	-299.90010484861324
440	-302.95351467492577
441	-304.8826063772077
442	-294.9316148554572
443	-304.3062030773702
444	-304.2121381468044
445	-303.35598244103164
446	-308.1854439748984
447	-298.0222523218933
448	-305.71634366861633
449	-304.26173364660303
450	-302.07276502919615
451	-303.5606160799161
452	-307.6013214285173
453	-301.3220914466134
454	-302.135118829519
455	-301.3448345703537
456	-299.70336459300927
457	-308.4646526085367
458	-303.3185027520663
459	-303.2911631366723
460	-301.4953462416863
461	-306.7928480918543
462	-307.03619998406543
463	-310.3394916740324
464	-297.98844966334207
465	-308.95201347329515
466	-310.15551013027846
467	-302.49407941768294
468	-303.7187003886797
469	-300.60608655300024
470	-302.4176129928269
471	-303.5115246101863
472	-300.5137863571191
473	-306.98361999780116
474	-307.49231299083084
475	-304.03676930261923
476	-309.1327897348144
477	-306.2740100242336
478	-303.84170550546975
479	-302.1622070020441
480	-304.24619965863843
481	-303.7412484871963
482	-309.46349788033973
483	-306.92306928540216
484	-298.8603454386253
485	-304.13348436670947
486	-303.15938631339907
487	-305.0309595937459
488	-293.3629746226735
489	-297.65682739653084
490	-297.8549003563027
491	-305.2944480003137
492	-303.086144502757
493	-300.5053392127694
494	-302.9495071193866
495	-304.3362166998382
496	-302.64829046217244
497	-302.94004045465266
498	-310.00507006638736
499	-303.2386540189956
500	-301.60269043797024
501	-306.8070307085416
502	-293.0043782418147
503	-297.36551310407793
504	-295.00424226740796
505	-305.94596824270883
506	-307.8162582062393
507	-300.37065644310474
508	-302.10504835504423
509	-309.40267371596923
510	-304.08527345739316
511	-315.2426245128782
512	-305.58648659217397
513	-307.04159231922387
514	-301.7758609230509
515	-300.42061831892494
516	-295.1902914265343
517	-306.3377688982896
518	-307.59901958281154
519	-296.7778606962351
520	-296.19930364789053
521	-302.988201131968
522	-300.923926736254
523	-299.47219198467866
524	-294.89933012324826
525	-298.3324
526	-306.548748522488
527	-302.8521156540925
528	-301.25837309522626
529	-305.790136717558
530	-302.48203927524645
531	-307.1951927042228
532	-307.9593087835299
533	-302.4528456284117
534	-299.42645058706995
535	-301.59095504232266
536	-308.4810239320672
537	-299.0371817408359
538	-301.7366988252004
539	-305.9715786249087
540	-305.15241564180013
541	-301.98337212722464
542	-302.54413928543335
543	-307.9042062791512
544	-306.31855966113756
545	-301.4872441078934
546	-300.2851157183505
547	-304.8324625094654
548	-304.0816633162838
549	-303.68904825339445
550	-305.55572230425184
551	-304.63199636839346
552	-301.1580286923187
553	-303.20061003835406
554	-298.1087913551669
555	-307.04503987676947
556	-304.0383468894752
557	-305.11989798208697
558	-307.6485563839355
559	-299.8762328106005
560	-304.1994000624597
561	-311.30534991290347
562	-300.4851495122084
563	-301.55498674757155
564	-303.2382037198961
565	-295.66984122503345
566	-303.0284575449929
567	-302.1953788786195
568	-308.18853243472904
569	-300.7772845540393
570	-303.2650092516024
571	-301.3380889810103
572	-307.9464282795084
573	-298.0833005192764
574	-304.9843235218862
575	-306.8677257159799
576	-302.5521833334876
577	-305.77444471880324
578	-299.26640572411895
579	-301.2963821786175
580	-304.570919163123
581	-306.280925670499
582	-300.6724973121099
583	-301.98072351115184
584	-303.77260428192
585	-300.68506585412376
586	-304.0867622364967
587	-308.6544661782018
588	-304.6957213842003
589	-301.6721954478817
590	-303.6846368482112
591	-306.2961415745401
592	-305.34712103957787
593	-302.8463268388783
594	-306.8651791710413
595	-303.1599167355387
596	-307.46564774176056
597	-310.55744344152583
598	-307.0227205848098
599	-307.15114511708236
600	-304.73077956073627
601	-305.2534269166154
602	-307.39487936903254
603	-299.9167184547019
604	-309.8115691544943
605	-293.80153921057126
606	-302.50367571920884
607	-304.6689074094895
608	-302.28865555570286
609	-297.3545275833876
610	-306.0740712430237
611	-301.0507164416746
612	-302.40395475841893
613	-302.6126337789737
614	-305.69498073610254
615	-298.7883339653787
616	-303.790809537424
617	-302.85845012386994
618	-303.7408758470182
619	-307.6079197154488
620	-308.9523361743521
621	-310.2291866465855
622	-307.4403159820585
623	-302.0454169983513
624	-306.71856334677153
625	-304.91414244332833
626	-301.3400076291617
627	-302.49788303802245
628	-298.9687785619228
629	-298.7975807875656
630	-309.2534750664794
631	-307.1243746736267
632	-308.3275927758769
633	-309.95410036990546
634	-304.2087981350072
635	-301.51404169082156
636	-300.85280403334207
637	-301.4237654367688
638	-307.1929201878963
639	-298.8324464950116
640	-296.2087253580085
641	-307.4598314933369
642	-308.35584763550503
643	-304.420099411877
644	-309.0096649946282
645	-304.5325243605876
646	-304.41934181141926
647	-304.4380232457763
648	-301.4428711821469
649	-305.2838608965759
650	-306.0490117095093
651	-295.34673996786375
652	-303.60778045359024
653	-305.20787239398845
654	-305.3625279313536
655	-303.30881842936014
656	-297.9053030280834
657	-303.4768542844974
658	-307.94267468061594
659	-307.2689538933577
660	-306.9744028683306
661	-307.58325856684235
662	-306.86564579389676
663	-303.19361443940613
664	-300.59051453190636
665	-304.76779603351355
666	-302.9590488409032
667	-303.97789823008264
668	-306.6438484408643
669	-308.05935796650425
670	-303.013303930765
671	-306.113944216232
672	-302.5364034983869
673	-306.14922495598046
674	-301.6001534942856
675	-300.4012142228932
676	-304.13181735147145
677	-306.2888802351037
678	-306.0141979543186
679	-308.46024633521745
680	-294.33650493361546
681	-307.43830457415527
682	-306.4438253343187
683	-301.9988042020502
684	-303.9316808862147
685	-305.46337035503234
686	-306.0546573350231
687	-302.02321390645295
688	-305.92785382963046
689	-297.052435878929
690	-306.3495103287531
691	-300.27781910758586
692	-310.8128982368052
693	-300.71080917423717
694	-297.9445909992557
695	-307.0122954802194
696	-301.37804527758567
697	-299.04931964808543
698	-305.3189296924579
699	-308.8797346045269
700	-305.4083745171135
701	-295.4191248159937
702	-303.7532119226982
703	-305.2091103704325
704	-309.4222216069533
705	-307.49966472935654
706	-303.52520287983157
707	-302.15171184626035
708	-309.11539639108514
709	-303.0911586352181
710	-300.2451894872722
711	-298.5094671565941
712	-307.30144866327873
713	-306.6792101013684
714	-301.69453475303135
715	-301.92573668888247
716	-308.30952058287147
717	-307.7323326433247
718	-302.67779610124876
719	-304.20293370307263
720	-306.07197924116684
721	-299.4648730510349
722	-300.819037376431
723	-304.78878972537314
724	-306.2610031880186
725	-302.1027685616824
726	-303.63177064312475
727	-299.46793054627443
728	-303.8732564471438
729	-302.8543265783769
730	-300.346711821615
731	-302.6756480144605
732	-308.11390006176305
733	-305.58039763623293
734	-299.6291281286728
735	-302.0024775920133
736	-301.5277485682485
737	-297.3126954147332
738	-305.70698120321356
739	-303.57320696789026
740	-301.9199002092069
741	-305.66920855451747
742	-308.20897115761255
743	-296.2722591644816
744	-303.45083401921016
745	-308.96642791581985
746	-299.21001460812306
747	-303.8593983764495
748	-305.41006118526997
749	-299.80064580761314
750	-304.8083948505015
751	-306.60426370028887
752	-306.09350302286686
753	-300.8188981189535
754	-305.158
755	-299.485899480682
756	-304.0111212033358
757	-306.83024830002546
758	-305.5741592935601
759	-306.2666800805408
760	-305.3081925933697
761	-306.24870834850265
762	-307.02537234100265
763	-310.92464800317157
764	-304.8214945688769
765	-302.00076376429536
766	-305.8659007154416
767	-310.2668456601037
768	-305.20250189219826
769	-302.6774448570805
770	-294.7198730633244
771	-300.6261528473668
772	-298.4561921180237
773	-306.71027773692566
774	-303.67953224949935
775	-304.83115105271344
776	-303.63147839734046
777	-307.69376968468913
778	-306.7722149310935
779	-305.4640724780609
780	-309.2127696569067
781	-306.04295102452653
782	-305.6126
783	-303.08589785508735
784	-302.6804898199711
785	-299.95598501032265
786	-304.0658510673944
787	-307.17315410950954
788	-306.5074845039415
789	-296.31320162453596
790	-299.0268117202826
791	-303.1789367572989
792	-301.13946638495304
793	-303.15200812444095
794	-300.063495441946
795	-310.71077102400216
796	-304.0581739258513
797	-308.9517709846165
798	-305.2751044783369
799	-299.8872739662296
800	-303.6265141481501
801	-306.20685488409987
802	-301.94797663218355
803	-299.64037637092235
804	-299.67207245456035
805	-300.7779000273272
806	-302.87037094834176
807	-303.25717837206986
808	-293.07882521786524
809	-298.8413134244271
810	-307.6624693509228
811	-301.49328253458714
812	-303.6844557884145
813	-307.87219905460563
814	-308.1469212982513
815	-300.3012251160403
816	-307.478360093263
817	-298.3807743962816
818	-306.2370648227336
819	-301.18312721562063
820	-308.15591620081295
821	-303.03870874738357
822	-309.62668618503466
823	-311.7112335086139
824	-303.66653791307095
825	-309.4856458981816
826	-305.0683473024888
827	-305.9111919247313
828	-298.6829960366235
829	-306.14642809676843
830	-304.16760980404206
831	-307.47137645235915
832	-304.33835003917955
833	-304.28100207893283
834	-302.0760467766259
835	-303.077607957536
836	-306.7750467047012
837	-297.67203347878075
838	-305.1787038992782
839	-310.3340763584188
840	-307.99789159931794
841	-304.691252758563
842	-299.27220824937007
843	-305.49001321953165
844	-304.4932439477822
845	-307.0400524967902
846	-303.3615983476768
847	-308.8676992600816
848	-308.43020146433076
849	-308.5461757424235
850	-310.20152624530203
851	-306.67423579802863
852	-309.8298293036031
853	-310.2390367783246
854	-312.104715762183
855	-307.6638027512097
856	-304.89280721019304
857	-307.5882041893229
858	-304.65553478681744
859	-303.7976931319383
860	-304.79790811148297
861	-300.0685987852237
862	-308.3274190695433
863	-303.0014490437414
864	-302.32937854129335
865	-301.28964539256447
866	-302.8179621211462
867	-307.85955718114076
868	-304.57031172396273
869	-307.2204690748788
870	-306.6125330931557
871	-298.79067852792343
872	-308.93486642659616
873	-306.51388925276206
874	-303.3627554690199
875	-303.7606650700425
876	-299.1918651715695
877	-300.3207428943346
878	-297.6104128335722
879	-305.4404790741131
880	-301.6221031448413
881	-305.5560852049999
882	-311.3194086529562
883	-311.2511493874549
884	-311.29916678586005
885	-310.7313301241949
886	-309.4724218477982
887	-307.75387651250395
888	-303.6293076483458
889	-309.2099763777397
890	-301.09086609629026
891	-308.22144148811395
892	-300.7700047888302
893	-302.5743663632841
894	-307.05057267141166
895	-303.12032226787943
896	-306.5964902101956
897	-308.9106208586263
898	-303.8335337956487
899	-301.55127981702657
900	-309.07983942601004
901	-297.46041441609776
902	-305.49520293570197
903	-306.7925533747741
904	-304.85163616809984
905	-305.8375665221024
906	-302.29765843790426
907	-300.38276075458214
908	-303.9769250540198
909	-308.6782635292907
910	-303.975606844398
911	-304.7626535304607
912	-305.1896246938476
913	-301.99634741294534
914	-302.1956484243388
915	-309.55389717399675
916	-304.4768758490087
917	-301.8298580122934
918	-299.9789983125688
919	-308.7215714728305
920	-304.95354781404257
921	-302.43345856130753
922	-299.4470104212989
923	-303.96385076746594
924	-307.932181240118
925	-311.0577764161961
926	-306.9769175223081
927	-306.82457686107875
928	-304.349791550873
929	-309.10609231897877
930	-306.0734765598386
931	-307.6816610084799
932	-304.6254318314064
933	-309.3343743173693
934	-309.3343145743415
935	-307.8179988744827
936	-309.2262577570174
937	-303.5139119107727
938	-297.5389807001344
939	-307.11937104561497
940	-303.43525821803604
941	-304.2978567049052
942	-304.25064297165477
943	-297.0119169556933
944	-309.10432847966854
945	-306.32182390371634
946	-300.8337440858554
947	-305.5741772665935
948	-308.41682092500207
949	-310.8401025769529
950	-307.51552684050625
951	-311.29663005240747
952	-305.7122652005106
953	-306.6794775456169
954	-309.22705151853154
955	-303.53131123640736
956	-300.73769227136023
957	-305.2205189421454
958	-308.8856027695696
959	-303.2362812329812
960	-309.7719627294927
961	-306.9983702673564
962	-305.55567889155384
963	-307.78231491547297
964	-308.61796145080206
965	-304.03317423576704
966	-305.1062917526773
967	-306.2827834111764
968	-301.87856464404274
969	-305.8255753771981
970	-302.6797844051753
971	-304.68800386677555
972	-302.5710149008928
973	-303.3483201650941
974	-297.61455342035066
975	-308.7280679434933
976	-303.0414897736574
977	-308.10743347180176
978	-303.9134733006546
979	-307.0884359135418
980	-308.73806248060527
981	-306.22102147479325
982	-302.98894076634696
983	-303.3857675468323
984	-306.49262670547466
985	-306.7172216593947
986	-311.1356578006035
987	-306.1707008959451
988	-292.3229576962393
989	-308.72532403245924
990	-302.0312282891561
991	-306.40687346283175
992	-308.5089368442326
993	-303.7291062489204
994	-305.31374537951956
995	-307.5043344150499
996	-306.4343824572989
997	-305.28354779199225
998	-301.62537314504857
999	-308.85890433423367
1000	-304.00098765347144
1001	-299.5921663073525
1002	-302.083888251088
1003	-307.2364423867351
1004	-308.952233613157
1005	-303.51188984713485
1006	-305.13202318255907
1007	-302.2073373469264
1008	-306.7776065422781
1009	-303.96814953426144
1010	-301.1575045219273
1011	-310.1594473739784
1012	-305.65010369835824
1013	-308.5329694090298
1014	-307.27963575467624
1015	-306.94331314209614
1016	-306.2297589958197
1017	-310.0262976028816
1018	-307.77955135242524
1019	-302.43741999819093
1020	-301.29418652291974
1021	-301.8752529644782
1022	-304.4494828138072
1023	-302.19193389142305
1024	-302.11877820707247
1025	-309.3052268218867
1026	-307.7893975528986
1027	-310.05761500892027
1028	-307.52135077127133
1029	-304.4452747379716
1030	-304.6521162665134
1031	-305.9916776498701
1032	-297.8479386507116
1033	-303.87961606748763
1034	-298.1328115171212
1035	-308.52246492885826
1036	-302.99017435736283
1037	-304.5089796647935
1038	-310.1274799093172
1039	-305.42142634516586
1040	-307.3354509729609
1041	-307.4135485948145
1042	-308.5736104163939
1043	-306.6052045518947
1044	-307.3479337489128
1045	-302.0005643787639
1046	-298.54966791194227
1047	-306.7212235456563
1048	-302.20345211825855
1049	-305.7004484010563
1050	-312.3738730545208
1051	-310.00148644084385
1052	-310.1252268679597
1053	-311.3550283516717
1054	-304.50706733190873
1055	-305.47315027303006
1056	-306.5311873035235
1057	-307.9739759310065
1058	-312.1607068155237
1059	-313.1483437821733
1060	-308.56824493176174
1061	-314.1493585659639
1062	-308.2234655742219
1063	-305.62431445904207
1064	-309.50816706932505
1065	-308.1538505095782
1066	-302.49128807243795
1067	-302.3321652291756
1068	-303.1341713055919
1069	-310.96214304979526
1070	-305.77464130980803
1071	-302.86537235191565
1072	-302.4675073025507
1073	-302.83333055571484
1074	-307.018854739516
1075	-305.11343889808796
1076	-303.7424833969403
1077	-309.1449230793982
1078	-311.54322600766244
1079	-310.02905943063126
1080	-306.5025088619867
1081	-301.4902635686174
1082	-305.3404763092807
1083	-306.09667448037857
1084	-310.12100674918923
1085	-307.92204528699244
1086	-309.2182084497015
1087	-303.2783529000874
1088	-303.85071325496443
1089	-306.6524411560315
1090	-312.03881295770776
1091	-308.44630621611765
1092	-312.3114293859175
1093	-303.7903026497236
1094	-304.6151541830645
1095	-299.1712261607195
1096	-309.28967644336996
1097	-302.51150871469605
1098	-313.50116337507905
1099	-302.23241048287656
1100	-315.85765069825044
1101	-308.3110554438192
1102	-312.82218143280784
1103	-306.7618293930979
1104	-309.10893635052685
1105	-303.58667211082405
1106	-305.2894762570097
1107	-313.92664493874025
1108	-312.83876892035744
1109	-310.5591235523963
1110	-303.63375563931874
1111	-309.32950070042875
1112	-309.8742966490057
1113	-309.60804785993344
1114	-311.5648486568751
1115	-301.89287941706755
1116	-311.58521035064155
1117	-306.19032355145595
1118	-309.90999057750207
1119	-305.96759339205755
1120	-304.0754128569987
1121	-305.6481519231314
1122	-303.738473605696
1123	-313.0499993279661
1124	-309.6264476664248
1125	-308.0165225355552
1126	-310.0500012347144
1127	-311.51965724560176
1128	-312.6847211600362
1129	-301.6357725577802
1130	-307.09707009634064
1131	-312.5079614989845
1132	-310.30722852332167
1133	-307.3843670008656
1134	-299.11310518510214
1135	-314.2629875825365
1136	-308.8135912734821
1137	-300.57950429325575
1138	-308.2447286978986
1139	-306.5629250575864
1140	-308.7627302565733
1141	-302.0032052070067
1142	-304.43650937381864
1143	-306.91127080262237
1144	-296.1546292397212
1145	-303.87680232949623
1146	-307.9148412918601
1147	-301.5878169857808
1148	-306.7760989719052
1149	-309.2894996692794
1150	-309.8580209407776
1151	-309.0913951700689
1152	-302.14795211609345
1153	-305.62919661337463
1154	-303.4340913728675
1155	-297.0983309023314
1156	-310.5653347724084
1157	-308.3398873973012
1158	-305.11813793871073
1159	-310.90705716263244
1160	-306.3194303398059
1161	-306.5002330209976
1162	-304.67572478046446
1163	-297.2611413303146
1164	-305.6411664837504
1165	-306.10734666827864
1166	-299.24918855898727
1167	-296.7690248687976
1168	-296.1320797254171
1169	-305.130913969689
1170	-303.8822694674055
1171	-304.5114931301281
1172	-302.3565565367648
1173	-294.87615824129296
1174	-302.79273188088786
1175	-303.1701081831648
1176	-310.2809603342549
1177	-305.3366333484085
1178	-305.0458233393082
1179	-300.095239114425
1180	-302.1557522997444
1181	-302.08975970158684
1182	-300.2601656843975
1183	-301.73375175634874
1184	-304.2856000000003
1185	-299.72185757261667
1186	-298.817839518055
1187	-294.8363638199127
1188	-300.85537546759446
1189	-300.37446351549625
1190	-301.0833936306249
1191	-297.1673545045566
1192	-301.39593217373283
1193	-304.0120841178744
1194	-307.6649926741426
1195	-300.79655470459903
1196	-292.6987031863829
1197	-298.5616969049325
1198	-300.379112915954
1199	-302.15976533586775
1200	-300.0734000006271
1201	-298.44623147877104
1202	-299.1230629635683
1203	-307.7006222892583
1204	-307.8179616088272
1205	-299.8362633153584
1206	-293.01591786905175
1207	-303.38959642043193
1208	-301.02129351894456
1209	-303.2486
1210	-305.8299661879134
1211	-298.85723248845846
1212	-304.2979886519902
1213	-306.2652009597096
1214	-311.76533042127016
1215	-295.9416153754463
1216	-309.6809862416322
1217	-306.0180297721811
1218	-302.4488254091733
1219	-306.6894674894755
1220	-306.5483444252777
1221	-307.63750822582557
1222	-298.14571912721243
1223	-303.09804607349537
1224	-305.906626236406
1225	-304.20975127406524
1226	-305.3714849048501
1227	-305.2692323183345
1228	-309.61810194217645
1229	-301.70179325240355
1230	-303.1811939153014
1231	-306.7371311909891
1232	-305.2178137271186
1233	-311.044285812454
1234	-300.1453123065421
1235	-307.3195326098017
1236	-304.24778168251885
1237	-302.1748399510826
1238	-309.89944340587715
1239	-302.45807719046735
1240	-306.8203516100972
1241	-307.19319040063067
1242	-303.79679990044696
1243	-306.42537971185703
1244	-301.6361750627665
1245	-301.7970924295247
1246	-298.15290602557104
1247	-308.99649156840053
1248	-305.6838442985939
1249	-301.4324345146134
1250	-296.7065809849585
1251	-300.9477535469752
1252	-301.17377411425554
1253	-299.3112022450873
1254	-300.48363808271876
1255	-296.4590197586425
1256	-299.9975012686033
1257	-299.7569041982734
1258	-301.94768867435846
1259	-297.6553587827132
1260	-304.6794047295855
1261	-307.2108950500915
1262	-297.5798715584668
1263	-296.5757308830906
1264	-307.5599838695693
1265	-305.39994555330316
1266	-302.27681727140424
1267	-306.1960682108019
1268	-302.23537963973905
1269	-298.9325942270173
1270	-302.94662068760005
1271	-303.38339906910466
1272	-307.2051831374026
1273	-306.91520402937556
1274	-299.57316046012903
1275	-301.7713709260286
1276	-300.6333828723358
1277	-300.736088993089
1278	-297.951235228471
1279	-302.852804274291
1280	-303.34850646655246
1281	-307.1059096145207
1282	-305.94201689558867
1283	-308.2903331650094
1284	-309.6219653545045
1285	-308.8661872188933
1286	-311.5281962544827
1287	-300.3868278988095
1288	-301.5450804296951
1289	-303.13300461675277
1290	-304.11522948423817
1291	-305.41525693751316
1292	-295.6354897644008
1293	-300.93261590529454
1294	-306.8984084210077
1295	-301.50169171432776
1296	-308.98372494051154
1297	-298.06543570972866
1298	-301.39877909924945
1299	-301.56629963043247
1300	-304.14921641987286
1301	-308.68809957297964
1302	-309.5077458201255
1303	-306.99584845065857
1304	-301.78068546525196
1305	-303.62236648062986
1306	-303.7948440518229
1307	-303.47890390684887
1308	-302.37529818697465
1309	-298.3579667798706
1310	-303.5200090513529
1311	-299.2075703211599
1312	-306.422397807355
1313	-302.4325355466442
1314	-305.6625891617003
1315	-301.7711375120694
1316	-301.0422459309968
1317	-296.61960323202226
1318	-306.0626339238477
1319	-295.6510923980759
1320	-305.2094471253607
1321	-302.0058005000112
1322	-307.7163327048517
1323	-302.30476802321766
1324	-298.633273321878
1325	-301.8214386380575
1326	-302.8292781153005
1327	-301.68655573997717
1328	-289.44150051034165
1329	-303.3682629705963
1330	-301.9950499106945
1331	-296.89205351411107
1332	-302.4083510400176
1333	-308.7054081513498
1334	-301.6931404278851
1335	-304.3646078034529
1336	-295.29983632575414
1337	-305.38745722271756
1338	-309.5336287586194
1339	-305.03231993706163
1340	-299.7354055394405
1341	-304.67553069362424
1342	-302.57835064194126
1343	-304.4899594329112
1344	-303.465283738326
1345	-305.2726450296485
1346	-301.5125639215934
1347	-304.00239150593586
1348	-304.62449821871166
1349	-304.7568403964652
1350	-298.04449239942284
1351	-304.4826
1352	-301.74899544184797
1353	-305.783400010704
1354	-303.94549044646885
1355	-305.2897577873782
1356	-304.35634787039083
1357	-300.12545845834967
1358	-298.1955686150056
1359	-306.10311091650823
1360	-310.1310104233915
1361	-307.0327000000035
1362	-305.0127659492172
1363	-305.6065705824776
1364	-310.6424814595171
1365	-305.4106482909223
1366	-308.6913290459097
1367	-305.6108011474565
1368	-304.54882201056364
1369	-309.2591216021478
1370	-306.4094780652124
1371	-303.68107614050126
1372	-299.3329367419391
1373	-302.2035604266346
1374	-297.3719037116018
1375	-306.92185564261706
1376	-302.5046281907972
1377	-300.98442291811597
1378	-304.40165916471454
1379	-301.1233051113805
1380	-309.93774225946635
1381	-306.31375498358017
1382	-302.6684725936979
1383	-305.0879105416272
1384	-299.25390803731443
1385	-305.97394389776343
1386	-303.13044735226555
1387	-310.11297452910594
1388	-311.10586061135234
1389	-309.75069342254073
1390	-308.61951349214127
1391	-305.3081650487564
1392	-305.6372847060074
1393	-308.3915043298284
1394	-302.7034977265164
1395	-301.2265488206557
1396	-302.5606506235371
1397	-304.559288530012
1398	-305.0242215445264
1399	-303.8692515682594
1400	-307.94905950548144
1401	-305.7111625204272
1402	-304.48451329833745
1403	-301.98806636422006
1404	-305.5127487352724
1405	-311.9070122912838
1406	-307.0053144054126
1407	-300.4482574331857
1408	-303.4776441579891
1409	-312.22298127149537
1410	-314.1064665774107
1411	-296.50477280855375
1412	-301.88876154073125
1413	-308.0397147170697
1414	-302.4576808332726
1415	-301.8220122251684
1416	-310.6390929462042
1417	-303.3067781789594
1418	-300.7681774491769
1419	-307.7030013861995
1420	-306.30132321380023
1421	-300.9666218421668
1422	-304.3777331465404
1423	-298.78470025049467
1424	-303.9116899854687
1425	-306.64720907232373
1426	-306.7201738424904
1427	-307.40032503049366
1428	-306.37190599083254
1429	-304.6036791843177
1430	-299.6054867729656
1431	-303.0484540336094
1432	-303.8209226274712
1433	-304.0223358299939
1434	-304.46217051195254
1435	-309.7315597941243
1436	-296.14689214771187
1437	-299.96896230452927
1438	-304.4222942945221
1439	-302.35138334442877
1440	-300.80869685781727
1441	-309.6497208740704
1442	-303.3393413234308
1443	-301.94288169823926
1444	-292.7530253065988
1445	-305.97414928028775
1446	-305.9481763773883
1447	-310.9929065829298
1448	-306.8569192138278
1449	-309.18180589423974
1450	-301.8762628909408
1451	-297.5182607009833
1452	-300.4661026577084
1453	-307.7019525257483
1454	-304.5601789397101
1455	-306.4566370171649
1456	-300.97437352707374
1457	-300.05326191069287
1458	-303.75947056191524
1459	-303.36017616363176
1460	-302.01599329781317
1461	-305.04412081823267
1462	-305.95877983643754
1463	-301.4353443159604
1464	-305.6461646175408
1465	-305.3324546664626
1466	-301.04349692046395
1467	-307.20597743591696
1468	-304.15465746673783
1469	-307.8670438245463
1470	-304.9926912777672
1471	-309.66334144363657
1472	-306.13746213529913
1473	-302.07408852013106
1474	-306.4813864471617
1475	-296.99553925761734
1476	-298.2588154147994
1477	-308.23802889997154
1478	-308.85186228676514
1479	-305.2227725054255
1480	-304.1694596886753
1481	-300.83534396573754
1482	-307.1515011699809
1483	-295.99337705861564
1484	-301.5541081732852
1485	-303.55537876498624
1486	-294.48447982224434
1487	-302.2740286753145
1488	-300.3682425051722
1489	-295.94948315665425
1490	-305.1458762445708
1491	-309.9785769741826
1492	-305.2121489208188
1493	-303.7944
1494	-305.0208938094574
1495	-304.02441099782135
1496	-307.55501175712624
1497	-306.6049362664494
1498	-303.28689285201915
1499	-306.6434645034894
1500	-300.13896893279775
1501	-302.62726690816
1502	-304.07846984864483
1503	-303.3491870053725
1504	-303.5072314367253
1505	-301.5731814254965
1506	-304.00210801776063
1507	-305.3471776393887
1508	-303.7698548452944
1509	-298.4628100689824
1510	-302.7754150377373
1511	-302.0479535821996
1512	-301.8761331188901
1513	-304.5800590513714
1514	-300.98506432409727
1515	-299.74650309442404
1516	-303.16335895504125
1517	-306.94235019758304
1518	-305.4064904106588
1519	-305.360156532317
1520	-306.3918811321913
1521	-303.4498764145048
1522	-305.21994524467664
1523	-305.7765645227393
1524	-304.82254304765564
1525	-293.14185067372244
1526	-296.02161260998133
1527	-305.4744471436493
1528	-305.82611685164505
1529	-303.9045270423444
1530	-304.94099416323525
1531	-304.3282835411724
1532	-304.2578002741333
1533	-301.19392443762706
1534	-300.3352636765037
1535	-300.8879000004002
1536	-296.53739037350016
1537	-301.191968726758
1538	-302.70410209363666
1539	-296.16314430004866
1540	-308.94675570887176
1541	-306.98634490362275
1542	-306.97851814339725
1543	-307.1436298843308
1544	-305.0553471960527
1545	-311.06233481379945
1546	-301.00000146968097
1547	-301.7934453510971
1548	-308.5323020627388
1549	-305.08452709054654
1550	-309.1277547744027
1551	-301.33625533356803
1552	-308.11734736538807
1553	-304.37210133631424
1554	-310.6072422470606
1555	-304.4755720925792
1556	-298.6202541363785
1557	-303.1343533583918
1558	-305.10354843892503
1559	-304.6426774690794
1560	-309.4054976690564
1561	-305.73380360983566
1562	-304.0023290791585
1563	-296.2385744133969
1564	-298.92209588891455
1565	-301.0011265739906
1566	-293.6475965305183
1567	-304.23407841436943
1568	-306.25593190117667
1569	-299.62124386616136
1570	-300.6001909925112
1571	-300.5388302426273
1572	-296.6471370504748
1573	-299.1272792355087
1574	-307.7756324297021
1575	-302.445497334423
1576	-299.26211746808525
1577	-302.1208661564487
1578	-301.81783703439146
1579	-310.3753055986549
1580	-308.2573891821065
1581	-305.69939462556584
1582	-307.648332536838
1583	-302.88375623658936
1584	-300.98878439966273
1585	-302.9022855682004
1586	-308.29444814484026
1587	-304.1185893503373
1588	-306.34562586483537
1589	-302.29120944910807
1590	-305.2251972645718
1591	-298.418743582481
1592	-304.76424872765296
1593	-302.013232843317
1594	-304.41474635617794
1595	-303.2190704711815
1596	-301.1203434775192
1597	-299.5626905448848
1598	-299.40559348957555
1599	-300.30999429559836
1600	-303.4614717687515
1601	-305.4044562947669
1602	-303.22891429659137
1603	-300.53149432902893
1604	-308.7304448809027
1605	-299.31711580279944
1606	-310.36898071306166
1607	-296.1476640673238
1608	-306.8306785214003
1609	-304.93613048832066
1610	-306.58385499043726
1611	-302.1701794174928
1612	-305.0927487653467
1613	-305.67183308134656
1614	-304.83100443164705
1615	-301.7193470492028
1616	-301.53475834983806
1617	-298.64801755310225
1618	-296.2378000022621
1619	-306.3902158193851
1620	-301.26949031362676
1621	-305.66468957970864
1622	-308.2920802974682
1623	-303.49231330315666
1624	-301.40600003903927
1625	-291.76146820454113
1626	-303.04657411888576
1627	-305.2634713243256
1628	-293.62470028857894
1629	-299.9127085026501
1630	-310.6986470411598
1631	-306.2368249767224
1632	-297.7358621271729
1633	-301.3137225671277
1634	-306.7405898571291
1635	-302.12358573601637
1636	-303.47524811494446
1637	-304.2614574207113
1638	-304.53443217543906
1639	-304.07503499392357
1640	-304.44627133848184
1641	-305.7480518071343
1642	-302.43242655665756
1643	-298.4234944515425
1644	-302.18202922529275
1645	-305.10595437804386
1646	-303.46669596883737
1647	-301.5886936560636
1648	-306.8656129563715
1649	-306.76698703670564
1650	-308.96520579250176
1651	-299.09610005100956
1652	-302.6022954362501
1653	-302.13297190575776
1654	-307.230213639051
1655	-298.34663392475784
1656	-309.9400322085961
1657	-298.3503698853858
1658	-302.11033571959354
1659	-300.1548775388835
1660	-303.2596709041299
1661	-297.3798000011557
1662	-302.33393320661486
1663	-302.85901138451527
1664	-302.3782250124661
1665	-309.03657693844923
1666	-303.5464927906258
1667	-302.62633207130835
1668	-302.85043257832336
1669	-302.05234365004287
1670	-298.65465761278955
1671	-300.602000375203
1672	-303.5080643367094
1673	-304.05004123009286
1674	-303.14157920024417
1675	-311.1511394095353
1676	-299.6124698739614
1677	-299.367853647015
1678	-299.34890000671646
1679	-300.96490602344034
1680	-304.5094618598017
1681	-301.98465375216904
1682	-301.3404396685897
1683	-303.8143176923156
1684	-300.02716777967635
1685	-306.436423410452
1686	-306.8887744050554
1687	-299.90411428681637
1688	-301.1068355647398
1689	-307.06134916770924
1690	-294.5404745225879
1691	-304.9435029820875
1692	-303.47606139815133
1693	-309.24801916795536
1694	-312.5178102073623
1695	-304.3365907147768
1696	-310.5406080551757
1697	-300.1495894722486
1698	-307.7354795186198
1699	-301.6188215011072
1700	-309.7393538401901
1701	-302.52090103431044
1702	-296.53230496109563
1703	-297.8932907309495
1704	-302.3864725965701
1705	-300.3752590209928
1706	-305.6679030825272
1707	-303.1470058455603
1708	-296.7437210483636
1709	-290.54960000008094
1710	-297.11520002045484
1711	-297.6358000000035
1712	-310.88240485604297
1713	-304.52090435014577
1714	-301.0256473486399
1715	-301.32503029307713
1716	-302.9459489369404
1717	-302.5540045642013
1718	-308.80337042334423
1719	-305.4675665222773
1720	-304.3902337366017
1721	-303.5816346816768
1722	-300.7579931998866
1723	-311.35886644897477
1724	-307.3320264531284
1725	-307.23780151450035
1726	-308.536473051369
1727	-302.5299042711185
1728	-304.87512001574515
1729	-305.74997488524093
1730	-307.92164111668416
1731	-307.34742635007444
1732	-301.424394818042
1733	-306.93269706635056
1734	-303.02319442866843
1735	-295.50270890190046
1736	-307.50596396295475
1737	-298.7487526846057
1738	-307.51821280422917
1739	-302.78117029216133
1740	-302.5017848104577
1741	-300.9199471821821
1742	-307.54355137648713
1743	-303.9288506550394
1744	-305.4715593265888
1745	-309.8382492150005
1746	-300.18582974043255
1747	-308.2008751636237
1748	-308.2405331241281
1749	-301.9617707593224
1750	-309.58771364067854
1751	-295.1980840291354
1752	-302.37424975730806
1753	-301.47380531458214
1754	-305.1928904146534
1755	-307.230895220335
1756	-303.45555556649686
1757	-300.34288334426077
1758	-304.21480843522096
1759	-307.4588829749289
1760	-305.04256182206586
1761	-303.87822025029817
1762	-304.03472084306884
1763	-302.02125316071516
1764	-298.90320897863666
1765	-303.00870848443947
1766	-304.16343725781627
1767	-307.9038072889322
1768	-303.1454650352508
1769	-309.7901432750887
1770	-304.57418581430386
1771	-303.6371431237073
1772	-300.6033151572243
1773	-306.46996328855346
1774	-305.59929323136106
1775	-306.40231122871387
1776	-308.6010283063068
1777	-311.27542124122925
1778	-304.53168885100405
1779	-305.08505076982766
1780	-313.0781010238222
1781	-294.88702126949306
1782	-296.6104947979482
1783	-302.9494718851484
1784	-300.1646
1785	-311.5046346335252
1786	-302.43856429879327
1787	-303.8594589808717
1788	-307.3989710564178
1789	-307.7273936597585
1790	-305.56480903850286
1791	-305.026311900935
1792	-305.6865504681667
1793	-303.223700000007
1794	-304.31016413358316
1795	-295.08063875899126
1796	-311.0690486761367
1797	-305.6407408510888
1798	-306.5128878599895
1799	-304.75037967557614
1800	-299.8758849380445
1801	-304.7767
1802	-306.6074400944545
1803	-299.1145202500257
1804	-303.0020223505758
1805	-307.33863870780306
1806	-304.7654193357055
1807	-304.40508599357634
1808	-305.8294863677734
1809	-302.9359132403987
1810	-300.1260429772281
1811	-303.72818931457755
1812	-299.66445470925834
1813	-302.06670303500425
1814	-306.0701030647381
1815	-306.5675415853074
1816	-304.8646430919304
1817	-296.2894611560207
1818	-300.7339055139353
1819	-302.76907845623276
1820	-305.08037583551015
1821	-308.42214520378764
1822	-306.5750240730386
1823	-306.347261681072
1824	-304.73665369653355
1825	-305.4124540845461
1826	-297.2957056871248
1827	-304.44735725310835
1828	-298.4825242457028
1829	-303.6645567681629
1830	-306.8326320689729
1831	-305.5076767934816
1832	-300.8826102859059
1833	-301.6396815950979
1834	-305.16955344810566
1835	-297.27990018313756
1836	-309.1055168403203
1837	-301.95315102932824
1838	-304.0947209903599
1839	-297.2356775947662
1840	-301.6804225140664
1841	-305.77315942682714
1842	-303.9531888600101
1843	-306.54084984449764
1844	-307.95346611976476
1845	-301.3639202434639
1846	-307.7857897938813
1847	-297.98866700025445
1848	-302.8082891634051
1849	-307.4731558344493
1850	-300.1113435560306
1851	-299.06733781784595
1852	-305.426509067843
1853	-304.3952802668694
1854	-301.131781620033
1855	-303.612587463187
1856	-307.16617068575
1857	-302.7188151276623
1858	-302.24287113440664
1859	-302.0402645190083
1860	-302.17734190378627
1861	-301.1764052904463
1862	-303.85556093594494
1863	-303.5983626379685
1864	-304.9621189313276
1865	-300.65763216162674
1866	-302.30877016724054
1867	-303.24658630896454
1868	-307.30144666113034
1869	-302.51488902178795
1870	-299.01387466511426
1871	-299.01028658031373
1872	-298.68886364733055
1873	-305.65150420436464
1874	-305.2880545691117
1875	-304.3988
1876	-301.7069530847306
1877	-310.035303019357
1878	-303.1088918374685
1879	-303.3178920512032
1880	-302.6469964609953
1881	-308.97097661402455
1882	-299.53314352805904
1883	-307.0879028903232
1884	-302.95890857971506
1885	-305.8695905430309
1886	-305.1413221207222
1887	-307.8199219787536
1888	-303.5605749206061
1889	-300.5328168265397
1890	-302.8103961560229
1891	-310.37058959711527
1892	-300.31044174126714
1893	-308.571760714805
1894	-308.9521665666531
1895	-305.5866487295108
1896	-299.40523352068595
1897	-303.9571146985328
1898	-299.5996319275915
1899	-301.1630133853881
1900	-302.89614494424836
1901	-297.86379140796345
1902	-301.4939025755871
1903	-298.1091092503668
1904	-295.0380649149405
1905	-303.5705094226304
1906	-304.51688098987876
1907	-300.2030025295586
1908	-299.86491601043025
1909	-303.06936883954046
1910	-297.28687296200303
1911	-307.1189727457817
1912	-299.9615718930928
1913	-289.2824307042714
1914	-303.71375254262284
1915	-302.6624893257891
1916	-301.2239283291133
1917	-302.1491665051736
1918	-304.9930366990379
1919	-310.23061220376206
1920	-298.35928201702484
1921	-298.4903380266881
1922	-311.2226398941153
1923	-306.4742198997222
1924	-307.3481598007249
1925	-301.04027144412026
1926	-297.34048264521385
1927	-306.9784300826115
1928	-310.18847742525287
1929	-299.37418340960863
1930	-305.1732103051231
1931	-307.06716616546106
1932	-304.2275030945779
1933	-303.18691045654737
1934	-309.2955513700622
1935	-307.7951430728649
1936	-301.63182447072245
1937	-308.7890357711715
1938	-310.67749911714594
1939	-291.90917053703436
1940	-304.4962938948121
1941	-301.35602393500926
1942	-304.7391233154715
1943	-307.8864950145644
1944	-297.4013000000731
1945	-307.3781207052766
1946	-306.7619843575822
1947	-301.0511577169431
1948	-307.7756730201723
1949	-299.98661874243385
1950	-302.1182108768584
1951	-303.4064015256186
1952	-303.30627425779556
1953	-301.9270901794934
1954	-299.53870734109
1955	-296.38814007868945
1956	-299.89300000000003
1957	-299.24334310283257
1958	-306.66833108798613
1959	-293.65663592931566
1960	-301.9878807357445
1961	-304.06259225676314
1962	-300.07910352034435
1963	-300.7652564751874
1964	-299.02920336417964
1965	-301.85210000000137
1966	-308.3535279034814
1967	-306.0366057602042
1968	-308.7743452379878
1969	-304.634345040318
1970	-305.63244853080187
1971	-300.3793902915647
1972	-309.65120372417704
1973	-298.2018564680779
1974	-305.205040962868
1975	-301.63268756548393
1976	-311.1893500407727
1977	-307.5463461217914
1978	-302.9743372467754
1979	-300.85154751040335
1980	-301.51431746450646
1981	-299.2081668446119
1982	-302.3215000714525
1983	-303.36666938439953
1984	-302.5738124955636
1985	-306.61809157038033
1986	-304.3570185288087
1987	-304.61796533590166
1988	-303.35948450469834
1989	-304.60184295451876
1990	-300.89098492701197
1991	-308.60476022817
1992	-307.86734074107005
1993	-300.78711879579765
1994	-303.52163103355775
1995	-314.25545613040623
1996	-300.8177477063841
1997	-306.90747731823603
1998	-304.89531026590316
1999	-307.9794053737994
2000	-308.7229251678778
2001	-303.75329698161335
2002	-300.45864735440455
2003	-307.7051429314819
2004	-303.829824736593
2005	-303.44678691585443
2006	-304.6199863352194
2007	-309.98896532557654
2008	-304.12346234277817
2009	-303.96113381502823
2010	-305.42851755300353
2011	-307.4855438327797
2012	-309.50603204533655
2013	-303.06408102306455
2014	-294.67920199197226
2015	-303.8561015376501
2016	-300.91354988232405
2017	-303.55875215635973
2018	-310.60408947364255
2019	-302.3908010138478
2020	-302.80358959314407
2021	-298.5195900811462
2022	-299.96189436842695
2023	-304.53849697613117
2024	-304.5891592177311
2025	-300.1568017677241
2026	-306.70595395051595
2027	-302.52035038086046
2028	-301.04256856068184
2029	-304.0345157372835
2030	-307.972988889775
2031	-301.34085909099355
2032	-300.91030776855143
2033	-303.49212922000504
2034	-300.55559948410905
2035	-307.8919434919538
2036	-305.96425695592615
2037	-304.22271937058235
2038	-302.94545634680327
2039	-304.4483736257623
2040	-302.5740929017354
2041	-299.4547229749626
2042	-303.98159604928793
2043	-302.2485477562689
2044	-305.48016334735763
2045	-304.1609018158426
2046	-304.74874921947185
2047	-306.0342361447985
2048	-302.21163649764424
2049	-302.36578211472147
2050	-305.51859516506914
2051	-305.12875423610365
2052	-303.14943061215837
2053	-301.4602222203553
2054	-305.88979778545587
2055	-305.810438425374
2056	-308.44645981388305
2057	-306.205521439634
2058	-309.290102540891
2059	-308.72264412799336
2060	-307.45694137692544
2061	-309.0527770932786
2062	-307.1190743221678
2063	-300.77626291780734
2064	-309.73438039319933
2065	-304.2017703777792
2066	-307.3324127533318
2067	-305.5529624991372
2068	-305.06738401380164
2069	-305.9855751496964
2070	-306.76901906811514
2071	-308.5473164303901
2072	-301.62198412762666
2073	-306.59796278204146
2074	-299.5380721366403
2075	-306.7591427884238
2076	-310.0058000124086
2077	-300.1364000283027
2078	-304.6249193262508
2079	-306.15310006013937
2080	-301.18630832470996
2081	-301.33395909948877
2082	-302.51064083949876
2083	-295.7603020326965
2084	-305.92798411040775
2085	-298.80235740753824
2086	-301.7516146222787
2087	-306.8805000368083
2088	-304.523066366155
2089	-313.9082066504677
2090	-304.0481570961878
2091	-302.11885550479775
2092	-299.76773125618223
2093	-301.1611454383742
2094	-310.2030337559072
2095	-303.9590132648036
2096	-305.20345815017646
2097	-305.6006166998754
2098	-302.8509578676025
2099	-300.76828493545105
2100	-305.8199013942912
2101	-301.63241944052453
2102	-306.460573698119
2103	-308.48034608942146
2104	-304.16221396801603
2105	-299.75141660146124
2106	-299.90620000000587
2107	-302.9287223031867
2108	-296.23820158837293
2109	-301.8528387991267
2110	-304.0949739248565
2111	-300.07224429380335
2112	-298.9070258140497
2113	-303.988582350075
2114	-303.85741679970135
2115	-305.4724452118287
2116	-298.44975613803575
2117	-305.0343877688703
2118	-305.44532585793985
2119	-304.7455986214706
2120	-302.5955578095392
2121	-305.5549139951448
2122	-309.00671850044955
2123	-302.919410110555
2124	-304.6818642281284
2125	-301.4193032044689
2126	-301.5509570187523
2127	-302.844834194891
2128	-302.61970186631055
2129	-304.96689195484754
2130	-301.8760519643152
2131	-305.44910118489787
2132	-303.6781083526164
2133	-300.14659159405085
2134	-300.9118935898325
2135	-302.4178898614278
2136	-305.20336305143655
2137	-307.5600683147646
2138	-302.17620441306474
2139	-300.4078911377441
2140	-301.9531949571843
2141	-303.1236462872607
2142	-302.05458713404033
2143	-300.19327763004065
2144	-296.70207230152016
2145	-304.69010300015464
2146	-302.993762537726
2147	-305.6027665708798
2148	-305.7813878328165
2149	-302.0502103628426
2150	-308.1404472512359
2151	-302.71012002171994
2152	-309.53734428680235
2153	-305.2118788406299
2154	-309.06162675695083
2155	-302.3511350807915
2156	-307.8393279533623
2157	-297.1098654565115
2158	-303.94720485863826
2159	-306.38063133484985
2160	-301.5491084526723
2161	-307.79712083246625
2162	-305.16908000394545
2163	-302.06246389043696
2164	-297.53690005375313
2165	-298.80321009797336
2166	-300.12496966075327
2167	-301.7698105169503
2168	-299.21203965783303
2169	-304.5857510926445
2170	-299.09193611330016
2171	-302.6983572979191
2172	-302.6185099363445
2173	-302.99854692658914
2174	-306.77294256401075
2175	-306.6309
2176	-298.00598348547413
2177	-306.6042165870419
2178	-308.9637433016915
2179	-304.84617422614014
2180	-303.59688603842716
2181	-305.7197365536938
2182	-300.79162463870415
2183	-308.49920696900807
2184	-309.31374059867665
2185	-300.5187970177412
2186	-305.23803608728633
2187	-306.1529879434688
2188	-303.51768256325926
2189	-300.5613764971452
2190	-301.1871325228406
2191	-305.0048718631094
2192	-303.1524551654375
2193	-305.34415574811686
2194	-312.6449074935811
2195	-303.2351997128666
2196	-303.05556949101026
2197	-301.590179070507
2198	-297.8706609037221
2199	-301.98826860073746
2200	-299.37286533938317
2201	-303.65013446091837
2202	-305.86603614999626
2203	-300.62591195645206
2204	-300.96590000000003
2205	-301.9814063434312
2206	-308.304381923453
2207	-309.3294741655397
2208	-307.40513318267443
2209	-301.60546143334494
2210	-302.3999277252162
2211	-305.60412461907924
2212	-302.01749239176735
2213	-304.0166555410045
2214	-305.9845709741234
2215	-303.742840551461
2216	-301.8651424773933
2217	-304.8034076618811
2218	-303.0981617228111
2219	-307.06649902932025
2220	-304.58526331300425
2221	-304.07130000000006
2222	-305.1788396879859
2223	-303.1554018994238
2224	-306.8598686737976
2225	-313.23915318042714
2226	-306.11620566764947
2227	-303.12751266496076
2228	-299.15097419759667
2229	-301.55636944795793
2230	-309.0385645518054
2231	-302.3957716419979
2232	-303.87994003746076
2233	-295.4049110839496
2234	-299.19122858253496
2235	-298.84450003846456
2236	-298.84105030184065
2237	-303.16561837134753
2238	-304.10304711578635
2239	-299.43731701334804
2240	-304.758923918805
2241	-295.781503508102
2242	-302.622432482265
2243	-300.13086345143034
2244	-312.1867700582031
2245	-305.68347564628255
2246	-308.097491658159
2247	-305.1127830162702
2248	-304.03588767630663
2249	-309.56950008741944
2250	-295.12985380071115
2251	-295.4911000016107
2252	-305.0709464335427
2253	-300.18861390263646
2254	-300.4764836830327
2255	-307.6899799491057
2256	-307.8952095041026
2257	-309.2335260220124
2258	-306.6498606673078
2259	-305.60313234541735
2260	-305.94113837021325
2261	-308.4760652626477
2262	-302.12567946586563
2263	-301.40804840691266
2264	-306.30015499165387
2265	-299.25863361337406
2266	-293.79916922910695
2267	-300.4078587991074
2268	-307.2769291138764
2269	-305.34575830508953
2270	-306.0497607809771
2271	-309.00064315207214
2272	-303.1517956723645
2273	-302.6691480699902
2274	-307.146380958363
2275	-301.6093829001194
2276	-304.4062620803883
2277	-303.23610702061694
2278	-305.0326085731851
2279	-307.1553696030728
2280	-298.6033681666053
2281	-304.9598473443771
2282	-301.9381182344907
2283	-300.7193691604345
2284	-296.5285441957394
2285	-301.3979386899593
2286	-303.75420304502546
2287	-302.46087702517997
2288	-301.58264305158025
2289	-304.17173034677126
2290	-301.0289083603576
2291	-298.94902253420696
2292	-307.5161809481132
2293	-308.8704548962755
2294	-306.4467810670498
2295	-302.7773829252457
2296	-306.60643274728136
2297	-305.10983374829175
2298	-305.502543819782
2299	-297.60002721887304
2300	-303.0023805457863
2301	-307.4053093079335
2302	-301.53995222106386
2303	-302.81184802159316
2304	-303.73490487180527
2305	-302.30154533062495
2306	-306.30464137051183
2307	-304.627796726914
2308	-301.9016320311839
2309	-304.46179366121817
2310	-302.6061198411095
2311	-301.11143215463704
2312	-302.578497614423
2313	-302.80628735722894
2314	-303.29963467922573
2315	-311.947810368955
2316	-307.25720974017764
2317	-303.35609229411347
2318	-304.82746759898987
2319	-303.34121261716336
2320	-305.2493538082048
2321	-302.4994480594794
2322	-300.72239350967993
2323	-303.74603416558836
2324	-297.82291325482134
2325	-306.6638735575833
2326	-305.71708621881504
2327	-297.5107002619072
2328	-306.2567379226609
2329	-299.4715543498237
2330	-298.6624492524016
2331	-301.00568075209395
2332	-300.850032966263
2333	-297.95122648120724
2334	-299.1756484981653
2335	-303.7465324179696
2336	-300.717618947822
2337	-300.0988758712507
2338	-304.3692752637195
2339	-308.7759709750245
2340	-302.2313745999391
2341	-305.04677901433723
2342	-305.7400989074349
2343	-301.9193163915232
2344	-303.7178017101257
2345	-303.6184414673802
2346	-302.88593718519803
2347	-307.2746909381256
2348	-308.41276486327365
2349	-295.68687455358844
2350	-309.30108933106555
2351	-305.34354784799353
2352	-309.78331854786063
2353	-306.0967787632471
2354	-306.6041600129022
2355	-308.7071495192111
2356	-306.844533596296
2357	-298.60777785424665
2358	-300.8502759723782
2359	-306.190792061612
2360	-310.0537450901161
2361	-304.6777445826102
2362	-308.75279701843175
2363	-309.5097924066448
2364	-319.5634611907974
2365	-309.48356263089613
2366	-309.6079726709019
2367	-302.8546841578693
2368	-309.0728663424919
2369	-302.0354424158978
2370	-307.3951459876316
2371	-303.79212810265676
2372	-302.8280280286285
2373	-313.9612543870599
2374	-309.13240913753907
2375	-305.84175492242525
2376	-311.99168926530115
2377	-312.35931295425115
2378	-305.08055640892707
2379	-310.4549963758451
2380	-307.257726775622
2381	-308.6331614972078
2382	-303.8265463352163
2383	-300.35554571684685
2384	-304.962877553468
2385	-306.6786878060838
2386	-309.46303653560125
2387	-300.3802352394081
2388	-301.3748015447031
2389	-298.0788932787258
2390	-308.40812697906193
2391	-299.150215155231
2392	-302.99193036384645
2393	-302.29427389422966
2394	-301.5075044060968
2395	-307.0923816354155
2396	-303.7220685257596
2397	-306.5928933465188
2398	-311.3908235327831
2399	-301.49342926178383
2400	-309.24013797202326
2401	-302.0894746654844
2402	-307.2622421162874
2403	-311.81358538427537
2404	-306.8840794552475
2405	-302.3572034592634
2406	-308.7445079136727
2407	-309.90071405385504
2408	-307.95468533830126
2409	-303.8868383628996
2410	-298.6773053614111
2411	-308.1905200127726
2412	-306.2232482146731
2413	-309.1150788856725
2414	-307.63670663555797
2415	-304.74753195668734
2416	-305.590995685827
2417	-297.32100000000054
2418	-301.84340866122113
2419	-309.3946083460207
2420	-305.6399815843351
2421	-312.24925061585105
2422	-310.4940867069667
2423	-308.60446180519307
2424	-304.99414002204225
2425	-304.870662475323
2426	-303.0804293734161
2427	-307.51874225938184
2428	-304.3149301106874
2429	-308.28890653695197
2430	-308.2115438313744
2431	-306.0376886629362
2432	-309.48838285483254
2433	-307.22497974341866
2434	-306.03131395855456
2435	-305.7365567961302
2436	-310.77599496583457
2437	-301.44934589779564
2438	-308.64612194060135
2439	-313.80791133294366
2440	-304.0554956661454
2441	-305.10885943362166
2442	-304.0723758731438
2443	-303.2260611378896
2444	-308.9493706340833
2445	-303.0825661421684
2446	-302.16897831718603
2447	-303.9276203023015
2448	-308.1297156845989
2449	-299.86380873805393
2450	-300.496090162415
2451	-304.42265479522865
2452	-304.4664322276162
2453	-302.69599725463223
2454	-307.66074242360685
2455	-311.35142652666184
2456	-311.69047984207134
2457	-305.35419027106263
2458	-310.6784559979329
2459	-307.2498156641232
2460	-310.390309359802
2461	-300.93431519298167
2462	-300.36386709941434
2463	-290.1156487274123
2464	-295.32950255110853
2465	-297.4580396435272
2466	-304.2264643155057
2467	-305.8064371934332
2468	-310.237430073981
2469	-302.70178981417115
2470	-305.9231093535648
2471	-304.72006915298016
2472	-300.21224680098055
2473	-307.12798387194675
2474	-306.8005983257673
2475	-307.0281422848051
2476	-309.2802136286707
2477	-307.30520127496055
2478	-303.5640906470708
2479	-313.31046896943906
2480	-308.8582951491115
2481	-306.4526946567256
2482	-307.85328469200033
2483	-306.698875287773
2484	-301.4858618838462
2485	-305.26880191100224
2486	-304.65863306765687
2487	-310.94154016781704
2488	-310.7133120113855
2489	-304.1582620104639
2490	-307.00994457438475
2491	-312.02547711013005
2492	-302.3846716609702
2493	-305.46029711013784
2494	-302.8337171284856
2495	-303.848431098984
2496	-307.03699219730345
2497	-305.82308025166355
2498	-305.4248346152644
2499	-301.20010369027744
2500	-299.6397456779994
