1	-299.83252379324705
2	-305.0479339685374
3	-295.28865633555426
4	-303.80862027815914
5	-299.00729132975283
6	-306.246775734452
7	-301.1768216934854
8	-302.6652701266189
9	-299.4081334379563
10	-310.2849309670825
11	-302.3789893993806
12	-306.6788924239035
13	-304.07942086070693
14	-299.0718000000104
15	-309.29144141983073
16	-302.5658559613711
17	-305.0318431142681
18	-302.7963193128553
19	-305.0307868769471
20	-302.35837307679793
21	-294.85498675960736
22	-305.1652001053642
23	-301.206928646492
24	-301.52299212244037
25	-305.2914105986595
26	-298.2937522950681
27	-303.03731117379107
28	-301.4508535463176
29	-304.67297735143234
30	-306.0951664178299
31	-309.1611434879255
32	-296.58648144105
33	-304.93890260448114
34	-306.4469076440953
35	-309.0190619209311
36	-300.1197119736813
37	-300.6680000001212
38	-303.9368328402634
39	-307.1152369251845
40	-304.52513929264506
41	-313.2465548282492
42	-299.2678345216292
43	-309.1796977666643
44	-301.9742252901828
45	-302.36567550859075
46	-305.29012018673393
47	-304.9394188622271
48	-303.5005
49	-298.45362794150213
50	-306.86778546512295
51	-307.07427154835665
52	-302.95619561395176
53	-306.25389531028065
54	-304.50690823090434
55	-303.5881188583688
56	-303.9247292288411
57	-306.9363966285137
58	-301.5625773502243
59	-302.42709094273476
60	-301.1302501849774
61	-301.5200238685057
62	-303.8793428246338
63	-302.64596572191994
64	-297.19429739032813
65	-305.23565192126864
66	-303.8515465229848
67	-302.6301522492922
68	-304.91691249557346
69	-306.28121789372904
70	-309.339998690414
71	-307.90143151084595
72	-304.39278667798453
73	-305.2653960887209
74	-303.3971519845397
75	-302.87881592829797
76	-301.4163309523839
77	-300.49782720513093
78	-305.4589648236701
79	-305.3069167624714
80	-308.87269437394275
81	-303.9946861406774
82	-298.23325810799537
83	-306.81277009425276
84	-307.7605451991207
85	-303.50371790472724
86	-302.7101245711922
87	-307.1622536159357
88	-303.05290964139965
89	-298.88816551275914
90	-292.4052290030625
91	-300.13320417058304
92	-303.3107926017195
93	-302.79257266979647
94	-308.35218151692067
95	-297.4931109837991
96	-299.732324608783
97	-299.15439775522697
98	-307.1177779489899
99	-300.5042821317005
100	-299.9257397684842
101	-303.4754731408481
102	-301.7908001660654
103	-306.3353906848686
104	-306.4453081363985
105	-298.85945999739687
106	-305.26690213479117
107	-308.65931459449223
108	-310.34440680258496
109	-303.4036508261819
110	-301.864553214754
111	-310.2349129314144
112	-309.55071944807764
113	-307.3087758861497
114	-308.2230645376172
115	-304.0461380948989
116	-303.8678486840825
117	-307.8972219563141
118	-304.9476038294354
119	-299.7522374843541
120	-299.7040224413714
121	-293.50299309268723
122	-312.8116298136435
123	-309.8813256531127
124	-304.7967179307888
125	-300.6549418983833
126	-302.1867821120432
127	-302.7997921750683
128	-296.8146933084469
129	-306.51469445503005
130	-304.0914882012574
131	-304.26343183546874
132	-311.0998240022369
133	-303.636592029565
134	-302.96957980524763
135	-302.00780521757474
136	-297.95134158660034
137	-300.817542546418
138	-306.10830144927775
139	-306.5330105136886
140	-307.34960539747885
141	-299.6563394524992
142	-304.7841483757691
143	-303.9770462580398
144	-302.1510864859687
145	-303.0909926801737
146	-304.54408463133774
147	-298.27047326987264
148	-303.31113432635823
149	-304.70674256130957
150	-307.5572771416843
151	-307.29642333567057
152	-298.5740388947304
153	-301.53940000000006
154	-306.3927875279588
155	-301.45504047040464
156	-305.869846854462
157	-307.9890044531208
158	-303.7881167460521
159	-306.65818380563763
160	-305.78520661291304
161	-299.0542326924917
162	-305.0303027782796
163	-302.9781260874715
164	-309.1724238015829
165	-310.55140334881514
166	-308.6181200679268
167	-308.9101615121128
168	-307.6539961880837
169	-302.59534800051915
170	-306.3355995607381
171	-305.71568014020534
172	-307.5427708304331
173	-308.0131231267153
174	-306.82139578235484
175	-307.031710420385
176	-306.0801258673961
177	-304.51777593875727
178	-305.49265722954914
179	-294.0770403253017
180	-305.19059571016953
181	-303.2760831332936
182	-307.70246151948476
183	-302.49027574768814
184	-302.57592517373376
185	-301.19501884679477
186	-301.7179672416546
187	-304.0559082123409
188	-306.3450645670425
189	-305.6204166260731
190	-303.6478728146507
191	-312.1147496166452
192	-305.6486694850596
193	-299.49598499198436
194	-299.88800173826473
195	-300.5811334722574
196	-300.1867770334301
197	-305.84180933396016
198	-302.2269178302946
199	-300.7204770919216
200	-304.63250025013986
201	-303.82364603304234
202	-309.95620619564875
203	-304.57514194874625
204	-302.7303210881855
205	-303.3770234180763
206	-305.46913842675974
207	-297.2243336348259
208	-301.24433412570454
209	-307.33053688174255
210	-305.7715378425548
211	-300.44670717512184
212	-306.3422094351417
213	-300.1566905092971
214	-306.86325799715183
215	-299.0069764936216
216	-302.6931242992186
217	-305.27885806279136
218	-304.78791710797725
219	-304.0766624365362
220	-311.46326684678
221	-309.4143206086602
222	-307.66231541550195
223	-306.27711588125464
224	-307.00994654036015
225	-302.43123205649016
226	-314.25295051541
227	-305.18166497006223
228	-305.4977265189333
229	-304.6461000068751
230	-296.17848397062704
231	-300.060868301024
232	-307.34664609905843
233	-311.58046815256677
234	-302.55897667997806
235	-304.16879900839217
236	-303.33154093334485
237	-303.2468776847764
238	-303.8961413749502
239	-302.5199849556293
240	-305.4945709080997
241	-308.8323798117772
242	-309.72416194293334
243	-303.33484368583913
244	-305.18026923393506
245	-300.0442441806423
246	-304.1267730704627
247	-307.1414178402927
248	-299.74261336975616
249	-306.180307108449
250	-308.45462460844595
251	-300.74321623499446
252	-297.98689277690755
253	-303.1120050347302
254	-302.64382524462303
255	-306.8964784133236
256	-306.2351000071655
257	-306.5807259897589
258	-309.88129306508785
259	-305.32603572591205
260	-303.8560922887204
261	-301.07280493909417
262	-298.7441177336701
263	-301.01728993045356
264	-301.7671695021955
265	-297.78697781941673
266	-298.0502938687311
267	-300.25208358584564
268	-304.24441003349955
269	-303.0661247244298
270	-298.61981798266953
271	-303.49606412900306
272	-306.85240673241293
273	-308.44987320330836
274	-313.23808890945816
275	-304.8971923859105
276	-301.9735208090871
277	-308.8152607963146
278	-302.5713196057698
279	-312.66840025985294
280	-300.7842814922032
281	-307.76770008636896
282	-307.6580004978431
283	-306.07989054173635
284	-301.8523646474171
285	-297.33350131732686
286	-306.9410339782705
287	-300.8076498778005
288	-302.6320588350043
289	-300.65811724265467
290	-305.0151114337476
291	-304.31313901133757
292	-300.02937200163126
293	-307.837283893236
294	-303.47774191743594
295	-297.67283166972163
296	-301.02274418419796
297	-303.68120060326873
298	-307.142359658315
299	-311.0454384054613
300	-309.6841794976097
301	-311.645421046127
302	-303.6856318615033
303	-303.1947147020578
304	-307.26821963274506
305	-305.4696428544077
306	-305.958095201172
307	-309.5209929591312
308	-305.3259036459383
309	-306.2162869846869
310	-306.726565003979
311	-308.9600245438256
312	-309.03787981317504
313	-304.5445474836271
314	-301.8973210242745
315	-311.1185139145472
316	-303.572630912558
317	-303.93380467809874
318	-302.63000308786263
319	-308.9494468238237
320	-309.28978867153836
321	-308.2020046386838
322	-309.09809544511694
323	-310.71708767161726
324	-310.43353915861076
325	-308.10689245424396
326	-307.53324397915867
327	-309.4444162073479
328	-309.8808020604636
329	-305.0474533166179
330	-305.1386572229024
331	-305.0141617871436
332	-301.35910041907573
333	-310.9382756870686
334	-300.6923282890021
335	-306.3950857146653
336	-306.82147634030196
337	-306.1920179367594
338	-308.02568191515434
339	-304.159841513427
340	-303.08620254122565
341	-303.04839447635396
342	-305.9826559219778
343	-298.2816825578229
344	-307.39651012909223
345	-308.9967734193355
346	-304.5733295395853
347	-305.2513219692257
348	-306.7388648397592
349	-306.9571047237868
350	-310.0283824157401
351	-306.0729151949724
352	-307.46248494584376
353	-308.1868303881049
354	-301.90471731702036
355	-306.33642917410884
356	-306.09387367270256
357	-307.1215935573373
358	-303.56991406628987
359	-302.80668198594907
360	-304.02144034166423
361	-310.674296441454
362	-302.3177049313009
363	-306.81340283301034
364	-307.34245566472816
365	-302.2022809504881
366	-312.40136703747874
367	-301.11710977251136
368	-302.5288926913911
369	-306.8628114858544
370	-306.65462270746275
371	-310.29294150740435
372	-304.07176819425183
373	-309.0821900012633
374	-303.76458395140105
375	-303.5232123540861
376	-305.3838071794818
377	-307.2333970411748
378	-303.6448646446239
379	-308.10038658412174
380	-298.659442210515
381	-303.13562087541135
382	-309.53265788129397
383	-308.5983476303882
384	-307.9269792596958
385	-308.44814235434717
386	-304.2530894560536
387	-303.81610757325626
388	-315.23513181300655
389	-298.2976390968469
390	-309.5182310816161
391	-311.574665220739
392	-304.4176135186116
393	-308.75057765477504
394	-305.19590181380977
395	-312.8812749153961
396	-308.88157100453196
397	-314.3601821803755
398	-306.458886398756
399	-308.10321459009174
400	-307.8934577601423
401	-307.0081699075002
402	-307.4005279567604
403	-304.86114144202605
404	-305.7765327558646
405	-308.9630147195407
406	-295.30370329402496
407	-303.4892953085732
408	-309.57822117815596
409	-303.2928541899455
410	-302.50096364806717
411	-297.495434686715
412	-302.33267995497425
413	-308.13706720390593
414	-304.25221271958804
415	-304.78541911088155
416	-302.0217987751099
417	-306.9013855796434
418	-300.2768443923938
419	-308.37995898537764
420	-306.2210956084471
421	-303.01869414535656
422	-307.2049925515953
423	-308.03735259426196
424	-304.18492301396014
425	-308.52739359837557
426	-308.2059055950416
427	-305.8647458359804
428	-303.49782043682677
429	-306.2427023773497
430	-306.5135670867678
431	-303.566565126893
432	-303.0478340250654
433	-299.6296
434	-307.9664684303445
435	-307.536053095124
436	-308.10168036349927
437	-303.1714024042418
438	-313.19990000018714
439	-300.10026236570593
440	-299.5479193323546
441	-307.9686981794921
442	-300.08271188191674
443	-307.95880885920735
444	-305.29465939871943
445	-304.9046059284034
446	-302.1663025656356
447	-304.7286015159013
448	-302.7751971629886
449	-307.7019738490953
450	-301.5306328305901
451	-302.19884427830027
452	-309.2126091063887
453	-302.1037000000855
454	-307.11959246549696
455	-307.4014471840231
456	-305.52354857386837
457	-304.3356000847437
458	-311.29435438819246
459	-304.99315225550566
460	-302.86157258580226
461	-309.98617747278337
462	-312.5956573907933
463	-307.3074425035714
464	-308.03479776315766
465	-301.92705844552034
466	-304.86121966056606
467	-307.21582982370734
468	-302.4981834142555
469	-307.8297142308941
470	-298.9311074567016
471	-309.2344906609026
472	-309.52527641225487
473	-302.99482488424815
474	-307.3183547139246
475	-310.16711513968846
476	-303.98795437125915
477	-299.6670093076847
478	-305.5147003618523
479	-306.5800646109579
480	-306.0238880522232
481	-305.04291207889275
482	-301.7715281965054
483	-301.87838082266313
484	-305.6509083598347
485	-303.2674850316985
486	-303.06749173411873
487	-307.74378332799114
488	-312.0353273549832
489	-302.81341420329875
490	-299.3076663154073
491	-306.4165431515049
492	-303.38295382692195
493	-301.2094883667223
494	-302.2450032329398
495	-306.2638450554874
496	-304.0839699009413
497	-305.32536679546826
498	-299.55453965276644
499	-306.8970087900078
500	-302.7897618261462
501	-302.1398266516174
502	-306.7873196003377
503	-306.18622425035903
504	-306.5534130478013
505	-301.96077955753617
506	-301.48150850798
507	-293.93710439566263
508	-307.2247873320053
509	-302.9039687160856
510	-309.3683434547526
511	-306.49228838807295
512	-297.24002152610535
513	-308.73183271612965
514	-302.5605081690906
515	-305.2492051384991
516	-300.5720698206822
517	-304.6688636162098
518	-307.90640444814613
519	-304.7489645586794
520	-301.08682223486153
521	-307.7924838659919
522	-305.05132763473665
523	-305.42698275673854
524	-305.7817109133246
525	-310.7533475174179
526	-309.14693902839065
527	-310.646359291256
528	-307.0580086230607
529	-302.4986495269886
530	-303.61773350656466
531	-306.03605419642304
532	-302.68169948598836
533	-303.28826805370005
534	-302.4438466497731
535	-304.7092871157176
536	-307.7452929910383
537	-308.59375367965214
538	-305.6280263403752
539	-307.65240480799906
540	-306.3744016740106
541	-310.7433745246777
542	-306.31256144070323
543	-303.2517843163591
544	-299.67776328182026
545	-306.59776214110076
546	-303.8101498648154
547	-314.37546186028635
548	-306.4512577147436
549	-303.15080249745574
550	-302.1687989043874
551	-302.3100548886849
552	-301.5326769374134
553	-300.0780883758228
554	-302.8554491910458
555	-305.61928186735656
556	-312.97397099248667
557	-302.9139636905457
558	-303.585771292007
559	-315.4201341328359
560	-306.62234081508336
561	-308.18885969544726
562	-314.6781571786084
563	-311.2595944093669
564	-309.8715316037793
565	-305.6890514709448
566	-305.934282408365
567	-301.76624233469846
568	-305.1923603788604
569	-297.39780640894975
570	-300.30343953853657
571	-299.2799981107842
572	-313.6261975764659
573	-307.79208455318724
574	-309.0339327038646
575	-304.37504235354953
576	-306.5592078779202
577	-307.7010289866175
578	-308.21458008730093
579	-314.2679095872423
580	-307.9226260739054
581	-304.5757025184583
582	-311.84097585600506
583	-307.30535660176025
584	-312.59015757574275
585	-310.91541997703695
586	-303.22531065975943
587	-307.3739738160363
588	-308.46811751363043
589	-304.916626450132
590	-303.3767317000286
591	-296.46652805274704
592	-305.58942443008937
593	-307.76554897276054
594	-297.079800000507
595	-309.462356598705
596	-302.146886707453
597	-303.4282214366334
598	-301.16065521695634
599	-303.4313215366757
600	-303.98150794581846
601	-308.67085613614256
602	-308.12252232991267
603	-308.2854259579032
604	-300.23471745474495
605	-310.65849596052976
606	-300.44779631241846
607	-308.13418313191414
608	-309.8398660535463
609	-304.39388589749655
610	-306.5153783721513
611	-301.7216175140421
612	-306.21881376598844
613	-308.78310101680734
614	-309.2070353536889
615	-302.724497424867
616	-308.8107660077626
617	-297.1957430066579
618	-303.78875172059264
619	-308.9426224864892
620	-306.19347009388724
621	-306.6361214207254
622	-298.0901760947999
623	-307.0190941238747
624	-308.69220517617197
625	-299.6458761097524
626	-301.81868652588395
627	-299.9159295571498
628	-313.2496326653761
629	-301.9084258711626
630	-298.63970208109976
631	-305.900373209209
632	-306.9531231934647
633	-303.34307988932454
634	-307.358086217514
635	-306.81907314123737
636	-301.15336979884205
637	-300.9456567729787
638	-312.38175949475783
639	-300.5615371582024
640	-314.3237205233201
641	-303.05248521074896
642	-305.820591762994
643	-305.43865855795246
644	-309.7620383930901
645	-306.6536551419836
646	-304.08780120167006
647	-312.27038052562654
648	-307.9318303110658
649	-311.6552530914154
650	-311.4938422327922
651	-317.02243557960526
652	-300.41305308964127
653	-308.08290495210804
654	-311.7288423309505
655	-310.6093305173101
656	-313.60995239284625
657	-309.6333489221859
658	-306.8580046427334
659	-302.33407818568855
660	-310.1133211038735
661	-305.7123238659255
662	-310.30379755038194
663	-303.6339463614515
664	-297.99821477000523
665	-302.3342518165941
666	-298.6531508333665
667	-302.2845968521896
668	-306.7464239376065
669	-304.8849434822822
670	-313.4708602620941
671	-305.7696898387022
672	-302.6968878888064
673	-310.600174251305
674	-301.6657286909815
675	-304.29361857836216
676	-303.335805345796
677	-306.33222670082915
678	-298.19140030180614
679	-305.5873160846099
680	-306.4423157415318
681	-308.16618962675244
682	-305.68347875291437
683	-303.3432043488796
684	-304.1525263660615
685	-304.51410453599345
686	-313.364323376982
687	-303.72440815228555
688	-304.5589006568485
689	-310.6540764963762
690	-302.62083617117116
691	-302.87392907844367
692	-306.44467368428315
693	-316.12194196895
694	-309.7174092888873
695	-300.66144323019523
696	-299.5437753532519
697	-297.29391079990637
698	-304.54295783729935
699	-302.52882146480323
700	-303.01037685894653
701	-306.91226862402567
702	-306.7105402873556
703	-308.3865150223215
704	-306.14391233666936
705	-309.15298354209204
706	-303.4533490228392
707	-306.4229498089157
708	-306.9458013223507
709	-312.0280131543387
710	-305.0520945217535
711	-309.2843965052129
712	-307.95034325431095
713	-305.04581050027264
714	-306.53527928521265
715	-304.22604701063636
716	-302.84229945449744
717	-309.91566530397415
718	-300.33240985194703
719	-309.38385825286815
720	-308.8630518328083
721	-306.07343611278264
722	-313.01004057258285
723	-307.31429516801734
724	-306.18400189458305
725	-309.3411468323048
726	-313.7429043814412
727	-309.64642810604624
728	-309.2981477990709
729	-306.5616342383407
730	-305.06769917371247
731	-303.0204234000203
732	-308.6493170955708
733	-308.1758428437733
734	-309.9176651792471
735	-308.2703125761424
736	-310.8073791270127
737	-310.3033977043357
738	-311.58516259201446
739	-294.10999868138106
740	-311.1101611959683
741	-297.8524352125517
742	-300.6414340060826
743	-304.998655819236
744	-303.82738880100175
745	-296.5600881820887
746	-300.1332096549088
747	-300.69265704805235
748	-311.0915303248254
749	-311.7156285785965
750	-304.83159222565826
751	-308.8726738613924
752	-307.81457474928635
753	-306.04801044758005
754	-309.2300953231736
755	-314.52473683403485
756	-312.96527564407694
757	-305.0710918162272
758	-301.8225019802211
759	-296.8940491036655
760	-311.6888794291383
761	-307.06309000315025
762	-306.97195963853255
763	-302.77049626183106
764	-297.9707895149659
765	-301.4865339550101
766	-306.0995321500644
767	-307.8029589340466
768	-307.13031656262336
769	-308.6459937574592
770	-306.317010512962
771	-306.8815011553667
772	-306.38711619481455
773	-307.52299329288854
774	-304.48389739385294
775	-298.83181055467793
776	-303.87077929204867
777	-306.1519913372919
778	-310.45469354588624
779	-300.7346669697522
780	-302.483582545784
781	-310.0470120582146
782	-303.2155330411761
783	-303.3155663063678
784	-306.30086608256175
785	-301.6238504028803
786	-300.7714293097578
787	-305.27980433323796
788	-311.2455925444755
789	-300.3952001919729
790	-305.7241105042396
791	-298.6792821385926
792	-304.58574860100833
793	-306.02807786851446
794	-310.45150956119465
795	-304.91951248348204
796	-305.22874109194595
797	-304.1716983993034
798	-305.6205888702177
799	-302.1418329701398
800	-309.33473510463807
801	-307.34273592055666
802	-304.9315281390252
803	-308.1658849585609
804	-308.8664937695976
805	-305.3576823022968
806	-309.7493624000595
807	-306.77598149192556
808	-308.9037274226363
809	-301.04217590154735
810	-308.335256490825
811	-307.1407261581876
812	-305.4778489444829
813	-305.8023459889134
814	-307.17120957116924
815	-299.98069768017973
816	-301.4331392741507
817	-303.7685510743463
818	-301.1719125886809
819	-299.33759195640897
820	-310.0365164052427
821	-300.2262601304262
822	-306.0706327078271
823	-306.73068407217556
824	-303.89513298209056
825	-307.3998589754713
826	-303.75470076726674
827	-305.42154725538484
828	-312.9390282118197
829	-312.15766824494244
830	-306.5482069575306
831	-299.9586865479698
832	-307.8777526405135
833	-305.2610768972136
834	-301.86614718310784
835	-300.57236561696334
836	-310.485089012091
837	-303.3518188250184
838	-315.11465454567127
839	-310.5074371194852
840	-305.57096731153393
841	-307.67876823829454
842	-306.1838223657785
843	-307.85288822110454
844	-313.0934650232862
845	-309.1902466768805
846	-312.2908163315469
847	-305.55453086524795
848	-306.33460167126304
849	-317.07912131271183
850	-309.9735235104995
851	-310.439976583964
852	-306.9245365684526
853	-301.73972642133805
854	-308.41565238409333
855	-312.4014182482655
856	-311.538155255276
857	-306.2496694617411
858	-305.0852403937575
859	-302.8671107933569
860	-302.2738257580333
861	-302.8279915517237
862	-308.1249840154816
863	-302.3699537531676
864	-306.3730077047383
865	-307.08787193053524
866	-301.70034843541333
867	-306.4420241306572
868	-308.19530151717066
869	-303.84869899788947
870	-303.957505917305
871	-302.76908660690384
872	-308.33989470163726
873	-301.4122062830621
874	-303.5367261565813
875	-297.62332102808426
876	-310.0194931039946
877	-306.06926204154195
878	-307.82263395829676
879	-311.04123601705527
880	-312.5324196280971
881	-312.4087665013861
882	-302.80795890943796
883	-309.1071389688883
884	-305.6426786662869
885	-304.94848463926405
886	-304.2067817830553
887	-304.595497025528
888	-313.80229183492963
889	-297.90378561593565
890	-297.1937503680535
891	-304.8660244843384
892	-305.6102882835587
893	-302.97861577397225
894	-301.8930197049435
895	-300.78174513958277
896	-310.2616563461499
897	-303.8907655937376
898	-298.9409722715501
899	-304.350938847356
900	-306.2201110193104
901	-301.8502013577949
902	-298.75765338418324
903	-305.9444935274314
904	-310.4923193202199
905	-303.2653499602433
906	-305.93872889276685
907	-308.27642798413723
908	-301.23016379905107
909	-302.53947885025497
910	-298.8752097196928
911	-308.4659544314634
912	-305.9623965102136
913	-304.89169990238656
914	-308.03154169259244
915	-305.57867295922114
916	-304.18628414608224
917	-305.5622936476244
918	-309.29041834167157
919	-307.9666834111217
920	-310.5484457032261
921	-302.9872160624048
922	-308.9373700934706
923	-299.9236933582071
924	-306.1830270676686
925	-312.3446417828021
926	-297.68410699424527
927	-307.2101418699709
928	-302.071658750556
929	-300.4085
930	-302.8882475436649
931	-304.9499154635393
932	-310.68728256711665
933	-304.7847018675783
934	-300.4988365897741
935	-304.28471111412546
936	-304.3401080901754
937	-307.8166544355418
938	-298.8685461711153
939	-307.450641020771
940	-308.74263080816803
941	-307.8994137764514
942	-302.9015025503633
943	-307.6851412616817
944	-307.65956583681486
945	-309.3037882611909
946	-298.2718954073791
947	-308.05141092294224
948	-290.2871342360397
949	-309.2665844111468
950	-307.8241516530732
951	-308.71638652398883
952	-310.84323175324784
953	-308.1963548360311
954	-302.7862321046275
955	-305.1513515796299
956	-304.5057610252896
957	-310.84295080208636
958	-305.4107003989706
959	-296.9138119937964
960	-310.25073061202875
961	-312.1686180713022
962	-305.178160533033
963	-305.0179504620731
964	-302.54040148281433
965	-298.48345760487416
966	-301.955089012889
967	-302.467891516243
968	-302.010778008371
969	-306.3206212383904
970	-303.7030429474581
971	-305.8544229171832
972	-301.02689010173975
973	-300.4620429737597
974	-307.22197868922
975	-305.3339996560945
976	-309.43140555010285
977	-302.7568551878035
978	-299.84192021915936
979	-302.3300126595082
980	-299.57926940579546
981	-306.5990001238664
982	-301.3810272631494
983	-303.2051327255739
984	-301.0417872978973
985	-303.2846267420399
986	-298.9637
987	-301.51636903503385
988	-300.0375588205383
989	-302.0376912666588
990	-302.72020000000003
991	-298.58851335718873
992	-309.58830786755385
993	-307.2206189313436
994	-306.70881931038065
995	-302.37377227525405
996	-308.21691573973396
997	-301.50233207198994
998	-308.43489442297187
999	-299.8048088650537
1000	-309.20209099672456
1001	-310.7189107190925
1002	-307.83764105466184
1003	-307.32237315777763
1004	-301.5636458501669
1005	-304.3755366107583
1006	-304.74924203546027
1007	-299.9270362108522
1008	-308.96925225934046
1009	-299.03951388045107
1010	-303.68054601739544
1011	-306.32075735773725
1012	-295.1371
1013	-306.20618682475396
1014	-303.21515811846604
1015	-306.61066147370445
1016	-305.4849646126167
1017	-302.3994824103256
1018	-296.41718788479875
1019	-303.1435234489595
1020	-300.7420982568056
1021	-305.438137671007
1022	-303.9985340799989
1023	-308.69457228525056
1024	-302.80632272893115
1025	-311.2906547500787
1026	-307.0581200114072
1027	-305.46663815582383
1028	-307.2403168511301
1029	-305.77680232173884
1030	-304.59514230597074
1031	-303.99655447592556
1032	-303.69726115566044
1033	-312.10795358808986
1034	-297.005018068084
1035	-304.694212955866
1036	-302.60653341051966
1037	-309.1418787903853
1038	-307.3182998463135
1039	-304.6566833715445
1040	-301.28740519965464
1041	-305.80654961990894
1042	-307.7048395534708
1043	-303.4756350827566
1044	-295.9327873112599
1045	-303.971727772935
1046	-303.8027560736224
1047	-301.65285039693816
1048	-307.17790273955075
1049	-303.5596999442862
1050	-301.1223905096962
1051	-305.81061799235925
1052	-300.9315085558435
1053	-304.49581447372765
1054	-309.49241594017377
1055	-305.1323364909287
1056	-308.0957208578501
1057	-308.128339955577
1058	-311.6567950716459
1059	-305.88689169014185
1060	-299.69303289414285
1061	-303.30607725141135
1062	-298.24189526606125
1063	-304.30365739423036
1064	-305.1820710994702
1065	-310.2147610306214
1066	-310.3895538098851
1067	-302.0328029778869
1068	-302.1466035934536
1069	-301.80846741912586
1070	-299.7182501582843
1071	-302.5207766256792
1072	-308.0870146261079
1073	-302.622843436272
1074	-305.9955472714635
1075	-307.6527700230868
1076	-300.6845000044387
1077	-292.85860534110753
1078	-304.14305465586136
1079	-303.63925859621844
1080	-302.85959983030415
1081	-306.1296554733643
1082	-306.3918464813512
1083	-307.8201275460722
1084	-306.38041252949176
1085	-303.1392792187575
1086	-305.2615160095129
1087	-308.6865789579257
1088	-296.83189745034093
1089	-305.49714513346896
1090	-308.83295217437006
1091	-302.36850932997146
1092	-301.01478981233174
1093	-301.8543214193818
1094	-300.81920989228234
1095	-305.82408592094384
1096	-298.694950163862
1097	-298.37748270549264
1098	-303.8795011368011
1099	-302.7643661994238
1100	-296.65885494090213
1101	-300.8470572966077
1102	-305.51516025662966
1103	-302.4558443029489
1104	-306.7871220577871
1105	-302.8758043705688
1106	-298.33880062217816
1107	-302.7076093496424
1108	-309.1206345700993
1109	-303.6326827030857
1110	-305.02070462257933
1111	-303.52879397667704
1112	-307.31
1113	-306.2942677366572
1114	-307.36508127438475
1115	-304.49277107056287
1116	-302.86402610761905
1117	-305.93231337408514
1118	-301.08510000428817
1119	-305.38028501108903
1120	-301.0893713845131
1121	-308.49589671064734
1122	-305.5349736166655
1123	-300.85407381884187
1124	-304.4720444232137
1125	-304.54640905842996
1126	-305.29571926147173
1127	-301.4537882339387
1128	-306.2905177511925
1129	-303.7561323039313
1130	-301.82380000003093
1131	-297.30100004998405
1132	-302.9557363128435
1133	-304.088989218137
1134	-299.0328874959527
1135	-299.8413060877305
1136	-301.25028382708814
1137	-304.4596158052949
1138	-306.4829197985383
1139	-305.45884400612
1140	-310.23612395563305
1141	-305.82822156886925
1142	-304.58395240798643
1143	-308.03271196267684
1144	-302.02020355615974
1145	-304.0816357963459
1146	-304.7438221252144
1147	-303.8983145153948
1148	-306.09722925461665
1149	-296.5379842789683
1150	-297.36924734837066
1151	-311.51328553717775
1152	-308.8644141430034
1153	-306.88239211522153
1154	-309.2948991653925
1155	-304.3165153749173
1156	-309.3347736280032
1157	-310.0307129617002
1158	-304.1143855938615
1159	-308.16465609110855
1160	-305.6882706254564
1161	-306.56764779126877
1162	-304.55293355760983
1163	-305.78808442358473
1164	-298.83187923389227
1165	-311.06587208260976
1166	-306.73911188877605
1167	-305.09858745967716
1168	-301.39171866756675
1169	-308.4888975424346
1170	-305.297438293777
1171	-299.82111665746385
1172	-304.8609569703943
1173	-295.2914284639699
1174	-301.40521531677365
1175	-305.5726963791925
1176	-305.41051317152306
1177	-301.43502129953384
1178	-308.1146101305546
1179	-301.68815825094464
1180	-306.9211828738933
1181	-309.2431515932392
1182	-304.8558475751839
1183	-303.12495846738454
1184	-303.9051978408637
1185	-302.9913002641498
1186	-305.0029104896165
1187	-309.15766875512287
1188	-306.82793505773475
1189	-305.6520281426921
1190	-300.4291835661001
1191	-300.61049412762736
1192	-299.44369271622213
1193	-304.12161196040813
1194	-299.56004469069796
1195	-296.04671095891206
1196	-309.20478950200373
1197	-301.1567393728451
1198	-303.8660210170626
1199	-305.893406895464
1200	-301.85679027356656
1201	-308.9701325014528
1202	-304.7198707735852
1203	-300.88140743663536
1204	-304.504100971071
1205	-299.1852463062279
1206	-309.88523452711644
1207	-301.1138122854595
1208	-302.0521410139735
1209	-302.3634285983883
1210	-303.26154092478896
1211	-304.85754800345586
1212	-308.74129974363586
1213	-308.2977306651116
1214	-303.4267292113878
1215	-308.93954741532144
1216	-299.7125068473138
1217	-306.63792087810754
1218	-306.25408150169955
1219	-303.9632920186098
1220	-304.9664000000271
1221	-300.5448189980591
1222	-304.0183073163503
1223	-301.5892006414932
1224	-302.30530304501735
1225	-297.06669087073976
1226	-304.1494153023314
1227	-304.44598899586185
1228	-297.4163061185798
1229	-301.3858386575305
1230	-297.6743518482783
1231	-304.45648252959916
1232	-302.52903555221485
1233	-301.06750496020396
1234	-304.090243297525
1235	-302.64927182941904
1236	-303.9248685485742
1237	-302.3803289883134
1238	-302.41155270571153
1239	-300.12356780419395
1240	-302.4004208388437
1241	-301.87745716845507
1242	-301.7617158538208
1243	-305.1925327488934
1244	-307.9802314701563
1245	-303.4748295771377
1246	-304.586125911412
1247	-300.03455749920624
1248	-301.7952978472306
1249	-301.2431984314892
1250	-301.94917805070827
1251	-304.38294816724175
1252	-298.9793
1253	-297.8543472803941
1254	-303.8141032229629
1255	-303.1703445980703
1256	-303.1168984981627
1257	-301.28146525169984
1258	-306.02207660952143
1259	-305.1567788435633
1260	-302.42298087559357
1261	-300.37899420557886
1262	-306.5124453741182
1263	-299.7573138848248
1264	-306.5479015415019
1265	-308.1437304623664
1266	-304.46637570346087
1267	-310.43432945923735
1268	-304.846533543564
1269	-305.5648801043335
1270	-306.663809020598
1271	-303.15934865730173
1272	-310.1387427231558
1273	-301.9073299335297
1274	-302.75989141342114
1275	-301.9696758699195
1276	-305.97884587474704
1277	-298.54560850889766
1278	-306.99742697015614
1279	-300.6007783872697
1280	-305.24718830810076
1281	-305.39519370616944
1282	-304.5448697716159
1283	-292.9284390568579
1284	-307.0710135698528
1285	-307.3841904773999
1286	-308.10856810693195
1287	-302.7828879434836
1288	-306.11977182568006
1289	-295.6426558957637
1290	-306.34188276691435
1291	-305.0401850299081
1292	-304.90355853526523
1293	-303.0330228877512
1294	-307.6480107347531
1295	-304.65176926681755
1296	-305.09285011064054
1297	-301.72704594014095
1298	-305.6352677969027
1299	-305.58833096489155
1300	-305.5791784097136
1301	-301.32484737722353
1302	-299.5592067501967
1303	-305.4427744773492
1304	-303.4468577266844
1305	-300.7031172328514
1306	-301.16982861176695
1307	-303.24461955217436
1308	-310.914281605924
1309	-302.90080283188496
1310	-300.530614149919
1311	-298.80578505473494
1312	-302.44723892982904
1313	-309.5755889150406
1314	-303.0593084535325
1315	-299.3706324625096
1316	-305.9398042391911
1317	-297.6087656797739
1318	-296.694911766889
1319	-297.3688611306241
1320	-305.571577736173
1321	-302.9338011433566
1322	-302.74765160089885
1323	-302.81716662037263
1324	-305.3887883304387
1325	-296.7635146423402
1326	-307.05217686070034
1327	-298.9923125293376
1328	-304.7481385639494
1329	-304.76696334861714
1330	-299.8700202859238
1331	-302.33540866405167
1332	-304.67501474239896
1333	-304.0395201561191
1334	-300.67288103922215
1335	-298.9982081764723
1336	-305.35479735729785
1337	-295.8603636301141
1338	-300.47614080141364
1339	-297.04720407201927
1340	-306.3233807193162
1341	-305.9192084273961
1342	-299.27418586737167
1343	-302.6118346381527
1344	-300.140930257245
1345	-297.1555791072596
1346	-301.534624825035
1347	-302.4540332061842
1348	-304.9743611076436
1349	-295.6879418192135
1350	-299.7392611524127
1351	-304.1501800774055
1352	-304.308227948108
1353	-297.33982068695354
1354	-301.37899910876433
1355	-303.516927015334
1356	-303.40561765441157
1357	-310.4900125355384
1358	-290.78207239302475
1359	-302.96731416597083
1360	-299.8158359282251
1361	-303.89355827518216
1362	-309.6337218065636
1363	-303.5311857255372
1364	-301.4161214248207
1365	-302.1392600751519
1366	-306.0743250489723
1367	-306.8686442332615
1368	-308.93252225545547
1369	-302.9330893584391
1370	-300.833204660488
1371	-300.64544662146716
1372	-303.8132839805195
1373	-306.1324736879585
1374	-308.54291724429464
1375	-295.160472992282
1376	-305.29594318141466
1377	-297.5666289299604
1378	-306.50500002020596
1379	-306.29150084070636
1380	-310.9718422949931
1381	-307.6442429508823
1382	-305.0361929540665
1383	-305.6312907460249
1384	-308.1607252305664
1385	-305.66122299346176
1386	-304.9365020317378
1387	-305.07006912420746
1388	-308.866500302199
1389	-303.07402324580084
1390	-302.981374591019
1391	-298.83600228377816
1392	-304.6717902341339
1393	-300.72833479745447
1394	-302.96333991564507
1395	-298.45691306294424
1396	-310.72495704899904
1397	-312.8064788195876
1398	-306.10651368671506
1399	-297.6341616737956
1400	-301.04825033199825
1401	-300.24890000000016
1402	-304.3953394578506
1403	-312.66640395064496
1404	-301.0245657166899
1405	-306.03218333935274
1406	-299.1488595459313
1407	-304.02552665247373
1408	-297.9498908764098
1409	-305.43287480098576
1410	-297.20953571515054
1411	-302.8643902896543
1412	-301.9834121206518
1413	-300.4987742207233
1414	-309.15534560249705
1415	-304.51327174740715
1416	-300.9700572499448
1417	-305.5100626059878
1418	-301.83103921728934
1419	-303.53652905626967
1420	-298.501418560698
1421	-293.700278608799
1422	-301.3294334327945
1423	-300.7457688140795
1424	-301.6669298002801
1425	-306.13496191920643
1426	-306.2243260128482
1427	-306.3628645355374
1428	-302.38651705073795
1429	-300.36615132988584
1430	-304.92109607060075
1431	-300.46681964059997
1432	-303.7078541045102
1433	-308.54854671586935
1434	-304.1815085258266
1435	-306.9147856513434
1436	-302.66768503316905
1437	-309.0098984322077
1438	-303.6327189261943
1439	-304.9467997198231
1440	-306.38182640391784
1441	-304.71392169648567
1442	-294.7384415274307
1443	-301.40667132386284
1444	-298.15347908515986
1445	-296.6186264383063
1446	-307.61742331334824
1447	-306.0414323385834
1448	-299.2211000181387
1449	-301.58532956915843
1450	-301.7801627942015
1451	-296.23581802406903
1452	-300.6777953668503
1453	-298.5966000000002
1454	-305.5006510153653
1455	-303.7016454119564
1456	-299.6210586027541
1457	-306.96797234690297
1458	-299.867037908387
1459	-300.7742108962669
1460	-301.7854
1461	-303.6811131251402
1462	-300.2824622332004
1463	-304.8456917099496
1464	-305.30636133343404
1465	-305.5634364699898
1466	-301.21154243542986
1467	-299.8308501452442
1468	-301.9231653698651
1469	-303.5001801622974
1470	-308.67725372989753
1471	-308.677504428557
1472	-301.43545980561214
1473	-301.3345857857387
1474	-299.1679015773504
1475	-303.991445381953
1476	-304.2445561440572
1477	-303.8420197148284
1478	-301.29941192385604
1479	-293.14969475917934
1480	-303.13196321045183
1481	-305.11975661062326
1482	-295.23647838604626
1483	-300.08377768664553
1484	-305.25000092308517
1485	-307.03399851616905
1486	-306.01056117510274
1487	-303.5193026829151
1488	-308.26925901406577
1489	-306.58058980701526
1490	-305.68445025200185
1491	-299.18027340870776
1492	-304.2177870854157
1493	-301.25651591144305
1494	-301.64226855849324
1495	-298.2977589931495
1496	-301.5116029552652
1497	-300.12296333589
1498	-301.1030014211745
1499	-306.1331235899816
1500	-300.7796226323091
1501	-300.5241169892324
1502	-303.64225780496605
1503	-304.0064026259223
1504	-307.14931323238807
1505	-301.08826432390725
1506	-305.6161484105933
1507	-299.8981
1508	-298.07017169227987
1509	-305.4878464379978
1510	-300.17990000001373
1511	-301.11003450058894
1512	-306.78219156968737
1513	-305.3846766294632
1514	-303.9165206931803
1515	-306.50812026737617
1516	-300.5544173393652
1517	-301.00878290006847
1518	-300.5481250689216
1519	-309.04096915712296
1520	-297.2996325913378
1521	-303.85213037801935
1522	-299.25655780927406
1523	-299.34440000000006
1524	-304.5690926514023
1525	-298.8806536964571
1526	-307.746005974993
1527	-303.7791794536274
1528	-302.45706620530797
1529	-304.4420146805374
1530	-303.7919231255621
1531	-298.6520231618906
1532	-303.2417635330573
1533	-308.9550979011694
1534	-304.47900510401223
1535	-307.5693429898494
1536	-304.7608137416715
1537	-307.6666059360226
1538	-305.18478540767273
1539	-301.1339019003145
1540	-300.9869195827206
1541	-299.0282992017503
1542	-301.95328819821776
1543	-312.8601408828569
1544	-301.9325885808211
1545	-304.03039376083206
1546	-295.96551695244057
1547	-303.13313365478393
1548	-303.83773777085224
1549	-306.7988746252496
1550	-307.6776632417568
1551	-300.13597502509583
1552	-304.9159221407679
1553	-303.6401271439191
1554	-305.32353094187476
1555	-305.63641328318835
1556	-294.5911476996171
1557	-300.75070155241775
1558	-307.0545940370862
1559	-303.2457
1560	-302.69266687511987
1561	-295.78547443834776
1562	-302.8133131869859
1563	-299.3909788983908
1564	-303.6160471425783
1565	-306.2109058552975
1566	-303.8534975431551
1567	-301.79193861136633
1568	-308.0424629717326
1569	-306.01493334841865
1570	-303.14947117498934
1571	-300.19377343715536
1572	-302.67048936208147
1573	-299.07856894135995
1574	-307.52445815789133
1575	-304.58947147442206
1576	-303.93815948234834
1577	-294.1942065845989
1578	-294.01679276546724
1579	-300.41433556833715
1580	-300.9726559491236
1581	-304.47053193689305
1582	-302.3625076521633
1583	-299.9950899970024
1584	-296.62610425741565
1585	-303.28595252280957
1586	-300.0689977867978
1587	-300.4707153749635
1588	-303.4839652198268
1589	-303.5308827130311
1590	-298.4463259298176
1591	-300.1903444569516
1592	-301.0005913284467
1593	-303.09692274285055
1594	-299.7178659701149
1595	-298.4553783745006
1596	-302.3636433974627
1597	-301.5089536950602
1598	-303.42079697343735
1599	-302.520484243598
1600	-304.38223525716774
1601	-302.576276279832
1602	-307.19023398182577
1603	-295.78862467656006
1604	-300.4315146128999
1605	-296.001743877737
1606	-293.69548308697614
1607	-307.56027792872493
1608	-307.32509040325294
1609	-302.9357946480239
1610	-304.8952005187598
1611	-306.70439163758806
1612	-303.63012152873836
1613	-306.9918338051916
1614	-300.6656237576898
1615	-302.62830631176064
1616	-299.7057609598618
1617	-304.3004916671054
1618	-304.7633074075213
1619	-303.7530838224275
1620	-300.0165695785451
1621	-294.2208198599009
1622	-302.02538791120065
1623	-304.1250354028572
1624	-306.9611558871444
1625	-304.29246063986875
1626	-305.2655560175776
1627	-301.57776235844403
1628	-303.9687950068993
1629	-307.12554576344615
1630	-302.0296865725152
1631	-302.3053442411593
1632	-306.0750106935236
1633	-306.36888139028815
1634	-300.52506538756984
1635	-298.803783808837
1636	-302.8601000028862
1637	-299.0739782163131
1638	-308.90951621779703
1639	-307.207601287059
1640	-305.1126588552576
1641	-303.7030317551813
1642	-302.4671908921415
1643	-303.7366433257077
1644	-300.9858452278536
1645	-302.0362636871194
1646	-302.10031431746665
1647	-301.040900000083
1648	-302.69658062650666
1649	-307.14399989487936
1650	-305.18798703269175
1651	-305.0861626690248
1652	-300.8464842382181
1653	-302.48448930077484
1654	-304.86779824117485
1655	-299.20833441015907
1656	-299.9198909885205
1657	-305.93356314559315
1658	-299.1547383453417
1659	-297.4891511077833
1660	-304.7094000000001
1661	-297.4550273077436
1662	-294.88880238125057
1663	-301.77125114936496
1664	-303.9685212630816
1665	-301.7808669327967
1666	-294.5361574822355
1667	-301.01
1668	-302.93067554157545
1669	-308.05676344204744
1670	-303.9265954550518
1671	-300.65319347642946
1672	-303.0041322071564
1673	-303.88042415280944
1674	-304.15135450815586
1675	-304.9877748451148
1676	-298.4224064453946
1677	-304.22404919600444
1678	-301.02741949172474
1679	-299.4311113207225
1680	-300.76979290951203
1681	-303.53820277640574
1682	-302.7204645660498
1683	-305.33120168639573
1684	-302.0641154588837
1685	-301.85853210211076
1686	-306.309792599699
1687	-306.00243709542326
1688	-302.266572090771
1689	-309.61235214030637
1690	-306.05192300876786
1691	-311.5220260538466
1692	-307.57284920588324
1693	-303.8751526997044
1694	-308.6117029615188
1695	-304.3522298549165
1696	-301.2487299894962
1697	-305.00059993694236
1698	-304.32614973555775
1699	-310.2481452828004
1700	-303.6641473996396
1701	-303.6039003596433
1702	-308.1582781262437
1703	-302.9436875848731
1704	-295.2408989363247
1705	-301.86358121709225
1706	-301.9493411582654
1707	-305.9315379532153
1708	-303.03970000083444
1709	-303.3838866558043
1710	-300.9123743061333
1711	-301.80470150458495
1712	-305.61154723640726
1713	-306.2576501775526
1714	-304.09801385996946
1715	-306.0766276552906
1716	-308.1972666721391
1717	-302.46002670738824
1718	-302.90928157987923
1719	-298.29114773899914
1720	-305.7232424364446
1721	-305.1829915968758
1722	-307.88206860265683
1723	-304.36701585786165
1724	-306.91199332519085
1725	-305.43230097505057
1726	-303.65457188991354
1727	-300.0561447282036
1728	-304.1074991793953
1729	-298.17903612908526
1730	-302.4216273793186
1731	-302.74565964863905
1732	-301.86054635295244
1733	-299.0795165720868
1734	-300.26859474214586
1735	-300.29351519741425
1736	-300.1804987335225
1737	-301.6418219413199
1738	-302.61068465773104
1739	-301.54569545622587
1740	-301.194370920841
1741	-308.18785243031476
1742	-294.56052955925395
1743	-298.11932011467843
1744	-303.05009383255225
1745	-304.0155761773485
1746	-301.57445077207274
1747	-300.68421098206585
1748	-296.16569119723636
1749	-301.83430448332416
1750	-304.65827692426814
1751	-301.48480187385394
1752	-300.83813490575506
1753	-307.7313866467513
1754	-303.4190356324311
1755	-298.93676748789085
1756	-305.75245437130667
1757	-306.6215912914572
1758	-306.9299523123359
1759	-308.8501061658858
1760	-303.05600000251445
1761	-296.5521353387439
1762	-306.44204779573306
1763	-305.06560526734665
1764	-303.6366451434362
1765	-302.06160000000347
1766	-299.9020605117088
1767	-299.00236646699256
1768	-301.2744
1769	-304.1320311587291
1770	-300.9736080990861
1771	-295.79378001432724
1772	-297.4995789317775
1773	-304.03662273767304
1774	-308.0133281613256
1775	-306.0286020709534
1776	-313.3419105883818
1777	-300.6461924588689
1778	-307.3916222102723
1779	-305.59296629764293
1780	-308.1289743449549
1781	-304.829279752174
1782	-301.8097395873372
1783	-308.54684535131577
1784	-297.4630349359556
1785	-307.7025897784883
1786	-300.07269686797144
1787	-303.7662236793921
1788	-309.80960635227444
1789	-304.37477303399845
1790	-295.1823603868331
1791	-299.4539916202916
1792	-301.1692711668532
1793	-297.12232395560335
1794	-305.24130512156967
1795	-301.2718409030813
1796	-309.02394264239706
1797	-304.5008277152108
1798	-300.3580649878339
1799	-299.5816711446647
1800	-303.38539230442683
1801	-304.6437590734577
1802	-301.5234023410461
1803	-301.3017682524065
1804	-296.4554924723673
1805	-305.94958675738167
1806	-305.6682699677457
1807	-299.8947062387518
1808	-309.6760429277222
1809	-303.2516715525066
1810	-301.42822968978
1811	-302.53677900130634
1812	-298.7741398774826
1813	-299.9505823750724
1814	-307.0733584186353
1815	-298.6556000000001
1816	-298.5167892267908
1817	-300.4811000000001
1818	-304.2651132571068
1819	-303.060681931406
1820	-303.3549443714519
1821	-297.93074369635536
1822	-297.597971492066
1823	-297.01838179220346
1824	-301.50694780254963
1825	-308.5889768595198
1826	-300.4299314570056
1827	-308.16997657704957
1828	-299.2386010781385
1829	-303.24354611484983
1830	-303.0802691706804
1831	-312.2202682808092
1832	-307.9628629400009
1833	-305.56244124587033
1834	-310.09005167962215
1835	-304.71795249749755
1836	-304.9375150726726
1837	-301.95070388378724
1838	-303.5599517775946
1839	-299.5860039275306
1840	-308.18221036671906
1841	-303.72172441808476
1842	-303.18076143677075
1843	-306.7877759520028
1844	-304.23443750499496
1845	-305.69487073131086
1846	-300.37277996693587
1847	-307.40612453074476
1848	-301.80042165189906
1849	-300.71039035588535
1850	-306.97582836981553
1851	-300.6927033550796
1852	-305.9270495124181
1853	-309.45103144794774
1854	-300.2536414617485
1855	-299.9458641257179
1856	-304.73734298928986
1857	-303.441860048437
1858	-306.7350953667346
1859	-300.4532555897539
1860	-310.28292363314245
1861	-298.0861174279446
1862	-302.4340521636902
1863	-299.79275851634264
1864	-301.83253369718506
1865	-301.587079424982
1866	-311.14736963568197
1867	-307.68712044602927
1868	-305.1252090766638
1869	-302.62324310857065
1870	-304.5710673393263
1871	-309.95645119411927
1872	-309.1588452304315
1873	-304.9425927812511
1874	-307.9888711026729
1875	-304.75234778683324
1876	-305.8966418177879
1877	-301.59692950862734
1878	-303.6599004213527
1879	-301.7706746336938
1880	-305.33456411109546
1881	-299.84969199101283
1882	-304.0017099858299
1883	-303.09790963028667
1884	-303.3751902637833
1885	-301.10026124856586
1886	-302.5121778543886
1887	-305.7896016930291
1888	-298.740237533919
1889	-308.37548482526074
1890	-311.8661173274997
1891	-309.0209897690076
1892	-301.1495141489324
1893	-305.8674030681619
1894	-295.60300201860275
1895	-306.05486563452473
1896	-302.0173677516136
1897	-300.6834948989648
1898	-296.7284746998553
1899	-304.21452121658183
1900	-300.22268734672093
1901	-299.80879310430265
1902	-307.90990711679945
1903	-305.2754030188048
1904	-300.59566353510183
1905	-309.2542972693331
1906	-297.67730226480006
1907	-307.31216800677913
1908	-300.6958306910712
1909	-302.8922942533501
1910	-305.7553062976337
1911	-308.08406916724215
1912	-303.935652842028
1913	-306.68704435035426
1914	-304.7187141849227
1915	-311.1358195579563
1916	-310.03455742230125
1917	-304.2228763195521
1918	-308.2109099153368
1919	-306.57086811798115
1920	-307.6312805848393
1921	-303.5090222299825
1922	-304.35319409352155
1923	-300.2127749535009
1924	-302.6851564682216
1925	-305.49306034198537
1926	-306.235895138792
1927	-300.7231556525864
1928	-305.9279348054118
1929	-297.4979009937728
1930	-306.90202622103726
1931	-310.9815308394575
1932	-298.32290000000006
1933	-308.31780037910494
1934	-301.2435338480979
1935	-304.8591398129434
1936	-304.7241452668171
1937	-308.5739053336649
1938	-305.4188808486353
1939	-306.2285969063888
1940	-304.8372256649282
1941	-302.50979184299894
1942	-305.3363970680874
1943	-303.13341703462174
1944	-304.30277873711606
1945	-303.0719374898124
1946	-305.4854037089517
1947	-297.966274131203
1948	-301.6590632084374
1949	-300.4615683261921
1950	-303.0421538421272
1951	-302.81919411301124
1952	-299.05398555598407
1953	-301.0428070983475
1954	-306.4127356526393
1955	-303.181256442864
1956	-300.11828179947486
1957	-302.455654211185
1958	-306.90949069141874
1959	-305.8800722361567
1960	-301.88830000037746
1961	-299.4137368720873
1962	-308.0111165014413
1963	-295.360000951266
1964	-303.2882771637193
1965	-301.7189318125435
1966	-310.99654529337306
1967	-300.2028693405235
1968	-297.85810590111254
1969	-305.10476692974487
1970	-298.5624979504657
1971	-306.4776480441949
1972	-297.55642465249565
1973	-302.8933013244931
1974	-302.575694271373
1975	-304.15314844443424
1976	-309.5152452576025
1977	-303.0149093939033
1978	-310.05306725639565
1979	-304.21468110467634
1980	-304.8553923093221
1981	-299.9534639133439
1982	-307.29718261715897
1983	-305.5574735380555
1984	-305.68191555918656
1985	-302.62056426670284
1986	-305.23344357813096
1987	-301.74583538427953
1988	-303.6397001985116
1989	-308.6244964824266
1990	-303.72787870519045
1991	-306.76639503061057
1992	-304.3683869271693
1993	-300.85697593286415
1994	-296.8039130682435
1995	-299.7015630916761
1996	-302.0440981072136
1997	-307.63474952886867
1998	-309.0046530507338
1999	-304.62810636747344
2000	-308.20280840150815
2001	-299.30570288535665
2002	-305.8705240038617
2003	-300.5102177095211
2004	-302.8903263202309
2005	-301.69959456376614
2006	-309.5949497718951
2007	-308.786778336308
2008	-304.44402597264576
2009	-304.75015463186963
2010	-303.1219264607759
2011	-306.85567464293086
2012	-299.07755562529434
2013	-300.2303205473383
2014	-304.6322361320245
2015	-308.4302512115944
2016	-305.722419872134
2017	-304.95497717158963
2018	-303.7415521173309
2019	-308.7198666409718
2020	-305.26982335190735
2021	-306.72125619545415
2022	-306.6103368850723
2023	-305.29889479822106
2024	-308.20345770914605
2025	-307.5489431988338
2026	-301.1459628190221
2027	-297.04935555254883
2028	-306.7382391187468
2029	-306.79692728413926
2030	-299.149421738633
2031	-309.41753281780376
2032	-308.7086762319887
2033	-299.38456265114166
2034	-305.8713848484855
2035	-304.7695198301891
2036	-302.2286196439817
2037	-301.2573777242206
2038	-305.7860825067627
2039	-304.87944201562834
2040	-309.85283542285464
2041	-303.5292738046068
2042	-308.3495014395042
2043	-307.1274291186866
2044	-308.54276346577444
2045	-294.6407377873519
2046	-305.6250169189758
2047	-292.6061521862454
2048	-307.16974549691975
2049	-306.51970705641025
2050	-303.6952153297163
2051	-309.40545486274004
2052	-301.02591256861916
2053	-294.8780000213549
2054	-298.14850022162676
2055	-304.3747749234789
2056	-312.963846301778
2057	-302.41087754913315
2058	-308.84186910939724
2059	-299.4061555378519
2060	-306.8481887612549
2061	-305.971943782222
2062	-301.84425024526354
2063	-301.20740046925164
2064	-306.59330636090544
2065	-303.7874008728156
2066	-304.56466231893086
2067	-302.5103192482704
2068	-307.96067965701826
2069	-301.6084235897621
2070	-306.0601426958911
2071	-302.1308112165783
2072	-305.7649539575616
2073	-304.0869485635734
2074	-307.0890369468612
2075	-303.7659191542149
2076	-306.41322317561776
2077	-302.6116717826685
2078	-311.84908626632955
2079	-306.34413571757705
2080	-302.2681346579612
2081	-306.70873418260277
2082	-301.65625674788714
2083	-301.32521987333547
2084	-296.1375678867982
2085	-295.2837673158061
2086	-300.6579748032972
2087	-295.7489241660741
2088	-300.8961707623941
2089	-298.1863959019138
2090	-305.261603628826
2091	-304.5654707644926
2092	-306.3337171000967
2093	-302.5187009286649
2094	-308.6525063528716
2095	-300.80549833028687
2096	-303.7608009324478
2097	-307.3612586714052
2098	-308.6342380171924
2099	-303.6426622720759
2100	-297.0581209061422
2101	-309.91901824283195
2102	-296.6311372013472
2103	-309.86140009893376
2104	-308.61268506337865
2105	-308.89618600652756
2106	-307.9290768868118
2107	-302.44014568965787
2108	-310.01367192654743
2109	-304.3596590980283
2110	-302.09058822556824
2111	-310.67616554276555
2112	-306.3226121529676
2113	-305.7847510111644
2114	-299.3443955674463
2115	-296.3977250883455
2116	-309.66860000002623
2117	-302.9385793389053
2118	-299.54413504954334
2119	-300.13488171513603
2120	-305.75492073242737
2121	-305.6643191987685
2122	-304.6951468544407
2123	-306.10713164809334
2124	-308.57081316158354
2125	-306.8375726323036
2126	-307.2032251557591
2127	-306.98179698088626
2128	-311.59132203318694
2129	-305.65509141833036
2130	-303.15533008820864
2131	-302.13520246543595
2132	-306.780517347587
2133	-297.14875158876725
2134	-302.06240170878584
2135	-299.51220053748517
2136	-304.60283449511655
2137	-297.86578008115396
2138	-308.0335332390495
2139	-309.75471874428126
2140	-308.4099890363075
2141	-307.31513745460944
2142	-309.04291262620694
2143	-304.170433217018
2144	-302.3429500756751
2145	-307.1395811967361
2146	-303.57962632549646
2147	-312.83448297189824
2148	-306.7239717791005
2149	-305.94048724965137
2150	-303.380261480091
2151	-306.94341351771357
2152	-304.32099663396576
2153	-303.59904908895663
2154	-309.16593253506915
2155	-303.52154519867986
2156	-312.1254886825961
2157	-300.52517200093666
2158	-305.92271457347374
2159	-302.8790668783412
2160	-306.21293960127406
2161	-304.3442816159884
2162	-304.3925246129279
2163	-302.34667680592423
2164	-309.65819702129164
2165	-289.13129726686714
2166	-302.10176829237514
2167	-303.2400500972267
2168	-301.2995118736387
2169	-304.16313399785156
2170	-299.8261546086787
2171	-306.68764775183246
2172	-307.5874347175986
2173	-304.13365027121847
2174	-305.21719100613967
2175	-303.24653078190073
2176	-293.3761465203959
2177	-310.3711090390086
2178	-300.1639688871115
2179	-302.6156619596678
2180	-296.87705591618385
2181	-296.7816269140205
2182	-292.5491428442046
2183	-307.15467721895305
2184	-303.7554877833189
2185	-300.9440228958145
2186	-300.7262854066341
2187	-306.23128435602786
2188	-307.01140669021055
2189	-307.53280298908146
2190	-301.65051587797905
2191	-296.3211601478218
2192	-300.20653751107943
2193	-301.8479712801348
2194	-304.98090000007113
2195	-300.2633063720032
2196	-297.5277256730867
2197	-309.44430095084
2198	-301.3059115426215
2199	-303.20417782780225
2200	-310.03534381783516
2201	-306.02879921928945
2202	-297.2502000024168
2203	-304.49120700293173
2204	-307.99792984257454
2205	-304.1453787634359
2206	-301.99595349865416
2207	-303.527025632135
2208	-303.7028561740913
2209	-306.06377555540496
2210	-301.05891605865514
2211	-304.3472715845304
2212	-309.90848561906506
2213	-307.2259007092583
2214	-301.9740986206593
2215	-311.5483096483098
2216	-301.4945842381864
2217	-306.53916996210893
2218	-305.42086081374237
2219	-300.4176955289314
2220	-310.8504045716426
2221	-302.4393763614716
2222	-308.0519009624133
2223	-305.03815303978234
2224	-303.7139110139664
2225	-307.7041097033818
2226	-303.568081601298
2227	-306.4323732427512
2228	-305.8152945903627
2229	-311.1003240465483
2230	-306.1407181301148
2231	-306.1916588948267
2232	-299.8879412095478
2233	-303.6100662791952
2234	-307.87278700201466
2235	-305.33357138596
2236	-306.3184206475059
2237	-301.2822695450759
2238	-306.77970069885737
2239	-301.0362049821771
2240	-307.705458830791
2241	-303.00875525108756
2242	-297.629573347783
2243	-299.3715112384743
2244	-299.3372908738475
2245	-304.62434933103987
2246	-306.23124983709334
2247	-299.8663112908657
2248	-298.31189620245715
2249	-308.65481246139274
2250	-303.5217812823912
2251	-306.3120407416212
2252	-300.7975268321049
2253	-303.6185291282796
2254	-301.7652172687201
2255	-305.88969333357056
2256	-306.2379652138801
2257	-307.1433628341464
2258	-302.73207230915597
2259	-304.18760173029915
2260	-307.8607219776117
2261	-309.29916134994613
2262	-311.3974543552957
2263	-308.61587750590775
2264	-307.72853429243537
2265	-301.832239048103
2266	-303.19462689567496
2267	-306.006040589421
2268	-297.8171781304818
2269	-304.80226167310053
2270	-308.84069460397103
2271	-299.71405502519355
2272	-303.10038478335485
2273	-296.84096956684107
2274	-301.9941675569783
2275	-310.43996475733934
2276	-308.5630623583656
2277	-305.76783996153506
2278	-305.63374929384923
2279	-307.28025428635556
2280	-300.02524417458255
2281	-308.96145720154516
2282	-305.1946843115946
2283	-302.80583796088746
2284	-307.3942172906998
2285	-301.0016347280533
2286	-314.62882062607383
2287	-307.5752646903157
2288	-303.4640633320722
2289	-313.9096153301707
2290	-304.88683913110674
2291	-308.64895321152903
2292	-308.5254260255863
2293	-302.4539122708417
2294	-308.67509347455206
2295	-305.5887078123314
2296	-305.7301782286564
2297	-296.08493966270925
2298	-307.1774245621685
2299	-307.81292231520786
2300	-305.97997597639426
2301	-306.3551261060431
2302	-315.95941077214474
2303	-306.4222659403507
2304	-307.492803121463
2305	-310.02079479265666
2306	-306.3238425164377
2307	-306.55903311197466
2308	-309.47487596656185
2309	-304.4072688295489
2310	-299.6993447713419
2311	-306.1747050238941
2312	-307.0783798463791
2313	-305.7830328692118
2314	-307.13816971367527
2315	-301.82223263136035
2316	-308.6370199411238
2317	-301.0895671543083
2318	-308.536357816349
2319	-307.398102161368
2320	-310.0065307605925
2321	-307.6743641705155
2322	-296.29126264264517
2323	-301.4991812235755
2324	-307.8024301565723
2325	-302.90689870228294
2326	-294.63957697417896
2327	-302.70525886584744
2328	-303.63644433416647
2329	-309.1581776414337
2330	-310.4343512898548
2331	-308.30163469721185
2332	-299.526107051067
2333	-308.0856775251247
2334	-306.4956372854968
2335	-307.50689172868704
2336	-300.49008498254193
2337	-308.5352550630753
2338	-297.2355803115607
2339	-292.88250761722566
2340	-298.19569240715595
2341	-306.5407135910863
2342	-308.6178954989172
2343	-308.2965685309188
2344	-302.36873853184613
2345	-313.3892135643169
2346	-304.67648372193906
2347	-305.0817814623875
2348	-310.39396319580504
2349	-309.99641804053385
2350	-301.1741517510442
2351	-299.83388767168066
2352	-309.1039939197911
2353	-306.0468510570234
2354	-314.73753856281263
2355	-303.0423307660624
2356	-296.2535975873547
2357	-302.1042353690802
2358	-301.30836509152084
2359	-305.3545210741156
2360	-308.14357630998734
2361	-301.0428680832962
2362	-298.28621207125843
2363	-305.4638567730149
2364	-309.7815508761791
2365	-307.47411106753225
2366	-306.35331307343034
2367	-303.9780698550772
2368	-303.9445442418682
2369	-308.0020464144931
2370	-302.2202958586607
2371	-306.47570763029177
2372	-308.11261872043855
2373	-302.5735864517659
2374	-304.04761832158556
2375	-307.75908619789664
2376	-307.5017439203578
2377	-301.3669329395592
2378	-308.47513316906833
2379	-308.5440067033645
2380	-303.6342611990986
2381	-307.64545250801217
2382	-298.43858539772964
2383	-303.06096942315173
2384	-303.85841173240266
2385	-305.273055739012
2386	-313.6448254639956
2387	-312.04763687880177
2388	-307.2001808819515
2389	-302.779340856341
2390	-301.5380993081908
2391	-306.6217446585809
2392	-303.8870542489403
2393	-309.13427775196266
2394	-305.35415755700984
2395	-306.0862452949912
2396	-307.77192480981324
2397	-308.86019418210446
2398	-308.77789914345084
2399	-301.0710725448961
2400	-305.85763264472615
2401	-302.1983462835396
2402	-311.6896154659516
2403	-302.58435722605384
2404	-304.30882472041503
2405	-308.0699889677502
2406	-307.3878836898145
2407	-303.81188319194115
2408	-305.1452137287748
2409	-305.62520186095713
2410	-303.38060528765027
2411	-308.5407021683132
2412	-309.3807207030995
2413	-305.2854791223232
2414	-303.312217048956
2415	-308.8366878870835
2416	-308.2997824030067
2417	-307.61766415064136
2418	-299.9959339122726
2419	-310.8224316612096
2420	-304.5075221150268
2421	-304.82084272168123
2422	-299.3144560296725
2423	-306.3444000407044
2424	-303.0423288793982
2425	-302.2345628202633
2426	-302.6825684817753
2427	-303.0418662633059
2428	-300.4566461705761
2429	-307.04380721719946
2430	-307.77086187929785
2431	-301.5013845225681
2432	-306.756378007454
2433	-306.17597060778377
2434	-302.3442348226984
2435	-304.61259504798244
2436	-307.83790258617574
2437	-307.6548631641273
2438	-306.2696847325745
2439	-309.48405870744926
2440	-304.7291302243738
2441	-307.294657755478
2442	-303.5009910301959
2443	-302.73113718193645
2444	-303.32800878394005
2445	-304.1360718702172
2446	-303.02335168691036
2447	-306.18399999146817
2448	-304.98336008040314
2449	-308.77072404052836
2450	-306.1122539959726
2451	-301.9088152311823
2452	-300.85030000000006
2453	-304.48622817833603
2454	-302.929336272094
2455	-302.9646995221027
2456	-299.89356130595587
2457	-303.2266539895614
2458	-307.24387848416706
2459	-304.61495523871395
2460	-301.9132775948815
2461	-308.90940977960554
2462	-301.21132582025655
2463	-304.6085037930035
2464	-297.75403819256036
2465	-304.9096351277177
2466	-303.558590162747
2467	-306.07969603273966
2468	-303.4471065181865
2469	-301.376300000044
2470	-303.94983799981134
2471	-300.988138652103
2472	-302.82589830625716
2473	-304.34422652331466
2474	-303.3171865880188
2475	-304.56345163044676
2476	-309.8099954438373
2477	-302.4996283641644
2478	-307.16092350237227
2479	-310.7283395510036
2480	-301.91263471480886
2481	-304.0494543423619
2482	-299.78111599084895
2483	-302.97258549675087
2484	-309.3488297899775
2485	-300.449808664684
2486	-298.5691128402468
2487	-300.27748093512474
2488	-302.06359377403254
2489	-302.86679111222406
2490	-296.67890000738356
2491	-304.49916709564394
2492	-303.43887653832167
2493	-303.98170454410837
2494	-298.16511778902424
2495	-306.1578983317778
2496	-302.3547346362659
2497	-306.1325079890483
2498	-301.36646345925413
2499	-302.328693750038
2500	-308.278882063705
