1	-298.6124519802333
2	-300.15365425227503
3	-299.6583849079669
4	-309.93063868058834
5	-305.93553080721415
6	-309.5964207772848
7	-309.85364908394337
8	-300.08286113842325
9	-308.2500933193722
10	-309.24267202688003
11	-306.2364183148521
12	-303.581273094075
13	-301.9946053814095
14	-301.71883191565473
15	-304.51003144250495
16	-295.15820949775014
17	-302.8633341328869
18	-307.2378293206187
19	-312.23827339547006
20	-303.26720606623195
21	-303.5048870600564
22	-305.94260356714443
23	-302.58744562680806
24	-305.0930738341208
25	-307.3503702223657
26	-302.9434824364255
27	-297.33576975648185
28	-307.8118297502717
29	-306.43329798921735
30	-311.5966678352846
31	-303.57699753759897
32	-309.401884728759
33	-305.9216766257799
34	-302.0011056655326
35	-306.33221941995095
36	-295.69208738617175
37	-308.7907104958144
38	-299.8702680173447
39	-308.0357496451971
40	-310.19744589720443
41	-304.286720320988
42	-308.4266500708315
43	-303.51382692091073
44	-307.86311512304417
45	-302.6712595998175
46	-308.58111406481294
47	-310.0201060216963
48	-310.517059865379
49	-301.10149316167275
50	-314.1439135782713
51	-306.4952005363825
52	-308.08199477801764
53	-305.68026084838647
54	-308.4046899418756
55	-306.1753480182742
56	-300.8075269601617
57	-302.1457612081968
58	-309.19429859573756
59	-305.0985015463617
60	-308.81395302978035
61	-308.2071800999792
62	-306.236534173726
63	-307.94779165725635
64	-302.8686947173705
65	-303.68775904516406
66	-309.0451355666458
67	-298.69169594560145
68	-304.8869384144946
69	-300.97544256213007
70	-309.38684606287063
71	-310.51024056347796
72	-306.1960171760096
73	-308.6719525198658
74	-305.927916730507
75	-308.58515306120495
76	-309.48162816404704
77	-308.3274480482498
78	-311.2121584304562
79	-312.81214487522914
80	-306.82143756686446
81	-306.2636803578069
82	-304.60992660169666
83	-307.9374610540528
84	-311.33806940629154
85	-306.9451092285385
86	-307.90140301484524
87	-312.2701453606739
88	-308.5845929899573
89	-309.2038304090733
90	-311.5742962855419
91	-312.99834331873564
92	-308.7610670884495
93	-307.75329079291805
94	-309.8515958094849
95	-312.6974549842864
96	-307.23967995960334
97	-301.5235573726523
98	-304.1601296690531
99	-303.7500142418191
100	-303.94728396832676
101	-308.2972093800858
102	-306.15984166883396
103	-300.4147606900517
104	-303.45324194545265
105	-308.65772044993076
106	-304.6923810179012
107	-305.4231546386257
108	-304.80995101515623
109	-309.7027479847989
110	-301.5224779943241
111	-298.98160704408747
112	-308.49560137975664
113	-310.8271773206405
114	-306.5721653097063
115	-308.4489667484041
116	-302.8826553521839
117	-307.24328685440264
118	-307.8929591186678
119	-311.55448375913386
120	-307.0126452227331
121	-295.9261
122	-307.8343133446917
123	-309.5443632346113
124	-295.0845500202096
125	-306.38066868911113
126	-305.6002994438814
127	-306.7832729300594
128	-310.24326069252106
129	-303.439620768836
130	-305.260086259229
131	-301.41363294996967
132	-307.41566645391316
133	-296.44540000000006
134	-300.9096984041296
135	-297.0472340731971
136	-306.00979212834216
137	-304.73072579726716
138	-299.38052713304563
139	-302.12020703086023
140	-298.8657444546672
141	-306.5700183517774
142	-301.7843954785316
143	-302.318941091416
144	-306.1192989958109
145	-308.23686650867387
146	-307.4547108612658
147	-299.38887138400617
148	-301.39537841741543
149	-306.92034536334563
150	-301.3406129481233
151	-306.0242681434286
152	-302.4465032395427
153	-305.0936299493854
154	-307.14279030216125
155	-309.9856117480056
156	-299.92307276891563
157	-303.9100652205696
158	-304.7370905119748
159	-307.94309833950746
160	-307.091588130783
161	-302.2371512482383
162	-304.93612015834213
163	-306.901697682212
164	-306.8611003298624
165	-309.25425018760444
166	-293.43591426449626
167	-302.36945792678415
168	-303.87183061159925
169	-310.2274100194073
170	-301.8816898147445
171	-306.43573567361045
172	-303.6731125252754
173	-299.9803110090271
174	-305.8346992954458
175	-302.16914847919435
176	-306.43825751655453
177	-300.6635562191917
178	-303.31270000023653
179	-306.8113717663861
180	-302.76599555435786
181	-306.3236354105201
182	-308.82201925211905
183	-302.07226894275584
184	-299.216078914865
185	-302.62963980862384
186	-306.633576761111
187	-306.7533556639
188	-299.2562501377591
189	-298.2584897848909
190	-302.0364689251801
191	-300.4248824174469
192	-304.1719348489411
193	-302.01656346052016
194	-304.38271274448147
195	-299.2420056982108
196	-299.8208014272593
197	-301.1961945486297
198	-306.15463128419134
199	-299.9190977205508
200	-310.7048394966962
201	-301.00181550230934
202	-299.93347353563405
203	-302.5196923059119
204	-303.7814592751035
205	-305.04734221594373
206	-303.3922868823248
207	-302.38368266416455
208	-303.0967990335079
209	-305.72759983303155
210	-297.1275065802137
211	-304.2846247149394
212	-303.34254172021366
213	-308.47110254387826
214	-305.25971185837534
215	-301.9403068030872
216	-303.71484194167357
217	-308.5173083529653
218	-304.4643153084751
219	-308.1537306226693
220	-308.20754946383835
221	-303.5109221387214
222	-307.0009864935018
223	-305.34499423310854
224	-304.23341173636317
225	-301.9760869575219
226	-310.78195453127057
227	-303.5893221586692
228	-303.554196135608
229	-308.54652127171056
230	-307.1719022766589
231	-304.61544626428
232	-311.5400866643426
233	-310.8164167249866
234	-306.7696757734804
235	-304.01779548260714
236	-303.30086310776244
237	-306.6739271417399
238	-304.85393420181833
239	-301.6396533444229
240	-302.26265053243435
241	-306.59003715926144
242	-304.78515920773
243	-299.0196986018977
244	-293.79351434852964
245	-304.17645225058396
246	-305.0748347869304
247	-299.62836783869426
248	-309.0250243769098
249	-302.50406519309166
250	-294.2630703321085
251	-305.1649182805094
252	-302.664389943962
253	-300.86945113888726
254	-297.3891429058672
255	-302.38180145795474
256	-302.4596057475794
257	-301.17690964683726
258	-307.7246708643123
259	-301.7754040354409
260	-300.3505792774356
261	-301.10471532158857
262	-303.7828072979506
263	-297.6535462957007
264	-309.135511462921
265	-303.59323965189884
266	-309.1023526783917
267	-303.6705684188348
268	-303.0552376472647
269	-292.4130068834876
270	-301.05994860356503
271	-301.0571327093278
272	-289.16650074058117
273	-301.5499437744505
274	-308.9477461716615
275	-303.1465655865919
276	-301.78615770746745
277	-305.23141694910055
278	-304.1789069222475
279	-306.5427000003194
280	-306.09202001275037
281	-301.13433138981935
282	-301.5136869719575
283	-297.04375376728615
284	-308.62619934358327
285	-299.91338825096665
286	-303.1426212935378
287	-300.4797
288	-297.2281243532326
289	-299.9413215961341
290	-304.87456892599283
291	-304.45376371610485
292	-299.9856623852142
293	-298.51249834604425
294	-307.6394304820308
295	-301.6865721575286
296	-307.3708655938684
297	-304.6750035064554
298	-299.90331257153457
299	-303.1762841359342
300	-312.0322304856223
301	-303.88527463148097
302	-303.3882125023287
303	-305.8858708658553
304	-302.57293683578524
305	-299.7660455888309
306	-301.99734360378153
307	-301.53535058103796
308	-303.28682992525097
309	-303.9563649276716
310	-310.7863592423685
311	-306.80879917455724
312	-309.9254605509677
313	-299.66851706714874
314	-297.78971909356795
315	-302.5087867533176
316	-298.1626000084486
317	-299.43797054749444
318	-306.78664743906006
319	-299.49159943349713
320	-308.81235942188204
321	-303.7976191788399
322	-302.92000727858226
323	-302.86559692901926
324	-302.2911022436667
325	-306.4757075831392
326	-302.05676782077006
327	-302.7863122686571
328	-303.028842329603
329	-300.46490189767803
330	-306.4431431219589
331	-306.2349
332	-301.6322107353046
333	-301.3359050887152
334	-299.1469724734053
335	-302.3502851248112
336	-291.6301119373909
337	-307.6153223086884
338	-300.8776819127907
339	-305.3045857709489
340	-303.9252013939957
341	-305.66803203477747
342	-301.3396515242882
343	-300.11595671533337
344	-305.03674940413134
345	-303.01331611736583
346	-304.5512413017754
347	-303.5206451353607
348	-305.33424699881493
349	-304.6289211377948
350	-301.613208024107
351	-298.29533839358373
352	-305.20039613248514
353	-301.1725882420562
354	-304.54213956905636
355	-302.24754603525594
356	-299.79936913061323
357	-308.15172401244865
358	-304.77236231107474
359	-304.50552399212427
360	-301.2145305858192
361	-296.4788837587993
362	-301.5536565841214
363	-309.0583124037674
364	-301.5699637449308
365	-305.70753611244913
366	-309.2755516594131
367	-301.5638280451224
368	-301.6998638266014
369	-305.3916946258071
370	-303.83026119939956
371	-300.2156386472627
372	-304.3202455725381
373	-308.39599176207406
374	-301.3786621190975
375	-304.9465489626323
376	-301.58590000000004
377	-305.475519921005
378	-301.1386313500419
379	-300.9858101378593
380	-303.1676000044771
381	-300.6937
382	-297.9881960795386
383	-306.7113
384	-302.2334159404152
385	-307.7222390055425
386	-307.8063366749061
387	-307.7518092174434
388	-298.71399197870534
389	-300.741851520068
390	-295.33159066368336
391	-305.81132942106956
392	-305.15483089201416
393	-311.0574545245412
394	-310.4210912721712
395	-304.6154371880203
396	-302.5912217601449
397	-298.5333241568931
398	-301.61270000055697
399	-310.9372328777816
400	-300.1048244417637
401	-300.91169620943754
402	-306.19058675568215
403	-304.16184831787814
404	-304.660705851701
405	-306.87267978268954
406	-301.27483683281207
407	-298.83231016972496
408	-305.66388797495637
409	-293.90451548724764
410	-295.58833597775873
411	-299.284237225662
412	-300.5535749478655
413	-302.424637112442
414	-305.2651529581686
415	-311.3347501934211
416	-313.1670609224827
417	-298.7270565044565
418	-296.5097119552221
419	-302.47052638036945
420	-295.0745626996864
421	-302.1415865637899
422	-304.33471879650403
423	-307.7110093520071
424	-300.50772679645655
425	-302.1670423077945
426	-303.10333227077024
427	-303.5710190663029
428	-306.7555295448332
429	-305.13280403797967
430	-310.9155145466369
431	-304.45253061698105
432	-304.7963889017354
433	-306.3426797042273
434	-306.0672856717674
435	-301.51297840531913
436	-302.41194698405144
437	-303.4507089351541
438	-308.24370016152557
439	-303.0149014612003
440	-305.14023121473144
441	-305.4664176115222
442	-306.14854883733085
443	-306.6697149233003
444	-311.13843267386125
445	-311.09159525935405
446	-301.11230367488395
447	-303.2564725273547
448	-304.83735085115813
449	-308.4377583275314
450	-303.1137898408496
451	-306.3051530217548
452	-308.07018971606396
453	-303.50204963024606
454	-298.0253752240314
455	-302.2550764983637
456	-309.96026392446095
457	-294.8397034284522
458	-310.93179067550005
459	-303.8582188602483
460	-305.8875303725797
461	-303.4804070703809
462	-310.54407062706326
463	-304.5705
464	-306.91496262426386
465	-305.62458400880973
466	-308.68023489870836
467	-304.05
468	-303.05704487945064
469	-307.2040493160849
470	-311.98649020294226
471	-296.5849
472	-302.83864946895255
473	-302.43099760128143
474	-304.61023576835345
475	-306.22762397948827
476	-299.7969890555363
477	-301.4507296642713
478	-305.09644458414925
479	-305.09225760351416
480	-303.70089951778004
481	-302.80791725715926
482	-303.2078066473675
483	-303.37238634258955
484	-302.717146113991
485	-307.834813817176
486	-299.5265432699139
487	-306.9722385028628
488	-304.89451047846745
489	-304.4460491963355
490	-304.8718040924747
491	-304.70592369037195
492	-303.0717869970413
493	-304.53268349486086
494	-308.08885409268817
495	-297.6837523196961
496	-304.3021744000093
497	-300.21762827764906
498	-296.2047337432091
499	-301.3839385589429
500	-302.05337325464603
501	-304.6386962009686
502	-303.0595949646498
503	-302.26348914743346
504	-298.7798784352193
505	-298.46370000000303
506	-301.87894721923857
507	-304.86137886857097
508	-309.6404160193898
509	-303.74052674270797
510	-294.6836547827947
511	-301.28421025020333
512	-302.0718544543146
513	-302.0270310257869
514	-306.52143315848986
515	-300.0183291385638
516	-309.40495781307675
517	-299.72290078598
518	-305.97679571197716
519	-298.1926000057957
520	-306.4178453294221
521	-298.43326908481146
522	-301.718225762253
523	-307.2126634058478
524	-307.2866411949879
525	-300.7951113077159
526	-304.3825871454661
527	-305.5559606373699
528	-305.6860981229061
529	-297.9003919945926
530	-299.9591814143576
531	-301.53074587066834
532	-303.0015240337353
533	-300.27318486545266
534	-303.3784194175241
535	-303.49089990441803
536	-296.51173234132204
537	-298.98439004402724
538	-298.10088816269223
539	-303.5110849069036
540	-306.0099605976072
541	-300.31999190399364
542	-307.80928676643816
543	-302.8297797156257
544	-307.2844769191003
545	-301.8773977322408
546	-295.33525731493916
547	-303.98990194311017
548	-308.03130000376376
549	-306.2772827998107
550	-302.05585430136
551	-306.02419444698484
552	-312.8718019445915
553	-307.5533621697413
554	-299.9685353787553
555	-304.8869326493893
556	-303.86016079325975
557	-304.20427654081857
558	-307.6590068968819
559	-306.77863351787323
560	-302.53750000018755
561	-300.5050063280826
562	-305.1314876514996
563	-297.6067367735741
564	-303.660667756956
565	-308.2497818352552
566	-299.5986711818415
567	-305.24944586801763
568	-298.2877199994945
569	-293.8080258879584
570	-307.99384294705595
571	-299.0167000914275
572	-306.11892261670323
573	-306.92211560263536
574	-305.1317070769594
575	-306.0530609789576
576	-299.09882998163357
577	-303.11018582708687
578	-298.4883347655
579	-302.9731366490393
580	-303.09988516668994
581	-301.0841087242189
582	-303.62401283703895
583	-305.1404750422012
584	-300.18342063725896
585	-303.5267450153325
586	-307.0165194449009
587	-306.01190620900263
588	-304.1691597155921
589	-302.8053317949597
590	-302.9371869564147
591	-293.9340268602514
592	-300.8081200944778
593	-301.18763591728333
594	-297.4449920670122
595	-302.1450294299225
596	-308.6153336250164
597	-304.61050610160976
598	-305.6372059820472
599	-303.2641720877796
600	-302.5675919916388
601	-308.17960000000005
602	-293.59372725682624
603	-302.957293575471
604	-298.1436389835573
605	-306.2632703130007
606	-306.25911771503837
607	-302.68190000000016
608	-302.74509614566745
609	-305.5251539961316
610	-305.62727780953657
611	-299.74312018735253
612	-303.96228436637057
613	-306.0588124599744
614	-305.27216711221433
615	-303.8269489563243
616	-306.4689817707164
617	-299.9591696424927
618	-302.0063000060148
619	-299.31540002560365
620	-294.54968929729756
621	-299.3690152692998
622	-303.44036034843737
623	-301.0014574667379
624	-302.82228795912476
625	-301.7376789001246
626	-301.68294152041926
627	-303.0604007619354
628	-298.542378132533
629	-300.5944631174554
630	-304.46603079933664
631	-309.185398916764
632	-299.97531543298555
633	-306.2061825869206
634	-307.5725828488129
635	-309.44360321552966
636	-304.7282838618364
637	-303.5738114765438
638	-296.3087522287493
639	-300.29705868684584
640	-301.7140090341131
641	-303.9573374358606
642	-296.817927573484
643	-306.51077422017613
644	-297.51260390112355
645	-299.66863167350044
646	-307.4765153838753
647	-307.552000059408
648	-302.24672340421216
649	-303.49316647980953
650	-311.05356942161023
651	-307.30788645690865
652	-303.92750000000274
653	-295.7025146470434
654	-306.30621308307036
655	-307.982035630101
656	-307.1934063840333
657	-310.8439817726226
658	-302.6388019131162
659	-308.58592240403243
660	-305.6948301818876
661	-304.2438877998573
662	-302.03643239520153
663	-298.4215448174787
664	-308.60132216560714
665	-304.60058029072144
666	-303.2848745869589
667	-297.4771000003631
668	-299.15516645693754
669	-298.62076106569054
670	-298.9288111530348
671	-304.5463390373126
672	-300.11297167697103
673	-308.03669371171304
674	-293.63759165184666
675	-307.6399302525426
676	-301.28290683803937
677	-306.11937223537234
678	-304.3252529319452
679	-299.47107929703316
680	-304.044431517954
681	-302.3637049194073
682	-300.21108872400686
683	-298.42799216807515
684	-298.39617787593295
685	-299.98181421090567
686	-298.8474986871517
687	-295.8818462619844
688	-307.5743666155389
689	-307.8875538273489
690	-303.8813224600886
691	-303.34645512279855
692	-304.94425785616374
693	-300.87050005524304
694	-304.5772153625974
695	-294.0921674044479
696	-305.14978350026905
697	-296.35111935104305
698	-297.58317451232944
699	-307.8920781841986
700	-308.2850482334336
701	-305.3014505882014
702	-297.2791622330281
703	-301.5696883693767
704	-295.057057281838
705	-298.30504708873417
706	-297.8041277349385
707	-300.20710265775523
708	-303.7622460108757
709	-307.1508550588693
710	-307.6230743352811
711	-303.6038138298978
712	-302.3208385093422
713	-301.9758033601516
714	-304.74627356199693
715	-301.3812906092266
716	-305.3895002623969
717	-302.7299138611535
718	-305.7729290184052
719	-307.0234772640297
720	-300.97122496886317
721	-308.56142542538475
722	-305.8412395321541
723	-306.12440279779634
724	-301.95179934224365
725	-302.3303303868941
726	-309.61724203976587
727	-310.3175258412923
728	-300.18460983629154
729	-302.9748868771713
730	-297.88881970756535
731	-302.83330330545584
732	-301.0172623414856
733	-308.62991471242276
734	-302.2439932517231
735	-305.1517974590523
736	-302.9171003660308
737	-302.5351132690921
738	-303.42100125928476
739	-311.75726808289056
740	-297.87548289393
741	-309.3757897931308
742	-301.9560888552304
743	-297.03723367239604
744	-302.5437453141317
745	-302.50326778812746
746	-302.7079742170864
747	-305.5360681490244
748	-305.3900916654238
749	-304.1398893634424
750	-308.02402478132717
751	-307.62606360569396
752	-304.78551311048676
753	-303.63678289783746
754	-308.3515993780509
755	-305.0053878233508
756	-300.89616877218697
757	-307.65324947733075
758	-305.80894964199547
759	-309.81683021079726
760	-295.3061464970431
761	-307.63355392201333
762	-304.089579850505
763	-309.8653762489091
764	-305.1092946975921
765	-301.87889951296427
766	-306.91590261165163
767	-308.605519416805
768	-302.5517435146021
769	-304.10950115909907
770	-307.454684703855
771	-306.84691856543395
772	-303.1760529371723
773	-301.31968238893126
774	-304.0723395015565
775	-303.8201198583882
776	-297.555844627277
777	-304.16188013603664
778	-299.6425135831351
779	-304.62812987091206
780	-307.99436618608206
781	-306.3547105422904
782	-300.6787095098012
783	-305.4117292397385
784	-309.97023842784574
785	-301.3519797200435
786	-303.67810000012656
787	-303.5700672905285
788	-306.18001500425873
789	-310.6492963358126
790	-309.8580563345878
791	-306.1824993754873
792	-311.4903425501631
793	-303.46767838966144
794	-306.1161445682733
795	-305.1085463799546
796	-302.8885000000001
797	-301.74396337534955
798	-300.0288802754479
799	-304.2976471634553
800	-299.01099304458774
801	-299.21026943591306
802	-304.2231616549254
803	-303.06198987362416
804	-307.0040278806351
805	-307.7462869294071
806	-305.74081209073483
807	-302.69155238366915
808	-301.714527150078
809	-306.8173511681251
810	-307.7758895218102
811	-309.813774599721
812	-312.2077751878056
813	-304.80410353363845
814	-300.92652700070573
815	-300.0629653904641
816	-308.4254349384039
817	-299.5325427707679
818	-304.97949613028646
819	-299.19380430037774
820	-299.66066388685147
821	-303.9208224642083
822	-303.2448184455062
823	-311.82043513328483
824	-307.96986904379384
825	-301.1761313604789
826	-305.2158140856336
827	-300.0224000005518
828	-303.06437534719504
829	-308.3213808689869
830	-302.59584319370316
831	-305.9674504308497
832	-303.5211891046492
833	-300.203395720246
834	-300.3571155656197
835	-310.16656933969966
836	-299.3700616543884
837	-300.16542723328234
838	-299.52985435712696
839	-305.9387222890833
840	-310.87236858080655
841	-309.6671795256425
842	-305.45433357696515
843	-304.80995385915173
844	-297.7960000013329
845	-306.28277416360703
846	-306.3795135123068
847	-295.65952655934404
848	-301.0102463800489
849	-302.0531715521994
850	-303.9034841622921
851	-307.80112371272827
852	-295.6688000000001
853	-304.12513669039987
854	-303.3174755337986
855	-309.21716147799754
856	-300.53763732105944
857	-302.6833520455405
858	-299.33078183385237
859	-297.90658065433905
860	-305.43927886779807
861	-299.9195221649558
862	-305.20241687956576
863	-298.95427729036794
864	-309.20480292112313
865	-302.7045319757894
866	-304.9415304852654
867	-304.277537005223
868	-306.5337490404503
869	-305.836200032535
870	-307.24357097284235
871	-305.8729000410736
872	-301.25126464485925
873	-306.5733262331216
874	-305.76436601188936
875	-304.61238618601556
876	-305.13311922142896
877	-298.3513703667687
878	-298.813086139394
879	-303.6691092058912
880	-301.6913922609464
881	-303.830676513897
882	-309.8336794877147
883	-304.8921202386584
884	-309.515547366738
885	-301.71869013948015
886	-306.84803027123
887	-301.2367105195134
888	-301.19729106683997
889	-304.4948682538201
890	-303.09972550416524
891	-302.92790679059937
892	-303.093689383191
893	-303.9460913445935
894	-303.84116942435276
895	-302.71899952613586
896	-299.3537247405529
897	-298.4873956780128
898	-305.26350019811514
899	-308.16087465266514
900	-307.24986406725213
901	-305.6164308869047
902	-297.6890465639628
903	-311.40266569731926
904	-307.2307025637252
905	-306.4749794617331
906	-302.1139631810438
907	-301.4787010355496
908	-302.5203252106847
909	-296.1987995716046
910	-304.2532116696015
911	-302.71210086831474
912	-301.80991476597444
913	-299.8529414600651
914	-293.34210850956737
915	-304.81804229999597
916	-305.7166264495936
917	-307.8254486483384
918	-300.1820414578851
919	-305.0189928352587
920	-300.0150555441447
921	-307.4280497580556
922	-303.74358356890923
923	-307.69467106043504
924	-305.5108471503661
925	-302.28646178150103
926	-306.3878978141718
927	-299.70620538436515
928	-302.05586718999916
929	-306.29741222592486
930	-308.014318392463
931	-310.26636366545455
932	-303.5212146576937
933	-301.3458525914355
934	-298.92517353575045
935	-298.2127996131557
936	-306.5472989906325
937	-306.3691307861287
938	-302.5468
939	-296.30478774966303
940	-299.6391761912758
941	-307.23824158651036
942	-306.30835297704107
943	-299.9810091855343
944	-305.13184864109485
945	-310.0661853648543
946	-301.5518420161311
947	-306.0405933230801
948	-308.28806228492806
949	-300.8900515898775
950	-297.02383579075723
951	-308.23836912819837
952	-298.4301435602787
953	-296.7710066548879
954	-310.9481037223963
955	-306.78851656040825
956	-296.0267308264184
957	-306.65246115905904
958	-303.8183414422547
959	-303.6747604693504
960	-306.9328651363373
961	-301.5117333440183
962	-305.4665754091916
963	-304.85660772012517
964	-305.4966265122016
965	-306.75439211563315
966	-301.2836091276865
967	-304.4367266922266
968	-304.14060141965956
969	-302.45749220084537
970	-297.45592086702686
971	-303.4867132744455
972	-307.60933759669547
973	-307.5091053487575
974	-309.9889376099291
975	-295.74370003752244
976	-308.8890473059596
977	-298.66966250069373
978	-306.04854745150175
979	-300.17608280480624
980	-302.9478668815966
981	-308.61199271047997
982	-306.41527960234583
983	-308.8872165696326
984	-312.6177314313632
985	-305.1363924591105
986	-308.0467418780758
987	-300.34033198740974
988	-305.47018231337364
989	-306.158897599136
990	-308.25422828214545
991	-305.72945418567747
992	-305.65618697000644
993	-300.96600889863146
994	-303.46397103314484
995	-305.3765130308358
996	-304.2992236959835
997	-305.54556887205973
998	-306.73016103884055
999	-304.3820300806646
1000	-307.98324892127306
1001	-301.87826589088843
1002	-304.7494675650218
1003	-313.5056913059379
1004	-302.86344427925604
1005	-307.92606323998535
1006	-304.44301217076764
1007	-302.3534938082951
1008	-307.9547913634858
1009	-303.79951095727046
1010	-304.1750299970365
1011	-301.92150241838107
1012	-305.47435473602
1013	-309.0416268261622
1014	-304.4186844449965
1015	-300.4948273073043
1016	-306.56937906039434
1017	-306.32981239899124
1018	-310.52180902912636
1019	-309.0811921244025
1020	-304.5754647100765
1021	-305.2438417884171
1022	-303.91368487117063
1023	-304.944501580572
1024	-303.1911816871207
1025	-301.6699671066688
1026	-308.3171516300797
1027	-303.3280694512539
1028	-301.32642068553474
1029	-303.24303694852404
1030	-304.48808632349704
1031	-301.74120622392934
1032	-302.77981147568596
1033	-307.4915177980212
1034	-300.5185255289914
1035	-307.27921468000187
1036	-301.36988533149497
1037	-308.52674988714847
1038	-300.9271631353111
1039	-308.5027411429588
1040	-309.51501789896037
1041	-301.7882155698638
1042	-312.63874513686585
1043	-310.56493438410894
1044	-303.54429815161495
1045	-305.105977249855
1046	-298.91310000000004
1047	-303.03329886451934
1048	-306.935990261239
1049	-305.4258496828895
1050	-303.2272751228555
1051	-310.9996054104242
1052	-301.5076380153111
1053	-306.4273526106165
1054	-304.46012480829495
1055	-305.7680211042211
1056	-305.4528896683348
1057	-300.69249064286527
1058	-297.72875172678556
1059	-300.1562562462218
1060	-297.55910692335954
1061	-298.10542836898156
1062	-299.08400294081093
1063	-307.71246186292717
1064	-298.7234436057179
1065	-307.3988062623748
1066	-308.41525651861247
1067	-304.5707235085221
1068	-306.8254219580566
1069	-304.61319669746297
1070	-307.4827096680601
1071	-301.78862792611716
1072	-306.3495201582106
1073	-307.7965068919283
1074	-299.5660165938426
1075	-305.701014212887
1076	-306.962823049198
1077	-307.7317027828193
1078	-303.25557739141027
1079	-302.083240127323
1080	-296.47124708188323
1081	-301.88200000000006
1082	-303.25610000012125
1083	-302.8363036525771
1084	-295.0069723613931
1085	-303.7355594462676
1086	-300.96867868558905
1087	-298.36106244363623
1088	-295.91345173999554
1089	-299.73104926134226
1090	-301.37804190210693
1091	-295.96455685518856
1092	-297.9769781894028
1093	-305.4740399233715
1094	-297.9246655561425
1095	-298.5624554375256
1096	-302.2203269794183
1097	-307.88131572434463
1098	-302.12535443902783
1099	-304.0578055172238
1100	-307.1922745258771
1101	-306.2286542927433
1102	-310.2479656375234
1103	-306.6057274089485
1104	-306.39333030824497
1105	-301.47490496056315
1106	-299.34629738567924
1107	-305.09086032463205
1108	-297.79489302453703
1109	-303.2413470988653
1110	-308.47351007890137
1111	-304.5884047157147
1112	-307.40873800500685
1113	-292.37185910195774
1114	-304.37380743547396
1115	-303.7794041403383
1116	-306.00371714658564
1117	-308.8936930820396
1118	-296.14289635967583
1119	-309.28155137453
1120	-305.2106368979253
1121	-300.5943427609967
1122	-303.5220364263007
1123	-305.12995483388534
1124	-301.6335469766511
1125	-304.4863140424491
1126	-296.2485029425456
1127	-305.40994369739957
1128	-301.5084000279924
1129	-300.49460002276345
1130	-305.1595493043236
1131	-309.3366268215109
1132	-299.3754391651534
1133	-298.17198233100345
1134	-291.19130000038143
1135	-299.253407632952
1136	-304.39523681965636
1137	-308.1233952651488
1138	-302.9647789155847
1139	-304.954818535597
1140	-304.1951717870952
1141	-300.0231472456155
1142	-298.97100000000046
1143	-312.9748092747503
1144	-299.93755159264487
1145	-305.4019000511868
1146	-302.3924536286244
1147	-309.373456658261
1148	-306.173582979004
1149	-301.3126921958746
1150	-309.7079792454321
1151	-301.3578338214525
1152	-303.8240155295525
1153	-297.07281556973356
1154	-305.61970425908584
1155	-303.4770815798927
1156	-301.93168726533884
1157	-307.7530625042416
1158	-309.8973958548918
1159	-300.9464459739427
1160	-300.95939671436423
1161	-308.61751141023035
1162	-299.0418653281566
1163	-307.64447742092887
1164	-304.98961223019876
1165	-301.3652127754233
1166	-300.258154774826
1167	-302.4497000467592
1168	-308.98231691426133
1169	-297.9456519127952
1170	-302.7605097270514
1171	-301.71467525931496
1172	-310.0948023996234
1173	-307.24468258439776
1174	-298.4965824522404
1175	-294.23854850689617
1176	-301.8522409018439
1177	-304.4238910086775
1178	-303.60892554575247
1179	-306.7043455901748
1180	-303.6401323427936
1181	-303.54181132667804
1182	-304.7992793394212
1183	-303.42529833154265
1184	-302.7672053921365
1185	-299.67222345951984
1186	-304.8168729598657
1187	-300.79894947904484
1188	-305.4353368370562
1189	-308.3433488765666
1190	-296.17628302859396
1191	-307.01771773693025
1192	-306.59532333505103
1193	-307.75159102804986
1194	-306.3773814602313
1195	-300.9941166295405
1196	-303.21940021632423
1197	-302.74657881986263
1198	-303.24748393653215
1199	-295.9303171084048
1200	-290.6715456039138
1201	-304.5446732104201
1202	-296.783900003272
1203	-306.806462980868
1204	-302.8583175398572
1205	-304.019288561537
1206	-299.583115933319
1207	-301.3642339567195
1208	-296.5574925704477
1209	-304.02245309384705
1210	-296.66290014030585
1211	-304.9436088458219
1212	-304.8479498871477
1213	-301.9941595902384
1214	-304.83218378795186
1215	-308.7561
1216	-304.8479358690593
1217	-303.75672974330695
1218	-300.8824877033359
1219	-304.3727326663977
1220	-302.7695226432173
1221	-304.18270920764076
1222	-310.43016102635727
1223	-312.14606592943267
1224	-304.94600305527615
1225	-301.4176988361211
1226	-304.7407421507778
1227	-302.5851600527401
1228	-305.580508682949
1229	-298.696042655884
1230	-306.5620147674182
1231	-303.3801312515946
1232	-302.6605779427107
1233	-294.22350908661167
1234	-299.9862139642383
1235	-305.398049547775
1236	-302.8077769972197
1237	-303.812988001892
1238	-310.8145456652994
1239	-305.95381614282644
1240	-308.5574851337029
1241	-299.9416430733343
1242	-303.40336426949096
1243	-299.2599
1244	-306.1877680819499
1245	-303.1217647293431
1246	-310.3371351975523
1247	-301.4481339081824
1248	-307.44326964022736
1249	-305.80719715109484
1250	-304.86850000446975
1251	-301.20934393038294
1252	-304.6386811031337
1253	-300.3382647373522
1254	-305.0132974893985
1255	-300.0991491451376
1256	-299.9789199963934
1257	-308.57755829987093
1258	-307.3781837448761
1259	-302.3293280945759
1260	-307.839208998546
1261	-302.4785473825139
1262	-301.7667007868544
1263	-302.71765554076694
1264	-309.1684860185456
1265	-305.2623781831068
1266	-306.176777607846
1267	-307.806185520537
1268	-309.3357341391693
1269	-301.7165232034658
1270	-306.1393700656657
1271	-298.4783000444908
1272	-308.9361182999122
1273	-304.1206126590671
1274	-297.3067045466054
1275	-304.1740553571394
1276	-304.06238526091886
1277	-307.0388030223987
1278	-306.25663321334036
1279	-296.2838000171273
1280	-303.9579398063035
1281	-304.3536122864352
1282	-299.1072367297467
1283	-311.71444519952007
1284	-305.90601917860505
1285	-306.6116627859142
1286	-304.7773713207518
1287	-301.1637002950324
1288	-309.58094621007416
1289	-305.50146678991206
1290	-306.31500278702345
1291	-309.2912515653506
1292	-304.73881463894423
1293	-301.11997269924234
1294	-293.59456624313333
1295	-299.39255887351914
1296	-299.34791259680236
1297	-298.098393749749
1298	-305.3323888315741
1299	-302.79933328261916
1300	-304.7869084984677
1301	-307.85609998045413
1302	-304.9956745649911
1303	-305.9451601573008
1304	-305.0831190566254
1305	-300.96481414399403
1306	-307.4476796076999
1307	-305.5754437347801
1308	-296.1394725795514
1309	-299.4231984695537
1310	-306.5169074521715
1311	-303.37169218382707
1312	-304.22675552010685
1313	-305.6936194760799
1314	-297.9434142705815
1315	-303.9740077687598
1316	-300.90857878367615
1317	-310.59984845415045
1318	-304.86415498489436
1319	-310.83479380914605
1320	-308.625406781689
1321	-296.6237314038
1322	-305.5469925823933
1323	-299.60650171986487
1324	-303.76402188815734
1325	-303.06363628338374
1326	-301.426411012272
1327	-301.509374074456
1328	-304.08413003639924
1329	-304.8851365593718
1330	-302.74638001340134
1331	-305.5097821372169
1332	-309.1948319106699
1333	-306.0118062944467
1334	-305.4013785610005
1335	-305.72561014882143
1336	-309.167141155906
1337	-305.76281931446937
1338	-302.9314052119868
1339	-308.63535772256586
1340	-296.60573223341976
1341	-301.6925013468301
1342	-298.70522369177735
1343	-302.96945652832187
1344	-304.92456220644806
1345	-300.35885319404235
1346	-308.5109153650409
1347	-300.72303222084594
1348	-306.1028959863961
1349	-304.9929411133077
1350	-298.89912761588954
1351	-305.54780000019633
1352	-300.7538927031412
1353	-307.4134141706091
1354	-301.0026412381307
1355	-301.8672576219607
1356	-304.3939988194742
1357	-304.21878822801233
1358	-304.89393886446425
1359	-303.96750905273166
1360	-301.66675248903346
1361	-303.6861394773597
1362	-303.88679962873925
1363	-303.8896632619014
1364	-302.4934454657683
1365	-307.9410511578081
1366	-306.8949918168332
1367	-309.7768403427538
1368	-306.9616573327321
1369	-300.3432185461255
1370	-307.75995576174125
1371	-301.3886354420147
1372	-309.25105413805943
1373	-300.8669530438468
1374	-312.68194611990367
1375	-299.41642058365346
1376	-305.5212807407445
1377	-311.275193863968
1378	-295.6556985393459
1379	-299.35279010902144
1380	-305.0742720910319
1381	-297.1311148743452
1382	-311.25236840251745
1383	-309.74994180946874
1384	-305.42546895087276
1385	-303.82779119134767
1386	-301.0204263734691
1387	-302.40432530850757
1388	-309.9856062572495
1389	-298.479422211108
1390	-307.97933255407236
1391	-304.13471502240463
1392	-303.58004938185707
1393	-307.06808218861454
1394	-304.2753338015828
1395	-301.6352311128429
1396	-308.438498971529
1397	-310.8291546486329
1398	-297.43642644399023
1399	-301.2815183436511
1400	-306.42864488895054
1401	-305.92877534410104
1402	-297.409806585749
1403	-308.14878741740597
1404	-302.85419363533043
1405	-310.6715921062758
1406	-309.3442157499339
1407	-304.3505315966239
1408	-306.17004666586627
1409	-304.91939504925386
1410	-299.82969455386336
1411	-304.0431579437107
1412	-309.70827724081784
1413	-305.1018088923611
1414	-307.18176211726853
1415	-298.983515329801
1416	-307.25384949345084
1417	-299.8716312235449
1418	-308.48776060055616
1419	-311.59895143314105
1420	-305.5906279636641
1421	-305.1516742400029
1422	-309.1595673454378
1423	-299.7094918220927
1424	-304.07886215211647
1425	-296.6924785387597
1426	-303.60933765516245
1427	-310.55498919044794
1428	-297.853790295155
1429	-307.0949970222015
1430	-310.771456302043
1431	-303.4109059016485
1432	-304.10590091662857
1433	-305.47250570624533
1434	-306.05366313855296
1435	-310.9454346002376
1436	-301.55239222405464
1437	-309.4535882772722
1438	-311.64116483522673
1439	-308.1979739536169
1440	-309.447517745326
1441	-308.71708109468693
1442	-307.3897457436074
1443	-308.3310266165123
1444	-304.2797822950802
1445	-306.1057581431976
1446	-307.13942461415394
1447	-301.7242023756394
1448	-309.94014231385336
1449	-310.6875058340786
1450	-312.40375450738134
1451	-310.11469639422955
1452	-307.1741394889652
1453	-299.7932336068769
1454	-310.6784275217205
1455	-310.42881681643837
1456	-307.85390078396097
1457	-305.7709716901129
1458	-305.7471917117394
1459	-305.3343419619103
1460	-308.8158472894718
1461	-302.3450222955569
1462	-310.7161337422288
1463	-310.9596313844163
1464	-301.64755144668993
1465	-300.7502238460477
1466	-306.5626544875321
1467	-307.7551157522122
1468	-301.1110864808507
1469	-308.0632853831734
1470	-302.10034677616324
1471	-310.6624645590434
1472	-304.43174973653305
1473	-305.3059604580729
1474	-308.2270323523749
1475	-309.48127336191084
1476	-306.8765470626921
1477	-312.05222047301515
1478	-308.4493753126282
1479	-308.582781320893
1480	-304.49641466723
1481	-307.5470063748354
1482	-306.7727958082332
1483	-304.7214891032329
1484	-305.78987247843423
1485	-298.93153346178326
1486	-305.2875811886689
1487	-308.57620860284226
1488	-306.1012752734246
1489	-304.99319682022985
1490	-306.44962391894325
1491	-304.6105219054482
1492	-306.52888186330586
1493	-304.74465290225623
1494	-304.1175442854247
1495	-302.5192882567828
1496	-313.8558471559016
1497	-299.66593217192394
1498	-303.4855661945139
1499	-307.7946785263968
1500	-307.88095236578795
1501	-305.30179403507486
1502	-303.1427920639421
1503	-298.5844756323677
1504	-298.9255272594084
1505	-299.9074402463375
1506	-304.1969581006978
1507	-303.4137897791842
1508	-308.2021491351076
1509	-308.21936558938995
1510	-307.588741286066
1511	-309.03241489765793
1512	-307.99165862329346
1513	-304.8073677260342
1514	-300.9833361310707
1515	-301.82434678400233
1516	-306.7628661747114
1517	-304.89581735822674
1518	-312.01431949833517
1519	-314.9024084305747
1520	-313.1549269695762
1521	-310.96397565674687
1522	-308.8054476540572
1523	-302.6369083847432
1524	-310.7197048436605
1525	-307.78190006826037
1526	-307.0158119566015
1527	-301.76600659876834
1528	-308.59126603294595
1529	-309.0421255397375
1530	-307.660079510032
1531	-309.39106681113583
1532	-307.0760715712071
1533	-309.9208773521589
1534	-303.9194349419122
1535	-309.9796772545061
1536	-304.35323865221716
1537	-311.504470819764
1538	-306.2166962045712
1539	-303.2477618628195
1540	-303.83652772394123
1541	-302.3739166857685
1542	-310.1038329991809
1543	-303.78346824123145
1544	-303.79283169404084
1545	-303.5887411520985
1546	-298.7204252488696
1547	-303.13888823571824
1548	-307.23400368998614
1549	-305.5807716250536
1550	-305.01417140161897
1551	-309.06271303010715
1552	-302.79933946061817
1553	-302.6337472701662
1554	-308.5197484736735
1555	-312.67228563240434
1556	-310.19859037180225
1557	-299.382411480932
1558	-308.64777292413976
1559	-301.77675287772536
1560	-307.47983187575625
1561	-300.7944715253535
1562	-303.9686677981784
1563	-309.31574541172944
1564	-304.5144417784365
1565	-307.87105448611203
1566	-309.5052564538978
1567	-306.2912346683196
1568	-302.93245661272937
1569	-313.2621227252179
1570	-297.2866257538273
1571	-306.34553537364246
1572	-300.6810608940665
1573	-298.86523778519995
1574	-305.5526062487191
1575	-309.39304232387303
1576	-310.8376308126867
1577	-306.08838187895066
1578	-306.7106936253165
1579	-306.83021108921287
1580	-300.37002526909555
1581	-311.9803630047939
1582	-312.79134048288506
1583	-306.716342455774
1584	-309.96618140146
1585	-309.19834613467566
1586	-304.3033171457155
1587	-309.4197924988547
1588	-309.721098329265
1589	-305.4326383470978
1590	-304.45354518583395
1591	-306.9489077908738
1592	-305.2209392569723
1593	-304.82229880317834
1594	-304.7652810908164
1595	-309.00438886897297
1596	-312.242446343641
1597	-309.8253193832738
1598	-298.8170949051856
1599	-302.8459152308538
1600	-309.8057193127935
1601	-308.22655775108706
1602	-313.99900116043017
1603	-315.78403614279273
1604	-304.23501792491555
1605	-304.83330906324625
1606	-303.2016512878754
1607	-305.5358214439636
1608	-296.72806295163747
1609	-306.49490944422445
1610	-309.04392012207035
1611	-301.2451539013467
1612	-302.97025541607684
1613	-298.73268712164923
1614	-312.89383973000065
1615	-309.0414110494911
1616	-310.73994343386624
1617	-302.7081386326067
1618	-304.13590751926114
1619	-301.71080322739834
1620	-305.84920055185984
1621	-308.20281148375665
1622	-309.2421656710392
1623	-303.2675833664048
1624	-300.524644130267
1625	-305.6392713663842
1626	-311.976761494579
1627	-307.49585528964417
1628	-301.77026901310967
1629	-300.8036796175055
1630	-307.12982061567436
1631	-305.3751640979728
1632	-310.8421352527039
1633	-311.4540351245319
1634	-299.44725371353456
1635	-306.1253141239415
1636	-305.0528465764017
1637	-307.58488981106154
1638	-302.153939232599
1639	-301.39908432651396
1640	-307.1826842093608
1641	-306.32408785413696
1642	-303.09765078603544
1643	-303.4333290080822
1644	-301.8835531017447
1645	-300.54973095969007
1646	-305.36740348157065
1647	-300.74960896953036
1648	-309.3074480033325
1649	-310.4848562888446
1650	-304.68233231271023
1651	-305.8000584346992
1652	-304.91131687955107
1653	-305.8704472504689
1654	-303.48348223901155
1655	-308.06564105932296
1656	-303.0074249881461
1657	-314.1426529242258
1658	-308.3889368210412
1659	-303.8863600909308
1660	-302.99516127328593
1661	-305.38974823674664
1662	-307.2665878390281
1663	-300.7748720396335
1664	-308.4771044495297
1665	-305.0255258100501
1666	-306.86794766385054
1667	-309.7581134480804
1668	-307.483446749593
1669	-306.90630786798715
1670	-304.86532009356046
1671	-301.3896770999217
1672	-308.4268125807273
1673	-305.92627606153746
1674	-306.6294746764523
1675	-300.37415624020423
1676	-304.79698148230443
1677	-309.7810518818077
1678	-310.11586862847525
1679	-307.8563321857003
1680	-308.85598961764254
1681	-302.50106581859444
1682	-311.1551703682701
1683	-311.3732187825058
1684	-304.523946350815
1685	-302.929332449536
1686	-309.2258600281804
1687	-307.3181831951208
1688	-303.00871784367683
1689	-306.3654981343729
1690	-303.73866725652965
1691	-302.8814592945041
1692	-305.4293273620148
1693	-301.6224537869818
1694	-305.3115323135586
1695	-308.1059643193177
1696	-302.6485857308818
1697	-304.095375558507
1698	-310.3526492590002
1699	-311.9785141049353
1700	-309.41700095050254
1701	-307.4315618839118
1702	-299.8930497656069
1703	-306.11341368411405
1704	-307.57709548694027
1705	-309.89399235714023
1706	-302.68636361665915
1707	-311.4319066917371
1708	-304.3055451962769
1709	-302.949253795569
1710	-310.0305916071908
1711	-307.430946101477
1712	-305.16758506629986
1713	-301.9021381374112
1714	-303.7640870653085
1715	-300.00125573271816
1716	-310.39760451890294
1717	-302.79068205466297
1718	-298.16468319353294
1719	-304.3957785228992
1720	-305.11265408872697
1721	-301.80830124738367
1722	-306.27784336939254
1723	-298.45409007504685
1724	-297.1614979237117
1725	-306.34936497286077
1726	-298.5162024161206
1727	-298.29884558615134
1728	-299.21321353418887
1729	-305.4786682823045
1730	-301.0087399904015
1731	-302.41288131126754
1732	-306.3297289423442
1733	-308.7767064902977
1734	-310.3019943500593
1735	-307.4377182360795
1736	-303.1875206268166
1737	-310.90028994196405
1738	-300.0607643514561
1739	-300.77664822780207
1740	-305.27700272454734
1741	-302.88875655397294
1742	-304.76921359769005
1743	-306.6557197443793
1744	-301.98663448283276
1745	-306.91032183421913
1746	-306.36951151353423
1747	-310.5156377744994
1748	-303.49209716542333
1749	-299.27760296490254
1750	-309.1232922239073
1751	-309.4823685442152
1752	-308.3005712686977
1753	-302.6528878777404
1754	-303.1546033020283
1755	-304.19399354936155
1756	-308.23536209072165
1757	-302.0068591964066
1758	-310.60644483813627
1759	-309.38478071888574
1760	-306.0369131811179
1761	-310.7071335182677
1762	-301.4212736762488
1763	-301.38422001544563
1764	-296.09845177316504
1765	-299.45799280995493
1766	-302.63396082587633
1767	-301.161603567954
1768	-307.24382095462823
1769	-307.64641917467264
1770	-306.1225159176265
1771	-305.5372068992072
1772	-305.05705277870845
1773	-304.9604953550026
1774	-301.9193030900797
1775	-303.7707947505122
1776	-307.93938896989084
1777	-304.58148571204856
1778	-306.1735503468264
1779	-303.64657048611343
1780	-299.0421798912737
1781	-306.7839512847171
1782	-305.6231720337297
1783	-304.4600206388852
1784	-305.0430443614877
1785	-303.83870011758063
1786	-311.10111432742445
1787	-304.44849676148357
1788	-305.45203070869894
1789	-300.865919302882
1790	-307.5277867290193
1791	-306.00756111992985
1792	-299.60662406551194
1793	-312.00403257015785
1794	-309.5121079440565
1795	-305.91868043864775
1796	-308.17479367254674
1797	-307.1452480711745
1798	-310.4651327853981
1799	-311.4503715218867
1800	-304.735530366956
1801	-308.7484858279319
1802	-306.2735724252044
1803	-307.56596880758167
1804	-309.1898866583244
1805	-309.59249209639097
1806	-311.89129068240914
1807	-311.6474219877094
1808	-306.19535794398166
1809	-312.0966655546856
1810	-311.4821500380501
1811	-306.4342448380038
1812	-311.86297561750666
1813	-311.7200862840737
1814	-303.49522844273184
1815	-302.4907101769038
1816	-302.8192193924714
1817	-307.07494096964
1818	-311.92839963318585
1819	-312.4952834440684
1820	-307.52234081615273
1821	-306.49349549221836
1822	-307.6275640208665
1823	-308.1254738151955
1824	-311.91080491084915
1825	-307.14407030183725
1826	-306.7958875002756
1827	-307.5472813300268
1828	-307.3404174360397
1829	-305.81074707794824
1830	-307.62400504316605
1831	-308.6215837971647
1832	-304.30407347282653
1833	-303.4027423002184
1834	-310.46953553250114
1835	-304.31470219530723
1836	-310.39464550453386
1837	-309.7343012941513
1838	-308.05734626324505
1839	-306.88472429400184
1840	-305.45465822995897
1841	-298.8093136311171
1842	-306.35758800226955
1843	-303.8928641313865
1844	-310.3564493951442
1845	-305.17872730436613
1846	-313.6133038351229
1847	-307.5580567306022
1848	-308.4353433049883
1849	-306.99842044759896
1850	-308.4071756626671
1851	-313.9272069516161
1852	-308.7680036144149
1853	-310.7249875007016
1854	-308.04015185219095
1855	-311.1172650243864
1856	-309.0776411453264
1857	-307.8019889935044
1858	-308.0257422351791
1859	-307.8533179642065
1860	-310.07730041336936
1861	-308.29526462740597
1862	-311.13212151984663
1863	-307.2993970235647
1864	-306.39963056675833
1865	-307.76575138311404
1866	-303.31513925265796
1867	-296.4710131771016
1868	-301.62703419615696
1869	-302.63068715523195
1870	-306.4977232333771
1871	-303.7593029494898
1872	-304.4900092427842
1873	-306.6922442079387
1874	-310.1718061685016
1875	-304.46722560595686
1876	-305.06578230575604
1877	-307.0128277149713
1878	-302.625896004033
1879	-312.82428120404387
1880	-309.45452504677087
1881	-307.8729963949002
1882	-301.85472406742053
1883	-305.86486665953765
1884	-305.80851560465425
1885	-305.8709957261391
1886	-298.2362370040444
1887	-297.4958427477499
1888	-304.7276979243371
1889	-307.66623564007295
1890	-294.7244971387692
1891	-301.5993163299023
1892	-306.1219370744676
1893	-305.16424580361917
1894	-300.2722266135955
1895	-304.4090385980998
1896	-307.75685189567895
1897	-304.4794559342792
1898	-304.8166050683682
1899	-309.83188028356096
1900	-302.0766554699965
1901	-300.6003485288735
1902	-298.5983551474773
1903	-306.91861850398305
1904	-303.2550881790756
1905	-303.20433183741955
1906	-307.4846772379352
1907	-308.0356381130545
1908	-305.06884274281083
1909	-313.60931944607046
1910	-306.0615495950931
1911	-311.4939339837604
1912	-303.71185639561634
1913	-303.0608642727462
1914	-310.16128916585484
1915	-313.0173164091413
1916	-306.50490867309986
1917	-310.9320002187805
1918	-309.54585475952774
1919	-311.16333828025887
1920	-301.2210528501354
1921	-306.96210108015197
1922	-308.2251562064658
1923	-311.3783618480658
1924	-307.78262184254856
1925	-308.69194906287515
1926	-309.6763842012874
1927	-309.38099026964545
1928	-303.8051601044818
1929	-303.32329364476925
1930	-306.9875865013782
1931	-308.12211281472645
1932	-305.8894582329974
1933	-302.21164518516866
1934	-311.75644398565777
1935	-302.7697642786704
1936	-301.0370487630967
1937	-303.05328329165155
1938	-302.6379251675111
1939	-311.46205408844617
1940	-308.6727556893289
1941	-305.97152071144643
1942	-298.5375393348282
1943	-306.58520057404775
1944	-304.0919730681666
1945	-304.29493860459854
1946	-306.1715949731919
1947	-308.5328670707883
1948	-301.97994701933334
1949	-308.11079256195933
1950	-308.3006092381902
1951	-306.3380397849493
1952	-307.3312766451194
1953	-311.4072324531171
1954	-313.9420168792009
1955	-297.67998847842756
1956	-299.6233473631801
1957	-311.2109583115243
1958	-309.3789968006341
1959	-301.3507180543876
1960	-303.3681645207449
1961	-312.29766068848863
1962	-311.05751744124893
1963	-310.370064212546
1964	-309.54287409726317
1965	-308.77634891661614
1966	-306.60278156284306
1967	-309.85543256303737
1968	-303.82425173912526
1969	-308.47550404238507
1970	-308.8207250648422
1971	-310.73314090352704
1972	-303.5952576319271
1973	-308.7561277396327
1974	-313.57611610668556
1975	-299.3464966232247
1976	-303.9029358392018
1977	-294.97629013663277
1978	-302.9272843375665
1979	-311.740459144729
1980	-304.8446537655164
1981	-312.70396402830045
1982	-304.77109640688263
1983	-308.21131168323205
1984	-306.696190123962
1985	-305.820933072692
1986	-304.2286328777177
1987	-299.1652669915552
1988	-308.32093263574393
1989	-300.36010638564443
1990	-302.4534558324707
1991	-304.8523432922522
1992	-305.2635972038877
1993	-303.7651822373999
1994	-303.9358915649257
1995	-313.7807802139675
1996	-311.38974134348996
1997	-302.2005497212816
1998	-302.44655833719196
1999	-312.1280607394234
2000	-302.2498221878153
2001	-299.9033412644614
2002	-306.5219561346746
2003	-302.0754464414485
2004	-308.56189242423824
2005	-310.097220735643
2006	-314.234867539453
2007	-309.61575836464164
2008	-305.7363716694415
2009	-309.52287855787057
2010	-296.2994552300576
2011	-307.5575905954847
2012	-304.2970779423715
2013	-309.4333145872258
2014	-309.6925440938457
2015	-310.01215940987134
2016	-303.9147158952291
2017	-304.91847181691014
2018	-312.34191807163575
2019	-307.9364910063046
2020	-310.1943175993277
2021	-306.56748362168395
2022	-297.1819865622939
2023	-306.16575722970464
2024	-308.24113572980684
2025	-300.7966491003615
2026	-308.5471553217457
2027	-300.89093765114194
2028	-297.71459002920017
2029	-307.57710445390614
2030	-303.7091845636075
2031	-296.8147521024276
2032	-309.00673525489316
2033	-303.6062610923477
2034	-302.5250565769558
2035	-306.8964840032332
2036	-307.83641835283214
2037	-306.80576544964555
2038	-297.3014777980854
2039	-304.12296371112177
2040	-298.11896131985714
2041	-297.9673
2042	-300.5827829736026
2043	-310.66331110449613
2044	-307.7433636038857
2045	-304.1024035246288
2046	-305.199545092652
2047	-309.3846279107508
2048	-306.78525945914845
2049	-306.74387962996985
2050	-304.75725580371756
2051	-310.00203694581836
2052	-305.8234909685163
2053	-308.7901228632818
2054	-307.3893249882593
2055	-307.58276874719604
2056	-303.9850675501698
2057	-300.7738492602561
2058	-312.2451622573231
2059	-304.03318518653305
2060	-308.2066847031906
2061	-305.17456831316184
2062	-312.7079146900264
2063	-307.4320728358754
2064	-305.06949970680523
2065	-310.4493390351277
2066	-307.0547183105689
2067	-308.72368896572567
2068	-305.4201278814889
2069	-306.69066703043734
2070	-307.6968029328622
2071	-302.49043060914954
2072	-311.2592951706016
2073	-298.0488239196923
2074	-301.50103410051935
2075	-300.7096566671845
2076	-303.02194066069
2077	-301.1256465377188
2078	-305.0295050111572
2079	-313.2595025020771
2080	-308.4517389814316
2081	-298.3176647116933
2082	-302.6517240389795
2083	-308.60925487850955
2084	-304.979999622394
2085	-301.6166297274517
2086	-296.28903129507927
2087	-307.98081644836526
2088	-313.3041796511169
2089	-309.39136027313515
2090	-304.241482545403
2091	-304.71200010378215
2092	-306.3873087144648
2093	-296.95442720332824
2094	-301.76038379646747
2095	-300.89900031580714
2096	-300.5929216543895
2097	-292.80930005382254
2098	-300.8177976227036
2099	-301.4525923557248
2100	-301.19147982336114
2101	-297.05113631909865
2102	-298.99198547905274
2103	-298.8643005967165
2104	-299.07304884664984
2105	-304.3544102402268
2106	-305.19720043771196
2107	-300.6240974617349
2108	-297.75439111107414
2109	-298.6412478359109
2110	-306.1215233451809
2111	-298.6579066929527
2112	-302.8553116768769
2113	-301.5327
2114	-303.3393326381902
2115	-300.85462653028685
2116	-299.978715692597
2117	-306.8270172492138
2118	-301.3790909786485
2119	-301.1134430000807
2120	-303.3168474109788
2121	-308.2503843056647
2122	-304.30609511047965
2123	-301.1933000478055
2124	-304.3198812674855
2125	-304.3993476324088
2126	-306.44545816057513
2127	-299.619325807803
2128	-303.6063682925357
2129	-298.41479404194564
2130	-300.98123150708847
2131	-306.3434788230693
2132	-303.7142912878543
2133	-301.73160460340864
2134	-305.1630846349992
2135	-306.3865566017935
2136	-308.4288582526676
2137	-303.0644979321142
2138	-303.44549569919513
2139	-299.8013880764357
2140	-294.6677517831127
2141	-305.5407800176477
2142	-303.937512106296
2143	-303.17639750740955
2144	-305.7434533131227
2145	-304.87556317028975
2146	-305.31179156817217
2147	-301.1825950612615
2148	-306.6986779966925
2149	-300.8995954032893
2150	-306.46097426521237
2151	-304.6700253970949
2152	-302.1375162146689
2153	-297.8492344369954
2154	-302.98759247714634
2155	-303.0119255539778
2156	-306.8786877384439
2157	-305.2524681061389
2158	-303.42261236727063
2159	-301.8342193420389
2160	-308.8393492041945
2161	-303.01564208172647
2162	-304.445740619612
2163	-301.6237162640331
2164	-305.08507524857083
2165	-305.5541322542285
2166	-305.52146262945826
2167	-303.62558771365786
2168	-301.2674395059805
2169	-306.705006533484
2170	-301.4562068603494
2171	-304.40793062825463
2172	-299.78793361296096
2173	-299.4741479757944
2174	-301.11854936321015
2175	-308.3820242422497
2176	-305.9458953017971
2177	-307.28305083580227
2178	-301.19020500249997
2179	-307.7437999102587
2180	-306.9012846373972
2181	-302.1161115041964
2182	-306.0039712194156
2183	-305.3709950478175
2184	-295.1036787440998
2185	-301.1009527824435
2186	-305.45022947904465
2187	-311.994839680203
2188	-305.72843108592895
2189	-309.1189506785356
2190	-310.14399326706774
2191	-308.2987007179538
2192	-305.24348683861825
2193	-305.298036930156
2194	-303.6091603196839
2195	-306.5901481676754
2196	-305.998371232597
2197	-295.6831756546966
2198	-296.7682438008976
2199	-298.6405
2200	-306.8505029363375
2201	-304.5396417895431
2202	-302.23830858818764
2203	-303.3446235661913
2204	-302.3175450318972
2205	-305.7228977563442
2206	-302.1000784006786
2207	-306.4225517416434
2208	-300.21721069507095
2209	-294.59612383774123
2210	-295.1362372738599
2211	-306.31305275704045
2212	-304.2690056373661
2213	-299.44408252594184
2214	-296.8253468260581
2215	-302.1686387041664
2216	-306.9355541746172
2217	-307.7187724874093
2218	-303.1809109452003
2219	-304.97829489811227
2220	-304.3676194149148
2221	-307.9686536089061
2222	-308.15361394650137
2223	-299.8264941418752
2224	-309.84476665599476
2225	-304.98793302741666
2226	-300.38812159414863
2227	-297.07780207023166
2228	-302.7107300447697
2229	-300.3163890835428
2230	-304.61315036265
2231	-308.6616134511377
2232	-308.32744509598876
2233	-300.1626338741309
2234	-302.15692611006745
2235	-305.1243609470072
2236	-302.53825091795994
2237	-296.53125224700824
2238	-298.3396123586272
2239	-297.26990658333114
2240	-307.6798796005965
2241	-300.2747101384223
2242	-299.0793435804713
2243	-301.50006741033593
2244	-302.7040664170794
2245	-302.02142109492274
2246	-301.5562545636748
2247	-304.7582465475686
2248	-302.41801124548
2249	-303.33048507227926
2250	-303.6237649322678
2251	-306.03949367146777
2252	-301.23586049874234
2253	-301.8714862178397
2254	-294.0800350838464
2255	-306.35365424204883
2256	-294.7017022268668
2257	-298.8483453135141
2258	-304.20698871114536
2259	-311.4107481218263
2260	-306.3495971503902
2261	-305.1064937962387
2262	-304.5763446067135
2263	-296.82035124701946
2264	-306.38015451196236
2265	-303.0223354461402
2266	-301.32906836577877
2267	-307.5447383027805
2268	-302.05911388874387
2269	-306.1914912148869
2270	-298.0531028597404
2271	-294.76578227199286
2272	-302.1813791978277
2273	-306.9445007209925
2274	-304.2183929774196
2275	-303.972191756412
2276	-302.161910272697
2277	-308.3350926811811
2278	-300.10995714169314
2279	-304.78443648154644
2280	-301.78640923150067
2281	-300.22332823233626
2282	-300.15718289214834
2283	-299.96715992334777
2284	-296.8998510252103
2285	-307.40166807306247
2286	-303.9582481321864
2287	-305.72006941693627
2288	-304.67150591038796
2289	-303.25420718723166
2290	-303.06138727650443
2291	-301.7604475790652
2292	-311.24622014025397
2293	-303.9282951133024
2294	-308.4222306177402
2295	-300.44990000000007
2296	-303.6578223165574
2297	-302.2082923285441
2298	-303.12486276462397
2299	-305.41574283775356
2300	-302.0589828273309
2301	-311.0974369046972
2302	-303.01026909732957
2303	-305.5082423454168
2304	-296.84621186123576
2305	-307.64633238094353
2306	-308.0953577444571
2307	-301.89607204868037
2308	-305.4128813794406
2309	-305.07319213101084
2310	-301.06676467953963
2311	-298.1814921082804
2312	-301.81086556056084
2313	-303.37335972505986
2314	-306.64593881694276
2315	-301.166399215746
2316	-308.17872227590027
2317	-304.3296498429978
2318	-298.1738594878128
2319	-304.2351443585207
2320	-303.24636829804206
2321	-296.7442009868813
2322	-307.0004030079411
2323	-305.1222696751042
2324	-302.12949277591383
2325	-306.5476458061845
2326	-304.94340741650126
2327	-304.6381860696661
2328	-304.95900555944064
2329	-306.2204951620004
2330	-301.8691107977572
2331	-302.56044149128513
2332	-309.20975277599734
2333	-306.3640801282045
2334	-302.9336898167675
2335	-296.4523383347383
2336	-306.0582060339785
2337	-304.5282107396604
2338	-303.800419370438
2339	-299.1703298544911
2340	-302.0005893184954
2341	-300.6551400772942
2342	-296.6500368811968
2343	-302.0579666405468
2344	-299.1960473208102
2345	-305.8337386104639
2346	-304.3413792315898
2347	-300.9173670499491
2348	-296.44510306095214
2349	-308.6469286082533
2350	-302.49865146493113
2351	-303.5901574164361
2352	-295.1584
2353	-297.2045397970689
2354	-302.4799041592205
2355	-303.4386117957203
2356	-301.34387461515183
2357	-304.8493238857746
2358	-306.242507603695
2359	-303.162684486824
2360	-303.79932600576353
2361	-305.69296344510786
2362	-297.0795004038223
2363	-305.3427062829614
2364	-300.9055332923303
2365	-301.25138576298224
2366	-301.9584843624462
2367	-302.54326700126785
2368	-302.2024329967782
2369	-303.0307989186825
2370	-304.30580493680475
2371	-306.3214
2372	-301.6596053904434
2373	-301.2740242084981
2374	-308.92613452351185
2375	-309.9577349128417
2376	-307.63767745128257
2377	-301.8431917334028
2378	-304.86100730481945
2379	-303.670110764579
2380	-307.5465889236571
2381	-303.387631502233
2382	-306.6950369119053
2383	-308.1903536732424
2384	-303.09020434122965
2385	-302.6852254295552
2386	-312.7285279694669
2387	-298.429672134126
2388	-307.63438192085255
2389	-308.24567204203913
2390	-299.39134348771626
2391	-300.05188718096804
2392	-302.81953384945825
2393	-310.99856106965757
2394	-299.63269296018643
2395	-298.21384383453966
2396	-306.0303001697716
2397	-310.7111929389066
2398	-306.1874075554671
2399	-309.67269390018976
2400	-303.9211364782827
2401	-314.48230223871894
2402	-307.5211324631325
2403	-301.17136669817825
2404	-307.4485454515058
2405	-299.4735607585799
2406	-304.88719469189317
2407	-299.4494557546725
2408	-297.40671634155126
2409	-302.54130800858184
2410	-306.7130917445157
2411	-300.1997632048461
2412	-302.1212793815139
2413	-299.7755345630191
2414	-305.4851023233006
2415	-302.09835497478525
2416	-301.63310940042606
2417	-306.5650529659804
2418	-298.82846918806047
2419	-312.20850221095094
2420	-306.2184866189115
2421	-298.38653362693066
2422	-304.1080699339489
2423	-306.3958945320302
2424	-307.27315101924745
2425	-302.81654657423263
2426	-309.84679046587485
2427	-299.99749825475175
2428	-304.4316621949569
2429	-301.4192844157015
2430	-307.47133369662816
2431	-308.8840747064603
2432	-300.12579092592347
2433	-308.9440644867734
2434	-300.65558869741676
2435	-303.27479321881094
2436	-304.93120200506064
2437	-308.33161311427074
2438	-304.5244718681581
2439	-299.7968183619013
2440	-298.0282708493391
2441	-300.9315728646251
2442	-312.84910749303714
2443	-304.29468395730106
2444	-304.3689149097453
2445	-302.0207430824841
2446	-309.20886689316853
2447	-305.1669111429216
2448	-303.16644317053505
2449	-306.3398787784939
2450	-306.935136903652
2451	-301.7945330268314
2452	-309.7032754653099
2453	-305.0244515456555
2454	-310.8796132733653
2455	-306.8342124495799
2456	-306.9820487336347
2457	-305.9167158397621
2458	-304.73572230955
2459	-305.9810084323827
2460	-304.9581409315146
2461	-307.7757650273934
2462	-306.8318630319043
2463	-307.0190391831625
2464	-310.87588239082305
2465	-300.1505616923834
2466	-306.23786400171343
2467	-301.8186999440781
2468	-305.28695017853306
2469	-302.88913450978794
2470	-301.00794064400526
2471	-303.4590199049664
2472	-304.3918935493963
2473	-311.19060678895164
2474	-305.6200223402736
2475	-305.5000931360772
2476	-305.4884765706916
2477	-302.0747495122489
2478	-295.5949870642036
2479	-296.91855193602896
2480	-300.2816750360595
2481	-301.7269885915412
2482	-304.8297722676715
2483	-308.8841396029812
2484	-311.6221212712254
2485	-307.39132482447866
2486	-314.80884871296024
2487	-305.20680154023836
2488	-303.46234287232437
2489	-302.7658389700678
2490	-307.05370878591117
2491	-308.13824821160995
2492	-306.8841621596848
2493	-307.92845736677845
2494	-310.6520812314015
2495	-306.99950407271336
2496	-310.31741108362615
2497	-304.35592804588975
2498	-306.54636753804573
2499	-301.6772873930436
2500	-309.7624659363799
