1	-301.2679913095548
2	-304.1925294497691
3	-298.5263166032872
4	-300.3825968644979
5	-302.4128829926822
6	-300.3840556874561
7	-311.3628458916122
8	-301.8670490996302
9	-297.1116197944472
10	-306.0596973277503
11	-300.6205184656709
12	-309.2989412129816
13	-301.65283632073334
14	-298.51690450996756
15	-297.19733737395876
16	-305.8080540633751
17	-307.63074028120474
18	-299.80579209196367
19	-305.5430035437231
20	-304.43708267882477
21	-303.77286781815445
22	-302.584358441781
23	-305.2826764279494
24	-303.62360902309166
25	-303.1132591019929
26	-300.6838540789716
27	-307.2616320539515
28	-306.0967017507847
29	-301.80069632022025
30	-300.82445274647745
31	-302.59330051102955
32	-294.1930781124491
33	-301.400071640617
34	-304.433897164735
35	-298.55180473985695
36	-304.58761031487217
37	-306.03562822331793
38	-300.9913640983452
39	-301.0371073836478
40	-302.7928957502202
41	-303.09814834257685
42	-300.9874402097488
43	-308.1419636862578
44	-304.5032613316873
45	-298.8768898115612
46	-302.4273076491163
47	-302.39483104623594
48	-301.6085997263153
49	-304.282500876241
50	-302.51231688323304
51	-303.3037692368488
52	-308.07030162552417
53	-303.2682674312681
54	-302.70048960465766
55	-309.32883508098246
56	-298.36290000047927
57	-301.3301727061227
58	-302.6285010229678
59	-307.6771073233654
60	-302.65160001617767
61	-301.8584969213355
62	-307.478971125684
63	-309.8904132138527
64	-308.7113867219114
65	-301.3586351105255
66	-302.40483388556174
67	-306.62507045375554
68	-303.30815900820124
69	-300.4758209412059
70	-301.36510000000334
71	-304.5843966972741
72	-300.1919000043571
73	-305.5178640319194
74	-312.35840922189215
75	-307.82700137553
76	-295.92290393503606
77	-303.6713843824151
78	-300.8050531543444
79	-305.5927001181068
80	-299.4364083846904
81	-302.87169276547024
82	-308.79282425120647
83	-301.2440706587203
84	-306.87520260017817
85	-301.16575817537205
86	-301.44430449768987
87	-304.95930020196187
88	-302.80904961466894
89	-308.23479570989116
90	-303.4532000484251
91	-306.1647884490656
92	-309.3315285210562
93	-293.1096389043132
94	-306.6713399654472
95	-304.88516312309486
96	-303.2541522900638
97	-297.39432350261205
98	-299.57268237142335
99	-310.1199563738444
100	-305.26496885746946
101	-302.5606109250346
102	-303.2010700499676
103	-305.01930006129743
104	-310.74781278005753
105	-307.0850845328381
106	-306.4510803080639
107	-309.51496317321556
108	-297.1557112662489
109	-300.69784813996466
110	-307.6313791815119
111	-303.1922370312378
112	-306.04031535374276
113	-305.2031611900292
114	-302.00391881109664
115	-294.7183000884491
116	-303.28197694817345
117	-300.8436439261848
118	-309.88233362556304
119	-307.1492708502976
120	-306.8091439260909
121	-308.3454718760681
122	-302.77900000009606
123	-296.79110581049656
124	-304.06940767211137
125	-307.5829414141794
126	-304.2993419207993
127	-306.2329415618955
128	-299.38640310106234
129	-310.61040623539435
130	-310.5309695321833
131	-302.156834549603
132	-312.2592688054927
133	-302.64506794645797
134	-302.1664080127272
135	-300.2856061188496
136	-298.83842912904316
137	-304.36897403219433
138	-301.8374807915394
139	-302.33169493926397
140	-304.8460158741225
141	-301.8725472520607
142	-304.9768089631685
143	-303.8163501470312
144	-308.14856412427054
145	-303.82456314750846
146	-297.39375564609503
147	-305.1272071936489
148	-309.93391471915197
149	-306.73
150	-304.49873788590105
151	-296.9707000000001
152	-301.08508991301346
153	-304.24378055571367
154	-304.73779509764177
155	-305.4359477049387
156	-302.12286058704046
157	-305.7402715455355
158	-306.55781431075263
159	-306.73375658544734
160	-305.7614510397717
161	-303.8504514354423
162	-301.0522051398041
163	-302.9670062693735
164	-305.8081205471064
165	-304.61318670118266
166	-307.10689740318594
167	-305.0909657878162
168	-305.93423725602185
169	-303.29789515420765
170	-303.9435080612464
171	-308.9805273160822
172	-304.42535359698735
173	-302.50206045894413
174	-299.9394927952895
175	-302.4603481960068
176	-300.97830343475414
177	-306.58210185701944
178	-303.09419818297465
179	-305.7539530938011
180	-305.94329149916825
181	-303.2536313343727
182	-309.90200001694774
183	-305.1572451636633
184	-305.24736032101674
185	-311.39610552855413
186	-307.28086989924816
187	-302.51768917246517
188	-303.0781800910645
189	-304.6003928028047
190	-303.15630772567897
191	-303.5926125465384
192	-307.7783320804172
193	-297.69176953074253
194	-298.93496003560637
195	-295.65779679919405
196	-298.0428440427442
197	-306.35774375927673
198	-308.31430790131895
199	-306.46989020764306
200	-303.5575142519535
201	-302.1539973205806
202	-303.3608169021477
203	-301.84634305955075
204	-305.0857250707582
205	-303.3246603880049
206	-302.8148945552711
207	-303.1116571309478
208	-300.8304266114795
209	-305.7905683846798
210	-300.91147431764006
211	-303.7545954679549
212	-304.2791249194365
213	-305.89434981434204
214	-306.7764193921668
215	-307.12230780401563
216	-304.3137934018982
217	-304.45093282352605
218	-305.51235110622497
219	-307.15666495160207
220	-303.00440359279713
221	-307.6808146129362
222	-307.67818960027813
223	-306.9362401329192
224	-302.4762998313849
225	-305.0215364471456
226	-300.25923470119517
227	-302.86901344423876
228	-304.6330603932578
229	-306.833946744949
230	-306.76405432795633
231	-304.8379987903173
232	-309.11732688868807
233	-302.61696317431574
234	-304.2600490063587
235	-306.3994564404771
236	-303.31389856721387
237	-304.47932698009237
238	-303.9172
239	-305.22807396113177
240	-302.1224319229552
241	-307.81630569255486
242	-307.06012287559133
243	-306.50020429577353
244	-302.084804196835
245	-304.5911816693125
246	-304.15751440377704
247	-300.59092531684905
248	-304.37595811225094
249	-304.68955002623795
250	-305.0922179830319
251	-307.3308271532698
252	-304.4881390128956
253	-303.6956365812972
254	-308.0709197634911
255	-310.2436420143397
256	-302.84351476128467
257	-297.84377037883496
258	-300.542952246503
259	-302.83743209477734
260	-303.24746234183016
261	-303.9139458153799
262	-299.57803765764385
263	-305.1713130767392
264	-307.8380851328898
265	-307.1604063887393
266	-301.77542393314275
267	-302.1662858126039
268	-303.43191983589594
269	-301.0202716584279
270	-305.8126457305071
271	-305.0799626989194
272	-301.1697596361393
273	-306.21384664802207
274	-301.8541217024485
275	-304.75713197826013
276	-303.64055211519764
277	-308.671441879478
278	-308.62508466177945
279	-305.05517786269627
280	-303.46545269417635
281	-304.4811915265585
282	-304.5831329287613
283	-306.64811968001885
284	-299.3534312925026
285	-304.01776670636644
286	-308.05871983017033
287	-306.2530423992906
288	-303.023797644294
289	-301.4716431205878
290	-304.094591009801
291	-303.5863445805267
292	-305.0920002168935
293	-304.9153498755742
294	-295.90839350523265
295	-305.5840480331845
296	-300.5897518153828
297	-303.6486584656812
298	-303.9541702343931
299	-299.90690093934916
300	-298.8937971027823
301	-301.9887722882547
302	-302.20040349297324
303	-301.3945399668316
304	-309.91166477912327
305	-298.74315123016225
306	-297.97923149126905
307	-308.20542187998456
308	-307.83227399556665
309	-310.62147381673395
310	-305.33890468776934
311	-297.28657257350454
312	-310.15543199136937
313	-298.79888112347885
314	-304.9580324881716
315	-308.0195989493881
316	-303.3297147757165
317	-301.2318650901751
318	-304.8566583405943
319	-304.5582921436004
320	-304.8412096082404
321	-295.950049243381
322	-297.42809728181214
323	-306.16482251085574
324	-303.30864226238805
325	-302.92440295748037
326	-301.91809468571154
327	-295.3617632943828
328	-305.46316853761994
329	-294.35334842308026
330	-302.65032468479933
331	-306.4615057383329
332	-302.55459517169504
333	-301.0595952810671
334	-304.7852026005623
335	-308.79187847402295
336	-308.29698918376613
337	-302.56878161944803
338	-302.4082606236229
339	-310.76626489544657
340	-303.9649843832384
341	-310.92758473958037
342	-303.4314828665544
343	-300.8032310684248
344	-305.6304282881382
345	-302.6046731597184
346	-307.51513464970014
347	-305.9445092931815
348	-300.5757499591659
349	-302.07892864236055
350	-300.3436455380254
351	-304.4212097302926
352	-300.52434763388896
353	-303.39056068861856
354	-305.83131533058656
355	-309.1051596981064
356	-306.3343568341375
357	-310.9011911997474
358	-301.94533784359817
359	-304.5141358236502
360	-307.41911695323824
361	-306.0768091974612
362	-302.1684358648341
363	-308.89244276769386
364	-308.99909238006524
365	-308.98243675617465
366	-298.42207771594957
367	-305.28791988800054
368	-305.89380138721083
369	-303.37787700696526
370	-308.8917614986626
371	-308.61705292520804
372	-308.1191391356081
373	-307.1154668377251
374	-306.29458124611006
375	-304.13677429519026
376	-306.88813457851495
377	-299.6132659255016
378	-308.7052071327278
379	-301.67071050999635
380	-308.5027823983423
381	-305.80945366731567
382	-304.4427343838055
383	-305.47625857283856
384	-311.24966254244055
385	-300.21991666672034
386	-305.1715682491515
387	-300.62177888915664
388	-306.5428328643138
389	-306.8449369681909
390	-309.65310640112887
391	-312.53101455609766
392	-304.6965883987041
393	-302.20058554447485
394	-307.37088143970175
395	-308.2706061135513
396	-309.8459779558952
397	-309.7814522368482
398	-302.40086825758874
399	-314.5886155841496
400	-310.3901757912641
401	-304.8878473746559
402	-312.33645595779797
403	-305.50939818320074
404	-310.955084763673
405	-306.17326695575787
406	-306.8999768390184
407	-314.15400205126923
408	-304.79298832960933
409	-305.98838798601423
410	-312.4734415825846
411	-309.32399353700305
412	-299.65531773091556
413	-305.3115731751405
414	-306.3837131818756
415	-305.1401011458319
416	-306.48781049456596
417	-306.37948244673714
418	-309.42196682427783
419	-313.44760908146407
420	-303.0986036209916
421	-304.5386984358342
422	-295.7077133987461
423	-302.5141270167835
424	-310.89867887578896
425	-306.49086119046467
426	-302.5573
427	-294.91100001518254
428	-303.41620031358394
429	-303.3929301865704
430	-304.0814517883787
431	-303.60357557419144
432	-300.79228613680255
433	-297.0827
434	-302.5229796058618
435	-305.20459460289874
436	-304.6591369568113
437	-303.26765042748934
438	-298.22132196418215
439	-296.79422591184505
440	-295.81942945653617
441	-303.49361846891634
442	-299.80294765879165
443	-304.2774312767285
444	-305.71557052622376
445	-309.62990241460335
446	-300.75118832362307
447	-306.37100363913146
448	-302.3950000000001
449	-303.4634773781653
450	-303.5044097836064
451	-303.44182336233547
452	-297.83533085999426
453	-301.9494236286562
454	-304.9214158693379
455	-303.18628739684243
456	-307.38364357159685
457	-302.6501579952187
458	-306.87105534792823
459	-304.19710478754473
460	-304.6739734507472
461	-306.4445150828884
462	-304.7154258289932
463	-306.44325504049806
464	-301.2946760308158
465	-306.5921198377298
466	-302.0998237542195
467	-302.1588383600677
468	-299.47600896620156
469	-307.90658629726056
470	-299.40785751845425
471	-303.4225675456414
472	-302.6796962319258
473	-308.10663098876995
474	-309.447871496619
475	-309.045686078618
476	-307.5133067112626
477	-305.66752558223715
478	-307.5554729968012
479	-311.45837605264114
480	-309.6175501510634
481	-308.0470621391608
482	-302.357479884638
483	-303.22224311567874
484	-308.55414810347463
485	-311.2606731032764
486	-303.274051680582
487	-307.0458387349365
488	-308.79049494917496
489	-306.07792499494695
490	-304.29260136559895
491	-304.2195000000935
492	-305.03168495575545
493	-301.51640840558156
494	-297.3426019715161
495	-301.19993537327616
496	-309.7301248594074
497	-310.9879986295592
498	-306.4912293051051
499	-310.7848955455111
500	-300.1157014012
501	-302.7649673308761
502	-303.25700463961795
503	-293.26811229531995
504	-300.84164825694893
505	-303.45733139226536
506	-304.4326423287899
507	-304.3145825919804
508	-300.2767431809358
509	-306.16663146627735
510	-302.95574021603
511	-300.61033356131844
512	-301.52702531691494
513	-305.91784912635313
514	-301.57013208292005
515	-304.3005849251587
516	-305.4728778825762
517	-302.90833916955575
518	-305.079951021453
519	-304.3016000008317
520	-299.91472194314036
521	-303.5854514394636
522	-299.67960374187606
523	-299.89924150732867
524	-302.1194945503444
525	-303.9938000162091
526	-304.42881182203104
527	-299.02953797980166
528	-302.5747180053049
529	-303.0285068585688
530	-305.98221428862234
531	-300.6143521546077
532	-304.85175691194087
533	-300.7130486517351
534	-300.88558699945213
535	-302.4785548900858
536	-292.624900006627
537	-310.74513622921944
538	-301.436945537557
539	-305.4835614713801
540	-306.399293235766
541	-304.15343412289195
542	-305.9739017429289
543	-301.6003603879533
544	-302.18909765122913
545	-310.47474972005864
546	-308.220658158022
547	-302.69967612051704
548	-302.16873356462526
549	-306.895181426272
550	-305.5958646377347
551	-303.2173685708509
552	-308.7977590437684
553	-306.59336727468263
554	-306.036798036869
555	-307.6163576897028
556	-297.3066651679902
557	-304.47091831811133
558	-299.95155767794495
559	-306.0751604551642
560	-304.11220470327726
561	-298.3266409882997
562	-304.3824201445133
563	-306.41034194558637
564	-304.83866591301745
565	-306.24834044522794
566	-305.9370030355127
567	-305.1903639338423
568	-304.94558112655903
569	-301.9857999000597
570	-304.71913846627444
571	-301.3025772255231
572	-306.59853742327977
573	-306.8108491214916
574	-303.48502781807576
575	-300.1407237856094
576	-302.7761568910607
577	-302.41886545987995
578	-303.95819752477865
579	-299.30573429743083
580	-298.840864425059
581	-301.4967843671784
582	-300.00891972033656
583	-306.4133602035938
584	-305.8827471511151
585	-300.396806773039
586	-300.52370245617453
587	-308.3609661878105
588	-299.338907045748
589	-300.7403246010269
590	-301.83763372226815
591	-302.08266152098236
592	-308.6861819165644
593	-306.74412832834724
594	-308.8087433378148
595	-295.64177148302747
596	-304.5115682597089
597	-306.76387859977024
598	-306.95466351891815
599	-301.852282760121
600	-303.1285898590008
601	-305.36234342447017
602	-304.9379561381485
603	-300.6646916489637
604	-301.0922206328854
605	-305.6861589081433
606	-306.46096829908646
607	-308.3062014564387
608	-305.89937257143055
609	-301.68881882500125
610	-304.67089178809783
611	-303.9468016832117
612	-303.29739798810147
613	-310.1733222676312
614	-302.9152646818003
615	-306.0995062264234
616	-301.8192788976949
617	-304.2805981647374
618	-305.08371896606377
619	-304.0745316472423
620	-306.5706999216014
621	-308.08997815056193
622	-311.2753652374932
623	-301.3005647240001
624	-300.1446456384086
625	-297.80563618235084
626	-304.56198512453557
627	-303.62807323609695
628	-300.1656385225254
629	-299.1082075440957
630	-301.1400211520893
631	-313.6075884724632
632	-302.0060542420432
633	-313.5913960948127
634	-301.23733305368705
635	-301.6844096868558
636	-308.21624027750715
637	-304.5827376294546
638	-306.1780985010131
639	-298.1674053498797
640	-304.6027364955464
641	-300.6142824385864
642	-298.03374769472487
643	-298.0927000004245
644	-302.5394799093172
645	-303.7531306363958
646	-309.3393402994219
647	-311.39920861095334
648	-310.16935682618373
649	-304.26040152561853
650	-309.0323304668
651	-301.4005407724681
652	-310.78184722345736
653	-305.6788815055965
654	-312.63860597868796
655	-308.00306497141884
656	-305.7854588106273
657	-303.20888807523113
658	-309.4454775264859
659	-305.3597950573932
660	-305.1324210919084
661	-303.6823040881254
662	-310.3515239065001
663	-303.9922729297899
664	-305.62815983547154
665	-308.24437484125576
666	-306.9360087511016
667	-306.0749540683919
668	-304.1381761603662
669	-311.72314384364364
670	-303.36047615608715
671	-306.9387621066048
672	-308.3185900135134
673	-313.2600030690135
674	-302.3466376883439
675	-306.90704026928444
676	-310.1036290301129
677	-297.0498121119064
678	-308.809927898941
679	-307.31300962223986
680	-301.6089965435026
681	-291.245907293095
682	-305.97995639280003
683	-303.497843436253
684	-305.7904574313643
685	-300.1588223778509
686	-300.4752786380925
687	-307.69088778895286
688	-298.729940539243
689	-306.9423717692423
690	-311.275668168402
691	-306.70894899633817
692	-302.92882010357704
693	-305.3595694218164
694	-309.01175286101505
695	-305.28740312716195
696	-296.5014507206019
697	-305.1289843215669
698	-306.8904584414724
699	-300.0809908035318
700	-311.83406561001226
701	-309.9715353785018
702	-303.8521433753403
703	-307.92702152398886
704	-297.4627191795154
705	-304.2734474668238
706	-315.0570546849805
707	-311.04041701076665
708	-300.15945529639225
709	-313.08882783155383
710	-302.7308784869015
711	-310.4958433858446
712	-295.3331011879985
713	-306.3082568391433
714	-305.00196391262546
715	-299.90797661368936
716	-305.15662876695376
717	-305.2394149535568
718	-299.9112886676081
719	-304.2317268896526
720	-305.44506572659486
721	-299.739459134501
722	-309.09244528362706
723	-306.78280727685865
724	-297.97089967319044
725	-304.9478114650255
726	-307.6911471875736
727	-306.9547239181668
728	-302.7212058928335
729	-305.5305986322614
730	-310.5672618269775
731	-309.88705710189214
732	-305.622683561619
733	-299.14756672097985
734	-301.95053488358946
735	-302.7067353443321
736	-308.8821109228684
737	-305.702610131922
738	-310.8898012066958
739	-310.70121143271405
740	-300.3238535794557
741	-304.9307162430151
742	-310.0625750554972
743	-308.59734573445576
744	-306.88989548583794
745	-307.57254899829036
746	-308.846621886727
747	-300.10519215192494
748	-305.3195751929743
749	-306.7132764723168
750	-311.1131283559084
751	-308.03004367925973
752	-309.6894457535226
753	-297.0577166179924
754	-301.6887532612223
755	-305.4479918194892
756	-305.5011226417129
757	-302.01484712806973
758	-303.8949737632802
759	-303.2854990061545
760	-307.6184734673606
761	-305.3657091851498
762	-303.3418426509339
763	-301.4124996057297
764	-312.8899160942096
765	-307.70394882642444
766	-307.1068803894829
767	-305.1602034922734
768	-304.665983396212
769	-309.00649795649053
770	-307.81570604118855
771	-303.9815170368777
772	-309.31731152380013
773	-307.62840884076655
774	-309.69715670999165
775	-308.9748433218648
776	-305.78390043566003
777	-310.6548099866527
778	-307.6810907499569
779	-309.56351630862684
780	-309.21477080392395
781	-311.42827690026047
782	-301.186070937081
783	-302.7900030783397
784	-308.28278657929053
785	-308.4723352408486
786	-311.3030617474345
787	-310.0017885552625
788	-305.1383105577877
789	-311.31329802480843
790	-311.79107043358925
791	-308.3305573368746
792	-307.00605591282397
793	-303.68662878926415
794	-305.5947827059271
795	-309.18959279456425
796	-312.8385123919092
797	-307.36350799896337
798	-311.9981083399687
799	-304.1165349294584
800	-304.26752764343286
801	-306.00415440934177
802	-311.10949531529
803	-310.27686641652826
804	-310.46523343030805
805	-303.9367402844637
806	-291.5724008942467
807	-305.4322808294349
808	-306.1132004705026
809	-306.56604602406344
810	-305.29211755588005
811	-307.1096848664079
812	-299.37202555466337
813	-307.91787129680995
814	-303.99134069077877
815	-308.8681853352373
816	-307.3272389769264
817	-313.43257592576344
818	-303.9948248671254
819	-308.4422841861056
820	-310.6501264937772
821	-307.11268871947277
822	-313.9576663098757
823	-312.84798536773707
824	-310.765696927074
825	-303.84657509516484
826	-303.3567969508077
827	-301.4250455693248
828	-311.65031821149734
829	-306.25036999785556
830	-308.12440981114156
831	-301.4337099991199
832	-310.75822308473886
833	-301.3148811243564
834	-309.2502931283145
835	-307.00656991632917
836	-301.6226804359236
837	-310.5463693327305
838	-311.22568020907124
839	-308.08499084497873
840	-310.3104103993852
841	-311.4368974454671
842	-305.3662163168913
843	-310.89482608561076
844	-299.9399950552362
845	-305.3089749387113
846	-306.7052405301077
847	-308.9487720685729
848	-309.5352949802707
849	-306.08633891091455
850	-308.9869234503012
851	-304.74171853795247
852	-304.41515803236405
853	-296.0241299344637
854	-303.57756447834515
855	-306.3500465865123
856	-311.5452936458244
857	-310.1727953870197
858	-306.19077978470415
859	-309.38698485433457
860	-314.9779313674991
861	-310.8626929415343
862	-310.00875744548057
863	-308.5205694189853
864	-301.4269542792436
865	-307.1453852028348
866	-303.08687086269964
867	-310.95469105146765
868	-311.47107560747384
869	-305.4793661778273
870	-309.87981697697194
871	-306.6593146873127
872	-313.43036000379016
873	-305.60313749553944
874	-307.1816370161037
875	-312.3990844346355
876	-307.9535358953981
877	-306.4602725634993
878	-308.8256355797129
879	-311.9784467820486
880	-301.76164248310585
881	-301.3896198307506
882	-314.478130566428
883	-303.9875422835465
884	-297.91756460891554
885	-309.7591912411778
886	-305.88426634412804
887	-300.2580044193569
888	-303.4095486128262
889	-299.6580385277138
890	-299.3234779359969
891	-304.25566893030157
892	-302.7603596013135
893	-301.3469416195458
894	-306.5894722892156
895	-303.111405224056
896	-307.6434440498291
897	-304.9746682320833
898	-302.69622638843583
899	-302.6397429979074
900	-309.6911382722057
901	-307.9494585766571
902	-299.86271168168355
903	-312.3783101407462
904	-301.4454058095811
905	-304.37338303693963
906	-307.47161072721593
907	-309.98282878020535
908	-303.2965106609915
909	-314.4110154751964
910	-307.76854522207145
911	-303.9041199488594
912	-309.8839303389519
913	-309.8526115591984
914	-301.2969405064898
915	-305.24056099394596
916	-308.08810020303264
917	-306.99791182625614
918	-310.3126447837358
919	-308.0607646657082
920	-297.735835063629
921	-302.4967557785184
922	-299.82420351060085
923	-308.7127528515701
924	-313.33460694497484
925	-308.5988725966553
926	-313.3281781521461
927	-307.81893589900125
928	-307.70539785785905
929	-305.5171692835755
930	-305.5095772592202
931	-302.4615071239721
932	-306.13546746259084
933	-300.2289642807095
934	-308.99370560178676
935	-295.4229561436134
936	-306.50959262476783
937	-308.9517481457429
938	-304.41139208757164
939	-312.48718206273384
940	-305.96754328223216
941	-300.8583226545192
942	-311.69358620675337
943	-307.1372055779189
944	-308.6726753651368
945	-313.5859277498544
946	-306.67979613524324
947	-303.6152890903811
948	-302.09692634181437
949	-301.8047431668118
950	-294.01310059610336
951	-299.3698845686013
952	-300.44600000065486
953	-303.06004897276057
954	-296.0722434823187
955	-305.8287435050795
956	-299.49155983658636
957	-304.8130138293411
958	-301.7462769829037
959	-306.92211416256634
960	-302.0267060504259
961	-303.1534436201952
962	-307.39375675025906
963	-312.16054200159454
964	-304.52266308099775
965	-295.2667479896856
966	-302.0105882616765
967	-309.98392958313747
968	-303.2900000009653
969	-305.28776695260035
970	-305.5937599586318
971	-307.1138505794485
972	-306.169345564309
973	-300.0409896845981
974	-299.34813997072933
975	-304.89366989227307
976	-302.45264207689485
977	-301.51111765722004
978	-304.0191266851238
979	-309.04928187700665
980	-300.79190437681086
981	-305.9128774311449
982	-307.6297648402455
983	-305.7710763441445
984	-305.50642391410946
985	-295.86203224872594
986	-299.952544157288
987	-302.2364521478018
988	-301.69916891164297
989	-307.1955349008268
990	-305.80555471039565
991	-299.4799927276449
992	-300.8692329775787
993	-302.4995212764449
994	-305.67794304191113
995	-298.19706168100623
996	-303.5992470803421
997	-306.8778664132118
998	-298.7258266719287
999	-304.7363979398887
1000	-307.8692309582802
1001	-300.76272502695383
1002	-292.9286185888316
1003	-299.17295815877327
1004	-295.0338
1005	-301.7277458282322
1006	-303.0828892173417
1007	-306.97276287710326
1008	-299.6915298460762
1009	-302.7608189523006
1010	-304.2408098362057
1011	-309.21489034868574
1012	-304.85467360137943
1013	-299.15441092528056
1014	-304.29335946481746
1015	-297.19766028574213
1016	-300.39153300304463
1017	-306.1933001085682
1018	-304.45293969786746
1019	-307.0941662783138
1020	-299.76148572868544
1021	-298.687663556017
1022	-302.1985951591298
1023	-306.9259036761497
1024	-308.0834319807783
1025	-307.6055460105683
1026	-300.3491
1027	-306.36893198193366
1028	-302.1483494511801
1029	-300.7978279233111
1030	-305.1547628322671
1031	-293.38230125296025
1032	-302.71175872226945
1033	-302.82046936169377
1034	-311.37043279995174
1035	-301.8987548410124
1036	-298.71899293659953
1037	-301.4838000000096
1038	-300.0805657280629
1039	-304.23028985118884
1040	-300.7225811909277
1041	-303.77200912717154
1042	-302.9925638218406
1043	-301.3708119743443
1044	-304.34186039548155
1045	-303.3434063761317
1046	-302.05946036042025
1047	-305.9182327444303
1048	-307.4078787146847
1049	-301.07075611033423
1050	-307.7286758909446
1051	-304.93388079743744
1052	-300.7793104594018
1053	-298.4377700400253
1054	-306.31365134068506
1055	-303.98704653862757
1056	-307.27799999999996
1057	-306.3551155435109
1058	-305.7784303178217
1059	-304.6779823001971
1060	-296.3006
1061	-305.7618251721887
1062	-304.0567149059273
1063	-301.64483339272067
1064	-303.8152718297397
1065	-306.8979364363445
1066	-300.4553270522788
1067	-307.0126190039496
1068	-309.68703340820394
1069	-302.80571313528685
1070	-305.7716513881384
1071	-304.9072117580531
1072	-307.73973554843764
1073	-305.43193528835326
1074	-301.2229228036318
1075	-302.8533122726544
1076	-308.52154806015255
1077	-293.76398964665316
1078	-306.4950798273755
1079	-303.0307924880955
1080	-310.7603364784352
1081	-303.06104570936697
1082	-305.1130001414544
1083	-302.86882992960705
1084	-307.574479242837
1085	-295.58137647001683
1086	-294.1690086787562
1087	-301.3446371410819
1088	-307.04532907291684
1089	-299.26081589407625
1090	-309.5795104967074
1091	-313.1888587645654
1092	-307.39441499700587
1093	-299.54226838145775
1094	-305.68829220397083
1095	-298.0404710248421
1096	-310.3768880783266
1097	-307.0297288000404
1098	-304.0831402427591
1099	-304.2338596465736
1100	-301.07034638823563
1101	-307.7760385302829
1102	-306.8987674693424
1103	-305.6721975642615
1104	-303.0835348434348
1105	-304.5936867527253
1106	-308.8728095560568
1107	-302.00718664786206
1108	-292.73876865088374
1109	-302.7828334154148
1110	-303.89977873488226
1111	-303.20534023300087
1112	-307.20854951921376
1113	-304.6721783864467
1114	-298.3436560538386
1115	-298.27485598896607
1116	-303.9888150117664
1117	-295.9342771619871
1118	-303.33052213574683
1119	-303.6353711170552
1120	-302.3325684510472
1121	-309.12869293745524
1122	-302.1514794585605
1123	-300.93606922602964
1124	-305.5942993386744
1125	-307.79503875641154
1126	-301.74129672828127
1127	-307.93439779140266
1128	-305.424717790741
1129	-302.9130927313411
1130	-302.4523848309479
1131	-307.034659416865
1132	-302.33492692179215
1133	-301.2314154471665
1134	-300.7730692366615
1135	-298.4912731867162
1136	-303.9138084831187
1137	-304.99623373464044
1138	-303.5345946092577
1139	-305.1578964695829
1140	-306.39985986667136
1141	-306.8582673998888
1142	-301.0686435860361
1143	-301.37592070462466
1144	-303.05040779828727
1145	-306.126965145157
1146	-304.71656475032023
1147	-311.3644184780992
1148	-293.5470596725613
1149	-299.49782767431014
1150	-299.49134173544735
1151	-305.5857001042471
1152	-301.5660290169512
1153	-304.67364738409293
1154	-302.52347019066553
1155	-307.84614174083
1156	-306.3523728954007
1157	-309.45897308940204
1158	-305.67374414938786
1159	-302.0268043883666
1160	-307.6787019712595
1161	-304.3502983125326
1162	-311.0962469697157
1163	-304.8101164302166
1164	-304.04605840824416
1165	-301.4142062367855
1166	-302.48246031424003
1167	-305.71753663122485
1168	-297.9385002793605
1169	-304.64722236346796
1170	-300.7524000001012
1171	-299.41244853218313
1172	-304.6913749346772
1173	-302.695666996232
1174	-304.1840283554559
1175	-293.9639670628604
1176	-300.2226078678155
1177	-301.65965287985676
1178	-303.27345849905527
1179	-294.7479867323452
1180	-302.0858097248891
1181	-301.15912165739024
1182	-294.22120375754463
1183	-298.18859235040566
1184	-302.23545894288696
1185	-300.86964138321514
1186	-303.7545601832971
1187	-299.6030043799952
1188	-308.3068938153239
1189	-306.3987279916008
1190	-313.8012104859949
1191	-302.07533813722233
1192	-299.1883804117095
1193	-300.1039839104743
1194	-308.53704585774545
1195	-303.4204282013413
1196	-307.729958974077
1197	-304.09485269417985
1198	-307.6740492431441
1199	-303.60687688498734
1200	-303.64617299200864
1201	-306.63113471164775
1202	-304.22350711475156
1203	-306.6341906806701
1204	-307.1354895602254
1205	-301.30752544707127
1206	-302.0418386007339
1207	-306.8683250590689
1208	-303.6264495555711
1209	-300.50577371032756
1210	-298.3572508028786
1211	-304.6139053037482
1212	-300.09536857450075
1213	-303.3766695336711
1214	-298.5029000590344
1215	-304.22164818362467
1216	-299.312598130213
1217	-306.91493008590504
1218	-294.9875117637812
1219	-303.6522319309963
1220	-302.0763537628023
1221	-306.1489611559181
1222	-305.2522270192632
1223	-303.00241949824084
1224	-307.94792285592234
1225	-303.1122193718818
1226	-308.71069714257976
1227	-308.2775316299679
1228	-293.9650639892151
1229	-300.0721222663744
1230	-304.07601841158527
1231	-303.9856612691678
1232	-305.8007916996435
1233	-305.42764546537086
1234	-304.0893811567911
1235	-307.1165964736593
1236	-307.0143357887133
1237	-296.41425396577137
1238	-307.7674498145356
1239	-302.32004593835245
1240	-311.9599633514699
1241	-310.49575548816074
1242	-310.37630495208356
1243	-303.34195762207355
1244	-293.9323470024905
1245	-304.54449841241797
1246	-306.62560003880674
1247	-303.9681184561096
1248	-306.07720575051974
1249	-299.4771019496736
1250	-301.8150000000126
1251	-307.5453793276223
1252	-307.14209999999997
1253	-304.5709244460312
1254	-297.66287647937116
1255	-302.6108125137594
1256	-299.0656614167752
1257	-295.8575922160087
1258	-307.1454587296312
1259	-300.9985177727352
1260	-297.6684035749873
1261	-296.0286591680095
1262	-303.5752337221642
1263	-313.5281736521654
1264	-306.4808462662936
1265	-300.2221736805234
1266	-313.25471191362783
1267	-302.2755900840248
1268	-295.33737124004836
1269	-301.66271382805866
1270	-297.97646214171294
1271	-305.0098829973544
1272	-304.8850424204686
1273	-301.3148305429546
1274	-298.9194891592826
1275	-302.5821484164069
1276	-299.405640371578
1277	-307.0434573361801
1278	-301.82868278397785
1279	-303.48690984534426
1280	-297.0918040096984
1281	-311.06236659396023
1282	-307.9566022281792
1283	-308.8137804962645
1284	-304.11120266661817
1285	-301.1168923601858
1286	-310.0920499587145
1287	-306.4552064434837
1288	-300.4349819495955
1289	-305.38887357361756
1290	-299.9295947880309
1291	-302.69435576020624
1292	-299.6825143301509
1293	-297.62082189756734
1294	-301.69109170202415
1295	-305.50743553495926
1296	-300.33865628345393
1297	-299.56743929965256
1298	-308.3899566575415
1299	-308.87185294356794
1300	-302.845325251722
1301	-303.9050107513149
1302	-304.38836544033705
1303	-307.25065702767944
1304	-303.95288183927715
1305	-301.12494045049954
1306	-298.9428627343655
1307	-298.7737421604387
1308	-303.04318472363866
1309	-306.7104101486506
1310	-300.94077585021546
1311	-296.8441940309675
1312	-302.98365817698976
1313	-307.79978359302993
1314	-306.4125782328624
1315	-294.0291514641165
1316	-302.2594648940692
1317	-295.06188461717073
1318	-295.89351032714137
1319	-306.03667630892676
1320	-300.3082130232034
1321	-305.3626093344468
1322	-304.1661660299107
1323	-297.5363179056249
1324	-302.52730251859094
1325	-300.16063856956384
1326	-299.63465632770067
1327	-300.43496999958285
1328	-305.02143632328875
1329	-301.63356501787126
1330	-300.23612725068904
1331	-307.3855623565076
1332	-304.92464904764876
1333	-305.26094479019264
1334	-310.0938773389866
1335	-301.85541497524673
1336	-300.20677619059643
1337	-301.0506572864733
1338	-302.5146640517137
1339	-299.0967192150735
1340	-305.67720620935546
1341	-302.2496409691206
1342	-300.29842031547327
1343	-305.5686285490354
1344	-302.68292172482444
1345	-300.0444000000005
1346	-298.86890380322575
1347	-304.475135640563
1348	-307.8775307175896
1349	-303.9026556950558
1350	-305.74498228371124
1351	-298.24348053887866
1352	-303.99964469169845
1353	-312.23396642407937
1354	-303.95386368999135
1355	-304.3158875810901
1356	-297.88838698107924
1357	-308.1750214760121
1358	-305.039619244064
1359	-304.00398136933893
1360	-301.5525310032763
1361	-298.1535687178593
1362	-292.8109
1363	-298.6631569119164
1364	-299.6522582080062
1365	-302.38682645161913
1366	-297.3746431953582
1367	-305.7008079750984
1368	-302.76844845937217
1369	-305.7101155876767
1370	-299.9394907328557
1371	-305.0233115153941
1372	-306.699079496792
1373	-307.8972310038846
1374	-306.7650255706056
1375	-302.4645277846838
1376	-305.2412569415617
1377	-297.11875874794083
1378	-299.58224314929515
1379	-300.7673121696652
1380	-306.6431472539455
1381	-301.02569933042594
1382	-294.0599623593827
1383	-299.7192815693619
1384	-292.9365952187765
1385	-299.73960000000005
1386	-303.82029843006904
1387	-294.833256564765
1388	-302.09393337943226
1389	-309.0541048867127
1390	-306.8171035685226
1391	-305.8733463203698
1392	-310.00092325122944
1393	-299.49088019511163
1394	-303.0913
1395	-300.0784224793913
1396	-301.64689197325254
1397	-306.0102087929192
1398	-307.8438
1399	-302.9994085496892
1400	-307.0456462559725
1401	-301.53904777312084
1402	-310.3752538601169
1403	-306.23262114402166
1404	-309.08431372537933
1405	-305.1589222006526
1406	-304.1265195194189
1407	-298.3192001961983
1408	-301.15930064741883
1409	-304.6887297293205
1410	-300.46749878394485
1411	-300.7361792952001
1412	-292.08744483068915
1413	-294.79202309841685
1414	-306.23049695832896
1415	-303.5198675839592
1416	-297.8774896249233
1417	-302.76252952233006
1418	-305.9700948167026
1419	-307.33932915686984
1420	-304.10816519224346
1421	-303.45604573373123
1422	-301.8241871263133
1423	-303.3160827296092
1424	-300.64203613306387
1425	-308.1918028587905
1426	-307.1910976381123
1427	-302.05782635935896
1428	-308.47300023212216
1429	-298.92760708151945
1430	-303.43162727542483
1431	-300.000453419514
1432	-298.0905000088098
1433	-303.6582106822793
1434	-310.01688983812176
1435	-295.62108738947717
1436	-300.1327000000233
1437	-290.8939490874251
1438	-295.32361588077475
1439	-305.8714564644182
1440	-300.0873575494654
1441	-297.5448358813875
1442	-303.4679190329395
1443	-307.50661029196107
1444	-299.0962046362787
1445	-301.91376476920067
1446	-304.6604977301697
1447	-301.77073480548154
1448	-305.621128165802
1449	-308.1572438896482
1450	-309.59637042017994
1451	-305.36013411608286
1452	-308.7475016676393
1453	-301.2107984067548
1454	-303.28906998976777
1455	-300.9117131754244
1456	-302.0605449654397
1457	-301.9966066407438
1458	-306.04639129175393
1459	-302.0206080009416
1460	-307.0853700370309
1461	-305.97310819899843
1462	-301.29696170834666
1463	-308.6151950040941
1464	-307.3322866910326
1465	-305.65515817072077
1466	-307.28651948829486
1467	-310.5815955684565
1468	-304.6374000022233
1469	-301.2799790026579
1470	-310.2432034705092
1471	-308.8033751919488
1472	-302.02320113940107
1473	-305.99780000000004
1474	-303.3547342694931
1475	-307.9006475065063
1476	-300.0378052857704
1477	-310.69752763337226
1478	-303.18212129081536
1479	-303.83945226660984
1480	-309.8914762145172
1481	-302.11205209717184
1482	-311.41518500693024
1483	-305.7249943285232
1484	-305.8868739132721
1485	-308.65362622129015
1486	-306.1712407736229
1487	-307.24811024663956
1488	-304.94673818256183
1489	-306.8532433813576
1490	-304.2914759330836
1491	-295.07902499103153
1492	-308.5538140920935
1493	-301.8930165258161
1494	-307.7466778852417
1495	-306.6545811512812
1496	-302.3653766864547
1497	-301.52310000000006
1498	-302.00606023781376
1499	-306.37382599032264
1500	-309.1319192005636
1501	-305.07198255141725
1502	-298.4266084373731
1503	-305.74935418588666
1504	-305.7452742670254
1505	-298.81150000000025
1506	-304.5411534469261
1507	-304.2666549145878
1508	-307.1655835092742
1509	-298.17566491210385
1510	-299.5444520267459
1511	-307.65647791548065
1512	-300.66843196131146
1513	-308.44919197616997
1514	-309.2736076544539
1515	-307.223866477083
1516	-307.15640917510575
1517	-305.40625848318354
1518	-299.3834785509068
1519	-300.1890271763006
1520	-310.4375467660214
1521	-304.7843711919059
1522	-304.77085884028634
1523	-301.77643872615977
1524	-312.14092696936433
1525	-305.69511062347055
1526	-304.69804538911336
1527	-309.5319006485207
1528	-311.1713716652971
1529	-296.85161510175084
1530	-307.85328023376996
1531	-300.2579053678807
1532	-309.38190320424496
1533	-310.7889789479573
1534	-301.20420570489944
1535	-301.3577788424738
1536	-296.9233228041039
1537	-299.05991817760895
1538	-300.1178525456508
1539	-303.56850000000003
1540	-310.20590964254825
1541	-301.46363663922546
1542	-306.0562307892108
1543	-304.914688913962
1544	-306.94504725425975
1545	-305.4671431807998
1546	-302.7141294886454
1547	-301.78503862309753
1548	-304.78997118984654
1549	-306.02791446281213
1550	-304.93013061173895
1551	-298.65491777726896
1552	-296.99526439234444
1553	-300.2826
1554	-294.118376776774
1555	-300.57403143149816
1556	-294.212514395724
1557	-297.37208288414524
1558	-301.1917086861922
1559	-303.4333504776506
1560	-303.30625985542594
1561	-300.62718425929614
1562	-302.5581264469241
1563	-307.8576243389177
1564	-302.6255094630568
1565	-301.7322616066615
1566	-304.97634073809576
1567	-300.9868441615343
1568	-297.29521765104226
1569	-304.338007768299
1570	-298.4137891204325
1571	-306.44476467387693
1572	-309.49803915976753
1573	-310.3517501953627
1574	-304.8504637934232
1575	-295.82751706076635
1576	-307.7890874268119
1577	-305.7299571293066
1578	-303.3970361741845
1579	-304.8723114114468
1580	-300.48762322820613
1581	-306.17944369398833
1582	-302.2626857609395
1583	-299.96268345108444
1584	-296.5168943794921
1585	-308.6958901914508
1586	-297.98582943724784
1587	-303.5063303015601
1588	-302.98321246744104
1589	-307.48870676796463
1590	-300.2584123291094
1591	-298.0644412929732
1592	-298.63130905631056
1593	-302.2745485299323
1594	-297.994069615148
1595	-302.21072186929223
1596	-304.28369139021964
1597	-303.60623926580246
1598	-306.7944728718736
1599	-303.78194282640294
1600	-302.71684057174787
1601	-306.08791814614074
1602	-304.7853720371149
1603	-302.93244814535205
1604	-308.62574039359674
1605	-309.2001167591442
1606	-305.69070292795936
1607	-306.34922363485964
1608	-298.27673674664396
1609	-306.57098987219234
1610	-302.4012798241447
1611	-304.2826386904369
1612	-301.92921253141594
1613	-303.74030000000005
1614	-297.73887591406583
1615	-299.7135968591389
1616	-304.76713094525576
1617	-300.9228519433594
1618	-301.6941980764864
1619	-298.7112274646723
1620	-309.362831969163
1621	-308.2351128133883
1622	-305.2559447787838
1623	-309.2504856122775
1624	-297.48011110629295
1625	-309.14032526330413
1626	-300.70077729917455
1627	-306.04465312657237
1628	-299.0341043987781
1629	-306.3061512776367
1630	-301.2881222347195
1631	-301.11902615220123
1632	-303.14862530086424
1633	-300.7953
1634	-302.74680241735047
1635	-303.50447915371166
1636	-298.5265053116115
1637	-307.64393694258763
1638	-307.3144983880889
1639	-299.9523708626222
1640	-298.59279988328984
1641	-306.5132130377131
1642	-303.1825461105097
1643	-298.8291252431493
1644	-303.6823712201835
1645	-303.09968950658254
1646	-302.4225508072516
1647	-306.0195298380332
1648	-302.4897103450153
1649	-305.18976545539266
1650	-302.06288898994535
1651	-306.30327463207635
1652	-306.0383978155565
1653	-302.26186631448604
1654	-303.97228337089814
1655	-304.0545554834508
1656	-305.9184968755527
1657	-299.6414976901385
1658	-298.24701961417315
1659	-305.1875093021978
1660	-300.94467252900125
1661	-298.91587793357166
1662	-299.9504593703105
1663	-310.103624304682
1664	-309.6463794422989
1665	-308.12324323519033
1666	-304.1982432106093
1667	-303.1380840420623
1668	-300.64303845188044
1669	-304.9520999169039
1670	-308.9047027600897
1671	-307.009354213421
1672	-304.97209640929424
1673	-300.356132465604
1674	-304.86607140257166
1675	-301.35105414143214
1676	-300.80651577225854
1677	-305.85736410308897
1678	-302.8018499991372
1679	-305.03363177378685
1680	-307.2871116233007
1681	-307.21238449202906
1682	-303.81340442968053
1683	-295.05203269249176
1684	-301.5235607086242
1685	-299.6398
1686	-301.5011282595106
1687	-297.50270068829724
1688	-300.5119941521
1689	-293.2742641045285
1690	-307.80115098167096
1691	-299.8324000209081
1692	-302.2152151203149
1693	-301.8180952549383
1694	-294.66403029352085
1695	-303.1535509770813
1696	-295.60208553414947
1697	-301.1851453163591
1698	-298.6929981334083
1699	-307.37726044616034
1700	-300.06842919516544
1701	-303.86596850504264
1702	-293.61217317113284
1703	-304.68944492201865
1704	-305.2117769042187
1705	-304.5397825858036
1706	-309.95723630564345
1707	-305.6034827620388
1708	-308.71686778361396
1709	-303.657559630668
1710	-299.35419974868836
1711	-298.8781905056861
1712	-311.74271269605424
1713	-299.1137758714481
1714	-299.62989180744296
1715	-310.0189722855236
1716	-301.68491526866427
1717	-298.8751618106382
1718	-301.2648199122048
1719	-306.5053435570312
1720	-304.4504338490172
1721	-301.99033654851723
1722	-305.21960491076584
1723	-302.85732357467265
1724	-302.5918250375212
1725	-301.1196147095913
1726	-307.1797255934927
1727	-303.4513468988746
1728	-307.0168922670516
1729	-301.9112140235359
1730	-298.17744937642084
1731	-302.92713035304786
1732	-307.7808509102345
1733	-298.54061617303375
1734	-302.74067288243043
1735	-305.33584818255264
1736	-309.11715384562063
1737	-298.6602944733476
1738	-303.69009238856796
1739	-298.92627145645974
1740	-298.2851678001361
1741	-305.7488001089778
1742	-303.9820749372216
1743	-297.54732187542635
1744	-306.0432597919559
1745	-301.43990051635956
1746	-303.86432931140206
1747	-304.43823222837267
1748	-308.168812615612
1749	-295.40663319053243
1750	-302.7244679075872
1751	-301.9178013832321
1752	-296.43287665716883
1753	-306.78092201184575
1754	-305.6497695228142
1755	-298.2090000093317
1756	-307.91782348370396
1757	-307.8773861346208
1758	-301.36077151005827
1759	-301.8048662974988
1760	-301.51543842478077
1761	-305.5642876709556
1762	-306.3048406683151
1763	-305.00337612628954
1764	-309.93985697190317
1765	-310.3943954550237
1766	-302.9055
1767	-303.85771639224924
1768	-302.1330388875029
1769	-302.39698632943157
1770	-302.88735053268664
1771	-305.2026020829102
1772	-303.6329853551314
1773	-302.1725449637843
1774	-302.7638262625287
1775	-306.3894667033053
1776	-302.90748243066514
1777	-304.97579290072946
1778	-307.53642242066
1779	-309.2476678438148
1780	-303.6102907316576
1781	-303.6366736697516
1782	-307.9355567902458
1783	-304.84957458694225
1784	-302.7132248246119
1785	-304.14291515488173
1786	-301.9643656108496
1787	-300.0523697733523
1788	-307.89430004817893
1789	-297.802421004845
1790	-301.52490569899896
1791	-309.80006284821184
1792	-303.77953141464684
1793	-290.822700000357
1794	-301.0483091116869
1795	-306.2172062560214
1796	-303.6850404576182
1797	-305.566609355511
1798	-298.1873164540422
1799	-300.8150928029335
1800	-303.0146819470527
1801	-310.78541745152734
1802	-303.21101221944843
1803	-303.2079472219499
1804	-306.8608761133168
1805	-301.8108545443407
1806	-303.3970999054278
1807	-302.84990000048646
1808	-305.78199111120193
1809	-305.60492555038877
1810	-297.6884848177894
1811	-298.13977795136395
1812	-295.86567031237405
1813	-299.64615590214584
1814	-299.3715444251107
1815	-311.6908531099234
1816	-298.75928584162256
1817	-308.0227776920008
1818	-303.639680321701
1819	-300.90635236134733
1820	-303.91362314715525
1821	-301.7856910879057
1822	-302.9768000005727
1823	-300.8883514980962
1824	-303.9362585055004
1825	-296.98030681942225
1826	-298.939181083931
1827	-301.87018095562706
1828	-304.5689583390612
1829	-306.6468214458512
1830	-301.98361810692154
1831	-305.49148459947014
1832	-303.152900151923
1833	-306.92373219137124
1834	-306.2419136199883
1835	-304.125118799058
1836	-302.82778703654964
1837	-298.7494729208543
1838	-303.45888058367393
1839	-302.67082113855884
1840	-303.3786061609286
1841	-298.5158583581876
1842	-307.32524579135224
1843	-305.4321808725937
1844	-305.23872382512616
1845	-305.9871752296503
1846	-302.96049433907234
1847	-305.2442235278431
1848	-307.84720975789867
1849	-304.64294999285016
1850	-305.76400150259286
1851	-306.1608049662134
1852	-298.5515918384381
1853	-302.5264046822657
1854	-303.78331426963337
1855	-307.71075397230857
1856	-300.24617727088054
1857	-311.65529731972293
1858	-302.24540999761814
1859	-301.6359667035118
1860	-300.79767457737717
1861	-313.56727558450734
1862	-311.6818441206525
1863	-304.9085961973428
1864	-305.99904320636557
1865	-302.10623683421517
1866	-297.1747523673671
1867	-298.62587681455034
1868	-303.9270770349449
1869	-305.09622180899754
1870	-302.96580159450673
1871	-303.0550624333797
1872	-301.13043950145385
1873	-307.2049195836355
1874	-302.25984841958035
1875	-305.576690899426
1876	-298.29918068345205
1877	-302.857635682125
1878	-301.7624465447615
1879	-301.405328542568
1880	-300.04306941666806
1881	-302.75341048973445
1882	-303.15863839878654
1883	-302.0985248589843
1884	-293.21450066741977
1885	-305.36466864711997
1886	-304.38889752268767
1887	-302.07161590901694
1888	-300.27256777666275
1889	-304.5198962546154
1890	-300.23147148370276
1891	-302.0257691371294
1892	-301.1677414588332
1893	-301.8208421586639
1894	-305.74070899449407
1895	-298.8166827107706
1896	-299.6401540725176
1897	-298.1802521773135
1898	-303.40438484117226
1899	-304.6141558883622
1900	-304.1039057875987
1901	-307.60170042464597
1902	-298.93669234588504
1903	-303.597715241453
1904	-305.97875491177314
1905	-301.67821345009725
1906	-307.9151646416375
1907	-304.19292741029165
1908	-306.4041852239927
1909	-302.2552337022183
1910	-305.8704565601128
1911	-307.93696538859825
1912	-299.8422337898169
1913	-302.85354658709247
1914	-303.8037649841612
1915	-301.36163747794194
1916	-306.6396392684847
1917	-302.60040054740705
1918	-304.78984066582
1919	-303.2384715098098
1920	-301.94482914527043
1921	-307.27005062526325
1922	-299.065940134564
1923	-299.6708924182248
1924	-306.98175749925707
1925	-307.8352709392106
1926	-307.84463873927734
1927	-309.99984196317104
1928	-305.67916817890034
1929	-298.8858809898329
1930	-304.9213085642807
1931	-300.83882355800404
1932	-307.36086020747695
1933	-304.6495553972982
1934	-301.6138168234068
1935	-302.66566576286425
1936	-306.6599838226009
1937	-306.0627907659783
1938	-308.47308767826104
1939	-309.2588070658452
1940	-302.27378553789595
1941	-312.2952148409456
1942	-305.77392598117217
1943	-298.42243900152596
1944	-305.0555380209569
1945	-307.19377449987434
1946	-300.14511340928055
1947	-309.3176540386301
1948	-303.3891323563862
1949	-297.9476949207122
1950	-312.8398410894686
1951	-308.0049291622764
1952	-307.5389530480982
1953	-299.8525997629069
1954	-305.1883236982256
1955	-303.5148940201001
1956	-309.4056826004376
1957	-304.86030177908145
1958	-302.2921181605281
1959	-311.92599882829154
1960	-301.8460400366143
1961	-306.4627770027502
1962	-316.7834403535595
1963	-308.804915310219
1964	-308.77800091942913
1965	-305.1088648072835
1966	-309.34927155315074
1967	-303.48718357284594
1968	-299.68286835624644
1969	-304.51168746332115
1970	-300.2927158663014
1971	-305.71624131899887
1972	-305.9952133720538
1973	-302.8802627508972
1974	-302.16385587843115
1975	-304.0159205190323
1976	-306.5072003147271
1977	-302.66480619159455
1978	-304.5306773504327
1979	-309.99416033093263
1980	-307.4916003293932
1981	-302.7059415294393
1982	-302.2000481197858
1983	-304.71194805095274
1984	-306.2539732307512
1985	-305.73601669521696
1986	-304.0576414451686
1987	-302.34747532823593
1988	-300.761147289922
1989	-302.9673482422679
1990	-298.9769243293208
1991	-306.4352820094063
1992	-300.80850619169235
1993	-303.65992600488545
1994	-302.7355552686451
1995	-297.8491495204942
1996	-303.1209
1997	-305.0004998504161
1998	-306.12200218181516
1999	-301.50210637097774
2000	-302.1018472662333
2001	-305.94082212766244
2002	-301.18964744923267
2003	-304.48692290453914
2004	-301.8366562980897
2005	-310.8603443320876
2006	-300.59026071001574
2007	-309.368700782996
2008	-305.0220325969632
2009	-307.5199088342204
2010	-304.72582720810766
2011	-302.9381537506783
2012	-304.2796187717139
2013	-299.5214879935551
2014	-298.3222931979662
2015	-306.7896101090709
2016	-310.2233823481598
2017	-301.40992949629634
2018	-292.92090000092554
2019	-291.3496416183185
2020	-304.9438090456997
2021	-308.4592
2022	-293.83118368727315
2023	-297.2720276311653
2024	-293.28472566832244
2025	-302.0933667156519
2026	-301.5854
2027	-303.243740030937
2028	-299.5664547564684
2029	-299.8213884287228
2030	-299.9895845843914
2031	-301.1503573072578
2032	-302.42043370327553
2033	-306.06403114584987
2034	-303.49184281342326
2035	-305.28994453407887
2036	-301.4127461743369
2037	-303.6981962047935
2038	-311.5067074291446
2039	-302.57959654443414
2040	-305.4449297656655
2041	-307.7827118052178
2042	-301.6299466033155
2043	-303.6148131737844
2044	-299.21701607204614
2045	-304.58481806941285
2046	-306.9626927400246
2047	-303.3795273258826
2048	-304.66739228191733
2049	-297.4145614644448
2050	-302.53940001221105
2051	-301.46774797397745
2052	-302.9745773529184
2053	-301.4613276562428
2054	-304.13356036643273
2055	-308.8795423866139
2056	-301.48274397095776
2057	-307.6928926178312
2058	-303.7461250177948
2059	-302.14111221441266
2060	-305.1493204964121
2061	-308.64102627287764
2062	-303.58394168086556
2063	-308.7618877955354
2064	-305.39244220753244
2065	-305.0760720957144
2066	-301.0857443399469
2067	-301.408457497164
2068	-307.4617447085066
2069	-305.53643659874166
2070	-304.3016827286706
2071	-307.3755396574501
2072	-308.57760185554054
2073	-303.80835166139934
2074	-302.20113557591907
2075	-308.33767167001395
2076	-299.23296348052094
2077	-298.36932266356547
2078	-304.7490583045623
2079	-301.5459972550539
2080	-306.28297411687794
2081	-307.9073240951022
2082	-298.63359743719866
2083	-306.01845377365765
2084	-302.7738929356554
2085	-305.35658070933425
2086	-307.0020250105948
2087	-303.12612508018304
2088	-307.70728498385546
2089	-294.64779457391734
2090	-293.1920039066537
2091	-297.17040000000003
2092	-300.4519643595419
2093	-306.6009608047567
2094	-304.61841759240116
2095	-305.42752639964283
2096	-295.30797737101113
2097	-303.2894253692368
2098	-299.9727702238855
2099	-302.75621443471306
2100	-307.1086002312262
2101	-306.2524281488227
2102	-304.5524761274303
2103	-301.37968225773756
2104	-303.082271188842
2105	-311.4946506939367
2106	-304.6370357171154
2107	-302.2805428386584
2108	-301.21623897511347
2109	-303.18198878074554
2110	-300.4486576964129
2111	-302.15642364441294
2112	-302.0409345696632
2113	-303.79086864186803
2114	-301.85509006957875
2115	-303.7131
2116	-303.7539357360916
2117	-309.38772694016575
2118	-308.0083263904456
2119	-303.21954321699815
2120	-297.05399549078527
2121	-305.7741336042362
2122	-303.3728564628512
2123	-307.6060462488115
2124	-292.7794100393075
2125	-298.9827127698881
2126	-306.90929846495214
2127	-300.5764921509135
2128	-305.52944355914326
2129	-302.8562214320472
2130	-303.97110407682067
2131	-303.67748311199335
2132	-304.85288768892286
2133	-312.2299415191019
2134	-307.38364052435134
2135	-309.6177532103721
2136	-302.1059682369066
2137	-301.01327260956595
2138	-297.36087734404265
2139	-303.23417351163687
2140	-310.6467230734906
2141	-307.31401675801663
2142	-305.71334924559056
2143	-298.88050858300033
2144	-301.234000000377
2145	-304.26797155028584
2146	-311.278208784525
2147	-296.9149165021264
2148	-300.0310047347477
2149	-302.6113041430571
2150	-300.2803063069902
2151	-302.40390944570856
2152	-302.52456646547654
2153	-308.7978171477293
2154	-301.5037240100166
2155	-299.27580096036917
2156	-304.9037026034092
2157	-310.4648498520349
2158	-301.8446462830698
2159	-304.34654563767737
2160	-307.23262915504887
2161	-303.6473000000001
2162	-300.3241509533178
2163	-302.5399224516674
2164	-301.85489400438115
2165	-300.29271669731855
2166	-301.54835881547876
2167	-297.48527520808335
2168	-299.4559923902594
2169	-305.6855945579949
2170	-298.57724606163225
2171	-309.4689788434848
2172	-298.7455328887783
2173	-299.1805476979776
2174	-306.6960153350908
2175	-307.46967426079755
2176	-304.15993977795006
2177	-296.111370682841
2178	-300.9362000913354
2179	-307.566676418117
2180	-304.87949852595017
2181	-298.73330354560005
2182	-296.7902099305708
2183	-302.58521721302316
2184	-301.75600691443566
2185	-305.9157141909261
2186	-299.87207461340404
2187	-304.52836339473134
2188	-304.1851145987671
2189	-303.145716802498
2190	-303.1006481194079
2191	-306.3313176524648
2192	-308.89831908623444
2193	-303.4574371996336
2194	-310.92422873058064
2195	-305.6939411844933
2196	-302.964152517666
2197	-304.38384010521196
2198	-295.0571073103795
2199	-303.9612684411344
2200	-302.9039620147653
2201	-301.1428198367465
2202	-307.13680631924876
2203	-306.9659923159213
2204	-303.0655602609538
2205	-304.0031867493551
2206	-304.2161258750479
2207	-304.3456150001519
2208	-306.7967883797626
2209	-305.52619362582146
2210	-301.5278956550313
2211	-307.404220397879
2212	-295.4887043816951
2213	-302.6058328615165
2214	-306.73990579628435
2215	-299.5852969547501
2216	-303.7732960537441
2217	-302.1739522371462
2218	-306.6850760710067
2219	-301.02505822846723
2220	-305.3121905705481
2221	-303.7911339488135
2222	-300.3386236303919
2223	-298.6503944959075
2224	-304.2408871398253
2225	-304.02207294330657
2226	-306.2009457823877
2227	-307.93146770802514
2228	-302.9624715417214
2229	-300.4202391974575
2230	-305.85650311429333
2231	-302.7379576406412
2232	-309.6692229679221
2233	-299.4827798564052
2234	-301.35043201637814
2235	-307.3811421481301
2236	-304.9576128113385
2237	-300.94846022203456
2238	-307.2698783608312
2239	-305.64690793128324
2240	-304.2473534942468
2241	-297.92319486356007
2242	-305.9877432008765
2243	-298.8290472786205
2244	-300.70602873552417
2245	-299.68848241934177
2246	-305.95107443206086
2247	-304.7022945355797
2248	-301.77290039663353
2249	-303.3111720521399
2250	-303.0445808917562
2251	-300.9238003951647
2252	-309.5518525666955
2253	-299.22439575202077
2254	-302.0645816595525
2255	-293.528298739043
2256	-309.1922940381637
2257	-302.7178058209948
2258	-306.9989655919414
2259	-304.9315351091168
2260	-306.78921404976023
2261	-302.24300095824026
2262	-307.3428221337555
2263	-309.4962748440326
2264	-305.77857113256283
2265	-300.60908296937697
2266	-301.77272072484305
2267	-306.27047759172075
2268	-307.2858063577347
2269	-304.89576992621
2270	-309.0283783169938
2271	-305.81231075448846
2272	-308.87678144207666
2273	-302.357582837164
2274	-303.8251977035925
2275	-306.6058581260877
2276	-303.6040944197686
2277	-303.80222565848806
2278	-304.97776230154966
2279	-299.743519263306
2280	-302.7295232177628
2281	-299.4611904272169
2282	-296.4809691303347
2283	-308.69006012306966
2284	-304.76842117645856
2285	-298.6116833252633
2286	-297.9214048128709
2287	-304.3576857332903
2288	-309.3866492864942
2289	-299.6762471250323
2290	-301.93107684178284
2291	-301.02747064621286
2292	-297.37797023811726
2293	-305.84863481642685
2294	-308.1816948491444
2295	-300.3529780099955
2296	-308.810972400304
2297	-305.9970514108925
2298	-306.24688614212687
2299	-299.4018722314474
2300	-309.1463661137566
2301	-309.76044047808773
2302	-301.1035163122555
2303	-304.787555753118
2304	-308.0566731578736
2305	-299.2944699357487
2306	-306.1851116252771
2307	-307.0621044735747
2308	-300.20015795538404
2309	-304.6476667793272
2310	-299.81804103024564
2311	-292.29435490847163
2312	-305.0874952404297
2313	-304.57730482937654
2314	-299.1220230762244
2315	-303.2788175398572
2316	-304.42703231995677
2317	-301.23726078595996
2318	-299.2166217138686
2319	-303.72881931955266
2320	-301.9588574035334
2321	-307.509445853054
2322	-305.9034710224983
2323	-303.1229110207016
2324	-302.7060331675021
2325	-301.46718533932557
2326	-296.8640310564326
2327	-305.4217952754463
2328	-304.54658556048383
2329	-302.5808595426141
2330	-300.8890428101993
2331	-300.9475334393511
2332	-301.16970985127244
2333	-310.1356130487793
2334	-305.62261121554394
2335	-302.3350085467012
2336	-302.5648020959101
2337	-307.60792033371126
2338	-302.8539062116829
2339	-304.6950437161456
2340	-298.68912070666534
2341	-305.34920000881107
2342	-300.4200029655859
2343	-301.25795971974134
2344	-300.0748923676448
2345	-304.56455599165713
2346	-301.79800459990423
2347	-311.60407579039514
2348	-302.1595682027453
2349	-299.634835257734
2350	-299.79556336983234
2351	-306.23396266049184
2352	-305.0873547290069
2353	-306.86864647924364
2354	-305.03831495965005
2355	-306.22243516024
2356	-306.09090301485134
2357	-310.3365324418492
2358	-305.67055372010645
2359	-298.6466930224781
2360	-305.79015236950084
2361	-305.9007352215094
2362	-305.32341650924474
2363	-307.3973446849236
2364	-299.6361065795197
2365	-303.1635437137028
2366	-301.5871613042596
2367	-309.8653941516053
2368	-306.5637228371998
2369	-306.8135487380996
2370	-306.19951571918426
2371	-306.50183631778566
2372	-303.5370901507101
2373	-302.0080368121588
2374	-308.2418372664833
2375	-302.9429750792715
2376	-304.0430039561605
2377	-296.9307370193309
2378	-306.80468615609493
2379	-301.005010046559
2380	-305.2694968938339
2381	-301.2531378001914
2382	-300.2803461211098
2383	-300.9720047521769
2384	-302.34689835241863
2385	-304.07823356856824
2386	-306.6582644552027
2387	-308.6864013854484
2388	-304.1719576560036
2389	-308.11779964498623
2390	-310.17324617538463
2391	-300.56478552401364
2392	-305.77717748257817
2393	-307.6495985296665
2394	-299.15647247135405
2395	-302.8472699350105
2396	-303.7280172323338
2397	-303.33121697478936
2398	-301.29171042077814
2399	-301.90397811055556
2400	-303.25218855853944
2401	-309.9393443612238
2402	-307.3419472662893
2403	-305.06117858798905
2404	-309.1181665909591
2405	-304.3463397586776
2406	-303.82914744593677
2407	-303.71010306426376
2408	-304.0355321193247
2409	-300.3619604354013
2410	-306.847182222547
2411	-302.421332048417
2412	-304.66309743618007
2413	-304.3853527151579
2414	-311.0818516955141
2415	-308.01577765167673
2416	-304.4950921146846
2417	-303.2862744381896
2418	-305.43840500836455
2419	-302.0145542392479
2420	-306.0038058284298
2421	-303.43555638118227
2422	-306.3838394681109
2423	-301.00511327950613
2424	-303.22118793646746
2425	-309.2236831569116
2426	-306.7659477728351
2427	-304.24411421958587
2428	-305.95769850157734
2429	-304.8427695248686
2430	-306.4428122762037
2431	-305.50286259796013
2432	-303.75905813024593
2433	-303.98353128505937
2434	-302.7672742246658
2435	-300.0183378340717
2436	-301.0692593128468
2437	-305.104101557141
2438	-298.8351778579415
2439	-302.7097322630879
2440	-306.809511181622
2441	-304.58214255162454
2442	-305.57213833857486
2443	-300.4478149925062
2444	-304.37862166368427
2445	-304.27302441859206
2446	-305.93300965802996
2447	-300.9324951476417
2448	-302.8501031256422
2449	-299.9383741576269
2450	-301.7860953669471
2451	-302.4388097800803
2452	-305.2036332838538
2453	-305.9191596432606
2454	-299.3117671985623
2455	-298.61573726869364
2456	-300.1065458907914
2457	-303.8541974036188
2458	-300.29687842235876
2459	-302.41316944438876
2460	-308.18271301044086
2461	-300.0280337976298
2462	-303.35004826549897
2463	-304.3971441909015
2464	-303.91090614815494
2465	-297.5758178151181
2466	-307.7825944145213
2467	-304.1936001008454
2468	-307.2109797031905
2469	-300.908725488286
2470	-304.7872374283793
2471	-303.65908044731214
2472	-306.9678522586021
2473	-302.00733176111254
2474	-301.3214304910675
2475	-299.9678312263934
2476	-304.48560242510064
2477	-308.96121868728846
2478	-294.87615737463113
2479	-297.10193776448443
2480	-304.26792851387114
2481	-304.31240999458566
2482	-307.61443555625823
2483	-306.9289466875773
2484	-305.01013043808234
2485	-300.81959799626173
2486	-305.25295968801504
2487	-307.39345744870474
2488	-311.0079678925272
2489	-297.1056461312086
2490	-302.75764633312826
2491	-301.9524087342393
2492	-307.5137362340509
2493	-305.11187453488816
2494	-304.46695094639256
2495	-299.1886169501371
2496	-303.1056687357993
2497	-303.4059865974723
2498	-304.04810197440435
2499	-302.60061287676143
2500	-310.7648049088622
