1	-302.3294235976755
2	-298.85389916669595
3	-295.97775493601534
4	-302.46560923454524
5	-303.28636298281504
6	-304.6018075105744
7	-308.04181569503777
8	-299.44360116889374
9	-298.626783098997
10	-305.7623972708948
11	-305.9933333011876
12	-300.59412985181206
13	-301.7150504354739
14	-298.90798065216717
15	-303.7067243449772
16	-298.65187409902313
17	-306.94831482365987
18	-300.1481783583195
19	-309.01377758329994
20	-305.67307393929565
21	-303.55500770184756
22	-298.8818467432771
23	-305.9393927256393
24	-301.34823641732385
25	-303.1834156949736
26	-308.63682333816234
27	-304.94621801752305
28	-300.9444025668348
29	-303.40108405325327
30	-305.17282277756675
31	-307.91561422086625
32	-300.2033986447957
33	-304.14272490105367
34	-296.9993131959997
35	-296.0531301180105
36	-297.5361528472759
37	-305.4022473291851
38	-302.19935065934965
39	-304.2565717619228
40	-308.86203823387433
41	-307.92163185033036
42	-304.9097143566343
43	-306.1806534487671
44	-299.1559870187305
45	-307.25200808158854
46	-301.17152694127566
47	-304.2705870008895
48	-301.88889814055824
49	-301.8128201195638
50	-305.66641795364643
51	-303.1762950457921
52	-302.1952299772019
53	-302.9899206185269
54	-309.320128130077
55	-309.2959782426082
56	-301.9995555327663
57	-308.2342116231788
58	-306.90226273803955
59	-301.3470032485412
60	-303.2630397339257
61	-299.8299359067912
62	-308.19345059713487
63	-303.3869180948607
64	-302.9293714322435
65	-300.8331927402103
66	-298.933930758519
67	-299.2854199808901
68	-300.2090698556749
69	-309.8152628889617
70	-301.6593330490325
71	-305.85934320974405
72	-303.02320811509435
73	-303.25224976284113
74	-308.90936139608806
75	-309.4982209342268
76	-301.0139376075391
77	-313.6295997881546
78	-297.67561006030724
79	-304.35455290588254
80	-309.49554311742463
81	-303.62135149949967
82	-299.61730820407666
83	-310.0523709728645
84	-305.60884674977035
85	-306.0772174845787
86	-303.8279885740578
87	-292.87564890052715
88	-305.98173881864125
89	-307.02973605076676
90	-298.9993131003807
91	-299.17465927415293
92	-302.58220452626523
93	-299.4448421760946
94	-297.6567337595553
95	-306.1494028499021
96	-300.4261354260198
97	-300.24820058002103
98	-305.5544749151297
99	-307.72659654012625
100	-301.3773
101	-305.146468423681
102	-302.97084048710354
103	-306.3033073351405
104	-305.39115374828714
105	-302.0553419532456
106	-301.7071879984949
107	-302.4157959876872
108	-304.6006219857518
109	-301.0885556121831
110	-299.25503577904954
111	-301.3414232715524
112	-305.2354774888518
113	-299.0688079958732
114	-304.525259517218
115	-308.27249320366667
116	-299.57529146578
117	-305.78716658199284
118	-298.08897252324067
119	-304.35813015948037
120	-308.53778502610743
121	-308.5487557303086
122	-308.1295608102377
123	-305.08563124570793
124	-302.6752157300749
125	-301.3761321134272
126	-299.7842059555628
127	-301.36381125290427
128	-306.64152911547126
129	-306.6130382619991
130	-305.9735353258151
131	-301.6202285827605
132	-305.3687100038576
133	-300.7637605401842
134	-305.0282249134018
135	-301.16604224250904
136	-307.2947934603426
137	-302.66378554720666
138	-302.55191952738033
139	-308.4348066612536
140	-299.42089106507336
141	-298.9164802714071
142	-299.4255072704913
143	-301.5906583379562
144	-303.7662773475634
145	-302.84979882924966
146	-301.362648451664
147	-300.8390408055496
148	-300.63647544215934
149	-304.1645244683997
150	-303.3090315847834
151	-305.1589260363147
152	-301.8474609456459
153	-304.0869310490646
154	-308.1059609292785
155	-301.418701652212
156	-306.4409859383942
157	-308.34608884378025
158	-302.2415761119714
159	-308.9689181647307
160	-299.60392362923636
161	-302.1345424490852
162	-306.74480095058414
163	-298.2194025064123
164	-308.07941126495444
165	-300.7244484608111
166	-301.4648907975255
167	-303.3876314921311
168	-304.5582597964284
169	-308.7087097441074
170	-299.6621021954194
171	-303.7015066613216
172	-307.08748925482246
173	-309.177178937234
174	-306.2796
175	-303.6120583995759
176	-304.98413974749803
177	-308.56427231099804
178	-298.7424293640231
179	-305.38102479822805
180	-312.41105227060723
181	-305.17271605395365
182	-308.0232814721815
183	-301.9522091310278
184	-298.8890736749733
185	-300.380671116937
186	-307.18240000000003
187	-312.2072065102595
188	-301.7692727505235
189	-305.98340908808956
190	-302.44930001233064
191	-308.8858124673802
192	-306.19192960679595
193	-304.70526722550176
194	-306.59127500140886
195	-303.175137155164
196	-303.49507643583314
197	-302.7886608473936
198	-309.04885970964676
199	-303.34262067729486
200	-307.62938278340533
201	-305.70735739322686
202	-302.9777884900444
203	-306.9675316750013
204	-304.9275999469236
205	-300.7996735289958
206	-306.31086311155303
207	-307.0777234878759
208	-306.6085692895051
209	-302.4464215497905
210	-307.9875985146713
211	-305.08119560747684
212	-305.6574744146157
213	-307.2664047975056
214	-297.98865199658565
215	-298.3127397719077
216	-303.03192362646695
217	-303.00341739214235
218	-302.7272715236622
219	-306.11045888317017
220	-305.69960148312606
221	-303.9699070356652
222	-303.29686266962676
223	-302.41107464477574
224	-297.1335457963236
225	-299.8128321903395
226	-306.0518221263535
227	-295.7287000000133
228	-303.83317836357344
229	-310.163819632362
230	-307.6558023751083
231	-307.1376584987988
232	-300.27500431510794
233	-302.2144411424926
234	-304.6735667603185
235	-304.6588280237761
236	-305.0181606375732
237	-303.96822595781686
238	-292.0182026193003
239	-306.6971300212293
240	-303.0253035853667
241	-301.830681425959
242	-300.6938776628156
243	-298.310063688234
244	-302.2433154583319
245	-306.2102450049811
246	-296.76324034958725
247	-304.3156686725177
248	-308.49374890796474
249	-303.6802166508977
250	-302.095352413695
251	-305.2621638099992
252	-303.1475074941899
253	-303.00185356729384
254	-308.7381576815321
255	-304.354570648036
256	-297.97116694979223
257	-308.6532177095055
258	-300.5466639883039
259	-302.29851952702006
260	-309.5947814825383
261	-301.5292231738129
262	-302.1603315917993
263	-304.3133325192413
264	-302.81854362103314
265	-303.2107179706263
266	-312.0652334719413
267	-297.53870000000006
268	-299.6481373652987
269	-304.6097480545389
270	-307.1771216313763
271	-306.22749934811634
272	-309.0189086382245
273	-303.14253548625567
274	-309.0150083983478
275	-304.187378657526
276	-305.5633905177923
277	-303.19764002064517
278	-300.7727493400915
279	-299.5486709394776
280	-296.6259673499479
281	-305.3279285106901
282	-306.6508569883097
283	-303.93295664208574
284	-306.23024051557655
285	-303.59921390208706
286	-301.3151386889771
287	-303.7130797147888
288	-300.53093054295834
289	-303.23814008558065
290	-306.47389980427295
291	-304.2779121327869
292	-300.5810094908984
293	-300.98936659545416
294	-304.25589376832323
295	-305.57403721249017
296	-299.2610544428849
297	-309.7130190179304
298	-300.6810537481746
299	-306.3266818971666
300	-297.09116151435654
301	-304.9328346475984
302	-300.7440885293354
303	-301.0664661055224
304	-302.56432360456455
305	-310.6989802358026
306	-307.96424527691687
307	-305.0086997920856
308	-303.6594782543177
309	-303.74199969503655
310	-303.9229563472812
311	-300.36428069675196
312	-301.6047678431543
313	-301.38222935032326
314	-300.59040314929314
315	-298.35206228465745
316	-307.5752123008033
317	-297.2627797090271
318	-300.49597488713755
319	-304.74358316105946
320	-306.05281805741043
321	-305.24069705864605
322	-301.9989548558709
323	-299.8369768515308
324	-308.7055217514464
325	-297.5880661765037
326	-304.2905991379905
327	-306.36142758289446
328	-302.0263457044173
329	-308.3107197724903
330	-309.2076828237458
331	-297.15514555930844
332	-295.8635256280933
333	-295.2075996914742
334	-308.1253541242835
335	-308.154728865639
336	-308.2522454811113
337	-307.7146899460809
338	-309.94546394378665
339	-304.5724668580503
340	-306.5318374221683
341	-305.2528542203257
342	-302.8198619845013
343	-299.507944914882
344	-299.3428571216976
345	-300.0667267975709
346	-301.4775000047831
347	-305.35447231878584
348	-290.30893949658963
349	-299.5987159774598
350	-303.0941412347508
351	-299.77543492931784
352	-304.7082931558891
353	-304.57774553154286
354	-309.65873125007454
355	-304.74357482712185
356	-298.5775631754052
357	-301.72376525476056
358	-307.4691818177962
359	-307.15501135402866
360	-301.45508817807877
361	-299.8551844130072
362	-303.0918924606048
363	-308.2835845399062
364	-300.79405502528493
365	-307.25058278017826
366	-297.09313677338196
367	-298.1256350703112
368	-300.8859589072977
369	-293.68195238272483
370	-304.27755046932145
371	-307.2882875609364
372	-307.0457437144857
373	-304.3451512931506
374	-307.6502004564038
375	-303.93878492211854
376	-304.9514522988279
377	-301.57125378370887
378	-299.46406112586305
379	-295.2189376208249
380	-307.3621210645136
381	-297.4237747594767
382	-301.93749732955354
383	-299.8478748386768
384	-304.14928934269847
385	-303.8645589143229
386	-307.8911235044064
387	-304.61808984936556
388	-303.8422139996191
389	-304.1130607351738
390	-299.52260000397433
391	-303.20583305452277
392	-297.4054182505265
393	-299.6250795044533
394	-301.99229948617966
395	-301.95572658451323
396	-300.71395441649645
397	-307.9875171791942
398	-298.92671321790124
399	-302.63360940544675
400	-303.99995373684015
401	-303.36836329418946
402	-307.5240474115536
403	-300.3438500360761
404	-306.85769805010693
405	-302.43565987187804
406	-307.831276443476
407	-305.04151576447714
408	-302.3530959134652
409	-293.57190024681046
410	-304.7613155297472
411	-306.43779611480164
412	-302.89124625533674
413	-307.94067605299006
414	-304.592804595634
415	-307.82480655683923
416	-303.96715673223304
417	-309.67583882014856
418	-301.2140092540994
419	-295.5048724551092
420	-306.59586882547427
421	-302.625548231065
422	-303.43898644291744
423	-303.17302900650526
424	-307.81943922023095
425	-296.7315916577701
426	-304.44802122747774
427	-307.9242433217012
428	-305.6236603252951
429	-299.3029003771621
430	-300.14712690352076
431	-301.7027210124643
432	-297.0572573353694
433	-306.5935560771536
434	-303.38091417482167
435	-302.7510275551829
436	-308.0151301894766
437	-303.71167415542897
438	-303.3573483425868
439	-303.25796470792625
440	-303.52448046975456
441	-307.0477100778524
442	-297.14115212642264
443	-309.3154617353051
444	-305.1644260875479
445	-299.72120000028553
446	-300.2091429234129
447	-306.42136995741464
448	-296.93600258155425
449	-298.1080247153179
450	-304.1900583565754
451	-302.4027271052639
452	-304.2015775706955
453	-303.5110763669329
454	-310.5774727026919
455	-306.42638963871826
456	-304.5847664562711
457	-306.1746243291445
458	-306.6898248378415
459	-305.4886000157376
460	-309.68735089166023
461	-308.7059953368317
462	-301.47632666450954
463	-311.29793030473985
464	-299.30343839706035
465	-304.6778064293733
466	-308.80827184179424
467	-301.10246465435984
468	-309.9396844300131
469	-308.77111258483814
470	-308.9449508424139
471	-298.3414185199211
472	-303.8489749691652
473	-303.19570001501194
474	-299.00878086785116
475	-308.0491169375355
476	-304.2956072638234
477	-297.42780518184094
478	-305.5853236883804
479	-310.4457585424663
480	-308.46354883504006
481	-307.89597026115405
482	-304.77734437906827
483	-298.5995018060847
484	-302.88407121616564
485	-300.25327755507163
486	-305.28080002236146
487	-307.9924794942072
488	-301.65625253077604
489	-294.82788578665503
490	-300.32778735249127
491	-308.00353403222505
492	-306.16801288834245
493	-303.67780999429147
494	-302.445329332593
495	-298.43025612548473
496	-305.18836632632826
497	-309.7008824473683
498	-304.43319258357184
499	-304.21325191420044
500	-304.2468182562702
501	-300.31899102385574
502	-303.14596238192325
503	-296.30694567352987
504	-299.397587188017
505	-302.0293583029018
506	-296.1960606025046
507	-303.8692483160029
508	-305.60554058437265
509	-311.0697539804974
510	-297.9072203746862
511	-296.32715110963244
512	-302.72399799779237
513	-303.7100324026803
514	-305.5770980914225
515	-309.3753945596023
516	-307.50145503486004
517	-304.25145162843785
518	-300.1586873517077
519	-297.2721557843271
520	-302.3988
521	-303.2345123151641
522	-301.51877325340257
523	-305.7114289075057
524	-303.73020003706847
525	-303.46232672222396
526	-306.19995598192145
527	-299.560824092192
528	-300.1665147291558
529	-300.2428705790404
530	-304.64509714919114
531	-302.4507095325947
532	-307.61344963182563
533	-301.6210706646495
534	-300.6204884755463
535	-311.4858580806766
536	-297.3361964082208
537	-302.4444571193569
538	-301.0589000020619
539	-300.84803194764515
540	-304.11514111234067
541	-298.05592681615656
542	-306.85121424656796
543	-307.8106388949768
544	-306.4742121098857
545	-308.4835146177361
546	-300.0540021786488
547	-309.67257083699394
548	-307.0240938014349
549	-301.1330292884576
550	-306.57202754670385
551	-299.10097987021766
552	-302.06745387686965
553	-309.630210729351
554	-305.3936297441954
555	-305.0803561130635
556	-302.79224718792113
557	-303.1213746083007
558	-301.2643181375663
559	-306.20022586984396
560	-302.59083345746757
561	-302.04400439756733
562	-300.9071536443116
563	-303.83701643341135
564	-300.1390529863615
565	-305.86886875092256
566	-308.87419377825836
567	-301.3841952931416
568	-300.5825500210554
569	-304.05566335632636
570	-304.3644257618669
571	-310.8924248665864
572	-305.09547460387995
573	-301.6551662241468
574	-299.61626090452825
575	-300.96627472235355
576	-300.6155324321808
577	-302.25997069985567
578	-311.7964287062973
579	-313.5308045425907
580	-302.91895823410266
581	-301.7438700181846
582	-303.2836282396951
583	-304.8950198686901
584	-308.8558543110741
585	-304.5281692328253
586	-298.68742373914955
587	-301.3833918811701
588	-301.28135620382653
589	-302.1853559917407
590	-304.41121498409495
591	-295.9722048562948
592	-305.6085904273447
593	-306.13129755778
594	-300.3908475010532
595	-298.90781417397005
596	-305.5899171829314
597	-292.44343657169867
598	-300.17445917878564
599	-300.1368947485654
600	-301.4665697456256
601	-299.1324654252045
602	-303.80033756333705
603	-304.8407392826135
604	-304.2194177430234
605	-302.364348295127
606	-295.8024300208683
607	-303.014610328446
608	-300.1545767192887
609	-296.1238000063699
610	-303.97151945160056
611	-305.18903337407966
612	-306.42944749713246
613	-309.2582070977347
614	-300.8630593217433
615	-305.1090364140807
616	-309.7673646345531
617	-303.5918958071146
618	-301.28646352246585
619	-305.7457218806208
620	-297.64176027955864
621	-299.3966019266272
622	-301.21336242715836
623	-301.460641600605
624	-298.0093154382446
625	-301.34751661173823
626	-298.46096503003633
627	-307.8034594760488
628	-298.4167
629	-305.4742210209241
630	-306.70423198862585
631	-298.86100000004706
632	-310.93014877058846
633	-306.4275411389263
634	-304.8453532807511
635	-308.64368740495775
636	-309.00217100887477
637	-298.407532181107
638	-301.85784463868464
639	-298.7082731452641
640	-308.25969970853447
641	-309.463820998458
642	-303.41969664788985
643	-305.13321131159836
644	-299.33613425275166
645	-303.53467609797576
646	-305.5377909368834
647	-305.87620775199474
648	-306.84893197337874
649	-303.93986392096616
650	-305.27943915192594
651	-303.2581743178841
652	-309.4032685765401
653	-300.6845817545543
654	-303.64274619266627
655	-303.25518179281306
656	-304.95953154076506
657	-301.55558350176983
658	-307.60394649645707
659	-298.8030476643898
660	-307.0460009870245
661	-311.0337048829927
662	-301.24617644273945
663	-300.85833473623717
664	-301.3871820196825
665	-307.5053973590661
666	-306.55940901253155
667	-302.68641593541327
668	-302.4262539154526
669	-301.10507194750136
670	-297.5580414017056
671	-301.10255126599776
672	-298.33149418183496
673	-305.34516783913034
674	-303.9486105195136
675	-298.74983562490644
676	-297.0531741394397
677	-304.07592183538105
678	-304.51338569881403
679	-307.90020781740606
680	-307.1173916375012
681	-305.2832676264238
682	-296.40059925092066
683	-304.6588694983529
684	-305.8298822636266
685	-302.1888715064005
686	-306.1905147784503
687	-299.2287039270214
688	-304.2104126154766
689	-303.1691663918982
690	-306.3709602638133
691	-303.26954123705565
692	-301.09017336055746
693	-303.01704575752484
694	-307.96480393420273
695	-302.6856249385968
696	-307.6767355908308
697	-305.2266425586526
698	-305.9327788707834
699	-303.200779876117
700	-304.6618318749951
701	-306.67168724083643
702	-307.31168863796296
703	-305.24356033851853
704	-304.02132131763784
705	-303.5743098936548
706	-308.8376851307694
707	-305.1566102550336
708	-303.6455978170305
709	-309.7476198389564
710	-307.029857185614
711	-304.1993014122078
712	-307.34778832969926
713	-305.12644947916203
714	-306.0124705210442
715	-308.26016556837124
716	-306.0062507460286
717	-305.37728698904175
718	-305.5422940987773
719	-304.74683128825023
720	-307.70949304700616
721	-298.60419148303
722	-300.6728598347081
723	-301.8838667284727
724	-303.3035773424827
725	-309.97616624002666
726	-303.3576617842163
727	-304.02292489240347
728	-302.72423284878
729	-311.90462839241206
730	-299.9691781072912
731	-307.9213766621415
732	-296.422831666954
733	-304.1914953632273
734	-306.7450134429603
735	-308.4515658380451
736	-303.0072740180462
737	-302.188417375078
738	-307.9639717810952
739	-304.7545004072317
740	-301.93591827259996
741	-301.30425377560255
742	-306.12663676802055
743	-303.1551489630183
744	-302.26766126113944
745	-304.70738035727874
746	-305.6452658253326
747	-302.5450455636224
748	-304.6672282192489
749	-298.0794209597305
750	-302.9682996878034
751	-306.6474399117925
752	-300.5173349108836
753	-300.46804044085627
754	-304.50359259286716
755	-302.48350056907145
756	-309.3329249023252
757	-301.31412302185385
758	-308.52115885839106
759	-293.17820604231565
760	-302.72317148484035
761	-304.637298652121
762	-307.30378404716384
763	-303.10352619543994
764	-303.3445756455654
765	-298.4246534745846
766	-305.34820705488806
767	-310.9203845938128
768	-300.04491726343804
769	-306.15782941190855
770	-307.6778000025528
771	-306.53510989029087
772	-307.70493715396833
773	-299.14431328359814
774	-297.78492022839345
775	-304.8333878130455
776	-303.9178005741128
777	-309.10971608458925
778	-307.2435205898637
779	-302.8894308680793
780	-300.0213554664896
781	-302.151914953127
782	-309.96056604423165
783	-301.7204421980367
784	-301.79378745591924
785	-301.5896116801889
786	-307.83861980185657
787	-306.1041
788	-294.74810076814015
789	-303.73330002645275
790	-306.4577859491019
791	-299.97891496993356
792	-306.51128100468645
793	-305.9746444466896
794	-310.40926723289067
795	-300.93586778812744
796	-300.4368555761724
797	-310.73416270925526
798	-308.1742990805944
799	-302.99305734878004
800	-305.40042552971164
801	-300.88770407517546
802	-313.57055687016714
803	-297.9337915668691
804	-310.5708035530137
805	-306.99003193917184
806	-309.9656187307418
807	-309.55981339813286
808	-309.4930362216487
809	-306.7152949411822
810	-308.74022656597765
811	-310.44005266151623
812	-305.93596267312483
813	-305.41058690801304
814	-308.79154535716253
815	-309.0829123198433
816	-306.66024859779475
817	-299.82845119664574
818	-304.44399412916823
819	-305.2209728230161
820	-298.0624724080208
821	-309.1107478752354
822	-305.25294957321006
823	-303.42857465996093
824	-302.79354213719864
825	-305.67050930805556
826	-307.28182821688415
827	-301.78398876370534
828	-302.98373021756345
829	-301.6011914019513
830	-301.1802903145079
831	-301.71461362474037
832	-297.71950136555614
833	-303.62045516242017
834	-305.78205943078603
835	-307.94275626813055
836	-303.42948350326196
837	-305.67690566300024
838	-306.00791707442175
839	-306.0665387650464
840	-304.7931851838628
841	-299.8394650153037
842	-301.39796736392293
843	-304.93017751361145
844	-300.76151276867154
845	-304.018434058124
846	-305.85177478050167
847	-300.78352264305295
848	-302.1326469512367
849	-304.98002328131
850	-295.941591911112
851	-305.8875811994787
852	-305.92993199955487
853	-302.8780572451567
854	-301.5040419454705
855	-305.99356222099345
856	-298.09559607374575
857	-299.73750395207156
858	-302.8485368525434
859	-306.5284018123045
860	-303.0302948891565
861	-305.64888410554664
862	-307.01668221141426
863	-301.14227794900324
864	-302.17371843320063
865	-299.6074060347916
866	-301.84229145500024
867	-302.369264414194
868	-299.3171040695276
869	-308.30180086408734
870	-294.6128748167451
871	-301.52847348221
872	-298.6007
873	-304.79390558778744
874	-298.89950132793825
875	-309.6982940472739
876	-303.41960210350464
877	-310.9165214158677
878	-308.4960980265448
879	-301.759880335119
880	-306.7014498926601
881	-305.0499606230781
882	-300.71442860217866
883	-308.595265332284
884	-303.57605289161387
885	-299.5846010423983
886	-304.4090634522842
887	-301.27128794793157
888	-301.06681681781157
889	-298.94081827065634
890	-299.64187664843297
891	-296.69899287593057
892	-301.338679693771
893	-304.48976545087845
894	-307.08243132968516
895	-306.1172187689204
896	-307.6798323146265
897	-294.7061
898	-299.2807338248918
899	-302.3726445605792
900	-308.001305056209
901	-296.32444878999434
902	-311.7472717260296
903	-302.1961109119746
904	-311.3523103610227
905	-300.329457156097
906	-307.7249932892234
907	-303.1186035385944
908	-300.18457045042277
909	-302.00495490418444
910	-307.4116116789818
911	-304.4524081471097
912	-301.7788940298167
913	-306.3331102605959
914	-301.0411309889853
915	-306.6485200758656
916	-302.6019457702758
917	-301.35379650356384
918	-304.6991723247522
919	-301.0289085546403
920	-299.46136606568115
921	-301.9158097536668
922	-299.5420851480151
923	-299.8129523938515
924	-306.01899154013626
925	-302.17205751026654
926	-303.53880906671804
927	-302.3224781183494
928	-304.48876225172006
929	-306.1482153951033
930	-299.6078244638643
931	-303.1425662297292
932	-297.74438921511444
933	-302.7324337793457
934	-302.25489504358336
935	-302.4413936363688
936	-305.1598660644476
937	-301.0986218503493
938	-311.0595998027373
939	-304.8491015964048
940	-311.31602531790173
941	-306.53248610377466
942	-300.44900221878754
943	-301.26951402527646
944	-299.85290591399314
945	-302.28224524537967
946	-305.3134348598994
947	-298.7047325273221
948	-308.2915970628993
949	-308.63855274323475
950	-301.2356392000914
951	-304.56300908049525
952	-301.6435851672104
953	-303.5291603927658
954	-302.6661594567843
955	-306.94666768113
956	-308.76204143770923
957	-301.46223028898527
958	-307.3557172807291
959	-310.72325128397904
960	-301.16385179774875
961	-304.94478588020235
962	-307.6067382989337
963	-310.78585308325455
964	-308.76203442312215
965	-302.28662896437623
966	-303.98948453074655
967	-306.15983749406314
968	-309.26404154508026
969	-302.9275694342934
970	-308.31959292213446
971	-301.53692148868697
972	-305.7734463247212
973	-304.2252856502863
974	-299.9381363757057
975	-301.02658739197193
976	-300.0070991420729
977	-302.72832634093373
978	-305.7569520457709
979	-300.7401579680801
980	-302.41789457312143
981	-300.42667655841365
982	-303.74650490495054
983	-298.8331951927936
984	-295.922115589486
985	-305.42627729579027
986	-303.63160000000136
987	-306.4665651307836
988	-298.4584192062097
989	-301.9715000012754
990	-308.8695168881594
991	-305.0996752252983
992	-299.0910900770063
993	-300.19134886540024
994	-306.6751448758752
995	-306.6550089920883
996	-306.43047211475334
997	-306.78804370285394
998	-305.6019096521142
999	-300.66140202908275
1000	-300.2754774926213
1001	-304.23012457838166
1002	-301.97464929499995
1003	-292.334094628777
1004	-300.0068500601621
1005	-298.33451766482574
1006	-304.835781446676
1007	-304.63226679528304
1008	-307.24383210573063
1009	-304.3427639401509
1010	-292.9374000031481
1011	-305.1451503529792
1012	-300.84390527789475
1013	-303.6832090455169
1014	-304.097721595856
1015	-303.050900795461
1016	-301.7177191690204
1017	-307.09191303351463
1018	-307.214132707994
1019	-298.0319180257789
1020	-301.2024783413555
1021	-305.86859633889907
1022	-294.8792747295235
1023	-304.91122588464253
1024	-306.38862967190425
1025	-297.3873000112318
1026	-300.99756295890575
1027	-303.7924768364053
1028	-311.0051509822288
1029	-301.7004525449016
1030	-299.96380186627846
1031	-311.6808867943562
1032	-296.8482933944038
1033	-303.5764811553913
1034	-307.90315324472147
1035	-310.0225662609036
1036	-311.5035475304769
1037	-304.7189320518781
1038	-304.92992202216965
1039	-301.38604484812265
1040	-304.72646237698416
1041	-305.1453632233913
1042	-305.2561347600502
1043	-306.5413708603935
1044	-299.63126357096877
1045	-312.6724149343649
1046	-298.5192052687561
1047	-302.6088837483208
1048	-298.8379611634712
1049	-301.5769872177002
1050	-307.8782876132357
1051	-308.82189247326994
1052	-302.23706743355154
1053	-296.6679236515375
1054	-306.55378628528064
1055	-302.7191288323959
1056	-303.9187042880807
1057	-302.07829552165424
1058	-302.410843780369
1059	-311.3303709096518
1060	-303.19341350959144
1061	-297.70376200552306
1062	-307.8944419297748
1063	-300.6708613370478
1064	-301.4160341844603
1065	-306.55189164415214
1066	-306.2279951640706
1067	-306.6088153312297
1068	-301.48060136942644
1069	-307.168695462748
1070	-302.0446211277228
1071	-303.57839790455307
1072	-304.4022977624635
1073	-307.8115347251888
1074	-309.73830953590704
1075	-304.3758844036964
1076	-301.2001623913955
1077	-302.4626541184931
1078	-303.70975771037854
1079	-303.4766675064944
1080	-304.5527380504877
1081	-304.36706808940346
1082	-299.55197009220285
1083	-304.16711647845244
1084	-309.03801430398374
1085	-298.2038656025601
1086	-303.6924338471362
1087	-305.64278150199135
1088	-309.92786040096456
1089	-297.6075892445219
1090	-305.22505955051474
1091	-301.5093741489082
1092	-302.5860014480475
1093	-304.68143160569866
1094	-304.93351976571535
1095	-299.11577411565116
1096	-298.15413238682913
1097	-303.5984557315524
1098	-306.8749715400613
1099	-306.5393703770159
1100	-303.73405170918846
1101	-304.5422332659478
1102	-311.4403907099287
1103	-302.6834828790446
1104	-297.19446042560634
1105	-301.92367472087403
1106	-308.48442168436105
1107	-299.05788585375427
1108	-303.65370047082223
1109	-304.5814811734121
1110	-306.9222751971918
1111	-302.41834763653185
1112	-301.4409447238407
1113	-308.4528334238812
1114	-305.8860266590969
1115	-301.95829889712104
1116	-302.94728133895353
1117	-306.20519168421123
1118	-303.6212750533961
1119	-298.82565494007406
1120	-301.78561103858453
1121	-297.7265044181673
1122	-299.14532255971244
1123	-299.7219345041351
1124	-299.71073483801126
1125	-297.2343000008104
1126	-300.69140000000004
1127	-299.61408638272917
1128	-291.09632658999266
1129	-290.84720000000004
1130	-303.99506538400755
1131	-301.45341356689016
1132	-299.49445825948936
1133	-301.5194806660928
1134	-294.9209727692374
1135	-305.39574387998374
1136	-303.4931260178309
1137	-304.328897780511
1138	-309.3735847340755
1139	-308.61524336744355
1140	-306.69366334884734
1141	-302.817130013197
1142	-299.8344974643808
1143	-310.05855811939574
1144	-300.6597236165508
1145	-305.83187043144056
1146	-301.3056943872811
1147	-297.59639512949485
1148	-305.16810574589414
1149	-307.24027280472166
1150	-298.4597473928526
1151	-302.25894598352136
1152	-309.6264715265507
1153	-297.50366929093065
1154	-296.0770867424129
1155	-303.5274902462264
1156	-303.4225792471472
1157	-301.9316779278869
1158	-304.25849479151094
1159	-301.94432762915284
1160	-305.55885539883604
1161	-300.9747032151363
1162	-303.7054514227658
1163	-301.2490860904604
1164	-304.62849606277507
1165	-299.3503136278648
1166	-302.14304058444543
1167	-308.88018650782084
1168	-310.59769524593383
1169	-302.024676861238
1170	-303.2361226916874
1171	-301.471787472051
1172	-304.30514716454593
1173	-302.24182498973255
1174	-295.9945952502803
1175	-303.20720540423054
1176	-295.74970711471354
1177	-296.4233287744717
1178	-302.4017550972585
1179	-296.10625381462415
1180	-306.2891259378171
1181	-306.14101793300915
1182	-301.7884109012347
1183	-300.0980053485121
1184	-302.84780000003417
1185	-302.03360367069337
1186	-303.5952722887777
1187	-302.46408181707676
1188	-302.19665446837047
1189	-306.2665
1190	-304.8471234382241
1191	-298.61036085211424
1192	-300.21297898080354
1193	-299.5258370158107
1194	-301.67422789144854
1195	-292.0636003275899
1196	-306.26895498232096
1197	-307.346410198227
1198	-307.0490833422292
1199	-296.64301597276074
1200	-308.25021362619395
1201	-301.63885951631664
1202	-306.052670481956
1203	-310.5465363728102
1204	-296.24481302890393
1205	-308.2272213144608
1206	-307.42109326595
1207	-310.5539167034064
1208	-305.9907995459087
1209	-306.1795710365352
1210	-304.0975017528207
1211	-301.48608594223896
1212	-305.05412436335405
1213	-308.9757286814943
1214	-307.0662396331231
1215	-307.9618998458741
1216	-308.3448025167271
1217	-300.3083854012194
1218	-299.3432961564394
1219	-306.00852756871114
1220	-305.3300979749087
1221	-305.431510081029
1222	-301.8352572028394
1223	-300.32606764312663
1224	-304.0048698825267
1225	-298.94047241857794
1226	-296.55321296257927
1227	-305.84279555482055
1228	-303.6404012547255
1229	-303.178424570552
1230	-303.20145061234695
1231	-303.307723903036
1232	-301.2990901567745
1233	-308.84616153218104
1234	-299.8035106787783
1235	-305.13741808454984
1236	-302.98074427328856
1237	-302.0274088593209
1238	-307.04655575417104
1239	-298.1700540355374
1240	-306.87381319069294
1241	-308.17619487741774
1242	-301.5353995811702
1243	-311.4781084636462
1244	-303.64993815472235
1245	-300.05925072105515
1246	-302.1469884173935
1247	-305.76455817793266
1248	-306.9375682561708
1249	-306.1590548071622
1250	-302.39920426880616
1251	-302.16077008545705
1252	-303.81137649529126
1253	-297.2400878699006
1254	-299.88380491901376
1255	-299.22435651961325
1256	-301.6063164878826
1257	-299.06660452907397
1258	-308.3672102878864
1259	-306.6264964396305
1260	-299.7035760995844
1261	-306.1895722171553
1262	-302.36838185976376
1263	-301.2622001882894
1264	-307.9906889581798
1265	-305.7356298762788
1266	-311.76492714080297
1267	-310.6628388102437
1268	-301.7186093900579
1269	-300.46711514706317
1270	-306.8123666139716
1271	-302.17617259607954
1272	-301.56781346096113
1273	-305.0523047757536
1274	-304.8076029851067
1275	-305.7892495194464
1276	-301.70318120029737
1277	-304.0074140901976
1278	-308.295066793293
1279	-315.2457522403205
1280	-312.0799652486308
1281	-315.38956975832696
1282	-304.75716918736043
1283	-304.57327040500167
1284	-305.21299674726646
1285	-309.00096674101707
1286	-309.8302387156306
1287	-309.47721648009883
1288	-305.2913043732947
1289	-310.2004682209112
1290	-306.97393373896773
1291	-308.10610470743546
1292	-311.1811076101765
1293	-310.56663991427547
1294	-306.1740336477692
1295	-308.28903905882106
1296	-308.08749518243474
1297	-308.1941284521105
1298	-306.63215865333353
1299	-306.8091266020622
1300	-310.4446647206697
1301	-305.7860843524844
1302	-298.6690468856817
1303	-306.8422769631075
1304	-305.5430947388906
1305	-302.80630598127595
1306	-300.7647613465465
1307	-299.7740608235648
1308	-303.2718790287824
1309	-302.1975378965893
1310	-308.8865457527851
1311	-308.1838499492132
1312	-309.4798318446067
1313	-307.88736796893704
1314	-304.880563851261
1315	-301.5643245502111
1316	-301.63813290787783
1317	-306.2427946102244
1318	-311.07873693067864
1319	-308.9909161166596
1320	-302.346683443461
1321	-304.04821126692724
1322	-309.20130083468797
1323	-311.6258309513751
1324	-301.12160290975675
1325	-308.96645191280436
1326	-306.3377313771365
1327	-304.66161313768555
1328	-300.35138798225745
1329	-311.4909887137163
1330	-304.5378990556275
1331	-301.74973287824963
1332	-312.41914735978276
1333	-311.90275146719983
1334	-307.87031271619213
1335	-307.64369745850814
1336	-305.78334873706154
1337	-300.2137944986993
1338	-303.7368155294903
1339	-304.449679543722
1340	-306.04548573047526
1341	-311.56773328660194
1342	-301.6624119759341
1343	-308.7106911765325
1344	-308.1115518216295
1345	-313.3672238946872
1346	-307.7999837404813
1347	-305.76430350748
1348	-305.29850963242444
1349	-305.16473895611193
1350	-308.15544507132074
1351	-309.9944676141539
1352	-305.5897205737363
1353	-307.77154003067477
1354	-302.3875210649717
1355	-306.3704913269214
1356	-310.2651941998658
1357	-301.2598396363319
1358	-307.8483786228475
1359	-311.6455981110311
1360	-303.55768294619014
1361	-303.3731790003677
1362	-304.0541686978057
1363	-307.3676298169063
1364	-302.4264439444807
1365	-298.84239228054093
1366	-311.8168414703645
1367	-305.51861101134205
1368	-306.87120008633525
1369	-300.35837072265315
1370	-308.42302433953176
1371	-304.4547620602149
1372	-304.3827496330138
1373	-308.34124719394777
1374	-304.32180780600993
1375	-302.4424259193111
1376	-311.4010984085415
1377	-309.47241300251864
1378	-311.5786215115321
1379	-303.16679949003225
1380	-301.6648336662988
1381	-309.77160351803485
1382	-313.15256467037295
1383	-304.55588871603186
1384	-305.65303632776556
1385	-305.14170138233595
1386	-301.6178718189146
1387	-303.2150157463442
1388	-300.8139622542116
1389	-307.95639662473286
1390	-309.07473984325526
1391	-305.3926094140392
1392	-304.0078769595125
1393	-314.4678039327822
1394	-304.83212705217437
1395	-302.9875743747788
1396	-303.90795039237423
1397	-301.8966959804138
1398	-307.9676762485078
1399	-304.20370559009905
1400	-307.105097451839
1401	-300.8458009838806
1402	-298.77133868769766
1403	-298.98612538648894
1404	-300.0439515573028
1405	-297.36424359914815
1406	-304.5044125503858
1407	-294.6504923508078
1408	-305.267001035102
1409	-300.14762801204773
1410	-305.5571268362837
1411	-303.6214148566439
1412	-303.02046549588493
1413	-298.2222895833962
1414	-304.157250452425
1415	-303.47814406803695
1416	-304.63464964382604
1417	-304.6717068141934
1418	-303.76763210545784
1419	-303.49206297738374
1420	-301.2660107435414
1421	-303.41782924643286
1422	-302.35294097553447
1423	-302.76491919444896
1424	-307.82887302123476
1425	-304.5489754905396
1426	-306.6016587774305
1427	-303.15427040169897
1428	-301.26257289998256
1429	-306.7049938331155
1430	-303.07271414973275
1431	-307.5515406026537
1432	-307.54053913625546
1433	-304.33209107701754
1434	-308.51413982903796
1435	-306.7132775506224
1436	-299.789057412168
1437	-304.97925691340026
1438	-300.20970541569636
1439	-304.18341375048385
1440	-304.5096978415826
1441	-310.42714097371095
1442	-302.8177577897124
1443	-307.808416677575
1444	-309.9687547946125
1445	-312.60500465091985
1446	-301.25436511251
1447	-303.1414426550941
1448	-297.03654659893783
1449	-307.49791495841635
1450	-305.32479133036566
1451	-300.6808537208871
1452	-306.7696288840123
1453	-305.74314276428413
1454	-305.1929021086828
1455	-301.6101307728343
1456	-308.04399225014566
1457	-305.44901478074473
1458	-304.83977766777235
1459	-301.0511116557265
1460	-293.0494005847853
1461	-309.5432178381377
1462	-303.76000539560107
1463	-301.5160785810313
1464	-303.71708666352134
1465	-305.93883453262293
1466	-306.513940527458
1467	-302.5036625946268
1468	-305.34466144155573
1469	-305.6001249449286
1470	-300.50607533169335
1471	-290.0982
1472	-306.57222865288793
1473	-304.10629277621325
1474	-299.123687579665
1475	-305.33577449304755
1476	-292.8067794838267
1477	-299.8119
1478	-310.172261167343
1479	-308.18890582737987
1480	-305.1318387888556
1481	-306.53549217680217
1482	-303.6168003293727
1483	-308.0875922400097
1484	-312.4033418295098
1485	-299.832304771761
1486	-300.11104006437535
1487	-303.69321131220744
1488	-297.403698614509
1489	-304.1720050690268
1490	-299.7132064172528
1491	-300.350857012347
1492	-301.3686559798252
1493	-304.5204854538318
1494	-309.3989052639705
1495	-302.9908356786119
1496	-304.76490561777223
1497	-309.3688750173848
1498	-299.04285620870616
1499	-299.86715071980245
1500	-297.9380453158714
1501	-304.32149611173617
1502	-299.61363247841075
1503	-302.1834448092377
1504	-301.2482064085527
1505	-308.63610366535755
1506	-309.28859989462336
1507	-305.2230685261792
1508	-304.65291209239723
1509	-304.06045469713456
1510	-305.7765619664
1511	-303.1809715117285
1512	-307.053409380995
1513	-308.4242842328975
1514	-300.6681034556019
1515	-297.3735279388556
1516	-301.8673491349232
1517	-304.47497242372475
1518	-306.01551780200754
1519	-302.6470492216955
1520	-300.70695328107576
1521	-310.6100144132519
1522	-307.41044204160124
1523	-304.29323739860746
1524	-302.50368226416924
1525	-302.4864273176995
1526	-297.8019423094156
1527	-309.93055548596135
1528	-306.80576971638044
1529	-299.4509370736417
1530	-311.80557974835153
1531	-298.9968520448138
1532	-303.7109322216539
1533	-301.26675890962144
1534	-298.3050862871586
1535	-303.113895071499
1536	-300.5468092395869
1537	-301.1993679644645
1538	-301.2355968137162
1539	-301.31344149387104
1540	-297.3049811215183
1541	-302.18393163866807
1542	-309.2932509140783
1543	-297.0732567664422
1544	-300.8857821587193
1545	-304.85368258531054
1546	-299.07178428676417
1547	-306.22478661252154
1548	-296.58178587530756
1549	-306.849806962482
1550	-306.9134428335147
1551	-302.5877298724358
1552	-306.2070196046921
1553	-301.51637746232853
1554	-300.59373569119964
1555	-305.68683116685713
1556	-300.60954880142265
1557	-303.3937505165594
1558	-306.813665348885
1559	-298.62899520235055
1560	-308.72686846163174
1561	-307.2024719624306
1562	-302.4153298049428
1563	-306.1216880641875
1564	-294.93829402257836
1565	-301.99477117580864
1566	-306.60204963136897
1567	-310.8931883265255
1568	-301.2299839755961
1569	-305.45954521780664
1570	-305.1957291943305
1571	-304.378784077825
1572	-298.9947455061902
1573	-302.7267965834762
1574	-302.7594408557746
1575	-306.4169055646906
1576	-305.4745122510991
1577	-304.6494291530268
1578	-305.5877940972534
1579	-298.4825842082493
1580	-308.27959033674335
1581	-304.11860340069506
1582	-307.80750063700555
1583	-299.6640917984482
1584	-304.80895619089483
1585	-303.83171854513625
1586	-302.3545434253953
1587	-311.528204636112
1588	-309.8135431107722
1589	-315.27697388987986
1590	-292.07503385566457
1591	-309.1478906408977
1592	-306.51921606685795
1593	-310.22424828954763
1594	-301.70660303091114
1595	-304.1911191705031
1596	-306.4425141028329
1597	-298.9771664422654
1598	-306.79528207534804
1599	-303.5668842501003
1600	-307.13512668162724
1601	-302.2503318859194
1602	-307.47061091479014
1603	-303.2928491224335
1604	-302.8287954606265
1605	-300.7753186112604
1606	-304.6531778160243
1607	-301.9266065017908
1608	-311.9047352044481
1609	-306.0214572637234
1610	-302.92149874679257
1611	-304.002343079804
1612	-303.4144751155612
1613	-307.05421786218767
1614	-307.0304548506925
1615	-310.7685730678077
1616	-304.51459792841354
1617	-308.5744290509392
1618	-298.2372579042832
1619	-303.5135231119496
1620	-301.5957785975993
1621	-300.755060393859
1622	-294.1349535320642
1623	-303.70009898528343
1624	-306.88256247214537
1625	-305.88659821704704
1626	-303.29688449156953
1627	-298.92954127949884
1628	-306.92529940087115
1629	-293.61960000000005
1630	-305.6106715442748
1631	-304.0784071808537
1632	-309.84222192912
1633	-302.58815149380143
1634	-305.6519240229844
1635	-306.94270619938897
1636	-311.63595838972003
1637	-305.0867332366537
1638	-300.3108783107938
1639	-300.90295081610043
1640	-297.2892452654975
1641	-302.7513781690708
1642	-304.3347453004476
1643	-301.5730076137621
1644	-306.70846102396507
1645	-305.3289501998771
1646	-308.13287111988
1647	-298.800079699807
1648	-300.3201927356329
1649	-304.29124099534516
1650	-302.7938889258631
1651	-304.97506831500294
1652	-300.127615622869
1653	-301.16641159348507
1654	-298.46217661296924
1655	-303.5231017835053
1656	-305.9269289473035
1657	-303.39777024552166
1658	-298.12498190860754
1659	-298.5892513778854
1660	-309.0745045028574
1661	-303.90640913954616
1662	-308.8451223091178
1663	-311.1773836535402
1664	-304.8620109185388
1665	-300.35700000000344
1666	-298.9673296791534
1667	-302.5476287163873
1668	-299.84671439599015
1669	-303.4841144957013
1670	-304.2605544444278
1671	-311.4243371441627
1672	-306.2046796310468
1673	-310.0935740312249
1674	-304.8639357665432
1675	-300.7383355347639
1676	-303.8474043654626
1677	-305.2742278809801
1678	-305.9056519615059
1679	-313.54032778114
1680	-305.08880343769357
1681	-303.10875659252986
1682	-297.50620057088116
1683	-309.6478531091072
1684	-305.26669103381226
1685	-300.15726193882216
1686	-302.11058132016194
1687	-299.7099187228227
1688	-299.88436617973105
1689	-302.49625648018844
1690	-301.323
1691	-305.34660410621433
1692	-300.122348268474
1693	-304.9915345763785
1694	-307.57493341627054
1695	-309.46951403932445
1696	-308.1502875770995
1697	-303.86994999460325
1698	-305.3441160486724
1699	-301.2890058339982
1700	-308.00916183717555
1701	-303.2067000000059
1702	-306.8719334591452
1703	-305.78544819600967
1704	-301.8013927665123
1705	-301.8196000000415
1706	-302.29132603310944
1707	-307.39532951518703
1708	-307.65307247570024
1709	-306.58978916305045
1710	-305.2252765186039
1711	-302.32740330137403
1712	-302.2466315099775
1713	-297.70408625868845
1714	-307.06290141928883
1715	-308.8499507537537
1716	-308.9235556518003
1717	-304.8396420635929
1718	-304.09256809421504
1719	-308.51914599276796
1720	-298.1182263250222
1721	-308.7837162043591
1722	-298.3032938711082
1723	-302.96361375044495
1724	-305.4404587774305
1725	-301.45104537786324
1726	-304.2453154347552
1727	-303.15656135259894
1728	-301.52419082615785
1729	-295.243092708851
1730	-302.1161293697382
1731	-302.3532000005194
1732	-308.0170129791688
1733	-311.0762188224249
1734	-308.8399017295506
1735	-306.72787316742966
1736	-303.3717743302751
1737	-301.3465353411555
1738	-303.79160300152176
1739	-308.08241489890446
1740	-306.9309285345946
1741	-306.8839772649266
1742	-309.6851989560577
1743	-301.9076594003351
1744	-300.90901907527876
1745	-303.591548925487
1746	-299.96563821099954
1747	-296.98646337831696
1748	-303.2619877732361
1749	-297.9767000000025
1750	-309.4074720124043
1751	-305.61779331340153
1752	-300.35165089141344
1753	-295.80324060996594
1754	-307.77988908124894
1755	-301.2969758298198
1756	-301.0722593411976
1757	-299.90506897718046
1758	-307.4020765497312
1759	-300.53386740471495
1760	-302.21121724197707
1761	-301.178506036545
1762	-306.9424707508501
1763	-303.9345710121195
1764	-297.5333359432541
1765	-303.1380945932744
1766	-299.89867692724596
1767	-304.1328237930728
1768	-299.1331512614553
1769	-300.5767719879006
1770	-297.08333541699534
1771	-300.3171299601186
1772	-303.4843566088466
1773	-304.47538432909926
1774	-299.52533003491794
1775	-305.6606497658973
1776	-309.06526732864853
1777	-294.22060105498264
1778	-300.260227914236
1779	-297.36340106199196
1780	-299.23901048962534
1781	-306.7072063447676
1782	-301.17369612937574
1783	-302.1118823515539
1784	-299.25741126633943
1785	-310.428729825319
1786	-308.22282443048584
1787	-311.6779744365281
1788	-306.13152985043746
1789	-306.51362376206487
1790	-306.23036076831835
1791	-306.95576171470185
1792	-305.6099974581281
1793	-299.8069051849367
1794	-303.6487105665137
1795	-304.2158627091969
1796	-301.5946966931536
1797	-310.0277475396249
1798	-306.09749999943006
1799	-302.28016119322785
1800	-304.97475443885133
1801	-298.44610000009664
1802	-303.6569578274225
1803	-308.18448093327635
1804	-305.32450539873213
1805	-301.96711503025927
1806	-305.33439897956634
1807	-305.44198107625374
1808	-307.79943318165624
1809	-304.70351856408826
1810	-296.6541113393831
1811	-311.40718691044935
1812	-309.21975925581006
1813	-307.04713437117806
1814	-308.6657910299106
1815	-299.89434371198615
1816	-309.72366202063733
1817	-303.42342245372873
1818	-308.4840342045386
1819	-306.1063186346529
1820	-306.45150930063176
1821	-306.2868644011862
1822	-306.8345903582801
1823	-298.23568111919224
1824	-305.67078085650166
1825	-300.9693111717719
1826	-309.9555376837506
1827	-307.0285893103747
1828	-300.51833247287055
1829	-302.3003316600477
1830	-303.0353084636771
1831	-301.81481065369843
1832	-301.2804775604162
1833	-305.7511894865918
1834	-303.76014984703477
1835	-309.54949497666524
1836	-299.3460741045295
1837	-298.6895723020235
1838	-295.91386671298005
1839	-308.7301734796075
1840	-302.58139370255236
1841	-304.54675302509855
1842	-304.32173543420635
1843	-307.41107502939064
1844	-303.05458967498765
1845	-299.84158635918385
1846	-306.00101294632793
1847	-297.12634474666885
1848	-298.42235103392943
1849	-310.2863187983377
1850	-298.103687869852
1851	-301.65767767559726
1852	-301.9226104316625
1853	-306.99997646796743
1854	-303.8920692724602
1855	-297.7942012917732
1856	-305.3880234930434
1857	-301.191196957223
1858	-307.79452559682596
1859	-299.50425677342145
1860	-306.64905032936355
1861	-303.26643337405267
1862	-296.23304256824343
1863	-301.7657214267549
1864	-303.19930226873305
1865	-308.5500569801148
1866	-303.1572973907853
1867	-304.2229063103153
1868	-300.890870383659
1869	-299.8966164798223
1870	-300.4454547115181
1871	-303.08867376900866
1872	-303.3293134962181
1873	-305.20327907902345
1874	-307.56204617735216
1875	-299.8234532499186
1876	-302.2535108629783
1877	-297.0269422574225
1878	-302.73355569100033
1879	-304.6037556626931
1880	-303.74112437720817
1881	-304.24898173777996
1882	-306.27698811376274
1883	-314.3348516250349
1884	-309.45443727961236
1885	-306.14698743203934
1886	-304.42987906652485
1887	-303.4873466641747
1888	-295.720157094332
1889	-305.65179879001306
1890	-301.9017540394573
1891	-309.85298503861844
1892	-306.7212868272536
1893	-308.3229447850794
1894	-306.2049567719036
1895	-295.12093889529046
1896	-302.76862558827696
1897	-302.02623806510303
1898	-307.7544669629164
1899	-301.6163575541326
1900	-303.46768516262074
1901	-302.8076547590331
1902	-307.9473113992671
1903	-294.84606336057533
1904	-308.54106629121384
1905	-306.8420542118543
1906	-289.4936041089406
1907	-299.3153091067413
1908	-302.7928767619463
1909	-302.9645917901885
1910	-306.4665121309218
1911	-306.80219357312114
1912	-306.32921296786753
1913	-304.75617236157285
1914	-305.6292746593071
1915	-304.4688869433936
1916	-310.1006620591776
1917	-305.54336689734856
1918	-303.8124519254372
1919	-302.3338731935378
1920	-305.7977419153813
1921	-313.12793314631244
1922	-304.7406000020663
1923	-307.31766852113174
1924	-309.9825781379325
1925	-310.35566322130006
1926	-309.5848322684081
1927	-306.02303829341304
1928	-306.7916225106532
1929	-304.3017891673278
1930	-308.7049587370308
1931	-302.95547869682184
1932	-302.3271114331066
1933	-300.0357361073144
1934	-311.4297619518614
1935	-304.4114545669149
1936	-302.2770706081152
1937	-302.6410998675282
1938	-310.88631770257723
1939	-301.83860181410085
1940	-300.8874780697307
1941	-308.74255562447206
1942	-311.18180452736664
1943	-299.3189314933496
1944	-305.06571501447524
1945	-309.8557503186345
1946	-302.23981209317327
1947	-298.33822687139605
1948	-308.5290341999344
1949	-307.72018107299505
1950	-305.54958801453114
1951	-303.2233243754249
1952	-301.4821188335059
1953	-299.30877852317735
1954	-307.2218967142302
1955	-297.99650404178095
1956	-302.3098724785401
1957	-299.63680034010775
1958	-306.9535099620365
1959	-298.2532738603766
1960	-302.74669889302055
1961	-298.74030000000005
1962	-305.12535811747296
1963	-300.13017760090503
1964	-306.3543438507045
1965	-308.9757465059922
1966	-305.11507436743005
1967	-306.08021349037386
1968	-305.10090950053706
1969	-304.69886073766327
1970	-308.6359585175145
1971	-300.66054164052207
1972	-305.5133973937432
1973	-292.19204324961754
1974	-295.0957753042158
1975	-303.71252058469213
1976	-293.85715327577225
1977	-296.04608561414415
1978	-297.8602508984966
1979	-300.7546000000035
1980	-308.9036075305642
1981	-309.24481245351814
1982	-304.55179332434795
1983	-308.90721459948816
1984	-302.87016757798443
1985	-307.1383275224453
1986	-306.16084227474374
1987	-302.6431458905295
1988	-300.1199056374166
1989	-312.951162665051
1990	-307.71127399354833
1991	-306.46581559461407
1992	-301.80500000000234
1993	-304.26851496378487
1994	-300.53234156115934
1995	-304.26655104896616
1996	-304.7516437538052
1997	-296.8480352469688
1998	-304.1991186108374
1999	-304.3147523877435
2000	-300.8701022325071
2001	-296.3966653870572
2002	-298.4876
2003	-298.56779194727295
2004	-299.44530983595024
2005	-303.60200821970534
2006	-305.8739263724647
2007	-295.60710798427414
2008	-310.86163504192433
2009	-301.0793597853247
2010	-308.9201207499208
2011	-299.0480710726333
2012	-304.6059113880045
2013	-304.68790418395446
2014	-304.12139469352417
2015	-297.52181733518904
2016	-299.44303765459284
2017	-298.5640000000001
2018	-305.40587726256564
2019	-307.1971534433048
2020	-306.2964552546126
2021	-304.94157233356196
2022	-305.6923751361982
2023	-296.05511130929773
2024	-300.45143470719347
2025	-303.7196448117594
2026	-299.6614364738871
2027	-308.66135189305277
2028	-305.7145811628453
2029	-310.4247001043001
2030	-300.0052757753622
2031	-304.60773345113785
2032	-302.6334369449265
2033	-303.57302493333907
2034	-302.8873607116716
2035	-304.18797388525627
2036	-305.00101094764193
2037	-303.0721627943299
2038	-299.6666665695485
2039	-301.177421605214
2040	-305.6456154785665
2041	-297.15636975169446
2042	-300.5035267243145
2043	-302.0888236140468
2044	-300.8945682876488
2045	-305.4572894941935
2046	-303.92947101677487
2047	-300.2378094527972
2048	-306.55115527299387
2049	-300.5965354791047
2050	-302.61846027187585
2051	-307.6189010834325
2052	-304.08728445530323
2053	-301.2081
2054	-303.1187901421737
2055	-306.20638966426515
2056	-303.6277434448481
2057	-304.803729309922
2058	-301.1003965254252
2059	-299.1463356748613
2060	-299.18200705358083
2061	-301.35715630538044
2062	-303.21797610502693
2063	-306.5414518794535
2064	-302.14970780862285
2065	-306.09360819743335
2066	-304.2573875030855
2067	-298.8220578518839
2068	-305.5606909185227
2069	-304.90498738633613
2070	-297.5389577401581
2071	-311.320712959679
2072	-300.9889155804069
2073	-304.49681709653356
2074	-301.61202183456396
2075	-302.6196399744655
2076	-299.2001184234087
2077	-301.24334005746334
2078	-305.2322
2079	-307.4482997759982
2080	-298.4346574267544
2081	-293.4088861539753
2082	-296.2919074968505
2083	-300.0009440575847
2084	-303.6566304046463
2085	-302.945169944132
2086	-304.50108887326115
2087	-301.99020012983783
2088	-298.9305440873271
2089	-298.178644262788
2090	-305.59836962276717
2091	-303.92424371294925
2092	-304.33225635145374
2093	-302.4019058243178
2094	-307.8556509227022
2095	-302.481654032152
2096	-304.3744592896339
2097	-306.31501987783656
2098	-302.5128751072974
2099	-303.22238769916333
2100	-304.5150741406917
2101	-299.91999303602245
2102	-306.0165673596181
2103	-304.1836531141524
2104	-306.56613066027927
2105	-298.9730537974973
2106	-301.55403809914867
2107	-303.3260304368693
2108	-304.9442650488545
2109	-305.6315110586523
2110	-308.10817572716354
2111	-300.04367238869037
2112	-308.39933379514815
2113	-303.2952687927273
2114	-304.5974012185595
2115	-303.50010085419865
2116	-303.48670180817743
2117	-307.1696985554177
2118	-301.03630782630313
2119	-306.1878323201716
2120	-311.73928925558045
2121	-303.2266661271474
2122	-301.33361165543954
2123	-302.0984389399603
2124	-302.745697791045
2125	-301.7946116467628
2126	-302.8121000583924
2127	-300.4861000400547
2128	-306.898958385118
2129	-306.05980591331576
2130	-303.82481201929704
2131	-308.6388471500892
2132	-303.346062865629
2133	-301.1582975506626
2134	-308.5458966294434
2135	-288.92489151661346
2136	-307.68889690509246
2137	-302.36034493973625
2138	-309.57806813145964
2139	-300.657464509797
2140	-299.49241349481474
2141	-303.37675534446123
2142	-303.0755539880993
2143	-303.217220019297
2144	-307.7335792958324
2145	-304.4313692588672
2146	-299.2471058296931
2147	-303.62788082400715
2148	-301.69393347672116
2149	-297.99627754290515
2150	-303.2673613787351
2151	-298.8861415081193
2152	-298.4093214306166
2153	-296.20698971807536
2154	-305.2386835853877
2155	-305.3483515919889
2156	-306.21304834204017
2157	-298.70757349477424
2158	-301.76030842750015
2159	-304.0662277881726
2160	-308.2520000084254
2161	-299.8060860364678
2162	-308.20521403719096
2163	-301.23671751972034
2164	-305.32700178511794
2165	-300.7628347228327
2166	-306.70191583530476
2167	-306.85047794055095
2168	-303.90644628393125
2169	-292.6498510797594
2170	-309.2468165263541
2171	-306.4323437232786
2172	-303.2863321218453
2173	-296.8611677083538
2174	-298.72961822232014
2175	-302.67608623116894
2176	-305.112296382152
2177	-302.87712356225757
2178	-303.73922953131387
2179	-307.8887214890796
2180	-300.3857282786949
2181	-307.2294029060999
2182	-305.0102078514718
2183	-302.6482424490782
2184	-305.7411803223546
2185	-299.9298139496952
2186	-303.0759679611155
2187	-304.7511335371923
2188	-305.11234642817027
2189	-300.86711669663504
2190	-301.1684776607691
2191	-303.36566339357296
2192	-299.1776832061932
2193	-308.17612965777056
2194	-302.26606391882456
2195	-306.0459702293401
2196	-301.20834531210284
2197	-306.36401333146887
2198	-303.65826730909185
2199	-302.20150033086514
2200	-305.5987711248566
2201	-303.6115905585998
2202	-299.48020313839226
2203	-296.64722204233834
2204	-306.22895681955447
2205	-303.3813171070989
2206	-300.8182402383848
2207	-302.7504958889032
2208	-301.71835723306094
2209	-305.6148818731672
2210	-304.97036407417835
2211	-307.03741245028215
2212	-302.63774751828856
2213	-303.70698810298984
2214	-302.09433411281094
2215	-300.30558011501455
2216	-300.03961012269536
2217	-295.5326213095699
2218	-303.4666374330545
2219	-301.8898759770731
2220	-300.8974070270271
2221	-304.32935955487596
2222	-298.0464886465658
2223	-304.8550204508755
2224	-307.7234642949403
2225	-302.710371594288
2226	-306.0821393088078
2227	-307.1336065322471
2228	-301.1228550706276
2229	-305.4439143929162
2230	-305.50709390784897
2231	-307.4964985849703
2232	-302.2641599311615
2233	-301.71072495266344
2234	-300.80941902800487
2235	-296.8648990503581
2236	-303.9954705998358
2237	-300.44071827850445
2238	-307.522377306743
2239	-304.80994388252833
2240	-307.0595515405296
2241	-309.215975645524
2242	-299.6566011241211
2243	-306.9373858106305
2244	-298.49367379849446
2245	-300.40886277954337
2246	-303.8307167340382
2247	-304.45027426642463
2248	-299.7866423695493
2249	-301.8816251826899
2250	-307.6733455047806
2251	-307.8735045534747
2252	-300.571658971597
2253	-297.0203343977522
2254	-305.26675797772435
2255	-298.1735021361492
2256	-311.81642971495796
2257	-307.8361091875484
2258	-300.10890184050197
2259	-310.41033538739885
2260	-304.2087082630131
2261	-306.1737051654547
2262	-302.4452416947191
2263	-303.2568234729124
2264	-311.29169412609764
2265	-303.16830582771263
2266	-309.2804418322799
2267	-303.5219435073877
2268	-295.14105127995356
2269	-299.3102408830069
2270	-302.55048304754126
2271	-307.7127484365463
2272	-305.36224844382514
2273	-302.7593776320233
2274	-306.00253366100685
2275	-301.4210111868885
2276	-310.5174496299521
2277	-300.473243909465
2278	-306.1432010520877
2279	-300.04879675502434
2280	-304.51019492884654
2281	-306.1183838162075
2282	-304.0379514562708
2283	-302.43730178779225
2284	-301.09902441722244
2285	-308.6182954028862
2286	-299.3345493004126
2287	-302.58135767309614
2288	-299.69956828666216
2289	-301.50941662197437
2290	-305.05981305964326
2291	-304.60007950528217
2292	-298.8597023868175
2293	-299.3026476009998
2294	-305.26019453176696
2295	-304.5105821386528
2296	-303.3045564470131
2297	-300.7182
2298	-303.2122948373258
2299	-297.56827533979697
2300	-302.85730233617534
2301	-302.8810767989038
2302	-308.6771104024093
2303	-304.0019882403348
2304	-304.0224478799312
2305	-304.16135500192775
2306	-301.2579966458773
2307	-301.9799737230352
2308	-304.4676885981881
2309	-309.24226053679945
2310	-302.1140044633055
2311	-310.22610952263886
2312	-303.9497928969122
2313	-303.93135922878366
2314	-295.2088087641861
2315	-298.1810608332354
2316	-303.1999329749664
2317	-300.5035238859138
2318	-301.7504472138893
2319	-295.9741192265796
2320	-305.99598874560786
2321	-304.6140285255554
2322	-302.37762143351154
2323	-297.8088136241741
2324	-304.85055908957895
2325	-298.90609380786384
2326	-302.2131418219529
2327	-306.89092753166926
2328	-303.4146258728882
2329	-292.33385304906716
2330	-301.00073427617104
2331	-302.88554340558375
2332	-300.0139000616564
2333	-298.6639848749136
2334	-302.6389036831157
2335	-302.54149335546515
2336	-307.10994592223534
2337	-302.22313871571424
2338	-301.6613207697716
2339	-299.64534998006695
2340	-302.1612280967561
2341	-300.3811524562223
2342	-299.7170851130018
2343	-304.95355364360296
2344	-305.7065653647381
2345	-304.7529158891776
2346	-300.6087136514291
2347	-306.52924632186074
2348	-303.42192782980567
2349	-308.4892577843377
2350	-308.6677960794776
2351	-306.4577489495169
2352	-302.36986423941636
2353	-304.33906841798614
2354	-304.74168065129174
2355	-299.1877047925485
2356	-311.8322594643179
2357	-301.51917532375484
2358	-306.8296062311338
2359	-308.24042780472206
2360	-308.0101483890791
2361	-300.15841096309987
2362	-307.76175110549946
2363	-304.7825321725547
2364	-302.4027107974466
2365	-305.2124210078237
2366	-304.820066292925
2367	-302.48946577163287
2368	-302.0097701759558
2369	-306.2281606609415
2370	-306.9563940959625
2371	-299.0205154707588
2372	-302.13380059597165
2373	-299.1086874624349
2374	-306.5676911837588
2375	-298.0171027265501
2376	-306.22632855802203
2377	-305.9426557765417
2378	-305.35977945399037
2379	-299.1120469876907
2380	-295.48670000000004
2381	-302.1343578452263
2382	-304.35758136940063
2383	-300.9112644358921
2384	-311.03596579462345
2385	-299.4676872327441
2386	-305.6905106653844
2387	-302.82030000000316
2388	-303.14446806318136
2389	-304.40784215924356
2390	-310.5762197129933
2391	-305.99126152490066
2392	-298.94780860250535
2393	-308.0784235333594
2394	-306.81416684799973
2395	-302.4909595400136
2396	-302.5273013124867
2397	-296.7336574544204
2398	-308.2842369059914
2399	-300.8977631641328
2400	-302.66673191024313
2401	-302.20891051869955
2402	-302.2696137196205
2403	-309.53934795301245
2404	-298.0788587135168
2405	-297.4957406765953
2406	-306.9927991031667
2407	-299.73145795848205
2408	-304.6318910099995
2409	-303.83568885150737
2410	-302.923930615072
2411	-302.6511751712812
2412	-296.96319881320267
2413	-302.4564006898481
2414	-300.654550592146
2415	-304.591282372627
2416	-300.91792175857825
2417	-298.2546298291127
2418	-298.4688921675107
2419	-303.12369027143757
2420	-298.2930639996016
2421	-305.5125600250418
2422	-300.97148228258163
2423	-302.5893624870628
2424	-299.91013625094655
2425	-302.1682582561783
2426	-302.4178923298016
2427	-310.22602679928514
2428	-305.3137082681975
2429	-299.9326794527985
2430	-302.07609753606476
2431	-304.87685953837797
2432	-297.91727996390904
2433	-299.77668204611984
2434	-308.4357220879348
2435	-307.8159978736746
2436	-300.99718749377945
2437	-304.27248492711834
2438	-302.35007719798216
2439	-306.10992922870855
2440	-301.5278446597677
2441	-305.9224236855932
2442	-302.4780046417143
2443	-298.54772990030665
2444	-301.5538216744142
2445	-300.1149
2446	-297.18660021660037
2447	-303.29792600252307
2448	-304.85932460606836
2449	-299.69877455129335
2450	-305.7168305849802
2451	-301.94201136571667
2452	-299.65106986857575
2453	-299.98999425619616
2454	-297.2059
2455	-308.39727212366444
2456	-307.6881646567665
2457	-303.99763775801705
2458	-304.9253692146174
2459	-301.76745674810223
2460	-303.677321648383
2461	-294.81078433217067
2462	-306.04986863209666
2463	-292.27782348125754
2464	-304.54333241066456
2465	-304.01194326527656
2466	-303.5352374859796
2467	-298.1404924127828
2468	-296.34020799748606
2469	-305.45439440821815
2470	-304.3359129748947
2471	-305.4651200607634
2472	-295.2071811333864
2473	-306.75768425558056
2474	-306.080981738093
2475	-300.10715332053854
2476	-302.1784093542497
2477	-300.80642522132564
2478	-307.01134567553
2479	-302.46406365837834
2480	-305.88609798051556
2481	-301.96096969011876
2482	-301.6469939957994
2483	-308.9768599803849
2484	-311.02676127816704
2485	-307.5651140255957
2486	-305.7277960138205
2487	-310.37429927952707
2488	-303.23154179231614
2489	-306.66590879222287
2490	-304.58180344306766
2491	-307.9134959876182
2492	-303.0346268851808
2493	-310.54169236872855
2494	-307.71493413953647
2495	-309.0383363123055
2496	-302.9539570666259
2497	-300.40994269547804
2498	-303.8606686626516
2499	-310.44728136429285
2500	-307.6762831850313
