1	-304.5647725310239
2	-298.7457703615038
3	-306.08792866046184
4	-300.2235272741273
5	-302.8354151175138
6	-310.9638767626134
7	-299.7964175389848
8	-310.1931175313515
9	-303.0816908379731
10	-308.6396588481064
11	-304.8890911977441
12	-310.7856901215531
13	-310.4263814821018
14	-310.30799966881324
15	-307.21493244377945
16	-306.45710555051755
17	-308.4515780301534
18	-301.87205371376956
19	-302.25258513601995
20	-308.2774391873529
21	-310.6153054069491
22	-299.0935021481445
23	-311.2615231539455
24	-306.96092938457497
25	-310.0495787447262
26	-306.5787743785264
27	-309.60536890838006
28	-303.47295153731187
29	-312.567627429828
30	-304.26369734090866
31	-306.99464770487026
32	-305.97845055663004
33	-303.83429467508046
34	-305.0898883654676
35	-304.45597485107095
36	-300.93886997892713
37	-307.33194689681017
38	-308.75581454592856
39	-303.65103906767723
40	-308.68583924737146
41	-305.4074346074875
42	-305.1280461694365
43	-309.73095834507035
44	-299.67185051026013
45	-299.9587090502853
46	-307.9638050583373
47	-303.31513345641235
48	-308.4321307192286
49	-309.3253374380006
50	-309.05971628011343
51	-310.96055533913966
52	-310.49947084768854
53	-301.5123118672638
54	-312.0461514071803
55	-299.65416245818454
56	-311.2022258457167
57	-305.75257757014555
58	-305.0959612619105
59	-306.74604718499444
60	-309.392655233809
61	-307.9948624026156
62	-308.000979912373
63	-306.5117983957529
64	-307.09850689374406
65	-309.70109604563214
66	-304.0898474660865
67	-302.6981124700758
68	-309.2414414442663
69	-305.41138254215474
70	-298.8208394334754
71	-303.12231563687146
72	-307.11019608249336
73	-307.7119821758824
74	-305.5564915040983
75	-310.09186040952204
76	-301.32928463487565
77	-301.0161652267942
78	-297.83441910366275
79	-303.8616767937698
80	-303.71968277226944
81	-302.7059597795959
82	-301.74812410593614
83	-302.5671276382454
84	-301.86523464525715
85	-307.23082883369494
86	-309.92190567932073
87	-299.54304485284354
88	-301.778821948467
89	-307.99212876697476
90	-305.822916119937
91	-313.255871763268
92	-301.15594741133606
93	-305.1514055426034
94	-308.08391639285924
95	-312.59338719843663
96	-313.1468618408676
97	-310.3420096638697
98	-306.45228235215865
99	-310.28318382118175
100	-308.0491063751211
101	-309.8485650418545
102	-300.02943623481093
103	-309.36466115253853
104	-312.9930695493938
105	-308.9856891537352
106	-303.63633502345056
107	-311.3956293604876
108	-305.4818289190414
109	-302.56558554951005
110	-302.2203629328527
111	-313.09057192094093
112	-304.2842919660464
113	-310.5009482282807
114	-309.02102276905566
115	-307.51733486199953
116	-302.89391277526494
117	-307.68572229085476
118	-307.51824641464003
119	-309.22675397296166
120	-307.24207487944796
121	-305.7006554094188
122	-306.865864296625
123	-313.2296483648341
124	-307.6252448921518
125	-315.1351453347512
126	-313.8047364075776
127	-308.1785251049354
128	-303.48470253584503
129	-303.12870244112304
130	-305.33735022107663
131	-305.8369289680376
132	-301.3103359665682
133	-305.4880119348849
134	-308.6779462285762
135	-311.69857567216206
136	-303.7280237277244
137	-297.34205944151654
138	-299.34312114832903
139	-307.5102818480578
140	-303.15960776223756
141	-303.55530160712306
142	-310.84433567209794
143	-304.93727780470766
144	-302.6347591776611
145	-307.4198314189459
146	-304.8670934223086
147	-308.4337438814854
148	-305.29161779160336
149	-309.8571988252362
150	-301.07720401512336
151	-307.14499305522725
152	-303.0484832300002
153	-303.48114589837144
154	-308.81556633791234
155	-305.17441742695786
156	-309.60068560958433
157	-306.06057420144174
158	-304.143310157207
159	-309.4264093386788
160	-306.9780131176243
161	-304.38934841397725
162	-307.84367928018656
163	-304.1956143476776
164	-302.37044016553097
165	-306.240203330422
166	-299.11997233142955
167	-303.13584701430955
168	-305.3816012745907
169	-301.0237065806608
170	-305.51720816556286
171	-302.292937150132
172	-304.8949685862161
173	-305.5024460566229
174	-306.983134290587
175	-306.8263923055819
176	-308.69047174396434
177	-300.4000374114335
178	-311.49799211189736
179	-303.78502141754234
180	-307.5493408173978
181	-300.16784996128854
182	-305.90932235077634
183	-312.8336727293487
184	-303.43911203719324
185	-306.54784579256943
186	-302.2509834266628
187	-299.35578259061174
188	-307.0314099941848
189	-305.0949398848912
190	-300.85054159069887
191	-308.8621122962698
192	-306.3686376292315
193	-312.2671659462347
194	-303.8048913332531
195	-302.0762902200124
196	-305.35432301874863
197	-307.6488602077776
198	-311.1812927201768
199	-304.39287577794477
200	-311.4826393171095
201	-305.9459929221622
202	-307.4457592869216
203	-304.4649761595711
204	-304.84699998700074
205	-305.3439811218471
206	-302.695144437094
207	-303.2950492493975
208	-306.835700291563
209	-297.32021152737855
210	-304.78151231262837
211	-309.51015292976655
212	-306.3456629652005
213	-308.6270516055761
214	-308.7048299890349
215	-306.53265815373356
216	-303.43863977823514
217	-307.26393122124045
218	-309.39036038212004
219	-307.0010316505032
220	-305.4890052320438
221	-309.864117259959
222	-307.8930745369016
223	-307.54652270370303
224	-307.95833605604776
225	-307.8021671001338
226	-305.1650934263605
227	-309.1251903764922
228	-306.07450072530503
229	-301.80181507739684
230	-306.856908638133
231	-298.8658514648292
232	-309.92192451626215
233	-310.17265095450165
234	-304.41226298948953
235	-304.8386982951671
236	-308.2295158329078
237	-302.33118589323396
238	-308.83258147473913
239	-304.214059253545
240	-305.3578898780368
241	-306.5412346218329
242	-306.5804882067472
243	-296.53627060247845
244	-304.0991106401367
245	-310.1894331629227
246	-302.8877702179647
247	-309.05885101203546
248	-305.0285409081261
249	-309.4325156263826
250	-305.5019720628719
251	-305.39701719837075
252	-308.89839516320257
253	-306.34159579150764
254	-308.9418040820007
255	-306.07198712383376
256	-302.8982904957137
257	-307.6832409330073
258	-305.71329358824823
259	-305.58684524380993
260	-304.02571001906654
261	-308.3535016401383
262	-299.6388050189745
263	-306.85229355467146
264	-299.9138014203141
265	-306.10721960170025
266	-304.0443591060296
267	-307.3312862196307
268	-308.91387705949427
269	-302.2185653624327
270	-301.45567960779795
271	-305.7620234021313
272	-308.4345076069709
273	-301.6281528833487
274	-307.10932146974284
275	-304.59330651662816
276	-307.3761818620795
277	-306.03457389415235
278	-298.3214099903186
279	-306.4834636987658
280	-305.4744718358055
281	-306.0467474713997
282	-297.6146963963436
283	-302.4123320495134
284	-303.17860168279196
285	-306.5376492399826
286	-307.01465905172324
287	-301.9105788025112
288	-301.69276616168537
289	-305.72342095227407
290	-303.5715273232435
291	-305.3725060830763
292	-307.057246472048
293	-311.27700392246913
294	-305.4620520255082
295	-306.6660332067007
296	-304.0405646810982
297	-309.0644616437655
298	-309.6329295307772
299	-304.157569119842
300	-300.4421931873157
301	-303.0577097302284
302	-311.2006677366572
303	-310.59425289774555
304	-306.9356664941045
305	-311.5832783042607
306	-296.76531091263536
307	-313.08159132947935
308	-300.5091068942693
309	-302.0967378853744
310	-308.05954730918836
311	-307.16692865027386
312	-306.9540811523103
313	-308.3788450504462
314	-307.47538356883405
315	-299.63982177574064
316	-305.39728420278203
317	-302.7282916766285
318	-305.8852010165739
319	-302.7438773968849
320	-306.7773161643444
321	-304.49987518092564
322	-303.43439461834686
323	-309.0198353110709
324	-300.36921551109134
325	-306.7860111536049
326	-309.68443349508374
327	-306.0496858716977
328	-301.3659928565898
329	-312.0395395123649
330	-301.56301902139523
331	-304.38322944801723
332	-306.6280814582833
333	-299.1428100350357
334	-302.19318420799624
335	-305.05883592004795
336	-306.5499210578764
337	-303.53279914303204
338	-302.10902058272876
339	-307.3167185957347
340	-301.5935063981091
341	-301.24808978269056
342	-304.6733766780572
343	-298.615229765221
344	-302.292013265942
345	-297.4267570780277
346	-299.4678459216092
347	-306.14477029750503
348	-302.99211461076624
349	-306.1303505158139
350	-308.4524064755974
351	-302.6866459444925
352	-302.0430181425315
353	-308.80254568235466
354	-306.83376055102246
355	-306.97911099511253
356	-310.8358682259387
357	-301.68845602759444
358	-304.53608456830466
359	-304.58436860028775
360	-301.0924846925978
361	-304.2196188895694
362	-310.11197944563065
363	-306.88809551214996
364	-311.8613151780454
365	-312.10496944910284
366	-310.2930171267754
367	-308.19125017754124
368	-310.84775557893386
369	-310.31550338912746
370	-303.44277208391884
371	-306.6669421700141
372	-309.7080706463289
373	-301.87331949095704
374	-304.50396593614596
375	-304.19333092411784
376	-307.1055747037042
377	-307.10627820931546
378	-304.50622319386343
379	-309.09865158974515
380	-301.0864469262707
381	-303.4676055170918
382	-304.63174069721924
383	-306.900932593115
384	-301.4677936654523
385	-310.4041499523117
386	-311.20953700333433
387	-306.58144409662174
388	-311.2485453927672
389	-302.4091441592646
390	-304.4460904064415
391	-309.3334524353815
392	-304.7622053220995
393	-308.8241146679216
394	-303.5985818892798
395	-300.3707503034001
396	-296.3462379161388
397	-300.5589813073863
398	-306.7360627169058
399	-303.6495752232618
400	-302.73512150170654
401	-306.1897393489304
402	-302.9747583952251
403	-307.799770108305
404	-305.3448505053392
405	-307.37843738517074
406	-307.4339031306273
407	-297.981097188902
408	-309.3625380469826
409	-307.04588905417125
410	-308.1726350211445
411	-311.576641650218
412	-304.80556586786287
413	-300.4025934651014
414	-308.32506979007616
415	-303.0587868472959
416	-308.6556390311208
417	-302.4818389029364
418	-306.20912867716504
419	-304.90602022789307
420	-305.85840001066816
421	-304.3637290583705
422	-302.2939582685799
423	-298.62492506791506
424	-307.3738256396391
425	-306.60398016622446
426	-302.7368008795724
427	-308.0635262684511
428	-296.8456935953904
429	-301.4806977825165
430	-301.2527536748392
431	-306.1573221281107
432	-303.6891222560275
433	-303.05607994697186
434	-301.06979142167853
435	-306.2743051518819
436	-307.42566724991826
437	-304.4805211032613
438	-308.08206615025927
439	-299.89461248727855
440	-302.9501829520986
441	-304.87771016560714
442	-294.9313080480267
443	-304.3029302062378
444	-304.2093117032183
445	-303.35598232258496
446	-308.18544396938074
447	-298.0222523218933
448	-305.7146369509072
449	-304.2593486984333
450	-302.0671710167708
451	-303.5556318232906
452	-307.6013214285078
453	-301.31565726372645
454	-302.1332437859498
455	-301.33421586415176
456	-299.69969609665065
457	-308.4641367333524
458	-303.3185027481368
459	-303.2863318348214
460	-301.49096199023705
461	-306.7894025028098
462	-307.03619998406543
463	-310.33421857135454
464	-297.98593532335497
465	-308.9485533705282
466	-310.15027339480264
467	-302.49407918577333
468	-303.715902779699
469	-300.60603701755304
470	-302.4098985179631
471	-303.5072661417173
472	-300.5137317514506
473	-306.9746019122836
474	-307.48946952640705
475	-304.0312193971491
476	-309.12912141319924
477	-306.2740100242328
478	-303.84170550546975
479	-302.1622070019267
480	-304.24619819498844
481	-303.7364700700912
482	-309.46349788033973
483	-306.91889672644703
484	-298.8549377006946
485	-304.13348304683586
486	-303.15580384310545
487	-305.02754467220313
488	-293.3629746226735
489	-297.6549766141338
490	-297.8549002929579
491	-305.2909004076465
492	-303.08341278355056
493	-300.5037417821649
494	-302.94642064983896
495	-304.3362000009663
496	-302.6436619939342
497	-302.94002875459097
498	-310.0047351971825
499	-303.2338402767174
500	-301.60269043797024
501	-306.8033230720906
502	-293.00245521657405
503	-297.36472407779934
504	-295.00424226740796
505	-305.9420141724803
506	-307.8116493075481
507	-300.3706564430203
508	-302.10357747374707
509	-309.40189469296786
510	-304.08203786344814
511	-315.2408023137257
512	-305.58091990613036
513	-307.0397644499462
514	-301.77200402504974
515	-300.41151482488004
516	-295.1880641949941
517	-306.33276722310353
518	-307.59597834612424
519	-296.77533577858765
520	-296.19930364264945
521	-302.94969463756564
522	-300.8839625850881
523	-299.4370937282568
524	-294.8653417894623
525	-298.29240000000004
526	-306.51321861852085
527	-302.8169609535882
528	-301.2215530226546
529	-305.75963126575795
530	-302.4484244177116
531	-307.15979984016445
532	-307.9234251392188
533	-302.425570548849
534	-299.3904676083167
535	-301.55141403714134
536	-308.4440491828858
537	-298.9987134281166
538	-301.71752805593724
539	-305.96251997447547
540	-305.1463524023164
541	-301.9786405317377
542	-302.54202014166566
543	-307.90053770916654
544	-306.31127679927533
545	-301.4872411716225
546	-300.28144630552316
547	-304.8324625094654
548	-304.0769593289541
549	-303.6889651206733
550	-305.55153650300986
551	-304.62826738163636
552	-301.15605434313653
553	-303.1967584397114
554	-298.10750143476076
555	-307.04503987676947
556	-304.0383468894752
557	-305.1198979820751
558	-307.6485563833225
559	-299.8762325674018
560	-304.1994000624597
561	-311.2999225645677
562	-300.4847844731123
563	-301.5544357230912
564	-303.2382036794669
565	-295.6698411658036
566	-303.0277487444226
567	-302.1870406435327
568	-308.1871977456781
569	-300.77728455359176
570	-303.2582995478063
571	-301.3346535754294
572	-307.94302877408626
573	-298.08329951282076
574	-304.9816160447794
575	-306.8677256889442
576	-302.5159631631394
577	-305.7391063627869
578	-299.23821553590693
579	-301.26106115191266
580	-304.5358355816028
581	-306.2445255889192
582	-300.63692501827256
583	-301.9453985984952
584	-303.73497314696493
585	-300.6469712220781
586	-304.0473685998912
587	-308.6176974455758
588	-304.6577287734022
589	-301.63831496378486
590	-303.64802182642444
591	-306.263064841112
592	-305.31364563003893
593	-302.81459207060345
594	-306.8310167439324
595	-303.1270053922839
596	-307.4320446197001
597	-310.5251108868879
598	-306.98646879204426
599	-307.11422302342055
600	-304.69430602738464
601	-305.21658121392204
602	-307.36042474152634
603	-299.8803986621699
604	-309.77505281502334
605	-293.7937808836598
606	-302.4923655358442
607	-304.6634637960284
608	-302.2862859908736
609	-297.35199275037013
610	-306.0732334193016
611	-301.05005312897987
612	-302.4004822004893
613	-302.6126337789737
614	-305.69414801969776
615	-298.7830934868886
616	-303.78959600244133
617	-302.8558935415186
618	-303.73533734300355
619	-307.6079197154488
620	-308.94968102318177
621	-310.2243652380749
622	-307.436470291658
623	-302.0454169983513
624	-306.6813060306314
625	-304.87819632058296
626	-301.3001188492651
627	-302.46071141538965
628	-298.93363607723074
629	-298.7623808742521
630	-309.2173862256047
631	-307.0938115012303
632	-308.3262255557673
633	-309.95410036990546
634	-304.20250421221436
635	-301.51221807744247
636	-300.85071068127036
637	-301.418419111313
638	-307.1883313689342
639	-298.83244556620605
640	-296.2050491603302
641	-307.4579978948571
642	-308.3479487947569
643	-304.4200626579747
644	-309.0051419209598
645	-304.53190476118505
646	-304.3845764340065
647	-304.40632748324344
648	-301.40664474216294
649	-305.24884027775835
650	-306.0149760118119
651	-295.3085367606434
652	-303.6032230759993
653	-305.20787234051045
654	-305.35645310962434
655	-303.2749843684825
656	-297.866848440799
657	-303.44547670094613
658	-307.9051335439461
659	-307.2334098085137
660	-306.9380401818784
661	-307.5484739488255
662	-306.8303813355316
663	-303.1563396324229
664	-300.55818043190567
665	-304.7324557090233
666	-302.9217685826858
667	-303.9428834519192
668	-306.608351108798
669	-308.0244370871367
670	-302.97615946738773
671	-306.07782702698495
672	-302.5025886407079
673	-306.11306250618867
674	-301.5651964177144
675	-300.36760876394595
676	-304.0931436181277
677	-306.2546892914457
678	-305.97546168423213
679	-308.42661383020175
680	-294.3017174959706
681	-307.4076427891747
682	-306.4087517278333
683	-301.9628187041462
684	-303.8985693249714
685	-305.4284223510685
686	-306.0213208600285
687	-301.9882822940877
688	-305.89395159750177
689	-297.0524358789269
690	-306.3495103287531
691	-300.2762319895615
692	-310.8111985080112
693	-300.7027073677701
694	-297.94289842778124
695	-307.0097883373963
696	-301.37804512742736
697	-299.04151496270333
698	-305.3141201144903
699	-308.8765311673265
700	-305.4044797109237
701	-295.4191247803394
702	-303.748051265817
703	-305.20627770942303
704	-309.4200226580022
705	-307.49363573278936
706	-303.5219156476627
707	-302.15157184821214
708	-309.11430005387786
709	-303.0878179832772
710	-300.245189215028
711	-298.5094671565941
712	-307.299307868237
713	-306.6767990678364
714	-301.65900687608166
715	-301.9230587442301
716	-308.3068334085295
717	-307.7293574646428
718	-302.674382890055
719	-304.19963588177376
720	-306.06614638014
721	-299.4648730277038
722	-300.7896517221619
723	-304.75241354793604
724	-306.22537968703847
725	-302.0715902137394
726	-303.5966670573411
727	-299.4307141704677
728	-303.8396702514081
729	-302.847493785391
730	-300.34374577064096
731	-302.67556441427513
732	-308.11390006176305
733	-305.5768453155885
734	-299.628710465307
735	-302.00244290119036
736	-301.5277189128797
737	-297.3103947529177
738	-305.70247989956346
739	-303.5717469567081
740	-301.9142367812783
741	-305.6692085261091
742	-308.2044542754879
743	-296.2720035463856
744	-303.44656672563235
745	-308.96632671326154
746	-299.20285848797306
747	-303.85699245849213
748	-305.4029081377899
749	-299.7947866072317
750	-304.80599717722606
751	-306.60260076167566
752	-306.09036938725603
753	-300.8188955499676
754	-305.158
755	-299.48083786937843
756	-304.00521141947377
757	-306.8243438943718
758	-305.5700899199398
759	-306.26367267088875
760	-305.30612533027386
761	-306.24370205745237
762	-307.02143411623376
763	-310.9207081749186
764	-304.8177966042779
765	-301.9971642001929
766	-305.8649944793547
767	-310.2652514822932
768	-305.1988808416986
769	-302.67744355883497
770	-294.7176845510091
771	-300.6261528473668
772	-298.45357210857435
773	-306.7102777331348
774	-303.6756025180868
775	-304.82759663131026
776	-303.63137547110574
777	-307.6925569110937
778	-306.7720136980144
779	-305.453914720863
780	-309.21214278012025
781	-306.036498232028
782	-305.6126
783	-303.08514964195206
784	-302.6760507365241
785	-299.9559768555608
786	-304.0634059377261
787	-307.16872125530404
788	-306.50479081747676
789	-296.31320162453596
790	-299.02309459311186
791	-303.1751069484117
792	-301.1380855319431
793	-303.1459178392598
794	-300.05960359170234
795	-310.71076684016634
796	-304.05190485930086
797	-308.916663737601
798	-305.2394241726647
799	-299.8515809141278
800	-303.59237669758704
801	-306.1691682813519
802	-301.91389924512015
803	-299.6034737028381
804	-299.6634949381369
805	-300.7779000272881
806	-302.8657254747552
807	-303.2571733833642
808	-293.07882521786524
809	-298.83732327899116
810	-307.6558857458553
811	-301.48528320102804
812	-303.6788347625023
813	-307.868011022348
814	-308.1462606768089
815	-300.300837633813
816	-307.4783210325243
817	-298.380774357362
818	-306.23706280093165
819	-301.18311776200704
820	-308.1555241301042
821	-303.03867443816983
822	-309.62668618503466
823	-311.71123343003575
824	-303.66653789215974
825	-309.4853601801017
826	-305.06834528517174
827	-305.91119192473116
828	-298.6827006054415
829	-306.14640213670293
830	-304.167609394362
831	-307.47137645235915
832	-304.3381254240504
833	-304.28093690757305
834	-302.0760467766259
835	-303.0775187774753
836	-306.7750467047012
837	-297.6720334777953
838	-305.1787035639734
839	-310.3340756608153
840	-307.9978915993149
841	-304.69120022993235
842	-299.27220824937007
843	-305.4900112620848
844	-304.4932439204764
845	-307.0400524965676
846	-303.36129872110615
847	-308.86769925298586
848	-308.4301876621703
849	-308.54592829702
850	-310.20152566963714
851	-306.67411972371224
852	-309.8298253311791
853	-310.23903650892527
854	-312.10471567562666
855	-307.6637424442079
856	-304.8928071922542
857	-307.5881966617629
858	-304.65553304290864
859	-303.7976470819221
860	-304.7977034616198
861	-300.0685987852237
862	-308.32716709368987
863	-303.00144206606694
864	-302.32937131867357
865	-301.28955333442553
866	-302.8179095296213
867	-307.85955053084575
868	-304.57031172396273
869	-307.22001499432344
870	-306.6125269160928
871	-298.7906448031206
872	-308.93486642659616
873	-306.51388919693574
874	-303.3627554690199
875	-303.7606650700425
876	-299.1918623655299
877	-300.3206971443428
878	-297.6104128334606
879	-305.4404790741131
880	-301.62207954892267
881	-305.5560511340488
882	-311.31899330085633
883	-311.2510279841966
884	-311.29916673972974
885	-310.7309849484741
886	-309.47242184777656
887	-307.75387651250395
888	-303.6293076483458
889	-309.2099763777396
890	-301.0908051888195
891	-308.2214414881139
892	-300.76936519409503
893	-302.5743663632841
894	-307.0503695164374
895	-303.12012434474855
896	-306.5964061856635
897	-308.9106065925764
898	-303.8335308007183
899	-301.55127931186234
900	-309.07983942601004
901	-297.45997254594414
902	-305.4951440990435
903	-306.7925533747741
904	-304.85163616809984
905	-305.83739089466206
906	-302.29729126312697
907	-300.38276075358766
908	-303.9769233319309
909	-308.67826352927347
910	-303.9756066302482
911	-304.7624244792179
912	-305.189576373831
913	-301.9961610078525
914	-302.1956344465617
915	-309.553896719973
916	-304.4768758490087
917	-301.829315721275
918	-299.9789856846144
919	-308.7215714728305
920	-304.95354781404257
921	-302.43345856126155
922	-299.4467063060271
923	-303.96355788713424
924	-307.9319619550254
925	-311.0577482035819
926	-306.9769162036737
927	-306.82451896714684
928	-304.3497337185356
929	-309.10609231897877
930	-306.0729026848091
931	-307.6815024988696
932	-304.62535762658746
933	-309.33437393914085
934	-309.3343042026847
935	-307.81799353221635
936	-309.22576297447273
937	-303.51390825304765
938	-297.5389626312693
939	-307.1193710401964
940	-303.43525608967104
941	-304.2978567041205
942	-304.25064297164545
943	-297.0119169556933
944	-309.1043284480898
945	-306.32182390371634
946	-300.8335472066261
947	-305.57417385679275
948	-308.41667865996396
949	-310.8400285263297
950	-307.5154597660299
951	-311.29663004940414
952	-305.7122652005106
953	-306.67918061633486
954	-309.22705151853154
955	-303.53131123556045
956	-300.73769227136023
957	-305.2205189421269
958	-308.88550807401333
959	-303.2362812305164
960	-309.77194247567184
961	-306.9983702673564
962	-305.55567889155384
963	-307.78231491547297
964	-308.6179609573653
965	-304.0330613305859
966	-305.1062917526773
967	-306.2827834072809
968	-301.87856464404274
969	-305.82541020370115
970	-302.6797844051753
971	-304.68800386677555
972	-302.5710149008928
973	-303.3483048355987
974	-297.61455342035066
975	-308.7279346440469
976	-303.04138290512947
977	-308.1074047674353
978	-303.91342189890025
979	-307.0884253329855
980	-308.7379619593889
981	-306.2210184987484
982	-302.9889407272268
983	-303.38576709043883
984	-306.49262645965075
985	-306.7172216593947
986	-311.13558299113697
987	-306.17062494210006
988	-292.32295440780445
989	-308.7252972695931
990	-302.03072442097897
991	-306.40687346283175
992	-308.50893632630005
993	-303.7291062489204
994	-305.31365365926837
995	-307.5043344150499
996	-306.4343824572989
997	-305.28300925369194
998	-301.6253729276371
999	-308.8589041879098
1000	-304.0008282148777
1001	-299.5921004691088
1002	-302.0838881938719
1003	-307.2363508854522
1004	-308.952233613157
1005	-303.51188744204865
1006	-305.1320209713824
1007	-302.2073359939985
1008	-306.7776065422781
1009	-303.9681416627074
1010	-301.1572695832773
1011	-310.1594473739784
1012	-305.65009407492386
1013	-308.532949074316
1014	-307.2795742370127
1015	-306.94331003941716
1016	-306.2294659786853
1017	-310.02629760032903
1018	-307.7795444034349
1019	-302.43730853115676
1020	-301.29411483075324
1021	-301.87497975569903
1022	-304.44943462605744
1023	-302.1919263092343
1024	-302.1179590901681
1025	-309.3052268186799
1026	-307.7893975528986
1027	-310.05761496482745
1028	-307.5213269935327
1029	-304.44519721656826
1030	-304.65211258114095
1031	-305.9916776498701
1032	-297.8479117666655
1033	-303.8793009082239
1034	-298.1328115171212
1035	-308.5221826561703
1036	-302.98995339958856
1037	-304.5087923168241
1038	-310.1274799093172
1039	-305.4213167686972
1040	-307.3354509729406
1041	-307.4135485948145
1042	-308.5736083960118
1043	-306.6052045518947
1044	-307.3477122437126
1045	-302.00056437870853
1046	-298.54960122580644
1047	-306.7212213646569
1048	-302.20336665129486
1049	-305.7004484010563
1050	-312.3738730544956
1051	-310.0013716306688
1052	-310.1249307173122
1053	-311.3550283516717
1054	-304.5069360802196
1055	-305.47315027303006
1056	-306.5311872132246
1057	-307.9739365771599
1058	-312.1607068144888
1059	-313.1483437821733
1060	-308.5682449223898
1061	-314.1493452161007
1062	-308.2232626024016
1063	-305.6242383218216
1064	-309.5081670689422
1065	-308.1534642319881
1066	-302.49108506502955
1067	-302.3321611308643
1068	-303.1341713055919
1069	-310.96214304979526
1070	-305.77421201329
1071	-302.86526937237
1072	-302.46750558680606
1073	-302.83322909127867
1074	-307.0188546266264
1075	-305.1134388452433
1076	-303.7421736360507
1077	-309.1449230793811
1078	-311.54299829591304
1079	-310.02903720724714
1080	-306.5025088619867
1081	-301.4902632427452
1082	-305.34047619902276
1083	-306.0965083530102
1084	-310.1210067378083
1085	-307.9217143495089
1086	-309.21817454651074
1087	-303.2782775256794
1088	-303.85071180283853
1089	-306.6524411560315
1090	-312.0388127971819
1091	-308.44620340867556
1092	-312.3114274612145
1093	-303.7902692504263
1094	-304.6151541812049
1095	-299.1712261607195
1096	-309.28967591290126
1097	-302.5112953552478
1098	-313.50116337507905
1099	-302.2322482242044
1100	-315.85764443777117
1101	-308.3110554438192
1102	-312.8220004894512
1103	-306.7616267293895
1104	-309.10893635052685
1105	-303.5866407233316
1106	-305.2894762570097
1107	-313.9264309751561
1108	-312.8385366891283
1109	-310.55912355235336
1110	-303.63374467500853
1111	-309.32950070042875
1112	-309.87426737905986
1113	-309.607859408151
1114	-311.5648471012923
1115	-301.89287941706755
1116	-311.5851811765039
1117	-306.19032355145595
1118	-309.9099905775019
1119	-305.9675650929279
1120	-304.07536267373825
1121	-305.6481447393161
1122	-303.73847348932895
1123	-313.0499467419933
1124	-309.62644764268146
1125	-308.01645568611497
1126	-310.0499987369608
1127	-311.51965724560176
1128	-312.6846780446311
1129	-301.6356525029075
1130	-307.09705815041195
1131	-312.5079614989845
1132	-310.3072285233196
1133	-307.3843669942344
1134	-299.1130984535541
1135	-314.2629861853893
1136	-308.8135912734821
1137	-300.5794130837709
1138	-308.2446721290277
1139	-306.56290053032546
1140	-308.7624787712425
1141	-302.00310774049126
1142	-304.4355187315309
1143	-306.9111729874778
1144	-296.1542631662559
1145	-303.87677374586895
1146	-307.91450448845353
1147	-301.58781693275216
1148	-306.7760989719037
1149	-309.28949964426903
1150	-309.8580208830364
1151	-309.09139516578284
1152	-302.1478499476038
1153	-305.6289846229625
1154	-303.4340826470264
1155	-297.0983309023314
1156	-310.5650756889458
1157	-308.33988739730097
1158	-305.11813793871033
1159	-310.9070571576291
1160	-306.31886143003254
1161	-306.50023302096776
1162	-304.67570770809874
1163	-297.26114106886587
1164	-305.63996638567863
1165	-306.10734645807736
1166	-299.2438193377702
1167	-296.7690248687976
1168	-296.1315331039195
1169	-305.130913969689
1170	-303.8739450369202
1171	-304.51116045789524
1172	-302.3565565367648
1173	-294.8698532130753
1174	-302.7926014478341
1175	-303.1678883541818
1176	-310.27890227003735
1177	-305.3338348878217
1178	-305.04582333926146
1179	-300.0922953825775
1180	-302.1440972195228
1181	-302.08648041899704
1182	-300.260165684355
1183	-301.7280404980609
1184	-304.2856000000003
1185	-299.72185757229164
1186	-298.81769754378143
1187	-294.83441462639706
1188	-300.8153758639389
1189	-300.3425548302165
1190	-301.04619313157167
1191	-297.1312734243747
1192	-301.36215539640614
1193	-303.97389058905895
1194	-307.6290185495078
1195	-300.7617437987794
1196	-292.6652000523187
1197	-298.5230955502342
1198	-300.3409703602166
1199	-302.1250926440362
1200	-300.0334000006279
1201	-298.4092599312996
1202	-299.08830561426555
1203	-307.6664315202882
1204	-307.81546579266023
1205	-299.8361455110983
1206	-293.0126668326591
1207	-303.3880651671053
1208	-301.0168392987477
1209	-303.2486
1210	-305.8275099776302
1211	-298.85723248845846
1212	-304.2899897227826
1213	-306.265199287035
1214	-311.7279991485845
1215	-295.9060463031876
1216	-309.64325831466624
1217	-305.9846342219877
1218	-302.41375924482776
1219	-306.65377442905884
1220	-306.51373114156706
1221	-307.60672988581945
1222	-298.1119654078517
1223	-303.0627290659807
1224	-305.871756273645
1225	-304.2082968646231
1226	-305.3714849048501
1227	-305.2634640878492
1228	-309.61777876975896
1229	-301.70179325239917
1230	-303.17977006390606
1231	-306.73209024944487
1232	-305.2160673769519
1233	-311.04187392732894
1234	-300.14529382578655
1235	-307.3149704873332
1236	-304.24147178461675
1237	-302.174518780185
1238	-309.8914598045857
1239	-302.45132991484627
1240	-306.8183641537442
1241	-307.18962532507805
1242	-303.79234742620974
1243	-306.4202349971073
1244	-301.6361750627665
1245	-301.793034425594
1246	-298.1527482625433
1247	-308.9926393164148
1248	-305.68056807761366
1249	-301.4324345145843
1250	-296.70206451033647
1251	-300.9454787115549
1252	-301.17377411425554
1253	-299.3090293028858
1254	-300.4817811970606
1255	-296.4579998129779
1256	-299.99431614185664
1257	-299.74840927158033
1258	-301.94768867435846
1259	-297.6553587827132
1260	-304.6788704381119
1261	-307.21089425761755
1262	-297.57691099964086
1263	-296.5742861381493
1264	-307.55598767674496
1265	-305.3999454278563
1266	-302.27240745689465
1267	-306.1951311435029
1268	-302.2340874123094
1269	-298.9307438149312
1270	-302.94590370415716
1271	-303.3767576123128
1272	-307.1959065143612
1273	-306.91234059353246
1274	-299.5731526213025
1275	-301.7669254040984
1276	-300.62630062981833
1277	-300.73567515330296
1278	-297.94937470134397
1279	-302.85114004047597
1280	-303.34345955517205
1281	-307.10496982645884
1282	-305.9418212415696
1283	-308.28560377354154
1284	-309.61886959113036
1285	-308.86275060266496
1286	-311.52516040003377
1287	-300.38578009418603
1288	-301.5105666419041
1289	-303.09639231806295
1290	-304.0787611323516
1291	-305.41402678131186
1292	-295.634373344137
1293	-300.9320708834922
1294	-306.8929440646359
1295	-301.5014519382488
1296	-308.98069228496166
1297	-298.0654339343669
1298	-301.39474733830707
1299	-301.55995596203235
1300	-304.14921641973973
1301	-308.68497411545354
1302	-309.50349891204155
1303	-306.98714096405354
1304	-301.78068519881816
1305	-303.61714515068513
1306	-303.7900641221189
1307	-303.47890390684887
1308	-302.3734345851361
1309	-298.3579667798681
1310	-303.4800450185166
1311	-299.1725419038834
1312	-306.3923942303803
1313	-302.43252931848207
1314	-305.6625891617003
1315	-301.77110241696874
1316	-301.03773512956
1317	-296.6141370671508
1318	-306.05669648133676
1319	-295.6494973688937
1320	-305.2094471253607
1321	-302.00326612007257
1322	-307.6808877882549
1323	-302.27027928619447
1324	-298.5984630653834
1325	-301.78523755506404
1326	-302.79567273357736
1327	-301.6501346129432
1328	-289.44149987531335
1329	-303.33224724904835
1330	-301.9619687852494
1331	-296.8614281515089
1332	-302.37258020440896
1333	-308.66547587374913
1334	-301.6594287124784
1335	-304.32632449330276
1336	-295.2637509391252
1337	-305.3509721136621
1338	-309.4978717868378
1339	-304.99706609857725
1340	-299.69821187973207
1341	-304.6425760156411
1342	-302.5394412871673
1343	-304.4511522633992
1344	-303.4302361826813
1345	-305.2366133478446
1346	-301.47759994228045
1347	-303.97217915897306
1348	-304.5879612908737
1349	-304.72113985448954
1350	-298.0056767601545
1351	-304.44259999999997
1352	-301.7122434077125
1353	-305.7434000107194
1354	-303.90892484839975
1355	-305.25373402670925
1356	-304.320363593872
1357	-300.09184084319674
1358	-298.15749357598304
1359	-306.06804057157666
1360	-310.09405799218626
1361	-306.99270000000354
1362	-304.9821586582434
1363	-305.56851827346287
1364	-310.60828424516035
1365	-305.37394031965556
1366	-308.65508274014593
1367	-305.57516341871866
1368	-304.522857278342
1369	-309.2255906437246
1370	-306.3735182811881
1371	-303.6467407629139
1372	-299.2962519857034
1373	-302.16859040615424
1374	-297.33216686909265
1375	-306.88200292901007
1376	-302.50453587413796
1377	-300.980412959807
1378	-304.4012243084952
1379	-301.1218961727991
1380	-309.9358632029036
1381	-306.31332846814314
1382	-302.6678770308689
1383	-305.08776762407575
1384	-299.2537786701225
1385	-305.97394005897496
1386	-303.13043255853404
1387	-310.1129443582134
1388	-311.10584142097787
1389	-309.7506798036035
1390	-308.6193843201293
1391	-305.3076048753737
1392	-305.63728285889414
1393	-308.39121510535557
1394	-302.7032613843326
1395	-301.2265476263416
1396	-302.5606506235371
1397	-304.55882968839416
1398	-305.0242215445264
1399	-303.8692515682594
1400	-307.94891248808466
1401	-305.711088671181
1402	-304.4844019842248
1403	-301.98806146114555
1404	-305.5122630956012
1405	-311.90701227388706
1406	-307.0052130418918
1407	-300.4482574331857
1408	-303.47764414814463
1409	-312.2227344683666
1410	-314.10646657726153
1411	-296.50464334723284
1412	-301.888116428993
1413	-308.03969018336295
1414	-302.4576806286227
1415	-301.8220122251684
1416	-310.6390929462042
1417	-303.3067781789594
1418	-300.7681435544778
1419	-307.69631628652206
1420	-306.29896941927694
1421	-300.9571252221513
1422	-304.371161686641
1423	-298.78470025013473
1424	-303.90865618125247
1425	-306.6437698883079
1426	-306.7196125627634
1427	-307.39663122831615
1428	-306.3705528570422
1429	-304.597675775893
1430	-299.6054867729656
1431	-303.0433994870937
1432	-303.8198681842298
1433	-303.9875198920062
1434	-304.4602918692708
1435	-309.7275917544252
1436	-296.14273967257907
1437	-299.9688725702936
1438	-304.4166710734507
1439	-302.34926590963477
1440	-300.80869685781727
1441	-309.6497208740704
1442	-303.3393413234308
1443	-301.9412724785579
1444	-292.75282380216527
1445	-305.97414928028775
1446	-305.94472688812766
1447	-310.98706325516656
1448	-306.85228249048623
1449	-309.18180588577115
1450	-301.8738836394683
1451	-297.5136639144045
1452	-300.46056431830806
1453	-307.6686924522045
1454	-304.5243469747164
1455	-306.4244605965721
1456	-300.937688555478
1457	-300.01709950896753
1458	-303.7234098715898
1459	-303.32432614743635
1460	-301.9789901696662
1461	-305.00917488880174
1462	-305.9255863588272
1463	-301.39901619562613
1464	-305.61069538343935
1465	-305.3295069972557
1466	-301.03883195574235
1467	-307.17185786156165
1468	-304.1212844029206
1469	-307.83311657449775
1470	-304.9572888631965
1471	-309.62973396280614
1472	-306.1013180688557
1473	-302.03904865908476
1474	-306.44821970855065
1475	-296.98985368461035
1476	-298.2487810069175
1477	-308.2000223580022
1478	-308.8166453809453
1479	-305.2179391901672
1480	-304.16496274830064
1481	-300.83116586461284
1482	-307.15150116829994
1483	-295.9933519027312
1484	-301.55118102562466
1485	-303.55465127431575
1486	-294.48447982224434
1487	-302.27388839173625
1488	-300.36817827368975
1489	-295.9464591398667
1490	-305.14585892599706
1491	-309.9755885951763
1492	-305.20701275603875
1493	-303.7944
1494	-305.0197540007766
1495	-304.0193664271033
1496	-307.5503512031527
1497	-306.6045776080291
1498	-303.28297387858817
1499	-306.6418209851836
1500	-300.1357539520338
1501	-302.59210468516005
1502	-304.04291875214085
1503	-303.3143143595521
1504	-303.4727237943194
1505	-301.536787177094
1506	-303.9687605711072
1507	-305.3156027688942
1508	-303.7373843285111
1509	-298.4292047258803
1510	-302.74319586138455
1511	-302.0139294407515
1512	-301.83935336408456
1513	-304.5458261220562
1514	-300.9489427439119
1515	-299.7131895669143
1516	-303.13206184731007
1517	-306.9124572903132
1518	-305.36803912542626
1519	-305.32321346503755
1520	-306.3579602723192
1521	-303.41713750575764
1522	-305.18550903434664
1523	-305.74056835849746
1524	-304.81679243854825
1525	-293.1418503939081
1526	-296.02161260998133
1527	-305.47444714353213
1528	-305.82241972737313
1529	-303.9011142398115
1530	-304.93941095827427
1531	-304.3282835411724
1532	-304.2578002741333
1533	-301.1933942635042
1534	-300.32862182924686
1535	-300.8879000004002
1536	-296.53739037350016
1537	-301.18788519909543
1538	-302.7041020207775
1539	-296.161440236722
1540	-308.94373951641893
1541	-306.9757092760721
1542	-306.9762582201038
1543	-307.14362976720355
1544	-305.0553468651211
1545	-311.0586782021607
1546	-300.96836661032967
1547	-301.7573990221675
1548	-308.49644421349376
1549	-305.047127000997
1550	-309.0905081659706
1551	-301.29876302010746
1552	-308.08263771821674
1553	-304.3363258047212
1554	-310.57213559510706
1555	-304.44177348982635
1556	-298.58482377752745
1557	-303.09602602098863
1558	-305.0717255758267
1559	-304.6071735343735
1560	-309.37176200735377
1561	-305.70127096272495
1562	-303.96658702334315
1563	-296.2329371419743
1564	-298.91385255771246
1565	-300.99647977355903
1566	-293.6475965305183
1567	-304.22914014610467
1568	-306.2523189937571
1569	-299.6172405792873
1570	-300.5963329755019
1571	-300.5348576316242
1572	-296.6471370448037
1573	-299.1253588076633
1574	-307.77045207460384
1575	-302.4451670642195
1576	-299.2602034451692
1577	-302.1139799865639
1578	-301.8140723342814
1579	-310.3735679455047
1580	-308.2513866174496
1581	-305.6781170675479
1582	-307.6140152540896
1583	-302.8483500845412
1584	-300.9534796331816
1585	-302.8661677831387
1586	-308.25729345169316
1587	-304.0814475394455
1588	-306.30857750032084
1589	-302.2533650766545
1590	-305.1879974393983
1591	-298.38622665704906
1592	-304.72817568517155
1593	-301.9780389457975
1594	-304.38080812526954
1595	-303.1839128052649
1596	-301.11756972483147
1597	-299.5439439017164
1598	-299.4031327924216
1599	-300.30999429559836
1600	-303.4582888361613
1601	-305.3991583138762
1602	-303.22891429659137
1603	-300.5259926385551
1604	-308.7258524355427
1605	-299.3171157533742
1606	-310.3630361045965
1607	-296.1466338134885
1608	-306.83067851901257
1609	-304.9360877959408
1610	-306.5799432600527
1611	-302.1683171670732
1612	-305.09272370375004
1613	-305.67183308134656
1614	-304.8258711196843
1615	-301.7096393540657
1616	-301.53152407978195
1617	-298.64123653630304
1618	-296.2378000022621
1619	-306.3853357402752
1620	-301.26220871638213
1621	-305.66182743900333
1622	-308.28632816610207
1623	-303.49020453734
1624	-301.40600003898317
1625	-291.76028845699835
1626	-303.0412358417679
1627	-305.25976268023857
1628	-293.62470028817705
1629	-299.9102703116949
1630	-310.6986449409806
1631	-306.2368249767224
1632	-297.73153751522
1633	-301.3137225671277
1634	-306.73807469817683
1635	-302.12358540752064
1636	-303.46889583162243
1637	-304.2614467121808
1638	-304.5344185075294
1639	-304.0734107957993
1640	-304.44038852674277
1641	-305.7457518362846
1642	-302.42820350092916
1643	-298.4170213398871
1644	-302.1820292252741
1645	-305.0994513093072
1646	-303.46669596883737
1647	-301.5886173675694
1648	-306.8590396724352
1649	-306.7642468835474
1650	-308.9614699107034
1651	-299.0961000510095
1652	-302.59963811375746
1653	-302.12755580743516
1654	-307.22284785162236
1655	-298.34663392475784
1656	-309.9078224368233
1657	-298.31816594890006
1658	-302.0744335198726
1659	-300.1177948469854
1660	-303.22287492401824
1661	-297.3398000011573
1662	-302.29850014488125
1663	-302.8226119388453
1664	-302.3408879582281
1665	-308.9967302756589
1666	-303.5121808892203
1667	-302.589476169401
1668	-302.81095790645657
1669	-302.05234252560575
1670	-298.65459579771164
1671	-300.60200037466393
1672	-303.50212818119655
1673	-304.04785628389317
1674	-303.1390249353748
1675	-311.1501354004338
1676	-299.60911108950233
1677	-299.36785326288657
1678	-299.34890000670674
1679	-300.96490602344034
1680	-304.5038634007933
1681	-301.9550746128266
1682	-301.3075974068112
1683	-303.77684177681675
1684	-299.98983776561096
1685	-306.40159342916843
1686	-306.85038197122594
1687	-299.8816901623852
1688	-301.102594162708
1689	-307.05750514042734
1690	-294.5404745225879
1691	-304.9374274997335
1692	-303.4736486437759
1693	-309.2440903810376
1694	-312.51406181597685
1695	-304.3336275282152
1696	-310.53900017844444
1697	-300.14492779191943
1698	-307.7332774260819
1699	-301.5997214100682
1700	-309.7342602599745
1701	-302.51566051193976
1702	-296.52722638253744
1703	-297.889023722177
1704	-302.38091174792294
1705	-300.37291302600454
1706	-305.6671635859655
1707	-303.1389808260162
1708	-296.7437097813618
1709	-290.5496000000809
1710	-297.11520002045484
1711	-297.6358000000035
1712	-310.8783416721129
1713	-304.4875140538726
1714	-300.98967200082046
1715	-301.2908117308697
1716	-302.9143529048492
1717	-302.51525687637724
1718	-308.767418388949
1719	-305.4340143860993
1720	-304.35280701093626
1721	-303.55408266804676
1722	-300.7313289708996
1723	-311.3253969930819
1724	-307.29556701570453
1725	-307.2028441211127
1726	-308.50085117741276
1727	-302.49465168073186
1728	-304.8392957067391
1729	-305.7143103231076
1730	-307.8881075285372
1731	-307.312749244603
1732	-301.3879734802003
1733	-306.8948888682324
1734	-302.9882314937458
1735	-295.50270414813093
1736	-307.5038609615684
1737	-298.7486703681161
1738	-307.5175451546472
1739	-302.78116444461216
1740	-302.500698151784
1741	-300.9167805662135
1742	-307.539875816501
1743	-303.928850574666
1744	-305.4634475967707
1745	-309.8309905278839
1746	-300.18582966206395
1747	-308.16558168497977
1748	-308.20614417921666
1749	-301.9311618224463
1750	-309.5528151808503
1751	-295.1647904819671
1752	-302.3382964030525
1753	-301.4386518653982
1754	-305.154866727967
1755	-307.2251112222061
1756	-303.4508542319261
1757	-300.30841112024996
1758	-304.1792477966571
1759	-307.42650356937764
1760	-305.00464680759194
1761	-303.8409392832774
1762	-303.9950422993076
1763	-301.9849191715462
1764	-298.8681443070123
1765	-302.97180161129313
1766	-304.1283476416982
1767	-307.87129581718807
1768	-303.1107520393001
1769	-309.7848154786792
1770	-304.57281839234184
1771	-303.63170520874166
1772	-300.60330924522486
1773	-306.46459884703967
1774	-305.59784993264157
1775	-306.4021687876076
1776	-308.6010283063054
1777	-311.2691506076001
1778	-304.5300603241106
1779	-305.0850507176463
1780	-313.07520329349825
1781	-294.88336256552174
1782	-296.6104947979482
1783	-302.94710437357116
1784	-300.1646
1785	-311.49496072799917
1786	-302.4364136786997
1787	-303.8531449027323
1788	-307.3950805036193
1789	-307.71871992948076
1790	-305.55556255667653
1791	-305.0263094393687
1792	-305.68655043354886
1793	-303.223700000007
1794	-304.30541851766213
1795	-295.07984528805946
1796	-311.0626369726221
1797	-305.6360318520306
1798	-306.50792933251324
1799	-304.7458698524144
1800	-299.87391706880635
1801	-304.7767
1802	-306.60135963856214
1803	-299.1145200036134
1804	-303.00198258085567
1805	-307.33838558287624
1806	-304.7278459731521
1807	-304.37024531557495
1808	-305.82729797450355
1809	-302.9306604798333
1810	-300.1213032224828
1811	-303.7228775524518
1812	-299.65918981993906
1813	-302.06670303500425
1814	-306.0679488808894
1815	-306.56725557022486
1816	-304.8624375346601
1817	-296.28016723428925
1818	-300.7307299450264
1819	-302.76276081789285
1820	-305.076023919149
1821	-308.4153064439307
1822	-306.5730496525578
1823	-306.3470852551087
1824	-304.7336488990501
1825	-305.41245400684033
1826	-297.2894702740185
1827	-304.4457422836166
1828	-298.48250815591007
1829	-303.6645567681629
1830	-306.8306449398238
1831	-305.50734542786006
1832	-300.88044127742705
1833	-301.63825553033814
1834	-305.16955344810566
1835	-297.2799001829903
1836	-309.10139263345087
1837	-301.9483480722791
1838	-304.09286238068813
1839	-297.23184421041395
1840	-301.6782379197977
1841	-305.7685935845187
1842	-303.9483410005788
1843	-306.5386159226052
1844	-307.91908970563514
1845	-301.3639117384809
1846	-307.7825898962612
1847	-297.98410030563196
1848	-302.7742454802342
1849	-307.43757862531135
1850	-300.0774510647015
1851	-299.0365156452214
1852	-305.3892310357868
1853	-304.36253217705973
1854	-301.0982713498505
1855	-303.57902050608305
1856	-307.13097531710946
1857	-302.6865408626559
1858	-302.20507853687985
1859	-302.0033924837244
1860	-302.14244285183173
1861	-301.1412622075451
1862	-303.8206212152084
1863	-303.5662647272059
1864	-304.9253817305906
1865	-300.6189146052303
1866	-302.27738086315634
1867	-303.2121352836105
1868	-307.29780404921536
1869	-302.51112321885114
1870	-299.003244133179
1871	-299.007739302921
1872	-298.6878146419003
1873	-305.6460851326384
1874	-305.2880545392859
1875	-304.3988
1876	-301.7063950012744
1877	-310.035303019357
1878	-303.0997140364547
1879	-303.31236790667515
1880	-302.64469670051443
1881	-308.96715283581545
1882	-299.5319811096131
1883	-307.0867657910474
1884	-302.95890821856733
1885	-305.8356543190175
1886	-305.1049236055471
1887	-307.7862772247417
1888	-303.52437661910824
1889	-300.4961677846413
1890	-302.77559093583125
1891	-310.3342074004734
1892	-300.2704418013249
1893	-308.5375676565338
1894	-308.91866893091077
1895	-305.5535264102467
1896	-299.3724402346661
1897	-303.9248134922713
1898	-299.5644052287122
1899	-301.16162446535975
1900	-302.8961251926015
1901	-297.8637914074156
1902	-301.491179440633
1903	-298.10029400071085
1904	-295.0347889554696
1905	-303.567496844265
1906	-304.5157786218695
1907	-300.1955276111317
1908	-299.86379970357774
1909	-303.069368800306
1910	-297.2844157985892
1911	-307.1170623696392
1912	-299.9602841954634
1913	-289.2824307042714
1914	-303.70871814239644
1915	-302.656942276548
1916	-301.2190883819071
1917	-302.1491662659486
1918	-304.9889117686072
1919	-310.2280926128316
1920	-298.35928201702484
1921	-298.49022377044
1922	-311.22244470877723
1923	-306.4742198997222
1924	-307.3463618206429
1925	-301.040268755431
1926	-297.339584586761
1927	-306.9402530988266
1928	-310.1544909828974
1929	-299.341441565277
1930	-305.13812557673566
1931	-307.0321675891705
1932	-304.19779244660265
1933	-303.1495600850619
1934	-309.25906546593853
1935	-307.7590704122848
1936	-301.5990738417044
1937	-308.75404206559074
1938	-310.64050823939124
1939	-291.90761702280884
1940	-304.490712562833
1941	-301.35602393500915
1942	-304.7390975896714
1943	-307.8837189029789
1944	-297.4013000000731
1945	-307.3734302022004
1946	-306.7511838660802
1947	-301.0462763293031
1948	-307.7756730201723
1949	-299.98560824088435
1950	-302.1105001444713
1951	-303.37189049487483
1952	-303.27021422076945
1953	-301.8877762779765
1954	-299.53870734109
1955	-296.38460591337054
1956	-299.89300000000003
1957	-299.2287501061016
1958	-306.6614598205605
1959	-293.6558138438177
1960	-301.9859943796418
1961	-304.05883051314436
1962	-300.07910294061315
1963	-300.7613809395459
1964	-299.0292033593462
1965	-301.85210000000137
1966	-308.3495501192872
1967	-306.03611275380365
1968	-308.7743452379878
1969	-304.6340669488521
1970	-305.6294863088844
1971	-300.37649571453966
1972	-309.6511221454033
1973	-298.20184924069986
1974	-305.19978671560494
1975	-301.6297757899263
1976	-311.18478829833913
1977	-307.54332671731817
1978	-302.9743372467728
1979	-300.85154751040335
1980	-301.5097538141303
1981	-299.2036100053854
1982	-302.3215000714525
1983	-303.3635921277355
1984	-302.57100169300315
1985	-306.581831654685
1986	-304.3229753713622
1987	-304.5818281630883
1988	-303.327652983418
1989	-304.5646049033897
1990	-300.85373259779766
1991	-308.56826672338127
1992	-307.8337430487039
1993	-300.7497822703919
1994	-303.4912748538912
1995	-314.2215164466338
1996	-300.7852352295223
1997	-306.8713800420617
1998	-304.8561614964145
1999	-307.9732472366847
2000	-308.7214918335285
2001	-303.7499403247251
2002	-300.4546992180804
2003	-307.7051429314819
2004	-303.8295964528019
2005	-303.4403646097684
2006	-304.6167412380688
2007	-309.98731035388784
2008	-304.1203505800555
2009	-303.9560657282871
2010	-305.42221147285534
2011	-307.4839185722597
2012	-309.5060044014492
2013	-303.0639329126072
2014	-294.67920199194776
2015	-303.85327277290713
2016	-300.9121111757875
2017	-303.5515141073585
2018	-310.59796242394196
2019	-302.3908010138478
2020	-302.7739820755994
2021	-298.5147264074189
2022	-299.9613895533295
2023	-304.53570361741794
2024	-304.5891592177311
2025	-300.1500921586046
2026	-306.7029120506515
2027	-302.516770840886
2028	-301.03893799129014
2029	-304.0345084705346
2030	-307.9680735056633
2031	-301.33567527596665
2032	-300.87369850270204
2033	-303.4582859226519
2034	-300.5218372418519
2035	-307.85627773504075
2036	-305.9297936249994
2037	-304.1861076180679
2038	-302.91166647618326
2039	-304.4144520247175
2040	-302.53813119676204
2041	-299.4210826991344
2042	-303.94547944699286
2043	-302.20875462082785
2044	-305.45175961680786
2045	-304.12551761863733
2046	-304.748264824585
2047	-306.02885887812295
2048	-302.21163649764424
2049	-302.365781241852
2050	-305.51490126597844
2051	-305.1221135564446
2052	-303.14943061215837
2053	-301.4532506791343
2054	-305.88039164071813
2055	-305.7765158053377
2056	-308.4112254207504
2057	-306.1722756805925
2058	-309.2579695630209
2059	-308.68700504434173
2060	-307.42052219601743
2061	-309.0176826050098
2062	-307.08321579227726
2063	-300.7402605363865
2064	-309.6982083891777
2065	-304.16763864368414
2066	-307.29859851500123
2067	-305.5165046825967
2068	-305.03042822454626
2069	-305.94737157857764
2070	-306.7347817799455
2071	-308.5113062183723
2072	-301.58825354516557
2073	-306.56052478578715
2074	-299.50083238334065
2075	-306.7226434848393
2076	-310.0058000124086
2077	-300.1364000283027
2078	-304.62332002724764
2079	-306.1480258785627
2080	-301.1819264149299
2081	-301.29929363212597
2082	-302.5024358386732
2083	-295.75556768605145
2084	-305.92648647017705
2085	-298.8023573295757
2086	-301.7516146222787
2087	-306.88050003675545
2088	-304.5199438695151
2089	-313.9071760352263
2090	-304.047381364381
2091	-302.1169757127562
2092	-299.7677312293318
2093	-301.1610496643343
2094	-310.1998807911256
2095	-303.95900975273184
2096	-305.1971103661568
2097	-305.60056454800866
2098	-302.85095749292043
2099	-300.76827882139946
2100	-305.81990139428314
2101	-301.63240934237825
2102	-306.45609038285846
2103	-308.47650748839794
2104	-304.1594933975941
2105	-299.7514166014612
2106	-299.90620000000587
2107	-302.9239756905842
2108	-296.23820158609084
2109	-301.84913627809465
2110	-304.0921442623473
2111	-300.06339231246517
2112	-298.90124897045297
2113	-303.9859745732051
2114	-303.85691811871544
2115	-305.4687378172031
2116	-298.4485672843062
2117	-305.0289517193922
2118	-305.44532585793905
2119	-304.70909322047027
2120	-302.5605013961699
2121	-305.52019132052067
2122	-308.9715851656773
2123	-302.8843210912069
2124	-304.64793602677076
2125	-301.38734759344266
2126	-301.5160801959957
2127	-302.8114039199822
2128	-302.5893524227954
2129	-304.9308646103274
2130	-301.83820982762336
2131	-305.41397553565133
2132	-303.6506242991544
2133	-300.11221681870654
2134	-300.87668381620745
2135	-302.38446975169444
2136	-305.1660684616989
2137	-307.5280368356064
2138	-302.1393291149829
2139	-300.3708156658376
2140	-301.91820522759843
2141	-303.0901457354865
2142	-302.01822913511967
2143	-300.1563417655122
2144	-296.66225743850026
2145	-304.65303767763356
2146	-302.9615066624331
2147	-305.5686156761671
2148	-305.74609919368385
2149	-302.01466686155817
2150	-308.1015237536397
2151	-302.6766473799958
2152	-309.50062297259296
2153	-305.1767024653789
2154	-309.0280585192582
2155	-302.31310502658295
2156	-307.80651082757134
2157	-297.074235372007
2158	-303.91571326104474
2159	-306.3456284345368
2160	-301.5151475861738
2161	-307.76803062826616
2162	-305.1381371482561
2163	-302.02853556663945
2164	-297.4969000538305
2165	-298.76494867934935
2166	-300.0897324919646
2167	-301.7341766454146
2168	-299.17437282018835
2169	-304.54899741355985
2170	-299.05647526170264
2171	-302.66253690228456
2172	-302.5793973396965
2173	-302.9644227739846
2174	-306.7332726137721
2175	-306.5909
2176	-297.97317574817833
2177	-306.5676946617252
2178	-308.92867728603517
2179	-304.8094734181435
2180	-303.5606284629899
2181	-305.68244689138953
2182	-300.75673384852104
2183	-308.46368672281534
2184	-309.2755159497563
2185	-300.48255353826
2186	-305.2035819018301
2187	-306.1162475303525
2188	-303.4822286575713
2189	-300.52535729535873
2190	-301.15179008380403
2191	-304.9719635441718
2192	-303.11584833209884
2193	-305.3082148137976
2194	-312.61572957819874
2195	-303.20168162955184
2196	-303.0182950259786
2197	-301.55483796178834
2198	-297.83333034333697
2199	-301.9482692749607
2200	-299.33615805077926
2201	-303.6156182574145
2202	-305.83369439903663
2203	-300.5969971789309
2204	-300.9259
2205	-301.94822149195136
2206	-308.26876966878757
2207	-309.2945639808871
2208	-307.36956899431334
2209	-301.5705769633535
2210	-302.36592129157276
2211	-305.56964389019987
2212	-301.9809767395216
2213	-303.98202421493244
2214	-305.9513819028273
2215	-303.7069955178184
2216	-301.8312683865038
2217	-304.7635317932283
2218	-303.0609534195721
2219	-307.0335117035199
2220	-304.5523393570768
2221	-304.0313
2222	-305.1416181034398
2223	-303.1197032340579
2224	-306.8253219599334
2225	-313.2049762195729
2226	-306.0817794391734
2227	-303.0940480794109
2228	-299.1181350475633
2229	-301.520595548083
2230	-309.00160262166924
2231	-302.3602573547614
2232	-303.8418586589602
2233	-295.4006952457135
2234	-299.18871871051397
2235	-298.84450003846456
2236	-298.83580939312725
2237	-303.1278809875823
2238	-304.0701655054412
2239	-299.4350007614941
2240	-304.74903295763016
2241	-295.77997238725965
2242	-302.61777471201657
2243	-300.1303655683037
2244	-312.1818167652672
2245	-305.6784163045524
2246	-308.09705276987904
2247	-305.11264886129476
2248	-304.03588767630663
2249	-309.5695000874187
2250	-295.1242606506659
2251	-295.49110000160834
2252	-305.0709464335427
2253	-300.18856120315826
2254	-300.47648368302515
2255	-307.6850671601679
2256	-307.8931212555017
2257	-309.2282275782529
2258	-306.6470411061103
2259	-305.597537964438
2260	-305.94109480540243
2261	-308.4415927682464
2262	-302.12499562233705
2263	-301.4032920116502
2264	-306.29411334420814
2265	-299.25863361337383
2266	-293.79889230196045
2267	-300.40130864273334
2268	-307.2756014060211
2269	-305.34126761612225
2270	-306.0419058918057
2271	-308.9964431256911
2272	-303.14394660790794
2273	-302.66477244691936
2274	-307.1463809582874
2275	-301.6031267131467
2276	-304.4062620801821
2277	-303.2302463374817
2278	-305.0270308544684
2279	-307.1188464337544
2280	-298.5683308003852
2281	-304.92223710652144
2282	-301.9015597743267
2283	-300.6826260794248
2284	-296.49530886499844
2285	-301.3628072761177
2286	-303.72184205731065
2287	-302.45757657626035
2288	-301.5792733799404
2289	-304.16818416709333
2290	-301.0246522614838
2291	-298.9424366456096
2292	-307.5161785588289
2293	-308.86573391650546
2294	-306.4439888612261
2295	-302.7773721194031
2296	-306.5993082556382
2297	-305.10646882041704
2298	-305.49932422166023
2299	-297.5968578447735
2300	-302.9986370114787
2301	-307.4053093079335
2302	-301.53057024179753
2303	-302.8114620243365
2304	-303.73123852962095
2305	-302.2981674245955
2306	-306.3033144695471
2307	-304.6231833259603
2308	-301.89917937344455
2309	-304.45939477229786
2310	-302.60550125412817
2311	-301.111109145158
2312	-302.578497614423
2313	-302.8062776410214
2314	-303.2906641627965
2315	-311.945857272166
2316	-307.25489994799045
2317	-303.34982404295897
2318	-304.8222014060436
2319	-303.3410412073009
2320	-305.2493538082048
2321	-302.4994480594794
2322	-300.7223923852691
2323	-303.74603342993936
2324	-297.8229132548166
2325	-306.66342375113
2326	-305.7170858043639
2327	-297.5101050955758
2328	-306.2567379203429
2329	-299.4715543498237
2330	-298.6624284711452
2331	-301.00568074863094
2332	-300.85003296625905
2333	-297.9510031820687
2334	-299.1756356594711
2335	-303.74632513493844
2336	-300.7176052904153
2337	-300.0987607030942
2338	-304.3692752637195
2339	-308.7754445616754
2340	-302.23097552035404
2341	-305.0466686078259
2342	-305.7400303954791
2343	-301.91889942099743
2344	-303.7178017101255
2345	-303.6178857697549
2346	-302.8859365420341
2347	-307.2746909381255
2348	-308.41276486327365
2349	-295.68687455358776
2350	-309.30108933106555
2351	-305.3435475075019
2352	-309.78322029911595
2353	-306.0967787631716
2354	-306.60416000450164
2355	-308.70714951921036
2356	-306.84418755599347
2357	-298.60777785424665
2358	-300.85007353034166
2359	-306.19066477049324
2360	-310.05328756532526
2361	-304.67774458259976
2362	-308.7527969651476
2363	-309.50950803125306
2364	-319.56346119079706
2365	-309.48356263089613
2366	-309.6079726709019
2367	-302.85468388798785
2368	-309.0728663424919
2369	-302.0354424158978
2370	-307.39494987333757
2371	-303.7915996086703
2372	-302.8280277124219
2373	-313.9612493858
2374	-309.1324091304729
2375	-305.8417549223452
2376	-311.991688167689
2377	-312.35931295425115
2378	-305.08055640697575
2379	-310.45498343631476
2380	-307.2577267742179
2381	-308.6328641127351
2382	-303.82646567387485
2383	-300.3554666043411
2384	-304.96287619840064
2385	-306.6786878060838
2386	-309.4630365356008
2387	-300.3802347703088
2388	-301.3748015049968
2389	-298.078888659638
2390	-308.4081230039237
2391	-299.1502150934491
2392	-302.9916616418509
2393	-302.29427389422966
2394	-301.5070950919866
2395	-307.0923816354155
2396	-303.72206847867386
2397	-306.5928933455589
2398	-311.39082351765444
2399	-301.4933340389701
2400	-309.239864620664
2401	-302.08913189140793
2402	-307.262183531684
2403	-311.81341299056015
2404	-306.88368551225847
2405	-302.356714504824
2406	-308.74450553426385
2407	-309.90037025363114
2408	-307.95456819875
2409	-303.88679774823544
2410	-298.6771421111129
2411	-308.1904406136033
2412	-306.2232259521839
2413	-309.11506627036687
2414	-307.63662458627147
2415	-304.74753195668734
2416	-305.5908412754301
2417	-297.32100000000054
2418	-301.842255190136
2419	-309.3936385683407
2420	-305.6334150949453
2421	-312.24925061585105
2422	-310.4937832564259
2423	-308.6044617988309
2424	-304.9941399242452
2425	-304.870662475323
2426	-303.08042937190737
2427	-307.51874225938184
2428	-304.3149301106874
2429	-308.2888230582549
2430	-308.2115438313744
2431	-306.0375567411327
2432	-309.48838285483225
2433	-307.22497679865364
2434	-306.03110854374927
2435	-305.73654874107996
2436	-310.77585480406026
2437	-301.4491293453268
2438	-308.6457772792957
2439	-313.80791133294355
2440	-304.0554956661394
2441	-305.10859056601475
2442	-304.07231301600876
2443	-303.2260611377782
2444	-308.9493706340833
2445	-303.08256614182585
2446	-302.16827214411876
2447	-303.927549793471
2448	-308.12968150893835
2449	-299.8636901940369
2450	-300.4960901033056
2451	-304.42264212829474
2452	-304.4664322276162
2453	-302.6955914343963
2454	-307.66070327893334
2455	-311.35142652666184
2456	-311.69047983518976
2457	-305.35399473637597
2458	-310.6784559966899
2459	-307.2497674584133
2460	-310.39022598696755
2461	-300.93431519298167
2462	-300.36386708903666
2463	-290.1156487273983
2464	-295.32934455198244
2465	-297.4580396435272
2466	-304.2263855905448
2467	-305.8061995584856
2468	-310.2374300739636
2469	-302.70169473794493
2470	-305.92310935351367
2471	-304.72006915298016
2472	-300.21191866132557
2473	-307.1279797295481
2474	-306.8002966328839
2475	-307.02813456411883
2476	-309.2802136049056
2477	-307.30520127496055
2478	-303.5634075825813
2479	-313.3103718134021
2480	-308.85823849144913
2481	-306.45224229852954
2482	-307.85327534773006
2483	-306.69887510639865
2484	-301.4858187393588
2485	-305.26880191100224
2486	-304.6582865082811
2487	-310.94154016781704
2488	-310.7133120113855
2489	-304.1582555013575
2490	-307.00994457438475
2491	-312.02547690163476
2492	-302.3846475623078
2493	-305.46020604018594
2494	-302.83371698428675
2495	-303.84843109895377
2496	-307.03681233562736
2497	-305.82301185924115
2498	-305.42053725784757
2499	-301.20010369027744
2500	-299.63974561237177
