1	-304.79306949195234
2	-300.0049443406747
3	-308.4843490729575
4	-312.46816276530325
5	-312.7643845991083
6	-306.396917016657
7	-307.5468501505268
8	-306.43714988782807
9	-306.25540184707694
10	-300.2789217154967
11	-308.3815537114622
12	-304.8832794629688
13	-303.732826751324
14	-306.7156592084551
15	-304.2392002430982
16	-304.180124562371
17	-305.08572331153425
18	-310.47637603040124
19	-310.16621831695437
20	-310.9497578030666
21	-309.37098422364124
22	-303.9193732464766
23	-304.1970633487411
24	-300.4312008022367
25	-307.8153982354879
26	-311.7299058537637
27	-307.5835892061673
28	-310.4610795341439
29	-311.7443387294326
30	-309.96324612275174
31	-305.832045671079
32	-300.8030188323051
33	-299.79988878517827
34	-297.4303520664981
35	-308.0334162453346
36	-303.85936957946507
37	-300.6943293894647
38	-311.48123271200404
39	-300.95245413425187
40	-300.92729721163573
41	-304.39203156163774
42	-308.92740497170826
43	-301.35480552726034
44	-301.63064908048597
45	-305.62962732954475
46	-299.2825376766972
47	-307.1366331161256
48	-300.6732487771919
49	-296.31597418451076
50	-300.0121275570385
51	-301.59407132423956
52	-310.7282316085849
53	-310.9752326069518
54	-305.78001501644184
55	-311.9928296026218
56	-299.0104963882889
57	-306.4910217703043
58	-304.9920497428785
59	-294.51305685363667
60	-304.76792540511474
61	-306.7582914843072
62	-302.85771187699976
63	-306.0670554993362
64	-306.74598404954656
65	-301.89732037109536
66	-305.66294970606566
67	-297.160132883566
68	-296.73895681584634
69	-303.159206003836
70	-307.8566592855888
71	-312.257941326953
72	-305.07676931135717
73	-305.0981802302405
74	-300.45841472956363
75	-303.8608291661229
76	-298.00778761369213
77	-303.52381784381447
78	-314.7856145268929
79	-305.7583598953006
80	-307.8305387409589
81	-299.0481227584697
82	-308.8589123341626
83	-298.5688264010674
84	-298.6335453780252
85	-298.72878326659054
86	-301.42283233700846
87	-306.7488636419842
88	-299.9126821239814
89	-307.4021938145878
90	-307.746132240961
91	-299.34792603976575
92	-305.71155811126965
93	-302.9873787113165
94	-301.07974682398424
95	-301.1690534964925
96	-303.3392023115255
97	-306.2076857250003
98	-297.163826912936
99	-303.3991519180325
100	-309.3620416095703
101	-302.29306860131805
102	-310.5578656465496
103	-300.69776522029593
104	-305.0819219405919
105	-307.19939571266275
106	-297.93621877634627
107	-299.3001890827643
108	-300.953800089082
109	-303.12073756184424
110	-298.66524308216776
111	-302.9436327173688
112	-298.1066118232132
113	-296.7125691763745
114	-304.41558062913356
115	-304.2497492729714
116	-302.3388039573764
117	-305.2710753914393
118	-307.48420071809136
119	-309.6392935792942
120	-310.68605705112174
121	-305.9614415781653
122	-300.27260980330146
123	-304.6082909208183
124	-305.6078298744968
125	-303.0571455091995
126	-300.40399802668173
127	-302.90719780830165
128	-299.4040919486976
129	-302.30091491604287
130	-304.25660665310465
131	-310.1166664026239
132	-300.27390000072273
133	-306.9365944774194
134	-306.20873370832356
135	-302.88618015915876
136	-307.25388599676785
137	-307.70681397996674
138	-302.94906520402907
139	-303.5304768148198
140	-302.87878177384067
141	-315.20024362382276
142	-306.6071907007325
143	-299.3762414143208
144	-301.0801165405276
145	-310.04511815165677
146	-306.33666318435604
147	-303.1957384772442
148	-308.02382653242665
149	-310.6698435301917
150	-308.7319134704502
151	-305.58296211273057
152	-310.8819656121352
153	-308.8185155304824
154	-308.1192065826477
155	-301.5176394881355
156	-305.340904851268
157	-310.89862376970785
158	-307.85775648259107
159	-305.4490657984118
160	-298.77470420498673
161	-305.43193217714673
162	-302.2505720692244
163	-302.2647548788765
164	-303.02187784412865
165	-304.0441416756137
166	-306.1085739240213
167	-308.83217446555454
168	-312.2336513060439
169	-303.6243684117608
170	-307.7110812013907
171	-309.1595693129802
172	-302.5582318288382
173	-308.17881133010945
174	-311.2243983215761
175	-310.44021453173485
176	-313.66351017804976
177	-308.1583342735113
178	-301.97620195116536
179	-304.58865886286935
180	-311.31932511612945
181	-302.6646204045214
182	-305.612192364827
183	-294.2083171387941
184	-297.74152970760304
185	-310.07728803021206
186	-298.7060183108685
187	-298.67064171460356
188	-306.25313040853496
189	-304.25180322468174
190	-303.1728521568407
191	-307.08312204226235
192	-309.2057337849473
193	-305.27854522995347
194	-297.84120448493644
195	-305.6696296817227
196	-303.8591981833773
197	-308.29436588703993
198	-310.4323279597894
199	-303.91558986121606
200	-301.91528633406523
201	-304.3796460794104
202	-296.59907724898557
203	-301.5734076549782
204	-304.4780284609655
205	-307.39433300591907
206	-306.27094137855033
207	-305.6072081600015
208	-300.49494442006693
209	-305.38937813442686
210	-310.19269543798407
211	-304.0702795314191
212	-311.1164992819104
213	-306.83499703466356
214	-304.0272346301844
215	-302.9903999514393
216	-307.2748299407976
217	-305.66560246657036
218	-302.23012418576974
219	-309.60017737977427
220	-305.51213049318983
221	-303.90243500191133
222	-308.82534468622225
223	-304.42550663662115
224	-310.93304721143215
225	-308.7864135609543
226	-306.33420819458115
227	-312.7963753387793
228	-299.78778993868025
229	-311.2295365323542
230	-306.63768650018307
231	-306.7194639100973
232	-299.5995389755118
233	-309.9562558672449
234	-306.13255407027805
235	-312.6559242279982
236	-310.15318904355826
237	-304.9222302184434
238	-306.8517163376525
239	-309.69645214634534
240	-309.33934991241273
241	-314.18144117102395
242	-304.65735927690605
243	-311.34271035274065
244	-309.3046397339983
245	-304.82357032930435
246	-303.1412702894191
247	-305.53136938307193
248	-303.20410519944807
249	-306.68952899643955
250	-310.0860125067529
251	-304.05230546839226
252	-307.8996510942782
253	-310.5850380241807
254	-304.0475670418189
255	-310.2386673255725
256	-300.7393976292702
257	-302.89233803785714
258	-309.03625153700557
259	-308.67713782542984
260	-303.7622777017395
261	-304.60670551800047
262	-301.17100517100874
263	-306.3788802613656
264	-308.0982770913617
265	-305.84042876328596
266	-305.71903523709125
267	-303.9867882698214
268	-305.7936623276654
269	-304.54656597800937
270	-303.0703694361711
271	-309.97598510667706
272	-302.85829780959045
273	-302.4132815003147
274	-303.2075560479563
275	-310.1921518969118
276	-302.19260436866205
277	-300.7918645537296
278	-301.03203410051935
279	-310.56638306318587
280	-306.61072965728795
281	-303.2559007571332
282	-306.5667077284286
283	-307.6901504511045
284	-303.93127724088214
285	-315.19277990810207
286	-300.571511296797
287	-310.7497422242907
288	-305.5132115028456
289	-308.78387067924336
290	-307.52514947789336
291	-310.87542891067835
292	-308.2992122536942
293	-307.72308996535196
294	-307.26164151045026
295	-306.3948043197229
296	-303.408008320607
297	-310.42981706852896
298	-309.606909421444
299	-303.87651636567705
300	-308.39521917401703
301	-312.57560366916186
302	-308.1901731419633
303	-308.07192840573737
304	-308.4107011921762
305	-310.0158653906794
306	-306.4420325837696
307	-308.59998186146913
308	-305.9152390826881
309	-308.65510479783177
310	-311.7394344689095
311	-300.6000385297822
312	-296.7536299478268
313	-305.6157082940864
314	-304.9653724519789
315	-305.87382509733294
316	-296.33911091275854
317	-312.1648909427563
318	-301.0573212999752
319	-307.1516428175893
320	-300.11692545322677
321	-302.0316006386965
322	-293.0808763201151
323	-299.59111025058223
324	-308.7286245451612
325	-307.2340302135783
326	-299.2707857378851
327	-310.7957538840765
328	-309.90978073395064
329	-313.4006141107999
330	-307.24834863524796
331	-303.18599929026954
332	-297.4330084971862
333	-300.27741806429225
334	-298.2415773501243
335	-310.09901755198155
336	-308.21420662501333
337	-300.90204186370363
338	-299.7328166756039
339	-305.8713365547455
340	-305.529770066971
341	-301.8456073063676
342	-308.92986457667155
343	-303.25332083722236
344	-301.4495714676648
345	-307.79833776917917
346	-306.82140826423546
347	-304.3084052310926
348	-303.01796417863596
349	-302.30961458584716
350	-311.6693648045367
351	-301.86377832645496
352	-310.0197368738148
353	-309.51837855264307
354	-311.64365419746133
355	-303.70355363441905
356	-300.77268146606554
357	-302.86263492875
358	-307.5073070012353
359	-305.6384395259466
360	-305.571155033165
361	-310.0315621678821
362	-310.465289654334
363	-308.727165824693
364	-311.19466708708063
365	-311.40754627128945
366	-315.10252982869366
367	-312.3772861660376
368	-308.04701727067834
369	-310.0029614836177
370	-308.9577175438485
371	-310.92371924167463
372	-308.9683299942638
373	-310.0157232704754
374	-297.43202008357684
375	-310.6283612456621
376	-308.95662394839854
377	-313.7494625059999
378	-308.25289993142025
379	-313.28671934391934
380	-305.96262498314337
381	-307.8966579732764
382	-304.434145739817
383	-304.44450008956926
384	-309.5869281804214
385	-305.07963472017315
386	-301.7995809069122
387	-305.2306338677936
388	-313.32021035440624
389	-312.6883894085593
390	-307.0545732661332
391	-303.46443118476986
392	-311.1566528932631
393	-307.1652686157447
394	-305.10248359996456
395	-309.32370888317155
396	-309.67865177203987
397	-309.2722449392288
398	-306.46914504860104
399	-304.6187449881804
400	-305.867586097679
401	-309.46204997177153
402	-308.5258404806796
403	-301.85739729455776
404	-313.135654703903
405	-307.15720651813916
406	-309.5373152352452
407	-305.24856536746285
408	-311.2383632194684
409	-315.90173602825496
410	-311.2335621155203
411	-314.3404572751232
412	-304.1848103443647
413	-309.5727065106496
414	-299.5338649167725
415	-305.3788002571589
416	-309.1787903291079
417	-308.0395632980584
418	-300.06325470813607
419	-313.4568315236841
420	-309.9997642107958
421	-306.51593540777225
422	-309.6233241528255
423	-313.05385768208976
424	-308.2258037734366
425	-305.49070928028124
426	-298.84838295946577
427	-310.460182746938
428	-303.0709432446929
429	-306.51984474724946
430	-307.813667470819
431	-302.5094217848085
432	-302.9873604467346
433	-302.9761548905354
434	-300.24549758200214
435	-302.6093638618259
436	-305.6810150361183
437	-302.19613709860903
438	-303.53349967336715
439	-309.9520152974453
440	-306.97286969052436
441	-301.1910206577123
442	-309.9269069873017
443	-307.7226916552208
444	-309.04844482167914
445	-310.7917001025604
446	-309.75579355916454
447	-306.0553041899833
448	-314.0762337233401
449	-306.3587651419709
450	-306.7012352508762
451	-299.5550816829365
452	-306.4298070637176
453	-306.4486707959568
454	-308.86317703847385
455	-310.5827758030269
456	-306.2331166978766
457	-308.67838700047514
458	-303.4802381368436
459	-304.5358249097353
460	-314.9228019158431
461	-309.79761969691
462	-312.95660034254183
463	-310.6883466350575
464	-310.9742393322947
465	-314.3093336533829
466	-308.1811341399689
467	-311.955555528845
468	-309.2753287658731
469	-304.0913149438917
470	-311.7552687222667
471	-313.54862592932767
472	-310.51145112069054
473	-307.3888437434582
474	-303.6778488745176
475	-305.11310747026647
476	-302.464618730364
477	-298.1283671334313
478	-310.2930934098603
479	-310.28711404760793
480	-302.2173967182693
481	-305.64763373573834
482	-310.131801842453
483	-309.8039686870695
484	-309.6586607064099
485	-306.9513889063623
486	-307.52458481538275
487	-304.39198571520745
488	-307.4099397180037
489	-306.3614799118476
490	-299.90551624582287
491	-305.59071019874244
492	-305.51790000195683
493	-308.56883185987806
494	-304.87395232636277
495	-309.9982063161501
496	-307.71411585372715
497	-304.3193554899791
498	-301.61100673846306
499	-305.1147197857483
500	-309.6478195494189
501	-307.6127660194246
502	-307.0272047939366
503	-308.92475471277896
504	-310.07707293850405
505	-309.87426329727873
506	-304.0721269527063
507	-307.431493828776
508	-304.3133942460089
509	-310.2304942690703
510	-308.7107219863558
511	-307.4865698781874
512	-308.5203717873071
513	-307.693868696397
514	-304.9682393509428
515	-311.3324052657438
516	-307.60045865409785
517	-308.12976890040466
518	-304.9967489216824
519	-303.9166214182069
520	-314.0609612759181
521	-305.2650479632754
522	-302.5505132075237
523	-301.13065645766505
524	-311.7735501003534
525	-306.8620578265921
526	-305.82120333589455
527	-312.0788268808297
528	-310.05518345946444
529	-308.94158154097954
530	-312.68203978660347
531	-306.20150985157744
532	-308.3597507960581
533	-307.042482945852
534	-312.1927930264463
535	-310.2549044756635
536	-300.17228742187734
537	-308.5160270766325
538	-307.6480685072664
539	-312.04952968400363
540	-298.623760734965
541	-310.36395542899277
542	-311.0381939985324
543	-303.7954992654405
544	-313.18048985682725
545	-309.1395157099795
546	-312.45636005368686
547	-305.3933142538226
548	-308.0024827433776
549	-306.58164174143377
550	-305.9987326886479
551	-301.1474604418486
552	-300.06221168249726
553	-310.13540719388965
554	-304.68248792989726
555	-310.6309992542185
556	-306.6760543999995
557	-306.67513762070763
558	-305.5626815765434
559	-307.0390702451754
560	-303.7701967846502
561	-311.16787665095666
562	-299.17248455113145
563	-304.7208881145059
564	-300.47169657568935
565	-306.6097560846422
566	-304.66983861747514
567	-303.5431995426365
568	-309.06574328220825
569	-305.85602688159685
570	-302.0249012179092
571	-310.87720634538414
572	-312.30345581568184
573	-307.7846523939319
574	-308.20024939239715
575	-307.7528582748599
576	-307.65195567337247
577	-310.11744033126655
578	-306.93448277430764
579	-305.8886525024204
580	-308.994467356912
581	-304.4104266519946
582	-312.75536438582225
583	-301.92017918028625
584	-301.87758495703645
585	-304.5481909418785
586	-308.8483701918403
587	-311.1528958803054
588	-308.6085335442265
589	-305.48229868504524
590	-302.80410601171667
591	-308.2579332713825
592	-302.40410412867044
593	-300.34632759586066
594	-308.57252615802275
595	-302.78147989950327
596	-310.3025837944758
597	-309.86130667162763
598	-310.1720839272626
599	-312.2942131160148
600	-307.69436875244924
601	-306.4338931958844
602	-308.5898138026747
603	-305.0937307678935
604	-302.0159606669176
605	-309.7306631216003
606	-304.7235626244542
607	-299.9910601154131
608	-307.3195923070823
609	-306.6444043507579
610	-310.25378387857614
611	-309.6272257042431
612	-303.5462682563738
613	-307.37437355536014
614	-305.1338846771869
615	-307.57413337684454
616	-301.9815766026005
617	-302.3528719691002
618	-306.5334845968582
619	-300.8678421108208
620	-309.4981767028338
621	-295.95097703825553
622	-302.67650192458535
623	-309.03990576329284
624	-311.9525591356543
625	-303.26996518865667
626	-308.51666616615
627	-308.3031777045338
628	-307.38689362229036
629	-303.7516840632952
630	-309.0115011894173
631	-309.9307279039849
632	-308.0302852045961
633	-304.7328394721859
634	-304.71805836226645
635	-307.10956363388414
636	-306.87205777942853
637	-304.98105219641315
638	-308.6112312875854
639	-310.99506178573404
640	-309.4994670939205
641	-305.63737949984517
642	-306.9536807421043
643	-313.86164476237724
644	-308.2003746261445
645	-304.5453900320363
646	-306.66572932743463
647	-296.908514285448
648	-308.69357211408203
649	-305.38276978576766
650	-301.40858343713853
651	-296.99746922382445
652	-307.33611377773065
653	-303.85592006890187
654	-309.57680267492896
655	-302.884339485456
656	-307.18516888000534
657	-307.8939882694496
658	-306.4791775750819
659	-307.6917681110747
660	-310.78986066763525
661	-305.29041703822594
662	-301.63025364733835
663	-309.7930640863901
664	-304.2895823250136
665	-310.7771585407868
666	-308.1140711736608
667	-312.0361660343056
668	-305.6161770110201
669	-307.27224016126337
670	-300.17536791570654
671	-300.7114527074493
672	-301.6361734339335
673	-312.39597471488497
674	-304.8532696341467
675	-306.09744800845084
676	-305.6110222270814
677	-301.4946913423194
678	-309.7860379227792
679	-304.21911118495365
680	-306.13039883979707
681	-302.50378231846656
682	-311.9765126355507
683	-309.6468131119472
684	-298.7515915005842
685	-305.71481974500966
686	-303.83581342469273
687	-306.14220787653505
688	-304.7606142090796
689	-309.07440718214804
690	-301.065910082585
691	-298.90346502211617
692	-304.39946594107937
693	-309.90384709245376
694	-300.9476038359022
695	-303.9840751724817
696	-302.46675761090137
697	-300.7279867457477
698	-302.35988438674383
699	-305.8956682365123
700	-301.73221176161854
701	-305.8404226778166
702	-306.4085323167644
703	-305.276185487923
704	-308.9106225328668
705	-302.5029854684454
706	-305.01673925593144
707	-309.78085962583174
708	-302.62414416486087
709	-302.0714244389027
710	-305.9495529187129
711	-295.4070049225153
712	-306.519051426999
713	-308.6348265835367
714	-306.6386185760901
715	-304.92959403712246
716	-303.5471915453058
717	-296.94086545696246
718	-296.04178723900577
719	-307.70942236632123
720	-303.1038386922421
721	-297.30166452605613
722	-309.9332754740835
723	-302.0628710794499
724	-307.39464939599605
725	-302.6385405004062
726	-302.4171234883694
727	-303.31526931497604
728	-299.1313550817105
729	-304.73138590931137
730	-298.4834935683418
731	-304.8426704336172
732	-302.93965474930155
733	-305.2519639727099
734	-307.799396438494
735	-301.78334599546326
736	-301.52261849750795
737	-307.31028400720993
738	-310.3615515791177
739	-304.53641276412134
740	-303.48437452976134
741	-304.155756496173
742	-307.8094566373061
743	-305.1761070438821
744	-309.6731149545719
745	-305.2841296782855
746	-306.16480932484615
747	-301.2356416617029
748	-308.0169842973498
749	-302.3790044499315
750	-305.03902144637397
751	-314.50308207132406
752	-305.47995488149246
753	-299.37359468788736
754	-302.88623449724895
755	-308.73007617813846
756	-294.49140251558515
757	-311.2765974628957
758	-306.72612557027327
759	-311.13030802508183
760	-306.0224870647613
761	-305.63672098854096
762	-312.48535854560146
763	-305.0460176342934
764	-304.3054944911785
765	-298.27554990844305
766	-312.74076332471765
767	-307.47686940937785
768	-309.3462700987691
769	-305.25843583753533
770	-301.85840276409874
771	-304.06971075900753
772	-314.13556381111687
773	-298.59303981038926
774	-306.25404869444264
775	-305.2677746489622
776	-307.6591231769673
777	-298.58991134303136
778	-305.4376780494461
779	-301.7720027321749
780	-307.1231674191519
781	-301.31208486461156
782	-304.2310864330027
783	-304.4441186405037
784	-303.32814401801147
785	-309.9934397892634
786	-309.871422886441
787	-301.47425219110613
788	-301.03777190994526
789	-304.1561812737622
790	-304.94732871855695
791	-305.22609643673826
792	-303.4051140765816
793	-303.7005094491085
794	-302.296131730403
795	-292.5226995813475
796	-298.4229297248439
797	-306.7526212947463
798	-303.7201396997957
799	-304.98001024506044
800	-305.8881683752331
801	-300.83584904898163
802	-293.3863047277138
803	-304.9662597702872
804	-299.9645859713066
805	-307.48044054948656
806	-303.9694228292317
807	-297.30090000001195
808	-311.0140861243736
809	-304.5354274305802
810	-306.31386817985884
811	-309.306628634123
812	-301.7242485782829
813	-305.76296205600715
814	-303.72407088270666
815	-305.55559407712377
816	-305.0348815884661
817	-307.47376743255234
818	-307.28145842599196
819	-305.0529294507607
820	-303.1294078106224
821	-299.0524951225442
822	-303.132127719908
823	-302.12051147117137
824	-304.91149179357427
825	-305.6103452475464
826	-302.3860557455971
827	-307.8371943000741
828	-300.61645822628174
829	-305.16126682930354
830	-305.02823845718314
831	-300.1786057264943
832	-308.5273914869418
833	-305.42002456098976
834	-307.47446499953423
835	-305.2242844621891
836	-308.28592234858775
837	-301.92658640184476
838	-304.16408319556894
839	-305.69506683979444
840	-304.5152781540482
841	-305.90239890853934
842	-299.3685299585482
843	-311.49064766095387
844	-301.29045906966394
845	-300.6730298454063
846	-305.3214428746569
847	-308.4413904429272
848	-308.8243562767234
849	-313.3719465623025
850	-298.41428444819473
851	-299.9407289691676
852	-304.8359971309797
853	-303.2889616643781
854	-298.2781105383229
855	-302.6093591418934
856	-305.34606972490906
857	-303.8334399335491
858	-300.88265510447343
859	-305.1390000115944
860	-301.64390000000003
861	-296.6520323590578
862	-310.4002069017514
863	-302.09787386575766
864	-303.38148276761734
865	-309.7617109387755
866	-303.80803913840606
867	-302.74827383300544
868	-312.3496829975448
869	-309.528649617071
870	-308.16469628220756
871	-308.25629992745036
872	-306.64921554849076
873	-303.1801126684277
874	-304.8998945361421
875	-303.0954024913672
876	-301.0686985910613
877	-307.21710348836393
878	-303.8871912181354
879	-300.9781822296897
880	-306.34736136627816
881	-303.0593075215922
882	-303.9832505620723
883	-307.4627473140904
884	-305.3917270556185
885	-296.1985019542698
886	-299.69745100860223
887	-304.7816161571921
888	-308.34603193961993
889	-301.32015444153365
890	-296.68789098687523
891	-306.01932272809984
892	-305.6294683039704
893	-301.33595436614377
894	-301.7582936634804
895	-295.67133714962785
896	-308.6961687136375
897	-297.69657970125417
898	-304.86481989958685
899	-301.58040832753716
900	-305.06754796870314
901	-309.8838229330186
902	-302.86043201713437
903	-297.500122848044
904	-302.4974877507908
905	-305.39789933435213
906	-296.20465715440133
907	-302.1780945064532
908	-303.0153494822306
909	-306.03129755541187
910	-304.7392337399442
911	-301.3785757105891
912	-302.0448431641969
913	-303.617111344733
914	-303.8344663779255
915	-305.1611764356636
916	-303.27723602929296
917	-304.3508832974109
918	-305.78457296534646
919	-299.1901319481777
920	-305.64974232608745
921	-304.16866895565846
922	-304.57188564899826
923	-298.87991491826045
924	-301.8774068453409
925	-304.02071510847753
926	-297.0311366295149
927	-307.33249149312724
928	-312.6378431965108
929	-299.8211633561049
930	-307.3741862526741
931	-306.4252645111851
932	-304.4654173825099
933	-306.5220072407895
934	-302.78534545220924
935	-301.6910607298929
936	-305.1774804031355
937	-301.5181
938	-305.3161862687634
939	-308.88224154062567
940	-308.98245420934944
941	-304.61810017187196
942	-300.6939501365516
943	-306.13826722328207
944	-303.6805176590054
945	-302.73505928277314
946	-306.3393812321907
947	-297.6736034796486
948	-306.88570461579934
949	-304.11742482196394
950	-310.08851640136
951	-309.0738969906337
952	-303.0743028666318
953	-303.60548269174603
954	-297.20290509239663
955	-303.11260000003074
956	-301.867140508405
957	-297.35179756377426
958	-305.5768352222516
959	-299.0161551153151
960	-302.74762050762155
961	-299.96461550342843
962	-309.05053236604584
963	-303.9913348831645
964	-305.451542172794
965	-311.0901052865355
966	-308.57331669096374
967	-314.41456081056134
968	-311.27366968725335
969	-306.8658894957696
970	-307.1695875743224
971	-306.3186532471478
972	-307.7202282641381
973	-304.21760447004283
974	-301.2319098535658
975	-305.16130647771513
976	-310.8637873463387
977	-303.1608033503311
978	-301.87462952688054
979	-304.71168400406896
980	-299.3124765554325
981	-305.1333223511824
982	-302.7783164564696
983	-305.42792424289087
984	-305.8903646359212
985	-301.30704805001466
986	-304.68523780297295
987	-297.251334255769
988	-306.4569593043648
989	-303.1881845633877
990	-305.29414620314293
991	-308.07587577868026
992	-303.34444802250016
993	-299.3755872915369
994	-303.94334255959143
995	-308.8409053081965
996	-306.27069590384855
997	-304.8152834647376
998	-301.08492418364614
999	-301.39071110277877
1000	-296.8471584156956
1001	-302.6941226480868
1002	-303.4607359451552
1003	-306.6865509090318
1004	-307.40720666101
1005	-302.12232633733083
1006	-293.28769507228634
1007	-303.7910481804358
1008	-302.4247374522135
1009	-309.68368525151175
1010	-306.0077564002736
1011	-297.04229941010885
1012	-302.32944240084765
1013	-300.5391751886093
1014	-306.28902764187086
1015	-296.9648645794733
1016	-298.5727132616816
1017	-307.5334094820455
1018	-299.464879637804
1019	-299.9871
1020	-304.62011648576805
1021	-299.9151
1022	-299.67996199213906
1023	-300.58767196472695
1024	-306.6936821414935
1025	-309.00531734599474
1026	-311.9289542657587
1027	-306.1641601910385
1028	-306.01823296502766
1029	-304.3668769977244
1030	-305.1695842497493
1031	-303.621695613256
1032	-307.4505420211624
1033	-307.54152836133966
1034	-309.8451294726957
1035	-296.8484000329813
1036	-305.09497229374387
1037	-307.8538380213361
1038	-304.75793322311944
1039	-303.4698017580969
1040	-308.56431285159147
1041	-309.6199889129201
1042	-309.28069064954025
1043	-299.4594834921399
1044	-302.53228527124753
1045	-305.4052088764438
1046	-306.1789559878745
1047	-298.57615938085894
1048	-307.63735707236793
1049	-304.17641094421367
1050	-303.0496184439968
1051	-297.9669732146788
1052	-299.4225648664134
1053	-300.11943989921576
1054	-300.88120066544235
1055	-301.6981095005321
1056	-294.3600525986737
1057	-304.9361570702138
1058	-301.7791653668206
1059	-306.65503114793063
1060	-306.8904151277108
1061	-305.5834583519688
1062	-303.5613235560624
1063	-298.8220545555226
1064	-306.6766271955789
1065	-306.3416794558538
1066	-305.2031050060095
1067	-309.4802964465471
1068	-306.7057378824559
1069	-304.5699554188104
1070	-307.2273303109625
1071	-305.5167105111498
1072	-306.6142294488163
1073	-303.03293575455973
1074	-307.7095551443583
1075	-302.41846716790616
1076	-297.59985419419553
1077	-308.1167718957712
1078	-305.96095118254385
1079	-304.73166006077133
1080	-294.93483208404734
1081	-297.09965971858463
1082	-301.3017137522463
1083	-301.7335883112753
1084	-299.18900433006337
1085	-303.61307761746497
1086	-302.12115100233046
1087	-299.25081551332767
1088	-304.8158454893793
1089	-302.47180000000077
1090	-300.10723765339884
1091	-302.1843604001659
1092	-308.82856833516126
1093	-304.5422154326235
1094	-303.4202883152105
1095	-303.85457285459347
1096	-300.08584126245756
1097	-303.24848988768247
1098	-307.2412073129406
1099	-306.75013484210143
1100	-301.1956115801433
1101	-299.2385353922644
1102	-307.20904922592143
1103	-302.27298617661444
1104	-305.43255312311834
1105	-302.03238512416345
1106	-309.0190404397273
1107	-303.2808809806295
1108	-309.5105297896708
1109	-300.67543055197183
1110	-302.81647801370445
1111	-300.0737678056867
1112	-303.11448522670605
1113	-302.24951396726306
1114	-305.60520445082574
1115	-305.6883640505209
1116	-301.7513061217247
1117	-305.0116485220453
1118	-308.4638993123539
1119	-309.68513296594193
1120	-301.8735061463441
1121	-307.80475995178114
1122	-304.4062579492001
1123	-312.0944591029445
1124	-312.8267711754582
1125	-302.1702406739217
1126	-299.99530172325524
1127	-303.6165309954142
1128	-307.367150795085
1129	-304.060390769156
1130	-308.7524663778427
1131	-298.5225520245839
1132	-305.3447000001976
1133	-297.9026214884336
1134	-310.2586507245223
1135	-311.2867078873161
1136	-300.6810736263295
1137	-309.5286156484233
1138	-306.8970564778085
1139	-303.89771315152626
1140	-298.3929517182462
1141	-305.9501570817572
1142	-304.41901186256894
1143	-304.3470982491629
1144	-300.8517000012814
1145	-300.55625853253025
1146	-300.84100476287716
1147	-306.42731037168915
1148	-305.6647710622476
1149	-302.14490945644116
1150	-303.13347680493933
1151	-303.585597471487
1152	-302.9612931560014
1153	-305.1278085885186
1154	-303.9754448134104
1155	-305.2498028481452
1156	-307.0093504748763
1157	-303.895196942455
1158	-303.7605564838609
1159	-306.88921700331133
1160	-302.36546448338316
1161	-309.7670268127891
1162	-303.5855680603142
1163	-310.2224524951245
1164	-299.0690000000045
1165	-304.4734433301892
1166	-308.8295007216605
1167	-303.08592907118845
1168	-304.44161505081905
1169	-301.5017840501526
1170	-300.54651311624593
1171	-301.29793856197284
1172	-305.8713150194157
1173	-303.2809724466402
1174	-300.6022790087708
1175	-308.2297288874438
1176	-301.74648580290824
1177	-304.9492669511264
1178	-300.8825963858434
1179	-308.4766246683818
1180	-308.8932329587577
1181	-307.79057163809256
1182	-300.8516388398408
1183	-307.7343029055303
1184	-307.2711318503285
1185	-306.1672118033905
1186	-302.41719029200124
1187	-304.8116823763586
1188	-300.9453915043301
1189	-299.89086957750834
1190	-301.9788990050648
1191	-301.513204611652
1192	-308.1635591353502
1193	-310.44703095379015
1194	-307.2873315509406
1195	-302.7494435190235
1196	-301.1712791191024
1197	-299.5611317364232
1198	-294.6346545185307
1199	-305.52563558204537
1200	-298.68191494607896
1201	-300.31489477259663
1202	-300.12054740155384
1203	-310.70736765108177
1204	-300.3796001337893
1205	-301.4121206613038
1206	-303.737614239961
1207	-309.94920249413974
1208	-303.95899623235005
1209	-302.4303499353864
1210	-305.5034606920131
1211	-301.7553733335103
1212	-308.1621042491502
1213	-307.4072697850093
1214	-303.03556716400215
1215	-303.3965329732556
1216	-307.5188849586732
1217	-309.24257629257914
1218	-302.3955481003867
1219	-305.7876793266551
1220	-298.7559573229737
1221	-306.96699876078407
1222	-304.98779584190066
1223	-305.7208470532881
1224	-304.60197015972426
1225	-303.4308781082008
1226	-305.0091098942429
1227	-305.975713047783
1228	-307.4300020597914
1229	-309.42251152201203
1230	-307.7247663620322
1231	-304.47179053508734
1232	-302.53906328116415
1233	-303.70013907536156
1234	-306.3758054224637
1235	-304.09063031879293
1236	-305.5661712381526
1237	-303.5543317011986
1238	-310.12936843836917
1239	-309.9649976407138
1240	-308.41581669284716
1241	-301.07653651935885
1242	-304.5679528517239
1243	-304.0058
1244	-303.71464871238567
1245	-301.62231857686305
1246	-307.01468893428506
1247	-300.4307833939458
1248	-307.2999164791606
1249	-303.0720740752838
1250	-295.5228425322977
1251	-302.685765175515
1252	-303.97735744868527
1253	-300.7564393953408
1254	-299.712199364955
1255	-302.0757667874662
1256	-304.4964433394314
1257	-308.9866719768088
1258	-305.5486505343091
1259	-301.8925190609632
1260	-304.27164948292415
1261	-302.5453309623358
1262	-305.9230393882971
1263	-306.9299691877651
1264	-303.5339367485038
1265	-307.35917741410407
1266	-304.472364932448
1267	-298.95414201413377
1268	-306.50242912186945
1269	-307.4768879834518
1270	-303.21073400990826
1271	-303.3731846186009
1272	-300.05086812281536
1273	-305.70878439883825
1274	-305.2134681932106
1275	-304.75285220482664
1276	-301.55510101120177
1277	-303.17961533320056
1278	-302.0248221325304
1279	-305.99796552152
1280	-301.8318541248826
1281	-305.46840430841024
1282	-296.3684363933426
1283	-307.876000720293
1284	-304.40231060470575
1285	-302.19112000815863
1286	-309.7863359613577
1287	-307.5821149334389
1288	-307.43246485712046
1289	-308.19846457909495
1290	-298.4641775554835
1291	-309.25383220230816
1292	-310.1873953179533
1293	-305.9338470663887
1294	-302.235506471844
1295	-306.98402925027165
1296	-302.0152704182723
1297	-303.3141842242615
1298	-305.3029173279021
1299	-300.83735054049663
1300	-308.00346166882815
1301	-307.6313298576186
1302	-302.71632283074666
1303	-307.1133669671738
1304	-308.66123926470857
1305	-303.07825655029677
1306	-304.61019838423357
1307	-298.9036961312925
1308	-299.58858207155475
1309	-309.70560002953135
1310	-302.8807434858449
1311	-306.49231663999086
1312	-304.6185234438471
1313	-294.1134792265534
1314	-304.95889070397556
1315	-306.57039511339315
1316	-299.505313572271
1317	-302.56161424576936
1318	-302.4161207411615
1319	-309.46195684862033
1320	-301.28869287839217
1321	-312.3331255677892
1322	-301.1869411421649
1323	-305.9898643066599
1324	-305.00292444182054
1325	-301.28619412315936
1326	-300.7124201075073
1327	-296.7190580414343
1328	-301.9627935411804
1329	-303.8610397788904
1330	-303.5805360421999
1331	-304.0752924527714
1332	-301.67208092327235
1333	-296.92913006016073
1334	-297.32026159834226
1335	-302.1453068791195
1336	-300.64787672826145
1337	-300.0796525416339
1338	-296.490036446694
1339	-305.8625461650728
1340	-300.9071163653117
1341	-302.48856523761475
1342	-300.4082172536797
1343	-300.164103061501
1344	-300.09691688126134
1345	-301.0876000334145
1346	-302.92158650776065
1347	-308.72170645385074
1348	-299.4174050881005
1349	-306.53477129915274
1350	-305.4584082720473
1351	-296.0363307744194
1352	-300.7897784882282
1353	-308.1756950762273
1354	-306.12987157530137
1355	-302.865801218543
1356	-299.6607585273549
1357	-303.49334875602256
1358	-304.4737212924284
1359	-303.5234782685761
1360	-300.50735887381416
1361	-307.8818954432322
1362	-303.2881241530743
1363	-302.46635899439895
1364	-303.32867809201827
1365	-302.6640495370251
1366	-306.27158532520446
1367	-309.1822681408627
1368	-307.425359206036
1369	-300.55173572943966
1370	-300.8328642085977
1371	-301.3982638683758
1372	-304.6586621504407
1373	-303.13476822470466
1374	-302.07130207528854
1375	-310.5708633801962
1376	-301.07370651825505
1377	-305.9475184249198
1378	-301.10851127649715
1379	-306.5985561916001
1380	-306.508443305534
1381	-300.682401668245
1382	-304.10876425385806
1383	-302.9162917971466
1384	-304.03005672757075
1385	-303.09396262517924
1386	-298.7301918598475
1387	-306.4889986071719
1388	-310.6905011777827
1389	-304.1527223810618
1390	-307.9932918349091
1391	-307.08976626649513
1392	-300.91248413418555
1393	-296.896113758383
1394	-303.8518028719864
1395	-301.4097219174614
1396	-306.87422275850344
1397	-302.52122240778425
1398	-308.7565929037212
1399	-307.8122522733428
1400	-304.3604838884089
1401	-304.2144901698264
1402	-306.93803224983617
1403	-301.4195
1404	-302.28527517645347
1405	-306.77240861291693
1406	-305.11650982163184
1407	-303.4280154981956
1408	-296.8704219020269
1409	-307.76166865179886
1410	-299.66592575879855
1411	-309.9815667617054
1412	-304.675767028594
1413	-304.20127937487126
1414	-302.33790493018597
1415	-304.61034531247543
1416	-306.8338959035554
1417	-300.939395716953
1418	-303.3430239804945
1419	-300.5279791531854
1420	-307.0560087506397
1421	-307.0167138992763
1422	-305.84014540073184
1423	-305.1794516496051
1424	-302.05558092889066
1425	-301.97432664180644
1426	-304.49392067163933
1427	-303.5488223642469
1428	-306.9730887655126
1429	-303.16748236356636
1430	-299.9112939021549
1431	-303.17468190483623
1432	-303.8780026346606
1433	-308.0765832537115
1434	-304.04266171590154
1435	-305.2996155027884
1436	-304.79582025813465
1437	-307.8946598200106
1438	-307.3470403475653
1439	-305.26885700590117
1440	-297.06488262076164
1441	-301.44256401425173
1442	-306.7168289359512
1443	-299.990002675921
1444	-303.2611341518176
1445	-306.78828319449315
1446	-300.7754983559112
1447	-300.1902396580955
1448	-305.04230681723783
1449	-305.0164976761053
1450	-302.12556304034894
1451	-305.8724862601323
1452	-307.3252264613759
1453	-309.91212436819643
1454	-312.1187123728229
1455	-308.49786943548645
1456	-305.71914363973036
1457	-306.36445999470595
1458	-305.4392196609925
1459	-304.99559863723834
1460	-307.01833539064387
1461	-303.2567783290944
1462	-306.78900138750976
1463	-304.7770665065323
1464	-304.103505103805
1465	-304.76805527237934
1466	-303.485195627141
1467	-300.73030000126323
1468	-303.4495563773588
1469	-309.3197142246768
1470	-302.38828475876664
1471	-304.1726849680392
1472	-306.6894001131863
1473	-307.64812503524615
1474	-309.8273817834679
1475	-303.08965298529466
1476	-303.5249070629871
1477	-304.7472019759336
1478	-299.6055140448311
1479	-309.0976116830421
1480	-303.98322787191245
1481	-308.5243219695801
1482	-298.0884119101438
1483	-307.28461773491887
1484	-306.88524014621163
1485	-302.27308233442835
1486	-310.4870164865917
1487	-304.4286048271671
1488	-308.8105806270808
1489	-308.9616336754486
1490	-308.08882441344485
1491	-298.4075333520649
1492	-301.5394329257297
1493	-299.5670335401597
1494	-307.6392553769941
1495	-307.1542189338068
1496	-294.1399
1497	-304.54031523200916
1498	-297.33161148810296
1499	-305.9064652654719
1500	-308.95209400655267
1501	-318.3778088653673
1502	-308.30887484873375
1503	-307.1672788394564
1504	-307.2046842138363
1505	-305.8403366579817
1506	-307.43635619784254
1507	-305.76403426988463
1508	-302.99966306682126
1509	-298.8292883688398
1510	-302.08567491896474
1511	-306.54995745085444
1512	-303.87789039290163
1513	-303.2128199625094
1514	-304.04922704822366
1515	-304.4243993509977
1516	-307.3310814908621
1517	-304.11042517708137
1518	-304.6316927305033
1519	-308.8335835407475
1520	-300.53543051427505
1521	-304.51690985882294
1522	-308.7129120508572
1523	-300.39663781042293
1524	-307.263963552893
1525	-306.6668735968126
1526	-306.50661906776446
1527	-309.2435731857086
1528	-298.74760647202976
1529	-308.5922676157149
1530	-302.2850927294531
1531	-300.57701165013566
1532	-303.6945012152223
1533	-298.8842112452314
1534	-305.57272486349694
1535	-297.19103988059175
1536	-307.7952671820751
1537	-304.85707705675384
1538	-304.2347865904368
1539	-307.5758253064215
1540	-304.1829547775172
1541	-308.30830039844113
1542	-302.0326120951386
1543	-303.05087424357424
1544	-301.7235035421909
1545	-304.5112
1546	-295.3255840533797
1547	-303.5232394122575
1548	-305.223706620719
1549	-303.85679286162116
1550	-298.1206354904425
1551	-307.33458649544497
1552	-306.40049770580544
1553	-310.72204778549195
1554	-297.72574279248806
1555	-295.4544841196433
1556	-298.8407284593069
1557	-307.93584260082014
1558	-310.6867597128345
1559	-311.07526589354967
1560	-307.7307801353713
1561	-310.27664891718564
1562	-307.57539732170767
1563	-302.23629401436324
1564	-312.0945801912274
1565	-305.2854796509439
1566	-300.1690939971945
1567	-303.7685819856151
1568	-300.514960951878
1569	-304.4471423460136
1570	-302.43333193713795
1571	-301.57951753556955
1572	-305.3038684795696
1573	-299.0773195377421
1574	-303.9402405692496
1575	-296.5464966576305
1576	-310.66416430154845
1577	-301.13141273968137
1578	-303.95884819519864
1579	-297.5718832394759
1580	-304.62864427288616
1581	-302.5994500140482
1582	-302.2813872436079
1583	-299.2979859230099
1584	-306.59318728356914
1585	-308.7936403112766
1586	-301.8551673883497
1587	-298.54758343119636
1588	-308.1422437804626
1589	-303.9877134599776
1590	-302.6423498348459
1591	-299.62556484364535
1592	-301.5677040066626
1593	-297.57638231645586
1594	-303.8834546588859
1595	-296.8530345235119
1596	-296.50982914993045
1597	-303.68872073473784
1598	-300.9376982726736
1599	-307.4825912571312
1600	-306.5163888389343
1601	-302.7958075043195
1602	-306.27834571745944
1603	-301.0131715745785
1604	-300.0657481392582
1605	-301.6959793647693
1606	-303.7549467377204
1607	-307.5471112540882
1608	-300.97719767562614
1609	-302.7344305444437
1610	-299.80412909815135
1611	-303.9052765837394
1612	-304.5882900656211
1613	-304.98318681200726
1614	-299.1247020477714
1615	-308.5956137299276
1616	-306.52262658749504
1617	-305.96139973838945
1618	-306.25086775880635
1619	-313.76041830635114
1620	-306.5416804318174
1621	-299.86250783098217
1622	-309.45532405519725
1623	-302.94669746524244
1624	-314.4556835226002
1625	-311.195026156985
1626	-309.90547459750815
1627	-303.52767836989943
1628	-306.8968000016838
1629	-300.3530271534507
1630	-304.0921640537541
1631	-301.27032545417677
1632	-304.2023706437063
1633	-299.1581256666878
1634	-298.4963493378677
1635	-301.6963350295937
1636	-303.5386543160769
1637	-302.2275431058851
1638	-300.48344734760786
1639	-305.332540193658
1640	-307.82609930537024
1641	-302.21283650967456
1642	-303.6252669020875
1643	-299.3714601093758
1644	-309.63897749895426
1645	-304.30002597799825
1646	-306.76123714650674
1647	-297.0912989338642
1648	-305.8841005588068
1649	-306.3126477867971
1650	-302.9702008627928
1651	-301.36199213105954
1652	-302.8386589910444
1653	-302.83994002115566
1654	-300.1529161705096
1655	-306.04964781234736
1656	-304.0487421788005
1657	-300.22696631953033
1658	-300.8915447710956
1659	-307.66076437987624
1660	-308.28413515234706
1661	-307.8345559923414
1662	-309.6780083962542
1663	-298.1579005930941
1664	-306.0067027313349
1665	-305.55835922450336
1666	-295.804452141428
1667	-311.0269113502237
1668	-297.75415028279446
1669	-305.7732014956415
1670	-301.01314345297675
1671	-305.89027356288557
1672	-307.97587184835726
1673	-309.0224886439856
1674	-308.42234809358325
1675	-298.23540029085086
1676	-306.3429636069459
1677	-300.4978070504264
1678	-305.0728897349502
1679	-309.1719454694481
1680	-308.1714953605026
1681	-301.59225478462247
1682	-304.51593636519624
1683	-304.564412329617
1684	-304.5908444515581
1685	-298.0350348752697
1686	-310.22257059659853
1687	-305.91752551434723
1688	-303.91452962587886
1689	-307.54599853005465
1690	-312.4379380381807
1691	-311.1255857909399
1692	-303.0016649585627
1693	-306.6810342093433
1694	-303.6348121503587
1695	-307.948449948849
1696	-308.63954175766224
1697	-302.2752959213605
1698	-303.6708613293454
1699	-296.79125763943335
1700	-303.3870719312015
1701	-301.6736
1702	-301.9539162722611
1703	-303.54612206282036
1704	-309.3617935522478
1705	-301.3857463610702
1706	-295.0637999026494
1707	-306.40893737397045
1708	-300.6236737265121
1709	-303.8941404860624
1710	-306.34913249735615
1711	-304.7668050089689
1712	-302.8735549323662
1713	-302.2851998440933
1714	-305.99441059546706
1715	-297.53672967536113
1716	-301.665800000014
1717	-303.41165554012315
1718	-303.53019836289343
1719	-301.66777940147284
1720	-305.90135067546765
1721	-306.51157134670615
1722	-308.98507358665654
1723	-308.00671968083685
1724	-305.1270758597138
1725	-300.1035930870945
1726	-297.77353208424256
1727	-303.01954530110066
1728	-302.84690109090064
1729	-299.319723314483
1730	-300.49968881320893
1731	-306.07125837629064
1732	-305.63288073836566
1733	-304.51700406651605
1734	-303.3784728120051
1735	-303.04232767553333
1736	-309.5086909385092
1737	-301.5058904980295
1738	-306.0739050668525
1739	-305.4739077376754
1740	-300.33078788740625
1741	-309.86723179437234
1742	-309.02273293928033
1743	-306.8702564775102
1744	-314.04294862182195
1745	-301.40561586166444
1746	-298.21578956226597
1747	-301.67950121714574
1748	-299.70256520505944
1749	-304.27490492703646
1750	-304.97657679534007
1751	-296.5675893156882
1752	-304.03434917414666
1753	-307.6809740509261
1754	-297.4777
1755	-304.5610665322312
1756	-308.3655149816413
1757	-308.0326866420918
1758	-304.4429617511527
1759	-304.4831786407301
1760	-302.2217444071251
1761	-306.2498720744632
1762	-304.73092118664016
1763	-300.1426550456666
1764	-304.88294386094464
1765	-305.47697283378005
1766	-303.8075829492907
1767	-306.0408586500473
1768	-301.9422143120397
1769	-306.9136071253924
1770	-303.34045231090096
1771	-297.66936919312695
1772	-299.14899489649156
1773	-306.0719228278765
1774	-301.2568171427817
1775	-303.6438614461179
1776	-300.07015121669343
1777	-309.0230212072408
1778	-299.0895637267021
1779	-305.2806474514227
1780	-302.5901691040779
1781	-303.74846193286635
1782	-303.696633280397
1783	-297.8218910627956
1784	-299.5300695197798
1785	-307.19288372309916
1786	-305.69177238872595
1787	-300.5026258555664
1788	-310.4770540173172
1789	-302.2848042345579
1790	-304.703002469201
1791	-299.9379
1792	-298.96914269880364
1793	-301.28547560443036
1794	-303.4205015908672
1795	-303.02056184670005
1796	-305.315900732038
1797	-309.9153016377094
1798	-300.36805142545614
1799	-298.88200701139044
1800	-302.55490752204486
1801	-302.86015275894454
1802	-305.1057758318332
1803	-300.3985000000241
1804	-305.79868315967747
1805	-302.3499538414637
1806	-306.9769238146739
1807	-303.512480009296
1808	-303.0606090358605
1809	-298.17260034909134
1810	-308.8105384914409
1811	-301.50045041643165
1812	-304.0971
1813	-310.02747524678097
1814	-307.2831270520153
1815	-303.24834719125954
1816	-300.99642570319077
1817	-307.8109861276271
1818	-301.21581508916046
1819	-305.28268787410644
1820	-302.3989000001239
1821	-302.7629090884116
1822	-305.58670875826834
1823	-296.106218131929
1824	-303.4662000286056
1825	-297.88954943551704
1826	-305.59393694828174
1827	-308.420841846822
1828	-299.40943966470695
1829	-304.6917988275204
1830	-303.58727635570983
1831	-301.9974439537508
1832	-305.8927146021725
1833	-301.40203384654757
1834	-306.0168431044099
1835	-306.8859017404465
1836	-297.4407131419321
1837	-298.1142316691682
1838	-301.99787923600513
1839	-299.35702381795255
1840	-310.4912453184238
1841	-304.5133788844512
1842	-306.6729775785365
1843	-304.7253884149354
1844	-309.64265769907104
1845	-307.17002217539823
1846	-306.00282220820515
1847	-306.1184545349752
1848	-306.4209749208665
1849	-307.9262601163176
1850	-303.4495065914433
1851	-305.67132282231694
1852	-304.3024025553551
1853	-304.18875945372304
1854	-304.46212663336377
1855	-305.9727176777022
1856	-305.15805601915827
1857	-301.8631550434317
1858	-306.91089149034883
1859	-304.4257011915702
1860	-310.44626902235865
1861	-308.4863130817746
1862	-304.83010000000047
1863	-309.00716606984054
1864	-295.89881262246286
1865	-308.41930808237606
1866	-302.75428475254523
1867	-303.4714000001613
1868	-301.3487259748883
1869	-305.7470058372496
1870	-311.054026014035
1871	-304.1233836156146
1872	-306.37954368383936
1873	-302.55295495171697
1874	-306.0948143348745
1875	-299.847174164824
1876	-305.42857572432195
1877	-305.04792527392283
1878	-305.49630647727463
1879	-296.54850332162
1880	-298.5448935439648
1881	-302.39588281480417
1882	-301.35171696554664
1883	-302.82325937833565
1884	-305.75033591057496
1885	-299.4461786560725
1886	-302.0516583012824
1887	-306.9382745412475
1888	-305.8826246683818
1889	-302.1281348242561
1890	-305.8901050126673
1891	-305.5410748638029
1892	-296.3809837411863
1893	-306.0297220050276
1894	-307.0346077718679
1895	-304.7332831276489
1896	-302.819244913501
1897	-303.0777672942985
1898	-300.4174940974334
1899	-300.9133271601153
1900	-297.24180131414437
1901	-300.8252606398114
1902	-296.72974991283104
1903	-300.45427866637624
1904	-304.23308621944545
1905	-294.3128261847588
1906	-301.6082931378383
1907	-302.2196444126518
1908	-298.092720093354
1909	-300.0174072369266
1910	-291.5379804542108
1911	-301.46112811216614
1912	-303.805591447311
1913	-307.8904074609218
1914	-310.498353925803
1915	-300.28582620905377
1916	-306.9938593124224
1917	-302.62741487474716
1918	-304.308451325895
1919	-301.5724523824871
1920	-300.6366681660581
1921	-304.09061353520934
1922	-300.9691283934466
1923	-310.20397570684213
1924	-305.02504059834206
1925	-305.75858376403704
1926	-302.7023645018455
1927	-305.9643018158521
1928	-308.81137976425106
1929	-307.94252784570745
1930	-302.75009277900296
1931	-304.8271522944199
1932	-310.5939028850594
1933	-306.4631029828046
1934	-305.51614457227674
1935	-309.02480939577885
1936	-302.5425020600214
1937	-305.5403358384066
1938	-309.5001023932559
1939	-310.10635903580334
1940	-305.39528780267955
1941	-301.4163786295239
1942	-301.9490115873345
1943	-297.9278138527151
1944	-306.9284388227258
1945	-303.72659918537795
1946	-303.1081740102292
1947	-301.2872466695637
1948	-300.9237014579751
1949	-295.59827452292086
1950	-297.26736603105303
1951	-301.53842566749137
1952	-306.52911815575635
1953	-308.11012216350923
1954	-302.30632418701856
1955	-303.2324333360909
1956	-305.4414035017804
1957	-301.2177117830341
1958	-307.6736952601317
1959	-302.0471392118506
1960	-301.64090134682755
1961	-308.5659399511408
1962	-304.15001045570057
1963	-303.5311368025767
1964	-307.6214069492196
1965	-296.59907218599415
1966	-306.2921200055816
1967	-310.57893650113647
1968	-304.7636322772694
1969	-302.1209163195005
1970	-303.16627114942287
1971	-306.61957494181286
1972	-305.4524192671015
1973	-301.09956217106213
1974	-301.78300106543765
1975	-300.265853137168
1976	-302.73356707222473
1977	-305.8349479302635
1978	-303.89001477196206
1979	-302.14377763004063
1980	-296.0430936524979
1981	-304.51231662709836
1982	-306.49400318902485
1983	-300.5137053087858
1984	-302.4592307385674
1985	-298.90311399890766
1986	-303.1766675614625
1987	-299.2433553970149
1988	-296.64056551011197
1989	-298.12343321720573
1990	-305.12124008561017
1991	-300.2395621839057
1992	-310.258746379336
1993	-299.6249121340506
1994	-297.4533
1995	-307.01039674317644
1996	-301.47530887455616
1997	-298.7675979012429
1998	-303.0970953715623
1999	-306.6598266564125
2000	-306.0097087255135
2001	-304.00930789883023
2002	-305.78566701538676
2003	-310.3470406286788
2004	-304.7369012828472
2005	-299.5118859574524
2006	-298.63581410545686
2007	-304.48925542017656
2008	-305.12682603565787
2009	-303.36677709149586
2010	-303.37767770648577
2011	-307.0719030831745
2012	-298.22735328375234
2013	-301.5964816459122
2014	-312.8815818785195
2015	-299.89121727013
2016	-299.31511479293783
2017	-308.1732340255174
2018	-299.4943993492674
2019	-297.6287457853277
2020	-301.3308119783709
2021	-301.9202153354382
2022	-304.23793930647355
2023	-304.54895772540226
2024	-304.8124119308249
2025	-303.365599003848
2026	-309.79416871156104
2027	-303.9645380566736
2028	-307.91917418240274
2029	-302.8106732027422
2030	-308.5397167151912
2031	-304.94488632942677
2032	-308.2037159719923
2033	-307.0360549480913
2034	-299.6265081510776
2035	-303.624888825938
2036	-302.7600982024638
2037	-304.10455913127555
2038	-311.7705806886673
2039	-306.6282560710821
2040	-301.8823611887223
2041	-310.85123067494277
2042	-302.44515878188076
2043	-305.49524803333054
2044	-306.1025229477265
2045	-298.9914475132155
2046	-304.60966839677644
2047	-301.92330920940674
2048	-300.9593228989571
2049	-302.27190863746205
2050	-303.92264412277325
2051	-302.8225241662221
2052	-298.31270019946646
2053	-299.3069239261082
2054	-303.16643608265827
2055	-301.47121599381546
2056	-308.5398834086079
2057	-304.0558641187202
2058	-307.64385912009493
2059	-296.5832168868883
2060	-309.5573019262209
2061	-300.74784210182673
2062	-304.3863074142833
2063	-298.84028880524414
2064	-300.3133
2065	-306.12459979272865
2066	-301.57507109678863
2067	-301.7815264917867
2068	-301.8696346777603
2069	-303.1024222217086
2070	-307.4146941501522
2071	-303.4546872734043
2072	-293.5891150557416
2073	-300.5968212056506
2074	-299.5727352079553
2075	-295.2652814383028
2076	-299.154819702046
2077	-297.0644437250999
2078	-306.6536501959267
2079	-304.9578554485334
2080	-304.58343134574903
2081	-304.00112488078145
2082	-303.78649519209705
2083	-304.80914587466583
2084	-300.84265042349
2085	-311.07701498475575
2086	-302.7883499129558
2087	-301.2002924561574
2088	-297.1424266952164
2089	-307.8420909734003
2090	-309.7762113332036
2091	-303.89526785547025
2092	-299.6462427520929
2093	-299.6072268045389
2094	-308.0516860982791
2095	-306.6578529862788
2096	-305.93632726706176
2097	-303.494475135327
2098	-302.0757332668797
2099	-303.86030002715734
2100	-306.3109124632503
2101	-302.41860115857384
2102	-301.4758913937131
2103	-304.85671069643996
2104	-305.21132404611365
2105	-303.4002562568639
2106	-305.0019468426681
2107	-307.3901296664119
2108	-306.2662849331121
2109	-300.2294660395518
2110	-302.8793422592587
2111	-304.1843096635151
2112	-303.64561991309324
2113	-298.6922567128333
2114	-307.52651695369264
2115	-301.940564787556
2116	-299.7332000000211
2117	-303.2706574849542
2118	-305.11680877554096
2119	-302.9109918237238
2120	-306.3782684055358
2121	-303.5111325178113
2122	-307.9188884325947
2123	-299.4662080623126
2124	-306.74001615910544
2125	-305.1349371976606
2126	-305.96378569449314
2127	-310.2513320467451
2128	-301.6891289894112
2129	-313.7447235808275
2130	-307.3868779106202
2131	-302.67548694115857
2132	-305.6922140931558
2133	-304.5023559722321
2134	-302.4350854237923
2135	-304.67661678503316
2136	-305.30801846350704
2137	-305.91418245016894
2138	-301.25351815360887
2139	-312.7000918332416
2140	-308.293229807427
2141	-307.9723640854723
2142	-304.5324060064058
2143	-307.5155837005196
2144	-309.59331940648065
2145	-301.68394998511957
2146	-301.07763438730035
2147	-309.1643299928964
2148	-308.44905485834545
2149	-313.73119521631673
2150	-309.82071990773807
2151	-299.37060055637335
2152	-303.0332552099677
2153	-303.08424066039373
2154	-305.4262156582046
2155	-306.68292625511754
2156	-302.79064046118634
2157	-306.7769627784273
2158	-298.43493291774337
2159	-307.6773467407821
2160	-304.5545746025335
2161	-306.2308257618238
2162	-305.6855326516528
2163	-306.05369736506896
2164	-292.59417016211836
2165	-295.97717908372846
2166	-307.2615114824794
2167	-304.8402042663225
2168	-306.8612176593925
2169	-305.8990572801596
2170	-306.6938496371164
2171	-301.126530746683
2172	-310.62821003326314
2173	-307.64066949386375
2174	-304.05555667435357
2175	-306.87598511808403
2176	-302.9546982954583
2177	-305.9468829545611
2178	-298.4853702287105
2179	-303.31829837388057
2180	-307.9733171169693
2181	-307.8011758987591
2182	-307.3621030687757
2183	-304.0521573728775
2184	-294.89705436536076
2185	-304.3702890536008
2186	-306.14423524833074
2187	-308.95447159145306
2188	-304.69116840711877
2189	-308.7932205799624
2190	-300.5723436397235
2191	-304.25606351665937
2192	-299.7921699708779
2193	-299.3528934165014
2194	-304.5892352711925
2195	-303.1235814856862
2196	-306.07282472205395
2197	-303.0915
2198	-300.7871495885176
2199	-302.7280386359135
2200	-299.524091855812
2201	-304.673863154215
2202	-303.07744177853664
2203	-305.02508561337834
2204	-304.1057668236759
2205	-304.16910658580485
2206	-305.1319971134645
2207	-305.929507906699
2208	-302.8097080101742
2209	-306.7177005255351
2210	-305.93557005725535
2211	-304.81684888914896
2212	-303.4906272547002
2213	-303.98088620920913
2214	-300.8139152485451
2215	-308.4940218141379
2216	-307.1776061830194
2217	-304.2154812588737
2218	-302.18929894924656
2219	-299.0637998813402
2220	-306.55571907162476
2221	-308.7919900341919
2222	-297.9573073916905
2223	-299.9762
2224	-303.7318627717309
2225	-300.7340103827123
2226	-301.58330883331274
2227	-305.08138586611796
2228	-306.2021011312224
2229	-306.9005043685314
2230	-304.49762186994906
2231	-303.12793506955654
2232	-302.9904245334569
2233	-306.57516138322546
2234	-310.2177934644038
2235	-303.75895806202635
2236	-300.7209542195099
2237	-305.0096856654879
2238	-304.82275085232874
2239	-299.8767154094548
2240	-299.98690021932794
2241	-311.26312716721606
2242	-309.2180003932926
2243	-301.2784905677119
2244	-303.289267574419
2245	-299.7318227799317
2246	-311.9314725582065
2247	-301.54485196225215
2248	-302.12388806939657
2249	-307.6524576642341
2250	-308.381937936789
2251	-305.46684055691486
2252	-305.0075905818004
2253	-302.69678775455554
2254	-300.1357454067048
2255	-301.2848208551274
2256	-306.101840490477
2257	-305.43301245015215
2258	-303.3744882237494
2259	-300.39998340408494
2260	-304.2541077883327
2261	-307.560203166361
2262	-305.66987769942017
2263	-306.72580873979143
2264	-293.0570045123416
2265	-305.0371245296746
2266	-304.0245784161207
2267	-307.40114785836226
2268	-309.7868201684922
2269	-310.42136525858655
2270	-306.2404409876685
2271	-304.736930625177
2272	-309.2409802327566
2273	-303.51965060195596
2274	-304.1513944197612
2275	-303.6505681007425
2276	-305.3036378309339
2277	-304.0376514014984
2278	-311.3922061435917
2279	-305.63680903372494
2280	-302.504882294545
2281	-308.36344365547274
2282	-309.5448916747276
2283	-300.0827485316353
2284	-298.89274704466555
2285	-297.75690968209847
2286	-301.16440974258336
2287	-303.1430305254534
2288	-293.9629749644328
2289	-296.03723445090924
2290	-295.93705169656494
2291	-303.9349018914211
2292	-311.6916284297651
2293	-302.0628768765814
2294	-307.29554703077036
2295	-304.5675175244245
2296	-298.573859428177
2297	-303.3604339276867
2298	-307.45260000395535
2299	-303.68941229809
2300	-307.4264897824032
2301	-308.3971469695872
2302	-300.7947686410813
2303	-302.487586637408
2304	-301.1282387714614
2305	-301.60778959526914
2306	-309.3771804138608
2307	-298.5282974564744
2308	-306.6799271805566
2309	-308.5455002204857
2310	-300.21837374017025
2311	-306.91388869608943
2312	-304.079735092719
2313	-299.7256738487536
2314	-303.02923576724334
2315	-305.7665654532129
2316	-303.85255972479985
2317	-303.3697704990641
2318	-306.86149516803215
2319	-298.6003654884776
2320	-303.622420046349
2321	-305.25133769409996
2322	-302.05036061680124
2323	-305.74422826856767
2324	-308.6675421697146
2325	-303.297041796997
2326	-302.76230889806493
2327	-302.1274181582489
2328	-302.7404418318739
2329	-307.464440299202
2330	-300.95901455103825
2331	-301.1022082953069
2332	-297.8731764618213
2333	-304.038240091961
2334	-301.8093836071416
2335	-300.97520734879913
2336	-295.4112
2337	-304.64413040782205
2338	-305.3065992674821
2339	-304.45657168735335
2340	-300.0235345995207
2341	-309.3199467080045
2342	-303.21872547172114
2343	-299.9878984224265
2344	-308.71479654478117
2345	-300.5022415878869
2346	-304.8036056412317
2347	-299.8598485203524
2348	-303.4675668527607
2349	-305.445445470646
2350	-308.03866294986767
2351	-308.2489492218472
2352	-303.83036578217695
2353	-301.3523165934504
2354	-301.3201102543545
2355	-302.9952715664684
2356	-293.63657016524854
2357	-306.2198689385873
2358	-302.0151961989288
2359	-302.52331298663273
2360	-304.0104943274144
2361	-306.0393973176569
2362	-304.13171573344675
2363	-308.75805165017204
2364	-301.04924033866905
2365	-309.45632593452757
2366	-311.84978525212824
2367	-305.3885964922937
2368	-306.97445788833693
2369	-307.82334352710893
2370	-304.88745378932566
2371	-307.15841895725544
2372	-303.92780068017515
2373	-299.8075032628096
2374	-302.12073256156225
2375	-305.49261906421333
2376	-307.1924634348917
2377	-301.5683336197814
2378	-304.69838076015725
2379	-303.32333183133954
2380	-307.36353885527814
2381	-299.211761469424
2382	-305.3205761908661
2383	-300.28918354658134
2384	-311.0972578644595
2385	-304.17690872407655
2386	-304.1562172293842
2387	-304.0517970120689
2388	-300.1121017350184
2389	-306.4560211788923
2390	-298.7760549524881
2391	-309.7425783533612
2392	-306.7001748114594
2393	-305.5047552185437
2394	-296.68996440589405
2395	-292.8374771435857
2396	-304.95367024420284
2397	-302.46527757385303
2398	-302.7791511213259
2399	-303.3718782552649
2400	-302.5645025784536
2401	-313.0757431994276
2402	-300.43109163462526
2403	-301.3629595273591
2404	-302.7758479748449
2405	-306.8721603381641
2406	-304.8872171140975
2407	-302.35970842593986
2408	-298.6969356800065
2409	-295.6084787042536
2410	-307.6737692761395
2411	-299.8499885845174
2412	-306.63533540736165
2413	-296.1651115794982
2414	-305.40030536903896
2415	-305.28015281867386
2416	-304.6502461687708
2417	-308.33728817157686
2418	-299.47232489022235
2419	-304.9664757878454
2420	-299.1795596478867
2421	-311.6516153072547
2422	-298.94746990284284
2423	-308.02077539034434
2424	-306.766644585807
2425	-301.5632393641829
2426	-303.67150000000055
2427	-301.80136089424036
2428	-303.09016263739596
2429	-301.75580016633984
2430	-304.1551450865308
2431	-301.7409895968841
2432	-302.968016166046
2433	-305.4625105897608
2434	-301.186143556065
2435	-307.575195670592
2436	-300.78087089328955
2437	-308.13560058518186
2438	-304.3534016355777
2439	-300.2346
2440	-305.2635121021264
2441	-310.05587921571765
2442	-309.509820124462
2443	-309.68990146731215
2444	-304.75479604464385
2445	-308.4890320422786
2446	-305.7637682093793
2447	-306.9442941474557
2448	-302.5853620009517
2449	-299.39384399906913
2450	-303.28270000000094
2451	-299.9954052475965
2452	-308.01367863864715
2453	-300.2859763048936
2454	-305.8631800923647
2455	-303.5546019502152
2456	-307.78889806286395
2457	-304.38989264637223
2458	-300.2497616711046
2459	-303.4347997865245
2460	-303.74920536663507
2461	-306.70696106513805
2462	-302.93192195406783
2463	-301.65307359717764
2464	-305.78471565509506
2465	-305.2274229815518
2466	-304.94000316007515
2467	-302.79860646812534
2468	-304.59635618067136
2469	-300.4673584079167
2470	-303.9333190770573
2471	-297.03314301411245
2472	-297.7819000035625
2473	-309.06362412033417
2474	-303.9264565043347
2475	-297.5860978288202
2476	-303.3534527885598
2477	-292.9176000000123
2478	-311.1032325763929
2479	-303.72750000022666
2480	-300.77494241082013
2481	-299.94297377215963
2482	-301.9412358299228
2483	-305.05122516080775
2484	-305.22460407246484
2485	-303.489192625346
2486	-300.6181223668112
2487	-302.76093356945387
2488	-298.7045004318158
2489	-308.82307609056625
2490	-304.41634576488934
2491	-302.1449460761008
2492	-301.92340001083994
2493	-307.2950698606355
2494	-309.59504788285665
2495	-309.3352042372123
2496	-307.6008088584032
2497	-295.97946122237033
2498	-302.5914164173203
2499	-304.4132402250999
2500	-308.53826530573997
