1	-301.25089101754736
2	-304.1745371031922
3	-298.5099182988584
4	-300.36565794537677
5	-302.39369209456805
6	-300.38175001608306
7	-311.3602788228715
8	-301.863801224193
9	-297.10679038298144
10	-306.0571969648152
11	-300.62051840927205
12	-309.2979594775382
13	-301.65074182929243
14	-298.51690450996756
15	-297.17734832888425
16	-305.7894960745635
17	-307.613019141403
18	-299.7878017912934
19	-305.52592912482555
20	-304.41937761567647
21	-303.7549773577252
22	-302.5656494397104
23	-305.2651642114537
24	-303.60686671828825
25	-303.0972575214892
26	-300.67125304218814
27	-307.24394032219055
28	-306.07921132309576
29	-301.7951311427927
30	-300.82445274647745
31	-302.59062358598106
32	-294.19293721629145
33	-301.40006857113707
34	-304.433897164735
35	-298.5517307111426
36	-304.58749583253183
37	-306.0337563475237
38	-300.9913640522821
39	-301.0359792789322
40	-302.7906883673757
41	-303.0965273199016
42	-300.9858102410946
43	-308.14156846841445
44	-304.5032612876127
45	-298.8749874561473
46	-302.4267652894759
47	-302.3942345940918
48	-301.60859972628265
49	-304.27995765600326
50	-302.51231687111965
51	-303.3011838715855
52	-308.06975442118693
53	-303.2668364018189
54	-302.69621215726306
55	-309.32883508098246
56	-298.36290000047927
57	-301.3300562689526
58	-302.62803863230766
59	-307.6758292893901
60	-302.6516000161743
61	-301.8574941344698
62	-307.47746258331773
63	-309.88776442176265
64	-308.7095289468905
65	-301.35667024390625
66	-302.4021649481065
67	-306.62253490746514
68	-303.30815814888314
69	-300.47582094113073
70	-301.36510000000334
71	-304.5843966972741
72	-300.1919000043571
73	-305.51535988824804
74	-312.35835895455153
75	-307.82700137553
76	-295.9229039322082
77	-303.67138438241494
78	-300.80053296062977
79	-305.5927001181068
80	-299.4364083846904
81	-302.87169276547024
82	-308.79122141482543
83	-301.24180473090894
84	-306.8726918442218
85	-301.1632351292157
86	-301.4442020654853
87	-304.9593002018168
88	-302.8090496141348
89	-308.2335751059848
90	-303.45320004839033
91	-306.16293105476115
92	-309.33152852105366
93	-293.1096389043132
94	-306.6690125510242
95	-304.88358890121197
96	-303.2527547848777
97	-297.39432348572234
98	-299.5726823122288
99	-310.1196855345421
100	-305.26361333793466
101	-302.5582027525038
102	-303.2009160508731
103	-305.01930006129646
104	-310.7456624984326
105	-307.08272729146637
106	-306.4482083375849
107	-309.5122806866043
108	-297.153027829497
109	-300.6947629428563
110	-307.6313791815119
111	-303.1892926779789
112	-306.0363416451818
113	-305.20130458156905
114	-302.0039124027868
115	-294.7183000884491
116	-303.28035083233897
117	-300.84364392280196
118	-309.88076158472546
119	-307.14747193550795
120	-306.8091279422178
121	-308.3425553672008
122	-302.77900000009606
123	-296.7889797538229
124	-304.0669940829501
125	-307.5823259334281
126	-304.29899840046477
127	-306.2329415554272
128	-299.38640310106234
129	-310.60827446995216
130	-310.5290675514441
131	-302.15407119876306
132	-312.25780731843724
133	-302.6425185082769
134	-302.1664080127272
135	-300.26891724237737
136	-298.8184764856734
137	-304.35115432380985
138	-301.8208088127995
139	-302.3135734986738
140	-304.8279935407168
141	-301.855788889852
142	-304.9582462727082
143	-303.7986877277018
144	-308.12869827092004
145	-303.80565416622477
146	-297.3770113225222
147	-305.10895130012045
148	-309.9149052207001
149	-306.71
150	-304.47937102116333
151	-296.9507
152	-301.06724103795074
153	-304.22556025322666
154	-304.72121465027897
155	-305.4184287316309
156	-302.10504618727043
157	-305.7230283092692
158	-306.5403257146242
159	-306.71545932344617
160	-305.7437012105165
161	-303.83273329723977
162	-301.0355310774712
163	-302.9500085420632
164	-305.7913419711273
165	-304.59593876173756
166	-307.08891622437903
167	-305.07321271279557
168	-305.91483372688674
169	-303.28084269434004
170	-303.9250497316068
171	-308.96207185288876
172	-304.40842037558826
173	-302.48513691952667
174	-299.9217859560071
175	-302.4428662853583
176	-300.9613348331086
177	-306.56485138412944
178	-303.07618562045485
179	-305.7361063770112
180	-305.9245646840031
181	-303.2368355626391
182	-309.88397158090845
183	-305.1401739010146
184	-305.22969701903105
185	-311.3786981066768
186	-307.2619208337375
187	-302.5011232613301
188	-303.06179166744715
189	-304.5826122756848
190	-303.13860815239974
191	-303.5760378316569
192	-307.76048169209395
193	-297.6758884925084
194	-298.9166244458849
195	-295.6398130983409
196	-298.037381859623
197	-306.33972099032655
198	-308.29747069741757
199	-306.4513260362177
200	-303.5388127530195
201	-302.1348899524127
202	-303.3434901032882
203	-301.82764534527826
204	-305.06719919765567
205	-303.30607134894785
206	-302.79897448421735
207	-303.09237380304876
208	-300.815906944022
209	-305.7730018016965
210	-300.8944129522912
211	-303.7356394688644
212	-304.2609535187454
213	-305.8753553713519
214	-306.75676559193096
215	-307.10560836428016
216	-304.29895228844754
217	-304.43294494242684
218	-305.49551217276604
219	-307.139199010007
220	-302.98733052449916
221	-307.66395839319046
222	-307.6604768369794
223	-306.9188344851203
224	-302.4582697097413
225	-305.00400082925256
226	-300.2418623124706
227	-302.85000524355917
228	-304.61493313017905
229	-306.8154489088872
230	-306.7456665111217
231	-304.8191811271254
232	-309.09980437442135
233	-302.60116221223666
234	-304.2452250944685
235	-306.3809473669872
236	-303.2981908612159
237	-304.46160423879286
238	-303.8972
239	-305.2109881627711
240	-302.10454176106816
241	-307.80603374977267
242	-307.04329433556893
243	-306.482309162327
244	-302.06709074225233
245	-304.5737372026435
246	-304.14117965159153
247	-300.573521349445
248	-304.3577582892268
249	-304.6729234051715
250	-305.07405637579143
251	-307.31349980009077
252	-304.47022967616823
253	-303.67576856518605
254	-308.05305851705344
255	-310.2265414460808
256	-302.8265771929109
257	-297.824089104996
258	-300.52554328905717
259	-302.81919294846114
260	-303.2299383377504
261	-303.8939459202425
262	-299.56046979196384
263	-305.15229585181805
264	-307.819687548675
265	-307.1414930849724
266	-301.7560647869036
267	-302.1488770013586
268	-303.414256444688
269	-301.0027437532283
270	-305.7954426687812
271	-305.0621415095438
272	-301.15177157834876
273	-306.19558355842025
274	-301.8357417301607
275	-304.74555674464887
276	-303.6229153352338
277	-308.65311115581596
278	-308.60652142113196
279	-305.0383952185035
280	-303.4482290887592
281	-304.4622818166607
282	-304.5667648526508
283	-306.6297168919901
284	-299.3361651383805
285	-304.0007798911561
286	-308.0437062914509
287	-306.2352994558737
288	-303.0067919647572
289	-301.4516754152347
290	-304.07666663183477
291	-303.56848514814897
292	-305.07200021704955
293	-304.89670781698595
294	-295.88843114843775
295	-305.5647675415835
296	-300.57180677657266
297	-303.63104197073415
298	-303.93540646878864
299	-299.90690093934916
300	-298.8924915948956
301	-301.9867778148488
302	-302.19715905451676
303	-301.3943263093175
304	-309.9043112101015
305	-298.73949633301174
306	-297.97833450644595
307	-308.20302550408996
308	-307.8295350553548
309	-310.6214738163345
310	-305.3382179438621
311	-297.28657257350454
312	-310.15374867698506
313	-298.7988811234458
314	-304.9580309497606
315	-308.0165243971849
316	-303.32971329356036
317	-301.23002904241457
318	-304.85585540013665
319	-304.53870928924323
320	-304.8228957286613
321	-295.93277844366133
322	-297.40911188440214
323	-306.1478984006938
324	-303.289906793161
325	-302.9080890936712
326	-301.9006804960497
327	-295.3431748588156
328	-305.44543409376627
329	-294.3350789638073
330	-302.63334468316555
331	-306.44152450341204
332	-302.53877165739925
333	-301.041016889787
334	-304.76671125213966
335	-308.77333090813573
336	-308.2784021022032
337	-302.55007222933847
338	-302.3962178112312
339	-310.7514667657939
340	-303.9563214729191
341	-310.91030619788495
342	-303.4141065722667
343	-300.7869058377783
344	-305.61255368401885
345	-302.5870497684915
346	-307.49820086879896
347	-305.92711025865174
348	-300.5557625043325
349	-302.0603203891754
350	-300.32516133101774
351	-304.403324635161
352	-300.5069684433733
353	-303.38934242823206
354	-305.8312107108133
355	-309.1051459502565
356	-306.33430235648916
357	-310.90117474487334
358	-301.9451686208055
359	-304.5141358236499
360	-307.41894027968823
361	-306.0768091974612
362	-302.16843527638736
363	-308.8923557033188
364	-308.99909238006495
365	-308.98229188435806
366	-298.4220588430146
367	-305.2878278030703
368	-305.89380138721083
369	-303.377838726608
370	-308.89176145232904
371	-308.61704789353445
372	-308.1191391335849
373	-307.1153765334733
374	-306.29440438680234
375	-304.1367201848602
376	-306.88803502457074
377	-299.6132184782092
378	-308.70520712997137
379	-301.67071026685454
380	-308.5027823524579
381	-305.80945366731567
382	-304.442734382298
383	-305.47625857283856
384	-311.2494974153493
385	-300.21966789582393
386	-305.1715682491515
387	-300.6217788406954
388	-306.5428328643138
389	-306.84493648045526
390	-309.6530961025521
391	-312.53101455609743
392	-304.69658624377814
393	-302.2005839669696
394	-307.3708799578315
395	-308.2706061135513
396	-309.8459779558952
397	-309.78133111138885
398	-302.4008661583719
399	-314.58861551162914
400	-310.3901757911823
401	-304.88784737465335
402	-312.3364353429223
403	-305.50939818320074
404	-310.9550847336969
405	-306.17310337647433
406	-306.89997682543566
407	-314.15399960583443
408	-304.7929882351483
409	-305.98838147963437
410	-312.47344003745184
411	-309.32399353700305
412	-299.6553115300083
413	-305.3115698440378
414	-306.38371313241987
415	-305.14010110045683
416	-306.48781049456596
417	-306.37948244673714
418	-309.4218050407473
419	-313.44760811590004
420	-303.0985701077282
421	-304.5386773561157
422	-295.7077133982836
423	-302.5141270167781
424	-310.8986545361069
425	-306.49082281171525
426	-302.5573
427	-294.91100001518254
428	-303.4162003118917
429	-303.3900747840679
430	-304.08086606588927
431	-303.6023546095739
432	-300.7872656819565
433	-297.0827
434	-302.50503987510945
435	-305.18730090191207
436	-304.64217203590033
437	-303.2667393764878
438	-298.22132196418215
439	-296.79260166824497
440	-295.81942945651275
441	-303.49185192378087
442	-299.784660322542
443	-304.25928149402677
444	-305.69802206276376
445	-309.61289679912795
446	-300.7330214067546
447	-306.3530617306058
448	-302.3950000000001
449	-303.46102088898607
450	-303.5044097836064
451	-303.4397392040065
452	-297.83131590218915
453	-301.94942362044173
454	-304.9180210309539
455	-303.18362840432764
456	-307.38203746046855
457	-302.64822347559925
458	-306.85374028138426
459	-304.178893146639
460	-304.6569377690639
461	-306.4316345737898
462	-304.6966392828478
463	-306.42537434688705
464	-301.27709997579234
465	-306.5721298456484
466	-302.081921682816
467	-302.13884852505697
468	-299.4590477486978
469	-307.8879915932867
470	-299.39019357957744
471	-303.40390088252514
472	-302.66160421957227
473	-308.0887856053086
474	-309.4289688430645
475	-309.045686078618
476	-307.51175147427483
477	-305.6659516920535
478	-307.555472938553
479	-311.4580244235897
480	-309.6160453823312
481	-308.0470429162916
482	-302.35236168298974
483	-303.22224311393285
484	-308.5518484654873
485	-311.2601286862439
486	-303.2735877908293
487	-307.0458387349304
488	-308.7881590154531
489	-306.0757977701479
490	-304.2904077384934
491	-304.2195000000935
492	-305.030990808214
493	-301.51640840556735
494	-297.34257618786535
495	-301.1991430887067
496	-309.72811085161584
497	-310.9851698675879
498	-306.4896659927571
499	-310.78287576469035
500	-300.11543832943914
501	-302.7633773622789
502	-303.2569567086594
503	-293.2680673148041
504	-300.8416347198023
505	-303.4573313697059
506	-304.43201871533734
507	-304.31237253249736
508	-300.27444826599145
509	-306.16512460180917
510	-302.95574021603
511	-300.61027000965765
512	-301.52558835756963
513	-305.9162155861775
514	-301.566491423534
515	-304.29934318073157
516	-305.4728778811316
517	-302.9076395677035
518	-305.079951021453
519	-304.3016000008317
520	-299.91160255248025
521	-303.58544959128756
522	-299.67858975881956
523	-299.8973900891027
524	-302.11943456939576
525	-303.9938000162015
526	-304.42845132965465
527	-299.0268677376613
528	-302.57367291346554
529	-303.02850685762763
530	-305.98077462993604
531	-300.61435211726007
532	-304.8517081355336
533	-300.7100419769749
534	-300.88558699945213
535	-302.4769548761062
536	-292.6249000066222
537	-310.74446164313895
538	-301.4364373156571
539	-305.4812048041715
540	-306.3821284487871
541	-304.13456824658914
542	-305.9557269292248
543	-301.58287955351375
544	-302.1735980250546
545	-310.45628497911076
546	-308.20282004114483
547	-302.6817532796649
548	-302.1499670753576
549	-306.87807091862595
550	-305.5780187625384
551	-303.2007098871634
552	-308.77987443049665
553	-306.5750368313988
554	-306.0191600811098
555	-307.5973525263038
556	-297.30666239055245
557	-304.4694698249363
558	-299.9480608859298
559	-306.0721002657152
560	-304.10944767960825
561	-298.3226279798837
562	-304.38211504975
563	-306.40895920543176
564	-304.83866591301745
565	-306.24704969826996
566	-305.9370030337617
567	-305.1898609734218
568	-304.94385432667764
569	-301.9853437478132
570	-304.71913846627444
571	-301.3025772255231
572	-306.59764456258426
573	-306.80948198917764
574	-303.4817803137328
575	-300.13921250524214
576	-302.7735910687611
577	-302.4148919013164
578	-303.95345790373284
579	-299.30376257490894
580	-298.83951401660664
581	-301.4962963347699
582	-300.0067897406149
583	-306.4100994732531
584	-305.8789050341473
585	-300.39679579231426
586	-300.5223560434158
587	-308.3589687795711
588	-299.33889692107635
589	-300.7403179730441
590	-301.83531440832917
591	-302.0826608497218
592	-308.68323247281194
593	-306.7384317731578
594	-308.80666664427747
595	-295.6417712208037
596	-304.49369387408797
597	-306.747458797328
598	-306.9381395907032
599	-301.83546750225395
600	-303.11122599769163
601	-305.3455831919393
602	-304.9194477965153
603	-300.64720341587116
604	-301.0775154552593
605	-305.6679205007893
606	-306.44217529571324
607	-308.28701933262744
608	-305.8819344329187
609	-301.6714858585741
610	-304.6529358673399
611	-303.9279602576223
612	-303.2805339381371
613	-310.1551924375501
614	-302.8971711526644
615	-306.0814827851093
616	-301.8003752975995
617	-304.2617864544354
618	-305.067758675599
619	-304.0561147013613
620	-306.55298003039945
621	-308.0866505084317
622	-311.272675412744
623	-301.3001736874512
624	-300.1446456384086
625	-297.8034355605843
626	-304.5614684488339
627	-303.6255640022857
628	-300.1614203282184
629	-299.1051578799678
630	-301.13925413463954
631	-313.60679148793236
632	-302.00289104333183
633	-313.5900411563035
634	-301.2372970394082
635	-301.6815685035913
636	-308.21624027750715
637	-304.58100243316755
638	-306.17201845791595
639	-298.1652929213635
640	-304.60059248285006
641	-300.61184202960567
642	-298.03374769472487
643	-298.0927000004245
644	-302.52187216692164
645	-303.73375164590226
646	-309.32188608203154
647	-311.399033399493
648	-310.1693394116725
649	-304.26040152561853
650	-309.0321677084058
651	-301.4005406970148
652	-310.78184684334815
653	-305.6788815055564
654	-312.63860597868796
655	-308.00296323331787
656	-305.78545355190187
657	-303.20888807523113
658	-309.4454186053942
659	-305.3597937161533
660	-305.1324210919061
661	-303.6822856031325
662	-310.3515239065001
663	-303.9922715620006
664	-305.62815983538763
665	-308.24437451365174
666	-306.9360068265929
667	-306.0749540683833
668	-304.1381749603443
669	-311.72314374531095
670	-303.36032432971024
671	-306.9387016209139
672	-308.31858991267416
673	-313.26000294157336
674	-302.34658185526814
675	-306.9070393488813
676	-310.10353727858194
677	-297.04953735883623
678	-308.80992434000785
679	-307.3130088292002
680	-301.6089965435026
681	-291.2459072915048
682	-305.97995639111497
683	-303.497843436253
684	-305.7904574313643
685	-300.1588223778509
686	-300.4752784852746
687	-307.69088778894695
688	-298.72993487744856
689	-306.9423356450714
690	-311.2755369055359
691	-306.7088355900826
692	-302.9287441318458
693	-305.3594113147315
694	-309.01166732253716
695	-305.28740312716195
696	-296.5014172492897
697	-305.1289843215669
698	-306.89041683375416
699	-300.08099076556914
700	-311.8340234426717
701	-309.9715353785018
702	-303.8521018837923
703	-307.92702152393883
704	-297.4626752611201
705	-304.2734436797224
706	-315.0570546844224
707	-311.04040175209224
708	-300.15944688074296
709	-313.08857866252083
710	-302.7308784869015
711	-310.49579740906506
712	-295.3331011879985
713	-306.3082568391433
714	-305.00183691309354
715	-299.90791304042205
716	-305.1566287638402
717	-305.23941220747315
718	-299.911158013954
719	-304.23172461047653
720	-305.44505700175876
721	-299.7391359375414
722	-309.0923610558459
723	-306.7827294289272
724	-297.97089789246616
725	-304.9477617182343
726	-307.6911470278855
727	-306.9544582925231
728	-302.7212058928335
729	-305.5305986298452
730	-310.5672319898894
731	-309.8870564065946
732	-305.62261546070584
733	-299.1475667209701
734	-301.95029612127195
735	-302.706735343496
736	-308.8820934415991
737	-305.7026010674128
738	-310.8897939554236
739	-310.701211429165
740	-300.32384621175527
741	-304.93066678062223
742	-310.06256926898817
743	-308.59734573187717
744	-306.8898954858368
745	-307.57254894822074
746	-308.8465037270396
747	-300.10519210413685
748	-305.3195381563392
749	-306.7132764721487
750	-311.1131283559074
751	-308.03004367925973
752	-309.68941258843023
753	-297.0576374736343
754	-301.6887532612223
755	-305.4479918194892
756	-305.50105256275157
757	-302.01484712806973
758	-303.8948954910137
759	-303.2854990045303
760	-307.6184734673606
761	-305.365709095091
762	-303.3418426509339
763	-301.4124484718372
764	-312.8899160942096
765	-307.7038787404756
766	-307.10687978529666
767	-305.16019446161647
768	-304.6659763750035
769	-309.00649795649053
770	-307.815545960289
771	-303.9814843726665
772	-309.31731151099126
773	-307.62839973383416
774	-309.69713818432575
775	-308.9748433218648
776	-305.78390043566003
777	-310.65480586244723
778	-307.6810907499569
779	-309.56351226400665
780	-309.21477080392395
781	-311.4282052818096
782	-301.18607085945894
783	-302.7900030783397
784	-308.28275651485967
785	-308.47230569370663
786	-311.3030502531482
787	-310.0017885552625
788	-305.13831054547194
789	-311.31329802480604
790	-311.79107033143737
791	-308.3305573368714
792	-307.0060065009681
793	-303.6866224005748
794	-305.59477020003084
795	-309.18959223992795
796	-312.83835089508085
797	-307.3635079986186
798	-311.9980963862949
799	-304.1165349294576
800	-304.26752764340824
801	-306.00412303585
802	-311.10949531529
803	-310.2768593268172
804	-310.46504014970816
805	-303.9367402832626
806	-291.5724008917762
807	-305.43208513598717
808	-306.1131991838889
809	-306.56591730609546
810	-305.29211716603606
811	-307.10953262584866
812	-299.37202555466337
813	-307.9177840470614
814	-303.99128245643135
815	-308.8681853352373
816	-307.32713086616366
817	-313.4325388255737
818	-303.9948001454323
819	-308.4422589848224
820	-310.6501221106329
821	-307.11262310979873
822	-313.9576535325258
823	-312.8478826271938
824	-310.76537844036284
825	-303.8464356164443
826	-303.3567969508077
827	-301.42504550523654
828	-311.6503083597407
829	-306.25036997058464
830	-308.12440981114156
831	-301.4336864738619
832	-310.75822308472016
833	-301.31475854534375
834	-309.2502919490533
835	-307.00655852868
836	-301.62267953519495
837	-310.54636932872296
838	-311.22568020907124
839	-308.08499084497873
840	-310.3104103993852
841	-311.4366858397473
842	-305.3662163168913
843	-310.89482608561076
844	-299.9399950552362
845	-305.3089578249843
846	-306.7052405300999
847	-308.9487720644125
848	-309.53528644512375
849	-306.0863359386805
850	-308.9869234503012
851	-304.74171853795247
852	-304.41515802139185
853	-296.02412992205814
854	-303.5775637377763
855	-306.3500450760087
856	-311.5452936458244
857	-310.17279339559406
858	-306.190779784704
859	-309.38678837362414
860	-314.9779229927312
861	-310.8625904289907
862	-310.00875585655814
863	-308.5205694144532
864	-301.4269355618112
865	-307.1453838017413
866	-303.08687086269964
867	-310.95469105146765
868	-311.4710340095013
869	-305.47920980640464
870	-309.8797819476708
871	-306.65931466861696
872	-313.4302720818618
873	-305.60305206425204
874	-307.18163701524827
875	-312.3990777813655
876	-307.95339050242694
877	-306.4602695475432
878	-308.8255319294676
879	-311.97844678186186
880	-301.7615332940926
881	-301.3894410085994
882	-314.47796243070246
883	-303.98754228354437
884	-297.9174706983775
885	-309.75918791997657
886	-305.8840758358402
887	-300.25779462828285
888	-303.40954861282614
889	-299.65803831790663
890	-299.3234778225919
891	-304.2556659316404
892	-302.7603596013135
893	-301.34693967089225
894	-306.58945979054977
895	-303.111405224056
896	-307.64344368533716
897	-304.9746682320833
898	-302.6962052888016
899	-302.6397425089502
900	-309.69113827219735
901	-307.94938426121644
902	-299.86271168168355
903	-312.3783100698989
904	-301.44540580903504
905	-304.3733829526337
906	-307.4714491229508
907	-309.9826246288488
908	-303.296510328425
909	-314.410828949448
910	-307.76854522207145
911	-303.9040552020991
912	-309.8839303389519
913	-309.8526115591984
914	-301.2969265476524
915	-305.24033486753365
916	-308.08796555697705
917	-306.99791182625546
918	-310.3126447836971
919	-308.0607311985031
920	-297.7356154881561
921	-302.496740463709
922	-299.82414556494797
923	-308.712752848715
924	-313.3345437586066
925	-308.5988717771751
926	-313.328088089754
927	-307.8189358989483
928	-307.7053978578568
929	-305.51716909867577
930	-305.50957725922
931	-302.46150712369575
932	-306.1354344302964
933	-300.22896426962154
934	-308.9936999708548
935	-295.422918720885
936	-306.509592624761
937	-308.95158905172616
938	-304.4113920867601
939	-312.4846942050694
940	-305.9659898686812
941	-300.8583226545192
942	-311.69074784868803
943	-307.1351063054404
944	-308.6697905434667
945	-313.5849915104436
946	-306.6776133309581
947	-303.61517206796685
948	-302.09530595286003
949	-301.8045571561199
950	-294.01310059610336
951	-299.3642067111267
952	-300.44600000065486
953	-303.0424637980221
954	-296.05729394769133
955	-305.81070861374707
956	-299.47337610574084
957	-304.81297290150883
958	-301.7454480421094
959	-306.9188484649764
960	-302.02216387598725
961	-303.153443620194
962	-307.3896778612269
963	-312.1592078037131
964	-304.51934659061214
965	-295.26596571179937
966	-302.00865118348304
967	-309.9821977698825
968	-303.2900000009653
969	-305.2856877884936
970	-305.59091933194935
971	-307.1138505794485
972	-306.1693455553325
973	-300.0400151479168
974	-299.3466716948365
975	-304.8923742425833
976	-302.45043792475707
977	-301.5074845915718
978	-304.01855889949616
979	-309.0474099375355
980	-300.7919004215846
981	-305.90883490617836
982	-307.6249913927692
983	-305.7690577087259
984	-305.5059759725075
985	-295.86034296378585
986	-299.9480734756216
987	-302.2341383895136
988	-301.6976623795724
989	-307.1950778809664
990	-305.8026136593267
991	-299.478914695667
992	-300.8687480324194
993	-302.49952127619736
994	-305.6730768469203
995	-298.195407043999
996	-303.5959833229861
997	-306.8777567928978
998	-298.72318392030985
999	-304.73504496280935
1000	-307.8685154948098
1001	-300.75968055652066
1002	-292.9264664285975
1003	-299.17198150990623
1004	-295.0338
1005	-301.7248570290958
1006	-303.0796324848822
1007	-306.970708008705
1008	-299.67878450019373
1009	-302.74454610577953
1010	-304.22349038274797
1011	-309.19921378214445
1012	-304.8356849107832
1013	-299.1399544869511
1014	-304.27583905006804
1015	-297.1809007864994
1016	-300.37153302677876
1017	-306.1752920156074
1018	-304.43505764421116
1019	-307.0753264546095
1020	-299.7426923992207
1021	-298.67036081717185
1022	-302.1804825779759
1023	-306.9083103775851
1024	-308.0654400886874
1025	-307.58726537896285
1026	-300.3291
1027	-306.35204404535705
1028	-302.1306202231886
1029	-300.7978279233111
1030	-305.15191875246074
1031	-293.38230125296025
1032	-302.70968671251353
1033	-302.8194930922884
1034	-311.3682584951702
1035	-301.8964875431232
1036	-298.71899293659953
1037	-301.4838000000096
1038	-300.07743230566393
1039	-304.21350365364407
1040	-300.70626924990324
1041	-303.7545056814205
1042	-302.9772022100721
1043	-301.35227996315433
1044	-304.34160224677083
1045	-303.3433957218053
1046	-302.0567761662678
1047	-305.9149085759242
1048	-307.4072939289026
1049	-301.07075611033423
1050	-307.7280710999704
1051	-304.9318197090132
1052	-300.77470616135355
1053	-298.43669702521316
1054	-306.312214713219
1055	-303.98704653862757
1056	-307.27799999999996
1057	-306.35381680451064
1058	-305.7764861342908
1059	-304.67645647621714
1060	-296.3006
1061	-305.759977270053
1062	-304.0533923361065
1063	-301.6412193593463
1064	-303.8134432184923
1065	-306.8978006639147
1066	-300.45528690169215
1067	-307.01003723734743
1068	-309.6854194430476
1069	-302.80455208234594
1070	-305.7716513881384
1071	-304.89122102044564
1072	-307.73973554843764
1073	-305.42946481304335
1074	-301.21896232988297
1075	-302.85331227244706
1076	-308.5203074562082
1077	-293.76398964665316
1078	-306.493555258727
1079	-303.0287226247684
1080	-310.7583076777819
1081	-303.06104570936697
1082	-305.11300014135276
1083	-302.8667455095449
1084	-307.574249275523
1085	-295.5804467716636
1086	-294.1690086787562
1087	-301.34395954400384
1088	-307.04532858988125
1089	-299.26081566706614
1090	-309.5780313066657
1091	-313.1869510520651
1092	-307.3913737193861
1093	-299.54226838145775
1094	-305.6695808026972
1095	-298.02398359910296
1096	-310.35962773206535
1097	-307.0117538471713
1098	-304.06518151231677
1099	-304.21624891551915
1100	-301.05250114298457
1101	-307.75910414287245
1102	-306.8802280972352
1103	-305.6550584350126
1104	-303.06542424179514
1105	-304.5763392392141
1106	-308.8550281445832
1107	-301.9881733704871
1108	-292.7192738106886
1109	-302.7828334006109
1110	-303.8860920521799
1111	-303.18689154577385
1112	-307.19043827593146
1113	-304.653582607392
1114	-298.3260341091408
1115	-298.2559834784595
1116	-303.96969232861755
1117	-295.934197139611
1118	-303.32806513832065
1119	-303.63402157753023
1120	-302.3318474353181
1121	-309.1267887419029
1122	-302.15121823815537
1123	-300.9342956407239
1124	-305.59170322003735
1125	-307.7922774117701
1126	-301.74129672828127
1127	-307.9343977885278
1128	-305.42350386478364
1129	-302.912621259142
1130	-302.451394028608
1131	-307.02819049131693
1132	-302.33275535814334
1133	-301.2314059890047
1134	-300.77192367374255
1135	-298.4884987319965
1136	-303.9112441316351
1137	-304.99582283525797
1138	-303.53459444903115
1139	-305.15594111201085
1140	-306.39775580867234
1141	-306.85572725554624
1142	-301.0669519076312
1143	-301.37592070462273
1144	-303.04786144108067
1145	-306.1255772473176
1146	-304.7153202211232
1147	-311.3626164534068
1148	-293.5470596296853
1149	-299.4967332766826
1150	-299.49134173544735
1151	-305.5857001041475
1152	-301.5640438816034
1153	-304.65759929993635
1154	-302.50550095115904
1155	-307.82807277177807
1156	-306.33441457347374
1157	-309.44120213684073
1158	-305.6572834808776
1159	-302.0089562285314
1160	-307.6626985742482
1161	-304.332448351811
1162	-311.0785943257094
1163	-304.79104030992437
1164	-304.0265239153562
1165	-301.39857099614704
1166	-302.464437491215
1167	-305.7020334040268
1168	-297.9385002793605
1169	-304.6472017641965
1170	-300.7524000001012
1171	-299.4091938079179
1172	-304.6887227376164
1173	-302.69332562114107
1174	-304.1840283554559
1175	-293.9638162280539
1176	-300.2195509599097
1177	-301.6596524106824
1178	-303.27345849905527
1179	-294.745528556862
1180	-302.0858097248891
1181	-301.1572026905572
1182	-294.22011314855166
1183	-298.1868310155766
1184	-302.2177824250071
1185	-300.85153430190763
1186	-303.7382810407087
1187	-299.5854986654487
1188	-308.2893671845019
1189	-306.39679456828014
1190	-313.79823220509115
1191	-302.07450116524967
1192	-299.1857346330641
1193	-300.09987102900476
1194	-308.51940393648243
1195	-303.40265408885534
1196	-307.712508784451
1197	-304.07762908876276
1198	-307.6562358609339
1199	-303.5869762943192
1200	-303.6443652746347
1201	-306.62850589794255
1202	-304.2227742398833
1203	-306.6321777632747
1204	-307.1315020110034
1205	-301.3074312947369
1206	-302.0418386007339
1207	-306.86616439605086
1208	-303.6250093914798
1209	-300.50577371032756
1210	-298.35129027400274
1211	-304.61389566329103
1212	-300.091808980746
1213	-303.3766695336711
1214	-298.5029000590344
1215	-304.2211589404227
1216	-299.3103287158604
1217	-306.9131131281022
1218	-294.98751176082834
1219	-303.64611570238486
1220	-302.06009164026113
1221	-306.1319885622696
1222	-305.23529098077915
1223	-302.9858828842386
1224	-307.9334027166624
1225	-303.09426914952405
1226	-308.6923195330656
1227	-308.25958967498764
1228	-293.9450640352327
1229	-300.0542140135437
1230	-304.0624564116754
1231	-303.9679409710532
1232	-305.78220769380806
1233	-305.4097544759387
1234	-304.0721658035157
1235	-307.09880219827653
1236	-306.99733697931964
1237	-296.39549329246984
1238	-307.7540750307309
1239	-302.30350035953325
1240	-311.942142995505
1241	-310.47741870869777
1242	-310.358363883042
1243	-303.3255458934043
1244	-293.9148231777715
1245	-304.5434607837249
1246	-306.6256000387788
1247	-303.9661220637218
1248	-306.07528214853323
1249	-299.4771019496736
1250	-301.8150000000126
1251	-307.5423471718078
1252	-307.14209999999997
1253	-304.56809324522914
1254	-297.6628529390282
1255	-302.60973179770883
1256	-299.064504868567
1257	-295.85644371018793
1258	-307.14087483505665
1259	-300.9947641682556
1260	-297.6684035749873
1261	-296.0257093507451
1262	-303.5714816847028
1263	-313.52564519627697
1264	-306.4787987992424
1265	-300.22195507320987
1266	-313.25190711938285
1267	-302.27518701753627
1268	-295.33695813909236
1269	-301.66271382805866
1270	-297.97646166588294
1271	-305.00831065978747
1272	-304.88503549402685
1273	-301.3126491140354
1274	-298.9162199116303
1275	-302.58010114085937
1276	-299.404997308967
1277	-307.04231481585913
1278	-301.8272308484672
1279	-303.48648089432055
1280	-297.08974533682965
1281	-311.06011073514696
1282	-307.95427060700933
1283	-308.8124652374943
1284	-304.0928525291341
1285	-301.0974690449294
1286	-310.0736980048937
1287	-306.436330030974
1288	-300.41693994867717
1289	-305.3715728317099
1290	-299.9096279095422
1291	-302.67623351217634
1292	-299.6669558084579
1293	-297.60461136224353
1294	-301.6711699297506
1295	-305.48878649429275
1296	-300.31880813181317
1297	-299.5481943338355
1298	-308.37258128402004
1299	-308.86968443969647
1300	-302.84526900144266
1301	-303.9043982074775
1302	-304.38682236263753
1303	-307.2491649758302
1304	-303.9504636539542
1305	-301.12494044999374
1306	-298.94241299935925
1307	-298.7717164717867
1308	-303.04151592578984
1309	-306.7086675123963
1310	-300.94077585021546
1311	-296.8256525432933
1312	-302.96642893855136
1313	-307.78186269019284
1314	-306.3959719418867
1315	-294.0114044430425
1316	-302.24220304389814
1317	-295.04188489376554
1318	-295.89350960110187
1319	-306.03510440611376
1320	-300.30550134036815
1321	-305.36222829289113
1322	-304.1622990164239
1323	-297.53443263867564
1324	-302.527133339981
1325	-300.15871879667793
1326	-299.6326686237821
1327	-300.4347246119468
1328	-305.019458929854
1329	-301.63356501787126
1330	-300.23467452921096
1331	-307.3818631684759
1332	-304.9225896749876
1333	-305.25969339679375
1334	-310.0938707902772
1335	-301.8543513167163
1336	-300.2055496879973
1337	-301.0462097372017
1338	-302.51309384237993
1339	-299.096041057135
1340	-305.67483228637514
1341	-302.24652453945026
1342	-300.29835700659885
1343	-305.5656645600876
1344	-302.6788248884585
1345	-300.0444000000005
1346	-298.86890380322575
1347	-304.475135640563
1348	-307.8764349502515
1349	-303.9008531933764
1350	-305.74369206750305
1351	-298.2434747864847
1352	-303.9988599437946
1353	-312.2320805165205
1354	-303.95211242277077
1355	-304.3158875810901
1356	-297.88290996150124
1357	-308.1727978490673
1358	-305.0387891297253
1359	-303.98886717913865
1360	-301.5334687434507
1361	-298.13761947002104
1362	-292.7909
1363	-298.6464277538202
1364	-299.6340515780407
1365	-302.36763282312006
1366	-297.35775587279176
1367	-305.68319100477197
1368	-302.75254392369203
1369	-305.6918201407381
1370	-299.92291326338915
1371	-305.0076091810549
1372	-306.6990794966683
1373	-307.8956702856415
1374	-306.76373667284406
1375	-302.46138335675863
1376	-305.23753820732526
1377	-297.11583763167823
1378	-299.5792303612586
1379	-300.7621111792081
1380	-306.64104262010954
1381	-301.02367722526003
1382	-294.0570653468082
1383	-299.7173107430124
1384	-292.93658910875416
1385	-299.73960000000005
1386	-303.8183350152717
1387	-294.8332565647537
1388	-302.0923931040199
1389	-309.05256782313
1390	-306.81230123000444
1391	-305.8733461640995
1392	-309.99994353510886
1393	-299.4893330416039
1394	-303.0913
1395	-300.0784224793913
1396	-301.64569219244584
1397	-306.00819824870723
1398	-307.8438
1399	-302.98430219746365
1400	-307.04540121188074
1401	-301.5386133686902
1402	-310.3743095641939
1403	-306.2303710881245
1404	-309.0829442009311
1405	-305.1578083602713
1406	-304.12452772890657
1407	-298.3192001961983
1408	-301.1593006474178
1409	-304.6887297293205
1410	-300.46507578840897
1411	-300.7338936860165
1412	-292.086318587198
1413	-294.79202309841685
1414	-306.23049630905814
1415	-303.5190151740106
1416	-297.8774896249233
1417	-302.7625295100214
1418	-305.9676786743628
1419	-307.33788456400015
1420	-304.1057605363488
1421	-303.45327290141927
1422	-301.82214863618844
1423	-303.31326803443545
1424	-300.63840397083686
1425	-308.19153574410143
1426	-307.1909477385132
1427	-302.0556824846
1428	-308.47071781838486
1429	-298.92654747914213
1430	-303.4278531202339
1431	-299.9993380499121
1432	-298.0905000088098
1433	-303.6564837973311
1434	-310.0152296681607
1435	-295.6186845500094
1436	-300.1327000000233
1437	-290.8938563502179
1438	-295.32229011470986
1439	-305.8661737794642
1440	-300.0873521355757
1441	-297.53803962369125
1442	-303.4662000942529
1443	-307.50661029196107
1444	-299.0962046362787
1445	-301.9137497779709
1446	-304.6604977301697
1447	-301.77069938802464
1448	-305.62112816571624
1449	-308.15501706498554
1450	-309.5947544544206
1451	-305.35788260491796
1452	-308.74544169917806
1453	-301.207063038295
1454	-303.28906998976777
1455	-300.9100923080175
1456	-302.05936326163953
1457	-301.99660655293815
1458	-306.046390883359
1459	-302.0205965198878
1460	-307.0852410394173
1461	-305.9730972419699
1462	-301.29696029939373
1463	-308.6151950040885
1464	-307.3322090841549
1465	-305.6551581706289
1466	-307.28651948829486
1467	-310.5815955684565
1468	-304.6374000022233
1469	-301.27735701630326
1470	-310.2410571805415
1471	-308.8021796465652
1472	-302.02003826438244
1473	-305.99780000000004
1474	-303.35395809441417
1475	-307.8835024910531
1476	-300.0377793956016
1477	-310.6960927645341
1478	-303.17987073341595
1479	-303.83720346652484
1480	-309.8900550380055
1481	-302.11205209717184
1482	-311.4133095923793
1483	-305.7084402692609
1484	-305.86887751931624
1485	-308.6349415338825
1486	-306.15313922509523
1487	-307.23053882594866
1488	-304.9303364118364
1489	-306.83562941034
1490	-304.2729150226041
1491	-295.0763132703727
1492	-308.5516667688832
1493	-301.8930165258158
1494	-307.74615024503186
1495	-306.65458096821
1496	-302.36519618044895
1497	-301.52310000000006
1498	-302.00353796262306
1499	-306.37199316445157
1500	-309.12983199807996
1501	-305.0699083152862
1502	-298.42388800626867
1503	-305.7458531422483
1504	-305.74298028662514
1505	-298.81150000000025
1506	-304.5411534469261
1507	-304.265149410315
1508	-307.1642609782604
1509	-298.1755984309009
1510	-299.54445193742316
1511	-307.6550941777216
1512	-300.6681092794296
1513	-308.4489324573229
1514	-309.27263342311363
1515	-307.2218165076645
1516	-307.15355222014216
1517	-305.40525372492357
1518	-299.3807583515641
1519	-300.18702291833625
1520	-310.4369523752573
1521	-304.7815049856311
1522	-304.76846551499494
1523	-301.77228163255523
1524	-312.14004585063316
1525	-305.6949289643053
1526	-304.6956046084174
1527	-309.5300768902108
1528	-311.1702261395373
1529	-296.84980292402065
1530	-307.8343742554447
1531	-300.2406478869022
1532	-309.36443025165096
1533	-310.7700138020175
1534	-301.18891712414836
1535	-301.34023334956566
1536	-296.90546926458745
1537	-299.0431422544186
1538	-300.0994349513907
1539	-303.5485
1540	-310.18773359231886
1541	-301.44685384947167
1542	-306.0401401136692
1543	-304.89562271799963
1544	-306.92772657859524
1545	-305.44917146847837
1546	-302.6962843608793
1547	-301.7672553120626
1548	-304.77087403789335
1549	-306.01619184733516
1550	-304.9137420411161
1551	-298.6365471844433
1552	-296.9923786568424
1553	-300.2826
1554	-294.1178777100751
1555	-300.57403143149816
1556	-294.21250151121376
1557	-297.37005071486226
1558	-301.1889892132781
1559	-303.4318619502969
1560	-303.30474382167023
1561	-300.62546737478175
1562	-302.55568716439933
1563	-307.83920738819705
1564	-302.6253258172224
1565	-301.73013380345
1566	-304.9746516540428
1567	-300.9868441615343
1568	-297.2933407752593
1569	-304.33692942298296
1570	-298.41378812219205
1571	-306.44446844942854
1572	-309.49571333429725
1573	-310.3515899097426
1574	-304.8473018008515
1575	-295.82482728937185
1576	-307.78869246067177
1577	-305.72921699410153
1578	-303.3970361741845
1579	-304.8723114114468
1580	-300.487623228087
1581	-306.1755925056747
1582	-302.26066433792215
1583	-299.9610956537093
1584	-296.5156097448301
1585	-308.6949719119866
1586	-297.9843866036285
1587	-303.5042255302621
1588	-302.9832123147562
1589	-307.4869950979447
1590	-300.25815076325193
1591	-298.06443580245474
1592	-298.63130905413016
1593	-302.27223835320797
1594	-297.9937959281574
1595	-302.2107212443912
1596	-304.28149769135956
1597	-303.6052529355831
1598	-306.79046291069886
1599	-303.7795242030283
1600	-302.7147236002329
1601	-306.08566104239435
1602	-304.78176298099766
1603	-302.93089137256976
1604	-308.6257383769266
1605	-309.1981922657385
1606	-305.690702927959
1607	-306.34714892455287
1608	-298.27566858318687
1609	-306.56910264385056
1610	-302.4012798241447
1611	-304.2826386657565
1612	-301.9292125314159
1613	-303.74030000000005
1614	-297.7373150019774
1615	-299.71261738152873
1616	-304.76713094525576
1617	-300.9216534453076
1618	-301.6762511962548
1619	-298.69297755683505
1620	-309.3454040849976
1621	-308.2316253552048
1622	-305.2469577485379
1623	-309.25044514636045
1624	-297.47815294329644
1625	-309.14008161113065
1626	-300.7007686937862
1627	-306.04465312657237
1628	-299.03410426616654
1629	-306.3039029381853
1630	-301.2881222347195
1631	-301.1153920557985
1632	-303.14862516974455
1633	-300.7953
1634	-302.74680162116874
1635	-303.4901871966944
1636	-298.51125905312534
1637	-307.6256280190841
1638	-307.29758940846216
1639	-299.9349392426334
1640	-298.57443555270146
1641	-306.4952213274422
1642	-303.16476644856016
1643	-298.8106163485523
1644	-303.6654721918043
1645	-303.08154185006845
1646	-302.40615382006155
1647	-306.00122011984973
1648	-302.4713343300564
1649	-305.1742786791412
1650	-302.047787840319
1651	-306.28613061964927
1652	-306.0226171986934
1653	-302.2446166258599
1654	-303.95458982693344
1655	-304.05455508426707
1656	-305.9158301498016
1657	-299.6389631304834
1658	-298.24524943956186
1659	-305.1875093021978
1660	-300.9418043233929
1661	-298.9158431261266
1662	-299.94688513276964
1663	-310.10216244225074
1664	-309.6463794422989
1665	-308.121099007211
1666	-304.1982432106093
1667	-303.13627868262563
1668	-300.64053281122375
1669	-304.95209546919324
1670	-308.9034044312435
1671	-307.0054328008935
1672	-304.96769808987835
1673	-300.35560388108195
1674	-304.8639064594716
1675	-301.34890897375885
1676	-300.80606462463703
1677	-305.85736410308897
1678	-302.7990489769342
1679	-305.01528765873286
1680	-307.2682443749771
1681	-307.1948985808533
1682	-303.7936637156879
1683	-295.03494219923493
1684	-301.5228853953073
1685	-299.6398
1686	-301.4985706944113
1687	-297.5027006878026
1688	-300.5119913333898
1689	-293.27207982998004
1690	-307.8011497496502
1691	-299.8324000208954
1692	-302.21252724313274
1693	-301.8180802831111
1694	-294.6484430010538
1695	-303.13667725482117
1696	-295.58502718132013
1697	-301.1661019060048
1698	-298.6771558919319
1699	-307.3616179262407
1700	-300.04873734485625
1701	-303.8469666288977
1702	-293.5937962726358
1703	-304.6713862172284
1704	-305.1943791631277
1705	-304.52155573213076
1706	-309.93889186378226
1707	-305.58496778199265
1708	-308.69686855149376
1709	-303.6390512913591
1710	-299.33457460547646
1711	-298.85819488518183
1712	-311.7389034007608
1713	-299.1110727783802
1714	-299.6155681172621
1715	-309.9996926426382
1716	-301.67498983421075
1717	-298.8570537009026
1718	-301.2461179463621
1719	-306.48849365678745
1720	-304.4330746345905
1721	-301.97328442059126
1722	-305.2013332550013
1723	-302.83921166327144
1724	-302.574628580173
1725	-301.10191526803703
1726	-307.162347576439
1727	-303.4325487447643
1728	-306.9984109487671
1729	-301.8955020899625
1730	-298.15969041732524
1731	-302.91102300671986
1732	-307.76299841583733
1733	-298.52387573855106
1734	-302.7217530941955
1735	-305.31797069883834
1736	-309.10055565842947
1737	-298.6434185325366
1738	-303.6714402341574
1739	-298.90902822013817
1740	-298.26709962762584
1741	-305.7314455540861
1742	-303.9620772922476
1743	-297.5289636332407
1744	-306.02516443793957
1745	-301.42232106388803
1746	-303.84640192876566
1747	-304.4207364735422
1748	-308.168812615612
1749	-295.40663319053243
1750	-302.7244679075872
1751	-301.9151566525358
1752	-296.43287660208193
1753	-306.7789753732183
1754	-305.6460024080137
1755	-298.209000009325
1756	-307.9155357081428
1757	-307.86065260256765
1758	-301.3430643388884
1759	-301.7871921357643
1760	-301.5001937192404
1761	-305.5626178832232
1762	-306.2865298380332
1763	-304.9854967963125
1764	-309.9247714880232
1765	-310.37844851615785
1766	-302.8855
1767	-303.83972668946296
1768	-302.1172728690301
1769	-302.37738007945353
1770	-302.86935121150225
1771	-305.18506247069894
1772	-303.61710855075813
1773	-302.15328054715275
1774	-302.74626899845873
1775	-306.37040583873363
1776	-302.88984249891473
1777	-304.95791949495606
1778	-307.5164224367838
1779	-309.23033665285806
1780	-303.5924032447632
1781	-303.61967347769433
1782	-307.916945611678
1783	-304.8323719141888
1784	-302.6959279709177
1785	-304.12699131731756
1786	-301.9481319454058
1787	-300.0366608085597
1788	-307.8762500130763
1789	-297.7860242948599
1790	-301.50676509890343
1791	-309.7839388908857
1792	-303.7628525112503
1793	-290.82270000035675
1794	-301.0311442110718
1795	-306.20127651512763
1796	-303.6801262540039
1797	-305.54729414248646
1798	-298.17268463408914
1799	-300.7970406861778
1800	-302.99729784072247
1801	-310.7676975714943
1802	-303.19401082841284
1803	-303.2079383508192
1804	-306.8606715075717
1805	-301.8108545443407
1806	-303.39591406801975
1807	-302.84990000048646
1808	-305.78126193303876
1809	-305.60381145387396
1810	-297.68658458068063
1811	-298.13975610627284
1812	-295.86507311880837
1813	-299.64614622973875
1814	-299.3680196147532
1815	-311.68895784359705
1816	-298.7592745405484
1817	-308.0207117894543
1818	-303.63638980380756
1819	-300.90635236134733
1820	-303.91073861041275
1821	-301.7836651333835
1822	-302.9768000005724
1823	-300.8879107647628
1824	-303.93294458864943
1825	-296.98027829125755
1826	-298.939181083931
1827	-301.8667700643969
1828	-304.56895833906117
1829	-306.6441507797558
1830	-301.98231320992727
1831	-305.4914735499237
1832	-303.152900151923
1833	-306.92276978444954
1834	-306.24017473205714
1835	-304.1077420898713
1836	-302.80924847740044
1837	-298.7323210153472
1838	-303.4409561989881
1839	-302.65278597333446
1840	-303.3589242754873
1841	-298.5124784168592
1842	-307.32218099870727
1843	-305.41697237751504
1844	-305.22008958998623
1845	-305.96960043799845
1846	-302.95716082047534
1847	-305.2413841939442
1848	-307.8446883211854
1849	-304.641680855733
1850	-305.7466310918553
1851	-306.1440939924805
1852	-298.5329949316573
1853	-302.5264036480534
1854	-303.78237786821956
1855	-307.70912914639945
1856	-300.2436047364733
1857	-311.6537056487926
1858	-302.24379098172903
1859	-301.6323773383102
1860	-300.7953166995755
1861	-313.56500230647373
1862	-311.6808355878856
1863	-304.90748270819245
1864	-305.9980817368605
1865	-302.1048814933894
1866	-297.1577268376781
1867	-298.6094079958909
1868	-303.90899131904587
1869	-305.07637641593664
1870	-302.94811079752867
1871	-303.0414526350488
1872	-301.11043952986114
1873	-307.18693925964163
1874	-302.2404072561167
1875	-305.55895072997987
1876	-298.2824025057148
1877	-302.8408512624518
1878	-301.7444998893948
1879	-301.38858323937353
1880	-300.0277730083523
1881	-302.73474969386046
1882	-303.1427483184241
1883	-302.0788300315114
1884	-293.1965896960526
1885	-305.3467755496221
1886	-304.3689710978681
1887	-302.0557445441932
1888	-300.2539410067221
1889	-304.5018184180428
1890	-300.213031770225
1891	-302.00836325714766
1892	-301.15003433219806
1893	-301.8017168811585
1894	-305.72201569401466
1895	-298.79851232787263
1896	-299.62160782411985
1897	-298.1607471587405
1898	-303.38576738990514
1899	-304.59702689850286
1900	-304.0856236176912
1901	-307.58438071623243
1902	-298.91953564137606
1903	-303.57920254638
1904	-305.9602452382879
1905	-301.6588460808746
1906	-307.89538915853683
1907	-304.1764180695416
1908	-306.3861659161337
1909	-302.23894347787615
1910	-305.8520489654681
1911	-307.91863375766115
1912	-299.82736540600763
1913	-302.8375701791883
1914	-303.7858698897638
1915	-301.3441853296709
1916	-306.62157198694337
1917	-302.5817865203736
1918	-304.7718366779087
1919	-303.2190448273568
1920	-301.9435203545763
1921	-307.2699093491275
1922	-299.06593899093764
1923	-299.66971590415017
1924	-306.98164094435737
1925	-307.8333194558312
1926	-307.84380700072035
1927	-309.9967204210959
1928	-305.67856367682
1929	-298.88517068839974
1930	-304.91982036103434
1931	-300.83646681134087
1932	-307.3595776521166
1933	-304.6491025476381
1934	-301.6138168234068
1935	-302.6642001143138
1936	-306.65868557220546
1937	-306.06279076547963
1938	-308.4693268304677
1939	-309.2572422061464
1940	-302.27378553789475
1941	-312.29356466184663
1942	-305.7719001748347
1943	-298.4209476940154
1944	-305.0549394555913
1945	-307.19138210487904
1946	-300.142037941229
1947	-309.3168001808349
1948	-303.3879428189947
1949	-297.94518468746924
1950	-312.8374293071165
1951	-308.0028151783691
1952	-307.5378650878805
1953	-299.8498971093717
1954	-305.1870198283075
1955	-303.51207197096454
1956	-309.40412792662784
1957	-304.8599153929181
1958	-302.2921175007202
1959	-311.92479415159397
1960	-301.84390225765014
1961	-306.4612925697166
1962	-316.78185387159294
1963	-308.8049152992166
1964	-308.77612688067273
1965	-305.10707629852004
1966	-309.34927155315074
1967	-303.48491237824567
1968	-299.68034393209314
1969	-304.50928501250473
1970	-300.2918742265451
1971	-305.7136204410127
1972	-305.99177054336286
1973	-302.8776509223236
1974	-302.16385587843115
1975	-304.0151000753017
1976	-306.5072003147271
1977	-302.6646487759713
1978	-304.52922548770323
1979	-309.9929751906863
1980	-307.49022407803415
1981	-302.7028185394901
1982	-302.1996283395247
1983	-304.7095745155101
1984	-306.2514366363523
1985	-305.736009879413
1986	-304.0559580587455
1987	-302.34487358337685
1988	-300.7566471505477
1989	-302.96636369761785
1990	-298.97283496780085
1991	-306.43318592468876
1992	-300.8059588089775
1993	-303.6417231503707
1994	-302.71767316070344
1995	-297.8325792370624
1996	-303.1009
1997	-304.98320273241984
1998	-306.1065536322156
1999	-301.48601591272313
2000	-302.0842123221219
2001	-305.92363419906
2002	-301.17284848627054
2003	-304.46895117911527
2004	-301.8183754760542
2005	-310.85915465837405
2006	-300.5897909829631
2007	-309.3673741390671
2008	-305.02096442182807
2009	-307.5171485484881
2010	-304.72376553774853
2011	-302.9381537506782
2012	-304.2774763215702
2013	-299.5213142313834
2014	-298.32229318824113
2015	-306.7896101090709
2016	-310.21951433595876
2017	-301.40713964601144
2018	-292.92090000092554
2019	-291.349632226464
2020	-304.9415205369308
2021	-308.4592
2022	-293.83118368727315
2023	-297.2691352453734
2024	-293.28472566832244
2025	-302.09333763980237
2026	-301.5854
2027	-303.24075998620907
2028	-299.5630637768824
2029	-299.8195706058786
2030	-299.9870542383167
2031	-301.1503573072578
2032	-302.40267128571736
2033	-306.04762565527307
2034	-303.47399564084304
2035	-305.2874093317463
2036	-301.4113721150132
2037	-303.6980249071139
2038	-311.50467736434473
2039	-302.579592969766
2040	-305.44491474842175
2041	-307.7799512518679
2042	-301.6285555330103
2043	-303.6135308744005
2044	-299.21701607204614
2045	-304.57905900014777
2046	-306.9610219619489
2047	-303.3768860558612
2048	-304.6658023147461
2049	-297.4135126598958
2050	-302.53940001221105
2051	-301.4674936784654
2052	-302.97261706068286
2053	-301.4613276562428
2054	-304.1325120819656
2055	-308.8792180699486
2056	-301.47971233442206
2057	-307.68976069615474
2058	-303.7457139661277
2059	-302.1231967418614
2060	-305.13160297556055
2061	-308.62250299827963
2062	-303.56562960026673
2063	-308.7441777057763
2064	-305.373464962612
2065	-305.05847890368864
2066	-301.06775206769635
2067	-301.39097747798644
2068	-307.44419786920156
2069	-305.51963732721674
2070	-304.2826919958816
2071	-307.35709667375517
2072	-308.5598630325473
2073	-303.7904711584905
2074	-302.1868107752571
2075	-308.320978932085
2076	-299.2158322780187
2077	-298.35190185307965
2078	-304.72994554991504
2079	-301.530825797527
2080	-306.2661198119091
2081	-307.8906553790052
2082	-298.61385103885203
2083	-306.0005202820667
2084	-302.7566712129119
2085	-305.3397483919021
2086	-306.98312436436913
2087	-303.1066060106738
2088	-307.6904314126594
2089	-294.6447504612754
2090	-293.1920027118881
2091	-297.17040000000003
2092	-300.4489411156799
2093	-306.5990229655383
2094	-304.60156761584216
2095	-305.4083065277415
2096	-295.30797737101085
2097	-303.2894193872614
2098	-299.9690284546786
2099	-302.75619546147664
2100	-307.1067000634743
2101	-306.2329264094366
2102	-304.53650255094396
2103	-301.3622685611989
2104	-303.07658648688056
2105	-311.4766618542089
2106	-304.6193656661567
2107	-302.2620905707309
2108	-301.19822637424704
2109	-303.1643113920033
2110	-300.4300834212541
2111	-302.1379949021756
2112	-302.02165330611876
2113	-303.7717402877469
2114	-301.8389683308751
2115	-303.6931000000001
2116	-303.7354353650924
2117	-309.3704181428055
2118	-307.9917285449406
2119	-303.2016128779302
2120	-297.03598991991186
2121	-305.75787053435363
2122	-303.35433127677163
2123	-307.5881392348095
2124	-292.77941002765203
2125	-298.9827127698881
2126	-306.90738518570953
2127	-300.5741936322413
2128	-305.52935304195586
2129	-302.85039652767483
2130	-303.97110407682067
2131	-303.6758717119351
2132	-304.8527112132105
2133	-312.22738895157306
2134	-307.37859293516186
2135	-309.6163447213573
2136	-302.10262408141716
2137	-301.01061208590636
2138	-297.35827452363833
2139	-303.2319338854692
2140	-310.6467230731856
2141	-307.31157646608375
2142	-305.71016809825414
2143	-298.87735049173915
2144	-301.234000000377
2145	-304.2679703491374
2146	-311.27733200620503
2147	-296.9116347298074
2148	-300.029656510824
2149	-302.60887874291546
2150	-300.2789688422463
2151	-302.4024172143094
2152	-302.52456646547654
2153	-308.7951413210247
2154	-301.5023057651834
2155	-299.2740369903253
2156	-304.90332298626083
2157	-310.46329257003833
2158	-301.8417343807445
2159	-304.3451257616695
2160	-307.2281500418659
2161	-303.62730000000005
2162	-300.3071251778969
2163	-302.5222443851465
2164	-301.8379378387389
2165	-300.274175158087
2166	-301.5444147278127
2167	-297.4841010042771
2168	-299.4375032290321
2169	-305.6671936060041
2170	-298.5601979856345
2171	-309.4524111392093
2172	-298.7290864708997
2173	-299.1645111499814
2174	-306.6770671181343
2175	-307.45268146361485
2176	-304.14558079222144
2177	-296.0933739632517
2178	-300.9162000914011
2179	-307.5477711169822
2180	-304.8779031777458
2181	-298.73213979727166
2182	-296.7865566436381
2183	-302.584072170798
2184	-301.7550498296943
2185	-305.91358766101814
2186	-299.8694901220716
2187	-304.5264288685335
2188	-304.1840251068876
2189	-303.1419943448151
2190	-303.0974991466449
2191	-306.3281252408932
2192	-308.897138073502
2193	-303.45575480502987
2194	-310.9229157697631
2195	-305.692126218331
2196	-302.96375913930865
2197	-304.38357484705955
2198	-295.0571073103795
2199	-303.9587076876136
2200	-302.9013538357057
2201	-301.1428196573966
2202	-307.13478345851365
2203	-306.9657110101047
2204	-303.0631418999005
2205	-303.9849281509092
2206	-304.1998024021807
2207	-304.33003150960195
2208	-306.77910952881007
2209	-305.5088942648634
2210	-301.5097076318964
2211	-307.38892181755676
2212	-295.4733572562135
2213	-302.58871764769253
2214	-306.72314029746224
2215	-299.56680320884
2216	-303.7561102101084
2217	-302.157656868555
2218	-306.6680328551896
2219	-301.0068145736325
2220	-305.29344495880025
2221	-303.77339259484495
2222	-300.32129515355166
2223	-298.6304144024336
2224	-304.22494724706957
2225	-304.0053871069202
2226	-306.18450345182106
2227	-307.9126869310384
2228	-302.94528667159466
2229	-300.40165515653916
2230	-305.841714472467
2231	-302.72005642782335
2232	-309.6514320361913
2233	-299.4649371348613
2234	-301.3326699170721
2235	-307.3675046653483
2236	-304.9422770533058
2237	-300.93061184132966
2238	-307.2634118577465
2239	-305.6328970380283
2240	-304.2307407387488
2241	-297.90510662293593
2242	-305.970383867454
2243	-298.8102530446836
2244	-300.6881549029155
2245	-299.67358366645175
2246	-305.9344609722762
2247	-304.6841898325427
2248	-301.7545484101081
2249	-303.3111699164443
2250	-303.0434346290858
2251	-300.9238003951647
2252	-309.54961255238186
2253	-299.22328365084013
2254	-302.06248594396914
2255	-293.5281361313307
2256	-309.19038532663916
2257	-302.7152910368668
2258	-306.99626926186966
2259	-304.92950557166876
2260	-306.7708947726137
2261	-302.225233345825
2262	-307.324414119198
2263	-309.4783538711212
2264	-305.761751090658
2265	-300.59038776929737
2266	-301.7596381780043
2267	-306.2524398041675
2268	-307.26932327986304
2269	-304.8782062494169
2270	-309.01187405124534
2271	-305.79413993257054
2272	-308.85897806944115
2273	-302.3401487801193
2274	-303.807492268044
2275	-306.5883835744663
2276	-303.58817389070873
2277	-303.7831707960751
2278	-304.9597360449216
2279	-299.7251943898419
2280	-302.70952323445977
2281	-299.44465647131113
2282	-296.4631711261654
2283	-308.67167383066896
2284	-304.7519988603457
2285	-298.5926376126806
2286	-297.9017877866938
2287	-304.33966772152354
2288	-309.3686628388887
2289	-299.6598475414243
2290	-301.9126308983644
2291	-301.02497346952674
2292	-297.3773904148328
2293	-305.84863481642685
2294	-308.1796157319643
2295	-300.3504326109646
2296	-308.80887361575583
2297	-305.9970514108925
2298	-306.24362717253274
2299	-299.40110435472775
2300	-309.14438917729143
2301	-309.7568183039252
2302	-301.1026633183779
2303	-304.78711115177333
2304	-308.0563719558893
2305	-299.2944699357487
2306	-306.1820100783595
2307	-307.0596034550844
2308	-300.19937816235165
2309	-304.6476667602768
2310	-299.81514936315534
2311	-292.2890534085447
2312	-305.0860618339603
2313	-304.57434726622654
2314	-299.1220230762235
2315	-303.2788175398572
2316	-304.4248633155478
2317	-301.2354863264897
2318	-299.2166216819879
2319	-303.71054734476115
2320	-301.9411399698983
2321	-307.49162311494774
2322	-305.88347768862457
2323	-303.107427888717
2324	-302.6882653840076
2325	-301.4483229570477
2326	-296.8640310561648
2327	-305.41822408624984
2328	-304.54414748409533
2329	-302.58079958379255
2330	-300.8885878916257
2331	-300.9472407233372
2332	-301.1680074958009
2333	-310.13397421914874
2334	-305.6210303845977
2335	-302.3323329403877
2336	-302.56293339827806
2337	-307.6079202918273
2338	-302.85318134320323
2339	-304.6774254382002
2340	-298.6691575798072
2341	-305.32920000881745
2342	-300.403648166893
2343	-301.2385571132581
2344	-300.0561573363648
2345	-304.54694981680325
2346	-301.78065266839565
2347	-311.5858624933705
2348	-302.1420252263944
2349	-299.6196170013467
2350	-299.7759086819514
2351	-306.2155132584449
2352	-305.0696050935688
2353	-306.8525703853303
2354	-305.0197924767375
2355	-306.204631886005
2356	-306.07529613564685
2357	-310.3191186515073
2358	-305.651908312276
2359	-298.6288297036446
2360	-305.7733182797091
2361	-305.8827296763581
2362	-305.3047010198103
2363	-307.37902371527423
2364	-299.6189397639962
2365	-303.1474062898041
2366	-301.57007826238043
2367	-309.84769501516513
2368	-306.54856736772575
2369	-306.79449320633626
2370	-306.18339016917196
2371	-306.4832620283488
2372	-303.5198397946092
2373	-301.98942448255826
2374	-308.2250955204495
2375	-302.9232871554108
2376	-304.02534741265157
2377	-296.9272649871863
2378	-306.78647162154095
2379	-300.98703042753806
2380	-305.2518720601595
2381	-301.23576316456587
2382	-300.26229637551063
2383	-300.95429314487217
2384	-302.3286234071449
2385	-304.0620254295508
2386	-306.6397356105359
2387	-308.66828183853556
2388	-304.15450087624134
2389	-308.1008696172955
2390	-310.15463907134426
2391	-300.5449121126902
2392	-305.7584089985016
2393	-307.6346013803986
2394	-299.1368809402598
2395	-302.8299244068695
2396	-303.7259695570612
2397	-303.3279401299087
2398	-301.2897060175121
2399	-301.9014278850596
2400	-303.2514181138242
2401	-309.9366180991518
2402	-307.3419472662871
2403	-305.0588452376611
2404	-309.11613766122935
2405	-304.3454793998194
2406	-303.811861610778
2407	-303.69019912885784
2408	-304.0180027396155
2409	-300.34284493308456
2410	-306.82791457581396
2411	-302.4014725286165
2412	-304.6455323873699
2413	-304.3674700268923
2414	-311.0629996644705
2415	-307.99578655105967
2416	-304.4776285763875
2417	-303.2681456199088
2418	-305.4209673917839
2419	-301.99814675664555
2420	-305.9881063699314
2421	-303.417219338577
2422	-306.36712701292356
2423	-300.98904906909195
2424	-303.2041738721017
2425	-309.2051301247216
2426	-306.7505477734625
2427	-304.2263454656732
2428	-305.93947853841115
2429	-304.8233834527128
2430	-306.4254503017771
2431	-305.4847712142356
2432	-303.740932104046
2433	-303.9673248929056
2434	-302.7491386258073
2435	-300.0023402681655
2436	-301.0492855871259
2437	-305.0862265502172
2438	-298.8277855419164
2439	-302.6919993264199
2440	-306.7947418857099
2441	-304.56359669565444
2442	-305.5536379027859
2443	-300.42932890414863
2444	-304.3597323611762
2445	-304.25305095508946
2446	-305.9154740862969
2447	-300.91546731777356
2448	-302.83087314512824
2449	-299.9208244344742
2450	-301.767101023366
2451	-302.4220939416653
2452	-305.1863792326262
2453	-305.90181373449457
2454	-299.2923463099979
2455	-298.59796833783815
2456	-300.0890352291627
2457	-303.83804456967624
2458	-300.27751736488455
2459	-302.3953488360266
2460	-308.1648129918047
2461	-300.0110559993016
2462	-303.3343280448075
2463	-304.3813954552418
2464	-303.89233824898344
2465	-297.55995717598864
2466	-307.7662908073676
2467	-304.17607630958275
2468	-307.1935667563829
2469	-300.9066920799227
2470	-304.78497992860747
2471	-303.6548652303039
2472	-306.96537237146373
2473	-302.0068903917415
2474	-301.31999599368265
2475	-299.96641899490515
2476	-304.4820183764454
2477	-308.95965376074236
2478	-294.8761385859518
2479	-297.10077843908545
2480	-304.26487177305694
2481	-304.31240999458566
2482	-307.597702414931
2483	-306.9271354041006
2484	-305.01013043808234
2485	-300.8185590687803
2486	-305.2484214882842
2487	-307.3934557546402
2488	-311.0061906886756
2489	-297.10224490818746
2490	-302.75737597810894
2491	-301.94883445164766
2492	-307.5137358139359
2493	-305.1118744816199
2494	-304.4656630594004
2495	-299.1886164950849
2496	-303.102568800282
2497	-303.4028055573214
2498	-304.0449559267984
2499	-302.6000157442112
2500	-310.7628115128969
