1	-298.8032427233901
2	-296.4943000552198
3	-298.17170262688796
4	-300.46685234970136
5	-301.98467088726267
6	-299.9948093834457
7	-297.6830866015793
8	-302.3310115596676
9	-301.06736075263996
10	-302.71916019319406
11	-296.7455578457976
12	-302.8441669259031
13	-308.95783751313735
14	-305.08402323908706
15	-301.7918485200917
16	-305.2022609952207
17	-301.66135544527395
18	-305.927816762923
19	-308.3854928009015
20	-303.22945714052986
21	-305.5718874149002
22	-305.763117743585
23	-302.085361626856
24	-306.6022341956969
25	-309.35157613284827
26	-307.71155964949105
27	-304.76348196903854
28	-298.4518417626289
29	-306.6498809259414
30	-303.3549036898536
31	-299.5175683026938
32	-305.68312444178156
33	-302.1246948601846
34	-299.24769250928045
35	-307.5645696291541
36	-298.4297761204914
37	-302.06196607725036
38	-304.73952010113385
39	-308.71587712868677
40	-299.68686084511796
41	-302.9216091228603
42	-306.9114400802477
43	-299.7321447288712
44	-301.4097833418821
45	-303.88451446825144
46	-301.3298255315767
47	-299.43150634465684
48	-306.4710026011692
49	-305.0491303186427
50	-302.01236882174805
51	-296.16157896890735
52	-301.4952811162585
53	-305.6078038221821
54	-305.1865977377201
55	-304.73859346434784
56	-308.39114862838767
57	-301.5564086155868
58	-308.9175035546184
59	-304.9850607067666
60	-308.0785128898759
61	-300.6841914570099
62	-308.1335028546455
63	-307.03280287508676
64	-299.4107105479324
65	-308.0820393651976
66	-298.9557896920179
67	-295.99268031417523
68	-304.9863075371668
69	-296.53788004435233
70	-306.758470943894
71	-307.98858327767135
72	-295.583222155807
73	-308.32518038212106
74	-299.86081389262307
75	-304.8687249220748
76	-306.62348689083825
77	-295.539521260059
78	-303.0970507456242
79	-300.2896841558548
80	-302.2380940642423
81	-305.2338677786424
82	-302.8593034789991
83	-309.478756296554
84	-302.78650925770023
85	-304.3303799890369
86	-302.74663360518764
87	-299.32943720096534
88	-307.66901046842116
89	-312.89429794836354
90	-303.0319386721213
91	-305.12114558508597
92	-305.7751702560317
93	-308.09730884261984
94	-308.92640740005163
95	-299.8231000000238
96	-306.5153039573292
97	-301.73684793821366
98	-306.3307977036076
99	-304.5750044146792
100	-306.9941303877393
101	-301.30581339702684
102	-307.6806179537715
103	-308.1952462945507
104	-302.0638016439429
105	-305.6034912269176
106	-305.03586486178244
107	-302.8316686974764
108	-307.85503909961676
109	-307.7167498752676
110	-302.64190990866115
111	-302.2717845805941
112	-307.9917918155028
113	-305.8839373705751
114	-302.20430839245154
115	-309.89897608730666
116	-301.13098853075354
117	-299.6221831150959
118	-313.9913732699934
119	-303.8675499975376
120	-307.26826006628755
121	-304.6330939241564
122	-297.46851664691695
123	-309.1904466790005
124	-304.94435405768814
125	-307.42668964365333
126	-306.1467395617116
127	-304.27075948118176
128	-302.94022614705796
129	-301.06636935884615
130	-302.97087388535203
131	-307.8702853668891
132	-304.96824698057895
133	-300.91847208855137
134	-302.06218789263096
135	-307.19832842091915
136	-305.11403606695126
137	-301.86314627098733
138	-306.6859526181148
139	-306.6503004624
140	-304.8938515287583
141	-306.1452337655119
142	-309.812536097166
143	-302.0733672752149
144	-311.1433496829663
145	-300.9286014517179
146	-300.53382660035777
147	-304.7839465341394
148	-306.1008200671678
149	-307.2601490139195
150	-307.1047822729455
151	-303.0582864324766
152	-304.3969108337788
153	-300.6175135313346
154	-308.09756488847916
155	-304.29832465663674
156	-303.6234457504937
157	-304.4552172589128
158	-305.46944314656184
159	-304.92590391047827
160	-303.3683325269455
161	-299.1964978712796
162	-309.3019631639563
163	-306.01661430223027
164	-296.60017989401024
165	-298.6777831545445
166	-305.31209520365627
167	-300.72720619966617
168	-299.0276805365691
169	-305.05364553160746
170	-297.1025772638185
171	-301.8675526484928
172	-299.95408388994963
173	-302.9008269114231
174	-303.76020154189047
175	-293.98407517693033
176	-300.5819357429419
177	-301.14252329776775
178	-302.98718844756445
179	-299.840422988747
180	-299.650824877989
181	-301.68940947039545
182	-310.5755511287554
183	-303.9119959793325
184	-306.78554165832577
185	-299.5221464429843
186	-303.6427146498237
187	-308.8976031281015
188	-301.1026934132237
189	-290.8529
190	-304.677571811459
191	-305.65968127324913
192	-307.4681605048352
193	-310.03646007248733
194	-306.60822849845624
195	-309.2007871733729
196	-306.1383808259094
197	-306.194105319509
198	-303.0262240833485
199	-309.4718869145976
200	-305.8228841609326
201	-306.9545687052251
202	-300.8141710370879
203	-296.8327513459186
204	-303.96231018472145
205	-304.8523386338819
206	-307.1397258873383
207	-305.7647695638472
208	-302.1380579090836
209	-303.08424321370546
210	-301.02752292516055
211	-304.0651702433328
212	-296.6644798807288
213	-304.73280942566794
214	-307.72805237410944
215	-305.2400197680061
216	-304.1901828718078
217	-306.3347054538247
218	-302.7839880190323
219	-303.76809872355557
220	-303.46504304128
221	-306.3382793771258
222	-309.43470866366084
223	-304.7010281720118
224	-301.5733154469076
225	-298.64670316691587
226	-300.08923837143465
227	-304.0749830934601
228	-301.84762453043714
229	-304.24749479133226
230	-302.6757340894293
231	-303.62664740157163
232	-299.170886123548
233	-307.57980227742416
234	-300.5549143504233
235	-302.5675131211988
236	-303.9172020142467
237	-306.09358200319514
238	-302.4943920236778
239	-304.0273529052277
240	-302.8136785769077
241	-307.6285271866381
242	-303.3114609534453
243	-306.56432165455203
244	-305.46518626632957
245	-299.66538697857396
246	-304.1309575735104
247	-305.3084901301748
248	-306.03863492559236
249	-305.03023358174534
250	-303.36575731581337
251	-301.50107780557164
252	-306.1411191285876
253	-296.4832656402651
254	-300.57837431863237
255	-303.2165664508766
256	-310.43606580123577
257	-302.27807646580965
258	-305.94438335100165
259	-306.29612988197584
260	-305.2443073116815
261	-303.7469033998277
262	-305.6353566073817
263	-302.14606128797476
264	-303.78630696414484
265	-305.59024715086855
266	-306.4231179943084
267	-305.53553834336714
268	-305.0824161010146
269	-305.3748039182628
270	-310.69777139987
271	-300.09294129806557
272	-301.2438640998026
273	-306.85875283241637
274	-300.894179627769
275	-304.0603495311638
276	-305.2252069535858
277	-302.39843763885347
278	-303.946995434311
279	-309.78466536519437
280	-305.00164158794695
281	-303.5849090632128
282	-304.4916486062777
283	-299.3285668117206
284	-304.54110409345003
285	-295.7753788304261
286	-304.6069272812722
287	-304.1084127475161
288	-307.00294719167664
289	-309.4564973657481
290	-299.6956508161885
291	-302.5292136821335
292	-301.3598040665974
293	-301.3356249286177
294	-297.9506940261791
295	-303.30011578559413
296	-303.59756631764736
297	-299.0759082812832
298	-304.45994295078833
299	-296.5429688637937
300	-301.65019285091574
301	-309.1334887983642
302	-302.1986786916832
303	-300.3314823729799
304	-292.7839000009799
305	-306.6661582446393
306	-306.69983020864095
307	-300.88809901207514
308	-301.71725280343594
309	-299.6130174745096
310	-300.435160520236
311	-304.8308833865864
312	-298.2519440390147
313	-297.67209150489265
314	-309.184979338144
315	-301.03033661819984
316	-303.4402737841379
317	-300.44184693288065
318	-302.5793072054906
319	-308.3821041767033
320	-299.0196407068171
321	-304.10139330613555
322	-307.06838023934836
323	-303.5599796824839
324	-308.8134350249332
325	-307.7893129028618
326	-302.60971086990565
327	-303.366733038295
328	-300.9587636608515
329	-302.5440004983248
330	-294.04812173855595
331	-302.09593393095435
332	-305.00690019132213
333	-303.0296144759301
334	-305.19965923881745
335	-303.4345540132698
336	-307.34162769583446
337	-300.6123990606919
338	-299.47392833571905
339	-308.4300277124213
340	-303.4512605959695
341	-306.5184495857646
342	-302.10530001431226
343	-302.87086407184785
344	-302.0063095472609
345	-301.3708161976552
346	-310.9247285263255
347	-307.97908227280556
348	-309.85826345688946
349	-303.063117405079
350	-302.01730053655814
351	-297.9653000000011
352	-305.41252169530344
353	-306.83308068912913
354	-304.8667780936172
355	-305.6467000677728
356	-310.3181481431817
357	-296.3860000000009
358	-299.28070008389875
359	-299.5078889144225
360	-301.1133780131226
361	-296.94212311638535
362	-303.8399857332182
363	-302.0332488870786
364	-305.0934690603789
365	-298.5142751766984
366	-302.5597051446557
367	-301.5406706286902
368	-302.00228577132395
369	-300.7610996839223
370	-298.52246258299164
371	-300.34550000000115
372	-308.40303082945104
373	-300.34222043853305
374	-303.7845781666511
375	-301.48304987979367
376	-303.6458022679212
377	-303.445678240886
378	-296.8947607398238
379	-303.20498947283846
380	-299.4084889357749
381	-302.7212460841407
382	-299.503222803689
383	-313.5824306181466
384	-296.95372514785583
385	-296.9501085848914
386	-304.5807880065054
387	-309.58988826417914
388	-303.79397674881426
389	-301.6011198767008
390	-298.5832148548684
391	-308.7488745560799
392	-305.6917684058319
393	-304.241614571725
394	-303.8295372794643
395	-300.3813245782927
396	-301.7573406607441
397	-306.9844230991834
398	-307.5942769635535
399	-311.6665457124165
400	-302.3597894386268
401	-305.2477990481827
402	-306.5024148456758
403	-307.7697444955326
404	-299.07959720257674
405	-301.5109997028386
406	-305.1675114053818
407	-305.9771313334441
408	-304.54007823850054
409	-301.11424934325265
410	-302.11326206478867
411	-300.59000029402233
412	-304.4665306045502
413	-301.7527882558478
414	-300.63953228316853
415	-302.85461887014907
416	-306.6104534275807
417	-296.93319218634974
418	-295.9156
419	-299.35911437898903
420	-299.7251520851644
421	-304.0983793684693
422	-309.4436757203955
423	-308.0489703077346
424	-311.73761668909816
425	-305.25482080614205
426	-299.8171381602827
427	-305.8403892983091
428	-304.76747292714685
429	-305.65029113052475
430	-306.85899627259283
431	-302.80813862538963
432	-301.7301260443684
433	-302.9883121572496
434	-303.49783629771974
435	-310.68140971366114
436	-308.26665942592535
437	-302.7732122100687
438	-305.1845684540287
439	-305.12684386268927
440	-302.40990253303806
441	-310.19202602903607
442	-306.9861146633412
443	-307.33455214539134
444	-299.81267249868887
445	-307.1848764172665
446	-294.491089613031
447	-302.77362398836016
448	-299.69997247661826
449	-298.8442656249215
450	-303.7704297336578
451	-304.1923878411329
452	-304.35179286028347
453	-303.67916224986243
454	-306.4992757600264
455	-302.5055000000676
456	-299.507097129753
457	-305.20572803442985
458	-303.7665000737495
459	-299.4807354169558
460	-305.52402357193847
461	-304.6780689894716
462	-307.765205349357
463	-303.30804709009266
464	-306.1536721132854
465	-309.9433876916964
466	-297.62194836981877
467	-304.23097089552556
468	-304.32043854912035
469	-301.55673800509123
470	-305.7634819206622
471	-307.29054448130177
472	-305.9067949508716
473	-304.88972474374657
474	-309.445675787255
475	-304.4069042936282
476	-299.63503233006077
477	-300.45200909035134
478	-300.6501644785749
479	-305.94707560309195
480	-303.80432840083404
481	-297.54460000000006
482	-291.28850106250746
483	-302.06286632253625
484	-302.6512
485	-300.84162317479036
486	-296.2534000030863
487	-297.0785
488	-306.50552120148404
489	-299.9316959941158
490	-303.90055713933964
491	-300.3311596081702
492	-304.60404534036314
493	-303.68237119917836
494	-304.78315245115317
495	-304.1287868848424
496	-304.0879
497	-304.89214252440536
498	-304.3279820279433
499	-308.78298521002534
500	-302.3424395782425
501	-295.38585944593683
502	-305.6332004152997
503	-300.3675
504	-305.04325040816957
505	-303.8225022075684
506	-300.949656054421
507	-301.97451952920284
508	-305.47323149806755
509	-296.8543265475603
510	-310.7721160647191
511	-306.9193826258207
512	-299.35859057344004
513	-304.28862958705844
514	-312.6232030972855
515	-304.5573503461876
516	-304.08055757644087
517	-304.0387683314754
518	-300.53904131679536
519	-295.6718787306548
520	-304.7227583446879
521	-309.592244573725
522	-300.180524118157
523	-307.3938282926741
524	-294.61170177275
525	-299.5341534298116
526	-311.0381164838194
527	-312.35171812916855
528	-302.38904234626364
529	-302.5524429528247
530	-310.31418772445363
531	-309.7696322496754
532	-307.7967981390029
533	-300.1834168905445
534	-311.54021861979186
535	-297.4247502538363
536	-299.974670777969
537	-301.3312509251167
538	-305.7910219810295
539	-301.7773011235681
540	-306.64861443526934
541	-299.20942148028166
542	-303.949597108472
543	-305.78086960053184
544	-310.2073937225093
545	-306.4507241281283
546	-309.10537511867375
547	-308.3024653354806
548	-301.3246019898904
549	-305.1594584070844
550	-306.4094266853548
551	-305.3912460078009
552	-303.0542112846888
553	-295.5356009149098
554	-304.7691543080664
555	-302.11328598804204
556	-307.8543185557452
557	-307.837925063744
558	-301.4280071895724
559	-302.23550000000097
560	-303.0481699186773
561	-303.08337221316344
562	-306.71720395310126
563	-306.86416825322084
564	-297.11807012966955
565	-302.0420581403742
566	-298.10555333434723
567	-301.27042116113176
568	-305.5906557855104
569	-307.876394202063
570	-301.53174092544435
571	-301.27853969112994
572	-302.2328652472223
573	-302.5999643367093
574	-300.31313592393474
575	-304.6913815780894
576	-305.9780724593898
577	-301.1540263621079
578	-301.76898311336373
579	-300.3733123510947
580	-308.10138701749577
581	-304.62972472893887
582	-308.4774523848613
583	-301.55327518755377
584	-307.5039602918204
585	-302.41947084433116
586	-302.6462176632905
587	-306.73154610818057
588	-304.8956237171076
589	-298.8590166182193
590	-302.49642074554936
591	-303.81177413330755
592	-305.53652558076686
593	-308.5047550340506
594	-306.550345773959
595	-308.9754065292018
596	-304.6837650109967
597	-309.1163046428992
598	-306.82685259757676
599	-301.16920123867106
600	-300.2376722261807
601	-301.01030060698554
602	-302.6156524983504
603	-295.42930000000115
604	-304.053766828992
605	-304.9005238785366
606	-300.0148826324172
607	-301.3602510020529
608	-298.54259605807
609	-297.77053129850765
610	-306.349060381618
611	-302.19000000000005
612	-292.92723268928137
613	-305.3022903857998
614	-307.4087898572018
615	-303.71761260778595
616	-306.7543526817974
617	-303.5795208465816
618	-298.9914114745033
619	-302.5385423268577
620	-300.5450220154555
621	-306.26893376761984
622	-305.10782527268924
623	-304.9030111667981
624	-302.8578467581197
625	-307.48807071492143
626	-303.333563185511
627	-300.52004058971556
628	-305.5485209720157
629	-305.70853344214476
630	-302.4317875380693
631	-303.0159273856147
632	-313.51490820679936
633	-304.9307933037472
634	-308.5767739193867
635	-304.20707306115315
636	-308.9923615980259
637	-305.272986680397
638	-306.748395800382
639	-307.1913465605227
640	-295.3955946424335
641	-303.6062757146071
642	-307.7407508865559
643	-298.0436256815749
644	-305.8263327537417
645	-305.9008488497185
646	-299.5719594589372
647	-308.14116882342176
648	-303.32070108257767
649	-309.12208109562437
650	-307.72257081322005
651	-302.492065399036
652	-309.8207781916716
653	-309.37354910931913
654	-307.4543718991851
655	-302.80568243606115
656	-307.8092643144232
657	-297.4140818679593
658	-302.2455626626615
659	-307.55620008646827
660	-303.6467842551258
661	-296.97195240227416
662	-306.0950023742208
663	-307.6811684267951
664	-301.73904819280585
665	-307.709738834764
666	-306.0716108587842
667	-293.5764501106458
668	-309.18108355501266
669	-308.645504096112
670	-309.0836025415043
671	-311.69306160319206
672	-305.9618745293932
673	-301.86937912042833
674	-305.8521222852073
675	-303.1183475029899
676	-311.4395211458895
677	-316.7187792350463
678	-303.7249749245273
679	-305.8074336953307
680	-309.1552011087357
681	-304.0874594781806
682	-305.70643461828035
683	-307.8285496267363
684	-305.99586827588263
685	-311.64088292062706
686	-309.3125874213458
687	-304.76710820596423
688	-306.9822165129005
689	-312.57837941343683
690	-304.9152107824454
691	-312.02720345934705
692	-305.13048973436173
693	-304.86464919766587
694	-314.0426029971018
695	-307.28916398599466
696	-300.24819326814077
697	-303.0572374360886
698	-306.7191737387043
699	-306.56194033914755
700	-310.1656420503919
701	-311.83381935818176
702	-301.1673403629702
703	-306.00062916752216
704	-307.28428150637717
705	-306.06822973578227
706	-306.1644235096007
707	-307.9294906452889
708	-305.2296202332479
709	-304.2827905723878
710	-308.62007431373274
711	-305.80483487066147
712	-302.11894046986976
713	-307.0007615650424
714	-305.2497850760568
715	-307.83878274499455
716	-308.771369359612
717	-309.770437729009
718	-308.1731047140247
719	-307.7065783714315
720	-309.73542995494716
721	-305.24847290943376
722	-301.4572764942948
723	-308.09055362769675
724	-309.4663141944481
725	-304.36652876560686
726	-305.76284097127024
727	-308.2533126954863
728	-303.94757499994665
729	-302.0873444745526
730	-301.81844730554894
731	-309.5911906629691
732	-305.4747590246349
733	-308.9083157530952
734	-309.96322180916604
735	-299.30815112473573
736	-304.00022102452033
737	-305.8178148822433
738	-313.75142576221253
739	-308.27515308356647
740	-308.4468202804511
741	-300.254226573108
742	-307.39204505155647
743	-300.7087695366747
744	-305.14631349963406
745	-311.29066689939157
746	-293.421661293347
747	-304.40786209349955
748	-307.45325724698984
749	-302.9066209815994
750	-307.76428129058405
751	-308.2481769764339
752	-301.633153743689
753	-308.4060286250154
754	-310.7693608729949
755	-301.3305425503091
756	-309.3452021762025
757	-313.35243691549334
758	-307.8470165330309
759	-305.1209075801372
760	-311.0325007794677
761	-304.2762803394556
762	-308.13663980160914
763	-302.6178417396603
764	-308.42662770538425
765	-302.8992950750646
766	-303.658777097317
767	-308.2174655851274
768	-304.9055335548031
769	-310.58307968132317
770	-308.4806519417196
771	-310.34221204263
772	-306.5019778437284
773	-309.2399912364607
774	-307.4179538836074
775	-307.6732785569625
776	-304.80722363469215
777	-303.63915092640786
778	-303.54276240714984
779	-304.01104355732093
780	-306.06014726671884
781	-310.9414786937422
782	-308.9717679124593
783	-307.0938941135951
784	-309.6137498925574
785	-304.3631188001741
786	-302.500834103636
787	-315.5227750495372
788	-304.93536588061687
789	-307.1108690850917
790	-306.59628744569795
791	-313.4164705598439
792	-298.6749155682035
793	-309.20393206865856
794	-308.16818130336975
795	-306.98712873874086
796	-306.5784941452312
797	-306.215597734743
798	-301.8219685807465
799	-305.5443910452706
800	-311.2606617671179
801	-309.9881319646231
802	-306.74415841577627
803	-310.40530957425545
804	-302.5528333660258
805	-303.1103805595198
806	-306.22807259425736
807	-300.4034515341649
808	-304.7159837612922
809	-302.12981047878446
810	-310.9650637244066
811	-306.25236411272914
812	-297.98842858515326
813	-307.8589916164014
814	-303.54279292187357
815	-311.2833050936099
816	-311.79410161274353
817	-305.8772242910587
818	-303.70834173917547
819	-303.21556003639745
820	-309.41659912626426
821	-308.39658135174324
822	-305.38569982997535
823	-306.26218735288
824	-312.45968749175336
825	-311.77657748102706
826	-310.3729399222537
827	-310.904059675615
828	-308.6842457770944
829	-308.74478076951544
830	-313.55092216681965
831	-313.54079975241393
832	-306.88140553907317
833	-308.72163628731755
834	-307.89489343893734
835	-303.1469251802412
836	-308.96012584758006
837	-309.26401630518393
838	-304.6318971802138
839	-310.58345900397023
840	-304.4060977593123
841	-305.6763965858039
842	-305.9199612738776
843	-310.2265289199957
844	-302.7438196581235
845	-306.0261776258414
846	-302.5531665768161
847	-300.4973724494647
848	-305.35283750981483
849	-306.13587865077153
850	-304.0446445921716
851	-310.681860930074
852	-305.31699395225274
853	-309.90640491802463
854	-308.5265899497663
855	-308.7178705253054
856	-308.6316821119631
857	-307.66091598057494
858	-304.27732367986926
859	-311.33920720845947
860	-301.47286379274885
861	-305.43977069985556
862	-306.84655459455934
863	-307.6429171085057
864	-309.3326824279625
865	-303.3707965310905
866	-297.8977626316802
867	-301.7853580634041
868	-305.5720400645905
869	-304.53587548633357
870	-309.3635871638858
871	-304.4342427003143
872	-305.37291645537766
873	-301.6921813221687
874	-305.3329457378931
875	-306.158310802931
876	-303.17432464261526
877	-305.916794607518
878	-306.76867869521124
879	-302.6244821933089
880	-305.2190224920288
881	-306.29518187918603
882	-308.59312644046435
883	-307.5151711000803
884	-302.1675153785587
885	-305.39467097505775
886	-302.558258571633
887	-306.34914569822485
888	-301.94999282856486
889	-297.7814251812317
890	-301.9230698514677
891	-302.9507762856264
892	-305.14694706643394
893	-302.1203481787416
894	-300.21995857568356
895	-308.0521790160599
896	-307.2439435371456
897	-304.02453592659276
898	-299.7366365550273
899	-309.5465852356819
900	-295.5201240040398
901	-292.40690664739486
902	-301.94227335867055
903	-308.00650863813945
904	-305.00361025917067
905	-295.86778443924817
906	-304.98116770644504
907	-306.2938723545161
908	-308.12245446580204
909	-306.5936134989373
910	-309.9442367925218
911	-305.3806042801457
912	-305.6948258394431
913	-308.7491761595711
914	-310.10800049668495
915	-301.8773429310483
916	-311.781954701949
917	-308.52095549917095
918	-301.37279153529244
919	-309.71446984193733
920	-306.70240460933815
921	-308.0820449727182
922	-306.0064710507657
923	-309.39153628467096
924	-298.1619676188297
925	-302.51147558088417
926	-305.36096292463264
927	-303.86091030668314
928	-306.40103216279795
929	-304.44104536294094
930	-310.37220581847055
931	-297.78453697907884
932	-311.6810767528072
933	-304.01428703357857
934	-304.7398856849056
935	-296.40666159950354
936	-303.18475502043157
937	-305.7264050331048
938	-308.23999835099596
939	-310.0504856870219
940	-304.9827304016001
941	-311.2744592795284
942	-308.38290819955927
943	-308.3397259188313
944	-312.46733808088766
945	-299.29175369757724
946	-305.3644751342273
947	-310.6189330404585
948	-302.00343153845864
949	-302.10280700853764
950	-301.52841444353794
951	-304.00806188624335
952	-302.7765834174747
953	-309.0974970028852
954	-307.68938962240225
955	-307.5067872454359
956	-307.4464133281579
957	-308.48743007702365
958	-302.87407740103777
959	-305.2623141120713
960	-310.5988786255269
961	-310.8237811002017
962	-300.9630733229736
963	-307.46601915171436
964	-305.6981460290765
965	-311.23905829325173
966	-304.25329022832375
967	-301.9375017393994
968	-302.30281749879254
969	-307.83041578718013
970	-306.6627053956516
971	-306.74842829963353
972	-308.3775659574468
973	-303.82979481182053
974	-309.9112647581813
975	-309.2389572798123
976	-309.86943813568735
977	-305.47146587673245
978	-304.2769439134957
979	-313.9206408767189
980	-300.01603096306235
981	-310.36024960117106
982	-311.6380014228118
983	-312.1807199637105
984	-307.11377263566953
985	-308.35186431993327
986	-306.55972592626375
987	-308.9795993594605
988	-315.2737870084816
989	-310.0782077759666
990	-313.7845255089341
991	-306.82451678388276
992	-310.9219402838548
993	-309.66167068514983
994	-305.31388362448513
995	-313.6886901381467
996	-314.9745986593165
997	-311.83380890536756
998	-309.17185948611206
999	-311.27587225246214
1000	-302.9080628945684
1001	-309.11386379415757
1002	-313.46543607048113
1003	-308.59010168724683
1004	-313.50361175694786
1005	-299.0964260819902
1006	-306.202740455323
1007	-300.234896258887
1008	-299.0879556995017
1009	-303.694362554528
1010	-308.64506447258935
1011	-308.0568787369413
1012	-306.8495965063966
1013	-302.1200877881399
1014	-307.27373754658794
1015	-299.68005579103607
1016	-299.5997049971947
1017	-307.69338170344486
1018	-305.9913681830195
1019	-309.07346044654827
1020	-301.8896074001101
1021	-299.89545664614724
1022	-309.01985573829904
1023	-306.92396634159957
1024	-310.2275724150835
1025	-308.82932518292563
1026	-309.68168459639156
1027	-307.9908306008265
1028	-307.5215558579334
1029	-303.3631956641568
1030	-312.41695164420406
1031	-303.50690439247956
1032	-309.478631032285
1033	-307.3641587756581
1034	-303.724454904939
1035	-303.29027324480177
1036	-301.78223104296336
1037	-303.95875060771067
1038	-300.0909365208098
1039	-307.07289134299725
1040	-311.10249312426566
1041	-305.0149735571937
1042	-300.4124065163658
1043	-302.51295355424185
1044	-308.23529251817934
1045	-310.37941164041587
1046	-304.85101186904603
1047	-303.57627220910587
1048	-308.7829527957325
1049	-300.05979505474204
1050	-303.98495882782714
1051	-304.98864597002216
1052	-307.0358926913702
1053	-306.99861141130845
1054	-310.93373934276445
1055	-306.45811214501396
1056	-306.23079043963594
1057	-310.3225796679224
1058	-310.3908717710461
1059	-303.00181684981135
1060	-306.421972875567
1061	-302.53733765943866
1062	-307.1353654407814
1063	-299.461205595379
1064	-310.005997968113
1065	-303.50116381889075
1066	-305.9195910314747
1067	-306.3380595323325
1068	-311.1175439286624
1069	-311.858015028399
1070	-309.6963135878925
1071	-299.50800579023775
1072	-309.08825535361893
1073	-312.0446463182353
1074	-308.4235168676471
1075	-302.55532269845907
1076	-303.20834760198574
1077	-312.14132008451617
1078	-308.9916869253718
1079	-303.20237248870666
1080	-308.2889266134031
1081	-307.28729650089
1082	-314.91342205213505
1083	-307.2882817835069
1084	-307.9192954049184
1085	-311.4742418094254
1086	-305.58887470064565
1087	-307.0555110034265
1088	-305.85599989031203
1089	-308.03810607579555
1090	-310.2177215329289
1091	-306.61836295909137
1092	-306.1292366882969
1093	-310.01287874979096
1094	-313.4841207914994
1095	-306.04376030287284
1096	-303.5077497759998
1097	-303.4154335979972
1098	-305.0335971652158
1099	-306.76515525720583
1100	-305.98406069221363
1101	-306.4009571234044
1102	-306.13340083783027
1103	-304.1089135276293
1104	-304.53047810611974
1105	-304.8463088085033
1106	-300.5350778525944
1107	-311.4483194131059
1108	-305.86390011112195
1109	-302.5011951312697
1110	-302.1865032518795
1111	-303.237660021334
1112	-299.57022490487657
1113	-304.1266181983229
1114	-309.2655466309408
1115	-308.4353715688752
1116	-308.83193089799227
1117	-304.9459695527829
1118	-304.92853303164253
1119	-306.1503979122234
1120	-306.40488712888964
1121	-312.89874223896146
1122	-311.17181726842466
1123	-311.73038296907185
1124	-301.9336213619789
1125	-306.1676244489401
1126	-315.3220922374282
1127	-306.66667001881075
1128	-306.39150289091214
1129	-297.9875099967767
1130	-304.62730455036416
1131	-301.3174350933243
1132	-309.1212159068616
1133	-305.6935631997238
1134	-302.78391732195274
1135	-307.0191437105895
1136	-310.82307023755163
1137	-303.3987813940682
1138	-299.74375608422184
1139	-302.5548675030761
1140	-303.6525378225012
1141	-310.466232106331
1142	-315.07023889958174
1143	-306.32574251372245
1144	-306.8449251345062
1145	-304.76451890083615
1146	-298.8552265120668
1147	-300.31545871105243
1148	-300.43199640626585
1149	-302.58626916237
1150	-297.1173292692404
1151	-309.61389895193844
1152	-308.3684042399636
1153	-299.789568420779
1154	-311.1206855414895
1155	-300.91539475331666
1156	-309.6993520858092
1157	-293.2864569027861
1158	-306.8633154476976
1159	-303.549145651613
1160	-311.09651258803876
1161	-308.5761810758008
1162	-309.8872129198231
1163	-307.9332843796924
1164	-306.09418274210043
1165	-306.89939511483857
1166	-300.2418660528078
1167	-307.60223044639514
1168	-309.9580861660524
1169	-306.5939606373347
1170	-303.07256100170156
1171	-304.38426547722594
1172	-311.828893015574
1173	-303.4760403019055
1174	-308.7660408655111
1175	-309.7336109661058
1176	-307.54704130781386
1177	-305.6977294476439
1178	-308.6064337352142
1179	-302.67670140006516
1180	-299.91107865574105
1181	-301.6732482502817
1182	-310.60290159682177
1183	-307.2326478987761
1184	-308.65661960114517
1185	-307.5345066699571
1186	-304.6083707992123
1187	-305.6294035714534
1188	-302.6932372977382
1189	-313.57303613215
1190	-309.1033878920571
1191	-303.6718352597037
1192	-309.9716270469997
1193	-308.56219883324883
1194	-305.95715692305276
1195	-310.0753638155561
1196	-307.4208402672868
1197	-305.0095352631281
1198	-303.1437314475525
1199	-298.46357593410823
1200	-308.4219872010398
1201	-305.8874342978949
1202	-308.3516834875605
1203	-306.05211387189837
1204	-306.0486618318872
1205	-304.6727913164747
1206	-305.41595281295037
1207	-306.5801191024965
1208	-304.2132776847147
1209	-304.7917635520763
1210	-305.4133545366695
1211	-304.3860896081261
1212	-297.59865120737805
1213	-299.9840135759628
1214	-299.68849548868724
1215	-305.4912142717595
1216	-308.35728259706895
1217	-301.6400243736196
1218	-306.68808937288634
1219	-307.78145824381534
1220	-302.64955517171677
1221	-310.0202689824304
1222	-306.3254858761123
1223	-305.8710167323192
1224	-307.5736377957141
1225	-306.1506994840326
1226	-311.5908926694665
1227	-304.20076003613275
1228	-299.4525908453992
1229	-311.24989013407054
1230	-307.60804338794566
1231	-302.2368075991444
1232	-302.18478196098795
1233	-303.77218128044683
1234	-305.3955721650923
1235	-301.7935767151171
1236	-303.6469425474691
1237	-312.215613689539
1238	-311.27675201548885
1239	-309.8244426379501
1240	-308.14205100374124
1241	-303.5712980495516
1242	-309.5117394655762
1243	-302.6681727773505
1244	-306.7671719500974
1245	-304.00390568892317
1246	-308.2164895131233
1247	-304.3412806401883
1248	-306.6588828119023
1249	-301.71737082369367
1250	-303.5621937169024
1251	-301.18083152936447
1252	-301.96415707553854
1253	-306.27380150319004
1254	-307.1326115992368
1255	-310.81849865616084
1256	-308.3109494628736
1257	-301.97478293032253
1258	-306.53994485716777
1259	-305.88899149576736
1260	-302.39742071559095
1261	-308.8378909446203
1262	-306.7261717025617
1263	-310.07049455080966
1264	-310.1047206077996
1265	-302.95224143713415
1266	-308.33310294978816
1267	-299.6702822890898
1268	-303.6279677848779
1269	-308.9645611766494
1270	-309.62720959997307
1271	-307.50915649006583
1272	-303.27820935873444
1273	-307.8606074094254
1274	-307.9755856701089
1275	-304.1446499942393
1276	-306.38511461873253
1277	-316.1183150835041
1278	-308.8838361327953
1279	-306.0142829869655
1280	-307.85317306990413
1281	-302.8383460281781
1282	-307.3050268153636
1283	-308.1877364901119
1284	-309.479742969019
1285	-307.8189887177596
1286	-300.5679064470954
1287	-307.4311756294071
1288	-295.9634233584813
1289	-305.9357975575672
1290	-303.1660635125413
1291	-306.514519662256
1292	-307.7971459570759
1293	-303.51577424000783
1294	-307.2519572690391
1295	-304.7593222629943
1296	-305.22924032098473
1297	-305.7729621102338
1298	-303.9816974169481
1299	-301.21024135911586
1300	-300.09285190880706
1301	-298.91519201446425
1302	-306.8321574001599
1303	-301.54920845580324
1304	-305.1375531284423
1305	-309.82985357243984
1306	-308.37731429926333
1307	-304.99643995578356
1308	-311.61942256288165
1309	-308.2552738453721
1310	-300.8431068390894
1311	-302.84117295165197
1312	-306.21471437947747
1313	-304.6609984477844
1314	-308.30055529585434
1315	-304.07206017637253
1316	-303.38748321554806
1317	-306.0175811298305
1318	-306.2908874858913
1319	-306.3323202118472
1320	-311.33747078867475
1321	-296.28159694333846
1322	-312.7073633265356
1323	-309.89863687879404
1324	-309.48311386366646
1325	-311.90670577967774
1326	-307.8391768140062
1327	-312.27911908286615
1328	-306.52981032376385
1329	-307.106396252161
1330	-312.9679180901571
1331	-305.9892262598196
1332	-312.9021716300475
1333	-300.42546632600573
1334	-301.47745925117493
1335	-305.5373381717535
1336	-308.86798684798913
1337	-304.2133592174664
1338	-306.94338916710365
1339	-309.9143843222901
1340	-311.2008470518446
1341	-312.1147795711896
1342	-311.7789057788299
1343	-316.6417278768525
1344	-312.240299817108
1345	-309.88197611651856
1346	-315.177966508674
1347	-300.3633164652282
1348	-313.19369354902545
1349	-307.187388819118
1350	-306.9618807854982
1351	-303.7073115771009
1352	-307.61548544887614
1353	-307.1987670725017
1354	-302.5227235700862
1355	-306.6749430209771
1356	-310.89574834087443
1357	-310.0581171425294
1358	-311.09185381330826
1359	-309.4819326015304
1360	-308.3287190862656
1361	-307.3843872599905
1362	-307.7187502730854
1363	-296.34885352073235
1364	-303.89089391529535
1365	-306.65927124000257
1366	-299.657867772605
1367	-305.7649182246394
1368	-306.60699114091534
1369	-296.83658346195523
1370	-302.65684226649654
1371	-303.2215385175595
1372	-304.3420251125274
1373	-308.8810627722141
1374	-305.28992310498165
1375	-308.78278651003205
1376	-307.95495375192667
1377	-303.89966624050464
1378	-300.7892763222016
1379	-300.2584952509139
1380	-307.1844423147205
1381	-303.9608947405357
1382	-306.77142852209346
1383	-307.0703188913233
1384	-298.39421800204093
1385	-303.96240234327433
1386	-303.6313605964142
1387	-317.63073502900994
1388	-307.68656733000927
1389	-306.4078986248689
1390	-305.8985916889682
1391	-309.04783789270215
1392	-300.84637386433894
1393	-308.7203466399107
1394	-301.5359041572809
1395	-307.8423767968799
1396	-309.1477908274821
1397	-307.5460895518254
1398	-310.81883078277855
1399	-308.03205694842103
1400	-302.81121626805475
1401	-304.23920980749494
1402	-308.7548504614605
1403	-305.5334527173431
1404	-311.2928147812178
1405	-303.15540788444196
1406	-309.55084458460544
1407	-303.8734670353324
1408	-311.82142978209015
1409	-305.84054769270426
1410	-307.360671211236
1411	-306.63208280588674
1412	-300.76411958962046
1413	-306.10553871698636
1414	-296.9421316151981
1415	-305.4133768328235
1416	-305.1990849793297
1417	-305.37139851322405
1418	-302.7436638501563
1419	-307.6214195899661
1420	-310.2556478089783
1421	-305.90022093445964
1422	-305.0124442731853
1423	-299.79982852651204
1424	-302.72534042141007
1425	-301.72730895748026
1426	-315.3055135662944
1427	-301.29399550648566
1428	-295.11607540970266
1429	-309.06788133038407
1430	-308.89598873827134
1431	-309.1513566053266
1432	-306.76351152265903
1433	-312.2050796635873
1434	-302.4561424401193
1435	-307.8181854147474
1436	-306.2701515785794
1437	-308.9544399093383
1438	-305.8968405016145
1439	-306.2649779280934
1440	-314.41030909508385
1441	-304.986103044126
1442	-305.56174633447574
1443	-306.1394831913488
1444	-304.0654607055299
1445	-302.58600110465113
1446	-305.01387166711925
1447	-298.30067090947455
1448	-310.72722916753514
1449	-305.59087191804963
1450	-307.30283387273425
1451	-298.9187455345138
1452	-300.3897857255806
1453	-302.9892000000181
1454	-293.9873034935269
1455	-308.32932346694776
1456	-303.99917320878114
1457	-304.8769888116265
1458	-303.06600000000003
1459	-299.8637471703543
1460	-310.2923052084547
1461	-305.7387930406492
1462	-305.57933605555553
1463	-304.0187522791335
1464	-302.49388295659804
1465	-300.8242616482781
1466	-292.2361218091729
1467	-298.2544335412662
1468	-308.2508302300554
1469	-305.0711181596139
1470	-299.87257273889236
1471	-310.03934988635774
1472	-309.3968206940009
1473	-298.65651653434924
1474	-304.4872965548558
1475	-302.7522535494209
1476	-301.6493318027075
1477	-306.96578887599145
1478	-308.23473049229597
1479	-304.037489148968
1480	-300.4001628224731
1481	-301.38858955441543
1482	-302.0548071828369
1483	-301.3738804840307
1484	-304.74567507750965
1485	-302.30533162346137
1486	-303.3129922341612
1487	-303.0662861086451
1488	-301.8142397049526
1489	-304.66128026056566
1490	-303.8941681117506
1491	-303.35381936946294
1492	-305.26927107353043
1493	-306.3502848055834
1494	-299.1583522857194
1495	-301.1879651169681
1496	-299.9201022858999
1497	-305.6942856301903
1498	-308.30423771611174
1499	-306.06011752804784
1500	-304.640743530755
1501	-306.26856989639833
1502	-308.7118143538896
1503	-306.7895319898052
1504	-303.91752437631123
1505	-307.10975212656746
1506	-309.1000305160081
1507	-305.60536724389965
1508	-302.83833137453877
1509	-306.8949536159252
1510	-303.9149021648817
1511	-300.81323939482456
1512	-300.4123577593756
1513	-307.393056420646
1514	-305.146821979968
1515	-303.1176000011383
1516	-299.60519414172256
1517	-303.5702928489955
1518	-304.2408999996301
1519	-296.2373003631714
1520	-298.18384929679803
1521	-301.665434507885
1522	-305.4122797931056
1523	-307.69854830103446
1524	-302.41094500938743
1525	-304.4005763506904
1526	-304.643872716229
1527	-303.5775362876067
1528	-302.698181330798
1529	-305.8385372626856
1530	-305.7643642378261
1531	-306.2711981362718
1532	-305.8107606565081
1533	-305.8042992426493
1534	-306.9842716089106
1535	-297.83374583939246
1536	-305.0591459632711
1537	-298.1179912142727
1538	-304.6357330775651
1539	-302.0179422441113
1540	-295.8390224801726
1541	-302.46576065343567
1542	-304.3646429772826
1543	-305.00795210781155
1544	-304.57541500824686
1545	-304.28996294290437
1546	-303.14891099405
1547	-300.9466500945523
1548	-307.5030615790998
1549	-302.820229505588
1550	-306.5280861606359
1551	-309.5918026586413
1552	-309.6311753362815
1553	-302.93686236282525
1554	-303.7626309529579
1555	-303.50593386619573
1556	-303.8674395839995
1557	-304.8265938448917
1558	-301.4625896612356
1559	-297.04350579185535
1560	-303.39571172710265
1561	-301.10462794547715
1562	-302.3382417744365
1563	-299.904659240585
1564	-306.12381130358233
1565	-304.78636441013515
1566	-300.98306494441954
1567	-299.4803114884381
1568	-299.2366052975836
1569	-304.90751243135566
1570	-303.7029775162564
1571	-313.421683436279
1572	-310.6423015086804
1573	-299.7575456733924
1574	-305.6138547414694
1575	-303.45751565544975
1576	-304.707982762612
1577	-304.6463053168995
1578	-302.68814404293875
1579	-301.8171542957263
1580	-297.0359958000385
1581	-311.16884784304716
1582	-297.1178494939669
1583	-301.6452894811179
1584	-308.35901642181454
1585	-302.4092336168935
1586	-303.29570870979586
1587	-301.60198871979344
1588	-305.28722895246466
1589	-306.2406913634077
1590	-306.9512723828121
1591	-298.66772435989583
1592	-299.9259015200051
1593	-306.8336647691875
1594	-302.74519490255
1595	-301.14183492068474
1596	-302.50412413971844
1597	-295.1578000111132
1598	-298.30375738785904
1599	-311.3041539622967
1600	-301.2099104020238
1601	-310.7832783810499
1602	-312.8244854348516
1603	-304.77693090771953
1604	-302.0248429433823
1605	-303.77987439901017
1606	-304.20512577213754
1607	-306.21980091587767
1608	-303.9672839487865
1609	-298.35189768762837
1610	-310.42941329653104
1611	-306.9425029923429
1612	-304.1114532430568
1613	-300.15921593792876
1614	-302.82313617093416
1615	-308.14584793994356
1616	-307.45132846880534
1617	-307.43605114456807
1618	-300.60483667249395
1619	-305.714611515233
1620	-304.3227323986439
1621	-302.52003624284185
1622	-307.55428146240774
1623	-303.68595970607316
1624	-306.20872614022664
1625	-309.61497693835634
1626	-307.72092389766283
1627	-303.23729291007095
1628	-309.09548196860004
1629	-307.2736111622662
1630	-301.2023102033717
1631	-303.24266766707694
1632	-295.3439207689952
1633	-307.6666638630104
1634	-305.9224333474641
1635	-304.3850349620613
1636	-307.6090780818868
1637	-299.1195177773878
1638	-305.0627600836057
1639	-303.73105189427855
1640	-306.09927591616804
1641	-301.6440396836177
1642	-306.74095503777136
1643	-302.0993197234077
1644	-302.4090943938296
1645	-302.66841424546914
1646	-300.16112755420926
1647	-301.2976988094343
1648	-306.08478005533203
1649	-307.33099923719396
1650	-292.72747719188493
1651	-294.7657659300245
1652	-306.3602276949353
1653	-303.4648405336201
1654	-304.12832447594633
1655	-300.825516161446
1656	-304.3486178793945
1657	-300.95796227961944
1658	-302.54759415738636
1659	-304.5733680603966
1660	-306.0957452925425
1661	-301.9738509551678
1662	-308.6872881466406
1663	-307.999067582179
1664	-307.41944476194516
1665	-310.6448637031584
1666	-304.1847488498625
1667	-304.60516401893614
1668	-309.66809946479134
1669	-297.5669246393594
1670	-305.1978428454712
1671	-300.5385009046445
1672	-306.3487327262876
1673	-304.61852384711193
1674	-309.2230618219993
1675	-302.5869966403388
1676	-300.02226093333326
1677	-299.36625651402096
1678	-306.5514275069747
1679	-305.3439316087046
1680	-308.98868399066123
1681	-303.64152322407574
1682	-307.5481753912977
1683	-296.814213881964
1684	-304.62169085333204
1685	-304.54213905216244
1686	-305.8470751296936
1687	-303.38946553998454
1688	-305.5846625372983
1689	-310.8698377855556
1690	-303.7568856116159
1691	-310.12670415570926
1692	-302.73491690050304
1693	-300.6377608970543
1694	-304.1413900835684
1695	-302.8487017700023
1696	-310.57140821186755
1697	-304.5293940397437
1698	-300.3186391079596
1699	-303.7391424037217
1700	-304.9840155844998
1701	-307.2394640423541
1702	-306.82885287307147
1703	-301.18226331396687
1704	-299.0119831072679
1705	-297.268762938909
1706	-307.3544470085633
1707	-309.27854223188103
1708	-305.2182947014179
1709	-305.455251083192
1710	-300.90939265648603
1711	-307.91219175971173
1712	-303.66405711588254
1713	-302.1905366845577
1714	-304.8742309946624
1715	-295.6719067466806
1716	-298.24873036497473
1717	-306.9650571089358
1718	-305.5839566848438
1719	-300.678257715311
1720	-303.8751113124467
1721	-304.6243
1722	-304.5315986356921
1723	-301.3218479749449
1724	-301.65064162670916
1725	-305.91698916845525
1726	-299.62911073738076
1727	-304.8896000153167
1728	-303.85107112970513
1729	-305.06856998303016
1730	-299.6575788687558
1731	-308.4719747857082
1732	-300.0901311058895
1733	-304.23924163927734
1734	-309.9232253525593
1735	-304.30923106431976
1736	-301.96396674479877
1737	-308.0648113764327
1738	-302.7716448887395
1739	-293.94623370098606
1740	-307.91430929391333
1741	-305.889180754863
1742	-300.2765840941804
1743	-313.2825892557887
1744	-303.4567978775399
1745	-303.7489594794446
1746	-308.6146106303852
1747	-304.83742390689025
1748	-305.0434510409127
1749	-302.8806233703824
1750	-302.9152909496617
1751	-303.6615677852902
1752	-300.57013091046775
1753	-306.1829816777742
1754	-301.8968824130317
1755	-302.2262596952202
1756	-306.6282353897647
1757	-303.6561504737689
1758	-302.3568557686243
1759	-304.3788834911908
1760	-306.2934182851424
1761	-307.3252863965506
1762	-301.7504
1763	-303.5657
1764	-304.99836465509367
1765	-300.79290639135405
1766	-309.65568734256544
1767	-305.97363306162595
1768	-306.8320985565957
1769	-302.03794372049373
1770	-296.5762754625989
1771	-303.2531268739042
1772	-301.5534034157023
1773	-303.22551858144215
1774	-304.69733526724224
1775	-305.27046045993825
1776	-304.0752769420163
1777	-301.1334000000016
1778	-301.4102230546076
1779	-303.083377186258
1780	-293.9451022374083
1781	-300.3998678335319
1782	-304.0759531634935
1783	-297.51410000000004
1784	-301.2181338542387
1785	-303.2562091216902
1786	-307.23686461902025
1787	-300.0352502260564
1788	-304.94363903780953
1789	-303.4540312499051
1790	-305.3584
1791	-305.64363144401466
1792	-300.0355239345884
1793	-298.5334106660608
1794	-298.3701349694613
1795	-302.1676175675672
1796	-294.20646083925493
1797	-311.4800616934974
1798	-305.1101343368518
1799	-306.6502348044342
1800	-308.2863376666548
1801	-306.8804180903209
1802	-302.6522100130544
1803	-304.07677671465706
1804	-300.41640131181305
1805	-306.0451598941429
1806	-305.58393065977293
1807	-307.77958981082924
1808	-304.631499364593
1809	-299.5342396417971
1810	-296.49363109481516
1811	-304.3309001869091
1812	-300.02992716328873
1813	-298.61469138965157
1814	-297.1496999357701
1815	-300.82248138910666
1816	-302.95806186424215
1817	-306.01176938071626
1818	-302.49893082149015
1819	-304.93515289514283
1820	-303.9204800776504
1821	-296.1121793604909
1822	-306.3584806702888
1823	-306.1798621687022
1824	-306.3282044728278
1825	-304.5858023104429
1826	-303.2394197599701
1827	-301.5741556503939
1828	-307.561144953133
1829	-311.9148477909333
1830	-301.739522429749
1831	-304.00223166894324
1832	-300.5827095039169
1833	-305.32747475579015
1834	-303.0181580340525
1835	-302.70036616641187
1836	-300.5227523487584
1837	-300.5031459881692
1838	-306.51491866742566
1839	-302.9701894774053
1840	-301.72113577230607
1841	-296.14708717883883
1842	-305.0941000001747
1843	-304.0873995538587
1844	-306.8902198492557
1845	-301.34112003593754
1846	-301.88941795168637
1847	-308.19548543691684
1848	-298.29653090476864
1849	-300.19317492344703
1850	-304.55446150307586
1851	-302.03160724169845
1852	-306.35454103402793
1853	-301.85709788166463
1854	-300.2715000539368
1855	-298.51008702495824
1856	-292.77709215400427
1857	-303.2950274599762
1858	-300.88362392119586
1859	-305.92791253656594
1860	-304.22395481444175
1861	-305.9226660556148
1862	-305.5564969279721
1863	-297.7755882684524
1864	-299.1099749975557
1865	-302.5401571512396
1866	-301.86947861536925
1867	-304.95119993163036
1868	-311.68222603879576
1869	-303.3258092040773
1870	-304.2412210981364
1871	-294.8922753625862
1872	-304.6505520838729
1873	-308.17106211515954
1874	-296.29999358410765
1875	-301.6719430161917
1876	-305.60264812839125
1877	-301.5215746706344
1878	-296.14665907297115
1879	-299.4811938574884
1880	-303.7638199516904
1881	-309.4553658327097
1882	-308.5339003794957
1883	-307.1254031681378
1884	-303.2794316508175
1885	-306.59602408695935
1886	-306.01540100767687
1887	-300.680066134423
1888	-301.22081579998667
1889	-304.67944546346405
1890	-304.5518231904108
1891	-299.4396175466104
1892	-301.4467215645106
1893	-304.2298065755796
1894	-306.2371650861917
1895	-304.9422762121933
1896	-303.42059937528563
1897	-300.59112561105354
1898	-306.2537894937917
1899	-302.3431013900445
1900	-306.0671184044213
1901	-307.2757713059766
1902	-309.2897922310598
1903	-300.38596487047135
1904	-301.40558061982244
1905	-306.0358675127837
1906	-299.2462582128033
1907	-305.6936345266148
1908	-303.2173978176616
1909	-305.799737005151
1910	-297.1627408086576
1911	-300.2878328432451
1912	-303.03409267271144
1913	-293.0718841992654
1914	-303.58600532617265
1915	-305.0406471792985
1916	-309.1023673730002
1917	-301.2966400441674
1918	-302.6144213855845
1919	-303.3654112668803
1920	-300.7535810993137
1921	-302.898178742482
1922	-302.9249610501138
1923	-302.88710031456196
1924	-301.5524129339202
1925	-304.5905026027644
1926	-307.0024699578622
1927	-307.4973690535013
1928	-302.855918758856
1929	-307.2907660802683
1930	-303.5538512368159
1931	-305.31094701281023
1932	-302.9650177476301
1933	-304.8945
1934	-305.27982585115325
1935	-305.14577111916833
1936	-308.8732099124946
1937	-307.45462091881063
1938	-306.2690925625322
1939	-304.97306987674256
1940	-306.6963930544493
1941	-304.07228648216847
1942	-307.7532292411518
1943	-306.8691601891493
1944	-300.9576902452688
1945	-302.358963624699
1946	-302.92290878151294
1947	-303.1531922670471
1948	-307.3288445013711
1949	-310.9045150369673
1950	-306.8884257072026
1951	-302.8318382369126
1952	-306.8926171426787
1953	-305.583342754489
1954	-304.2715743521036
1955	-305.79588066924055
1956	-303.48698377494776
1957	-311.67743477937006
1958	-305.3653531739347
1959	-306.16691898955327
1960	-308.15933822570423
1961	-306.4526657911639
1962	-299.20235272298265
1963	-299.4423049288326
1964	-303.6944540685698
1965	-295.7738366025311
1966	-306.6657466157236
1967	-302.03323129480276
1968	-305.1437397429528
1969	-299.142846465705
1970	-299.1117347392223
1971	-305.42154241722073
1972	-306.4327098817347
1973	-300.0258306069618
1974	-306.2009517015521
1975	-306.8961375061886
1976	-295.7416032064786
1977	-302.58949068138384
1978	-301.9786773657315
1979	-304.08693059525183
1980	-303.80649767316896
1981	-298.9005914110657
1982	-306.9736487333488
1983	-307.4845403879438
1984	-307.12796473844924
1985	-303.92983213040407
1986	-307.0141124427346
1987	-300.2623177573631
1988	-309.0763882161372
1989	-297.0288809020814
1990	-298.56029092470925
1991	-299.0228315113838
1992	-300.8330052358097
1993	-295.4138145458912
1994	-303.34095249244393
1995	-299.531151672389
1996	-311.5312373345794
1997	-310.4392807421897
1998	-307.89831126055424
1999	-301.6642285196691
2000	-301.41850947107764
2001	-301.0323410580174
2002	-297.7664363149241
2003	-300.43114618444343
2004	-305.41944543140517
2005	-309.2086659710515
2006	-302.38693389508336
2007	-307.7697001202515
2008	-303.2053861484502
2009	-307.62214531536875
2010	-300.74278891193694
2011	-303.73676173728774
2012	-301.15711469884434
2013	-297.4736874937803
2014	-307.23988369724407
2015	-294.94775809942854
2016	-307.906399491161
2017	-295.90229065016774
2018	-299.6141002407566
2019	-302.60185647874783
2020	-304.0256085006813
2021	-307.9646507762918
2022	-304.07346981469186
2023	-302.46129856342947
2024	-297.95010203168005
2025	-304.6978449165197
2026	-304.8669822174427
2027	-308.73024708138104
2028	-297.4317756370823
2029	-307.9513662319881
2030	-306.28314365541377
2031	-306.9740485028525
2032	-306.3184848644835
2033	-303.3617054456409
2034	-309.16784604390347
2035	-305.783402609897
2036	-297.3221831709269
2037	-307.0730883459062
2038	-299.5904824492357
2039	-305.86483368244126
2040	-303.4844815655217
2041	-307.5244487160657
2042	-304.6664713201457
2043	-306.71127932209583
2044	-308.0450915246481
2045	-309.0742924064703
2046	-305.8205284877426
2047	-302.6492401962391
2048	-306.72387649581964
2049	-304.9395897617548
2050	-303.1275037111218
2051	-304.9267868536935
2052	-305.72999377179093
2053	-303.2062462632079
2054	-299.5660384852118
2055	-306.38402515673766
2056	-307.64489618076726
2057	-302.65835006886306
2058	-299.3728667197275
2059	-301.287736485167
2060	-302.05939641415597
2061	-312.5546695706987
2062	-307.0822738946201
2063	-311.2720627507267
2064	-307.867267370959
2065	-301.47571894717
2066	-308.78972389729245
2067	-304.0271785903294
2068	-304.6042217106179
2069	-304.1354000000078
2070	-306.8075049058336
2071	-309.7393037479675
2072	-303.7327369438184
2073	-295.7774325139906
2074	-302.6978728548816
2075	-309.1545360595611
2076	-307.1225747455294
2077	-313.8126757212586
2078	-307.90680517780294
2079	-308.6712281458108
2080	-310.4063346079429
2081	-308.3909013333131
2082	-301.41189331127237
2083	-301.0552764651606
2084	-301.3237876429896
2085	-308.35170656229394
2086	-294.1303271134682
2087	-302.14104893675517
2088	-300.2285313962996
2089	-300.04142852359786
2090	-299.01557265865785
2091	-303.83922655274125
2092	-302.84020425832404
2093	-302.8529
2094	-303.47550176845186
2095	-300.93817298843004
2096	-301.60273178786423
2097	-302.079673342273
2098	-304.6854352482965
2099	-305.0545248739137
2100	-303.5622023371411
2101	-299.2641066395905
2102	-306.2790790963846
2103	-303.01626325996517
2104	-306.67717532799384
2105	-303.97116687955696
2106	-300.6260243192651
2107	-306.1340292967494
2108	-306.10203225207476
2109	-298.88340000459124
2110	-298.7748925104519
2111	-302.27157580060674
2112	-302.91202549886117
2113	-308.1118895536536
2114	-308.3326116993186
2115	-304.2642224910602
2116	-303.0847000368762
2117	-301.5064149396641
2118	-298.3832791284218
2119	-298.34803460933045
2120	-297.35097008177456
2121	-306.1849688958234
2122	-299.84046094523416
2123	-300.66620719470416
2124	-296.809431002666
2125	-304.4966540147783
2126	-302.1822615856342
2127	-304.9216683269205
2128	-302.89333719413634
2129	-303.4817214488338
2130	-307.37388780090083
2131	-297.48039588917067
2132	-304.9062531697237
2133	-301.2646974583371
2134	-303.81901155810687
2135	-307.8365897193395
2136	-296.6504233736872
2137	-308.4211341424448
2138	-295.157707323618
2139	-306.7985638674265
2140	-311.3081387944174
2141	-303.42106145313176
2142	-303.0931753113981
2143	-309.674834917258
2144	-304.73884501259687
2145	-300.77549278645
2146	-304.0867387564975
2147	-296.4319878757968
2148	-300.7375770860952
2149	-305.0976328909112
2150	-305.3650608646617
2151	-302.49931586402886
2152	-302.03239624095943
2153	-300.51670085382716
2154	-302.2263653628767
2155	-303.5997463695254
2156	-311.1190306189756
2157	-304.97683966759604
2158	-300.54599424568903
2159	-300.2601591430199
2160	-298.95011233205577
2161	-306.281675480521
2162	-305.91011475704624
2163	-302.91748262373756
2164	-299.96581205275726
2165	-303.2144025745357
2166	-309.86634870305807
2167	-306.50156918900035
2168	-301.8955000000001
2169	-305.69272804733396
2170	-306.37209743165084
2171	-301.86473804603486
2172	-304.87078989543534
2173	-293.6851480619514
2174	-309.7143798661208
2175	-299.3739000188071
2176	-298.55149438656383
2177	-300.4021191889656
2178	-294.395014300279
2179	-297.6341685904667
2180	-303.61225537950907
2181	-298.01303595898463
2182	-300.2415304194239
2183	-295.92351890462373
2184	-300.5507218248974
2185	-296.0773287822472
2186	-301.81305543724943
2187	-305.86524720609214
2188	-301.1227243580961
2189	-304.23900784963695
2190	-295.6925614670366
2191	-303.4704685010926
2192	-302.08892435060346
2193	-306.97150321923436
2194	-306.2719897704352
2195	-305.9069288095953
2196	-304.7295517610045
2197	-302.55975393417583
2198	-302.7980751511796
2199	-298.8228122468126
2200	-304.35729526541724
2201	-304.8908650101701
2202	-307.14940613990433
2203	-305.56481846410054
2204	-304.96545734601165
2205	-312.4330285823098
2206	-307.05682552059284
2207	-304.8673632488273
2208	-300.07779854419607
2209	-304.8555793241785
2210	-306.7375642241246
2211	-299.49036325548406
2212	-301.62870049205435
2213	-295.8318899124946
2214	-294.8915203735702
2215	-300.5608687661666
2216	-298.971970362333
2217	-303.1645942669951
2218	-306.96123018909
2219	-308.4736673199281
2220	-302.25200738260014
2221	-301.64611966286003
2222	-307.2549000000021
2223	-307.2757055891494
2224	-307.8792024181306
2225	-310.16891545508173
2226	-304.8504468788182
2227	-306.2266468850177
2228	-305.46629917447575
2229	-301.0265901126811
2230	-300.914212980172
2231	-303.6275520079355
2232	-303.3189459432356
2233	-303.7656837160589
2234	-300.2231618864663
2235	-310.7391595210698
2236	-300.1688502543764
2237	-301.5491000015508
2238	-299.36355695760176
2239	-306.4474875729724
2240	-302.217930892295
2241	-305.60068707295767
2242	-292.353487765742
2243	-300.484939578688
2244	-305.36867808151385
2245	-300.2050676074693
2246	-308.1729063829379
2247	-304.37375367086355
2248	-301.8365624778513
2249	-304.96813593346053
2250	-299.0451755500161
2251	-301.41640719061184
2252	-308.75964729562844
2253	-306.21274901197313
2254	-302.0885930211884
2255	-298.7294666012085
2256	-307.8940694767394
2257	-299.4631961529195
2258	-301.0115602575072
2259	-302.29760000310324
2260	-304.4917547436566
2261	-305.8236025268848
2262	-301.34691950278244
2263	-304.66681315601926
2264	-307.94945137673295
2265	-303.30965702383526
2266	-301.97055953307677
2267	-303.4524991961644
2268	-306.281261836753
2269	-302.25485494704566
2270	-297.8295920635762
2271	-299.33587420675093
2272	-301.9831541962965
2273	-298.32297987972674
2274	-299.1431980869244
2275	-301.7808650264155
2276	-302.98576459068136
2277	-303.16009517841354
2278	-305.911188888511
2279	-301.47276773646126
2280	-296.58709914472195
2281	-298.2258881940456
2282	-305.5131890000073
2283	-308.56004263734104
2284	-298.8526365296303
2285	-306.88440383675413
2286	-300.12066365418116
2287	-304.2562100417206
2288	-307.3834913098416
2289	-308.8617066996376
2290	-302.32676130980076
2291	-303.47802124301177
2292	-304.0234812299928
2293	-295.95171499713024
2294	-296.3484154236765
2295	-304.405484436034
2296	-303.18653851902747
2297	-309.49441219584963
2298	-306.7394539805093
2299	-302.66001748047626
2300	-306.4922194735656
2301	-300.7490893865079
2302	-304.20698713061375
2303	-307.9663098106637
2304	-296.0482306707895
2305	-301.27416703091956
2306	-310.6559324393592
2307	-307.59663895412564
2308	-298.3155441501283
2309	-308.1207559458737
2310	-306.2103097249609
2311	-296.7801621175112
2312	-306.7384418661295
2313	-306.79068699163366
2314	-300.4381951024382
2315	-304.911540203264
2316	-306.40809568548747
2317	-306.686158116673
2318	-298.3370333872958
2319	-301.35302103382463
2320	-300.23264714189116
2321	-298.468314595536
2322	-298.4375804619263
2323	-301.5170776024913
2324	-297.6933325247125
2325	-301.5940128068279
2326	-300.64677556601106
2327	-298.79165197305343
2328	-299.06101839392255
2329	-311.11193021355723
2330	-303.90721817363965
2331	-303.3506123172194
2332	-306.38031236702574
2333	-299.7330529166236
2334	-306.9871616280806
2335	-306.6969389518438
2336	-298.3455783914388
2337	-300.1385005913552
2338	-301.9254913392044
2339	-302.73427846070945
2340	-303.0503532244582
2341	-309.5384873330888
2342	-307.52049305368115
2343	-306.37507332243587
2344	-304.7907728952677
2345	-306.64902398735103
2346	-309.4120934415992
2347	-310.33504836396406
2348	-301.5152311678643
2349	-304.0801
2350	-304.7356994669638
2351	-305.23520824844525
2352	-306.2669754957738
2353	-302.25092235564796
2354	-304.40433747251325
2355	-301.5332623112123
2356	-308.5958026670581
2357	-309.25368326195235
2358	-298.58146080722685
2359	-306.2005136637379
2360	-313.78838372022227
2361	-299.13723910286564
2362	-303.4588000020469
2363	-307.4066726628074
2364	-297.30567355506776
2365	-299.1276393255246
2366	-304.1939881786306
2367	-300.3691896072507
2368	-306.6695692752318
2369	-303.06128690067686
2370	-303.04817957181064
2371	-307.05734765511306
2372	-304.1433624754056
2373	-306.2793000000032
2374	-308.84967912347446
2375	-306.00454745777716
2376	-305.61760872330245
2377	-306.2364536786971
2378	-309.4324804591632
2379	-297.8181737694447
2380	-305.62230332866903
2381	-301.37827162438384
2382	-304.16716063158105
2383	-307.4030046792915
2384	-303.57885199104356
2385	-305.2237816126411
2386	-307.5442270549598
2387	-307.2049609655979
2388	-305.10232792920755
2389	-304.4446457280472
2390	-305.608322203867
2391	-303.18991872297903
2392	-307.83440520498164
2393	-303.84932582957737
2394	-300.60952845774057
2395	-302.8397568957233
2396	-305.3885008815594
2397	-298.5161334272942
2398	-298.435902224521
2399	-294.1497721874233
2400	-299.3134608344777
2401	-296.39223269308997
2402	-300.4696622051946
2403	-300.5175574798601
2404	-298.2841496897293
2405	-300.1196309148196
2406	-290.7634724219334
2407	-296.8850110802559
2408	-307.1391191745171
2409	-299.1488661928688
2410	-295.00540030658993
2411	-302.66925562738777
2412	-300.8041746426276
2413	-303.15648785292706
2414	-298.5046382367314
2415	-298.47862117394516
2416	-300.7379716606287
2417	-302.36300062279497
2418	-305.8120133612793
2419	-301.2177200010064
2420	-305.16295539091976
2421	-304.5987303764333
2422	-305.58884319141686
2423	-302.2432
2424	-302.753452935907
2425	-308.1496634102455
2426	-309.8547597190949
2427	-299.6817302369796
2428	-301.64214783382056
2429	-304.1276168613407
2430	-308.44230435639804
2431	-302.26946031250594
2432	-302.72280332876716
2433	-306.78670367258616
2434	-304.47489387218417
2435	-302.4022172033487
2436	-304.7995409785068
2437	-301.73606639378096
2438	-304.9393
2439	-301.7376903919179
2440	-308.5013073109532
2441	-298.4501009879902
2442	-307.82924353467035
2443	-305.45767154811017
2444	-303.62464958405235
2445	-303.59852901279356
2446	-296.59968163415306
2447	-299.39358429213934
2448	-303.43309312170703
2449	-303.64166042322887
2450	-307.23580748960796
2451	-303.89630765729527
2452	-301.50695360269066
2453	-308.62281589511883
2454	-302.4705946871332
2455	-304.1389219534846
2456	-304.21729951636763
2457	-298.2974
2458	-302.6979728159502
2459	-301.2268260236692
2460	-309.66367607857353
2461	-306.6791571029531
2462	-304.8245499439937
2463	-297.4396632263488
2464	-300.27570240693274
2465	-303.9277202347906
2466	-304.6049903520901
2467	-305.32127952649216
2468	-305.70900380783036
2469	-305.75619638533726
2470	-304.95184102594084
2471	-302.23794893509586
2472	-302.0931484657894
2473	-298.10204532871353
2474	-305.4378517537347
2475	-295.4230446287183
2476	-302.29133983326744
2477	-299.9436879985245
2478	-299.52520009115904
2479	-299.39145448307147
2480	-309.2115205657517
2481	-304.6122952579046
2482	-312.2207820996707
2483	-302.69519779080576
2484	-297.20265903161004
2485	-305.58479815911323
2486	-307.23268293634624
2487	-307.7476558750064
2488	-301.1072123494839
2489	-304.1669269975486
2490	-304.11217176752143
2491	-304.4944346510087
2492	-305.46600129870194
2493	-304.2021816295408
2494	-303.9112882054881
2495	-308.06211327996584
2496	-300.89439250047553
2497	-299.80943712890166
2498	-301.95184762563923
2499	-304.1343333117661
2500	-304.13366822470084
