1	-304.7930694919523
2	-300.00493540391767
3	-308.48434751804444
4	-312.4678002393346
5	-312.76438459902795
6	-306.39690753891045
7	-307.54680524543323
8	-306.43714988782807
9	-306.25540184707694
10	-300.27892168069354
11	-308.3815537114622
12	-304.8832794569615
13	-303.73282669880786
14	-306.7156592084544
15	-304.23920016435113
16	-304.180124562371
17	-305.0854810605219
18	-310.47637603040124
19	-310.1661924314972
20	-310.94975778894195
21	-309.37098417243044
22	-303.9192348208499
23	-304.1969792971847
24	-300.43081195904057
25	-307.8153982354873
26	-311.7299058537637
27	-307.5835890817364
28	-310.4610795341439
29	-311.74433870478686
30	-309.96324612275174
31	-305.8320302974978
32	-300.8027337518314
33	-299.79988878517827
34	-297.43025045936787
35	-308.03341258605576
36	-303.8592463379322
37	-300.69392874085673
38	-311.4810769851634
39	-300.952444663363
40	-300.9272971967478
41	-304.39203015442183
42	-308.92731630267104
43	-301.35446319412915
44	-301.63064905836785
45	-305.62962732954475
46	-299.2825376766972
47	-307.13596013691256
48	-300.67324258149387
49	-296.3159740687456
50	-300.01191046261766
51	-301.5940693160025
52	-310.72823160823395
53	-310.9752326069518
54	-305.7799010098558
55	-311.98996769036637
56	-298.96351898561085
57	-306.44085999068017
58	-304.93746105964834
59	-294.45966666145176
60	-304.7218105493083
61	-306.7125784323544
62	-302.8069371058578
63	-306.0111429306951
64	-306.6859848787023
65	-301.8419924890582
66	-305.60610032139255
67	-297.1601306584198
68	-296.7323194257371
69	-303.1519391282095
70	-307.8529467825164
71	-312.2518764538778
72	-305.0647218476024
73	-305.0521923655618
74	-300.45337504982496
75	-303.8532573450943
76	-298.0037933287179
77	-303.5151859537228
78	-314.7805040441575
79	-305.75344314187294
80	-307.82629771759383
81	-299.0419740000681
82	-308.8493322748794
83	-298.5622195463864
84	-298.62933099664207
85	-298.72028982385456
86	-301.41694735544075
87	-306.7449120691594
88	-299.9126251675231
89	-307.39696318691915
90	-307.74065628361546
91	-299.3367808797498
92	-305.71022369595113
93	-302.97568573469
94	-301.07666626452874
95	-301.1690534964925
96	-303.3360917365536
97	-306.20138262488763
98	-297.158517101572
99	-303.3991519180325
100	-309.35750367611854
101	-302.2851074427572
102	-310.55530811709866
103	-300.6874853753724
104	-305.08035311394315
105	-307.19531134931026
106	-297.9301423976692
107	-299.2996180122924
108	-300.9538000889501
109	-303.11638203684475
110	-298.66059425960975
111	-302.9436023310261
112	-298.1036161538035
113	-296.71256917556354
114	-304.4120029172364
115	-304.24416341193853
116	-302.33880394885085
117	-305.2642836252337
118	-307.4842007180738
119	-309.63929058766047
120	-310.6814883813129
121	-305.95834154494474
122	-300.27260980330146
123	-304.6005723565833
124	-305.60782937926996
125	-303.0544681025357
126	-300.40399802668117
127	-302.90495991029456
128	-299.3993069007009
129	-302.2903011947507
130	-304.25660665310465
131	-310.1081289639516
132	-300.27390000072273
133	-306.93215090533295
134	-306.2008319043544
135	-302.8861632271917
136	-307.24851424223885
137	-307.6990153456005
138	-302.9487216401494
139	-303.5136667825476
140	-302.8730956945586
141	-315.197087619028
142	-306.60663379793675
143	-299.3762412609626
144	-301.0799128900306
145	-310.044959456412
146	-306.33666318435604
147	-303.19543002004826
148	-308.0237705014005
149	-310.66984352992455
150	-308.7319134704016
151	-305.58296211265156
152	-310.8818275626154
153	-308.8185140931038
154	-308.11881721924533
155	-301.5173304571995
156	-305.34090469055093
157	-310.89862376970785
158	-307.8577418615093
159	-305.4490657984118
160	-298.77451824985724
161	-305.43192921717804
162	-302.25057206767923
163	-302.26431646745476
164	-303.0218778297861
165	-304.0440406326029
166	-306.1085738883733
167	-308.83210788285794
168	-312.2335674659704
169	-303.6243680573254
170	-307.71108120139036
171	-309.15943509080023
172	-302.55791557331656
173	-308.17881079110134
174	-311.22439069772344
175	-310.4402145317341
176	-313.66351014293076
177	-308.1583341167996
178	-301.9762019511653
179	-304.5885341112751
180	-311.31903798820076
181	-302.6646204045214
182	-305.6121919837861
183	-294.2079169203747
184	-297.7412500691344
185	-310.0772880298089
186	-298.70521322052633
187	-298.67064171460356
188	-306.2531303991867
189	-304.2513443813359
190	-303.1728519328683
191	-307.0828616570553
192	-309.2056529522706
193	-305.27854341059714
194	-297.84120448493644
195	-305.6696296738032
196	-303.8591981833199
197	-308.2941504424934
198	-310.432266966531
199	-303.9155897233342
200	-301.91528633406523
201	-304.37905965846204
202	-296.5990729423031
203	-301.57340765411277
204	-304.4773449867737
205	-307.39433300591907
206	-306.2709411749434
207	-305.6072031654666
208	-300.49494442006693
209	-305.38937813442686
210	-310.1926954272411
211	-304.0702794497418
212	-311.11642148892304
213	-306.8342053824107
214	-304.0271859351091
215	-302.9903999514393
216	-307.27480998689424
217	-305.6655975322052
218	-302.22978368386805
219	-309.60017161942403
220	-305.5121304929228
221	-303.9019662350056
222	-308.82534461482203
223	-304.42550663662115
224	-310.93294129832066
225	-308.7864120315101
226	-306.33420816892465
227	-312.7963753387793
228	-299.787789929727
229	-311.229302547817
230	-306.6376460810039
231	-306.7194639100961
232	-299.5995389755118
233	-309.9562558672449
234	-306.13255407027805
235	-312.6559242279778
236	-310.15293155170144
237	-304.92223007395717
238	-306.8517144013729
239	-309.69645214097517
240	-309.3393499029354
241	-314.18144117102395
242	-304.65713419859406
243	-311.34257299985103
244	-309.3046397339983
245	-304.82357032930435
246	-303.140391280471
247	-305.5313693830579
248	-303.2041039482419
249	-306.6895288961317
250	-310.08560888459255
251	-304.0523054683618
252	-307.89965109427646
253	-310.58501682477834
254	-304.04686666194067
255	-310.2386673252609
256	-300.7384026928576
257	-302.89233803785714
258	-309.03621869134594
259	-308.6771133329623
260	-303.762264914218
261	-304.6066948221372
262	-301.17085433234456
263	-306.3788802613656
264	-308.09827703001207
265	-305.8403834897718
266	-305.7185144481706
267	-303.98678826569306
268	-305.7928339657812
269	-304.54641991550517
270	-303.0703694361702
271	-309.9759280848794
272	-302.85829780959045
273	-302.4132815002284
274	-303.20752382593065
275	-310.1921518969118
276	-302.1919725266621
277	-300.7914970513199
278	-301.03203410051935
279	-310.5663522766072
280	-306.61068123222714
281	-303.25590075713285
282	-306.5667077284286
283	-307.69015045082
284	-303.9312287122269
285	-315.19262976170194
286	-300.5710703069088
287	-310.74972722132435
288	-305.5132115025027
289	-308.78387028472076
290	-307.52514918261835
291	-310.8753815244252
292	-308.2992122536942
293	-307.72308996535196
294	-307.2616017901597
295	-306.39480382353156
296	-303.4077880164203
297	-310.4297827711385
298	-309.6069090609459
299	-303.87651636567705
300	-308.39521917401703
301	-312.5754165722384
302	-308.1901731419633
303	-308.07192838315717
304	-308.4107011921762
305	-310.01557275758825
306	-306.44203116009515
307	-308.5999818046077
308	-305.91523423949275
309	-308.65510260424213
310	-311.7394344688332
311	-300.59986967914807
312	-296.75362591976995
313	-305.6157082857209
314	-304.96534459295015
315	-305.87375676247376
316	-296.33911081551867
317	-312.1648579531471
318	-301.05716656068984
319	-307.1516428175893
320	-300.11692521899
321	-302.0316006386933
322	-293.0802258200766
323	-299.5911087587382
324	-308.72825084536277
325	-307.23400960909214
326	-299.2707854407077
327	-310.7957534254344
328	-309.90978071552627
329	-313.4006141107999
330	-307.24814396347034
331	-303.1859991142518
332	-297.43249653149485
333	-300.27729315906294
334	-298.24101792714276
335	-310.09900596319454
336	-308.2141041672257
337	-300.9020062013033
338	-299.73281640101385
339	-305.8713365547455
340	-305.52965170366144
341	-301.84511208309743
342	-308.9298645766669
343	-303.25332014556443
344	-301.4495714676648
345	-307.79833776917917
346	-306.8204048954917
347	-304.3084052310926
348	-303.01796417863596
349	-302.30955183372845
350	-311.6693648045367
351	-301.86377832645496
352	-310.0197368738148
353	-309.51837776248624
354	-311.64365377804296
355	-303.7035536344175
356	-300.77268073541114
357	-302.86263440128045
358	-307.50725312783294
359	-305.63843644716474
360	-305.56993151290993
361	-310.03113693353316
362	-310.4652791978758
363	-308.72714403546735
364	-311.19466636832993
365	-311.4075005418223
366	-315.101968787719
367	-312.3772861660376
368	-308.04701727067834
369	-310.00295618145674
370	-308.9575737983102
371	-310.92344497857977
372	-308.9683286500163
373	-310.01516688455047
374	-297.43202008357684
375	-310.6283612456621
376	-308.95662394839854
377	-313.7494286474239
378	-308.2525861214556
379	-313.28671934391934
380	-305.96262491953183
381	-307.89665764737924
382	-304.4335424842867
383	-304.44426538873995
384	-309.5866515043961
385	-305.0793271298581
386	-301.7995809069122
387	-305.2306255531206
388	-313.32021035435497
389	-312.68838940855915
390	-307.0537862775679
391	-303.46443118476986
392	-311.1560281189635
393	-307.1652679373372
394	-305.1024658551588
395	-309.3237088578957
396	-309.67865177203987
397	-309.27216707475276
398	-306.46914504857773
399	-304.61860794663875
400	-305.8673560721415
401	-309.4620114352131
402	-308.5258364188642
403	-301.8566968197693
404	-313.13565470390216
405	-307.1571297766545
406	-309.53729033755343
407	-305.24851027376036
408	-311.2383632194684
409	-315.90173602825496
410	-311.2335621155203
411	-314.3404572751232
412	-304.18480359287025
413	-309.5727065106496
414	-299.5338649167725
415	-305.37871099908256
416	-309.1787903289457
417	-308.0395632980584
418	-300.06325470813607
419	-313.4568315236841
420	-309.9995124216837
421	-306.5159349688235
422	-309.6233241527918
423	-313.05385768208964
424	-308.2251719359654
425	-305.4907092802793
426	-298.84838222018067
427	-310.4601822201836
428	-303.07094296838443
429	-306.51984474724935
430	-307.813667470819
431	-302.5094217848084
432	-302.9873604449415
433	-302.97585530421037
434	-300.24549755532416
435	-302.6093638618259
436	-305.6810150361183
437	-302.1961031937234
438	-303.5334629248556
439	-309.95141864019
440	-306.97284365141735
441	-301.19098484499034
442	-309.9269069873
443	-307.7226916552208
444	-309.0484448211523
445	-310.7917001025604
446	-309.7557731417655
447	-306.0550127403469
448	-314.07623372334
449	-306.3587551305368
450	-306.70123493701453
451	-299.555074412934
452	-306.42980699593545
453	-306.44866672290294
454	-308.86317602111586
455	-310.5827758030269
456	-306.2331166978766
457	-308.67746321365024
458	-303.47986268016484
459	-304.5358245508225
460	-314.92211814858393
461	-309.79761793953287
462	-312.95655271170193
463	-310.6880198734495
464	-310.9742113496897
465	-314.3093336533829
466	-308.18091495049265
467	-311.95547088575836
468	-309.2753287658731
469	-304.0913086520878
470	-311.75500267231524
471	-313.54862592932767
472	-310.51134305368504
473	-307.3888437432777
474	-303.67784268965573
475	-305.11309175066043
476	-302.464618730364
477	-298.1283669756595
478	-310.29309340975476
479	-310.2871140476079
480	-302.2173250211826
481	-305.64728122980034
482	-310.1318018337814
483	-309.8039686870695
484	-309.6585677254182
485	-306.95096963566294
486	-307.5245847188952
487	-304.39173664474816
488	-307.4099397180037
489	-306.36139057281906
490	-299.90493414835754
491	-305.5906939131372
492	-305.5179000019566
493	-308.56833992808794
494	-304.8737939675058
495	-309.99807847477086
496	-307.71411570016807
497	-304.3193512266655
498	-301.6110067341184
499	-305.114719507249
500	-309.6477567503775
501	-307.6122475303773
502	-307.02663697011195
503	-308.9247547118204
504	-310.07707293850405
505	-309.87425678994595
506	-304.07203851387203
507	-307.431493828776
508	-304.3133942460089
509	-310.2304638077761
510	-308.7102936695287
511	-307.4865698781874
512	-308.52033075106857
513	-307.6938686877267
514	-304.96822668176173
515	-311.33240526561536
516	-307.60045865409785
517	-308.12976890040466
518	-304.9967485354506
519	-303.9166214179089
520	-314.0609612759181
521	-305.2650479632754
522	-302.55051320717996
523	-301.13065645766505
524	-311.7735501003534
525	-306.86205716480544
526	-305.821203328584
527	-312.0788268808297
528	-310.05518345946444
529	-308.9412263238763
530	-312.68203978660347
531	-306.20150985157744
532	-308.35975079599865
533	-307.0424829452895
534	-312.1927930264463
535	-310.25447902486
536	-300.1719696046319
537	-308.51602707663045
538	-307.6480685072664
539	-312.04952968400363
540	-298.623760734965
541	-310.36392665034913
542	-311.0381939555198
543	-303.79549926378525
544	-313.1804582726366
545	-309.13951570840385
546	-312.45635616678777
547	-305.39327420764135
548	-308.0021202098506
549	-306.5816417362811
550	-305.9987307412786
551	-301.1474537930555
552	-300.0622112425863
553	-310.13525466397294
554	-304.6824879242311
555	-310.63078923109873
556	-306.6759935906805
557	-306.6751161920837
558	-305.5626815765434
559	-307.0390702451754
560	-303.7701967846502
561	-311.16782184466035
562	-299.17248455113145
563	-304.7208881145059
564	-300.4715360957737
565	-306.6097409011353
566	-304.6698386174725
567	-303.5431995426271
568	-309.0657432811532
569	-305.8558828154036
570	-302.0249012179092
571	-310.8771563960257
572	-312.303379899327
573	-307.78464816495836
574	-308.2002493923929
575	-307.75284575827214
576	-307.6519493679937
577	-310.11718018946266
578	-306.93448272552126
579	-305.88865015451654
580	-308.9944673547337
581	-304.41042529271385
582	-312.7553607927352
583	-301.9201729654578
584	-301.8772291611074
585	-304.54819094186445
586	-308.8482463939965
587	-311.15256419173846
588	-308.608518922502
589	-305.4822986849996
590	-302.803689392811
591	-308.2578195758876
592	-302.4037114143544
593	-300.34632759427654
594	-308.5725260845854
595	-302.78147988344136
596	-310.3025600642215
597	-309.86101683295703
598	-310.17208386865457
599	-312.2941392328662
600	-307.6942343777239
601	-306.4338931958844
602	-308.5898135631032
603	-305.0936398624946
604	-302.0159606669176
605	-309.7306631216003
606	-304.7235626243883
607	-299.9910111409328
608	-307.3195915947493
609	-306.6444043507579
610	-310.253604409367
611	-309.62722570406874
612	-303.54626815882256
613	-307.3735368596962
614	-305.13350846326574
615	-307.5741333731254
616	-301.98151146322056
617	-302.3523389790565
618	-306.53281279109007
619	-300.8678114517453
620	-309.4978959347828
621	-295.95097703825553
622	-302.67650192458535
623	-309.03988517574174
624	-311.9525591356543
625	-303.2699589965245
626	-308.5166661656932
627	-308.3031240452073
628	-307.38686567703104
629	-303.75148262142636
630	-309.0115011894173
631	-309.9307279039849
632	-308.0302113067656
633	-304.73274290576524
634	-304.7175872731842
635	-307.10953810917545
636	-306.87065188804866
637	-304.9810521957724
638	-308.6109148660455
639	-310.9950589437998
640	-309.4994308863513
641	-305.637218111634
642	-306.9527582027586
643	-313.8614351039104
644	-308.2003707000574
645	-304.5453900320363
646	-306.66571789377065
647	-296.908514285448
648	-308.69357210497935
649	-305.38276978576687
650	-301.40858343713523
651	-296.99746922382366
652	-307.33611377765294
653	-303.85590073391603
654	-309.57680267492896
655	-302.884339485456
656	-307.18498225704036
657	-307.8938601275681
658	-306.4791775599151
659	-307.691622106322
660	-310.7892494280699
661	-305.29041703797554
662	-301.630229035746
663	-309.79306406079303
664	-304.2895823250136
665	-310.7771585407868
666	-308.1140711736608
667	-312.0361660343056
668	-305.616173775941
669	-307.2722103209885
670	-300.1753679156278
671	-300.7114527074493
672	-301.6358003682687
673	-312.39518846716504
674	-304.85325797753546
675	-306.0974480084508
676	-305.61096023142113
677	-301.4946843229929
678	-309.7860378923573
679	-304.21911105874585
680	-306.1299538850253
681	-302.5037286826746
682	-311.97643675154364
683	-309.64656946536314
684	-298.75159149915703
685	-305.71481974500966
686	-303.83579720784286
687	-306.142207876535
688	-304.7606142090796
689	-309.07440718214804
690	-301.0659094374704
691	-298.90346502211617
692	-304.3994659265147
693	-309.9035765542025
694	-300.94728891182024
695	-303.9840717922587
696	-302.4667507327558
697	-300.727805155304
698	-302.35988438674383
699	-305.8954628677369
700	-301.7318374526585
701	-305.8404226778166
702	-306.4085273551219
703	-305.276185487923
704	-308.9106217685344
705	-302.5029854684454
706	-305.01668300355817
707	-309.7808595360063
708	-302.6240315731572
709	-302.0714182428652
710	-305.9495505717963
711	-295.40700492250187
712	-306.51772674159344
713	-308.6348265835366
714	-306.6386185760901
715	-304.9295568997994
716	-303.547187484943
717	-296.9408430232105
718	-296.04147381780996
719	-307.70942236632123
720	-303.1038386518215
721	-297.3016645260554
722	-309.9332428781438
723	-302.0624643809143
724	-307.3946493945072
725	-302.63854049461105
726	-302.41710605414016
727	-303.31525836802984
728	-299.1313550817105
729	-304.7313832317992
730	-298.482725748802
731	-304.84255581461997
732	-302.9396547492777
733	-305.2519639664185
734	-307.799396438494
735	-301.78290497759184
736	-301.5222672725879
737	-307.3102840067188
738	-310.36155157894217
739	-304.5364127624254
740	-303.48436441037177
741	-304.1557516942364
742	-307.8094557967166
743	-305.17610647920515
744	-309.67311492426484
745	-305.28373237971977
746	-306.16480932484615
747	-301.23564112026816
748	-308.01686314481736
749	-302.3790044499315
750	-305.03902144637397
751	-314.50308207132406
752	-305.47995487136467
753	-299.37358975924633
754	-302.88623449724895
755	-308.73007617813846
756	-294.49140251558515
757	-311.2765974628951
758	-306.7261255702255
759	-311.1302934948735
760	-306.0216520880279
761	-305.63672098854096
762	-312.48535854560146
763	-305.0460159697396
764	-304.30528812584475
765	-298.27545228002515
766	-312.740725139235
767	-307.4767402287131
768	-309.3462695401438
769	-305.2584357077312
770	-301.8584027634369
771	-304.0696037690301
772	-314.1355637853382
773	-298.59303980833533
774	-306.25404869444264
775	-305.26777464742304
776	-307.6591231769673
777	-298.58983704496006
778	-305.43731279653053
779	-301.77106366247864
780	-307.1209988657706
781	-301.3105080813734
782	-304.175469675289
783	-304.3846039903454
784	-303.27502033385326
785	-309.9445272788188
786	-309.81725655314995
787	-301.42058987139205
788	-300.984744904105
789	-304.10807491002294
790	-304.8924935347765
791	-305.1726359684683
792	-303.35264358785366
793	-303.69732300411334
794	-302.28801409410136
795	-292.5226995813475
796	-298.4120599055721
797	-306.7413229484804
798	-303.7172118904417
799	-304.97456854574193
800	-305.8830106740454
801	-300.83365954180294
802	-293.3863047277138
803	-304.9662597702872
804	-299.96274911629644
805	-307.4767581350491
806	-303.9694223491826
807	-297.30090000001195
808	-311.0089735233105
809	-304.5287357925497
810	-306.3056294860076
811	-309.30320703426617
812	-301.7151355918826
813	-305.70976725734204
814	-303.67177633741323
815	-305.5060083889596
816	-304.97498724628366
817	-307.42243106011426
818	-307.22710435505866
819	-304.99821684954907
820	-303.0754885843298
821	-298.99921687617814
822	-303.09474562678355
823	-302.0665219789924
824	-304.86288687466106
825	-305.56378216716496
826	-302.3314360327402
827	-307.7853954568469
828	-300.5576645835858
829	-305.1074194487319
830	-304.9743446980321
831	-300.12548101347477
832	-308.476951869195
833	-305.3708558488008
834	-307.4234221851426
835	-305.1646406797198
836	-308.23054587579844
837	-301.8681948696716
838	-304.1115786570165
839	-305.6385267443301
840	-304.4605225205129
841	-305.84570691035304
842	-299.3155840847118
843	-311.43627889969196
844	-301.2368013967706
845	-300.6238683945447
846	-305.2676779172997
847	-308.38801376003084
848	-308.7729912477558
849	-313.31767200438605
850	-298.35455110338836
851	-299.89187306860333
852	-304.77943797083617
853	-303.2298153714368
854	-298.2241159935732
855	-302.55548965563696
856	-305.2999665537884
857	-303.822731398469
858	-300.8826551041939
859	-305.1390000115944
860	-301.64390000000003
861	-296.63778457784156
862	-310.39652025779037
863	-302.0916783691139
864	-303.32844624240784
865	-309.70986383639234
866	-303.7554420615166
867	-302.6913475344431
868	-312.296741224925
869	-309.47561054789776
870	-308.1127045725515
871	-308.20240027608344
872	-306.58926435548796
873	-303.12591551418814
874	-304.8453860167093
875	-303.04365954170544
876	-301.01695042138385
877	-307.1660535822329
878	-303.8414622114782
879	-300.9248615783749
880	-306.2908611192842
881	-303.002190688243
882	-303.92783089224116
883	-307.408556272025
884	-305.3467343603835
885	-296.19599057095974
886	-299.6974508988093
887	-304.77398810561533
888	-308.34312018760335
889	-301.3104605527137
890	-296.68398171880295
891	-306.00800950586853
892	-305.62145508765855
893	-301.3265644514323
894	-301.7573294356132
895	-295.6698441551851
896	-308.6543510113822
897	-297.6431330478918
898	-304.80782975319727
899	-301.5270353276937
900	-305.0169648906811
901	-309.8464878642425
902	-302.8061210970133
903	-297.44454017169863
904	-302.44176202834893
905	-305.39476811702986
906	-296.2046571543924
907	-302.16768573988816
908	-303.0103269900918
909	-305.9792867648983
910	-304.69711632253245
911	-301.3227192827339
912	-301.9896280855717
913	-303.5665125470247
914	-303.7791666493242
915	-305.1182945536636
916	-303.22529169759196
917	-304.2953063413479
918	-305.7352017364821
919	-299.1872076931
920	-305.6494263490712
921	-304.1685012851794
922	-304.56491775183105
923	-298.87565106881834
924	-301.87207135259223
925	-304.01580445874527
926	-297.0291146179428
927	-307.32425558979463
928	-312.62652790809
929	-299.8147955475312
930	-307.3741502664799
931	-306.42526451083006
932	-304.4654173825099
933	-306.51515232025827
934	-302.7853454487625
935	-301.63773063623324
936	-305.12659878055473
937	-301.5181
938	-305.31369672520555
939	-308.88224058162933
940	-308.9802912212498
941	-304.61225187921025
942	-300.6915639275719
943	-306.1379171597853
944	-303.6766959175272
945	-302.73505928277314
946	-306.33166402479145
947	-297.6654585911966
948	-306.88174058585435
949	-304.109717773883
950	-310.08353481026325
951	-309.0738969906204
952	-303.0743028666318
953	-303.5985654579589
954	-297.2008221797191
955	-303.11260000003074
956	-301.86714046396276
957	-297.3493361663859
958	-305.5720437441757
959	-299.01574856124535
960	-302.74690717396504
961	-299.96260147688776
962	-309.04701900874227
963	-303.9894665067975
964	-305.45100376562436
965	-311.0834857079153
966	-308.5709831467497
967	-314.36582889780834
968	-311.22053056816105
969	-306.80687888800367
970	-307.1151376495996
971	-306.2634338177566
972	-307.66374969809556
973	-304.1612294004967
974	-301.1884870567823
975	-305.10765932032893
976	-310.8199233563566
977	-303.10197361625234
978	-301.82717556182496
979	-304.66378246297177
980	-299.26298511567205
981	-305.0779920841827
982	-302.7511304425005
983	-305.41748284290406
984	-305.8903646359202
985	-301.25752592491244
986	-304.6307679902924
987	-297.195502659937
988	-306.40553659116176
989	-303.13681053073
990	-305.25138073327884
991	-308.01922859209975
992	-303.2900040931426
993	-299.32227336398154
994	-303.8908696704335
995	-308.7934398624095
996	-306.2231667065694
997	-304.8152834647376
998	-301.0803777241241
999	-301.38419393074304
1000	-296.8471584156956
1001	-302.6941226480868
1002	-303.45273636253927
1003	-306.68655070145155
1004	-307.40283302551995
1005	-302.11631487967765
1006	-293.28533122610753
1007	-303.78275044887334
1008	-302.42473727637923
1009	-309.682867228796
1010	-305.9980807564733
1011	-297.0403062108155
1012	-302.32205765872874
1013	-300.5391751886093
1014	-306.28061631567994
1015	-296.9607169457609
1016	-298.5699458381145
1017	-307.5266243375687
1018	-299.46214005323077
1019	-299.9871
1020	-304.6122516890573
1021	-299.9151
1022	-299.67964674026945
1023	-300.5791751896915
1024	-306.6936821414935
1025	-309.0012576795617
1026	-311.9289542657587
1027	-306.1566777280912
1028	-306.0060639016077
1029	-304.3557311368676
1030	-305.1638430021054
1031	-303.61599322244604
1032	-307.45054202116233
1033	-307.54152836133966
1034	-309.8359247807733
1035	-296.8484000329103
1036	-305.0854249181288
1037	-307.8533937128705
1038	-304.7536283482723
1039	-303.4648480221719
1040	-308.5574277775831
1041	-309.61878313759246
1042	-309.2709879173433
1043	-299.45925254033807
1044	-302.5304785583509
1045	-305.3978647901899
1046	-306.17312642991743
1047	-298.57615938084876
1048	-307.6302571014771
1049	-304.1763478315129
1050	-303.0392190747571
1051	-297.9113404192795
1052	-299.3680119475587
1053	-300.0673094775994
1054	-300.82258918911106
1055	-301.64962581423106
1056	-294.30917934520534
1057	-304.87997791470167
1058	-301.7253615570454
1059	-306.59996266358456
1060	-306.841519991624
1061	-305.5359818962297
1062	-303.5102288529429
1063	-298.78491761478693
1064	-306.6221765648369
1065	-306.28637298789346
1066	-305.1514275479712
1067	-309.4307064810145
1068	-306.6507048665085
1069	-304.51477591405506
1070	-307.1757956780429
1071	-305.4609884432945
1072	-306.5603757958091
1073	-302.9730012135629
1074	-307.6624604082389
1075	-302.41437122916966
1076	-297.59048771142915
1077	-308.10916814434927
1078	-305.96085769447404
1079	-304.72782372129484
1080	-294.9258697480826
1081	-297.0966614364828
1082	-301.2985311196989
1083	-301.7307865024691
1084	-299.1778769776861
1085	-303.61137964492883
1086	-302.0786248520803
1087	-299.19463162446135
1088	-304.813652792095
1089	-302.47180000000077
1090	-300.10273402506834
1091	-302.17927298442055
1092	-308.82856833516126
1093	-304.53717839732815
1094	-303.40996032204094
1095	-303.8529185602293
1096	-300.0807784723801
1097	-303.2413516388357
1098	-307.23681295412376
1099	-306.7366318428824
1100	-301.1904126738807
1101	-299.238353178376
1102	-307.20456833649155
1103	-302.26323294217974
1104	-305.4324664461256
1105	-302.0294617154837
1106	-309.00554705222896
1107	-303.28088098062926
1108	-309.5096482164324
1109	-300.6753063934336
1110	-302.76425737120104
1111	-300.01718965663946
1112	-303.0614307661813
1113	-302.20219992690284
1114	-305.5494571032422
1115	-305.63807097633224
1116	-301.6941259519432
1117	-304.955484305409
1118	-308.4122352285655
1119	-309.67808651360303
1120	-301.8652183595688
1121	-307.79727732737416
1122	-304.4044033782466
1123	-312.09357062102873
1124	-312.82676574011316
1125	-302.1699517395293
1126	-299.99530172325524
1127	-303.61653071320563
1128	-307.3625383948023
1129	-304.0546528447334
1130	-308.75180086393203
1131	-298.5146269834736
1132	-305.3447000001976
1133	-297.8951817961611
1134	-310.24790463015404
1135	-311.2815653560206
1136	-300.6753850306556
1137	-309.5223575299949
1138	-306.8970564777991
1139	-303.89434674279414
1140	-298.3929404938942
1141	-305.9501570817572
1142	-304.4178670979271
1143	-304.33733351130775
1144	-300.8517000012814
1145	-300.55108339027424
1146	-300.841004167711
1147	-306.4272812728318
1148	-305.66272525600624
1149	-302.14490944578597
1150	-303.12772508236975
1151	-303.5855877719907
1152	-302.9546670033808
1153	-305.1215970877678
1154	-303.9695447736891
1155	-305.2434579900908
1156	-307.0040420039769
1157	-303.89519688529117
1158	-303.75163424392366
1159	-306.88780293483603
1160	-302.3653076579855
1161	-309.76702022711373
1162	-303.5800138196895
1163	-310.2194573469303
1164	-299.0690000000045
1165	-304.4688661594357
1166	-308.8270601257047
1167	-303.0844850416262
1168	-304.4388307743933
1169	-301.50176405263267
1170	-300.54651307482897
1171	-301.2979117709975
1172	-305.8674098418995
1173	-303.2809326851111
1174	-300.5975658129425
1175	-308.221173463465
1176	-301.7390677331866
1177	-304.94624759021605
1178	-300.87841765882
1179	-308.4766246683818
1180	-308.8885947674603
1181	-307.78876132285603
1182	-300.8492569918353
1183	-307.727999718675
1184	-307.2654899845908
1185	-306.122728446474
1186	-302.36409898784024
1187	-304.7544793157192
1188	-300.891645208252
1189	-299.890816674643
1190	-301.9785779823583
1191	-301.5132046017169
1192	-308.15486412714574
1193	-310.4377096105756
1194	-307.2789073041151
1195	-302.74290474130567
1196	-301.1712791191024
1197	-299.5578880651167
1198	-294.6272151827707
1199	-305.52392762908534
1200	-298.68191211329844
1201	-300.30848660077436
1202	-300.11556699777344
1203	-310.7010392544138
1204	-300.3796001337893
1205	-301.410159515821
1206	-303.737614239961
1207	-309.94154839801956
1208	-303.95899622504055
1209	-302.42305590409364
1210	-305.49962766090977
1211	-301.6986772033201
1212	-308.1040410625479
1213	-307.3555046165996
1214	-302.981175353224
1215	-303.3457934844422
1216	-307.46399757740414
1217	-309.1902619983189
1218	-302.3441140797724
1219	-305.7377775677285
1220	-298.7011665693343
1221	-306.91116709364786
1222	-304.9330037842246
1223	-305.67538860416545
1224	-304.54704304043645
1225	-303.38220737322865
1226	-304.9571668218832
1227	-305.9259701595273
1228	-307.37404087886546
1229	-309.36955437280255
1230	-307.6730538664444
1231	-304.41943936391857
1232	-302.4869915752311
1233	-303.6451112097713
1234	-306.3229367853564
1235	-304.0386203380814
1236	-305.5144676812988
1237	-303.5013097695868
1238	-310.07300526219893
1239	-309.9142637460462
1240	-308.36702435595237
1241	-301.0306226388237
1242	-304.5122469056857
1243	-303.9458
1244	-303.6657722777846
1245	-301.5709808212978
1246	-306.96650568132804
1247	-300.3775892102821
1248	-307.24535423937414
1249	-303.01846235893606
1250	-295.4683252808905
1251	-302.63495431947126
1252	-303.92362616790183
1253	-300.706093414421
1254	-299.6596042943605
1255	-302.02561519417463
1256	-304.45309628714716
1257	-308.9337855831743
1258	-305.49477734868805
1259	-301.8431168207522
1260	-304.2160966501467
1261	-302.497151768932
1262	-305.8747126553597
1263	-306.87483833035543
1264	-303.497624008044
1265	-307.30439635890446
1266	-304.41236572033057
1267	-298.90665391484197
1268	-306.4525760812171
1269	-307.4229733744438
1270	-303.162681184808
1271	-303.3156591579312
1272	-299.9969241761397
1273	-305.6566623124697
1274	-305.16023837059544
1275	-304.7012537919098
1276	-301.4985892558974
1277	-303.1232727311597
1278	-301.9725957483014
1279	-305.94316413763585
1280	-301.77906142126324
1281	-305.4176748063639
1282	-296.31535167138276
1283	-307.8236160311446
1284	-304.3474327525155
1285	-302.1350143075135
1286	-309.7360775647259
1287	-307.5299407461283
1288	-307.3808616408299
1289	-308.1435226246958
1290	-298.40616756408036
1291	-309.2007392590321
1292	-310.13335876517374
1293	-305.8772513650202
1294	-302.1806244648805
1295	-306.93285324184484
1296	-301.9609159796626
1297	-303.26325902203723
1298	-305.253114997676
1299	-300.8227550712739
1300	-307.95059370934774
1301	-307.5776995352775
1302	-302.6626579443411
1303	-307.05847224295326
1304	-308.6146364577897
1305	-303.02423061421905
1306	-304.5536288468943
1307	-298.8996666882123
1308	-299.53504304091683
1309	-309.6556895100213
1310	-302.82698936134074
1311	-306.4361953862054
1312	-304.56539914696316
1313	-294.0623288962041
1314	-304.9062869117317
1315	-306.5263831940334
1316	-299.45196304534386
1317	-302.50973281565797
1318	-302.3662813145826
1319	-309.4102982619012
1320	-301.23614753921674
1321	-312.28317162128513
1322	-301.13432533133664
1323	-305.9416692222854
1324	-304.95119791252904
1325	-301.23347096794606
1326	-300.66226752783206
1327	-296.66321885922804
1328	-301.90690920669977
1329	-303.8058723524983
1330	-303.5276676535494
1331	-304.02521644883086
1332	-301.6183469813114
1333	-296.8743930446648
1334	-297.27444609569994
1335	-302.0910388827485
1336	-300.64363539052476
1337	-300.07779104438066
1338	-296.4894613438295
1339	-305.8570910564394
1340	-300.90274041959736
1341	-302.4842184447517
1342	-300.39995440038143
1343	-300.16408733024855
1344	-300.08958034404407
1345	-301.0876000334076
1346	-302.91882252135355
1347	-308.71704359992833
1348	-299.41740503035595
1349	-306.5347711670922
1350	-305.45164832590035
1351	-296.03574181610867
1352	-300.7819586200522
1353	-308.1713415482054
1354	-306.1262289379123
1355	-302.85976454845155
1356	-299.66058842132236
1357	-303.4859938741885
1358	-304.45892279393644
1359	-303.5217659783671
1360	-300.50189591802297
1361	-307.88188297685923
1362	-303.2774503198683
1363	-302.4634471091441
1364	-303.32244345285443
1365	-302.65652058046476
1366	-306.2627168191608
1367	-309.1299427252192
1368	-307.36907160472856
1369	-300.49891316172466
1370	-300.78405352043956
1371	-301.3410836116612
1372	-304.6077096012987
1373	-303.08145924761044
1374	-302.0176639804826
1375	-310.53275542453576
1376	-301.01736065463734
1377	-305.9018216947307
1378	-301.0583005476103
1379	-306.5433145113594
1380	-306.4575932743766
1381	-300.62727761913345
1382	-304.0572000097235
1383	-302.85758447606656
1384	-303.98091601302224
1385	-303.03888132281395
1386	-298.6730408687041
1387	-306.4348363190545
1388	-310.63755467764025
1389	-304.0983926796499
1390	-307.9358383752291
1391	-307.04534631977674
1392	-300.86118951694675
1393	-296.8433864670663
1394	-303.80124936657205
1395	-301.35406339176114
1396	-306.8205379808433
1397	-302.4665156980438
1398	-308.70255498528826
1399	-307.7600745894529
1400	-304.3080424068461
1401	-304.166307439035
1402	-306.88940851307996
1403	-301.3595
1404	-302.2318413966611
1405	-306.7239657231022
1406	-305.0657021547684
1407	-303.37679783664424
1408	-296.81872904136685
1409	-307.7137208780492
1410	-299.6130885363783
1411	-309.9284629950851
1412	-304.62327964687097
1413	-304.14897129723397
1414	-302.28893108303566
1415	-304.5601279608509
1416	-306.7801681767721
1417	-300.8867273567457
1418	-303.2885310100757
1419	-300.4776029865399
1420	-307.0055275911569
1421	-306.9629873671157
1422	-305.7981463100823
1423	-305.1269461069366
1424	-302.04662324711154
1425	-301.9648219902712
1426	-304.4397892076958
1427	-303.5008156538468
1428	-306.9189932584662
1429	-303.1148914236773
1430	-299.8551645247256
1431	-303.12012352331067
1432	-303.8220835216235
1433	-308.02796642788815
1434	-303.98846855713106
1435	-305.2475073497879
1436	-304.74372598539014
1437	-307.84763264301967
1438	-307.29428786987626
1439	-305.2159993079918
1440	-297.0081491653911
1441	-301.38256587962604
1442	-306.6638885841581
1443	-299.93293287601034
1444	-303.2608514846722
1445	-306.78071726544493
1446	-300.72591231859457
1447	-300.139636906889
1448	-304.9854438428384
1449	-304.9610374074029
1450	-302.0756242552122
1451	-305.81632717160574
1452	-307.27196744054754
1453	-309.8614982807969
1454	-312.0661122174126
1455	-308.44398291044286
1456	-305.66934619405765
1457	-306.31102176380256
1458	-305.3913741550848
1459	-304.9411912298331
1460	-306.9640824823902
1461	-303.20243739827276
1462	-306.73447424692114
1463	-304.72474729995633
1464	-304.0531195589138
1465	-304.7128404164733
1466	-303.46845803933365
1467	-300.73030000126323
1468	-303.44397974696375
1469	-309.30981346959976
1470	-302.3820345473371
1471	-304.165720551626
1472	-306.68084292704094
1473	-307.6414402970473
1474	-309.8189945996078
1475	-303.08012566117196
1476	-303.5248632836663
1477	-304.74578444098063
1478	-299.6055059825502
1479	-309.08980241525217
1480	-303.9777157119786
1481	-308.5191834877856
1482	-298.0839228406813
1483	-307.2785966944545
1484	-306.88524014447904
1485	-302.26783215063045
1486	-310.4832279965093
1487	-304.4239960986508
1488	-308.8048959169066
1489	-308.95330901894147
1490	-308.08157192259347
1491	-298.4047379559668
1492	-301.5394324248998
1493	-299.56197471463446
1494	-307.631562122816
1495	-307.1491749956523
1496	-294.1399
1497	-304.5367726535997
1498	-297.3315800181657
1499	-305.90332125436174
1500	-308.94822413935117
1501	-318.37324737535596
1502	-308.3082641343595
1503	-307.1645398948355
1504	-307.204655895853
1505	-305.83006463445014
1506	-307.43635619784254
1507	-305.75456294628344
1508	-302.99588361493915
1509	-298.8266267993065
1510	-302.08369670716917
1511	-306.5462333591203
1512	-303.87081420423317
1513	-303.2092303655218
1514	-304.0486934189672
1515	-304.4190246630726
1516	-307.32896230312184
1517	-304.10372024661035
1518	-304.62297168670443
1519	-308.8211928327766
1520	-300.5331389244947
1521	-304.5157074171131
1522	-308.7106991916207
1523	-300.3933401295555
1524	-307.2608998582253
1525	-306.6643114580859
1526	-306.5064801274266
1527	-309.2422274513621
1528	-298.7459516622431
1529	-308.5868706177982
1530	-302.2850927294531
1531	-300.56902875163246
1532	-303.6484984934676
1533	-298.8291318228377
1534	-305.5216463369057
1535	-297.19083569519415
1536	-307.78982956122337
1537	-304.85222305371656
1538	-304.2347865904368
1539	-307.57451085089417
1540	-304.1782397643565
1541	-308.3083003980109
1542	-302.0308864172167
1543	-303.04943154972887
1544	-301.7235035421909
1545	-304.4512
1546	-295.273200463636
1547	-303.47172759661356
1548	-305.1691447542049
1549	-303.803409461411
1550	-298.0666602233567
1551	-307.278945919484
1552	-306.40047078747085
1553	-310.7195671892061
1554	-297.72574279248806
1555	-295.446758474579
1556	-298.7857029485339
1557	-307.88123524152803
1558	-310.68034295761606
1559	-311.0752541345493
1560	-307.7237949567465
1561	-310.27214462686584
1562	-307.56779439724164
1563	-302.17966887351855
1564	-312.0405311646964
1565	-305.2308271562881
1566	-300.1148929064286
1567	-303.71659511245315
1568	-300.50816493249584
1569	-304.4471423460136
1570	-302.42338759672435
1571	-301.57199235865323
1572	-305.3002530929579
1573	-299.0773195377421
1574	-303.93460527264205
1575	-296.4933539574034
1576	-310.61544045886694
1577	-301.0796215710786
1578	-303.9073128537924
1579	-297.5153988916068
1580	-304.58051516816465
1581	-302.54736329354887
1582	-302.227566438269
1583	-299.2466687895262
1584	-306.5398547464144
1585	-308.74237199647746
1586	-301.8002882661123
1587	-298.4942602881811
1588	-308.0860848081643
1589	-303.9316573847694
1590	-302.5892987425591
1591	-299.5724182584228
1592	-301.5140479649445
1593	-297.5240094649823
1594	-303.8301569707786
1595	-296.7985858662065
1596	-296.45815694240235
1597	-303.6361116997757
1598	-300.8824308311829
1599	-307.4354959044993
1600	-306.46384008911207
1601	-302.74208946449323
1602	-306.2256905253681
1603	-300.95727834791074
1604	-300.0640221285753
1605	-301.6957117717636
1606	-303.7470752175738
1607	-307.49958276699965
1608	-300.9258397450523
1609	-302.67938167095235
1610	-299.7502706002058
1611	-303.86425139008094
1612	-304.53763512963525
1613	-304.93576980506975
1614	-299.0735760451014
1615	-308.54783426459386
1616	-306.46920444024283
1617	-305.9037277833661
1618	-306.24674606132027
1619	-313.75530236519455
1620	-306.5408659181105
1621	-299.85745948285603
1622	-309.4498910566254
1623	-302.94579622458775
1624	-314.44608376738665
1625	-311.19027645232643
1626	-309.89807506212713
1627	-303.5234083948427
1628	-306.8968000016801
1629	-300.3530271534507
1630	-304.09057659484847
1631	-301.262945988644
1632	-304.20236674987274
1633	-299.15335767469617
1634	-298.4963493378677
1635	-301.6918085646889
1636	-303.5315261359062
1637	-302.2275431058851
1638	-300.4303530960923
1639	-305.2796579255062
1640	-307.77429227090875
1641	-302.15575568954637
1642	-303.5708476859193
1643	-299.3206221818836
1644	-309.5872404595616
1645	-304.2530435550442
1646	-306.703267759156
1647	-297.0433391362342
1648	-305.83012133974665
1649	-306.2662579264217
1650	-302.9231346585308
1651	-301.30277136751727
1652	-302.7939268232383
1653	-302.78812691131924
1654	-300.0971951164456
1655	-306.04676186250634
1656	-304.0468714911886
1657	-300.222790771306
1658	-300.8835100867094
1659	-307.65645519020745
1660	-308.2815457241957
1661	-307.8307195833508
1662	-309.67424620592357
1663	-298.1579005930941
1664	-306.0037797658327
1665	-305.54736399880096
1666	-295.8037569980628
1667	-311.0177816607214
1668	-297.7541502827899
1669	-305.77320149242007
1670	-301.0067560375934
1671	-305.88500124916555
1672	-307.97020861427893
1673	-309.0204752669574
1674	-308.40949112654533
1675	-298.2354002908418
1676	-306.33728810223414
1677	-300.4940331706541
1678	-305.02081920262947
1679	-309.11936902724165
1680	-308.1196189346942
1681	-301.5434770818335
1682	-304.4613120940894
1683	-304.51162182585495
1684	-304.53792164987647
1685	-297.98467385013566
1686	-310.1680855595632
1687	-305.8664258512844
1688	-303.86454656383637
1689	-307.49122126127514
1690	-312.38815312171795
1691	-311.07128142398057
1692	-302.9542279518814
1693	-306.62581772225644
1694	-303.58311741172804
1695	-307.89332579715864
1696	-308.58867983086
1697	-302.227311611916
1698	-303.6198392552194
1699	-296.79125763943335
1700	-303.3855400919025
1701	-301.6736
1702	-301.94524590998225
1703	-303.5422219226624
1704	-309.35764141772603
1705	-301.33513743183715
1706	-295.00915904825445
1707	-306.3598425690851
1708	-300.5694885849247
1709	-303.8419804233057
1710	-306.2961769123525
1711	-304.7164493649549
1712	-302.820752922361
1713	-302.23034013307813
1714	-305.9448782472748
1715	-297.4803447167816
1716	-301.605800000014
1717	-303.35844196956526
1718	-303.4714914781678
1719	-301.61880938535126
1720	-305.84872825663973
1721	-306.4563072320797
1722	-308.9336508998768
1723	-307.9679783976127
1724	-305.07095694667476
1725	-300.05175695584256
1726	-297.7207383890457
1727	-303.0195452979273
1728	-302.84254515309107
1729	-299.31972327261434
1730	-300.4900946835912
1731	-306.06808722574925
1732	-305.62753362407585
1733	-304.5112083898447
1734	-303.36692010823134
1735	-303.04232734894276
1736	-309.5062710975373
1737	-301.5034599954927
1738	-306.06969617506024
1739	-305.4739077376754
1740	-300.3307848909721
1741	-309.82574097773306
1742	-308.9698894568023
1743	-306.81543555199585
1744	-313.9923824666323
1745	-301.3509577354022
1746	-298.16633765755773
1747	-301.61950121977355
1748	-299.6490163169674
1749	-304.21684487561134
1750	-304.9216722140941
1751	-296.5264549401941
1752	-303.98578805094814
1753	-307.6343805222483
1754	-297.4177
1755	-304.514149542355
1756	-308.31065135266687
1757	-307.9805452411978
1758	-304.3910848893314
1759	-304.4358718588222
1760	-302.16605648018844
1761	-306.19454907284296
1762	-304.6774821120534
1763	-300.09030135903345
1764	-304.83000582319903
1765	-305.4264912458313
1766	-303.75646610760543
1767	-305.9916611565556
1768	-301.88712340030304
1769	-306.8593281941832
1770	-303.2855045991951
1771	-297.61630706610447
1772	-299.0959186892516
1773	-306.0719228278765
1774	-301.24841950037796
1775	-303.58776995839804
1776	-300.0157785499114
1777	-308.96973783501636
1778	-299.03356379558505
1779	-305.2306989354969
1780	-302.54032079813555
1781	-303.6964916659968
1782	-303.63663464763135
1783	-297.76873209727563
1784	-299.4929906590699
1785	-307.1370464006729
1786	-305.68311487645497
1787	-300.5007531148148
1788	-310.46995927608464
1789	-302.2805526888879
1790	-304.70138423544785
1791	-299.9379
1792	-298.9638263775723
1793	-301.28547560443036
1794	-303.41812930109086
1795	-303.01198913010643
1796	-305.31348620946767
1797	-309.9084220040173
1798	-300.36756896603
1799	-298.8702541569446
1800	-302.55364251623917
1801	-302.8546228209704
1802	-305.1028541870881
1803	-300.3985000000241
1804	-305.7889013054022
1805	-302.3480839546581
1806	-306.97371826600346
1807	-303.50550138154
1808	-303.0606090358605
1809	-298.17260034909134
1810	-308.8025410661327
1811	-301.5000789748554
1812	-304.0971
1813	-310.01464387508366
1814	-307.2722827980866
1815	-303.2428847633811
1816	-300.9942465114759
1817	-307.8109855112126
1818	-301.2124769504968
1819	-305.27265413466506
1820	-302.39890000012366
1821	-302.7629090879534
1822	-305.57838134056027
1823	-296.10581443875435
1824	-303.466200028544
1825	-297.8367105471701
1826	-305.5387095387117
1827	-308.36586365988495
1828	-299.357197339373
1829	-304.63307081580734
1830	-303.53265393200076
1831	-301.9476474044057
1832	-305.8425064082286
1833	-301.35101979817745
1834	-305.96212009576493
1835	-306.83104874385066
1836	-297.38886902814
1837	-298.1142316689564
1838	-301.99787923600513
1839	-299.3570238179525
1840	-310.4859979578743
1841	-304.5031379973553
1842	-306.66139576617377
1843	-304.719240488832
1844	-309.63593924078555
1845	-307.1594948359317
1846	-305.99626692693636
1847	-306.1072549608278
1848	-306.4209749207832
1849	-307.9202802846438
1850	-303.44151995984566
1851	-305.66553177294793
1852	-304.29829089624775
1853	-304.1828713460482
1854	-304.45624752888085
1855	-305.9667372349722
1856	-305.1509502772906
1857	-301.8590398728871
1858	-306.9028654512454
1859	-304.4195766285733
1860	-310.4462690167224
1861	-308.4863044657039
1862	-304.83010000000047
1863	-308.9976450503579
1864	-295.89242480963605
1865	-308.4144403854677
1866	-302.75091087782346
1867	-303.4714000001609
1868	-301.34275751818865
1869	-305.74168801809947
1870	-311.0506350005172
1871	-304.12331952371085
1872	-306.3795414354265
1873	-302.55295495171697
1874	-306.0937563978094
1875	-299.8420878121961
1876	-305.42089402763327
1877	-305.0479228497437
1878	-305.4867819454225
1879	-296.5437664524265
1880	-298.54488697452405
1881	-302.3916812512044
1882	-301.29924365049015
1883	-302.7680993346003
1884	-305.7111221791561
1885	-299.3985583768529
1886	-301.9961448487618
1887	-306.8889602982191
1888	-305.8331140808864
1889	-302.07862657037725
1890	-305.83639663081783
1891	-305.4878414150547
1892	-296.3755500511281
1893	-306.02236957465374
1894	-307.03013217204324
1895	-304.727917895503
1896	-302.81263150474274
1897	-303.0742847099246
1898	-300.4174940974334
1899	-300.86160863761694
1900	-297.1904655583694
1901	-300.7808453178499
1902	-296.72701895805926
1903	-300.4460548008574
1904	-304.23308621944545
1905	-294.31282375861844
1906	-301.57899868841764
1907	-302.170794514848
1908	-298.092720093354
1909	-300.01245665290713
1910	-291.5379804542108
1911	-301.45456523983944
1912	-303.7967190846025
1913	-307.8904074609218
1914	-310.4911924835816
1915	-300.2814175340803
1916	-306.9938581771622
1917	-302.62738746610563
1918	-304.308451325895
1919	-301.56926832398204
1920	-300.6366681506856
1921	-304.049053232907
1922	-300.9141169374727
1923	-310.1443460685887
1924	-304.9710476661179
1925	-305.7037802471576
1926	-302.64992185163624
1927	-305.9111522417984
1928	-308.7530522652097
1929	-307.8875122319318
1930	-302.6984136248828
1931	-304.7770763982885
1932	-310.5456945151072
1933	-306.41179898765085
1934	-305.4650363028636
1935	-308.9674606872112
1936	-302.48583596833043
1937	-305.48520015395775
1938	-309.44634857608276
1939	-310.0536136155604
1940	-305.3497143120403
1941	-301.36821199669185
1942	-301.89554191482324
1943	-297.8759428737254
1944	-306.8746341872312
1945	-303.673888368193
1946	-303.05245708171617
1947	-301.2344735120618
1948	-300.8720622796018
1949	-295.54911598082384
1950	-297.2179162193605
1951	-301.48795198445987
1952	-306.4803926545593
1953	-308.0529681500404
1954	-302.2561553730666
1955	-303.17538412991615
1956	-305.3879757358392
1957	-301.1578832030559
1958	-307.62856878461156
1959	-301.9871453413844
1960	-301.58375037519295
1961	-308.51604117344823
1962	-304.09993700633595
1963	-303.4808816620208
1964	-307.56887997127967
1965	-296.5453753337789
1966	-306.24575412408444
1967	-310.52756422793317
1968	-304.71282483424505
1969	-302.0681664532854
1970	-303.1159052978116
1971	-306.5620150911186
1972	-305.40735561093646
1973	-301.0498385155177
1974	-301.73069660421095
1975	-300.21386621004814
1976	-302.67850519717643
1977	-305.785393546893
1978	-303.8325166893599
1979	-302.0883753593935
1980	-295.99099370681114
1981	-304.460246707174
1982	-306.44441430595464
1983	-300.4655333501346
1984	-302.4101624084931
1985	-298.90311399890743
1986	-303.17258535167895
1987	-299.23829235470924
1988	-296.636227037731
1989	-298.11880495249676
1990	-305.1208984105917
1991	-300.233601261134
1992	-310.2528745869663
1993	-299.624909612282
1994	-297.4533
1995	-307.00273504727716
1996	-301.47421059648195
1997	-298.7077091974461
1998	-303.0396954364764
1999	-306.60905501762863
2000	-305.9574178260821
2001	-303.9569665536805
2002	-305.7256675918692
2003	-310.29336921145864
2004	-304.689147057033
2005	-299.45929843010794
2006	-298.5778584350432
2007	-304.4387685333963
2008	-305.08135757563423
2009	-303.31388328622427
2010	-303.32333970711574
2011	-307.01903272966143
2012	-298.1794708143128
2013	-301.54428674353136
2014	-312.83380717107383
2015	-299.8326857045703
2016	-299.26108197187887
2017	-308.120387122768
2018	-299.43566351937926
2019	-297.57958896091725
2020	-301.27349195053944
2021	-301.8792208823495
2022	-304.19532661950535
2023	-304.4975664508781
2024	-304.80154749611654
2025	-303.36108783489794
2026	-309.78370143248327
2027	-303.9645380566736
2028	-307.91006389043696
2029	-302.8057832085833
2030	-308.5341845829212
2031	-304.93950860474644
2032	-308.19707007231307
2033	-307.0298803918634
2034	-299.618823673698
2035	-303.6248862987682
2036	-302.7600926053005
2037	-304.09892375739634
2038	-311.7558649914707
2039	-306.6282203997257
2040	-301.8823611887223
2041	-310.8512300144127
2042	-302.43593243253
2043	-305.489676390713
2044	-306.09540889059224
2045	-298.9913028134577
2046	-304.6031829529816
2047	-301.90902828582284
2048	-300.95932284962487
2049	-302.26553160735784
2050	-303.9196023946541
2051	-302.8160284456852
2052	-298.31270019946646
2053	-299.3025259984486
2054	-303.1614368427431
2055	-301.4712159938154
2056	-308.5398834086079
2057	-304.0524468621988
2058	-307.6351748269902
2059	-296.5832168868883
2060	-309.55155192472955
2061	-300.74773632603933
2062	-304.3716032079465
2063	-298.78682389816163
2064	-300.2533
2065	-306.07386279893996
2066	-301.5206937735587
2067	-301.7296064317134
2068	-301.8103508959087
2069	-303.04448658418823
2070	-307.35513960202536
2071	-303.4048140658744
2072	-293.5706288679699
2073	-300.59045599651427
2074	-299.5671222305878
2075	-295.2606711649024
2076	-299.1518661723694
2077	-297.06260894597625
2078	-306.6536501959267
2079	-304.9501303787237
2080	-304.5788029143513
2081	-303.9871506959821
2082	-303.7800371607006
2083	-304.80262245240357
2084	-300.8392205263927
2085	-311.06970059430773
2086	-302.7810952644476
2087	-301.1961099264141
2088	-297.1424266952164
2089	-307.83100267156874
2090	-309.776211333128
2091	-303.8899031989552
2092	-299.63706166141054
2093	-299.6072268044477
2094	-308.0516860982791
2095	-306.64379703432303
2096	-305.93216433223495
2097	-303.49225687353805
2098	-302.0684665289932
2099	-303.86030002715734
2100	-306.30938470089285
2101	-302.41250409871583
2102	-301.46954696639983
2103	-304.8504775212305
2104	-305.2042092219876
2105	-303.3993305477378
2106	-304.99484699678385
2107	-307.3864466150968
2108	-306.2625702842509
2109	-300.22911791846866
2110	-302.8672463923951
2111	-304.1802269169228
2112	-303.64210098024176
2113	-298.6858984870071
2114	-307.51872033847013
2115	-301.92718864059543
2116	-299.73320000002104
2117	-303.2177695414966
2118	-305.062764471556
2119	-302.86231778580174
2120	-306.32452341839945
2121	-303.45669502198837
2122	-307.86519219135477
2123	-299.4133939935073
2124	-306.68759133926307
2125	-305.0846160214319
2126	-305.9080940431698
2127	-310.1967910352514
2128	-301.6377284162148
2129	-313.687649306079
2130	-307.33144872322475
2131	-302.6211444630206
2132	-305.64666523082406
2133	-304.44797059726307
2134	-302.37752414501915
2135	-304.62287556535153
2136	-305.25861924357787
2137	-305.85860429258986
2138	-301.2021201492944
2139	-312.6523075171493
2140	-308.2387983777508
2141	-307.9139529632885
2142	-304.4771765482212
2143	-307.46329369466844
2144	-309.5404673420116
2145	-301.67803133757036
2146	-301.0776287121897
2147	-309.1562685996155
2148	-308.44642190913817
2149	-313.7296359344104
2150	-309.81567937738987
2151	-299.37060055525916
2152	-303.02922781726176
2153	-303.08081301762195
2154	-305.37949984517866
2155	-306.63685948513466
2156	-302.73538781675705
2157	-306.7723823848034
2158	-298.42895576668474
2159	-307.6773467407821
2160	-304.547962745986
2161	-306.22625082534483
2162	-305.6815199089527
2163	-306.0489095306171
2164	-292.592027735214
2165	-295.97717908372846
2166	-307.26124914405347
2167	-304.83381367241265
2168	-306.850549002915
2169	-305.89220032631454
2170	-306.68055049513544
2171	-301.1230895719649
2172	-310.62356252519277
2173	-307.6342151931593
2174	-304.05171181624337
2175	-306.87267384199396
2176	-302.95469829544766
2177	-305.93702427765527
2178	-298.4853664492479
2179	-303.31225399445066
2180	-307.96851556626757
2181	-307.79647400659815
2182	-307.35648606814146
2183	-304.04329545514344
2184	-294.8888748672897
2185	-304.3634930166532
2186	-306.1430034177194
2187	-308.8997960693748
2188	-304.6374510648165
2189	-308.73967680757863
2190	-300.51672059256305
2191	-304.21316356302236
2192	-299.7367447562241
2193	-299.29940485257436
2194	-304.5352947542097
2195	-303.06952254303417
2196	-306.02312389205247
2197	-303.0315
2198	-300.7312619483576
2199	-302.6765725745112
2200	-299.4701859827593
2201	-304.617824118921
2202	-303.02061201116214
2203	-304.98056651550496
2204	-304.0505335118788
2205	-304.11557203265755
2206	-305.0736593660542
2207	-305.9288812511204
2208	-302.8050979566181
2209	-306.7121574414017
2210	-305.9331692840562
2211	-304.81527708368463
2212	-303.48398054536665
2213	-303.97716529267757
2214	-300.8139142017086
2215	-308.49113710620475
2216	-307.1771503267391
2217	-304.2098689566181
2218	-302.18042097340134
2219	-299.0590802972974
2220	-306.5477245727446
2221	-308.7916678635053
2222	-297.9573071605964
2223	-299.9762
2224	-303.6769771239799
2225	-300.6807501813401
2226	-301.52959137587163
2227	-305.028831816665
2228	-306.1525643109618
2229	-306.84226856431684
2230	-304.44479832564355
2231	-303.1177814173172
2232	-302.98702171193753
2233	-306.574913208893
2234	-310.2102699580461
2235	-303.75895759806514
2236	-300.720951888391
2237	-305.0058277005141
2238	-304.81383733090445
2239	-299.87671540945354
2240	-299.9869002188554
2241	-311.2596720974304
2242	-309.2180003932922
2243	-301.27849051006916
2244	-303.2820086782569
2245	-299.7150623242667
2246	-311.92669073958814
2247	-301.54482343767165
2248	-302.11550824125305
2249	-307.6471747042146
2250	-308.3740643481428
2251	-305.456118731788
2252	-304.99805984481026
2253	-302.6967869192049
2254	-300.13128203961423
2255	-301.28482085512593
2256	-306.0905731832535
2257	-305.3826009899676
2258	-303.36693330366063
2259	-300.39227825603734
2260	-304.248377535456
2261	-307.5064789330498
2262	-305.61105722441584
2263	-306.6695945059136
2264	-293.0059503836287
2265	-304.98916839935777
2266	-303.97433275165133
2267	-307.34996322988667
2268	-309.7366766097861
2269	-310.3726804912874
2270	-306.1804412920595
2271	-304.6814658324378
2272	-309.1879726992423
2273	-303.46015464846533
2274	-304.101945014377
2275	-303.5971625605522
2276	-305.24829425481147
2277	-303.9855536259207
2278	-311.3876911957783
2279	-305.63680903372494
2280	-302.50488229443874
2281	-308.3555408884442
2282	-309.5448916747175
2283	-300.07407362739883
2284	-298.88059809605056
2285	-297.74783278003264
2286	-301.1586038492292
2287	-303.13628510122567
2288	-293.9594129331487
2289	-296.03703242422955
2290	-295.93705169656494
2291	-303.9349018873463
2292	-311.6866774579856
2293	-302.030656127015
2294	-307.2879004550851
2295	-304.5590516803832
2296	-298.5222326179447
2297	-303.30076341832984
2298	-307.3977156145855
2299	-303.63436041738356
2300	-307.3759402543224
2301	-308.34117158129135
2302	-300.74562600286885
2303	-302.4342473826187
2304	-301.0782907790309
2305	-301.5582638026216
2306	-309.32829190067264
2307	-298.47734625523424
2308	-306.62464806296543
2309	-308.48972156485326
2310	-300.21837374017025
2311	-306.9085261259502
2312	-304.07973508745386
2313	-299.721845982947
2314	-302.9750577645337
2315	-305.75952579461807
2316	-303.8525524999371
2317	-303.3697704990641
2318	-306.84709285748687
2319	-298.5990793300771
2320	-303.62242000453057
2321	-305.24762817629005
2322	-302.0503606137754
2323	-305.736177069456
2324	-308.6625196220911
2325	-303.2955609514641
2326	-302.75257717690636
2327	-302.0710069989085
2328	-302.68818465976136
2329	-307.4163283261296
2330	-300.9051814039889
2331	-301.0529097221623
2332	-297.82101365156774
2333	-303.9861139843098
2334	-301.75343768972857
2335	-300.9168051442678
2336	-295.3512
2337	-304.5883933410282
2338	-305.2524946323705
2339	-304.39663010653084
2340	-299.9716027849738
2341	-309.26645074069717
2342	-303.1726019886827
2343	-299.93554142691704
2344	-308.6663771556404
2345	-300.4540507985515
2346	-304.74859651535195
2347	-299.8028856988164
2348	-303.4133169338313
2349	-305.3943596306899
2350	-307.9860183982981
2351	-308.19897878105786
2352	-303.778851420748
2353	-301.29986158718054
2354	-301.2727621528988
2355	-302.94917901175984
2356	-293.5855005419827
2357	-306.16271748903256
2358	-301.96040867601795
2359	-302.47220079761917
2360	-303.95881815097795
2361	-305.98445977678307
2362	-304.0777112901604
2363	-308.70207788250485
2364	-300.99635331399577
2365	-309.4028987883883
2366	-311.79642756822204
2367	-305.33080196716
2368	-306.91899933614326
2369	-307.7662220407358
2370	-304.8363414914546
2371	-307.10359184278207
2372	-303.8807925165886
2373	-299.75094187653747
2374	-302.07508071087256
2375	-305.4374271766158
2376	-307.1406973234447
2377	-301.51264126296184
2378	-304.64349613531164
2379	-303.27115317043587
2380	-307.3107844767633
2381	-299.1582376146027
2382	-305.2660215276911
2383	-300.23461260365167
2384	-311.0481913475287
2385	-304.12302983598454
2386	-304.10581321330864
2387	-304.0022755086849
2388	-300.0604467628724
2389	-306.40123114254135
2390	-298.7217772864268
2391	-309.68560718901347
2392	-306.6474231583587
2393	-305.45755464378533
2394	-296.6331510408517
2395	-292.78165868990317
2396	-304.90093110728225
2397	-302.4124524249228
2398	-302.7267237267414
2399	-303.3181404413962
2400	-302.5139547103821
2401	-313.0246906111909
2402	-300.37852833027864
2403	-301.3099757883158
2404	-302.72321021313434
2405	-306.82873465228863
2406	-304.83296983066236
2407	-302.3051504890727
2408	-298.6369554006587
2409	-295.55507549016073
2410	-307.617402045525
2411	-299.8001157381935
2412	-306.58510502815085
2413	-296.10604153469023
2414	-305.34268341482914
2415	-305.2244703182579
2416	-304.5904583372416
2417	-308.28112949104076
2418	-299.4683748741068
2419	-304.9539846620787
2420	-299.17955964788666
2421	-311.64755882062275
2422	-298.9431487699326
2423	-308.017019775941
2424	-306.766644585807
2425	-301.5631756305574
2426	-303.67150000000055
2427	-301.79627417348667
2428	-303.0788007225836
2429	-301.75580016633984
2430	-304.1495938953442
2431	-301.7359160847051
2432	-302.9615084066007
2433	-305.46053198225553
2434	-301.173625801474
2435	-307.57078836934136
2436	-300.78065301511685
2437	-308.1272371931311
2438	-304.32808631839407
2439	-300.2346
2440	-305.25998392207987
2441	-310.0556287995609
2442	-309.5094246537677
2443	-309.68636975837256
2444	-304.7461945981223
2445	-308.4866520337664
2446	-305.75665623504005
2447	-306.93902238724075
2448	-302.5828163854625
2449	-299.3789531784048
2450	-303.28270000000094
2451	-299.9903431425026
2452	-308.0110450480301
2453	-300.27651360631893
2454	-305.85200598685844
2455	-303.5546019502152
2456	-307.78539539464583
2457	-304.3867629024381
2458	-300.2414788452667
2459	-303.4347986033212
2460	-303.74459345620636
2461	-306.69998626995806
2462	-302.8732852094252
2463	-301.605087695536
2464	-305.73153186703644
2465	-305.1734791413496
2466	-304.89382767587233
2467	-302.7420699115993
2468	-304.5403544208957
2469	-300.40736112475287
2470	-303.883483412774
2471	-296.97498832811084
2472	-297.7819000035625
2473	-309.06362412033417
2474	-303.92134542303125
2475	-297.58046381990846
2476	-303.3534527885598
2477	-292.9176000000123
2478	-311.0973799370453
2479	-303.72750000022666
2480	-300.77351317162913
2481	-299.93235270633994
2482	-301.94053445161353
2483	-305.04993745548575
2484	-305.22460407246484
2485	-303.4820968736912
2486	-300.61093925816584
2487	-302.7532962207986
2488	-298.70450043088556
2489	-308.814605393412
2490	-304.4143362385202
2491	-302.1449460761008
2492	-301.92340001083994
2493	-307.28761422412003
2494	-309.5877974053963
2495	-309.2814510038085
2496	-307.5549322457511
2497	-295.9258683811553
2498	-302.5445893865309
2499	-304.35367077319216
2500	-308.48099939882025
