1	-308.4745452347018
2	-308.3036313554329
3	-306.09897748106283
4	-307.2788132707659
5	-303.4960006991812
6	-308.6903772220227
7	-309.7996023788116
8	-309.17184146297404
9	-300.6992348912383
10	-307.45364247696466
11	-303.8088704857666
12	-307.83634819476936
13	-303.2956474320747
14	-296.4576699829918
15	-303.4239077567198
16	-302.38408209060816
17	-307.54074691850417
18	-307.94423405548036
19	-314.4554729304174
20	-305.5350314162853
21	-304.8894633338115
22	-305.3185739669997
23	-302.8613359316962
24	-310.54967198802376
25	-302.01604820845955
26	-299.02919488550964
27	-310.56076767955693
28	-304.6463820111313
29	-311.5117092659459
30	-313.5106303730173
31	-309.83867180650435
32	-308.20864820869144
33	-310.33393874834445
34	-305.03070855066335
35	-310.5803642181464
36	-302.95723860251894
37	-301.9850221127143
38	-307.62942148520204
39	-306.5581247979842
40	-304.2274439172799
41	-306.9817498794749
42	-302.4627809005636
43	-305.0030370359514
44	-309.4946493665918
45	-307.32751621277936
46	-306.46185298813964
47	-305.64618644912906
48	-304.8732343680852
49	-311.7318518574019
50	-305.65043366359816
51	-309.35027576783403
52	-302.8020859145291
53	-309.9667883817226
54	-304.7271766998605
55	-307.2022227340772
56	-307.3389918766558
57	-302.5322418317309
58	-297.5954851155841
59	-309.0388575960761
60	-309.39510696057755
61	-310.0234903613828
62	-311.8329766209603
63	-311.4838757153521
64	-303.34581766723056
65	-309.5303258327658
66	-304.7488856504625
67	-305.3624220555645
68	-306.31414830551387
69	-308.75362355129687
70	-301.85150577854915
71	-303.12949023284534
72	-305.0505224923085
73	-308.7932657091019
74	-311.5814994106947
75	-313.10755993398146
76	-310.16916485830967
77	-308.27547702412096
78	-298.53767725115904
79	-301.6673100741586
80	-308.03646995641833
81	-303.76294381329376
82	-304.37426837900017
83	-306.15427202861173
84	-313.8083986622991
85	-314.5289758243556
86	-309.1694984006939
87	-303.98892208844495
88	-307.44884318193334
89	-305.5200071870661
90	-306.6162430990235
91	-307.99901235412085
92	-303.3230104215712
93	-299.42618114140913
94	-300.609637924103
95	-300.86227964548215
96	-297.50179628850645
97	-305.5742412529253
98	-303.7107276974128
99	-310.1030332307089
100	-306.9382610005931
101	-306.20314799022054
102	-306.1147526119924
103	-302.54067091467545
104	-305.22917809301396
105	-307.18576979393345
106	-302.55311141112225
107	-305.82823903948497
108	-299.6164650508633
109	-309.6346421523686
110	-307.39345991639397
111	-303.0741132526521
112	-309.4935044154106
113	-301.197916572198
114	-307.47605351383856
115	-306.69702842324386
116	-300.2176352432942
117	-306.6819967449676
118	-307.2005982090507
119	-311.6134293824586
120	-307.3568035963343
121	-306.05451175286873
122	-309.4162804815264
123	-307.7998289879494
124	-306.36053826947904
125	-301.3542183668365
126	-307.6421848185913
127	-309.08120098757024
128	-301.0578034202848
129	-305.47208825978174
130	-304.87335966327095
131	-308.57415435596357
132	-308.49210390006346
133	-305.5103290494297
134	-308.92363282490817
135	-302.99161382092285
136	-309.8786170955465
137	-306.15843650485783
138	-311.80354597089143
139	-302.5690629845334
140	-307.62420937654116
141	-307.8474962826649
142	-313.1372251695085
143	-309.8930793738227
144	-302.2268381048911
145	-300.45983329003093
146	-309.1445657117076
147	-301.17412286238226
148	-303.7163133396596
149	-307.9588548139955
150	-306.6524008519267
151	-308.7545241289365
152	-312.4865060963215
153	-309.97800389077213
154	-303.428896684948
155	-308.2639087648097
156	-310.4499070178372
157	-308.2019448510889
158	-304.40681930348137
159	-311.83352690156687
160	-305.7666081742342
161	-307.8268190423226
162	-310.4943302019416
163	-311.5751237352464
164	-310.0390247694748
165	-304.1408468967433
166	-307.8170658383565
167	-306.1855956062568
168	-305.4027500619726
169	-306.99175812093733
170	-308.17043613575044
171	-307.8747893995219
172	-305.2043771367597
173	-304.8370733192562
174	-305.61476513880297
175	-301.31211125731016
176	-300.17230475483217
177	-309.00266383937236
178	-304.45884870448896
179	-302.8347169685934
180	-309.60881496210516
181	-310.5317512764783
182	-298.19993956951174
183	-306.09503144749874
184	-301.49364117202555
185	-304.2879435306846
186	-303.3113806634288
187	-311.02249618768997
188	-312.883497658135
189	-305.60050643087584
190	-301.35732388880353
191	-304.7999868479035
192	-311.66665069181664
193	-305.6971665483878
194	-300.3693213496771
195	-307.1171468869343
196	-303.3800144200916
197	-307.7647160939833
198	-302.4353267769288
199	-306.4977292814727
200	-305.07569757313206
201	-303.985978240905
202	-305.6868512186756
203	-300.611810144689
204	-306.50875794392294
205	-308.1971110153525
206	-307.08171623262115
207	-302.7250579428424
208	-304.22602370212803
209	-308.8765647733983
210	-307.5556415233709
211	-310.4086995161266
212	-309.2560972445613
213	-307.24641499559823
214	-305.38852973963657
215	-307.3904344807408
216	-311.50292636660055
217	-307.58311453337717
218	-303.3109088272295
219	-309.90175425071936
220	-308.84209292922026
221	-310.4462915093546
222	-306.8942096425966
223	-309.8828300274562
224	-307.36070420164606
225	-303.38118695740906
226	-306.4287604667068
227	-303.9341614576382
228	-309.5692216981287
229	-307.8744512907253
230	-307.547473440421
231	-312.2739344366213
232	-306.81059888587254
233	-307.08283731237043
234	-307.34551386003193
235	-301.9508431626494
236	-307.60820856715685
237	-308.4407793931162
238	-307.4755695409014
239	-310.77795175344664
240	-303.0689684425353
241	-305.207481740316
242	-301.77591603114456
243	-301.43381390196
244	-305.2397683781267
245	-306.47132522786296
246	-309.16687841504495
247	-307.35178856239537
248	-311.8851905528654
249	-304.2634423008251
250	-298.958610460025
251	-296.5148558999897
252	-303.9958425554519
253	-305.9414289862511
254	-307.5055770556595
255	-297.0107376370767
256	-299.19628578527903
257	-309.5548821315349
258	-312.94980946556046
259	-310.26186015950225
260	-308.64843439596586
261	-306.60578510194614
262	-305.45966114714736
263	-302.81079841862436
264	-309.8795590267281
265	-304.1962093833842
266	-311.30449240087864
267	-311.0120130814789
268	-303.78080599557927
269	-310.7602460867352
270	-307.69775040500764
271	-311.21923599708754
272	-305.2415765797409
273	-310.7627916187304
274	-310.41118435715475
275	-314.2004906451913
276	-312.0534517783208
277	-304.5130176170917
278	-306.4048045152174
279	-301.9806169748573
280	-307.54266360170817
281	-305.19876107441945
282	-308.16497131308273
283	-303.93433862307813
284	-307.7712732972787
285	-304.17914704346384
286	-302.73822553753075
287	-311.5021896495393
288	-310.30339293420695
289	-309.42276113080334
290	-307.5128734173772
291	-303.6639016564961
292	-296.0747530270039
293	-302.6627243905041
294	-303.26645921227293
295	-307.8726856435953
296	-306.4838176388558
297	-303.0708104457704
298	-309.0359812233872
299	-312.3590553867603
300	-304.8586837317398
301	-305.8240042566691
302	-305.2139267040055
303	-309.68378982956614
304	-309.855113099502
305	-302.9228108188791
306	-305.5270194741031
307	-306.7242221736807
308	-307.7290160871629
309	-310.03371686453966
310	-304.0718388665904
311	-315.6524882170932
312	-307.56834512324855
313	-307.83247414811507
314	-307.174275570324
315	-307.11130017804163
316	-310.7045795555258
317	-304.2124115124613
318	-302.278599197337
319	-299.0146460326196
320	-306.0998724406474
321	-302.0224723341673
322	-301.0415819310339
323	-307.1207961335628
324	-311.6298249969366
325	-305.6446954089576
326	-300.1629565366589
327	-302.99834288149725
328	-308.406970188844
329	-305.9877048012933
330	-307.0530323959531
331	-307.68304192274996
332	-305.09224561456807
333	-312.09125675567657
334	-300.94152881781577
335	-308.7638724005225
336	-305.3005332770444
337	-311.69015536590445
338	-309.43945314598875
339	-306.2469351619968
340	-307.0065372110707
341	-300.60813681318643
342	-309.9894120471061
343	-304.48575617288327
344	-303.328892494944
345	-304.21600884570756
346	-308.41156804296185
347	-303.2023121574946
348	-311.3322269239782
349	-303.28027057732106
350	-301.9429757961571
351	-310.36386553200043
352	-301.6683566332638
353	-305.07630519722153
354	-301.17501785450787
355	-309.21594310085385
356	-311.77217674691735
357	-308.01744288366154
358	-307.1441008943242
359	-309.7337595983921
360	-305.194396722507
361	-316.01898852099066
362	-306.20369422587027
363	-311.7310111873278
364	-305.14853914508444
365	-306.71890933257515
366	-307.5488065419221
367	-306.78690400371795
368	-301.333568441883
369	-308.85775495273055
370	-305.6397593665459
371	-307.44079400694966
372	-303.91236905104086
373	-307.40859975864674
374	-302.5901250224531
375	-308.47537118329734
376	-306.52321048070155
377	-308.0808139252694
378	-300.70139485926506
379	-305.97757797582403
380	-310.2536082362875
381	-303.451469351023
382	-310.4419949432254
383	-304.351377839034
384	-309.32388119156576
385	-309.11040270237027
386	-306.8609012904192
387	-309.966329509121
388	-307.50486475535905
389	-308.31896948241445
390	-303.1098793352493
391	-300.7965365384328
392	-301.82763291745204
393	-310.5156453583814
394	-297.35661118106833
395	-311.9706720685338
396	-300.7166332072055
397	-305.3056476937076
398	-299.72511730186983
399	-303.5023431302265
400	-303.59815320832513
401	-302.0831102952692
402	-301.1046709505537
403	-305.09542889063823
404	-300.76406404553256
405	-295.3187621778376
406	-308.6160772662694
407	-303.7942484857938
408	-302.7721771860036
409	-307.10625820616445
410	-304.1566246874898
411	-300.159500973231
412	-305.76187598839323
413	-304.34221255555536
414	-308.05983228925106
415	-301.74485243772983
416	-312.0779816886517
417	-307.6586481639292
418	-306.94064423582347
419	-306.90923373447595
420	-305.36766874216477
421	-302.970581075061
422	-304.30467434051207
423	-302.9462652198354
424	-303.5120585998579
425	-306.3162314157264
426	-308.27874930940123
427	-309.1614656004385
428	-309.5585906738725
429	-305.80414093747737
430	-304.3366160021325
431	-309.5244277592159
432	-304.42679211397945
433	-303.96789249706865
434	-310.8084767442739
435	-298.94487764403897
436	-306.11407261378486
437	-306.19654656013876
438	-299.2541971037712
439	-304.74757433646266
440	-304.296249607122
441	-297.0360550954883
442	-307.51602954867707
443	-312.73728948210726
444	-308.19560064549194
445	-308.19354392685455
446	-300.14165414052013
447	-301.5920009534332
448	-306.03391575981004
449	-311.043390024142
450	-307.4950376041988
451	-308.895820169727
452	-303.71317100834864
453	-314.1792377320177
454	-305.1422703695048
455	-301.59097029665975
456	-306.4893457881279
457	-296.36438573044063
458	-308.3678384421905
459	-306.4392888356532
460	-303.4021577439931
461	-305.8275396913975
462	-309.4008077951927
463	-305.7348182094559
464	-307.14779259623066
465	-307.5567077223709
466	-309.39216846185485
467	-312.95725956013735
468	-315.4687030674101
469	-301.38327688264513
470	-299.43200406151146
471	-296.4063018651896
472	-302.30886974099906
473	-303.03215842852705
474	-302.4560064547381
475	-301.0338212585626
476	-303.26946435410645
477	-305.65011731149735
478	-306.42162284013614
479	-300.4237038583219
480	-306.7008222015858
481	-302.4200117948796
482	-301.4133904548999
483	-304.60726321985925
484	-304.123747747913
485	-304.78416004622244
486	-305.4770336836563
487	-306.6852374492118
488	-310.3184247728513
489	-306.78332165239414
490	-308.4454742856669
491	-313.64318679312214
492	-301.41953363233114
493	-307.27120461217135
494	-298.9079485820232
495	-298.7661483216708
496	-303.4605923360095
497	-307.3280958876799
498	-305.406116641297
499	-305.73351636659294
500	-303.3457361830146
501	-301.6408691212784
502	-302.62185125785663
503	-303.8694638968411
504	-306.76636875446405
505	-302.1522435031089
506	-302.9591200571105
507	-306.22936863922666
508	-306.9343388797835
509	-309.2893415719
510	-302.70152597460753
511	-310.23211361718955
512	-305.8654270904552
513	-310.25285817849004
514	-297.9946589457956
515	-305.99795201470465
516	-309.12444194490297
517	-309.0710323685862
518	-311.66183290166
519	-306.7716730630631
520	-305.7747567939118
521	-308.5168602522394
522	-313.10793348763445
523	-310.1010813113917
524	-309.22091675361736
525	-306.6420843103648
526	-305.90104846942495
527	-309.3297862017565
528	-305.82645928173014
529	-302.9837125403626
530	-307.099324820344
531	-304.5911462501951
532	-308.1451968046233
533	-305.901407777186
534	-308.2388167484346
535	-307.65666070917865
536	-312.18673885894333
537	-302.37460447444283
538	-302.3074158063237
539	-308.0920198924535
540	-306.2079983561722
541	-306.43298294524567
542	-305.9843712976678
543	-308.2666591770642
544	-307.55069914670213
545	-298.2730338432585
546	-305.32735156783775
547	-308.4945199079073
548	-302.8581972746707
549	-300.61117185291755
550	-307.3616990883766
551	-309.0856161927162
552	-304.14243434494426
553	-305.86275414336905
554	-306.08381566494745
555	-303.48570957024094
556	-305.91929991348223
557	-308.06775466817004
558	-302.2954025134032
559	-305.9711959706102
560	-311.74951645952797
561	-307.41561572932255
562	-304.10512427048684
563	-301.40822624768435
564	-309.636915104441
565	-304.6111930596482
566	-298.5351641535391
567	-299.29471521997687
568	-304.81915424028057
569	-310.2215180876502
570	-308.82750892286145
571	-306.48124228260554
572	-303.42457180498155
573	-305.2259688014245
574	-309.1944737050144
575	-306.8830525871978
576	-312.0087791512907
577	-305.361233296642
578	-303.7546393462793
579	-303.88370496029347
580	-306.0688562615504
581	-307.8470868846138
582	-305.8064518699798
583	-304.29759503286994
584	-311.6344629099221
585	-309.20852874718616
586	-307.7679180233807
587	-307.146749713285
588	-306.9583185595593
589	-312.08998396398357
590	-308.6184039430583
591	-305.12242551549804
592	-302.545257682351
593	-306.99961659185993
594	-305.8052232049414
595	-307.2693173553879
596	-305.5296286482243
597	-308.256581781708
598	-303.578022881189
599	-306.03178556927395
600	-309.5194240549847
601	-308.9072090582489
602	-309.477202564614
603	-310.2144557766721
604	-306.7142908123688
605	-302.51507108428694
606	-308.68643692112556
607	-302.54542170556294
608	-304.33278070738737
609	-311.78743813276236
610	-311.03116614685365
611	-309.4263033218285
612	-305.58243571832963
613	-307.05155705522
614	-308.72457666120545
615	-313.12031526840707
616	-304.57047333569847
617	-310.15033192211706
618	-309.6417212098131
619	-308.8465764171209
620	-304.7186099742882
621	-298.75806048334084
622	-308.58756709361086
623	-303.38402801218456
624	-302.5251437058147
625	-308.80268459195656
626	-308.2110323918852
627	-302.3782542191772
628	-304.1487114701205
629	-311.417638506714
630	-309.0480459956261
631	-302.5783073113542
632	-310.4449143458169
633	-304.6510761809569
634	-303.1473172504833
635	-310.44221119644584
636	-313.58741938528203
637	-301.06340808667187
638	-305.19686707509976
639	-302.5457624760929
640	-298.9744042950026
641	-306.89426874870236
642	-311.4330883707857
643	-304.0069361357336
644	-300.0335103863308
645	-303.0213591807389
646	-307.3024880106982
647	-300.3799435439629
648	-315.42860940262324
649	-301.8568131042699
650	-305.3520519840088
651	-304.1448205529047
652	-298.23788332054914
653	-306.0631541007405
654	-301.21554370449775
655	-305.2784526266269
656	-307.206291348696
657	-304.47845213347716
658	-301.22197599019046
659	-308.20986980792804
660	-306.78749260703324
661	-309.1325613706069
662	-301.5051403708036
663	-310.407618990973
664	-310.68528380320566
665	-309.89111341036124
666	-305.43546684456567
667	-305.08742022435337
668	-308.7786265874132
669	-308.35458691906774
670	-302.61520018294794
671	-305.46171770984586
672	-301.5860914730381
673	-301.8627278254162
674	-302.92628374805696
675	-305.73849140852843
676	-307.91882879058437
677	-307.4875819971535
678	-303.74514985547614
679	-301.18759252545976
680	-294.9470577419779
681	-308.0727309902036
682	-299.8129502461418
683	-304.56596794634703
684	-305.6515837063986
685	-304.56658922628617
686	-305.60165470678834
687	-304.6614186811369
688	-303.1261780884487
689	-302.8694311689854
690	-310.3567940759062
691	-303.38805575871123
692	-310.90838036596676
693	-308.3568497346462
694	-297.859999369573
695	-299.6724105730209
696	-304.14565619282376
697	-298.8345855738091
698	-311.123402887648
699	-306.4966394276903
700	-299.0152719071531
701	-307.9266306955578
702	-306.99103102217725
703	-308.78420093480815
704	-310.1419438118239
705	-307.3343220192764
706	-307.57436805207107
707	-310.00785042630986
708	-305.6437270442183
709	-308.72164506687227
710	-305.78868951847465
711	-306.52671057167913
712	-308.4855432426319
713	-309.8974729316766
714	-303.51143563579717
715	-303.6745798901924
716	-303.65281321113355
717	-298.58622523315523
718	-300.86517177414584
719	-298.3111454905349
720	-303.569881329104
721	-304.5099797003775
722	-308.9394497735444
723	-310.71365060187355
724	-306.6746734720034
725	-303.96222624145975
726	-306.33461893836915
727	-296.9631709471956
728	-305.62411131721325
729	-306.90566217208203
730	-307.99574254374085
731	-311.18419626933985
732	-307.6326771519164
733	-305.5913417356041
734	-304.9386242932489
735	-305.95944569962313
736	-302.2908790438378
737	-304.9377803541842
738	-302.3271983147831
739	-308.7860754380629
740	-308.61728158122776
741	-302.7357240513685
742	-303.09689723907996
743	-311.12473424482755
744	-307.00380870060735
745	-309.53102263654137
746	-310.66083262597857
747	-304.70080030477976
748	-303.9996670330037
749	-302.5577929300248
750	-304.9974666165799
751	-306.99738310093954
752	-309.8905043680611
753	-312.67891270660465
754	-306.5759991603681
755	-307.26890371763955
756	-300.3467285644951
757	-305.64169017460955
758	-309.2441721609528
759	-310.18148949591097
760	-312.50874037052586
761	-304.9752572323091
762	-302.58065225638154
763	-303.75941599005955
764	-304.1877325789093
765	-305.9275102146943
766	-307.0171504271036
767	-303.40616861413537
768	-303.1846855461359
769	-300.5236362516886
770	-307.9363571183935
771	-305.42377886590253
772	-304.7974288749413
773	-300.92174925836355
774	-305.5394234528216
775	-295.022304654166
776	-304.68467314852626
777	-297.50412929765787
778	-296.43459021111266
779	-301.0329406460791
780	-306.7032527670602
781	-306.5320695868687
782	-307.16992666347556
783	-302.12761516051444
784	-305.7678317616158
785	-299.0632666496749
786	-309.90666636991193
787	-299.9730629922019
788	-299.51817574139596
789	-309.9075504367393
790	-310.5716023879725
791	-305.6874617514708
792	-309.3763395601171
793	-300.60488849592883
794	-299.13760245151735
795	-302.042546614981
796	-306.5215048689832
797	-305.6895959188465
798	-303.3574080370401
799	-307.14483932433313
800	-308.2648927617773
801	-305.4281002790968
802	-306.07889039724466
803	-308.8886056967479
804	-302.94806958318117
805	-308.60781562095275
806	-305.2195495124015
807	-306.15625324500934
808	-305.6355497509844
809	-308.1832758208842
810	-306.4621376541957
811	-307.28441345797717
812	-306.28210808794404
813	-309.65852355937
814	-303.9769120343724
815	-310.7646036109642
816	-303.7212058897448
817	-303.71248185008494
818	-308.97498258938447
819	-308.00734471658666
820	-309.5786305727005
821	-307.0848486977404
822	-309.4500971893585
823	-313.5367030524378
824	-310.94807329351596
825	-304.4822328178574
826	-311.0990291907932
827	-308.1384267701104
828	-307.25501427431635
829	-306.9144230260131
830	-302.6233885674441
831	-305.49222703651736
832	-305.3263894550667
833	-303.42900423269344
834	-302.37680561426555
835	-312.3338663400391
836	-309.086076636521
837	-300.81626749963027
838	-305.3877966599701
839	-303.4324739070214
840	-307.3253118006612
841	-308.32886408098085
842	-304.5925046003164
843	-308.87501455153097
844	-312.7113603095369
845	-306.39506919570056
846	-306.0040966868651
847	-307.743687854345
848	-307.4651707152549
849	-302.10853964221315
850	-312.37934359164893
851	-308.6168448739234
852	-306.6169637205377
853	-305.831151673766
854	-306.64977163524225
855	-309.5873763290076
856	-306.9435602594528
857	-308.2087539648561
858	-312.11239924872444
859	-311.1086573455758
860	-305.60364502186707
861	-300.4521272503357
862	-313.6316824902688
863	-304.00507280654375
864	-308.06778870934517
865	-306.2765425210905
866	-310.7020662606719
867	-308.9320253272723
868	-306.2266350236044
869	-307.57641004093307
870	-308.7325265450359
871	-300.32196382432915
872	-305.99872546881386
873	-308.92785061550535
874	-310.0235337453351
875	-308.3161454035172
876	-310.0103196088524
877	-309.1503764691818
878	-304.4744578983907
879	-302.621020536025
880	-311.066020140667
881	-313.1770887005941
882	-307.40420037898
883	-305.45078623096566
884	-309.3115220216129
885	-301.37005908375994
886	-312.9354616291741
887	-311.1667162418169
888	-308.1342625170438
889	-306.2219309015077
890	-300.6412697637555
891	-305.2694014538168
892	-306.63044927527784
893	-303.9949683520482
894	-302.67842252926187
895	-300.8153774205848
896	-300.2776378035174
897	-298.7189250975783
898	-303.6954147219391
899	-306.9395537435987
900	-300.01363335194736
901	-309.3722808993241
902	-305.65407005146227
903	-303.76686994416764
904	-310.8347862075564
905	-305.08066584431185
906	-300.4700281540483
907	-299.4836843753354
908	-302.0412530166078
909	-304.6375824949512
910	-303.471177308981
911	-305.7323934784344
912	-309.1004798538245
913	-305.2544335146145
914	-308.7352558198907
915	-308.4425041125713
916	-305.21985825334616
917	-304.905986756832
918	-307.3888472727953
919	-299.98323285262563
920	-307.544156415759
921	-303.86438245523436
922	-304.4537493849191
923	-301.59869193235676
924	-303.91025915221246
925	-304.7281053044681
926	-306.5477880559734
927	-306.93723337276055
928	-303.60389876597776
929	-301.3816469430922
930	-301.99641110707836
931	-293.13481612718095
932	-301.5375878899047
933	-295.04240001376843
934	-304.0984239069348
935	-303.09604116859055
936	-294.4598481548619
937	-310.16040957297383
938	-309.4018157675623
939	-304.7177730829265
940	-303.8693083895721
941	-302.34901304938853
942	-302.2707298998595
943	-306.39336488498265
944	-299.01310728766435
945	-308.3881151593207
946	-300.6565792163599
947	-317.06054326451493
948	-309.3770769966101
949	-305.14262141883466
950	-306.5527799061651
951	-303.34803919614535
952	-311.98263464179064
953	-299.36791114263525
954	-303.2818217630183
955	-299.4230165478968
956	-297.5637746082436
957	-293.7996002695556
958	-302.9046000815
959	-302.18008041543777
960	-306.30092989948884
961	-288.5823037729434
962	-297.5661799881847
963	-298.3180556156067
964	-298.6501003284651
965	-308.4015471034454
966	-306.2435681114169
967	-309.74727552830126
968	-300.6593710852673
969	-303.509
970	-301.7183939763147
971	-308.06587449133593
972	-303.9748279148602
973	-302.4578107911165
974	-302.09318118826593
975	-304.09460001580396
976	-302.991512331542
977	-299.95581559835006
978	-303.6119463849216
979	-301.3081092076261
980	-301.4371610212273
981	-305.40512716610607
982	-305.41010041576743
983	-303.550513350347
984	-304.9552924531263
985	-307.8316609545155
986	-303.94167206363386
987	-306.1171095587279
988	-307.523861541871
989	-307.2902437334439
990	-311.36058796071916
991	-304.0465
992	-302.39374466528204
993	-295.97378760337494
994	-306.57354372805247
995	-302.1249641431668
996	-308.28470009008885
997	-307.41084214592803
998	-308.8902391499586
999	-305.7545333601174
1000	-310.07953262972234
1001	-300.8625150145275
1002	-304.71553095258696
1003	-302.33601831093256
1004	-306.8110319822402
1005	-306.4542830217882
1006	-302.89741566696597
1007	-304.693264981304
1008	-304.042413290988
1009	-306.163310072353
1010	-306.4748715334968
1011	-303.2869154075954
1012	-306.14447656117676
1013	-305.4334511298592
1014	-312.75843035655214
1015	-307.13694605316175
1016	-305.9592244446461
1017	-307.0092943501718
1018	-306.6346022631889
1019	-304.0711665962805
1020	-311.41761120326777
1021	-305.95906045847664
1022	-306.17751374163794
1023	-307.14472335189396
1024	-304.13002774278834
1025	-307.69702513338666
1026	-309.80403631311003
1027	-303.18304509397024
1028	-300.1835117003982
1029	-306.90164618461444
1030	-315.2990384420454
1031	-297.59796578470497
1032	-302.2956676099809
1033	-308.78295939181794
1034	-302.26241612548216
1035	-302.8555237929136
1036	-309.1353346974789
1037	-304.11469339661403
1038	-303.03091327109576
1039	-308.1009427940644
1040	-305.02197767393704
1041	-298.4175611191022
1042	-301.7597160684811
1043	-305.47723610736506
1044	-303.79408522759803
1045	-300.8016656637395
1046	-299.92421276200014
1047	-304.50018288281467
1048	-302.87854755873906
1049	-308.59011193622996
1050	-300.91323335109803
1051	-307.2233714450224
1052	-302.9777314195706
1053	-304.1001714500911
1054	-300.04474576318137
1055	-298.03946938962326
1056	-298.8025373070106
1057	-307.4473057009541
1058	-304.55260484620857
1059	-303.8430542579951
1060	-300.28838613883465
1061	-304.9742876169351
1062	-300.7658343139178
1063	-298.25022460894974
1064	-302.3283739680774
1065	-304.8345114485172
1066	-304.7887863385336
1067	-305.9307595868664
1068	-309.7917845891691
1069	-306.34260732191586
1070	-296.66339001694286
1071	-303.94588318745116
1072	-301.75167489022886
1073	-305.71297093303446
1074	-303.6166549016497
1075	-305.0864711910792
1076	-310.7498622175807
1077	-303.71103684352437
1078	-298.76179698705545
1079	-304.5974492957003
1080	-300.99217256433633
1081	-300.4924493607436
1082	-308.85314561010233
1083	-302.40686327780776
1084	-306.63112602385274
1085	-298.56321214851647
1086	-303.84147539647535
1087	-301.3907900047814
1088	-296.2625000000048
1089	-296.20707508843935
1090	-302.13400834014925
1091	-306.1082343625665
1092	-305.07903939160394
1093	-306.77333409504575
1094	-300.9352580961191
1095	-301.9229307626736
1096	-304.8649042234165
1097	-302.4499059857681
1098	-303.5971012426873
1099	-303.7888935220994
1100	-305.4296609866872
1101	-306.58879424546956
1102	-303.1146259421738
1103	-301.4461277423228
1104	-305.33098488861117
1105	-300.88790129065234
1106	-300.94084960403495
1107	-303.0361267099117
1108	-301.7857265518092
1109	-299.56990442148293
1110	-301.85210290005733
1111	-300.8566774791098
1112	-302.14382688956493
1113	-308.49496475901265
1114	-304.2051549060584
1115	-304.0964491142816
1116	-305.7404243585714
1117	-303.0095109097014
1118	-299.8364145082873
1119	-298.2810723912138
1120	-302.29471258471733
1121	-295.92134144534907
1122	-300.55266350553796
1123	-304.7253416715238
1124	-304.18287781297926
1125	-297.76725237721297
1126	-308.4471404489532
1127	-300.20569491532115
1128	-302.4988625397856
1129	-302.4791777004124
1130	-304.1357204491052
1131	-295.4804918433063
1132	-306.7610293060585
1133	-301.06079795248667
1134	-307.57615115657626
1135	-300.6948125437372
1136	-306.02614445625323
1137	-302.6311902409689
1138	-305.88942975169147
1139	-305.14779248121465
1140	-301.3200861549967
1141	-304.6371000226595
1142	-312.28522967176826
1143	-304.54490000051663
1144	-302.4535587968482
1145	-300.0369
1146	-306.79381167383445
1147	-304.07828998515583
1148	-297.80967494989625
1149	-301.3289385926224
1150	-302.04109949219753
1151	-303.3951058402616
1152	-300.44418501875657
1153	-300.9324000113564
1154	-301.4657660589036
1155	-297.1459000003115
1156	-306.1874661736177
1157	-300.2546527699007
1158	-303.8211153751148
1159	-301.23768608051336
1160	-296.55725670242265
1161	-301.1506870979239
1162	-303.1264091646844
1163	-300.9858997193355
1164	-306.4918862333445
1165	-299.7189933516733
1166	-305.77726503474156
1167	-302.03392484809484
1168	-304.24177402543756
1169	-308.48996123006094
1170	-300.7056838246461
1171	-298.91348140906587
1172	-305.75993825447847
1173	-304.3045151979572
1174	-301.5388184393198
1175	-299.83002485929063
1176	-301.4109282978709
1177	-300.5478046969092
1178	-298.0495831129282
1179	-307.8669561806832
1180	-304.3001811989068
1181	-303.5801820631254
1182	-304.0536088141002
1183	-300.268787414249
1184	-301.8117295193527
1185	-302.562640614203
1186	-295.3105
1187	-303.09271269518985
1188	-306.1942264254043
1189	-301.15136680528735
1190	-300.3076603170749
1191	-307.8224084629645
1192	-299.51482000949085
1193	-302.70528216184584
1194	-300.1096810048708
1195	-304.1348328767799
1196	-309.525223180279
1197	-306.45426184868415
1198	-296.2056326157618
1199	-307.19382805832157
1200	-299.2171429644531
1201	-307.42830011375673
1202	-306.2493930760053
1203	-297.20133259658974
1204	-296.1504000000765
1205	-301.50972199886047
1206	-306.73362364778967
1207	-306.7199312861714
1208	-300.2687091398915
1209	-301.3073315505067
1210	-304.2598450582841
1211	-302.57632760986115
1212	-301.16398474387375
1213	-301.3049090174472
1214	-303.42782028552887
1215	-310.1762900115724
1216	-310.3607454398913
1217	-301.1359761124475
1218	-295.9984807002323
1219	-306.25332085032846
1220	-296.89924250200903
1221	-304.7132436402466
1222	-301.8040242018621
1223	-300.9867367550182
1224	-304.4731927526577
1225	-305.4094477026334
1226	-306.5609385499441
1227	-300.93726356096766
1228	-302.4239016632336
1229	-305.51096200582896
1230	-306.56684535472533
1231	-302.41217306392036
1232	-304.30367543985335
1233	-302.89149704821745
1234	-302.12983605096224
1235	-290.0952034598737
1236	-303.61866478978885
1237	-305.5162234980506
1238	-301.3383152488579
1239	-306.7750277970114
1240	-307.56270431392824
1241	-303.638300031516
1242	-298.4859442132158
1243	-302.64108101853645
1244	-302.5537982327152
1245	-303.2454082015167
1246	-299.28409835920627
1247	-304.0926739037497
1248	-309.1668528487629
1249	-304.7284218128008
1250	-302.53738464475873
1251	-303.0701450557938
1252	-301.94324538718774
1253	-305.0223867176183
1254	-302.27726095484724
1255	-308.81835634945395
1256	-299.7266232549928
1257	-302.93461872071896
1258	-308.5981612707017
1259	-308.41691536112205
1260	-303.04994449987635
1261	-307.9455844188872
1262	-300.56309262667776
1263	-305.01664389680735
1264	-306.13249551865766
1265	-304.28857101297814
1266	-301.65101273781386
1267	-303.1756308623604
1268	-300.0183922612244
1269	-304.8895719692859
1270	-297.07785795887116
1271	-300.5920634412726
1272	-304.3794260459781
1273	-307.9558187110704
1274	-304.2666493443947
1275	-302.4876339699104
1276	-304.32000936576
1277	-304.82061851018716
1278	-305.3144120767418
1279	-306.77030642987467
1280	-304.7750656688009
1281	-307.18245160438096
1282	-302.0863464082058
1283	-305.11842609046346
1284	-304.96401654331333
1285	-302.27748482916195
1286	-308.589300000139
1287	-303.40806512828516
1288	-309.0833264818141
1289	-305.90490819454016
1290	-302.42754401947025
1291	-311.1759242925601
1292	-307.0179077041877
1293	-303.54036370729733
1294	-303.26595133457766
1295	-306.7380395714729
1296	-304.35611329870324
1297	-301.084631153397
1298	-306.4247997592742
1299	-302.35571773912096
1300	-301.1515848224173
1301	-301.84301094725583
1302	-308.39433721091984
1303	-301.62951292452084
1304	-300.57396621030927
1305	-301.4855438858313
1306	-302.6462070887601
1307	-304.66945513215006
1308	-297.53377101453844
1309	-302.11069933530814
1310	-300.6649457349285
1311	-304.3052644735043
1312	-303.7689146644871
1313	-301.3981793670823
1314	-299.18715733007093
1315	-299.6134903013562
1316	-301.28050113777715
1317	-306.6429134709534
1318	-301.69294605333744
1319	-307.75754026812035
1320	-300.63017654509645
1321	-310.65390029395536
1322	-301.2530682721068
1323	-307.1043747452151
1324	-302.16401996503413
1325	-307.00224319942765
1326	-303.3656367014325
1327	-306.91593711603053
1328	-288.36210770498457
1329	-305.4875710500074
1330	-303.2670048519765
1331	-305.74800003190916
1332	-306.8716490231489
1333	-307.06004516617327
1334	-304.20055543422524
1335	-307.08982614904363
1336	-307.44620582589476
1337	-310.2384670618356
1338	-305.2612626113683
1339	-307.0653254204264
1340	-306.1389992667401
1341	-307.28033998802204
1342	-303.83929514910113
1343	-303.8656347925065
1344	-309.12649915344053
1345	-301.32192697096997
1346	-310.2107583081313
1347	-305.5563540509945
1348	-305.79753038026416
1349	-307.49746437113896
1350	-305.1565903447111
1351	-305.25123244406313
1352	-305.98800804998655
1353	-305.0634924260165
1354	-296.66068169498317
1355	-301.9974096636263
1356	-301.8415384376466
1357	-301.66803260087306
1358	-298.49848834643905
1359	-300.7924543240836
1360	-301.9870350535365
1361	-305.41486664341807
1362	-303.4118729766323
1363	-303.37292141110294
1364	-302.7424972272875
1365	-305.9509094433345
1366	-303.06827764461144
1367	-303.53854015101194
1368	-303.9919063018646
1369	-300.2010773117812
1370	-307.4449770011081
1371	-301.93996237054955
1372	-308.00237765605266
1373	-304.44274149335433
1374	-302.19636075967696
1375	-304.9802004194218
1376	-304.17135363887917
1377	-302.6237604666594
1378	-307.93422641447313
1379	-303.25774426465705
1380	-307.8034849124707
1381	-311.20840898147435
1382	-305.9108134399628
1383	-306.69596607964127
1384	-297.1269068810192
1385	-306.0760707949584
1386	-305.7125320474263
1387	-304.46536985574664
1388	-299.1049518262765
1389	-304.5829693327505
1390	-306.2934939222812
1391	-307.27836125814673
1392	-302.60044032683294
1393	-304.1770890810684
1394	-305.57421601379593
1395	-295.2209155744159
1396	-300.7591843933621
1397	-308.6558151152994
1398	-297.865045800546
1399	-305.7709698658377
1400	-305.7050118355648
1401	-305.11673843382846
1402	-301.56512724489914
1403	-302.87220085442436
1404	-295.54566249567165
1405	-305.71322934347006
1406	-309.0176514270938
1407	-308.89020587974414
1408	-297.33987140063994
1409	-302.2536730040169
1410	-293.99250739206
1411	-303.7540718133768
1412	-304.1694468257555
1413	-300.7179814968907
1414	-301.9866822761416
1415	-306.0214918966193
1416	-303.4575
1417	-305.0757704755526
1418	-303.7755574084761
1419	-297.5483544869698
1420	-303.6366972484271
1421	-298.1122505277391
1422	-301.84870699356554
1423	-307.40089229520567
1424	-303.9054465355916
1425	-296.41732834038714
1426	-307.59832295149704
1427	-299.2068488027226
1428	-303.63004141785143
1429	-301.49124096881064
1430	-302.533628407967
1431	-301.6652209718749
1432	-299.40161534509195
1433	-299.1326741796004
1434	-304.8065
1435	-304.02997820624455
1436	-309.45841194106345
1437	-302.0195757875686
1438	-304.41163591036616
1439	-299.67368787603596
1440	-302.4553078603501
1441	-302.64722661040565
1442	-302.5738747893823
1443	-308.8555079469026
1444	-306.24349993715146
1445	-307.82591800017116
1446	-305.35084085489336
1447	-305.477046590095
1448	-303.2702079090863
1449	-305.1082813645057
1450	-308.50636245934555
1451	-307.80501135567715
1452	-300.39614340904933
1453	-301.09576800441596
1454	-306.12361954662225
1455	-293.1497950259722
1456	-302.70749283451926
1457	-297.4364927294531
1458	-306.37008591604575
1459	-300.7220417147981
1460	-306.7861245728479
1461	-307.1896144372531
1462	-307.2443920517106
1463	-295.5156908177557
1464	-303.922217177065
1465	-301.1897071957299
1466	-298.41340588608625
1467	-297.9667197182442
1468	-304.7126738578203
1469	-302.3183853742745
1470	-300.4457486841526
1471	-304.4343453365472
1472	-296.22290175957596
1473	-295.6587709038502
1474	-302.7946091610448
1475	-305.9099040114443
1476	-309.1556756475083
1477	-299.11913954944833
1478	-299.2187746909388
1479	-306.0176181787217
1480	-305.17320824150346
1481	-299.3070045135346
1482	-308.19990960558073
1483	-307.4415016244551
1484	-300.24745863750724
1485	-299.92579151716325
1486	-303.8871475268338
1487	-304.5261916279181
1488	-298.9335122871727
1489	-300.2179998091651
1490	-297.5889826481448
1491	-303.82320085287336
1492	-301.23366741970756
1493	-304.9013340180022
1494	-307.11865560498705
1495	-307.25675962859265
1496	-300.2252498961775
1497	-304.28222039004265
1498	-306.3727682513179
1499	-302.0903570936429
1500	-306.66831815966384
1501	-307.10835994557374
1502	-304.35885937777084
1503	-306.2105942001801
1504	-303.7748082476607
1505	-305.79421207998706
1506	-301.73398969437545
1507	-300.10672435528784
1508	-301.6005105181149
1509	-299.2542057165569
1510	-302.01893080093237
1511	-298.8179762559091
1512	-305.997366317428
1513	-305.22239580286106
1514	-301.4860354699981
1515	-305.5449964838521
1516	-305.2914605663473
1517	-305.2228853778634
1518	-305.7280684867544
1519	-300.438452979785
1520	-304.3209584321186
1521	-300.97192234445424
1522	-303.6556747089541
1523	-305.41032058672215
1524	-301.62246864421064
1525	-307.3668778798695
1526	-305.1019712455872
1527	-302.691632441951
1528	-304.9557116484471
1529	-304.2172570505578
1530	-305.7375692089536
1531	-303.52011430289576
1532	-307.2824691436943
1533	-305.79143064346016
1534	-305.33208189793254
1535	-300.21430002404253
1536	-302.9926512750666
1537	-300.79308361711617
1538	-301.910866958092
1539	-302.16665846768757
1540	-302.2877002202641
1541	-306.6773880904237
1542	-309.15874888885213
1543	-308.1002797155995
1544	-304.49857590958794
1545	-305.42454313431597
1546	-309.17207896516044
1547	-301.04729980799556
1548	-306.9809813754206
1549	-305.7457189830902
1550	-302.4590479897199
1551	-308.55832601428335
1552	-308.5770746538221
1553	-310.99423817791427
1554	-309.9674753085315
1555	-306.8105432401308
1556	-299.1569197238109
1557	-307.7735412851521
1558	-306.72437904505927
1559	-308.20090989572145
1560	-300.5813177924182
1561	-306.50604246344784
1562	-304.4452595322721
1563	-305.0383023213135
1564	-304.96473904144636
1565	-307.37070056297506
1566	-304.7399018228191
1567	-309.6590223048642
1568	-306.6986686026336
1569	-301.6585061086629
1570	-307.7663294293897
1571	-305.4469838095069
1572	-305.1930206594555
1573	-305.7870708058607
1574	-310.51233884856674
1575	-309.8474107065456
1576	-302.7496519043921
1577	-308.9803883477656
1578	-304.7767504871796
1579	-310.47906836933737
1580	-309.81348989575014
1581	-309.386209375669
1582	-311.017656528909
1583	-313.4209956797777
1584	-306.7845790608152
1585	-307.082490004243
1586	-311.5508906254505
1587	-300.7979459561611
1588	-301.4461500871731
1589	-304.12674104651273
1590	-304.3120741239335
1591	-313.6677068688446
1592	-308.6253436541283
1593	-306.58002943974697
1594	-311.2716738940608
1595	-298.9264114404555
1596	-303.0052703711616
1597	-308.0522845206201
1598	-305.4184117341911
1599	-303.41947383264153
1600	-308.3422388124421
1601	-304.94081481147595
1602	-304.28812182061165
1603	-302.74553103912325
1604	-300.6589051809639
1605	-309.17795938385916
1606	-304.2949271428808
1607	-305.50136858748715
1608	-309.07685427315334
1609	-302.78917748684154
1610	-302.265912162848
1611	-301.73787739694967
1612	-300.850800021995
1613	-309.65608238542995
1614	-297.98567753021894
1615	-310.8053346597936
1616	-305.5359355070078
1617	-300.9503077383109
1618	-310.47956244099777
1619	-303.4608178878038
1620	-305.00685876672594
1621	-298.80320613683654
1622	-301.10780417622846
1623	-300.0571000836994
1624	-299.6863753782863
1625	-303.77755830322167
1626	-304.952092708206
1627	-295.97455274341905
1628	-308.64820331968394
1629	-299.33740028954685
1630	-311.2698231481895
1631	-304.1452657064909
1632	-307.22660025332544
1633	-297.6903700911965
1634	-305.08931913422725
1635	-307.2374198119091
1636	-310.197945686314
1637	-303.4648309043515
1638	-307.617626510097
1639	-306.9566711319846
1640	-301.5976793808049
1641	-302.6897174580996
1642	-311.58756269259953
1643	-296.4469
1644	-301.2297742830828
1645	-308.31279440904234
1646	-296.4786175036635
1647	-299.96202429728874
1648	-302.5581925904939
1649	-303.4962026966381
1650	-305.5981952470942
1651	-311.7163029346569
1652	-302.93658184689076
1653	-303.67516813080744
1654	-296.8223008143901
1655	-301.7976804403968
1656	-301.8525025125592
1657	-291.9856853195485
1658	-299.2968735046594
1659	-305.6715589669988
1660	-302.03824783885415
1661	-305.21545500824345
1662	-302.46942306222485
1663	-290.2836629384317
1664	-297.584400030657
1665	-297.9263776567311
1666	-296.69610416380095
1667	-306.480375341238
1668	-301.9234165122862
1669	-301.5285091020753
1670	-303.30425055088875
1671	-305.4510558039637
1672	-306.2241791018957
1673	-307.36460245127853
1674	-302.8870495997285
1675	-304.48454640201857
1676	-310.5361185869295
1677	-303.25338502165704
1678	-308.54245895563304
1679	-309.04365805647404
1680	-297.24970670337854
1681	-305.329391002283
1682	-304.781321228655
1683	-304.94023439999086
1684	-310.0745371609501
1685	-306.6684938805977
1686	-301.2673712423027
1687	-303.82749408231734
1688	-303.91120615345176
1689	-308.29032768811425
1690	-309.3041270745234
1691	-307.402047617813
1692	-308.08016556729433
1693	-311.4016672172445
1694	-303.49793372446806
1695	-305.0286885678552
1696	-305.0813964915681
1697	-305.5279260676149
1698	-310.48237230744627
1699	-314.0678366105238
1700	-305.2741480552868
1701	-307.0105495473005
1702	-303.8774797704058
1703	-304.95792731228147
1704	-307.2796430888304
1705	-309.25364805380605
1706	-304.4872709717393
1707	-308.0983715917111
1708	-301.9381837952038
1709	-304.9315399429566
1710	-299.65154941809635
1711	-307.21357520358936
1712	-309.4958337557963
1713	-309.66578117452195
1714	-306.1505648908691
1715	-308.2113499165353
1716	-305.9806641914201
1717	-304.2864061036056
1718	-303.5083768670566
1719	-305.2072870790028
1720	-308.74424199905764
1721	-304.76592578159614
1722	-306.17385695692127
1723	-306.1693379568285
1724	-301.4281167049881
1725	-305.04679550167526
1726	-307.51181136104407
1727	-311.8829739579354
1728	-307.9056197658646
1729	-311.0084519397299
1730	-311.57941632787595
1731	-302.724459506855
1732	-305.7836935088872
1733	-302.18943589419746
1734	-309.93613841746287
1735	-303.99437659420875
1736	-309.223478912528
1737	-308.3613962841985
1738	-303.99032326565606
1739	-301.6475454192293
1740	-304.7194063974162
1741	-305.327672089052
1742	-307.67569080404826
1743	-308.5140674345816
1744	-306.7658373257562
1745	-305.3873568391057
1746	-311.2959475720478
1747	-301.72533500984713
1748	-296.18856795331527
1749	-305.9173643972825
1750	-306.8101628528745
1751	-299.37892774279976
1752	-306.3978585217225
1753	-300.2942015076106
1754	-309.01131323365223
1755	-306.0017445310268
1756	-305.7428756563641
1757	-310.26654036402675
1758	-302.4308218196585
1759	-308.6598841710551
1760	-308.48836717873024
1761	-307.7208616268782
1762	-305.9301268513245
1763	-306.3376346417181
1764	-312.48292633573504
1765	-309.4821452109021
1766	-308.31441690980853
1767	-309.9188776768417
1768	-299.95358449184715
1769	-300.2679655364857
1770	-299.9868326204107
1771	-303.03157517106087
1772	-305.6206535939556
1773	-301.5423608934215
1774	-310.5825614582299
1775	-305.5165356976122
1776	-308.61269395880095
1777	-304.7708813185129
1778	-305.59964979896984
1779	-309.60781547509293
1780	-307.0721447980775
1781	-313.3194441309142
1782	-307.1379719641512
1783	-307.2161079439129
1784	-313.3317515191944
1785	-308.6962369119546
1786	-306.7825576083029
1787	-302.7739731765078
1788	-306.9237472729824
1789	-307.5068217446706
1790	-300.5949660447021
1791	-301.03709572317905
1792	-307.7733730505725
1793	-309.95168077993713
1794	-302.8194991182206
1795	-307.9399593609968
1796	-309.7731405857822
1797	-306.91227975388597
1798	-307.2454357960526
1799	-304.9535055828769
1800	-306.5470276034627
1801	-314.63291738546417
1802	-304.5915091613154
1803	-302.51123814609207
1804	-307.72821811332136
1805	-309.1084393570957
1806	-299.8424108122273
1807	-313.0251366697015
1808	-307.3289518918706
1809	-302.79872632372144
1810	-305.89121097506046
1811	-311.2536722415667
1812	-300.7949486913435
1813	-304.4898353819775
1814	-300.3785164417126
1815	-300.2084895512185
1816	-302.07477175014685
1817	-302.9679533550362
1818	-308.9214422429305
1819	-311.378261506977
1820	-304.7061178300695
1821	-308.61060591563506
1822	-311.6575689822973
1823	-303.5785810569631
1824	-305.0593938045098
1825	-297.257675905164
1826	-306.679901674116
1827	-305.10682467182875
1828	-303.9910569594811
1829	-313.3535984586312
1830	-307.59055830205824
1831	-303.16175624143733
1832	-301.5519462951868
1833	-304.321736832117
1834	-306.68339768207244
1835	-309.9442033099694
1836	-306.1962113733494
1837	-304.99169530237424
1838	-302.66051328477056
1839	-309.9680999628056
1840	-302.0121200697909
1841	-307.24319252127464
1842	-305.58796120741323
1843	-307.3212176308846
1844	-307.7590244359965
1845	-301.06315974896364
1846	-302.2258609988291
1847	-304.86235255793906
1848	-294.27029693134915
1849	-304.39123408901185
1850	-298.6713396298412
1851	-309.57597062919467
1852	-301.55641021318996
1853	-304.61027793495964
1854	-307.70353450135184
1855	-303.41114213420053
1856	-304.73555426971615
1857	-308.4724838315051
1858	-303.85546128413245
1859	-309.5752516307188
1860	-305.7287365937418
1861	-306.43470980338884
1862	-298.75318887325034
1863	-297.90609106454036
1864	-306.7496704830572
1865	-301.46011659252446
1866	-304.5523390365585
1867	-297.0702790303775
1868	-299.37148532986765
1869	-304.75853555048883
1870	-302.81737911674793
1871	-307.04296282481766
1872	-308.10679168723715
1873	-304.7347597309856
1874	-303.33238833234714
1875	-299.7104511074856
1876	-302.6629747718023
1877	-308.14006009411406
1878	-310.5725717570268
1879	-303.746073884276
1880	-303.24635649396606
1881	-309.158921006485
1882	-305.41756501715366
1883	-300.78467270761814
1884	-307.9285777384674
1885	-308.5008726306291
1886	-302.12950737683605
1887	-310.8145093768493
1888	-301.83362332509233
1889	-305.7309878120852
1890	-308.37985400551855
1891	-311.13672067325945
1892	-297.59180091283577
1893	-300.23363711464185
1894	-302.332391246026
1895	-303.4566196469902
1896	-296.4128341899217
1897	-303.9033626993984
1898	-295.72163622964644
1899	-308.71007537168447
1900	-302.3253712187946
1901	-296.26699589907514
1902	-306.08935062792864
1903	-300.4189561563282
1904	-293.43405102021825
1905	-305.300751183494
1906	-301.9621537459369
1907	-308.9788164068962
1908	-311.5652143178965
1909	-306.3305246315396
1910	-308.03459253024647
1911	-308.9257676739978
1912	-306.39373373316266
1913	-304.4953974320349
1914	-307.36418438015323
1915	-302.95633384722515
1916	-305.80100704106013
1917	-307.5672534517445
1918	-306.6690517785316
1919	-306.1400508385743
1920	-311.2027826076918
1921	-309.22918479700087
1922	-307.1498600486953
1923	-307.3945903918486
1924	-307.40308782014813
1925	-313.4627766777613
1926	-307.85428134615074
1927	-305.171169972071
1928	-310.44171213340223
1929	-302.5373843878492
1930	-308.17323664351903
1931	-309.36101494854876
1932	-302.41832101691097
1933	-310.8188742434859
1934	-311.3690161357831
1935	-309.84042472567575
1936	-297.12034608282084
1937	-307.3784948567855
1938	-300.8280369694629
1939	-301.61139866219713
1940	-298.62415859121336
1941	-304.1166920857299
1942	-299.1057080286942
1943	-302.9859180249053
1944	-302.765797545466
1945	-303.1157094546717
1946	-310.6047944044083
1947	-303.8115513496046
1948	-305.32742063725897
1949	-303.42710028897346
1950	-300.28878334433097
1951	-302.74599432727723
1952	-309.2692325853372
1953	-307.9242468759306
1954	-308.0375924098964
1955	-310.9475131134946
1956	-300.9141211471494
1957	-308.021406973106
1958	-302.7254902253827
1959	-309.7111807872055
1960	-303.2244416995233
1961	-305.3585836210082
1962	-301.24172085916285
1963	-306.22187393446126
1964	-310.4817739296939
1965	-305.15580258008896
1966	-303.0465394836113
1967	-304.219869189459
1968	-305.86000495563445
1969	-304.96376479448116
1970	-305.2931292507793
1971	-300.1747567614809
1972	-309.764278540402
1973	-301.1025794563387
1974	-309.1936217763589
1975	-305.86529079487525
1976	-305.02085056720074
1977	-301.1741456088305
1978	-300.8832303530256
1979	-305.1523152395532
1980	-300.56275968127056
1981	-299.39304451543194
1982	-310.45275464844417
1983	-302.60143300617125
1984	-305.73745971906055
1985	-312.18734061230913
1986	-310.9536502139647
1987	-309.7076406091303
1988	-308.1225683228613
1989	-304.8535421349979
1990	-299.58951895380955
1991	-306.205160094488
1992	-305.2401777223467
1993	-307.29209225231716
1994	-305.2721649170942
1995	-299.97056122427176
1996	-311.6537726746738
1997	-305.0484361171658
1998	-302.34368000758735
1999	-312.6656872935361
2000	-309.0148787264339
2001	-305.0430110770957
2002	-311.7917085498189
2003	-308.8366521183282
2004	-303.7396245829033
2005	-304.06939546543737
2006	-311.0376543916104
2007	-307.01839005587385
2008	-307.73217837233545
2009	-304.5705165292669
2010	-310.0834318710355
2011	-307.5056911723027
2012	-305.39134741857134
2013	-302.2953143871222
2014	-298.78516462891037
2015	-305.67469534469524
2016	-306.773338445448
2017	-307.0609986976264
2018	-299.62052101004434
2019	-311.95824868322063
2020	-302.1614
2021	-311.18046882744153
2022	-303.5433192657505
2023	-307.1918339152365
2024	-299.6479300781329
2025	-303.83189390961235
2026	-296.95711429345704
2027	-299.25154664801573
2028	-305.66056826464154
2029	-312.0510742626237
2030	-303.560274717479
2031	-302.06407138743236
2032	-307.76382910800396
2033	-304.7061229407238
2034	-300.9791917249477
2035	-310.8081623961147
2036	-297.21149095066227
2037	-302.3034967356196
2038	-303.707895709466
2039	-304.51196145737055
2040	-297.68635376138724
2041	-298.7020553739674
2042	-297.38888061304954
2043	-304.1856980024126
2044	-296.3361145247722
2045	-303.055513025938
2046	-305.0818259985675
2047	-296.9381012947311
2048	-303.80109014037737
2049	-305.8821509690797
2050	-295.45576745245603
2051	-305.4424576550685
2052	-299.8077779791329
2053	-305.59893415480155
2054	-306.3603496039176
2055	-303.9691354263915
2056	-308.3090235285422
2057	-303.6762952659855
2058	-303.4685505807384
2059	-302.4969671273324
2060	-302.708304264937
2061	-305.99158988774485
2062	-305.13272555977005
2063	-304.0132573877385
2064	-296.20367770521193
2065	-304.31732066589683
2066	-303.1434356884471
2067	-304.3797778204334
2068	-302.92645881252827
2069	-307.52665708266795
2070	-301.79097740180833
2071	-301.3666691719946
2072	-307.7234160591778
2073	-301.3888479729731
2074	-297.3991387963811
2075	-297.8859160526161
2076	-299.8340823750724
2077	-301.5192844124827
2078	-302.8980495948735
2079	-298.05505662687364
2080	-299.8844
2081	-304.3346871961208
2082	-298.09785901780623
2083	-300.8948861106175
2084	-299.51878467469055
2085	-300.4357588331251
2086	-307.79432446582933
2087	-304.8885210579136
2088	-309.46392552043045
2089	-309.70842555195395
2090	-302.14450578121335
2091	-302.12271469237925
2092	-304.136739470346
2093	-300.8115443893972
2094	-306.24944476194514
2095	-304.02461504883286
2096	-306.48395546062176
2097	-302.9765454998837
2098	-304.71943569480374
2099	-300.80439537229734
2100	-306.5391899645329
2101	-300.1039843475466
2102	-299.2650810325392
2103	-304.53687683582774
2104	-308.22717943072445
2105	-300.68136501938386
2106	-303.2850267984341
2107	-294.3219611877495
2108	-304.09179581358734
2109	-300.9952889758074
2110	-297.83763491353153
2111	-307.33765397300095
2112	-296.58115772636694
2113	-303.30690392114406
2114	-307.3463742068095
2115	-305.99146647029016
2116	-302.1616761109307
2117	-305.81745321502103
2118	-300.78555832150266
2119	-307.1989541608181
2120	-302.8341117106693
2121	-307.05280542497115
2122	-309.0165440810124
2123	-303.543964569365
2124	-306.1494773677141
2125	-301.5485207859377
2126	-307.5329371494578
2127	-309.9302250342822
2128	-300.01756965172325
2129	-302.34589769319047
2130	-308.55449147090013
2131	-309.58266812504763
2132	-310.0875539838738
2133	-306.451007732148
2134	-309.9977444746198
2135	-311.02994769464533
2136	-310.6346392314797
2137	-305.6750686456506
2138	-307.99388382679723
2139	-304.4672041133804
2140	-307.37969610385414
2141	-300.8535343958282
2142	-305.4375022726938
2143	-305.22386701153795
2144	-305.5906961344573
2145	-305.6337193346846
2146	-312.2170365485339
2147	-303.29482350930846
2148	-306.2864731171275
2149	-309.55279555800047
2150	-309.00995913483075
2151	-308.2835852864058
2152	-299.2745995794045
2153	-302.9600236835697
2154	-308.92950036719265
2155	-304.35880513865555
2156	-305.0690560356765
2157	-302.2467393570768
2158	-297.9384012598692
2159	-305.2716972880325
2160	-299.27493240145895
2161	-299.3996422371091
2162	-300.24925254768704
2163	-303.9800153674221
2164	-294.0503
2165	-296.1783471433334
2166	-299.56201622729714
2167	-303.4104468365088
2168	-306.2206151805057
2169	-305.4501062808108
2170	-302.6704319925124
2171	-303.8023050314222
2172	-303.77871545478683
2173	-299.8932
2174	-293.46170000000006
2175	-305.24116341182815
2176	-300.1272000000001
2177	-302.1564599075907
2178	-299.8659375001792
2179	-306.0971975184358
2180	-304.7233933840559
2181	-300.715744563468
2182	-303.33779524592995
2183	-299.839439431873
2184	-302.3118692190614
2185	-302.8007541949008
2186	-303.8358
2187	-302.3536605623259
2188	-303.7411619730515
2189	-304.1755773223472
2190	-305.00883153399553
2191	-307.5220666582099
2192	-303.45899054657036
2193	-308.64646360139295
2194	-303.81517635891095
2195	-306.0216834314149
2196	-307.28435852859013
2197	-303.6945798238583
2198	-305.7091728650052
2199	-305.2773351031275
2200	-304.19258698523146
2201	-301.3743596437662
2202	-307.3160364215854
2203	-308.3346867419539
2204	-302.3180042260745
2205	-301.0979633731627
2206	-306.35572113855886
2207	-303.49244091786073
2208	-309.7191583138555
2209	-304.29641229993666
2210	-311.6253788805779
2211	-310.6999843251653
2212	-307.1844
2213	-301.95435065196597
2214	-303.67803694129634
2215	-303.50252428797586
2216	-307.84430672986593
2217	-307.5682872057282
2218	-306.5787749549256
2219	-303.1365473600509
2220	-309.96992908664123
2221	-309.75623905102606
2222	-305.8496870895637
2223	-301.55544390849167
2224	-307.24164274490437
2225	-292.1971198294435
2226	-300.7446345105782
2227	-304.42673730083834
2228	-303.61301047113596
2229	-301.7610233620456
2230	-303.84272342054464
2231	-301.49862114832393
2232	-302.06643925187785
2233	-307.16477199701444
2234	-301.1610432365152
2235	-305.4883687648577
2236	-303.30298727155593
2237	-304.6260489335964
2238	-305.83348755713956
2239	-303.6288153614353
2240	-307.1531112967629
2241	-298.99834162655947
2242	-308.83348406123497
2243	-304.60820449740066
2244	-303.024661647562
2245	-308.91315506574324
2246	-303.9562774511658
2247	-302.67527079684487
2248	-302.3523597869288
2249	-300.1840122500122
2250	-306.40986117353015
2251	-301.9118380957693
2252	-296.09104333673656
2253	-308.71274637054745
2254	-302.97772981270964
2255	-305.22067761901064
2256	-304.4442150307813
2257	-308.47338526205664
2258	-301.4000507939836
2259	-306.58653400979665
2260	-300.0897519195445
2261	-303.742202612159
2262	-306.990136094109
2263	-304.34010055337427
2264	-305.4647197940899
2265	-301.183988549635
2266	-305.41645465078307
2267	-305.94265844999177
2268	-305.0364196464321
2269	-303.84390762025123
2270	-303.70076130960655
2271	-307.71991083744797
2272	-307.1200358641293
2273	-306.51582106658566
2274	-309.59878624932094
2275	-308.6439763605409
2276	-305.2708305193053
2277	-313.77913044216865
2278	-306.43794769171154
2279	-313.61614034621556
2280	-306.1920905925457
2281	-309.22359241289763
2282	-311.2019980043159
2283	-304.9759916681448
2284	-306.58621489103086
2285	-311.97823949470956
2286	-303.2362462426687
2287	-301.5185869446393
2288	-307.62184477219046
2289	-308.74788342712026
2290	-300.42957106018997
2291	-307.4781052780759
2292	-307.8177963108671
2293	-306.5483944681189
2294	-311.1899806104264
2295	-308.99917486501863
2296	-305.5513249010831
2297	-305.4779282778021
2298	-300.7075332491349
2299	-298.1931103569961
2300	-305.0380530292288
2301	-298.95736502337024
2302	-302.7267680329881
2303	-303.07023495872073
2304	-302.62440971446415
2305	-304.3719565620715
2306	-306.7087340920644
2307	-306.24113827986923
2308	-305.9568125788504
2309	-304.3728008021898
2310	-304.7373333013405
2311	-305.77469417294714
2312	-301.64516402565556
2313	-307.5985356359722
2314	-302.9730001422988
2315	-304.70959232437144
2316	-302.3613885937951
2317	-297.0232146265573
2318	-314.60538276113874
2319	-308.5475958398435
2320	-303.8679501817861
2321	-304.66435120949365
2322	-308.8642390026594
2323	-303.08883310409874
2324	-300.4219154218964
2325	-300.4834701691444
2326	-297.5631903749572
2327	-300.16342447618325
2328	-296.42641458461236
2329	-300.5545138574526
2330	-299.23497793630446
2331	-302.06837478367584
2332	-301.6889259727433
2333	-306.6267644794456
2334	-299.56122722504233
2335	-298.91871176703177
2336	-301.4133301442005
2337	-303.8528052028284
2338	-304.40669770333966
2339	-303.5956239423075
2340	-300.57208217525704
2341	-304.99263250599955
2342	-304.3649123220285
2343	-302.34786094426704
2344	-303.8386504323446
2345	-303.4011203278817
2346	-298.70341182067665
2347	-303.8213985882153
2348	-302.47988876608247
2349	-307.0051358954733
2350	-307.05226736866257
2351	-300.4285567097427
2352	-298.72506241812795
2353	-305.84974028677436
2354	-307.9099289730358
2355	-310.45448038172356
2356	-305.3934480696337
2357	-309.049334040883
2358	-306.52367600099046
2359	-307.12111767885705
2360	-305.9536347579554
2361	-300.3631697807013
2362	-306.8728058183555
2363	-305.328115912741
2364	-308.59921089056627
2365	-301.54306021600297
2366	-304.6578979000579
2367	-304.27717648630346
2368	-296.06998188927975
2369	-297.07990652443027
2370	-305.10887071647005
2371	-303.5040110877901
2372	-301.42156923373597
2373	-299.94421164099623
2374	-302.5214855307779
2375	-307.32162517457647
2376	-306.1540059799833
2377	-306.96080165364566
2378	-303.7961719026519
2379	-305.26220480464724
2380	-295.5174292894966
2381	-308.55431656937907
2382	-303.22937632814836
2383	-309.00212808187166
2384	-297.79438814507813
2385	-308.6552174044665
2386	-301.593317198518
2387	-304.45653369957193
2388	-305.13511180200175
2389	-301.8180706175928
2390	-298.95392450862414
2391	-302.80622448559006
2392	-304.13847447797616
2393	-303.89351854459153
2394	-306.13076104743146
2395	-304.5023650468052
2396	-304.65322312551405
2397	-311.7642778237593
2398	-299.62105394261886
2399	-303.0285689862121
2400	-306.2068093436217
2401	-304.5168
2402	-305.05005616205693
2403	-313.0490509593825
2404	-306.06171758910483
2405	-308.1300595429322
2406	-296.1774112309866
2407	-306.10061485250236
2408	-309.7992257047352
2409	-301.0494931782816
2410	-306.4258707197838
2411	-302.0816541023693
2412	-303.4967764349501
2413	-303.7346413861054
2414	-310.38013185785803
2415	-309.2152036365796
2416	-304.9256652159053
2417	-309.19444463357905
2418	-302.5587704896821
2419	-300.95324125421985
2420	-309.79021755974037
2421	-303.5366009763937
2422	-300.3749831412239
2423	-304.18390693014095
2424	-301.54720557152604
2425	-299.88212683649556
2426	-306.8759691365316
2427	-308.5143271378912
2428	-299.9200838823148
2429	-295.6797264436248
2430	-304.9617134815003
2431	-307.5096725101715
2432	-302.8261276003091
2433	-306.0599496502074
2434	-305.2396472021936
2435	-300.1698975058424
2436	-307.3729000831997
2437	-312.07219190319415
2438	-316.51628362447195
2439	-307.79810147045316
2440	-301.3985420984189
2441	-302.48405384950786
2442	-306.96922844273183
2443	-305.7279987851992
2444	-301.8147857300006
2445	-300.861710644442
2446	-307.8199125387322
2447	-300.8366589955025
2448	-308.81093304243416
2449	-306.4294762156481
2450	-307.85161586341616
2451	-306.91848655901975
2452	-306.34060777314613
2453	-305.08738985614696
2454	-309.85893443835084
2455	-306.4558918202316
2456	-308.16527607469243
2457	-310.539390629463
2458	-309.16424899207107
2459	-304.83992779719335
2460	-301.91948799724383
2461	-311.7307265137791
2462	-302.8815004247205
2463	-298.2009084781536
2464	-307.4735094566681
2465	-304.6041841864414
2466	-312.19441017094
2467	-312.0843684649703
2468	-303.6762806227343
2469	-304.75997648763
2470	-309.11076500183793
2471	-306.0404693564184
2472	-309.2959166265444
2473	-306.7607433431257
2474	-309.85180551594124
2475	-307.3442755791034
2476	-310.2185590106797
2477	-306.17050539405426
2478	-308.53275305335296
2479	-298.4205478812661
2480	-306.3379681408627
2481	-298.5850977203385
2482	-309.05201606580295
2483	-307.9694442904591
2484	-306.3332280746258
2485	-303.0599829595272
2486	-310.59004823891405
2487	-300.46418326010814
2488	-307.31810521569935
2489	-299.9515846166035
2490	-307.4998807990489
2491	-302.09921999291157
2492	-306.963003884309
2493	-299.5975212899752
2494	-304.0003309966157
2495	-309.0518399352671
2496	-309.40239146139277
2497	-311.2596901148161
2498	-309.4206129851771
2499	-305.83198053258616
2500	-303.73763812165333
