1	-297.88869478661286
2	-292.42711710143163
3	-294.7873010387966
4	-300.7184607039258
5	-301.5810263420348
6	-302.47325113999864
7	-306.1852787230108
8	-306.4394291218587
9	-304.12434955516693
10	-309.7779462672606
11	-291.73768877633154
12	-298.49628338689615
13	-304.07199828523966
14	-305.9559258462127
15	-301.85473558670253
16	-305.48693182323075
17	-299.238490250539
18	-305.1056719730957
19	-306.4602386133217
20	-305.2198000000001
21	-297.72730849343316
22	-300.4373286944739
23	-297.66011926184456
24	-303.793369402565
25	-305.9776059952557
26	-298.139955233489
27	-300.63042631634613
28	-302.442595996428
29	-299.2227908590204
30	-309.6156652449228
31	-300.6484199268819
32	-298.74076005467487
33	-300.99773266578416
34	-299.227980078619
35	-301.11439787370546
36	-302.6822583981421
37	-309.05132520134504
38	-308.29035062060353
39	-310.60115360773256
40	-308.8932104223628
41	-308.8734518610416
42	-307.1962418899468
43	-314.7331465163408
44	-305.5351624212622
45	-312.4728041687406
46	-311.0684005126759
47	-308.1416405856996
48	-303.49536684170283
49	-305.9032515881716
50	-302.14905968009384
51	-300.0789886144476
52	-305.6619871994651
53	-304.76548043727627
54	-305.69727703625006
55	-305.60460948931797
56	-309.5518094668386
57	-305.60834637053506
58	-300.3597539179504
59	-306.45998130266975
60	-302.0157960337833
61	-304.06011867708446
62	-296.7894139556985
63	-301.5820726308513
64	-300.2665237404059
65	-310.0970074405762
66	-304.4798999687304
67	-304.7820696381983
68	-298.9907336712403
69	-303.2537774646589
70	-299.70890823312914
71	-306.50524636881124
72	-304.6779339782804
73	-309.7241062359458
74	-309.80431716984367
75	-308.22122518657926
76	-298.7913093886067
77	-297.3639045272275
78	-301.66163079186384
79	-309.07912744306645
80	-307.12228346985245
81	-304.8409921685881
82	-300.14602011766027
83	-305.21592414698193
84	-310.9596790765079
85	-314.02853328671085
86	-308.0998410729494
87	-313.521026151079
88	-304.0262239059565
89	-304.8433770162933
90	-307.8857923273332
91	-303.24397289273554
92	-306.8191789283846
93	-308.74273675201397
94	-307.482474601467
95	-304.56743948874595
96	-308.03329592902975
97	-305.37934934535247
98	-306.48578247715983
99	-296.0854467931029
100	-298.0013042783733
101	-302.32828859951485
102	-301.96368495571414
103	-305.72126047857256
104	-307.43564381853366
105	-305.3172057628563
106	-299.34423546281647
107	-306.73560979627825
108	-302.609527993057
109	-303.83940267093493
110	-305.90402103521353
111	-300.21842166266794
112	-303.1591744563499
113	-307.91454099700195
114	-306.75060071405966
115	-308.50525252869323
116	-315.1116728656552
117	-309.4319978687367
118	-306.0906237567149
119	-310.5778468479987
120	-310.0502139964588
121	-312.19661387498763
122	-308.7590927414885
123	-312.87416372986735
124	-305.0883226789785
125	-310.6498242126867
126	-307.10842640044154
127	-304.58782272563735
128	-304.80479938966977
129	-301.3355693653687
130	-302.6104912764345
131	-311.1698759315031
132	-311.2224437828117
133	-309.47862126207343
134	-306.5301548744752
135	-308.2893285245744
136	-310.1046241898649
137	-306.260814989897
138	-305.7781525773898
139	-310.73133697427517
140	-303.4368701818669
141	-304.9028264646444
142	-305.6589074821724
143	-304.62877300326306
144	-305.7992808199895
145	-298.8753368338066
146	-306.8181299818957
147	-311.308488927557
148	-305.57545662914197
149	-303.3518430616464
150	-309.0057268293478
151	-307.55057565704897
152	-309.26693263061316
153	-308.88040945123043
154	-309.78630515953046
155	-305.323087890247
156	-302.0382092873704
157	-300.6020911887256
158	-307.2161378330408
159	-299.12012923990363
160	-307.49507436176464
161	-301.00720009840256
162	-303.5417982279107
163	-300.1407837509187
164	-311.55107428101326
165	-306.14348175803076
166	-303.3050316358451
167	-302.6893851702605
168	-307.13022785901325
169	-309.01587498557967
170	-301.06149671319133
171	-305.7470470479269
172	-297.97811294473246
173	-301.8606561828407
174	-305.8591747296899
175	-304.8550587032708
176	-307.59036221681816
177	-304.9388893310754
178	-306.69761180241494
179	-292.0575059249291
180	-306.5335582646778
181	-294.3840826625577
182	-300.3992824477598
183	-304.8959676219644
184	-301.7422869628379
185	-305.25872164547616
186	-310.25423896246684
187	-300.3167319222936
188	-308.1956066089233
189	-308.6931859611254
190	-310.2998622202839
191	-307.4257022868681
192	-305.78027210695524
193	-307.28330043247695
194	-307.71140361098156
195	-300.63525201684246
196	-306.40595943814753
197	-304.6149503729758
198	-304.893256372711
199	-308.12808649460555
200	-303.6290388924983
201	-299.5166521474008
202	-303.4643948683867
203	-305.73707884108103
204	-306.80606094989446
205	-308.18663757457364
206	-304.4643158179659
207	-303.8426953937484
208	-309.00576415741705
209	-302.6220771212634
210	-296.61226919697975
211	-310.9621188990987
212	-306.3187947869198
213	-305.9907979953857
214	-306.1993446632748
215	-310.0778013032691
216	-305.321027770429
217	-304.22091011107574
218	-309.1728446269885
219	-309.51633266105125
220	-305.840247819987
221	-306.38738345656816
222	-310.39881643381773
223	-310.4363293909978
224	-307.58018514955097
225	-305.9234984755229
226	-307.21603687704237
227	-307.7437310103513
228	-309.05553164739723
229	-311.9750774318449
230	-308.1583506090874
231	-311.2878087767394
232	-311.1429816731644
233	-305.1620340106471
234	-310.0220529103499
235	-303.35890892429205
236	-303.2746956942394
237	-302.46020468179137
238	-308.3811407585594
239	-307.99498628096075
240	-310.6069001582452
241	-308.40841625224056
242	-305.5283514062309
243	-302.80646716902874
244	-304.6467193139924
245	-309.3553726588537
246	-310.54408193866215
247	-309.1557370084343
248	-314.18297043654434
249	-298.8312244148517
250	-305.35401422428333
251	-304.54117201395763
252	-302.32705289423876
253	-308.0561744616221
254	-308.93879170443057
255	-311.24980646273644
256	-304.04367511380934
257	-305.7581105838995
258	-308.13000119454216
259	-304.1166197317003
260	-306.05609509669335
261	-305.4853132187894
262	-305.4502633497227
263	-306.3861393367976
264	-302.88467226986216
265	-313.56325620999957
266	-310.28428247565233
267	-306.26641569229776
268	-307.7773395968835
269	-306.38810908836973
270	-305.2955638689604
271	-307.2641237395524
272	-309.22515907498047
273	-308.84380286813933
274	-306.51613213577565
275	-304.5944548902269
276	-310.1325318703279
277	-306.9480280080188
278	-309.46234807222294
279	-305.36300943769265
280	-311.4609478573212
281	-303.56467006841666
282	-307.42640286258535
283	-308.8331343372641
284	-307.8263719912778
285	-306.09604631783697
286	-300.9210151117352
287	-304.8423016925525
288	-306.4375520880289
289	-306.7380864749426
290	-306.83120959815903
291	-308.48220962858994
292	-310.9192746651967
293	-305.72982984781663
294	-309.62635208522573
295	-306.67117286337003
296	-308.8408642875624
297	-310.4752001062138
298	-303.82567414137856
299	-305.62204021794764
300	-309.65884057293715
301	-303.35593668467845
302	-302.07237601136984
303	-302.0361053601314
304	-300.983668471273
305	-297.21890581049587
306	-309.2590621183398
307	-304.51299369037196
308	-305.1145249334911
309	-302.401891352141
310	-303.6693482036289
311	-301.3540245117069
312	-303.99779978412255
313	-300.8891745416027
314	-304.3358522256349
315	-311.11149350128176
316	-304.98522557229677
317	-307.8361375534931
318	-303.56478227821765
319	-307.8436721545151
320	-309.01755887788016
321	-307.7129697639923
322	-311.92665341826824
323	-303.7132249069194
324	-297.7804459074395
325	-306.8238589963358
326	-304.26627045316764
327	-305.00032896490745
328	-306.1978712462039
329	-311.6038785564313
330	-315.024277147998
331	-304.689591240763
332	-312.15218433414765
333	-310.5328059304755
334	-307.5664202142694
335	-306.8789378115085
336	-315.7248946651847
337	-310.2242890689272
338	-305.0086269781148
339	-305.0104705497295
340	-299.1114712552202
341	-311.1332162430163
342	-312.0723743233068
343	-308.32631267804857
344	-309.332853499835
345	-309.176128105553
346	-310.6107082718025
347	-303.15783605981386
348	-299.37610744918516
349	-299.9228361504959
350	-305.2490160640209
351	-309.59876508448855
352	-310.50867444913405
353	-304.3533330877648
354	-298.7214092173898
355	-309.3822425635802
356	-305.95134658324844
357	-305.1512696843691
358	-302.1049279666006
359	-300.580331379444
360	-304.5995533298775
361	-302.8068269589103
362	-302.07839366696095
363	-302.56950350590506
364	-306.7284922023158
365	-307.38922139806283
366	-303.84128030337337
367	-308.4299943593515
368	-310.7208437168094
369	-302.60354395161886
370	-296.3986944784416
371	-309.1891060351124
372	-305.31366291579604
373	-306.0143480893675
374	-302.1571088990984
375	-304.74970426451114
376	-301.42594339625
377	-304.5934809465207
378	-305.35971038984184
379	-301.4380411064514
380	-309.7580354245778
381	-305.36783918928165
382	-303.98193198429874
383	-304.95646871234777
384	-308.02159956981956
385	-307.5867249484449
386	-312.01045894182226
387	-307.76114896829904
388	-305.38162345238754
389	-298.68112366723295
390	-305.13348841233454
391	-306.2363672087792
392	-309.4672766830379
393	-307.6070552171444
394	-300.967199479339
395	-303.1413418075502
396	-307.8817696275963
397	-301.45902949629675
398	-299.87590287565195
399	-310.9865301749154
400	-310.861870401354
401	-309.5771177269315
402	-307.7705876032258
403	-306.88753586207923
404	-307.7602591449735
405	-306.5457936103115
406	-306.8871902360792
407	-312.75362281715394
408	-303.7899796849365
409	-308.11764875691296
410	-304.37104437315264
411	-301.31920576486124
412	-302.6565629908469
413	-302.1968624534551
414	-302.34049318292676
415	-306.4301496788835
416	-305.4937823596892
417	-307.9605750424851
418	-302.26362274824226
419	-304.8127123460096
420	-307.4339842529381
421	-306.224018693554
422	-306.4545358661806
423	-306.1137278297026
424	-301.4354166657615
425	-307.28994013337154
426	-301.98316348589043
427	-311.2441873354488
428	-300.70490060701326
429	-307.41716099057163
430	-305.5132730189717
431	-303.4803087312522
432	-306.16824172844497
433	-301.0620053960343
434	-315.08986630210546
435	-305.16511526346085
436	-299.8052269253108
437	-307.3735100848623
438	-309.2216854271879
439	-302.1220453553067
440	-308.17537931733864
441	-299.2696668759369
442	-310.0474987259198
443	-311.3819700332195
444	-310.52964965985876
445	-307.0403606688538
446	-309.6760406450889
447	-298.61554288429136
448	-311.1250947685102
449	-311.91760036052807
450	-304.44767966347365
451	-305.73199707367843
452	-309.9010366688072
453	-303.87309248487134
454	-303.7637460966036
455	-309.1528402786797
456	-304.7545415443167
457	-303.7310366919238
458	-311.21463494988785
459	-302.78694768470945
460	-311.2952881768314
461	-306.8509261663006
462	-294.1077915996482
463	-306.539154819152
464	-308.88569826594596
465	-310.56174817754567
466	-304.1764740910362
467	-309.95463526798693
468	-308.61835154401996
469	-307.8145820438302
470	-302.8942418408412
471	-297.789651651104
472	-305.961784997104
473	-306.81065319413614
474	-309.2277272688029
475	-310.10115219987995
476	-302.35804021407296
477	-304.64221067957214
478	-305.4745495350104
479	-309.8003763313067
480	-308.8315382835608
481	-307.010387893128
482	-310.64542683895377
483	-309.47005324124063
484	-305.3217948981134
485	-298.24334295755494
486	-304.450305945118
487	-307.4405468200028
488	-305.5413106340402
489	-303.1552921181802
490	-300.7980942978887
491	-311.40270303660157
492	-303.54917003039714
493	-301.03941074820267
494	-301.3927228590207
495	-309.54505532084784
496	-305.386781334184
497	-306.01749697368894
498	-306.6649722061936
499	-301.28218646959766
500	-309.36473036307535
501	-313.55067903875965
502	-308.39199637116457
503	-310.0188878113806
504	-309.0833124561156
505	-309.1542455803412
506	-314.9329959510751
507	-306.56575342645925
508	-304.4764997922448
509	-305.5950649368066
510	-310.3248730931523
511	-310.2868473221421
512	-312.69772731431027
513	-310.0251389051564
514	-300.509495880828
515	-305.98427925822335
516	-306.57432492043506
517	-307.8145969706018
518	-304.45804306449065
519	-295.15277737897037
520	-304.06268109954567
521	-306.11224569013734
522	-307.2552350064232
523	-307.5203524868939
524	-308.41409906131366
525	-304.71600090732954
526	-297.15457598757115
527	-303.7380740975629
528	-299.25914051323946
529	-303.9346136427741
530	-301.7324497019575
531	-306.2603387233751
532	-300.71320729390953
533	-301.8952140665556
534	-306.2787972882035
535	-302.22673233184094
536	-306.9010284231332
537	-297.27996800207
538	-303.61064914980824
539	-299.41438391482654
540	-306.8216188506418
541	-303.4964382432146
542	-300.2430169464775
543	-302.37674870160026
544	-311.5965194201537
545	-305.24985391592026
546	-301.2009484973853
547	-302.78758123221866
548	-306.4507588699859
549	-309.36986248526415
550	-311.03371815437407
551	-310.775980146607
552	-303.8219062844775
553	-311.559742804327
554	-304.0643346034526
555	-305.31574632646465
556	-311.97247086943463
557	-300.7719972885886
558	-304.4599138356791
559	-308.9854133440558
560	-308.3092920040741
561	-307.2888479197697
562	-307.9311199723032
563	-304.480799183737
564	-306.02635917876876
565	-307.0926621406919
566	-302.0369426089263
567	-307.28973312681893
568	-309.3475424678213
569	-308.1759562367792
570	-300.2245227361319
571	-299.3262461971354
572	-296.6352429645807
573	-309.81910227768856
574	-303.93531971197007
575	-308.6398556189697
576	-311.4842385667776
577	-304.7494471328606
578	-308.02511311743245
579	-305.57711522649987
580	-308.7080111016533
581	-302.28993090250424
582	-307.38700712119953
583	-308.9016815600711
584	-300.67280734580777
585	-305.5893631928741
586	-307.93544554886483
587	-306.323647464448
588	-301.83917655052454
589	-305.31335188875073
590	-312.38110655364636
591	-311.51440087399
592	-304.2029297308469
593	-307.89996953415914
594	-305.52072532335774
595	-302.80070949243856
596	-304.41821422545627
597	-309.41584557374466
598	-304.8665605618171
599	-306.68533648049845
600	-303.92989812939453
601	-302.906848914363
602	-312.6594208208935
603	-310.15850212187627
604	-309.7582376007012
605	-305.25074882223265
606	-303.7957794420378
607	-308.53078375244263
608	-306.39980848043376
609	-302.2455541446707
610	-308.59956792003845
611	-305.25968922667346
612	-298.9020388244735
613	-306.4825651596294
614	-310.91959353116044
615	-301.67009832547404
616	-304.4117408286234
617	-306.76989259677805
618	-303.9876503536959
619	-304.6383901689064
620	-307.6979589134288
621	-306.88423567751767
622	-304.06548782930184
623	-301.55790610635927
624	-310.1189171620059
625	-312.8716294121939
626	-311.99778833530127
627	-303.8574954346704
628	-304.75808575880336
629	-305.39924455579745
630	-309.2951590613866
631	-309.8266053302396
632	-309.4317204459961
633	-309.01751809957517
634	-309.4974621997795
635	-309.5380523223606
636	-309.5450522904465
637	-311.14871730470173
638	-309.7256934778031
639	-311.39597509203116
640	-309.2691229285292
641	-309.6294960196588
642	-311.60965980050355
643	-308.2765970812404
644	-312.35625519780166
645	-306.746857090513
646	-303.43638769943914
647	-299.6456952615516
648	-305.3679773678646
649	-310.5248129740828
650	-306.27427298673115
651	-311.8699423082941
652	-305.9753079638729
653	-303.9241646402778
654	-306.2946098052462
655	-312.51537543465474
656	-303.488769775035
657	-301.13104247088665
658	-310.80750852946284
659	-303.6366534305671
660	-303.2265238504027
661	-306.63568640399706
662	-306.2582203972117
663	-307.09905735690313
664	-307.0856693019267
665	-311.75640093344964
666	-303.5742451472574
667	-309.732923004203
668	-297.16389640342203
669	-300.2002040759246
670	-305.77322024125937
671	-300.09032707505247
672	-308.2850952317011
673	-305.4049298986211
674	-304.61104813407684
675	-304.07310129983114
676	-305.5069409645184
677	-307.16323497972826
678	-299.10818605281634
679	-301.4642709505711
680	-306.392265150996
681	-301.7194570372383
682	-308.6684161929117
683	-305.1206530548015
684	-299.9896104674833
685	-299.53299351677464
686	-302.33250439460295
687	-307.32239031290123
688	-300.3029397243298
689	-297.65535184965506
690	-310.0274883057914
691	-307.30128970040744
692	-313.1391009610954
693	-308.1457393940409
694	-313.6756293703296
695	-310.50555828697907
696	-301.52662542631595
697	-299.32925045170447
698	-307.1326452432893
699	-306.6252483166618
700	-309.23837622950424
701	-304.13651596309
702	-303.4398337469189
703	-309.6066150878205
704	-312.6545548239469
705	-310.1193493045442
706	-304.8433733181661
707	-314.34200458286966
708	-309.4926943354388
709	-310.4084731392009
710	-308.1065772052923
711	-312.02223054073585
712	-303.68602287252725
713	-303.45441495382244
714	-311.610281980118
715	-312.1016525180795
716	-305.50459879411665
717	-304.58930974145835
718	-305.2574116366482
719	-303.51305866917744
720	-307.4379413308515
721	-304.83832586792374
722	-305.77874220554924
723	-302.5876887634321
724	-309.6825346492579
725	-303.06877027340494
726	-303.6176079166501
727	-302.45452654952186
728	-296.0210590682779
729	-298.2751642480639
730	-300.7627766683313
731	-299.20402959507163
732	-305.6807586829424
733	-301.07920016085376
734	-313.8777626652389
735	-303.18144355225786
736	-307.0736930768411
737	-309.60181286312104
738	-301.10905564276817
739	-304.5358044834382
740	-306.6312991836353
741	-302.7742976223053
742	-305.13701866244327
743	-307.52755609913885
744	-309.22248511592807
745	-310.15106528451156
746	-309.8050482030723
747	-308.59991762320885
748	-308.4275624746447
749	-302.398536220863
750	-309.3877465640972
751	-305.8285974977213
752	-306.30681937802046
753	-308.37232900054596
754	-310.86077151202335
755	-305.63614084033924
756	-312.8224561099477
757	-303.11346834068553
758	-309.0215631474347
759	-308.6526766719399
760	-306.7103567270998
761	-307.3938208875247
762	-302.2578881712461
763	-303.15714346003335
764	-301.7846885252758
765	-295.9868873404233
766	-301.93285752845867
767	-305.27941978780245
768	-307.793773452887
769	-305.3069893425168
770	-303.96212228465015
771	-309.50831061857804
772	-308.2180522580512
773	-300.9476572550263
774	-306.65215196619937
775	-306.21940953447813
776	-303.70907149725923
777	-309.315404584036
778	-306.96894395638986
779	-307.0121445138761
780	-308.99352800045875
781	-311.49124606136127
782	-304.38266348535643
783	-307.42596917323266
784	-306.88618587019204
785	-308.19184498167294
786	-303.19207282111023
787	-306.27527816478556
788	-302.0475958756876
789	-305.9974473786774
790	-302.6280972277924
791	-302.8137535095855
792	-300.4585661445609
793	-297.7824636248041
794	-305.33067704670106
795	-304.92471647247993
796	-304.55148291346353
797	-311.24774018998875
798	-302.4224190436011
799	-306.65927161837857
800	-309.4874929718464
801	-300.7824560408457
802	-297.93523192934896
803	-306.9751656759604
804	-306.939274955892
805	-309.8058700674767
806	-305.6642376365082
807	-310.64724977793475
808	-305.7788740395092
809	-302.5236291772329
810	-300.00164332473526
811	-303.7557271469329
812	-303.35336189767503
813	-308.03464738623313
814	-310.89917992634804
815	-303.7704222972175
816	-303.1031091459936
817	-305.9868337335335
818	-306.2470586371416
819	-300.8840016531299
820	-308.9734212624705
821	-305.24012019901886
822	-302.4688413404322
823	-302.0638603869733
824	-300.9580119826148
825	-299.8063289894112
826	-305.029802098521
827	-308.28832789853504
828	-309.1197915053478
829	-306.4094515241437
830	-300.99326994109083
831	-303.4471230231163
832	-305.93342316840125
833	-294.3135847162458
834	-300.2345020435925
835	-301.16418229646695
836	-303.92396210097985
837	-304.59496438890534
838	-302.73269878939516
839	-307.58784128801904
840	-301.66085636414414
841	-302.89980993606014
842	-302.9722686436486
843	-306.6360076575327
844	-304.6257939468073
845	-305.4952480562658
846	-307.4890852252906
847	-305.6962320810387
848	-306.57760239825063
849	-306.16326046115466
850	-301.89498989180646
851	-304.20628749747215
852	-305.01106928775573
853	-306.00528686522165
854	-314.2261404348346
855	-309.435427679433
856	-305.958970584098
857	-309.9150945995576
858	-304.71186898047074
859	-304.8895508112855
860	-308.5732668314408
861	-304.6641773931729
862	-301.80516921057045
863	-311.5385544900907
864	-300.8911159636713
865	-308.130883785017
866	-302.7329808231228
867	-307.2171895547367
868	-307.9894162344225
869	-302.0385514338134
870	-310.7900533125199
871	-296.17917363581597
872	-299.112866557598
873	-307.6955608693697
874	-306.9609288711133
875	-304.0376933986535
876	-297.37301284231336
877	-299.61514544613567
878	-302.18656952855775
879	-300.75575804448005
880	-303.9704888084857
881	-300.3167763971322
882	-302.923167597206
883	-299.6631755349134
884	-306.4304025921132
885	-305.50121372431335
886	-311.7471972405765
887	-308.6142708396612
888	-301.5236772626388
889	-308.4290552126337
890	-310.9016005388281
891	-309.0622433261479
892	-306.215705451458
893	-308.4170614431782
894	-307.859774840096
895	-306.8141043744371
896	-306.29262243472044
897	-312.48516323847673
898	-312.06117984020045
899	-305.146725582072
900	-313.0806093800406
901	-305.0134120908999
902	-299.2218092540931
903	-305.93252240936863
904	-302.85130108390257
905	-304.5483183404685
906	-298.8175167632388
907	-308.7614825232295
908	-305.6963013273196
909	-302.75321741512823
910	-308.03319389169957
911	-304.6278525130844
912	-303.10718616266655
913	-306.4326268706843
914	-305.41020868981235
915	-303.29085597738157
916	-306.6556298006017
917	-306.22442959579985
918	-301.99975291641374
919	-309.6350323552618
920	-303.453154855172
921	-310.6604069597665
922	-308.686254899153
923	-304.805397877728
924	-310.7717819283556
925	-307.73932288921105
926	-313.6241043278111
927	-306.83781879715735
928	-309.2689472640347
929	-308.8091450936605
930	-303.44994506664153
931	-301.3110767141352
932	-307.4941423990848
933	-309.4461842199586
934	-311.2380032021662
935	-299.4447182319306
936	-296.3817135258027
937	-304.27526626934036
938	-308.3126067566552
939	-308.6037047803294
940	-307.3119093351751
941	-310.9036315620499
942	-303.55548208920294
943	-312.1888737381629
944	-305.90441426028025
945	-303.4213814377015
946	-313.689908473671
947	-306.68209320898876
948	-299.5437472956154
949	-299.37004663215396
950	-305.03413655492386
951	-303.2823786253899
952	-300.1007902735353
953	-303.8360489350647
954	-303.27214452747853
955	-306.08041374323466
956	-304.05970941026305
957	-305.5889576345605
958	-303.23196353795765
959	-303.9346794776157
960	-310.15597519633735
961	-302.41701748121915
962	-309.54460381929
963	-307.80460694754584
964	-303.99261430220685
965	-300.7061940004716
966	-297.5699313784847
967	-307.9434717365215
968	-310.0088257491894
969	-305.9042680207934
970	-302.34884325597017
971	-301.6404075820918
972	-304.1334466220847
973	-304.7365533954478
974	-304.24444979305173
975	-306.43835312571537
976	-311.42837343011223
977	-309.826471786337
978	-305.8792201603556
979	-307.8660414306548
980	-311.5546167967239
981	-306.6949913212979
982	-305.6006700099567
983	-309.99683887117124
984	-304.6217263613575
985	-307.37109430933964
986	-307.9142446951133
987	-308.1432608256979
988	-309.2640499577661
989	-304.34436885612956
990	-305.76090968158786
991	-307.55993277396857
992	-307.882343134294
993	-311.7041378426737
994	-303.8402154564007
995	-310.8505911583984
996	-306.43861603719944
997	-309.78025255352173
998	-313.38475253011205
999	-311.0614409134611
1000	-305.7060279467818
1001	-306.43062757742837
1002	-304.6463843569858
1003	-306.76404544882246
1004	-304.2392441945402
1005	-301.12231375846517
1006	-311.51225218132697
1007	-304.32182450326377
1008	-302.1923507525978
1009	-300.39547657665287
1010	-297.1054589381825
1011	-302.8348243584253
1012	-312.25443979119797
1013	-302.55465557682925
1014	-302.6145100370654
1015	-301.1685144213035
1016	-303.22236370166576
1017	-307.0173766819713
1018	-309.9445476488281
1019	-303.59814891236334
1020	-304.2811090197731
1021	-306.35994353278113
1022	-306.44929981104275
1023	-308.88451649734935
1024	-312.05296511977394
1025	-297.37321553683546
1026	-308.3570323168964
1027	-312.3520887175754
1028	-308.4431302707771
1029	-307.5645654670936
1030	-311.48244799485354
1031	-309.541995351236
1032	-308.4389103097865
1033	-297.15524135441893
1034	-306.7619012989712
1035	-307.81772367644413
1036	-308.52672101001366
1037	-303.0076269608484
1038	-308.98834994202053
1039	-305.8965353069112
1040	-304.9182973920763
1041	-308.32807954275313
1042	-306.70290675826817
1043	-307.7723442285375
1044	-299.1965438599721
1045	-304.6840677912844
1046	-304.2352519558632
1047	-309.8324412872953
1048	-308.93009874454066
1049	-311.18207792291895
1050	-307.3708779645755
1051	-304.38787406163607
1052	-297.53141298238455
1053	-306.54597001566896
1054	-308.23667235536186
1055	-313.14079466527954
1056	-308.2414732498707
1057	-305.5524823224917
1058	-311.2139360350981
1059	-309.7618224763962
1060	-309.70336146461705
1061	-307.19961848488197
1062	-307.182139139903
1063	-311.61944989617035
1064	-308.97599647787666
1065	-306.8044865286757
1066	-307.342135005726
1067	-313.7142807726789
1068	-302.53500542913054
1069	-309.9579354065532
1070	-306.10054183844176
1071	-304.8323069576055
1072	-303.8729283523659
1073	-301.9401491837372
1074	-303.26601660184417
1075	-305.7593431687465
1076	-306.48324679099034
1077	-305.1183925830982
1078	-308.14613693804455
1079	-305.81725063956134
1080	-308.2947375988485
1081	-306.7995920331857
1082	-308.53361824661937
1083	-304.8873545554802
1084	-306.3125529057213
1085	-307.27006184260284
1086	-301.91564140963146
1087	-312.85603825154544
1088	-312.30186130903655
1089	-306.49750699003437
1090	-299.48054470128494
1091	-311.5273565388719
1092	-306.05524127807377
1093	-309.3484434549501
1094	-307.3625423625177
1095	-304.7615080531057
1096	-306.75502250338394
1097	-300.1873645526918
1098	-302.034393841254
1099	-310.29434462740556
1100	-306.4091173888081
1101	-300.86310096637703
1102	-305.0030293819844
1103	-304.1885462426281
1104	-305.5028920374685
1105	-303.6343141110952
1106	-311.0493522869491
1107	-304.9193163563231
1108	-304.8058821590061
1109	-301.18877386002293
1110	-309.25958410186183
1111	-311.9520377030573
1112	-311.16942451028757
1113	-308.66665026480564
1114	-305.61858655461316
1115	-304.0218374641478
1116	-307.2611931782816
1117	-308.43154376070635
1118	-305.2533293477858
1119	-308.73216689303945
1120	-312.4176152913964
1121	-297.8152305151668
1122	-311.88938852615536
1123	-312.799747084596
1124	-309.62672531954405
1125	-306.2123826350819
1126	-306.6987417840405
1127	-297.2829405352491
1128	-306.670263348316
1129	-303.59613054839355
1130	-304.00066358064396
1131	-299.7070420208857
1132	-294.8316108454926
1133	-299.5268458967441
1134	-304.8477449942925
1135	-299.33586808453816
1136	-297.4640828556305
1137	-301.9776920949035
1138	-301.5296782738846
1139	-308.08106672690195
1140	-308.2903752965521
1141	-309.51083905092327
1142	-302.4090189556882
1143	-299.2043610551787
1144	-299.001413179555
1145	-298.6778840103167
1146	-307.7922757087579
1147	-307.81581597774107
1148	-310.61359043033633
1149	-308.5826812818684
1150	-307.2202462956602
1151	-308.81352825648537
1152	-301.39903639388285
1153	-309.0887931752995
1154	-300.28695895458407
1155	-302.96571139924254
1156	-299.1369101712984
1157	-307.1314397250728
1158	-311.59267405124257
1159	-304.9368488091879
1160	-297.36149096084154
1161	-297.8601235337176
1162	-300.5983810733391
1163	-305.38495913545023
1164	-310.7393468636169
1165	-305.2262724417257
1166	-306.21295667965654
1167	-298.288250955099
1168	-312.3067593956832
1169	-308.0446045829061
1170	-307.24362026647844
1171	-309.7154312164157
1172	-312.539277198616
1173	-307.42334499112826
1174	-306.46457035043636
1175	-307.18346664012006
1176	-310.6309157748678
1177	-308.7190106937965
1178	-303.6063581721067
1179	-309.81971925927525
1180	-305.8775738407374
1181	-312.65442770278713
1182	-295.3134332629502
1183	-303.0206325687199
1184	-304.98689409819536
1185	-311.14959972233123
1186	-303.006070222768
1187	-307.36546618607275
1188	-308.8503230384489
1189	-307.87673363371874
1190	-298.532339147956
1191	-306.3637624417771
1192	-304.810688653225
1193	-308.3654470706168
1194	-305.0326551543181
1195	-304.52682081147907
1196	-303.83098341291475
1197	-305.0406496686259
1198	-301.25759833755393
1199	-308.05650548515115
1200	-304.6725708521694
1201	-301.21800228345927
1202	-301.94416210363534
1203	-301.8182681231497
1204	-304.6241656671273
1205	-311.68173040812894
1206	-301.98790769331487
1207	-298.9411286335025
1208	-305.9515894867035
1209	-293.7500481325942
1210	-303.6783061148809
1211	-297.84815759875227
1212	-308.7252384372473
1213	-311.03353230530973
1214	-306.7467889566787
1215	-312.36146874759635
1216	-298.2749527768863
1217	-304.89911926432194
1218	-298.2819642585113
1219	-309.6167630429485
1220	-306.90629548146217
1221	-302.50483156347667
1222	-304.4995287614614
1223	-299.08666541186926
1224	-306.33477661988445
1225	-304.06410554764494
1226	-299.05092766901885
1227	-308.9818067498306
1228	-308.58188349985073
1229	-300.4287910319237
1230	-307.06191554533626
1231	-302.7640935417275
1232	-305.5374315541612
1233	-301.060439768523
1234	-299.13577443916716
1235	-303.5761666082969
1236	-301.69933924225006
1237	-301.8626158265089
1238	-308.1005402557854
1239	-309.005340728437
1240	-306.84779250665366
1241	-307.7451835965871
1242	-299.1112351059888
1243	-305.43762919415116
1244	-305.6438583782285
1245	-302.0629672985112
1246	-304.5914550725769
1247	-300.3153651733319
1248	-309.7331270333396
1249	-312.35963611341424
1250	-303.8319286291708
1251	-306.9783740632097
1252	-304.5669945661551
1253	-304.36928018459446
1254	-308.2585047220304
1255	-303.13163643782553
1256	-305.65759033022016
1257	-307.9896608620348
1258	-299.2678036378006
1259	-297.1126843413524
1260	-300.8719365255902
1261	-304.45881005961235
1262	-300.8022041720549
1263	-306.6390777575369
1264	-306.77145682057574
1265	-307.17381053851557
1266	-301.29179541149966
1267	-305.9942431446478
1268	-302.9918541800882
1269	-305.53969791578834
1270	-301.94716872795186
1271	-298.61417962260373
1272	-303.5524889054733
1273	-302.9911
1274	-310.3714968718525
1275	-303.6487870202943
1276	-305.9480506936604
1277	-310.671901401744
1278	-306.60490088964985
1279	-308.1883306137353
1280	-309.6686470582556
1281	-296.6873
1282	-305.01737451865426
1283	-302.4185007625973
1284	-304.3969562188806
1285	-300.7455360535922
1286	-313.02908801591525
1287	-302.13825735805966
1288	-304.77261816840775
1289	-301.2522272967248
1290	-306.5057630505521
1291	-302.9571724299777
1292	-304.23723789964066
1293	-303.11184172141924
1294	-303.42296708872357
1295	-308.06719072826587
1296	-305.33891024104196
1297	-308.39549740709094
1298	-303.81503759517716
1299	-307.3150413683794
1300	-305.37899439872933
1301	-303.00089093133886
1302	-304.3362653211272
1303	-302.1671453367862
1304	-305.09954360080866
1305	-302.0716157825802
1306	-307.29477874141674
1307	-303.0089343155049
1308	-296.46142743753734
1309	-299.39089738275123
1310	-306.76446807289267
1311	-302.10442468411367
1312	-308.41241861220897
1313	-302.03843256672104
1314	-309.48007726217213
1315	-306.5805286136849
1316	-312.88618913156665
1317	-306.1784656759467
1318	-303.9227627404067
1319	-308.3531988536797
1320	-306.77041094950476
1321	-310.3132963414772
1322	-303.4747258589503
1323	-312.53236838884595
1324	-302.4046586882086
1325	-302.89860299285266
1326	-306.8702246952667
1327	-308.20817156939745
1328	-314.53048707143967
1329	-308.56049815517366
1330	-301.55954681378034
1331	-310.82436325658585
1332	-299.4742757508706
1333	-301.1388791392436
1334	-303.3822056737671
1335	-302.9902951098993
1336	-307.63336644668715
1337	-300.4608541959494
1338	-303.6519788367015
1339	-302.7398223350481
1340	-306.7492278803964
1341	-301.5236513083558
1342	-306.2185580779506
1343	-304.54993284967884
1344	-301.73874896018145
1345	-309.55008378727064
1346	-301.8769711160067
1347	-306.50718388332336
1348	-307.98988838364363
1349	-302.1081473796807
1350	-308.56660062870804
1351	-300.6226629712545
1352	-306.6174907310309
1353	-304.38665519091023
1354	-307.66241493530185
1355	-309.7778969574947
1356	-301.8361872712762
1357	-311.97823056225144
1358	-306.4615977414474
1359	-310.4120463854344
1360	-308.53367303770773
1361	-301.44902442915134
1362	-301.41635189644006
1363	-307.193364435509
1364	-303.37606594362074
1365	-307.5338939423217
1366	-307.141619563183
1367	-308.8339727009805
1368	-310.2450200585101
1369	-308.7236282578921
1370	-310.6520964677257
1371	-309.31098632945213
1372	-312.45316836691336
1373	-310.48869776056324
1374	-304.1074667019519
1375	-310.0956692260075
1376	-305.84825521210536
1377	-308.2477829091352
1378	-304.18764201172485
1379	-310.65598952545855
1380	-309.8057026228475
1381	-308.73209061103876
1382	-314.93230817891316
1383	-309.40721144217275
1384	-309.58435738768003
1385	-303.9400062579449
1386	-308.2661180257183
1387	-306.0130084546814
1388	-304.6994448131011
1389	-302.889320130649
1390	-309.8297994462549
1391	-305.0612626903001
1392	-310.20852340297785
1393	-310.97653601174665
1394	-304.41118818614046
1395	-305.6158259852539
1396	-311.1341539225202
1397	-301.6418997501341
1398	-302.8675868810313
1399	-308.0847762796239
1400	-307.93141379866836
1401	-303.6540213231576
1402	-302.7404273762569
1403	-304.3841830446358
1404	-309.70543546083763
1405	-306.9330569309338
1406	-311.3361084650292
1407	-303.4406902832326
1408	-305.12358636493514
1409	-302.6617401661503
1410	-290.10566946672054
1411	-297.8361494303981
1412	-299.5141253211445
1413	-303.01583010729183
1414	-301.4065787493146
1415	-301.60772838671676
1416	-301.654789032177
1417	-305.8817812004686
1418	-295.9375170395965
1419	-302.5533957294684
1420	-296.18272382487777
1421	-302.18579444272706
1422	-301.1110310363061
1423	-302.0284068247548
1424	-304.249941110084
1425	-308.4432941726615
1426	-308.9724120502031
1427	-300.2343183153968
1428	-306.4392914880845
1429	-303.24683319533085
1430	-301.70287467982257
1431	-305.7087203237231
1432	-305.0322796837241
1433	-298.03023863898795
1434	-307.4524559528113
1435	-306.48039440427675
1436	-301.5958342777535
1437	-307.9067530729081
1438	-304.1757182594283
1439	-307.65087171694023
1440	-296.1108
1441	-304.0505288514649
1442	-303.28452679907406
1443	-309.30361079732535
1444	-301.5214205875363
1445	-302.48681053100387
1446	-301.35356432289785
1447	-302.76087940356854
1448	-302.8878169015574
1449	-308.3681491178306
1450	-304.2614724314514
1451	-303.188106448301
1452	-300.76519522707315
1453	-310.5215675466166
1454	-301.12217714228274
1455	-304.4098023379657
1456	-298.5908029580066
1457	-301.1647772463374
1458	-299.80286639567487
1459	-301.8359556305038
1460	-307.9085916640093
1461	-308.70615863707724
1462	-302.6373667286522
1463	-302.16479277229325
1464	-310.40939004771354
1465	-304.55059355621796
1466	-303.78488216657587
1467	-301.8227274339789
1468	-302.45206880279807
1469	-306.26128661761425
1470	-309.5327961593963
1471	-298.7326813207882
1472	-305.64660722174716
1473	-306.6071894354319
1474	-303.58149673530045
1475	-307.18419147406877
1476	-306.6163282547159
1477	-303.7155714636035
1478	-308.9044301124245
1479	-300.77639159445266
1480	-308.2049366846784
1481	-307.5241699969644
1482	-302.4484877637917
1483	-300.1880141869912
1484	-310.9718382272092
1485	-301.9918360289249
1486	-297.5350727333786
1487	-309.2794898280317
1488	-300.9311531776355
1489	-305.9649873014125
1490	-301.25191502646743
1491	-302.38299978644596
1492	-309.0218097165235
1493	-309.3822235947785
1494	-306.055504282946
1495	-304.64288208106984
1496	-301.8588832942106
1497	-294.8731792105478
1498	-300.41656461721493
1499	-305.242087048264
1500	-305.7200612021981
1501	-304.0587427254252
1502	-301.81139990465346
1503	-306.4647018365812
1504	-296.9816106552369
1505	-303.64129346834466
1506	-301.41116386174076
1507	-306.8171848883613
1508	-302.365963647465
1509	-297.7503302385071
1510	-303.39197786888457
1511	-305.2576627283578
1512	-301.90117209984726
1513	-308.2604193884693
1514	-298.91179024432523
1515	-297.2320875564369
1516	-305.2939124210873
1517	-304.01470105526937
1518	-301.8497355529202
1519	-307.0363215592743
1520	-303.6085473177291
1521	-306.2686758009412
1522	-304.7223410679583
1523	-304.0482690735758
1524	-306.2596162451985
1525	-300.9094000021792
1526	-305.83650032839506
1527	-297.9566120768783
1528	-308.86393818341753
1529	-308.753418795211
1530	-300.36114236035775
1531	-302.6625917182275
1532	-301.24098956255165
1533	-308.8729223604542
1534	-309.91797741775224
1535	-305.5949610754658
1536	-306.76254277359897
1537	-305.0020813103536
1538	-307.87985901869615
1539	-303.3061279572616
1540	-301.2644079265413
1541	-298.1840232561644
1542	-302.0671341844433
1543	-305.0430810326052
1544	-299.1492013754943
1545	-311.2770444532521
1546	-300.99616153549545
1547	-302.306389339876
1548	-308.50120797870204
1549	-309.5095528428688
1550	-309.8341919715429
1551	-303.3689707162457
1552	-297.26405664162417
1553	-303.83414261291665
1554	-310.1809029343535
1555	-309.56537022847743
1556	-307.8342427236847
1557	-310.23530102983415
1558	-307.2699965995411
1559	-310.6966721224551
1560	-312.013720321885
1561	-301.1818583817212
1562	-306.1331025619135
1563	-303.45120647453797
1564	-297.43721427339506
1565	-299.78156775731316
1566	-307.89084334141035
1567	-309.1783613125621
1568	-306.814733628036
1569	-304.20111052328696
1570	-305.5453851806155
1571	-308.512246188857
1572	-309.00829499891796
1573	-312.29519546728426
1574	-305.44578107840385
1575	-313.9284617059071
1576	-302.65729867330657
1577	-302.8252226305104
1578	-300.50889539367375
1579	-299.9435971075243
1580	-299.6388429465503
1581	-310.5908923581433
1582	-305.7119357564677
1583	-306.8708901264301
1584	-302.2021008788175
1585	-301.60573228353
1586	-300.8457293833244
1587	-302.9128711186031
1588	-300.8316587887161
1589	-308.93116987182924
1590	-300.7034838975822
1591	-301.8991401673588
1592	-307.9840023235689
1593	-307.22519094944215
1594	-307.8859374126757
1595	-307.8468151484187
1596	-302.3352600352356
1597	-305.21353271355827
1598	-308.90828297785504
1599	-304.31395590129506
1600	-297.023199468298
1601	-307.4973086376868
1602	-307.14998147727096
1603	-304.9601348663667
1604	-302.58993288026534
1605	-309.3113711748644
1606	-310.10844515154906
1607	-304.4919438869757
1608	-307.38763240727593
1609	-299.5075779548641
1610	-309.45944402660814
1611	-306.14752582905464
1612	-309.8254080530357
1613	-295.97271777098905
1614	-304.47465902137
1615	-309.05465059888076
1616	-298.58451914659577
1617	-307.6409294670498
1618	-314.6793610326495
1619	-309.94838300549844
1620	-314.34391654073636
1621	-307.7070617612386
1622	-304.2239420352628
1623	-307.6362509605218
1624	-301.92419119565983
1625	-300.8083175658472
1626	-303.96377569784806
1627	-305.59961900713967
1628	-304.47036763974023
1629	-305.56072144372246
1630	-309.07937173547225
1631	-313.71024608970646
1632	-304.6986413820568
1633	-309.005406640877
1634	-304.6006468696174
1635	-307.59725963646935
1636	-301.36004429413646
1637	-306.2416255660156
1638	-310.00258686358086
1639	-301.00942673973793
1640	-301.9064883596609
1641	-310.9202531175277
1642	-307.2451967586036
1643	-305.42392387263294
1644	-308.330800486014
1645	-304.41402730558923
1646	-306.3267522380135
1647	-308.8686929404625
1648	-312.09903313452145
1649	-306.7640180900099
1650	-304.23965869445004
1651	-306.66126619933925
1652	-313.2037492131334
1653	-304.2096154652564
1654	-307.83222145650564
1655	-305.44346146135655
1656	-309.3259594230671
1657	-297.3836127329654
1658	-306.68939129407164
1659	-312.62448862527214
1660	-304.7365404433876
1661	-309.51289288100844
1662	-305.01599999550757
1663	-308.5621434321941
1664	-307.2561964048241
1665	-305.9507475613173
1666	-310.20966109419794
1667	-305.3459059376566
1668	-305.07355742876206
1669	-309.8117454326175
1670	-306.30406354991266
1671	-305.54336940825766
1672	-301.2501766223981
1673	-302.71399646027004
1674	-303.03810913344086
1675	-300.08595271992255
1676	-309.2555471526166
1677	-307.18983907029036
1678	-298.41681995784705
1679	-303.5088211548995
1680	-307.6374889662146
1681	-315.32400580382506
1682	-305.00523622997997
1683	-300.5923652262441
1684	-301.43242381642966
1685	-305.47590994070765
1686	-309.340098184833
1687	-301.96041611060855
1688	-310.9434267247886
1689	-305.2347129299642
1690	-307.0530975448364
1691	-306.32626759179584
1692	-316.5560189188552
1693	-306.42083994999325
1694	-305.98911100354223
1695	-304.3048326274614
1696	-307.5437226121667
1697	-311.31741618262316
1698	-302.25957673351314
1699	-306.9411389040357
1700	-299.63973152255573
1701	-307.4266422271737
1702	-310.19568687137803
1703	-304.10416774252593
1704	-307.9837205252059
1705	-311.1183856184491
1706	-303.84074572927415
1707	-302.709324735857
1708	-304.6906272889149
1709	-308.4161488699914
1710	-299.8734855185306
1711	-309.30685378724564
1712	-302.80563007762737
1713	-304.03954465744886
1714	-310.71395449461903
1715	-306.21074203456385
1716	-304.602967518606
1717	-302.3668615211035
1718	-306.0298684514296
1719	-301.3197272247767
1720	-310.73675448247735
1721	-300.19545972903126
1722	-305.50279786071474
1723	-307.94165897874313
1724	-303.3980240736364
1725	-305.1409180316396
1726	-304.6010651235276
1727	-306.5839420764347
1728	-308.9590938641091
1729	-299.51839023096755
1730	-308.092615826232
1731	-308.2293198280404
1732	-304.1918102408052
1733	-310.1583908715984
1734	-304.97744403136926
1735	-300.50724649831915
1736	-307.5210342904298
1737	-302.8720152400756
1738	-306.00084842625057
1739	-307.1718696702882
1740	-308.35646789487987
1741	-312.310535896688
1742	-308.7126908023729
1743	-306.9859454695033
1744	-311.86491222046425
1745	-304.5095762110559
1746	-304.3365654963631
1747	-304.30142020883983
1748	-308.90901355304004
1749	-315.3471712829093
1750	-301.2010290464109
1751	-303.75120353283774
1752	-307.05957354750166
1753	-309.02390778768364
1754	-314.0300805404535
1755	-314.32299185783495
1756	-311.51244654514096
1757	-311.9365383829459
1758	-296.7605517804011
1759	-304.55375891065233
1760	-304.5643947736263
1761	-301.92555760951234
1762	-307.58319804182213
1763	-305.4311571034373
1764	-308.1214390752248
1765	-307.34871821911645
1766	-305.5417747421767
1767	-300.58050263274316
1768	-304.3020672627216
1769	-303.2851046260238
1770	-305.87630643345284
1771	-301.1378011735403
1772	-304.3286240145504
1773	-300.70667052566307
1774	-305.95731186677926
1775	-302.5188281216041
1776	-305.95725108613925
1777	-308.71712303826115
1778	-304.4159475371698
1779	-301.2196091049689
1780	-301.8401460674021
1781	-302.083963280465
1782	-311.4541928940093
1783	-303.8409098961515
1784	-310.26906526319885
1785	-305.62390877224533
1786	-302.5104554182095
1787	-303.81129339784013
1788	-304.71347056455136
1789	-308.08086019995835
1790	-304.4419509573497
1791	-298.91896688363965
1792	-301.36727510891114
1793	-304.6546484727549
1794	-302.2692875547336
1795	-303.4486601660869
1796	-303.5939715321182
1797	-305.6050539028379
1798	-302.34500245919355
1799	-308.8510395396103
1800	-309.66221120137254
1801	-303.5162567916747
1802	-307.2821859711338
1803	-306.51160491558187
1804	-310.9725276872092
1805	-305.5067092451801
1806	-302.81118556908064
1807	-302.5150313279825
1808	-301.6485705086551
1809	-308.30443090958164
1810	-305.4106950980249
1811	-306.3489573586597
1812	-308.3019522245357
1813	-309.4464442331822
1814	-304.713128361209
1815	-301.9189503057927
1816	-306.3337616740228
1817	-301.78138171624073
1818	-304.7305100634395
1819	-305.43898623854534
1820	-303.022202884331
1821	-305.55767399307746
1822	-305.4643780156466
1823	-301.0843492260187
1824	-310.18415037204653
1825	-305.2580459052598
1826	-311.2148889036348
1827	-306.35018825940773
1828	-309.1050304720893
1829	-304.40684956892534
1830	-307.68470380064196
1831	-308.51206302437583
1832	-311.46801926864566
1833	-309.4808874021234
1834	-308.5288864270887
1835	-306.9463104576165
1836	-312.4981626564444
1837	-300.7790350237726
1838	-302.1787814653574
1839	-305.45887796545446
1840	-307.30167921457667
1841	-304.7240363999315
1842	-302.7335126534366
1843	-307.86125987727286
1844	-308.9299587715238
1845	-306.22814300569706
1846	-299.65878571049404
1847	-304.9740228352259
1848	-304.54345253912953
1849	-296.80999430516266
1850	-300.2931491702516
1851	-301.5369831625223
1852	-306.5109002608256
1853	-302.9393786955043
1854	-295.3513319090742
1855	-298.4347559829804
1856	-305.5766432594598
1857	-302.2269784164958
1858	-306.05183741793314
1859	-305.4168070131735
1860	-309.7528075028797
1861	-303.12428095836333
1862	-305.5307581878161
1863	-304.9444810888228
1864	-307.68172055653423
1865	-298.8396328035441
1866	-310.2237459407898
1867	-303.79850781534066
1868	-313.5718750404652
1869	-303.5720502625179
1870	-313.338355547756
1871	-308.19656356313305
1872	-303.78040716929
1873	-304.88262406163676
1874	-302.14926007210875
1875	-301.56610691454597
1876	-303.00398112044564
1877	-305.5512474306798
1878	-304.4079794763649
1879	-311.1735252178655
1880	-306.99559332224385
1881	-305.90062810453094
1882	-307.8869660820448
1883	-302.0409206773147
1884	-293.92026636546
1885	-306.08523397376086
1886	-307.9344303015264
1887	-313.96658952441106
1888	-302.5348168568364
1889	-308.9307745115349
1890	-302.3632864922431
1891	-301.6273394850242
1892	-295.73373540235167
1893	-309.0302405223354
1894	-301.6115435270378
1895	-306.58867211820103
1896	-302.29087219739216
1897	-302.9554576010904
1898	-303.80313113414473
1899	-304.5799674395713
1900	-310.02252663690666
1901	-305.9790688896205
1902	-308.72891436379274
1903	-301.4446601010181
1904	-307.42649984990237
1905	-302.9513186316907
1906	-303.9529134031266
1907	-299.60402138022954
1908	-297.7562907256927
1909	-305.5291769238139
1910	-310.9485385258234
1911	-303.743572869391
1912	-304.1678059244579
1913	-311.6834962305959
1914	-306.13406030760984
1915	-304.14824766456275
1916	-310.7759405589274
1917	-307.8170816568629
1918	-303.6185043777804
1919	-307.8537867420595
1920	-303.2490401317062
1921	-303.1038848873989
1922	-304.26559898112447
1923	-307.2180046909799
1924	-305.1146912224904
1925	-302.1637051004814
1926	-313.2435119115969
1927	-314.70110624349593
1928	-303.3981287583764
1929	-309.17005430722895
1930	-307.84193824685883
1931	-305.74272623001065
1932	-306.4092889620225
1933	-302.39388418224905
1934	-304.75128695083737
1935	-305.83597017003564
1936	-303.59550858586556
1937	-303.02543833592915
1938	-307.0521444614517
1939	-310.1510653741712
1940	-296.96326141617413
1941	-308.43456604785376
1942	-298.5463262587894
1943	-303.67999910116987
1944	-301.95286498895774
1945	-298.79524961357964
1946	-303.44280116403905
1947	-303.69479157657133
1948	-306.57612540250153
1949	-307.45077844528373
1950	-309.00467156320343
1951	-305.30001280172746
1952	-302.87199624981537
1953	-307.71842141130304
1954	-305.3059122136521
1955	-313.2463897180059
1956	-302.1567254309622
1957	-301.42210951317975
1958	-306.55665595725094
1959	-307.7816756403709
1960	-303.0798841066008
1961	-299.1416772728494
1962	-304.933560874229
1963	-313.7067077200619
1964	-311.69161409431763
1965	-308.5197061536261
1966	-307.5850774045564
1967	-298.37531683246857
1968	-304.9366648937371
1969	-303.5992661035593
1970	-303.87402124427604
1971	-297.1455215833211
1972	-297.0317293492326
1973	-304.08201152622
1974	-300.42312238651914
1975	-306.73012321010924
1976	-306.32921047380023
1977	-307.2658933770399
1978	-308.5135004615863
1979	-309.30968869467506
1980	-308.8179185971314
1981	-308.3081964120301
1982	-300.6614567284124
1983	-295.98052451047806
1984	-302.32894849382427
1985	-303.51452413793885
1986	-304.11060930613
1987	-309.94151344717267
1988	-304.7936893350595
1989	-304.16089476129866
1990	-307.7504419963785
1991	-309.97553308802674
1992	-308.0530410481958
1993	-304.36332547004815
1994	-308.4728531876455
1995	-310.1679333375928
1996	-307.01868200203563
1997	-302.8836055197697
1998	-303.04850296745434
1999	-307.5886421176974
2000	-304.8353851331857
2001	-305.8968356280366
2002	-313.0052499036148
2003	-304.8514099539204
2004	-307.3324990987642
2005	-306.8638402200081
2006	-300.3279734599604
2007	-309.5452926612779
2008	-306.95085762350624
2009	-311.7636346421923
2010	-314.6656524232143
2011	-303.82193749274114
2012	-300.8680821153176
2013	-304.88550592352317
2014	-313.3317825206999
2015	-307.7146566143303
2016	-312.3695203930316
2017	-307.79065303565005
2018	-307.7069105538739
2019	-311.3353483178992
2020	-309.34301816054915
2021	-311.3588294814507
2022	-306.3956365227757
2023	-301.3067206215588
2024	-311.3140285393973
2025	-304.7694327706176
2026	-306.94190304439473
2027	-310.66032722818437
2028	-309.8407154323467
2029	-302.5847361263304
2030	-304.5159316325885
2031	-303.5231283259759
2032	-307.30834130217255
2033	-305.4195204968128
2034	-306.7317305946875
2035	-308.8627688105865
2036	-307.3943105385409
2037	-308.1754838622168
2038	-304.804286135693
2039	-299.7685426476431
2040	-305.02285060379694
2041	-310.2349158856864
2042	-311.0299882513456
2043	-305.9162948060184
2044	-307.6684678908513
2045	-304.39325427863844
2046	-299.55063003356867
2047	-306.2116070743601
2048	-308.17008433134225
2049	-308.37107739077106
2050	-299.8729378889433
2051	-299.8805732265037
2052	-304.2198189472789
2053	-309.69363960726736
2054	-304.3723498135776
2055	-296.0783236090623
2056	-303.3704366240227
2057	-303.45975625256983
2058	-302.6716617894928
2059	-299.2544162210153
2060	-302.1873569185085
2061	-305.3346050705835
2062	-306.1566575639086
2063	-305.99677031573776
2064	-300.47965133405
2065	-300.26236433147017
2066	-306.74786088327346
2067	-303.17601205853526
2068	-300.7569938065274
2069	-308.34730905777786
2070	-305.9157892549156
2071	-307.9806581751101
2072	-302.58089663454155
2073	-298.6804089412975
2074	-298.4735240910885
2075	-310.309648193381
2076	-301.0699435566337
2077	-303.19340617915867
2078	-307.73781352007813
2079	-303.73881497403374
2080	-306.339389055102
2081	-311.08583698594583
2082	-306.53714074695296
2083	-304.96152495815033
2084	-306.9433995820285
2085	-304.5919038873919
2086	-303.32769152700496
2087	-305.3181964309623
2088	-302.95997758271454
2089	-305.4574768370797
2090	-306.97354464839475
2091	-303.4937574136748
2092	-302.71564344358774
2093	-302.82022494054365
2094	-300.2514430587736
2095	-302.9720421474529
2096	-302.5162926891092
2097	-307.6008397778589
2098	-305.1804281115293
2099	-311.0408780039768
2100	-316.0650662323818
2101	-301.9693917766434
2102	-306.4127478709739
2103	-303.79492995744715
2104	-306.89113799787236
2105	-297.2949859283845
2106	-309.48040011835604
2107	-307.4818094723919
2108	-306.07703036317605
2109	-309.12397604531645
2110	-296.3967357487439
2111	-295.6423764986289
2112	-297.8746145911337
2113	-301.0202115462772
2114	-304.0358561074216
2115	-303.3753741695915
2116	-302.5111179292585
2117	-300.6102240928366
2118	-311.82581502934624
2119	-307.17240546842265
2120	-301.87392894653874
2121	-303.0143883055568
2122	-310.80151268741054
2123	-294.85385619101396
2124	-306.2127771550336
2125	-305.21670867809695
2126	-307.08696257667424
2127	-307.76326724031014
2128	-311.81810093807763
2129	-304.57442968128964
2130	-314.1017210557525
2131	-301.61311598807185
2132	-298.8486290015336
2133	-306.5573162190088
2134	-302.8786029068297
2135	-306.1884547181069
2136	-310.1253192127395
2137	-305.79574941236297
2138	-307.23281008740327
2139	-304.1996708212346
2140	-301.283126669212
2141	-300.835855305765
2142	-304.80103231796676
2143	-302.2311868626273
2144	-309.1309382761767
2145	-300.8036025081717
2146	-303.55463762033196
2147	-298.2628664172973
2148	-305.63790798432416
2149	-306.6381276313032
2150	-306.6835999477652
2151	-301.4130427066129
2152	-303.47513688526965
2153	-303.2470887680875
2154	-301.22359572120314
2155	-296.3871005026096
2156	-299.756400046695
2157	-298.6196270026873
2158	-292.26963238339215
2159	-305.0253706987538
2160	-300.4068914376907
2161	-301.54669542459266
2162	-302.37570811439736
2163	-306.56405342763304
2164	-298.5824769501891
2165	-299.79611212582415
2166	-300.0826578088611
2167	-306.77825184860285
2168	-306.1782840794634
2169	-298.44888327473444
2170	-303.3898776568193
2171	-297.5958674018915
2172	-308.4632369822378
2173	-298.85529685125374
2174	-310.8310118390053
2175	-306.72060569858536
2176	-303.18703437313025
2177	-309.5563669723916
2178	-302.4800665479297
2179	-301.8996287440647
2180	-309.1692767654942
2181	-298.26420297050123
2182	-299.2635849712592
2183	-306.33639022573374
2184	-300.33237881529845
2185	-295.0890090330443
2186	-309.85663706426755
2187	-300.5191335840292
2188	-306.83866733123756
2189	-304.4576869076449
2190	-301.29183307178283
2191	-302.42452934412245
2192	-302.83710545387373
2193	-297.82508594120407
2194	-311.2439747486373
2195	-309.68056317301597
2196	-300.88789655489916
2197	-306.0075104874402
2198	-308.5729354785763
2199	-302.41686847415707
2200	-309.66337585878574
2201	-305.28059402768696
2202	-307.45218180504327
2203	-308.0836937313384
2204	-299.24002109558126
2205	-306.1395729202753
2206	-303.18737872778075
2207	-307.2322220609285
2208	-302.5792451759599
2209	-298.82790891653025
2210	-308.322921391376
2211	-308.85748298586867
2212	-306.78480351107316
2213	-305.67743908640927
2214	-306.99904472458826
2215	-306.4710857593574
2216	-303.4207999693374
2217	-300.25714448979005
2218	-307.168221094184
2219	-304.1125921149409
2220	-305.748560546647
2221	-299.6431036339805
2222	-298.5602014088191
2223	-298.68296109215754
2224	-301.1224382463619
2225	-299.1226861451321
2226	-299.4033267644083
2227	-303.49736476204794
2228	-296.3798995659778
2229	-304.4849157204146
2230	-301.94530010456265
2231	-298.2864597186764
2232	-306.10224160552167
2233	-302.089498493978
2234	-304.01265625441164
2235	-310.27466618141955
2236	-306.5727277665206
2237	-305.53720176828904
2238	-304.5073219011905
2239	-305.5436143728853
2240	-305.86497282130694
2241	-303.04167402050257
2242	-301.5862352682149
2243	-302.35619915066513
2244	-300.52780150716217
2245	-302.4602272816608
2246	-309.5590446025467
2247	-305.6661285652815
2248	-303.1739803684923
2249	-298.76709245418857
2250	-301.0752186033139
2251	-307.4478157848648
2252	-305.9629514933489
2253	-302.29829278356544
2254	-303.7203166664116
2255	-305.6877175221471
2256	-304.38870538752144
2257	-308.1339709886715
2258	-305.07132321415975
2259	-304.49456263043584
2260	-305.3476478556871
2261	-299.206109892416
2262	-305.4679730537405
2263	-304.95955512272434
2264	-309.75569481620784
2265	-302.88696975970896
2266	-304.64415891664555
2267	-303.1729753075662
2268	-299.10165818583056
2269	-304.96661432258577
2270	-303.2887756161912
2271	-297.91728312699064
2272	-303.0433569196741
2273	-302.5474322165497
2274	-304.8808675456761
2275	-303.014396484528
2276	-299.7734004185889
2277	-297.3804072868725
2278	-308.50956984039493
2279	-302.57478156031084
2280	-303.10818408206825
2281	-296.31910874632854
2282	-302.74850752017613
2283	-302.174921154422
2284	-305.748557195103
2285	-300.55121737921263
2286	-300.61166095075396
2287	-303.72886938876036
2288	-310.279494997356
2289	-307.9595052496047
2290	-301.5397854350144
2291	-303.93238390781585
2292	-306.11776671680735
2293	-304.21561080711245
2294	-305.79942915246073
2295	-304.3100414694871
2296	-301.8315880382359
2297	-296.79919971976454
2298	-294.8379814653295
2299	-296.14316399026154
2300	-299.58329177808787
2301	-302.09262370021656
2302	-308.9792272261875
2303	-303.27366881717364
2304	-297.66938743371946
2305	-304.7157980333613
2306	-303.87848483873165
2307	-306.8053242649253
2308	-306.8566581003427
2309	-304.444471783499
2310	-301.5672400808042
2311	-305.39004528162997
2312	-308.4743794007437
2313	-298.2704921696238
2314	-308.6574483707185
2315	-303.3674666035503
2316	-305.01663432447356
2317	-302.71088595809414
2318	-304.8422861860194
2319	-307.9347832818794
2320	-300.59835254939026
2321	-305.9586174304584
2322	-298.2306162488827
2323	-305.7469426626767
2324	-304.67468443291915
2325	-308.1082095901094
2326	-307.725204951466
2327	-304.39272302784195
2328	-299.68710113983894
2329	-303.50179132591865
2330	-304.5447824510658
2331	-298.2064090424887
2332	-303.3053093065919
2333	-303.96776263089606
2334	-297.5478330137784
2335	-306.02562110694316
2336	-303.5911368628213
2337	-304.21656487613524
2338	-299.08380993388374
2339	-303.9441121515871
2340	-304.63074294022397
2341	-303.32227393038977
2342	-290.66350074311146
2343	-304.9688319447092
2344	-298.46678848547356
2345	-300.38485754475187
2346	-306.4162269325477
2347	-301.05198512874813
2348	-294.50182452260515
2349	-306.64735332581097
2350	-310.18035493426
2351	-304.0770509977922
2352	-303.8029063276513
2353	-305.5942784527946
2354	-299.7955827126557
2355	-306.10399338027656
2356	-296.14794174041
2357	-306.4032259118212
2358	-298.8061653776528
2359	-296.3696445841492
2360	-305.62107713826896
2361	-307.4197684314297
2362	-299.9237035431544
2363	-299.35529313494163
2364	-307.4975746256342
2365	-305.92956145614795
2366	-302.2427832354815
2367	-304.58727402235627
2368	-304.6455116754975
2369	-303.4461587043387
2370	-309.6844155698638
2371	-298.7119945122163
2372	-303.26980557900214
2373	-305.97208090249495
2374	-302.6186485473539
2375	-303.28149876191486
2376	-308.6803100447727
2377	-305.3486993593599
2378	-306.6476394138154
2379	-301.5538184154871
2380	-300.97775620767203
2381	-301.68867676396025
2382	-300.88640000000004
2383	-300.04135427545526
2384	-311.188037949742
2385	-311.2497056391891
2386	-307.5290031260529
2387	-301.77375492259415
2388	-306.3005586648658
2389	-309.6684697796196
2390	-303.5681577003098
2391	-301.74916776554846
2392	-307.7345934935144
2393	-300.8354253999525
2394	-295.9099217352908
2395	-303.4086272732905
2396	-303.0215731624138
2397	-301.5036000000093
2398	-308.2873389446292
2399	-306.8624720379885
2400	-306.44908202912217
2401	-308.76911829904583
2402	-303.1091518904121
2403	-307.75621419732585
2404	-308.7107565176637
2405	-307.5283222707388
2406	-305.6897663061444
2407	-303.5034903326443
2408	-300.183311350276
2409	-304.93595084666305
2410	-302.297351066905
2411	-305.9938475833625
2412	-307.7426376968576
2413	-304.6869050683208
2414	-301.1063469151574
2415	-308.859762253056
2416	-301.14899775354417
2417	-307.8484534347124
2418	-304.516961356155
2419	-299.82664537791334
2420	-308.54530766752106
2421	-303.71471516080203
2422	-309.0781252866368
2423	-305.64007274970925
2424	-306.0583281733618
2425	-307.89789861720044
2426	-298.101
2427	-296.68598083624613
2428	-303.90587087079024
2429	-304.9894434912735
2430	-310.28751930368907
2431	-303.3182041281297
2432	-304.88520973925
2433	-300.91676951598834
2434	-302.5234311407012
2435	-306.1612547358976
2436	-300.9699716032323
2437	-302.11698733494353
2438	-294.4343550387037
2439	-308.46760918955897
2440	-296.9855015544669
2441	-299.1914261560035
2442	-304.49199192315615
2443	-295.4347
2444	-300.0638909805837
2445	-303.22887960902574
2446	-301.67054452712216
2447	-300.19082343592737
2448	-308.13052422504427
2449	-302.34237611525583
2450	-303.05722390075914
2451	-312.0045261600262
2452	-301.6156402156541
2453	-303.6342353722161
2454	-305.30285054249174
2455	-293.89991795589617
2456	-297.69812528391367
2457	-299.9314424560646
2458	-292.6775511284916
2459	-303.77969348468855
2460	-302.41912589845714
2461	-301.2540956061552
2462	-303.7067076502259
2463	-301.2609526172148
2464	-301.0412616822932
2465	-305.1053580096796
2466	-302.4929409036634
2467	-302.87612836699503
2468	-295.1923994775014
2469	-306.9319162799668
2470	-304.3726909663392
2471	-308.0644943915833
2472	-309.4312638116048
2473	-304.11081840592334
2474	-303.1912000195544
2475	-306.3747376236316
2476	-297.7390171496062
2477	-303.28585073961136
2478	-303.80868440397705
2479	-302.2315257358969
2480	-299.2044155994712
2481	-303.148165172005
2482	-310.0192774925198
2483	-306.8466102464066
2484	-302.46444788820264
2485	-299.40639095204483
2486	-298.99043625671226
2487	-297.95514682133114
2488	-304.20056250241544
2489	-301.77065511242495
2490	-303.316312953275
2491	-300.94018916115857
2492	-298.1053559363813
2493	-301.0412396469289
2494	-299.6604149484166
2495	-297.36736196087196
2496	-300.59404779607115
2497	-299.63542295410264
2498	-302.35459556236987
2499	-304.2552000011629
2500	-301.0758463238569
