1	-302.48093088594464
2	-303.68179588260966
3	-300.8154375010271
4	-310.43342329975286
5	-304.8348624399107
6	-304.5792135892151
7	-304.03380022346505
8	-298.7292313018778
9	-305.5245196491215
10	-301.5142010529956
11	-304.40969386955646
12	-307.4806814202921
13	-308.12414395579714
14	-307.28075425259357
15	-305.99184597219585
16	-300.2514619529879
17	-306.8396357962802
18	-301.5365822006971
19	-303.7150797095115
20	-300.8848623939193
21	-304.76480733753976
22	-307.1715357851408
23	-304.60162219211645
24	-304.9587245163497
25	-303.30695528906386
26	-311.8793257840818
27	-305.811218922394
28	-306.51163972920693
29	-308.6148865128516
30	-310.41608891680596
31	-305.667741827349
32	-310.652148972734
33	-303.2968244060148
34	-307.92725781395745
35	-306.983242414074
36	-306.5414160226778
37	-301.22136401296984
38	-305.4552145208797
39	-305.7564344436302
40	-309.22539580185213
41	-308.3246096677176
42	-311.66286312734195
43	-311.1196306790943
44	-309.0032381792318
45	-303.74860091628113
46	-302.4183015405239
47	-311.8785918178808
48	-312.83770793881484
49	-305.65081412953816
50	-306.9946107070601
51	-303.41230611143965
52	-302.06633919337537
53	-290.51196051354344
54	-302.9291565916238
55	-310.02255526608866
56	-309.23039655770924
57	-304.31358827235937
58	-304.1203941443728
59	-304.4248990333238
60	-306.74899634906853
61	-300.60143111425896
62	-307.43966546219133
63	-309.3588874344842
64	-304.58452097704173
65	-302.1936755113661
66	-300.0944748080689
67	-308.3736551345753
68	-301.31675282433025
69	-307.4874008866944
70	-308.4837420335769
71	-299.4116015970219
72	-309.1981764265143
73	-306.2280033490601
74	-306.7428514523234
75	-310.81939038964344
76	-305.6497347618312
77	-296.4725787954367
78	-300.26682836847976
79	-305.60191609379683
80	-293.50400202838364
81	-302.0069292581997
82	-304.8322119402255
83	-305.76314370299457
84	-303.1678038087722
85	-301.2449107518684
86	-302.0146657701051
87	-305.6443502786133
88	-299.23099744723606
89	-299.33720711765267
90	-301.9307111736916
91	-299.6924770611369
92	-301.8409632645545
93	-299.6045998552222
94	-304.0512418389373
95	-303.7537927833648
96	-303.8716810696746
97	-309.9083078913741
98	-304.38478440415355
99	-300.1642813005607
100	-298.23453035441065
101	-301.6188536185803
102	-302.1711338198023
103	-302.85104898986214
104	-310.29570829422016
105	-303.73302256179346
106	-305.0866954491714
107	-308.8458541208744
108	-306.45984799553565
109	-304.3636208970706
110	-303.00824273659236
111	-304.49454960417154
112	-300.13674456774766
113	-305.4312614490958
114	-311.1173174918393
115	-309.05804349834057
116	-302.8735923173263
117	-303.5132885668767
118	-302.7063574212556
119	-303.110727127139
120	-302.96978094075763
121	-308.34343109885276
122	-305.79318817949013
123	-308.0690087030036
124	-307.6627652493888
125	-300.77963739273713
126	-311.7946483382345
127	-299.7504698381157
128	-294.99321381716527
129	-301.1493033379402
130	-303.5471878948069
131	-307.3279056110971
132	-303.3889975554202
133	-307.6907175070125
134	-304.45848873684514
135	-299.816880167012
136	-294.79060090066133
137	-301.40911710343966
138	-300.3572186870299
139	-307.35779755629676
140	-310.6471451513177
141	-306.21003527034406
142	-302.37905000255523
143	-308.93513011437204
144	-304.57283487833
145	-301.8865917471023
146	-308.2216096766973
147	-302.22622559250823
148	-305.6800499821859
149	-305.08867114931223
150	-305.6270240163002
151	-308.9957463818436
152	-300.6978427692265
153	-298.7074187764595
154	-301.2412073215625
155	-302.7644607327242
156	-301.7088587206769
157	-302.2403767999924
158	-298.4210403919942
159	-305.60738720060874
160	-305.60830993658413
161	-302.57327637817224
162	-307.2449372680043
163	-300.2119304521301
164	-307.46534262822604
165	-302.6899885202755
166	-306.36686927712833
167	-301.38702583497525
168	-303.25049800528916
169	-309.67944082251773
170	-303.8250330720618
171	-305.48287600942604
172	-301.4503369202335
173	-303.5562780568356
174	-309.7392372399733
175	-302.2344425039808
176	-308.6008675189465
177	-311.35093606325546
178	-303.1350904382635
179	-298.89363033722873
180	-296.294959063498
181	-299.9324804511133
182	-304.90688259086863
183	-294.1349845488236
184	-301.4670931245233
185	-301.13079357585286
186	-298.5635902031488
187	-301.67154586295794
188	-308.32362019967957
189	-305.36200573192144
190	-303.01411452483944
191	-305.00077332205274
192	-308.5588098717836
193	-304.53700432779476
194	-307.160835657859
195	-301.4269971295975
196	-310.7593677181123
197	-307.68963816902254
198	-308.3443960728853
199	-306.76431424205896
200	-298.12439016714575
201	-302.2536565734083
202	-302.6305972737323
203	-303.8032625155425
204	-307.1745864847615
205	-300.0579237939785
206	-305.07029097385623
207	-306.51997489541196
208	-300.333306502636
209	-298.85371034128156
210	-300.4673238667612
211	-303.4269951045493
212	-309.627911847761
213	-304.90076774064204
214	-308.0386010985815
215	-305.2511905593295
216	-303.83040693162974
217	-302.04587712571316
218	-303.32475528251973
219	-302.11670000000004
220	-306.09504034961446
221	-303.2550427741766
222	-308.5399090989934
223	-296.93242748902446
224	-301.151539208126
225	-302.9027094055089
226	-308.65995603627994
227	-307.30795924550466
228	-302.956848130848
229	-306.5218516099067
230	-305.9477682109514
231	-306.9422242019853
232	-297.45347876931874
233	-297.5054355687407
234	-298.4569724310134
235	-298.32104142755236
236	-303.99066153111585
237	-308.042507614341
238	-306.98489432106834
239	-305.0999170970758
240	-312.2165760187523
241	-303.84564545326634
242	-310.76115492492704
243	-305.8421941141967
244	-304.20742385934057
245	-310.3833851615381
246	-308.98255787233785
247	-311.3977775951724
248	-308.004326396185
249	-311.4371471920929
250	-312.99229656200055
251	-302.9964682232093
252	-309.8627238294883
253	-303.1658094336061
254	-312.2442348647058
255	-298.4907199526753
256	-308.15157746465565
257	-305.4267673791528
258	-307.8487364768397
259	-306.80741558666097
260	-309.019236246024
261	-305.9121148741376
262	-308.89245792850255
263	-300.710492239016
264	-302.16844780922224
265	-309.31636012996194
266	-310.2881895670028
267	-312.0355946409914
268	-301.68002117457195
269	-300.1271327467332
270	-301.601912591833
271	-303.4097049391703
272	-305.3809945548266
273	-309.7817427322924
274	-310.14593538605226
275	-306.3729552766781
276	-306.9272982880662
277	-313.57641083579165
278	-303.23990265513976
279	-309.5405380987732
280	-310.0948987492442
281	-310.21391562500025
282	-303.5265149990722
283	-310.2238373249434
284	-308.651289812421
285	-308.71194973983444
286	-301.0124629193161
287	-303.2969392246327
288	-298.4181207361142
289	-300.3875746581447
290	-298.11963184838373
291	-306.7585015591649
292	-299.2625781410814
293	-301.3983964561453
294	-303.01089232316326
295	-307.17115434666965
296	-307.6361793477398
297	-292.3772111233193
298	-310.0982481094225
299	-310.5761056986094
300	-309.43303059265503
301	-306.65268706633094
302	-306.42892718632817
303	-311.4044707701909
304	-306.7026805108951
305	-309.6346332394401
306	-312.76580232465847
307	-301.52534274442127
308	-302.34924511510553
309	-304.2251657734179
310	-310.36044446033833
311	-311.3856739683492
312	-310.84083715575343
313	-308.93964211327915
314	-306.30393003855113
315	-304.9606078610117
316	-311.1490406392002
317	-312.50509996318436
318	-305.09252072800535
319	-307.4071015903994
320	-304.08323150114836
321	-297.8963775917989
322	-303.0313631736305
323	-309.02313511705876
324	-306.50805083478303
325	-304.5913769487894
326	-299.857223908688
327	-299.33992239250375
328	-306.5000298984405
329	-307.2416954073441
330	-312.3220675598669
331	-303.3735001325795
332	-302.37390958098075
333	-307.4125651603902
334	-306.6678881758082
335	-308.37428547361606
336	-302.6205964638892
337	-301.2537948692308
338	-308.5838414075099
339	-306.10586158132065
340	-310.4398448543361
341	-306.22713830162957
342	-303.94633038026416
343	-304.03899099364685
344	-305.5925418979789
345	-302.2343902693401
346	-309.42823292104094
347	-309.18274562189333
348	-297.5435348756251
349	-303.6962733779608
350	-307.8723361685494
351	-305.58835093458686
352	-303.1996250909425
353	-308.01526657211434
354	-303.00850268312854
355	-303.14953897654084
356	-299.29170171275075
357	-300.71729701828525
358	-307.32402688532346
359	-294.5493222238049
360	-311.1040473179288
361	-304.808625691708
362	-306.0752546356093
363	-306.2281221225507
364	-309.09913541657704
365	-304.6615027990677
366	-301.5027052743461
367	-305.09723510591374
368	-302.0058506187283
369	-299.7249330082016
370	-299.13554747446454
371	-301.6374229255095
372	-307.52668913853336
373	-297.1627881077359
374	-298.0082964210105
375	-300.8782264196072
376	-305.821385540015
377	-298.3038190498362
378	-308.9548457114818
379	-302.855581458581
380	-306.6280542459214
381	-309.879554051307
382	-305.5482869663017
383	-304.2191558274347
384	-301.7723204373006
385	-310.53754595682454
386	-307.10509680921353
387	-307.27226881369756
388	-311.5162379634648
389	-297.39230806256984
390	-298.7378514819543
391	-302.3465461104007
392	-300.3049010002489
393	-306.20059464054225
394	-306.362974399663
395	-306.7029565426956
396	-307.1612458934607
397	-303.55307169262613
398	-307.23287562133936
399	-309.212016413246
400	-309.4826282532149
401	-304.8897736029776
402	-306.6699369880992
403	-307.22062339307024
404	-312.48965245274974
405	-306.42107788192004
406	-305.89552553836864
407	-304.4488177324277
408	-308.63231101499997
409	-303.6488877027435
410	-308.4830345374295
411	-305.12456944630094
412	-303.6269519250992
413	-300.19206413404976
414	-311.34162702152736
415	-305.01626060981175
416	-305.2786132470914
417	-300.5568194367838
418	-308.9345985219276
419	-300.9908136652834
420	-304.1067753622796
421	-305.41114258882556
422	-303.1337012553002
423	-310.09220313598223
424	-306.287158630836
425	-308.880867192525
426	-307.6327959678483
427	-304.99602365493956
428	-304.14730269931994
429	-305.411477766089
430	-307.6732447295973
431	-300.90371238267954
432	-301.3780978612343
433	-300.50612440838364
434	-303.6965746240308
435	-303.6053682898996
436	-309.8298369246079
437	-308.3535738053454
438	-308.3099489339561
439	-304.04790339912387
440	-299.5853315328206
441	-304.3525187876179
442	-308.38949373726024
443	-299.4464037871421
444	-301.19614964046787
445	-307.1643089114588
446	-308.1547734056485
447	-300.0953211882987
448	-306.1795933967553
449	-304.63738042674083
450	-306.35284934875597
451	-309.2309145415004
452	-307.2345327549708
453	-303.91337319023893
454	-304.4451766202188
455	-298.37838588892345
456	-302.62041750305804
457	-303.55330248668736
458	-301.4155746992773
459	-308.83436612787636
460	-300.0199689987078
461	-308.79189456317954
462	-307.77101305932456
463	-301.95356862849366
464	-304.87625597373295
465	-305.9352999381017
466	-306.1265229202045
467	-304.73152620470967
468	-307.508063401949
469	-300.04620470616504
470	-306.67380866452356
471	-299.5768430058046
472	-301.45123659967425
473	-300.5983923104674
474	-305.53730539565163
475	-307.01096167012514
476	-303.99648578727596
477	-304.8320665731201
478	-305.35768873989525
479	-298.4556000000058
480	-300.17398229895053
481	-299.43503815643135
482	-307.5486121931617
483	-305.194759240562
484	-306.5168111444673
485	-301.27887494481905
486	-303.8044599328981
487	-303.10539376395616
488	-308.9409932982635
489	-310.1306043224836
490	-303.4675104040545
491	-306.1154492648174
492	-306.3861159328105
493	-305.613115281975
494	-310.75439159830154
495	-306.0201637501581
496	-303.0744252783809
497	-295.6739812610909
498	-303.71035906109813
499	-296.31821164366283
500	-300.19686018023424
501	-307.2489455028985
502	-305.08581096973046
503	-304.03691904075293
504	-303.33950916980865
505	-302.6954865066435
506	-307.5006191949876
507	-308.63054408698866
508	-307.36488192537473
509	-304.66416316284176
510	-307.17720529098307
511	-303.92814072631046
512	-308.04353367861097
513	-311.5530035623386
514	-312.34028657430906
515	-308.01393309172227
516	-309.90954083812437
517	-312.1736286482014
518	-304.53601639841185
519	-308.36441388502885
520	-303.6036375418095
521	-308.4970885042815
522	-310.06925531207077
523	-308.0385344525702
524	-301.75925183510367
525	-312.648346326087
526	-309.31111610246325
527	-305.2315257643274
528	-311.0253851660088
529	-302.9405166164405
530	-306.1133124136121
531	-308.75510803109506
532	-303.2906660905641
533	-300.7155718910724
534	-305.25837051538974
535	-305.8333480109072
536	-311.21947905530504
537	-311.9673773512196
538	-302.96003006692064
539	-306.5090864070482
540	-302.9145087783768
541	-313.24243963136996
542	-302.3730231348572
543	-307.4586461291858
544	-308.10471528894413
545	-302.90735172600813
546	-307.8927997434438
547	-304.10314980666135
548	-309.2222651549824
549	-303.48666841145655
550	-301.31407087725773
551	-304.1567137199811
552	-315.0315162979181
553	-303.64493180528444
554	-312.46339162103266
555	-310.5317132919399
556	-305.4556940650846
557	-307.06384236908144
558	-297.72026075570915
559	-299.8214742060269
560	-303.4794771410624
561	-309.7509985014232
562	-305.97847818346304
563	-310.4667439319804
564	-308.6677528901843
565	-307.5446892847585
566	-306.97751789472136
567	-306.28174839006994
568	-301.8895325072681
569	-299.34631745505874
570	-309.3781873583823
571	-308.66017645032235
572	-302.2656487921511
573	-299.85955518957564
574	-302.7759749338239
575	-304.7965144411772
576	-305.8191895143198
577	-300.8971094259244
578	-302.1143405109743
579	-308.0923742435856
580	-303.50390308108535
581	-307.0779225747326
582	-307.88691973456235
583	-309.14078246217144
584	-312.312031206243
585	-304.7136026817578
586	-305.55961435479776
587	-306.2463263345235
588	-306.4483075954942
589	-309.51651669106207
590	-302.2336880893949
591	-301.75462217514723
592	-305.0838285124443
593	-295.48200681626804
594	-307.27034995469984
595	-304.8667520009161
596	-306.928904886218
597	-304.62304468718827
598	-299.86109252517247
599	-302.3513162058397
600	-306.37092577917304
601	-304.7506270121881
602	-300.76153447504987
603	-304.5033609149994
604	-302.7279665298298
605	-307.92772512164584
606	-313.78451554403586
607	-305.67181063558013
608	-300.49348449255376
609	-299.4794868501456
610	-304.26418127142136
611	-305.03543974734146
612	-307.09343503125945
613	-299.4565455384952
614	-309.25898689237965
615	-309.024956257311
616	-304.8355421683935
617	-307.2105983742739
618	-300.5503655239892
619	-305.27894495490705
620	-303.5622211067911
621	-306.4056139929239
622	-307.08827389711377
623	-303.02152070397767
624	-300.3832628264318
625	-293.61539349362045
626	-308.6686372791076
627	-304.75510357177365
628	-307.3206370512919
629	-304.8917897463715
630	-306.89777625178095
631	-306.134804887831
632	-305.4776178913912
633	-312.740316955717
634	-311.3589383532468
635	-303.2679216633481
636	-310.1164606788326
637	-305.6493970742278
638	-306.2781451437159
639	-304.2108612510722
640	-304.8330096150974
641	-305.99697962544565
642	-311.9321523228813
643	-302.7282755542792
644	-311.15244673486677
645	-308.62931647738696
646	-302.99182478461057
647	-297.2142331328079
648	-308.06663468148986
649	-309.40043405700885
650	-302.30273405247357
651	-306.3790924615379
652	-304.3142625940184
653	-297.6237320274508
654	-306.3323458698164
655	-303.6866851134327
656	-306.3516063832456
657	-296.18732177106244
658	-295.70543309488744
659	-301.8668385006347
660	-307.3779407040971
661	-306.1971312766471
662	-303.350631765378
663	-310.8628889843341
664	-306.85805451975324
665	-300.7784762939805
666	-307.34798771594734
667	-310.2486596161683
668	-303.44739310337644
669	-308.4787527771972
670	-303.3538082881403
671	-305.02005888272157
672	-305.19716507123314
673	-302.012586436008
674	-304.900855803818
675	-306.40486503491957
676	-302.6045803393075
677	-300.93056758676755
678	-307.41930539664276
679	-305.7411090553134
680	-305.23594458203144
681	-306.8997598705555
682	-305.26942535949263
683	-303.17202331806817
684	-300.73913763771554
685	-303.04366597169235
686	-298.6326008825109
687	-299.55693373968694
688	-304.55273142861506
689	-309.2049621400877
690	-296.42499477987775
691	-305.06829576993454
692	-299.38491729374545
693	-302.8494329364107
694	-307.8893682306762
695	-296.07268011166354
696	-308.4461686246074
697	-295.59197233346384
698	-303.3251468233798
699	-305.10745182719694
700	-303.15066853299885
701	-308.7117840368467
702	-306.97420865531035
703	-298.1285863722363
704	-304.1572562898492
705	-309.0908422645439
706	-307.29094986066127
707	-310.09419048126693
708	-308.3665575691274
709	-305.53687586372155
710	-299.36431237145274
711	-310.25877547599583
712	-307.4913932060652
713	-308.8818327469484
714	-305.5210774920692
715	-305.20809653908975
716	-303.76506761046136
717	-312.352404460504
718	-303.2296243639788
719	-310.9298549219912
720	-300.4803106826159
721	-309.0321657459542
722	-314.04034834095955
723	-311.08116231303643
724	-307.10708377728434
725	-307.1591089758643
726	-308.7584502160084
727	-311.2877986284459
728	-307.4611345553801
729	-307.41520341174066
730	-300.92925890814905
731	-302.38082185602514
732	-308.83698300044256
733	-308.24973388991566
734	-312.1159321736006
735	-309.11123969612225
736	-308.3892533026777
737	-302.61199907073615
738	-304.4924567939528
739	-302.5674563932304
740	-304.16289321043547
741	-301.01887207562424
742	-298.78939413679547
743	-296.42319284975974
744	-297.6567141531382
745	-304.16996844477757
746	-297.035069177702
747	-301.7312894758571
748	-303.95053005255073
749	-306.3880362845548
750	-299.7757502131294
751	-296.06309254945256
752	-311.0168429367922
753	-298.76004429827333
754	-300.5450597876975
755	-305.3902933761012
756	-301.97042002542634
757	-309.084864054662
758	-300.2522170988895
759	-301.1835600536716
760	-310.15672406104625
761	-304.5928909625737
762	-306.3705120820356
763	-307.4810059816667
764	-307.6645689480039
765	-308.06439117151564
766	-296.4983419340534
767	-305.53566946207593
768	-304.96311044750865
769	-307.5975714782789
770	-303.8606259113154
771	-315.1180309685589
772	-307.31621765936967
773	-306.04759886637515
774	-310.7961653721656
775	-307.2011929615721
776	-303.21807085884905
777	-308.0307853114548
778	-310.72311360887824
779	-306.43895934866293
780	-303.51706529067025
781	-307.54815597900557
782	-306.8750702205771
783	-301.1536808931929
784	-304.2604937709099
785	-297.82058480244245
786	-300.6486436903184
787	-303.767656306585
788	-309.1370240504075
789	-309.8800069101079
790	-299.47590988491925
791	-307.76262789903006
792	-306.6220952802993
793	-303.56886535869694
794	-307.9124958578522
795	-310.31977940533085
796	-307.7000896180612
797	-304.92518271812133
798	-307.00547429040637
799	-296.9408003633681
800	-310.4896841785159
801	-305.08511309809325
802	-298.44864889847054
803	-303.22368248894
804	-306.19425293895426
805	-303.66823241106266
806	-307.3846740850598
807	-307.8895438195857
808	-306.2356857999396
809	-301.21563928976855
810	-306.1177937650738
811	-307.46077358868627
812	-310.0672496280959
813	-299.4324287470522
814	-305.44715626547827
815	-303.85884627899645
816	-310.4226090284594
817	-299.7483493128757
818	-304.5282202613973
819	-309.9760468156775
820	-305.28499945923903
821	-305.46636958766874
822	-298.0921541887043
823	-303.24996635046784
824	-310.48537054972957
825	-298.60954907217365
826	-305.0464652522287
827	-309.6801269461625
828	-302.0675586533463
829	-309.38966845207335
830	-304.3902398692022
831	-304.36344108798687
832	-303.6558515273535
833	-304.79015600502197
834	-301.57165506814977
835	-308.3297542347052
836	-303.46406866102785
837	-304.58792128940274
838	-301.3724997237618
839	-303.014409994889
840	-309.5619830842981
841	-307.5370270543705
842	-301.8821403775891
843	-305.1370663707371
844	-303.6641294575859
845	-297.2714236137479
846	-307.1371317648435
847	-302.2990484934869
848	-305.0460715697158
849	-308.1837386736067
850	-307.44344946608845
851	-304.5039665713615
852	-305.38077567394737
853	-302.27924746964646
854	-303.3694858257534
855	-306.0271699389175
856	-302.6067094724844
857	-302.56325799242154
858	-305.7187802866124
859	-312.0323000563332
860	-309.35205501688756
861	-307.90836689636706
862	-298.4136396961761
863	-300.59063185817763
864	-304.7602797335019
865	-306.2224010870606
866	-303.7051726361052
867	-305.11223860504134
868	-296.3029159430984
869	-309.8951747019128
870	-303.15210211966684
871	-300.58440829582764
872	-299.943864624893
873	-302.74983382894266
874	-308.1976934694072
875	-300.1395073627889
876	-301.9627162169723
877	-304.29346152322273
878	-307.30431569753677
879	-304.39413090559435
880	-304.1657443932552
881	-307.3601666064523
882	-302.7825108953917
883	-308.4849808900187
884	-304.8464916010409
885	-298.0215180205842
886	-298.9540311822087
887	-301.5052185508184
888	-309.2824413629816
889	-298.0120745357129
890	-299.30639285357165
891	-307.95511742338874
892	-308.1525452231691
893	-305.5649889089299
894	-304.64134914582024
895	-301.6775634283799
896	-305.06489790920796
897	-303.81571205749486
898	-306.12263974733327
899	-304.73637897931815
900	-310.42581962808066
901	-305.33259192338875
902	-306.1511448705709
903	-305.12544746768657
904	-298.63076309106435
905	-302.92536367017266
906	-305.14208012639625
907	-307.76149078963175
908	-309.54918022952904
909	-308.6027651132813
910	-302.9120933690217
911	-307.72797668316935
912	-311.45514584048186
913	-300.5674652184474
914	-307.140373244707
915	-308.1858993697066
916	-305.91703678583457
917	-306.7642972558191
918	-301.7359083002582
919	-295.594788038823
920	-302.0532517799392
921	-297.70548186227415
922	-305.47817819877326
923	-302.37989314059485
924	-306.5753641242451
925	-310.57918865792203
926	-299.78859715957657
927	-303.0309291360685
928	-299.46646868912353
929	-303.3349056027797
930	-308.44776493182985
931	-308.454875428425
932	-309.1315262214118
933	-297.99571712015864
934	-301.2951283712594
935	-307.8523268083401
936	-302.77274894416774
937	-304.98108945291494
938	-301.75832854351404
939	-305.31617576655935
940	-304.6723254478022
941	-309.9001274888605
942	-300.7099466428131
943	-304.94958103442195
944	-300.6636627719769
945	-293.99541676575853
946	-297.9310976256186
947	-299.73878388453863
948	-296.87642812421205
949	-304.33018457142595
950	-302.8319896644547
951	-301.95121032665173
952	-300.70415988139774
953	-302.9436447286348
954	-301.22735803868613
955	-311.65356694245384
956	-305.6146706394924
957	-306.40035292005314
958	-300.20180785295594
959	-303.9249054286225
960	-301.70876946724593
961	-303.0137277283613
962	-300.2489330793459
963	-306.02089204182334
964	-298.74192031114774
965	-307.476860577387
966	-304.20052910235296
967	-300.71205699668076
968	-302.71781746986255
969	-307.64951335589365
970	-302.672241717549
971	-307.9946226755661
972	-308.83058991095936
973	-299.7742881574232
974	-303.96097805045264
975	-297.8288895565218
976	-305.45378494273837
977	-305.5910030286565
978	-306.156243921298
979	-308.7688538232759
980	-304.34190934060837
981	-309.0738680364527
982	-306.49575932226395
983	-294.28465504425037
984	-300.72518650895285
985	-305.1159163135473
986	-309.735812277723
987	-304.1409573029377
988	-305.36117409137927
989	-308.7779117775865
990	-307.8743421938804
991	-305.6448091013452
992	-306.4487430482893
993	-304.6378398506415
994	-312.3086606644321
995	-302.60454605395455
996	-309.0006497797984
997	-304.58159801679307
998	-310.46294305238877
999	-307.3992657717764
1000	-310.31487132802283
1001	-304.60055552198645
1002	-301.13304329686537
1003	-303.4019828324102
1004	-308.4425281805926
1005	-301.7139706039278
1006	-308.19347240268013
1007	-291.4288783587868
1008	-309.1801314538069
1009	-299.32185734986695
1010	-299.7296827443669
1011	-302.1903242056698
1012	-308.17184672859787
1013	-305.11092755913836
1014	-310.78997490589234
1015	-306.66628692973825
1016	-303.5034926670561
1017	-301.7186804314038
1018	-307.45567592659165
1019	-302.2557616390858
1020	-305.00571092327255
1021	-299.67855798615363
1022	-304.4124137420258
1023	-304.98001088939355
1024	-301.5728337980559
1025	-294.7396122106098
1026	-306.7916012933675
1027	-304.431361620356
1028	-302.8027938757844
1029	-304.16399762839814
1030	-308.0325751558263
1031	-306.14826872311164
1032	-309.114720963328
1033	-315.2938353683916
1034	-302.78824722667633
1035	-312.29774706411837
1036	-304.64052135020285
1037	-308.2880269925046
1038	-302.299833906681
1039	-306.93309961998807
1040	-305.6825336580216
1041	-312.19448166511586
1042	-308.0777733968516
1043	-314.7019911772008
1044	-311.5127537000976
1045	-315.0564599190494
1046	-305.96277477118457
1047	-302.329836683274
1048	-301.12378886648304
1049	-306.3523210498543
1050	-307.23627730132114
1051	-302.7062902805787
1052	-303.8247089318484
1053	-307.39637503688294
1054	-309.1703846419132
1055	-306.08209767562823
1056	-300.8174906912088
1057	-304.9292876380153
1058	-303.96765445312826
1059	-308.2294191590139
1060	-307.3520845507186
1061	-306.73835371362065
1062	-306.2782285605444
1063	-310.70609036526577
1064	-303.83120726543973
1065	-304.44544763142574
1066	-307.78178461929656
1067	-308.24069956823394
1068	-308.6434206691962
1069	-304.54789101536795
1070	-306.0828794874473
1071	-304.91399510578793
1072	-312.4192524632516
1073	-310.92212511252734
1074	-299.5371935461771
1075	-307.0407914847804
1076	-302.0752218456575
1077	-304.26706569958606
1078	-309.45944249336753
1079	-301.25004953037717
1080	-304.41253759938746
1081	-299.48813423635454
1082	-307.94413534714477
1083	-299.7108283617917
1084	-301.34009839027084
1085	-306.8547550413909
1086	-308.7792030140937
1087	-304.94088424105723
1088	-307.44053194696016
1089	-302.0202599282422
1090	-308.07505400777853
1091	-310.4083958752811
1092	-307.56300103726034
1093	-300.4919766591692
1094	-301.71708350490405
1095	-303.0983395715507
1096	-302.0324560686448
1097	-306.18285613771656
1098	-305.5587755431809
1099	-305.36294142274886
1100	-315.00293320171556
1101	-309.7229255274919
1102	-307.3343910346262
1103	-306.5028632297197
1104	-301.6415372095942
1105	-296.27383839472265
1106	-303.6612470037976
1107	-302.6135759193613
1108	-304.91978431739955
1109	-308.406459649919
1110	-306.28349762009265
1111	-301.0124223634296
1112	-303.83915248730125
1113	-307.953010583672
1114	-304.6406329887557
1115	-312.4755196544071
1116	-310.27758510006555
1117	-301.3391409042041
1118	-304.2813403453558
1119	-302.03877342415734
1120	-306.2448351175465
1121	-306.45731007834644
1122	-297.85169573070567
1123	-309.1724137805772
1124	-308.33238209801215
1125	-304.04686193268014
1126	-311.54871885789356
1127	-302.6395980736307
1128	-307.5587106141833
1129	-306.8575981581327
1130	-303.86340821166567
1131	-306.0131710366705
1132	-306.1890757865399
1133	-303.37268874245484
1134	-310.9749176382079
1135	-304.75332927651243
1136	-313.9463415163925
1137	-313.36202674181123
1138	-309.9568768068983
1139	-301.3423956364447
1140	-303.86505248354433
1141	-308.03927878587615
1142	-309.68262252555996
1143	-307.08670635125407
1144	-297.80066315112
1145	-306.7763007646986
1146	-305.14214755596475
1147	-307.2204513807288
1148	-306.916305907517
1149	-302.02917483166664
1150	-302.3523357629544
1151	-304.39292603509637
1152	-297.37702682149785
1153	-304.480884105318
1154	-306.55569276231665
1155	-302.92255682913736
1156	-312.0749899023292
1157	-306.62932890336583
1158	-306.685531977846
1159	-302.19177582171926
1160	-306.2579391667207
1161	-300.810104840571
1162	-301.90709686448133
1163	-310.732305217231
1164	-302.72073284199007
1165	-302.3780290344396
1166	-300.1391562144418
1167	-300.6154779160329
1168	-296.2783493318817
1169	-308.8287622012399
1170	-307.5997128116684
1171	-309.8312162155127
1172	-308.77545683776015
1173	-310.6878579648002
1174	-307.9128843590099
1175	-314.19155904322156
1176	-306.6269304294734
1177	-307.95814390964546
1178	-317.3112968369089
1179	-306.42712995562977
1180	-312.0294710287343
1181	-310.3940065230369
1182	-311.9953910201898
1183	-307.4114333064094
1184	-310.39603659802145
1185	-303.27239836445995
1186	-311.3552577296323
1187	-309.26859725745703
1188	-307.1899583918988
1189	-307.6338451971292
1190	-309.35884470647306
1191	-308.48140724514957
1192	-311.00991723027244
1193	-306.3386005079706
1194	-305.41862906058657
1195	-308.251456114567
1196	-310.322546042949
1197	-308.9813775349432
1198	-307.9113525067198
1199	-309.2068445507136
1200	-301.8996079545878
1201	-302.48816770865653
1202	-307.9164404159531
1203	-307.2323470523285
1204	-308.21118567421126
1205	-308.1603728115152
1206	-310.1140063110969
1207	-304.6129931288831
1208	-310.29674241222426
1209	-299.65671320236174
1210	-298.3081847570633
1211	-306.12301323177184
1212	-300.7326761358495
1213	-303.9646190486428
1214	-299.4562577617702
1215	-309.0126336250372
1216	-305.76940117935703
1217	-304.17205754093067
1218	-308.46005963952894
1219	-303.17622154556676
1220	-301.6715751727604
1221	-297.0306671539372
1222	-295.21845016000333
1223	-296.5194926136105
1224	-302.98430653262795
1225	-306.76656353564346
1226	-302.89509662473523
1227	-303.1170622941053
1228	-300.0165839186748
1229	-306.8664767992062
1230	-306.47017283500554
1231	-299.8480474938754
1232	-302.7854977276859
1233	-302.09155900906524
1234	-311.9578228100213
1235	-302.3502279135013
1236	-300.1668578549094
1237	-302.67688698631326
1238	-296.45663850605246
1239	-297.0464334760224
1240	-299.985896091516
1241	-304.06347722678623
1242	-303.03849442198003
1243	-304.89499206563835
1244	-301.2466343336887
1245	-308.9211478179128
1246	-304.3652947986814
1247	-305.0494674075535
1248	-305.254115396983
1249	-301.87654796019467
1250	-302.63258917159015
1251	-299.7925546712805
1252	-303.05213197308245
1253	-305.4275080364632
1254	-314.3859145140853
1255	-303.8973487947898
1256	-302.12990965284035
1257	-308.4095918909584
1258	-304.58502556801574
1259	-298.5953942053647
1260	-309.0432790454512
1261	-297.8073102642972
1262	-303.45479136590893
1263	-305.11545658111316
1264	-306.856847414187
1265	-306.4491678234711
1266	-308.7406909861945
1267	-305.5864453807306
1268	-299.58869782169376
1269	-304.1618922083335
1270	-302.29108772745354
1271	-305.5361595443628
1272	-299.1066103558175
1273	-311.58278753463924
1274	-309.2764465996419
1275	-312.9293167861715
1276	-314.922965580991
1277	-306.50976803105044
1278	-309.13654132968907
1279	-310.09656782559296
1280	-301.0726648412379
1281	-301.28195999487593
1282	-304.01559284971165
1283	-310.54639457078775
1284	-308.7680243587122
1285	-305.83496208289847
1286	-311.4938012903932
1287	-306.96042984336293
1288	-300.5741274818918
1289	-305.5261306392334
1290	-309.39159076843623
1291	-298.1610783782464
1292	-300.4518345310401
1293	-300.10185737198185
1294	-300.865214822052
1295	-309.2189833984052
1296	-306.57485542392084
1297	-304.65694233470583
1298	-297.74842248817873
1299	-299.8404885056189
1300	-302.19425167925425
1301	-292.70203043127407
1302	-303.45094972857834
1303	-308.98487858790077
1304	-311.7024097289979
1305	-302.96508965730374
1306	-303.55339691053166
1307	-306.7196882599407
1308	-301.20818595813375
1309	-308.68902237435765
1310	-317.97930799237645
1311	-316.81802124131815
1312	-303.0678721690637
1313	-311.3553177502754
1314	-309.798103172583
1315	-308.1364446788427
1316	-308.21638701412684
1317	-300.2320541902082
1318	-309.52706150030014
1319	-307.3118416036091
1320	-307.0311779440377
1321	-297.33866378288684
1322	-298.603116314644
1323	-311.9013687387076
1324	-308.02042240396526
1325	-303.8914502334232
1326	-308.56291654946364
1327	-303.691012885804
1328	-308.34712899188827
1329	-305.99536205655625
1330	-309.6987563482533
1331	-308.83499112849694
1332	-304.5033698464819
1333	-303.422083477819
1334	-306.56004825525537
1335	-312.78490053616684
1336	-308.6079306479631
1337	-304.9234116729731
1338	-310.5555053154958
1339	-309.05615055124866
1340	-311.3613759185788
1341	-307.774195654511
1342	-303.0801717724808
1343	-299.4327072275486
1344	-304.2729102228253
1345	-310.33218197425265
1346	-304.8703201288196
1347	-308.21937682394343
1348	-305.36223141424665
1349	-303.1350913355353
1350	-309.20159476442063
1351	-302.37467871333257
1352	-307.03470012361424
1353	-301.96760281948514
1354	-308.3101898941563
1355	-305.34391246585835
1356	-303.95373139416057
1357	-306.15244058201773
1358	-304.38773129136894
1359	-304.715513341815
1360	-306.5683426733649
1361	-309.13754282755644
1362	-305.35168770953425
1363	-305.845143764566
1364	-304.40252178990653
1365	-299.8429113549344
1366	-310.2216636050733
1367	-305.4376638538373
1368	-303.70756719060824
1369	-303.98122296185466
1370	-310.24754213288435
1371	-308.8903382049191
1372	-309.68682413011186
1373	-307.60929807665656
1374	-305.8264256167826
1375	-302.4350608870036
1376	-308.52371879089884
1377	-314.7010898594025
1378	-306.4911214269608
1379	-309.5113486901003
1380	-305.8704986946828
1381	-303.06125266408804
1382	-310.7595872188909
1383	-297.6082950568376
1384	-307.1165021264876
1385	-306.156763075939
1386	-305.7530221076571
1387	-305.97988990510856
1388	-303.5073181437584
1389	-310.7595675391081
1390	-305.45496043077105
1391	-307.01507165957366
1392	-306.0728538194532
1393	-308.76945192118393
1394	-304.46044598468984
1395	-311.8030288712065
1396	-306.10661862091297
1397	-301.49168147719
1398	-304.8642144175862
1399	-306.41495446067705
1400	-298.417548903601
1401	-303.51313064147473
1402	-304.6724219997955
1403	-310.48391672775216
1404	-309.0577354246847
1405	-307.59914740734274
1406	-302.63644615895987
1407	-302.56404183766807
1408	-301.8246589978578
1409	-303.0315049906773
1410	-300.6030600028528
1411	-306.5475248170328
1412	-303.8121156685086
1413	-302.2237690789595
1414	-301.3609758270766
1415	-307.27473922888686
1416	-307.13988244447995
1417	-305.1333301627333
1418	-311.8697595512977
1419	-308.5887651934801
1420	-311.31452810583556
1421	-310.50754399783835
1422	-304.53134015145906
1423	-302.86220023035867
1424	-309.4357329571703
1425	-306.9232466042602
1426	-308.9432141622006
1427	-300.0882195367532
1428	-298.8719795709319
1429	-308.5379894831837
1430	-305.15306278387436
1431	-307.1528270870676
1432	-309.69117610600614
1433	-306.6295845407405
1434	-299.06055047278164
1435	-311.89395091504116
1436	-300.0443463470247
1437	-311.2329527262104
1438	-305.40364629496776
1439	-302.41033752517455
1440	-306.19744795056647
1441	-304.02497961791477
1442	-305.2804976828236
1443	-305.1025457059208
1444	-309.7901532035068
1445	-307.9787326786802
1446	-307.98644655138907
1447	-309.1944595265325
1448	-301.69479630685856
1449	-298.6121509858268
1450	-300.4570868761307
1451	-308.05539683261014
1452	-304.99557353168547
1453	-311.2287429430373
1454	-305.06969033125125
1455	-307.0710720314378
1456	-302.39838891406265
1457	-308.3564397218174
1458	-307.6093439129348
1459	-309.13948828029794
1460	-309.23499751083773
1461	-303.3547481466589
1462	-307.97589683424894
1463	-304.635654137157
1464	-302.3769675345043
1465	-311.84948608058994
1466	-307.84038184698016
1467	-306.3142231989146
1468	-310.32334047477497
1469	-305.2065283007177
1470	-308.30200516545466
1471	-307.56331876325305
1472	-308.51812618937237
1473	-307.93316732572555
1474	-303.1204562633826
1475	-306.11566354558715
1476	-303.53456612177416
1477	-304.8138962343144
1478	-306.0286387654839
1479	-303.4529564305042
1480	-301.3779062553048
1481	-303.29020710775615
1482	-305.7763761995386
1483	-308.0580719044908
1484	-302.84080891673574
1485	-297.6348819286364
1486	-310.3195715030634
1487	-302.39312651168945
1488	-296.04579370041665
1489	-299.941605398063
1490	-303.8499641307065
1491	-303.7206130645786
1492	-301.26424517987033
1493	-306.03440404939533
1494	-305.16243452612855
1495	-309.4886109452003
1496	-304.3938942838956
1497	-300.6810253995754
1498	-304.2023622752874
1499	-311.2693124494476
1500	-308.38927699367144
1501	-299.97400625103455
1502	-302.2054834741384
1503	-302.11626062831067
1504	-305.13896685420684
1505	-307.41852218589986
1506	-302.4942554031684
1507	-309.27351118569993
1508	-302.18631704065643
1509	-303.75029699395725
1510	-308.258465794754
1511	-312.3959458480192
1512	-308.8390563010246
1513	-306.55135889961457
1514	-310.44753825657256
1515	-311.2259299223884
1516	-302.07984869274344
1517	-304.5509336580392
1518	-309.1839296806352
1519	-309.0725739230353
1520	-306.4336000077352
1521	-307.1680246202808
1522	-303.01071669011367
1523	-304.5095619549261
1524	-307.52588631544825
1525	-305.6829649161083
1526	-299.22664948643984
1527	-304.06967606403214
1528	-303.44747165976014
1529	-303.3684916594127
1530	-298.4688372793312
1531	-291.8016937231329
1532	-298.2645350678764
1533	-298.79707498580154
1534	-303.22196810482444
1535	-302.3150363657538
1536	-308.4027292069799
1537	-298.88179489823796
1538	-303.8681000131333
1539	-308.09123684702405
1540	-308.7499484498062
1541	-302.8760812544676
1542	-305.9696611635562
1543	-302.20912385861874
1544	-305.41248488463646
1545	-295.57270179710497
1546	-301.2726593698695
1547	-302.3428138494315
1548	-302.66711297042605
1549	-301.59045952018687
1550	-304.36391646609627
1551	-303.86249507837226
1552	-300.53664234136653
1553	-294.7556367246922
1554	-308.27927263547855
1555	-305.4676937598001
1556	-304.9532774790192
1557	-304.1091837683808
1558	-302.9628984613886
1559	-308.313981892748
1560	-301.3193742619696
1561	-302.4469971536104
1562	-300.5500098306119
1563	-307.0983772579795
1564	-302.86743932928056
1565	-303.8438639149382
1566	-309.0879129203932
1567	-303.08325196464375
1568	-306.45641781905005
1569	-307.9412612686004
1570	-310.8755333644942
1571	-302.85278921175563
1572	-303.90696065659546
1573	-303.6832277475676
1574	-301.62070857416256
1575	-297.9921045009659
1576	-304.3310249561968
1577	-305.1919058594865
1578	-305.5375269901483
1579	-304.3120346170664
1580	-307.6826517850802
1581	-302.04194777408685
1582	-301.64722472398404
1583	-302.6703311906588
1584	-301.05104917826117
1585	-304.19110693225014
1586	-301.2084745200329
1587	-306.44050750177365
1588	-305.48003537345636
1589	-303.9857303828477
1590	-296.1146881959084
1591	-302.61901057268886
1592	-311.2093772943361
1593	-303.55422543866143
1594	-308.7575061898838
1595	-310.68289651149837
1596	-306.6082675310668
1597	-300.79268796598774
1598	-307.65530978493246
1599	-308.59458994384323
1600	-306.55416528284593
1601	-310.5663999124898
1602	-297.26550181307755
1603	-294.7838149448695
1604	-309.4165151498553
1605	-304.4628886470929
1606	-310.0552421014679
1607	-300.00540281293246
1608	-299.52664902383805
1609	-305.9438761293281
1610	-297.0475007583037
1611	-307.6662080289346
1612	-306.85629996076386
1613	-304.57195557416986
1614	-311.2711280293469
1615	-303.9201916100938
1616	-303.18314589941184
1617	-304.8346367448847
1618	-301.82756836277497
1619	-306.13937301386346
1620	-302.29936316839036
1621	-306.80832728991095
1622	-301.6904937540623
1623	-308.95496760254923
1624	-306.5966937362822
1625	-301.82360916878855
1626	-302.09523375290615
1627	-300.94711111509207
1628	-305.2429384450115
1629	-302.08142735079457
1630	-307.50245979379673
1631	-308.3209955121822
1632	-301.2090485233484
1633	-305.23782987182125
1634	-298.69480780731965
1635	-311.1854550020335
1636	-302.10257861276534
1637	-303.1657240281119
1638	-301.94536007045826
1639	-298.780258961653
1640	-303.34546868516605
1641	-312.6782976204094
1642	-307.23395513624564
1643	-306.3946483112966
1644	-304.7672487729375
1645	-307.80469468907495
1646	-304.5304493240921
1647	-311.08637568361644
1648	-297.59280020977707
1649	-300.84435524580056
1650	-301.2149893817761
1651	-302.20090445400047
1652	-310.32444222035303
1653	-305.5100535428074
1654	-302.7384052894987
1655	-309.73138557539573
1656	-305.2711411260504
1657	-304.2512688403408
1658	-299.8358792716216
1659	-302.9888494446368
1660	-301.27481699959964
1661	-309.1912162629153
1662	-309.301923434776
1663	-299.0951411789977
1664	-299.1583258952791
1665	-302.9017179777687
1666	-309.1352753963555
1667	-300.01014205496256
1668	-309.5568718138011
1669	-312.75650876669863
1670	-314.4355688303302
1671	-313.06862387789783
1672	-308.34357375829876
1673	-301.66557089554004
1674	-306.47606882070033
1675	-304.89382331093157
1676	-304.438380405748
1677	-304.95926074276906
1678	-308.94509973869447
1679	-314.8118347379166
1680	-308.4231473026381
1681	-309.54160205989945
1682	-307.56607254998534
1683	-304.3112937832917
1684	-302.5678138626722
1685	-307.17345213117693
1686	-304.52073878801326
1687	-312.26623540845503
1688	-301.6421586233676
1689	-304.66305365514063
1690	-302.8315548101641
1691	-302.55900728629587
1692	-306.39440891502335
1693	-303.63375171280046
1694	-304.5633350386061
1695	-299.07989691111027
1696	-305.6342163630244
1697	-307.8643467871849
1698	-307.6783079704789
1699	-303.8064767361843
1700	-301.47790208997293
1701	-308.34927611465326
1702	-305.2873608089084
1703	-305.3665764902563
1704	-305.1514228401119
1705	-303.52938827538753
1706	-303.6055651816919
1707	-304.4762974133223
1708	-305.3977192931742
1709	-299.59286445439244
1710	-305.614900799516
1711	-312.8823878248862
1712	-311.6413151636212
1713	-304.4722700293206
1714	-306.1615829043387
1715	-305.20322520404807
1716	-304.0790199962192
1717	-302.2762275702239
1718	-307.2416749395222
1719	-302.46556038945755
1720	-299.8090271003387
1721	-309.6527349636321
1722	-305.8623989560506
1723	-302.55408457348506
1724	-305.66790604903395
1725	-304.493298611754
1726	-301.2304377430351
1727	-308.79359420831616
1728	-307.9473143164635
1729	-300.21399260901495
1730	-306.45905229467337
1731	-302.80256960041226
1732	-309.1307932665788
1733	-301.0120983513466
1734	-306.1019842319709
1735	-315.9957286257404
1736	-302.68037506276215
1737	-304.8435745364021
1738	-304.1492135309847
1739	-302.3618379249994
1740	-305.69909881856495
1741	-302.3420174586758
1742	-306.03892310612144
1743	-308.38673075320435
1744	-314.0930709019591
1745	-299.8934097936594
1746	-302.38161331872817
1747	-307.2726046125013
1748	-300.675609982876
1749	-306.77978479620475
1750	-301.11498105893213
1751	-300.1579011211542
1752	-307.0106056668188
1753	-293.5292239434425
1754	-304.8502259426307
1755	-310.62466314989257
1756	-297.465976940593
1757	-305.536695080496
1758	-307.5051819666161
1759	-301.17242837970315
1760	-304.3162261666877
1761	-296.7782469625342
1762	-307.58474823703824
1763	-301.1298858988767
1764	-301.87449714209174
1765	-306.23963201115737
1766	-304.5071387781689
1767	-299.6920520451925
1768	-304.5081963662132
1769	-303.81113143847585
1770	-301.3568701018451
1771	-308.2043396129749
1772	-307.89014099402533
1773	-306.88033046567614
1774	-301.83034981846265
1775	-307.2135781228418
1776	-305.682753410463
1777	-300.94620905588465
1778	-303.61101958190966
1779	-306.38913226614017
1780	-304.88993957624336
1781	-299.84838315454664
1782	-307.2417332298067
1783	-309.5308466068619
1784	-304.77152674088484
1785	-303.7304124440853
1786	-300.6652818626037
1787	-303.0605378281622
1788	-304.3967172949518
1789	-303.65970607623643
1790	-307.8993604227193
1791	-306.62556418941506
1792	-310.58351754008135
1793	-307.8755083475275
1794	-301.7157078264462
1795	-306.6548034646009
1796	-304.1060837267638
1797	-308.38426287721074
1798	-303.92333238232214
1799	-301.17250133687236
1800	-306.96314171083696
1801	-304.44309802772057
1802	-302.3035598454609
1803	-298.3118109797802
1804	-301.0223478473862
1805	-303.37357401804627
1806	-304.75130236916465
1807	-307.60126815975815
1808	-308.87918034870603
1809	-303.62919099309823
1810	-302.70233525759414
1811	-304.76742163090734
1812	-307.84438320438744
1813	-301.0684046997616
1814	-304.4950140658205
1815	-304.5415804829503
1816	-310.62382346298654
1817	-304.29649811126336
1818	-311.04238112381836
1819	-309.4541121218301
1820	-308.6151231663038
1821	-299.12897610591415
1822	-306.58453914744115
1823	-306.1558267663106
1824	-303.91607966389586
1825	-302.08472109938236
1826	-304.9849617254823
1827	-304.4445309208805
1828	-301.12748370894275
1829	-307.3932828045303
1830	-302.66091285610514
1831	-304.4034601014004
1832	-311.4692493445022
1833	-308.02930309068773
1834	-308.4595606455759
1835	-303.0879400041753
1836	-302.3146674154382
1837	-310.302812392726
1838	-312.33492041261627
1839	-295.0248460000799
1840	-305.34012323201534
1841	-305.2783801224864
1842	-307.0799451763564
1843	-305.1186626048446
1844	-306.71779838673524
1845	-303.5784892932625
1846	-297.9138725385261
1847	-305.46504379648286
1848	-305.882903218633
1849	-312.84534260084195
1850	-304.35442458527
1851	-307.58878620299026
1852	-306.88434500953707
1853	-312.75292441725855
1854	-309.31765675712154
1855	-307.75863422466654
1856	-302.25416189042784
1857	-302.7167013783417
1858	-307.13119886180147
1859	-301.6100260316057
1860	-304.23248165656804
1861	-303.12137510773965
1862	-303.3026439323541
1863	-296.2546129828757
1864	-297.4991342420559
1865	-306.1305094809038
1866	-305.9399232719343
1867	-311.79115693165954
1868	-305.29960693310534
1869	-302.92096334221657
1870	-304.57583221934215
1871	-299.5771464268697
1872	-304.31095035358635
1873	-301.73377837619876
1874	-299.29696099114193
1875	-309.1501406547151
1876	-312.4895796422437
1877	-307.0059965365556
1878	-307.90636691247244
1879	-299.8158396251232
1880	-310.7529367190585
1881	-309.1604066341728
1882	-304.91613844090114
1883	-310.9214129895883
1884	-305.7686767790425
1885	-299.1808501882483
1886	-305.8333859231751
1887	-300.9872895592477
1888	-304.0029369032752
1889	-298.41731046830563
1890	-300.5537168639637
1891	-305.3284099076214
1892	-304.22548182360947
1893	-307.01803962669794
1894	-310.0080809067291
1895	-305.7584224449342
1896	-307.6699573523802
1897	-307.08355880704045
1898	-309.5686104773731
1899	-304.08569803565507
1900	-309.0356466889021
1901	-310.6656231753479
1902	-310.21960204407316
1903	-309.60277578650073
1904	-304.1590199163079
1905	-307.4372866262821
1906	-309.3025579074322
1907	-305.13986923908146
1908	-309.94059012050747
1909	-309.83897222860236
1910	-309.50199152577795
1911	-307.14102950038006
1912	-313.35058932851575
1913	-304.9676743172288
1914	-302.09261445846437
1915	-301.95399518838553
1916	-303.8850815215618
1917	-302.8918200973397
1918	-308.8086258718263
1919	-294.6009959701154
1920	-296.67867334593814
1921	-305.36561103267314
1922	-306.56658479355235
1923	-308.98125863428436
1924	-305.1704570964998
1925	-304.1330168946311
1926	-302.7973965827502
1927	-299.8112997170283
1928	-306.89994192528724
1929	-306.6355384837443
1930	-298.25474810405535
1931	-300.13079989646445
1932	-301.9317968164632
1933	-302.1803267014611
1934	-314.2375077583424
1935	-304.3959310355335
1936	-310.9914572148765
1937	-307.83097214484206
1938	-305.911776522537
1939	-303.3266400948556
1940	-309.60262585905804
1941	-298.14361399460876
1942	-300.35053655189625
1943	-299.5022836591497
1944	-309.1856237536553
1945	-303.3835025093987
1946	-305.72370193800583
1947	-307.4474183629854
1948	-308.26843910755633
1949	-308.188120879229
1950	-305.21726397458565
1951	-302.55163326579583
1952	-315.46064441405406
1953	-306.2025970515691
1954	-312.8307928598982
1955	-311.52667865461694
1956	-311.4404933609194
1957	-299.82457538250173
1958	-308.9602647272478
1959	-309.95680346667234
1960	-313.3209624361616
1961	-304.6817326820783
1962	-303.25472742453445
1963	-305.5960957648865
1964	-299.4985033688698
1965	-307.47777336909587
1966	-307.62328844744843
1967	-302.1013036662713
1968	-301.49118898285366
1969	-309.3871022139499
1970	-314.5451048438764
1971	-303.6540374856795
1972	-303.0550213654744
1973	-307.6792689921114
1974	-308.4232388669742
1975	-307.0146859180771
1976	-302.52761992572493
1977	-305.69014947129284
1978	-303.467032012268
1979	-305.5158644127692
1980	-307.089394908191
1981	-303.1579034525256
1982	-305.1605873023649
1983	-305.5823703503428
1984	-308.2621253507272
1985	-309.22044259980186
1986	-296.18084375790534
1987	-304.0580692442436
1988	-311.0276855534734
1989	-302.6874645765409
1990	-306.5133951890365
1991	-305.25900762221886
1992	-305.51175695615655
1993	-307.3960039022783
1994	-307.0157073179189
1995	-309.899274531222
1996	-307.63974122532466
1997	-308.704361221449
1998	-298.85284919905416
1999	-298.39593706274565
2000	-299.7819874435577
2001	-298.9774758372272
2002	-306.36750694668524
2003	-309.2532081091897
2004	-300.35061586384677
2005	-307.01715768298385
2006	-307.77403296731796
2007	-303.87513962031505
2008	-303.38114702777216
2009	-305.50422883732193
2010	-302.7881102601564
2011	-307.31129228876114
2012	-306.90064666831904
2013	-309.21818012522897
2014	-306.1243916832163
2015	-308.2286926857531
2016	-303.4404249335996
2017	-304.07559526756944
2018	-309.08851867692056
2019	-307.1852940103677
2020	-305.84804788500577
2021	-312.1383861746096
2022	-311.60489834159534
2023	-312.3946707076976
2024	-302.1416905484793
2025	-304.3464568748054
2026	-298.2359804787217
2027	-301.80461314850953
2028	-299.61233651281367
2029	-304.19341346837916
2030	-302.81320555283025
2031	-308.0142900297691
2032	-309.4029633974866
2033	-303.964299221992
2034	-300.4990747451207
2035	-296.21112776791125
2036	-309.2151079996938
2037	-310.9561070597512
2038	-304.9800083109353
2039	-301.9529068615125
2040	-307.9620128110659
2041	-308.36630140729653
2042	-312.75706395487634
2043	-305.1120704504004
2044	-308.1541919863609
2045	-305.46600856463755
2046	-296.72298440671295
2047	-305.0237808184936
2048	-305.9875910022818
2049	-307.69994204681143
2050	-304.35917072105906
2051	-312.75749044075997
2052	-308.32016004559824
2053	-299.8813395433615
2054	-311.02022934116803
2055	-304.76888282990893
2056	-308.88495072733645
2057	-306.84725257223823
2058	-314.8688276141793
2059	-302.0365089081437
2060	-301.2042778055325
2061	-304.3429667536401
2062	-305.13569298446254
2063	-305.50147805266346
2064	-305.34134545679746
2065	-305.2922807137871
2066	-304.44579797073993
2067	-305.2092527763688
2068	-304.8633817633256
2069	-307.3818651485553
2070	-302.01706594187993
2071	-306.5546868974276
2072	-304.5523916627811
2073	-302.7051969909795
2074	-305.0146586356303
2075	-308.9420232048753
2076	-309.1356961045206
2077	-308.54734183158587
2078	-313.0439392026939
2079	-306.569492392779
2080	-301.42006830098876
2081	-305.21733430176585
2082	-305.8429557761235
2083	-295.3678393745733
2084	-303.57535687929436
2085	-307.81613991086033
2086	-301.8514098812288
2087	-303.2293214949773
2088	-301.1616352998515
2089	-301.88541440609623
2090	-303.613460899891
2091	-302.20487082025505
2092	-303.15435500190137
2093	-300.17013998742505
2094	-306.62061551353
2095	-305.2716890250917
2096	-307.47913012439926
2097	-306.9276117778281
2098	-304.83816999554847
2099	-300.4928405936722
2100	-302.8245930611468
2101	-312.2956800894917
2102	-301.9056717136014
2103	-307.29765129683324
2104	-308.039266922396
2105	-308.4701353207611
2106	-303.1803778132137
2107	-311.14355155812274
2108	-304.322306580055
2109	-309.6247343103731
2110	-311.19464250606575
2111	-304.93801119196814
2112	-307.99231177402345
2113	-300.8214794077041
2114	-299.46147788249624
2115	-303.1206819706916
2116	-305.76903843517925
2117	-309.18905094674676
2118	-309.458803265223
2119	-302.5883919341624
2120	-304.6292643107485
2121	-301.45729826890454
2122	-302.09823441655834
2123	-304.2183022840184
2124	-313.64519110971975
2125	-300.75323378289335
2126	-302.00725968285514
2127	-307.81614905806066
2128	-304.8668917999795
2129	-310.0744541704709
2130	-306.18789797574163
2131	-307.26362702916236
2132	-311.39949086062927
2133	-301.20126629141043
2134	-302.14480568813866
2135	-309.7340427541834
2136	-307.0498454270563
2137	-302.05834055302336
2138	-300.3454564574961
2139	-312.8225986211401
2140	-304.1784417172693
2141	-301.267743997034
2142	-298.6563159447051
2143	-300.3398274326089
2144	-305.13965937421125
2145	-303.50782507829086
2146	-302.4399226163758
2147	-300.3684101439193
2148	-302.6580403657054
2149	-305.4091616033708
2150	-308.16642014248004
2151	-310.1062062373868
2152	-303.2877877483515
2153	-306.67511055087317
2154	-306.4845779434997
2155	-304.377251532067
2156	-300.7490842932933
2157	-301.93827634265824
2158	-308.6063174968618
2159	-303.8217723174713
2160	-302.8632844219273
2161	-304.3953210802755
2162	-307.90881283997714
2163	-307.78709192683704
2164	-305.99490892327833
2165	-300.1151525767187
2166	-301.18980262352005
2167	-305.0828288619978
2168	-306.31077784747407
2169	-311.2089002988628
2170	-300.29112954210666
2171	-304.7999888268726
2172	-306.7748095514395
2173	-307.51342083403915
2174	-299.7550723035129
2175	-309.5537398482539
2176	-307.8539420141397
2177	-308.84736865136733
2178	-304.60628934398443
2179	-305.6112756736826
2180	-305.96955861352467
2181	-301.1784490833462
2182	-306.8592467889447
2183	-303.06873650252464
2184	-308.45912509249547
2185	-307.5669300477515
2186	-302.05909851399286
2187	-305.9152199937765
2188	-308.24434613631814
2189	-304.94383340420546
2190	-314.86036830877197
2191	-306.40845555754703
2192	-308.5738873799598
2193	-305.6906671945877
2194	-311.3098585859717
2195	-308.70325963205465
2196	-309.40398317516025
2197	-308.5969866964232
2198	-311.38750889394134
2199	-308.2342304156061
2200	-306.47627100230113
2201	-303.9118630073059
2202	-299.8522873710821
2203	-302.483718354267
2204	-303.51112348223154
2205	-304.6609739041882
2206	-312.16134852320175
2207	-311.02132914826245
2208	-303.00685980046666
2209	-309.09394133060226
2210	-297.70088857296975
2211	-311.3302700623785
2212	-306.8097437223534
2213	-308.6821795656288
2214	-299.7031788311404
2215	-296.43305797166227
2216	-299.018550103865
2217	-300.324608006239
2218	-297.5318458184033
2219	-304.3813164138758
2220	-301.68967434847895
2221	-303.28797569966656
2222	-302.7146646233297
2223	-302.2146733669387
2224	-312.65371057050794
2225	-302.6173920951736
2226	-307.2138856465515
2227	-307.87683757662944
2228	-300.40652792982706
2229	-304.0915609897603
2230	-301.6378332990194
2231	-306.0303768754174
2232	-310.5591279490871
2233	-307.4113806768135
2234	-310.1229776443555
2235	-303.37201152324405
2236	-306.1169727776751
2237	-308.3105890362372
2238	-304.31858370231583
2239	-309.1848527082255
2240	-310.4106772571915
2241	-304.62536686110155
2242	-304.1677705399716
2243	-306.6635869333942
2244	-311.72244718099415
2245	-301.40338562839827
2246	-300.8616497048506
2247	-305.7357477240284
2248	-303.75715538008745
2249	-307.37569727551096
2250	-297.6520605611744
2251	-302.17067473287324
2252	-303.3860337651285
2253	-298.1949565527906
2254	-295.24268481420773
2255	-302.39070967206055
2256	-301.9352549054355
2257	-302.5631704558878
2258	-307.0584654252045
2259	-303.77251644691523
2260	-301.8635486758204
2261	-301.1161278858051
2262	-307.4445001005942
2263	-302.84005796405114
2264	-303.1004623336405
2265	-307.6590211494341
2266	-306.8041716614307
2267	-307.38246502839473
2268	-302.2074549132606
2269	-296.8038000000001
2270	-310.6932662323918
2271	-299.95731121574414
2272	-306.2556770677827
2273	-296.30450017857765
2274	-304.4706285130587
2275	-304.9260661963547
2276	-308.7615843620607
2277	-301.3949253048257
2278	-302.8210526101041
2279	-305.5807270401237
2280	-303.8148568583644
2281	-305.0548847690472
2282	-307.7492878877215
2283	-298.639561482433
2284	-298.3024794831661
2285	-302.96234821544397
2286	-302.9771610417451
2287	-302.9417669837957
2288	-302.2146376390836
2289	-301.3200254773734
2290	-301.2941315280834
2291	-307.22512832538143
2292	-304.96146595698707
2293	-299.3012384929292
2294	-302.3406176913659
2295	-301.7688878564028
2296	-305.7130490532659
2297	-302.80261067994337
2298	-306.85485729824495
2299	-309.16567960369156
2300	-298.45111203625504
2301	-303.1182575245822
2302	-300.79736088480666
2303	-305.2743430730585
2304	-306.0005504690165
2305	-300.0542501879784
2306	-303.6749920837526
2307	-300.9530723564638
2308	-300.4696215409023
2309	-301.3014574276333
2310	-307.1180193579657
2311	-305.3798591687979
2312	-305.5036458285914
2313	-306.5411934497351
2314	-297.36716684645495
2315	-305.0403603590666
2316	-302.45827957170803
2317	-308.9965124094043
2318	-304.7019273189168
2319	-304.55350469864817
2320	-308.1485436322811
2321	-304.3888169391883
2322	-303.93880290828264
2323	-298.4691856189153
2324	-297.17009316124035
2325	-305.43466844622907
2326	-305.4316556549185
2327	-306.0056415496649
2328	-300.19695208563354
2329	-302.78242354214495
2330	-308.52848258099874
2331	-311.69194061081555
2332	-305.6729504731875
2333	-306.4991475234297
2334	-309.2148116633028
2335	-301.1401060980902
2336	-301.7724329609929
2337	-310.7673091148287
2338	-298.98815133015944
2339	-299.30370406651156
2340	-300.17142046186
2341	-301.45434347606715
2342	-309.0100772326205
2343	-301.9254957013287
2344	-304.4828717875074
2345	-301.2659116141537
2346	-305.4073477764263
2347	-304.6430324318153
2348	-299.3259754915135
2349	-306.55293710201494
2350	-305.30140680149543
2351	-304.4984695507247
2352	-302.3916251559763
2353	-310.0743146680413
2354	-299.1298424644898
2355	-297.88972272994977
2356	-304.44982762051586
2357	-312.2429525809399
2358	-306.70179825135756
2359	-305.9976478415875
2360	-299.3789751672951
2361	-303.0847530691343
2362	-304.0805692457586
2363	-304.41763914367857
2364	-306.7973392713735
2365	-307.58438009737193
2366	-306.4346511163655
2367	-305.3979952519391
2368	-299.9551955968167
2369	-305.26704225339506
2370	-299.47966776149354
2371	-307.37161080618864
2372	-305.2925998113168
2373	-303.01280781344616
2374	-302.7344208114702
2375	-312.9954219499612
2376	-307.7985302416012
2377	-307.1621899590371
2378	-304.7065083657513
2379	-308.3725371060703
2380	-303.32201038714175
2381	-308.3963735406115
2382	-304.5056963662527
2383	-300.91028681146935
2384	-309.3876291353827
2385	-307.3793010401071
2386	-307.2288416385928
2387	-306.6077912040625
2388	-305.6686411543528
2389	-301.78610068553365
2390	-300.8686140816905
2391	-309.88296951525086
2392	-307.2081786176401
2393	-303.93126435168705
2394	-301.20044785780163
2395	-302.44362185307216
2396	-296.64537167654123
2397	-308.11584791016054
2398	-309.7369398246115
2399	-299.3296505619036
2400	-301.22159878523644
2401	-307.6833068485752
2402	-308.60828017186634
2403	-309.28144031050556
2404	-305.46614494348023
2405	-304.1922922305948
2406	-297.32025439414366
2407	-306.2046849583282
2408	-301.6421621548658
2409	-309.822427005218
2410	-309.09316885614334
2411	-302.259667907447
2412	-304.29954545364325
2413	-310.45300857931113
2414	-303.6673843619762
2415	-305.70636628276816
2416	-308.2787119599203
2417	-306.2125997205857
2418	-308.1946318984949
2419	-305.91489813644023
2420	-304.6453293561511
2421	-299.5246676105764
2422	-308.0425878818141
2423	-313.81825692594896
2424	-305.2650964272756
2425	-308.99085234892
2426	-308.9593951329243
2427	-303.4749799378085
2428	-303.80940426414736
2429	-311.1728894968765
2430	-303.14457069216326
2431	-309.89526566197804
2432	-300.0656820093833
2433	-305.68896191016347
2434	-309.6377309523208
2435	-310.84650420317064
2436	-311.0288375251907
2437	-304.6334050307997
2438	-304.03126144537646
2439	-303.8974926176492
2440	-305.5229137690638
2441	-305.4969688246456
2442	-303.1093032787888
2443	-305.8853332814914
2444	-308.3634029117827
2445	-308.3821406428124
2446	-305.7611780125644
2447	-303.71066486766256
2448	-300.91697211365596
2449	-302.9414836330748
2450	-305.72062326067385
2451	-301.73502115330734
2452	-302.6654031545092
2453	-305.60123988460293
2454	-299.22832801223643
2455	-308.5216071714674
2456	-306.162445742747
2457	-305.97050988400633
2458	-305.20559994166325
2459	-304.33377404036656
2460	-307.7555078272172
2461	-308.8636315733087
2462	-306.01741824387705
2463	-308.39337505005716
2464	-305.2811010709594
2465	-302.26784358787665
2466	-308.4236910059674
2467	-311.0551637650436
2468	-303.2161034584405
2469	-310.6999005295784
2470	-308.4808016237953
2471	-304.2020636428152
2472	-301.58673727015275
2473	-301.78911763229866
2474	-307.22202188697594
2475	-307.04465678681777
2476	-307.48446024181703
2477	-312.243952750441
2478	-306.2074591493209
2479	-307.6906455382551
2480	-307.18641182138947
2481	-311.37741715500664
2482	-296.3622845117057
2483	-306.0883143127342
2484	-305.11723066411054
2485	-307.0502525155057
2486	-305.1057164214177
2487	-302.98864615266035
2488	-312.66991517675547
2489	-304.67795442358494
2490	-299.63393936539217
2491	-306.5792177629799
2492	-312.44256417441903
2493	-302.71293043679094
2494	-314.30917622937756
2495	-304.4443696351856
2496	-304.5756201684003
2497	-302.5264247837165
2498	-307.5104277567809
2499	-304.8245111027
2500	-302.6535216943109
