1	-302.34737449443026
2	-298.87217439055684
3	-295.99768488106133
4	-302.48170923972447
5	-303.30516572100595
6	-304.6217879679575
7	-308.0598311509162
8	-299.4636011680537
9	-298.646777362915
10	-305.7798758330412
11	-306.01156560636986
12	-300.6110381992774
13	-301.7328225705039
14	-298.92592802931665
15	-303.72456072854385
16	-298.66943823789563
17	-306.96576977566264
18	-300.16692987595405
19	-309.03117319997347
20	-305.6908373125715
21	-303.57280945627934
22	-298.90049426939987
23	-305.9514613701727
24	-301.3518996472175
25	-303.18391385233696
26	-308.6384738696971
27	-304.94817645748975
28	-300.9444025668348
29	-303.40426908863645
30	-305.17384197367994
31	-307.91561422160686
32	-300.20585417372934
33	-304.160814104765
34	-297.0140424909912
35	-296.0703750881431
36	-297.5561527374353
37	-305.41992533031333
38	-302.21672692610997
39	-304.27493626658196
40	-308.8806946124725
41	-307.940479931083
42	-304.928094875361
43	-306.19861658596017
44	-299.1756293667939
45	-307.27023758642326
46	-301.18917081324196
47	-304.2871096540909
48	-301.90665613755215
49	-301.8301903498983
50	-305.68363284164394
51	-303.19448784866154
52	-302.2142308542291
53	-303.00665898088687
54	-309.3374114395531
55	-309.31385199600106
56	-302.0167918759034
57	-308.2513116567377
58	-306.9192434608538
59	-301.36101282966325
60	-303.2787456062177
61	-299.8484704779215
62	-308.2121493828756
63	-303.40445458405014
64	-302.94889150792983
65	-300.8478681565204
66	-298.93393250651786
67	-299.2854199808901
68	-300.2134257661915
69	-309.81649491843064
70	-301.67518150987445
71	-305.87466774841977
72	-303.0406312379617
73	-303.2703222532267
74	-308.9265240657931
75	-309.5180003032482
76	-301.0291053518476
77	-313.6468702022739
78	-297.69324215453094
79	-304.3733142805378
80	-309.5135914707473
81	-303.63986755487355
82	-299.63426780017335
83	-310.0682267603829
84	-305.62773672125985
85	-306.09566555800313
86	-303.84252683785553
87	-292.89273502997185
88	-305.9993052520148
89	-307.04702010059543
90	-299.0169850896392
91	-299.1926551625849
92	-302.599788158799
93	-299.46156327218597
94	-297.6736370017694
95	-306.1631956822438
96	-300.44218233603897
97	-300.26472185965713
98	-305.57347480566057
99	-307.74375548828306
100	-301.39730000000003
101	-305.1640878139912
102	-302.9890470589034
103	-306.32074054112314
104	-305.4084544398912
105	-302.0735388443275
106	-301.72637669293925
107	-302.4326832252291
108	-304.6184658069833
109	-301.1060421158592
110	-299.27394986933547
111	-301.3585373134421
112	-305.25206206987656
113	-299.08667935396846
114	-304.542140467146
115	-308.29096610182756
116	-299.5937230579397
117	-305.801592759237
118	-298.10653647376836
119	-304.3763059507075
120	-308.5536694336463
121	-308.56663572913806
122	-308.14714308040885
123	-305.1039000798465
124	-302.6936427369021
125	-301.39459111801943
126	-299.8021098383412
127	-301.3805935255945
128	-306.6592510130672
129	-306.6311638282712
130	-305.9869191195938
131	-301.6374723145502
132	-305.3875256867572
133	-300.7809021933786
134	-305.04555455482205
135	-301.18498884242655
136	-307.3116619591189
137	-302.67980437097015
138	-302.5698031477284
139	-308.4521477757167
140	-299.4385991100413
141	-298.9350034280147
142	-299.4410258400884
143	-301.60842682825825
144	-303.7845822259429
145	-302.85159186795215
146	-301.36397156810244
147	-300.8557205550519
148	-300.65349341881307
149	-304.1832775047361
150	-303.3283075294357
151	-305.17658284716947
152	-301.8660462515057
153	-304.10415651007423
154	-308.1229532505178
155	-301.4378751055709
156	-306.45968859776576
157	-308.3633203978829
158	-302.2601191163621
159	-308.98697963927316
160	-299.6122453051698
161	-302.1345425515269
162	-306.76255435207185
163	-298.2357403564271
164	-308.0980847638899
165	-300.74257402044066
166	-301.4830655695192
167	-303.40450875924387
168	-304.5747586153654
169	-308.7269408855151
170	-299.679341296994
171	-303.7189534665839
172	-307.10476650324745
173	-309.177283783754
174	-306.2796
175	-303.612058399576
176	-304.9841397475145
177	-308.5658480453115
178	-298.7424294471117
179	-305.38136909454
180	-312.4128865029088
181	-305.17509539414516
182	-308.02435683897176
183	-301.9522091310346
184	-298.8898830534595
185	-300.38067111695943
186	-307.18240000000003
187	-312.2090921991549
188	-301.7720520185739
189	-305.9849514733859
190	-302.44930001233064
191	-308.88795884565786
192	-306.19192960679595
193	-304.7091539882814
194	-306.59553259157207
195	-303.192603072819
196	-303.5148004788706
197	-302.8072227944433
198	-309.0654342923801
199	-303.3591398079184
200	-307.6493770475501
201	-305.72291546677104
202	-302.9948317330316
203	-306.98538960157765
204	-304.9461098500633
205	-300.81646861394313
206	-306.3280646771135
207	-307.0934119960331
208	-306.62607332421385
209	-302.46482883185513
210	-308.00593333087835
211	-305.09959768220807
212	-305.67483125900276
213	-307.28403360077726
214	-298.0074286136158
215	-298.3305657017515
216	-303.04980152585915
217	-303.02134708402446
218	-302.74532511240074
219	-306.1277152411523
220	-305.700572827415
221	-303.970038893088
222	-303.29686266962676
223	-302.41107466259734
224	-297.1335457963236
225	-299.8147273902926
226	-306.0547316342016
227	-295.7287000000133
228	-303.8495176955371
229	-310.1816809679371
230	-307.6744414232389
231	-307.15628017100784
232	-300.29104294171077
233	-302.2317340106471
234	-304.69143422807804
235	-304.67620037148066
236	-305.0348536863946
237	-303.9852955936933
238	-292.03554971929645
239	-306.7147362718714
240	-303.04281690980554
241	-301.8478297815408
242	-300.7108148657312
243	-298.3264311768709
244	-302.2605774868863
245	-306.22787219921287
246	-296.7825298683715
247	-304.3337453721829
248	-308.5118815027252
249	-303.69825698141705
250	-302.1127027866532
251	-305.27962055028456
252	-303.16668673151196
253	-303.0185427218312
254	-308.7549031806223
255	-304.3695872815012
256	-297.98961512300446
257	-308.67188228216304
258	-300.56369432905814
259	-302.31788301802663
260	-309.6117159445894
261	-301.5479442981321
262	-302.1768989266986
263	-304.3311589021134
264	-302.8360096601517
265	-303.22739305941747
266	-312.0826647823603
267	-297.5587
268	-299.668008830657
269	-304.6278321089674
270	-307.19549250511307
271	-306.24522311149076
272	-309.03705494704565
273	-303.16081278775306
274	-309.0323249780449
275	-304.204834886684
276	-305.5796451044562
277	-303.2156206671925
278	-300.7891190722828
279	-299.56316357127463
280	-296.6458324401907
281	-305.34493954618466
282	-306.6596827327661
283	-303.9521927155284
284	-306.2486508940375
285	-303.61817972943095
286	-301.33185612237656
287	-303.732189630459
288	-300.5493016748598
289	-303.2540650396989
290	-306.4934994192886
291	-304.29516907783864
292	-300.5922350938942
293	-301.00725024981693
294	-304.27517479599186
295	-305.5929434877163
296	-299.2678320856042
297	-309.7290890770112
298	-300.69835443977877
299	-306.3445281166338
300	-297.1082551894728
301	-304.94729883877505
302	-300.7590112305331
303	-301.0843430782824
304	-302.58073304656295
305	-310.71581731292935
306	-307.9802185992818
307	-305.0271202555419
308	-303.6760074449452
309	-303.7618335942708
310	-303.94169131190773
311	-300.38199288477733
312	-301.6243904526978
313	-301.4004578587001
314	-300.60780150055695
315	-298.369837477693
316	-307.5929610387502
317	-297.2770328955307
318	-300.5132980847135
319	-304.7626833949083
320	-306.069496621859
321	-305.2581248219639
322	-302.0165973153987
323	-299.840566668357
324	-308.7240572644191
325	-297.60475922200254
326	-304.3076134314609
327	-306.37966028490905
328	-302.04486429206844
329	-308.3302506186907
330	-309.2105699386329
331	-297.1734320510321
332	-295.8800139176393
333	-295.2267982400896
334	-308.1408210595383
335	-308.1687422101721
336	-308.2695792201006
337	-307.7326803836976
338	-309.9621893534786
339	-304.59085725165255
340	-306.53314266984455
341	-305.25390208881504
342	-302.8206586319166
343	-299.507944914882
344	-299.3428571216976
345	-300.0682464712038
346	-301.4775000047831
347	-305.3564108303095
348	-290.30894017221266
349	-299.60315152109024
350	-303.0962185647467
351	-299.7764800676625
352	-304.7101327731377
353	-304.5777455334714
354	-309.65873125007454
355	-304.7448217180141
356	-298.5778893257434
357	-301.7254465364348
358	-307.4691818177962
359	-307.1550982615841
360	-301.45508817807877
361	-299.8566041788517
362	-303.1112632077939
363	-308.301359718727
364	-300.81102385851665
365	-307.26786630413415
366	-297.1105090532003
367	-298.12918741394793
368	-300.8889638840479
369	-293.69866806590477
370	-304.29534055822256
371	-307.3082625053467
372	-307.06393681240047
373	-304.3623702436898
374	-307.66777827958805
375	-303.9548705999756
376	-304.9701212081031
377	-301.58533986902376
378	-299.48080854851816
379	-295.2358410429127
380	-307.38057881624627
381	-297.42612803497906
382	-301.9433012319076
383	-299.84878572152434
384	-304.1515861934944
385	-303.8660437280269
386	-307.8916045421136
387	-304.61911868639
388	-303.8422139996202
389	-304.1153096437926
390	-299.52260000397433
391	-303.20583305452277
392	-297.41221141207063
393	-299.62768881566967
394	-301.99286597651576
395	-301.9563582493087
396	-300.7151199265655
397	-307.98751717924745
398	-298.9267172542285
399	-302.635436901909
400	-304.0053432268584
401	-303.36836496429305
402	-307.5257073298519
403	-300.3461100956766
404	-306.8593665491434
405	-302.43669034213843
406	-307.83328715548095
407	-305.04151743220206
408	-302.35520604999516
409	-293.5719002469879
410	-304.761334575261
411	-306.44036538809075
412	-302.89263339666087
413	-307.94268037196304
414	-304.592804595634
415	-307.8423690343551
416	-303.98524565525804
417	-309.6939595019512
418	-301.23185327584963
419	-295.5241882384214
420	-306.61351660211005
421	-302.6430381956232
422	-303.4571532520528
423	-303.19070206521053
424	-307.83775767822556
425	-296.7495064254776
426	-304.46666227232856
427	-307.941322456819
428	-305.64076635171494
429	-299.32050816497906
430	-300.16460676603157
431	-301.7227209973642
432	-297.0771814074196
433	-306.61037363816746
434	-303.39859874104326
435	-302.76675811713835
436	-308.0314266862874
437	-303.72869152136525
438	-303.3757114769931
439	-303.27503984125826
440	-303.542677597199
441	-307.05035476544685
442	-297.1428682776783
443	-309.31721105546075
444	-305.1644260875479
445	-299.72120000028576
446	-300.21106823664206
447	-306.4238224370201
448	-296.93600258339103
449	-298.1097878050583
450	-304.1916036135349
451	-302.40511021038714
452	-304.20164953267636
453	-303.5110763669329
454	-310.578192782799
455	-306.4292215217673
456	-304.5863257448946
457	-306.17469097226024
458	-306.6898248378487
459	-305.4907065523984
460	-309.68955475758304
461	-308.707372787246
462	-301.47703271360115
463	-311.29947035112195
464	-299.30541329883334
465	-304.67858135981544
466	-308.8099973810888
467	-301.104062765328
468	-309.9396844300131
469	-308.7730011221389
470	-308.9463453923015
471	-298.3416134724453
472	-303.85044980359186
473	-303.19570001501194
474	-299.0107111188771
475	-308.04911693770055
476	-304.29752919851074
477	-297.43030362155514
478	-305.5873074984622
479	-310.44739397183525
480	-308.46389211899435
481	-307.89597026115405
482	-304.77939621881796
483	-298.59950180738355
484	-302.8852262909537
485	-300.2545180444158
486	-305.28080002236163
487	-307.9925214305019
488	-301.6562525308023
489	-294.8311607069497
490	-300.34470733450064
491	-308.0050613169703
492	-306.1726851167756
493	-303.6778118473394
494	-302.44622031190914
495	-298.4314933651426
496	-305.19007730304673
497	-309.7010508817884
498	-304.4351673253395
499	-304.21408459666225
500	-304.24789084609733
501	-300.31904760604846
502	-303.1616027410075
503	-296.32694549698203
504	-299.4148033941326
505	-302.0320398951521
506	-296.19712345047225
507	-303.8718556426375
508	-305.6055420301727
509	-311.07155533574485
510	-297.90722088695475
511	-296.3271511096331
512	-302.72618804111823
513	-303.7100383940136
514	-305.5779766342642
515	-309.37670024098276
516	-307.50445588901084
517	-304.253420384515
518	-300.1598809388273
519	-297.2721557845456
520	-302.3988
521	-303.2347415070878
522	-301.51877325340257
523	-305.7127556012767
524	-303.73020003706847
525	-303.4623341336229
526	-306.2029131827389
527	-299.5622996080106
528	-300.1695944474428
529	-300.24436256623505
530	-304.64726418724473
531	-302.4532306773942
532	-307.61615647999105
533	-301.6210737355749
534	-300.6225475374343
535	-311.48742395787457
536	-297.3382150335759
537	-302.44603681278284
538	-301.0589000020619
539	-300.8480605647981
540	-304.11803396538
541	-298.0566834155014
542	-306.85184931511975
543	-307.81159597321414
544	-306.4742121098857
545	-308.48631812113143
546	-300.05400217939047
547	-309.6725856295723
548	-307.02660854915786
549	-301.13519031923965
550	-306.57562850917907
551	-299.10356912304974
552	-302.07021966389897
553	-309.6306446032602
554	-305.3936726526142
555	-305.08035611467005
556	-302.79537686054687
557	-303.12371322058453
558	-301.26432584524423
559	-306.20202997426645
560	-302.59086416554334
561	-302.0443126638552
562	-300.90998198093695
563	-303.8385942621984
564	-300.14135665284056
565	-305.87084314661723
566	-308.87612005703807
567	-301.38454684041693
568	-300.5840218329919
569	-304.05782246676534
570	-304.3644257618669
571	-310.8961214281037
572	-305.09711887355087
573	-301.6551662241468
574	-299.61654236458605
575	-300.9688041390681
576	-300.61553243218185
577	-302.26276418936936
578	-311.79817604276013
579	-313.53274044076875
580	-302.93587671389497
581	-301.7605757828896
582	-303.30116264314944
583	-304.91232337910543
584	-308.8741792109285
585	-304.5460359927776
586	-298.7050827722238
587	-301.4020742522067
588	-301.3009765654627
589	-302.2026518957455
590	-304.4287657222233
591	-295.98810695696636
592	-305.6249643123157
593	-306.1462029434769
594	-300.4082171525546
595	-298.9237083284338
596	-305.60646530848953
597	-292.46343568307935
598	-300.17669345613376
599	-300.1368990139493
600	-301.469981801748
601	-299.13547586053005
602	-303.8019601126801
603	-304.8407516341311
604	-304.22005874206315
605	-302.364348295127
606	-295.8024383799353
607	-303.0157137484841
608	-300.1545767192887
609	-296.1238000063745
610	-303.9885598587168
611	-305.20755882502766
612	-306.44831040500003
613	-309.2759327031882
614	-300.881022777882
615	-305.1258823532976
616	-309.78380332527144
617	-303.6092690488964
618	-301.3053780696404
619	-305.7625437534948
620	-297.6417605386513
621	-299.3986224316519
622	-301.2143148511519
623	-301.46099883739197
624	-298.01169093317714
625	-301.34751661173823
626	-298.4626380049246
627	-307.80352559843845
628	-298.4167
629	-305.4742210209241
630	-306.7058476246485
631	-298.8610000000471
632	-310.93213543310964
633	-306.43231296543826
634	-304.8470862549621
635	-308.6436875207147
636	-309.00479005522556
637	-298.4081607157801
638	-301.8594542920966
639	-298.7095435469655
640	-308.26067822962574
641	-309.4647412455966
642	-303.4196966978078
643	-305.1347984804242
644	-299.3548685590717
645	-303.55156443989705
646	-305.55424491844633
647	-305.8938049721848
648	-306.866430371686
649	-303.95726329707156
650	-305.29825319257145
651	-303.27554214271396
652	-309.42028790277936
653	-300.7038988501609
654	-303.659107458409
655	-303.2746375794299
656	-304.97801390793376
657	-301.5752006014548
658	-307.62113657927057
659	-298.8198136407369
660	-307.0660009863152
661	-311.05059096222084
662	-301.26133506632056
663	-300.87562897548486
664	-301.40396611924564
665	-307.5225043462341
666	-306.57619949003225
667	-302.70358615871424
668	-302.44403671618113
669	-301.1219682436591
670	-297.5741819949118
671	-301.1223452594171
672	-298.3461121748981
673	-305.3630731618336
674	-303.9686099370574
675	-298.7672169593182
676	-297.07096133681455
677	-304.09258709790794
678	-304.53184984215727
679	-307.9190523930348
680	-307.1346445650824
681	-305.30168910404046
682	-296.418811018711
683	-304.67818465907794
684	-305.8309079181595
685	-302.1908332608963
686	-306.19278425919646
687	-299.22873711883796
688	-304.21254256282407
689	-303.17093357118415
690	-306.37287051443604
691	-303.26998655123566
692	-301.0920739809551
693	-303.0200962671156
694	-307.9823646464527
695	-302.703889641719
696	-307.69056871270783
697	-305.24437400228027
698	-305.951475621961
699	-303.2193071600657
700	-304.6800289034401
701	-306.69061230927383
702	-307.31349877902267
703	-305.24532153854904
704	-304.0238424069997
705	-303.57430989465576
706	-308.8376851307694
707	-305.15862122478853
708	-303.64666096159954
709	-309.74997744531055
710	-307.0306738410717
711	-304.21588663452906
712	-307.3642740938415
713	-305.14393667788596
714	-306.0156120923518
715	-308.26355530479515
716	-306.00876781262434
717	-305.3795691920222
718	-305.54573796415093
719	-304.748212738178
720	-307.7125446809417
721	-298.60469105021764
722	-300.69092056832227
723	-301.90199325318275
724	-303.3219440212075
725	-309.97842150251694
726	-303.3576762270923
727	-304.02660621953254
728	-302.72503821786626
729	-311.9061927186372
730	-299.9691781072912
731	-307.9244522806725
732	-296.42284053327325
733	-304.19469849021596
734	-306.7484793346978
735	-308.4515658380451
736	-303.0092059145416
737	-302.18946095249305
738	-307.9642888059329
739	-304.7545004072317
740	-301.9361265757185
741	-301.3053851990216
742	-306.14579511530053
743	-303.1726099158783
744	-302.2876610733898
745	-304.7247037381944
746	-305.6468101768094
747	-302.54593740110914
748	-304.6694243061027
749	-298.0825853376682
750	-302.9866874827174
751	-306.64845504173167
752	-300.5184763590483
753	-300.46893433888687
754	-304.50540848781026
755	-302.48606508126437
756	-309.33550284044054
757	-301.3141241711719
758	-308.52133488779765
759	-293.17822890243474
760	-302.723649359357
761	-304.6400445352244
762	-307.30734795828766
763	-303.1041621774532
764	-303.3464236075877
765	-298.4247245819463
766	-305.35195297146623
767	-310.9204719307879
768	-300.04491726343804
769	-306.15916702277593
770	-307.6778000025542
771	-306.53622019707973
772	-307.70494649186185
773	-299.1463157996601
774	-297.78492022839345
775	-304.8360266347236
776	-303.919078241962
777	-309.1102724765373
778	-307.2453516689991
779	-302.89310559783576
780	-300.0213554664896
781	-302.1519933407752
782	-309.96254484492357
783	-301.73912816067514
784	-301.81151530329663
785	-301.60810874340285
786	-307.8568282845031
787	-306.12410000000006
788	-294.76580931598426
789	-303.7511761423596
790	-306.4757246832417
791	-299.99653591364114
792	-306.5283297649566
793	-305.9922822856008
794	-310.4279926333059
795	-300.95382478517564
796	-300.4545574090328
797	-310.75156808922713
798	-308.1933359250097
799	-303.0086628477386
800	-305.4188531259765
801	-300.90482415660387
802	-313.5848784559189
803	-297.9502922642475
804	-310.58876543152263
805	-307.00592791125365
806	-309.98348237756244
807	-309.5776981148918
808	-309.5106478466901
809	-306.73235895399637
810	-308.75546134134515
811	-310.458574239167
812	-305.9541087511001
813	-305.42968487459405
814	-308.8086886828773
815	-309.1017774883881
816	-306.67875913369477
817	-299.84746995547044
818	-304.4614168851542
819	-305.23710371496446
820	-298.0806768655832
821	-309.1265273406144
822	-305.2720279492586
823	-303.4470395404529
824	-302.81190402205436
825	-305.6888275224486
826	-307.3004886248465
827	-301.8028564565017
828	-303.00150191848564
829	-301.62089368870585
830	-301.19908499600575
831	-301.73042671311373
832	-297.73691848342133
833	-303.63637633150773
834	-305.79796601519627
835	-307.9586557682042
836	-303.44583434413056
837	-305.69283498651885
838	-306.02588927391884
839	-306.0837513515454
840	-304.8131746334134
841	-299.8566711543107
842	-301.4163421025473
843	-304.9473553512128
844	-300.7798884016924
845	-304.03668937258703
846	-305.870645466037
847	-300.8009029238391
848	-302.1500867111618
849	-304.9968206900749
850	-295.9607180991742
851	-305.9035994501325
852	-305.94742140869994
853	-302.8957962630628
854	-301.52080846748845
855	-306.0107175528739
856	-298.1141915097094
857	-299.7544863583171
858	-302.8505333658601
859	-306.5327865097219
860	-303.03029516098377
861	-305.66437694591514
862	-307.0344236357525
863	-301.1618110703822
864	-302.1900028195268
865	-299.6260529851541
866	-301.8519251290828
867	-302.3706389629327
868	-299.32209975003923
869	-308.30180086470875
870	-294.61293002440516
871	-301.52847349470846
872	-298.6007
873	-304.7964944101628
874	-298.8995013288933
875	-309.69987111756365
876	-303.4209797763992
877	-310.9179244086914
878	-308.49609802741367
879	-301.759880335119
880	-306.70222922134406
881	-305.05007232481717
882	-300.7170958073686
883	-308.597055230847
884	-303.5775217016239
885	-299.5846010423983
886	-304.4126181168126
887	-301.2751090106787
888	-301.0687816882039
889	-298.94122392380456
890	-299.64326401262434
891	-296.70245921871833
892	-301.33899184390185
893	-304.4899594391401
894	-307.08243132968516
895	-306.11898708857706
896	-307.6802042932687
897	-294.7061
898	-299.28201005460113
899	-302.3748811852894
900	-308.0052013387698
901	-296.32541502773046
902	-311.7492013672469
903	-302.19773862071247
904	-311.3693815399631
905	-300.34945064840014
906	-307.7408982539096
907	-303.136446986949
908	-300.20223967294237
909	-302.0243609983885
910	-307.4297020613179
911	-304.46806619430146
912	-301.79471912356775
913	-306.3512891346786
914	-301.06075743229746
915	-306.66758401297574
916	-302.61463492166723
917	-301.37259199130364
918	-304.7156553143449
919	-301.04564554092997
920	-299.4781745583666
921	-301.93183553003735
922	-299.559973803529
923	-299.8325826305881
924	-306.0355690821124
925	-302.17684150925186
926	-303.5401929181351
927	-302.3224781183494
928	-304.4905051138088
929	-306.15041034661215
930	-299.6078244638656
931	-303.1457744643147
932	-297.74509505201104
933	-302.7324474627665
934	-302.25628704222356
935	-302.44323404060447
936	-305.1611013218488
937	-301.098622432213
938	-311.05973484073394
939	-304.8674876061968
940	-311.3331941781025
941	-306.54845073785026
942	-300.46784415758833
943	-301.2874879704678
944	-299.87023880564624
945	-302.2993596427396
946	-305.3299580190433
947	-298.72203795746725
948	-308.31116149894996
949	-308.6560596189711
950	-301.2525699763302
951	-304.58019739518795
952	-301.66087981013044
953	-303.54914892641574
954	-302.68515341923353
955	-306.9650261185444
956	-308.77878610417656
957	-301.4799935624646
958	-307.37379440350844
959	-310.7418805905745
960	-301.1838515449375
961	-304.9623199953151
962	-307.62536152370495
963	-310.80409677839896
964	-308.7804413659646
965	-302.3051843974594
966	-304.0081889384276
967	-306.17865119781624
968	-309.28081192366983
969	-302.9433462226629
970	-308.3377174107554
971	-301.5545435046974
972	-305.7916059808363
973	-304.2431897391307
974	-299.9565479477026
975	-301.0465746852959
976	-300.0243806065105
977	-302.7459188708049
978	-305.77517124066657
979	-300.75896902170024
980	-302.43533812628243
981	-300.4445780155814
982	-303.75503871599363
983	-298.8526784634179
984	-295.92211624769976
985	-305.42926665036
986	-303.63160000000136
987	-306.46762922089414
988	-298.46181807380776
989	-301.9715000012759
990	-308.8709572330502
991	-305.10114851790496
992	-299.0940424844369
993	-300.1935834407313
994	-306.6779798390728
995	-306.6567626909428
996	-306.43196041151856
997	-306.7899248603462
998	-305.60371338800667
999	-300.66151990921946
1000	-300.27701707701715
1001	-304.23127869644355
1002	-301.97713005786574
1003	-292.33414970756183
1004	-300.0074620922697
1005	-298.33592586667066
1006	-304.83947943586287
1007	-304.6324748466167
1008	-307.24538413841077
1009	-304.3446870180001
1010	-292.9374000031481
1011	-305.14803912165956
1012	-300.84492050032105
1013	-303.6847582147559
1014	-304.10079687780205
1015	-303.0546986213464
1016	-301.7203934306351
1017	-307.09191303351463
1018	-307.2154807392448
1019	-298.0322234441902
1020	-301.2049303178229
1021	-305.8702419080134
1022	-294.88011685040647
1023	-304.91345239646984
1024	-306.39229469375766
1025	-297.3873000112318
1026	-301.0009181619868
1027	-303.79370727207595
1028	-311.005897907415
1029	-301.70283098417787
1030	-299.9638018666225
1031	-311.68311533493386
1032	-296.8508070487161
1033	-303.5785296174805
1034	-307.9050950700304
1035	-310.0238495592097
1036	-311.50507714384275
1037	-304.72053217644316
1038	-304.9323018921367
1039	-301.38604556039667
1040	-304.72646237698416
1041	-305.1484243739861
1042	-305.2602842922831
1043	-306.5436510394728
1044	-299.6337587119194
1045	-312.673471825914
1046	-298.52211936237416
1047	-302.6107880195037
1048	-298.8391231178065
1049	-301.57841670741954
1050	-307.88000996658207
1051	-308.8239674413458
1052	-302.2552109656506
1053	-296.6845879548527
1054	-306.57135565565767
1055	-302.737111941506
1056	-303.9342455723545
1057	-302.0938637522786
1058	-302.4281078384062
1059	-311.3481235010089
1060	-303.2094480970662
1061	-297.72151447497976
1062	-307.9128833593251
1063	-300.6901921949433
1064	-301.43290981257604
1065	-306.5692913780578
1066	-306.24671597088707
1067	-306.6250961502704
1068	-301.4984580321184
1069	-307.18484942806344
1070	-302.06245488579697
1071	-303.5962224520832
1072	-304.41993626475676
1073	-307.8282787940085
1074	-309.7545642866911
1075	-304.3941370614777
1076	-301.21557943656995
1077	-302.462654159652
1078	-303.7109001919789
1079	-303.4948829600615
1080	-304.57127608368046
1081	-304.38464088074244
1082	-299.57179346788206
1083	-304.18453164682296
1084	-309.05463310564375
1085	-298.2039358411195
1086	-303.6924338471362
1087	-305.6447939922927
1088	-309.9278607318552
1089	-297.60898248984216
1090	-305.2280173037093
1091	-301.5128453688526
1092	-302.5860014480476
1093	-304.68550268041696
1094	-304.9346005055405
1095	-299.11873276042945
1096	-298.15772214488
1097	-303.5984557315524
1098	-306.87837797156334
1099	-306.5411922750284
1100	-303.7363333163274
1101	-304.545613747329
1102	-311.44272367068476
1103	-302.6837944664032
1104	-297.1960065769345
1105	-301.9257927540329
1106	-308.4872251668913
1107	-299.0578858539393
1108	-303.65495583740415
1109	-304.58149599296735
1110	-306.923669670673
1111	-302.41834788663436
1112	-301.4409447238407
1113	-308.45489293394724
1114	-305.88602666854007
1115	-301.95982076421706
1116	-302.96658247709604
1117	-306.22132778290273
1118	-303.6392343042612
1119	-298.8438305191863
1120	-301.80108010996
1121	-297.7433298683542
1122	-299.1474359352812
1123	-299.7219515483835
1124	-299.7114756088362
1125	-297.234300000811
1126	-300.69140000000004
1127	-299.61693672883035
1128	-291.0981151598091
1129	-290.84720000000004
1130	-304.0128331675021
1131	-301.4688963730197
1132	-299.512120062867
1133	-301.5194810836733
1134	-294.9209727692374
1135	-305.39827130017306
1136	-303.51107401063564
1137	-304.3466816395235
1138	-309.3928580101294
1139	-308.6326446946783
1140	-306.71177483612905
1141	-302.83669077090127
1142	-299.8510997425446
1143	-310.0753019334714
1144	-300.67574218815366
1145	-305.84769747218513
1146	-301.3241786387518
1147	-297.6142146196576
1148	-305.18567933435224
1149	-307.2595434576092
1150	-298.475320238456
1151	-302.2722084029438
1152	-309.6272445245197
1153	-297.5044402550292
1154	-296.07708674241644
1155	-303.5290492196895
1156	-303.42257924714767
1157	-301.9318322180758
1158	-304.2601055821955
1159	-301.9462761191682
1160	-305.5600981294955
1161	-300.9747037819108
1162	-303.7056973929951
1163	-301.25004127001984
1164	-304.630879084903
1165	-299.35366725748565
1166	-302.1458697764542
1167	-308.88131490017304
1168	-310.5988913107252
1169	-302.024676861238
1170	-303.2393923032973
1171	-301.48517662855096
1172	-304.32350891412716
1173	-302.24291457560577
1174	-295.99534153021744
1175	-303.2087062103901
1176	-295.750240529891
1177	-296.4260345643958
1178	-302.4185983619029
1179	-296.1072635400773
1180	-306.2904202771351
1181	-306.1423855599568
1182	-301.80614918379655
1183	-300.1174653136119
1184	-302.8678000000341
1185	-302.05078210941736
1186	-303.61229197968885
1187	-302.48288278599756
1188	-302.1966547232841
1189	-306.2665
1190	-304.84765963466873
1191	-298.61163405202274
1192	-300.2129789811706
1193	-299.52583701596865
1194	-301.6753415549053
1195	-292.0636003275899
1196	-306.26982508540084
1197	-307.34857273012324
1198	-307.0491320389726
1199	-296.64301597276074
1200	-308.2502136265298
1201	-301.6403538387161
1202	-306.052828288357
1203	-310.549080911647
1204	-296.24481302890393
1205	-308.2272213144608
1206	-307.4223170759926
1207	-310.5571280470923
1208	-305.9928731863426
1209	-306.1797404443255
1210	-304.09750175408
1211	-301.48851855318355
1212	-305.05954946268264
1213	-308.9768906163039
1214	-307.0686368778992
1215	-307.963910382744
1216	-308.3476618498416
1217	-300.3114954906416
1218	-299.3432976769197
1219	-306.02608429112814
1220	-305.34800572327066
1221	-305.44910660420487
1222	-301.8525872600553
1223	-300.344708991799
1224	-304.0222074061652
1225	-298.9604044995637
1226	-296.5696899469963
1227	-305.86083525078624
1228	-303.6404012547257
1229	-303.18145952008894
1230	-303.20211068739366
1231	-303.307723903036
1232	-301.2993934945867
1233	-308.84750853038
1234	-299.806812140412
1235	-305.13761786659416
1236	-302.983447320548
1237	-302.0284761231948
1238	-307.0487624970412
1239	-298.17234169447323
1240	-306.8859328075061
1241	-308.19217529033625
1242	-301.5537894905847
1243	-311.496440242986
1244	-303.6670401383713
1245	-300.0777536081249
1246	-302.16001319491414
1247	-305.7839295754207
1248	-306.9567327783667
1249	-306.1766267228865
1250	-302.41694701788845
1251	-302.176888115925
1252	-303.828932934497
1253	-297.2574817925082
1254	-299.90329581509275
1255	-299.24207992814627
1256	-301.62440641207206
1257	-299.08437669342004
1258	-308.3846189531987
1259	-306.63762476413984
1260	-299.7035763367916
1261	-306.1897414563499
1262	-302.3684414597853
1263	-301.26220018842486
1264	-307.99187000271263
1265	-305.7357550944399
1266	-311.7649283422857
1267	-310.6628388102437
1268	-301.7186390637446
1269	-300.46711515576413
1270	-306.81237906765494
1271	-302.17617259607954
1272	-301.56781346096125
1273	-305.05230478252
1274	-304.80761574802085
1275	-305.7892496454072
1276	-301.70318120029737
1277	-304.0077211046244
1278	-308.2951854634737
1279	-315.24584958998196
1280	-312.0799652486308
1281	-315.38968962456477
1282	-304.75716918736043
1283	-304.5732704050017
1284	-305.21299705366073
1285	-309.00096689725757
1286	-309.83023874996775
1287	-309.47721659423155
1288	-305.2913043732947
1289	-310.20050071031795
1290	-306.9741510436109
1291	-308.10610470743546
1292	-311.181114078983
1293	-310.56664940365226
1294	-306.17403364777516
1295	-308.2890390597714
1296	-308.0877395466703
1297	-308.1941380763528
1298	-306.6321586533336
1299	-306.8091266034743
1300	-310.44466472547975
1301	-305.78628843517004
1302	-298.6690468856817
1303	-306.84227698982625
1304	-305.5430947388906
1305	-302.80630598127595
1306	-300.7647613465465
1307	-299.7741056747717
1308	-303.27187902878813
1309	-302.1975378965893
1310	-308.8866783095318
1311	-308.1838499492132
1312	-309.4798390426336
1313	-307.8873967535904
1314	-304.88056563122586
1315	-301.5643245502211
1316	-301.6381982410127
1317	-306.2428272699623
1318	-311.07873693067864
1319	-308.9910362242174
1320	-302.34668598688404
1321	-304.04821126692724
1322	-309.2013010938548
1323	-311.6258309513751
1324	-301.1216084071144
1325	-308.96645191845903
1326	-306.33773778108997
1327	-304.6617389998497
1328	-300.35138798225745
1329	-311.4909887137163
1330	-304.5379223262986
1331	-301.7497329365396
1332	-312.41936615267724
1333	-311.9027514688151
1334	-307.87031271619213
1335	-307.6436974585087
1336	-305.783400428118
1337	-300.21401037351666
1338	-303.7368375618992
1339	-304.44968525070317
1340	-306.0454898735982
1341	-311.56773328676246
1342	-301.6624126718479
1343	-308.7106911802892
1344	-308.1115518218625
1345	-313.3672238946873
1346	-307.7999837404814
1347	-305.7643711733664
1348	-305.2985097745805
1349	-305.16484226339503
1350	-308.15544507132074
1351	-309.99467841076046
1352	-305.58972653673396
1353	-307.77154003067477
1354	-302.38760467751786
1355	-306.3705089680176
1356	-310.26521286036035
1357	-301.2598396363319
1358	-307.84852747421536
1359	-311.6455981110311
1360	-303.55773733055184
1361	-303.37317900036777
1362	-304.0541686978953
1363	-307.3676321807615
1364	-302.4264439444807
1365	-298.84239228054093
1366	-311.81709716134947
1367	-305.51861101134205
1368	-306.8712000870861
1369	-300.35837072266764
1370	-308.42302433953176
1371	-304.4547620633652
1372	-304.38289918977665
1373	-308.3412546052879
1374	-304.32180780600993
1375	-302.4424787924085
1376	-311.401121154736
1377	-309.47241300251864
1378	-311.57862422053665
1379	-303.16679949003225
1380	-301.6649662192915
1381	-309.77161107899343
1382	-313.15256468928754
1383	-304.5558926981638
1384	-305.65303632776573
1385	-305.14170144919416
1386	-301.6178721367682
1387	-303.2151180000836
1388	-300.8139624700532
1389	-307.95639662473286
1390	-309.07481028085397
1391	-305.3926096381581
1392	-304.00794731705656
1393	-314.46782546963755
1394	-304.8321753668403
1395	-302.9875743747788
1396	-303.9079503939386
1397	-301.8967636509399
1398	-307.96771291078244
1399	-304.2038846285776
1400	-307.1069437592506
1401	-300.8469905572665
1402	-298.77318427579945
1403	-298.98810631783937
1404	-300.04577683215234
1405	-297.3658687863446
1406	-304.5058702231478
1407	-294.6526582211995
1408	-305.267001035102
1409	-300.15076044400524
1410	-305.5741257740389
1411	-303.63981057189665
1412	-303.0384697239283
1413	-298.2394096122215
1414	-304.1738836306477
1415	-303.4902959004248
1416	-304.6514361152269
1417	-304.6893580548434
1418	-303.78497102327424
1419	-303.5104947871008
1420	-301.28324525643785
1421	-303.4315839531631
1422	-302.37088753991833
1423	-302.7820272132373
1424	-307.84440237634755
1425	-304.5663903716704
1426	-306.6198787535341
1427	-303.1717733035888
1428	-301.2797001997527
1429	-306.71979343740304
1430	-303.09100802290743
1431	-307.56727743294636
1432	-307.55789725006787
1433	-304.34973256268785
1434	-308.5315817868981
1435	-306.7303287636694
1436	-299.8051150961328
1437	-304.99663898401286
1438	-300.2240255869805
1439	-304.2008886599108
1440	-304.5272378726837
1441	-310.44408179016193
1442	-302.83546878309704
1443	-307.82499378759695
1444	-309.9869628618006
1445	-312.6220637531348
1446	-301.27047828142537
1447	-303.1599803521638
1448	-297.04999006246
1449	-307.5160617847614
1450	-305.3433589272479
1451	-300.7008533948317
1452	-306.7872826478982
1453	-305.76013705062815
1454	-305.2107789940782
1455	-301.63002410375896
1456	-308.0609830258468
1457	-305.4515210264997
1458	-304.84058708396316
1459	-301.0524755717246
1460	-293.0494005847853
1461	-309.5446830907035
1462	-303.76203378810135
1463	-301.51844834833713
1464	-303.72024102976343
1465	-305.9388714870821
1466	-306.5157289099555
1467	-302.5036798174545
1468	-305.34466144155573
1469	-305.60061755733653
1470	-300.5208076110902
1471	-290.0982
1472	-306.5750746848253
1473	-304.1075605541155
1474	-299.1238575179487
1475	-305.3379676812825
1476	-292.8067794838267
1477	-299.8119
1478	-310.1739793610044
1479	-308.1916995242257
1480	-305.13279034451597
1481	-306.53736613033135
1482	-303.6168003296096
1483	-308.0897923827627
1484	-312.4064898355452
1485	-299.832304771761
1486	-300.11117890781316
1487	-303.69321131220744
1488	-297.40682458268446
1489	-304.17362964523346
1490	-299.7132539010769
1491	-300.35186831041153
1492	-301.36971507926114
1493	-304.52048545383207
1494	-309.40721161704414
1495	-302.9929948532839
1496	-304.7663159679739
1497	-309.3697601379469
1498	-299.0448462439662
1499	-299.8674572894205
1500	-297.93808371404566
1501	-304.3235285041475
1502	-299.61363247841075
1503	-302.18763650628887
1504	-301.2504753108943
1505	-308.63746179451306
1506	-309.290417441153
1507	-305.2235938252103
1508	-304.65291209239723
1509	-304.06259790373866
1510	-305.7784671290764
1511	-303.18283982398776
1512	-307.0545455906906
1513	-308.42608508123345
1514	-300.66810345560583
1515	-297.376672757331
1516	-301.8699193454256
1517	-304.4795141233597
1518	-306.0155354261646
1519	-302.6491162430163
1520	-300.7132182981259
1521	-310.61109382169224
1522	-307.41164002761997
1523	-304.29620003778257
1524	-302.5058446116973
1525	-302.49006061281995
1526	-297.81961123235004
1527	-309.9490124853222
1528	-306.82471405110954
1529	-299.46622718179844
1530	-311.82352022696784
1531	-299.0146608726236
1532	-303.73093219849846
1533	-301.28521988638346
1534	-298.32361849390884
1535	-303.1326182329174
1536	-300.5651911487118
1537	-301.21637243656295
1538	-301.2546853744522
1539	-301.32986726688165
1540	-297.3231033385458
1541	-302.20180529354155
1542	-309.31304768174607
1543	-297.0913082241158
1544	-300.90343950499164
1545	-304.87064615870344
1546	-299.0874714640626
1547	-306.2437033869544
1548	-296.60026774151567
1549	-306.86761191602466
1550	-306.92943901834445
1551	-302.6055430024458
1552	-306.2256001304989
1553	-301.534188961755
1554	-300.6117712130403
1555	-305.7043498868289
1556	-300.6275193014498
1557	-303.4115353643433
1558	-306.8306491822937
1559	-298.6476512075781
1560	-308.74345084318
1561	-307.2207073216795
1562	-302.4327748404103
1563	-306.1381434665221
1564	-294.9547874270348
1565	-302.0142714824097
1566	-306.62034519040134
1567	-310.90887843310423
1568	-301.24825559806
1569	-305.4760931483042
1570	-305.2143701668633
1571	-304.3950977687089
1572	-299.0077140244782
1573	-302.7442689293606
1574	-302.7774516997949
1575	-306.43359666717873
1576	-305.4928624810783
1577	-304.66597423909803
1578	-305.6061771392817
1579	-298.5002485339102
1580	-308.2975085173937
1581	-304.1376176823636
1582	-307.8228624152471
1583	-299.68149947447523
1584	-304.828035385057
1585	-303.8486553580067
1586	-302.3713208549976
1587	-311.5465469603513
1588	-309.82961714092625
1589	-315.2912040493329
1590	-292.0931169446294
1591	-309.1660331799731
1592	-306.53701410623967
1593	-310.2416826601334
1594	-301.72374681391847
1595	-304.21069209898826
1596	-306.45814825178917
1597	-298.9946006761848
1598	-306.81199894204707
1599	-303.5852331139121
1600	-307.15168223616485
1601	-302.26755555149566
1602	-307.4885980422718
1603	-303.2955241502414
1604	-302.82879648553563
1605	-300.77531862165733
1606	-304.65655864436695
1607	-301.92660650179107
1608	-311.9068685749081
1609	-306.0240607500514
1610	-302.92409506180917
1611	-304.00353312181676
1612	-303.4159619845447
1613	-307.055940702797
1614	-307.03135049785107
1615	-310.7697315478281
1616	-304.5156092540712
1617	-308.57688112869704
1618	-298.23813361408537
1619	-303.5319806633551
1620	-301.59796805215484
1621	-300.7561445403626
1622	-294.1350393076591
1623	-303.7009166528478
1624	-306.8851428819416
1625	-305.88896761645026
1626	-303.29688449156953
1627	-298.9297182702127
1628	-306.92714032738604
1629	-293.61960000000005
1630	-305.6131608351102
1631	-304.0793539068069
1632	-309.8441331988235
1633	-302.5889856981033
1634	-305.6519240229887
1635	-306.9447463491955
1636	-311.63710880372776
1637	-305.08697116592424
1638	-300.31277463872686
1639	-300.9029527939395
1640	-297.29232475902717
1641	-302.75274260156084
1642	-304.33630104655947
1643	-301.575050808907
1644	-306.70846102396507
1645	-305.3302912276804
1646	-308.13392893282145
1647	-298.80008087968775
1648	-300.3223403964639
1649	-304.293058630652
1650	-302.7942441772854
1651	-304.9784338440605
1652	-300.1279263118159
1653	-301.1664116018225
1654	-298.4621766146227
1655	-303.52828018774585
1656	-305.92844915621265
1657	-303.39926799266664
1658	-298.1271597703451
1659	-298.59084066803973
1660	-309.0762277158824
1661	-303.9083660532128
1662	-308.8464388280404
1663	-311.17740214737336
1664	-304.8646549122253
1665	-300.35700000000344
1666	-298.9691212856995
1667	-302.548136146248
1668	-299.84840351873237
1669	-303.48721324530896
1670	-304.2605545554959
1671	-311.4258904713238
1672	-306.20803853638665
1673	-310.0940863443359
1674	-304.8654757295933
1675	-300.7549402960466
1676	-303.8651531084704
1677	-305.2763002079349
1678	-305.9110705274476
1679	-313.5420619907
1680	-305.09128295663965
1681	-303.11233335255764
1682	-297.50620057088116
1683	-309.6493679875762
1684	-305.26669103381226
1685	-300.1572924400547
1686	-302.11386199019233
1687	-299.71146781356936
1688	-299.88436617973156
1689	-302.4976957569409
1690	-301.323
1691	-305.34834952344005
1692	-300.1241171838135
1693	-304.9930120393181
1694	-307.57702661388436
1695	-309.4711219366284
1696	-308.1527503637629
1697	-303.8714107441689
1698	-305.34490017750556
1699	-301.2890058381937
1700	-308.0112230261961
1701	-303.2067000000059
1702	-306.87227252965016
1703	-305.78545671480146
1704	-301.80139803904694
1705	-301.8196000000415
1706	-302.29136886710467
1707	-307.39675041207823
1708	-307.6545992039874
1709	-306.59243485092486
1710	-305.2252765186039
1711	-302.3274033022593
1712	-302.24994648863463
1713	-297.70420250545936
1714	-307.06572928347043
1715	-308.8502807057947
1716	-308.92379750412454
1717	-304.83976840018505
1718	-304.0941174216535
1719	-308.5203659751131
1720	-298.12075433735305
1721	-308.7837162043591
1722	-298.304613058219
1723	-302.96425083782964
1724	-305.44223996742244
1725	-301.4551186313463
1726	-304.2470359920081
1727	-303.1588859120836
1728	-301.5267812043014
1729	-295.2456520743119
1730	-302.11723102551525
1731	-302.3532000005194
1732	-308.01875408492464
1733	-311.0772538414974
1734	-308.84159928885356
1735	-306.73037553741415
1736	-303.3717743302751
1737	-301.34799861388325
1738	-303.79334323198555
1739	-308.0865468429334
1740	-306.93093446350167
1741	-306.8869521174766
1742	-309.68594486581213
1743	-301.9115498120349
1744	-300.90976853464315
1745	-303.59154923421
1746	-299.96602780860616
1747	-296.98647967
1748	-303.2635051893123
1749	-297.9767000000025
1750	-309.4074720124043
1751	-305.62078144162854
1752	-300.3543879799277
1753	-295.8060450278563
1754	-307.7807779283237
1755	-301.29854258428014
1756	-301.0722835325999
1757	-299.90518038016484
1758	-307.40291419358863
1759	-300.5342249533333
1760	-302.21298050330205
1761	-301.178506036545
1762	-306.9448391819298
1763	-303.934783165533
1764	-297.5334197633858
1765	-303.13809459336255
1766	-299.90056280115556
1767	-304.13402103086605
1768	-299.134568321803
1769	-300.57752611801135
1770	-297.08333541699596
1771	-300.31717665399304
1772	-303.4860810516506
1773	-304.47733868588796
1774	-299.52533003491794
1775	-305.6606507365544
1776	-309.06662062077754
1777	-294.2355984199952
1778	-300.2798249743222
1779	-297.36340106199196
1780	-299.2390104971689
1781	-306.70861832311743
1782	-301.1736962704213
1783	-302.1131970706888
1784	-299.258413040263
1785	-310.4301031905271
1786	-308.2264120870929
1787	-311.6811129037444
1788	-306.13290710111534
1789	-306.5148246460059
1790	-306.2328054511324
1791	-306.9572131372528
1792	-305.61226143271136
1793	-299.8105772246887
1794	-303.6488117148343
1795	-304.21902841336885
1796	-301.61120622455934
1797	-310.04512355858054
1798	-306.1156406419601
1799	-302.2977567356661
1800	-304.9747571386664
1801	-298.44610000009675
1802	-303.6574579180233
1803	-308.1856333452985
1804	-305.32858916851796
1805	-301.9674344979887
1806	-305.3361162941585
1807	-305.44198107625374
1808	-307.8025059100631
1809	-304.705810415046
1810	-296.6570291425236
1811	-311.4084968746056
1812	-309.2221594647682
1813	-307.04788587755775
1814	-308.6682495621512
1815	-299.89594621297135
1816	-309.725064492096
1817	-303.42352504393205
1818	-308.485907899302
1819	-306.10631863893593
1820	-306.4515093461216
1821	-306.2877031300074
1822	-306.8356065377652
1823	-298.2370509421321
1824	-305.67078085650166
1825	-300.9735292007001
1826	-309.95866728995327
1827	-307.0305029056993
1828	-300.51833247394865
1829	-302.3016575146761
1830	-303.03530846367715
1831	-301.8148106651302
1832	-301.2812926610052
1833	-305.75184179857513
1834	-303.7614992736264
1835	-309.5520969907283
1836	-299.34726435910676
1837	-298.6895723020235
1838	-295.91386671298005
1839	-308.7318834783429
1840	-302.5818001792556
1841	-304.5484703548727
1842	-304.3229364773617
1843	-307.4124698738351
1844	-303.05664904764876
1845	-299.8434552077491
1846	-306.00229463368026
1847	-297.12634474666885
1848	-298.4229549781254
1849	-310.2872391811758
1850	-298.10622836475477
1851	-301.6597850848585
1852	-301.92577749609393
1853	-307.0010750494389
1854	-303.8920700939224
1855	-297.7942021556611
1856	-305.3881332372821
1857	-301.19122297125557
1858	-307.7966546323475
1859	-299.50425720000777
1860	-306.6511230867093
1861	-303.2664333949923
1862	-296.2385083332042
1863	-301.76739606474564
1864	-303.20046783125923
1865	-308.55005698011485
1866	-303.15734529859316
1867	-304.223943739659
1868	-300.8935672757788
1869	-299.8999281496059
1870	-300.4454562626933
1871	-303.0890305434201
1872	-303.3294314564152
1873	-305.20461516428287
1874	-307.56280369048056
1875	-299.8234532499186
1876	-302.2543795112447
1877	-297.0269701621041
1878	-302.7355054330791
1879	-304.6056011966004
1880	-303.7455900080913
1881	-304.25063987106336
1882	-306.27832079325105
1883	-314.3353849665061
1884	-309.45443727961236
1885	-306.14836080921293
1886	-304.4300672668305
1887	-303.4892406646156
1888	-295.7232871595765
1889	-305.65190515480475
1890	-301.90229476617935
1891	-309.8533334937481
1892	-306.7212868273064
1893	-308.3240159060234
1894	-306.2075257071645
1895	-295.12093889529046
1896	-302.7698032739107
1897	-302.02899276197763
1898	-307.77202208338355
1899	-301.63567438889766
1900	-303.48523535197677
1901	-302.82557495864614
1902	-307.96467458336366
1903	-294.8645363449236
1904	-308.55879631805925
1905	-306.861312763825
1906	-289.50417836737597
1907	-299.33328589709845
1908	-302.8105249140366
1909	-302.9819852728373
1910	-306.4852601224427
1911	-306.8212677377553
1912	-306.34562913958354
1913	-304.77334248836166
1914	-305.64709762057396
1915	-304.48634028220545
1916	-310.1167426066527
1917	-305.56093804775895
1918	-303.8279031408667
1919	-302.3516987817077
1920	-305.7982554662
1921	-313.1291650353987
1922	-304.74060000206777
1923	-307.31960308629266
1924	-309.98398832225007
1925	-310.3564991271094
1926	-309.5869323011549
1927	-306.02303829341304
1928	-306.79607184858565
1929	-304.3032937119532
1930	-308.7073500594048
1931	-302.9573660353243
1932	-302.32942255054934
1933	-300.0369986128373
1934	-311.4312772328326
1935	-304.4281338286842
1936	-302.29541374570556
1937	-302.65852706548424
1938	-310.88796393301146
1939	-301.840585098159
1940	-300.88903567162424
1941	-308.74464803058595
1942	-311.18180453062246
1943	-299.32098739429097
1944	-305.06571552866984
1945	-309.85628118332
1946	-302.2398126052671
1947	-298.3552099959555
1948	-308.5439898383647
1949	-307.73704412484864
1950	-305.56609594938635
1951	-303.2395759053218
1952	-301.50046358717435
1953	-299.32871754805933
1954	-307.23955145008097
1955	-298.01297966974863
1956	-302.32725129184536
1957	-299.6540426023601
1958	-306.97256493456996
1959	-298.2717362866481
1960	-302.76566084652694
1961	-298.76030000000003
1962	-305.1437943683695
1963	-300.1478763032369
1964	-306.3730021697083
1965	-308.9939098817704
1966	-305.1343692696559
1967	-306.0968750454726
1968	-305.10474604196554
1969	-304.7025037440904
1970	-308.6359585513905
1971	-300.66232557385877
1972	-305.5134083918081
1973	-292.19204324961754
1974	-295.0983047208775
1975	-303.7148976336509
1976	-293.85738169510125
1977	-296.0470780777518
1978	-297.8622934663284
1979	-300.7546000000035
1980	-308.9055290577011
1981	-309.2473248686475
1982	-304.5524384289661
1983	-308.9100629046952
1984	-302.87120910373085
1985	-307.1405478486127
1986	-306.16251200099543
1987	-302.64506418545386
1988	-300.1199056414707
1989	-312.9512924326978
1990	-307.71360408130005
1991	-306.46581559461407
1992	-301.80500000000234
1993	-304.2715775173335
1994	-300.53236148869945
1995	-304.2665578661076
1996	-304.75355555105085
1997	-296.8480352469688
1998	-304.2002346709901
1999	-304.315948626354
2000	-300.87011654003715
2001	-296.39666996846006
2002	-298.4876
2003	-298.57104509287467
2004	-299.44530983595024
2005	-303.60311970848414
2006	-305.8769359897867
2007	-295.60761815777397
2008	-310.86342394552173
2009	-301.0793597853247
2010	-308.9215675701576
2011	-299.0501360576446
2012	-304.6071373942317
2013	-304.6889567313597
2014	-304.1232709721075
2015	-297.52181733518904
2016	-299.44372093860756
2017	-298.5640000000001
2018	-305.4064820621014
2019	-307.1979394476062
2020	-306.29738999220166
2021	-304.94574522159667
2022	-305.69430040567744
2023	-296.05511130929773
2024	-300.45339032527585
2025	-303.72292183275965
2026	-299.6645781280813
2027	-308.68001007257755
2028	-305.7331814871279
2029	-310.44065303164956
2030	-300.0241035873437
2031	-304.6236969681063
2032	-302.6518891158026
2033	-303.59111439702957
2034	-302.90650727445717
2035	-304.2070935579924
2036	-305.0177590023022
2037	-303.08801391511656
2038	-299.68354891041963
2039	-301.1944242726447
2040	-305.6633800381215
2041	-297.17307881853435
2042	-300.52192653041345
2043	-302.105343633344
2044	-300.91222323185104
2045	-305.4744144452307
2046	-303.9474019626839
2047	-300.2577312683615
2048	-306.5694963775412
2049	-300.6138463182781
2050	-302.635745921526
2051	-307.63756466127194
2052	-304.10402133580294
2053	-301.2081
2054	-303.12018955064616
2055	-306.22398822382155
2056	-303.6451474609723
2057	-304.82153149830606
2058	-301.1163842893935
2059	-299.1634318229662
2060	-299.2000493351473
2061	-301.37509924896113
2062	-303.23795270851025
2063	-306.55992712841817
2064	-302.1670597681021
2065	-306.11155297740225
2066	-304.27557527795904
2067	-298.8398960727209
2068	-305.5781485200121
2069	-304.9229643845122
2070	-297.55087889376193
2071	-311.33877411310243
2072	-301.0080328888081
2073	-304.51547603687965
2074	-301.6298568097842
2075	-302.6356730486718
2076	-299.2189612314031
2077	-301.2622311195424
2078	-305.2322
2079	-307.4516051808661
2080	-298.43465940965416
2081	-293.4090139578758
2082	-296.2944913735424
2083	-300.00337745923594
2084	-303.6604682947804
2085	-302.9470623914799
2086	-304.5026151507323
2087	-301.99020012993117
2088	-298.9323056239267
2089	-298.178644262788
2090	-305.6008590390388
2091	-303.9242556102775
2092	-304.3371888996984
2093	-302.4019066340672
2094	-307.8580731454301
2095	-302.4822334915874
2096	-304.37499316224523
2097	-306.3177590262848
2098	-302.5128751073047
2099	-303.22366022072475
2100	-304.5150741406917
2101	-299.9225174194267
2102	-306.0181676949681
2103	-304.18595923282476
2104	-306.58107958426694
2105	-298.9887981997447
2106	-301.5723541884038
2107	-303.34288788500214
2108	-304.9631949611474
2109	-305.649910478421
2110	-308.11027963997105
2111	-300.04367238869037
2112	-308.39979755076007
2113	-303.3005775352423
2114	-304.59769316792756
2115	-303.501160797373
2116	-303.4893187062135
2117	-307.1701595245776
2118	-301.03652278888336
2119	-306.20242190220927
2120	-311.73984871835796
2121	-303.2298218451773
2122	-301.33361165554004
2123	-302.10008881811575
2124	-302.74774271345484
2125	-301.7946564078591
2126	-302.8121000583924
2127	-300.48610004008344
2128	-306.8997970206694
2129	-306.06079357556956
2130	-303.84347022555454
2131	-308.656727925425
2132	-303.3593615478635
2133	-301.1766982355695
2134	-308.5631775365678
2135	-288.92489151661346
2136	-307.69123777771813
2137	-302.37741947163954
2138	-309.59573151525
2139	-300.6729926978218
2140	-299.51000786615083
2141	-303.39500782454223
2142	-303.0925760143548
2143	-303.2339456356909
2144	-307.7506856179331
2145	-304.43334884185384
2146	-299.2490369672478
2147	-303.6293780215737
2148	-301.69394120470145
2149	-297.9975590660523
2150	-303.268645669368
2151	-298.8875221533749
2152	-298.4093214306166
2153	-296.2069899249437
2154	-305.2389153931471
2155	-305.3506205803537
2156	-306.2157424073154
2157	-298.71011986003
2158	-301.76181675050736
2159	-304.0662277881726
2160	-308.2520000084315
2161	-299.80639047865
2162	-308.2078599128934
2163	-301.2558738839939
2164	-305.34370699049276
2165	-300.7827168317417
2166	-306.718962491455
2167	-306.8683883402589
2168	-303.9240552448768
2169	-292.6698315776558
2170	-309.2638157758255
2171	-306.450629624844
2172	-303.30618660466183
2173	-296.88032527711044
2174	-298.74857049002657
2175	-302.6958136694086
2176	-305.12996273134866
2177	-302.8935173269509
2178	-303.74158375817126
2179	-307.8911517809916
2180	-300.3857288929839
2181	-307.2307740284228
2182	-305.01020862827517
2183	-302.64978578636436
2184	-305.74392884367586
2185	-299.9298195121069
2186	-303.07750717531854
2187	-304.7511603675138
2188	-305.1123464281761
2189	-300.87057816848466
2190	-301.17132523274773
2191	-303.36928903956607
2192	-299.17993193517117
2193	-308.17803087558366
2194	-302.2660693237678
2195	-306.04817912160104
2196	-301.20965855471184
2197	-306.36401333146887
2198	-303.66047269514075
2199	-302.20150033110286
2200	-305.6009262804595
2201	-303.6117713146097
2202	-299.4802031406493
2203	-296.64722204233834
2204	-306.2480248419838
2205	-303.39810739871393
2206	-300.83487712881845
2207	-302.7693905110534
2208	-301.73620596946466
2209	-305.632635095446
2210	-304.9877782115415
2211	-307.0563156855206
2212	-302.65721598641005
2213	-303.7246739567469
2214	-302.1134707208249
2215	-300.30746418650335
2216	-300.03961012269536
2217	-295.5523904467979
2218	-303.48435709668905
2219	-301.90980884333663
2220	-300.9015348605564
2221	-304.34729385890085
2222	-298.0653673934169
2223	-304.87329447877886
2224	-307.74130110154726
2225	-302.7302712587598
2226	-306.098400819142
2227	-307.15057893197155
2228	-301.1407434883599
2229	-305.46339919031476
2230	-305.52394520059653
2231	-307.514229929187
2232	-302.28148899034574
2233	-301.7307248628688
2234	-300.82508506090994
2235	-296.88151577114206
2236	-304.01128587208865
2237	-300.4601860675531
2238	-307.5401583034463
2239	-304.82819197638685
2240	-307.07351460648084
2241	-309.2330440855605
2242	-299.67598488539244
2243	-306.938064245418
2244	-298.49485767430434
2245	-300.4124789252013
2246	-303.8307173213823
2247	-304.45186719827274
2248	-299.800386545585
2249	-301.8985294627147
2250	-307.69048199396656
2251	-307.8893963148086
2252	-300.58783526383513
2253	-297.0397982586386
2254	-305.28190849719584
2255	-298.19138422547246
2256	-311.83429990323754
2257	-307.8541523753884
2258	-300.1265847624406
2259	-310.42781304634445
2260	-304.2234818763441
2261	-306.19162945419515
2262	-302.46357193720235
2263	-303.2757619178371
2264	-311.30929059613214
2265	-303.18597947268967
2266	-309.2977878481922
2267	-303.5406632726885
2268	-295.14407190506694
2269	-299.3262431630969
2270	-302.5684857116338
2271	-307.73141365927097
2272	-305.3804821804423
2273	-302.77417745765763
2274	-306.02020582771263
2275	-301.43728165653516
2276	-310.5352007677637
2277	-300.4897630856576
2278	-306.14336966145436
2279	-300.0687956075792
2280	-304.5281022930863
2281	-306.13598794520806
2282	-304.0553640998026
2283	-302.4558116897077
2284	-301.11766472315134
2285	-308.6353448894965
2286	-299.3512775438711
2287	-302.5989022680415
2288	-299.7178581148768
2289	-301.5275510622169
2290	-305.0786216428578
2291	-304.61632627342584
2292	-298.8788879688895
2293	-299.3207577969839
2294	-305.2782934427566
2295	-304.52891479167585
2296	-303.32291680497246
2297	-300.73820000000006
2298	-303.22893456492346
2299	-297.5861685660205
2300	-302.87613770880694
2301	-302.89903204805694
2302	-308.69480933826935
2303	-304.01963181984047
2304	-304.03942848977647
2305	-304.1786165717625
2306	-301.2756866890461
2307	-301.99820174385474
2308	-304.48474268444124
2309	-309.25937160419306
2310	-302.1323581274753
2311	-310.2288925155691
2312	-303.95242884582166
2313	-303.93135922878366
2314	-295.21170718869985
2315	-298.18745372509807
2316	-303.2024620863857
2317	-300.5207663814083
2318	-301.76703860814496
2319	-295.99035692499257
2320	-306.01374489820745
2321	-304.6325802255458
2322	-302.39751298419196
2323	-297.8286950337714
2324	-304.86796728648494
2325	-298.92350636232754
2326	-302.23284053364875
2327	-306.8923171691116
2328	-303.41463660391764
2329	-292.33385304906716
2330	-301.001313767261
2331	-302.8901155242344
2332	-300.0139000616564
2333	-298.6655644248209
2334	-302.63908163219935
2335	-302.54294159752976
2336	-307.11190156061684
2337	-302.2244970140255
2338	-301.6616184859376
2339	-299.6453708342421
2340	-302.1801810387474
2341	-300.4010079233228
2342	-299.73423839660967
2343	-304.970637437234
2344	-305.7250903949961
2345	-304.77073978471185
2346	-300.6270894159244
2347	-306.54510349092214
2348	-303.4386601140769
2349	-308.5060862859921
2350	-308.6862423773828
2351	-306.4755342456519
2352	-302.38024113636374
2353	-304.3583559767034
2354	-304.75924055793695
2355	-299.2032130504037
2356	-311.84975589625355
2357	-301.5371959205385
2358	-306.8496061547929
2359	-308.2584117545559
2360	-308.02710515759867
2361	-300.17502045342115
2362	-307.7786723863864
2363	-304.79976289490514
2364	-302.41826800255245
2365	-305.23125724767647
2366	-304.83796602000035
2367	-302.5084430160017
2368	-302.0289082032243
2369	-306.24630165503925
2370	-306.9738525109774
2371	-299.0383177959332
2372	-302.15212724328023
2373	-299.12458088968435
2374	-306.58403403139147
2375	-298.0330483737152
2376	-306.2440663194252
2377	-305.9608593292158
2378	-305.3768144368042
2379	-299.1320205258085
2380	-295.5067
2381	-302.15140888653497
2382	-304.37199033813505
2383	-300.92572201198516
2384	-311.05343602531974
2385	-299.4855129400271
2386	-305.70870332730027
2387	-302.8403000000032
2388	-303.1617658242805
2389	-304.42706767036395
2390	-310.59394779463014
2391	-306.01025343856355
2392	-298.9629197833243
2393	-308.09534477020713
2394	-306.82811370853335
2395	-302.509972348611
2396	-302.5296464038476
2397	-296.7336574544204
2398	-308.2865510469862
2399	-300.900413784908
2400	-302.6702318242181
2401	-302.20891055003824
2402	-302.2704690883328
2403	-309.54297251957667
2404	-298.0788614883105
2405	-297.4957406812632
2406	-307.011029334436
2407	-299.7503940663804
2408	-304.6490004600986
2409	-303.84967032578794
2410	-302.94215466916705
2411	-302.67020143244446
2412	-296.98083205502587
2413	-302.47573895400745
2414	-300.67314679351324
2415	-304.60885193487206
2416	-300.93776334035897
2417	-298.2721797380494
2418	-298.486615808085
2419	-303.1398643948934
2420	-298.3109010627714
2421	-305.53193880080437
2422	-300.9886208428724
2423	-302.6071344228158
2424	-299.9276554083754
2425	-302.1858169150337
2426	-302.4347279476339
2427	-310.2406286574702
2428	-305.3304299254373
2429	-299.95246439559617
2430	-302.07764225218625
2431	-304.87690386263137
2432	-297.9188286058731
2433	-299.7792462282085
2434	-308.43757699432604
2435	-307.81599788896807
2436	-300.99845421061883
2437	-304.27630557829247
2438	-302.35007719798216
2439	-306.11137073309965
2440	-301.5287960442298
2441	-305.9242836190356
2442	-302.47979556740137
2443	-298.54772990030665
2444	-301.5544505415165
2445	-300.1149
2446	-297.19096896339465
2447	-303.29836962986786
2448	-304.86266519355723
2449	-299.70079936946854
2450	-305.7183498760977
2451	-301.9451164929761
2452	-299.65233758828407
2453	-299.98999425619616
2454	-297.2059
2455	-308.3985304776703
2456	-307.6900499079936
2457	-303.9988950601615
2458	-304.92739822955923
2459	-301.7695935318957
2460	-303.6787458026965
2461	-294.8125213329821
2462	-306.04986863209666
2463	-292.28111277722456
2464	-304.5466878948069
2465	-304.0129778222315
2466	-303.5392290450951
2467	-298.1457440667596
2468	-296.34225202263076
2469	-305.4553417779728
2470	-304.3371321608656
2471	-305.4669539326181
2472	-295.20720508062414
2473	-306.7576843161727
2474	-306.0824950150192
2475	-300.11061049824656
2476	-302.1804212639378
2477	-300.8064264264763
2478	-307.01134567553
2479	-302.46406365837834
2480	-305.8862566421767
2481	-301.960969864071
2482	-301.6469997190885
2483	-308.976859980403
2484	-311.0267612781671
2485	-307.5651140255957
2486	-305.72794699465004
2487	-310.3743196088471
2488	-303.2315417923165
2489	-306.66590933276086
2490	-304.58180344306766
2491	-307.9135019105681
2492	-303.0346268851825
2493	-310.5418776445082
2494	-307.71493493602065
2495	-309.03833962440484
2496	-302.9539750305012
2497	-300.4100015553437
2498	-303.8606686626516
2499	-310.44741383513366
2500	-307.6762831850586
