1	-304.7930694919523
2	-300.0049383806957
3	-308.4843480359762
4	-312.46792099498725
5	-312.7643845990548
6	-306.3969106958888
7	-307.5468202030465
8	-306.43714988782807
9	-306.25540184707694
10	-300.27892169228625
11	-308.3815537114622
12	-304.8832794589625
13	-303.7328267163007
14	-306.7156592084546
15	-304.2392001905813
16	-304.180124562371
17	-305.08556175305006
18	-310.47637603040124
19	-310.1662010537834
20	-310.94975779364677
21	-309.37098418948847
22	-303.9192809296351
23	-304.19700729425955
24	-300.4309414808757
25	-307.81539823548746
26	-311.7299058537637
27	-307.5835891231836
28	-310.4610795341439
29	-311.74433871299624
30	-309.96324612275174
31	-305.8320354183423
32	-300.8028287106748
33	-299.79988878517827
34	-297.43028430410726
35	-308.0334138049387
36	-303.85928738897496
37	-300.6940621950377
38	-311.4811288568947
39	-300.9524478180571
40	-300.92729720170684
41	-304.39203062315664
42	-308.927345837803
43	-301.35457722361735
44	-301.63064906573527
45	-305.62962732954475
46	-299.2825376766972
47	-307.1361843038785
48	-300.67324464524216
49	-296.31597410730626
50	-300.0119827755967
51	-301.5940699849337
52	-310.7282316083509
53	-310.9752326069518
54	-305.7799389847869
55	-311.990921008101
56	-298.9791756763741
57	-306.4575786127634
58	-304.9556561075116
59	-294.47746198262985
60	-304.73717961045037
61	-306.7278135078041
62	-302.8238601586707
63	-306.0297795407358
64	-306.70598460211835
65	-301.8604340839007
66	-305.62504940086967
67	-297.1601313996021
68	-296.73453047467
69	-303.1543598897678
70	-307.85418344904735
71	-312.25389677194033
72	-305.0687353617576
73	-305.0675190800463
74	-300.4550538369606
75	-303.85577970012105
76	-298.00512386370434
77	-303.5180614796911
78	-314.78220641819684
79	-305.7550809781383
80	-307.8277104477044
81	-299.0440222638975
82	-308.8525236990069
83	-298.5644204225449
84	-298.630734851576
85	-298.72311922441014
86	-301.4189077441869
87	-306.74622837564164
88	-299.91264413937535
89	-307.3987055854431
90	-307.7424804104041
91	-299.3404937586312
92	-305.71066818843906
93	-302.9795811378035
94	-301.07769241746274
95	-301.1690534964925
96	-303.3371278882099
97	-306.2034823066468
98	-297.1602858790209
99	-303.3991519180325
100	-309.3590153155247
101	-302.2877595078211
102	-310.55616004024307
103	-300.6909099491989
104	-305.08087569009297
105	-307.1966718917453
106	-297.9321665487333
107	-299.29980823358926
108	-300.95380008899406
109	-303.11783291066195
110	-298.6621428395494
111	-302.9436124525301
112	-298.10461402833596
113	-296.71256917583366
114	-304.41319468174845
115	-304.2460241518104
116	-302.3388039516907
117	-305.26654610415386
118	-307.48420071807965
119	-309.63929158415493
120	-310.6830102599244
121	-305.95937418494833
122	-300.27260980330146
123	-304.6031435998107
124	-305.60782954422695
125	-303.0553599585338
126	-300.40399802668134
127	-302.90570536008886
128	-299.40090086161126
129	-302.2938370085551
130	-304.25660665310465
131	-310.1109730222694
132	-300.27390000072273
133	-306.93363111017607
134	-306.20346419501664
135	-302.8861688671249
136	-307.2503036552094
137	-307.7016132646474
138	-302.9488360795956
139	-303.51926722717104
140	-302.87498982101124
141	-315.19813890421017
142	-306.60681930000567
143	-299.3762413120453
144	-301.07998072490034
145	-310.045012316904
146	-306.33666318435604
147	-303.19553276558673
148	-308.0237891649967
149	-310.6698435300135
150	-308.73191347041774
151	-305.5829621126779
152	-310.88187354612126
153	-308.8185145718856
154	-308.1189469143594
155	-301.5174333938486
156	-305.3409047440848
157	-310.89862376970785
158	-307.85774673170084
159	-305.4490657984118
160	-298.7745801904834
161	-305.4319302031251
162	-302.2505720681939
163	-302.2644625003188
164	-303.0218778345635
165	-304.0440742894372
166	-306.10857390024745
167	-308.83213006115454
168	-312.23359539260144
169	-303.6243681753856
170	-307.71108120139047
171	-309.159479799439
172	-302.55802091644784
173	-308.17881097064156
174	-311.22439323718123
175	-310.4402145317344
176	-313.66351015462874
177	-308.15833416899926
178	-301.9762019511653
179	-304.58857566531134
180	-311.31913362904334
181	-302.6646204045214
182	-305.61219211070846
183	-294.20805023126115
184	-297.74134321526776
185	-310.07728802994325
186	-298.70548139366093
187	-298.67064171460356
188	-306.25313040230054
189	-304.25149722001896
190	-303.1728520074721
191	-307.0829483900064
192	-309.20567987715464
193	-305.2785440166134
194	-297.84120448493644
195	-305.6696296764411
196	-303.85919818333906
197	-308.2942222059068
198	-310.43228728301796
199	-303.9155897692618
200	-301.91528633406523
201	-304.3792549929773
202	-296.59907437683216
203	-301.573407654401
204	-304.4775726496081
205	-307.39433300591907
206	-306.27094124276357
207	-305.607204829115
208	-300.49494442006693
209	-305.38937813442686
210	-310.1926954308195
211	-304.07027947694803
212	-311.1164474013037
213	-306.8344690793163
214	-304.02720215514296
215	-302.9903999514393
216	-307.274816633416
217	-305.6655991758114
218	-302.2298971033802
219	-309.6001735381607
220	-305.51213049301174
221	-303.90212237920105
222	-308.825344638605
223	-304.42550663662115
224	-310.93297657735906
225	-308.7864125409584
226	-306.33420817747066
227	-312.7963753387793
228	-299.78778993270925
229	-311.22938048681834
230	-306.6376595443856
231	-306.7194639100965
232	-299.5995389755118
233	-309.9562558672449
234	-306.13255407027805
235	-312.6559242279846
236	-310.1530173208898
237	-304.9222301220846
238	-306.85171504633547
239	-309.6964521427639
240	-309.33934990609225
241	-314.18144117102395
242	-304.6572091709713
243	-311.34261875131295
244	-309.3046397339983
245	-304.82357032930435
246	-303.14068407592697
247	-305.53136938306255
248	-303.20410436501083
249	-306.68952892954366
250	-310.08574332925474
251	-304.05230546837197
252	-307.89965109427703
253	-310.5850238861682
254	-304.0470999560467
255	-310.2386673253647
256	-300.7387341038927
257	-302.89233803785714
258	-309.03622963203355
259	-308.6771214912521
260	-303.76226917366193
261	-304.6066983848627
262	-301.170904575849
263	-306.3788802613656
264	-308.0982770504472
265	-305.8403985701038
266	-305.7186879207787
267	-303.98678826706816
268	-305.7931098906723
269	-304.546468568095
270	-303.0703694361705
271	-309.9759470784958
272	-302.85829780959045
273	-302.41328150025714
274	-303.20753455888956
275	-310.1921518969118
276	-302.1921829908659
277	-300.79161946460835
278	-301.03203410051935
279	-310.5663625314274
280	-306.61069736232076
281	-303.25590075713296
282	-306.5667077284286
283	-307.69015045091476
284	-303.93124487682724
285	-315.19267977461675
286	-300.5712171986529
287	-310.7497322187193
288	-305.5132115026169
289	-308.78387041613377
290	-307.52514928097264
291	-310.87539730849807
292	-308.2992122536942
293	-307.72308996535196
294	-307.26161502074586
295	-306.39480398880977
296	-303.4078613985578
297	-310.429794195389
298	-309.60690918102557
299	-303.87651636567705
300	-308.39521917401703
301	-312.5754788931907
302	-308.1901731419633
303	-308.07192839067847
304	-308.4107011921762
305	-310.0156702321786
306	-306.4420316343122
307	-308.5999818235479
308	-305.91523585273086
309	-308.6551033349131
310	-311.73943446885863
311	-300.59992592234977
312	-296.75362726149046
313	-305.6157082885074
314	-304.9653538726211
315	-305.8737795244057
316	-296.33911084790867
317	-312.1648689417835
318	-301.0572181034715
319	-307.1516428175893
320	-300.1169252970128
321	-302.03160063869433
322	-293.0804424992516
323	-299.5911092556621
324	-308.72837532298087
325	-307.23401647231907
326	-299.2707855396956
327	-310.79575357820517
328	-309.9097807216633
329	-313.4006141107999
330	-307.2482121385238
331	-303.1859991728822
332	-297.4326670651042
333	-300.2773347642742
334	-298.24120426868103
335	-310.0990098233474
336	-308.21413829531446
337	-300.9020180802304
338	-299.7328164924781
339	-305.8713365547455
340	-305.52969112979395
341	-301.8452770398439
342	-308.9298645766685
343	-303.2533203759514
344	-301.4495714676648
345	-307.79833776917917
346	-306.82073911535065
347	-304.3084052310926
348	-303.01796417863596
349	-302.3095727360816
350	-311.6693648045367
351	-301.86377832645496
352	-310.0197368738148
353	-309.5183780256825
354	-311.6436539177486
355	-303.703553634418
356	-300.77268097878755
357	-302.86263457697726
358	-307.5072710727372
359	-305.63843747268766
360	-305.5703390658148
361	-310.03127857715145
362	-310.46528268085694
363	-308.72715129332374
364	-311.1946666077413
365	-311.40751577402955
366	-315.1021556682079
367	-312.3772861660376
368	-308.04701727067834
369	-310.00295794757346
370	-308.95762167913057
371	-310.923536334198
372	-308.96832909777675
373	-310.0153522144507
374	-297.43202008357684
375	-310.6283612456621
376	-308.95662394839854
377	-313.7494399255079
378	-308.25269064998105
379	-313.28671934391934
380	-305.96262494072045
381	-307.8966577559336
382	-304.4337434263756
383	-304.4443435663351
384	-309.5867436637516
385	-305.0794295866418
386	-301.7995809069122
387	-305.2306283226863
388	-313.320210354372
389	-312.6883894085592
390	-307.05404842099904
391	-303.46443118476986
392	-311.15623622892514
393	-307.16526816331054
394	-305.10247176584363
395	-309.3237088663149
396	-309.67865177203987
397	-309.2721930109459
398	-306.4691450485855
399	-304.6186535943923
400	-305.86743269241754
401	-309.4620242715051
402	-308.5258377718296
403	-301.8569301454898
404	-313.13565470390245
405	-307.1571553387855
406	-309.537298630821
407	-305.24852862513944
408	-311.2383632194684
409	-315.90173602825496
410	-311.2335621155203
411	-314.3404572751232
412	-304.18480584175086
413	-309.5727065106496
414	-299.5338649167725
415	-305.37874073042013
416	-309.1787903289997
417	-308.0395632980584
418	-300.06325470813607
419	-313.4568315236841
420	-309.9995962913119
421	-306.5159351150346
422	-309.623324152803
423	-313.0538576820897
424	-308.2253823986607
425	-305.49070928027993
426	-298.84838246643193
427	-310.4601823956422
428	-303.07094306042103
429	-306.5198447472494
430	-307.813667470819
431	-302.50942178480847
432	-302.9873604455388
433	-302.9759550948958
434	-300.24549756421044
435	-302.6093638618259
436	-305.6810150361183
437	-302.1961144872329
438	-303.5334751655599
439	-309.95161738440333
440	-306.97285232488343
441	-301.1909967739887
442	-309.9269069873006
443	-307.7226916552208
444	-309.0484448213278
445	-310.7917001025604
446	-309.7557799426748
447	-306.0551098207332
448	-314.07623372334007
449	-306.35875846528313
450	-306.70123504155987
451	-299.55507683452646
452	-306.42980701851326
453	-306.4486680796117
454	-308.8631763599914
455	-310.5827758030269
456	-306.2331166978766
457	-308.67777092465855
458	-303.479987742994
459	-304.5358246703741
460	-314.9223459090388
461	-309.7976185249042
462	-312.9565685772452
463	-310.6881287161193
464	-310.97422067052315
465	-314.3093336533829
466	-308.1809879613252
467	-311.95549907986856
468	-309.2753287658731
469	-304.09131074784835
470	-311.7550912921691
471	-313.54862592932767
472	-310.51137905017384
473	-307.3888437433378
474	-303.67784474979464
475	-305.11309698676365
476	-302.464618730364
477	-298.12836702821227
478	-310.29309340978995
479	-310.2871140476079
480	-302.21734890305333
481	-305.64739864781495
482	-310.13180183666987
483	-309.8039686870695
484	-309.6585986968382
485	-306.95110929280685
486	-307.52458475103464
487	-304.3918196088047
488	-307.4099397180037
489	-306.3614203311214
490	-299.90512804272754
491	-305.5906993377713
492	-305.51790000195666
493	-308.56850378845
494	-304.87384671594856
495	-309.9981210579982
496	-307.71411575131765
497	-304.3193526467486
498	-301.61100673556564
499	-305.11471960001535
500	-309.6477776683603
501	-307.61242023690244
502	-307.02682610995623
503	-308.9247547121397
504	-310.07707293850405
505	-309.8742589574979
506	-304.07206797232465
507	-307.431493828776
508	-304.3133942460089
509	-310.230473954246
510	-308.71043633991167
511	-307.4865698781874
512	-308.52034441998916
513	-307.69386869061475
514	-304.9682309017872
515	-311.3324052656581
516	-307.60045865409785
517	-308.12976890040466
518	-304.99674866410203
519	-303.91662141800816
520	-314.0609612759181
521	-305.2650479632754
522	-302.5505132072945
523	-301.13065645766505
524	-311.7735501003534
525	-306.86205738524245
526	-305.8212033310191
527	-312.0788268808297
528	-310.05518345946444
529	-308.94134464497074
530	-312.68203978660347
531	-306.20150985157744
532	-308.3597507960185
533	-307.0424829454769
534	-312.1927930264463
535	-310.2546207405787
536	-300.1720754679676
537	-308.51602707663113
538	-307.6480685072664
539	-312.04952968400363
540	-298.623760734965
541	-310.36393623633825
542	-311.03819396984704
543	-303.79549926433657
544	-313.1804687931365
545	-309.1395157089287
546	-312.4563574614896
547	-305.3932875467798
548	-308.0022409680209
549	-306.5816417379974
550	-305.99873138993513
551	-301.14745600772693
552	-300.06221138911786
553	-310.1353054708251
554	-304.6824879261184
555	-310.63085918865966
556	-306.67601384589824
557	-306.67512332982585
558	-305.5626815765434
559	-307.0390702451754
560	-303.7701967846502
561	-311.16784010030614
562	-299.17248455113145
563	-304.7208881145059
564	-300.4715895507305
565	-306.6097459586672
566	-304.6698386174734
567	-303.54319954263025
568	-309.0657432815046
569	-305.8559308030325
570	-302.0249012179092
571	-310.8771730338539
572	-312.303405186612
573	-307.784649573603
574	-308.2002493923943
575	-307.7528499274697
576	-307.651951468276
577	-310.1172668413372
578	-306.9344827417717
579	-305.8886509365886
580	-308.9944673554593
581	-304.4104257454818
582	-312.75536198957
583	-301.9201750355784
584	-301.8773476750067
585	-304.5481909418691
586	-308.8482876303435
587	-311.1526746755604
588	-308.6085237929076
589	-305.4822986850148
590	-302.8038281666502
591	-308.25785744719593
592	-302.4038422256474
593	-300.3463275948042
594	-308.5725261090469
595	-302.7814798887915
596	-310.3025679686227
597	-309.8611133767369
598	-310.17208388817653
599	-312.29416384290175
600	-307.6942791371747
601	-306.4338931958844
602	-308.589813642903
603	-305.09367014254616
604	-302.0159606669176
605	-309.7306631216003
606	-304.72356262441025
607	-299.9910274540348
608	-307.319591832023
609	-306.6444043507579
610	-310.2536641895643
611	-309.62722570412683
612	-303.54626819131624
613	-307.37381556057255
614	-305.1336337783299
615	-307.57413337436424
616	-301.9815331607566
617	-302.35251651583354
618	-306.53303656718253
619	-300.86782166409495
620	-309.49798945717555
621	-295.95097703825553
622	-302.67650192458535
623	-309.03989203332765
624	-311.9525591356543
625	-303.26996105908506
626	-308.5166661658454
627	-308.3031419188041
628	-307.38687498542487
629	-303.7515497206123
630	-309.0115011894173
631	-309.9307279039849
632	-308.03023592169154
633	-304.7327750714719
634	-304.71774419089087
635	-307.1095466112985
636	-306.8711201895466
637	-304.9810521959858
638	-308.6110202644769
639	-310.9950598904303
640	-309.4994429468709
641	-305.6372718691396
642	-306.9530654982302
643	-313.86150494000714
644	-308.20037200781246
645	-304.5453900320363
646	-306.665721702253
647	-296.908514285448
648	-308.6935721080114
649	-305.38276978576715
650	-301.4085834371363
651	-296.9974692238239
652	-307.3361137776788
653	-303.8559071742801
654	-309.57680267492896
655	-302.884339485456
656	-307.1850444201193
657	-307.8939028108912
658	-306.4791775649671
659	-307.6916707396751
660	-310.7894530296296
661	-305.29041703805893
662	-301.6302372337156
663	-309.7930640693193
664	-304.2895823250136
665	-310.7771585407868
666	-308.1140711736608
667	-312.0361660343056
668	-305.6161748535256
669	-307.2722202606006
670	-300.175367915654
671	-300.7114527074493
672	-301.635924634659
673	-312.39545036382054
674	-304.85326186028016
675	-306.0974480084508
676	-305.61098088180233
677	-301.4946866610868
678	-309.78603790249065
679	-304.21911110078486
680	-306.1301020974613
681	-302.5037465484322
682	-311.97646202805373
683	-309.6466506227502
684	-298.7515914996324
685	-305.71481974500966
686	-303.8358026095749
687	-306.142207876535
688	-304.7606142090796
689	-309.07440718214804
690	-301.06590965235404
691	-298.90346502211617
692	-304.39946593136614
693	-309.90366666909057
694	-300.947393811454
695	-303.98407291818984
696	-302.4667530238232
697	-300.7278656420743
698	-302.35988438674383
699	-305.89553127495714
700	-301.73196213318636
701	-305.8404226778166
702	-306.4085290078141
703	-305.276185487923
704	-308.9106220231287
705	-302.5029854684454
706	-305.0167017408838
707	-309.78085956592656
708	-302.6240690767986
709	-302.0714203067266
710	-305.9495513535395
711	-295.40700492250636
712	-306.518167993005
713	-308.63482658353666
714	-306.6386185760901
715	-304.92956927001444
716	-303.5471888374244
717	-296.94085049575466
718	-296.04157821683805
719	-307.70942236632123
720	-303.1038386652853
721	-297.3016645260556
722	-309.9332537356512
723	-302.0625998503078
724	-307.39464939500317
725	-302.6385404965414
726	-302.4171118613739
727	-303.3152620143895
728	-299.1313550817105
729	-304.73138412366177
730	-298.48298150703187
731	-304.842593993542
732	-302.93965474928564
733	-305.25196396851413
734	-307.799396438494
735	-301.78305187865715
736	-301.5223842638999
737	-307.3102840068824
738	-310.3615515790006
739	-304.5364127629903
740	-303.4843677810774
741	-304.1557532937315
742	-307.8094560767117
743	-305.17610666729547
744	-309.6731149343599
745	-305.28386471801207
746	-306.16480932484615
747	-301.2356413006167
748	-308.0169035000252
749	-302.3790044499315
750	-305.03902144637397
751	-314.50308207132406
752	-305.4799548747382
753	-299.3735914009458
754	-302.88623449724895
755	-308.73007617813846
756	-294.49140251558515
757	-311.2765974628953
758	-306.72612557024144
759	-311.13029833479567
760	-306.0219302163278
761	-305.63672098854096
762	-312.48535854560146
763	-305.046016524192
764	-304.305356865014
765	-298.2754847994773
766	-312.74073785858576
767	-307.47678325804947
768	-309.3462697262184
769	-305.25843575096815
770	-301.85840276365735
771	-304.06963940676667
772	-314.1355637939249
773	-298.59303980901944
774	-306.25404869444264
775	-305.2677746479357
776	-307.6591231769673
777	-298.5898617932039
778	-305.43743446052
779	-301.77137646422926
780	-307.1217212160847
781	-301.31103330791325
782	-304.19400762080437
783	-304.40444209168777
784	-303.2927267695106
785	-309.96082928288115
786	-309.83531073545447
787	-301.43847595288804
788	-301.00241909583576
789	-304.12410807932883
790	-304.91077079815045
791	-305.19045472815856
792	-303.3701321727502
793	-303.69838442950623
794	-302.2907182909651
795	-292.5226995813475
796	-298.4156810459755
797	-306.74508686646845
798	-303.7181871596101
799	-304.9763812599032
800	-305.88472877819095
801	-300.8343888720603
802	-293.3863047277138
803	-304.9662597702872
804	-299.96336097465786
805	-307.47798477835596
806	-303.9694225090839
807	-297.30090000001195
808	-311.0106766030379
809	-304.53096491401215
810	-306.308374014288
811	-309.30434679447353
812	-301.7181714021007
813	-305.7274974109912
814	-303.68920624304064
815	-305.52253488910213
816	-304.99495200173396
817	-307.4395414078159
818	-307.24522115296014
819	-305.01645322780746
820	-303.0934603501758
821	-299.0169748612169
822	-303.10720294758937
823	-302.08451718024605
824	-304.8790863021233
825	-305.5793006949958
826	-302.3496414299111
827	-307.802660041154
828	-300.57726218118484
829	-305.1253672522972
830	-304.99230796996744
831	-300.1431877922759
832	-308.4937631490402
833	-305.3872432924111
834	-307.4404346304737
835	-305.1845218556792
836	-308.24900367739895
837	-301.8876583385826
838	-304.1290785979709
839	-305.65737266144896
840	-304.4787732513817
841	-305.86460349400994
842	-299.33323121754387
843	-311.4544005972285
844	-301.25468592844805
845	-300.64025341660096
846	-305.2855982307859
847	-308.4058045755894
848	-308.7901111525214
849	-313.33576228250496
850	-298.3744621547017
851	-299.90815619416645
852	-304.79829024689144
853	-303.2495306007309
854	-298.24211287998554
855	-302.57344483197693
856	-305.3153317185317
857	-303.82629880222356
858	-300.882655104287
859	-305.1390000115944
860	-301.64390000000003
861	-296.64253123496184
862	-310.3977483100494
863	-302.09374220346234
864	-303.34612360901303
865	-309.7271445154974
866	-303.7729728652531
867	-302.71032226840373
868	-312.31438698993315
869	-309.49328876295897
870	-308.13003347940054
871	-308.2203655132155
872	-306.6092480748014
873	-303.14397997609586
874	-304.8635543275867
875	-303.06090548510366
876	-301.0341981056941
877	-307.18306839266944
878	-303.85670260716614
879	-300.9426337062889
880	-306.30969374513757
881	-303.021228974928
882	-303.9463031016198
883	-307.42661869536005
884	-305.3617292285895
885	-296.1968271221799
886	-299.69745093538063
887	-304.7765291940977
888	-308.3440901077989
889	-301.31368990150605
890	-296.6852839325096
891	-306.0117783802905
892	-305.6241244961532
893	-301.32969252519325
894	-301.7576506175841
895	-295.6703414711754
896	-308.66828720864703
897	-297.6609472000246
898	-304.8268257835169
899	-301.5448249148802
900	-305.0338240141231
901	-309.8589295075021
902	-302.82422350292336
903	-297.4630667497883
904	-302.46033631778573
905	-305.3958111450381
906	-296.20465715439536
907	-302.1711532673546
908	-303.0120000514552
909	-305.9966220353866
910	-304.7111524534978
911	-301.3413371675708
912	-302.0080320565045
913	-303.58337691294764
914	-303.79759885399505
915	-305.13258558247946
916	-303.24260480347544
917	-304.3138310115079
918	-305.75165671682345
919	-299.1881817782782
920	-305.64953159943343
921	-304.16855713527724
922	-304.5672389085465
923	-298.87707140292713
924	-301.87384868544086
925	-304.0174402616686
926	-297.029788153647
927	-307.32699918838716
928	-312.6302974709334
929	-299.81691678654664
930	-307.3741622532608
931	-306.4252645109483
932	-304.4654173825099
933	-306.5174358389295
934	-302.7853454499106
935	-301.6555059133549
936	-305.1435574682913
937	-301.5181
938	-305.3145260013051
939	-308.882240901065
940	-308.98101171770725
941	-304.61420004539315
942	-300.6923587815597
943	-306.13803376423124
944	-303.6779689739723
945	-302.73505928277314
946	-306.3342348159818
947	-297.6681718673504
948	-306.88306104211887
949	-304.1122851804424
950	-310.08519424611217
951	-309.0738969906248
952	-303.0743028666318
953	-303.6008697362114
954	-297.20151600219793
955	-303.11260000003074
956	-301.8671404787662
957	-297.35015606661653
958	-305.5736398471509
959	-299.01588398251766
960	-302.7471447829665
961	-299.96327235269945
962	-309.0481893353206
963	-303.9900888651916
964	-305.4511831068353
965	-311.08569082301017
966	-308.5717604574417
967	-314.3820706754878
968	-311.2382421516485
969	-306.82654885738697
970	-307.133286417449
971	-306.2818392398212
972	-307.6825750923772
973	-304.1800202740973
974	-301.20295844734926
975	-305.1255403448505
976	-310.8345418594015
977	-303.12158325261925
978	-301.84299117224754
979	-304.67974732860796
980	-299.2794801849705
981	-305.09643447449514
982	-302.7601888843743
983	-305.4209612430754
984	-305.89036463592055
985	-301.2740312274395
986	-304.6489233913469
987	-297.21411226230623
988	-306.42267573386357
989	-303.1539334382625
990	-305.26563294612595
991	-308.03811022900777
992	-303.30815086136613
993	-299.3400432493901
994	-303.90835905590416
995	-308.80925930134373
996	-306.23900740491104
997	-304.8152834647376
998	-301.0818922038201
999	-301.38636492947535
1000	-296.8471584156956
1001	-302.6941226480868
1002	-303.45540122886365
1003	-306.6865507705952
1004	-307.4042899324592
1005	-302.1183174028224
1006	-293.28611863076236
1007	-303.78551464614316
1008	-302.4247373349485
1009	-309.683139709707
1010	-306.001304026553
1011	-297.0409701488685
1012	-302.3245176877718
1013	-300.5391751886093
1014	-306.2834183581866
1015	-296.96209856523575
1016	-298.5708676801356
1017	-307.5288846104736
1018	-299.4630526216455
1019	-299.9871
1020	-304.61487165050414
1021	-299.9151
1022	-299.67975174908804
1023	-300.58200570044124
1024	-306.6936821414935
1025	-309.0026099948047
1026	-311.9289542657587
1027	-306.1591703131303
1028	-306.01011793160654
1029	-304.35944424925714
1030	-305.1657555073107
1031	-303.61789278290803
1032	-307.45054202116233
1033	-307.54152836133966
1034	-309.838991144233
1035	-296.84840003293397
1036	-305.0886054530353
1037	-307.8535417100237
1038	-304.7550623490899
1039	-303.4664981785328
1040	-308.55972134184265
1041	-309.6191847796011
1042	-309.274220212494
1043	-299.45932946914866
1044	-302.5310803761248
1045	-305.4003112746284
1046	-306.17506835481413
1047	-298.5761593808522
1048	-307.6326222585403
1049	-304.1763688539738
1050	-303.0426834712527
1051	-297.92988371397297
1052	-299.3861950669438
1053	-300.0846846462131
1054	-300.8421260228194
1055	-301.66578481286473
1056	-294.32613524184205
1057	-304.8987034424997
1058	-301.74329482871934
1059	-306.6183177403157
1060	-306.8578162016104
1061	-305.55180500668445
1062	-303.5272586032493
1063	-298.79729320391715
1064	-306.6403255681638
1065	-306.3048074403795
1066	-305.1686516494707
1067	-309.4472344076157
1068	-306.66904811334234
1069	-304.5331680198708
1070	-307.1929721465193
1071	-305.4795615137848
1072	-306.57832569138134
1073	-302.9929793782245
1074	-307.6781562261158
1075	-302.4157356276706
1076	-297.5936079784013
1077	-308.11170113712456
1078	-305.960888834799
1079	-304.72910164068804
1080	-294.92885536671275
1081	-297.09766018134917
1082	-301.2995912750924
1083	-301.73171979876247
1084	-299.18158392337114
1085	-303.6119452404487
1086	-302.09279726755057
1087	-299.2133587310341
1088	-304.8143831850123
1089	-302.47180000000077
1090	-300.10423423641527
1091	-302.18096767405086
1092	-308.82856833516126
1093	-304.5388563035099
1094	-303.413400937708
1095	-303.85346960623923
1096	-300.0824649583568
1097	-303.2437295482221
1098	-307.2382767645987
1099	-306.7411303352647
1100	-301.19214450488226
1101	-299.2384138728127
1102	-307.2060609728376
1103	-302.26648206323233
1104	-305.4324953177186
1105	-302.0304355187123
1106	-309.0100423419713
1107	-303.2808809806294
1108	-309.5099418660554
1109	-300.675347749926
1110	-302.78166262942557
1111	-300.0360482663595
1112	-303.07911411452665
1113	-302.21796887633064
1114	-305.5680386055056
1115	-305.6548333844843
1116	-301.71318536450843
1117	-304.9742048504586
1118	-308.4294548696664
1119	-309.68043384094926
1120	-301.8679792436338
1121	-307.79976996620405
1122	-304.40502113793883
1123	-312.0938665719376
1124	-312.8267675505926
1125	-302.17004798209774
1126	-299.99530172325524
1127	-303.6165308072075
1128	-307.3640748413636
1129	-304.0565642428421
1130	-308.75202254421265
1131	-298.5172670157503
1132	-305.3447000001976
1133	-297.8976601320083
1134	-310.25148454788945
1135	-311.2832784065463
1136	-300.67727999541694
1137	-309.52444222638104
1138	-306.89705647780215
1139	-303.8954681176881
1140	-298.39294423265596
1141	-305.9501570817572
1142	-304.41824841708615
1143	-304.34058646497397
1144	-300.8517000012814
1145	-300.5528073046499
1146	-300.84100436595713
1147	-306.4272909654822
1148	-305.6634067179521
1149	-302.14490944933516
1150	-303.1296410771877
1151	-303.5855910028325
1152	-302.95687430858163
1153	-305.12366625377683
1154	-303.9715101789204
1155	-305.2455715832672
1156	-307.0058103348686
1157	-303.89519690433207
1158	-303.75460650395536
1159	-306.8882739601653
1160	-302.36535989564067
1161	-309.76702242076107
1162	-303.58186402559517
1163	-310.22045504783665
1164	-299.0690000000045
1165	-304.4703908699691
1166	-308.82787309670135
1167	-303.08496604714753
1168	-304.4397582303696
1169	-301.5017707136828
1170	-300.54651308862475
1171	-301.29792069490634
1172	-305.8687106929399
1173	-303.2809459294335
1174	-300.59913583762113
1175	-308.2240235138031
1176	-301.7415388654149
1177	-304.9472533568078
1178	-300.87980963631543
1179	-308.4766246683818
1180	-308.89013980579944
1181	-307.7893643405987
1182	-300.8500503931269
1183	-307.73009942933186
1184	-307.2673693817893
1185	-306.13755347528206
1186	-302.3817946241883
1187	-304.77354636354266
1188	-300.9095592977706
1189	-299.89083429626703
1190	-301.97868491342115
1191	-301.5132046050262
1192	-308.15776068172823
1193	-310.44081483847793
1194	-307.2817136512727
1195	-302.7450829378815
1196	-301.1712791191024
1197	-299.55896855370435
1198	-294.6296933998446
1199	-305.52449654915756
1200	-298.6819130568799
1201	-300.31062128659374
1202	-300.11722603808755
1203	-310.7031473635726
1204	-300.3796001337893
1205	-301.41081277644446
1206	-303.737614239961
1207	-309.94409816336514
1208	-303.95899622747527
1209	-302.4254857126129
1210	-305.5009044782033
1211	-301.7175751651927
1212	-308.1233950088952
1213	-307.3727579701082
1214	-302.9993047384216
1215	-303.3627047706289
1216	-307.48229225030724
1217	-309.2076984904538
1218	-302.36125699354693
1219	-305.7544094746395
1220	-298.71942901385455
1221	-306.9297767197999
1222	-304.9512666636821
1223	-305.69053878030934
1224	-304.56535096725236
1225	-303.3984287491756
1226	-304.9744795077655
1227	-305.94254908439274
1228	-307.3926937030732
1229	-309.3872052661595
1230	-307.690289653199
1231	-304.4368881549351
1232	-302.5043471615845
1233	-303.6634527387897
1234	-306.3405581584788
1235	-304.0559553384933
1236	-305.53170048692544
1237	-303.51898226897475
1238	-310.09179216883564
1239	-309.93117316659095
1240	-308.38328628406794
1241	-301.0459246825008
1242	-304.53081459892536
1243	-303.9658
1244	-303.6820622511211
1245	-301.58809163027746
1246	-306.9825644915172
1247	-300.3953191588168
1248	-307.2635404675649
1249	-303.0363315630885
1250	-295.4864965041358
1251	-302.65188940657816
1252	-303.9415352494749
1253	-300.7228734667374
1254	-299.67713442896985
1255	-302.04233041917365
1256	-304.46754242145
1257	-308.95141287838413
1258	-305.512733758855
1259	-301.8595821430114
1260	-304.23461327428504
1261	-302.51320922534717
1262	-305.8908193131307
1263	-306.8932142106138
1264	-303.50972481948645
1265	-307.3226555686912
1266	-304.43236545751427
1267	-298.9224809081068
1268	-306.469191740968
1269	-307.4409436003128
1270	-303.1786965001691
1271	-303.3348337429074
1272	-300.0149041868393
1273	-305.6740347011943
1274	-305.1779802053888
1275	-304.71845153137286
1276	-301.517425720291
1277	-303.1420527754221
1278	-301.99000292145365
1279	-305.9614301276767
1280	-301.7966574693748
1281	-305.43458276197424
1282	-296.3330451124497
1283	-307.8410760008099
1284	-304.3657242471649
1285	-302.15371533501593
1286	-309.7528284080759
1287	-307.54733051105137
1288	-307.39806098224636
1289	-308.1618354995037
1290	-298.42550376678054
1291	-309.2184354420541
1292	-310.1513696623215
1293	-305.8961158292419
1294	-302.1989173452801
1295	-306.94991010764704
1296	-301.97903290019445
1297	-303.2802322435984
1298	-305.2697137459199
1299	-300.8276175811309
1300	-307.96821485647075
1301	-307.59557494493845
1302	-302.6805448818861
1303	-307.07676936496694
1304	-308.63016823306174
1305	-303.0422379704281
1306	-304.57248458421697
1307	-298.9010089352698
1308	-299.55288800281073
1309	-309.67232433851984
1310	-302.8449060618199
1311	-306.4549016013324
1312	-304.5831057869756
1313	-294.0793771983063
1314	-304.92381995513205
1315	-306.5410510233392
1316	-299.4697451373645
1317	-302.5270249433344
1318	-302.3828924341507
1319	-309.42751606969455
1320	-301.25366108772016
1321	-312.29982093236265
1322	-301.15186238310235
1323	-305.95773197799934
1324	-304.96843837961967
1325	-301.2510438206121
1326	-300.6789830817844
1327	-296.6818309919544
1328	-301.9255363995124
1329	-303.8242604297641
1330	-303.54528894380746
1331	-304.0419064652348
1332	-301.6362569504481
1333	-296.89263756584
1334	-297.2897153342798
1335	-302.1091269724134
1336	-300.6450482253612
1337	-300.07841111128266
1338	-296.4896529083095
1339	-305.85890823774275
1340	-300.9041980961386
1341	-302.4856664096456
1342	-300.4027069776139
1343	-300.16409257023116
1344	-300.09202431350326
1345	-301.08760003340996
1346	-302.91974321840235
1347	-308.7185968541491
1348	-299.4174050495903
1349	-306.53477121108074
1350	-305.45390020403676
1351	-296.03593799581535
1352	-300.7845636132722
1353	-308.1727917567724
1354	-306.1274423305704
1355	-302.86177547091427
1356	-299.6606450826912
1357	-303.48844395520064
1358	-304.4638529553985
1359	-303.522336343209
1360	-300.50371571350746
1361	-307.88188712933055
1362	-303.2810061616836
1363	-302.4644170737236
1364	-303.32452032727355
1365	-302.6590286550215
1366	-306.2656711769525
1367	-309.1473829264649
1368	-307.38783330385115
1369	-300.5165191699756
1370	-300.80032156839906
1371	-301.36014305322294
1372	-304.6246919430732
1373	-303.0992274819434
1374	-302.0355419824325
1375	-310.54545474441716
1376	-301.0361417867784
1377	-305.917051327545
1378	-301.07503549400735
1379	-306.5617273548585
1380	-306.4745414263733
1381	-300.6456512285925
1382	-304.0743863537021
1383	-302.87715327996784
1384	-303.99729411980206
1385	-303.05724067478565
1386	-298.6920905487245
1387	-306.452889152187
1388	-310.6552020193559
1389	-304.1165013496389
1390	-307.95498894406404
1391	-307.06015020453265
1392	-300.878285939139
1393	-296.86096069918426
1394	-303.8180986276194
1395	-301.3726152684929
1396	-306.83843155256824
1397	-302.48475011131563
1398	-308.720566337916
1399	-307.77746552052184
1400	-304.32552131748423
1401	-304.18236607509306
1402	-306.90561421595453
1403	-301.3795
1404	-302.2496512551934
1405	-306.7401111168903
1406	-305.0826361782852
1407	-303.3938685938741
1408	-296.83595827974165
1409	-307.729701161189
1410	-299.6306994322036
1411	-309.94616278788567
1412	-304.6407738657992
1413	-304.16640571605336
1414	-302.30525354194776
1415	-304.5768651158965
1416	-306.7980760730048
1417	-300.90428193447565
1418	-303.3066941349052
1419	-300.4943931056745
1420	-307.0223527250368
1421	-306.98089486491426
1422	-305.8121429873975
1423	-305.1444463827769
1424	-302.0496073151287
1425	-301.96798829080456
1426	-304.457831760158
1427	-303.51681559099984
1428	-306.93702381836994
1429	-303.1324201806393
1430	-299.87387344942925
1431	-303.1383084646576
1432	-303.8407223144844
1433	-308.0441698260905
1434	-304.00653168644357
1435	-305.264875091595
1436	-304.76108909799484
1437	-307.8633059319803
1438	-307.3118705020268
1439	-305.23361703271706
1440	-297.02705957695616
1441	-301.4025652573876
1442	-306.681533875297
1443	-299.95195547470297
1444	-303.26094563964557
1445	-306.78323765753385
1446	-300.7424389351759
1447	-300.15650259129524
1448	-305.00439745513984
1449	-304.9795231579891
1450	-302.09226851008486
1451	-305.8350460062136
1452	-307.2897190135002
1453	-309.87837174777684
1454	-312.0836440478784
1455	-308.4619437696286
1456	-305.6859433133445
1457	-306.32883310687174
1458	-305.4073203343244
1459	-304.9593258169464
1460	-306.98216553975857
1461	-303.22054981358144
1462	-306.7526487684974
1463	-304.7421854304056
1464	-304.06991280565694
1465	-304.7312443131215
1466	-303.4740343434561
1467	-300.73030000126323
1468	-303.4458374117566
1469	-309.31311174042975
1470	-302.3841166095566
1471	-304.1680405487306
1472	-306.68369356446607
1473	-307.6436671198506
1474	-309.82178859883624
1475	-303.08329951552497
1476	-303.5248778662913
1477	-304.746256621011
1478	-299.60550866804573
1479	-309.09240387688857
1480	-303.97955189921066
1481	-308.5208951892817
1482	-298.08541820203783
1483	-307.280602410034
1484	-306.8852401450562
1485	-302.26958106399684
1486	-310.48448997611257
1487	-304.42553132203454
1488	-308.80678958725593
1489	-308.9560821865285
1490	-308.08398789183946
1491	-298.40566911608397
1492	-301.5394325917231
1493	-299.56365987988346
1494	-307.6341249338647
1495	-307.150855201411
1496	-294.1399
1497	-304.53795271436843
1498	-297.33159050060857
1499	-305.90436854422103
1500	-308.949513227651
1501	-318.37476686216024
1502	-308.3084675609788
1503	-307.1654522500722
1504	-307.2046653283989
1505	-305.83348660237823
1506	-307.43635619784254
1507	-305.75771814296587
1508	-302.9971425837015
1509	-298.8275133797181
1510	-302.08435565274294
1511	-306.5474738861059
1512	-303.8731714382411
1513	-303.21042608922306
1514	-304.04887116866473
1515	-304.4208150532648
1516	-307.3296682092053
1517	-304.10595379641234
1518	-304.6258769153907
1519	-308.82532071292053
1520	-300.5339022596531
1521	-304.5161079486825
1522	-308.71143630071253
1523	-300.3944386097999
1524	-307.26192039319045
1525	-306.6651649166454
1526	-306.50652640765935
1527	-309.2426757142684
1528	-298.7465028799438
1529	-308.5886684402683
1530	-302.2850927294531
1531	-300.5716880595188
1532	-303.66383016220897
1533	-298.8474905477755
1534	-305.53867069231137
1535	-297.19090370823676
1536	-307.79164091669577
1537	-304.85383998577237
1538	-304.2347865904368
1539	-307.5749486946896
1540	-304.17981039444555
1541	-308.3083003981542
1542	-302.03146124160554
1543	-303.0499121103159
1544	-301.7235035421909
1545	-304.4712
1546	-295.29066006663646
1547	-303.48889645540845
1548	-305.18733085789836
1549	-303.8212025173287
1550	-298.0846506801875
1551	-307.2974918092913
1552	-306.40047975380224
1553	-310.7203934848479
1554	-297.72574279248806
1555	-295.4493320768229
1556	-298.8040436921424
1557	-307.8994365184151
1558	-310.68248050295045
1559	-311.0752580513992
1560	-307.72612187076993
1561	-310.273645058741
1562	-307.5703271145129
1563	-302.1985431571571
1564	-312.0585462221571
1565	-305.24904348717666
1566	-300.1329586812728
1567	-303.73392240628795
1568	-300.51042882835316
1569	-304.4471423460136
1570	-302.42670038901025
1571	-301.57449917400703
1572	-305.3014574077632
1573	-299.0773195377421
1574	-303.9364824814087
1575	-296.5110667352644
1576	-310.6316795453153
1577	-301.09688359584135
1578	-303.9244895585529
1579	-297.53422621438716
1580	-304.59655592108896
1581	-302.5647238874058
1582	-302.2455053783636
1583	-299.2637727209655
1584	-306.5576308384899
1585	-308.75945964671854
1586	-301.81858018436316
1587	-298.51203324712617
1588	-308.10480360400516
1589	-303.9503418601204
1590	-302.6069809675382
1591	-299.59013233200056
1592	-301.53193195258865
1593	-297.5414654866399
1594	-303.84792144001443
1595	-296.81673421133587
1596	-296.47537929282265
1597	-303.6536464916955
1598	-300.9008522669624
1599	-307.45119192796454
1600	-306.48135477511204
1601	-302.75999412990444
1602	-306.24324071134225
1603	-300.97590850662465
1604	-300.0645970638093
1605	-301.6958009056025
1606	-303.7496974189774
1607	-307.5154232285117
1608	-300.94295728247533
1609	-302.6977302068063
1610	-299.7682221116808
1611	-303.87792334551875
1612	-304.5545182175671
1613	-304.9515730909725
1614	-299.09061623386935
1615	-308.56375842091245
1616	-306.4870104190848
1617	-305.9229512320913
1618	-306.24811904074437
1619	-313.75700655762256
1620	-306.54113723016974
1621	-299.8591411577263
1622	-309.4517008722447
1623	-302.9460964254438
1624	-314.4492817536134
1625	-311.1918586392469
1626	-309.90054001958623
1627	-303.52483076956406
1628	-306.89680000168136
1629	-300.3530271534507
1630	-304.09110537752105
1631	-301.2654042597782
1632	-304.2023680468843
1633	-299.15494595370757
1634	-298.4963493378677
1635	-301.693316383579
1636	-303.53390069090614
1637	-302.2275431058851
1638	-300.44804971543556
1639	-305.29728384480103
1640	-307.79155958705377
1641	-302.1747819640283
1642	-303.5889862115899
1643	-299.33756629730993
1644	-309.60448443184384
1645	-304.2687019199137
1646	-306.72259041809315
1647	-297.0593234290585
1648	-305.84811311465916
1649	-306.28171869145353
1650	-302.93882096189583
1651	-301.3225114377067
1652	-302.8088348180402
1653	-302.80539625364776
1654	-300.11576784879725
1655	-306.0477231875617
1656	-304.04749461947847
1657	-300.2241816898574
1658	-300.88618664746053
1659	-307.6578906284135
1660	-308.28240827325277
1661	-307.8319975259008
1662	-309.6754994244515
1663	-298.1579005930941
1664	-306.00475342143125
1665	-305.5510269222483
1666	-295.80398854788996
1667	-311.02082303585473
1668	-297.7541502827914
1669	-305.7732014934931
1670	-301.00888380851273
1671	-305.8867575348
1672	-307.9720951301023
1673	-309.0211459264101
1674	-308.4137743616639
1675	-298.23540029084484
1676	-306.339178705884
1677	-300.49529028321354
1678	-305.0381743975718
1679	-309.1368929490274
1680	-308.1369093933951
1681	-301.55973412971804
1682	-304.4795190115735
1683	-304.5292171402802
1684	-304.55556108776335
1685	-298.0014589196361
1686	-310.1862460383796
1687	-305.8834572557412
1688	-303.8812055847374
1689	-307.5094792081724
1690	-312.40474606262075
1691	-311.08938164423097
1692	-302.97003790714945
1693	-306.64422216296015
1694	-303.6003472764184
1695	-307.91169944083117
1696	-308.60563195005335
1697	-302.24330407886396
1698	-303.6368447836442
1699	-296.79125763943335
1700	-303.3860503473401
1701	-301.6736
1702	-301.9481342534526
1703	-303.54352109563337
1704	-309.3590245365414
1705	-301.3520051766025
1706	-295.0273714967643
1707	-306.3762053656331
1708	-300.5875490402937
1709	-303.859365477543
1710	-306.31382728402065
1711	-304.7332326398735
1712	-302.8383520742959
1713	-302.2486255770654
1714	-305.96138695909315
1715	-297.49913888881065
1716	-301.62580000001407
1717	-303.37617838399154
1718	-303.49106013651755
1719	-301.63513056667324
1720	-305.86626751226595
1721	-306.47472755823304
1722	-308.95079003376634
1723	-307.9808888692935
1724	-305.08966238106456
1725	-300.0690339759896
1726	-297.73833476786353
1727	-303.0195452989844
1728	-302.8439961644271
1729	-299.31972328656053
1730	-300.49329079553615
1731	-306.06914355626725
1732	-305.6293148284827
1733	-304.51313902752486
1734	-303.37076877431775
1735	-303.042327457728
1736	-309.5070771547762
1737	-301.50426960423846
1738	-306.0710982012613
1739	-305.4739077376754
1740	-300.3307858890656
1741	-309.8395681826986
1742	-308.98750244045567
1743	-306.8337080597865
1744	-314.00923594634895
1745	-301.3691759446022
1746	-298.18281954235636
1747	-301.639501218897
1748	-299.66686456653326
1749	-304.23619777619683
1750	-304.93997262374353
1751	-296.54016329923905
1752	-304.001972873338
1753	-307.6499092035433
1754	-297.4377
1755	-304.5297860873397
1756	-308.32893810341864
1757	-307.9979240715122
1758	-304.4083754934461
1759	-304.45163838776233
1760	-302.184618163362
1761	-306.2129890398925
1762	-304.69529373650846
1763	-300.1077509889873
1764	-304.84765034256475
1765	-305.4433165226033
1766	-303.7735032411663
1767	-306.0080581983438
1768	-301.9054859573242
1769	-306.8774199309144
1770	-303.3038193942525
1771	-297.63399297136107
1772	-299.11360929050886
1773	-306.0719228278765
1774	-301.25121698398266
1775	-303.60646624529556
1776	-300.03390155004826
1777	-308.9874975296278
1778	-299.0522295445654
1779	-305.24734643551614
1780	-302.55693487889897
1781	-303.7138134214854
1782	-303.6566341915589
1783	-297.78645029990884
1784	-299.5053468848947
1785	-307.1556579130887
1786	-305.6859989387793
1787	-300.5013769270232
1788	-310.4723226908851
1789	-302.28196892426905
1790	-304.7019232694231
1791	-299.9379
1792	-298.9655973236933
1793	-301.28547560443036
1794	-303.4189195184147
1795	-303.0148449416887
1796	-305.31429049507767
1797	-309.9107137558426
1798	-300.3677296711702
1799	-298.8741695105897
1800	-302.55406388813304
1801	-302.85646493074006
1802	-305.1038274027199
1803	-300.3985000000241
1804	-305.7921599617765
1805	-302.34870681619236
1806	-306.9747860551984
1807	-303.5078261131449
1808	-303.0606090358605
1809	-298.17260034909134
1810	-308.8052052137336
1811	-301.50020270026715
1812	-304.0971
1813	-310.0189185819295
1814	-307.275895420618
1815	-303.2447043829981
1816	-300.99497240553694
1817	-307.81098571653644
1818	-301.2135889080514
1819	-305.27599671233764
1820	-302.3989000001238
1821	-302.762909088106
1822	-305.5811554280696
1823	-296.1059489070712
1824	-303.4662000285645
1825	-297.8543219986082
1826	-305.55711762244385
1827	-308.3841886194298
1828	-299.3746098290582
1829	-304.65264652133294
1830	-303.5508602333222
1831	-301.964244224775
1832	-305.85924050923546
1833	-301.36802265000273
1834	-305.9803599452228
1835	-306.8493319483648
1836	-297.40614871052645
1837	-298.11423166902694
1838	-301.99787923600513
1839	-299.35702381795255
1840	-310.48774593071596
1841	-304.50654959138166
1842	-306.66525413083747
1843	-304.72128847538727
1844	-309.63817729734274
1845	-307.16300186920006
1846	-305.99845062160426
1847	-306.1109859695699
1848	-306.420974920811
1849	-307.92227227185896
1850	-303.44418051144044
1851	-305.66746086908864
1852	-304.2996605316208
1853	-304.18483277622806
1854	-304.45820595973095
1855	-305.96872942575555
1856	-305.15331735695736
1857	-301.8604106780133
1858	-306.90553913175273
1859	-304.42161683187953
1860	-310.44626901859976
1861	-308.48630733566335
1862	-304.83010000000047
1863	-309.00081680419527
1864	-295.89455271296157
1865	-308.4160618793976
1866	-302.75203473979263
1867	-303.471400000161
1868	-301.3447457159285
1869	-305.74345946323143
1870	-311.05176457177487
1871	-304.1233408723387
1872	-306.37954218435874
1873	-302.55295495171697
1874	-306.0941087944833
1875	-299.8437821476655
1876	-305.4234529882452
1877	-305.0479236572226
1878	-305.48995486947524
1879	-296.54534436344784
1880	-298.54488916276375
1881	-302.39308083618437
1882	-301.3167331780035
1883	-302.7864849494966
1884	-305.72419016744254
1885	-299.4144294486277
1886	-302.01464833811553
1887	-306.9053962744771
1888	-305.84961553574595
1889	-302.09512724700096
1890	-305.85429807507404
1891	-305.505584459232
1892	-296.37736009710716
1893	-306.02481883895587
1894	-307.03162304626574
1895	-304.72970513562905
1896	-302.8148345643693
1897	-303.07544478537346
1898	-300.4174940974334
1899	-300.8788464343872
1900	-297.20757570041155
1901	-300.7956476604876
1902	-296.7279286517527
1903	-300.44879438893855
1904	-304.23308621944545
1905	-294.31282456675063
1906	-301.5887599124417
1907	-302.18707563858703
1908	-298.092720093354
1909	-300.01410575926343
1910	-291.5379804542108
1911	-301.4567514634388
1912	-303.7996747272983
1913	-307.8904074609218
1914	-310.4935781198599
1915	-300.2828861136805
1916	-306.9938585553102
1917	-302.62739659575533
1918	-304.308451325895
1919	-301.57032895438937
1920	-300.6366681558061
1921	-304.0629036061566
1922	-300.9324529933393
1923	-310.16422252646083
1924	-304.98904401471253
1925	-305.72204694861944
1926	-302.66740115203265
1927	-305.92886731220585
1928	-308.77249437523676
1929	-307.9058496745631
1930	-302.71563829203654
1931	-304.7937663787388
1932	-310.5617617012787
1933	-306.42889853741036
1934	-305.48207057755474
1935	-308.9865763160796
1936	-302.5047239109676
1937	-305.50357764419823
1938	-309.46426517405996
1939	-310.0711938939463
1940	-305.3649028496138
1941	-301.3842652644265
1942	-301.91336374431916
1943	-297.8932315158685
1944	-306.89256773430196
1945	-303.6914571059439
1946	-303.07102843803654
1947	-301.25206304124356
1948	-300.88927361459025
1949	-295.5655000328468
1950	-297.2343974061621
1951	-301.5047746249665
1952	-306.4966322940942
1953	-308.0720188381582
1954	-302.27287634105886
1955	-303.19439985957854
1956	-305.4057835886288
1957	-301.1778260220838
1958	-307.6436082623381
1959	-302.0071432967376
1960	-301.6028000487061
1961	-308.5326720861407
1962	-304.1166261708049
1963	-303.4976314194853
1964	-307.5863873960658
1965	-296.5632729326406
1966	-306.26120689302
1967	-310.5446865486804
1968	-304.72975878311155
1969	-302.0857482144701
1970	-303.13269197692284
1971	-306.58120114700296
1972	-305.42237414130375
1973	-301.0664110264478
1974	-301.7481298169158
1975	-300.2311935218784
1976	-302.6968580694849
1977	-305.80190960721075
1978	-303.8516821422965
1979	-302.10684176551223
1980	-296.0083587113979
1981	-304.4776016978763
1982	-306.4609418715658
1983	-300.4815883939153
1984	-302.4265163760686
1985	-298.90311399890754
1986	-303.1739451767035
1987	-299.2399789247118
1988	-296.6376722308359
1989	-298.1203466839843
1990	-305.1210122208649
1991	-300.23558694901095
1992	-310.2548305818542
1993	-299.62491045226733
1994	-297.4533
1995	-307.0052873445263
1996	-301.4745764308404
1997	-298.727672072088
1998	-303.05882815205297
1999	-306.6259770258025
2000	-305.974846515773
2001	-303.9744120676034
2002	-305.7456673995702
2003	-310.3112583271766
2004	-304.70506279659656
2005	-299.47682604893936
2006	-298.59717651860393
2007	-304.4555955773125
2008	-305.0965110899815
2009	-303.331513053335
2010	-303.34145114470385
2011	-307.0366546752327
2012	-298.1954293200041
2013	-301.56168341714874
2014	-312.8497297407542
2015	-299.8521958831156
2016	-299.27909162440335
2017	-308.138001247136
2018	-299.4552418327577
2019	-297.5959724401151
2020	-301.29259801289965
2021	-301.8928825882275
2022	-304.209527889236
2023	-304.5146951086443
2024	-304.80516684248835
2025	-303.3625905582494
2026	-309.78718845497804
2027	-303.9645380566736
2028	-307.9130988029598
2029	-302.80741213045627
2030	-308.53602742369395
2031	-304.94130000659317
2032	-308.1992839561818
2033	-307.03193725005644
2034	-299.62138356071125
2035	-303.6248871405527
2036	-302.7600944696806
2037	-304.1008009919052
2038	-311.7607675625827
2039	-306.62823228163603
2040	-301.8823611887223
2041	-310.8512302344311
2042	-302.43900601153706
2043	-305.4915323938864
2044	-306.0977787404943
2045	-298.9913510121237
2046	-304.60534338158857
2047	-301.9137859862332
2048	-300.95932286605716
2049	-302.2676559184765
2050	-303.92061561216417
2051	-302.8181922979432
2052	-298.31270019946646
2053	-299.303990997808
2054	-303.16310215800615
2055	-301.47121599381546
2056	-308.5398834086079
2057	-304.05358517554976
2058	-307.6380678116966
2059	-296.5832168868883
2060	-309.5534673461881
2061	-300.74777155933583
2062	-304.3765019501754
2063	-298.804644138288
2064	-300.27330000000006
2065	-306.09077325303844
2066	-301.53881832675165
2067	-301.746911442802
2068	-301.8301119869275
2069	-303.06379798564564
2070	-307.37499101210403
2071	-303.42143645111753
2072	-293.57678786570733
2073	-300.59257636954123
2074	-299.5689920039532
2075	-295.2622069029342
2076	-299.15285000942
2077	-297.06322011284243
2078	-306.6536501959267
2079	-304.95270378931843
2080	-304.58034470136795
2081	-303.9918061890212
2082	-303.78218845699286
2083	-304.80479553337256
2084	-300.84036305058584
2085	-311.0721371855214
2086	-302.7835119525205
2087	-301.19750317069867
2088	-297.1424266952164
2089	-307.83469660629794
2090	-309.7762113331532
2091	-303.8916902473175
2092	-299.6401201617126
2093	-299.6072268044781
2094	-308.0516860982791
2095	-306.6484797726405
2096	-305.93355104892277
2097	-303.49299578228187
2098	-302.07088724466314
2099	-303.86030002715734
2100	-306.3098935982769
2101	-302.41453513955685
2102	-301.47166041607727
2103	-304.85255390794276
2104	-305.20657932741335
2105	-303.3996388990668
2106	-304.99721211220105
2107	-307.38767347056233
2108	-306.26380766559424
2109	-300.22923387590333
2110	-302.87127603398835
2111	-304.1815869207724
2112	-303.64327316415665
2113	-298.6880165335825
2114	-307.5213175848272
2115	-301.9316448656717
2116	-299.7332000000211
2117	-303.2353973535974
2118	-305.0807779539275
2119	-302.8785402632246
2120	-306.34243707135585
2121	-303.4748396444442
2122	-307.88308958644245
2123	-299.43099716723924
2124	-306.7050646930087
2125	-305.1013878014891
2126	-305.92665696857
2127	-310.2149701831813
2128	-301.65486017512774
2129	-313.706673397352
2130	-307.3499241070578
2131	-302.6392573944022
2132	-305.6618455559006
2133	-304.4660978359372
2134	-302.39671067724413
2135	-304.6407879617751
2136	-305.2750835586085
2137	-305.87712936350067
2138	-301.2192510514742
2139	-312.66823329107643
2140	-308.2569409769737
2141	-307.9334229666478
2142	-304.4955853152377
2143	-307.4807220863401
2144	-309.5580831878949
2145	-301.68000294183054
2146	-301.07763060253365
2147	-309.15895405864853
2148	-308.44729895569355
2149	-313.73015533114716
2150	-309.8173584478924
2151	-299.37060055563023
2152	-303.03056938128645
2153	-303.0819547908517
2154	-305.39506930419066
2155	-306.6522125114886
2156	-302.75380431719697
2157	-306.7739081689726
2158	-298.4309468608758
2159	-307.6773467407821
2160	-304.55016528849893
2161	-306.2277747915737
2162	-305.682856592682
2163	-306.05050441978466
2164	-292.59274138251277
2165	-295.97717908372846
2166	-307.26133652761365
2167	-304.8359425022414
2168	-306.8541031199533
2169	-305.8944845223811
2170	-306.68498106213406
2171	-301.1242358529722
2172	-310.625110667236
2173	-307.63636524658915
2174	-304.0529925734013
2175	-306.87377685108055
2176	-302.9546982954512
2177	-305.94030852919053
2178	-298.48536770816327
2179	-303.3142674852176
2180	-307.97011502475715
2181	-307.7980402656711
2182	-307.35835718181215
2183	-304.04624761794406
2184	-294.89159967394636
2185	-304.3657569183624
2186	-306.14341373883326
2187	-308.9180200806078
2188	-304.6553554975876
2189	-308.75752335094626
2190	-300.53526063584786
2191	-304.22746061757795
2192	-299.75521881500293
2193	-299.31723298275205
2194	-304.5532736210223
2195	-303.08754090777376
2196	-306.0396887908741
2197	-303.0515000000001
2198	-300.7498902437469
2199	-302.6937261740384
2200	-299.4881532949746
2201	-304.6365029107549
2202	-303.0395545473337
2203	-304.99540346210506
2204	-304.06894356420946
2205	-304.1334155012129
2206	-305.0931048945237
2207	-305.9290899877337
2208	-302.806633621413
2209	-306.71400393065574
2210	-305.9339689895725
2211	-304.81580065209664
2212	-303.4861946989691
2213	-303.9784047619287
2214	-300.81391455040324
2215	-308.4920980175597
2216	-307.17730217043845
2217	-304.2117385050777
2218	-302.1833784861956
2219	-299.0606524500908
2220	-306.5503877453838
2221	-308.7917751769561
2222	-297.9573072375724
2223	-299.9762
2224	-303.695271218699
2225	-300.6985021480267
2226	-301.54749584704416
2227	-305.04634827016326
2228	-306.1690745141674
2229	-306.8616800886851
2230	-304.46240465960267
2231	-303.1211639468563
2232	-302.9881552166868
2233	-306.5749958744535
2234	-310.2127762168469
2235	-303.7589577526077
2236	-300.72095266487213
2237	-305.0071128238892
2238	-304.8168066862332
2239	-299.876715409454
2240	-299.9869002190128
2241	-311.26082300718025
2242	-309.2180003932923
2243	-301.2784905292696
2244	-303.28442678144285
2245	-299.72064624858774
2246	-311.9282836246894
2247	-301.5448329390339
2248	-302.118299789846
2249	-307.64893453651325
2250	-308.37668723868063
2251	-305.45969056351106
2252	-305.0012348362277
2253	-302.69678719745497
2254	-300.1327688387531
2255	-301.28482085512644
2256	-306.09432675953457
2257	-305.3994028793646
2258	-303.36945002806954
2259	-300.39484502959067
2260	-304.2502863778696
2261	-307.5243856641296
2262	-305.6306637722925
2263	-306.68833173384104
2264	-293.0229666023026
2265	-305.00515146921816
2266	-303.99107934888747
2267	-307.367022970497
2268	-309.75338915529693
2269	-310.3889065467702
2270	-306.2004411905229
2271	-304.69995309195656
2272	-309.2056403966174
2273	-303.47998651317823
2274	-304.11842606567933
2275	-303.61496300060077
2276	-305.266741084192
2277	-304.0029179067547
2278	-311.3891951779816
2279	-305.63680903372494
2280	-302.50488229447416
2281	-308.35817349995625
2282	-309.5448916747208
2283	-300.0769634840814
2284	-298.88464542398094
2285	-297.7508565681645
2286	-301.1605378904957
2287	-303.13853214141875
2288	-293.9605994740998
2289	-296.0370997182132
2290	-295.93705169656494
2291	-303.9349018887036
2292	-311.68832669351764
2293	-302.0413928020875
2294	-307.2904477149616
2295	-304.5618718861178
2296	-298.53943982808215
2297	-303.3206535095839
2298	-307.41600928959406
2299	-303.65270995624434
2300	-307.3927881889389
2301	-308.3598291442363
2302	-300.76200475116417
2303	-302.45202571515796
2304	-301.0949381044684
2305	-301.5747703282358
2306	-309.34458590202667
2307	-298.4943281474825
2308	-306.64307339313564
2309	-308.5083135095762
2310	-300.21837374017025
2311	-306.9103124792644
2312	-304.07973508920765
2313	-299.7231210795546
2314	-302.99311583889784
2315	-305.76187085862864
2316	-303.8525549064938
2317	-303.3697704990641
2318	-306.85189100503504
2319	-298.5995077479832
2320	-303.62242001846005
2321	-305.24886384836026
2322	-302.0503606147833
2323	-305.7388591322194
2324	-308.66419270193825
2325	-303.29605422058444
2326	-302.7558191303478
2327	-302.08980991004967
2328	-302.7056021010116
2329	-307.43236336602456
2330	-300.92312446033617
2331	-301.0693404727091
2332	-297.8383996221237
2333	-304.00348771417265
2334	-301.7720854229342
2335	-300.9362721730526
2336	-295.3712
2337	-304.6069714142476
2338	-305.2705282367198
2339	-304.4166106194847
2340	-299.988911716279
2341	-309.28428134005765
2342	-303.1879739266795
2343	-299.95299216042054
2344	-308.68251471241075
2345	-300.4701121219616
2346	-304.7669317940549
2347	-299.82187261496296
2348	-303.4313989941791
2349	-305.4113864251153
2350	-308.0035650355065
2351	-308.21563359286057
2352	-303.79602112857543
2353	-301.31734500847955
2354	-301.28854246074036
2355	-302.964540636334
2356	-293.6025219281144
2357	-306.18176732195616
2358	-301.978670042989
2359	-302.48923637950463
2360	-303.97604182505484
2361	-306.00277117953664
2362	-304.09571147798255
2363	-308.7207349049039
2364	-301.0139808196672
2365	-309.42070643446135
2366	-311.81421204723745
2367	-305.3500662997436
2368	-306.9374845142109
2369	-307.7852618794369
2370	-304.8533771096443
2371	-307.1218664147864
2372	-303.89645946516333
2373	-299.76979489510796
2374	-302.0902953782349
2375	-305.455823412537
2376	-307.15795099146305
2377	-301.53120442367225
2378	-304.66178988885906
2379	-303.28854442734905
2380	-307.32836774286795
2381	-299.1760775150385
2382	-305.28420522885835
2383	-300.25280173459805
2384	-311.06454471044697
2385	-304.1409881480627
2386	-304.1226126201225
2387	-304.01878060387565
2388	-300.07766336518273
2389	-306.4194933478234
2390	-298.7398686011967
2391	-309.7045968878945
2392	-306.6650055154966
2393	-305.4732857557052
2394	-296.65208810606487
2395	-292.8002639088447
2396	-304.918509290086
2397	-302.43005929404944
2398	-302.7441979391956
2399	-303.33605170190293
2400	-302.5308020913898
2401	-313.04170631611373
2402	-300.39604787040923
2403	-301.3276355498297
2404	-302.74075458582837
2405	-306.8432070061961
2406	-304.85105101200156
2407	-302.3233352821129
2408	-298.65694882238336
2409	-295.5728751544086
2410	-307.6361903044971
2411	-299.8167380029773
2412	-306.6018465278298
2413	-296.1257313302097
2414	-305.36189018557343
2415	-305.2430301914779
2416	-304.6103875637499
2417	-308.29984818956655
2418	-299.46969066200984
2419	-304.9581460007371
2420	-299.17955964788666
2421	-311.6489100765909
2422	-298.944588186769
2423	-308.0182708038715
2424	-306.766644585807
2425	-301.5631968598448
2426	-303.67150000000055
2427	-301.7979686315914
2428	-303.08258582060745
2429	-301.75580016633984
2430	-304.151443085366
2431	-301.73760614258055
2432	-302.9636762695686
2433	-305.46119105964397
2434	-301.1777960126858
2435	-307.5722564913147
2436	-300.7807255891601
2437	-308.1300232658658
2438	-304.33652125072274
2439	-300.2346
2440	-305.2611591864377
2441	-310.0557122118635
2442	-309.50955638320164
2443	-309.687546198282
2444	-304.7490599814335
2445	-308.48744482229927
2446	-305.7590253910578
2447	-306.9407784884828
2448	-302.5836643398982
2449	-299.3839141027479
2450	-303.28270000000094
2451	-299.9920294002879
2452	-308.01192230824853
2453	-300.27966592940703
2454	-305.85572850988075
2455	-303.5546019502152
2456	-307.7865621604574
2457	-304.38780543963315
2458	-300.24423807654637
2459	-303.4347989974388
2460	-303.74612973958233
2461	-306.7023097247424
2462	-302.892830471682
2463	-301.62108069344504
2464	-305.74925834844385
2465	-305.1914591165376
2466	-304.90921695429853
2467	-302.7609146483217
2468	-304.55902077980875
2469	-300.4273602184898
2470	-303.90009327764756
2471	-296.9943727948039
2472	-297.7819000035625
2473	-309.06362412033417
2474	-303.9230479964742
2475	-297.58234059969374
2476	-303.3534527885598
2477	-292.9176000000123
2478	-311.09932955128505
2479	-303.72750000022666
2480	-300.77398925040086
2481	-299.93589096718307
2482	-301.94076807829623
2483	-305.05036638867756
2484	-305.22460407246484
2485	-303.4844606251142
2486	-300.6133321126351
2487	-302.75584040664614
2488	-298.70450043119547
2489	-308.8174272160163
2490	-304.4150056152807
2491	-302.1449460761008
2492	-301.92340001083994
2493	-307.2900978718428
2494	-309.5902127038778
2495	-309.2993674070852
2496	-307.5702218620689
2497	-295.9437312900381
2498	-302.5601959330298
2499	-304.3735271547176
2500	-308.50008740907674
