1	-302.51622176670435
2	-303.6867003040938
3	-300.8192420068133
4	-310.433423315952
5	-304.83773317979126
6	-304.61548173509135
7	-304.0352619593948
8	-298.76487585722913
9	-305.56170888986765
10	-301.51460375334005
11	-304.44430943777496
12	-307.5154204508736
13	-308.1595693257286
14	-307.3177676645485
15	-306.02959113075286
16	-300.28465212111473
17	-306.84320437033494
18	-301.5370011696154
19	-303.7151743194279
20	-300.8848984190282
21	-304.7650879902541
22	-307.1716051774149
23	-304.6020187258474
24	-304.95891670545956
25	-303.30695573857884
26	-311.8797459981055
27	-305.81135215485335
28	-306.5118176002356
29	-308.61492896544473
30	-310.416088916859
31	-305.6677953446428
32	-310.65250270112404
33	-303.29682446293543
34	-307.927401435527
35	-306.98324241672594
36	-306.5414160226778
37	-301.22147209613405
38	-305.45563817319936
39	-305.7567921138876
40	-309.22539636301025
41	-308.3246096677176
42	-311.6629024863852
43	-311.11968392432993
44	-309.0032381792318
45	-303.748651101998
46	-302.41842952377755
47	-311.878767444684
48	-312.8377883724687
49	-305.65081412957585
50	-306.9946107070601
51	-303.4123061196661
52	-302.0665300132607
53	-290.51196051354344
54	-302.92915659167676
55	-310.02299965471616
56	-309.2303979131166
57	-304.3139203123011
58	-304.1203941443867
59	-304.4249776522036
60	-306.74899634906853
61	-300.60143111425896
62	-307.4396654629604
63	-309.35889474772347
64	-304.584535829815
65	-302.1937499012081
66	-300.0944748080689
67	-308.3740240109999
68	-301.3167545961527
69	-307.48740088671155
70	-308.48374227574186
71	-299.4116016158588
72	-309.1982394047245
73	-306.2281066009025
74	-306.7428514538221
75	-310.81939038964344
76	-305.6497521037174
77	-296.4726651796522
78	-300.26682837482076
79	-305.6019160939331
80	-293.50400202838364
81	-302.0069722172838
82	-304.83243798905414
83	-305.76322507114486
84	-303.1678038913554
85	-301.2454879552993
86	-302.0149545411428
87	-305.644464718477
88	-299.23099744723606
89	-299.33720711765267
90	-301.93105905570036
91	-299.6924770611369
92	-301.84100193978054
93	-299.6045998552222
94	-304.0512418391602
95	-303.75417318400565
96	-303.87168107245304
97	-309.9083176041142
98	-304.3853964053715
99	-300.16433534804463
100	-298.23504538485884
101	-301.6188683805359
102	-302.17120056677146
103	-302.8510490121855
104	-310.2957204774151
105	-303.7332048288141
106	-305.0866954491885
107	-308.8458541294388
108	-306.4600911705536
109	-304.36379098260943
110	-303.00824273659236
111	-304.4945496122211
112	-300.1373263173705
113	-305.4313794168497
114	-311.1173174918393
115	-309.0580435402786
116	-302.8735932327861
117	-303.5132896992007
118	-302.7097870402045
119	-303.1159690874558
120	-302.97504013913806
121	-308.34497075389254
122	-305.79470049526543
123	-308.07201083840687
124	-307.66342093124007
125	-300.7842392255366
126	-311.79714513396345
127	-299.75585640672506
128	-295.0047242043174
129	-301.1849489534361
130	-303.58047893355666
131	-307.3622958390058
132	-303.41696392134423
133	-307.72624345612303
134	-304.49315209343246
135	-299.8476727182262
136	-294.8108370089698
137	-301.41171307430136
138	-300.3612108557663
139	-307.3579779133228
140	-310.65260858450154
141	-306.21003527034406
142	-302.38187664543733
143	-308.94101738022385
144	-304.57946603690635
145	-301.88965990349806
146	-308.2252545404506
147	-302.2288227385053
148	-305.6872423569452
149	-305.09572938653434
150	-305.63203066327674
151	-309.00374926290783
152	-300.70184581118724
153	-298.71267466086016
154	-301.2735337249669
155	-302.80085514642985
156	-301.7179369781208
157	-302.27347967035445
158	-298.4545710495901
159	-305.61097973055774
160	-305.6396425390416
161	-302.6073071851833
162	-307.27516605410545
163	-300.2382582713039
164	-307.49777938400916
165	-302.7088155998772
166	-306.3717171664805
167	-301.39332452763387
168	-303.28556903374755
169	-309.67944082251773
170	-303.82717091244757
171	-305.49115519944684
172	-301.4547436880044
173	-303.5596342386859
174	-309.74157182668233
175	-302.2398448210681
176	-308.60329787061977
177	-311.3534358592698
178	-303.15405977805096
179	-298.8985359161669
180	-296.30343631657894
181	-299.9425122270401
182	-304.9111455897068
183	-294.15369711088346
184	-301.50010240231387
185	-301.15690298805004
186	-298.5677164713111
187	-301.706762768168
188	-308.3548558016677
189	-305.3667734381619
190	-303.01735998669955
191	-305.00516227003106
192	-308.5631678164957
193	-304.5404719938007
194	-307.1661821530753
195	-301.4344042902545
196	-310.76516783771257
197	-307.69594281543175
198	-308.3485019837108
199	-306.76683482740106
200	-298.1310519362552
201	-302.27722500789656
202	-302.63496593151416
203	-303.80890519405597
204	-307.17714070725754
205	-300.0635430849642
206	-305.07666807757124
207	-306.5280606545058
208	-300.3415914282244
209	-298.85996046392347
210	-300.47356274242327
211	-303.4627895716658
212	-309.6317729334117
213	-304.9075642431012
214	-308.0395288099442
215	-305.2543199830057
216	-303.83522864484337
217	-302.0487305509838
218	-303.33025711879725
219	-302.11670000000004
220	-306.10059366286356
221	-303.26149330716163
222	-308.5437016352893
223	-296.93649488311036
224	-301.1562497802101
225	-302.90722186509856
226	-308.6633463623992
227	-307.33873965394673
228	-302.99634352320754
229	-306.5556747736769
230	-305.94987336716326
231	-306.94862108533675
232	-297.4580596542393
233	-297.5213336695969
234	-298.45697243101347
235	-298.3257900253747
236	-303.9955383444199
237	-308.0453918775075
238	-306.9916590877995
239	-305.1002566389179
240	-312.2165760455215
241	-303.84594899803704
242	-310.76115492494847
243	-305.8425179178111
244	-304.2074240732187
245	-310.3833851615381
246	-308.98255841005783
247	-311.3977775951744
248	-308.00480197924946
249	-311.43714743625145
250	-312.99229656200055
251	-302.9964683331755
252	-309.86272410887676
253	-303.1658095730763
254	-312.244234864813
255	-298.4907320339957
256	-308.151632166888
257	-305.42681190976356
258	-307.84932292948497
259	-306.80741558666097
260	-309.0192362462191
261	-305.91242902551807
262	-308.89255126306324
263	-300.7105094395721
264	-302.16848435434514
265	-309.31636012996194
266	-310.2883675694667
267	-312.0355946409914
268	-301.68002117457195
269	-300.12713279215154
270	-301.60209680519756
271	-303.4097049391703
272	-305.38127741546407
273	-309.7817427361652
274	-310.1459565255409
275	-306.3729552766781
276	-306.92766554062615
277	-313.57641229106326
278	-303.2399026554883
279	-309.5405436537135
280	-310.0953350838953
281	-310.21391562500025
282	-303.5265901099555
283	-310.2239021649741
284	-308.65137418565274
285	-308.7120297115382
286	-301.0130395949308
287	-303.2969392246327
288	-298.41812073651505
289	-300.387589093089
290	-298.11963184838373
291	-306.7588186603642
292	-299.26257814108396
293	-301.3983964561453
294	-303.01089232316326
295	-307.1712703403457
296	-307.6361793477398
297	-292.37721407909885
298	-310.0986128971581
299	-310.5761342992642
300	-309.43303059265503
301	-306.6526989395589
302	-306.4289271863282
303	-311.40461459833756
304	-306.7026920360027
305	-309.6346369072072
306	-312.76580232465847
307	-301.5253427445313
308	-302.3494754475243
309	-304.2251657734179
310	-310.36061117251546
311	-311.3856785823948
312	-310.84113054627227
313	-308.9399145036611
314	-306.3039346773986
315	-304.9606078610117
316	-311.14916556792633
317	-312.50512619291504
318	-305.09252084169475
319	-307.40710159346463
320	-304.0832593055491
321	-297.89637760474494
322	-303.0372763671479
323	-309.02313511705876
324	-306.51517797897225
325	-304.5973963232677
326	-299.8841696327359
327	-299.33992239250614
328	-306.50032425978964
329	-307.2463744665913
330	-312.32605305506934
331	-303.3802473184242
332	-302.3779575226429
333	-307.4132467739803
334	-306.6678891844372
335	-308.37878371968685
336	-302.6383841136846
337	-301.28630318883626
338	-308.6207015921319
339	-306.1407633679142
340	-310.4467426747498
341	-306.2280873648194
342	-303.95021317304344
343	-304.03899099364685
344	-305.59670751237013
345	-302.2414434807867
346	-309.4640476606899
347	-309.2158202394307
348	-297.5584508665935
349	-303.697179093706
350	-307.87954184569173
351	-305.62456240473364
352	-303.23409234473604
353	-308.01526657211434
354	-303.01396182603116
355	-303.15389117210293
356	-299.3120382648594
357	-300.7535461699842
358	-307.35814061498394
359	-294.54932225578085
360	-311.138419092174
361	-304.8382514634464
362	-306.10963714449434
363	-306.25968948561444
364	-309.13239018208276
365	-304.6976935256749
366	-301.5384153518069
367	-305.1278825830026
368	-302.04167061070086
369	-299.7564949160529
370	-299.16952103106183
371	-301.67279339120546
372	-307.5617903006862
373	-297.19535429335286
374	-298.01622542528384
375	-300.8817030932342
376	-305.8220470091216
377	-298.30949631918537
378	-308.9575983519201
379	-302.8572358967067
380	-306.6334278620351
381	-309.88985005762936
382	-305.55134480762814
383	-304.22698246695813
384	-301.7778155613687
385	-310.5438901747149
386	-307.1095762900078
387	-307.27860293341746
388	-311.5209959067826
389	-297.3993407918063
390	-298.74161625254214
391	-302.3526768422959
392	-300.30890138737703
393	-306.2067087045748
394	-306.36531812231505
395	-306.7073051861088
396	-307.1665502403999
397	-303.5569360742248
398	-307.23730501090796
399	-309.21487798934044
400	-309.4873003833785
401	-304.8954983358631
402	-306.6757653037399
403	-307.22195951126724
404	-312.49158839840135
405	-306.42423675680914
406	-305.9016970407572
407	-304.45445415689176
408	-308.637204517166
409	-303.65199668881155
410	-308.48646041388713
411	-305.12794474278473
412	-303.62976148022057
413	-300.19576542727606
414	-311.37436947106903
415	-305.0461890809971
416	-305.3165082924922
417	-300.57002305885743
418	-308.97044277914966
419	-300.99309424494885
420	-304.11673944707303
421	-305.4144287546265
422	-303.1452140884393
423	-310.0945364420509
424	-306.29208314196836
425	-308.8858162768188
426	-307.63607962431706
427	-304.9999838965045
428	-304.1473264966595
429	-305.4114777660957
430	-307.6753858373073
431	-300.9083830715911
432	-301.37826096984975
433	-300.51080334503473
434	-303.6993928342996
435	-303.6101729182108
436	-309.83629910753086
437	-308.35754758503356
438	-308.31198865024334
439	-304.0529432875655
440	-299.5853315328206
441	-304.3579998088971
442	-308.39520728407007
443	-299.45688856453165
444	-301.2013201932054
445	-307.1657760527552
446	-308.1567641644028
447	-300.1024712766215
448	-306.1840765342825
449	-304.6747879684308
450	-306.38400210355996
451	-309.2660083591856
452	-307.2705201737291
453	-303.94333209108174
454	-304.4747436457918
455	-298.411583183028
456	-302.65445571767884
457	-303.59102208804103
458	-301.4192791186744
459	-308.86159323848364
460	-300.0523250728804
461	-308.79403194552987
462	-307.77101305932456
463	-301.9559554959005
464	-304.87859494318405
465	-305.9403479487688
466	-306.132926405563
467	-304.7335400760374
468	-307.51296636632287
469	-300.0587973132996
470	-306.68157105567303
471	-299.6108813115161
472	-301.4848399728403
473	-300.63160558089544
474	-305.5720739840356
475	-307.0110231623927
476	-304.0022833187762
477	-304.83206657454303
478	-305.3620178226901
479	-298.45560000000586
480	-300.1783303444487
481	-299.4673536098408
482	-307.58531690521306
483	-305.23040017519145
484	-306.5346705153465
485	-301.3107072414549
486	-303.83985081355803
487	-303.1398937589744
488	-308.945726279474
489	-310.13437406874544
490	-303.4692453647404
491	-306.12312404208956
492	-306.38920053972925
493	-305.6162327019256
494	-310.75683190032413
495	-306.0205886858527
496	-303.07976386451554
497	-295.6800444071201
498	-303.74632770641017
499	-296.34838935168193
500	-300.1968622212253
501	-307.24894694219256
502	-305.0858110217233
503	-304.03691904075293
504	-303.3395091702632
505	-302.6954969722664
506	-307.5006191958276
507	-308.63054408746405
508	-307.36488194869753
509	-304.6641631628499
510	-307.17720529098324
511	-303.92822520043853
512	-308.04353367861097
513	-311.55343852674656
514	-312.3404961968251
515	-308.0141537544059
516	-309.90954083812437
517	-312.17371345855275
518	-304.5360164409923
519	-308.3645945650823
520	-303.60422468413765
521	-308.4974250356032
522	-310.06932362380087
523	-308.0385520600829
524	-301.7592518351208
525	-312.6483471418366
526	-309.3112744457156
527	-305.23169351893813
528	-311.02541970461283
529	-302.9411414287393
530	-306.1133143369399
531	-308.75511763358526
532	-303.2907333250621
533	-300.71563148346814
534	-305.2583705153898
535	-305.8333480109072
536	-311.2194799647568
537	-311.96745960942053
538	-302.9600308888161
539	-306.5090864070482
540	-302.9145087783768
541	-313.2424398804088
542	-302.3730231348572
543	-307.45870200897315
544	-308.1047152902849
545	-302.9073520798745
546	-307.8927997434438
547	-304.1038532114066
548	-309.22995530685876
549	-303.4904648538162
550	-301.31888539286
551	-304.1622027065596
552	-315.034414537277
553	-303.64752164246613
554	-312.46339162103266
555	-310.53431457772854
556	-305.46012125531104
557	-307.0980943444959
558	-297.75323937396087
559	-299.8548406889972
560	-303.48378768747114
561	-309.75279191592733
562	-306.01014805173946
563	-310.4737501880078
564	-308.6705918119683
565	-307.5483478931664
566	-306.97797484543094
567	-306.2845476842713
568	-301.8936581166645
569	-299.35372242769705
570	-309.38258151285027
571	-308.66517557181817
572	-302.272446203087
573	-299.8667566418073
574	-302.8112223031832
575	-304.80337505967174
576	-305.8223655215968
577	-300.89835807920343
578	-302.12976861362745
579	-308.0924805371162
580	-303.50390308108535
581	-307.08187876187526
582	-307.8927173423367
583	-309.14199632493103
584	-312.3188830975466
585	-304.71867010605973
586	-305.56484077860085
587	-306.2524507062024
588	-306.4518694073307
589	-309.5192294671727
590	-302.2353712277673
591	-301.7566137176626
592	-305.0866628079475
593	-295.48921594614995
594	-307.2759886014304
595	-304.86983541777323
596	-306.9379494884693
597	-304.62672629356086
598	-299.8667844488874
599	-302.3855696899731
600	-306.40366035046253
601	-304.7813463675694
602	-300.7733266748621
603	-304.506963883727
604	-302.7312761386836
605	-307.9343093326265
606	-313.78858830857126
607	-305.6794151626106
608	-300.4937142070248
609	-299.4794868501456
610	-304.2645736811048
611	-305.03543974734146
612	-307.0934419371746
613	-299.4565455384955
614	-309.25898700028813
615	-309.02495626581555
616	-304.8355710296671
617	-307.2105996408735
618	-300.5503655240205
619	-305.278945006941
620	-303.5628597399976
621	-306.405663260281
622	-307.0882738971186
623	-303.0215207401068
624	-300.38333189116855
625	-293.61539349376056
626	-308.6686372791076
627	-304.75517611133796
628	-307.32108741081305
629	-304.8918050981522
630	-306.89777625178095
631	-306.1348048878314
632	-305.47761852216274
633	-312.7407052496764
634	-311.3589383532468
635	-303.2679216633481
636	-310.11646437734976
637	-305.6493993064086
638	-306.2781451508913
639	-304.210861772117
640	-304.83319032310686
641	-305.99740015747614
642	-311.9321523228813
643	-302.72841964889307
644	-311.15244673488695
645	-308.6293181216084
646	-302.9918247908545
647	-297.2143464096434
648	-308.06663468148986
649	-309.40044860035323
650	-302.3027475546463
651	-306.37916587461064
652	-304.31435411006424
653	-297.6237322712078
654	-306.33234586981723
655	-303.6871518084337
656	-306.35160638324714
657	-296.18737395263605
658	-295.70543309488744
659	-301.8668385006347
660	-307.3779407043462
661	-306.1972856804395
662	-303.3506319581681
663	-310.8628889843341
664	-306.8582668810438
665	-300.7787363954343
666	-307.3479891743778
667	-310.24870719836537
668	-303.44739310342703
669	-308.4787754578134
670	-303.3539265962562
671	-305.0201691611634
672	-305.1973038997256
673	-302.01267108598614
674	-304.90085881934533
675	-306.4048677467481
676	-302.60463405155474
677	-300.93077216408307
678	-307.41930539664276
679	-305.7411090553134
680	-305.23594458203144
681	-306.899821712382
682	-305.26942535949263
683	-303.17306157232076
684	-300.73914321626694
685	-303.0436661127834
686	-298.6330106101653
687	-299.55693495624604
688	-304.5527314912707
689	-309.20497827252916
690	-296.4251432983652
691	-305.06829582593167
692	-299.385430074561
693	-302.8494329367033
694	-307.88936888724953
695	-296.0726868211611
696	-308.4461945540226
697	-295.59210203778565
698	-303.32514931096864
699	-305.10745182719694
700	-303.15088564008073
701	-308.7117847378106
702	-306.97446581606977
703	-298.1285998182512
704	-304.1577723965064
705	-309.09134204508956
706	-307.291575814136
707	-310.0942343383203
708	-308.36655777331526
709	-305.53687587194327
710	-299.36466500094275
711	-310.25885080436547
712	-307.4913932060652
713	-308.881834407329
714	-305.52108204671123
715	-305.20809653909066
716	-303.76551456678374
717	-312.352404460504
718	-303.22962436428264
719	-310.9298549219912
720	-300.4806810156829
721	-309.0321662381579
722	-314.04034834095955
723	-311.08120724852296
724	-307.10708590903903
725	-307.159242758799
726	-308.7584504630181
727	-311.2878333463933
728	-307.4611949509061
729	-307.41529271663285
730	-300.92925890814905
731	-302.38082187016914
732	-308.837015531702
733	-308.24973396533227
734	-312.1159371299982
735	-309.11123969684024
736	-308.389253302678
737	-302.61203686038965
738	-304.4928868434586
739	-302.5700480439352
740	-304.16568053259795
741	-301.02433772284866
742	-298.8239147101247
743	-296.45823957868794
744	-297.69304201515
745	-304.19303721033043
746	-297.0413656198126
747	-301.73295788726193
748	-303.9555452711577
749	-306.3885947524637
750	-299.77614480851673
751	-296.0630925494528
752	-311.0168429367922
753	-298.76046484746547
754	-300.5450605839041
755	-305.39034376880363
756	-301.97042002996164
757	-309.0848640546755
758	-300.2522222375352
759	-301.1835600536716
760	-310.1577491402031
761	-304.5928978229022
762	-306.3705120820356
763	-307.4810059816667
764	-307.66462498040374
765	-308.0644009905171
766	-296.4991626104431
767	-305.53568561546007
768	-304.96311044752093
769	-307.5977139096438
770	-303.8606297008336
771	-315.1180309685589
772	-307.31651402313133
773	-306.0477099574615
774	-310.7961653721656
775	-307.2070616234553
776	-303.21999593004074
777	-308.03348807592346
778	-310.7231394231241
779	-306.44169509185963
780	-303.52488751260563
781	-307.58332483221545
782	-306.9106401566735
783	-301.1847193345103
784	-304.29875045509436
785	-297.8299825697866
786	-300.6544015065221
787	-303.7710592315694
788	-309.1693207192685
789	-309.91478324100285
790	-299.5025143259947
791	-307.793409337348
792	-306.6564111083936
793	-303.60481345832096
794	-307.94641691806794
795	-310.3238319369364
796	-307.7358545313498
797	-304.95859224914585
798	-307.0370090645032
799	-296.96308688712855
800	-310.5235430430398
801	-305.0851130981309
802	-298.47414743460655
803	-303.2590263341616
804	-306.2242685273248
805	-303.6997497913721
806	-307.4203872812811
807	-307.92040595946236
808	-306.27151012169435
809	-301.24209653177945
810	-306.15161444768114
811	-307.4902775896257
812	-310.0917789379634
813	-299.470352094672
814	-305.4806414041543
815	-303.89407191362335
816	-310.4562206443785
817	-299.7728536947674
818	-304.5344232974456
819	-309.9802639039392
820	-305.3206880003388
821	-305.4709606274075
822	-298.118627009988
823	-303.279916111707
824	-310.520764849562
825	-298.6423007892119
826	-305.07320484937804
827	-309.71233092777004
828	-302.0980852333436
829	-309.42526382626016
830	-304.39652284507935
831	-304.3674832532144
832	-303.65585156157096
833	-304.7955020928109
834	-301.57165506814977
835	-308.33505391133775
836	-303.46800122308485
837	-304.5925236872495
838	-301.3763682009952
839	-303.02132731220854
840	-309.5646664896953
841	-307.54230943116136
842	-301.8821403775891
843	-305.14325080894423
844	-303.66858874113495
845	-297.2779059208986
846	-307.143242701172
847	-302.3348189843624
848	-305.0787676567045
849	-308.218696827285
850	-307.4784727152582
851	-304.5367931818881
852	-305.4174915109119
853	-302.3157837594101
854	-303.3729135680368
855	-306.0324618658576
856	-302.6092946523279
857	-302.5676301121118
858	-305.71881150932484
859	-312.0347107171722
860	-309.3561374630288
861	-307.91128713092036
862	-298.4191825010619
863	-300.5947065530337
864	-304.7638769805087
865	-306.23414627123424
866	-303.7105459396631
867	-305.1124747877634
868	-296.3099913634643
869	-309.89869552065704
870	-303.18778399166405
871	-300.6185580955072
872	-299.97679919725596
873	-302.7823079041912
874	-308.2279249095116
875	-300.1395078050223
876	-301.9672739888218
877	-304.29946897090707
878	-307.30835249455066
879	-304.39465219014005
880	-304.1977532030994
881	-307.3908843731647
882	-302.7866645689717
883	-308.48884614546796
884	-304.84951867005105
885	-298.0259480561677
886	-298.9540311822087
887	-301.51146543775064
888	-309.28431963097364
889	-298.0144645274493
890	-299.314652126929
891	-307.9683721045239
892	-308.15474135052926
893	-305.600741106609
894	-304.6775286338249
895	-301.71305373227557
896	-305.1006006851491
897	-303.85017165180597
898	-306.1556204045214
899	-304.74103693300367
900	-310.4299163665907
901	-305.3393499108733
902	-306.1567044136493
903	-305.12864291082246
904	-298.63592476599223
905	-302.9309960352366
906	-305.14563659455564
907	-307.76414516697173
908	-309.5508582278866
909	-308.60276511447904
910	-302.9138329578311
911	-307.7328979001329
912	-311.4574686248122
913	-300.5723482399351
914	-307.1417746337269
915	-308.1888917781431
916	-305.9170367858347
917	-306.7666820798187
918	-301.73590851538626
919	-295.6297325709172
920	-302.0765169160118
921	-297.74002676445735
922	-305.4817288430309
923	-302.3818628514065
924	-306.5753641252145
925	-310.61067474041937
926	-299.8228810731565
927	-303.0522247351344
928	-299.47025084459597
929	-303.34102318129624
930	-308.45008888368864
931	-308.459854377509
932	-309.1341252723619
933	-298.0015137283865
934	-301.29512841284395
935	-307.85480333523117
936	-302.7785700140168
937	-304.9843168640579
938	-301.76868676113685
939	-305.3233534672528
940	-304.6931929377358
941	-309.93546797612447
942	-300.73105088331
943	-304.9843380398492
944	-300.70363941332096
945	-294.0335210520248
946	-297.96398912170696
947	-299.772827276158
948	-296.91156241442326
949	-304.33506471213
950	-302.8371804122452
951	-301.953139114375
952	-300.70885102013085
953	-302.9492091893621
954	-301.2304255702828
955	-311.65726649299495
956	-305.6198389216324
957	-306.4281655285714
958	-300.2079116607119
959	-303.9291368404349
960	-301.7118513753074
961	-303.0515812604815
962	-300.25022653609386
963	-306.04813928514136
964	-298.74193558887214
965	-307.4768648448511
966	-304.2047238356203
967	-300.7183820195997
968	-302.71781746995623
969	-307.6552762713624
970	-302.706701275145
971	-308.0298853081471
972	-308.83058991095936
973	-299.7849710636286
974	-303.99419849739775
975	-297.83424554242487
976	-305.45380818301953
977	-305.5910035273489
978	-306.1562641220426
979	-308.7688658198959
980	-304.34190934060837
981	-309.07386803651116
982	-306.49577279519076
983	-294.2846550442505
984	-300.7252138482083
985	-305.1159167394086
986	-309.735812277723
987	-304.14143331815933
988	-305.3611740920296
989	-308.7784111079815
990	-307.8744834542614
991	-305.6451027527549
992	-306.44876124635294
993	-304.6378418271119
994	-312.3086606679732
995	-302.6045460666088
996	-309.0006992573896
997	-304.58161494300714
998	-310.4629431071646
999	-307.39934192288024
1000	-310.3148713280244
1001	-304.60055726149903
1002	-301.13309589475404
1003	-303.40203568189594
1004	-308.4427739259455
1005	-301.714271551938
1006	-308.19347363831116
1007	-291.4288783587868
1008	-309.18013234367066
1009	-299.32185734986695
1010	-299.72983396005725
1011	-302.1907932105933
1012	-308.17184673660665
1013	-305.11163406339
1014	-310.78997490589234
1015	-306.6667265374305
1016	-303.50349645107985
1017	-301.7187391372219
1018	-307.45591447231124
1019	-302.2557616390858
1020	-305.00571092337714
1021	-299.67857066806874
1022	-304.4124137420259
1023	-304.98001088939355
1024	-301.5728883078252
1025	-294.73971125434304
1026	-306.79161573930185
1027	-304.4313617060981
1028	-302.8028586735125
1029	-304.1643655627506
1030	-308.0325751558263
1031	-306.1482687231134
1032	-309.11472096332807
1033	-315.2941575438613
1034	-302.78832752762276
1035	-312.2977620001813
1036	-304.64064713874603
1037	-308.28802725911805
1038	-302.30011893469873
1039	-306.93351273414
1040	-305.68269666796135
1041	-312.19448166511586
1042	-308.0777733968769
1043	-314.7023084814673
1044	-311.5129248937607
1045	-315.0564599190494
1046	-305.9630473228441
1047	-302.32983869087684
1048	-301.12392175711494
1049	-306.3523210498676
1050	-307.23627730132114
1051	-302.70645974812066
1052	-303.8250764404491
1053	-307.3965915345162
1054	-309.17038473892444
1055	-306.08257305580304
1056	-300.8175854835408
1057	-304.9292876380153
1058	-303.96779135353773
1059	-308.229718258106
1060	-307.3520845507186
1061	-306.73835371362065
1062	-306.2782285605444
1063	-310.7065233114792
1064	-303.83120726547764
1065	-304.44545001093365
1066	-307.78178461929656
1067	-308.24071109134536
1068	-308.64358702236103
1069	-304.5483290850612
1070	-306.08288372703663
1071	-304.91405697688486
1072	-312.4193116330752
1073	-310.92212511252734
1074	-299.5371935461771
1075	-307.0407914851683
1076	-302.0752218456575
1077	-304.267073561491
1078	-309.4597393451544
1079	-301.25004953037717
1080	-304.4128229082222
1081	-299.48813423635454
1082	-307.9448752618886
1083	-299.71082836181535
1084	-301.34009839027084
1085	-306.85475507292193
1086	-308.7792309762767
1087	-304.940884386561
1088	-307.4406526171287
1089	-302.02025992896705
1090	-308.07505404222223
1091	-310.40842041330427
1092	-307.56310747291195
1093	-300.4919766593934
1094	-301.7170881971547
1095	-303.09844828640485
1096	-302.032456741017
1097	-306.1828646475786
1098	-305.5595899272284
1099	-305.36294142294184
1100	-315.00293320171556
1101	-309.7229255274929
1102	-307.3346939500056
1103	-306.50345637449755
1104	-301.6419425203999
1105	-296.27383840652016
1106	-303.6612470037976
1107	-302.61362244784607
1108	-304.91978432098193
1109	-308.406459649919
1110	-306.2835673775825
1111	-301.0124223634345
1112	-303.83915402503277
1113	-307.95306916126975
1114	-304.6406710046561
1115	-312.47551965618027
1116	-310.27758736737474
1117	-301.3391799470879
1118	-304.2813433887064
1119	-302.0387734241914
1120	-306.2452034827942
1121	-306.4575243561056
1122	-297.85169573070567
1123	-309.17270098390526
1124	-308.33238209801215
1125	-304.04686310318954
1126	-311.548898746036
1127	-302.6404093746538
1128	-307.5589645325944
1129	-306.85759847092237
1130	-303.8634083330351
1131	-306.0132765062509
1132	-306.18925875227944
1133	-303.3726887424549
1134	-310.97491763820796
1135	-304.7538308749729
1136	-313.94680079342874
1137	-313.36207595480954
1138	-309.9568768068983
1139	-301.3423956364447
1140	-303.86505248354445
1141	-308.03928036164353
1142	-309.6826225257526
1143	-307.08670635125407
1144	-297.80066315112
1145	-306.7763007650103
1146	-305.1421553155418
1147	-307.2204513807288
1148	-306.9165305502558
1149	-302.02917483166664
1150	-302.35233627934224
1151	-304.39292603509637
1152	-297.37702682149785
1153	-304.4808843747633
1154	-306.55569276231716
1155	-302.9225568291415
1156	-312.0754020910819
1157	-306.629459861501
1158	-306.68575232112744
1159	-302.1920742275735
1160	-306.25793917560185
1161	-300.81036351433306
1162	-301.9070969281416
1163	-310.732305217231
1164	-302.72073284495536
1165	-302.3780303782079
1166	-300.13915698889724
1167	-300.61575302772616
1168	-296.2783493318832
1169	-308.8287749470864
1170	-307.59972228188064
1171	-309.83137812772094
1172	-308.77576355092924
1173	-310.68785798467195
1174	-307.9130832859327
1175	-314.19155904322156
1176	-306.62698946953736
1177	-307.95814390964546
1178	-317.31143702567937
1179	-306.4271301267532
1180	-312.0294710287343
1181	-310.39400652337844
1182	-311.99539102424103
1183	-307.41143432814016
1184	-310.396039051741
1185	-303.27239836445995
1186	-311.3552577296323
1187	-309.2686147459704
1188	-307.1899583918988
1189	-307.63416799147
1190	-309.3588458514537
1191	-308.48140724514957
1192	-311.0099695372977
1193	-306.33860397221184
1194	-305.41862949447767
1195	-308.251456114567
1196	-310.3225460430446
1197	-308.98187901896057
1198	-307.911352564975
1199	-309.2068449788322
1200	-301.8997585626056
1201	-302.48826388660535
1202	-307.9164427938286
1203	-307.23234817048603
1204	-308.21140382468155
1205	-308.1603728115152
1206	-310.1140067480057
1207	-304.6135870773335
1208	-310.29692051418954
1209	-299.6567133901496
1210	-298.30855834333033
1211	-306.12305480366246
1212	-300.7331962254906
1213	-303.96515470637695
1214	-299.4562577617702
1215	-309.0126336250677
1216	-305.7694061448723
1217	-304.17205754093067
1218	-308.46006065729273
1219	-303.17622154622904
1220	-301.6719102678487
1221	-297.0306671539372
1222	-295.21856395668925
1223	-296.51962296609116
1224	-302.98473712891786
1225	-306.7666021067476
1226	-302.8951345847016
1227	-303.11706229723546
1228	-300.0173412301363
1229	-306.8666005127548
1230	-306.4705120955786
1231	-299.8480476174097
1232	-302.7858944143031
1233	-302.09156506130785
1234	-311.9578228100213
1235	-302.35080128904417
1236	-300.1959160686241
1237	-302.7080281739708
1238	-296.464919611754
1239	-297.08369075543243
1240	-299.9896734612629
1241	-304.06664099901536
1242	-303.04217603500393
1243	-304.8976189944392
1244	-301.28144387584587
1245	-308.92329509088756
1246	-304.3710830841651
1247	-305.049469972685
1248	-305.2541153976707
1249	-301.8765479602445
1250	-302.63258917159015
1251	-299.792554671525
1252	-303.0522441974303
1253	-305.4275081202718
1254	-314.38591659251085
1255	-303.89765287571237
1256	-302.12990965284035
1257	-308.4097821399916
1258	-304.58502556801574
1259	-298.5953942054878
1260	-309.0432790454512
1261	-297.8073102642972
1262	-303.45502043800803
1263	-305.1158232274962
1264	-306.8574324749003
1265	-306.4492033856667
1266	-308.740743554508
1267	-305.58674170265476
1268	-299.58878623103686
1269	-304.1618964759614
1270	-302.2911444443095
1271	-305.5361595443635
1272	-299.1066103558175
1273	-311.58307396091294
1274	-309.27659791611626
1275	-312.92937174117753
1276	-314.9229662218121
1277	-306.50976803105044
1278	-309.13654132968907
1279	-310.09656782559296
1280	-301.07335422856335
1281	-301.28195999487593
1282	-304.0159241516478
1283	-310.5463945711629
1284	-308.7680450873769
1285	-305.83496215021785
1286	-311.4938070266003
1287	-306.9604361343888
1288	-300.5745850685227
1289	-305.5261309932157
1290	-309.3921299191327
1291	-298.1610783782475
1292	-300.4518345310402
1293	-300.1019941405629
1294	-300.86521551331197
1295	-309.21945419775983
1296	-306.5751836138635
1297	-304.66013808854655
1298	-297.75548855519645
1299	-299.84743694929085
1300	-302.2064038271828
1301	-292.72801021183716
1302	-303.48642271596896
1303	-308.98491629820325
1304	-311.70249317743446
1305	-302.96509245942985
1306	-303.5534385476483
1307	-306.71968825994077
1308	-301.208186997244
1309	-308.6890310212559
1310	-317.9793160867371
1311	-316.81832860381155
1312	-303.06787312271655
1313	-311.35533289421346
1314	-309.7983849351757
1315	-308.1364446788427
1316	-308.21638702224703
1317	-300.23251022802026
1318	-309.5272985247778
1319	-307.31184249315277
1320	-307.0311779440377
1321	-297.3386637828897
1322	-298.6031163166414
1323	-311.9017370518755
1324	-308.02042240396526
1325	-303.8917368021928
1326	-308.5632483003684
1327	-303.691034821439
1328	-308.3472041021938
1329	-305.9953857019033
1330	-309.6993102755953
1331	-308.83499112849694
1332	-304.50348566011843
1333	-303.422083477819
1334	-306.5600548152384
1335	-312.78490053616684
1336	-308.6079306479631
1337	-304.9234116729731
1338	-310.55550612209134
1339	-309.0562017504828
1340	-311.36137592427735
1341	-307.7742013232635
1342	-303.0810342255603
1343	-299.4330632281892
1344	-304.2730826525016
1345	-310.33218197425265
1346	-304.8711025972508
1347	-308.2193768837349
1348	-305.3625065204665
1349	-303.1350913355353
1350	-309.20159476443865
1351	-302.37467871333257
1352	-307.0348421713794
1353	-301.96790086380327
1354	-308.3102935741074
1355	-305.34391246644566
1356	-303.95386062354004
1357	-306.15244058201773
1358	-304.3877411323335
1359	-304.715867727336
1360	-306.5684316679422
1361	-309.137603768669
1362	-305.35170171242834
1363	-305.845276561346
1364	-304.40252178990653
1365	-299.8435644953078
1366	-310.2216653239316
1367	-305.4376638538373
1368	-303.70757184705735
1369	-303.98166011086903
1370	-310.24755100188736
1371	-308.8903382049281
1372	-309.68682413011186
1373	-307.60929807665656
1374	-305.82642589746155
1375	-302.43524022933
1376	-308.5240887273925
1377	-314.70119567179853
1378	-306.4911214269608
1379	-309.51136009894753
1380	-305.87049914775764
1381	-303.06125266408804
1382	-310.75958733836205
1383	-297.60829505685416
1384	-307.1165021264876
1385	-306.1567630786792
1386	-305.75387580919534
1387	-305.9803685052384
1388	-303.5074055988395
1389	-310.7597471439498
1390	-305.4549604308791
1391	-307.01507374947175
1392	-306.0728655309489
1393	-308.7694519212678
1394	-304.46051193888724
1395	-311.8030288712065
1396	-306.1067811435916
1397	-301.49168147752374
1398	-304.86456786426584
1399	-306.41497608198455
1400	-298.417642721195
1401	-303.5131438407113
1402	-304.6725662579303
1403	-310.48391672775216
1404	-309.05786000098
1405	-307.5991475997596
1406	-302.63679914690624
1407	-302.56404183766807
1408	-301.8246589978578
1409	-303.03162120073165
1410	-300.6030600028685
1411	-306.547524817496
1412	-303.81254546367194
1413	-302.22377077656057
1414	-301.3609771691917
1415	-307.2752706040802
1416	-307.13988244447995
1417	-305.1334831445632
1418	-311.87016806341643
1419	-308.5887651936945
1420	-311.31452829882886
1421	-310.5076175063614
1422	-304.53134015145906
1423	-302.86240275735554
1424	-309.435907113969
1425	-306.923248495842
1426	-308.94322089234157
1427	-300.0885303164632
1428	-298.8719795709319
1429	-308.5382311738362
1430	-305.15306278540436
1431	-307.15306193151457
1432	-309.69141025213787
1433	-306.6296272068926
1434	-299.06057992384234
1435	-311.8939850139263
1436	-300.0443463470247
1437	-311.233125423579
1438	-305.4038191911306
1439	-302.41064915482093
1440	-306.19773233781643
1441	-304.02570746093994
1442	-305.2804976828236
1443	-305.1027024650555
1444	-309.79015854255596
1445	-307.9787326786802
1446	-307.9864514045294
1447	-309.19496518481327
1448	-301.6948539665797
1449	-298.6121509858268
1450	-300.4570868761307
1451	-308.05563242471334
1452	-305.0027843026756
1453	-311.2330169479732
1454	-305.06979210337846
1455	-307.0710720314378
1456	-302.39896415033553
1457	-308.3564397218174
1458	-307.6093439129348
1459	-309.13970297608455
1460	-309.23499754392697
1461	-303.3547580444126
1462	-307.9758968342503
1463	-304.635654137157
1464	-302.3769675345043
1465	-311.84948608058994
1466	-307.84059349479713
1467	-306.3142231989146
1468	-310.323363647694
1469	-305.20652830165125
1470	-308.30200516545466
1471	-307.56349844912523
1472	-308.5183799762476
1473	-307.93316877264357
1474	-303.1210048685172
1475	-306.11608096352313
1476	-303.5347070675783
1477	-304.8144005360441
1478	-306.02864934980084
1479	-303.45318877010993
1480	-301.37815729603886
1481	-303.29020710775615
1482	-305.7763761995386
1483	-308.05807190531726
1484	-302.84087645875303
1485	-297.6348819286364
1486	-310.3195715030634
1487	-302.3934120073441
1488	-296.04591830556006
1489	-299.941605398063
1490	-303.85018714059515
1491	-303.72070022562303
1492	-301.26424517987033
1493	-306.03440404939533
1494	-305.16254352076174
1495	-309.4886109452003
1496	-304.3938942838956
1497	-300.68102539957573
1498	-304.20268738078204
1499	-311.2697813112982
1500	-308.3894984768602
1501	-299.9740090009345
1502	-302.2123964984574
1503	-302.1231765409775
1504	-305.14385723449124
1505	-307.4243095712044
1506	-302.49630708946137
1507	-309.2766225390311
1508	-302.18638207283004
1509	-303.7529186872549
1510	-308.2631994100929
1511	-312.39594584801927
1512	-308.84250902409417
1513	-306.5530731288413
1514	-310.4498977458872
1515	-311.2285341440989
1516	-302.07985876289285
1517	-304.5541473472014
1518	-309.1853364567554
1519	-309.073152766499
1520	-306.43360000773555
1521	-307.1738296914926
1522	-303.0444830811739
1523	-304.54587475094235
1524	-307.55886822073467
1525	-305.71716141714955
1526	-299.26069732294053
1527	-304.0981885598322
1528	-303.48244547256354
1529	-303.39856938104
1530	-298.5009847269277
1531	-291.83501191320596
1532	-298.2939903924062
1533	-298.8312448281423
1534	-303.25548487997827
1535	-302.3486999078787
1536	-308.4290879761731
1537	-298.915664941518
1538	-303.9081000131144
1539	-308.1265785919192
1540	-308.7857026259036
1541	-302.905548913597
1542	-306.0059983609454
1543	-302.24671817632867
1544	-305.44796623823595
1545	-295.60668737165327
1546	-301.3076917919125
1547	-302.3810607506567
1548	-302.70326743167124
1549	-301.6254891736047
1550	-304.397026543936
1551	-303.89364711052093
1552	-300.5722847059623
1553	-294.7604418419969
1554	-308.28485700532246
1555	-305.46937009353
1556	-304.9877809644803
1557	-304.1449214633651
1558	-302.9676550777906
1559	-308.32752743215997
1560	-301.3232673474625
1561	-302.4470303224529
1562	-300.5502272896064
1563	-307.0983772579795
1564	-302.86743932928056
1565	-303.8438639149382
1566	-309.08791292049096
1567	-303.0832768883191
1568	-306.4564178206863
1569	-307.9412612686004
1570	-310.8755333644942
1571	-302.85278921175563
1572	-303.9078386112553
1573	-303.6834087564481
1574	-301.6207104269662
1575	-297.992203124819
1576	-304.33147526897153
1577	-305.1922676665462
1578	-305.5379009762246
1579	-304.31209494966936
1580	-307.6827758434027
1581	-302.0420493201823
1582	-301.6472247248556
1583	-302.6703797620308
1584	-301.05104917826117
1585	-304.1911074457344
1586	-301.208513438029
1587	-306.4406365557994
1588	-305.48003537345636
1589	-303.98573060414253
1590	-296.1146881959084
1591	-302.61901057268886
1592	-311.20946073987045
1593	-303.55422543866143
1594	-308.757506189885
1595	-310.68289651149837
1596	-306.6082675310668
1597	-300.79268796598774
1598	-307.65530978493246
1599	-308.59458994384323
1600	-306.55416528284593
1601	-310.5663999124898
1602	-297.26550181307755
1603	-294.7838149448702
1604	-309.41652481811246
1605	-304.4628886470929
1606	-310.05524214853284
1607	-300.00540281293246
1608	-299.52664902383805
1609	-305.9438761293281
1610	-297.0475012804089
1611	-307.6662151713062
1612	-306.85629996076386
1613	-304.57195558070146
1614	-311.27131684273076
1615	-303.9201916100938
1616	-303.18314599693616
1617	-304.8346643305737
1618	-301.82756836277497
1619	-306.1394412310816
1620	-302.29936317322705
1621	-306.80845211590713
1622	-301.6904940021376
1623	-308.9549772623819
1624	-306.59670582534625
1625	-301.82360917811684
1626	-302.0954701522491
1627	-300.9477753616731
1628	-305.2429384450115
1629	-302.0814280102544
1630	-307.50246483851254
1631	-308.3209963386765
1632	-301.20912422991086
1633	-305.2378393224069
1634	-298.6948078293753
1635	-311.1857211450319
1636	-302.10257861276534
1637	-303.1658902258635
1638	-301.9455916696213
1639	-298.780258961653
1640	-303.3455337109079
1641	-312.67846875104874
1642	-307.23395513624564
1643	-306.3946530522093
1644	-304.7672990604109
1645	-307.8052013327854
1646	-304.53044994573804
1647	-311.08676346348193
1648	-297.59280027791823
1649	-300.84441033442494
1650	-301.2151531990344
1651	-302.2010855144392
1652	-310.3245242312568
1653	-305.5106000342432
1654	-302.73840581665195
1655	-309.7313855803849
1656	-305.2711413025291
1657	-304.2512688403408
1658	-299.8360745851486
1659	-302.988849445111
1660	-301.274950550435
1661	-309.1913873393181
1662	-309.30194832481493
1663	-299.09515326161176
1664	-299.159852847298
1665	-302.90192555163253
1666	-309.1352755162435
1667	-300.0101421989147
1668	-309.5568718138011
1669	-312.756616982637
1670	-314.4355688303607
1671	-313.0686318497701
1672	-308.3441288432982
1673	-301.6655717875033
1674	-306.47606882070033
1675	-304.8938443514258
1676	-304.4383804345295
1677	-304.95965567571693
1678	-308.94509994088526
1679	-314.81183530156244
1680	-308.4231800920916
1681	-309.54160293716865
1682	-307.57049206478115
1683	-304.31490264475576
1684	-302.568204526787
1685	-307.20837575151637
1686	-304.55472407323293
1687	-312.2725094720601
1688	-301.6421661127219
1689	-304.66742481705586
1690	-302.8382294093224
1691	-302.5643672357433
1692	-306.3982273568024
1693	-303.6727260955968
1694	-304.5670381187658
1695	-299.0872487478045
1696	-305.63820092024537
1697	-307.8665459555433
1698	-307.6788531306636
1699	-303.8127868824266
1700	-301.480865151441
1701	-308.3519973909067
1702	-305.29135265594437
1703	-305.3719688880491
1704	-305.15727963270353
1705	-303.5360644979416
1706	-303.60702419517725
1707	-304.48544512216165
1708	-305.3998117945405
1709	-299.59948798390695
1710	-305.6210070443585
1711	-312.884549506025
1712	-311.6441542627254
1713	-304.47917000062665
1714	-306.1640565527741
1715	-305.2283871326698
1716	-304.08179494050444
1717	-302.27978491443446
1718	-307.2455777618729
1719	-302.4760426589469
1720	-299.81038050777386
1721	-309.65512588670515
1722	-305.86939893110684
1723	-302.5587341463554
1724	-305.6718914671005
1725	-304.49560717567056
1726	-301.2367942874916
1727	-308.79767562172304
1728	-307.9514825259418
1729	-300.21399260905224
1730	-306.45905229467337
1731	-302.8064589383684
1732	-309.1669884258874
1733	-301.01926354579666
1734	-306.10460109687426
1735	-316.00028479047006
1736	-302.68071463074796
1737	-304.8445945013239
1738	-304.1525863603093
1739	-302.3674450278563
1740	-305.7338734106809
1741	-302.34931178331146
1742	-306.0469826819095
1743	-308.41697388455754
1744	-314.129532036887
1745	-299.922714105314
1746	-302.415689464442
1747	-307.2760337695716
1748	-300.6795733305878
1749	-306.7797876897343
1750	-301.11498105893213
1751	-300.1579011211589
1752	-307.0161527432953
1753	-293.52923886224073
1754	-304.8507101310456
1755	-310.6294792590663
1756	-297.4659770392404
1757	-305.54201924380646
1758	-307.53980625498696
1759	-301.1847816718607
1760	-304.31733622662495
1761	-296.7782477859224
1762	-307.584748246015
1763	-301.12988619399414
1764	-301.8746536487096
1765	-306.2396336012485
1766	-304.5076238809195
1767	-299.69241802407714
1768	-304.5086604698041
1769	-303.81115778364193
1770	-301.3568701018451
1771	-308.2043396129749
1772	-307.89036896257727
1773	-306.8803357932083
1774	-301.83034981846265
1775	-307.2135815614675
1776	-305.6829008706174
1777	-300.94644548942875
1778	-303.61102065439303
1779	-306.38913228822173
1780	-304.89050704459623
1781	-299.84838318171813
1782	-307.2417332335301
1783	-309.53116541727434
1784	-304.77165138619654
1785	-303.7305585952806
1786	-300.6652818626037
1787	-303.0605439622102
1788	-304.396721273207
1789	-303.65970607623643
1790	-307.89937278227944
1791	-306.62582882893537
1792	-310.5835988483732
1793	-307.8755084911202
1794	-301.7157078264462
1795	-306.6548034660116
1796	-304.1060837267638
1797	-308.38427693857466
1798	-303.92369665532505
1799	-301.17250133687236
1800	-306.9631417189707
1801	-304.4430980277226
1802	-302.3035598454609
1803	-298.3118891837509
1804	-301.0223478473862
1805	-303.37357401804627
1806	-304.7513023692348
1807	-307.60126815975815
1808	-308.8791803487067
1809	-303.6291909931364
1810	-302.7023352598152
1811	-304.76742163090734
1812	-307.84438320438744
1813	-301.0684047005754
1814	-304.4950140664651
1815	-304.5415804829503
1816	-310.6241992020941
1817	-304.2968227037431
1818	-311.0426185335313
1819	-309.4541121218301
1820	-308.61512371013765
1821	-299.1289815269125
1822	-306.5846280588982
1823	-306.1558267663106
1824	-303.9161492338795
1825	-302.08472116656026
1826	-304.98534866457294
1827	-304.44488101541754
1828	-301.1274842488527
1829	-307.39328983326965
1830	-302.66091285912194
1831	-304.4034601014004
1832	-311.46945522469315
1833	-308.02932258721876
1834	-308.4595606455759
1835	-303.0879400041771
1836	-302.3147283462025
1837	-310.3029374644583
1838	-312.33495852540256
1839	-295.0248460000799
1840	-305.3407352829761
1841	-305.2785438526753
1842	-307.0799482741951
1843	-305.118662606878
1844	-306.71779838913864
1845	-303.57848929329697
1846	-297.91387256697624
1847	-305.47327960874884
1848	-305.8871585602185
1849	-312.84803750247994
1850	-304.358057349313
1851	-307.59338938416806
1852	-306.89088706411366
1853	-312.75480940900223
1854	-309.32198002955994
1855	-307.7621624212284
1856	-302.25416189042784
1857	-302.7183463753122
1858	-307.13423319571854
1859	-301.6150477803497
1860	-304.2460255898529
1861	-303.12255148527174
1862	-303.3076005863165
1863	-296.2866709663571
1864	-297.50899808270043
1865	-306.13154926313547
1866	-305.9711624614566
1867	-311.8246913035385
1868	-305.31744809056755
1869	-302.9540511297125
1870	-304.57779126590304
1871	-299.58140832820953
1872	-304.31678518470227
1873	-301.7361040733614
1874	-299.2996958984996
1875	-309.15461917865446
1876	-312.49399852058053
1877	-307.03658795635596
1878	-307.91012667770053
1879	-299.81947871225225
1880	-310.75652179993307
1881	-309.19260416136575
1882	-304.9217096466887
1883	-310.92784658149947
1884	-305.7735116688422
1885	-299.1836850724626
1886	-305.8390545135779
1887	-300.9969032192547
1888	-304.0062408463502
1889	-298.42298614807214
1890	-300.5559610870816
1891	-305.33629211322585
1892	-304.22832912191967
1893	-307.03501422033884
1894	-310.0113622053751
1895	-305.7622377432979
1896	-307.6765312227792
1897	-307.08355884710016
1898	-309.5703701891382
1899	-304.0938416775316
1900	-309.03564669586297
1901	-310.66812520179036
1902	-310.2236832509649
1903	-309.606852086212
1904	-304.1595199092776
1905	-307.4404308877238
1906	-309.3072386550124
1907	-305.146837143524
1908	-309.9461491350507
1909	-309.842861817822
1910	-309.50483028036314
1911	-307.1450846036074
1912	-313.35616523159285
1913	-304.97918529984446
1914	-302.10667039178907
1915	-301.956305744886
1916	-303.8890981196646
1917	-302.89636022732515
1918	-308.81303104193375
1919	-294.6355304325737
1920	-296.6881032573672
1921	-305.3748178400888
1922	-306.5693612079005
1923	-308.98390255027823
1924	-305.175071098767
1925	-304.139005188037
1926	-302.8027978021269
1927	-299.8112997505477
1928	-306.9013696370714
1929	-306.64305599303987
1930	-298.26396648724494
1931	-300.1345232941091
1932	-301.9317968164632
1933	-302.18519100448276
1934	-314.2391589512393
1935	-304.3959310685138
1936	-310.99348763361996
1937	-307.83183245537936
1938	-305.9166174286496
1939	-303.3321372101507
1940	-309.6061872589185
1941	-298.1472035137877
1942	-300.3671832099903
1943	-299.50978186345003
1944	-309.1856237536553
1945	-303.3881487382244
1946	-305.72574228100257
1947	-307.4564168565599
1948	-308.27234093910596
1949	-308.19082442722845
1950	-305.21921801884173
1951	-302.55805950425673
1952	-315.46860753092875
1953	-306.20451912030353
1954	-312.83579514171834
1955	-311.53564243098606
1956	-311.448194042291
1957	-299.8287168673386
1958	-308.9620763884191
1959	-309.9625785966911
1960	-313.322258958966
1961	-304.68628920642004
1962	-303.26004907548537
1963	-305.5996352324379
1964	-299.5333532368678
1965	-307.4834805372854
1966	-307.6323454479628
1967	-302.10225084266045
1968	-301.5241867653186
1969	-309.39177470113844
1970	-314.54781080439784
1971	-303.6572745336823
1972	-303.0608690509347
1973	-307.6793713833202
1974	-308.4257380608153
1975	-307.0179223671294
1976	-302.53285883617707
1977	-305.69014947129284
1978	-303.47042659676396
1979	-305.52017285463836
1980	-307.09245193544507
1981	-303.163632481084
1982	-305.1658121536014
1983	-305.58238243754863
1984	-308.26212651951863
1985	-309.22044259980186
1986	-296.1808437601213
1987	-304.05818302939906
1988	-311.027685568341
1989	-302.6874645765409
1990	-306.5134256321049
1991	-305.2591136165043
1992	-305.5117570579055
1993	-307.39600390227923
1994	-307.01570777194246
1995	-309.8999131861575
1996	-307.63985325537254
1997	-308.704361221449
1998	-298.85327962910713
1999	-298.3961776081006
2000	-299.78198744699176
2001	-298.97747583722725
2002	-306.36752125777736
2003	-309.2533812188838
2004	-300.35086995202744
2005	-307.01715768298385
2006	-307.7740329673408
2007	-303.87515667935
2008	-303.38114702805444
2009	-305.5044601289364
2010	-302.7883377165807
2011	-307.3116325639718
2012	-306.90064666838185
2013	-309.21818035716444
2014	-306.12449569125704
2015	-308.2289756613226
2016	-303.4404249335996
2017	-304.07560345475054
2018	-309.08904450073976
2019	-307.1852940103677
2020	-305.84807123072807
2021	-312.1383861757674
2022	-311.6049792874767
2023	-312.39472234287354
2024	-302.14169357194754
2025	-304.3464569464656
2026	-298.2359804787217
2027	-301.80461314850953
2028	-299.6194607923819
2029	-304.2297273711723
2030	-302.81852141576394
2031	-308.0487768951652
2032	-309.43912493683484
2033	-303.9682222223891
2034	-300.4990747451417
2035	-296.21112776791125
2036	-309.2151100932884
2037	-310.956107425663
2038	-304.9806449527507
2039	-301.95308144781035
2040	-307.9620128110671
2041	-308.36630141515946
2042	-312.75732885516385
2043	-305.1120704506442
2044	-308.15419245027783
2045	-305.4662862152224
2046	-296.72298440671426
2047	-305.02437252128453
2048	-305.9875919778179
2049	-307.6999420482769
2050	-304.3694118097724
2051	-312.75920636329647
2052	-308.3251818423497
2053	-299.88488969487656
2054	-311.02377383305145
2055	-304.7723517950487
2056	-308.89181232323733
2057	-306.8522078352985
2058	-314.87291026976965
2059	-302.04493838795236
2060	-301.2097488170889
2061	-304.34734769646616
2062	-305.13858118084084
2063	-305.50790178688817
2064	-305.3453016691251
2065	-305.2977679316483
2066	-304.4490056632247
2067	-305.2148328567142
2068	-304.8653894945296
2069	-307.38411070720093
2070	-302.01721587764774
2071	-306.5903744290588
2072	-304.55711826943815
2073	-302.70936401969885
2074	-305.0229721494121
2075	-308.9505278413703
2076	-309.138692850907
2077	-308.55425372345456
2078	-313.0467892289003
2079	-306.57626974130153
2080	-301.4253946896178
2081	-305.23066138180604
2082	-305.84295577655234
2083	-295.37190656226136
2084	-303.5776370537962
2085	-307.8234430171284
2086	-301.86724584831603
2087	-303.2318371831265
2088	-301.1669940689159
2089	-301.89013152208275
2090	-303.6176828542058
2091	-302.2090429332115
2092	-303.16119175925445
2093	-300.1746679735761
2094	-306.62513248312024
2095	-305.2766579249224
2096	-307.48290545358134
2097	-306.93184708382444
2098	-304.84425479957656
2099	-300.49831607794937
2100	-302.82489292049786
2101	-312.29569063778797
2102	-301.9104767039734
2103	-307.30013479218604
2104	-308.0438208543259
2105	-308.47013943081896
2106	-303.1910246194554
2107	-311.1471924753025
2108	-304.32834555873336
2109	-309.6315420421145
2110	-311.20054689079325
2111	-304.94522776057335
2112	-308.00642545954395
2113	-300.8256324142312
2114	-299.46842036290565
2115	-303.12608247468916
2116	-305.76904289016795
2117	-309.18926387596844
2118	-309.4588143063529
2119	-302.5883919341624
2120	-304.6292643291315
2121	-301.458047366059
2122	-302.0987387846691
2123	-304.21843108318814
2124	-313.64519110972
2125	-300.7532738960947
2126	-302.00733748127396
2127	-307.81615234188956
2128	-304.86697935736777
2129	-310.0746801953947
2130	-306.1878979758034
2131	-307.2639421405555
2132	-311.3994942283925
2133	-301.2012883639911
2134	-302.1448135934448
2135	-309.73451988310296
2136	-307.0498822660263
2137	-302.0583425794615
2138	-300.3456083570078
2139	-312.82259862287617
2140	-304.1784417172693
2141	-301.26854948247177
2142	-298.6563159447051
2143	-300.3398274326089
2144	-305.1398704440558
2145	-303.50789836182724
2146	-302.4399228652171
2147	-300.368410144092
2148	-302.6580403657054
2149	-305.4094044620602
2150	-308.1664682079521
2151	-310.1064306210766
2152	-303.28825171865077
2153	-306.67555297189483
2154	-306.4845779532289
2155	-304.3775711272108
2156	-300.7492475615355
2157	-301.93856510320666
2158	-308.60632487907816
2159	-303.8219810221178
2160	-302.8632844219273
2161	-304.3958945858136
2162	-307.90898486168055
2163	-307.78709192683704
2164	-305.99492493115565
2165	-300.1157533409988
2166	-301.18980262352005
2167	-305.0828288619981
2168	-306.31082216394026
2169	-311.2093000801597
2170	-300.2911295421067
2171	-304.7999888272433
2172	-306.7748095537774
2173	-307.51362490714246
2174	-299.7559669182793
2175	-309.5537398482539
2176	-307.85394202174655
2177	-308.8473686514769
2178	-304.6062899376655
2179	-305.61186795961936
2180	-305.96995287420606
2181	-301.17844908335314
2182	-306.8592468105113
2183	-303.06880878173206
2184	-308.4593820054975
2185	-307.5677004043595
2186	-302.0679155682171
2187	-305.91771226418405
2188	-308.24628661066674
2189	-304.9479556932913
2190	-314.8660963151291
2191	-306.4126782259317
2192	-308.57805382605443
2193	-305.69068268061324
2194	-311.3098642915891
2195	-308.7034726745133
2196	-309.40398317516025
2197	-308.5969871421711
2198	-311.38750927792404
2199	-308.234504725976
2200	-306.47629980499113
2201	-303.9118844417334
2202	-299.85287843178196
2203	-302.48371949134537
2204	-303.5113810443333
2205	-304.6609739041882
2206	-312.16134852339025
2207	-311.02174210163736
2208	-303.00697601655787
2209	-309.09394210029865
2210	-297.7013263420548
2211	-311.33027006239354
2212	-306.8097437223543
2213	-308.68230592171585
2214	-299.7037458990499
2215	-296.43344962778866
2216	-299.01855190194743
2217	-300.3246826579614
2218	-297.5318458773768
2219	-304.3813755202181
2220	-301.68967450417017
2221	-303.28831900587267
2222	-302.71468433749817
2223	-302.2150811482633
2224	-312.6537269144413
2225	-302.6173920951736
2226	-307.2144076594541
2227	-307.87689376782305
2228	-300.40666361055315
2229	-304.0915627571296
2230	-301.6378332991176
2231	-306.03063705166994
2232	-310.55912920301523
2233	-307.41143980278076
2234	-310.12297764438927
2235	-303.37202242296723
2236	-306.11697296228755
2237	-308.3105890362372
2238	-304.31859498225464
2239	-309.185097125806
2240	-310.41067730864006
2241	-304.6253685814802
2242	-304.17368226568954
2243	-306.6718327433549
2244	-311.7426761312208
2245	-301.4098812143143
2246	-300.8703676157597
2247	-305.73956826086567
2248	-303.76029205977846
2249	-307.37989560334995
2250	-297.6529575719233
2251	-302.1733244409791
2252	-303.42121123808397
2253	-298.2008737019853
2254	-295.25084653811325
2255	-302.42826149548523
2256	-301.9555604598
2257	-302.592710520249
2258	-307.09245006749177
2259	-303.7777086637514
2260	-301.8684450390251
2261	-301.1504614292151
2262	-307.47508580227264
2263	-302.84429883808224
2264	-303.1060283710042
2265	-307.6614534714192
2266	-306.80722219341743
2267	-307.3861652839963
2268	-302.2074613225352
2269	-296.8038000000001
2270	-310.69617885679327
2271	-299.9633430785556
2272	-306.2602036485288
2273	-296.30450017857765
2274	-304.4743874322289
2275	-304.95968571316456
2276	-308.79602629370515
2277	-301.4242253893606
2278	-302.82507028081824
2279	-305.5835140383276
2280	-303.8478587094688
2281	-305.0891379227243
2282	-307.7817505860455
2283	-298.64016988930825
2284	-298.30632359689105
2285	-302.9675933190395
2286	-302.9780438030298
2287	-302.9484759238152
2288	-302.217644522908
2289	-301.3283823772488
2290	-301.29887465220315
2291	-307.23021117658794
2292	-304.96296464299763
2293	-299.30716224229576
2294	-302.34629983977896
2295	-301.7694837144894
2296	-305.71485997327454
2297	-302.80406965957786
2298	-306.8895997284167
2299	-309.2015265892805
2300	-298.4634209334187
2301	-303.1519059284385
2302	-300.8330257665023
2303	-305.2872420278444
2304	-306.0361277141379
2305	-300.0872761220493
2306	-303.7102747745491
2307	-300.9880593622978
2308	-300.4923543940795
2309	-301.33681489211625
2310	-307.1488921704086
2311	-305.3799609651857
2312	-305.50902394821986
2313	-306.54487284050003
2314	-297.39783962205223
2315	-305.07333151504116
2316	-302.4873019777785
2317	-309.0264538374352
2318	-304.73713438155147
2319	-304.5898036149944
2320	-308.181230122153
2321	-304.4227512583019
2322	-303.972422984613
2323	-298.5032375699543
2324	-297.2082860005809
2325	-305.44066758558466
2326	-305.4436241695378
2327	-306.00871851330544
2328	-300.1969520856336
2329	-302.78242354222203
2330	-308.5325155977385
2331	-311.6935843524571
2332	-305.67843231565723
2333	-306.5043223525458
2334	-309.21707108681676
2335	-301.1401159138046
2336	-301.77832067060297
2337	-310.7711029735741
2338	-298.9970529641624
2339	-299.3362852114801
2340	-300.2028938425054
2341	-301.4775441766774
2342	-309.0413556648176
2343	-301.9254957013287
2344	-304.487141611728
2345	-301.2711489635784
2346	-305.44443066422735
2347	-304.6821798360057
2348	-299.32844513401164
2349	-306.58750576963223
2350	-305.3371908402227
2351	-304.53231408374444
2352	-302.4271830133073
2353	-310.1100871298224
2354	-299.1317864505376
2355	-297.92204957997626
2356	-304.4852504662521
2357	-312.24764577835265
2358	-306.70758543364116
2359	-306.00366735216835
2360	-299.3852133812281
2361	-303.0859309199818
2362	-304.0829697584235
2363	-304.42473862937516
2364	-306.797348833692
2365	-307.5905666444687
2366	-306.4689657662169
2367	-305.4326360699739
2368	-299.9890280640538
2369	-305.3025343691462
2370	-299.48048068055175
2371	-307.3716440787821
2372	-305.29555493876586
2373	-303.0201182285122
2374	-302.73643885688034
2375	-312.99942436190855
2376	-307.80203022247866
2377	-307.1663176808861
2378	-304.70692532115555
2379	-308.37656669544475
2380	-303.32552453871665
2381	-308.4186550416489
2382	-304.5101987513209
2383	-300.9132314648742
2384	-309.3894161840167
2385	-307.389679277188
2386	-307.2348872331367
2387	-306.6132128851085
2388	-305.66934134560023
2389	-301.8218089730662
2390	-300.90150685808584
2391	-309.88824018296765
2392	-307.21540757689274
2393	-303.95947576658114
2394	-301.2342088743755
2395	-302.4802281952534
2396	-296.64975351619626
2397	-308.1178561995498
2398	-309.7373125396615
2399	-299.3303315269115
2400	-301.2215987852365
2401	-307.6902024475981
2402	-308.60828189978014
2403	-309.2817072987338
2404	-305.4661449633027
2405	-304.1925726011432
2406	-297.3207949271204
2407	-306.20468504023444
2408	-301.64216262765484
2409	-309.822427005218
2410	-309.09316885614334
2411	-302.26019662053807
2412	-304.2998723004733
2413	-310.45300858034466
2414	-303.6673843619771
2415	-305.7063787087423
2416	-308.27871205383633
2417	-306.2126004823756
2418	-308.1946469557972
2419	-305.91489813644023
2420	-304.6453293561511
2421	-299.5246681584787
2422	-308.0425878818141
2423	-313.81826540448503
2424	-305.2650964272756
2425	-308.99085234892027
2426	-308.9593951329243
2427	-303.47499860021105
2428	-303.8094042647889
2429	-311.17314067315067
2430	-303.14457069216326
2431	-309.89526566197827
2432	-300.06601329834956
2433	-305.68907132194215
2434	-309.63774553026184
2435	-310.8465042053925
2436	-311.0289982341526
2437	-304.6334217069353
2438	-304.0318697582247
2439	-303.8974926176492
2440	-305.5229138911517
2441	-305.4969717116422
2442	-303.1095924462123
2443	-305.8854247430443
2444	-308.36345136898393
2445	-308.3821415295437
2446	-305.7611780125664
2447	-303.71066944370517
2448	-300.91697211365596
2449	-302.94148363379384
2450	-305.72062334154583
2451	-301.7350349283901
2452	-302.6654032703116
2453	-305.60123988460293
2454	-299.2286169477116
2455	-308.521953298604
2456	-306.1625245284002
2457	-305.9705098845174
2458	-305.2061087551846
2459	-304.33389598354626
2460	-307.75582957134725
2461	-308.8638172497038
2462	-306.0174280131954
2463	-308.3933750501318
2464	-305.2818730055267
2465	-302.26790149466075
2466	-308.4237553208209
2467	-311.05536581677194
2468	-303.21610729820003
2469	-310.7000101305334
2470	-308.4808016237953
2471	-304.20245559460653
2472	-301.58676717781265
2473	-301.7891176324265
2474	-307.2220222596639
2475	-307.0447823800283
2476	-307.48454559398243
2477	-312.24395286921055
2478	-306.20780948519655
2479	-307.6906455382551
2480	-307.18641182138947
2481	-311.3774901811353
2482	-296.3622872230742
2483	-306.09225173356793
2484	-305.12639050113097
2485	-307.08486428061417
2486	-305.1330779224937
2487	-302.9930932693533
2488	-312.6723854105344
2489	-304.67833488354967
2490	-299.633946231432
2491	-306.5792207135786
2492	-312.44256417441903
2493	-302.71293085152905
2494	-314.3095638754495
2495	-304.4443696351856
2496	-304.5756626459747
2497	-302.52644314559706
2498	-307.51045621896463
2499	-304.8245111027039
2500	-302.6536465512949
