1	-298.829771062769
2	-296.5343000551404
3	-298.2117026231138
4	-300.5063207912207
5	-302.0181870570631
6	-299.9948572444688
7	-297.68757486709956
8	-302.3310269678244
9	-301.0696676441749
10	-302.7204644329266
11	-296.74834552216896
12	-302.8793865876907
13	-308.99278625131393
14	-305.1209773092833
15	-301.82970243185355
16	-305.2382835563963
17	-301.6967986205608
18	-305.96447021658435
19	-308.4219031254987
20	-303.2694221607962
21	-305.6079700322721
22	-305.79782006006593
23	-302.1218901556092
24	-306.63310133583667
25	-309.3547648953016
26	-307.71155964949105
27	-304.7639863471647
28	-298.4549678417027
29	-306.652911305457
30	-303.3549036898536
31	-299.5226322921771
32	-305.68593522183824
33	-302.13109625803577
34	-299.2476967271623
35	-307.56752567339913
36	-298.4308070914158
37	-302.06241498820873
38	-304.7479315714462
39	-308.7160742307463
40	-299.6901098730112
41	-302.9235557472433
42	-306.9114400802477
43	-299.73327754150216
44	-301.44550691897183
45	-303.91763442209697
46	-301.3656486440508
47	-299.4678209089648
48	-306.5070989404448
49	-305.0870521657243
50	-302.0175482428732
51	-296.1658890037998
52	-301.5019243101423
53	-305.60780382768127
54	-305.19411874411355
55	-304.73886709165726
56	-308.39114862838767
57	-301.55675117194164
58	-308.9569084632289
59	-305.0250534364763
60	-308.11174726069464
61	-300.6888245139915
62	-308.1344835527231
63	-307.03749775111913
64	-299.41305421699576
65	-308.08203937411525
66	-298.9579157425956
67	-295.9931091808806
68	-305.022874602818
69	-296.57320942208923
70	-306.7883052585944
71	-307.9921714077193
72	-295.5832371431886
73	-308.32518038212106
74	-299.86081390613015
75	-304.86872492228594
76	-306.6234868979925
77	-295.539521260059
78	-303.098236165119
79	-300.29424822773757
80	-302.2380940642423
81	-305.24000767882535
82	-302.86226265561686
83	-309.4827610346752
84	-302.7922825187569
85	-304.3334123625369
86	-302.7518486357131
87	-299.33490026263706
88	-307.6712748757244
89	-312.8989718807416
90	-303.0346551342634
91	-305.12114558508597
92	-305.7783233126687
93	-308.1018717787202
94	-308.92640740010154
95	-299.8231000000239
96	-306.5187813586038
97	-301.742594920072
98	-306.33494603799164
99	-304.57500442103105
100	-306.9993517392206
101	-301.30851246008916
102	-307.6875196244995
103	-308.19814875274875
104	-302.0662960399307
105	-305.61087468112817
106	-305.03853873745123
107	-302.8349407642635
108	-307.8550391012734
109	-307.72054372845497
110	-302.6419595469995
111	-302.27644945266036
112	-308.0004923730425
113	-305.88710069251374
114	-302.2043259529564
115	-309.90087062567915
116	-301.1356509381724
117	-299.62741478823335
118	-313.9933908836884
119	-303.8675499975376
120	-307.26826006628755
121	-304.6383630720008
122	-297.4732559564771
123	-309.19074263154874
124	-304.9443984228034
125	-307.42733379674513
126	-306.1476279481964
127	-304.27075972390435
128	-302.94173801510067
129	-301.06636935884615
130	-302.973344966422
131	-307.8727385090038
132	-304.97213763595045
133	-300.923861329049
134	-302.06440944572813
135	-307.19832842091915
136	-305.1156558619456
137	-301.866130028747
138	-306.6874951634507
139	-306.6503004624
140	-304.89734435642345
141	-306.14905883844324
142	-309.81510689372425
143	-302.0782339319112
144	-311.14487251745345
145	-300.9287072055143
146	-300.535353996963
147	-304.8181514120448
148	-306.1367415052256
149	-307.29496504055146
150	-307.1395005935428
151	-303.09403478073705
152	-304.42994049257595
153	-300.64792326158715
154	-308.1304781713286
155	-304.33511435938107
156	-303.65756766852485
157	-304.4890494567536
158	-305.50549563405593
159	-304.9602484619487
160	-303.3683465182453
161	-299.19671120923624
162	-309.30588645144866
163	-306.01847058509355
164	-296.60017989401024
165	-298.67778344825655
166	-305.31528694522234
167	-300.7272062085863
168	-299.0301273036798
169	-305.05626773865197
170	-297.1025772680175
171	-301.8747528850357
172	-299.95760799926353
173	-302.9008269255912
174	-303.76020154410895
175	-293.9860192794802
176	-300.5860514880953
177	-301.1434749610238
178	-302.9907102137916
179	-299.8404229887617
180	-299.6536220121863
181	-301.6895240001361
182	-310.57651203376025
183	-303.9166351841856
184	-306.78554165851796
185	-299.52634618205735
186	-303.64554490529906
187	-308.9035188214399
188	-301.10769096874725
189	-290.8529
190	-304.6779935485399
191	-305.65968127324913
192	-307.47203437214944
193	-310.0401202104345
194	-306.6156353845565
195	-309.20109116535616
196	-306.1399860532627
197	-306.1984263940219
198	-303.0332186452327
199	-309.4737897029345
200	-305.8231960108
201	-306.9581472292327
202	-300.8141712831776
203	-296.8362651639394
204	-303.9644875143743
205	-304.88568023742766
206	-307.1770342009254
207	-305.8028606406055
208	-302.17512120761364
209	-303.1197705337985
210	-301.0636345414625
211	-304.09984993865856
212	-296.6996306428119
213	-304.7694230170261
214	-307.7607190156105
215	-305.27028116972195
216	-304.22602702042326
217	-306.3724545993768
218	-302.82069843278464
219	-303.8044712618738
220	-303.49924743199216
221	-306.3732790701073
222	-309.4687217099957
223	-304.735607780122
224	-301.6046599767924
225	-298.68668405820534
226	-300.1289694031108
227	-304.1099267530808
228	-301.8830692729291
229	-304.2828577972266
230	-302.71236724991826
231	-303.66309782916153
232	-299.20113745312324
233	-307.61408963323754
234	-300.59031749561643
235	-302.6067420529698
236	-303.9507541653363
237	-306.12855366731617
238	-302.5286601832533
239	-304.05910870183766
240	-302.8504909453897
241	-307.66280404408053
242	-303.3477763596478
243	-306.6024077347486
244	-305.4994620659991
245	-299.69999347925483
246	-304.16186985242354
247	-305.3452000136805
248	-306.0741972412469
249	-305.06828313626477
250	-303.4018442496853
251	-301.5400441730449
252	-306.17383630847587
253	-296.51692830049944
254	-300.6123223453549
255	-303.2508255337862
256	-310.47300667590025
257	-302.3138232859446
258	-305.98068829359926
259	-306.33158378610443
260	-305.2797452013084
261	-303.7833686835264
262	-305.67168911205215
263	-302.1826047785998
264	-303.82206273476726
265	-305.62202121200073
266	-306.45759417265384
267	-305.5747872534725
268	-305.1179003464007
269	-305.4081138386308
270	-310.73337879152166
271	-300.1321856929466
272	-301.2786942428985
273	-306.89235473746754
274	-300.9285540785928
275	-304.0935450798508
276	-305.25928261745486
277	-302.41822704094557
278	-303.964974190966
279	-309.7875234516812
280	-305.00359338054176
281	-303.58490907625304
282	-304.49344319112885
283	-299.33260106304556
284	-304.54110415881314
285	-295.7832989253685
286	-304.6069272812722
287	-304.1100043110705
288	-307.00765138394456
289	-309.461537200941
290	-299.7302898230084
291	-302.5608566714905
292	-301.39449667816734
293	-301.3706791716252
294	-297.98488619226447
295	-303.33327645303535
296	-303.6326026322953
297	-299.112269050178
298	-304.4926844406333
299	-296.5816050734508
300	-301.68688888764547
301	-309.1599658670178
302	-302.2346589418518
303	-300.3692619354212
304	-292.8239000009784
305	-306.6923481106166
306	-306.73853856571424
307	-300.9201045396231
308	-301.7479926638137
309	-299.65064341337956
310	-300.4422866118124
311	-304.8350316485564
312	-298.2560937235071
313	-297.67209150489265
314	-309.19012859541095
315	-301.03345473053275
316	-303.4431493248171
317	-300.44184714428906
318	-302.58238368635483
319	-308.3821041767033
320	-299.02358619873206
321	-304.10158318760983
322	-307.10446429179245
323	-303.59320525940706
324	-308.84681174472246
325	-307.8292342280556
326	-302.647848849169
327	-303.39980066147587
328	-300.98996837111935
329	-302.5796527763806
330	-294.0525386888855
331	-302.0997429113092
332	-305.00690019132213
333	-303.02962087393536
334	-305.2027720744632
335	-303.43932716352793
336	-307.35078908116236
337	-300.6123997771997
338	-299.47803129136855
339	-308.4335978013296
340	-303.4520259754292
341	-306.522109356761
342	-302.10530001431226
343	-302.87430291048634
344	-302.01046305682587
345	-301.377624912581
346	-310.9292040914342
347	-307.9818439276514
348	-309.85855237641863
349	-303.0634059452444
350	-302.01849716143295
351	-297.9653000000011
352	-305.41487832128405
353	-306.83308068912913
354	-304.8724125816967
355	-305.6467000677728
356	-310.31980345767295
357	-296.3860000000009
358	-299.28070008391416
359	-299.510188683813
360	-301.11363927550536
361	-296.94212311638546
362	-303.87342563865116
363	-302.0686546590978
364	-305.1304436503446
365	-298.55258400301415
366	-302.5983286771106
367	-301.57501781216655
368	-302.0353568957261
369	-300.7939727502625
370	-298.5541659353477
371	-300.38550000000106
372	-308.4340916354106
373	-300.3749605434656
374	-303.8201933528298
375	-301.5188954872449
376	-303.67695227767916
377	-303.4815075914667
378	-296.9283710859068
379	-303.24301681631727
380	-299.4453413788316
381	-302.75608488391146
382	-299.5378139726156
383	-313.6135177693616
384	-296.9861964335527
385	-296.989794303391
386	-304.6179743507535
387	-309.6253822337164
388	-303.82825009775576
389	-301.6364465389019
390	-298.62263815179307
391	-308.7796576015622
392	-305.72938711344864
393	-304.27823802157275
394	-303.8690470180258
395	-300.4186904294672
396	-301.7909455983089
397	-307.0175223472129
398	-307.6302576036944
399	-311.70271104192915
400	-302.3956672000951
401	-305.2817747386552
402	-306.5355155303835
403	-307.8047334216338
404	-299.11612647193954
405	-301.5454437188592
406	-305.2056887206049
407	-306.01164491704924
408	-304.56679804051066
409	-301.1481554754899
410	-302.1486308290618
411	-300.6245492686351
412	-304.50420480622506
413	-301.79065707336537
414	-300.6759079134618
415	-302.8898084949378
416	-306.64558061888823
417	-296.9662485749882
418	-295.9556
419	-299.3922758819794
420	-299.7584975055494
421	-304.1354165534814
422	-309.44833315567297
423	-308.051294518101
424	-311.74046313455074
425	-305.25924994972496
426	-299.8171394916225
427	-305.8459268763884
428	-304.7674729271477
429	-305.65029113052475
430	-306.8630308676572
431	-302.8102574554813
432	-301.7399325572124
433	-302.9905291297833
434	-303.49902250634767
435	-310.6814839837175
436	-308.27155404532954
437	-302.77839937291407
438	-305.18826577115425
439	-305.1334964552844
440	-302.4133641348184
441	-310.19369238260333
442	-306.98764178063743
443	-307.34045355791625
444	-299.81453798118514
445	-307.1866196312012
446	-294.4948977644384
447	-302.7736241723423
448	-299.7037621019588
449	-298.8442656249215
450	-303.7704297336578
451	-304.19612114332864
452	-304.35751370182874
453	-303.6826830701824
454	-306.50462415024174
455	-302.5055000000677
456	-299.5081364715295
457	-305.20774364361296
458	-303.76832820350387
459	-299.4813078615524
460	-305.5261562019366
461	-304.6807985243172
462	-307.7688690745041
463	-303.31391295703105
464	-306.15797990362995
465	-309.9485465244405
466	-297.6244185385003
467	-304.23641967517335
468	-304.32071504414245
469	-301.55674411974525
470	-305.76650936066994
471	-307.29539139932945
472	-305.912246958031
473	-304.8945649455655
474	-309.44567734008206
475	-304.41034910233316
476	-299.6372018382441
477	-300.4528565370846
478	-300.6536747857082
479	-305.9515527212288
480	-303.80432840083404
481	-297.54460000000006
482	-291.28850106250746
483	-302.06286670792025
484	-302.6512
485	-300.84320152107557
486	-296.2534000030907
487	-297.0785
488	-306.50852965458233
489	-299.9386297425564
490	-303.90055714508895
491	-300.3357789197661
492	-304.6085172206155
493	-303.7177292812246
494	-304.8150884323715
495	-304.16251694223274
496	-304.12790000000007
497	-304.92630921533214
498	-304.3645655498098
499	-308.8224040178356
500	-302.37917591087546
501	-295.42100934995847
502	-305.6688608907671
503	-300.4075
504	-305.07844467046795
505	-303.84727280512345
506	-300.9837818824228
507	-302.010613512685
508	-305.50483425201503
509	-296.88864307674106
510	-310.80884081775156
511	-306.95052202844346
512	-299.37757375487746
513	-304.2917196520137
514	-312.62887510794815
515	-304.5573503590552
516	-304.0805581701035
517	-304.0443004034586
518	-300.5420635317897
519	-295.6718787306552
520	-304.7255185729145
521	-309.59377136556355
522	-300.1859968512508
523	-307.3938285630396
524	-294.6175183561086
525	-299.53593814676884
526	-311.0401813860565
527	-312.3542657472813
528	-302.39331727308115
529	-302.55585048136743
530	-310.3163471225006
531	-309.77112516321966
532	-307.79969746382756
533	-300.1834615435318
534	-311.544192278821
535	-297.4247502538363
536	-299.97471505639174
537	-301.3335179269416
538	-305.7935886426258
539	-301.7835371124567
540	-306.6486144352729
541	-299.20942151118777
542	-303.9496118484536
543	-305.7816158336839
544	-310.210343756685
545	-306.45293309790065
546	-309.107124050094
547	-308.303929992125
548	-301.32912905468476
549	-305.1666592373447
550	-306.41620137104087
551	-305.3961125807608
552	-303.0597397505265
553	-295.5356009149098
554	-304.77350382718305
555	-302.11821086603203
556	-307.85588065919865
557	-307.8394091338787
558	-301.42963163895735
559	-302.23550000000097
560	-303.0486768360759
561	-303.08337221327673
562	-306.71720395310126
563	-306.8713811509538
564	-297.11807012966955
565	-302.0475146438628
566	-298.1087602596122
567	-301.27140946312903
568	-305.59248048481606
569	-307.88093172615345
570	-301.56428225709124
571	-301.31090254168515
572	-302.2333826687974
573	-302.6059077641682
574	-300.3131359241771
575	-304.727010195612
576	-306.0143758512909
577	-301.1874252809637
578	-301.79584864567664
579	-300.4082854846203
580	-308.1399770160381
581	-304.66565545265877
582	-308.51041170811266
583	-301.5911486479784
584	-307.54083183995743
585	-302.45581311998814
586	-302.6805025368791
587	-306.76436130619715
588	-304.93192756379085
589	-298.89216751799717
590	-302.53279599892556
591	-303.8435994560349
592	-305.57056659792283
593	-308.54046530423363
594	-306.5864057701137
595	-309.00836199975754
596	-304.7145576895978
597	-309.15150022732024
598	-306.8604569171459
599	-301.16920123867106
600	-300.2434676147171
601	-301.01030060698554
602	-302.61565253780356
603	-295.42930000000115
604	-304.0561755093261
605	-304.9354010224204
606	-300.0429607611352
607	-301.3602510020529
608	-298.5444777550588
609	-297.77905897898313
610	-306.35360613819904
611	-302.19000000000005
612	-292.93119381215826
613	-305.3022903857998
614	-307.41047255389196
615	-303.721095273853
616	-306.7578657293382
617	-303.57952837172735
618	-298.9959213719642
619	-302.54468932029533
620	-300.5508899119349
621	-306.27354795617714
622	-305.11378700031105
623	-304.91070550807905
624	-302.8579587845212
625	-307.49080278192935
626	-303.33789249012
627	-300.52004058971556
628	-305.5485224297997
629	-305.70853613403835
630	-302.43665996680807
631	-303.018562491034
632	-313.51705691113136
633	-304.9307948399517
634	-308.577027483343
635	-304.2071182657063
636	-308.99245837384365
637	-305.27347355535795
638	-306.74898172502674
639	-307.1914208483691
640	-295.39559479977913
641	-303.606278191451
642	-307.74086060713984
643	-298.04369177892795
644	-305.8263327537417
645	-305.90084885171706
646	-299.5719612766374
647	-308.1413111079433
648	-303.32070108257767
649	-309.1220811101546
650	-307.72257082002676
651	-302.49221950766423
652	-309.8207782306397
653	-309.37362114676216
654	-307.4546752778701
655	-302.80568755371814
656	-307.80927821082946
657	-297.41411427434326
658	-302.2456086056822
659	-307.5562001763849
660	-303.64703080688685
661	-296.97195247227313
662	-306.0950049575867
663	-307.68138408179163
664	-301.73933019101776
665	-307.709738834764
666	-306.07161085915754
667	-293.5769382338665
668	-309.1813522188487
669	-308.64550409612934
670	-309.0837146986259
671	-311.6930621178783
672	-305.96189448897496
673	-301.86940209220563
674	-305.8521222852073
675	-303.11834885214387
676	-311.43952118203117
677	-316.7187792350463
678	-303.724993225294
679	-305.80755712213994
680	-309.15538669458954
681	-304.0875930691414
682	-305.70643461828035
683	-307.82874393074496
684	-305.99605195794516
685	-311.64089779521885
686	-309.3125874213458
687	-304.7671083768862
688	-306.98225956691925
689	-312.57839896366886
690	-304.91521206267527
691	-312.0272034604551
692	-305.1304908032402
693	-304.8646491976659
694	-314.0426029971018
695	-307.28916398599466
696	-300.24819326814077
697	-303.0572702257895
698	-306.7191738002061
699	-306.56196631980754
700	-310.16565047607037
701	-311.83385396446977
702	-301.1673403629702
703	-306.00069757760417
704	-307.28433171630707
705	-306.0686350539812
706	-306.16450142089815
707	-307.929490645289
708	-305.22984208499605
709	-304.2827905723878
710	-308.62007431373274
711	-305.8052660194115
712	-302.1189504379616
713	-307.0009157435033
714	-305.2497964112307
715	-307.8388073295551
716	-308.7713693612923
717	-309.7705470795492
718	-308.1735280574811
719	-307.7068397662561
720	-309.73542995494716
721	-305.24847531750555
722	-301.45757310893674
723	-308.09057615977446
724	-309.46642698300155
725	-304.3665632099339
726	-305.7628462558877
727	-308.25340430319
728	-303.94757499994705
729	-302.0873444745526
730	-301.81894548258333
731	-309.59156930115574
732	-305.47489599491513
733	-308.90833949685157
734	-309.9632234162313
735	-299.30870773261756
736	-304.00022102452033
737	-305.81781488229296
738	-313.75146033144415
739	-308.27516397254374
740	-308.4469024454411
741	-300.2543171194413
742	-307.3920534764467
743	-300.7087695366747
744	-305.146767856132
745	-311.2907863636007
746	-293.4216645980145
747	-304.4079262989356
748	-307.45325724698984
749	-302.9066209815994
750	-307.76428129058655
751	-308.248178943822
752	-301.63315410277795
753	-308.40645005513494
754	-310.7695618852417
755	-301.33069137260713
756	-309.34526687151106
757	-313.3526348150593
758	-307.8470241469301
759	-305.1213008479622
760	-311.03251759120235
761	-304.27628169590184
762	-308.1366457271114
763	-302.6178610712685
764	-308.4267382693226
765	-302.89929522900223
766	-303.658777097317
767	-308.2176632818623
768	-304.9055336157842
769	-310.58307968132317
770	-308.48065194441625
771	-310.3422291342114
772	-306.50198621568984
773	-309.2399929102604
774	-307.41826448760264
775	-307.6733631002333
776	-304.8072236998519
777	-303.6392219526215
778	-303.5427624128692
779	-304.0115333062872
780	-306.06014726671884
781	-310.941715495814
782	-308.97176791249655
783	-307.0938950995409
784	-309.61374989680775
785	-304.36311965110934
786	-302.50089227559454
787	-315.5229671547281
788	-304.93536588129103
789	-307.1108690850917
790	-306.59643363537884
791	-313.4164705598439
792	-298.67491593743677
793	-309.20396211337896
794	-308.16818130337293
795	-306.98721006453735
796	-306.5784941452312
797	-306.2155977347451
798	-301.82201024320625
799	-305.5449200069345
800	-311.26109391307875
801	-309.9881324343282
802	-306.74415841577627
803	-310.4053817707029
804	-302.5528333676067
805	-303.11049552286374
806	-306.22807259425747
807	-300.4034515341649
808	-304.7159837613262
809	-302.12981048061886
810	-310.9650942481537
811	-306.25236421227993
812	-297.98842858515326
813	-307.85924131277096
814	-303.54279596586383
815	-311.2837615044756
816	-311.79410184095576
817	-305.8772244195768
818	-303.70871868738294
819	-303.21556177535956
820	-309.4166533314969
821	-308.39659281125273
822	-305.38570159918555
823	-306.2621877236298
824	-312.4597280046612
825	-311.77657748102706
826	-310.3731292336832
827	-310.90406199359677
828	-308.6843936980795
829	-308.7447856196852
830	-313.5511582707427
831	-313.54091038921433
832	-306.8814061708297
833	-308.7216362912329
834	-307.89489343893734
835	-303.14692640959254
836	-308.9601258493929
837	-309.264017004574
838	-304.6318999790073
839	-310.58346331291256
840	-304.4061114296397
841	-305.6769383433722
842	-305.9202892679871
843	-310.2265289204919
844	-302.74388510911945
845	-306.02617770045697
846	-302.55659943812356
847	-300.5003938464926
848	-305.37345968763333
849	-306.14095742057606
850	-304.0499495113212
851	-310.68215653056893
852	-305.31699395225274
853	-309.90651429817683
854	-308.52659044802715
855	-308.7181288091709
856	-308.6316821128869
857	-307.66104942872596
858	-304.277421442814
859	-311.3392073408829
860	-301.4738692923627
861	-305.43977069985556
862	-306.84668051233035
863	-307.64291720955384
864	-309.33268243223944
865	-303.3708593668025
866	-297.8977626317634
867	-301.785359356749
868	-305.57205295312673
869	-304.53665488798066
870	-309.3635892208641
871	-304.43424270031494
872	-305.3729211189709
873	-301.69218132216884
874	-305.3329457378931
875	-306.15831102703083
876	-303.17432464261526
877	-305.917466852882
878	-306.7687208419056
879	-302.6244821933096
880	-305.21911427801325
881	-306.29519438711367
882	-308.59312644046435
883	-307.5151711000803
884	-302.1676831869062
885	-305.39467419376894
886	-302.5586048399895
887	-306.3495443381007
888	-301.9499928288884
889	-297.78149091206467
890	-301.9230698514677
891	-302.95077628954476
892	-305.14694706643485
893	-302.12066891552956
894	-300.220347694792
895	-308.0522011010902
896	-307.24394353714564
897	-304.0248520577797
898	-299.73684785201146
899	-309.5467051360252
900	-295.52017040651305
901	-292.4072708565821
902	-301.9432023823656
903	-308.00678830597957
904	-305.00379618615267
905	-295.8677844392509
906	-304.98116770652433
907	-306.29387342199374
908	-308.12248358412813
909	-306.5936134995108
910	-309.9442367925218
911	-305.3811785781603
912	-305.6950631080132
913	-308.7491761595711
914	-310.1080106772004
915	-301.8773429319402
916	-311.78208865403866
917	-308.52095549917095
918	-301.37279153529244
919	-309.71447147518194
920	-306.70247703400474
921	-308.08230627203835
922	-306.0064849606116
923	-309.39153628467096
924	-298.161969813572
925	-302.5114807413049
926	-305.36096315846254
927	-303.8612211937541
928	-306.40103216517286
929	-304.4411141841224
930	-310.37220581848646
931	-297.7845433379199
932	-311.68107767333254
933	-304.01440378800214
934	-304.73989105150065
935	-296.40666159950354
936	-303.1855015302988
937	-305.72641312563354
938	-308.23999835099596
939	-310.05054684858305
940	-304.9827304016001
941	-311.2745509078255
942	-308.38290819955927
943	-308.33972591883435
944	-312.46734758888294
945	-299.2917548037855
946	-305.3644896426201
947	-310.61898080193697
948	-302.0034983600895
949	-302.10281164945707
950	-301.528414443538
951	-304.00820382753204
952	-302.7766224896403
953	-309.0974970028852
954	-307.68955008920705
955	-307.5067908741185
956	-307.44641347108677
957	-308.4874806753024
958	-302.87416228931687
959	-305.26231458743257
960	-310.59903284047374
961	-310.82379671112886
962	-300.9630763641226
963	-307.4660324508701
964	-305.69814625338796
965	-311.2390640056821
966	-304.25329022832375
967	-301.93750173944335
968	-302.30310390828566
969	-307.8304162173182
970	-306.6627053956516
971	-306.74845798698794
972	-308.3775659574468
973	-303.8297988425874
974	-309.91126554034093
975	-309.23895785246555
976	-309.86957137332263
977	-305.4715318828211
978	-304.2770051292538
979	-313.9207454464895
980	-300.01633711477734
981	-310.3602527528078
982	-311.63836666643124
983	-312.18072865276434
984	-307.1140899218996
985	-308.3518643218166
986	-306.5597259262849
987	-308.9796217432926
988	-315.27378704648703
989	-310.07845339080376
990	-313.78452584731644
991	-306.82451678388276
992	-310.9219402839041
993	-309.66169390807386
994	-305.3138841569443
995	-313.6886919399272
996	-314.97459865931665
997	-311.83380892887885
998	-309.1718938732492
999	-311.27587311022535
1000	-302.9081025827759
1001	-309.11390954848
1002	-313.4655565040411
1003	-308.59012041676914
1004	-313.50361175694786
1005	-299.0965307608756
1006	-306.20274045840233
1007	-300.2349048487007
1008	-299.08802321155065
1009	-303.6947978730597
1010	-308.64542912639234
1011	-308.0568787515207
1012	-306.8495965063966
1013	-302.1200877881399
1014	-307.2737376313886
1015	-299.68005594474727
1016	-299.59993589195705
1017	-307.69338170372987
1018	-305.9913681830202
1019	-309.0738983230889
1020	-301.8896075350518
1021	-299.89546397892565
1022	-309.02024055397095
1023	-306.923987099013
1024	-310.2275731770713
1025	-308.8293422637512
1026	-309.6816845963916
1027	-307.9908306008265
1028	-307.5215560249385
1029	-303.3631956641569
1030	-312.41725924840614
1031	-303.50690439298415
1032	-309.478631032285
1033	-307.3641587756617
1034	-303.72451874196935
1035	-303.2902735094574
1036	-301.78233990096646
1037	-303.9587506635376
1038	-300.0914484044442
1039	-307.0728943174516
1040	-311.1024931242691
1041	-305.0149735663027
1042	-300.41240651637736
1043	-302.5129847074801
1044	-308.2352978011157
1045	-310.37941200888946
1046	-304.85101191786623
1047	-303.57636796103844
1048	-308.7829527957325
1049	-300.0598454458112
1050	-303.98495907816005
1051	-304.98864597002216
1052	-307.03589818158736
1053	-306.9986612665429
1054	-310.9337393559028
1055	-306.4581121450361
1056	-306.23124710837834
1057	-310.3225835260717
1058	-310.3909047151128
1059	-303.00181684981135
1060	-306.42197590438883
1061	-302.538330557571
1062	-307.1353654407892
1063	-299.46120559537997
1064	-310.0059979718067
1065	-303.50126642306634
1066	-305.9195916692596
1067	-306.33806056074985
1068	-311.1175447717936
1069	-311.858015028399
1070	-309.69645395255
1071	-299.50800579096284
1072	-309.08825535899956
1073	-312.04483462655696
1074	-308.42356065771224
1075	-302.5555304350035
1076	-303.2083642018454
1077	-312.14147653026106
1078	-308.99202490533787
1079	-303.20240134621446
1080	-308.2891469202976
1081	-307.28729650089
1082	-314.913504937337
1083	-307.28828926865657
1084	-307.9192976681881
1085	-311.4744505638183
1086	-305.58887470064565
1087	-307.055542187746
1088	-305.8559999024877
1089	-308.0381064487879
1090	-310.2177215329289
1091	-306.61836295909137
1092	-306.1296605809472
1093	-310.01340794940563
1094	-313.48450662703186
1095	-306.044157816457
1096	-303.5077497759998
1097	-303.41551533141603
1098	-305.03392991235137
1099	-306.76515540454756
1100	-305.9845505553151
1101	-306.4009571417988
1102	-306.1334014265492
1103	-304.10891963879504
1104	-304.53047811971845
1105	-304.84631038368013
1106	-300.5350778525944
1107	-311.44832069432977
1108	-305.86398003698895
1109	-302.50125766483615
1110	-302.18654203995635
1111	-303.2383377092569
1112	-299.57022490487657
1113	-304.12662286768585
1114	-309.26555295943024
1115	-308.4353715706062
1116	-308.8320775490083
1117	-304.9462816573673
1118	-304.92853303164253
1119	-306.1505033400087
1120	-306.40488712888964
1121	-312.89878240077024
1122	-311.17183432673755
1123	-311.730515589647
1124	-301.9336247371187
1125	-306.16763431739474
1126	-315.32227035700026
1127	-306.66685634747654
1128	-306.39197982504515
1129	-297.98760029387705
1130	-304.6275320460823
1131	-301.3174350933243
1132	-309.1212159084952
1133	-305.6936490262691
1134	-302.783920038791
1135	-307.0191437116076
1136	-310.8233425082357
1137	-303.39903248917335
1138	-299.7439437573008
1139	-302.5548684114696
1140	-303.65292550394395
1141	-310.46623210633123
1142	-315.07029016236805
1143	-306.3257446935994
1144	-306.84536603921464
1145	-304.76462853954484
1146	-298.8554033924053
1147	-300.31545871105243
1148	-300.43199692570556
1149	-302.58687986523097
1150	-297.1173292692404
1151	-309.6138989522314
1152	-308.3684042399636
1153	-299.7897413223976
1154	-311.1206948240592
1155	-300.91539475331666
1156	-309.6995227063272
1157	-293.2866984313215
1158	-306.8633155306615
1159	-303.549145651613
1160	-311.0965363874229
1161	-308.57618123595853
1162	-309.8872129198231
1163	-307.933484484885
1164	-306.0942798387496
1165	-306.8997560504616
1166	-300.2418660528078
1167	-307.60262497540634
1168	-309.95833536215844
1169	-306.5939608830568
1170	-303.0727688014387
1171	-304.3843969025048
1172	-311.8289109924289
1173	-303.47615599999546
1174	-308.76604865784765
1175	-309.7336109661058
1176	-307.54759330552116
1177	-305.6980836101128
1178	-308.6067508109722
1179	-302.6767043142073
1180	-299.911294551091
1181	-301.67337818663157
1182	-310.603040694359
1183	-307.23265142408525
1184	-308.65661962248157
1185	-307.5345066699571
1186	-304.60855056291547
1187	-305.6294573686718
1188	-302.6935695806563
1189	-313.5731357209148
1190	-309.10339444620934
1191	-303.67217938675714
1192	-309.9716270469997
1193	-308.56219883509004
1194	-305.9571612373577
1195	-310.0755804502809
1196	-307.42084132093544
1197	-305.00953532042337
1198	-303.1438625097464
1199	-298.46357593410823
1200	-308.4219872010398
1201	-305.8874342978949
1202	-308.3517531488682
1203	-306.052662722441
1204	-306.04872411675063
1205	-304.6727913164747
1206	-305.41595379664625
1207	-306.58012132730613
1208	-304.2137622639711
1209	-304.7917635520763
1210	-305.4133552774524
1211	-304.38670120680183
1212	-297.59865120737805
1213	-299.98401357596816
1214	-299.6886240141069
1215	-305.4912142717595
1216	-308.35729738960396
1217	-301.6400597660127
1218	-306.6881344709483
1219	-307.78145950882435
1220	-302.64955517171677
1221	-310.0202689824304
1222	-306.3254858761123
1223	-305.8710208380683
1224	-307.5736378440879
1225	-306.1506998804921
1226	-311.59089266950645
1227	-304.2007714255539
1228	-299.4525994972816
1229	-311.249970506507
1230	-307.6080602185189
1231	-302.23680761871344
1232	-302.18478196303977
1233	-303.77246734358806
1234	-305.3955721650923
1235	-301.7935767151171
1236	-303.6469425474691
1237	-312.2156416070208
1238	-311.27682177008427
1239	-309.8245054853037
1240	-308.14208170785747
1241	-303.5712980495533
1242	-309.5117394655762
1243	-302.6681747266694
1244	-306.76717195010343
1245	-304.0039209441571
1246	-308.21729978565224
1247	-304.34128155768764
1248	-306.65888335230926
1249	-301.71737195041146
1250	-303.56224131974045
1251	-301.1808351530362
1252	-301.9641570933142
1253	-306.2738031891077
1254	-307.1328006544962
1255	-310.8185540267951
1256	-308.3109494628736
1257	-301.97499871159425
1258	-306.5399500529951
1259	-305.8891665056362
1260	-302.3974207155948
1261	-308.8378909446203
1262	-306.7263125728712
1263	-310.07050723603624
1264	-310.1047206656815
1265	-302.95224143713415
1266	-308.3332438893264
1267	-299.67028228908987
1268	-303.6279692700565
1269	-308.9645612058503
1270	-309.62720959997307
1271	-307.5091564910205
1272	-303.27823298195375
1273	-307.8610004907057
1274	-307.97559876366
1275	-304.1447621257745
1276	-306.385115891401
1277	-316.11831508350497
1278	-308.8838361327975
1279	-306.0142829869655
1280	-307.8534549513215
1281	-302.8385344069085
1282	-307.3052486774261
1283	-308.1877623601623
1284	-309.479742969019
1285	-307.81898871776025
1286	-300.5679064470954
1287	-307.4311756463078
1288	-295.9634333870996
1289	-305.9358102669358
1290	-303.1660635737691
1291	-306.514519664201
1292	-307.7971459570759
1293	-303.5157742400079
1294	-307.2521939453536
1295	-304.7593584391978
1296	-305.22924032098473
1297	-305.7729621102338
1298	-303.9816983080069
1299	-301.2102706504544
1300	-300.09307130041253
1301	-298.91519201446425
1302	-306.83215750136236
1303	-301.5494600982016
1304	-305.1375544422681
1305	-309.8302508718531
1306	-308.37736220709394
1307	-304.99644036052916
1308	-311.61990560927796
1309	-308.25528112593446
1310	-300.8431068390894
1311	-302.84117295535714
1312	-306.21471437947747
1313	-304.66107899111466
1314	-308.30055531923597
1315	-304.07239816395264
1316	-303.38750729867934
1317	-306.01761147349924
1318	-306.2908914579495
1319	-306.3324216960119
1320	-311.3375616592797
1321	-296.281597158295
1322	-312.7073633265515
1323	-309.89863766205735
1324	-309.4831138637493
1325	-311.906981479111
1326	-307.8394841537907
1327	-312.2791737915056
1328	-306.5300675603155
1329	-307.10639625216106
1330	-312.9679180901571
1331	-305.9892262598196
1332	-312.9021716300475
1333	-300.4254815175675
1334	-301.47745975258397
1335	-305.5374414513053
1336	-308.8680449452382
1337	-304.2133592174664
1338	-306.94347878331206
1339	-309.91438432247963
1340	-311.2008471108775
1341	-312.1147796016735
1342	-311.77917202467876
1343	-316.64174084620964
1344	-312.2404301868922
1345	-309.88197611651856
1346	-315.17796650957325
1347	-300.3633465548166
1348	-313.19374751301376
1349	-307.18774224960754
1350	-306.9618807859572
1351	-303.70732589287235
1352	-307.6159694657291
1353	-307.1987670725017
1354	-302.5227235700862
1355	-306.6751199756131
1356	-310.89581692916994
1357	-310.05819691450887
1358	-311.0920384665873
1359	-309.4820435197154
1360	-308.3287190862656
1361	-307.3846214119198
1362	-307.7187502730855
1363	-296.3489214424351
1364	-303.8908939152955
1365	-306.65929303028815
1366	-299.657867772605
1367	-305.76547330077096
1368	-306.60699114091534
1369	-296.8365837777296
1370	-302.6568422664968
1371	-303.22153852388027
1372	-304.3420251125274
1373	-308.8810627722141
1374	-305.28992315002534
1375	-308.78286080578283
1376	-307.95505847963335
1377	-303.8997351779983
1378	-300.7892763566407
1379	-300.258660291563
1380	-307.1844722995529
1381	-303.96133243085455
1382	-306.77142887604145
1383	-307.0703198336278
1384	-298.39421800204093
1385	-303.96248916415254
1386	-303.63157376065726
1387	-317.6310349137775
1388	-307.6865677987136
1389	-306.4079458503737
1390	-305.8990897953773
1391	-309.04801458043033
1392	-300.84714337013054
1393	-308.7203466404575
1394	-301.53607312051287
1395	-307.8423767968799
1396	-309.14779105698017
1397	-307.54609743843264
1398	-310.8188307843022
1399	-308.03217116182935
1400	-302.81121627893117
1401	-304.2392116404923
1402	-308.75485047534954
1403	-305.5340550167469
1404	-311.2928203487162
1405	-303.155407893861
1406	-309.5508445846075
1407	-303.8735317016613
1408	-311.8214318336455
1409	-305.84056587964824
1410	-307.36105203764663
1411	-306.63232716522595
1412	-300.76415557091417
1413	-306.105538733057
1414	-296.9421316151981
1415	-305.4133788285089
1416	-305.1990852756312
1417	-305.37139851322405
1418	-302.7442856055842
1419	-307.62141958996637
1420	-310.25564809589054
1421	-305.9002209344608
1422	-305.0124442773201
1423	-299.7998285293139
1424	-302.72534042141365
1425	-301.7277107193942
1426	-315.30551368531064
1427	-301.29399551683844
1428	-295.11607540970266
1429	-309.0678887399119
1430	-308.896082442493
1431	-309.1513566053266
1432	-306.76395595831
1433	-312.20507982161604
1434	-302.4561426681533
1435	-307.8181854147474
1436	-306.27015157861
1437	-308.9544399093383
1438	-305.8974638575331
1439	-306.2650242568138
1440	-314.41030909606275
1441	-304.98613994318544
1442	-305.56174633447574
1443	-306.1394831913488
1444	-304.0654607055299
1445	-302.5862726244611
1446	-305.0138719866686
1447	-298.3006822232433
1448	-310.727426325203
1449	-305.59096588743853
1450	-307.30283387273425
1451	-298.91877147840086
1452	-300.3897857712381
1453	-302.9892000000181
1454	-293.9873034935269
1455	-308.33486396467157
1456	-304.0029664315887
1457	-304.87846664507083
1458	-303.06600000000003
1459	-299.86557052621254
1460	-310.2958046390173
1461	-305.7406068044783
1462	-305.58287193230626
1463	-304.0241142044905
1464	-302.49643769358335
1465	-300.82892563566276
1466	-292.2361218091732
1467	-298.2544335412662
1468	-308.25096062078603
1469	-305.0788680321874
1470	-299.88279830722456
1471	-310.0434049720391
1472	-309.4046391622836
1473	-298.6610551476021
1474	-304.49326377642745
1475	-302.7524880225201
1476	-301.6855635952264
1477	-307.00426634339306
1478	-308.27157057140056
1479	-304.0734498748398
1480	-300.4383417128064
1481	-301.4253593540872
1482	-302.0895767681697
1483	-301.40858833234716
1484	-304.78328364294447
1485	-302.3053596802534
1486	-303.3197629849555
1487	-303.06630968302517
1488	-301.8142443660114
1489	-304.66395153153917
1490	-303.9006223724683
1491	-303.35381936946294
1492	-305.27502867713105
1493	-306.3554107772849
1494	-299.15854989161187
1495	-301.1879651169681
1496	-299.9256084846894
1497	-305.6974064279294
1498	-308.31262904183114
1499	-306.0670413601019
1500	-304.64318189933493
1501	-306.27160100696403
1502	-308.7167374925021
1503	-306.822979047984
1504	-303.9543452803418
1505	-307.13988277599503
1506	-309.10382026965226
1507	-305.60540354809336
1508	-302.8412548894385
1509	-306.89707750775926
1510	-303.91490294965365
1511	-300.8160953377858
1512	-300.41724930145693
1513	-307.393056420646
1514	-305.14926510526925
1515	-303.1176000011385
1516	-299.60525248526665
1517	-303.57281123572744
1518	-304.2481137964953
1519	-296.23730036317187
1520	-298.1856377192396
1521	-301.66543815423864
1522	-305.44918006717234
1523	-307.73416045511016
1524	-302.44800433130257
1525	-304.4326764389711
1526	-304.67853982850954
1527	-303.61392014548403
1528	-302.7329178657866
1529	-305.8713395065572
1530	-305.78972890204
1531	-306.30727063135095
1532	-305.8173884732312
1533	-305.8098185584775
1534	-306.99085651884184
1535	-297.83376863410825
1536	-305.0592067960438
1537	-298.1179912142727
1538	-304.63781127672695
1539	-302.0187377283746
1540	-295.8390224801726
1541	-302.4689144818896
1542	-304.36469857478454
1543	-305.0080002086589
1544	-304.5796258310087
1545	-304.2959532498336
1546	-303.14891099405
1547	-300.95263235760893
1548	-307.50499649454525
1549	-302.82461195039036
1550	-306.5280861606359
1551	-309.5942472437711
1552	-309.63428569849515
1553	-302.9397725808188
1554	-303.7680808372122
1555	-303.5138186432955
1556	-303.87094841841474
1557	-304.8321213009266
1558	-301.4640804000319
1559	-297.0527859497217
1560	-303.39950690840436
1561	-301.1082943154115
1562	-302.3382417744365
1563	-299.90465925913776
1564	-306.12928195462376
1565	-304.79388058867914
1566	-300.98964857807067
1567	-299.4853030809441
1568	-299.26675570465784
1569	-304.93996472377347
1570	-303.73821247629746
1571	-313.45168206704057
1572	-310.6787957544053
1573	-299.794430885263
1574	-305.627140831407
1575	-303.45782434107156
1576	-304.7096821075192
1577	-304.64630532454953
1578	-302.6915389065993
1579	-301.82003300280854
1580	-297.0361565566165
1581	-311.1691631887492
1582	-297.1186755653382
1583	-301.65489972132696
1584	-308.36239662946343
1585	-302.4092336169136
1586	-303.3019312416555
1587	-301.60692330681354
1588	-305.2892046735386
1589	-306.2443606911616
1590	-306.95571805701786
1591	-298.6714681381043
1592	-299.9259015200051
1593	-306.83514083611806
1594	-302.7501052328532
1595	-301.1450160866976
1596	-302.50412413971867
1597	-295.1578000111132
1598	-298.3075340569404
1599	-311.30671391370623
1600	-301.209946837675
1601	-310.78934290071345
1602	-312.8299007877506
1603	-304.7793666145413
1604	-302.0303410658211
1605	-303.8153381815905
1606	-304.2368874182904
1607	-306.2537958933308
1608	-303.99988689452647
1609	-298.38224501029504
1610	-310.4635150355523
1611	-306.97867890160455
1612	-304.14730824704884
1613	-300.1925178277203
1614	-302.8577100555818
1615	-308.18155231899965
1616	-307.4851341689505
1617	-307.4693736946853
1618	-300.6420193453901
1619	-305.7491690403883
1620	-304.35325495005645
1621	-302.55728334887857
1622	-307.5898428244098
1623	-303.72139561957954
1624	-306.2132927813689
1625	-309.61684366142094
1626	-307.7209238976629
1627	-303.24026447274053
1628	-309.0955130066819
1629	-307.27757062282353
1630	-301.20231657507725
1631	-303.2491619966603
1632	-295.35063468908317
1633	-307.6706154541205
1634	-305.9261878507001
1635	-304.3895544618147
1636	-307.6090780818868
1637	-299.11951780296613
1638	-305.09913646157037
1639	-303.7640913540034
1640	-306.1328577619148
1641	-301.6755933080052
1642	-306.7758588386109
1643	-302.1304588607992
1644	-302.44176286366593
1645	-302.70442871600767
1646	-300.19504821024475
1647	-301.33048472341125
1648	-306.11861630925824
1649	-307.36763099608885
1650	-292.7628049234631
1651	-294.8035440220586
1652	-306.39287817514435
1653	-303.49810437329467
1654	-304.16203813416547
1655	-300.860579231095
1656	-304.3792409429495
1657	-300.99088585361744
1658	-302.5813676117953
1659	-304.6067825300641
1660	-306.1321713774131
1661	-302.01050001922164
1662	-308.72139395927445
1663	-308.0333746933238
1664	-307.4531419288595
1665	-310.67925497115493
1666	-304.2210139535113
1667	-304.6382053633342
1668	-309.70065896943527
1669	-297.6022020928851
1670	-305.2369503209045
1671	-300.57412335477005
1672	-306.37829321352547
1673	-304.6545108895737
1674	-309.2591440837056
1675	-302.6200672766247
1676	-300.05626304323624
1677	-299.40444515104065
1678	-306.58421220939607
1679	-305.3829011201837
1680	-309.0260486883549
1681	-303.6738479832614
1682	-307.58590817412363
1683	-296.84459991458135
1684	-304.65836277846176
1685	-304.5789718423942
1686	-305.8835678369433
1687	-303.42554209440635
1688	-305.6192688197359
1689	-310.9044489473194
1690	-303.7906233049632
1691	-310.15665344589576
1692	-302.773052405746
1693	-300.66819647795154
1694	-304.1759773170918
1695	-302.88288631218467
1696	-310.6057067705066
1697	-304.56522736002955
1698	-300.35395825949774
1699	-303.77550273621665
1700	-305.0230030394413
1701	-307.27440722379447
1702	-306.8650404146954
1703	-301.2176139131084
1704	-299.0500186559621
1705	-297.2993817727118
1706	-307.38977985493904
1707	-309.31576632458155
1708	-305.2549384424107
1709	-305.4914680167314
1710	-300.9477517172112
1711	-307.9462515328146
1712	-303.69638601637627
1713	-302.2288885204978
1714	-304.9088646760384
1715	-295.711806577653
1716	-298.288570730668
1717	-307.0010507017619
1718	-305.6177963707148
1719	-300.7182103914388
1720	-303.9111990837329
1721	-304.6643000000001
1722	-304.5662542606966
1723	-301.36039688124947
1724	-301.65064162670916
1725	-305.9210140460384
1726	-299.635230271915
1727	-304.8896000153167
1728	-303.8514604333047
1729	-305.0704377938357
1730	-299.65757886895955
1731	-308.4754896997007
1732	-300.0901311072777
1733	-304.24668077560597
1734	-309.9261029557375
1735	-304.3139840863573
1736	-301.96396674481076
1737	-308.0648113766622
1738	-302.7748445845207
1739	-293.94623370100123
1740	-307.91430929391333
1741	-305.8908496766
1742	-300.2792546735829
1743	-313.28666375185594
1744	-303.45680379387835
1745	-303.7539824135114
1746	-308.61684930311867
1747	-304.8418672565933
1748	-305.0487849232573
1749	-302.8806233880405
1750	-302.91617506272473
1751	-303.6662987809693
1752	-300.5727084338923
1753	-306.1829821175209
1754	-301.9013257533911
1755	-302.22873123944635
1756	-306.6282353897647
1757	-303.6944330606357
1758	-302.38950938292913
1759	-304.4103243675705
1760	-306.3292336868837
1761	-307.3610112529848
1762	-301.7504
1763	-303.5657
1764	-304.9983723240777
1765	-300.7970662807368
1766	-309.6597902452733
1767	-305.97944988931135
1768	-306.83494847428665
1769	-302.03794730453836
1770	-296.5762754625989
1771	-303.2568294361108
1772	-301.5679252401397
1773	-303.22892474153196
1774	-304.6989187895245
1775	-305.27370243049506
1776	-304.0842343105153
1777	-301.1334000000016
1778	-301.4122298881959
1779	-303.08385555098505
1780	-293.9497750100929
1781	-300.40603653240976
1782	-304.08014170122436
1783	-297.51410000000004
1784	-301.22111294115683
1785	-303.2609597735261
1786	-307.24226078030455
1787	-300.0383092036686
1788	-304.9466883456086
1789	-303.4552893131635
1790	-305.3584
1791	-305.64962938403715
1792	-300.0355239345884
1793	-298.53963706766893
1794	-298.37235089655354
1795	-302.1751127720716
1796	-294.20646083925493
1797	-311.4800616934974
1798	-305.11026260917816
1799	-306.6550531519929
1800	-308.29177794065964
1801	-306.8804180903209
1802	-302.65882116465133
1803	-304.0774389119159
1804	-300.4164013137005
1805	-306.0802902320112
1806	-305.6193173826084
1807	-307.7814879880772
1808	-304.6338587469593
1809	-299.53423964307564
1810	-296.493817889798
1811	-304.3309001869091
1812	-300.0399015836813
1813	-298.6207521151239
1814	-297.18174342683903
1815	-300.8615751870976
1816	-302.9929496114159
1817	-306.04836869194435
1818	-302.53885584935944
1819	-304.9709087352115
1820	-303.955731239139
1821	-296.1488021988934
1822	-306.39234343146063
1823	-306.2163479460868
1824	-306.36531193592884
1825	-304.62194509903253
1826	-303.27374961357964
1827	-301.610740126814
1828	-307.5927237460662
1829	-311.94395752685153
1830	-301.775164947871
1831	-304.03957993199015
1832	-300.60964353066646
1833	-305.3610311585102
1834	-303.0524804420229
1835	-302.7350148610739
1836	-300.52730669228055
1837	-300.5074774121666
1838	-306.5149325951586
1839	-302.9748191888939
1840	-301.7268038024993
1841	-296.1550860800302
1842	-305.094100000175
1843	-304.08916219722533
1844	-306.8952001863918
1845	-301.34281415205527
1846	-301.88945321266357
1847	-308.19987578714756
1848	-298.2965309048079
1849	-300.195891079392
1850	-304.5557631388708
1851	-302.03495923681754
1852	-306.3583169181118
1853	-301.85729136086906
1854	-300.2715000539368
1855	-298.51008702495824
1856	-292.7786093097112
1857	-303.2950486444256
1858	-300.8881033493255
1859	-305.9346022758402
1860	-304.22674007742506
1861	-305.95952210330086
1862	-305.5944327170528
1863	-297.809474749238
1864	-299.1143194357159
1865	-302.5421149782551
1866	-301.87499147223326
1867	-304.95483404400625
1868	-311.68222974438345
1869	-303.33025818116863
1870	-304.24521853594183
1871	-294.8959432420191
1872	-304.6571317938896
1873	-308.1764104503301
1874	-296.3001278778161
1875	-301.67619112357863
1876	-305.603705300979
1877	-301.5243446369627
1878	-296.14665907297115
1879	-299.48863092147155
1880	-303.79800619077525
1881	-309.4917909747945
1882	-308.5672233494971
1883	-307.15743330523424
1884	-303.31600722366846
1885	-306.63205226041975
1886	-306.0498930630099
1887	-300.71636223259367
1888	-301.2573154020872
1889	-304.7132710648247
1890	-304.58368586454367
1891	-299.4707967600003
1892	-301.47875064487715
1893	-304.26538195986245
1894	-306.27174502110165
1895	-304.9801423256917
1896	-303.4542235624034
1897	-300.62460549433524
1898	-306.2886009677141
1899	-302.37905602937235
1900	-306.1029706198819
1901	-307.3091695710225
1902	-309.32481731362543
1903	-300.41984237297885
1904	-301.44356292606835
1905	-306.0723856694005
1906	-299.2822851773609
1907	-305.7264944463643
1908	-303.2504311703504
1909	-305.8391900188699
1910	-297.1910270436139
1911	-300.3235840855254
1912	-303.0678571521918
1913	-293.0722921519586
1914	-303.58600532617265
1915	-305.0446761010467
1916	-309.1072566811339
1917	-301.29921117302837
1918	-302.6144213855845
1919	-303.373813373771
1920	-300.7537109295335
1921	-302.89960031782044
1922	-302.92631503491197
1923	-302.88710031456196
1924	-301.554120475327
1925	-304.5929745607353
1926	-307.0052805312743
1927	-307.4996453128578
1928	-302.86990083619594
1929	-307.2908396159529
1930	-303.5538512368159
1931	-305.3128411173986
1932	-302.9699507867526
1933	-304.8945
1934	-305.31460628110716
1935	-305.1793111362832
1936	-308.9090116902984
1937	-307.48700868018256
1938	-306.3033245493469
1939	-305.0079249197446
1940	-306.72996269756464
1941	-304.1077331830061
1942	-307.7882854935274
1943	-306.9048623722239
1944	-300.9960937016233
1945	-302.3937985231522
1946	-302.95708717568294
1947	-303.15332739019607
1948	-307.3340581617661
1949	-310.90606855130375
1950	-306.8954808871772
1951	-302.83267459819376
1952	-306.89784835816084
1953	-305.583342754489
1954	-304.27630116556315
1955	-305.8076035549024
1956	-303.4887254853033
1957	-311.6808624786624
1958	-305.36535325044196
1959	-306.16691898955327
1960	-308.1616851462923
1961	-306.45784124928406
1962	-299.20851298398406
1963	-299.44231469682126
1964	-303.69784225093974
1965	-295.7738366025607
1966	-306.6670043301462
1967	-302.0387957382175
1968	-305.1449063991361
1969	-299.17941229807496
1970	-299.1517341146172
1971	-305.4579141145387
1972	-306.4668389537891
1973	-300.06246890437734
1974	-306.23669149176055
1975	-306.93034448407707
1976	-295.78071340663774
1977	-302.6266217630482
1978	-302.01388841233455
1979	-304.1188859961985
1980	-303.84083729774636
1981	-298.93718267467784
1982	-307.00730222493746
1983	-307.5193125547867
1984	-307.16193461292715
1985	-303.9689401827773
1986	-307.05091048809527
1987	-300.26803105282676
1988	-309.07638821850696
1989	-297.0288809020814
1990	-298.5646108057609
1991	-299.0235353768967
1992	-300.833375864579
1993	-295.41866068527486
1994	-303.3452935314575
1995	-299.5357243862611
1996	-311.53599632126287
1997	-310.445019234305
1998	-307.9044214766485
1999	-301.66424539125745
2000	-301.4211938771856
2001	-301.0327668273069
2002	-297.7702423800465
2003	-300.43727841482894
2004	-305.42415559612186
2005	-309.20866597105163
2006	-302.3903653664564
2007	-307.7755020678381
2008	-303.20954542789724
2009	-307.6249443885371
2010	-300.74278891193694
2011	-303.74087094540226
2012	-301.16454003267523
2013	-297.4790585740265
2014	-307.24265744853875
2015	-294.95446091992727
2016	-307.906399491161
2017	-295.9023063947578
2018	-299.614100241103
2019	-302.6054852323646
2020	-304.0292324249985
2021	-307.9646548815194
2022	-304.1082756864334
2023	-302.4961414276404
2024	-297.9842615316962
2025	-304.7310305745557
2026	-304.89662262019266
2027	-308.7649311660234
2028	-297.46290531666847
2029	-307.98911760031376
2030	-306.32133025253285
2031	-307.0118905869736
2032	-306.3519390689837
2033	-303.3627017232308
2034	-309.17837135169066
2035	-305.7883902048859
2036	-297.3284892348252
2037	-307.0731913009544
2038	-299.594190424266
2039	-305.86507114632644
2040	-303.4877296452335
2041	-307.5286463420827
2042	-304.67031387404916
2043	-306.71127932209583
2044	-308.0450915246481
2045	-309.10791189162603
2046	-305.8519873902634
2047	-302.683828237223
2048	-306.76015524417033
2049	-304.9748609239084
2050	-303.16279272481825
2051	-304.9617151979823
2052	-305.76408867531245
2053	-303.2446241311726
2054	-299.6042086330945
2055	-306.4205773594803
2056	-307.6759946520537
2057	-302.6956433436271
2058	-299.4066924167701
2059	-301.32771043612235
2060	-302.0931545825533
2061	-312.58980393480965
2062	-307.1220874470367
2063	-311.30580253215794
2064	-307.9045262109968
2065	-301.47571894717
2066	-308.7897238977494
2067	-304.0327497280079
2068	-304.61089936497024
2069	-304.1354000000078
2070	-306.80750491289217
2071	-309.741572587746
2072	-303.7374879153303
2073	-295.7807759149382
2074	-302.6978728548816
2075	-309.1545360664182
2076	-307.1273797353778
2077	-313.81532538165186
2078	-307.9094362536354
2079	-308.67302574681935
2080	-310.415548292411
2081	-308.3909013337124
2082	-301.4163085995276
2083	-301.0570917170733
2084	-301.3266245823757
2085	-308.3531719434472
2086	-294.13035519942514
2087	-302.14104971887025
2088	-300.22942762484803
2089	-300.0452937724296
2090	-299.0157591440925
2091	-303.8430441961767
2092	-302.84020425832404
2093	-302.8529
2094	-303.47550177096343
2095	-300.97467566231757
2096	-301.64053924866516
2097	-302.11578281776474
2098	-304.722299678255
2099	-305.0899099516487
2100	-303.59703105613994
2101	-299.3005655012623
2102	-306.2795049599868
2103	-303.02047802735905
2104	-306.67987280422386
2105	-303.97552436113233
2106	-300.62750271930037
2107	-306.1347971404932
2108	-306.1024983327258
2109	-298.88340000459124
2110	-298.7760973920567
2111	-302.27157580060674
2112	-302.9127832775325
2113	-308.1274741485984
2114	-308.3360263548907
2115	-304.2664681419342
2116	-303.0847000368762
2117	-301.5064149396641
2118	-298.3871118053528
2119	-298.34948842619434
2120	-297.35097008177456
2121	-306.18924475591757
2122	-299.84069490388674
2123	-300.6692348169508
2124	-296.8146240566169
2125	-304.4975221413781
2126	-302.2220903171157
2127	-304.95720454945064
2128	-302.9289548635854
2129	-303.5172890196466
2130	-307.40732914539035
2131	-297.52003361659797
2132	-304.93850447233007
2133	-301.3019703134498
2134	-303.8529499067451
2135	-307.8707291160699
2136	-296.68795845636964
2137	-308.42624323868955
2138	-295.15773796912475
2139	-306.80083903114183
2140	-311.31205977345184
2141	-303.42437068195494
2142	-303.0990466985531
2143	-309.6799612113575
2144	-304.73884501259687
2145	-300.7789273229655
2146	-304.0915453589225
2147	-296.4319878757968
2148	-300.7428532298474
2149	-305.11753911245455
2150	-305.396672101154
2151	-302.52515834651115
2152	-302.069596468607
2153	-300.5466287441561
2154	-302.26445795046266
2155	-303.6375603297053
2156	-311.15762014124266
2157	-305.00727723987785
2158	-300.57970115911263
2159	-300.2641705506019
2160	-298.9559767307425
2161	-306.2888552195045
2162	-305.91572948736524
2163	-302.92497934630825
2164	-299.9702842276772
2165	-303.24737486495775
2166	-309.9031883610702
2167	-306.538463115355
2168	-301.93550000000005
2169	-305.7315469613983
2170	-306.4083855367546
2171	-301.90405228396514
2172	-304.9020610105004
2173	-293.72203976343985
2174	-309.75114716915675
2175	-299.3739000188071
2176	-298.5561949878239
2177	-300.40329570417697
2178	-294.395014300279
2179	-297.64179464103483
2180	-303.6194046110855
2181	-298.0179174940644
2182	-300.2415351652842
2183	-295.9238550559663
2184	-300.55332564490385
2185	-296.07793169731815
2186	-301.81417015407817
2187	-305.8684541205371
2188	-301.1227243580961
2189	-304.23900784963695
2190	-295.69572264944645
2191	-303.47872567444387
2192	-302.0915547816382
2193	-306.97691290781285
2194	-306.27658404215543
2195	-305.9139275696682
2196	-304.7389334430506
2197	-302.5597539342237
2198	-302.79829903723584
2199	-298.82307039014313
2200	-304.35908345350464
2201	-304.89390228295855
2202	-307.15226416056686
2203	-305.56897221119647
2204	-304.9700279721789
2205	-312.4346030979132
2206	-307.0618613672322
2207	-304.8680819982385
2208	-300.07779966135917
2209	-304.8593854518167
2210	-306.74122597998615
2211	-299.49705423291596
2212	-301.62870049205435
2213	-295.83327216067346
2214	-294.894878058514
2215	-300.5608709558736
2216	-298.9759363376454
2217	-303.17077185682723
2218	-306.96508201314464
2219	-308.4736673199283
2220	-302.2585265381743
2221	-301.64791345636155
2222	-307.2549000000021
2223	-307.27710478711924
2224	-307.8838170762652
2225	-310.17062542236005
2226	-304.85377920476907
2227	-306.2294995237891
2228	-305.4693730256344
2229	-301.0265901163071
2230	-300.918117972053
2231	-303.63148265053775
2232	-303.32100537318166
2233	-303.76838158901893
2234	-300.2231619862973
2235	-310.74367069145524
2236	-300.1688502543764
2237	-301.5491000015528
2238	-299.3688731546285
2239	-306.4474875729724
2240	-302.22134043148696
2241	-305.6088441043356
2242	-292.3604519852524
2243	-300.4898928497597
2244	-305.37003375528394
2245	-300.2117911026558
2246	-308.1825087804885
2247	-304.37599948065736
2248	-301.8444303192864
2249	-304.9743889038307
2250	-299.05169888493117
2251	-301.41972117506594
2252	-308.7647756514057
2253	-306.2188126662508
2254	-302.0898054358121
2255	-298.73291668071147
2256	-307.8961932986584
2257	-299.4668628169648
2258	-301.01687823114816
2259	-302.2976000031077
2260	-304.49549550486887
2261	-305.8268690316703
2262	-301.34696965853004
2263	-304.67340992360397
2264	-307.9832911906177
2265	-303.3467038186756
2266	-302.00480422871567
2267	-303.48177721143315
2268	-306.31473337892197
2269	-302.291151190182
2270	-297.8693220196788
2271	-299.3728453368542
2272	-302.0182186035479
2273	-298.3236205440357
2274	-299.1431980869244
2275	-301.78227021896976
2276	-303.0238786673951
2277	-303.19368894593975
2278	-305.9467007117209
2279	-301.5048281905977
2280	-296.62177880404346
2281	-298.25965922931067
2282	-305.5487114124619
2283	-308.5975824132866
2284	-298.8837609973094
2285	-306.91888919846497
2286	-300.15556932498583
2287	-304.29213613825556
2288	-307.4219327180541
2289	-308.90112193746944
2290	-302.3584004939901
2291	-303.5129750236798
2292	-304.0584536488424
2293	-295.9911146529655
2294	-296.38508191597424
2295	-304.4406773910976
2296	-303.22282422434057
2297	-309.5276148254755
2298	-306.77486826835224
2299	-302.69775983056576
2300	-306.52759591580815
2301	-300.7823675101133
2302	-304.2347579693432
2303	-308.0006449797471
2304	-296.086778493341
2305	-301.308391794696
2306	-310.68641083310274
2307	-307.6308278716936
2308	-298.3553903636907
2309	-308.1559030766001
2310	-306.24609465972975
2311	-296.8149393788405
2312	-306.77442642925485
2313	-306.82540443334955
2314	-300.47365809430374
2315	-304.94614564328384
2316	-306.4458786226265
2317	-306.7216346614408
2318	-298.3731048001006
2319	-301.3898106092055
2320	-300.2680568590307
2321	-298.50622652161877
2322	-298.47466490466616
2323	-301.5548639572421
2324	-297.6944902334283
2325	-301.59605585693413
2326	-300.64677556601106
2327	-298.7917421778875
2328	-299.0610195621262
2329	-311.1158948548962
2330	-303.9113751766446
2331	-303.3531118548162
2332	-306.38347894523037
2333	-299.7369191068692
2334	-306.9922979684416
2335	-306.69695516516094
2336	-298.3456581311348
2337	-300.1385005913552
2338	-301.9289772138854
2339	-302.7342784949958
2340	-303.0513240269803
2341	-309.54058432424694
2342	-307.52445426762426
2343	-306.37509866808443
2344	-304.7907728952677
2345	-306.6494137928907
2346	-309.414126822833
2347	-310.33868490031193
2348	-301.515945172492
2349	-304.0801
2350	-304.74156911890003
2351	-305.2379821667807
2352	-306.2704513386354
2353	-302.2509225316826
2354	-304.4076037149134
2355	-301.5452792218299
2356	-308.60099636092735
2357	-309.2553131285017
2358	-298.5814951237342
2359	-306.2005145466758
2360	-313.78900495247325
2361	-299.1397603292758
2362	-303.4588000020499
2363	-307.40667266291933
2364	-297.3056738193071
2365	-299.1276393255246
2366	-304.19437238020777
2367	-300.37641666730343
2368	-306.6730381298492
2369	-303.0612869109407
2370	-303.05411552434845
2371	-307.0575786856707
2372	-304.1506676758266
2373	-306.2793000000032
2374	-308.85409119369365
2375	-306.0063712789917
2376	-305.62274431659955
2377	-306.23925710058495
2378	-309.4324804591756
2379	-297.82216885846213
2380	-305.6223034773394
2381	-301.37827162438384
2382	-304.17226961278686
2383	-307.4071399275504
2384	-303.5801650884409
2385	-305.2238392933293
2386	-307.54907829823014
2387	-307.20693940609465
2388	-305.10437480032306
2389	-304.44539986510875
2390	-305.608322203867
2391	-303.1947962449546
2392	-307.8370835975872
2393	-303.8524982617206
2394	-300.60952845774057
2395	-302.8397568957233
2396	-305.39241135274773
2397	-298.51613347511716
2398	-298.4359022274047
2399	-294.15465417233463
2400	-299.3161223510617
2401	-296.39223518603285
2402	-300.46975267853753
2403	-300.5204343247865
2404	-298.2921692979037
2405	-300.1199009714289
2406	-290.7689371458972
2407	-296.8867768173422
2408	-307.14382709265647
2409	-299.1488661928688
2410	-295.00540030658993
2411	-302.6751172775763
2412	-300.8076801447613
2413	-303.164132778019
2414	-298.50464657677725
2415	-298.48194978015704
2416	-300.74123535250766
2417	-302.363000622795
2418	-305.8472999543078
2419	-301.25326445587797
2420	-305.19887846088216
2421	-304.63327894139184
2422	-305.62702306865
2423	-302.2832
2424	-302.7922176128478
2425	-308.18340925154007
2426	-309.888153439252
2427	-299.71916446069724
2428	-301.6794511598518
2429	-304.15870503304444
2430	-308.47970098362777
2431	-302.3071363685922
2432	-302.72280332878864
2433	-306.82437669278886
2434	-304.5093071002557
2435	-302.43721634587547
2436	-304.8361892658243
2437	-301.77177382742474
2438	-304.9793
2439	-301.7735922603644
2440	-308.53588073465977
2441	-298.48348698209577
2442	-307.86574126491746
2443	-305.4912134925269
2444	-303.65823580472323
2445	-303.6318317243658
2446	-296.6124203098197
2447	-299.39358429213934
2448	-303.4385842828521
2449	-303.64506089018914
2450	-307.24106719335185
2451	-303.896410698163
2452	-301.51347823235693
2453	-308.6268910609865
2454	-302.4712503447233
2455	-304.1394737432838
2456	-304.21739096718335
2457	-298.2974
2458	-302.70195464498175
2459	-301.2320946352011
2460	-309.67029458435104
2461	-306.6791571029531
2462	-304.82836827034964
2463	-297.44279730194353
2464	-300.3126171015934
2465	-303.96549838883294
2466	-304.64106052495026
2467	-305.3577633152776
2468	-305.7450122120682
2469	-305.7925765054187
2470	-304.9875650423073
2471	-302.27437632368344
2472	-302.1231566195448
2473	-298.13479057976497
2474	-305.47447647023455
2475	-295.4582684939656
2476	-302.33015970695675
2477	-299.97420051232865
2478	-299.55911164299994
2479	-299.4246865359437
2480	-309.24738166575736
2481	-304.6499055522964
2482	-312.2562560652226
2483	-302.7304832627897
2484	-297.2384684633534
2485	-305.62232289554333
2486	-307.26955962020696
2487	-307.7818172723517
2488	-301.1424081770199
2489	-304.20039942329527
2490	-304.1478765007847
2491	-304.52767962305916
2492	-305.50211929976
2493	-304.2387042279107
2494	-303.94986711488946
2495	-308.10102393174316
2496	-300.92774841531747
2497	-299.84204774324064
2498	-301.98758010403486
2499	-304.1681708380196
2500	-304.1708684897851
