1	-298.7899833716537
2	-296.47430005525945
3	-298.15170262877706
4	-300.4471184118639
5	-301.96791573251426
6	-299.99478547869614
7	-297.6808446164145
8	-302.33100386388963
9	-301.0662084784432
10	-302.71850875329767
11	-296.7441654053103
12	-302.8265593652173
13	-308.9403655244516
14	-305.0655477218153
15	-301.77292265969885
16	-305.18425164663813
17	-301.64363603543615
18	-305.9094916901418
19	-308.36728940104126
20	-303.20947464924905
21	-305.5538480122228
22	-305.74576906425546
23	-302.0670990724208
24	-306.5868044264681
25	-309.3499833332013
26	-307.71155964949105
27	-304.76323004836513
28	-298.4502802762196
29	-306.6483672456688
30	-303.3549036898536
31	-299.51503869177577
32	-305.6817204601613
33	-302.12149705938964
34	-299.2476904026124
35	-307.56309308244727
36	-298.4292611763218
37	-302.0617418609808
38	-304.7353179464817
39	-308.7157786833542
40	-299.685237940006
41	-302.9206368087156
42	-306.9114400802477
43	-299.73157891576557
44	-301.3919236133156
45	-303.867957563752
46	-301.3119159929822
47	-299.41335086719414
48	-306.4529563315865
49	-305.0301704578172
50	-302.0097815412982
51	-296.15942602411644
52	-301.4919625052894
53	-305.6078038194355
54	-305.18284052616156
55	-304.7384567971455
56	-308.39114862838767
57	-301.5562375204365
58	-308.8978014165406
59	-304.96506434583284
60	-308.0618987362406
61	-300.6818771363647
62	-308.133013021168
63	-307.0304576704682
64	-299.40953990248875
65	-308.0820393607436
66	-298.95472775163387
67	-295.992466109467
68	-304.968025697086
69	-296.52021758050284
70	-306.74355787555703
71	-307.9867909730168
72	-295.58321467019
73	-308.32518038212106
74	-299.8608138858769
75	-304.8687249219694
76	-306.62348688726496
77	-295.539521260059
78	-303.09645865579535
79	-300.2874042991235
80	-302.2380940642423
81	-305.23080062990977
82	-302.8578253675444
83	-309.47675586979403
84	-302.7836252897485
85	-304.32886531268406
86	-302.744028534245
87	-299.3267082124606
88	-307.6678794160592
89	-312.89196320692685
90	-303.03058180564716
91	-305.12114558508597
92	-305.77359529309894
93	-308.09502955330726
94	-308.9264074000267
95	-299.82310000002377
96	-306.5135669679203
97	-301.73397709977473
98	-306.32872554034117
99	-304.57500441150665
100	-306.99152215883703
101	-301.30446522198446
102	-307.6771701965409
103	-308.19379651621534
104	-302.0625557064491
105	-305.5998027449244
106	-305.0345292686847
107	-302.8300342833109
108	-307.85503909878935
109	-307.714854799466
110	-302.64188511620927
111	-302.2694543655697
112	-307.9874452064242
113	-305.88235727965076
114	-302.2042996216585
115	-309.8980297907908
116	-301.1286595470341
117	-299.61956972947553
118	-313.9903654956615
119	-303.8675499975376
120	-307.26826006628755
121	-304.6304618160804
122	-297.4661492438368
123	-309.19029886103885
124	-304.94433189901275
125	-307.42636790866226
126	-306.14629583660553
127	-304.27075935995134
128	-302.9394709970289
129	-301.06636935884615
130	-302.9696395943108
131	-307.8690600368471
132	-304.9663035458391
133	-300.91577998163586
134	-302.0610782468653
135	-307.19832842091915
136	-305.1132270070596
137	-301.86165588024227
138	-306.6851821447101
139	-306.6503004624
140	-304.8921068330202
141	-306.1433230934609
142	-309.81125199535063
143	-302.0709362507271
144	-311.142589055177
145	-300.9285486316608
146	-300.53306369378066
147	-304.76684676795867
148	-306.0828613236975
149	-307.24274343426185
150	-307.0874255852099
151	-303.04041430781376
152	-304.38039910863364
153	-300.6023125982234
154	-308.08111139200724
155	-304.27993139787566
156	-303.6063874959315
157	-304.43830397362933
158	-305.451418821878
159	-304.90873425375594
160	-303.36832553883295
161	-299.1963913166584
162	-309.3000034273092
163	-306.0156871147842
164	-296.60017989401024
165	-298.67778300784676
166	-305.31050091580255
167	-300.7272061952109
168	-299.0264583910141
169	-305.0523357486607
170	-297.10257726172114
171	-301.8639557125697
172	-299.9523235672902
173	-302.90082690434673
174	-303.7602015407824
175	-293.98310412247525
176	-300.5798798603537
177	-301.1420479668092
178	-302.9854292954079
179	-299.84042298873965
180	-299.6494277129747
181	-301.6893522670697
182	-310.57507118166495
183	-303.90967858729726
184	-306.7855416582298
185	-299.52004859929895
186	-303.64130093951064
187	-308.89464799835315
188	-301.1001969924822
189	-290.8529
190	-304.6773611678024
191	-305.65968127324913
192	-307.46622545683147
193	-310.0346317956629
194	-306.60452830847987
195	-309.20063533996137
196	-306.13757904261996
197	-306.19194685957444
198	-303.0227299132209
199	-309.4709364971238
200	-305.8227284027485
201	-306.9527811993406
202	-300.8141709141757
203	-296.8309961643347
204	-303.96122262946403
205	-304.83567082546534
206	-307.1210730847163
207	-305.74572500600374
208	-302.11952772754427
209	-303.06648169632916
210	-301.00946901043056
211	-304.04783288354156
212	-296.64690679810707
213	-304.7145043019187
214	-307.71172228336
215	-305.224893040488
216	-304.1722628061609
217	-306.31583202683254
218	-302.76563444058166
219	-303.7499142335371
220	-303.4479435188824
221	-306.3207818904636
222	-309.41770488624167
223	-304.68374089530994
224	-301.55764683988286
225	-298.62671273157395
226	-300.06937299970843
227	-304.05751364609904
228	-301.8299043363442
229	-304.2298154994886
230	-302.65741917234226
231	-303.60842393244684
232	-299.1557644348849
233	-307.5626612406081
234	-300.53721497228037
235	-302.54789906322185
236	-303.9004288557239
237	-306.076098542289
238	-302.4772605923708
239	-304.01147853678293
240	-302.79527397500846
241	-307.6113914030503
242	-303.29330505466487
243	-306.54527959742705
244	-305.4480510120354
245	-299.648086245005
246	-304.1155052216443
247	-305.2901368170865
248	-306.02085589576626
249	-305.0112098052565
250	-303.3477157530137
251	-301.4815951649815
252	-306.12476375135134
253	-296.46643718662585
254	-300.56140307552863
255	-303.19943956139326
256	-310.4175968877605
257	-302.2602051058585
258	-305.92623268862593
259	-306.27840510324785
260	-305.2265905468744
261	-303.72867249605525
262	-305.6171921518407
263	-302.12779124593186
264	-303.76843112514825
265	-305.57436364436967
266	-306.4058824730047
267	-305.5159142858567
268	-305.06467613900185
269	-305.35815196281834
270	-310.6799698131023
271	-300.073319500511
272	-301.22645145627075
273	-306.84195477869963
274	-300.8769950097936
275	-304.0437548024264
276	-305.20817184368786
277	-302.3885483288538
278	-303.9380113923282
279	-309.78323775224305
280	-305.00066669221036
281	-303.58490905669964
282	-304.49075223762014
283	-299.3265516410698
284	-304.5411040608037
285	-295.77142220669816
286	-304.6069272812722
287	-304.1076177893507
288	-307.0005973327821
289	-309.45397982224375
290	-299.6783338167335
291	-302.51339575289444
292	-301.34246024356946
293	-301.31810014483926
294	-297.93360062077494
295	-303.2835385098729
296	-303.58005050532205
297	-299.057729681171
298	-304.4435754102307
299	-296.52365146952314
300	-301.63184646745225
301	-309.120255090974
302	-302.1806905168609
303	-300.31259372297114
304	-292.7639000009806
305	-306.6530681875981
306	-306.68047670433026
307	-300.87209969817485
308	-301.7018867111557
309	-299.5942057096282
310	-300.4316006311399
311	-304.82881125949604
312	-298.2498712012708
313	-297.67209150489265
314	-309.18240712756193
315	-301.0287791115373
316	-303.43883745214936
317	-300.4418468272903
318	-302.5777704955984
319	-308.3821041767033
320	-299.0176698775727
321	-304.1012984672419
322	-307.05034011851245
323	-303.5433699289331
324	-308.7967496457466
325	-307.7693522826205
326	-302.5906428378967
327	-303.3502023176019
328	-300.94316500613195
329	-302.52617644943695
330	-294.04591538110355
331	-302.094031298173
332	-305.00690019132213
333	-303.0296112803749
334	-305.1981043680974
335	-303.43216970374425
336	-307.33705081037897
337	-300.6123987028242
338	-299.47187884240543
339	-308.4282444203525
340	-303.4508783108244
341	-306.5166214922539
342	-302.10530001431226
343	-302.8691463465656
344	-302.0042347986146
345	-301.3674148853892
346	-310.9224928860547
347	-307.97770283100164
348	-309.8581191517026
349	-303.06297328937256
350	-302.0167028497186
351	-297.9653000000011
352	-305.411344577564
353	-306.83308068912913
354	-304.8639634586804
355	-305.6467000677728
356	-310.3173213411175
357	-296.3860000000009
358	-299.2807000838911
359	-299.5067401979013
360	-301.1132475218091
361	-296.9421231163853
362	-303.82326873836746
363	-302.0155481944313
364	-305.07498327383485
365	-298.4951216371977
366	-302.5403940953558
367	-301.52349965494676
368	-301.9857532987865
369	-300.74466630968453
370	-298.5066144532574
371	-300.32550000000106
372	-308.38750417007293
373	-300.3258535909074
374	-303.76677267933854
375	-301.46512908410557
376	-303.6302309799387
377	-303.4277655805761
378	-296.8779584624945
379	-303.18597681267505
380	-299.3900642783978
381	-302.7038291088088
382	-299.4859297420322
383	-313.566890778276
384	-296.93749280120716
385	-296.9302658938398
386	-304.56219624528296
387	-309.5721434360293
388	-303.7768427208275
389	-301.58345877174156
390	-298.5635035130051
391	-308.7334868587196
392	-305.6729602600138
393	-304.2233045143129
394	-303.8097826713988
395	-300.3626429799758
396	-301.7405410896583
397	-306.96787655491045
398	-307.576288593577
399	-311.6484649177056
400	-302.34185255217733
401	-305.2308139627899
402	-306.4858675825563
403	-307.7522523966639
404	-299.06133427750655
405	-301.49378027523727
406	-305.1484236861304
407	-305.9598770948914
408	-304.52672312127487
409	-301.09729906312344
410	-302.0955798913695
411	-300.5727283460991
412	-304.4476946852937
413	-301.73385493539695
414	-300.62134624579744
415	-302.8370263402775
416	-306.5928921399687
417	-296.91666708688433
418	-295.8956
419	-299.34253668519676
420	-299.70848236695497
421	-304.07986225569596
422	-309.44134922069105
423	-308.04780938237565
424	-311.73619489128424
425	-305.2526083571819
426	-299.81713749533026
427	-305.83762308072255
428	-304.76747292714646
429	-305.65029113052475
430	-306.85698093022023
431	-302.80708029177
432	-301.7252267780597
433	-302.98720479957086
434	-303.49724381372437
435	-310.68137261858357
436	-308.26421443147836
437	-302.7706210618505
438	-305.18272160396884
439	-305.12352055574706
440	-302.40817343633773
441	-310.1911937128893
442	-306.9853518962795
443	-307.33160415062565
444	-299.8117407159232
445	-307.1840057088292
446	-294.4891873943617
447	-302.7736238964683
448	-299.69807951289323
449	-298.8442656249215
450	-303.7704297336578
451	-304.1905230143312
452	-304.3489350819495
453	-303.6774035702394
454	-306.4966040621426
455	-302.50550000006757
456	-299.5065780044351
457	-305.20472126138236
458	-303.7655869490822
459	-299.4804494987422
460	-305.5229583450128
461	-304.67670559273233
462	-307.76337528051204
463	-303.3051168545955
464	-306.1515202898192
465	-309.94081069720727
466	-297.62071453454075
467	-304.22824904243413
468	-304.3203004495859
469	-301.556734951059
470	-305.7619697087991
471	-307.2881233180921
472	-305.90407148528993
473	-304.88730693589764
474	-309.4456750116783
475	-304.4051835859768
476	-299.6339486817808
477	-300.45158581401466
478	-300.64841105087464
479	-305.9448391869568
480	-303.80432840083404
481	-297.54460000000006
482	-291.28850106250746
483	-302.062866130052
484	-302.6512
485	-300.84083481870056
486	-296.2534000030841
487	-297.0785
488	-306.5040184743862
489	-299.92823220934076
490	-303.9005571364681
491	-300.3288521545224
492	-304.60181154097853
493	-303.664694371298
494	-304.7671879328617
495	-304.1119247077366
496	-304.0679
497	-304.8750618663202
498	-304.3096919523992
499	-308.7632761150707
500	-302.3240730286628
501	-295.3682867926965
502	-305.61537226424537
503	-300.3475000000001
504	-305.0256555576434
505	-303.8101219942764
506	-300.9325958433844
507	-301.9564744385394
508	-305.45743369914044
509	-296.8371709128106
510	-310.753755310164
511	-306.90381664459244
512	-299.3491043603254
513	-304.28708609131365
514	-312.6203697155671
515	-304.5573503397608
516	-304.08055727992956
517	-304.0360048647901
518	-300.53753171504866
519	-295.67187873065467
520	-304.7213796155309
521	-309.59148196923013
522	-300.1777902977293
523	-307.39382815763696
524	-294.6087961602346
525	-299.5332619902586
526	-311.0370850881019
527	-312.35044560568184
528	-302.3869069406476
529	-302.55074086860265
530	-310.3131091263825
531	-309.7688865674474
532	-307.7953499259102
533	-300.1833945880879
534	-311.5382337191671
535	-297.4247502538363
536	-299.9746486625932
537	-301.3301185767338
538	-305.7897399447527
539	-301.7741859662561
540	-306.6486144352675
541	-299.2094214648453
542	-303.94958974642174
543	-305.78049687861204
544	-310.20592017807604
545	-306.44962076799425
546	-309.10450155430624
547	-308.3017337675996
548	-301.322340621289
549	-305.15586117450744
550	-306.4060423755931
551	-305.3888150251471
552	-303.0514496196699
553	-295.5356009149098
554	-304.7669816378389
555	-302.1108258766089
556	-307.85353831300444
557	-307.8371837988094
558	-301.4271958047904
559	-302.23550000000097
560	-303.0479167297015
561	-303.0833722131068
562	-306.71720395310126
563	-306.8605649910691
564	-297.11807012966955
565	-302.0393324283908
566	-298.1039514615188
567	-301.2699275295908
568	-305.5897443743875
569	-307.8741276081738
570	-301.5154735322033
571	-301.26236159835236
572	-302.2326068116743
573	-302.596995350419
574	-300.31313592381366
575	-304.6735693694471
576	-305.959922573044
577	-301.13732987537514
578	-301.75555510431303
579	-300.35582815489306
580	-308.0820927519798
581	-304.6117613386498
582	-308.4609758521307
583	-301.53433954341176
584	-307.48552607321574
585	-302.4013014989921
586	-302.629077868543
587	-306.7151416881438
588	-304.87747360317076
589	-298.8424442297943
590	-302.4782348968032
591	-303.79586497970445
592	-305.51950780735825
593	-308.48690196457716
594	-306.53231769169383
595	-308.958931924165
596	-304.6683724942756
597	-309.09870913077
598	-306.8100533357155
599	-301.16920123867106
600	-300.2347772029675
601	-301.01030060698554
602	-302.6156524786452
603	-295.42930000000115
604	-304.05256370878936
605	-304.88308771578636
606	-300.0008480810038
607	-301.3602510020529
608	-298.5416561759784
609	-297.7662710748969
610	-306.34678967491345
611	-302.19000000000005
612	-292.9252540513159
613	-305.3022903857998
614	-307.4079493775643
615	-303.7158729883248
616	-306.75259788511113
617	-303.5795170880633
618	-298.9891586824055
619	-302.5354716341471
620	-300.5420907659609
621	-306.2666288733673
622	-305.1048471432465
623	-304.89916734569965
624	-302.85779080512197
625	-307.48670605327936
626	-303.3314006140054
627	-300.52004058971556
628	-305.5485202439092
629	-305.7085320976486
630	-302.4293536299141
631	-303.01461115951884
632	-313.513834950443
633	-304.9307925364728
634	-308.57664727319104
635	-304.20705048321014
636	-308.9923132621444
637	-305.2727435021071
638	-306.74810314919876
639	-307.1913094565596
640	-295.39559456384546
641	-303.6062744775198
642	-307.7406960852312
643	-298.04359266846006
644	-305.8263327537417
645	-305.9008488487203
646	-299.57195855106664
647	-308.1410977575669
648	-303.32070108257767
649	-309.1220810883671
650	-307.7225708098204
651	-302.4919884274528
652	-309.8207781722085
653	-309.37351312934936
654	-307.45422037209727
655	-302.8056798799902
656	-307.8092573737063
657	-297.41406568221726
658	-302.2455397158819
659	-307.5562000415584
660	-303.646661111296
661	-296.9719523673123
662	-306.09500108393
663	-307.68106071488927
664	-301.7389073446008
665	-307.709738834764
666	-306.0716108585978
667	-293.5762063088823
668	-309.18094936690846
669	-308.6455040961033
670	-309.0835465232167
671	-311.69306134612634
672	-305.9618645603534
673	-301.86936764691217
674	-305.8521222852073
675	-303.1183468291399
676	-311.4395211278382
677	-316.7187792350463
678	-303.72496578400194
679	-305.8073720482368
680	-309.15510841535905
681	-304.0873927544534
682	-305.70643461828035
683	-307.82845257893587
684	-305.99577653338514
685	-311.6408754913443
686	-309.3125874213458
687	-304.76710812059537
688	-306.98219500906833
689	-312.57836964885144
690	-304.9152101430203
691	-312.02720345879357
692	-305.1304892004985
693	-304.8646491976658
694	-314.0426029971018
695	-307.28916398599466
696	-300.24819326814077
697	-303.0572210588943
698	-306.7191737079866
699	-306.56192736280974
700	-310.1656378420924
701	-311.8338020736712
702	-301.1673403629702
703	-306.0005949992849
704	-307.28425642843683
705	-306.0680272929012
706	-306.16438459585737
707	-307.9294906452889
708	-305.2295094262692
709	-304.2827905723878
710	-308.62007431373274
711	-305.8046195261343
712	-302.1189354911944
713	-307.0006845585801
714	-305.24977941457666
715	-307.83877046595495
716	-308.77136935877274
717	-309.770383112508
718	-308.17289326802774
719	-307.7064478139675
720	-309.73542995494716
721	-305.24847170669545
722	-301.45712834563784
723	-308.0905423737939
724	-309.46625786078295
725	-304.3665115619897
726	-305.7628383318091
727	-308.25326694088966
728	-303.9475749999465
729	-302.0873444745526
730	-301.81819848216327
731	-309.59100154599764
732	-305.47469061305685
733	-308.9083038940052
734	-309.96322100649945
735	-299.3078731165856
736	-304.00022102452033
737	-305.8178148822184
738	-313.75140849621033
739	-308.2751476449444
740	-308.4467792421447
741	-300.25418134862724
742	-307.3920408436507
743	-300.7087695366747
744	-305.1460865634632
745	-311.2906072314752
746	-293.42165964279394
747	-304.40783002532686
748	-307.45325724698984
749	-302.9066209815994
750	-307.7642812905828
751	-308.2481759938001
752	-301.633153564338
753	-308.4058181346775
754	-310.76926047465497
755	-301.3304682190636
756	-309.3451698633567
757	-313.352338071833
758	-307.84701273018374
759	-305.1207111560785
760	-311.0324923826566
761	-304.2762796619634
762	-308.1366368420508
763	-302.6178320842692
764	-308.4265724828345
765	-302.89929499817873
766	-303.658777097317
767	-308.21736684277437
768	-304.90553352434546
769	-310.58307968132317
770	-308.4806519403727
771	-310.34220350604625
772	-306.5019736622585
773	-309.23999040046283
774	-307.4177987476985
775	-307.673236330792
776	-304.8072236021474
777	-303.6391154515098
778	-303.5427624042932
779	-304.01079894353944
780	-306.06014726671884
781	-310.9413604195663
782	-308.97176791244067
783	-307.0938936211535
784	-309.6137498904346
785	-304.3631183751651
786	-302.5008050489606
787	-315.5226790999722
788	-304.93536588028013
789	-307.1108690850917
790	-306.59621442935276
791	-313.4164705598439
792	-298.6749153837859
793	-309.2039170624775
794	-308.16818130336816
795	-306.9870881195808
796	-306.5784941452312
797	-306.215597734742
798	-301.82194777194553
799	-305.5441268457346
800	-311.2604459245111
801	-309.9881317300237
802	-306.74415841577627
803	-310.40527351486884
804	-302.55283336523627
805	-303.1103231396247
806	-306.22807259425724
807	-300.4034515341649
808	-304.71598376127525
809	-302.12981047786826
810	-310.9650484789701
811	-306.2523640630074
812	-297.98842858515326
813	-307.858866901941
814	-303.5427914015187
815	-311.28307713133705
816	-311.79410149876037
817	-305.8772242268689
818	-303.70815346629985
819	-303.2155591678535
820	-309.41657205282013
821	-308.39657562816234
822	-305.3856989463237
823	-306.262187167705
824	-312.45966725711014
825	-311.77657748102706
826	-310.3728453680782
827	-310.90405851787307
828	-308.6841718960233
829	-308.744778347044
830	-313.55080424134627
831	-313.5407444934721
832	-306.88140522353535
833	-308.721636285362
834	-307.89489343893734
835	-303.1469245662281
836	-308.9601258466746
837	-309.26401595586583
838	-304.6318957823253
839	-310.583456851821
840	-304.4060909315132
841	-305.67612599502723
842	-305.9197974521338
843	-310.2265289197479
844	-302.74378696784004
845	-306.0261775885738
846	-302.55145183753103
847	-300.49586325632697
848	-305.34253180743946
849	-306.13334165564
850	-304.04199461262834
851	-310.68171328795216
852	-305.31699395225274
853	-309.9063502867334
854	-308.52658970090437
855	-308.71774152166626
856	-308.63168211150156
857	-307.6608493281761
858	-304.27727485095346
859	-311.33920714231914
860	-301.472361571206
861	-305.43977069985556
862	-306.8464917033186
863	-307.642917058036
864	-309.3326824258263
865	-303.3707651470441
866	-297.89776263163867
867	-301.78535741742854
868	-305.5720336272659
869	-304.53548619735994
870	-309.36358613650515
871	-304.434242700314
872	-305.37291412609403
873	-301.69218132216866
874	-305.3329457378931
875	-306.1583106910019
876	-303.17432464261526
877	-305.9164588410321
878	-306.7686576445534
879	-302.62448219330855
880	-305.2189766483875
881	-306.2951756319608
882	-308.59312644046435
883	-307.5151711000803
884	-302.1674315644393
885	-305.3946693674366
886	-302.558085622448
887	-306.3489465909785
888	-301.94999282840325
889	-297.78139235118005
890	-301.9230698514677
891	-302.9507762836693
892	-305.1469470664335
893	-302.12018798181094
894	-300.219764223791
895	-308.05216798544
896	-307.2439435371455
897	-304.02437803002005
898	-299.7365310198041
899	-309.54652534993215
900	-295.5201008277808
901	-292.40672473729137
902	-301.94180933586495
903	-308.00636895388214
904	-305.0035173954121
905	-295.86778443924686
906	-304.9811677064055
907	-306.29387182135247
908	-308.1224399223197
909	-306.59361349865094
910	-309.9442367925218
911	-305.3803174361933
912	-305.6947073322665
913	-308.7491761595711
914	-310.1079954119122
915	-301.8773429306029
916	-311.7818877978507
917	-308.52095549917095
918	-301.37279153529244
919	-309.71446902619516
920	-306.70236843596456
921	-308.0819144629557
922	-306.00646410333627
923	-309.39153628467096
924	-298.16196652264125
925	-302.5114730034544
926	-305.3609628078437
927	-303.86075502938655
928	-306.4010321616118
929	-304.44101098937483
930	-310.37220581846265
931	-297.78453380308457
932	-311.68107629304063
933	-304.0142287191033
934	-304.73988300449975
935	-296.40666159950354
936	-303.18438216029773
937	-305.7264009912007
938	-308.23999835099596
939	-310.05045513915144
940	-304.9827304016001
941	-311.274413514646
942	-308.38290819955927
943	-308.3397259188298
944	-312.46733333201263
945	-299.29175314506926
946	-305.3644678878468
947	-310.6189091854277
948	-302.00339816359383
949	-302.1028046905787
950	-301.52841444353794
951	-304.00799099182126
952	-302.7765639024276
953	-309.0974970028852
954	-307.68930947513024
955	-307.50678543304997
956	-307.44641325677054
957	-308.48740480511765
958	-302.8740350025482
959	-305.26231387464685
960	-310.5988016008411
961	-310.82377330314773
962	-300.9630718040379
963	-307.46601250930115
964	-305.69814591704164
965	-311.2390554401146
966	-304.25329022832375
967	-301.93750173937747
968	-302.3026744472905
969	-307.8304155723429
970	-306.6627053956516
971	-306.7484134719432
972	-308.3775659574468
973	-303.82979279860905
974	-309.9112643675229
975	-309.23895699379426
976	-309.86937158843375
977	-305.4714329092008
978	-304.2769133385559
979	-313.92058864803994
980	-300.01587805093106
981	-310.36024802705094
982	-311.6378189960395
983	-312.18071562386524
984	-307.1136141621879
985	-308.3518643189926
986	-306.5597259262532
987	-308.97958817960046
988	-315.2737869894994
989	-310.0780851001
990	-313.78452533992527
991	-306.82451678388276
992	-310.92194028383017
993	-309.6616590861956
994	-305.3138833585425
995	-313.68868923822737
996	-314.97459865931637
997	-311.8338088936246
998	-309.17184231105915
999	-311.2758718240428
1000	-302.9080430718318
1001	-309.1138409416256
1002	-313.46537591840865
1003	-308.59009233257444
1004	-313.50361175694786
1005	-299.0963737988124
1006	-306.202740453785
1007	-300.2348919686082
1008	-299.0879219797988
1009	-303.6941451273085
1010	-308.64488234041323
1011	-308.0568787296595
1012	-306.8495965063966
1013	-302.1200877881399
1014	-307.27373750423334
1015	-299.6800557142633
1016	-299.59958967352725
1017	-307.6933817033025
1018	-305.99136818301923
1019	-309.07324174167275
1020	-301.88960733271193
1021	-299.89545298370905
1022	-309.01966353585044
1023	-306.9239559740734
1024	-310.2275720345002
1025	-308.8293166517139
1026	-309.68168459639156
1027	-307.9908306008265
1028	-307.52155577452083
1029	-303.36319566415676
1030	-312.4167980066
1031	-303.5069043922275
1032	-309.478631032285
1033	-307.36415877565634
1034	-303.7244230207714
1035	-303.29027311261655
1036	-301.78217667246685
1037	-303.95875057982727
1038	-300.0906808513244
1039	-307.0728898573729
1040	-311.102493124264
1041	-305.0149735526441
1042	-300.41240651636
1043	-302.5129379943984
1044	-308.2352898795578
1045	-310.3794114563776
1046	-304.8510118446623
1047	-303.57622438461783
1048	-308.7829527957325
1049	-300.05976988632943
1050	-303.9849587027956
1051	-304.98864597002216
1052	-307.0358899492199
1053	-306.99858651052523
1054	-310.9337393362024
1055	-306.4581121450029
1056	-306.23056234856057
1057	-310.3225777409267
1058	-310.3908553167519
1059	-303.00181684981135
1060	-306.42197136278827
1061	-302.5368417321845
1062	-307.1353654407775
1063	-299.4612055953785
1064	-310.00599796626807
1065	-303.50111257195556
1066	-305.91959071292587
1067	-306.3380590186781
1068	-311.1175435075512
1069	-311.858015028399
1070	-309.6962434809424
1071	-299.50800578987565
1072	-309.0882553509315
1073	-312.04455226507827
1074	-308.4234949961875
1075	-302.55521894155703
1076	-303.20833931099804
1077	-312.14124194562424
1078	-308.9915181159917
1079	-303.2023580754931
1080	-308.2888165780279
1081	-307.28729650089
1082	-314.9133806541092
1083	-307.2882780449651
1084	-307.91929427450316
1085	-311.47413754414197
1086	-305.58887470064565
1087	-307.0554954280592
1088	-305.8559998842307
1089	-308.03810588950034
1090	-310.2177215329289
1091	-306.61836295909137
1092	-306.12902496799273
1093	-310.0126144314045
1094	-313.48392807965956
1095	-306.04356175817753
1096	-303.5077497759998
1097	-303.41539277524475
1098	-305.03343096947805
1099	-306.7651551836144
1100	-305.98381602142456
1101	-306.4009571142171
1102	-306.13340054378807
1103	-304.1089104753393
1104	-304.53047809932764
1105	-304.8463080217638
1106	-300.5350778525944
1107	-311.4483187731844
1108	-305.86386019117526
1109	-302.50116389813377
1110	-302.18648387872406
1111	-303.237321536403
1112	-299.57022490487657
1113	-304.12661586615747
1114	-309.26554347010597
1115	-308.4353715680106
1116	-308.8318576512263
1117	-304.94581366737543
1118	-304.92853303164253
1119	-306.15034525499715
1120	-306.40488712888964
1121	-312.8987221796789
1122	-311.1718087484572
1123	-311.73031673001793
1124	-301.9336196762278
1125	-306.1676195200297
1126	-315.3220032732053
1127	-306.6665769544248
1128	-306.391264677808
1129	-297.9874648967787
1130	-304.6271909244079
1131	-301.3174350933243
1132	-309.12121590604573
1133	-305.69352033260475
1134	-302.7839159649976
1135	-307.01914371008104
1136	-310.8229342479408
1137	-303.39865598098436
1138	-299.743662348347
1139	-302.55486704936885
1140	-303.6523441886818
1141	-310.46623210633095
1142	-315.0702132957792
1143	-306.32574142495866
1144	-306.8447049171428
1145	-304.7644641404052
1146	-298.85513816679884
1147	-300.31545871105243
1148	-300.43199614682595
1149	-302.58596413503267
1150	-297.1173292692404
1151	-309.6138989517921
1152	-308.3684042399636
1153	-299.78948206274555
1154	-311.1206809052059
1155	-300.91539475331666
1156	-309.6992668671073
1157	-293.286336267895
1158	-306.8633154062603
1159	-303.549145651613
1160	-311.09650070116476
1161	-308.5761809958082
1162	-309.8872129198231
1163	-307.9331844343956
1164	-306.0941342459751
1165	-306.899214839785
1166	-300.2418660528078
1167	-307.6020333924097
1168	-309.9579617014575
1169	-306.5939605146061
1170	-303.07245721323693
1171	-304.38419983518025
1172	-311.8288840368301
1173	-303.47598251503115
1174	-308.76603697354136
1175	-309.7336109661058
1176	-307.54676560233537
1177	-305.69755255558243
1178	-308.6062753668569
1179	-302.67669994456446
1180	-299.91097082378667
1181	-301.67318335190333
1182	-310.6028321227536
1183	-307.2326461380212
1184	-308.6566195904884
1185	-307.5345066699571
1186	-304.60828101380207
1187	-305.629376701797
1188	-302.69307133386326
1189	-313.57298639130335
1190	-309.1033846185125
1191	-303.67166338003614
1192	-309.9716270469997
1193	-308.5621988323292
1194	-305.95715476822505
1195	-310.07525561430833
1196	-307.42083974103025
1197	-305.0095352345114
1198	-303.1436659868549
1199	-298.46357593410823
1200	-308.4219872010398
1201	-305.8874342978949
1202	-308.3516486943823
1203	-306.05183973835284
1204	-306.04863072296916
1205	-304.6727913164747
1206	-305.4159523216325
1207	-306.58011799129054
1208	-304.2130356530699
1209	-304.7917635520763
1210	-305.4133541666772
1211	-304.3857841333495
1212	-297.59865120737805
1213	-299.9840135759602
1214	-299.6884312950186
1215	-305.4912142717595
1216	-308.3572752087703
1217	-301.64000669647953
1218	-306.6880668481317
1219	-307.78145761199255
1220	-302.64955517171677
1221	-310.0202689824304
1222	-306.3254858761123
1223	-305.8710146816571
1224	-307.5736377715533
1225	-306.15069928601645
1226	-311.59089266944653
1227	-304.20075434755836
1228	-299.4525865241195
1229	-311.2498499910788
1230	-307.60803498172544
1231	-302.23680758937047
1232	-302.1847819599632
1233	-303.77203840193675
1234	-305.3955721650923
1235	-301.7935767151171
1236	-303.6469425474691
1237	-312.2155997458326
1238	-311.276717175717
1239	-309.82441124808906
1240	-308.1420356682171
1241	-303.5712980495508
1242	-309.5117394655762
1243	-302.66817180374153
1244	-306.76717195009445
1245	-304.0038980695243
1246	-308.2160848046848
1247	-304.3412801819331
1248	-306.65888254199
1249	-301.7173702609419
1250	-303.5621699411065
1251	-301.1808297194812
1252	-301.9641570666603
1253	-306.2738006611397
1254	-307.1325171730096
1255	-310.8184710006422
1256	-308.3109494628736
1257	-301.97467515534646
1258	-306.5399422620538
1259	-305.8889040847351
1260	-302.397420715589
1261	-308.8378909446203
1262	-306.7261013430561
1263	-310.0704882150304
1264	-310.10472057888995
1265	-302.95224143713415
1266	-308.3330325557052
1267	-299.6702822890898
1268	-303.627967043089
1269	-308.96456116206474
1270	-309.62720959997307
1271	-307.5091564895891
1272	-303.27819755984797
1273	-307.86041107854055
1274	-307.97557913038725
1275	-304.14459398873106
1276	-306.3851139830841
1277	-316.11831508350366
1278	-308.8838361327943
1279	-306.0142829869655
1280	-307.8530322800343
1281	-302.8382519398542
1282	-307.30491600323325
1283	-308.1877235690193
1284	-309.479742969019
1285	-307.8189887177593
1286	-300.5679064470954
1287	-307.43117562096586
1288	-295.96341834957525
1289	-305.93579120972987
1290	-303.1660634819604
1291	-306.5145196612846
1292	-307.7971459570759
1293	-303.51577424000783
1294	-307.25183905767483
1295	-304.75930419437066
1296	-305.22924032098473
1297	-305.7729621102338
1298	-303.98169697189894
1299	-301.21022672922044
1300	-300.0927423305886
1301	-298.91519201446425
1302	-306.8321573496131
1303	-301.5490827693641
1304	-305.1375524722374
1305	-309.82965513471675
1306	-308.377290371135
1307	-304.9964397536289
1308	-311.61918129686086
1309	-308.25527020901376
1310	-300.8431068390894
1311	-302.8411729498014
1312	-306.21471437947747
1313	-304.6609582194374
1314	-308.3005552841761
1315	-304.07189136318937
1316	-303.38747118695323
1317	-306.01756597433615
1318	-306.2908855020026
1319	-306.33226952431704
1320	-311.33742540223216
1321	-296.281596835976
1322	-312.7073633265276
1323	-309.8986364875845
1324	-309.48311386362514
1325	-311.90656807751486
1326	-307.8390233084707
1327	-312.2790917579891
1328	-306.5296818432244
1329	-307.106396252161
1330	-312.9679180901571
1331	-305.9892262598196
1332	-312.9021716300475
1333	-300.4254587384086
1334	-301.47745900074057
1335	-305.53728658749225
1336	-308.8679578306283
1337	-304.2133592174664
1338	-306.94334440718626
1339	-309.9143843221954
1340	-311.20084702236005
1341	-312.11477955596405
1342	-311.7787727984336
1343	-316.64172139916093
1344	-312.2402347022446
1345	-309.88197611651856
1346	-315.1779665082248
1347	-300.3633014366374
1348	-313.19366659607374
1349	-307.1872122926587
1350	-306.961880785269
1351	-303.7073044269273
1352	-307.61524369813736
1353	-307.1987670725017
1354	-302.5227235700862
1355	-306.67485463860004
1356	-310.89571408362616
1357	-310.0580772994438
1358	-311.0917615857211
1359	-309.48187720204714
1360	-308.3287190862656
1361	-307.38427030947446
1362	-307.7187502730854
1363	-296.3488195964225
1364	-303.8908939152953
1365	-306.65926035659635
1366	-299.657867772605
1367	-305.76464098156197
1368	-306.60699114091534
1369	-296.8365833042381
1370	-302.6568422664965
1371	-303.2215385144025
1372	-304.3420251125274
1373	-308.8810627722141
1374	-305.28992308248405
1375	-308.782749402121
1376	-307.9549014443644
1377	-303.8996318088448
1378	-300.78927630500067
1379	-300.25841281916456
1380	-307.18442733845126
1381	-303.96067612867296
1382	-306.77142834531014
1383	-307.0703184206789
1384	-298.39421800204093
1385	-303.96235897952226
1386	-303.63125412855726
1387	-317.63058524702626
1388	-307.68656709590965
1389	-306.4078750375367
1390	-305.89834290085815
1391	-309.04774964363645
1392	-300.8459895181664
1393	-308.72034663963757
1394	-301.5358197663365
1395	-307.8423767968799
1396	-309.14779071285676
1397	-307.54608561277115
1398	-310.8188307820176
1399	-308.0319999030919
1400	-302.81121626262245
1401	-304.23920889198405
1402	-308.75485045452336
1403	-305.53315188734285
1404	-311.2928120004686
1405	-303.1554078797374
1406	-309.55084458460436
1407	-303.873434736961
1408	-311.82142875741806
1409	-305.84053860902895
1410	-307.36048100130927
1411	-306.6319607571008
1412	-300.7641016183468
1413	-306.10553870895967
1414	-296.9421316151981
1415	-305.4133758360562
1416	-305.19908483133867
1417	-305.37139851322405
1418	-302.74335330230844
1419	-307.62141958996597
1420	-310.25564766567686
1421	-305.9002209344591
1422	-305.0124442711201
1423	-299.7998285251127
1424	-302.7253404214083
1425	-301.7271082908638
1426	-315.3055135068504
1427	-301.2939955013149
1428	-295.11607540970266
1429	-309.0678776296125
1430	-308.89594193654034
1431	-309.1513566053266
1432	-306.76328954168514
1433	-312.20507958465805
1434	-302.4561423262252
1435	-307.8181854147474
1436	-306.2701515785641
1437	-308.9544399093383
1438	-305.8965291543571
1439	-306.26495478867133
1440	-314.4103090945949
1441	-304.98608461446327
1442	-305.56174633447574
1443	-306.1394831913488
1444	-304.0654607055299
1445	-302.5858654900783
1446	-305.0138715075168
1447	-298.3006652586855
1448	-310.727130694428
1449	-305.59082498387727
1450	-307.30283387273425
1451	-298.9187325765426
1452	-300.38978570277646
1453	-302.9892000000181
1454	-293.9873034935269
1455	-308.3265557906769
1456	-303.99727844789413
1457	-304.8762506619247
1458	-303.06600000000003
1459	-299.862836430297
1460	-310.2905572142046
1461	-305.7378870919068
1462	-305.5775698544009
1463	-304.01607381902147
1464	-302.4926068770226
1465	-300.82193187522887
1466	-292.2361218091728
1467	-298.2544335412662
1468	-308.25076510472996
1469	-305.06724659124853
1470	-299.86746405764245
1471	-310.0373243074877
1472	-309.39291485036983
1473	-298.6542493963328
1474	-304.48431568051654
1475	-302.752136438491
1476	-301.6312177474616
1477	-306.94655093229386
1478	-308.2163120225116
1479	-304.0195107447024
1480	-300.3810743148944
1481	-301.3702062561967
1482	-302.03742484235306
1483	-301.35652903658996
1484	-304.72687200760004
1485	-302.30531761017477
1486	-303.30960989044246
1487	-303.066274334152
1488	-301.81423737693484
1489	-304.65994596859935
1490	-303.89094389886145
1491	-303.35381936946294
1492	-305.26639492829935
1493	-306.3477242284563
1494	-299.1582535887391
1495	-301.1879651169681
1496	-299.917351745713
1497	-305.6927267820463
1498	-308.3000456274572
1499	-306.0566586979722
1500	-304.6395255804915
1501	-306.2670558509351
1502	-308.70935511143847
1503	-306.772811415989
1504	-303.89911550276685
1505	-307.09469081112957
1506	-309.0981374881873
1507	-305.60534911134977
1508	-302.8368710775487
1509	-306.8938927538732
1510	-303.9149017729186
1511	-300.8118128526457
1512	-300.40991430233714
1513	-307.393056420646
1514	-305.14560165359484
1515	-303.1176000011382
1516	-299.6051650013465
1517	-303.5690349274395
1518	-304.237296288222
1519	-296.2373003631712
1520	-298.1829560063215
1521	-301.66543268667306
1522	-305.39383119845536
1523	-307.6807443310501
1524	-302.3924168179852
1525	-304.38452972569746
1526	-304.6265416529391
1527	-303.55934613280925
1528	-302.6808155286337
1529	-305.82213932419484
1530	-305.7516869101082
1531	-306.25316379912925
1532	-305.8074497285798
1533	-305.80154214906497
1534	-306.98098211888777
1535	-297.83373445431187
1536	-305.0591155796182
1537	-298.1179912142727
1538	-304.63469503980946
1539	-302.01754492215565
1540	-295.8390224801726
1541	-302.46418530494486
1542	-304.3646152084521
1543	-305.00792808327867
1544	-304.57331162743526
1545	-304.286970534611
1546	-303.14891099405
1547	-300.94366170515684
1548	-307.5020951137256
1549	-302.81804038639126
1550	-306.5280861606359
1551	-309.5905816030445
1552	-309.62962170115185
1553	-302.93540870816673
1554	-303.75990854799636
1555	-303.5019948898713
1556	-303.8656868920038
1557	-304.82383268438025
1558	-301.461845065297
1559	-297.0388695546468
1560	-303.39381598782387
1561	-301.10279655540296
1562	-302.3382417744365
1563	-299.9046592313186
1564	-306.12107852336555
1565	-304.78260961087705
1566	-300.97977609207516
1567	-299.47781804679374
1568	-299.2215340979217
1569	-304.8912895877278
1570	-303.6853623001623
1571	-313.4066881659901
1572	-310.624056111024
1573	-299.73910461670164
1574	-305.60721647980705
1575	-303.4573614777097
1576	-304.70713396708
1577	-304.6463053130786
1578	-302.6864482854923
1579	-301.8157163819974
1580	-297.0359155080348
1581	-311.1686903388003
1582	-297.1174368942734
1583	-301.64048829666666
1584	-308.35732798581233
1585	-302.40923361688345
1586	-303.2926002760032
1587	-301.5995237577888
1588	-305.28624210411874
1589	-306.23885849572554
1590	-306.9490516754741
1591	-298.6658542996789
1592	-299.9259015200051
1593	-306.83292750186087
1594	-302.74274205904663
1595	-301.1402459158157
1596	-302.50412413971833
1597	-295.1578000111132
1598	-298.301870896601
1599	-311.3028752779602
1600	-301.2098922038158
1601	-310.78024889433925
1602	-312.8217802820095
1603	-304.7757142870754
1604	-302.02209643821476
1605	-303.7621446769386
1606	-304.1892484770668
1607	-306.2028061797218
1608	-303.9509857276148
1609	-298.33672797576935
1610	-310.4123651391518
1611	-306.9244169031442
1612	-304.0935277450822
1613	-300.1425680006537
1614	-302.80585175821307
1615	-308.1279978185289
1616	-307.4344284422424
1617	-307.4193928697146
1618	-300.5862467486489
1619	-305.6973352886831
1620	-304.3074750231227
1621	-302.50141407251397
1622	-307.53650290980795
1623	-303.66824393014895
1624	-306.2064449999344
1625	-309.61404453591274
1626	-307.72092389766283
1627	-303.2358086112765
1628	-309.0954664662729
1629	-307.271633354742
1630	-301.20230702095216
1631	-303.2394234343633
1632	-295.3405668203204
1633	-307.664689986807
1634	-305.92055792943063
1635	-304.3827773728248
1636	-307.6090780818868
1637	-299.1195177646124
1638	-305.04457367206857
1639	-303.71453526522527
1640	-306.08248789945446
1641	-301.62826646480545
1642	-306.7235055358402
1643	-302.0837538748748
1644	-302.39276338828813
1645	-302.65040894569995
1646	-300.1441700067323
1647	-301.28130904152374
1648	-306.0678647404929
1649	-307.3126850215326
1650	-292.70981555179526
1651	-294.7468780159243
1652	-306.34390569034736
1653	-303.4482116350302
1654	-304.11147050449335
1655	-300.8079869607628
1656	-304.33331021915563
1657	-300.94150363398893
1658	-302.5307102656805
1659	-304.5566637926368
1660	-306.0775340055681
1661	-301.95552807916147
1662	-308.6702379509058
1663	-307.9819166600816
1664	-307.4025990422385
1665	-310.6276706700748
1666	-304.1666181244562
1667	-304.5886464468836
1668	-309.6518229789026
1669	-297.54928815904225
1670	-305.17828957845245
1671	-300.5206917822992
1672	-306.3339566432571
1673	-304.6005322732156
1674	-309.2050225973089
1675	-302.5704644120314
1676	-300.0052626282605
1677	-299.3471631283195
1678	-306.53503834525947
1679	-305.3244473945032
1680	-308.9700029696249
1681	-303.6253641896593
1682	-307.52931015349736
1683	-296.7990248043124
1684	-304.60335653651674
1685	-304.52372423012395
1686	-305.8288305019591
1687	-303.37142917141114
1688	-305.56736191293686
1689	-310.8525347196091
1690	-303.74001961370396
1691	-310.11173356897297
1692	-302.71585010671436
1693	-300.6225470313578
1694	-304.1240989911613
1695	-302.83161217946616
1696	-310.5542615693212
1697	-304.51147939288643
1698	-300.3009817614351
1699	-303.72096402200185
1700	-304.9645223893828
1701	-307.22199483427573
1702	-306.81076096261586
1703	-301.1645902306372
1704	-298.99296634050665
1705	-297.2534573947573
1706	-307.33678280896044
1707	-309.2599315789178
1708	-305.19997448933157
1709	-305.4371444639369
1710	-300.8902139749423
1711	-307.8951646012242
1712	-303.6478960094358
1713	-302.171361618983
1714	-304.85691666003095
1715	-295.6519568850928
1716	-298.22881026789486
1717	-306.9470622570327
1718	-305.5670396527519
1719	-300.6582814027445
1720	-303.85706933057656
1721	-304.6043000000001
1722	-304.5142733205813
1723	-301.3025742761272
1724	-301.65064162670916
1725	-305.9149786806407
1726	-299.6260537638586
1727	-304.8896000153167
1728	-303.85087668566456
1729	-305.06763703724766
1730	-299.65757886865407
1731	-308.4702190566254
1732	-300.0901311051961
1733	-304.2355253351206
1734	-309.9217879902731
1735	-304.3068568106384
1736	-301.96396674479274
1737	-308.06481137631806
1738	-302.7700466273805
1739	-293.9462337009785
1740	-307.91430929391333
1741	-305.88834715590014
1742	-300.27525014767656
1743	-313.28055398006194
1744	-303.4567949225585
1745	-303.7464503796847
1746	-308.61349243299946
1747	-304.83520436082915
1748	-305.04078659123223
1749	-302.88062336156287
1750	-302.91484935906544
1751	-303.65920453573005
1752	-300.5688434483783
1753	-306.18298145813776
1754	-301.89466287163833
1755	-302.2250251728197
1756	-306.6282353897647
1757	-303.6370100669397
1758	-302.3405321959195
1759	-304.3631666813281
1760	-306.2755126052034
1761	-307.30742602776957
1762	-301.7504
1763	-303.5657
1764	-304.99836082473377
1765	-300.79082845552296
1766	-309.65363787569987
1767	-305.97072732704055
1768	-306.83067502426763
1769	-302.0379419304027
1770	-296.5762754625989
1771	-303.251277403608
1772	-301.5461474899847
1773	-303.2238171808346
1774	-304.696544325723
1775	-305.26884108030794
1776	-304.07080200479953
1777	-301.1334000000016
1778	-301.4092206651035
1779	-303.08313825860944
1780	-293.9427680753394
1781	-300.39678629619954
1782	-304.07386091570754
1783	-297.51410000000004
1784	-301.2166457967722
1785	-303.2538360521357
1786	-307.2341690544363
1787	-300.0337222598032
1788	-304.94211590204674
1789	-303.45340287495344
1790	-305.3584
1791	-305.6406352220562
1792	-300.0355239345884
1793	-298.53030029883075
1794	-298.3690281340022
1795	-302.1638732482648
1796	-294.20646083925493
1797	-311.4800616934974
1798	-305.1100702695942
1799	-306.6478279147796
1800	-308.2836200630478
1801	-306.8804180903209
1802	-302.6489074116785
1803	-304.0764459669893
1804	-300.41640131087036
1805	-306.02759703196693
1806	-305.566239499626
1807	-307.77864169665094
1808	-304.63032086997123
1809	-299.5342396411586
1810	-296.4935377975196
1811	-304.3309001869091
1812	-300.0249439889717
1813	-298.6116637986112
1814	-297.1336816278025
1815	-300.8029349678548
1816	-302.9406203955918
1817	-305.993471403427
1818	-302.4789683479215
1819	-304.9172770213938
1820	-303.9028567541734
1821	-296.0938696090756
1822	-306.34155209192863
1823	-306.16162100898174
1824	-306.3096521886544
1825	-304.5677327960127
1826	-303.22225745786005
1827	-301.5558650971462
1828	-307.54535914220025
1829	-311.9002971969781
1830	-301.7217032649461
1831	-303.98355887292274
1832	-300.5692472349131
1833	-305.31069946989845
1834	-303.00099945763804
1835	-302.6830443192103
1836	-300.52047735215893
1837	-300.50098235786436
1838	-306.5149117110624
1839	-302.9678768281209
1840	-301.7183043792848
1841	-296.14309117756545
1842	-305.09410000017465
1843	-304.0865191402593
1844	-306.88773203074163
1845	-301.3402738522213
1846	-301.88940034018344
1847	-308.1932923683326
1848	-298.2965309047491
1849	-300.19181820992884
1850	-304.5538113638364
1851	-302.02993289931396
1852	-306.35265493492534
1853	-301.8570012458262
1854	-300.2715000539368
1855	-298.51008702495824
1856	-292.7763343627771
1857	-303.2950168791619
1858	-300.8813863510307
1859	-305.92457066963027
1860	-304.222563579529
1861	-305.90423959428455
1862	-305.5375300894059
1863	-297.75864782141196
1864	-299.107804865663
1865	-302.5391792412272
1866	-301.86672474874547
1867	-304.9493846561216
1868	-311.68222418799866
1869	-303.32358684668094
1870	-304.2392243183865
1871	-294.89044321842715
1872	-304.6472651919267
1873	-308.1683904447764
1874	-296.29992650938266
1875	-301.66982100891477
1876	-305.6021200967738
1877	-301.52019107694946
1878	-296.14665907297115
1879	-299.4774785888027
1880	-303.746729512054
1881	-309.4371550175456
1882	-308.5172418945494
1883	-307.1093915414899
1884	-303.26114555333527
1885	-306.5780119298091
1886	-305.9981575416787
1887	-300.6619198981484
1888	-301.2025677217595
1889	-304.6625354788802
1890	-304.53589534917865
1891	-299.4240316480225
1892	-301.43071046657036
1893	-304.2120210059528
1894	-306.21987764596133
1895	-304.923344245055
1896	-303.4037901723574
1897	-300.57438861277024
1898	-306.23638619230735
1899	-302.3251260316701
1900	-306.0491943019045
1901	-307.259075146385
1902	-309.2722820393279
1903	-300.3690289159305
1904	-301.38659050014405
1905	-306.0176101490383
1906	-299.22824666062695
1907	-305.67720773023296
1908	-303.20088424427286
1909	-305.7800107893112
1910	-297.1486021582346
1911	-300.2699592703431
1912	-303.01721327180184
1913	-293.071680440528
1914	-303.58600532617265
1915	-305.0386346711425
1916	-309.0999250320258
1917	-301.2953557763567
1918	-302.6144213855845
1919	-303.36121379101263
1920	-300.75351625394353
1921	-302.8974686937108
1922	-302.9242847627127
1923	-302.88710031456196
1924	-301.55156004417967
1925	-304.5892678736869
1926	-307.00106607946856
1927	-307.4962320807755
1928	-302.8489326229966
1929	-307.2907293519823
1930	-303.5538512368159
1931	-305.31000093297473
1932	-302.96255355894584
1933	-304.8945
1934	-305.26243808403837
1935	-305.12900403206453
1936	-308.8553110503321
1937	-307.43843036231357
1938	-306.2519792315039
1939	-304.9556447732923
1940	-306.679611143518
1941	-304.05456530808704
1942	-307.73570345187363
1943	-306.85131116665514
1944	-300.9384893439021
1945	-302.3415486015866
1946	-302.905822267334
1947	-303.1531247780459
1948	-307.32624011494767
1949	-310.9037390845166
1950	-306.8849012492312
1951	-302.8314204975792
1952	-306.8900039857038
1953	-305.583342754489
1954	-304.26921319193195
1955	-305.7900236937281
1956	-303.4861138175603
1957	-311.67572261878746
1958	-305.36535313572233
1959	-306.16691898955327
1960	-308.1581659560452
1961	-306.4500804906334
1962	-299.1992754014418
1963	-299.442300050101
1964	-303.6927616487781
1965	-295.7738366025163
1966	-306.66511841501375
1967	-302.030451655011
1968	-305.143157025262
1969	-299.1245652428159
1970	-299.09173505186163
1971	-305.40335834807377
1972	-306.41564804743615
1973	-300.00751311910705
1974	-306.1830838595485
1975	-306.879036689212
1976	-295.7220485756928
1977	-302.57092657702486
1978	-301.9610741161726
1979	-304.07095636084216
1980	-303.7893304817984
1981	-298.88229746118583
1982	-306.9568248674088
1983	-307.46715675567657
1984	-307.11098256324493
1985	-303.9102785746181
1986	-306.9957150088871
1987	-300.259463749165
1988	-309.0763882149536
1989	-297.0288809020814
1990	-298.558133061001
1991	-299.0224799512783
1992	-300.83282011931124
1993	-295.4113937716856
1994	-303.33878405869007
1995	-299.5288674982574
1996	-311.5288601010257
1997	-310.4364141453597
1998	-307.89525894276454
1999	-301.6642200929634
2000	-301.41716861767577
2001	-301.03212840038344
2002	-297.7645351384867
2003	-300.42808286774346
2004	-305.41709258874795
2005	-309.20866597105146
2006	-302.38521985014484
2007	-307.766801820024
2008	-303.2033085173265
2009	-307.6207471817678
2010	-300.74278891193694
2011	-303.73470912041984
2012	-301.1534052912604
2013	-297.4710044598345
2014	-307.2384982128333
2015	-294.94440969657154
2016	-307.906399491161
2017	-295.9022827863543
2018	-299.6141002405836
2019	-302.60004388025476
2020	-304.02379831470694
2021	-307.9646487258902
2022	-304.05606931653483
2023	-302.443879554251
2024	-297.9330249717962
2025	-304.6812551366253
2026	-304.8521661559761
2027	-308.7129075251941
2028	-297.4162145202908
2029	-307.9324916925451
2030	-306.264051290663
2031	-306.955128561973
2032	-306.3017607149149
2033	-303.36120783038865
2034	-309.16258757070904
2035	-305.780911165394
2036	-297.31903300204175
2037	-307.0730369237229
2038	-299.5886302749047
2039	-305.864715077711
2040	-303.4828591340725
2041	-307.52235192800845
2042	-304.66455191522493
2043	-306.71127932209583
2044	-308.0450915246481
2045	-309.05748555624984
2046	-305.8048026592453
2047	-302.6319486997843
2048	-306.7057389420752
2049	-304.92195642971484
2050	-303.10986144595506
2051	-304.90932507016635
2052	-305.7129490347599
2053	-303.1870581687277
2054	-299.5469543531435
2055	-306.36575075474826
2056	-307.6293506774758
2057	-302.639704792669
2058	-299.3559566872669
2059	-301.26774952373154
2060	-302.0425201711295
2061	-312.53710469375864
2062	-307.0623672185171
2063	-311.25519570799946
2064	-307.84863932817103
2065	-301.47571894717
2066	-308.78972389706416
2067	-304.0243956060099
2068	-304.6008858818053
2069	-304.1354000000078
2070	-306.8075049023081
2071	-309.7381704814861
2072	-303.73036371455726
2073	-295.775762464835
2074	-302.6978728548816
2075	-309.1545360561363
2076	-307.1201745292619
2077	-313.8113522244841
2078	-307.9054909646145
2079	-308.67033027055413
2080	-310.4017315881626
2081	-308.3909013331136
2082	-301.409687784159
2083	-301.0543697731057
2084	-301.32237059381345
2085	-308.3509746325204
2086	-294.13031308561483
2087	-302.14104854611907
2088	-300.2280837541995
2089	-300.0394977810886
2090	-299.01547951597104
2091	-303.83731959219875
2092	-302.84020425832404
2093	-302.8529
2094	-303.47550176719744
2095	-300.91992337294255
2096	-301.5838291752884
2097	-302.0616204988781
2098	-304.66700459201894
2099	-305.0368345369995
2100	-303.5447904062272
2101	-299.2458789496824
2102	-306.27886639164404
2103	-303.0141579085159
2104	-306.6758279456277
2105	-303.96899023145795
2106	-300.62528588655067
2107	-306.1336457807394
2108	-306.1017994600002
2109	-298.88340000459124
2110	-298.7742906994302
2111	-302.27157580060674
2112	-302.91164701017
2113	-308.1041023845226
2114	-308.3309060547681
2115	-304.2631008079436
2116	-303.0847000368762
2117	-301.5064149396641
2118	-298.38136465768497
2119	-298.3473084559239
2120	-297.35097008177456
2121	-306.1828330239646
2122	-299.84034409125354
2123	-300.664694891805
2124	-296.8068369112465
2125	-304.49622040917546
2126	-302.16234731188416
2127	-304.9039023545971
2128	-302.875530464143
2129	-303.4639397892228
2130	-307.3571700860003
2131	-297.4605772191046
2132	-304.8901308879317
2133	-301.246062401486
2134	-303.80204515768366
2135	-307.8195227187681
2136	-296.63165707997564
2137	-308.418581996277
2138	-295.15769201736714
2139	-306.7974274419979
2140	-311.3061802109989
2141	-303.4194084746829
2142	-303.0902423178952
2143	-309.6722741790611
2144	-304.73884501259687
2145	-300.7737772103089
2146	-304.084337734602
2147	-296.4319878757968
2148	-300.73494148284215
2149	-305.0876851716803
2150	-305.34925882180806
2151	-302.4863995550432
2152	-302.01379753160023
2153	-300.5017409727527
2154	-302.20732004888237
2155	-303.5808405041382
2156	-311.09973659183623
2157	-304.9616248056471
2158	-300.5291436491271
2159	-300.25815538440406
2160	-298.947182830125
2161	-306.27808878629963
2162	-305.9073099933343
2163	-302.91373754591365
2164	-299.96357810616223
2165	-303.197919553687
2166	-309.84793044401135
2167	-306.4831237710985
2168	-301.87550000000005
2169	-305.6733192085803
2170	-306.35395519542146
2171	-301.8450812906394
2172	-304.85515801819975
2173	-293.6667037574962
2174	-309.6959978173489
2175	-299.3739000188071
2176	-298.5491463216926
2177	-300.40153154676295
2178	-294.395014300279
2179	-297.63035889200825
2180	-303.60868392843594
2181	-298.0105975013707
2182	-300.24152804905106
2183	-295.92335100858645
2184	-300.54942122685424
2185	-296.07702764473515
2186	-301.81249866284026
2187	-305.8636453386689
2188	-301.1227243580961
2189	-304.23900784963695
2190	-295.6909824449059
2191	-303.46634344639705
2192	-302.0876104595121
2193	-306.9688008963253
2194	-306.2696948263368
2195	-305.9034325418449
2196	-304.7248647909084
2197	-302.55975393415196
2198	-302.79796332813095
2199	-298.82268331336616
2200	-304.35640209200284
2201	-304.88934788641296
2202	-307.14797855983466
2203	-305.56274359679014
2204	-304.96317421486424
2205	-312.43224213965897
2206	-307.0543099697569
2207	-304.8670042545086
2208	-300.0777979862165
2209	-304.85367811651054
2210	-306.73573513905535
2211	-299.4870207699137
2212	-301.62870049205435
2213	-295.8311995075936
2214	-294.8898431888257
2215	-300.56086767249315
2216	-298.96998930024716
2217	-303.1615082874992
2218	-306.9593061531292
2219	-308.473667319928
2220	-302.2487507459206
2221	-301.645223689489
2222	-307.2549000000021
2223	-307.2750067178528
2224	-307.87689728928416
2225	-310.16806135360116
2226	-304.8487823621877
2227	-306.225221993407
2228	-305.46476377823683
2229	-301.0265901108701
2230	-300.91226238339885
2231	-303.6255885969195
2232	-303.3179172810183
2233	-303.7643361355126
2234	-300.22316183660456
2235	-310.7369060930411
2236	-300.1688502543764
2237	-301.54910000154985
2238	-299.36090134358506
2239	-306.4474875729724
2240	-302.21622780364737
2241	-305.5966120574124
2242	-292.3500087561518
2243	-300.48246528223956
2244	-305.3680009504755
2245	-300.2017088746731
2246	-308.1681091176182
2247	-304.372631908363
2248	-301.83263196382427
2249	-304.96501229170394
2250	-299.04191682518444
2251	-301.4147518364863
2252	-308.7570855274192
2253	-306.20971995763034
2254	-302.08798744747173
2255	-298.7277432605094
2256	-307.89300864961115
2257	-299.46136461591925
2258	-301.0089037558864
2259	-302.29760000310097
2260	-304.48988619061583
2261	-305.82197089121223
2262	-301.34689445190423
2263	-304.6635177414555
2264	-307.9325342805862
2265	-303.29113510173124
2266	-301.9534398427574
2267	-303.4378644208336
2268	-306.2645290120567
2269	-302.2367086382245
2270	-297.8097272302091
2271	-299.3173901517217
2272	-301.96562432626877
2273	-298.3226598873073
2274	-299.1431980869244
2275	-301.7801631608309
2276	-302.9667085216315
2277	-303.14330119644274
2278	-305.8934351260615
2279	-301.45674094144834
2280	-296.56976180294726
2281	-298.20900551281
2282	-305.4954299385045
2283	-308.54127399477824
2284	-298.8370780203556
2285	-306.8671637201821
2286	-300.103213216516
2287	-304.2382489670114
2288	-307.3642714136902
2289	-308.8419993915416
2290	-302.3109452843397
2291	-303.4605467310474
2292	-304.0059973914177
2293	-295.9320154881886
2294	-296.3300838257194
2295	-304.38789023966075
2296	-303.1683974837472
2297	-309.477813924123
2298	-306.72174902641166
2299	-302.64114745446756
2300	-306.4745334579791
2301	-300.73245334084163
2302	-304.1931062898202
2303	-307.94914484876256
2304	-296.0289575143904
2305	-301.2570573141817
2306	-310.64069715517144
2307	-307.5795471742231
2308	-298.2956211259842
2309	-308.1031846804137
2310	-306.192419291489
2311	-296.7627759359714
2312	-306.7204515329702
2313	-306.7733307436875
2314	-300.4204657760536
2315	-304.8942400004431
2316	-306.3892053465116
2317	-306.6684220081837
2318	-298.3189995917595
2319	-301.3346278388029
2320	-300.2149444750447
2321	-298.4493597000037
2322	-298.4190396985465
2323	-301.4981855530706
2324	-297.6927542762136
2325	-301.5929923266078
2326	-300.64677556601106
2327	-298.79160691913904
2328	-299.0610178104502
2329	-311.1099498178815
2330	-303.9051416797651
2331	-303.3493638113462
2332	-306.3787306494458
2333	-299.73112170381677
2334	-306.98459587077906
2335	-306.6969308539192
2336	-298.34553856447764
2337	-300.1385005913552
2338	-301.92375011686454
2339	-302.7342784435847
2340	-303.04986833368565
2341	-309.5374399084062
2342	-307.5185143702221
2343	-306.375060663262
2344	-304.7907728952677
2345	-306.64882929260557
2346	-309.4110777911353
2347	-310.3332318775384
2348	-301.5148745434719
2349	-304.0801
2350	-304.7327673404095
2351	-305.2338226805917
2352	-306.2652392848774
2353	-302.2509222677255
2354	-304.402705967915
2355	-301.5272583876838
2356	-308.5932082559347
2357	-309.25286917127033
2358	-298.5814436674508
2359	-306.20051322274486
2360	-313.78807343368976
2361	-299.1359797628083
2362	-303.45880000204545
2363	-307.4066726627515
2364	-297.3056734230905
2365	-299.1276393255246
2366	-304.19379628290477
2367	-300.3655792688179
2368	-306.6678365553449
2369	-303.06128689555044
2370	-303.045214320148
2371	-307.0572322636202
2372	-304.13971309361085
2373	-306.2793000000032
2374	-308.8474752040273
2375	-306.0036364852697
2376	-305.6150433392335
2377	-306.2350533727519
2378	-309.4324804591569
2379	-297.8161781630757
2380	-305.62230325441396
2381	-301.37827162438384
2382	-304.1646085428866
2383	-307.40093905349465
2384	-303.5781961267763
2385	-305.2237528033369
2386	-307.541803730895
2387	-307.20397275886125
2388	-305.10130554033174
2389	-304.44426905827254
2390	-305.608322203867
2391	-303.1874822702817
2392	-307.83306735552435
2393	-303.8477411876833
2394	-300.60952845774057
2395	-302.8397568957233
2396	-305.386547547509
2397	-298.5161334034085
2398	-298.4359022230807
2399	-294.147333505077
2400	-299.31213141514957
2401	-296.3922314479619
2402	-300.46961701716987
2403	-300.5161204963499
2404	-298.2801433416577
2405	-300.11949603106916
2406	-290.76074260293376
2407	-296.88412912131696
2408	-307.13676745422254
2409	-299.1488661928688
2410	-295.00540030658993
2411	-302.66632749865886
2412	-300.80242361529145
2413	-303.1526687234977
2414	-298.504634071202
2415	-298.47695851551305
2416	-300.7363414301408
2417	-302.3630006227949
2418	-305.7943723074446
2419	-301.1999499090626
2420	-305.1449958307964
2421	-304.58145863349796
2422	-305.5697541899045
2423	-302.2232
2424	-302.734071243203
2425	-308.13279333534103
2426	-309.8380658335891
2427	-299.66301442030795
2428	-301.62349752730404
2429	-304.1120765109206
2430	-308.4236073556276
2431	-302.25062346516
2432	-302.7228033287564
2433	-306.767868344629
2434	-304.4576898505352
2435	-302.3847199921366
2436	-304.78121849121743
2437	-301.7182147437788
2438	-304.9193
2439	-301.71974144165006
2440	-308.48402312888385
2441	-298.43341096829937
2442	-307.8109963932028
2443	-305.4409034966519
2444	-303.6078593782744
2445	-303.5818806643333
2446	-296.59331697646235
2447	-299.39358429213934
2448	-303.43035009446476
2449	-303.63996186663957
2450	-307.2331800998313
2451	-303.89625619224813
2452	-301.5036942309538
2453	-308.62078028477936
2454	-302.4702672058916
2455	-304.13864635185126
2456	-304.21725384013087
2457	-298.2974
2458	-302.6959838338522
2459	-301.2241941835364
2460	-309.66036980276067
2461	-306.6791571029531
2462	-304.8226426422888
2463	-297.43809774531456
2464	-300.25724659541044
2465	-303.90883228965674
2466	-304.58695717706365
2467	-305.30303936195526
2468	-305.6910015438305
2469	-305.73800810108895
2470	-304.93398107754984
2471	-302.2197369956853
2472	-302.07814843143575
2473	-298.08567590626046
2474	-305.4195410624287
2475	-295.40543496457724
2476	-302.27193051421426
2477	-299.92843564465335
2478	-299.5082470991954
2479	-299.3748414892363
2480	-309.1935920171634
2481	-304.59349132269534
2482	-312.2030472818659
2483	-302.67755729795533
2484	-297.1847563392155
2485	-305.56603704341893
2486	-307.21424614754255
2487	-307.73057786573366
2488	-301.08961671569756
2489	-304.15019373074256
2490	-304.094321468853
2491	-304.47781519297325
2492	-305.4479441888194
2493	-304.18392204294
2494	-303.89199949010083
2495	-308.04265852568136
2496	-300.87771753126026
2497	-299.7931350708241
2498	-301.9339834426447
2499	-304.1174173602885
2500	-304.1150694966059
