1	-300.92128662764026
2	-303.2617392054986
3	-302.0156341079818
4	-304.53386651381965
5	-303.2774491195431
6	-307.33584232091044
7	-309.9869739470561
8	-306.60137099453783
9	-307.1324878578156
10	-306.24568609827907
11	-306.19532067149595
12	-306.7714892640208
13	-299.3527992710193
14	-300.78824544500395
15	-311.3617065723574
16	-305.2777528839907
17	-304.07200353598535
18	-306.3031297829992
19	-304.1283084726223
20	-300.7391213221133
21	-306.3698897033007
22	-304.98071981298244
23	-304.077192475444
24	-306.729205050254
25	-310.5504843488246
26	-306.01865787032943
27	-304.35586066394177
28	-305.94265037060495
29	-307.8010502753126
30	-303.559280802016
31	-306.78482640582655
32	-302.4808087051053
33	-303.85561475120267
34	-306.1282831629484
35	-309.4024308402402
36	-309.2731978427589
37	-304.6922134559746
38	-315.7598640542385
39	-310.7298135323136
40	-298.8561104645546
41	-305.34415840379205
42	-303.56285495960583
43	-307.92750263086776
44	-309.63838458770505
45	-301.808543242267
46	-297.60558788709346
47	-309.2547870406578
48	-306.16979221174273
49	-307.28476515236054
50	-307.8305573916991
51	-305.3097928781864
52	-307.5757876907285
53	-308.83171360021373
54	-300.78022901747863
55	-308.0725909950986
56	-305.4334831657033
57	-304.4878759427787
58	-296.6205930104882
59	-300.4536313451255
60	-304.11886791103984
61	-306.966363569134
62	-311.2679890675294
63	-301.9012090150978
64	-300.1354573302919
65	-308.4899120957945
66	-300.0350932234022
67	-298.20365457097046
68	-313.45704707632353
69	-303.3353032701015
70	-300.8679909886051
71	-310.06351883357024
72	-306.93376525791507
73	-305.70722992850006
74	-309.4858720995946
75	-306.8264675377695
76	-301.3111974162476
77	-303.61879050027414
78	-304.1783925335588
79	-300.8022532514461
80	-304.4613568044618
81	-301.25834724750104
82	-313.7852715643429
83	-307.3617373830025
84	-309.21667475768163
85	-305.84908855838535
86	-307.74482131211187
87	-307.71650641311874
88	-308.31745945020515
89	-308.63668900854196
90	-306.9307000595773
91	-305.72025789419894
92	-309.5491358758734
93	-312.8650048721309
94	-305.12837877857385
95	-308.5953858812129
96	-310.9410059094334
97	-308.6780729861383
98	-301.9912720941965
99	-308.6350728041596
100	-300.4807209228057
101	-305.11514212650945
102	-304.0257867650144
103	-307.56947332015005
104	-308.68394164102745
105	-314.75647199884884
106	-308.4070335015386
107	-304.6545031035236
108	-310.58634787240516
109	-300.78918045389355
110	-314.8753317830705
111	-307.63065580461745
112	-307.7316209720026
113	-303.0396864381142
114	-309.9244720368754
115	-307.8261560053885
116	-304.01579104123437
117	-306.29774893193735
118	-306.0623998974455
119	-301.3104263964791
120	-308.38812567615213
121	-306.27183215701706
122	-306.8125043662165
123	-311.40740460252977
124	-302.89571278770256
125	-307.8951015247658
126	-310.3073598290521
127	-304.3222215630128
128	-308.3359761409467
129	-308.40614295112204
130	-310.3122860665687
131	-308.43405106501893
132	-306.58483724871456
133	-305.7341825573743
134	-305.67452895353046
135	-304.3483555099347
136	-305.0420926951367
137	-306.67178285587374
138	-301.54885688552645
139	-303.3981922538689
140	-309.7605050017595
141	-302.13105319694586
142	-305.9679658002134
143	-304.7993430415526
144	-302.70754148623075
145	-298.383063283067
146	-303.8059504511638
147	-305.38103872505997
148	-301.23042039276777
149	-302.3015099980978
150	-306.4247902695739
151	-305.02776096363397
152	-306.10838096246704
153	-297.2163186237625
154	-303.41201621541677
155	-300.1359321236514
156	-302.27967261059234
157	-304.9140474668889
158	-300.3615471538344
159	-298.5477879249086
160	-305.38749718659665
161	-298.92572656693784
162	-295.54542870962376
163	-301.3412134733517
164	-301.9745150022431
165	-306.735826839032
166	-303.5166209934718
167	-305.6365604889683
168	-304.7670359785783
169	-312.42665194336
170	-304.79148211212595
171	-305.28484167843305
172	-307.02585855304625
173	-310.33967262651254
174	-304.45463336449546
175	-309.6868349419892
176	-308.0346136351514
177	-304.4262213938493
178	-308.518804485091
179	-306.5557851169743
180	-305.2614233817384
181	-301.9605509138005
182	-302.852259463448
183	-302.0195244585189
184	-301.51224451033175
185	-309.3893064176424
186	-303.34202544027056
187	-308.3289086890153
188	-304.1327347555543
189	-311.37064825813525
190	-307.0291250683788
191	-302.99968836558253
192	-309.0024357699359
193	-306.25177198717194
194	-304.012096408857
195	-296.2613893040581
196	-303.2179760935072
197	-305.7687038171357
198	-301.7480941359676
199	-300.00889963427477
200	-311.2819145029103
201	-304.7832388344701
202	-306.15604108217354
203	-301.80137642057247
204	-303.766938852584
205	-303.79630351789166
206	-308.5540172683713
207	-307.13023612342005
208	-308.13488127721064
209	-309.6463921288793
210	-304.5560917715585
211	-305.4081732992921
212	-306.3825968684111
213	-297.31652841603125
214	-308.56148880841243
215	-300.3730843634852
216	-300.4544443389523
217	-305.63046819785706
218	-302.95755698478126
219	-313.1433219320195
220	-305.15485883594084
221	-298.3765866973343
222	-309.6866004142154
223	-296.7805784377152
224	-300.9147309809008
225	-303.46952587777935
226	-300.49699056723557
227	-309.72220886000247
228	-303.0653730185701
229	-306.7551774181343
230	-300.1509132375949
231	-308.50934332611786
232	-307.2546618619435
233	-301.7082871362524
234	-308.9667282122917
235	-302.33301868339925
236	-304.5917137628771
237	-302.64658870657684
238	-304.8118120979346
239	-301.4818905296903
240	-310.40695997690443
241	-302.0278673521683
242	-299.3719922685706
243	-308.4095472050821
244	-307.29400138626795
245	-302.90070556008754
246	-303.8500689293631
247	-296.17841907663654
248	-305.6214632527691
249	-303.9809691335573
250	-304.0043900624209
251	-308.9233744209199
252	-306.3325418262239
253	-304.4233998775104
254	-314.0272683335026
255	-310.5416544546206
256	-305.6529308180441
257	-312.7127879623831
258	-313.96642701926146
259	-301.5947774499112
260	-304.59526895468673
261	-302.03092599029173
262	-303.729431299385
263	-306.8412498050697
264	-301.53077631675797
265	-307.2834519271365
266	-304.2000175206313
267	-307.87849159247475
268	-310.90272542806287
269	-307.4786983970045
270	-304.1996184961412
271	-306.12496915153235
272	-308.9738383594483
273	-304.0223536455794
274	-307.65230422163677
275	-305.42306944679854
276	-303.1663438222745
277	-306.35805066154427
278	-305.56991301230227
279	-310.5915921708883
280	-309.3185819014499
281	-308.7284554645608
282	-305.90244860894006
283	-302.2881712608655
284	-300.5305113006978
285	-296.0333949263552
286	-298.1434290136309
287	-306.90318046126
288	-307.01885431030047
289	-307.03434024123317
290	-305.12963452198505
291	-309.85729355543657
292	-308.5275810941265
293	-305.69228028440375
294	-302.73039331522966
295	-305.6758198892551
296	-310.12325941156683
297	-311.4063021978844
298	-295.31988272366647
299	-297.1562928928182
300	-308.1218887248073
301	-301.54602582407057
302	-296.8550436029105
303	-304.6019860753754
304	-298.3183473403672
305	-303.9938330391591
306	-301.8764693856005
307	-300.9698400940801
308	-307.8891127259454
309	-304.9788989497919
310	-307.80251345519287
311	-304.7385114783818
312	-301.35624897460815
313	-302.65972054652144
314	-305.78828047684283
315	-308.23395692809754
316	-302.3522858512455
317	-302.4525483057068
318	-305.51149946696637
319	-302.19816471733475
320	-303.7149496823066
321	-306.11743281237466
322	-307.3779588743072
323	-305.8479729931644
324	-305.12319568277
325	-305.5534244659641
326	-306.59396007612
327	-307.50752578526044
328	-309.3751496489423
329	-301.1177063089042
330	-302.1967859768608
331	-309.85314306456155
332	-298.1456170072189
333	-302.24962597294234
334	-299.18570949099575
335	-305.3761232989265
336	-303.0917452938732
337	-302.0726162188066
338	-306.15535386969674
339	-304.8138369948819
340	-304.35814131143934
341	-312.73009763417076
342	-310.3517112557676
343	-303.60852426545296
344	-302.95305779772934
345	-306.0798904095469
346	-308.1949661696488
347	-302.8476525830805
348	-308.12060147547834
349	-302.03418834673954
350	-300.3460403680196
351	-297.5823656997923
352	-304.63746911561924
353	-301.2603653157048
354	-301.71527298795763
355	-312.63053103878127
356	-309.854954966303
357	-309.95011662557744
358	-298.58608198634835
359	-302.43528951602946
360	-311.9270716464248
361	-303.0488656632108
362	-311.3939338175799
363	-306.4778168835903
364	-305.1461285879199
365	-302.1429032230213
366	-312.558631730403
367	-308.44292720670086
368	-309.19037964592496
369	-305.7539463596191
370	-304.8897603134682
371	-313.3706789799244
372	-302.9562166184115
373	-303.9344447104096
374	-305.4403623532822
375	-309.2942969941487
376	-310.7688832816642
377	-311.5370919982755
378	-307.5459750427497
379	-308.626738039323
380	-303.3885314134933
381	-297.0690539838283
382	-311.2123733442225
383	-304.9166894988386
384	-308.7502355536042
385	-305.90873170787467
386	-295.83628201154585
387	-302.98558266103186
388	-303.6484297391002
389	-304.02221904088367
390	-308.55976100139407
391	-312.043084562965
392	-307.7645882034082
393	-295.88202717049006
394	-296.3508387524059
395	-304.12875092950884
396	-309.80784044128046
397	-303.2667905694869
398	-310.1172891680651
399	-305.0994727875201
400	-309.2092503766347
401	-300.1088373513729
402	-304.16178584782335
403	-302.1385287529635
404	-305.72692239200256
405	-307.08996842013465
406	-297.404911221062
407	-308.5940933847211
408	-303.6235977377692
409	-303.36996081163
410	-304.5418677571087
411	-303.033340152187
412	-302.4848375659125
413	-298.18960372587895
414	-300.4888787299689
415	-296.4871192667454
416	-306.12500132576054
417	-305.6892769209857
418	-303.7260584034329
419	-302.4091266773725
420	-305.637987097029
421	-311.6822370278464
422	-302.0436166119443
423	-306.4662521459473
424	-308.5867171924437
425	-305.9328205709152
426	-302.4559543965099
427	-302.79882028580005
428	-302.62084706177916
429	-297.82720268009126
430	-300.9221593693332
431	-302.4766750315563
432	-305.36490125830767
433	-310.71300739818963
434	-312.1630434583956
435	-306.16016308065207
436	-307.0359038496523
437	-304.52700302200753
438	-304.786905767481
439	-306.1023066874152
440	-305.82678121134677
441	-307.66321180257967
442	-305.33771953758173
443	-306.7722885104687
444	-309.79767976846546
445	-301.02194866943574
446	-305.65084906803145
447	-305.62899913166774
448	-304.1311370275038
449	-305.0700331889423
450	-306.3611254946099
451	-292.82692594153684
452	-303.01915771503997
453	-298.5490046442743
454	-295.20360463911055
455	-300.04152135558235
456	-298.0094969937273
457	-301.9809627897451
458	-299.56844450425365
459	-299.81523274836354
460	-299.65802064670095
461	-313.82163307906063
462	-301.13035326670155
463	-305.88460196432584
464	-310.5241617240857
465	-302.6388541437077
466	-302.03128804979514
467	-303.4350821146339
468	-310.03154320596207
469	-301.4877265990633
470	-304.0594852155764
471	-305.69670631787363
472	-304.80832446568166
473	-305.85030886174496
474	-308.06178339272856
475	-302.29936415533206
476	-308.1854964312892
477	-302.0898353418587
478	-300.7951356806638
479	-308.941602736121
480	-306.23790355184343
481	-309.1623720213633
482	-305.7284517855597
483	-304.02808407643323
484	-297.8032273267183
485	-308.8297155790721
486	-306.93459965757194
487	-306.6952862709206
488	-306.2841379439133
489	-306.1765052761884
490	-305.8446537692443
491	-313.2044664938887
492	-302.49254341979065
493	-305.7424818784627
494	-299.8298159272214
495	-294.24497660958457
496	-304.65386104705755
497	-306.9526
498	-306.64853371341155
499	-304.18073464201404
500	-308.47591200880436
501	-302.94058799589607
502	-291.14688680376366
503	-309.0312892825079
504	-305.6523568310174
505	-303.43173692362745
506	-304.1675930690739
507	-305.50971215861534
508	-308.09884037264715
509	-303.37466821950176
510	-307.09967808886825
511	-304.19445450818716
512	-302.56615976133963
513	-303.41825330352873
514	-307.37374210690297
515	-305.1319134780728
516	-306.9563605528163
517	-308.3966228714214
518	-305.90002859368667
519	-297.96214177294644
520	-308.10202943528384
521	-302.16612904973994
522	-307.27317346235594
523	-306.5538257297064
524	-306.276347362889
525	-310.85392934220835
526	-309.627526944385
527	-309.175736806093
528	-303.3643321951582
529	-301.25219360981134
530	-301.8606155211738
531	-309.95534439971027
532	-312.4326706255784
533	-307.55663675229687
534	-300.7990896507603
535	-307.10703462780964
536	-307.14726576435436
537	-302.1077423157214
538	-306.19951232709616
539	-309.2755522522508
540	-303.92901693704056
541	-301.81509289359946
542	-302.3686159548814
543	-312.09781514476555
544	-304.3339764385997
545	-306.4678841531438
546	-306.4680603094269
547	-301.4078844413057
548	-306.7399406104709
549	-300.3996582665353
550	-307.41080359178676
551	-300.4854520561455
552	-299.55331197526607
553	-307.5852803759856
554	-307.0542538595846
555	-306.8501153355126
556	-303.795103850321
557	-305.56099842077947
558	-298.5015792135681
559	-305.7531266969355
560	-310.39795262510114
561	-300.08979322430946
562	-302.41859958562367
563	-303.9041928250594
564	-302.32235222640895
565	-302.97367028776614
566	-300.6116058393209
567	-304.17273391585786
568	-307.32019638348595
569	-305.24351822526927
570	-307.9092455367218
571	-307.59289494021743
572	-306.41436365285904
573	-300.9187417989794
574	-304.08161998072313
575	-305.5355507157311
576	-300.8290070435309
577	-300.42984162550584
578	-305.2014130361518
579	-299.00143889334566
580	-306.98180966620964
581	-306.3556354014046
582	-298.33401312267387
583	-296.0172962448703
584	-306.9584817307775
585	-307.0835748411698
586	-307.02877344723174
587	-303.0530980704842
588	-305.10170317655917
589	-308.5997920965344
590	-306.85341989769375
591	-307.3856487944997
592	-307.4843256953782
593	-305.9774640852621
594	-305.2878131459528
595	-307.42114093308214
596	-304.96019682864545
597	-304.37197742289646
598	-306.54971117992557
599	-306.58850173409337
600	-304.4006543087071
601	-308.44819040032746
602	-305.5684427740357
603	-300.12557993815665
604	-309.8639368471683
605	-309.69202636690375
606	-309.5943217712269
607	-309.65713235524447
608	-308.07159852606014
609	-308.22894560252183
610	-304.7105076925083
611	-303.8062730506915
612	-306.1451536793495
613	-310.41112251028676
614	-304.91680951800544
615	-310.7191484586118
616	-303.4890129105211
617	-300.7958251718375
618	-305.1717845000125
619	-313.7370520864674
620	-309.70055420750634
621	-308.85967436542984
622	-309.97896899065955
623	-307.30015927934545
624	-307.69487275189437
625	-304.43971151879396
626	-303.4400292319932
627	-301.3520658809348
628	-307.57440829665603
629	-303.82701324827667
630	-309.68878216818257
631	-311.2148674031088
632	-307.885989657234
633	-305.1586060085313
634	-306.6047859944976
635	-303.0136847269058
636	-307.7131809536768
637	-307.6474078438289
638	-308.78564239193616
639	-306.68186102245824
640	-305.5670596334919
641	-303.8819517867335
642	-304.4984332669561
643	-307.05963238830486
644	-308.65387469896734
645	-304.05962241257095
646	-305.37698077249917
647	-296.2717551259921
648	-304.3750908973672
649	-305.2987576492515
650	-298.44868011229124
651	-301.42020860536894
652	-303.9418114863122
653	-300.83024163143034
654	-308.07375640451295
655	-311.1999086196913
656	-308.36354506564885
657	-307.94671272451006
658	-302.8554427634153
659	-305.08575510971946
660	-311.1978403670171
661	-299.7993784177923
662	-307.8609186970041
663	-307.92107416390417
664	-303.1167794589727
665	-305.68065632628156
666	-308.505282867525
667	-308.45743521198904
668	-300.7924186287848
669	-301.78448514898156
670	-304.5887608052066
671	-308.84685878634707
672	-309.47824335959046
673	-300.11634419699504
674	-298.8376449622609
675	-304.3083427681677
676	-307.02901990774416
677	-305.6050617722756
678	-306.8359770151348
679	-299.3183056294548
680	-306.0149835323209
681	-301.8686226472942
682	-305.2216116880607
683	-297.4372988107403
684	-303.14968483383666
685	-304.54507590594005
686	-303.75767616594266
687	-305.2475274103553
688	-302.57395791781664
689	-300.6275901131372
690	-306.7408760364825
691	-303.31752521997987
692	-306.570127581408
693	-304.1058054866499
694	-310.07224008409605
695	-306.9770159945324
696	-299.05428804035785
697	-305.30654459489125
698	-304.3621460595582
699	-307.4616769640188
700	-296.13911665947495
701	-298.66188790498836
702	-304.7926678567863
703	-307.7430211761537
704	-304.1338164121675
705	-311.1273347256624
706	-303.7088113430399
707	-301.8834453134108
708	-304.59283231260724
709	-308.07875094786993
710	-303.60712243006765
711	-306.4947662372325
712	-306.56696863092805
713	-303.8579515054644
714	-310.1692885511535
715	-311.40963033749296
716	-307.5995026006396
717	-306.96107701132786
718	-302.3907104284569
719	-305.219136669793
720	-300.7567086308688
721	-299.41461624179516
722	-303.78949300574635
723	-302.91357330461426
724	-303.7914350958412
725	-295.28448394688144
726	-303.96257647630665
727	-305.8362765182899
728	-300.54701100914457
729	-302.2278973160247
730	-301.94643987844165
731	-303.75913584979673
732	-304.49650853303615
733	-304.263157711184
734	-304.21116243598453
735	-305.4349037002243
736	-303.7297894363477
737	-307.63534711955367
738	-301.45772774991667
739	-305.8487612915327
740	-296.4221039147369
741	-302.9200421839365
742	-307.18072453561643
743	-304.680541340338
744	-300.24489344520424
745	-303.57717037110075
746	-302.6895910030243
747	-306.78238932116767
748	-302.5357302811702
749	-301.5412556778907
750	-306.25291516233733
751	-294.89885064768225
752	-304.69472183978024
753	-304.12863809406576
754	-307.0852061756514
755	-305.713772656812
756	-300.7503296397022
757	-304.5003166787231
758	-300.60849571153364
759	-308.5039217639075
760	-304.57462249208714
761	-307.05673762881594
762	-303.4966368565361
763	-302.7673974663194
764	-305.8712429632548
765	-301.8834094550557
766	-307.47793670950585
767	-302.4632269590145
768	-301.4806150333586
769	-304.2115420047701
770	-307.4627662913243
771	-308.6433359823147
772	-306.0818971319683
773	-307.2977949398232
774	-303.0537954268398
775	-300.6606722320394
776	-297.7040726013792
777	-303.3337611190284
778	-306.5201899612846
779	-299.61992102129506
780	-303.3003695179378
781	-308.90198181299553
782	-308.3670139843083
783	-304.5162971732105
784	-303.73025246055187
785	-305.3660583502905
786	-311.02670924358296
787	-305.5808572626829
788	-306.9258380316682
789	-305.0626365532336
790	-299.02260555627896
791	-301.83219748250247
792	-307.3394486861788
793	-303.7132350154439
794	-300.858643630758
795	-303.7851293919131
796	-301.8268581744681
797	-308.5399238099196
798	-307.71968282038506
799	-307.44824208447505
800	-306.05996935122374
801	-305.5227955864799
802	-307.45964328224284
803	-302.0706934448513
804	-306.85524108078687
805	-305.6795306785552
806	-303.0634675745851
807	-303.13325286468506
808	-303.89287236066474
809	-300.77178540615415
810	-309.4946601394995
811	-309.73829832339777
812	-306.4534932845134
813	-301.93597876503475
814	-306.1082909566603
815	-313.67700270038847
816	-312.5880940760992
817	-304.5409026233501
818	-310.9711819532007
819	-305.5842997760049
820	-311.02926508755706
821	-302.9513004536374
822	-310.538407375694
823	-302.7138530515286
824	-309.38126751467337
825	-305.7895496607724
826	-313.014484037805
827	-309.61600952036
828	-306.50430341874323
829	-311.4773166153602
830	-311.7076598614659
831	-306.4598729164991
832	-306.41191413358496
833	-309.8163513114375
834	-308.4164894261626
835	-310.10196404017387
836	-306.89670860570124
837	-309.9191347904326
838	-308.1886526123322
839	-305.61515313811543
840	-308.0156236702162
841	-310.3565945022411
842	-310.2421581583386
843	-308.9510105211907
844	-302.05858617663245
845	-297.1045907179164
846	-303.6672813054701
847	-301.4421581797364
848	-302.3335019665861
849	-302.03784982911225
850	-298.98283899910757
851	-301.54444367560893
852	-306.11786039091976
853	-305.74164314601495
854	-305.68421898169197
855	-294.3261763683054
856	-309.94990977187535
857	-304.66082223073755
858	-301.21599776795443
859	-305.1620969446716
860	-305.8842760162638
861	-305.6031024195561
862	-304.36267715066936
863	-301.8658834830837
864	-318.8713595472045
865	-304.94261899801603
866	-305.5432450776659
867	-306.8445039060708
868	-308.57088425939486
869	-301.84128464221396
870	-305.40003203278667
871	-300.0894344890036
872	-308.08086594169674
873	-307.11163853101914
874	-304.79686579183095
875	-309.22465845495685
876	-301.8330188751972
877	-299.2622720301288
878	-302.0492826716491
879	-311.4503501049859
880	-306.62951497475166
881	-304.9785912044295
882	-302.4048803913061
883	-310.91585792707116
884	-304.94263160154014
885	-312.072127552685
886	-306.2176484339712
887	-310.962877639965
888	-305.5745654992772
889	-307.62241174603696
890	-299.19602952604674
891	-306.30900494206287
892	-305.98143145611164
893	-312.8621442773557
894	-307.9321017252116
895	-305.93326904106243
896	-308.0955551220793
897	-306.4429489432889
898	-301.9931999062049
899	-311.24138893390847
900	-306.0979513208027
901	-302.67386670560916
902	-307.47865142041474
903	-301.1766047401357
904	-305.9693210933144
905	-310.5575218389424
906	-303.43122371711866
907	-305.6991608480831
908	-304.00023762878516
909	-303.59627631808473
910	-302.638631342615
911	-298.4555127601413
912	-308.7208415075613
913	-305.63558801380236
914	-300.2237340323102
915	-302.7403341644182
916	-309.490048651256
917	-308.02971964189754
918	-305.2814134570249
919	-305.3681388690582
920	-297.62188355611056
921	-302.5045275912091
922	-305.2787618692531
923	-304.26090908283913
924	-296.5045160321475
925	-308.2357445245036
926	-301.2721086771391
927	-308.5953750963711
928	-305.0683588452152
929	-298.59212580595204
930	-299.750783111369
931	-296.8704976624145
932	-301.89773907187725
933	-298.87943249446414
934	-304.4681727295511
935	-307.6746521599538
936	-303.170989403219
937	-306.97156428204994
938	-310.07298173593546
939	-308.8129341885887
940	-302.78494966789367
941	-303.53046201954174
942	-303.38425001000394
943	-302.66138573224697
944	-300.67126298874683
945	-301.50252101089313
946	-306.7804203585149
947	-312.64814772710776
948	-304.4344984122066
949	-303.6712114908236
950	-310.9016405126619
951	-305.69154864058834
952	-299.74216839703996
953	-305.95917962286404
954	-304.0555557183598
955	-299.5049879760329
956	-300.1799300995266
957	-297.06781769103594
958	-303.62074877969627
959	-306.05525727903097
960	-302.12760949398194
961	-301.26819497929966
962	-300.8633387967014
963	-306.6429565963671
964	-303.3231010955538
965	-295.13788856005374
966	-300.47232800110714
967	-304.42449605129406
968	-300.1277315202006
969	-303.08891110760214
970	-306.2033721030561
971	-308.47152321798876
972	-310.3465500050064
973	-311.0401127694249
974	-310.8901489054698
975	-299.2815834398479
976	-305.55270362879446
977	-306.8933250803237
978	-297.7656449918891
979	-297.7490647293524
980	-303.64183908990873
981	-304.1214086499928
982	-312.09916811951103
983	-308.8109523376334
984	-301.28101518990536
985	-304.6315645854754
986	-299.21817124132593
987	-307.5133566246154
988	-305.68485518161845
989	-310.20734642481847
990	-306.43665670529765
991	-306.6682247806593
992	-303.2152117212084
993	-309.6803560836184
994	-307.87751679355216
995	-308.00010634366254
996	-304.61651591364546
997	-302.29261163760265
998	-297.28043377449825
999	-301.0811624562296
1000	-300.32859097063994
1001	-302.46028074327836
1002	-310.146713066163
1003	-301.3531130375311
1004	-299.96868170559327
1005	-306.99465908783634
1006	-312.60702397453906
1007	-303.5539840065389
1008	-312.4727968658184
1009	-307.879152450801
1010	-312.23799021413095
1011	-304.7784693502716
1012	-309.4151826855299
1013	-298.26787448062095
1014	-312.2130824395268
1015	-307.8948642193096
1016	-306.02302073323943
1017	-308.0610328626748
1018	-305.92959634489796
1019	-304.58351415147655
1020	-300.7288655967682
1021	-310.50037235478436
1022	-309.75073659018517
1023	-312.82090170641527
1024	-305.23945486675325
1025	-309.13082217426427
1026	-305.1387732715403
1027	-311.6249490365934
1028	-307.9145476533725
1029	-308.54763197889605
1030	-313.7750429018446
1031	-302.18419600762564
1032	-303.8514904013443
1033	-307.54124465424746
1034	-309.0137584159163
1035	-307.61565258843297
1036	-312.33919725966075
1037	-293.5596155980094
1038	-301.8683477144297
1039	-307.9635626427427
1040	-309.11472281510413
1041	-308.9160717569528
1042	-312.07436420937404
1043	-306.61589335482233
1044	-302.971976085927
1045	-308.46314844945505
1046	-304.7214297906691
1047	-311.4013186467896
1048	-312.31904126886957
1049	-308.30163700015413
1050	-302.5651544333028
1051	-306.64014432660576
1052	-312.536785886029
1053	-305.28574648771536
1054	-310.453886750487
1055	-302.00221251167716
1056	-312.5744370745417
1057	-308.6214256995709
1058	-307.9940209472907
1059	-307.95405138787703
1060	-308.8805025577584
1061	-308.62566540743256
1062	-305.44254621723917
1063	-308.1762137682859
1064	-299.7158934388059
1065	-297.9585870557686
1066	-299.61157416769066
1067	-307.63572899164444
1068	-307.93073984542684
1069	-308.1398062712476
1070	-308.26072893703207
1071	-307.55994698757576
1072	-311.05549002005336
1073	-310.1687914006747
1074	-303.32889280156024
1075	-302.144142272563
1076	-302.2059821641069
1077	-304.96112317849554
1078	-312.8690093028357
1079	-305.66682347790777
1080	-309.2082345860209
1081	-308.86125151599373
1082	-305.28634562724056
1083	-304.8472919837518
1084	-313.85198231897033
1085	-306.49169610350737
1086	-307.9637863444859
1087	-302.51503706471686
1088	-310.98198257771037
1089	-304.4509373036353
1090	-302.71008077875183
1091	-306.22150872723256
1092	-306.5318678304407
1093	-308.98093394282915
1094	-308.717159601991
1095	-308.8201944009814
1096	-310.2498289906864
1097	-305.11003126734903
1098	-300.66512750965785
1099	-299.9398031816049
1100	-313.5318948741507
1101	-303.6748979879788
1102	-301.7737554333546
1103	-308.84457929527167
1104	-306.8568548057391
1105	-305.96368375662234
1106	-303.2628274883479
1107	-307.7184443417741
1108	-310.963177931539
1109	-306.36565648865275
1110	-306.72717526933945
1111	-306.15138012872666
1112	-301.42848951077593
1113	-296.93538848912783
1114	-310.3046515974573
1115	-298.42147639581805
1116	-306.1620180372352
1117	-306.61466942882555
1118	-305.325631897335
1119	-303.7741878196172
1120	-314.3635083648337
1121	-300.7637606451758
1122	-306.7793844990921
1123	-314.9706482411707
1124	-304.87414299706614
1125	-309.85139008701384
1126	-304.8889443516419
1127	-308.4227676349162
1128	-303.821436393064
1129	-303.9977132016825
1130	-304.43282352110816
1131	-301.5956524968377
1132	-307.3307725406004
1133	-313.72927695024254
1134	-303.56748903530485
1135	-306.89335393947385
1136	-297.19370033300135
1137	-306.0287049249855
1138	-302.3677089872576
1139	-306.7880227542862
1140	-295.869630668761
1141	-304.39720688091694
1142	-305.8108002515213
1143	-306.04978008923194
1144	-311.48264649384186
1145	-311.96754239568526
1146	-315.16222275964975
1147	-313.1987602246405
1148	-306.72960006735303
1149	-311.0733905585303
1150	-302.0996565910934
1151	-308.72756442466357
1152	-300.7279360987056
1153	-304.9958773574543
1154	-307.77676994422876
1155	-307.44060794077194
1156	-307.1139195312867
1157	-300.87939708663225
1158	-307.2623932529027
1159	-308.54386568644105
1160	-309.09651458252137
1161	-308.8739972228489
1162	-303.411395694074
1163	-303.2281459887826
1164	-304.58336987728325
1165	-307.6193304140871
1166	-310.7682805528223
1167	-303.56910997681115
1168	-300.45579909433087
1169	-303.5739105241969
1170	-295.7966622533188
1171	-299.34888984524065
1172	-303.38483910144566
1173	-309.4255407714042
1174	-309.04926921818947
1175	-312.10790255976985
1176	-313.03139332212885
1177	-295.39122582246426
1178	-309.97313052198
1179	-308.2615322797343
1180	-304.27286981538543
1181	-308.8470312844651
1182	-299.4996942316342
1183	-314.12068086731307
1184	-296.12175802718684
1185	-303.7309489952454
1186	-310.19777549525014
1187	-306.989295638915
1188	-310.3339647794434
1189	-310.5344564001651
1190	-308.66419646991085
1191	-303.7416475422096
1192	-311.89370341587113
1193	-302.7232944885012
1194	-311.2683365946897
1195	-314.5379999249219
1196	-307.1475202375684
1197	-303.0703578138437
1198	-303.67684635824185
1199	-310.2715786163313
1200	-305.32501861800705
1201	-306.39879475182266
1202	-304.3162832654552
1203	-310.869277032705
1204	-306.89680889742357
1205	-312.5351753004122
1206	-308.6336935310277
1207	-312.78483713078833
1208	-313.7708955211659
1209	-304.6878257105925
1210	-310.61689736926974
1211	-308.2916604026794
1212	-308.9971925746725
1213	-307.3902112220526
1214	-308.0908946905278
1215	-300.58231721981326
1216	-311.02054607238574
1217	-311.53710416778074
1218	-306.08114810196383
1219	-306.7063634141906
1220	-308.8808113372014
1221	-311.06472356186805
1222	-308.216026883563
1223	-312.28997203687544
1224	-309.2328856477091
1225	-302.98068837374194
1226	-307.0205888036245
1227	-308.28797591767096
1228	-306.22478484518706
1229	-309.55394288530186
1230	-307.77186592875717
1231	-307.4880825935893
1232	-305.48388551819505
1233	-306.1819832635554
1234	-309.2089256795494
1235	-307.79327521075777
1236	-302.82180361858457
1237	-306.96883567381826
1238	-304.63693474771145
1239	-297.3147076220046
1240	-300.06673407484607
1241	-301.42609085108194
1242	-297.2017409749542
1243	-304.71828755078366
1244	-309.2379249417841
1245	-302.7671040233461
1246	-307.23100304918904
1247	-308.28608912342605
1248	-305.34622264007373
1249	-307.82471617418696
1250	-307.48788445132163
1251	-295.7506290892198
1252	-305.9457753873803
1253	-302.73922344389155
1254	-303.92137584803123
1255	-308.71235108314926
1256	-302.26880453524353
1257	-305.414887151292
1258	-303.6812656062005
1259	-300.0433900057836
1260	-301.0035978771888
1261	-303.35772337421804
1262	-303.4040524406499
1263	-305.79616580161377
1264	-302.0827041591006
1265	-304.2938223993046
1266	-307.7689076223013
1267	-303.80874029984227
1268	-301.9861173267689
1269	-309.96090504292226
1270	-301.67176012012396
1271	-303.5557247378175
1272	-304.0361079060898
1273	-303.45199120783974
1274	-304.431264814118
1275	-307.12720663662117
1276	-301.2584228647761
1277	-303.8800415374821
1278	-309.49484880759
1279	-311.24502790633125
1280	-307.3635007893557
1281	-301.2424895650131
1282	-314.3650166403014
1283	-307.32006409303966
1284	-310.3727795717919
1285	-303.2619185047883
1286	-304.1557447286519
1287	-305.69714977817694
1288	-306.11978470355007
1289	-307.3485478084908
1290	-310.28122873005594
1291	-303.00851616823644
1292	-307.3996714656048
1293	-304.2785193924405
1294	-308.7093103827217
1295	-305.14202245854636
1296	-306.29896925711785
1297	-305.25955657360566
1298	-310.31717216150753
1299	-301.4810578139815
1300	-301.76431541665767
1301	-306.7932646531053
1302	-310.44756896122743
1303	-308.9572582787357
1304	-305.3088632319536
1305	-297.32575937813334
1306	-306.3809416494498
1307	-308.7546035645506
1308	-308.9706013835382
1309	-309.91967956268627
1310	-303.1809839392199
1311	-312.866715077952
1312	-304.3589585356697
1313	-305.22979570924286
1314	-304.7280535012047
1315	-309.14717597796806
1316	-307.66236551665963
1317	-305.3121432639236
1318	-305.79759380280876
1319	-300.3638807349235
1320	-308.920908544618
1321	-307.233673047974
1322	-304.20679203923476
1323	-305.08829718605716
1324	-311.4506240606849
1325	-306.5319041533738
1326	-299.35759895015525
1327	-297.9201581782571
1328	-303.2429759321167
1329	-305.93010103739755
1330	-308.7878903738948
1331	-307.14388316707306
1332	-303.20496523636007
1333	-310.3042767162884
1334	-309.68803327906926
1335	-303.8516045116719
1336	-305.55935452622464
1337	-305.37546559281225
1338	-312.30554577539823
1339	-306.89124316244107
1340	-303.9589180400631
1341	-309.7132838995839
1342	-311.0629781104317
1343	-306.7516667295426
1344	-304.0682236302701
1345	-302.8620802306219
1346	-307.16574203950887
1347	-312.3126175747278
1348	-300.0783429211565
1349	-307.8218018892297
1350	-303.9973517278333
1351	-309.98116695942764
1352	-300.40927175546096
1353	-299.37372744214383
1354	-314.08374488104147
1355	-303.2510122958783
1356	-311.69055471887924
1357	-314.4085117475538
1358	-310.7032435483692
1359	-305.04382848800935
1360	-315.3468229234041
1361	-306.9524644709448
1362	-304.69558169218055
1363	-306.36888985748294
1364	-306.72678431395303
1365	-303.282556282226
1366	-304.60632435921957
1367	-309.437703223426
1368	-298.6760671941974
1369	-313.28182627385445
1370	-306.63092430338463
1371	-304.6060238796768
1372	-297.6269775649087
1373	-301.34351414681964
1374	-300.6908217471803
1375	-296.2112638611025
1376	-305.40623463733834
1377	-302.05136243559207
1378	-305.9675705682748
1379	-298.5217158242018
1380	-304.2963921814693
1381	-305.7965631622874
1382	-306.3552539973236
1383	-305.87856582343875
1384	-308.4011042916503
1385	-303.4437411384281
1386	-312.9254289005133
1387	-306.42010079275764
1388	-308.537528007791
1389	-309.46807535686224
1390	-313.76109241724
1391	-307.1155175353928
1392	-314.61635580792887
1393	-314.3466093010149
1394	-303.7594076548338
1395	-305.84163907311955
1396	-309.26736247453334
1397	-309.67446576552686
1398	-306.9492103492103
1399	-302.87368455896757
1400	-309.9242662488289
1401	-306.1082332826928
1402	-309.88564367988033
1403	-309.95656196530274
1404	-304.61093064807
1405	-309.1735711511995
1406	-308.68603815291317
1407	-303.48407911563277
1408	-305.14336598908324
1409	-303.4696192217434
1410	-300.5408392995803
1411	-299.7876187107514
1412	-304.92391997358357
1413	-310.12934561607796
1414	-310.1120626484554
1415	-304.87858040854184
1416	-309.69893672508914
1417	-307.90588173579107
1418	-301.35661525169877
1419	-301.96207195357005
1420	-306.9806402467262
1421	-308.6651577892412
1422	-311.9285297744261
1423	-304.62378973770376
1424	-300.3957270390526
1425	-313.70535002424015
1426	-297.9325306733731
1427	-299.73551870853487
1428	-303.77003159495285
1429	-302.3557396376975
1430	-304.36722629974565
1431	-297.56690317424625
1432	-298.21773047635924
1433	-307.4294151381962
1434	-310.074030601229
1435	-309.5544338294391
1436	-303.7523931024012
1437	-304.621243428346
1438	-301.30930544672384
1439	-308.50545824213907
1440	-309.9834876723382
1441	-305.3225757720182
1442	-313.2751156542493
1443	-305.9032975941941
1444	-306.6822873901756
1445	-301.4116711631038
1446	-314.67141978992044
1447	-309.42828619417634
1448	-303.684339543207
1449	-307.0645866908173
1450	-302.49191792645547
1451	-290.2879372459298
1452	-302.832179311563
1453	-308.03061074112065
1454	-303.55437293855977
1455	-303.4743296963987
1456	-303.5043146987464
1457	-301.12668321908535
1458	-308.0507474291662
1459	-304.49314578119674
1460	-303.86121782518387
1461	-307.2893438278956
1462	-299.8772591982553
1463	-298.5184
1464	-306.0254466633092
1465	-305.56164972841634
1466	-303.71795433503513
1467	-299.8627315972473
1468	-299.76938317108187
1469	-303.79473387409496
1470	-306.1966273520195
1471	-306.14140257272544
1472	-308.76811312420404
1473	-299.4425303350454
1474	-303.3109661429382
1475	-309.1543571353523
1476	-307.019365152642
1477	-306.6556865256007
1478	-302.644676993722
1479	-303.0580442231438
1480	-303.21464503256533
1481	-295.51354634191114
1482	-304.15262360287323
1483	-308.2052285835269
1484	-306.1005113941335
1485	-307.32875114470096
1486	-300.3833401242074
1487	-300.14137046135875
1488	-308.79284922110753
1489	-305.50332358622717
1490	-305.8841798340039
1491	-297.27300444032136
1492	-300.14686810596135
1493	-303.83928897500533
1494	-308.10069655507095
1495	-305.08446380717874
1496	-305.50117093176783
1497	-312.0388606254614
1498	-311.7448992440378
1499	-305.7937913004973
1500	-303.7017628549643
1501	-301.44410400460043
1502	-298.73604718129445
1503	-306.7895172873747
1504	-302.46399720835916
1505	-310.83259727941476
1506	-306.0500411509155
1507	-304.3812275097744
1508	-310.92054470864105
1509	-302.11680286849025
1510	-306.4134614046357
1511	-306.3830791916475
1512	-306.079650876602
1513	-304.5136815896727
1514	-303.7212798210439
1515	-303.3266869211965
1516	-310.4766655314054
1517	-304.4538503909839
1518	-304.8435491224335
1519	-302.39208508608954
1520	-307.21904313275417
1521	-303.49029429407045
1522	-301.84537328120115
1523	-304.5142666791765
1524	-309.88819574002616
1525	-309.98870547462116
1526	-308.13835236181257
1527	-307.11066331749674
1528	-305.8230681865264
1529	-309.0887988499674
1530	-302.3295859121135
1531	-295.5792143495396
1532	-310.22515473534946
1533	-306.9843112727922
1534	-309.53849971922966
1535	-301.37451565683904
1536	-300.52752719774594
1537	-304.4172464370592
1538	-306.635983479518
1539	-307.51993043451756
1540	-302.2378444594632
1541	-299.6673435913634
1542	-306.43761888323684
1543	-304.02508076084075
1544	-303.9049392746328
1545	-306.96941132565
1546	-307.20943368046125
1547	-312.5188985838178
1548	-303.24809015849814
1549	-307.458437306274
1550	-305.97407989229913
1551	-307.77397962871737
1552	-303.93001469095555
1553	-303.3200349627404
1554	-307.7292625864396
1555	-300.349523996184
1556	-301.1934190801398
1557	-303.5025679143368
1558	-310.7859413998167
1559	-308.2663986506122
1560	-304.09134592772705
1561	-308.3323819916952
1562	-308.3305708244333
1563	-305.70566444577906
1564	-310.0640014970457
1565	-306.4897280271164
1566	-307.6767016307987
1567	-306.9567543843904
1568	-308.9557123864875
1569	-307.00262109173826
1570	-305.6808565504184
1571	-303.91274327240615
1572	-308.65855169851767
1573	-312.32930262793053
1574	-303.12535348538734
1575	-306.3948045731972
1576	-312.1255090598115
1577	-296.71569476149125
1578	-298.7094114977909
1579	-307.78734248954606
1580	-307.9355641072622
1581	-294.48815208122704
1582	-298.63918213195257
1583	-306.85360027971416
1584	-307.5816522823159
1585	-304.45312362535446
1586	-301.4940167989684
1587	-301.1579152934801
1588	-301.25189792060974
1589	-312.03349351676616
1590	-306.0649286310948
1591	-301.97415796643986
1592	-307.5427717545081
1593	-307.2674640639282
1594	-307.52373663021456
1595	-306.7067900470113
1596	-305.5435704292454
1597	-307.7724214903568
1598	-306.3431697383761
1599	-298.6872633972138
1600	-304.59894894975895
1601	-306.555374811574
1602	-311.36937738768916
1603	-311.1473077007407
1604	-302.7182004096717
1605	-293.67752246149666
1606	-296.6475588537642
1607	-306.1294501973385
1608	-301.9095161675509
1609	-307.5104896947327
1610	-304.7842365142259
1611	-302.0515558043882
1612	-314.539701207547
1613	-310.2398933874056
1614	-305.69033553355
1615	-301.9026001937557
1616	-301.4352264658449
1617	-310.5965913320186
1618	-307.8498319855537
1619	-306.87681091089956
1620	-303.96249075410304
1621	-302.3253626589471
1622	-307.68626287094946
1623	-300.9936328499917
1624	-305.8511253185722
1625	-303.70256979031393
1626	-303.9375268328253
1627	-300.3206203997049
1628	-308.3036781440767
1629	-305.0019615556081
1630	-311.59699715712895
1631	-312.86099627121183
1632	-303.5865010235026
1633	-308.6960433983102
1634	-314.4423741680242
1635	-302.7366424945356
1636	-298.78428368717255
1637	-305.9605689487967
1638	-307.52040398796566
1639	-304.24651236745
1640	-302.3724630958742
1641	-305.96623945100777
1642	-304.57131724030916
1643	-298.48568816114687
1644	-305.39292471661156
1645	-308.60550203429574
1646	-307.44101059211874
1647	-304.81977965587856
1648	-309.4032407314906
1649	-310.3865845258731
1650	-304.69616531486105
1651	-304.4750785174654
1652	-309.48620009272724
1653	-306.54916410335625
1654	-300.4820346836313
1655	-308.75505624742203
1656	-308.41103625530536
1657	-308.2790567802357
1658	-307.85399604099814
1659	-307.90947185858636
1660	-302.98481552833425
1661	-301.1762879870518
1662	-298.62531835177737
1663	-311.74018188305894
1664	-307.49739132009483
1665	-303.6882715454203
1666	-305.9437308069042
1667	-303.65048304034565
1668	-306.70630003761596
1669	-304.15027526006514
1670	-311.12066588996055
1671	-309.23728027567313
1672	-302.92349705084484
1673	-308.22305766305385
1674	-308.15492701926325
1675	-301.0736020106396
1676	-303.6276794147767
1677	-308.2165252086933
1678	-307.20730423611593
1679	-304.36396997323357
1680	-311.2557161941935
1681	-307.6642162757886
1682	-308.4379569501942
1683	-305.45353799852694
1684	-308.60043867903215
1685	-302.21410783590414
1686	-306.3908044169118
1687	-311.4283892262757
1688	-298.87447900582276
1689	-301.8999331818637
1690	-309.7569704312592
1691	-299.66195471990545
1692	-307.93453431241284
1693	-310.170269823078
1694	-307.46148775178926
1695	-299.4612560015195
1696	-305.38351104496866
1697	-308.71471221842745
1698	-306.23393629692464
1699	-301.0954087867242
1700	-304.48071480014397
1701	-305.68419403100376
1702	-306.45573029615787
1703	-305.7341431854477
1704	-293.86468929856943
1705	-300.08789089080506
1706	-299.63726363646873
1707	-306.0274543322888
1708	-308.06620615192065
1709	-310.90224597988265
1710	-298.5406809719282
1711	-306.9567732338294
1712	-306.0873499820955
1713	-300.0513179265668
1714	-295.8958258085137
1715	-294.4465794511436
1716	-306.9710918918042
1717	-303.90763129488977
1718	-303.798853479101
1719	-304.23476828549457
1720	-305.028041081818
1721	-299.3613861768079
1722	-313.8477956411661
1723	-308.516283494648
1724	-306.0650726335794
1725	-300.2217848871389
1726	-308.8805448967623
1727	-308.21939279281116
1728	-309.6768377030367
1729	-307.4791485040682
1730	-302.3989578644249
1731	-308.66667163428605
1732	-303.2477771135823
1733	-302.624838990115
1734	-305.97882395064244
1735	-307.2230182105669
1736	-300.4666315518256
1737	-311.31140797786503
1738	-307.89026120327463
1739	-298.27536619737776
1740	-299.4556930177185
1741	-300.5846932162857
1742	-309.1390233652938
1743	-298.7034631236812
1744	-300.9054960750918
1745	-307.1323244310117
1746	-305.1203699831253
1747	-305.12097679826127
1748	-304.394402642786
1749	-299.51684158356505
1750	-307.00131218927936
1751	-311.4756979783388
1752	-304.81829134634097
1753	-298.88414288961945
1754	-305.36128114530953
1755	-306.39427637450643
1756	-307.61030584648887
1757	-303.16627260666235
1758	-307.16869966051416
1759	-310.77603309333983
1760	-305.7545878815402
1761	-308.6233329202838
1762	-304.2489602750458
1763	-309.334279500314
1764	-308.54594313213846
1765	-302.9123242595324
1766	-304.0410282111526
1767	-307.6671358784724
1768	-299.4455578655259
1769	-305.08487859250556
1770	-303.16417777360374
1771	-305.98408934973526
1772	-303.2847408641877
1773	-298.99544002488244
1774	-307.83762988119145
1775	-301.6772227850007
1776	-309.9927285536977
1777	-306.02508583236664
1778	-302.25273194400455
1779	-302.31468136670986
1780	-299.86610756337416
1781	-310.3597949081546
1782	-307.124384923023
1783	-310.33098774487604
1784	-304.2323632855784
1785	-304.2620163770725
1786	-309.1779582152351
1787	-310.3768973627605
1788	-309.6766162314557
1789	-311.71454760013097
1790	-307.12011228934017
1791	-311.40540370302284
1792	-314.65993529426817
1793	-308.4460625504925
1794	-317.00702051898776
1795	-305.7617985216128
1796	-305.50986732074387
1797	-306.3555740958705
1798	-307.0832728182973
1799	-303.7291669437553
1800	-306.7413378316784
1801	-305.44230588368663
1802	-301.57874556531317
1803	-305.3243402059807
1804	-312.56371001431836
1805	-308.11462623642245
1806	-309.4478018628152
1807	-305.01364754462867
1808	-309.97138001168844
1809	-306.92360696769026
1810	-307.03543206656843
1811	-302.56749936444055
1812	-303.86930155850877
1813	-304.85104420627226
1814	-304.606290614078
1815	-305.7732338832956
1816	-308.78961913218757
1817	-308.4169122691691
1818	-305.0623934920301
1819	-297.3095426983827
1820	-309.06558578637026
1821	-304.60762309663136
1822	-308.1410911407384
1823	-300.6192565505232
1824	-307.3848984038248
1825	-305.5394210432177
1826	-295.7282132080469
1827	-312.4765499993565
1828	-309.2632381573555
1829	-306.4721793182996
1830	-309.50539665547154
1831	-305.66690689589035
1832	-303.12995262291184
1833	-298.8767946296358
1834	-301.64891259792824
1835	-310.0974418203595
1836	-313.20164717485176
1837	-304.73295960858354
1838	-314.16078991362406
1839	-303.8261951490929
1840	-304.7781190198523
1841	-308.99965644976515
1842	-306.3869376729784
1843	-303.7040538292746
1844	-307.80893938877955
1845	-306.532747883993
1846	-303.2623178273723
1847	-303.90731835416784
1848	-301.9590087256891
1849	-304.0914217934445
1850	-308.78358596008474
1851	-308.8637713033496
1852	-302.7465068206111
1853	-310.8077402717751
1854	-301.98946354322663
1855	-308.0326409035869
1856	-304.7723161063791
1857	-305.1331551702147
1858	-309.22950940350864
1859	-303.05617807043967
1860	-302.8327710656873
1861	-308.1527244543419
1862	-306.77468348037735
1863	-309.4387917170587
1864	-310.7250195960506
1865	-309.7785367777861
1866	-306.75351582215484
1867	-307.3539936449851
1868	-307.2533973438855
1869	-308.7797589515114
1870	-309.8048121898182
1871	-306.6615321453783
1872	-308.01096517718423
1873	-307.4247504584317
1874	-304.68981093465055
1875	-303.3602064196544
1876	-308.22569769013853
1877	-313.1770540641473
1878	-309.46229693260335
1879	-303.23786574751716
1880	-310.83904588509535
1881	-302.91288412775543
1882	-310.0647564514561
1883	-309.55887076460345
1884	-303.16015322058405
1885	-302.04409903827184
1886	-297.5237059031796
1887	-303.736843635618
1888	-295.7588342636633
1889	-304.64887522843924
1890	-308.92506325603665
1891	-304.2167916258836
1892	-301.5623877948433
1893	-303.0191621433472
1894	-310.291601253775
1895	-308.1983475571085
1896	-303.51756225095176
1897	-312.7405240646832
1898	-312.6688766890677
1899	-302.91770482995025
1900	-301.2897111531367
1901	-312.01000845778174
1902	-303.44490674435997
1903	-310.96851546063004
1904	-309.6157147621182
1905	-302.34034023410356
1906	-308.4828907445983
1907	-299.5458847907088
1908	-299.00499156941447
1909	-306.5575661483267
1910	-301.4473992810525
1911	-302.5915600174615
1912	-305.2947451749904
1913	-308.80154938611315
1914	-304.0357312881778
1915	-302.89409338162994
1916	-301.8153497982566
1917	-308.40072722027134
1918	-298.1377470544925
1919	-305.9181009190087
1920	-301.6168342179516
1921	-299.578451540877
1922	-308.1572663816794
1923	-311.89345268184036
1924	-303.877487860643
1925	-301.7286827069798
1926	-312.81120785056424
1927	-310.9445125324665
1928	-307.4052260429866
1929	-313.02671336124655
1930	-311.31907538995864
1931	-304.12437604558284
1932	-301.9063655505187
1933	-305.0020810500728
1934	-304.91403754978165
1935	-310.1089986617012
1936	-305.67241350830807
1937	-301.0629787918609
1938	-307.69483511205124
1939	-306.4675290490732
1940	-309.14206599723815
1941	-305.22544059828016
1942	-302.6378303480689
1943	-304.6875304384695
1944	-307.87743519217156
1945	-302.47527425267197
1946	-294.9142259270343
1947	-304.70279013277013
1948	-312.21478385612824
1949	-308.6649266961762
1950	-299.06455172245927
1951	-302.7683080846286
1952	-304.7376170717319
1953	-303.5602840124783
1954	-304.4243314439583
1955	-294.63601369236244
1956	-310.04356017263456
1957	-305.29906680861853
1958	-306.8824207451278
1959	-296.5962388123515
1960	-301.00558066656697
1961	-306.0608168550348
1962	-308.9889067857712
1963	-303.0490706303943
1964	-313.76044612442655
1965	-309.30227222653826
1966	-311.6167107695308
1967	-302.888550251805
1968	-305.9204130869489
1969	-305.61382654568484
1970	-307.74619287610557
1971	-311.525335349462
1972	-310.5682108737303
1973	-309.3679815711427
1974	-310.76785605207954
1975	-307.8293533715396
1976	-305.5964250321547
1977	-304.272668490516
1978	-310.27795923021876
1979	-309.91501951672586
1980	-311.44585634494234
1981	-304.6722720114931
1982	-308.80983042580016
1983	-307.2452327870505
1984	-312.7807694483849
1985	-308.16866387694176
1986	-300.71657752875245
1987	-309.9684203167491
1988	-302.1972641736971
1989	-305.2266499063291
1990	-309.31116464582243
1991	-313.518175473647
1992	-307.47856930020953
1993	-305.86915683618855
1994	-301.5628987890436
1995	-302.7869460880865
1996	-302.57530574943706
1997	-303.3263632887659
1998	-306.8305542765916
1999	-307.62772677715793
2000	-307.28389348476185
2001	-304.62833283956456
2002	-299.58704942629197
2003	-308.3840697764063
2004	-306.43208781188457
2005	-304.63921561164716
2006	-308.2288057047717
2007	-305.577361279498
2008	-306.6486636112979
2009	-299.9566925613665
2010	-303.86006257547115
2011	-301.2559733226466
2012	-304.42890611087864
2013	-306.7780205928581
2014	-303.70696696610867
2015	-306.56569517249073
2016	-309.96327259542807
2017	-301.3733822668507
2018	-302.9858429426177
2019	-307.98761939798203
2020	-305.05467974314945
2021	-308.4716187145006
2022	-310.20790430510004
2023	-303.08117414075656
2024	-299.94988648079226
2025	-307.0976317635302
2026	-302.6939115178622
2027	-302.21765115124197
2028	-307.4571858805549
2029	-311.0366716687747
2030	-311.3330144473288
2031	-306.0548971242266
2032	-306.1392825364672
2033	-304.5224196773419
2034	-306.28420674695826
2035	-301.18500380718035
2036	-302.0932101072315
2037	-306.11722451031744
2038	-304.7868083798499
2039	-310.05308020974405
2040	-313.3728832857861
2041	-302.26399140150784
2042	-307.96922106837627
2043	-304.929708648552
2044	-301.2477395398822
2045	-302.3451513118629
2046	-307.8371870831549
2047	-303.7326515678854
2048	-309.8106265950894
2049	-304.660901830011
2050	-305.91372947264125
2051	-300.67750845749634
2052	-310.93856903391503
2053	-312.42730229114704
2054	-304.21166066554366
2055	-303.05769033704104
2056	-303.8798264123706
2057	-303.80950035730933
2058	-305.6058510913589
2059	-306.25768428474817
2060	-298.08999954427446
2061	-306.395730916316
2062	-309.2070039948326
2063	-305.06780369900855
2064	-303.594991384536
2065	-301.57569987060566
2066	-304.5873450807268
2067	-302.8866760777162
2068	-307.0028281011548
2069	-300.2376859900635
2070	-305.76660510773297
2071	-307.67891809433524
2072	-308.827792488198
2073	-311.77967734471446
2074	-304.6317896984382
2075	-297.2215890162165
2076	-305.22619117322427
2077	-306.2271847248663
2078	-302.05670388403604
2079	-301.2845768705859
2080	-303.48492139796303
2081	-304.4811499971603
2082	-309.92983130801093
2083	-306.7774123564976
2084	-305.61702199202364
2085	-297.2348223403749
2086	-306.54578145570696
2087	-303.20898756713206
2088	-304.10658283839103
2089	-310.15855268117605
2090	-299.6597961806806
2091	-309.85527501411076
2092	-304.60131683894485
2093	-306.260168456561
2094	-306.44135934161574
2095	-310.7232330701784
2096	-307.01632416893233
2097	-303.4393129310644
2098	-308.36019607451556
2099	-311.5849734023646
2100	-308.9214649917832
2101	-309.0742725534551
2102	-301.5375536120774
2103	-305.93620539303174
2104	-303.57079167874525
2105	-302.7967402214794
2106	-303.9656375241947
2107	-301.05817616874646
2108	-300.98932588758527
2109	-297.98767205126524
2110	-306.64877701507294
2111	-306.79420257396055
2112	-298.36656726946694
2113	-304.67984316493477
2114	-305.8663482886736
2115	-300.2160170515944
2116	-299.6036881288121
2117	-309.0419360882915
2118	-300.9455329700222
2119	-303.9084087427413
2120	-303.9379707005064
2121	-302.0708265880695
2122	-301.07732124690966
2123	-299.1098167444703
2124	-306.83493095295626
2125	-302.07589608971483
2126	-305.2885858552935
2127	-303.7360944713022
2128	-307.0666334300622
2129	-306.85381541737183
2130	-303.6016846192825
2131	-307.337464306232
2132	-303.33520990502467
2133	-303.53645515281255
2134	-307.56976250505966
2135	-303.535298507704
2136	-302.9748448334633
2137	-305.4271993984487
2138	-305.08378638891793
2139	-301.75128445032954
2140	-306.6537933725738
2141	-301.19990074361607
2142	-298.4781701450334
2143	-309.37961156682275
2144	-304.3824843168556
2145	-308.3919871212907
2146	-303.81059906612603
2147	-300.6773832519427
2148	-313.8575105586964
2149	-297.1889000006317
2150	-304.7188702654325
2151	-304.6434432723514
2152	-301.19059266945607
2153	-299.57427172496165
2154	-309.44909349345386
2155	-309.20953285291455
2156	-305.2324328112455
2157	-303.4730563954802
2158	-294.50380806189725
2159	-308.4730681088004
2160	-306.39008416108857
2161	-301.330537844811
2162	-307.764049505744
2163	-310.1128665417081
2164	-301.4285374606967
2165	-308.51949293951975
2166	-309.7553724675264
2167	-313.9032912242429
2168	-312.0947354168166
2169	-311.53129429907284
2170	-306.637268509402
2171	-312.0815559094548
2172	-300.92220857551933
2173	-312.2312140366899
2174	-303.164834445744
2175	-304.7991796487902
2176	-304.2558309529562
2177	-304.61026339342624
2178	-309.3149792134324
2179	-312.37486817893705
2180	-309.85609361130435
2181	-305.97518906551767
2182	-306.12367241537277
2183	-302.77399280267775
2184	-301.57550094754305
2185	-306.0952619311615
2186	-305.4045842751945
2187	-310.1409029556606
2188	-306.88573175597173
2189	-303.23799177888526
2190	-299.9017683065721
2191	-305.3923458999176
2192	-310.97208421788724
2193	-302.5994808692733
2194	-302.4143134153219
2195	-301.88555384119263
2196	-313.129215008127
2197	-304.59464698728794
2198	-305.6918584418806
2199	-304.5446517342249
2200	-309.410886375176
2201	-307.55517822812567
2202	-306.25508550287947
2203	-308.28149081487084
2204	-305.9306958609068
2205	-310.3966493358764
2206	-310.4987704205902
2207	-302.0950145283807
2208	-301.4416653626349
2209	-297.063200455362
2210	-299.4035019904365
2211	-310.75350809695686
2212	-309.76686558489763
2213	-308.7445551223675
2214	-305.3153660448048
2215	-307.9050804765961
2216	-300.98134130381703
2217	-302.45620280255304
2218	-301.03361870667663
2219	-309.76676057637746
2220	-310.98016231436895
2221	-305.70796551666007
2222	-305.42839726490183
2223	-310.4120391345964
2224	-310.4810459207641
2225	-303.50446187056673
2226	-310.4923913274866
2227	-309.05413779159034
2228	-307.76193512600724
2229	-308.9930499418063
2230	-307.73282269361295
2231	-307.22492569335145
2232	-304.9316165330825
2233	-305.494560849296
2234	-299.9398304064468
2235	-301.2690919091974
2236	-301.41851893776135
2237	-305.4997317497156
2238	-306.2982057165615
2239	-307.3143060684102
2240	-304.4429026942444
2241	-303.7403499772083
2242	-307.75910226303705
2243	-300.4600218262957
2244	-306.76223337239264
2245	-309.4601464702546
2246	-309.6814608837916
2247	-301.53642404857777
2248	-298.03833786607885
2249	-298.7651465185858
2250	-298.6004334103987
2251	-302.5604834353712
2252	-303.83828224116957
2253	-309.7429416685636
2254	-301.96064565796695
2255	-300.6308512796246
2256	-306.6877077709502
2257	-297.7568038120738
2258	-303.1227056150259
2259	-308.77457284325703
2260	-305.3207580266123
2261	-302.7018476017452
2262	-299.6452109761428
2263	-307.3569026274216
2264	-300.043690874498
2265	-304.79805000186917
2266	-301.22967817626653
2267	-305.1743587826903
2268	-304.6228831945988
2269	-304.2812562464278
2270	-303.78180610756164
2271	-300.7672865714866
2272	-303.73967308116096
2273	-307.7821967337032
2274	-304.5083685465469
2275	-311.0656605210738
2276	-303.84882934138375
2277	-301.3506244665646
2278	-309.42566168202933
2279	-312.0237091296172
2280	-300.2884499911268
2281	-299.988226850202
2282	-301.0464804328327
2283	-296.3743861362866
2284	-300.0512229487034
2285	-304.79755200957663
2286	-309.12674249909094
2287	-302.97346363364943
2288	-309.85368691084255
2289	-307.4650015601854
2290	-311.84031821395916
2291	-302.81784863849987
2292	-311.731454815829
2293	-312.9781874501634
2294	-308.9222451573292
2295	-304.35276401742215
2296	-311.9303597945983
2297	-301.3762689884167
2298	-306.2071367106977
2299	-306.46660034511495
2300	-300.7281295507009
2301	-300.1483068980955
2302	-306.07044995743524
2303	-304.26269143585404
2304	-309.43019495545906
2305	-300.02422056388883
2306	-301.62201421136587
2307	-304.87735929832996
2308	-302.5657052845073
2309	-300.60253143996323
2310	-303.8857223810436
2311	-298.13910796010293
2312	-302.3820792520149
2313	-306.44899936392284
2314	-311.36481084831394
2315	-304.7272739856054
2316	-303.09157231026495
2317	-310.90493849573784
2318	-301.89278798161894
2319	-308.1217996662206
2320	-298.28337366356106
2321	-302.6911769227431
2322	-305.7164364980165
2323	-306.678996191915
2324	-307.2058762040248
2325	-303.10744414059275
2326	-297.7618603285598
2327	-305.14493736315
2328	-310.3307446381845
2329	-304.5886110300625
2330	-311.9594105469172
2331	-307.8181239265266
2332	-308.21261041136665
2333	-303.9938767967509
2334	-310.1215533598036
2335	-301.41070340354236
2336	-304.3990604239294
2337	-304.7466662807414
2338	-306.5258153214964
2339	-300.7382074644575
2340	-302.17402899573585
2341	-303.76216821140036
2342	-303.8078870976842
2343	-299.75899131098777
2344	-299.3954315797728
2345	-303.8648509938817
2346	-301.0902102146356
2347	-303.3322418987194
2348	-299.70193413756914
2349	-303.45869015586584
2350	-308.52513881571076
2351	-301.9400450771435
2352	-299.4729743103843
2353	-308.2799307535154
2354	-300.70818686352175
2355	-303.7843050047526
2356	-304.5810743827797
2357	-309.9373305898113
2358	-306.86736426965444
2359	-309.3067181245868
2360	-305.61162925542345
2361	-303.20350202856184
2362	-306.0228788650717
2363	-302.4456926938321
2364	-304.8201682135408
2365	-306.6348480122142
2366	-304.33427068816246
2367	-307.35392477602034
2368	-309.02194272777587
2369	-306.745586564842
2370	-310.59486246533305
2371	-301.0005803174194
2372	-313.65644820372506
2373	-312.31851629400023
2374	-307.451965811808
2375	-310.03080832944306
2376	-308.5772454915707
2377	-310.2016508604844
2378	-310.38152215109557
2379	-303.4909512872642
2380	-304.04772912387
2381	-298.42640939236725
2382	-305.29643104961224
2383	-306.78517471838563
2384	-311.1955007122176
2385	-315.55635388508273
2386	-305.4354457040669
2387	-307.69702417226785
2388	-311.00801679676925
2389	-304.72867654496537
2390	-305.4239879104452
2391	-304.5051526211616
2392	-303.09509671008686
2393	-300.1055555189245
2394	-307.4695937895028
2395	-296.8595982358743
2396	-305.15861292378673
2397	-305.7276622423483
2398	-307.779993595461
2399	-305.34320473750404
2400	-300.19554650682227
2401	-305.87242967101173
2402	-306.1389528105971
2403	-302.2207208731079
2404	-299.2689631729906
2405	-301.1798431129054
2406	-307.81691861755723
2407	-316.7623858407789
2408	-303.90587470556727
2409	-304.79826000995564
2410	-301.29930878313536
2411	-304.58156257148283
2412	-293.3561052032346
2413	-304.019976517145
2414	-305.73462910056753
2415	-309.49342166913505
2416	-305.00633478130055
2417	-301.4947267077573
2418	-294.35654581770535
2419	-304.7447981141155
2420	-306.21370274983485
2421	-301.2315014668545
2422	-302.9839716555266
2423	-310.7833345033647
2424	-309.86841952826813
2425	-310.1052109592149
2426	-303.21920712002856
2427	-306.15183997585143
2428	-296.98237142469804
2429	-304.54707605072326
2430	-310.48693123834965
2431	-310.7763117206632
2432	-308.10851961469996
2433	-308.4697679287479
2434	-299.61172222194483
2435	-298.8345758174534
2436	-297.51382959609515
2437	-303.3466758058728
2438	-303.8370541424053
2439	-310.3050250624269
2440	-309.35660779534544
2441	-312.1705931064691
2442	-302.08984253130643
2443	-308.2845684865554
2444	-305.66778365160616
2445	-305.77453524773017
2446	-302.4167361263305
2447	-306.02063539096076
2448	-306.68030938427376
2449	-306.3976580360661
2450	-306.2686533204523
2451	-308.5871186553473
2452	-301.86130039448517
2453	-310.2742694475745
2454	-300.113083957594
2455	-303.71365665952743
2456	-303.27573858922
2457	-303.7185543902004
2458	-301.93280620027514
2459	-301.08031530676453
2460	-307.63734607258755
2461	-305.504799023695
2462	-312.6283350071966
2463	-305.1705039071099
2464	-315.21477704795734
2465	-312.20116336843927
2466	-304.283598330378
2467	-310.5788698570253
2468	-312.99362569528205
2469	-309.63441355588174
2470	-308.8948352331976
2471	-301.3681369948235
2472	-304.88301796638075
2473	-309.8384995933623
2474	-307.16422645560067
2475	-307.61891324683626
2476	-312.2182413012179
2477	-306.3716354295108
2478	-307.2973781283608
2479	-310.27261468755313
2480	-304.294077775797
2481	-308.55009039657415
2482	-305.7227467493055
2483	-304.073972903392
2484	-310.4027748362481
2485	-304.3072642364125
2486	-307.7555834304178
2487	-312.7967704203304
2488	-309.064535129508
2489	-305.1308956094002
2490	-305.16250762891514
2491	-305.6222659806391
2492	-306.98556557802664
2493	-305.79670659677083
2494	-303.8145071108926
2495	-306.80087900079064
2496	-306.2137612218238
2497	-308.7889882560942
2498	-305.60742246739125
2499	-303.1019895804791
2500	-307.04133842383305
