1	-298.8165052873463
2	-296.51430005518006
3	-298.1917026250002
4	-300.4865864761976
5	-302.00142799576184
6	-299.99483330536583
7	-297.68533001820816
8	-302.3310192609779
9	-301.0685138077183
10	-302.7198120863021
11	-296.7469512178916
12	-302.8617760003369
13	-308.9753110890423
14	-305.1024997684486
15	-301.8107751109662
16	-305.220271632054
17	-301.6790763072508
18	-305.9461429386238
19	-308.40369737595154
20	-303.2494396443819
21	-305.5899280884947
22	-305.78046807581285
23	-302.10362532147786
24	-306.61766649914955
25	-309.3531699866693
26	-307.71155964949105
27	-304.7637340685966
28	-298.45340428424714
29	-306.6513956123328
30	-303.3549036898536
31	-299.52009950254313
32	-305.6845293621471
33	-302.1278945927518
34	-299.2476946174634
35	-307.5660471592705
36	-298.4302914254407
37	-302.06219045295563
38	-304.74372464245715
39	-308.7159756444674
40	-299.68848482257107
41	-302.92258210222553
42	-306.9114400802477
43	-299.7327109373607
44	-301.42764444402616
45	-303.901073421355
46	-301.3477364155212
47	-299.4496630254822
48	-306.4890501376995
49	-305.0680908880972
50	-302.0149577219853
51	-296.16373329520866
52	-301.4986017175575
53	-305.6078038249307
54	-305.1903571433759
55	-304.738730229162
56	-308.39114862838767
57	-301.5565798327264
58	-308.93720590356355
59	-305.00505707031505
60	-308.09512906501436
61	-300.68650724928114
62	-308.13399303175214
63	-307.03514956836403
64	-299.4118819859337
65	-308.08203936965475
66	-298.9568523555169
67	-295.9928946712774
68	-305.00459050596805
69	-296.55554399182023
70	-306.77338673856093
71	-307.9903767556747
72	-295.5832296468053
73	-308.32518038212106
74	-299.8608138993742
75	-304.8687249221803
76	-306.6234868944141
77	-295.539521260059
78	-303.09764324863886
79	-300.29196546512406
80	-302.2380940642423
81	-305.23693679463736
82	-302.86078257482217
83	-309.4807580179329
84	-302.7893950004004
85	-304.33189567211645
86	-302.7492403053883
87	-299.33216788406224
88	-307.67014228814645
89	-312.89663417269605
90	-303.0332964481383
91	-305.12114558508597
92	-305.77674626234426
93	-308.09958958415547
94	-308.9264074000766
95	-299.8231000000238
96	-306.51704208733116
97	-301.73972054467737
98	-306.33287120257063
99	-304.575004417854
100	-306.99674024757826
101	-301.30716247620757
102	-307.6840677627689
103	-308.19669703986375
104	-302.0650484215939
105	-305.60718187199177
106	-305.03720135118516
107	-302.8333041909109
108	-307.85503910044474
109	-307.718646184691
110	-302.64193471892025
111	-302.2741162760189
112	-307.9961408707109
113	-305.8855185079849
114	-302.20431716954937
115	-309.8999230321288
116	-301.1333189941942
117	-299.6247981343926
118	-313.99238173252076
119	-303.8675499975376
120	-307.26826006628755
121	-304.63572767583975
122	-297.4708855508558
123	-309.1905946024788
124	-304.94437623228123
125	-307.4270116062948
126	-306.14718359883716
127	-304.2707596024994
128	-302.9409818196328
129	-301.06636935884615
130	-302.97210900921414
131	-307.87151152410064
132	-304.97019167703917
133	-300.921165870729
134	-302.06329829209136
135	-307.19832842091915
136	-305.11484568512356
137	-301.8646376536199
138	-306.6867236242438
139	-306.6503004624
140	-304.8955973696662
141	-306.1471456802651
142	-309.81382106311
143	-302.0757998353311
144	-311.14411083694193
145	-300.92865430966003
146	-300.5345900346351
147	-304.8010480824713
148	-306.1187801279283
149	-307.277556216304
150	-307.1221406093471
151	-303.07615992370876
152	-304.4134246287492
153	-300.6327170861161
154	-308.1140204819106
155	-304.3167189773521
156	-303.6405058083298
157	-304.47213242026504
158	-305.4874687508672
159	-304.94307531350927
160	-303.3683395200817
161	-299.19660450212075
162	-309.3039241717579
163	-306.01754212552845
164	-296.60017989401024
165	-298.67778330134774
166	-305.31369054658364
167	-300.7272062041246
168	-299.0289035072841
169	-305.0549561947546
170	-297.10257726591726
171	-301.8711517056561
172	-299.95584536704604
173	-302.90082691850466
174	-303.7602015429993
175	-293.9850468957882
176	-300.5839929519366
177	-301.1429989624298
178	-302.9889487534644
179	-299.84042298875437
180	-299.65222297753354
181	-301.6894667147412
182	-310.5760314127103
183	-303.9143148446907
184	-306.78554165842183
185	-299.5242456369814
186	-303.6441293048921
187	-308.9005600688247
188	-301.1051914050295
189	-290.8529
190	-304.677782605003
191	-305.65968127324913
192	-307.4700968096983
193	-310.038289543844
194	-306.6119308568212
195	-309.20093911514556
196	-306.13918316266825
197	-306.1962651640646
198	-303.02972032702917
199	-309.47283798305995
200	-305.82304003025683
201	-306.9563573816253
202	-300.8141711600885
203	-296.83450767889263
204	-303.9633984795335
205	-304.86900843818825
206	-307.15837959292855
207	-305.7838147755227
208	-302.15658906930673
209	-303.10200615979426
210	-301.0455781024149
211	-304.0825092619967
212	-296.6820544959085
213	-304.75111566425886
214	-307.74438461851963
215	-305.255149144743
216	-304.208104276816
217	-306.3535796448352
218	-302.8023426833172
219	-303.78628439990047
220	-303.48214434595303
221	-306.35577843728964
222	-309.45171427188615
223	-304.7183171339101
224	-301.58898649287556
225	-298.666693609128
226	-300.1091038392581
227	-304.09245412940504
228	-301.865346176234
229	-304.2651755575163
230	-302.6940501155089
231	-303.6448720340391
232	-299.18601046328627
233	-307.59694507526865
234	-300.5726151918053
235	-302.5871274511774
236	-303.9339771177665
237	-306.1110670451543
238	-302.5115252209405
239	-304.04322962724405
240	-302.8320842339139
241	-307.64566473394973
242	-303.32961805534137
243	-306.58336436713455
244	-305.48232328461904
245	-299.6826893902841
246	-304.1464124507669
247	-305.3268445292568
248	-306.0564153743504
249	-305.049258025559
250	-303.38380014828186
251	-301.5205608083417
252	-306.15747664795543
253	-296.5000960118701
254	-300.5953474088831
255	-303.2336951086429
256	-310.4545357308219
257	-302.2959491927628
258	-305.96253521956163
259	-306.31385610986285
260	-305.26202553009495
261	-303.76513546254665
262	-305.65352226101993
263	-302.1643324657557
264	-303.8041841676086
265	-305.60613300707695
266	-306.44035522782167
267	-305.5551626659668
268	-305.1001575037481
269	-305.39145787718627
270	-310.71557439293935
271	-300.11256336227217
272	-301.26127836229944
273	-306.87555281898716
274	-300.9113659843347
275	-304.07694629062615
276	-305.2422438784808
277	-302.4083305428748
278	-303.9559830337706
279	-309.78609393147786
280	-305.0026171505798
281	-303.5849090697306
282	-304.4925455906462
283	-299.33058328546315
284	-304.5411041261199
285	-295.7793377363191
286	-304.6069272812722
287	-304.10920825463495
288	-307.00529854179075
289	-309.45901649169673
290	-299.7129694852396
291	-302.5450339886637
292	-301.37714954508795
293	-301.35315127116064
294	-297.96778921697904
295	-303.31669510030304
296	-303.61508369358666
297	-299.09408807118535
298	-304.4763126279152
299	-296.56228673187536
300	-301.66854032453136
301	-309.1467257239618
302	-302.2166681669291
303	-300.35037177729055
304	-292.80390000097924
305	-306.67925155255307
306	-306.71918416253646
307	-300.904100626222
308	-301.7326214546511
309	-299.6318300425963
310	-300.43872251346886
311	-304.83295684935274
312	-298.25401821283964
313	-297.67209150489265
314	-309.1875531604735
315	-301.03189515765604
316	-303.4417110748304
317	-300.4418470385469
318	-302.5808449355358
319	-308.3821041767033
320	-299.0216128136244
321	-304.1014882129087
322	-307.0864216306864
323	-303.57659145962907
324	-308.8301223915768
325	-307.8092735513469
326	-302.6287795404685
327	-303.38326581990884
328	-300.9743647828451
329	-302.5618259409006
330	-294.050329507553
331	-302.09783780175945
332	-305.00690019132213
333	-303.02961767378304
334	-305.20121514073065
335	-303.4369398329221
336	-307.3462071190993
337	-300.61239941881706
338	-299.47597915178807
339	-308.43181217251697
340	-303.45164315077557
341	-306.5202788736997
342	-302.10530001431226
343	-302.87258292626393
344	-302.0083856330774
345	-301.3742195397315
346	-310.92696559451963
347	-307.9804626381647
348	-309.8584078651038
349	-303.06326162367867
350	-302.0178986403689
351	-297.9653000000011
352	-305.4136996097083
353	-306.83308068912913
354	-304.8695944676565
355	-305.6467000677728
356	-310.3189755152415
357	-296.3860000000009
358	-299.2807000839065
359	-299.50903840956124
360	-301.113508597666
361	-296.9421231163854
362	-303.8567047002969
363	-302.0509510422373
364	-305.1119558527533
365	-298.53342929876493
366	-302.5790166720139
367	-301.55784334806344
368	-302.0188203039597
369	-300.77753516443966
370	-298.53831307735317
371	-300.3655000000011
372	-308.4185599848942
373	-300.35858942304515
374	-303.80238505807745
375	-301.5009720144275
376	-303.66137603416564
377	-303.463592244771
378	-296.9115649479426
379	-303.2240028075315
380	-299.42691463613005
381	-302.7386646761289
382	-299.52051754751074
383	-313.59797294883913
384	-296.96995969229926
385	-296.96995138810155
386	-304.59938070852246
387	-309.6076345303416
388	-303.81111254142536
389	-301.61878246602674
390	-298.60292640117854
391	-308.7642648040234
392	-305.7105773571469
393	-304.25992574103293
394	-303.8492920617141
395	-300.4000070616406
396	-301.7741421639424
397	-307.00097169693964
398	-307.61226663384156
399	-311.6846277540658
400	-302.37772765485227
401	-305.26478597377917
402	-306.51896416194035
403	-307.78723817080555
404	-299.09786126761344
405	-301.52822085101025
406	-305.18659975034274
407	-305.9943872744593
408	-304.55343654516906
409	-301.13120148101757
410	-302.1309457109571
411	-300.60727393516277
412	-304.4853673116941
413	-301.77172230199255
414	-300.6577195059559
415	-302.8722129219794
416	-306.628016254166
417	-296.94971934937377
418	-295.9356
419	-299.3756941115713
420	-299.74182379834804
421	-304.1168974679325
422	-309.44600369845097
423	-308.0501320194764
424	-311.7390394366584
425	-305.257034670059
426	-299.81713882571336
427	-305.84315722990056
428	-304.76747292714725
429	-305.65029113052475
430	-306.8610129181557
431	-302.8091976798056
432	-301.7350279704276
433	-302.9894202671601
434	-303.4984291951676
435	-310.6814468353661
436	-308.2691059635963
437	-302.77580498013526
438	-305.1864165095216
439	-305.1301691622163
440	-302.4116327656398
441	-310.1928589188147
442	-306.9868779580103
443	-307.3375019475161
444	-299.813604920304
445	-307.1857477245928
446	-294.4929930694831
447	-302.77362408031814
448	-299.70186667273396
449	-298.8442656249215
450	-303.7704297336578
451	-304.194253883895
452	-304.35465239994176
453	-303.6809220829489
454	-306.5019491224338
455	-302.5055000000677
456	-299.5076166187018
457	-305.20673549502516
458	-303.7674138250869
459	-299.4810215378453
460	-305.52508952409113
461	-304.6794332998108
462	-307.7670366137869
463	-303.3109791239332
464	-306.15582531762925
465	-309.94596630048693
466	-297.6231830376303
467	-304.2336944394771
468	-304.32057674728253
469	-301.5567410613195
470	-305.764995137748
471	-307.2929671747696
472	-305.9095201081569
473	-304.89214408002476
474	-309.4456765633895
475	-304.4086261321892
476	-299.636116715391
477	-300.4524326646395
478	-300.6519190566254
479	-305.9493134475835
480	-303.80432840083404
481	-297.54460000000006
482	-291.28850106250746
483	-302.062866515159
484	-302.6512
485	-300.8424120754618
486	-296.2534000030885
487	-297.0785
488	-306.5070249280125
489	-299.93516183819844
490	-303.90055714221324
491	-300.3334685296475
492	-304.6062805666432
493	-303.70004950275865
494	-304.799119284654
495	-304.14565096332046
496	-304.1079
497	-304.9092249743801
498	-304.34627322730336
499	-308.8026945109949
500	-302.3608072058628
501	-295.403433631969
502	-305.65102995773464
503	-300.38750000000005
504	-305.0608467793878
505	-303.8348858113778
506	-300.96671806773867
507	-301.99256588749574
508	-305.48903168269055
509	-296.8714839358378
510	-310.7904779007983
511	-306.93495108743525
512	-299.3680803715803
513	-304.29017410708417
514	-312.6260382277789
515	-304.5573503526191
516	-304.0805578731655
517	-304.0415335107346
518	-300.54055192217146
519	-295.671878730655
520	-304.7241379969584
521	-309.59300770571934
522	-300.183259635702
523	-307.3938284278083
524	-294.61460917107115
525	-299.535045481848
526	-311.03914858298634
527	-312.3529915095225
528	-302.39117912348297
529	-302.5541461568569
530	-310.31526705633604
531	-309.7703784481516
532	-307.79824731811067
533	-300.18343920902197
534	-311.5422048060962
535	-297.4247502538363
536	-299.97469290923135
537	-301.3323840416893
538	-305.79230488014025
539	-301.7804181719897
540	-306.6486144352711
541	-299.20942149572915
542	-303.9496044758147
543	-305.7812425854951
544	-310.2088682485117
545	-306.45182823793726
546	-309.10624928380497
547	-308.3031974102098
548	-301.32686480075483
549	-305.16305776103803
550	-306.41281301685024
551	-305.3936785260602
552	-303.05697466134416
553	-295.5356009149098
554	-304.7713283709199
555	-302.11574765090273
556	-307.8550993376908
557	-307.83866684198654
558	-301.4288191341714
559	-302.23550000000097
560	-303.0484232874268
561	-303.08337221322006
562	-306.71720395310126
563	-306.86777363952353
564	-297.11807012966955
565	-302.0447855452365
566	-298.10715626683174
567	-301.27091513889894
568	-305.5915678221837
569	-307.87866224112173
570	-301.54801050073473
571	-301.29472000590323
572	-302.2331238662205
573	-302.6029351409861
574	-300.3131359240559
575	-304.70919518707325
576	-305.9962235523744
577	-301.17072483095546
578	-301.78241429407905
579	-300.3907981279538
580	-308.12068177229077
581	-304.6476894338594
582	-308.4939310038458
583	-301.5722115558977
584	-307.52239554761064
585	-302.43764138489706
586	-302.66335921970386
587	-306.747952647857
588	-304.9137750375499
589	-298.8755910479417
590	-302.5146077798227
591	-303.827685625749
592	-305.55354517792836
593	-308.52260948086195
594	-306.568375133678
595	-308.99188322138986
596	-304.69916007643354
597	-309.13390167535925
598	-306.84365379170174
599	-301.16920123867106
600	-300.240569029794
601	-301.01030060698554
602	-302.6156525180699
603	-295.42930000000115
604	-304.05497076233286
605	-304.9179616477008
606	-300.0289201927521
607	-301.3602510020529
608	-298.5435365842903
609	-297.77479393287155
610	-306.3513325357784
611	-302.19000000000005
612	-292.9292126093156
613	-305.3022903857998
614	-307.4096309158505
615	-303.71935336940254
616	-306.7561086296456
617	-303.5795246078023
618	-298.9936657040893
619	-302.5416148885968
620	-300.54795506380884
621	-306.271240128286
622	-305.11080522473736
623	-304.90685722059527
624	-302.85790275124316
625	-307.48943629094884
626	-303.3357271439554
627	-300.52004058971556
628	-305.54852170064567
629	-305.7085347876078
630	-302.4342229834219
631	-303.0172444959357
632	-313.51598219353923
633	-304.93079407157336
634	-308.5769006560826
635	-304.2070956553146
636	-308.9924099685841
637	-305.27323003144016
638	-306.74868865894314
639	-307.1913836911195
640	-295.39559472107806
641	-303.6062769525839
642	-307.74080572718265
643	-298.0436587183919
644	-305.8263327537417
645	-305.9008488507174
646	-299.57196036746063
647	-308.1412399402018
648	-303.32070108257767
649	-309.1220811028869
650	-307.7225708166221
651	-302.49214242576005
652	-309.8207782111486
653	-309.3735851151172
654	-307.45452353441715
655	-302.80568499397
656	-307.8092712601297
657	-297.4140980653318
658	-302.2455856259244
659	-307.5562001314104
660	-303.6469074869686
661	-296.97195243726105
662	-306.09500366543955
663	-307.6812762157443
664	-301.7391891415877
665	-307.709738834764
666	-306.0716108589708
667	-293.5766940856
668	-309.1812178389701
669	-308.64550409612065
670	-309.0836585999645
671	-311.69306186044264
672	-305.9618845055987
673	-301.86939060219083
674	-305.8521222852073
675	-303.1183481773244
676	-311.4395211639539
677	-316.7187792350463
678	-303.7249840716231
679	-305.8074953866212
680	-309.1552938684634
681	-304.0875262497319
682	-305.70643461828035
683	-307.82864674398945
684	-305.9959600840537
685	-311.64089035525063
686	-309.3125874213458
687	-304.7671082913945
688	-306.9822380321804
689	-312.5783891850409
690	-304.9152114223303
691	-312.0272034599009
692	-305.13049026860887
693	-304.86464919766587
694	-314.0426029971018
695	-307.28916398599466
696	-300.24819326814077
697	-303.05725382505085
698	-306.7191737694441
699	-306.5619533248113
700	-310.1656462617172
701	-311.83383665511155
702	-301.1673403629702
703	-306.00066336028937
704	-307.28430660232965
705	-306.06843232277515
706	-306.1644624512743
707	-307.929490645289
708	-305.22973111947135
709	-304.2827905723878
710	-308.62007431373274
711	-305.80505036838457
712	-302.11894545212465
713	-307.0008386266703
714	-305.24979074160717
715	-307.83879503285914
716	-308.7713693604518
717	-309.7704923846801
718	-308.17331631047387
719	-307.7067090221723
720	-309.73542995494716
721	-305.2484741130369
722	-301.45742474870275
723	-308.0905648896884
724	-309.4663705685113
725	-304.36654598158526
726	-305.76284361262935
727	-308.2533584829119
728	-303.9475749999468
729	-302.0873444745526
730	-301.8186963056476
731	-309.59137991465684
732	-305.47482748524266
733	-308.90832762070863
734	-309.9632226124099
735	-299.30842933003373
736	-304.00022102452033
737	-305.8178148822681
738	-313.75144304062087
739	-308.27515852609866
740	-308.44686134820955
741	-300.25427183003825
742	-307.3920492624877
743	-300.7087695366747
744	-305.1465405971525
745	-311.29072661008985
746	-293.42166294508684
747	-304.40789418469694
748	-307.45325724698984
749	-302.9066209815994
750	-307.7642812905853
751	-308.24817795977435
752	-301.63315392316895
753	-308.4062392651327
754	-310.7694613431735
755	-301.33061693481096
756	-309.3452345122484
757	-313.35253582988526
758	-307.84702033861237
759	-305.12110414406555
760	-311.03250918231487
761	-304.27628101743494
762	-308.13664276329547
763	-302.6178514019918
764	-308.42668296753754
765	-302.8992951520058
766	-303.658777097317
767	-308.2175643981399
768	-304.9055335852827
769	-310.58307968132317
770	-308.48065194306747
771	-310.3422205853503
772	-306.5019820282048
773	-309.23999207305974
774	-307.418109130216
775	-307.6733208134357
776	-304.8072236672603
777	-303.63918642677237
778	-303.5427624100085
779	-304.01128834486286
780	-306.06014726671884
781	-310.9415970524714
782	-308.9717679124779
783	-307.0938946063908
784	-309.6137498946818
785	-304.3631192254888
786	-302.50086317917567
787	-315.5228710677729
788	-304.9353658809538
789	-307.1108690850917
790	-306.59636051436087
791	-313.4164705598439
792	-298.67491575275375
793	-309.2039470856231
794	-308.16818130337134
795	-306.9871693870528
796	-306.5784941452312
797	-306.215597734744
798	-301.82198940449655
799	-305.54465543229344
800	-311.2608777632711
801	-309.98813219939126
802	-306.74415841577627
803	-310.40534565952726
804	-302.552833366816
805	-303.11043802058964
806	-306.2280725942574
807	-300.4034515341649
808	-304.7159837613092
809	-302.12981047970135
810	-310.9650789807985
811	-306.25236416248663
812	-297.98842858515326
813	-307.85911641999024
814	-303.54279444332167
815	-311.28353321795146
816	-311.79410172680866
817	-305.87722435529463
818	-303.7085301461716
819	-303.215560905566
820	-309.4166262191519
821	-308.39658707943903
822	-305.3857007142625
823	-306.2621875381883
824	-312.45970774093354
825	-311.77657748102706
826	-310.37303454410596
827	-310.9040608341893
828	-308.68431971110056
829	-308.7447831937287
830	-313.55104017659846
831	-313.5408550509853
832	-306.8814058548379
833	-308.7216362892745
834	-307.89489343893734
835	-303.14692579469596
836	-308.96012584848614
837	-309.2640166547533
838	-304.6318985791076
839	-310.5834611576671
840	-304.40610459202
841	-305.6766673685408
842	-305.92012521246784
843	-310.2265289202437
844	-302.7438523718777
845	-306.0261776631358
846	-302.5548824434564
847	-300.4988826459824
848	-305.3631468032395
849	-306.1384172387987
850	-304.0472962247781
851	-310.68200867758804
852	-305.31699395225274
853	-309.90645958849643
854	-308.5265901988072
855	-308.7179996211185
856	-308.6316821124248
857	-307.6609826807468
858	-304.2773725438144
859	-311.33920727464744
860	-301.47336636638755
861	-305.43977069985556
862	-306.8466175308858
863	-307.64291715901163
864	-309.3326824301002
865	-303.37082793767127
866	-297.8977626317218
867	-301.7853587098441
868	-305.57204650654296
869	-304.53626504981054
870	-309.3635881920053
871	-304.4342427003146
872	-305.37291878633624
873	-301.69218132216884
874	-305.3329457378931
875	-306.1583109149406
876	-303.17432464261526
877	-305.917130611413
878	-306.76869976099175
879	-302.62448219330923
880	-305.2190683685629
881	-306.2951881309026
882	-308.59312644046435
883	-307.5151711000803
884	-302.16759925270003
885	-305.39467258383496
886	-302.55843164411783
887	-306.3493449472323
888	-301.9499928287266
889	-297.7814580348543
890	-301.9230698514677
891	-302.95077628758486
892	-305.1469470664344
893	-302.12050848995426
894	-300.22015306598473
895	-308.05219005460805
896	-307.2439435371456
897	-304.0246939358194
898	-299.73674216574517
899	-309.5466451643694
900	-295.52014719694654
901	-292.4070886871279
902	-301.9427377074296
903	-308.0066484221484
904	-305.00370318940173
905	-295.86778443924953
906	-304.9811677064846
907	-306.29387288806305
908	-308.12246901973566
909	-306.593613499224
910	-309.9442367925218
911	-305.38089132742067
912	-305.6949444313386
913	-308.7491761595711
914	-310.10800558511346
915	-301.87734293149407
916	-311.7820216540003
917	-308.52095549917095
918	-301.37279153529244
919	-309.7144706582661
920	-306.7024408086787
921	-308.08217557572374
922	-306.00647800318956
923	-309.39153628467096
924	-298.16196871580644
925	-302.5114781601672
926	-305.36096304150556
927	-303.8610656947795
928	-306.40103216398495
929	-304.44107976118426
930	-310.3722058184785
931	-297.78454015735673
932	-311.6810772129044
933	-304.0143453898682
934	-304.73988836723873
935	-296.40666159950354
936	-303.1851281437045
937	-305.72640907791504
938	-308.23999835099596
939	-310.05051625682717
940	-304.9827304016001
941	-311.27450507724706
942	-308.38290819955927
943	-308.3397259188328
944	-312.46734283317693
945	-299.2917542504826
946	-305.36448238581715
947	-310.6189569126242
948	-302.0034649372848
949	-302.1028093281634
950	-301.52841444353794
951	-304.0081328314682
952	-302.77660294654214
953	-309.0974970028852
954	-307.68946982708087
955	-307.50678905912514
956	-307.4464133995967
957	-308.4874553670809
958	-302.8741198299534
959	-305.2623143496665
960	-310.5989557053913
961	-310.82378890286077
962	-300.9630748430016
963	-307.4660257989029
964	-305.6981461411919
965	-311.23906114844044
966	-304.25329022832375
967	-301.93750173942135
968	-302.30296065243346
969	-307.8304160021719
970	-306.6627053956516
971	-306.7484431379792
972	-308.3775659574468
973	-303.82979682647965
974	-309.91126514912054
975	-309.238957566036
976	-309.869504730639
977	-305.4714988679336
978	-304.2769745103898
979	-313.9206931428598
980	-300.0161839843186
981	-310.36025117642305
982	-311.63818397957846
983	-312.18072430667615
984	-307.11393122221347
985	-308.3518643208746
986	-306.5597259262743
987	-308.97961054735595
988	-315.2737870274775
989	-310.07833053951373
990	-313.7845256780644
991	-306.82451678388276
992	-310.92194028387945
993	-309.6616822924406
994	-305.313883890619
995	-313.68869103871316
996	-314.97459865931654
997	-311.83380891711903
998	-309.1718766735058
999	-311.27587268118964
1000	-302.90808273154636
1001	-309.1138866631051
1002	-313.4654962656817
1003	-308.5901110486434
1004	-313.50361175694786
1005	-299.09647840266905
1006	-306.2027404568621
1007	-300.2349005522504
1008	-299.0879894434133
1009	-303.69458013640883
1010	-308.64524673455185
1011	-308.05687874422836
1012	-306.8495965063966
1013	-302.1200877881399
1014	-307.273737588973
1015	-299.680055867864
1016	-299.5998204033184
1017	-307.6933817035873
1018	-305.99136818301986
1019	-309.0736793069838
1020	-301.8896074675567
1021	-299.89546031121887
1022	-309.02004807764035
1023	-306.92397671657767
1024	-310.22757279594043
1025	-308.82933372026986
1026	-309.6816845963916
1027	-307.9908306008265
1028	-307.52155594140595
1029	-303.3631956641568
1030	-312.41710539144685
1031	-303.50690439273177
1032	-309.478631032285
1033	-307.36415877565986
1034	-303.7244868119996
1035	-303.290273377082
1036	-301.78228545245395
1037	-303.9587506356141
1038	-300.0911923718073
1039	-307.07289282968986
1040	-311.10249312426737
1041	-305.0149735617465
1042	-300.4124065163716
1043	-302.5129691252664
1044	-308.2352951586982
1045	-310.37941182458644
1046	-304.8510118934474
1047	-303.5763200679046
1048	-308.7829527957325
1049	-300.05982024123165
1050	-303.9849589529486
1051	-304.98864597002216
1052	-307.0358954354922
1053	-306.99863632997676
1054	-310.9337393493313
1055	-306.458112145025
1056	-306.2310186928706
1057	-310.32258159630373
1058	-310.39088823716355
1059	-303.00181684981135
1060	-306.42197438943356
1061	-302.5378339344882
1062	-307.1353654407853
1063	-299.4612055953795
1064	-310.0059979699592
1065	-303.50121510258555
1066	-305.9195913502525
1067	-306.33806004635636
1068	-311.1175443500765
1069	-311.858015028399
1070	-309.6963837450831
1071	-299.5080057906002
1072	-309.0882553563083
1073	-312.04474043871227
1074	-308.4235387548182
1075	-302.55542652959025
1076	-303.20835589893346
1077	-312.1413982793818
1078	-308.9918558551255
1079	-303.202386912278
1080	-308.2890367274743
1081	-307.28729650089
1082	-314.9134634798706
1083	-307.28828552473675
1084	-307.91929653614653
1085	-311.47434614929983
1086	-305.58887470064565
1087	-307.05552658998613
1088	-305.8559998963977
1089	-308.0381062622247
1090	-310.2177215329289
1091	-306.61836295909137
1092	-306.1294485592464
1093	-310.01314325574754
1094	-313.4843136405912
1095	-306.0439589889328
1096	-303.5077497759998
1097	-303.4154744500474
1098	-305.0337634794789
1099	-306.76515533085023
1100	-305.98430553680316
1101	-306.4009571325983
1102	-306.1334011320839
1103	-304.10891658211403
1104	-304.5304781129166
1105	-304.84630959580863
1106	-300.5350778525944
1107	-311.4483200534875
1108	-305.8639400597197
1109	-302.5012263868318
1110	-302.1865226389536
1111	-303.23799874556323
1112	-299.57022490487657
1113	-304.1266205321653
1114	-309.26554979404835
1115	-308.43537156974037
1116	-308.83200419724045
1117	-304.9461255494206
1118	-304.92853303164253
1119	-306.15045060721826
1120	-306.40488712888964
1121	-312.89876231265515
1122	-311.1718257945166
1123	-311.7304492556035
1124	-301.93362304894225
1125	-306.1676293813943
1126	-315.3221812653447
1127	-306.6667631498122
1128	-306.39174127328494
1129	-297.9875551291351
1130	-304.6274182575697
1131	-301.3174350933243
1132	-309.12121590767816
1133	-305.69360609760463
1134	-302.7839186798837
1135	-307.01914371109837
1136	-310.8232063242936
1137	-303.3989068967766
1138	-299.74384988719055
1139	-302.5548679571096
1140	-303.65273159422287
1141	-310.4662321063311
1142	-315.07026452177365
1143	-306.3257436032692
1144	-306.8451455084934
1145	-304.76457370054
1146	-298.8553149205873
1147	-300.31545871105243
1148	-300.43199666589237
1149	-302.5865744057192
1150	-297.1173292692404
1151	-309.61389895208487
1152	-308.3684042399636
1153	-299.7896548406483
1154	-311.12069018110645
1155	-300.91539475331666
1156	-309.69943736553466
1157	-293.2865776239078
1158	-306.8633154891646
1159	-303.549145651613
1160	-311.0965244834561
1161	-308.57618115585086
1162	-309.8872129198231
1163	-307.93338439650523
1164	-306.09423127301693
1165	-306.8995755183672
1166	-300.2418660528078
1167	-307.6024276406944
1168	-309.9582107195983
1169	-306.5939607601516
1170	-303.07266486441785
1171	-304.38433116632297
1172	-311.8289020007721
1173	-303.47609813021705
1174	-308.7660447602792
1175	-309.7336109661058
1176	-307.54731720883024
1177	-305.697906465791
1178	-308.60659221655925
1179	-302.67670285661256
1180	-299.9111865648242
1181	-301.67331319518
1182	-310.6029711206783
1183	-307.23264966079716
1184	-308.65661961180956
1185	-307.5345066699571
1186	-304.60846064890154
1187	-305.62943046040704
1188	-302.69340337997465
1189	-313.5730859086786
1190	-309.1033911679555
1191	-303.67200726191516
1192	-309.9716270469997
1193	-308.5621988341691
1194	-305.9571590794299
1195	-310.0754720941952
1196	-307.42084079392174
1197	-305.0095352917655
1198	-303.1437969551718
1199	-298.46357593410823
1200	-308.4219872010398
1201	-305.8874342978949
1202	-308.3517183057164
1203	-306.05238819988244
1204	-306.04869296314234
1205	-304.6727913164747
1206	-305.41595330462155
1207	-306.5801202145015
1208	-304.2135198883082
1209	-304.7917635520763
1210	-305.4133549069278
1211	-304.38639529922665
1212	-297.59865120737805
1213	-299.9840135759655
1214	-299.6885597283724
1215	-305.4912142717595
1216	-308.3572899906789
1217	-301.64004206346095
1218	-306.6881119138213
1219	-307.78145887609253
1220	-302.64955517171677
1221	-310.0202689824304
1222	-306.3254858761123
1223	-305.8710187844559
1224	-307.5736378198923
1225	-306.1506996821911
1226	-311.59089266948644
1227	-304.200765728797
1228	-299.4525951697858
1229	-311.2499303058731
1230	-307.6080518002087
1231	-302.2368076089254
1232	-302.18478196201346
1233	-303.77232426097316
1234	-305.3955721650923
1235	-301.7935767151171
1236	-303.6469425474691
1237	-312.21562764326603
1238	-311.27678688027197
1239	-309.8244740503495
1240	-308.14206635028535
1241	-303.57129804955247
1242	-309.5117394655762
1243	-302.66817375165965
1244	-306.7671719501004
1245	-304.00391331379944
1246	-308.2168945067135
1247	-304.3412810987731
1248	-306.65888308200863
1249	-301.71737138685006
1250	-303.5622175097763
1251	-301.1808333405491
1252	-301.9641570844232
1253	-306.27380234584587
1254	-307.13270609304965
1255	-310.8185263315404
1256	-308.3109494628736
1257	-301.97489078238686
1258	-306.53994745414775
1259	-305.88907896938616
1260	-302.3974207155929
1261	-308.8378909446203
1262	-306.7262421124881
1263	-310.07050089114387
1264	-310.1047206367302
1265	-302.95224143713415
1266	-308.33317339431653
1267	-299.67028228908987
1268	-303.6279685272003
1269	-308.9645611912446
1270	-309.62720959997307
1271	-307.50915649054303
1272	-303.27822116610093
1273	-307.86080388011425
1274	-307.975592214532
1275	-304.14470603991083
1276	-306.3851152548381
1277	-316.1183150835045
1278	-308.8838361327964
1279	-306.0142829869655
1280	-307.85331396030944
1281	-302.83844018384684
1282	-307.30513770674247
1283	-308.1877494204907
1284	-309.479742969019
1285	-307.8189887177599
1286	-300.5679064470954
1287	-307.4311756378544
1288	-295.96342837098854
1289	-305.93580390996806
1290	-303.1660635431442
1291	-306.51451966322816
1292	-307.7971459570759
1293	-303.51577424000783
1294	-307.252075564912
1295	-304.7593403446002
1296	-305.22924032098473
1297	-305.7729621102338
1298	-303.98169786231733
1299	-301.2102559995247
1300	-300.0929615653965
1301	-298.91519201446425
1302	-306.8321574507429
1303	-301.54933423206114
1304	-305.13755378511905
1305	-309.8300521514521
1306	-308.3773382445788
1307	-304.9964401580836
1308	-311.61966400031395
1309	-308.255277484345
1310	-300.8431068390894
1311	-302.84117295350393
1312	-306.21471437947747
1313	-304.6610387050032
1314	-308.30055530754095
1315	-304.0722291099319
1316	-303.387495252788
1317	-306.01759629621563
1318	-306.29088947120664
1319	-306.3323709357369
1320	-311.3375162076829
1321	-296.28159705077815
1322	-312.70736332654354
1323	-309.89863727028495
1324	-309.4831138637079
1325	-311.9068435801865
1326	-307.839330429087
1327	-312.279146427367
1328	-306.5299388961058
1329	-307.10639625216106
1330	-312.9679180901571
1331	-305.9892262598196
1332	-312.9021716300475
1333	-300.42547391905737
1334	-301.4774595017893
1335	-305.5373897930157
1336	-308.86801588618744
1337	-304.2133592174664
1338	-306.94343395913785
1339	-309.9143843223849
1340	-311.20084708135045
1341	-312.11477958642604
1342	-311.7790388542225
1343	-316.64173435920094
1344	-312.2403649786461
1345	-309.88197611651856
1346	-315.17796650912345
1347	-300.3633315046187
1348	-313.1937205213341
1349	-307.1875654714046
1350	-306.9618807857276
1351	-303.7073187324147
1352	-307.6157273713665
1353	-307.1987670725017
1354	-302.5227235700862
1355	-306.6750314666331
1356	-310.8957826227164
1357	-310.0581570142109
1358	-311.0919461069147
1359	-309.48198804074366
1360	-308.3287190862656
1361	-307.3845042941192
1362	-307.71875027308545
1363	-296.34888746939737
1364	-303.89089391529546
1365	-306.6592821312313
1366	-299.657867772605
1367	-305.7651956643299
1368	-306.60699114091534
1369	-296.83658361978564
1370	-302.6568422664967
1371	-303.22153852071875
1372	-304.3420251125274
1373	-308.8810627722141
1374	-305.2899231274954
1375	-308.78282364457965
1376	-307.9550060970074
1377	-303.8997006968832
1378	-300.789276339415
1379	-300.2585777416993
1380	-307.18445730175176
1381	-303.9611135078931
1382	-306.7714286990038
1383	-307.07031936230624
1384	-298.39421800204093
1385	-303.9624457381436
1386	-303.6314671404295
1387	-317.63088491790177
1388	-307.68656756427714
1389	-306.4079222291439
1390	-305.8988406537666
1391	-309.0479262049518
1392	-300.8467584815978
1393	-308.72034664018395
1394	-301.53598860865867
1395	-307.8423767968799
1396	-309.1477909421899
1397	-307.5460934937119
1398	-310.81883078354014
1399	-308.03211403465707
1400	-302.811216273491
1401	-304.2392107236642
1402	-308.75485046840254
1403	-305.5337537604282
1404	-311.29281756396654
1405	-303.1554078891498
1406	-309.55084458460647
1407	-303.87349935689366
1408	-311.82143080749915
1409	-305.8405567829091
1410	-307.3608615566499
1411	-306.6322049419078
1412	-300.7641375738065
1413	-306.1055387250188
1414	-296.9421316151981
1415	-305.4133778303075
1416	-305.1990851274272
1417	-305.37139851322405
1418	-302.7439746178638
1419	-307.62141958996625
1420	-310.25564795238284
1421	-305.90022093446026
1422	-305.012444275252
1423	-299.7998285279125
1424	-302.7253404214119
1425	-301.72750976695687
1426	-315.3055136257811
1427	-301.29399551166017
1428	-295.11607540970266
1429	-309.06788503381654
1430	-308.8960355735809
1431	-309.1513566053266
1432	-306.76373366149693
1433	-312.2050797425732
1434	-302.4561425540953
1435	-307.8181854147474
1436	-306.27015157859466
1437	-308.9544399093383
1438	-305.8971520692887
1439	-306.26500108413694
1440	-314.4103090955731
1441	-304.9861214870303
1442	-305.56174633447574
1443	-306.1394831913488
1444	-304.0654607055299
1445	-302.5861368160892
1446	-305.0138718268365
1447	-298.3006765643262
1448	-310.7273277111101
1449	-305.59091888589535
1450	-307.30283387273425
1451	-298.91875850179764
1452	-300.38978574840115
1453	-302.9892000000181
1454	-293.9873034935269
1455	-308.3320928579821
1456	-304.0010692031064
1457	-304.87772747256173
1458	-303.06600000000003
1459	-299.8646585355233
1460	-310.29405434983204
1461	-305.7396996113708
1462	-305.58110341462884
1463	-304.0214324073305
1464	-302.4951598952721
1465	-300.826592901484
1466	-292.236121809173
1467	-298.2544335412662
1468	-308.25089540206295
1469	-305.0749919729305
1470	-299.87768415509925
1471	-310.04137677429134
1472	-309.4007287976422
1473	-298.65878511783785
1474	-304.490279253186
1475	-302.75237074407744
1476	-301.6674470855344
1477	-306.9850273464744
1478	-308.25315000880335
1479	-304.0554688592635
1480	-300.41925195524647
1481	-301.40697392059343
1482	-302.0721911583984
1483	-301.39123358290726
1484	-304.7644789561283
1485	-302.30534564681847
1486	-303.31637659867846
1487	-303.06629789160075
1488	-301.81424203464445
1489	-304.6626154480263
1490	-303.8973942693039
1491	-303.35381936946294
1492	-305.27214898950535
1493	-306.35284698824
1494	-299.1584510533268
1495	-301.1879651169681
1496	-299.92285453192903
1497	-305.69584551194225
1498	-308.30843218723817
1499	-306.06357841510203
1500	-304.6419623035296
1501	-306.2700849482033
1502	-308.7142751472972
1503	-306.8062545341209
1504	-303.9359343023815
1505	-307.1248161151803
1506	-309.10192477625696
1507	-305.6053853894778
1508	-302.83979264496946
1509	-306.8960152003991
1510	-303.91490255712665
1511	-300.8146668896755
1512	-300.4148027588029
1513	-307.393056420646
1514	-305.14804313035273
1515	-303.11760000113844
1516	-299.6052233030242
1517	-303.5715516182472
1518	-304.2445058353956
1519	-296.2373003631717
1520	-298.18474320097005
1521	-301.6654363304065
1522	-305.4307294162195
1523	-307.71635367598384
1524	-302.42947418069343
1525	-304.4166252554453
1526	-304.66120544171116
1527	-303.5957276253971
1528	-302.71554877680575
1529	-305.8549373237985
1530	-305.7770449020176
1531	-306.28923374725747
1532	-305.8140735710735
1533	-305.8070580454902
1534	-306.98756307524417
1535	-297.833757232656
1536	-305.059176368741
1537	-298.1179912142727
1538	-304.6367718230522
1539	-302.01833984611983
1540	-295.8390224801726
1541	-302.46733704553986
1542	-304.3646707660554
1543	-305.00797614960084
1544	-304.5775197425152
1545	-304.2929571810046
1546	-303.14891099405
1547	-300.94964031172924
1548	-307.5040287058965
1549	-302.8224200266586
1550	-306.5280861606359
1551	-309.59302453871004
1552	-309.63273000185404
1553	-302.93831698684403
1554	-303.76535504906826
1555	-303.50987511700686
1556	-303.8691934259092
1557	-304.82935671677694
1558	-301.46333477269957
1559	-297.04814458988466
1560	-303.39760870038975
1561	-301.1064605319125
1562	-302.3382417744365
1563	-299.904659249858
1564	-306.1265457803729
1565	-304.79012140240775
1566	-300.9863557727669
1567	-299.48280649953927
1568	-299.2516791668201
1569	-304.9237374770326
1570	-303.72059424191025
1571	-313.4366814036188
1572	-310.66054805670143
1573	-299.77598776312175
1574	-305.6204961917461
1575	-303.45766994321104
1576	-304.7088321426302
1577	-304.6463053207231
1578	-302.689840916419
1579	-301.81859316913307
1580	-297.0360761495521
1581	-311.1690054596703
1582	-297.11826238425505
1583	-301.6500932890113
1584	-308.3607059694768
1585	-302.4092336169035
1586	-303.29881903136817
1587	-301.60445523585435
1588	-305.28821647545885
1589	-306.2425254283187
1590	-306.95349450972867
1591	-298.66959563913343
1592	-299.9259015200051
1593	-306.83440254715987
1594	-302.747649293539
1595	-301.14342497743337
1596	-302.50412413971856
1597	-295.1578000111132
1598	-298.30564510773326
1599	-311.3054335073655
1600	-301.20992861330706
1601	-310.78630971619924
1602	-312.82719226980464
1603	-304.77814835003517
1604	-302.02759115228827
1605	-303.79760556749534
1606	-304.2210054195434
1607	-306.2367974873883
1608	-303.98358433808426
1609	-298.3670700327966
1610	-310.4464632623033
1611	-306.9605903254039
1612	-304.1293800772995
1613	-300.17586588060385
1614	-302.8404222703515
1615	-308.1636994403599
1616	-307.4682303780193
1617	-307.45271141987746
1618	-300.6234275382682
1619	-305.73188943276284
1620	-304.33799237461614
1621	-302.5386593351538
1622	-307.5720614342062
1623	-303.70367693615225
1624	-306.2110087337693
1625	-309.61590998005346
1626	-307.7209238976629
1627	-303.2387781970239
1628	-309.09549748206706
1629	-307.2755902513803
1630	-301.2023133880795
1631	-303.24591385419285
1632	-295.3472767249298
1633	-307.6686390185355
1634	-305.9243099876493
1635	-304.38729399145734
1636	-307.6090780818868
1637	-299.1195177901723
1638	-305.08094768033874
1639	-303.74757059086085
1640	-306.1160658706367
1641	-301.6598152983492
1642	-306.7584061389804
1643	-302.1148880523801
1644	-302.4254275526156
1645	-302.68642083581926
1646	-300.17808695568914
1647	-301.31409070372246
1648	-306.1016972452312
1649	-307.34931456226707
1650	-292.7451403160466
1651	-294.7846545988966
1652	-306.37655185686106
1653	-303.4814714466949
1654	-304.1451803528167
1655	-300.8430469185042
1656	-304.3639281209875
1657	-300.97442301981977
1658	-302.56447993973654
1659	-304.5900743065235
1660	-306.1139577500545
1661	-301.99217493540795
1662	-308.7043401497354
1663	-308.0162202602273
1664	-307.43629239113204
1665	-310.66205847048406
1666	-304.2028807931181
1667	-304.6216836580759
1668	-309.6843781286298
1669	-297.58456261758107
1670	-305.2173964263604
1671	-300.5563114290638
1672	-306.36351158336134
1673	-304.6365167194799
1674	-309.24110231770965
1675	-302.603530928859
1676	-300.03926107196594
1677	-299.3853505217302
1678	-306.5678187953459
1679	-305.3634161840135
1680	-309.00736589708873
1681	-303.657684488939
1682	-307.5670413983366
1683	-296.82940558571363
1684	-304.64002626753285
1685	-304.56055492313067
1686	-305.865320908249
1687	-303.407503181228
1688	-305.60196483985817
1689	-310.8871425284192
1690	-303.7737535090148
1691	-310.14167744833924
1692	-302.75398433365245
1693	-300.6529773795793
1694	-304.15868285917264
1695	-302.8657931478788
1696	-310.58855661256376
1697	-304.5473100290459
1698	-300.3362979409199
1699	-303.7573219753598
1700	-305.0035091346
1701	-307.25693483914466
1702	-306.8469460240052
1703	-301.1999378750623
1704	-299.03100054589817
1705	-297.28407106522224
1706	-307.37211269082843
1707	-309.2971538139606
1708	-305.23661601933134
1709	-305.4733589343627
1710	-300.92857190403345
1711	-307.9292207372148
1712	-303.68022045185864
1713	-302.2097123185209
1714	-304.89154700029115
1715	-295.6918566442093
1716	-298.2686505192461
1717	-306.98305325742723
1718	-305.60087559114214
1719	-300.69823404487977
1720	-303.8931545637434
1721	-304.64430000000004
1722	-304.5489256160228
1723	-301.34112217676403
1724	-301.65064162670916
1725	-305.91900095667216
1726	-299.63216957308975
1727	-304.8896000153167
1728	-303.8512657122193
1729	-305.06950356842054
1730	-299.6575788688576
1731	-308.4737316665057
1732	-300.0901311065833
1733	-304.24296011911156
1734	-309.92466367418393
1735	-304.31160682261776
1736	-301.96396674480474
1737	-308.0648113765474
1738	-302.77324420757327
1739	-293.9462337009936
1740	-307.91430929391333
1741	-305.89001492830346
1742	-300.2779189359632
1743	-313.2846258461357
1744	-303.456800834646
1745	-303.75147015710354
1746	-308.61572958692994
1747	-304.8396448718804
1748	-305.04611715129585
1749	-302.8806233792083
1750	-302.91573285081034
1751	-303.663932533429
1752	-300.5714192387916
1753	-306.1829818975685
1754	-301.89910337335135
1755	-302.2274950505874
1756	-306.6282353897647
1757	-303.6752914717969
1758	-302.37318149795436
1759	-304.3946027202697
1760	-306.3113253126244
1761	-307.34314813854763
1762	-301.7504
1763	-303.5657
1764	-304.99836848820775
1765	-300.7949856661711
1766	-309.65773813217123
1767	-305.97654058207934
1768	-306.83352303973993
1769	-302.037945511872
1770	-296.5762754625989
1771	-303.2549775511694
1772	-301.5606626655356
1773	-303.22722110145196
1774	-304.6981267550555
1775	-305.27208090978576
1776	-304.07975437692426
1777	-301.1334000000016
1778	-301.4112261288241
1779	-303.08361628367686
1780	-293.9474378820538
1781	-300.40295124529126
1782	-304.0780467584105
1783	-297.51410000000004
1784	-301.2196229021649
1785	-303.2585836952121
1786	-307.23956186068284
1787	-300.0367792071388
1788	-304.94516318545783
1789	-303.45466006254344
1790	-305.3584
1791	-305.64662949770087
1792	-300.0355239345884
1793	-298.5365229220283
1794	-298.3712425568181
1795	-302.17136407517484
1796	-294.20646083925493
1797	-311.4800616934974
1798	-305.1101984500355
1799	-306.65264321656156
1800	-308.2890569588974
1801	-306.8804180903209
1802	-302.6555145970605
1803	-304.07710769624504
1804	-300.4164013127564
1805	-306.0627242944363
1806	-305.6016232877043
1807	-307.7805385744971
1808	-304.63267865675374
1809	-299.53423964243615
1810	-296.49372445889213
1811	-304.3309001869091
1812	-300.0349130278686
1813	-298.6177208281805
1814	-297.1657205357795
1815	-300.84202812892704
1816	-302.9755049364694
1817	-306.03006847711123
1818	-302.5188933219759
1819	-304.95303013333955
1820	-303.93810490624713
1821	-296.13049022398496
1822	-306.3754111171097
1823	-306.19810448129823
1824	-306.3467577221171
1825	-304.60387307835856
1826	-303.2565838121769
1827	-301.592447327173
1828	-307.57693315475325
1829	-311.92940123453536
1830	-301.7573429909856
1831	-304.02090535548416
1832	-300.59617493609727
1833	-305.34425198564304
1834	-303.0353183624813
1835	-302.71768968065885
1836	-300.5250287951972
1837	-300.5053110060093
1838	-306.5149256287899
1839	-302.97250359739206
1840	-301.72396891307733
1841	-296.15108547932965
1842	-305.0941000001748
1843	-304.08828057271506
1844	-306.89270923419036
1845	-301.34196680242104
1846	-301.8894355758434
1847	-308.19767990959247
1848	-298.2965309047883
1849	-300.1945325464131
1850	-304.55511209465266
1851	-302.03328268731286
1852	-306.3564283615179
1853	-301.85719458666256
1854	-300.2715000539368
1855	-298.51008702495824
1856	-292.77785046953284
1857	-303.2950380483956
1858	-300.8858629203616
1859	-305.9312564049833
1860	-304.2253469802151
1861	-305.9410935588306
1862	-305.5754644706723
1863	-297.7925305780375
1864	-299.11214652064564
1865	-302.5411357301043
1866	-301.87223418956864
1867	-304.9530163940258
1868	-311.6822278909236
1869	-303.32803298197507
1870	-304.2432191704069
1871	-294.8941087035492
1872	-304.6538409508762
1873	-308.1737354500518
1874	-296.3000607069073
1875	-301.6740663874887
1876	-305.60317652970906
1877	-301.5229591904475
1878	-296.14665907297115
1879	-299.4849113013838
1880	-303.7809121782344
1881	-309.47357781868965
1882	-308.5505608647975
1883	-307.14141708971664
1884	-303.29771887448555
1885	-306.61403753074325
1886	-306.0326461817504
1887	-300.69821357947404
1888	-301.2390650269895
1889	-304.6963573257565
1890	-304.5677533625303
1891	-299.4552059176007
1892	-301.46273495761017
1893	-304.24759356048014
1894	-306.2544542115327
1895	-304.96120890589435
1896	-303.43741050561556
1897	-300.607864571892
1898	-306.27119441921536
1899	-302.36107805619525
1900	-306.085043844001
1901	-307.2924694478406
1902	-309.3073039894409
1903	-300.40290268979743
1904	-301.42457142861235
1905	-306.05412601979725
1906	-299.26427105196166
1907	-305.71006343231676
1908	-303.2339134600104
1909	-305.81946341504903
1910	-297.1768824374128
1911	-300.30570778189673
1912	-303.05097396648677
1913	-293.0720881030415
1914	-303.58600532617265
1915	-305.04266098901746
1916	-309.10481125575694
1917	-301.29792517621075
1918	-302.6144213855845
1919	-303.36961112746826
1920	-300.7536459911659
1921	-302.8988892837422
1922	-302.92563780740846
1923	-302.88710031456196
1924	-301.55326641084054
1925	-304.5917381649388
1926	-307.00387477493734
1927	-307.4985067973649
1928	-302.86290816301994
1929	-307.2908028349189
1930	-303.5538512368159
1931	-305.31189374081083
1932	-302.9674834899518
1933	-304.8945
1934	-305.2972152504651
1935	-305.1625401542238
1936	-308.8911101260725
1937	-307.47081369176243
1938	-306.28620766878237
1939	-304.99049659251347
1940	-306.7131769061136
1941	-304.0900091074099
1942	-307.7707565886507
1943	-306.887010591265
1944	-300.976891697964
1945	-302.37638026550826
1946	-302.93999708459967
1947	-303.153259804419
1948	-307.3314505166886
1949	-310.90529152577784
1950	-306.8919522528606
1951	-302.8322562703832
1952	-306.89523193320855
1953	-305.583342754489
1954	-304.2739370097065
1955	-305.80174062266985
1956	-303.4878543307311
1957	-311.6791480657714
1958	-305.3653532121746
1959	-306.16691898955327
1960	-308.160511288952
1961	-306.4552527104265
1962	-299.2054319168528
1963	-299.4423098110718
1964	-303.6961476024019
1965	-295.7738366025459
1966	-306.6663752540028
1967	-302.03601265557376
1968	-305.14432286748564
1969	-299.1611288176821
1970	-299.1317344268075
1971	-305.4397276729418
1972	-306.4497735174906
1973	-300.04414920227265
1974	-306.2188209125475
1975	-306.9132401047801
1976	-295.7611581501986
1977	-302.6080557435882
1978	-301.9962821313951
1979	-304.10290714070146
1980	-303.8236666121184
1981	-298.9188864824526
1982	-306.9904745195057
1983	-307.501925654603
1984	-307.1449487553181
1985	-303.9493859998623
1986	-307.0325109360171
1987	-300.2651735249491
1988	-309.07638821732166
1989	-297.0288809020814
1990	-298.56245017270237
1991	-299.02318331986584
1992	-300.8331904842012
1993	-295.4162368501431
1994	-303.34312231643884
1995	-299.53343730145457
1996	-311.53361607438325
1997	-310.44214910486954
1998	-307.9013654382059
1999	-301.66423695243236
2000	-301.4198512240609
2001	-301.0325538669564
2002	-297.76833872853723
2003	-300.4342113664952
2004	-305.42179976692296
2005	-309.2086659710516
2006	-302.38864906696335
2007	-307.77260020255295
2008	-303.2074651183862
2009	-307.6235443840991
2010	-300.74278891193694
2011	-303.73881567869626
2012	-301.16082627898845
2013	-297.47637219821803
2014	-307.24127010895444
2015	-294.9511085068943
2016	-307.906399491161
2017	-295.9022985196342
2018	-299.61410024092976
2019	-302.6036702625519
2020	-304.02741987054617
2021	-307.9646528281679
2022	-304.0908719382796
2023	-302.47871918817975
2024	-297.9671808852842
2025	-304.71443672948425
2026	-304.8818010391668
2027	-308.74758829528236
2028	-297.4473392362057
2029	-307.97024153473984
2030	-306.30223664283926
2031	-306.9929691780096
2032	-306.3352109828237
2033	-303.3622034098421
2034	-309.17310730391415
2035	-305.78589562277875
2036	-297.32533524820815
2037	-307.07313980497463
2038	-299.5923358321201
2039	-305.86495237195965
2040	-303.48610506902685
2041	-307.5265468538348
2042	-304.6683919728455
2043	-306.71127932209583
2044	-308.0450915246481
2045	-309.09110118524353
2046	-305.8362567317468
2047	-302.6665333756794
2048	-306.74201526342137
2049	-304.95722459342693
2050	-303.14514747101646
2051	-304.94425022991686
2052	-305.74704031894737
2053	-303.22543491747945
2054	-299.58512324533217
2055	-306.40230069187294
2056	-307.660444172624
2057	-302.6769962527037
2058	-299.38977862987286
2059	-301.30772345596614
2060	-302.0762745516094
2061	-312.57223598466095
2062	-307.1021806374758
2063	-311.2889316924254
2064	-307.8858963320907
2065	-301.47571894717
2066	-308.78972389752084
2067	-304.02996329736413
2068	-304.6075595380204
2069	-304.1354000000078
2070	-306.80750490936157
2071	-309.7404377832241
2072	-303.7351116771345
2073	-295.7791036638053
2074	-302.6978728548816
2075	-309.1545360629884
2076	-307.1249764806248
2077	-313.81400010679636
2078	-307.9081202739594
2079	-308.6721266377646
2080	-310.4109401756963
2081	-308.39090133351266
2082	-301.414100249465
2083	-301.0561837796808
2084	-301.3252056389823
2085	-308.35243899915685
2086	-294.1303411514025
2087	-302.14104932767214
2088	-300.22897935311045
2089	-300.0433605204689
2090	-299.01566586801584
2091	-303.8411347538266
2092	-302.84020425832404
2093	-302.8529
2094	-303.47550176970714
2095	-300.9564237517819
2096	-301.6216351458155
2097	-302.09772744881224
2098	-304.7038669439185
2099	-305.0722166790673
2100	-303.5796158873996
2101	-299.282335490346
2102	-306.2792919524633
2103	-303.0183699659899
2104	-306.67852361400514
2105	-303.97334492252025
2106	-300.62676326340153
2107	-306.1344130832716
2108	-306.1022652096112
2109	-298.88340000459124
2110	-298.7754947412328
2111	-302.27157580060674
2112	-302.9124042545871
2113	-308.1196801414979
2114	-308.33431846580305
2115	-304.2653449355617
2116	-303.0847000368762
2117	-301.5064149396641
2118	-298.3851948440699
2119	-298.3487612659754
2120	-297.35097008177456
2121	-306.1871061395492
2122	-299.8405778827588
2123	-300.6677205028816
2124	-296.81202671750134
2125	-304.4970879254426
2126	-302.20217592072606
2127	-304.9394357254704
2128	-302.91114532754636
2129	-303.499504525906
2130	-307.3906074876817
2131	-297.50021468836553
2132	-304.92237769818615
2133	-301.28333342918074
2134	-303.83597980810265
2135	-307.85365851874474
2136	-296.6691904993266
2137	-308.4236878896299
2138	-295.1577226408679
2139	-306.7997010636441
2140	-311.3100986483235
2141	-303.4227155220043
2142	-303.0961101046459
2143	-309.67739726107055
2144	-304.73884501259687
2145	-300.77720949044493
2146	-304.089141297661
2147	-296.4319878757968
2148	-300.7402143348065
2149	-305.1075842044984
2150	-305.3808652914419
2151	-302.5122354614149
2152	-302.0509958868213
2153	-300.53166344461715
2154	-302.24541133021177
2155	-303.6186529782064
2156	-311.1383251355534
2157	-304.99205714600004
2158	-300.5628467493306
2159	-300.2621641981707
2160	-298.953043631957
2161	-306.28526429126407
2162	-305.9129212547575
2163	-302.9212298902077
2164	-299.96804742633003
2165	-303.23088767861634
2166	-309.8847680089556
2167	-306.5200156372944
2168	-301.91550000000007
2169	-305.71213729836614
2170	-306.39024087899816
2171	-301.8843950438661
2172	-304.88642422653345
2173	-293.70359339747455
2174	-309.73276298360463
2175	-299.3739000188071
2176	-298.55384394166765
2177	-300.4027072413444
2178	-294.395014300279
2179	-297.63798050647995
2180	-303.61582894006733
2181	-298.0154759562702
2182	-300.24153279150124
2183	-295.92368692038883
2184	-300.55202329739825
2185	-296.07763013305856
2186	-301.8136126009073
2187	-305.86685013316827
2188	-301.1227243580961
2189	-304.23900784963695
2190	-295.69414153500577
2191	-303.47459591011017
2192	-302.09023912446173
2193	-306.97420722276956
2194	-306.2742861754383
2195	-305.91042715187973
2196	-304.7342413113902
2197	-302.55975393419976
2198	-302.79818705419564
2199	-298.82294127238316
2200	-304.35818905245054
2201	-304.89238314214697
2202	-307.1508346732859
2203	-305.5668946686487
2204	-304.9677419315142
2205	-312.43381556827455
2206	-307.059342652801
2207	-304.86772249667865
2208	-300.0777991025769
2209	-304.8574817690405
2210	-306.73939450420085
2211	-299.49370774283216
2212	-301.62870049205435
2213	-295.8325807967476
2214	-294.8931986632459
2215	-300.5608698606266
2216	-298.9739527078858
2217	-303.1676821231269
2218	-306.9631554755198
2219	-308.4736673199282
2220	-302.25526597970133
2221	-301.6470162516832
2222	-307.2549000000021
2223	-307.2764049454634
2224	-307.8815090135205
2225	-310.16977014453914
2226	-304.85211249279274
2227	-306.2280727282828
2228	-305.4678355900681
2229	-301.02659011449344
2230	-300.91616484281246
2231	-303.6295166922297
2232	-303.3199753071391
2233	-303.76703220037354
2234	-300.22316193636385
2235	-310.7414143869409
2236	-300.1688502543764
2237	-301.54910000155184
2238	-299.36621422765813
2239	-306.4474875729724
2240	-302.2196351013521
2241	-305.60476442160086
2242	-292.356968841786
2243	-300.4874154342469
2244	-305.3693556830115
2245	-300.2084283498104
2246	-308.1777062702346
2247	-304.37487619479964
2248	-301.8404952626751
2249	-304.9712614705238
2250	-299.0484362362814
2251	-301.4180636365867
2252	-308.7622106700044
2253	-306.2157799145379
2254	-302.08919901720674
2255	-298.7311910743846
2256	-307.895131026267
2257	-299.4650288863671
2258	-301.01421841563626
2259	-302.29760000310546
2260	-304.4936245148369
2261	-305.8252352401547
2262	-301.3469445716534
2263	-304.67011054975075
2264	-307.9663703470541
2265	-303.32817992968415
2266	-301.9876809953651
2267	-303.4671367933444
2268	-306.29799662602505
2269	-302.2730024646007
2270	-297.84945699342217
2271	-299.3543592686664
2272	-302.0006856223369
2273	-298.3233000985837
2274	-299.1431980869244
2275	-301.78156737901986
2276	-303.0048213060761
2277	-303.1768910952275
2278	-305.92894408399707
2279	-301.4887968198416
2280	-296.604438145379
2281	-298.24277276652435
2282	-305.53094949159225
2283	-308.5788121103517
2284	-298.86819752227905
2285	-306.901645663145
2286	-300.1381156906232
2287	-304.27417243238637
2288	-307.4027117447486
2289	-308.881414214995
2290	-302.34257971334904
2291	-303.49549734083996
2292	-304.0409666494178
2293	-295.9714147187719
2294	-296.3667481206475
2295	-304.42308015345634
2296	-303.20468076612826
2297	-309.5110124966213
2298	-306.75716039475907
2299	-302.67888827267177
2300	-306.5099069597794
2301	-300.76572744325154
2302	-304.2208710240722
2303	-307.9834765212921
2304	-296.06750433055146
2305	-301.2912785247271
2306	-310.67117033233035
2307	-307.6137325202526
2308	-298.33546722937683
2309	-308.1383287448807
2310	-306.22820151463094
2311	-296.79754993208996
2312	-306.7564334984732
2313	-306.8080448884783
2314	-300.45592587545616
2315	-304.9288420845045
2316	-306.4269867776862
2317	-306.7038956680262
2318	-298.3550684569881
2319	-301.3714152908391
2320	-300.25035127015616
2321	-298.4872702028938
2322	-298.4561221974984
2323	-301.5359704040421
2324	-297.6939111770263
2325	-301.5950339834534
2326	-300.64677556601106
2327	-298.7916970592952
2328	-299.0610189778144
2329	-311.1139118923155
2330	-303.9092960056787
2331	-303.35186166486614
2332	-306.3818951320759
2333	-299.7349853840651
2334	-306.9897289936816
2335	-306.69694705558965
2336	-298.3456182469844
2337	-300.1385005913552
2338	-301.92723370465177
2339	-302.7342784778465
2340	-303.0508384554788
2341	-309.53953547154924
2342	-307.52247301923546
2343	-306.3750859907079
2344	-304.7907728952677
2345	-306.6492188207468
2346	-309.41310978534915
2347	-310.336866037989
2348	-301.5155880441461
2349	-304.0801
2350	-304.7386333928226
2351	-305.23659474365013
2352	-306.2687128468006
2353	-302.25092244363367
2354	-304.4059700546299
2355	-301.5392692556386
2356	-308.59839870176745
2357	-309.25449791423915
2358	-298.58147795931836
2359	-306.20051410504817
2360	-313.7886942264325
2361	-299.1384992915104
2362	-303.4588000020484
2363	-307.40667266286334
2364	-297.3056736871399
2365	-299.1276393255246
2366	-304.1941802110328
2367	-300.3728020730868
2368	-306.67130313317443
2369	-303.0612869058069
2370	-303.0511466395713
2371	-307.0574631291103
2372	-304.1470140024844
2373	-306.2793000000032
2374	-308.8518844530998
2375	-306.0054590555483
2376	-305.6201757154713
2377	-306.23785492111506
2378	-309.43248045916937
2379	-297.820170667659
2380	-305.6223034029775
2381	-301.37827162438384
2382	-304.16971432126206
2383	-307.40507163705684
2384	-303.5795083114962
2385	-305.2238104426337
2386	-307.5466519104601
2387	-307.20594984786305
2388	-305.1033510157213
2389	-304.44502266359797
2390	-305.608322203867
2391	-303.19235671425776
2392	-307.8357439521495
2393	-303.85091152071146
2394	-300.60952845774057
2395	-302.8397568957233
2396	-305.39045548306126
2397	-298.5161334511971
2398	-298.4359022259623
2399	-294.15221240956356
2400	-299.31479114626296
2401	-296.3922339391134
2402	-300.46970742564275
2403	-300.5189954224755
2404	-298.2881583414805
2405	-300.11976589491667
2406	-290.7662039359592
2407	-296.8858936454651
2408	-307.1414723870549
2409	-299.1488661928688
2410	-295.00540030658993
2411	-302.672185553389
2412	-300.8059268188904
2413	-303.16030920410515
2414	-298.50464240525577
2415	-298.48028492860743
2416	-300.73960296786834
2417	-302.36300062279497
2418	-305.8296559105074
2419	-301.23549151687666
2420	-305.18091626786605
2421	-304.616003812693
2422	-305.60793281780144
2423	-302.2632
2424	-302.7728350592187
2425	-308.16653538262426
2426	-309.8714555879673
2427	-299.7004469172897
2428	-301.6607990448572
2429	-304.1431597023793
2430	-308.4610022325805
2431	-302.28829794715006
2432	-302.72280332877784
2433	-306.8055397888063
2434	-304.49209962238933
2435	-302.419715988211
2436	-304.8178645702626
2437	-301.7539194219222
2438	-304.95930000000004
2439	-301.7556406650747
2440	-308.5185931798396
2441	-298.46679299290724
2442	-307.84749182546904
2443	-305.474441547051
2444	-303.64144172651703
2445	-303.6151793664572
2446	-296.6060494116672
2447	-299.39358429213934
2448	-303.43583785087355
2449	-303.64336009752293
2450	-307.2384365204915
2451	-303.8963591592581
2452	-301.51021493617486
2453	-308.62485282027023
2454	-302.47092240002337
2455	-304.1391977505832
2456	-304.2173452253773
2457	-298.2974
2458	-302.69996308607944
2459	-301.2294595072673
2460	-309.66698433878537
2461	-306.6791571029531
2462	-304.82645848644
2463	-297.4412297450154
2464	-300.2941592425346
2465	-303.9466089346768
2466	-304.62302480163095
2467	-305.3395208444941
2468	-305.72700736415726
2469	-305.7743858536794
2470	-304.9697023477853
2471	-302.25616204465877
2472	-302.10815119548215
2473	-298.11841688687434
2474	-305.45616355655795
2475	-295.44065580545686
2476	-302.31074956427443
2477	-299.9589429547439
2478	-299.54215493940313
2479	-299.408069498961
2480	-309.2294504488699
2481	-304.6311000012754
2482	-312.2385183610572
2483	-302.71283977935764
2484	-297.22056307324476
2485	-305.6035601099967
2486	-307.251120760777
2487	-307.76473567751657
2488	-301.1248095035347
2489	-304.1836622287165
2490	-304.1300234450913
2491	-304.5110561280243
2492	-305.48405966925895
2493	-304.22044235809034
2494	-303.9305774138608
2495	-308.081568415406
2496	-300.91106946214666
2497	-299.82574135336773
2498	-301.9697131796943
2499	-304.1512511379871
2500	-304.15226788928686
