1	-297.89082753380063
2	-292.42711710147205
3	-294.787490171612
4	-300.75551920624287
5	-301.6159836321749
6	-302.50808943285426
7	-306.2197061890624
8	-306.47797099313965
9	-304.1642140848947
10	-309.8109567864355
11	-291.773877181223
12	-298.5312219000302
13	-304.10523924048044
14	-305.9915055510644
15	-301.89455648785423
16	-305.5219538365184
17	-299.2776169086132
18	-305.134662916076
19	-306.49363475808497
20	-305.2198000000001
21	-297.7316173001382
22	-300.4373377992465
23	-297.66443730677366
24	-303.79817853987566
25	-305.9809169914801
26	-298.1443092414173
27	-300.6304263163867
28	-302.4427047356828
29	-299.2258384847274
30	-309.6179443453641
31	-300.6485859365873
32	-298.74109481647173
33	-300.99901928781804
34	-299.227980078619
35	-301.1153879614144
36	-302.6873596000789
37	-309.05132520134504
38	-308.29035062060353
39	-310.6011536083374
40	-308.8933767444987
41	-308.87390647175505
42	-307.1962939261361
43	-314.7331465163408
44	-305.5351672094052
45	-312.47312421736194
46	-311.06841746793424
47	-308.14210643675307
48	-303.4953668955588
49	-305.90356171695134
50	-302.1492021975546
51	-300.07926383780006
52	-305.6621354843548
53	-304.76548043727627
54	-305.69727816650067
55	-305.6047639459648
56	-309.551897932092
57	-305.60834637053506
58	-300.3597539179504
59	-306.459981544556
60	-302.0157960337834
61	-304.0601186770972
62	-296.7894139556985
63	-301.58211881227305
64	-300.2665237417803
65	-310.09700756420574
66	-304.48064559780397
67	-304.7820696415636
68	-298.9907336714344
69	-303.2537816183746
70	-299.70902386026034
71	-306.50524636881124
72	-304.6785383404439
73	-309.72410623594584
74	-309.80431716984367
75	-308.22122518657926
76	-298.7913093886067
77	-297.3639045803379
78	-301.66163079192114
79	-309.07912744306645
80	-307.1225480606812
81	-304.840992168589
82	-300.14602011766027
83	-305.2163129799522
84	-310.9596800545231
85	-314.028576197947
86	-308.0998445524354
87	-313.5213597577293
88	-304.0262239059567
89	-304.8433770162933
90	-307.88583074660704
91	-303.24397291326767
92	-306.8191789283846
93	-308.74273675201397
94	-307.48249993928073
95	-304.5674394888202
96	-308.03346835445615
97	-305.37936549503274
98	-306.48578247724697
99	-296.0854804759865
100	-298.00130427890355
101	-302.32855158599614
102	-301.9636893960355
103	-305.72126047857256
104	-307.4356438317944
105	-305.31720609833235
106	-299.34445012274335
107	-306.73561059417665
108	-302.609527993057
109	-303.8394033812473
110	-305.90402103521353
111	-300.21884499065
112	-303.159180280529
113	-307.91454275918363
114	-306.75060071421
115	-308.50525252870426
116	-315.1116728656552
117	-309.43201417102
118	-306.0906237567149
119	-310.5778468479987
120	-310.0502139964895
121	-312.19690703594523
122	-308.7590930207638
123	-312.8741828902442
124	-305.08832377416553
125	-310.6498242126868
126	-307.10842640044257
127	-304.5880266366815
128	-304.804800424177
129	-301.33578309037665
130	-302.6105033147658
131	-311.16987606600674
132	-311.22253595421887
133	-309.47862126214744
134	-306.5303333320129
135	-308.28933129678217
136	-310.1046241898649
137	-306.260814989897
138	-305.7784953746216
139	-310.73133697427517
140	-303.4368701818669
141	-304.9028264646444
142	-305.65890757781835
143	-304.62877300326306
144	-305.7993770622157
145	-298.87533683384834
146	-306.8181299818957
147	-311.30849019230095
148	-305.5754566732333
149	-303.35192087325595
150	-309.00582111997824
151	-307.55057570094044
152	-309.26693263061316
153	-308.8804736586343
154	-309.78630515953046
155	-305.323087890247
156	-302.0382092877862
157	-300.6020918007328
158	-307.2161441318032
159	-299.1203153165187
160	-307.4954609364556
161	-301.0072096214603
162	-303.5417991437323
163	-300.14078403061103
164	-311.55107433796115
165	-306.14348175803076
166	-303.3050316358451
167	-302.69005036839525
168	-307.13029457577386
169	-309.0159432437541
170	-301.06152754576846
171	-305.74705270402956
172	-297.97811294476173
173	-301.8606561831604
174	-305.85940315647986
175	-304.8550590383485
176	-307.5906635860088
177	-304.9388893310758
178	-306.6978406891593
179	-292.05762686529994
180	-306.53355829608785
181	-294.3840826625577
182	-300.3997105982209
183	-304.8960119177437
184	-301.7423017882135
185	-305.25872164547616
186	-310.2542389774857
187	-300.3167319222936
188	-308.1956334860177
189	-308.6932449783687
190	-310.30029254803594
191	-307.42589857004623
192	-305.7806356116599
193	-307.28337717150634
194	-307.71140361098156
195	-300.6352520181052
196	-306.4059594417825
197	-304.61519288371
198	-304.89325738558466
199	-308.12839494098125
200	-303.62903909597264
201	-299.5169259679576
202	-303.4643948683867
203	-305.73707884108103
204	-306.80606094989446
205	-308.18663757457364
206	-304.4649098342524
207	-303.84269647332223
208	-309.00597805769104
209	-302.6220771212634
210	-296.6123124418425
211	-310.9621191923673
212	-306.31880612750996
213	-305.99079800083143
214	-306.19935162746816
215	-310.0778013032691
216	-305.3210472897318
217	-304.22091011107574
218	-309.1728446269885
219	-309.51633266105125
220	-305.840247819987
221	-306.38738347869537
222	-310.39883347883097
223	-310.436544437109
224	-307.58018514955097
225	-305.9235038956012
226	-307.21633392101353
227	-307.74381151133025
228	-309.05553238822597
229	-311.9750774318449
230	-308.1583534117412
231	-311.2878087767394
232	-311.14298167330173
233	-305.1620340106471
234	-310.0220621377083
235	-303.3589238725137
236	-303.2746956942394
237	-302.46020468179137
238	-308.38114082334886
239	-307.9949863299761
240	-310.6069001582452
241	-308.40841625224056
242	-305.5283536714086
243	-302.8066251742736
244	-304.6467193296583
245	-309.3553726588701
246	-310.54410280198294
247	-309.15577670695126
248	-314.18297043654434
249	-298.83122506083794
250	-305.35403038606273
251	-304.541173439247
252	-302.3278975236824
253	-308.0561744616221
254	-308.93879170467056
255	-311.2498066212441
256	-304.04397095650614
257	-305.7581105838995
258	-308.13000119454216
259	-304.11709935598293
260	-306.0560950974389
261	-305.4853132187894
262	-305.4502681788466
263	-306.3861393367976
264	-302.88467226986216
265	-313.56325631452313
266	-310.28428247565233
267	-306.2667688075325
268	-307.7773754738021
269	-306.38811069515265
270	-305.29556391143706
271	-307.2643177136728
272	-309.22515907498047
273	-308.84380338020816
274	-306.51613213612796
275	-304.59445489030014
276	-310.1325974633106
277	-306.9480847486499
278	-309.4623643105553
279	-305.3630391353131
280	-311.4609478641585
281	-303.5650379251136
282	-307.4264028865268
283	-308.8331343372641
284	-307.82648017080163
285	-306.09604631783697
286	-300.9210151117373
287	-304.84230169258757
288	-306.43767608081697
289	-306.7380864749426
290	-306.8313394375795
291	-308.48220963059094
292	-310.9193933632017
293	-305.7298307664462
294	-309.6263597191198
295	-306.6715722156338
296	-308.84088579059136
297	-310.4752001062138
298	-303.8256741413799
299	-305.6220402300588
300	-309.65884057293715
301	-303.35593668467845
302	-302.07242929940656
303	-302.0361071220684
304	-300.98375324736725
305	-297.21930508478056
306	-309.2590621183569
307	-304.51299369037196
308	-305.1145249334911
309	-302.4018916740349
310	-303.6695048405261
311	-301.35402451596184
312	-303.99779978412255
313	-300.8897769487892
314	-304.3358522256349
315	-311.11149350128187
316	-304.98549923666724
317	-307.8361481064701
318	-303.56478227821765
319	-307.84411186516166
320	-309.0175699760057
321	-307.7134826452237
322	-311.92677413432904
323	-303.7132661915433
324	-297.7804459074395
325	-306.8240724235614
326	-304.2662704593983
327	-305.0004329372991
328	-306.19804505505743
329	-311.6039888684934
330	-315.02428170390095
331	-304.689591240763
332	-312.15218433414765
333	-310.5328083218452
334	-307.5664202142701
335	-306.8790950124991
336	-315.7249697823327
337	-310.22431483888124
338	-305.00862697813227
339	-305.0104705497295
340	-299.1116016804456
341	-311.1332162430163
342	-312.0723743233068
343	-308.3263126819239
344	-309.33285350140886
345	-309.1761566122741
346	-310.6107082718026
347	-303.15783605981386
348	-299.3764724197567
349	-299.9228361525517
350	-305.2490477437448
351	-309.5987658579061
352	-310.50867444913405
353	-304.35364133412486
354	-298.7214165020003
355	-309.3825152547037
356	-305.95141293811724
357	-305.15127039811176
358	-302.1049279676236
359	-300.580355917083
360	-304.599556856035
361	-302.80682825222874
362	-302.078394326578
363	-302.56950392331163
364	-306.7284922023158
365	-307.3892219005768
366	-303.8412806937105
367	-308.4299943732891
368	-310.72084372309206
369	-302.60354395161886
370	-296.3986944784416
371	-309.18910603511245
372	-305.31366296330935
373	-306.0143539128613
374	-302.157128107024
375	-304.74971195819535
376	-301.4259434408577
377	-304.59361520360915
378	-305.3600219503518
379	-301.438232832471
380	-309.75823279491703
381	-305.36783920172104
382	-303.98211512403094
383	-304.95646871238745
384	-308.0216075296158
385	-307.5867251207615
386	-312.01045894182226
387	-307.76116917869945
388	-305.3821773545015
389	-298.6816603347254
390	-305.13348841233454
391	-306.2363672087792
392	-309.4672766830379
393	-307.6071366440694
394	-300.9672045349028
395	-303.14134196897095
396	-307.8817696275963
397	-301.4590294963985
398	-299.87606347509626
399	-310.98655332162036
400	-310.8618742957162
401	-309.57711773714385
402	-307.770587603226
403	-306.88832051561525
404	-307.7604425124347
405	-306.5457936103479
406	-306.88769333573964
407	-312.75362365567975
408	-303.7899850031989
409	-308.1176637907353
410	-304.3710794900306
411	-301.3193577400157
412	-302.6565629908469
413	-302.1968703272671
414	-302.3404942463633
415	-306.4304674721454
416	-305.49378734966643
417	-307.9605750424851
418	-302.26362274824226
419	-304.81290323193593
420	-307.4339879580253
421	-306.2240197154139
422	-306.45514263131406
423	-306.11372798858827
424	-301.4354299294004
425	-307.2901830577277
426	-301.98355210592945
427	-311.2441960998263
428	-300.7049006860703
429	-307.41716099058095
430	-305.5132780520753
431	-303.4807218185414
432	-306.16824172844497
433	-301.0620057671317
434	-315.0900068346064
435	-305.16511526346085
436	-299.8053226419557
437	-307.3735100848623
438	-309.22170247019835
439	-302.1220453553067
440	-308.1755647299789
441	-299.2696790160476
442	-310.04769601920606
443	-311.3819700332195
444	-310.5297338590091
445	-307.04063636477025
446	-309.67604791428505
447	-298.6157568131783
448	-311.1251627895501
449	-311.91762649858885
450	-304.4481507371158
451	-305.73199707367843
452	-309.9010366688072
453	-303.8730924964653
454	-303.7638641081057
455	-309.1529231677006
456	-304.7545415443167
457	-303.7310476850447
458	-311.21463494988785
459	-302.7871730055942
460	-311.2952881785942
461	-306.8509261663006
462	-294.10783414266507
463	-306.539154819152
464	-308.88569826594596
465	-310.56174938475607
466	-304.1764740910362
467	-309.9546754683683
468	-308.6186913699272
469	-307.8148334749005
470	-302.8942460106883
471	-297.789651651104
472	-305.9617855687202
473	-306.8106531959059
474	-309.2277272688029
475	-310.101152900069
476	-302.3580418607001
477	-304.6422239722323
478	-305.47463169637
479	-309.8003763313214
480	-308.83154291775725
481	-307.0105554147744
482	-310.6454294037848
483	-309.47005324124063
484	-305.3217948981134
485	-298.24334295755494
486	-304.4503061208992
487	-307.4405468200028
488	-305.5413106340402
489	-303.1552986475476
490	-300.7982086105359
491	-311.40270303660157
492	-303.54917003039725
493	-301.039979906499
494	-301.3927228591814
495	-309.54505532084784
496	-305.3869209477542
497	-306.0175004423289
498	-306.66506229949385
499	-301.28218646959766
500	-309.3647320282255
501	-313.55067903875965
502	-308.39199637116457
503	-310.0193047386183
504	-309.08357597321174
505	-309.15425999311054
506	-314.93319935940303
507	-306.5657534266444
508	-304.4764997923013
509	-305.5955830358077
510	-310.3248807812885
511	-310.2868474843661
512	-312.6978703636388
513	-310.0258039537817
514	-300.50961511668675
515	-305.9842816244402
516	-306.57432492045353
517	-307.8146397669835
518	-304.45811841650817
519	-295.1527893042979
520	-304.0627016265678
521	-306.11243817153616
522	-307.25523500642356
523	-307.5203524884849
524	-308.41409906131366
525	-304.7164510618973
526	-297.15457606197924
527	-303.738094311287
528	-299.25937591874634
529	-303.93461375697467
530	-301.7324946659006
531	-306.26061772021444
532	-300.71321900100554
533	-301.8953205982274
534	-306.2788129292269
535	-302.22673234895353
536	-306.9012800906785
537	-297.2799690269075
538	-303.6110537792038
539	-299.41438391482654
540	-306.82171332857007
541	-303.4964382432229
542	-300.2430169464775
543	-302.3767753187867
544	-311.59651958953185
545	-305.2498542058544
546	-301.20095987551764
547	-302.788004092416
548	-306.4507588700127
549	-309.3704091847814
550	-311.03372232052425
551	-310.7762738394901
552	-303.82234824940144
553	-311.5598119217624
554	-304.06448330441293
555	-305.31574632646766
556	-311.97247089051774
557	-300.7719972885886
558	-304.4599140530528
559	-308.9854133440558
560	-308.30945097191693
561	-307.2888550161201
562	-307.9313256537414
563	-304.4808102693276
564	-306.0263622685991
565	-307.092663158763
566	-302.0369426089307
567	-307.2898506650881
568	-309.3475424678213
569	-308.1760198040757
570	-300.2245232276398
571	-299.326265461733
572	-296.63536551251605
573	-309.81910227768856
574	-303.93533375269885
575	-308.639855623552
576	-311.4844102516671
577	-304.74944726164773
578	-308.02511419168314
579	-305.57711522649987
580	-308.70801366950224
581	-302.28996152816376
582	-307.387070804787
583	-308.9016815600711
584	-300.6728100805473
585	-305.58944924770293
586	-307.93554852701806
587	-306.3236474644481
588	-301.83918734530147
589	-305.3137976067889
590	-312.38110852057275
591	-311.5144033919625
592	-304.2029938132377
593	-307.90014857048976
594	-305.5207258376174
595	-302.8011497037998
596	-304.4182144325649
597	-309.41584557374466
598	-304.8669243555438
599	-306.68533648049845
600	-303.92989812939453
601	-302.90684891436376
602	-312.659420831684
603	-310.15850212187627
604	-309.7585807864677
605	-305.25102165643705
606	-303.79596767366536
607	-308.5307840358398
608	-306.39980848043376
609	-302.24555576048033
610	-308.59974507753293
611	-305.259830880362
612	-298.90204088115223
613	-306.4825651596294
614	-310.91959384843886
615	-301.6700983261151
616	-304.41187232537055
617	-306.769906532887
618	-303.98766621538033
619	-304.6385589974503
620	-307.69809522949157
621	-306.88423567751767
622	-304.0654878336787
623	-301.5580949355021
624	-310.11900898694677
625	-312.8717961106793
626	-311.9978289962835
627	-303.8574954346704
628	-304.7582366660641
629	-305.39924455579745
630	-309.29552174404074
631	-309.8266142788933
632	-309.43183262683345
633	-309.01752867511533
634	-309.4974621997795
635	-309.5382161204068
636	-309.5453128356534
637	-311.14871730470173
638	-309.7257997151114
639	-311.39597509203116
640	-309.2691229285292
641	-309.62969462071175
642	-311.6096605031152
643	-308.2765970812404
644	-312.3564210492436
645	-306.74696732814147
646	-303.43659325768834
647	-299.64569526170106
648	-305.3679775553371
649	-310.52484643052117
650	-306.27444078689
651	-311.8699423082941
652	-305.97536493752625
653	-303.92416679767234
654	-306.2946098232352
655	-312.51537543804153
656	-303.4887697995859
657	-301.13104319691047
658	-310.80756421023017
659	-303.6366534305671
660	-303.2272685119524
661	-306.6356864302058
662	-306.2582265758527
663	-307.09905822503606
664	-307.0856693019267
665	-311.7564009334646
666	-303.57433860573735
667	-309.73292300420434
668	-297.1638964034242
669	-300.2002040759246
670	-305.77322024125937
671	-300.09032707505247
672	-308.28516268252946
673	-305.4050043252265
674	-304.6110481340807
675	-304.0731596586712
676	-305.5069523143059
677	-307.16333631584695
678	-299.10818605281634
679	-301.464442809374
680	-306.3922651509964
681	-301.71957287091163
682	-308.6684161929117
683	-305.12115782157156
684	-299.98961047734855
685	-299.53299351677464
686	-302.3325043946173
687	-307.3223903147674
688	-300.3029398257947
689	-297.65535184965677
690	-310.02748853722215
691	-307.30128970040744
692	-313.1391009610954
693	-308.14574885981995
694	-313.6756293703296
695	-310.5055582921771
696	-301.52664544283493
697	-299.32938190398386
698	-307.1326452432893
699	-306.62564386777603
700	-309.23837622950424
701	-304.13651596309
702	-303.44002733091503
703	-309.60662799083053
704	-312.6545548239469
705	-310.11935201573107
706	-304.84337331816624
707	-314.3421413935033
708	-309.49296081979753
709	-310.4085382023401
710	-308.1068094628963
711	-312.02223054073585
712	-303.6860228727526
713	-303.45445471877923
714	-311.610281980118
715	-312.1016525180795
716	-305.5046897535165
717	-304.58930974145835
718	-305.2574974738422
719	-303.51324822628754
720	-307.43839027770923
721	-304.8389087901039
722	-305.77874220554924
723	-302.5876887634321
724	-309.68269264673654
725	-303.06877027340494
726	-303.6177429591223
727	-302.4550951145256
728	-296.0210608664955
729	-298.2751642480639
730	-300.76300473002357
731	-299.2040295950872
732	-305.6807586840905
733	-301.07956465693667
734	-313.8777626652389
735	-303.1814713040273
736	-307.0736930768411
737	-309.60181309523557
738	-301.10905564276817
739	-304.53580986380103
740	-306.6312991836353
741	-302.7746610365331
742	-305.13720214159355
743	-307.5278620646595
744	-309.2224851562178
745	-310.1510652845203
746	-309.8050482030723
747	-308.5999949900609
748	-308.4275625827186
749	-302.3985458090992
750	-309.3877465640972
751	-305.8285974977448
752	-306.30691597917166
753	-308.37232900054596
754	-310.8609843217251
755	-305.63616239337466
756	-312.8225944498175
757	-303.113468413679
758	-309.0215631474347
759	-308.6528985519473
760	-306.7103608915973
761	-307.3938208875247
762	-302.2578890688598
763	-303.15715457021884
764	-301.7850223926892
765	-295.9868969428171
766	-301.93285867777655
767	-305.2797328659717
768	-307.7937734554834
769	-305.30698934277984
770	-303.9621222847254
771	-309.50831063538516
772	-308.2181926805467
773	-300.9477618732338
774	-306.65215197113537
775	-306.21940953447813
776	-303.7090714992459
777	-309.3154078938339
778	-306.9693264609655
779	-307.0121727747043
780	-308.99364197284706
781	-311.49129103549353
782	-304.3826634853565
783	-307.4259785019334
784	-306.88618587019573
785	-308.1918449897431
786	-303.1922596648331
787	-306.2752797986403
788	-302.04759587573784
789	-305.99800220887556
790	-302.62810686968027
791	-302.8137536397057
792	-300.45871817948637
793	-297.7824636252672
794	-305.33067704670106
795	-304.92471657799683
796	-304.55163489639074
797	-311.24780780917695
798	-302.4224190436011
799	-306.65927161837857
800	-309.4874929718464
801	-300.7824560408457
802	-297.935233174371
803	-306.9751656759604
804	-306.939274955892
805	-309.8058700674771
806	-305.6642390225383
807	-310.6474046964055
808	-305.7788829178156
809	-302.5236936788279
810	-300.00164713729987
811	-303.7557271469329
812	-303.3533628994257
813	-308.0346639875846
814	-310.89920214794074
815	-303.77042229811383
816	-303.10313776196665
817	-305.98684659231867
818	-306.2471143860986
819	-300.8840016531299
820	-308.9734212624733
821	-305.24012019901886
822	-302.4688413679679
823	-302.0639104313567
824	-300.9580119826148
825	-299.8063289894112
826	-305.02980351026656
827	-308.288594897439
828	-309.1200803664355
829	-306.40945203374935
830	-300.9932699486647
831	-303.4471230231163
832	-305.93350757489856
833	-294.3135847162458
834	-300.2345282264111
835	-301.16445875030985
836	-303.92407052852013
837	-304.59496438890534
838	-302.73269878939516
839	-307.5880676252368
840	-301.6608596169348
841	-302.89980993668365
842	-302.9727802985927
843	-306.63600765754853
844	-304.6257939468073
845	-305.49524813890315
846	-307.489103314416
847	-305.6962320810387
848	-306.5777420071988
849	-306.1633676471488
850	-301.8949899994624
851	-304.20651687198455
852	-305.0110693099955
853	-306.0052871002809
854	-314.22614518484016
855	-309.435427679433
856	-305.958970584098
857	-309.915095283854
858	-304.71204659384273
859	-304.88955155923907
860	-308.5732740132624
861	-304.66417739318086
862	-301.8051740076185
863	-311.5385626120374
864	-300.89122922754814
865	-308.13102981453665
866	-302.73298931281306
867	-307.2171895547368
868	-307.9894162344225
869	-302.03859382013366
870	-310.7900533125205
871	-296.1792915149297
872	-299.1128666155289
873	-307.6955608693697
874	-306.9609288724537
875	-304.03769339880756
876	-297.3730128423605
877	-299.61534733828256
878	-302.18657530752773
879	-300.75575804448005
880	-303.9704888084857
881	-300.3168237057553
882	-302.92326500047136
883	-299.6631755357924
884	-306.4304969035023
885	-305.50121372431335
886	-311.7471972405765
887	-308.6142722187671
888	-301.5240069112498
889	-308.4290568775012
890	-310.9016005388373
891	-309.0622433261479
892	-306.215705451458
893	-308.4170619214007
894	-307.8597748630775
895	-306.8141043783207
896	-306.29262243472084
897	-312.4851659849038
898	-312.06122326214495
899	-305.1475643943745
900	-313.0806093800406
901	-305.0138045509294
902	-299.2218098774628
903	-305.93252240940103
904	-302.8518156726374
905	-304.54835105825794
906	-298.8175615881338
907	-308.76151432072487
908	-305.6963013273196
909	-302.7532224888204
910	-308.0337664997244
911	-304.62785272327517
912	-303.10719128862587
913	-306.4326363340863
914	-305.41020869270795
915	-303.2917630424723
916	-306.65574734606747
917	-306.2244295959429
918	-301.99975291641374
919	-309.6350896624142
920	-303.45317077723223
921	-310.6604069597665
922	-308.68630455008076
923	-304.805397877728
924	-310.77186182411515
925	-307.7393228904606
926	-313.62467209475983
927	-306.83781879715883
928	-309.26913885567535
929	-308.8091450936611
930	-303.449948296412
931	-301.3110767141352
932	-307.4942456233221
933	-309.4461842199586
934	-311.23802181444404
935	-299.4447182331211
936	-296.3817135258027
937	-304.2752868172647
938	-308.31260701512264
939	-308.60370478148803
940	-307.3119093357372
941	-310.9036315620499
942	-303.55548212441516
943	-312.1888737381629
944	-305.90441710595826
945	-303.4213906123001
946	-313.689908473671
947	-306.68209323329955
948	-299.5441841819197
949	-299.37004663215396
950	-305.03413660548904
951	-303.28238053870115
952	-300.1013405032846
953	-303.83604893623107
954	-303.27214453187
955	-306.0804145612872
956	-304.05970941030796
957	-305.5889576345605
958	-303.23231745057075
959	-303.9346794776157
960	-310.1559859455036
961	-302.4170746293949
962	-309.5447464328639
963	-307.8046069475483
964	-303.99280631047975
965	-300.7062048345801
966	-297.569931915311
967	-307.94348294557267
968	-310.0088257491904
969	-305.9042680207934
970	-302.34884325597244
971	-301.64040892719487
972	-304.1334466220847
973	-304.73701522826013
974	-304.2444497931134
975	-306.4388525379358
976	-311.4283734797287
977	-309.826471786337
978	-305.8796075996527
979	-307.8660414306548
980	-311.5546167982872
981	-306.6949914092974
982	-305.60067102113464
983	-309.9970461190849
984	-304.6217263613575
985	-307.3710947737554
986	-307.9142446951133
987	-308.14326727791854
988	-309.2642715884989
989	-304.34436885613
990	-305.76118276832864
991	-307.55993277396857
992	-307.8823431348846
993	-311.70440977526926
994	-303.8402154717821
995	-310.8505911583984
996	-306.438616037384
997	-309.78025255352173
998	-313.38475360736174
999	-311.0614409161246
1000	-305.7060279467818
1001	-306.430773244467
1002	-304.64638435698583
1003	-306.7640508490368
1004	-304.23924540256246
1005	-301.1223138877491
1006	-311.5122536057211
1007	-304.32183298598596
1008	-302.19235075736395
1009	-300.3957590280302
1010	-297.1054589381825
1011	-302.8348243586593
1012	-312.2544397912051
1013	-302.5546566586421
1014	-302.6145100370654
1015	-301.16854312875546
1016	-303.22237017058245
1017	-307.0175575942667
1018	-309.94454771702385
1019	-303.59814891249613
1020	-304.2811090197731
1021	-306.3599439421369
1022	-306.44933400744765
1023	-308.8845271119636
1024	-312.05296519018447
1025	-297.3732155368365
1026	-308.3576630905848
1027	-312.3520887175754
1028	-308.4431351375635
1029	-307.56465806513995
1030	-311.48244799485354
1031	-309.542013324665
1032	-308.4389103097865
1033	-297.155284049172
1034	-306.7619839866478
1035	-307.81772367644413
1036	-308.5269731656791
1037	-303.0078013745321
1038	-308.9885807335209
1039	-305.8965550077121
1040	-304.91829739998957
1041	-308.3282792290879
1042	-306.70294064363236
1043	-307.7724414437073
1044	-299.19657564117176
1045	-304.6840680887183
1046	-304.2352519558723
1047	-309.8325270815219
1048	-308.9300987445408
1049	-311.1820779486952
1050	-307.3708891070215
1051	-304.3878812950892
1052	-297.53167494217263
1053	-306.54612144518893
1054	-308.2366723698488
1055	-313.1407950715693
1056	-308.24147346112625
1057	-305.5524823224917
1058	-311.2142528852484
1059	-309.76182747536046
1060	-309.70337967798145
1061	-307.1996186559501
1062	-307.18241214293215
1063	-311.6195180859879
1064	-308.97607148817417
1065	-306.80489267002173
1066	-307.3421509241925
1067	-313.7142807726789
1068	-302.5350054332078
1069	-309.95801836116124
1070	-306.10054183844176
1071	-304.8323069576056
1072	-303.8730890879553
1073	-301.940265935382
1074	-303.26601666361995
1075	-305.7595143114084
1076	-306.4832467909924
1077	-305.1183925830982
1078	-308.1461816812933
1079	-305.8172537637562
1080	-308.2947375988485
1081	-306.7997793697094
1082	-308.53361825334144
1083	-304.8873781979441
1084	-306.3125532646399
1085	-307.27009376816017
1086	-301.91564140963146
1087	-312.85605591420364
1088	-312.3018866465891
1089	-306.49750699375323
1090	-299.48054486380016
1091	-311.52737757752595
1092	-306.05528676007646
1093	-309.34888525727547
1094	-307.3625423625177
1095	-304.76159270910364
1096	-306.7550501307637
1097	-300.1873645527563
1098	-302.0343940509237
1099	-310.2943453507047
1100	-306.4091503341234
1101	-300.8632657994929
1102	-305.0034755764605
1103	-304.1885462426281
1104	-305.5028920374685
1105	-303.63431459857406
1106	-311.04935230556623
1107	-304.91931635794225
1108	-304.8058829193849
1109	-301.18877386002293
1110	-309.25958410186183
1111	-311.9520377030573
1112	-311.16942451028757
1113	-308.6666829228701
1114	-305.61876094786305
1115	-304.0218374641478
1116	-307.2611931782816
1117	-308.43165384950095
1118	-305.2533293477938
1119	-308.73216689303945
1120	-312.41761539525874
1121	-297.81554572281
1122	-311.88938854196743
1123	-312.8000684006573
1124	-309.6267417705029
1125	-306.2123826350819
1126	-306.6995226672192
1127	-297.2829405352491
1128	-306.670263348316
1129	-303.6040119833281
1130	-304.0062980919134
1131	-299.7096053432465
1132	-294.8714133351883
1133	-299.56078554461095
1134	-304.8800328224418
1135	-299.35990782737935
1136	-297.46778626218145
1137	-301.9776922039846
1138	-301.52972627433917
1139	-308.0810774541863
1140	-308.29037529852747
1141	-309.51083905092327
1142	-302.4090976369891
1143	-299.2043610551787
1144	-299.00147640377446
1145	-298.6778840103167
1146	-307.7922757087579
1147	-307.81581730391895
1148	-310.61393702952734
1149	-308.5826812818859
1150	-307.2202462957018
1151	-308.81370553781124
1152	-301.4000511821247
1153	-309.0890980108396
1154	-300.28695895866264
1155	-302.96572318605513
1156	-299.1369467118734
1157	-307.1314397250728
1158	-311.5926863633081
1159	-304.9371927295669
1160	-297.3614910628881
1161	-297.8601235337176
1162	-300.5983810733391
1163	-305.38495924712726
1164	-310.73934704819237
1165	-305.2262724417257
1166	-306.2129582970349
1167	-298.2885150863267
1168	-312.3067910129042
1169	-308.0446074492294
1170	-307.24362075826207
1171	-309.71548454880264
1172	-312.5392864918049
1173	-307.42334499578374
1174	-306.4645709225626
1175	-307.1838237896673
1176	-310.6309424729574
1177	-308.7190124469331
1178	-303.6063581721067
1179	-309.81991274250373
1180	-305.87757384900584
1181	-312.654430675645
1182	-295.3134334067736
1183	-303.02067027542523
1184	-304.9869288596031
1185	-311.14960280958155
1186	-303.0062980313501
1187	-307.36546618607287
1188	-308.8505217892757
1189	-307.8768227765555
1190	-298.5323793567135
1191	-306.3638287594111
1192	-304.8112352382663
1193	-308.3656146937003
1194	-305.0326680922338
1195	-304.5269200297788
1196	-303.8311170037606
1197	-305.04064974805596
1198	-301.25761407964967
1199	-308.0565203388403
1200	-304.6725921291528
1201	-301.21812593998857
1202	-301.9448305716445
1203	-301.8184109282407
1204	-304.6241657767584
1205	-311.68188199634005
1206	-301.9879078975669
1207	-298.9411304416126
1208	-305.95158948777134
1209	-293.75022026788804
1210	-303.6783326817355
1211	-297.84815759875227
1212	-308.7252402256877
1213	-311.0337547934254
1214	-306.74678899690934
1215	-312.36148312501365
1216	-298.27507799012926
1217	-304.8992165732725
1218	-298.2819737968602
1219	-309.6167636727697
1220	-306.9062977835073
1221	-302.50502783233816
1222	-304.4995287751031
1223	-299.0866813336373
1224	-306.33477661988456
1225	-304.06432733253604
1226	-299.0509276716166
1227	-308.9818067498306
1228	-308.58188386391305
1229	-300.4288611194291
1230	-307.0619295807185
1231	-302.764439642908
1232	-305.53743605347034
1233	-301.0609298908949
1234	-299.13577443916716
1235	-303.57618082772893
1236	-301.69943999505824
1237	-301.86268440231225
1238	-308.1005402557854
1239	-309.005470020032
1240	-306.8477927420646
1241	-307.745500143395
1242	-299.11125714014844
1243	-305.43762919415116
1244	-305.64386207175073
1245	-302.0629672986281
1246	-304.59145521001886
1247	-300.3154128904833
1248	-309.7331329902155
1249	-312.35963611341424
1250	-303.8320101897472
1251	-306.9783740632097
1252	-304.5669966008807
1253	-304.3693020726836
1254	-308.2585047220304
1255	-303.1342104704459
1256	-305.6616030022674
1257	-307.9928340086209
1258	-299.2732749982286
1259	-297.1126867647316
1260	-300.8719365255902
1261	-304.4588112837479
1262	-300.80731057519694
1263	-306.6413666424883
1264	-306.77504847651545
1265	-307.1805959742483
1266	-301.29181396126864
1267	-305.9999046989472
1268	-302.99835371990775
1269	-305.5450574432451
1270	-301.9538631918601
1271	-298.61417962260373
1272	-303.5524889054733
1273	-302.9911
1274	-310.37323240719235
1275	-303.6507993821792
1276	-305.95283834560206
1277	-310.6773850470836
1278	-306.60490088964985
1279	-308.1883306137353
1280	-309.67361293049805
1281	-296.6873
1282	-305.05584592515123
1283	-302.45144310168354
1284	-304.43079541907724
1285	-300.7822584058079
1286	-313.0598224267314
1287	-302.1745116399861
1288	-304.8092712252343
1289	-301.290315421329
1290	-306.5374689080798
1291	-302.9920458799487
1292	-304.27238101322837
1293	-303.1450936124506
1294	-303.4572478374316
1295	-308.1037963224233
1296	-305.37305488640044
1297	-308.42893693812533
1298	-303.8515266814245
1299	-307.3502644785788
1300	-305.4125434253953
1301	-303.0348149221607
1302	-304.3712562320987
1303	-302.201907256446
1304	-305.13536308713384
1305	-302.10768955058313
1306	-307.3300367431848
1307	-303.0104131827052
1308	-296.46142743753734
1309	-299.3924955969705
1310	-306.76683116672734
1311	-302.11048389952305
1312	-308.4124192028903
1313	-302.0384325667211
1314	-309.4800772621722
1315	-306.5872190704231
1316	-312.8927982687796
1317	-306.1818240795979
1318	-303.9309119553656
1319	-308.35669213993174
1320	-306.77621827730303
1321	-310.31329634942693
1322	-303.4783728827919
1323	-312.5363389142253
1324	-302.4086777878854
1325	-302.9014755038241
1326	-306.87293028429633
1327	-308.2102142407119
1328	-314.53048942346084
1329	-308.5648286682093
1330	-301.55954688113655
1331	-310.8274289138493
1332	-299.4820292290843
1333	-301.14039463334825
1334	-303.38711709648965
1335	-302.9948575070872
1336	-307.640123808893
1337	-300.46122511059906
1338	-303.6870919924167
1339	-302.77573499691056
1340	-306.7864419653366
1341	-301.55970041831165
1342	-306.253490975537
1343	-304.5860399132945
1344	-301.776266350207
1345	-309.5818644276757
1346	-301.8786231184299
1347	-306.50901025398684
1348	-307.9965989583203
1349	-302.1081473796822
1350	-308.5666357672324
1351	-300.62266380595696
1352	-306.62483665314215
1353	-304.39084811144244
1354	-307.6663749788387
1355	-309.78367825676327
1356	-301.83990047362096
1357	-311.9782749941119
1358	-306.46213404498155
1359	-310.41204638629654
1360	-308.53368991685124
1361	-301.4491875077133
1362	-301.4163519736979
1363	-307.19380388715115
1364	-303.37606594362074
1365	-307.53389394232295
1366	-307.1417346206204
1367	-308.8340977868284
1368	-310.2450462830368
1369	-308.7236352056626
1370	-310.6520964677257
1371	-309.3111181890118
1372	-312.4532512802851
1373	-310.4887377622287
1374	-304.10746670278957
1375	-310.0956845615297
1376	-305.84825521210536
1377	-308.2477840043357
1378	-304.18764944244015
1379	-310.65598952599953
1380	-309.8057026228475
1381	-308.732091028986
1382	-314.9324684133339
1383	-309.4072114564221
1384	-309.58435815192024
1385	-303.94024238661547
1386	-308.2661180257183
1387	-306.0133779952713
1388	-304.69949557402623
1389	-302.88932029451064
1390	-309.83017904503356
1391	-305.06149592516215
1392	-310.2086669674339
1393	-310.9765360117481
1394	-304.41118930889155
1395	-305.61583074479864
1396	-311.134153925082
1397	-301.6419008252892
1398	-302.8675868917591
1399	-308.08478966570215
1400	-307.93141379866836
1401	-303.6540213231576
1402	-302.740454997277
1403	-304.3841998658712
1404	-309.70543546091744
1405	-306.9330570817384
1406	-311.34082454794265
1407	-303.44748607184874
1408	-305.12615846928486
1409	-302.6617401661503
1410	-290.109496198621
1411	-297.8414271725309
1412	-299.5499924699716
1413	-303.04738181558196
1414	-301.4464667270201
1415	-301.64688015588325
1416	-301.6896594549468
1417	-305.9155649846536
1418	-295.97571025774465
1419	-302.59019459001723
1420	-296.21204992226586
1421	-302.2235285551206
1422	-301.14703824122535
1423	-302.0673882706964
1424	-304.2855714432223
1425	-308.4804263166983
1426	-308.9969825847057
1427	-300.26804639608184
1428	-306.4779629323715
1429	-303.28204050347426
1430	-301.7062417241611
1431	-305.71517935263313
1432	-305.0369683075585
1433	-298.0335575426836
1434	-307.4525463871588
1435	-306.48039440427675
1436	-301.6020311160416
1437	-307.9067530739833
1438	-304.18004354279185
1439	-307.6552302785363
1440	-296.1108
1441	-304.08750920632656
1442	-303.2879475579458
1443	-309.3067425366526
1444	-301.5257088443705
1445	-302.4925138366194
1446	-301.3932079330499
1447	-302.8008782837792
1448	-302.92446113984147
1449	-308.4018270381145
1450	-304.2950377584173
1451	-303.22593690148443
1452	-300.8002175380133
1453	-310.5569650289623
1454	-301.15867155104075
1455	-304.4470983559491
1456	-298.62648623887566
1457	-301.1999010008118
1458	-299.84275926264513
1459	-301.8688826424355
1460	-307.94476810778747
1461	-308.7420583541496
1462	-302.6737088791372
1463	-302.2005215989564
1464	-310.44674735616576
1465	-304.5845368037667
1466	-303.81951317174963
1467	-301.8565678847825
1468	-302.4864632767163
1469	-306.2922763635828
1470	-309.56998569869353
1471	-298.76762385293324
1472	-305.68238881773505
1473	-306.64212379952806
1474	-303.6199443501322
1475	-307.2237427385791
1476	-306.651105433422
1477	-303.75297888296825
1478	-308.9398586814569
1479	-300.812937408183
1480	-308.23926935390944
1481	-307.5598086134038
1482	-302.4820393294185
1483	-300.2253729391557
1484	-311.0080099325945
1485	-302.0277507372268
1486	-297.568678115102
1487	-309.3138752578099
1488	-300.9641156969146
1489	-305.9689789294417
1490	-301.25198347692316
1491	-302.38512871146764
1492	-309.024594893924
1493	-309.3822511005782
1494	-306.05885576040413
1495	-304.6429220216963
1496	-301.85888592675366
1497	-294.8731792105478
1498	-300.4165677286884
1499	-305.2435578127486
1500	-305.7202752624755
1501	-304.05883514498527
1502	-301.8162513793315
1503	-306.4647018365812
1504	-296.9816106552369
1505	-303.64428424302935
1506	-301.41344350301654
1507	-306.8215151699992
1508	-302.36599092235394
1509	-297.75724456813765
1510	-303.3934688494531
1511	-305.26234492215315
1512	-301.90117209984726
1513	-308.26405790278557
1514	-298.91201333257453
1515	-297.232550696966
1516	-305.29625096548403
1517	-304.01470105526937
1518	-301.8556163464562
1519	-307.0734826216048
1520	-303.64361475676264
1521	-306.30384930372827
1522	-304.7232767415328
1523	-304.05027529802834
1524	-306.26104248625956
1525	-300.9094000021795
1526	-305.83650032839506
1527	-297.9602172670384
1528	-308.8688946424446
1529	-308.75819524648256
1530	-300.3656193551138
1531	-302.66536437228274
1532	-301.2445872867027
1533	-308.9085342918665
1534	-309.9522257820383
1535	-305.62661344731566
1536	-306.7974867348808
1537	-305.03747483366095
1538	-307.9173253545762
1539	-303.34128951932814
1540	-301.2941604280892
1541	-298.2194164718647
1542	-302.1052321513667
1543	-305.0793009194914
1544	-299.14920488408455
1545	-311.2770444532521
1546	-300.99616153549545
1547	-302.306981255206
1548	-308.50130100729905
1549	-309.50959261077315
1550	-309.8341919715429
1551	-303.3689707162457
1552	-297.2649290348002
1553	-303.8341426129167
1554	-310.1809161863713
1555	-309.56537022847743
1556	-307.83438863956206
1557	-310.23533463839647
1558	-307.2699965995411
1559	-310.6969362079145
1560	-312.0137203896093
1561	-301.18190126516413
1562	-306.1331025620398
1563	-303.4512065184931
1564	-297.4372337711096
1565	-299.7815768748126
1566	-307.89084334141035
1567	-309.1787631358211
1568	-306.81517010331595
1569	-304.20111052328696
1570	-305.5455108382699
1571	-308.512271571819
1572	-309.00855252518016
1573	-312.29520176913604
1574	-305.44578107998194
1575	-313.9284617059072
1576	-302.6573304477044
1577	-302.8252404599169
1578	-300.5093110309938
1579	-299.9436080890103
1580	-299.6388429465503
1581	-310.59092126733265
1582	-305.711944883749
1583	-306.87107416786637
1584	-302.202425656827
1585	-301.6057322862076
1586	-300.8457302157448
1587	-302.91339882726965
1588	-300.83168855393114
1589	-308.931169872054
1590	-300.7034913106524
1591	-301.8993154766107
1592	-307.9840023235689
1593	-307.22519094944386
1594	-307.8859602488128
1595	-307.84683023487634
1596	-302.3354952908565
1597	-305.2135375961489
1598	-308.90829537633886
1599	-304.3139592027102
1600	-297.02319990980885
1601	-307.49731206413105
1602	-307.1499814838802
1603	-304.960134866368
1604	-302.58994118182045
1605	-309.31143208022036
1606	-310.10844671652023
1607	-304.4921729998151
1608	-307.3876324073006
1609	-299.5075779552011
1610	-309.45944402660814
1611	-306.14752582905464
1612	-309.82543848307114
1613	-295.97273311481035
1614	-304.47465902137
1615	-309.05465059909875
1616	-298.58451914922256
1617	-307.64092947872473
1618	-314.6793610326798
1619	-309.94838300549844
1620	-314.3439280268713
1621	-307.7070626440987
1622	-304.22402477633443
1623	-307.6362568018345
1624	-301.92419119565983
1625	-300.80839756179324
1626	-303.96377569784806
1627	-305.5996595638573
1628	-304.4703676482184
1629	-305.56072176674843
1630	-309.0794571305643
1631	-313.710360679004
1632	-304.6986413861778
1633	-309.0054066409512
1634	-304.60069361590905
1635	-307.5974063131654
1636	-301.36004429413646
1637	-306.2416368458565
1638	-310.00258785187583
1639	-301.00942673973793
1640	-301.9064975477219
1641	-310.9202531175277
1642	-307.2452041512611
1643	-305.42392413000533
1644	-308.3308005128284
1645	-304.4140322835915
1646	-306.3267919056988
1647	-308.86869754102463
1648	-312.09903490267413
1649	-306.7643600729459
1650	-304.23965878524956
1651	-306.6612661993482
1652	-313.2037495420548
1653	-304.2096177140254
1654	-307.83248580836664
1655	-305.44346146164435
1656	-309.3259594230997
1657	-297.3836369149582
1658	-306.6893954115441
1659	-312.6244886254679
1660	-304.736540443388
1661	-309.51313828242115
1662	-305.01600029519363
1663	-308.5622111369833
1664	-307.2561964048241
1665	-305.9510274017217
1666	-310.2098042220442
1667	-305.34590912233404
1668	-305.07357930829517
1669	-309.8120732159492
1670	-306.30409332678676
1671	-305.54339125980164
1672	-301.25039202787474
1673	-302.7141665545176
1674	-303.03833232660907
1675	-300.08595271992255
1676	-309.2557122143154
1677	-307.18989927615274
1678	-298.4168199578471
1679	-303.50899623756806
1680	-307.6374889662147
1681	-315.3241134278228
1682	-305.00523634504117
1683	-300.5923831420932
1684	-301.4324238164297
1685	-305.4759099418964
1686	-309.3401087602666
1687	-301.9604166683477
1688	-310.94345790191755
1689	-305.234715576689
1690	-307.0530979528487
1691	-306.3266580670374
1692	-316.556019759122
1693	-306.4208399553183
1694	-305.9891110390123
1695	-304.3048326275915
1696	-307.5437226411786
1697	-311.3176269366637
1698	-302.25957673351314
1699	-306.94113964074035
1700	-299.6397321552366
1701	-307.4266422271737
1702	-310.19568687137803
1703	-304.1041677425298
1704	-307.98372273727296
1705	-311.11847697468966
1706	-303.8407457292763
1707	-302.70932502662015
1708	-304.6906272889149
1709	-308.4162028201023
1710	-299.87378298509327
1711	-309.3068537872458
1712	-302.80563007762737
1713	-304.0395446635636
1714	-310.7143706797058
1715	-306.2107430108207
1716	-304.60312810093745
1717	-302.3668615211035
1718	-306.0298721195612
1719	-301.31972722575335
1720	-310.73706949616724
1721	-300.19545972968666
1722	-305.50279786071474
1723	-307.9416819826797
1724	-303.39829077331564
1725	-305.1411555895673
1726	-304.6010666978747
1727	-306.58408612306164
1728	-308.9590938641091
1729	-299.51877589360555
1730	-308.09261582623236
1731	-308.22932288012424
1732	-304.1920920914515
1733	-310.15839193073964
1734	-304.97792046448467
1735	-300.50724649831915
1736	-307.5210722749128
1737	-302.8720152407766
1738	-306.0008547312851
1739	-307.1718696717403
1740	-308.3564723461663
1741	-312.310535896688
1742	-308.7127058332547
1743	-306.9865433494562
1744	-311.864912220468
1745	-304.5098180156555
1746	-304.3365658121002
1747	-304.30166723574996
1748	-308.9090142131595
1749	-315.34717329192455
1750	-301.2010290485137
1751	-303.75130814560674
1752	-307.05957362029733
1753	-309.02390778768364
1754	-314.030080540727
1755	-314.3229918584917
1756	-311.5125410348618
1757	-311.9366876912419
1758	-296.7605517909501
1759	-304.5542633145784
1760	-304.56452254731
1761	-301.9260261791386
1762	-307.5834355819896
1763	-305.43118992117786
1764	-308.1214390752248
1765	-307.3491143696809
1766	-305.5417747425778
1767	-300.5805026328545
1768	-304.3020673752505
1769	-303.2851549437722
1770	-305.8763064334923
1771	-301.1379635766085
1772	-304.32862401463785
1773	-300.70667231257204
1774	-305.9573118667794
1775	-302.5188281216041
1776	-305.95726377539876
1777	-308.7171246752288
1778	-304.4159475371698
1779	-301.21967550788474
1780	-301.8401460674021
1781	-302.084017642253
1782	-311.45428768190453
1783	-303.8409098971424
1784	-310.2692126554614
1785	-305.62390877224533
1786	-302.5104554427811
1787	-303.81129339784275
1788	-304.71371409363036
1789	-308.08094963155355
1790	-304.4419510456176
1791	-298.9193309101162
1792	-301.367498640357
1793	-304.6546484727624
1794	-302.2692876163451
1795	-303.4486649567437
1796	-303.5939980402471
1797	-305.6054869212095
1798	-302.345002459434
1799	-308.85104048499795
1800	-309.66221120254295
1801	-303.5167272565331
1802	-307.2821859711338
1803	-306.51160491984746
1804	-310.9725276872092
1805	-305.50671123455345
1806	-302.8113411407908
1807	-302.5154125041567
1808	-301.6485705086551
1809	-308.30443810314193
1810	-305.41144976251314
1811	-306.3493968040953
1812	-308.3019522245357
1813	-309.4464445131244
1814	-304.7132123183504
1815	-301.9189503057964
1816	-306.33377601387076
1817	-301.78138171624073
1818	-304.7305513771812
1819	-305.4389928052902
1820	-303.022202884331
1821	-305.55767399381307
1822	-305.46442370929975
1823	-301.0843492266818
1824	-310.1841533753834
1825	-305.2583874873592
1826	-311.215264722901
1827	-306.3501997364338
1828	-309.1050744708704
1829	-304.406886604121
1830	-307.6847038007318
1831	-308.51206319673247
1832	-311.46807244734197
1833	-309.4811392012414
1834	-308.5288907728283
1835	-306.94631045763487
1836	-312.4981638369253
1837	-300.7790350237726
1838	-302.17883577906264
1839	-305.45888892852986
1840	-307.3016798907583
1841	-304.72403640142153
1842	-302.73351576486
1843	-307.8616183297136
1844	-308.9299587715256
1845	-306.22814300569706
1846	-299.65883443845274
1847	-304.9742854548683
1848	-304.5434525988837
1849	-296.8099943051634
1850	-300.2931491702516
1851	-301.5369831625223
1852	-306.51094473507726
1853	-302.9393811683716
1854	-295.3513676083534
1855	-298.43533062063153
1856	-305.5766432594598
1857	-302.2270006273093
1858	-306.05197093267225
1859	-305.41680701721685
1860	-309.7528075028797
1861	-303.12428095836333
1862	-305.5307581880784
1863	-304.9447575247918
1864	-307.68172142727474
1865	-298.8398005147032
1866	-310.22395410096834
1867	-303.7985078270123
1868	-313.5718801332588
1869	-303.5720856239781
1870	-313.338355594398
1871	-308.19656356313305
1872	-303.7807692885845
1873	-304.8826378732085
1874	-302.1492603578239
1875	-301.56610691454597
1876	-303.0040032136523
1877	-305.55124989975735
1878	-304.4079794829334
1879	-311.17352524193376
1880	-306.995594229289
1881	-305.9006281045365
1882	-307.88744677730745
1883	-302.04092067731494
1884	-293.92026644855065
1885	-306.0856829352608
1886	-307.93446712158584
1887	-313.96662398315146
1888	-302.53481685683647
1889	-308.93077451354156
1890	-302.36329894405117
1891	-301.627342004958
1892	-295.7337362689764
1893	-309.0303986453391
1894	-301.61154389427065
1895	-306.5890034775494
1896	-302.290872229195
1897	-302.9554576010904
1898	-303.80313113418174
1899	-304.5799674395713
1900	-310.02300396336864
1901	-305.97951878265917
1902	-308.7292358893456
1903	-301.44481125433776
1904	-307.4268288554742
1905	-302.95131940048907
1906	-303.9529134049168
1907	-299.6041475246566
1908	-297.75632940171477
1909	-305.5296738645116
1910	-310.9485385258234
1911	-303.743572869391
1912	-304.16798866915957
1913	-311.6836359565471
1914	-306.1340603076175
1915	-304.14824766633626
1916	-310.7759405589274
1917	-307.8170816568629
1918	-303.61896628113266
1919	-307.85378674326546
1920	-303.24907055000523
1921	-303.1039277709552
1922	-304.2655989811731
1923	-307.21815425083435
1924	-305.1146912224904
1925	-302.1637063145475
1926	-313.2435119115969
1927	-314.701372336264
1928	-303.3981287583764
1929	-309.17005430722895
1930	-307.8419382472414
1931	-305.74272623001065
1932	-306.4092889620226
1933	-302.3938892543427
1934	-304.7513632235122
1935	-305.83597017003564
1936	-303.59550862836204
1937	-303.02543833807806
1938	-307.0521444614517
1939	-310.1512672110287
1940	-296.96326141617413
1941	-308.43456604785376
1942	-298.5463262587894
1943	-303.6799997018333
1944	-301.9531121495826
1945	-298.79524961357964
1946	-303.44288021902554
1947	-303.69484045942284
1948	-306.57614782552986
1949	-307.45077844528373
1950	-309.004691096934
1951	-305.3000159716372
1952	-302.8720119478385
1953	-307.71853756449417
1954	-305.30591303994396
1955	-313.2464043915432
1956	-302.1567326777784
1957	-301.4223148947548
1958	-306.5566559579985
1959	-307.781707869264
1960	-303.0798841072141
1961	-299.141685166834
1962	-304.9338022187506
1963	-313.7067077200619
1964	-311.69171278303116
1965	-308.5197061536261
1966	-307.5850774074557
1967	-298.3753669242616
1968	-304.9367165435882
1969	-303.5992661036025
1970	-303.87402124427604
1971	-297.1455993276148
1972	-297.0317293492357
1973	-304.0820122171372
1974	-300.4231887164069
1975	-306.7301277548499
1976	-306.3293568342375
1977	-307.2658933770399
1978	-308.51351436117164
1979	-309.30968869513345
1980	-308.8179186119639
1981	-308.308196412031
1982	-300.6614672840377
1983	-295.98052451047806
1984	-302.3289551882973
1985	-303.5145244369844
1986	-304.1106093102074
1987	-309.942045004338
1988	-304.7936974374015
1989	-304.161043131986
1990	-307.7505049411725
1991	-309.9755400114399
1992	-308.053622076928
1993	-304.36332547005134
1994	-308.4728531876455
1995	-310.1679642841579
1996	-307.0187208293393
1997	-302.88360916181756
1998	-303.0485463679854
1999	-307.5888282698207
2000	-304.83538513318575
2001	-305.8968356280366
2002	-313.00524995909933
2003	-304.8514099539204
2004	-307.33271241984187
2005	-306.8638404216956
2006	-300.3279898797577
2007	-309.54529269419226
2008	-306.95085762350624
2009	-311.7636346421923
2010	-314.6656524232143
2011	-303.82193749459174
2012	-300.8681168030991
2013	-304.88563401721103
2014	-313.33219398422654
2015	-307.7146566143303
2016	-312.36982696221423
2017	-307.79065368068433
2018	-307.7074788086534
2019	-311.33535406980866
2020	-309.34301816054915
2021	-311.3589092006528
2022	-306.39563652512925
2023	-301.30672353962956
2024	-311.31402853942774
2025	-304.7694327706176
2026	-306.94190304439473
2027	-310.66032722818437
2028	-309.84071543255783
2029	-302.5847361263304
2030	-304.5159617493196
2031	-303.52318324659916
2032	-307.3083414199482
2033	-305.42067820602915
2034	-306.7317305946875
2035	-308.8627688106641
2036	-307.3945339628663
2037	-308.1754850390702
2038	-304.8046222451447
2039	-299.7685962155512
2040	-305.0228506158577
2041	-310.23491588569107
2042	-311.0301851529312
2043	-305.9162948060184
2044	-307.6684678908559
2045	-304.3932590855103
2046	-299.55063385041313
2047	-306.2116070761367
2048	-308.1737550450608
2049	-308.3749433136038
2050	-299.8749739875478
2051	-299.8828505739264
2052	-304.2198189472789
2053	-309.69922617187905
2054	-304.37760608882445
2055	-296.07832360906235
2056	-303.3705840265034
2057	-303.4621805068501
2058	-302.6787007762764
2059	-299.2620274454
2060	-302.1907747732942
2061	-305.33985176607786
2062	-306.15688007421545
2063	-306.00276286056857
2064	-300.4821784292897
2065	-300.2623647476683
2066	-306.75107908881296
2067	-303.18029825187506
2068	-300.7614611488068
2069	-308.38118139563824
2070	-305.9521012326953
2071	-308.0157750149305
2072	-302.6135870547243
2073	-298.71783673988693
2074	-298.51084299560506
2075	-310.34689019963594
2076	-301.10994004601724
2077	-303.2272549231536
2078	-307.7716026053111
2079	-303.7747240334911
2080	-306.37189539627667
2081	-311.1228459006837
2082	-306.56917740014336
2083	-304.99513703780775
2084	-306.97479484203984
2085	-304.5919038873919
2086	-303.33232117159343
2087	-305.3223117381721
2088	-302.9603071116687
2089	-305.49158829979433
2090	-306.9795348300869
2091	-303.4937574136748
2092	-302.71760120119836
2093	-302.82752012838495
2094	-300.2514486436237
2095	-302.97705635456396
2096	-302.5181697050985
2097	-307.6034540992242
2098	-305.180435478501
2099	-311.0408780039768
2100	-316.06780925114793
2101	-301.97514521811854
2102	-306.414008839917
2103	-303.7997282072718
2104	-306.89113799787236
2105	-297.3007890885093
2106	-309.4804001185256
2107	-307.48513444499736
2108	-306.0794259747906
2109	-309.12642343730363
2110	-296.3967360586514
2111	-295.6423764986289
2112	-297.9105359072233
2113	-301.05321534800777
2114	-304.06954018980775
2115	-303.407803781426
2116	-302.5162021161311
2117	-300.6152344660493
2118	-311.83018896328804
2119	-307.1772274938381
2120	-301.87392894674497
2121	-303.0179494542242
2122	-310.805401110813
2123	-294.8561590153125
2124	-306.2127771550336
2125	-305.2232083219846
2126	-307.08696257667424
2127	-307.76655260013297
2128	-311.81811342340274
2129	-304.5778618069195
2130	-314.1046419354494
2131	-301.61313579738726
2132	-298.84974438072567
2133	-306.5573162190088
2134	-302.87889374416613
2135	-306.1940509860646
2136	-310.1277931958276
2137	-305.797559544925
2138	-307.23764627488276
2139	-304.2013697882159
2140	-301.2884440759025
2141	-300.83963792527567
2142	-304.80173222509916
2143	-302.2312086235489
2144	-309.1366480161456
2145	-300.80933495597986
2146	-303.55761564698315
2147	-298.26427966348666
2148	-305.6413752884498
2149	-306.6454660496091
2150	-306.6866542068136
2151	-301.4131638343301
2152	-303.4785873900961
2153	-303.253742497701
2154	-301.2291778991361
2155	-296.38710050292406
2156	-299.756400046695
2157	-298.6196373996424
2158	-292.27095002050316
2159	-305.0274226789162
2160	-300.41153166052624
2161	-301.55012080105445
2162	-302.37573171563565
2163	-306.5743510993934
2164	-298.5847993228685
2165	-299.7996172452695
2166	-300.08569135120894
2167	-306.7797941389581
2168	-306.1808385684315
2169	-298.45143938024154
2170	-303.42112890789434
2171	-297.5959956348808
2172	-308.46804730065674
2173	-298.85529685125374
2174	-310.8380780103097
2175	-306.7218008789367
2176	-303.19006400626387
2177	-309.5608572579747
2178	-302.4827016685825
2179	-301.9017803139926
2180	-309.1752382035411
2181	-298.26704032642016
2182	-299.2643490086998
2183	-306.3417642984376
2184	-300.3348070529403
2185	-295.0957208569879
2186	-309.86449753616273
2187	-300.5229564441848
2188	-306.8417979387818
2189	-304.46110587682205
2190	-301.2945656629865
2191	-302.42718053315133
2192	-302.8412028276706
2193	-297.8250876474971
2194	-311.2479226755838
2195	-309.6845708187473
2196	-300.9219366292915
2197	-306.04053516360045
2198	-308.609534702907
2199	-302.4547106670604
2200	-309.69876760911836
2201	-305.28159633997524
2202	-307.4566962968775
2203	-308.09034896649365
2204	-299.24281166279354
2205	-306.1405012863813
2206	-303.1886116261505
2207	-307.2374793049803
2208	-302.5804445461694
2209	-298.83060077199616
2210	-308.32303615472256
2211	-308.860882142564
2212	-306.7918809437772
2213	-305.6810983195126
2214	-306.99904472658955
2215	-306.47371938214224
2216	-303.42079997166405
2217	-300.25714460882506
2218	-307.1746528578005
2219	-304.11557700478386
2220	-305.748560546647
2221	-299.6431036339811
2222	-298.5602014088191
2223	-298.6859396301221
2224	-301.12994563092775
2225	-299.1236706086655
2226	-299.4049222047403
2227	-303.5054843619706
2228	-296.3801963520751
2229	-304.48732228501535
2230	-301.9453001047131
2231	-298.2884700293905
2232	-306.10224161120067
2233	-302.0959387519825
2234	-304.0138968753621
2235	-310.27783351614704
2236	-306.574919266624
2237	-305.5484027245364
2238	-304.5077949270654
2239	-305.5436143728853
2240	-305.86947212042776
2241	-303.0435362403427
2242	-301.59203971132365
2243	-302.35918737816763
2244	-300.53261882153
2245	-302.4625663880393
2246	-309.5925521363355
2247	-305.7031759302939
2248	-303.2077858841725
2249	-298.8070409190486
2250	-301.11344393510774
2251	-307.4841547383776
2252	-305.9964675661001
2253	-302.3339863333107
2254	-303.75685050309386
2255	-305.721734345554
2256	-304.42355675527597
2257	-308.16969021885717
2258	-305.1054406248639
2259	-304.531206150389
2260	-305.38187006132034
2261	-299.23943763961125
2262	-305.503863210717
2263	-304.99722807330375
2264	-309.7895410206497
2265	-302.89208360755924
2266	-304.6441589166845
2267	-303.17997428232815
2268	-299.1016581878705
2269	-304.9666143237167
2270	-303.29258486465346
2271	-297.92163101608617
2272	-303.0433621374901
2273	-302.58410962019775
2274	-304.9176239047298
2275	-303.04709853301887
2276	-299.8134004179875
2277	-297.4166444477855
2278	-308.5436982259471
2279	-302.6100247432464
2280	-303.1423679091842
2281	-296.353761122151
2282	-302.7862244050222
2283	-302.21019468418103
2284	-305.7852235006755
2285	-300.58589489808264
2286	-300.6458720779932
2287	-303.7676925679076
2288	-310.31428196326516
2289	-307.9983260081595
2290	-301.5398933061834
2291	-303.93389652825834
2292	-306.1204293810231
2293	-304.2172345207605
2294	-305.79959896855223
2295	-304.31135051466225
2296	-301.83483152074564
2297	-296.79919971976454
2298	-294.84062427704026
2299	-296.14702808126447
2300	-299.58770360844136
2301	-302.09438328465
2302	-308.9792272261875
2303	-303.2812241024736
2304	-297.67447718425154
2305	-304.71660669666284
2306	-303.8800552873371
2307	-306.80653558050346
2308	-306.85947587675463
2309	-304.45085515172156
2310	-301.59844212719923
2311	-305.4252772449164
2312	-308.50900928975904
2313	-298.3050062977101
2314	-308.6964851050034
2315	-303.40697530710577
2316	-305.0488748758681
2317	-302.7478829781422
2318	-304.8772794590297
2319	-307.9677928085018
2320	-300.63234624262805
2321	-305.9910323164084
2322	-298.26414585151167
2323	-305.78042072146053
2324	-304.71164930825114
2325	-308.143651168686
2326	-307.75923254527186
2327	-304.4275370859714
2328	-299.72049912913985
2329	-303.5392499480444
2330	-304.5780592679932
2331	-298.23625618075806
2332	-303.34098899047933
2333	-304.0051914328523
2334	-297.5834481297885
2335	-306.06237488676936
2336	-303.62498654226835
2337	-304.24794833508406
2338	-299.119956867342
2339	-303.9805321305712
2340	-304.66532066677973
2341	-303.35787275006385
2342	-290.70350074204373
2343	-305.0042579661993
2344	-298.49854914728195
2345	-300.4248573184007
2346	-306.45296710889994
2347	-301.0877960705421
2348	-294.53521636567706
2349	-306.6853964302298
2350	-310.21695084647473
2351	-304.110453006678
2352	-303.8423776698546
2353	-305.62656624213554
2354	-299.83160615152224
2355	-306.1385693052784
2356	-296.18483424538886
2357	-306.4394929994268
2358	-298.84604477908607
2359	-296.4008612007596
2360	-305.6553987829293
2361	-307.45679764946925
2362	-299.9593665766589
2363	-299.3880987304043
2364	-307.53319864495444
2365	-305.96554806218535
2366	-302.27899674487924
2367	-304.62698460100216
2368	-304.683257422883
2369	-303.4805014610255
2370	-309.7199993779307
2371	-298.7440836264511
2372	-303.3053841595057
2373	-306.0065629480416
2374	-302.65526655917523
2375	-303.3177074383706
2376	-308.7148951414004
2377	-305.38546386326925
2378	-306.68529209283184
2379	-301.5836561092717
2380	-301.0133202846165
2381	-301.7231878117264
2382	-300.88640000000004
2383	-300.0457954010193
2384	-311.1900437726626
2385	-311.2552992425611
2386	-307.5290031260529
2387	-301.77472656986833
2388	-306.30475763234006
2389	-309.6705351158393
2390	-303.5681577003098
2391	-301.7510461330273
2392	-307.7387712901644
2393	-300.83980712090477
2394	-295.9104583931756
2395	-303.4095439525022
2396	-303.0232178004182
2397	-301.54360000000935
2398	-308.3222514180279
2399	-306.900110880019
2400	-306.48380359277434
2401	-308.8025821991166
2402	-303.1471229136508
2403	-307.7935501434608
2404	-308.7476045031029
2405	-307.5624607691019
2406	-305.7165877811195
2407	-303.5337995294456
2408	-300.2226413037057
2409	-304.97085339896745
2410	-302.33375778416087
2411	-306.0318689743923
2412	-307.7775925869297
2413	-304.72331760036053
2414	-301.14425498439357
2415	-308.8960101479364
2416	-301.18651952526267
2417	-307.88545328889603
2418	-304.55186728061784
2419	-299.85558338350876
2420	-308.58172804484593
2421	-303.7515196800189
2422	-309.1068822597049
2423	-305.64601226758356
2424	-306.06206235585455
2425	-307.9035745033767
2426	-298.101
2427	-296.6908538440942
2428	-303.9058708707903
2429	-304.99287101701793
2430	-310.2926662222057
2431	-303.32315626626996
2432	-304.89160441920643
2433	-300.92306573172976
2434	-302.5596257307033
2435	-306.1910675324664
2436	-301.0050377520107
2437	-302.11708819301816
2438	-294.4446799835041
2439	-308.4718271020798
2440	-296.9855015544669
2441	-299.2033054258241
2442	-304.4962972184047
2443	-295.4347
2444	-300.07213012422363
2445	-303.231926206469
2446	-301.67286497507985
2447	-300.1911811577548
2448	-308.1652220460519
2449	-302.38074801489023
2450	-303.09342188072236
2451	-312.04132511253493
2452	-301.6495396606902
2453	-303.6721314764674
2454	-305.3388534541409
2455	-293.9372583229514
2456	-297.7362532443987
2457	-299.932581822839
2458	-292.67759113238094
2459	-303.8153848539235
2460	-302.45389571021377
2461	-301.2895134032056
2462	-303.74419128548743
2463	-301.29709209491756
2464	-301.07571428383847
2465	-305.13817708403366
2466	-302.52965573140995
2467	-302.9115801080663
2468	-295.2271462233676
2469	-306.966155247585
2470	-304.40913125642754
2471	-308.10106213126807
2472	-309.4646924534431
2473	-304.1448607770022
2474	-303.23120001952634
2475	-306.40750924388897
2476	-297.77443212037883
2477	-303.32237534644844
2478	-303.8465083650877
2479	-302.26634679465025
2480	-299.23793797679144
2481	-303.18519186725575
2482	-310.05540045492603
2483	-306.8797549617618
2484	-302.5021553714423
2485	-299.4423956220531
2486	-299.02484461154944
2487	-297.9938589095235
2488	-304.23457120682554
2489	-301.8100755203562
2490	-303.3491622762793
2491	-300.9775463366119
2492	-298.13726072326676
2493	-301.07727919079156
2494	-299.6951528140706
2495	-297.401939663802
2496	-300.6277919591977
2497	-299.66888817093457
2498	-302.3912273261002
2499	-304.2952000011613
2500	-301.07850849241225
