1	-298.61245289042824
2	-300.15366552906374
3	-299.6583849080458
4	-309.93063868134544
5	-305.9358967008817
6	-309.5964207966903
7	-309.85370076427995
8	-300.0828611439099
9	-308.2500933193722
10	-309.24309596775134
11	-306.2364232828637
12	-303.58204620954297
13	-301.9946074634173
14	-301.7192291040039
15	-304.51003144250495
16	-295.15820949775014
17	-302.8633341328869
18	-307.2378293206187
19	-312.23833905629175
20	-303.26720606623195
21	-303.5050153478168
22	-305.9428504530631
23	-302.58744562683796
24	-305.0930813262173
25	-307.3503702223657
26	-302.943501199787
27	-297.3357730774501
28	-307.8119525063538
29	-306.4335097678016
30	-311.59670207046963
31	-303.57699753761847
32	-309.40188537736134
33	-305.9217168794566
34	-302.0012698351943
35	-306.33242572483397
36	-295.6921288274079
37	-308.79071049583115
38	-299.8702680173447
39	-308.03575552514457
40	-310.1975587862161
41	-304.286720320988
42	-308.4266502765237
43	-303.51382692091073
44	-307.86311512477147
45	-302.67146683044393
46	-308.5811223854929
47	-310.0201060216963
48	-310.51710200255883
49	-301.10149316167275
50	-314.14391364624686
51	-306.49532597780444
52	-308.08199477801764
53	-305.68026103799446
54	-308.4046899418756
55	-306.1753480182742
56	-300.80764890880766
57	-302.1457707016023
58	-309.19429867510576
59	-305.0985947041428
60	-308.8139530298416
61	-308.2071968945129
62	-306.236819098284
63	-307.94779568993664
64	-302.86869476189065
65	-303.68775904516406
66	-309.0451357753341
67	-298.69170040476234
68	-304.88694504212225
69	-300.97544256213007
70	-309.38688901189306
71	-310.5103777185979
72	-306.19605047072815
73	-308.67195261595367
74	-305.927916730507
75	-308.58531404527776
76	-309.4816834163283
77	-308.32746872369194
78	-311.212158437935
79	-312.81214487522914
80	-306.82143756687634
81	-306.2636803766829
82	-304.60992660169666
83	-307.9378007980147
84	-311.33806940786394
85	-306.94523350351096
86	-307.90180033925833
87	-312.2701462433251
88	-308.5846773483202
89	-309.20410697673634
90	-311.5742965053079
91	-312.99867644467776
92	-308.7610670884502
93	-307.753290829632
94	-309.85159581036896
95	-312.69745498428654
96	-307.2396813744285
97	-301.52356186581596
98	-304.16012966905316
99	-303.75489795676134
100	-303.9509599500038
101	-308.2972283352694
102	-306.16562742789165
103	-300.4179510248446
104	-303.45324194545265
105	-308.6594298146808
106	-304.69410028711957
107	-305.426030729115
108	-304.8099598522074
109	-309.7071004448827
110	-301.5225393679768
111	-298.9867517270246
112	-308.50000131616287
113	-310.83489876361006
114	-306.5761130677204
115	-308.454012533974
116	-302.8907065808839
117	-307.24623084109624
118	-307.89609378054126
119	-311.55834830573235
120	-307.0158375551541
121	-295.9261
122	-307.84075873982783
123	-309.54708138399985
124	-295.0894029685053
125	-306.38445084458357
126	-305.6048490515142
127	-306.78547666988766
128	-310.24840984219776
129	-303.441167374261
130	-305.26497579249565
131	-301.41372409580924
132	-307.422631479745
133	-296.44540000000006
134	-300.91004992142143
135	-297.0472372392329
136	-306.04143832524665
137	-304.7307258565427
138	-299.39502454338384
139	-302.1601840394267
140	-298.9027003551251
141	-306.57445862120363
142	-301.7843954785316
143	-302.31905867190756
144	-306.1250934831922
145	-308.23690305666224
146	-307.4561161373705
147	-299.3942958366418
148	-301.39537841741543
149	-306.923595432536
150	-301.3431023363746
151	-306.0275613532572
152	-302.45214479449504
153	-305.0968299229082
154	-307.1476091077113
155	-309.98692576325425
156	-299.9241728848968
157	-303.9100655160503
158	-304.7406121387054
159	-307.9434894014346
160	-307.10534890434343
161	-302.2407584293778
162	-304.9391933775007
163	-306.9018562847467
164	-306.8611006131494
165	-309.26026855115975
166	-293.43591428499883
167	-302.40876140590973
168	-303.90114185046184
169	-310.23295679597373
170	-301.88437319055805
171	-306.44023211734446
172	-303.6758451872497
173	-299.9803110090271
174	-305.8369749224357
175	-302.1691484791995
176	-306.44160206832356
177	-300.66766635868913
178	-303.3127000002369
179	-306.8152961527018
180	-302.76866315869125
181	-306.3271750765795
182	-308.82585632039195
183	-302.07248127645863
184	-299.22080138040667
185	-302.6306553301609
186	-306.63638594011275
187	-306.7571629714371
188	-299.2653419478981
189	-298.2629998155437
190	-302.0403057521597
191	-300.4275423922507
192	-304.17536825709993
193	-302.016563741001
194	-304.42084757051254
195	-299.2763615997149
196	-299.8577695996754
197	-301.2320773300909
198	-306.15631721726197
199	-299.92429595333846
200	-310.71018107417933
201	-301.00349313670114
202	-299.9334735374606
203	-302.51972048564414
204	-303.78206974334927
205	-305.0489198975333
206	-303.3976015070949
207	-302.38699812886375
208	-303.1032911154418
209	-305.7622078095312
210	-297.1674147245642
211	-304.31718898596273
212	-303.3775417119918
213	-308.5069810617305
214	-305.2968938966096
215	-301.9757671049874
216	-303.7483769339406
217	-308.55203799197824
218	-304.5004904220533
219	-308.1871603851495
220	-308.2439118769309
221	-303.54557213286125
222	-307.0335201742954
223	-305.38221344301667
224	-304.2656699233571
225	-302.01167911159484
226	-310.8160956881183
227	-303.62673824488223
228	-303.5892570893431
229	-308.5810480122141
230	-307.2024946792563
231	-304.64955016801684
232	-311.57513063149145
233	-310.8509789612438
234	-306.80547283711905
235	-304.05400234245593
236	-303.33999078777566
237	-306.70936895259547
238	-304.888782779365
239	-301.6752199801483
240	-302.2999277349677
241	-306.6252848296794
242	-304.8187694349254
243	-299.05185221548845
244	-293.8193823777729
245	-304.2150324569951
246	-305.11098831075793
247	-299.66318784412607
248	-309.06059360495334
249	-302.5388519463218
250	-294.29854966504
251	-305.19898695396137
252	-302.7010921803539
253	-300.902893488482
254	-297.42227270244064
255	-302.4151662302333
256	-302.49239930983634
257	-301.2148790910243
258	-307.7605364084233
259	-301.80987007718505
260	-300.3687438263389
261	-301.10471868367625
262	-303.78814607941314
263	-297.659681832886
264	-309.1364338838041
265	-303.59602307498733
266	-309.1086832969316
267	-303.6764961444578
268	-303.0572298186969
269	-292.4181852737815
270	-301.06651185263013
271	-301.06042131031575
272	-289.1708933770399
273	-301.5860159512412
274	-308.94928047269644
275	-303.1467142398241
276	-301.78636914332384
277	-305.23377159423995
278	-304.18453664755936
279	-306.5427000003194
280	-306.098504977211
281	-301.1343350318508
282	-301.5174427231489
283	-297.04791408319767
284	-308.62878339100877
285	-299.91951080435916
286	-303.1452028695543
287	-300.4797
288	-297.22813685197286
289	-299.94570916432406
290	-304.8775822654352
291	-304.45565301239304
292	-299.99214172521584
293	-298.51249834604425
294	-307.64228399413423
295	-301.68696313268356
296	-307.37646483722295
297	-304.68069260552704
298	-299.9034182025794
299	-303.18004896976083
300	-312.03876932321845
301	-303.88527825150186
302	-303.39222623856955
303	-305.8927003500619
304	-302.5729368357853
305	-299.76633340879386
306	-302.001245504821
307	-301.5393045181892
308	-303.2873180926908
309	-303.9563649276716
310	-310.79228173132134
311	-306.8124622948301
312	-309.92842489513765
313	-299.66851706714874
314	-297.7911603720886
315	-302.51451825671785
316	-298.16260000844943
317	-299.43829089113865
318	-306.7881274328924
319	-299.49159943349713
320	-308.8177717444158
321	-303.80078949158616
322	-302.92000727858226
323	-302.8717754952502
324	-302.2911022436667
325	-306.47731703795495
326	-302.05677495178793
327	-302.7863281036462
328	-303.03341246543755
329	-300.466972888499
330	-306.44314460556484
331	-306.2349
332	-301.63610100421795
333	-301.34154021939105
334	-299.1470866785395
335	-302.3521249297363
336	-291.632814864424
337	-307.6204962312263
338	-300.8779547574584
339	-305.30740864346325
340	-303.9252013939957
341	-305.66803203477747
342	-301.3439836636046
343	-300.1239383666579
344	-305.04118446900594
345	-303.0141684822525
346	-304.5560035900871
347	-303.5206451353607
348	-305.33426630854365
349	-304.6309958971667
350	-301.61331737948075
351	-298.3013112922214
352	-305.20067461276767
353	-301.1801573285934
354	-304.5568893110839
355	-302.24754603525594
356	-299.8008163972047
357	-308.15375438253
358	-304.7774460330292
359	-304.5071833051661
360	-301.21579979047186
361	-296.485004729041
362	-301.5568133049476
363	-309.0583543774576
364	-301.5763028988849
365	-305.7077346575428
366	-309.27985447030113
367	-301.56661394154946
368	-301.7047912580696
369	-305.39532799443094
370	-303.8302838703911
371	-300.2156386472627
372	-304.3273750750331
373	-308.3982497096553
374	-301.3786621190975
375	-304.9492949227042
376	-301.58590000000004
377	-305.47921384417236
378	-301.13903584882075
379	-300.9886325310728
380	-303.1676000044835
381	-300.6937
382	-297.9922731528518
383	-306.7113
384	-302.23667183565607
385	-307.7241783717291
386	-307.8098192127881
387	-307.7579557984501
388	-298.71410514745355
389	-300.74643379269446
390	-295.33638710983837
391	-305.8130759054402
392	-305.1582702786357
393	-311.06144559779113
394	-310.4229125618815
395	-304.6206550301416
396	-302.5919485276214
397	-298.53488398210976
398	-301.61270000055697
399	-310.9405678294403
400	-300.1421097141798
401	-300.9124451612636
402	-306.1910079032636
403	-304.16184831787814
404	-304.66132601924824
405	-306.8726833152121
406	-301.2758199790969
407	-298.8324018752849
408	-305.66423763364446
409	-293.9087061387923
410	-295.58833597775873
411	-299.29024180765623
412	-300.55958710135894
413	-302.4293720088305
414	-305.26940005644076
415	-311.3347501934211
416	-313.1702747471077
417	-298.7350707515839
418	-296.5142646360207
419	-302.4717014330102
420	-295.0788172675232
421	-302.1416796446373
422	-304.3404212395689
423	-307.71171381794085
424	-300.54409224348376
425	-302.1994212030163
426	-303.1405919608062
427	-303.60610329877596
428	-306.79036886589796
429	-305.1648293417345
430	-310.9462347986535
431	-304.48885754406695
432	-304.830814005527
433	-306.3780898887411
434	-306.10271327924943
435	-301.5505406586665
436	-302.4505341273059
437	-303.48753038866494
438	-308.27906570128357
439	-303.04972204998376
440	-305.17646639203537
441	-305.5037798482969
442	-306.1844511462631
443	-306.7045620228161
444	-311.1726305658002
445	-311.0940559421386
446	-301.11637768560024
447	-303.2603467967957
448	-304.8671350690457
449	-308.47307453674483
450	-303.15074342441716
451	-306.3412054964599
452	-308.10899976073125
453	-303.50761291016767
454	-298.0342293107093
455	-302.25647668387154
456	-309.9605737979339
457	-294.8397034284522
458	-310.9390498321696
459	-303.86584624013113
460	-305.89423127283
461	-303.48242672044796
462	-310.5472518461633
463	-304.5705
464	-306.9151912811672
465	-305.6269491916533
466	-308.68313321946704
467	-304.05
468	-303.05754138507575
469	-307.2089382056619
470	-311.9896060350292
471	-296.5849
472	-302.8386494697349
473	-302.43926655559574
474	-304.64759771234867
475	-306.25973197059125
476	-299.8289373875932
477	-301.48711431498003
478	-305.12766120075963
479	-305.1273034955651
480	-303.7343920631147
481	-302.8452892927663
482	-303.2430753809101
483	-303.40749709239657
484	-302.75662051900105
485	-307.8393637331567
486	-299.5265433238113
487	-307.0065100521702
488	-304.9283350287605
489	-304.4841863011587
490	-304.9118040865948
491	-304.74037943311555
492	-303.10702169194354
493	-304.56245505444554
494	-308.1273262183576
495	-297.7222751971461
496	-304.3357620385824
497	-300.25460703927934
498	-296.2363645489435
499	-301.4154342008874
500	-302.08577713155745
501	-304.67087200246425
502	-303.0950627977907
503	-302.29726309321734
504	-298.81166947278007
505	-298.46370000000303
506	-301.88754128942554
507	-304.8620108939704
508	-309.64418103834885
509	-303.74315849747967
510	-294.6836547827947
511	-301.28421026495147
512	-302.07431044880076
513	-302.06236782723494
514	-306.55860942565926
515	-300.05412999141987
516	-309.41008972550657
517	-299.72290078711086
518	-305.97793894910257
519	-298.192600005804
520	-306.42374774035045
521	-298.4353873414809
522	-301.71932278827717
523	-307.2126768757705
524	-307.2866424052921
525	-300.80277413384346
526	-304.38592975883904
527	-305.5603327252163
528	-305.7231394074235
529	-297.9389706215967
530	-299.9989046790696
531	-301.5694043233443
532	-303.03662805206903
533	-300.312847104525
534	-303.41441241262066
535	-303.52410028257583
536	-296.5515262232753
537	-299.0037146525793
538	-298.1030001687097
539	-303.5183175287343
540	-306.0115002344124
541	-300.31999190399364
542	-307.813466381399
543	-302.83391267935025
544	-307.29054187502265
545	-301.87763571681364
546	-295.33525731493916
547	-303.99377506678354
548	-308.03130000376916
549	-306.28146934637954
550	-302.0558543503957
551	-306.02838808502713
552	-312.8734300886173
553	-307.553572707645
554	-299.97706327251615
555	-304.8886003807009
556	-303.86039157305646
557	-304.2122494708269
558	-307.6628540199962
559	-306.77863803041447
560	-302.5375000001879
561	-300.5116414508448
562	-305.13160722258976
563	-297.60702612572027
564	-303.66138714723786
565	-308.2497821318945
566	-299.60249939923096
567	-305.2528793488601
568	-298.28968116753805
569	-293.8097995688844
570	-307.99384559862466
571	-299.0167000914275
572	-306.15478693465667
573	-306.9221336331876
574	-305.1317070775497
575	-306.0546826074998
576	-299.09882998163357
577	-303.1366289606351
578	-298.4922018894028
579	-302.97692065808303
580	-303.13731931654644
581	-301.11780654000995
582	-303.66285464643994
583	-305.18047349766834
584	-300.21868770612997
585	-303.5631646896761
586	-307.05177574867156
587	-306.04494833419676
588	-304.2042573845053
589	-302.8405916293733
590	-302.9723614559164
591	-293.966793902165
592	-300.8457234660106
593	-301.19072987124184
594	-297.48115850551216
595	-302.1791043318379
596	-308.61866613221696
597	-304.6132942441089
598	-305.64423176445655
599	-303.26681508086835
600	-302.5716999548571
601	-308.17960000000005
602	-293.5947106720555
603	-302.96206087255274
604	-298.1471657214891
605	-306.2692204717251
606	-306.2649661789464
607	-302.68190000000016
608	-302.7523739002411
609	-305.52890853706475
610	-305.6272778095696
611	-299.7441522058897
612	-303.9653448578766
613	-306.0613076799614
614	-305.27233513451375
615	-303.8275026887256
616	-306.4708850108485
617	-299.9643513536687
618	-302.0063000060158
619	-299.31540002564054
620	-294.5522262817169
621	-299.37612735137793
622	-303.442606141548
623	-301.0080844029206
624	-302.8553098148905
625	-301.76527371230566
626	-301.72011817704106
627	-303.0951842218872
628	-298.5807165511264
629	-300.63053669454047
630	-304.5026850244986
631	-309.218002079216
632	-300.0084225386459
633	-306.2411175870716
634	-307.6030426886889
635	-309.4771207912316
636	-304.7652233856209
637	-303.6079173831114
638	-296.3131064875396
639	-300.30185608675816
640	-301.7140090341131
641	-303.95793722736994
642	-296.8193624833427
643	-306.5133800294751
644	-297.51260390112355
645	-299.6686593490761
646	-307.47730207410467
647	-307.55200027353624
648	-302.25254493969265
649	-303.4932434083885
650	-311.0535694373479
651	-307.30789110666444
652	-303.92750000000274
653	-295.7025146470434
654	-306.306213088892
655	-307.9873841625909
656	-307.2001501985284
657	-310.847935904303
658	-302.6392695364131
659	-308.58967174392194
660	-305.69483023308874
661	-304.2444154607895
662	-302.0364323970667
663	-298.422232124501
664	-308.60132216560714
665	-304.60350093324445
666	-303.28832743186007
667	-297.4771000003631
668	-299.15516645693754
669	-298.6208640482282
670	-298.9288118471232
671	-304.5812569037428
672	-300.1172276657961
673	-308.03953264973933
674	-293.64125078597357
675	-307.67834110339663
676	-301.3154087213372
677	-306.15482137370776
678	-304.3611761341213
679	-299.50624054164257
680	-304.07968691991925
681	-302.39740964045916
682	-300.24753490787083
683	-298.466331118186
684	-298.43216239251166
685	-300.01445403513185
686	-298.88367590151057
687	-295.91708632475587
688	-307.60923380974094
689	-307.90050721840913
690	-303.8851095051906
691	-303.3481995728476
692	-304.94670444059363
693	-300.87050005524304
694	-304.5810882616769
695	-294.0921675352974
696	-305.15235239891365
697	-296.3511193970427
698	-297.61798312895843
699	-307.92594776113776
700	-308.3203927569575
701	-305.337054169465
702	-297.31796325583286
703	-301.5741271596432
704	-295.0571052443861
705	-298.34010155568075
706	-297.8354586290085
707	-300.2446356111978
708	-303.7999361635799
709	-307.1874288930334
710	-307.65829816294075
711	-303.6038138298978
712	-302.32192802537463
713	-301.97580337716596
714	-304.74750147199256
715	-301.38363440633066
716	-305.38950026275126
717	-302.7350767326585
718	-305.7729290184052
719	-307.02921262278124
720	-300.9746680172966
721	-308.566025606492
722	-305.85066545691456
723	-306.12665461730865
724	-301.9518036575035
725	-302.3358017617266
726	-309.61724310641625
727	-310.3175258412923
728	-300.18715229592306
729	-302.9786897629994
730	-297.8895707020997
731	-302.83330441522264
732	-301.0197337788777
733	-308.6300569409744
734	-302.2471372976998
735	-305.1571691744511
736	-302.91710036603087
737	-302.5392542719897
738	-303.42593846963837
739	-311.76189974521503
740	-297.87769496563965
741	-309.3771282826718
742	-301.9563480419606
743	-297.03723367239604
744	-302.54391969886444
745	-302.5073577519161
746	-302.70802479419206
747	-305.53907309563266
748	-305.39471455922495
749	-304.14442087444917
750	-308.0276004696083
751	-307.62606360569396
752	-304.78551311048676
753	-303.6425005553387
754	-308.3542172199092
755	-305.00745307657456
756	-300.8961687721893
757	-307.65526133567926
758	-305.8117539007434
759	-309.8193115577006
760	-295.3107559925811
761	-307.67046364250155
762	-304.1230796391714
763	-309.9018825900915
764	-305.1492934121595
765	-301.91356634281243
766	-306.95116640969144
767	-308.63965656972266
768	-302.5849036725224
769	-304.14034494716833
770	-307.4904336964063
771	-306.87666314705166
772	-303.21049082507045
773	-301.35286430690263
774	-304.108966339181
775	-303.8557607154102
776	-297.59376182383465
777	-304.197738583047
778	-299.6785618355034
779	-304.6543341639113
780	-308.0293089882658
781	-306.38892640179847
782	-300.71586338075724
783	-305.4449907031196
784	-310.0044415955448
785	-301.3881466942435
786	-303.71810000012647
787	-303.60461444453784
788	-306.18479867186375
789	-310.65238891554367
790	-309.8611226648308
791	-306.1824993754926
792	-311.49665744583916
793	-303.47114095259553
794	-306.11903150347933
795	-305.10854659047953
796	-302.8885000000001
797	-301.74840319076037
798	-300.0305582134907
799	-304.2976471634553
800	-299.01308000470283
801	-299.2148046162147
802	-304.26014847572446
803	-303.09865784840247
804	-307.04202567883726
805	-307.786119201286
806	-305.77681725073984
807	-302.70013012900057
808	-301.714527150078
809	-306.8231751881655
810	-307.78009473728923
811	-309.8188306224724
812	-312.21354410016806
813	-304.8068373262515
814	-300.92754135532596
815	-300.0641244343387
816	-308.4254495622121
817	-299.5340307765246
818	-304.98433306767237
819	-299.22392861581886
820	-299.69607956147144
821	-303.95763279122394
822	-303.27952350369446
823	-311.8502210800493
824	-308.0043208936679
825	-301.21363220197014
826	-305.2210200933131
827	-300.0224000005518
828	-303.07705811644684
829	-308.3242975146212
830	-302.6059142484827
831	-305.9674727987159
832	-303.5251202647619
833	-300.20486760542553
834	-300.35711768401995
835	-310.16946021805757
836	-299.3700616543884
837	-300.1698622698105
838	-299.5335365709636
839	-305.9387222890833
840	-310.87575676140915
841	-309.67413231816715
842	-305.4591803923706
843	-304.8151413684656
844	-297.79600000133445
845	-306.28690441065413
846	-306.3825746166777
847	-295.66409494054886
848	-301.0110017840385
849	-302.0607417586821
850	-303.9034841622921
851	-307.80465968000976
852	-295.6688000000001
853	-304.1251378968169
854	-303.3220744998182
855	-309.2211135381659
856	-300.53841541378364
857	-302.6888521228436
858	-299.3341088898397
859	-297.91055150621054
860	-305.4419652458752
861	-299.92020388005665
862	-305.2024170585127
863	-298.9883804210459
864	-309.2403609345841
865	-302.738322737974
866	-304.97750084719
867	-304.29932562758796
868	-306.57256206940747
869	-305.87620003248827
870	-307.280554858483
871	-305.8729000410743
872	-301.2527461865945
873	-306.5788146648774
874	-305.7643660118926
875	-304.61479370484875
876	-305.13349617807114
877	-298.35438131341965
878	-298.8139700143034
879	-303.6691092058912
880	-301.6950597558608
881	-303.83351566796813
882	-309.8410835124411
883	-304.89212218753255
884	-309.5500331700434
885	-301.75021832572855
886	-306.885944627277
887	-301.27022254826636
888	-301.2322955230165
889	-304.53194006009096
890	-303.13429629727773
891	-302.92790679059937
892	-303.10173146361524
893	-303.94969828717274
894	-303.84575126584673
895	-302.7229432233297
896	-299.3537751114672
897	-298.4907942101302
898	-305.2635001982843
899	-308.1608746526652
900	-307.24986406725213
901	-305.6228531084473
902	-297.68904673215656
903	-311.4076423402274
904	-307.23424453745815
905	-306.4749794617331
906	-302.11598659810403
907	-301.47873282216773
908	-302.5204744573459
909	-296.20131958757884
910	-304.25669692786823
911	-302.71210086831474
912	-301.8134667202716
913	-299.8529414600651
914	-293.34423649293166
915	-304.8205544984354
916	-305.751354319491
917	-307.8613836006706
918	-300.22007146232727
919	-305.05051456316755
920	-300.04873067422284
921	-307.46443882647685
922	-303.77208090079426
923	-307.73262651205727
924	-305.54861699113155
925	-302.32503130564294
926	-306.4227996807129
927	-299.7371697368296
928	-302.09095451268263
929	-306.3337877517611
930	-308.0482045931219
931	-310.27001771708615
932	-303.52689247888924
933	-301.3472125563985
934	-298.92517353575045
935	-298.2128025098056
936	-306.5472998524589
937	-306.37393530003817
938	-302.5468
939	-296.3051410709304
940	-299.6430418919633
941	-307.2391952900295
942	-306.31509099001255
943	-299.9811243828853
944	-305.1391780394699
945	-310.06763797247106
946	-301.563038488975
947	-306.04063837674147
948	-308.28858783960794
949	-300.89008290928797
950	-297.0271326284026
951	-308.2396145604902
952	-298.4316071550268
953	-296.7730201729755
954	-310.9490729541811
955	-306.7923789778754
956	-296.02691644609797
957	-306.6551861463051
958	-303.82052596557895
959	-303.67723349748803
960	-306.9328652925448
961	-301.5175707377011
962	-305.4703388777567
963	-304.86088651057787
964	-305.50069096907873
965	-306.7558255890764
966	-301.2840561427881
967	-304.4419794214128
968	-304.1447736030048
969	-302.46236429604807
970	-297.4592202906691
971	-303.4894709487065
972	-307.612832422767
973	-307.5091053487575
974	-309.9977816589941
975	-295.74370003757645
976	-308.895418257296
977	-298.6696625006938
978	-306.0529581948961
979	-300.17608281309975
980	-302.95183877742716
981	-308.61199271052374
982	-306.41590596477255
983	-308.88920666710925
984	-312.6200083729696
985	-305.13853920388334
986	-308.0487020931845
987	-300.376378921074
988	-305.5057763912214
989	-306.19426085552385
990	-308.2887939805679
991	-305.7651953849302
992	-305.69215790500186
993	-300.9997269359097
994	-303.5039561353766
995	-305.4118936750881
996	-304.33191197062695
997	-305.5788442707663
998	-306.77009749745235
999	-304.4195325403628
1000	-308.01737696468075
1001	-301.9146596441953
1002	-304.7857790493509
1003	-313.5410355208501
1004	-302.8995379713424
1005	-307.9628050841146
1006	-304.4805765374079
1007	-302.3921417813775
1008	-307.98997697823927
1009	-303.8356689278152
1010	-304.2125854351689
1011	-301.95927069183136
1012	-305.5074087942343
1013	-309.0768812209361
1014	-304.4544453825036
1015	-300.5332231263733
1016	-306.60382520544215
1017	-306.3671073317615
1018	-310.5593264729644
1019	-309.11472223788394
1020	-304.61012174673704
1021	-305.27581819109247
1022	-303.9492232427233
1023	-304.9781615370928
1024	-303.2268651234346
1025	-301.7040646149717
1026	-308.3495637980668
1027	-303.365880120354
1028	-301.3602557961563
1029	-303.27640671259246
1030	-304.52011843613155
1031	-301.77543807097567
1032	-302.8150327258441
1033	-307.5267671389972
1034	-300.55790635229044
1035	-307.3153965521709
1036	-301.40563008578414
1037	-308.5655832747238
1038	-300.92755466750003
1039	-308.50904653649064
1040	-309.51930238175214
1041	-301.7882155698638
1042	-312.64142367003404
1043	-310.5686633484832
1044	-303.55176953266647
1045	-305.10916564544357
1046	-298.91310000000004
1047	-303.03329886451945
1048	-306.9359902660552
1049	-305.4300740675166
1050	-303.2304082735464
1051	-311.0353414087933
1052	-301.5404134025728
1053	-306.4312668430813
1054	-304.46260284014943
1055	-305.77183264726926
1056	-305.4539789865752
1057	-300.6967866793776
1058	-297.733033217975
1059	-300.158799597324
1060	-297.55910692335954
1061	-298.10665004723575
1062	-299.0874224733375
1063	-307.7468584458814
1064	-298.75680676938987
1065	-307.4285924540476
1066	-308.45191070991126
1067	-304.60718365776097
1068	-306.86097164573994
1069	-304.65062693254526
1070	-307.51796927718146
1071	-301.8231141251498
1072	-306.3865054398673
1073	-307.8315917698954
1074	-299.60092884444794
1075	-305.703594713431
1076	-306.9628556087204
1077	-307.7398315689235
1078	-303.2606445289195
1079	-302.08692139027085
1080	-296.47325819572313
1081	-301.88200000000006
1082	-303.25610000012125
1083	-302.84167774200256
1084	-295.0071305649439
1085	-303.7393716690965
1086	-300.96867868558905
1087	-298.36106244363623
1088	-295.91345173999554
1089	-299.73104926134226
1090	-301.3780426379223
1091	-295.9712795555972
1092	-297.9774309585709
1093	-305.4786597197334
1094	-297.93099410161517
1095	-298.56340336144103
1096	-302.2203458563303
1097	-307.88492355839816
1098	-302.1306498316442
1099	-304.0589914031688
1100	-307.1976482539552
1101	-306.2289960319332
1102	-310.25661153017603
1103	-306.6125708597626
1104	-306.3986910624144
1105	-301.47967518656446
1106	-299.35677790851696
1107	-305.09086032463205
1108	-297.79727089877713
1109	-303.2413595016887
1110	-308.47351360197314
1111	-304.5907209672394
1112	-307.408738005007
1113	-292.37185910198406
1114	-304.40613209687166
1115	-303.8128618069891
1116	-306.03871716925937
1117	-308.9293926580784
1118	-296.1776509738205
1119	-309.3162931880906
1120	-305.244487550119
1121	-300.63082672901805
1122	-303.55066114341923
1123	-305.135510459981
1124	-301.64047769774095
1125	-304.4913967501199
1126	-296.24850294257084
1127	-305.40994764486913
1128	-301.5084000279924
1129	-300.4946000227962
1130	-305.15954932961364
1131	-309.33678667327337
1132	-299.38145357403766
1133	-298.1724967517948
1134	-291.19130000038194
1135	-299.2573842939227
1136	-304.3981382462393
1137	-308.12844703369694
1138	-302.9647791858322
1139	-304.96208167774785
1140	-304.2026053296405
1141	-300.02822547357033
1142	-298.97100000000046
1143	-312.98017134329586
1144	-299.9457546133611
1145	-305.40190005509527
1146	-302.3946577106074
1147	-309.373456658261
1148	-306.17663765709926
1149	-301.31566322464056
1150	-309.7100333280477
1151	-301.3636024521241
1152	-303.8240355117169
1153	-297.07534328594886
1154	-305.62526960794077
1155	-303.48019751373863
1156	-301.9386197451562
1157	-307.7549071178753
1158	-309.902474293
1159	-300.98329000273515
1160	-300.99672142022024
1161	-308.65327719484026
1162	-299.07504380985444
1163	-307.67275609968004
1164	-304.98961259958736
1165	-301.3652127754233
1166	-300.26076454140303
1167	-302.44970004675923
1168	-308.98573565856447
1169	-297.9457771116406
1170	-302.76764836649016
1171	-301.7176611918084
1172	-310.09883035776426
1173	-307.24807327286953
1174	-298.4973454414005
1175	-294.24138365621656
1176	-301.8522409606901
1177	-304.42757872738844
1178	-303.6089881577456
1179	-306.71359925821247
1180	-303.6424076481109
1181	-303.5435777937642
1182	-304.80081087819514
1183	-303.45934990006407
1184	-302.7983852912038
1185	-299.708668419666
1186	-304.8526346828845
1187	-300.83333977629775
1188	-305.4694223808424
1189	-308.3790203080323
1190	-296.17876201737766
1191	-307.0212032073989
1192	-306.59532333505103
1193	-307.75306135361444
1194	-306.412563169538
1195	-301.03258977432733
1196	-303.25595941131365
1197	-302.7826744120077
1198	-303.2817340152362
1199	-295.9625803884351
1200	-290.7025541044863
1201	-304.57474814269773
1202	-296.82390000326717
1203	-306.83969502359565
1204	-302.89505508922934
1205	-304.05928757226116
1206	-299.6178009289287
1207	-301.4031320028293
1208	-296.5974482102664
1209	-304.0543253500971
1210	-296.7029001401043
1211	-304.9781771759945
1212	-304.88172121151507
1213	-302.03115425328446
1214	-304.8686415008962
1215	-308.7961
1216	-304.8823668510819
1217	-303.79307115881363
1218	-300.9223640648286
1219	-304.40842898587346
1220	-302.80522064252654
1221	-304.2184443025657
1222	-310.4321303784068
1223	-312.15200399734323
1224	-304.947632059724
1225	-301.4537129384911
1226	-304.7768062968824
1227	-302.62208846390416
1228	-305.6165204440494
1229	-298.7288845103397
1230	-306.5985049321795
1231	-303.41826331277997
1232	-302.6942933528514
1233	-294.26346886488756
1234	-300.0261740225747
1235	-305.4334478159365
1236	-302.8399858959074
1237	-303.8170979446553
1238	-310.8185489514417
1239	-305.95386188242816
1240	-308.56145153456686
1241	-299.94426394261006
1242	-303.40998725155487
1243	-299.2599
1244	-306.1877680819499
1245	-303.12773946877013
1246	-310.3391018846467
1247	-301.452956379296
1248	-307.4475227545442
1249	-305.80719715109484
1250	-304.86850000447123
1251	-301.2140294605699
1252	-304.63871688636914
1253	-300.3382647373522
1254	-305.0483544114076
1255	-300.1343665522202
1256	-300.01234917119297
1257	-308.6092878628912
1258	-307.3783726189725
1259	-302.3293281012422
1260	-307.84053430776
1261	-302.4806950800522
1262	-301.76670078784525
1263	-302.719831662003
1264	-309.17107079175844
1265	-305.2623781831068
1266	-306.1813368278074
1267	-307.806185520537
1268	-309.34066802649744
1269	-301.71652320805396
1270	-306.1393700656657
1271	-298.4783000444908
1272	-308.93928066910365
1273	-304.1206126590671
1274	-297.3067045531471
1275	-304.1751084903174
1276	-304.0712998820149
1277	-307.07434622215976
1278	-306.2916264272362
1279	-296.2838000171273
1280	-303.96322628311555
1281	-304.3536734402439
1282	-299.1139734875114
1283	-311.7178577652022
1284	-305.9140921777356
1285	-306.6186230081217
1286	-304.7816565191376
1287	-301.16833055386905
1288	-309.5863387106406
1289	-305.50919878819104
1290	-306.3190839644691
1291	-309.2963911946092
1292	-304.7448109660344
1293	-301.1246417499633
1294	-293.5954458464448
1295	-299.39715784229253
1296	-299.35222216178124
1297	-298.098393749749
1298	-305.33404366178445
1299	-302.8032863270232
1300	-304.7890563765635
1301	-307.8587882496517
1302	-305.0002873041947
1303	-305.9490775272394
1304	-305.0831190566254
1305	-300.96481414399403
1306	-307.45379501561393
1307	-305.5783513931287
1308	-296.17915720901783
1309	-299.4534448956109
1310	-306.55529461085547
1311	-303.4032191219001
1312	-304.262819260254
1313	-305.7299371540878
1314	-297.944150146455
1315	-303.9740077687598
1316	-300.91459869863144
1317	-310.6018487110557
1318	-304.86415498489976
1319	-310.8419127502933
1320	-308.6254067816892
1321	-296.649930141353
1322	-305.55208160030946
1323	-299.60965646198196
1324	-303.7656105363414
1325	-303.0697285348386
1326	-301.42641101227207
1327	-301.51474513798854
1328	-304.0900192915713
1329	-304.8911947923023
1330	-302.74651887126396
1331	-305.5097821372169
1332	-309.19805264215813
1333	-306.0120207779791
1334	-305.4017630210413
1335	-305.72887127994545
1336	-309.1671417617639
1337	-305.7671191157309
1338	-302.9366580018653
1339	-308.63935218213635
1340	-296.60676697041475
1341	-301.69250134871123
1342	-298.7053958179417
1343	-302.97055592551004
1344	-304.9245676310747
1345	-300.3615367759365
1346	-308.5129625681772
1347	-300.727814407108
1348	-306.1077413452797
1349	-304.99296260499574
1350	-298.9041093480277
1351	-305.54780000019633
1352	-300.75919534470063
1353	-307.41867245548553
1354	-301.0073454314052
1355	-301.875372964625
1356	-304.4033308522392
1357	-304.22379500739214
1358	-304.90016100940295
1359	-303.96750905273166
1360	-301.6708433371717
1361	-303.68613947735986
1362	-303.88727104250637
1363	-303.9016153113882
1364	-302.49344547354065
1365	-307.9410877634019
1366	-306.89499181683345
1367	-309.7768403427538
1368	-306.96165775815524
1369	-300.34321858202685
1370	-307.7601433417535
1371	-301.3886354491366
1372	-309.25105415450463
1373	-300.866963897265
1374	-312.68194611990367
1375	-299.41642153607825
1376	-305.5214901163105
1377	-311.2757641243097
1378	-295.65587429240793
1379	-299.35279564177256
1380	-305.07427775885196
1381	-297.1311273178184
1382	-311.2524391824948
1383	-309.74994447845995
1384	-305.42555406037667
1385	-303.82808520943684
1386	-301.02089576625036
1387	-302.40433264416777
1388	-309.9856062572495
1389	-298.4794791188284
1390	-307.9793346615196
1391	-304.13471502240463
1392	-303.5800763811066
1393	-307.06828765235133
1394	-304.27533443188935
1395	-301.6354531527779
1396	-308.4384989718333
1397	-310.8291546866154
1398	-297.43691480805455
1399	-301.28151973779165
1400	-306.4286518142274
1401	-305.9287836225501
1402	-297.409806585749
1403	-308.14878741740597
1404	-302.85425012755275
1405	-310.6715921062758
1406	-309.34421663088074
1407	-304.35054027581026
1408	-306.1700820383909
1409	-304.91955546758453
1410	-299.82969455386336
1411	-304.04315794390726
1412	-309.7082806440306
1413	-305.10180889474606
1414	-307.1817621174283
1415	-298.98352113061344
1416	-307.2540377131029
1417	-299.8716312235449
1418	-308.4877632448041
1419	-311.59895143792386
1420	-305.59063457608903
1421	-305.1516742400029
1422	-309.15972778987793
1423	-299.7094918220927
1424	-304.0788621521171
1425	-296.69247853877994
1426	-303.6093376695857
1427	-310.5549891904961
1428	-297.8538051653058
1429	-307.09515067267955
1430	-310.7718406919203
1431	-303.41090590166414
1432	-304.1059023781388
1433	-305.4725111241796
1434	-306.0536973669763
1435	-310.9454569632127
1436	-301.5523923596962
1437	-309.4535882772722
1438	-311.64116483522673
1439	-308.1979739536169
1440	-309.4475177471527
1441	-308.71708109468693
1442	-307.3897457436074
1443	-308.3310266165503
1444	-304.27978511011895
1445	-306.1057581432002
1446	-307.1395901382233
1447	-301.72420258614653
1448	-309.94014231385336
1449	-310.68750583408666
1450	-312.40375450807505
1451	-310.1147505607086
1452	-307.1741394889915
1453	-299.79329149848934
1454	-310.6784275217205
1455	-310.4290161145755
1456	-307.8539866548255
1457	-305.7709757716928
1458	-305.7471917834675
1459	-305.334368392906
1460	-308.8161458254449
1461	-302.345022301297
1462	-310.7161337422292
1463	-310.95974087499826
1464	-301.6477937204314
1465	-300.75022606760456
1466	-306.56334419236293
1467	-307.7551157527597
1468	-301.1110877846779
1469	-308.0636170951011
1470	-302.1003839089355
1471	-310.6624722571369
1472	-304.43174973653305
1473	-305.3059743100967
1474	-308.2270323523751
1475	-309.48127336791725
1476	-306.87654706687226
1477	-312.05222047301515
1478	-308.4495932312014
1479	-308.5827813346973
1480	-304.49641466723
1481	-307.5470063752995
1482	-306.77281298179014
1483	-304.7216477058165
1484	-305.7899422911717
1485	-298.9315685953407
1486	-305.2875816618572
1487	-308.5762086030184
1488	-306.1014190328059
1489	-304.9931968229597
1490	-306.4496271167526
1491	-304.6105219054482
1492	-306.52888186330586
1493	-304.7446567737594
1494	-304.11754430966903
1495	-302.51931203489636
1496	-313.8558840466803
1497	-299.66593285373716
1498	-303.4855661945139
1499	-307.7946786167645
1500	-307.8809523658548
1501	-305.3018096338792
1502	-303.1427920639421
1503	-298.5844759009496
1504	-298.92552726140167
1505	-299.9074406651788
1506	-304.1969581010263
1507	-303.413801728492
1508	-308.20226038663174
1509	-308.21936558938995
1510	-307.5887560876649
1511	-309.0326172935558
1512	-307.9916586233223
1513	-304.80743731305415
1514	-300.98369478615825
1515	-301.8246818866596
1516	-306.762870088735
1517	-304.89586040992293
1518	-312.0143888946409
1519	-314.90271615358336
1520	-313.15492696958967
1521	-310.963975761732
1522	-308.80544777650005
1523	-302.63744902937054
1524	-310.7202827198106
1525	-307.7820374100592
1526	-307.0158174497363
1527	-301.76632664506093
1528	-308.59136911582874
1529	-309.04212554034194
1530	-307.6603891573089
1531	-309.3910990846703
1532	-307.0760715712071
1533	-309.9208773521589
1534	-303.91949444427627
1535	-309.97967733788965
1536	-304.35323865221716
1537	-311.50447084434154
1538	-306.2167011776429
1539	-303.2477618644635
1540	-303.83652772394123
1541	-302.3739166857965
1542	-310.10421321336185
1543	-303.78346824123145
1544	-303.79283169404084
1545	-303.5887411520985
1546	-298.72042524897176
1547	-303.13888826930827
1548	-307.2340041330995
1549	-305.58084137132636
1550	-305.0141719874845
1551	-309.06277781498176
1552	-302.79936435225324
1553	-302.6339929420463
1554	-308.5198136049609
1555	-312.67241858325144
1556	-310.19859037180225
1557	-299.3826208005827
1558	-308.6477730664716
1559	-301.77706029732377
1560	-307.479831890685
1561	-300.7945762782177
1562	-303.9686678578975
1563	-309.3157454335255
1564	-304.51444177843837
1565	-307.8710858170041
1566	-309.50525645389786
1567	-306.29142543954396
1568	-302.93245661272937
1569	-313.2621227252179
1570	-297.2866257538276
1571	-306.3455856150685
1572	-300.6810608940665
1573	-298.86526000954217
1574	-305.5526062487191
1575	-309.39304232387303
1576	-310.83763480836626
1577	-306.08889002386934
1578	-306.71069716883767
1579	-306.83021157169406
1580	-300.37002526909555
1581	-311.98048151356573
1582	-312.7913422491507
1583	-306.7165543573737
1584	-309.9662293305328
1585	-309.19837203905263
1586	-304.3033186007827
1587	-309.4198297564378
1588	-309.7211007751596
1589	-305.4326457916623
1590	-304.45359264285446
1591	-306.9489080225674
1592	-305.22094462815
1593	-304.822301031439
1594	-304.7652844150676
1595	-309.0044135097058
1596	-312.2429177498388
1597	-309.8253210040938
1598	-298.81718708835115
1599	-302.8459152308538
1600	-309.8058570856498
1601	-308.22668430999977
1602	-313.99900116043017
1603	-315.7841058032175
1604	-304.23501792491555
1605	-304.8333090633233
1606	-303.2016512879673
1607	-305.535822220935
1608	-296.7280629805135
1609	-306.4951384601914
1610	-309.0439201399791
1611	-301.2451539013467
1612	-302.970255416082
1613	-298.73268712164923
1614	-312.89419613865704
1615	-309.0414110494911
1616	-310.7399434338663
1617	-302.7081386326067
1618	-304.13590751926114
1619	-301.711074122318
1620	-305.84920055210426
1621	-308.2028114843349
1622	-309.2421657247743
1623	-303.26758555739394
1624	-300.52480624030784
1625	-305.63927138628185
1626	-311.9767678118833
1627	-307.4958552896457
1628	-301.7702706090449
1629	-300.80367961750903
1630	-307.1298206447236
1631	-305.3752220299049
1632	-310.84213525270394
1633	-311.45403512577514
1634	-299.44726010670314
1635	-306.12572163652726
1636	-305.0528465866738
1637	-307.58488981106154
1638	-302.15399336999246
1639	-301.399084326514
1640	-307.1826842093608
1641	-306.32408785413696
1642	-303.0976508952431
1643	-303.43332900808736
1644	-301.8837624286062
1645	-300.5497506504411
1646	-305.3675666353032
1647	-300.74960896953036
1648	-309.30746046478436
1649	-310.48506415809237
1650	-304.6823323708594
1651	-305.80011057177046
1652	-304.9113180680894
1653	-305.87044725070325
1654	-303.4838939052116
1655	-308.0658950221819
1656	-303.0074250807144
1657	-314.14272877104935
1658	-308.3889630931036
1659	-303.8867801156756
1660	-302.99516127328786
1661	-305.3900308194097
1662	-307.2665924716174
1663	-300.77497172604234
1664	-308.47721790740854
1665	-305.02558172021594
1666	-306.86794865271895
1667	-309.75811344808045
1668	-307.48344906648475
1669	-306.90665455791805
1670	-304.86533647860426
1671	-301.3897113859553
1672	-308.4271012661785
1673	-305.9262764277326
1674	-306.6294747008578
1675	-300.3742348702268
1676	-304.79725599239947
1677	-309.7814621569334
1678	-310.11586862847525
1679	-307.8563356176144
1680	-308.85622634217765
1681	-302.5011038764234
1682	-311.1551844969623
1683	-311.3732188995901
1684	-304.52394635392676
1685	-302.929332449536
1686	-309.2261944460173
1687	-307.31818319783844
1688	-303.0087178489136
1689	-306.36552675652945
1690	-303.73866725841174
1691	-302.8814592945041
1692	-305.42936826628005
1693	-301.6233035077575
1694	-305.31170622264347
1695	-308.10596433270416
1696	-302.6485857308818
1697	-304.0957724008896
1698	-310.3526492590002
1699	-311.97851413214613
1700	-309.41700206210186
1701	-307.4315618839118
1702	-299.8930497656069
1703	-306.11365467103417
1704	-307.5770955074631
1705	-309.8939923571403
1706	-302.6864966522238
1707	-311.4319067997301
1708	-304.3055451962769
1709	-302.94925379604985
1710	-310.03075772749366
1711	-307.43117311736154
1712	-305.16763224313473
1713	-301.9024026041121
1714	-303.76415501330155
1715	-300.0012565869774
1716	-310.3976223832827
1717	-302.79068206423307
1718	-298.16478316265574
1719	-304.3957785228994
1720	-305.11279577060134
1721	-301.8083171297486
1722	-306.27784336939254
1723	-298.4540905360018
1724	-297.1618998591146
1725	-306.34936497286077
1726	-298.51625063303396
1727	-298.29884558615134
1728	-299.2132344674205
1729	-305.4786742751658
1730	-301.0087399904015
1731	-302.41288131126754
1732	-306.3297289423442
1733	-308.77679359029156
1734	-310.30199436147547
1735	-307.4379053241185
1736	-303.18752062681705
1737	-310.9003088291497
1738	-300.060941576485
1739	-300.7766482322473
1740	-305.27700275998336
1741	-302.88875694060994
1742	-304.76921359769005
1743	-306.65625094043673
1744	-301.9866349429758
1745	-306.9104078588679
1746	-306.3697434271551
1747	-310.5156377760527
1748	-303.4920971668916
1749	-299.2777518120213
1750	-309.1232922239073
1751	-309.4823685442152
1752	-308.3012172539404
1753	-302.65289507270825
1754	-303.1548177825
1755	-304.19421087408244
1756	-308.23536209075115
1757	-302.00686058686676
1758	-310.60678485106314
1759	-309.38478072145574
1760	-306.0369131821957
1761	-310.7071335221295
1762	-301.42165757846965
1763	-301.38422001544586
1764	-296.0984519385608
1765	-299.458057516681
1766	-302.63415929516043
1767	-301.1616072627184
1768	-307.24392658108513
1769	-307.64662495150964
1770	-306.12262434690587
1771	-305.5377370978635
1772	-305.0571833020377
1773	-304.96051391977977
1774	-301.91930446256737
1775	-303.7708086380649
1776	-307.93938896989084
1777	-304.58148571204856
1778	-306.1735649753581
1779	-303.6465945589566
1780	-299.0423803687044
1781	-306.78423666931025
1782	-305.6231720337315
1783	-304.46002285980364
1784	-305.0431365594012
1785	-303.83870011791527
1786	-311.10112197530856
1787	-304.4485717221866
1788	-305.45203091050035
1789	-300.86617165350486
1790	-307.52778672951644
1791	-306.00799773443066
1792	-299.60666467167135
1793	-312.00424219684817
1794	-309.5121609786534
1795	-305.9186829639639
1796	-308.1748075712862
1797	-307.14524807117715
1798	-310.4652649460462
1799	-311.4503715218867
1800	-304.7355312051802
1801	-308.7484858279319
1802	-306.27366757295863
1803	-307.56596880758167
1804	-309.1898866583244
1805	-309.59249209639097
1806	-311.89129068252277
1807	-311.6474220899188
1808	-306.19535794398166
1809	-312.09677976887974
1810	-311.48215003836305
1811	-306.4343321231019
1812	-311.8629809498005
1813	-311.72045072662604
1814	-303.49522844273184
1815	-302.49076451554777
1816	-302.8192193925346
1817	-307.07519915910206
1818	-311.92839967033166
1819	-312.4952835273851
1820	-307.522340922203
1821	-306.49381551333124
1822	-307.6275640208665
1823	-308.1254912967473
1824	-311.91101807858365
1825	-307.14407030183725
1826	-306.7958875034077
1827	-307.54729720304334
1828	-307.3405372470657
1829	-305.8107470780101
1830	-307.6243483823294
1831	-308.62158379716476
1832	-304.3040734735439
1833	-303.40319945588215
1834	-310.4695675067818
1835	-304.3147022868953
1836	-310.394645508091
1837	-309.73430130040845
1838	-308.0574980896669
1839	-306.8847242940172
1840	-305.4546873852511
1841	-298.8093136311171
1842	-306.3575881171132
1843	-303.8928673402218
1844	-310.35677386687547
1845	-305.17872730436613
1846	-313.613303835123
1847	-307.55805673112354
1848	-308.4353461876427
1849	-306.998420447599
1850	-308.40717567264767
1851	-313.9272069516195
1852	-308.76843021609386
1853	-310.7251485274006
1854	-308.0403284674448
1855	-311.1172650243864
1856	-309.077641152603
1857	-307.8019889935044
1858	-308.02574348782275
1859	-307.8533179642065
1860	-310.07730114506614
1861	-308.29538107680526
1862	-311.13212153635715
1863	-307.2994010124186
1864	-306.39963056675833
1865	-307.76575141679444
1866	-303.3151891966263
1867	-296.4710162067248
1868	-301.62704426855606
1869	-302.63068715523195
1870	-306.4983143060622
1871	-303.7593029494898
1872	-304.49004916112546
1873	-306.6924789273428
1874	-310.1718374804215
1875	-304.467456577745
1876	-305.065787349398
1877	-307.0128277149713
1878	-302.6258971305311
1879	-312.82428120863415
1880	-309.454566903077
1881	-307.8729975685173
1882	-301.85476928391637
1883	-305.86497117247046
1884	-305.8085157098311
1885	-305.87099912739296
1886	-298.2362370041745
1887	-297.4958427477605
1888	-304.7276979243371
1889	-307.6662356406714
1890	-294.7245031588924
1891	-301.5993605773871
1892	-306.1219370744677
1893	-305.1642725448028
1894	-300.2722266135955
1895	-304.4090385980999
1896	-307.75685189567895
1897	-304.4795097787931
1898	-304.81671866090414
1899	-309.831888214803
1900	-302.0766605629767
1901	-300.60035056798085
1902	-298.59856561506683
1903	-306.9186224328982
1904	-303.25555663198935
1905	-303.204359042039
1906	-307.4851418676206
1907	-308.03568305229527
1908	-305.0688427428173
1909	-313.60931944607046
1910	-306.0615499201992
1911	-311.4941986340317
1912	-303.71185639561634
1913	-303.0608657011645
1914	-310.16128921835576
1915	-313.0174024956712
1916	-306.50490867309986
1917	-310.93200255959175
1918	-309.5460402016579
1919	-311.1633391313556
1920	-301.2210536594915
1921	-306.9621011406667
1922	-308.22565059802537
1923	-311.37836311658987
1924	-307.78262184254856
1925	-308.69195539338887
1926	-309.67638575036773
1927	-309.3809903052328
1928	-303.80518306323233
1929	-303.32337515679734
1930	-306.98758650139854
1931	-308.12211325319424
1932	-305.88946763911025
1933	-302.21164518516866
1934	-311.7564439859686
1935	-302.76997336706916
1936	-301.0370490634206
1937	-303.05328329165155
1938	-302.6379251675111
1939	-311.4624946885201
1940	-308.6727556893291
1941	-305.9716238515739
1942	-298.53753933483455
1943	-306.58520057465154
1944	-304.0919730681666
1945	-304.29493860459854
1946	-306.1715949731919
1947	-308.53286716808947
1948	-301.98012946316925
1949	-308.1108396138013
1950	-308.3006092390671
1951	-306.3380397933381
1952	-307.33127693114056
1953	-311.4072324531171
1954	-313.9422871534709
1955	-297.680042691475
1956	-299.6233480235431
1957	-311.2109779038392
1958	-309.3789975857279
1959	-301.3509108801407
1960	-303.3681658546462
1961	-312.2977568177294
1962	-311.05752075390177
1963	-310.37015277402656
1964	-309.5429791087346
1965	-308.7763704456427
1966	-306.60278194988155
1967	-309.855432563048
1968	-303.82425173912526
1969	-308.47550721527114
1970	-308.8209132704526
1971	-310.73323919705916
1972	-303.5952576319271
1973	-308.7561277396327
1974	-313.57611610668556
1975	-299.34649662414336
1976	-303.90293583920226
1977	-294.9762901372125
1978	-302.92788242947523
1979	-311.74045914476574
1980	-304.8446537655209
1981	-312.7039718725354
1982	-304.7715941284196
1983	-308.21131434946466
1984	-306.6963025847068
1985	-305.82093316560497
1986	-304.22864648111977
1987	-299.165267022525
1988	-308.3209326612465
1989	-300.3602960017161
1990	-302.45363846389904
1991	-304.8524673104862
1992	-305.26359731501884
1993	-303.76518567239316
1994	-303.93594152082943
1995	-313.7807805834933
1996	-311.3897975179144
1997	-302.2008533969624
1998	-302.4466950492453
1999	-312.1280607394234
2000	-302.24982291641203
2001	-299.9033934660717
2002	-306.521956773238
2003	-302.07551556409226
2004	-308.5620915650121
2005	-310.09722502740266
2006	-314.234867539453
2007	-309.6157583651808
2008	-305.73642137212187
2009	-309.52342912615137
2010	-296.2994552302754
2011	-307.5576690343018
2012	-304.2970896483438
2013	-309.4333155721508
2014	-309.6928322046792
2015	-310.01239323906657
2016	-303.9147158952291
2017	-304.91847183562834
2018	-312.3419369913491
2019	-307.93651484260596
2020	-310.19431760302575
2021	-306.56748409860313
2022	-297.18203003920206
2023	-306.1657573453055
2024	-308.24113572980684
2025	-300.79664910048996
2026	-308.5472822916628
2027	-300.89093765114194
2028	-297.7146799241504
2029	-307.57710445390614
2030	-303.70934369270935
2031	-296.8147521024276
2032	-309.0070239203942
2033	-303.6062610923483
2034	-302.5255138622167
2035	-306.896485488774
2036	-307.83657452272405
2037	-306.80576544964555
2038	-297.3014777980854
2039	-304.12308429313515
2040	-298.11948070174793
2041	-297.9673
2042	-300.5827829783022
2043	-310.6633111055245
2044	-307.7438605341042
2045	-304.10240360118
2046	-305.199545092652
2047	-309.38462791075267
2048	-306.78525946554873
2049	-306.74387962996985
2050	-304.75725580373376
2051	-310.00203694581836
2052	-305.8235542159706
2053	-308.79012292375944
2054	-307.38934513767475
2055	-307.58276876216786
2056	-303.9850675501698
2057	-300.7738504908043
2058	-312.2451622573249
2059	-304.0333153321164
2060	-308.20668986975306
2061	-305.17504863186895
2062	-312.7079146900265
2063	-307.43207368974106
2064	-305.0695083470307
2065	-310.4493390351277
2066	-307.0552588364751
2067	-308.72368896572567
2068	-305.4201278814889
2069	-306.6907000278399
2070	-307.6968029328622
2071	-302.49043060914954
2072	-311.25929517060234
2073	-298.0488239201474
2074	-301.50103410051935
2075	-300.70965666718456
2076	-303.02209018487486
2077	-301.12607226254534
2078	-305.0295050111572
2079	-313.25950250207734
2080	-308.451903356379
2081	-298.3179874153201
2082	-302.65172403911635
2083	-308.6094415994908
2084	-304.979999622394
2085	-301.6166297275346
2086	-296.2890312950828
2087	-307.98095142237173
2088	-313.30417965118403
2089	-309.39136088123763
2090	-304.2435858097339
2091	-304.7120001039315
2092	-306.3899992931179
2093	-296.95938045880047
2094	-301.76485930442817
2095	-300.9054752239737
2096	-300.5929216543895
2097	-292.80930005382254
2098	-300.8194497007468
2099	-301.4634163132009
2100	-301.19530746171137
2101	-297.0514978813533
2102	-298.99534855499047
2103	-298.8643005967165
2104	-299.07636714080917
2105	-304.35492052977946
2106	-305.19720043771196
2107	-300.6285269592675
2108	-297.75443536034857
2109	-298.64491883151493
2110	-306.1235651465225
2111	-298.6626845370506
2112	-302.85770602468585
2113	-301.5327
2114	-303.3435832213694
2115	-300.85463174784593
2116	-299.9886516211375
2117	-306.8270172492138
2118	-301.3790909789221
2119	-301.114201244181
2120	-303.32080078017293
2121	-308.2520344023515
2122	-304.30906155066685
2123	-301.1933000478743
2124	-304.32097222785274
2125	-304.4002998594059
2126	-306.44545816057513
2127	-299.625338079956
2128	-303.63540166027406
2129	-298.451436467557
2130	-301.0132675954788
2131	-306.37909068225275
2132	-303.7480829491378
2133	-301.7665545128036
2134	-305.1999704577236
2135	-306.41960341541284
2136	-308.46462205001677
2137	-303.0963904095034
2138	-303.48187203062184
2139	-299.8397439745551
2140	-294.7030461871393
2141	-305.5743050872056
2142	-303.9708944892951
2143	-303.21243762366356
2144	-305.7746913467066
2145	-304.9107029698829
2146	-305.3438669708665
2147	-301.2166583786933
2148	-306.71941822250534
2149	-300.93571133621464
2150	-306.4960236614199
2151	-304.7043705389293
2152	-302.1733475756937
2153	-297.88450351540666
2154	-303.0221917615356
2155	-303.04997238609315
2156	-306.9131265729718
2157	-305.25352979424093
2158	-303.4256366717517
2159	-301.840470181523
2160	-308.8393492041945
2161	-303.01759024370534
2162	-304.4813913095023
2163	-301.66027110452114
2164	-305.11875325822217
2165	-305.58894567552994
2166	-305.55878523592344
2167	-303.66185380883803
2168	-301.29659917736666
2169	-306.7387160959895
2170	-301.4908512728023
2171	-304.4467933460724
2172	-299.8243230946277
2173	-299.5105934275037
2174	-301.1543234509401
2175	-308.4188828607811
2176	-305.98286693509937
2177	-307.3198512097502
2178	-301.22568709519356
2179	-307.7813602456971
2180	-306.9384767303184
2181	-302.15557475859464
2182	-306.0381438896619
2183	-305.40634078155887
2184	-295.13940104387115
2185	-301.13764636758566
2186	-305.48455315518555
2187	-312.0271249628452
2188	-305.7319902713317
2189	-309.121844459258
2190	-310.1449749706251
2191	-308.2987007179538
2192	-305.2484694375717
2193	-305.3056391819222
2194	-303.60916031977774
2195	-306.593018857438
2196	-305.998371232597
2197	-295.6831756546966
2198	-296.76825220815175
2199	-298.6405
2200	-306.8505029363375
2201	-304.54227184077655
2202	-302.24432815052995
2203	-303.3480681372713
2204	-302.31754503885725
2205	-305.72830631841083
2206	-302.1000808155109
2207	-306.426738157463
2208	-300.21721069507294
2209	-294.59612383774123
2210	-295.1362415951674
2211	-306.31739303156144
2212	-304.27444079718674
2213	-299.44825610694244
2214	-296.82537398708547
2215	-302.1736085060086
2216	-306.9396774386138
2217	-307.7187724874093
2218	-303.1809109452003
2219	-304.9846314709967
2220	-304.3676201622485
2221	-307.96932692654565
2222	-308.1540489811077
2223	-299.8282468731136
2224	-309.84476732741996
2225	-304.9892195107036
2226	-300.3925873105719
2227	-297.0778020732103
2228	-302.7160359773109
2229	-300.3188151393209
2230	-304.61716406457697
2231	-308.6616554388598
2232	-308.3305472332512
2233	-300.1639932486644
2234	-302.15692611405694
2235	-305.1266229911367
2236	-302.5433947792644
2237	-296.53125224700824
2238	-298.3401455519202
2239	-297.2699122051268
2240	-307.7077904780072
2241	-300.30924061376396
2242	-299.11679002454395
2243	-301.5371789218169
2244	-302.7375718784084
2245	-302.05571852883145
2246	-301.5912446083208
2247	-304.7935895497051
2248	-302.4180112589074
2249	-303.36925666711926
2250	-303.65881635474693
2251	-306.075027308708
2252	-301.2440219657909
2253	-301.90628231812934
2254	-294.1126226304874
2255	-306.3902476576018
2256	-294.74036698932923
2257	-298.8877452094859
2258	-304.24280994082824
2259	-311.4472837545319
2260	-306.38574864527135
2261	-305.1440046577652
2262	-304.6099877081315
2263	-296.8500893829193
2264	-306.411762349039
2265	-303.056725760729
2266	-301.3668255626027
2267	-307.58153472782
2268	-302.08981891538485
2269	-306.1914912148869
2270	-298.05662528242067
2271	-294.80287497221667
2272	-302.2155275611409
2273	-306.97914526553603
2274	-304.2556194091321
2275	-304.0100518645755
2276	-302.19554181548654
2277	-308.34370723923416
2278	-300.1148542073854
2279	-304.7868447403272
2280	-301.78653361864514
2281	-300.22950403867986
2282	-300.1609194436401
2283	-299.97066686398
2284	-296.9046134659072
2285	-307.40571719941056
2286	-303.958248132189
2287	-305.7230616887763
2288	-304.6840928163614
2289	-303.28666823044733
2290	-303.09094207790616
2291	-301.7957431294916
2292	-311.2799773097467
2293	-303.9539869021016
2294	-308.4560416590149
2295	-300.48990000000003
2296	-303.692906796993
2297	-302.24201341413834
2298	-303.1613068878415
2299	-305.45190869064425
2300	-302.09510889713687
2301	-311.13294930448035
2302	-303.04674831320955
2303	-305.5449617874391
2304	-296.8813107251975
2305	-307.6840966796989
2306	-308.1321696115593
2307	-301.9324746846554
2308	-305.4462531281646
2309	-305.10710271801014
2310	-301.1046988774136
2311	-298.2146554247449
2312	-301.83872946315046
2313	-303.3927739272948
2314	-306.6820733798434
2315	-301.2031300597439
2316	-308.1787237411018
2317	-304.32964984764726
2318	-298.1743243199176
2319	-304.23833417922026
2320	-303.2499671501162
2321	-296.7442009868813
2322	-307.00232678343
2323	-305.1222994038466
2324	-302.1330112646959
2325	-306.54764580618473
2326	-304.94340741650126
2327	-304.63818618632797
2328	-304.9661049771603
2329	-306.2258557880734
2330	-301.87452198217636
2331	-302.5627264583269
2332	-309.20985330447354
2333	-306.3684692801838
2334	-302.9663626344439
2335	-296.48822454010684
2336	-306.09350708937365
2337	-304.55986191797945
2338	-303.83002270033285
2339	-299.2014413620557
2340	-302.0334686564836
2341	-300.68865772901756
2342	-296.6850297133775
2343	-302.0970589146364
2344	-299.23387065298925
2345	-305.86863716628255
2346	-304.37375947969014
2347	-300.9564879789133
2348	-296.48251917283244
2349	-308.6815264805964
2350	-302.533185486382
2351	-303.6242701283385
2352	-295.1984
2353	-297.24383779636264
2354	-302.51589109786295
2355	-303.47464826876796
2356	-301.37885056006087
2357	-304.8839090894439
2358	-306.2720123105495
2359	-303.1993335067346
2360	-303.83309420504116
2361	-305.72856291757745
2362	-297.0795004981131
2363	-305.34730025473965
2364	-300.9060519303948
2365	-301.2513858294839
2366	-301.95848436258194
2367	-302.5462871719942
2368	-302.20618034133827
2369	-303.0338621708753
2370	-304.30612130137365
2371	-306.3214
2372	-301.6596053933797
2373	-301.2774870519815
2374	-308.92983421133584
2375	-309.96119229540534
2376	-307.63769317727184
2377	-301.8477869130765
2378	-304.86979626268203
2379	-303.6722726381877
2380	-307.550767021319
2381	-303.3939989777269
2382	-306.69552744321334
2383	-308.19578444972177
2384	-303.090689238872
2385	-302.6890493901997
2386	-312.7310330639706
2387	-298.4296731009114
2388	-307.6397235093892
2389	-308.2465080145931
2390	-299.39134348771626
2391	-300.05188754853185
2392	-302.82593144334044
2393	-311.0020452446001
2394	-299.6345464043362
2395	-298.2138438527144
2396	-306.03030017000486
2397	-310.71119293890683
2398	-306.19400152731873
2399	-309.67853705350905
2400	-303.92544858055544
2401	-314.4873723411103
2402	-307.5244188309269
2403	-301.17550694901644
2404	-307.4590859384817
2405	-299.4852621447388
2406	-304.88838500677684
2407	-299.4518163367667
2408	-297.41193518161316
2409	-302.54156473711663
2410	-306.7162138430022
2411	-300.2030514240115
2412	-302.1542071933525
2413	-299.8128336192364
2414	-305.5211919211272
2415	-302.1311005673873
2416	-301.66418942871303
2417	-306.59671285267785
2418	-298.8311411898946
2419	-312.2144060737336
2420	-306.2224548019646
2421	-298.3865336272813
2422	-304.10896223014186
2423	-306.40059472781184
2424	-307.2766690454302
2425	-302.81655986080904
2426	-309.8546255105835
2427	-300.001288394202
2428	-304.4326375019805
2429	-301.42310368438734
2430	-307.47133369662816
2431	-308.8881668748381
2432	-300.12581733597995
2433	-308.94474618123456
2434	-300.6612315937076
2435	-303.3102536653939
2436	-304.96545944438714
2437	-308.3337748633734
2438	-304.52863091055957
2439	-299.8032133846257
2440	-298.0282708493391
2441	-300.9315728646251
2442	-312.8493927611627
2443	-304.29551646613146
2444	-304.3689149097453
2445	-302.0209466835792
2446	-309.2090374792552
2447	-305.1669391832
2448	-303.16644317053505
2449	-306.339957477445
2450	-306.93513872143865
2451	-301.79453302683163
2452	-309.7032754653099
2453	-305.02445154565606
2454	-310.8796253757684
2455	-306.83421245011886
2456	-306.98204879237755
2457	-305.9167158397663
2458	-304.73572688638916
2459	-305.9810084725063
2460	-304.95816097343635
2461	-307.7762075795586
2462	-306.8318630319348
2463	-307.01903918329714
2464	-310.8759483845364
2465	-300.15056169747265
2466	-306.237864001802
2467	-301.81917597568037
2468	-305.2869893362281
2469	-302.8891345233055
2470	-301.00794064527145
2471	-303.4590341205384
2472	-304.3918935493963
2473	-311.1906068797269
2474	-305.6200727401694
2475	-305.50011308194735
2476	-305.48847688240744
2477	-302.0747495122489
2478	-295.5949885560102
2479	-296.9191950142547
2480	-300.2817501527205
2481	-301.72698859280837
2482	-304.83014796155396
2483	-308.8842886463862
2484	-311.62212127123564
2485	-307.3915809997794
2486	-314.80884871296024
2487	-305.2070013513444
2488	-303.4624181704629
2489	-302.7658389700678
2490	-307.05391865328187
2491	-308.1382621151689
2492	-306.8842210466601
2493	-307.9288247017316
2494	-310.6520812314015
2495	-306.99950511539237
2496	-310.31741108362615
2497	-304.35602521779583
2498	-306.54636753804573
2499	-301.6776690702384
2500	-309.76246607066713
