1	-304.5648310821144
2	-298.7458153274659
3	-306.08792887448817
4	-300.2235364018937
5	-302.83541512089425
6	-310.9638767738008
7	-299.79642190646587
8	-310.19317095945104
9	-303.08169255954226
10	-308.6396588985442
11	-304.8890911977441
12	-310.7856954629887
13	-310.4263814821018
14	-310.30801414149903
15	-307.21493244377945
16	-306.4572380698203
17	-308.45170146994235
18	-301.8720537806797
19	-302.25258513602006
20	-308.2774391926844
21	-310.61530540728086
22	-299.0935021481445
23	-311.2615232020049
24	-306.96093206471625
25	-310.0495787447329
26	-306.57877764560703
27	-309.60536890838245
28	-303.473084759893
29	-312.5676274298287
30	-304.2639610331513
31	-306.99465833026414
32	-305.97846949957307
33	-303.83429467516237
34	-305.0898883654676
35	-304.45597485107095
36	-300.93887019841605
37	-307.33195328413916
38	-308.75595860341537
39	-303.6510461176235
40	-308.6858392473781
41	-305.4074359925651
42	-305.12804760331215
43	-309.73097108156213
44	-299.6718505102602
45	-299.9587688285387
46	-307.9638050776221
47	-303.31523766925574
48	-308.4323550508657
49	-309.3253770180722
50	-309.0597163262668
51	-310.96055533918053
52	-310.49950138511224
53	-301.51231186727415
54	-312.04615140751883
55	-299.6541624739614
56	-311.20229888618167
57	-305.75257837415035
58	-305.0960043240161
59	-306.74630429890584
60	-309.392655233809
61	-307.9948624050529
62	-308.0010298144034
63	-306.5117983957529
64	-307.0985379345537
65	-309.70109604563214
66	-304.0898474660865
67	-302.6981133712795
68	-309.24144144865534
69	-305.41166396962154
70	-298.82084091424565
71	-303.1223160692195
72	-307.11025358154717
73	-307.711983516106
74	-305.5564915075766
75	-310.09186041788956
76	-301.32928463487565
77	-301.0163707724262
78	-297.8344908955371
79	-303.861676797363
80	-303.7196872148372
81	-302.7060907322659
82	-301.74812410593614
83	-302.5671276382454
84	-301.8652347589934
85	-307.2308364494985
86	-309.92190741589206
87	-299.54304485284354
88	-301.778821958737
89	-307.9921287669933
90	-305.82291663801834
91	-313.255871763268
92	-301.15597215636853
93	-305.1514232051997
94	-308.0839233953062
95	-312.59338719843663
96	-313.14695176619006
97	-310.3420096638697
98	-306.4522823527223
99	-310.2832492646631
100	-308.0492133030001
101	-309.8485650447289
102	-300.0294427930686
103	-309.3646849806159
104	-312.99307558665726
105	-308.9857392547073
106	-303.63648708024203
107	-311.39579191739745
108	-305.48186222340496
109	-302.56558554951005
110	-302.22036376045
111	-313.0905989614159
112	-304.2844612787435
113	-310.50094822856164
114	-309.02102276905566
115	-307.51733486230455
116	-302.89407993207726
117	-307.68584234443307
118	-307.51824696265834
119	-309.22686232600205
120	-307.24220299201863
121	-305.7006739685981
122	-306.86591100806805
123	-313.2296483648341
124	-307.6252448921518
125	-315.1351453347512
126	-313.80474105989447
127	-308.1785251049354
128	-303.48470253584503
129	-303.1288239325413
130	-305.33735354260466
131	-305.8369289680376
132	-301.31084357689616
133	-305.4880119348907
134	-308.6779462285762
135	-311.6985802552596
136	-303.72802374072546
137	-297.34205944151654
138	-299.3434940749571
139	-307.5102855715922
140	-303.15960777808516
141	-303.55534697566276
142	-310.84433567209794
143	-304.93745111612327
144	-302.6347627349272
145	-307.4198849492841
146	-304.8671177695692
147	-308.4338632915708
148	-305.2916192769058
149	-309.8572134791981
150	-301.07720685468917
151	-307.14514706552023
152	-303.04869768187143
153	-303.48124393807745
154	-308.8155731643433
155	-305.17441742790646
156	-309.60068563405633
157	-306.0605742082663
158	-304.14362831974813
159	-309.42640940806564
160	-306.97801843700256
161	-304.38958265100104
162	-307.84378665918774
163	-304.19561434775136
164	-302.370446185119
165	-306.240203330422
166	-299.1200121024078
167	-303.13584701430955
168	-305.3816012745907
169	-301.0237065806608
170	-305.51720816556286
171	-302.29293904275977
172	-304.894983359932
173	-305.50244660510435
174	-306.9831346580097
175	-306.8263923055819
176	-308.69047174396434
177	-300.4000374114335
178	-311.4981138726622
179	-303.78503538893153
180	-307.5494298182825
181	-300.16800324061967
182	-305.90932235077634
183	-312.83367283418517
184	-303.43911204421164
185	-306.5481467967772
186	-302.2509834266628
187	-299.3557825909981
188	-307.0315239841403
189	-305.0949398848916
190	-300.8505607584408
191	-308.86211229626986
192	-306.3686376292315
193	-312.26722737082804
194	-303.804891334234
195	-302.07629022055227
196	-305.3545712362649
197	-307.6489444122526
198	-311.1812927201768
199	-304.39291070001616
200	-311.48264148899904
201	-305.9459929221779
202	-307.4458200317615
203	-304.4649761595711
204	-304.84699998700074
205	-305.34401204030684
206	-302.69534913498916
207	-303.2950710932377
208	-306.83577734560515
209	-297.32021152737985
210	-304.78151231262837
211	-309.51034393257095
212	-306.3456972555281
213	-308.6271088467488
214	-308.7048299892602
215	-306.53265815373356
216	-303.4386397782472
217	-307.2640951134622
218	-309.39036038212004
219	-307.00103165051223
220	-305.4890812454002
221	-309.8641183840484
222	-307.8931031132033
223	-307.54652270370303
224	-307.9583771511009
225	-307.8021671002527
226	-305.1652637780332
227	-309.1251928443566
228	-306.07450072530503
229	-301.80181507751814
230	-306.8569086381522
231	-298.8660688810581
232	-309.9219642170371
233	-310.17265096843084
234	-304.4122629894903
235	-304.8386982953301
236	-308.2295504641742
237	-302.3311865214555
238	-308.83258147473913
239	-304.21428456599284
240	-305.357892235345
241	-306.5414168597528
242	-306.5804882081604
243	-296.5362734801887
244	-304.0991161732954
245	-310.18948797126603
246	-302.88783984793804
247	-309.05885101203546
248	-305.0285535843385
249	-309.43251823404745
250	-305.5020640047774
251	-305.39702271468826
252	-308.8983951634076
253	-306.3416201907179
254	-308.9418040825734
255	-306.0721574351369
256	-302.89834161905355
257	-307.6832409330707
258	-305.71329358824823
259	-305.58698608119175
260	-304.02572090178825
261	-308.35351636119907
262	-299.6388050189745
263	-306.8522944551213
264	-299.9141101290606
265	-306.10721960170025
266	-304.0444856320498
267	-307.33137619337214
268	-308.91392594741404
269	-302.2185653816924
270	-301.45600618142674
271	-305.76223004295616
272	-308.43450780468754
273	-301.6281846334467
274	-307.109321488664
275	-304.59330651662816
276	-307.3761818620795
277	-306.03457389415235
278	-298.3215346449792
279	-306.48346370780627
280	-305.4745172074922
281	-306.0467474714
282	-297.6146963965533
283	-302.4123320495293
284	-303.17860168279196
285	-306.5376748438441
286	-307.0148469756896
287	-301.9105788025112
288	-301.69280790534896
289	-305.723420952276
290	-303.5717013766301
291	-305.3725060921403
292	-307.0572464721402
293	-311.27700392247135
294	-305.4621263012444
295	-306.6660332067007
296	-304.0405821786046
297	-309.0645173293699
298	-309.6329298515834
299	-304.1575691254387
300	-300.44219803122337
301	-303.0577097302412
302	-311.2006677366572
303	-310.5943280846183
304	-306.9356664941045
305	-311.58328399323926
306	-296.765705942404
307	-313.08159132947935
308	-300.5091602024962
309	-302.0967468581646
310	-308.0596767708158
311	-307.1670335316607
312	-306.95408116913234
313	-308.3788450504492
314	-307.47538356883405
315	-299.6398282140862
316	-305.39728420278203
317	-302.7282983153947
318	-305.8852011610429
319	-302.74387739688774
320	-306.77731923820244
321	-304.4999506805313
322	-303.43439461834737
323	-309.0198353110709
324	-300.3692429243856
325	-306.7860671449887
326	-309.68449632883727
327	-306.0496858716977
328	-301.36599286688886
329	-312.039592738582
330	-301.56301902139523
331	-304.38322944801723
332	-306.6281238221216
333	-299.1428111035588
334	-302.19318420799624
335	-305.05883868430175
336	-306.5499210944083
337	-303.53297991587954
338	-302.1090343578464
339	-307.3167185957403
340	-301.5937641341969
341	-301.2481367782013
342	-304.67362967089826
343	-298.6152317598391
344	-302.29202089117246
345	-297.4267570780331
346	-299.46807138890347
347	-306.1447839793341
348	-302.99211461082075
349	-306.13035052553386
350	-308.45274037843706
351	-302.68664953473484
352	-302.0430181425377
353	-308.80254568235466
354	-306.83378252147384
355	-306.979119157979
356	-310.8358682259387
357	-301.68845602759444
358	-304.5363535700447
359	-304.58437056830377
360	-301.09248470242255
361	-304.2196191924463
362	-310.11197944563065
363	-306.88810504006085
364	-311.8613151780454
365	-312.10496944910284
366	-310.2930289595881
367	-308.1912698385533
368	-310.84779250295935
369	-310.31553598142335
370	-303.44280244261984
371	-306.6669426427979
372	-309.70823946691945
373	-301.87331949095704
374	-304.50396593614596
375	-304.19333092411784
376	-307.1055965647262
377	-307.10633004339536
378	-304.50622380469576
379	-309.09865196693903
380	-301.08644702881736
381	-303.4676300199131
382	-304.63194669272684
383	-306.90093260596177
384	-301.4679194878992
385	-310.40414995231174
386	-311.2095509198336
387	-306.5814463751409
388	-311.24854717787827
389	-302.4091441592646
390	-304.4460904064415
391	-309.33345284296746
392	-304.76221101641204
393	-308.8241146679216
394	-303.5985818892798
395	-300.37092806167914
396	-296.34649935992206
397	-300.55900565640786
398	-306.73606271702835
399	-303.6495752232618
400	-302.7351215017099
401	-306.18977712993177
402	-302.97475839613435
403	-307.7997701083074
404	-305.34485050948206
405	-307.3785498488364
406	-307.4341348915685
407	-297.98126505026516
408	-309.36264092959783
409	-307.04589043883794
410	-308.17272290085214
411	-311.5769697220231
412	-304.8055659042727
413	-300.40274753297524
414	-308.32507948997994
415	-303.0587869766342
416	-308.6738795891299
417	-302.4979140330095
418	-306.2252943530838
419	-304.9075625349596
420	-305.85840001066816
421	-304.36671049917345
422	-302.31058648202617
423	-298.6422194996038
424	-307.3907031528872
425	-306.62055991918976
426	-302.753048627746
427	-308.0815351157619
428	-296.86188254434086
429	-301.48835699719376
430	-301.2527536748392
431	-306.16015397731746
432	-303.68912225602753
433	-303.05607994697186
434	-301.06979321308586
435	-306.27449575037986
436	-307.42735011550894
437	-304.4829628828222
438	-308.0840329178618
439	-299.89735781638336
440	-302.95184826460167
441	-304.8801574991602
442	-294.9314613970247
443	-304.30456610172405
444	-304.21072445293026
445	-303.35598238178704
446	-308.18544397213856
447	-298.0222523218933
448	-305.71549001611413
449	-304.26054076944604
450	-302.0699671582154
451	-303.5581231674411
452	-307.6013214285125
453	-301.31887338481005
454	-302.13418098654375
455	-301.339523815457
456	-299.701529745986
457	-308.46439457942597
458	-303.31850275010083
459	-303.28874672232837
460	-301.4931534143776
461	-306.79112473142453
462	-307.03619998406543
463	-310.3368542999311
464	-297.98719206987
465	-308.95028285384603
466	-310.1528909445969
467	-302.4940793016865
468	-303.71730111656177
469	-300.60606177638505
470	-302.4137546363271
471	-303.5093946920893
472	-300.5137590444844
473	-306.97910969969246
474	-307.49089078391245
475	-304.03399349083463
476	-309.1309549751885
477	-306.2740100242332
478	-303.84170550546975
479	-302.1622070019854
480	-304.2461989265504
481	-303.7388585224464
482	-309.46349788033973
483	-306.92098233424764
484	-298.85764072916174
485	-304.13348370653546
486	-303.15759449206644
487	-305.0292515716333
488	-293.3629746226735
489	-297.65590168809575
490	-297.8549003246189
491	-305.2926736229453
492	-303.0847781857312
493	-300.50454022183845
494	-302.9479633727073
495	-304.33620834740236
496	-302.64597549246747
497	-302.94003460251963
498	-310.00490257210527
499	-303.23624638683293
500	-301.60269043797024
501	-306.80517628573494
502	-293.0034164001991
503	-297.36511845193013
504	-295.00424226740796
505	-305.9439905672071
506	-307.8139530240128
507	-300.3706564430625
508	-302.10431265976604
509	-309.4022840671874
510	-304.0836551259501
511	-315.24171310073075
512	-305.5837023879249
513	-307.04067807108777
514	-301.77393184771665
515	-300.4160653081568
516	-295.18917743276893
517	-306.3352672741853
518	-307.5974984594464
519	-296.77659781227135
520	-296.1993036452691
521	-302.9689476263725
522	-300.903944654234
523	-299.45464208346976
524	-294.88233503830406
525	-298.3124
526	-306.53098285690737
527	-302.8345375385147
528	-301.2399625328698
529	-305.7748826903084
530	-302.46523088210824
531	-307.17749553955645
532	-307.9413662977052
533	-302.43920652920957
534	-299.4084584482468
535	-301.57118445818696
536	-308.46253605489227
537	-299.0179473197387
538	-301.72711164643437
539	-305.9670480403464
540	-305.14938309753614
541	-301.98100557969815
542	-302.5430793528692
543	-307.9023713953041
544	-306.31491715962534
545	-301.48724263923026
546	-300.2832804129584
547	-304.8324625094654
548	-304.0793105766273
549	-303.6890066721241
550	-305.55362873007124
551	-304.63013126731005
552	-301.1570411804071
553	-303.1986836134679
554	-298.1081461706122
555	-307.04503987676947
556	-304.0383468894752
557	-305.11989798208106
558	-307.64855638362883
559	-299.8762326889575
560	-304.1994000624597
561	-311.3026353956676
562	-300.4849669276534
563	-301.5547111376642
564	-303.2382036996742
565	-295.66984119540786
566	-303.0281030195777
567	-302.1912085748938
568	-308.18786485833397
569	-300.7772845538155
570	-303.26165339609844
571	-301.33637071382765
572	-307.9447279677547
573	-298.08330001586774
574	-304.9829693296746
575	-306.86772570245716
576	-302.5340726331863
577	-305.75677480063166
578	-299.25230913417977
579	-301.2787209227144
580	-304.553376597375
581	-306.2627250409506
582	-300.65471045751787
583	-301.9630603128079
584	-303.7537883139173
585	-300.6660182119753
586	-304.06706531086894
587	-308.63608127807015
588	-304.6767247361338
589	-301.6552542742775
590	-303.66632878044334
591	-306.2796021789197
592	-305.3303823534642
593	-302.83045827623283
594	-306.84809706145546
595	-303.1434600156929
596	-307.44884521492423
597	-310.5412760503409
598	-307.0045940779135
599	-307.13268355964783
600	-304.712542216151
601	-305.2350035430749
602	-307.3776511968186
603	-299.8985579578739
604	-309.7933104131943
605	-293.79765892321507
606	-302.49801916958666
607	-304.66618475756223
608	-302.28747037265214
609	-297.3532597401822
610	-306.0736521837408
611	-301.05038466809197
612	-302.4022179095379
613	-302.6126337789737
614	-305.69456423135796
615	-298.7857129076935
616	-303.79020255845006
617	-302.8571714025863
618	-303.7381057374424
619	-307.6079197154488
620	-308.95100815325213
621	-310.22677518026074
622	-307.4383925121509
623	-302.0454169983513
624	-306.699934229578
625	-304.8961687272217
626	-301.3200632192802
627	-302.47929675432647
628	-298.95120655258836
629	-298.77998007174955
630	-309.2354300118502
631	-307.1090917915429
632	-308.32690892850087
633	-309.95410036990546
634	-304.2056502204376
635	-301.51312957132984
636	-300.8517570007731
637	-301.42109144161253
638	-307.1906250483132
639	-298.8324460304419
640	-296.20688665919545
641	-307.4589143796643
642	-308.351897075862
643	-304.4200810283264
644	-309.0074027368163
645	-304.53221445125536
646	-304.40195830504956
647	-304.42217418189546
648	-301.42475734794175
649	-305.2663498036628
650	-306.0319929485731
651	-295.3276380558354
652	-303.60550103905143
653	-305.2078723672399
654	-305.35948959451696
655	-303.29190046158476
656	-297.8860754674267
657	-303.4611642771218
658	-307.9239036975333
659	-307.2511811393185
660	-306.95622093084125
661	-307.5658654427251
662	-306.8480128143898
663	-303.17497657950486
664	-300.5743463682114
665	-304.75012513137625
666	-302.94040825623114
667	-303.9603900567084
668	-306.62609905669325
669	-308.0418967298983
670	-302.9947312225093
671	-306.0958849915188
672	-302.5194951298253
673	-306.1311431075592
674	-301.5826741639371
675	-300.38441052789926
676	-304.11248025434304
677	-306.27178387087616
678	-305.9948295993303
679	-308.4434291204993
680	-294.31911040005895
681	-307.42297239518354
682	-306.4262877547365
683	-301.9808108040135
684	-303.91512408078466
685	-305.4458955597684
686	-306.03798809944453
687	-302.00574730478775
688	-305.9109017847251
689	-297.0524358789279
690	-306.3495103287531
691	-300.2770252746508
692	-310.8120480799097
693	-300.7067571098487
694	-297.9437444221972
695	-307.01104148646044
696	-301.37804520247954
697	-299.0454161764039
698	-305.3165241430189
699	-308.8781323563051
700	-305.4064264821922
701	-295.41912479816017
702	-303.75063078643285
703	-305.2076935668873
704	-309.42112175900303
705	-307.49664931084453
706	-303.5235587215094
707	-302.1516418221635
708	-309.1148480308456
709	-303.089487759
710	-300.2451893511012
711	-298.5094671565941
712	-307.3003779016008
713	-306.6780041774042
714	-301.67677010067655
715	-301.9243972674912
716	-308.30817654519905
717	-307.73084455904865
718	-302.6760889345656
719	-304.20128424859575
720	-306.06906191522177
721	-299.46487303936516
722	-300.80434314786845
723	-304.77060104437584
724	-306.24319073703253
725	-302.0871781519194
726	-303.6142180779582
727	-299.44932189290626
728	-303.85646238140214
729	-302.8509091636458
730	-300.3452283025897
731	-302.6756061993744
732	-308.11390006176305
733	-305.578620894177
734	-299.62891922271024
735	-302.00246024037256
736	-301.52773373523837
737	-297.311544694127
738	-305.70472983344064
739	-303.57247670948004
740	-301.91706762151
741	-305.6692085403082
742	-308.2067119964338
743	-296.2721313097869
744	-303.44869968731075
745	-308.96637729639826
746	-299.20643549202293
747	-303.8581950110813
748	-305.4064836058594
749	-299.7977153086407
750	-304.80719560877804
751	-306.6034319445399
752	-306.0919356859973
753	-300.8188968339989
754	-305.158
755	-299.48336788045714
756	-304.00816540620684
757	-306.82729519268185
758	-305.5721239497966
759	-306.26517587585346
760	-305.30715860948976
761	-306.2462044158442
762	-307.02340259051664
763	-310.9226774507121
764	-304.8196449834126
765	-301.9989633935378
766	-305.86544743821725
767	-310.2660482961076
768	-305.2006907750776
769	-302.6774442077244
770	-294.71877843536197
771	-300.6261528473668
772	-298.45488167326704
773	-306.71027773502954
774	-303.6775667469177
775	-304.82937325996767
776	-303.6314269157726
777	-307.6931630865373
778	-306.77211427856986
779	-305.45899223747955
780	-309.2124561076153
781	-306.03972365565033
782	-305.6126
783	-303.0855236165644
784	-302.6782695689827
785	-299.9559809314764
786	-304.06462808997816
787	-307.1709369740131
788	-306.5061372091948
789	-296.31320162453596
790	-299.024952550727
791	-303.17702123045456
792	-301.138775718845
793	-303.1489620539444
794	-300.0615488854256
795	-310.7107689313324
796	-304.05503844246704
797	-308.93421658933096
798	-305.2572636329944
799	-299.86942674946897
800	-303.6094445236613
801	-306.18801119100254
802	-301.9309370318303
803	-299.6219245233243
804	-299.6677824853483
805	-300.7779000273077
806	-302.86804747361504
807	-303.25717587682055
808	-293.07882521786524
809	-298.8393177061258
810	-307.65917655991433
811	-301.48928171765607
812	-303.68164440719653
813	-307.8701043646002
814	-308.14659087076245
815	-300.30103130596206
816	-307.47834055588044
817	-298.3807743768148
818	-306.2370638114693
819	-301.1831224871152
820	-308.15572009568535
821	-303.0386915866158
822	-309.62668618503466
823	-311.71123346931074
824	-303.6665379026116
825	-309.4855029881585
826	-305.0683462934677
827	-305.9111919247312
828	-298.682848268329
829	-306.1464151120731
830	-304.1676095991284
831	-307.47137645235915
832	-304.3382376914733
833	-304.2809694815592
834	-302.0760467766259
835	-303.0775633515137
836	-306.7750467047012
837	-297.67203347828786
838	-305.1787037315655
839	-310.3340760094917
840	-307.9978915993164
841	-304.6912264848195
842	-299.27220824937007
843	-305.4900122404564
844	-304.4932439341244
845	-307.04005249667887
846	-303.3614484809452
847	-308.8676992565325
848	-308.4301945607708
849	-308.54605197552536
850	-310.20152595736613
851	-306.6741777400698
852	-309.82982731667727
853	-310.2390366435765
854	-312.1047157188893
855	-307.66377258688664
856	-304.8928072012204
857	-307.58820042419023
858	-304.6555339145496
859	-303.7976700986635
860	-304.79780574995937
861	-300.0685987852237
862	-308.32729303661614
863	-303.0014455536504
864	-302.3293749286856
865	-301.28959934698815
866	-302.81793581594434
867	-307.85955385479826
868	-304.57031172396273
869	-307.22024195391907
870	-306.6125300035143
871	-298.790661659466
872	-308.93486642659616
873	-306.51388922483886
874	-303.3627554690199
875	-303.7606650700425
876	-299.19186376804544
877	-300.3207200111258
878	-297.61041283351636
879	-305.4404790741131
880	-301.6220913426437
881	-305.5560681634063
882	-311.31920090303333
883	-311.25108866407305
884	-311.2991667627866
885	-310.731157474834
886	-309.47242184778736
887	-307.75387651250395
888	-303.6293076483458
889	-309.2099763777397
890	-301.0908356316251
891	-308.2214414881139
892	-300.76968487835114
893	-302.5743663632841
894	-307.05047105759843
895	-303.12022327091876
896	-306.59644818286023
897	-308.91061372303835
898	-303.83353229764526
899	-301.55127956435365
900	-309.07983942601004
901	-297.4601934024842
902	-305.495173506814
903	-306.7925533747741
904	-304.85163616809984
905	-305.8374786769566
906	-302.29747478513184
907	-300.38276075408476
908	-303.9769241926658
909	-308.6782635292821
910	-303.97560673728464
911	-304.7625389639094
912	-305.1896005251656
913	-301.99625417705386
914	-302.195641432939
915	-309.5538969469033
916	-304.4768758490087
917	-301.8295867706437
918	-299.9789919963228
919	-308.7215714728305
920	-304.95354781404257
921	-302.43345856128457
922	-299.4468583094222
923	-303.96370427504837
924	-307.93207155837734
925	-311.0577623048221
926	-306.9769168627539
927	-306.824547903723
928	-304.3497626243256
929	-309.10609231897877
930	-306.0731895206654
931	-307.6815817252999
932	-304.6253947156854
933	-309.3343741281871
934	-309.3343093866495
935	-307.8179962023895
936	-309.2260102779215
937	-303.51391008125285
938	-297.53897166245594
939	-307.11937104290473
940	-303.43525715347107
941	-304.2978567045127
942	-304.2506429716501
943	-297.0119169556933
944	-309.10432846387346
945	-306.32182390371634
946	-300.8336456110313
947	-305.5741755610804
948	-308.41674976700574
949	-310.8400655383574
950	-307.5154932912335
951	-311.29663005090526
952	-305.7122652005106
953	-306.6793290280072
954	-309.22705151853154
955	-303.53131123598376
956	-300.73769227136023
957	-305.2205189421362
958	-308.88555540481286
959	-303.23628123174836
960	-309.77195259894404
961	-306.9983702673564
962	-305.55567889155384
963	-307.78231491547297
964	-308.61796120399504
965	-304.03311776294214
966	-305.1062917526773
967	-306.28278340922793
968	-301.87856464404274
969	-305.82549276088685
970	-302.6797844051753
971	-304.68800386677555
972	-302.5710149008928
973	-303.3483124975924
974	-297.61455342035066
975	-308.728001269893
976	-303.04143632023806
977	-308.1074191144634
978	-303.91344759055124
979	-307.0884306213626
980	-308.73801220197663
981	-306.221019986236
982	-302.98894074677986
983	-303.3857673185535
984	-306.49262658251854
985	-306.7172216593947
986	-311.13562038245044
987	-306.17066290539793
988	-292.322956051431
989	-308.7253106462195
990	-302.0309762656519
991	-306.40687346283175
992	-308.5089365851732
993	-303.7291062489204
994	-305.3136995029476
995	-307.5043344150499
996	-306.4343824572989
997	-305.28327842735786
998	-301.62537303630376
999	-308.85890426104544
1000	-304.0009079056341
1001	-299.5921333764175
1002	-302.0838882224697
1003	-307.23639661968645
1004	-308.952233613157
1005	-303.5118886441595
1006	-305.1320220765734
1007	-302.2073366702194
1008	-306.7776065422781
1009	-303.96814559706996
1010	-301.15738701062656
1011	-310.1594473739784
1012	-305.6500988849119
1013	-308.53295923802017
1014	-307.27960498480536
1015	-306.9433115901991
1016	-306.22961243497656
1017	-310.0262976016049
1018	-307.7795478766814
1019	-302.43736424469654
1020	-301.2941506639749
1021	-301.87511631132224
1022	-304.4494587112823
1023	-302.1919300989663
1024	-302.11836850442126
1025	-309.30522682028277
1026	-307.7893975528986
1027	-310.0576149868659
1028	-307.5213388781312
1029	-304.4452359633646
1030	-304.6521144231649
1031	-305.9916776498701
1032	-297.84792520386014
1033	-303.87945843166085
1034	-298.1328115171212
1035	-308.52232374214157
1036	-302.990063838984
1037	-304.5088859572959
1038	-310.1274799093172
1039	-305.42137153729215
1040	-307.33545097295075
1041	-307.4135485948145
1042	-308.57360940583976
1043	-306.6052045518947
1044	-307.3478229567237
1045	-302.0005643787362
1046	-298.5496345569094
1047	-306.7212224547647
1048	-302.2034093694492
1049	-305.7004484010563
1050	-312.37387305450824
1051	-310.0014290151816
1052	-310.12507873980513
1053	-311.3550283516717
1054	-304.5070016825527
1055	-305.47315027303006
1056	-306.5311872583578
1057	-307.97395624701744
1058	-312.16070681500605
1059	-313.1483437821733
1060	-308.5682449270741
1061	-314.1493518886338
1062	-308.22336405201827
1063	-305.62427637677433
1064	-309.50816706913355
1065	-308.15365730203087
1066	-302.4911865324339
1067	-302.33216317928344
1068	-303.1341713055919
1069	-310.96214304979526
1070	-305.7744265852229
1071	-302.86532084368275
1072	-302.46750644437003
1073	-302.83327980530754
1074	-307.0188546830509
1075	-305.1134388716561
1076	-303.7423284612557
1077	-309.1449230793896
1078	-311.5431121110958
1079	-310.0290483149474
1080	-306.5025088619867
1081	-301.4902634056227
1082	-305.3404762541319
1083	-306.09659138696156
1084	-310.1210067434967
1085	-307.92187975926583
1086	-309.2181914920181
1087	-303.27831519936245
1088	-303.8507125286405
1089	-306.6524411560315
1090	-312.038812877416
1091	-308.4462547939673
1092	-312.31142842322015
1093	-303.7902859440774
1094	-304.61515418213435
1095	-299.1712261607195
1096	-309.2896761780403
1097	-302.511401996831
1098	-313.50116337507905
1099	-302.23232932449724
1100	-315.8576475668859
1101	-308.3110554438192
1102	-312.82209092875706
1103	-306.7617280250051
1104	-309.10893635052685
1105	-303.5866564114412
1106	-305.2894762570097
1107	-313.9265379186998
1108	-312.83865276324804
1109	-310.5591235523748
1110	-303.63375015519364
1111	-309.32950070042875
1112	-309.87428200877616
1113	-309.6079536003328
1114	-311.5648478788041
1115	-301.89287941706755
1116	-311.5851957583333
1117	-306.19032355145595
1118	-309.909990577502
1119	-305.9675792374103
1120	-304.07538775636067
1121	-305.6481483299329
1122	-303.7384735474916
1123	-313.04997302554125
1124	-309.6264476545489
1125	-308.01648909884085
1126	-310.0499999853887
1127	-311.51965724560176
1128	-312.6846995945932
1129	-301.635712508832
1130	-307.09706412123
1131	-312.5079614989845
1132	-310.3072285233206
1133	-307.38436699754885
1134	-299.1131018181185
1135	-314.26298688371185
1136	-308.8135912734821
1137	-300.5794586721583
1138	-308.24470040331084
1139	-306.5629127895506
1140	-308.76260446899454
1141	-302.0031564562747
1142	-304.4360138790435
1143	-306.91122187751347
1144	-296.1544461377991
1145	-303.87678803254914
1146	-307.9146728301354
1147	-301.58781695925694
1148	-306.77609897190445
1149	-309.2894996567697
1150	-309.85802091189663
1151	-309.09139516792516
1152	-302.14790101353356
1153	-305.62909058027105
1154	-303.434087008379
1155	-297.0983309023314
1156	-310.5652051844156
1157	-308.3398873973011
1158	-305.11813793871056
1159	-310.90705716012985
1160	-306.3191457841276
1161	-306.50023302098265
1162	-304.6757162412147
1163	-297.2611411995432
1164	-305.64056622550106
1165	-306.10734656314025
1166	-299.2465031129378
1167	-296.7690248687976
1168	-296.1318063177706
1169	-305.130913969689
1170	-303.87810606742795
1171	-304.5113267347203
1172	-302.3565565367648
1173	-294.8730047726437
1174	-302.79266664099566
1175	-303.1689978918605
1176	-310.2799309512968
1177	-305.335233650356
1178	-305.0458233392848
1179	-300.0937667583816
1180	-302.149923275296
1181	-302.08811951924844
1182	-300.26016568437626
1183	-301.73089524732063
1184	-304.2856000000003
1185	-299.72185757245404
1186	-298.81776850549284
1187	-294.8353888899119
1188	-300.83537566569555
1189	-300.35850801282373
1190	-301.0647929131783
1191	-297.14931332915216
1192	-301.3790428406265
1193	-303.99298704346575
1194	-307.64700496110726
1195	-300.779148440076
1196	-292.6819506413673
1197	-298.5423959850049
1198	-300.36004131976244
1199	-302.14242816002945
1200	-300.05340000062756
1201	-298.42774520196275
1202	-299.1056834701887
1203	-307.6835260123524
1204	-307.8167132801774
1205	-299.8362043921186
1206	-293.0142918140596
1207	-303.38883052910313
1208	-301.0190656974657
1209	-303.2486
1210	-305.82873766844233
1211	-298.85723248845846
1212	-304.29398803727855
1213	-306.2652001230717
1214	-311.7466643372973
1215	-295.9238301311928
1216	-309.6621218930014
1217	-306.0013310060986
1218	-302.43129154965317
1219	-306.6716202685587
1220	-306.5310369456826
1221	-307.6221177805691
1222	-298.12884132023686
1223	-303.0803868266341
1224	-305.8891904512881
1225	-304.20902381745844
1226	-305.3714849048501
1227	-305.2663473159069
1228	-309.6179402983556
1229	-301.70179325240133
1230	-303.1804817428147
1231	-306.73460992842047
1232	-305.21694025187963
1233	-311.0430794625587
1234	-300.14530306284445
1235	-307.31725082216576
1236	-304.24462577842814
1237	-302.1746793083757
1238	-309.8954504567776
1239	-302.4547025445701
1240	-306.8193575424778
1241	-307.1914072792362
1242	-303.79457295219186
1243	-306.4228065487844
1244	-301.6361750627665
1245	-301.79506277223413
1246	-298.1528271158155
1247	-308.99456481674804
1248	-305.6822056475203
1249	-301.4324345145989
1250	-296.70432202758775
1251	-300.9466157436772
1252	-301.17377411425554
1253	-299.31011540467495
1254	-300.4827093216579
1255	-296.45850960717723
1256	-299.99590817837355
1257	-299.75265553243446
1258	-301.94768867435846
1259	-297.6553587827132
1260	-304.6791374891071
1261	-307.2108946537121
1262	-297.5783907863564
1263	-296.57500826034527
1264	-307.557985126704
1265	-305.3999454905572
1266	-302.27461165898114
1267	-306.1955995126858
1268	-302.2347333012848
1269	-298.93166870379815
1270	-302.9462620693303
1271	-303.38007734527434
1272	-307.20054354531857
1273	-306.91377183367024
1274	-299.5731565393072
1275	-301.76914745489853
1276	-300.62984070360307
1277	-300.7358819995892
1278	-297.9503046460821
1279	-302.8519718707277
1280	-303.3459822182634
1281	-307.1054395555571
1282	-305.94191903358774
1283	-308.28796771979484
1284	-309.6204169594998
1285	-308.86446834620676
1286	-311.52667782305707
1287	-300.38630381311674
1288	-301.52782268503887
1289	-303.1146979101268
1290	-304.0969947296185
1291	-305.4146416451252
1292	-295.63493135922334
1293	-300.9323432977754
1294	-306.8956753949137
1295	-301.50157178345347
1296	-308.9822081090232
1297	-298.0654348217288
1298	-301.39676256721566
1299	-301.5631268369434
1300	-304.1492164198063
1301	-308.68653632639223
1302	-309.5056216838569
1303	-306.99149348309095
1304	-301.7806853319872
1305	-303.61975499975864
1306	-303.79245333056673
1307	-303.47890390684887
1308	-302.37436606672884
1309	-298.3579667798694
1310	-303.5000270284765
1311	-299.19005533007027
1312	-306.4073946712712
1313	-302.432532431444
1314	-305.6625891617003
1315	-301.77111995821724
1316	-301.0399898110082
1317	-296.61686930144225
1318	-306.05966429389565
1319	-295.6502946082532
1320	-305.2094471253607
1321	-302.00453288341635
1322	-307.6986095211284
1323	-302.28752280068096
1324	-298.61586738193114
1325	-301.8033374786532
1326	-302.81247445890915
1327	-301.6683445908052
1328	-289.4415001927134
1329	-303.35025446508325
1330	-301.97850831958175
1331	-296.876739542845
1332	-302.3904649424999
1333	-308.68544200039884
1334	-301.6762836177031
1335	-304.3454658530914
1336	-295.2817929977485
1337	-305.3692140919946
1338	-309.51574959105125
1339	-305.0146922660389
1340	-299.71680824060945
1341	-304.65905231145064
1342	-302.5588957738854
1343	-304.4705556401698
1344	-303.4477591806384
1345	-305.2546285463056
1346	-301.49508114080203
1347	-303.98728400382083
1348	-304.60622918628576
1349	-304.7389894358241
1350	-298.02508437323496
1351	-304.4626
1352	-301.7306188884466
1353	-305.7634000107117
1354	-303.92720708319155
1355	-305.27174526346187
1356	-304.3383550828712
1357	-300.1086486867398
1358	-298.17653076618467
1359	-306.0855749672611
1360	-310.1125337018026
1361	-307.0127000000035
1362	-304.99746101204136
1363	-305.587544094971
1364	-310.62538196073996
1365	-305.392293762331
1366	-308.67320528171314
1367	-305.59298158459
1368	-304.53583800708304
1369	-309.2423551483323
1370	-306.3914975204247
1371	-303.66390757782113
1372	-299.3145938173803
1373	-302.18607462607196
1374	-297.3520352433631
1375	-306.9019292594404
1376	-302.50458201591454
1377	-300.9824172905295
1378	-304.4014416593011
1379	-301.1226003977912
1380	-309.93680240934077
1381	-306.3135416500246
1382	-302.66817470684106
1383	-305.0878390572577
1384	-299.2538433305434
1385	-305.9739419776793
1386	-303.13043995274205
1387	-310.1129594382414
1388	-311.10585101271784
1389	-309.7506866106253
1390	-308.6194488829952
1391	-305.30788486279926
1392	-305.6372837821188
1393	-308.39135966598775
1394	-302.7033795131995
1395	-301.226548223284
1396	-302.5606506235371
1397	-304.5590590276849
1398	-305.0242215445264
1399	-303.8692515682594
1400	-307.94898597045784
1401	-305.7111255825563
1402	-304.48445762133116
1403	-301.9880639118017
1404	-305.51250582921614
1405	-311.9070122825823
1406	-307.00526370548107
1407	-300.4482574331857
1408	-303.4776441530651
1409	-312.22285782584856
1410	-314.1064665773361
1411	-296.50470805470155
1412	-301.88843887079094
1413	-308.0397024458098
1414	-302.4576807309109
1415	-301.8220122251684
1416	-310.6390929462042
1417	-303.3067781789594
1418	-300.76816049574086
1419	-307.69965783569603
1420	-306.3001459184021
1421	-300.96187223061395
1422	-304.37444642958087
1423	-298.78470025031464
1424	-303.910172579472
1425	-306.6454889153612
1426	-306.71989310316786
1427	-307.39847752685006
1428	-306.3712291889756
1429	-304.6006765630924
1430	-299.6054867729656
1431	-303.04592596672705
1432	-303.8203952213391
1433	-304.0049270500568
1434	-304.46123086883483
1435	-309.72957513187384
1436	-296.1448152413268
1437	-299.96891742132044
1438	-304.419481815441
1439	-302.3503242666261
1440	-300.80869685781727
1441	-309.6497208740704
1442	-303.3393413234308
1443	-301.942076810821
1444	-292.75292451834963
1445	-305.97414928028775
1446	-305.94645106627036
1447	-310.9899840222845
1448	-306.85460011543125
1449	-309.18180589000394
1450	-301.8750728630343
1451	-297.5159615764888
1452	-300.46333263046114
1453	-307.68532148176513
1454	-304.5422622861798
1455	-306.44054767580906
1456	-300.95603049486715
1457	-300.03518008629794
1458	-303.74143957849435
1459	-303.3422504870702
1460	-301.9974912354879
1461	-305.0266470599566
1462	-305.9421820825057
1463	-301.4171796564529
1464	-305.6284292784428
1465	-305.33098034113607
1466	-301.04116369748203
1467	-307.18891674726245
1468	-304.1379699411389
1469	-307.85007927380923
1470	-304.97498933916614
1471	-309.6465367379483
1472	-306.1193894758837
1473	-302.05656780870254
1474	-306.4648020595626
1475	-296.9926955945306
1476	-298.25379685985394
1477	-308.21902528857265
1478	-308.8342530770182
1479	-305.22035508410346
1480	-304.1672105011479
1481	-300.83325424271004
1482	-307.15150116914015
1483	-295.9933644761552
1484	-301.55264411187835
1485	-303.5550148912825
1486	-294.48447982224434
1487	-302.2739585084017
1488	-300.36821037790565
1489	-295.94797064586453
1490	-305.14586758217274
1491	-309.9770822877257
1492	-305.20958003387267
1493	-303.7944
1494	-305.02032370610505
1495	-304.021887920178
1496	-307.5526807401263
1497	-306.6047568733582
1498	-303.28493272998236
1499	-306.6426424610959
1500	-300.13736091105244
1501	-302.60968503235904
1502	-304.0606935897552
1503	-303.33174987908336
1504	-303.4899767639603
1505	-301.5549837116772
1506	-303.98543329766807
1507	-305.33138900888696
1508	-303.75361848841163
1509	-298.4460064318969
1510	-302.75930432318796
1511	-302.03094059793114
1512	-301.85774270933007
1513	-304.5629416996772
1514	-300.9670029045509
1515	-299.72984532984015
1516	-303.1477091773769
1517	-306.92740238645825
1518	-305.3872645004805
1519	-305.3416844912649
1520	-306.37491977574285
1521	-303.4335058920401
1522	-305.20272627866007
1523	-305.75856579306634
1524	-304.81966685817196
1525	-293.14185053376497
1526	-296.02161260998133
1527	-305.4744471435907
1528	-305.82426768646746
1529	-303.90282008005255
1530	-304.9402022874794
1531	-304.3282835411724
1532	-304.2578002741333
1533	-301.19365925654444
1534	-300.3319417573941
1535	-300.8879000004002
1536	-296.53739037350016
1537	-301.189926303948
1538	-302.70410205719395
1539	-296.16229197517407
1540	-308.9452471114433
1541	-306.9810256866265
1542	-306.97738779853887
1543	-307.14362982574613
1544	-305.05534703052746
1545	-311.060505910881
1546	-300.9841828510067
1547	-301.77542154630237
1548	-308.51437247076825
1549	-305.0658266088806
1550	-309.10913100940314
1551	-301.31750875440486
1552	-308.0999917167585
1553	-304.3542128914699
1554	-310.58968814922525
1555	-304.4586718494639
1556	-298.60253822950847
1557	-303.11518940164603
1558	-305.0876358381922
1559	-304.62492478450827
1560	-309.38862888867965
1561	-305.7175361947689
1562	-303.98445736746254
1563	-296.2357549073259
1564	-298.917973047117
1565	-300.9988024356582
1566	-293.6475965305183
1567	-304.2316085022896
1568	-306.2541248567949
1569	-299.6192415752512
1570	-300.5982613575106
1571	-300.5368432940664
1572	-296.64713704763824
1573	-299.1263186930127
1574	-307.7730414417033
1575	-302.4453321404544
1576	-299.2611601290947
1577	-302.1174220469653
1578	-301.8159540714155
1579	-310.3744364733511
1580	-308.2543869828712
1581	-305.6887540566663
1582	-307.63117301924785
1583	-302.866052429767
1584	-300.9711312716341
1585	-302.8842260456662
1586	-308.2758703232762
1587	-304.10001796791573
1588	-306.3271011912473
1589	-302.27228689634484
1590	-305.2065968839609
1591	-298.4024840264842
1592	-304.7462115699375
1593	-301.9956351345765
1594	-304.3977763163858
1595	-303.20149087330157
1596	-301.1189561372381
1597	-299.55331543313474
1598	-299.4043627259618
1599	-300.30999429559836
1600	-303.4598797759316
1601	-305.40180647826963
1602	-303.22891429659137
1603	-300.52874263101364
1604	-308.7281479276186
1605	-299.31711577807795
1606	-310.36600749922724
1607	-296.1471487600155
1608	-306.830678520206
1609	-304.9361091344661
1610	-306.5818984909706
1611	-302.1692479731767
1612	-305.0927362300471
1613	-305.67183308134656
1614	-304.8284369714907
1615	-301.71449188036706
1616	-301.53314068053896
1617	-298.6446260326028
1618	-296.2378000022621
1619	-306.3877750097737
1620	-301.26584844456784
1621	-305.66325803177165
1622	-308.28920334666026
1623	-303.491258561236
1624	-301.40600003901125
1625	-291.76087812499617
1626	-303.0439041489586
1627	-305.26161639755344
1628	-293.62470028837794
1629	-299.9114889956852
1630	-310.69864599069274
1631	-306.2368249767224
1632	-297.7336991279972
1633	-301.3137225671277
1634	-306.7393318540458
1635	-302.1235855717095
1636	-303.4720710129376
1637	-304.261452064522
1638	-304.53442533902864
1639	-304.0742226148094
1640	-304.4433290308328
1641	-305.74690143212086
1642	-302.4303143499458
1643	-298.42025692061617
1644	-302.18202922528343
1645	-305.1027018649395
1646	-303.46669596883737
1647	-301.5886554981319
1648	-306.86232532717344
1649	-306.7656165013955
1650	-308.96333724288974
1651	-299.09610005100956
1652	-302.60096632915054
1653	-302.1302630150023
1654	-307.2265296653099
1655	-298.34663392475784
1656	-309.9239261953045
1657	-298.3342667890976
1658	-302.092383958714
1659	-300.13633570686784
1660	-303.24127238436455
1661	-297.3598000011565
1662	-302.3162159486784
1663	-302.840811072828
1664	-302.35955603861765
1665	-309.01665357960155
1666	-303.5293359630149
1667	-302.60790359970525
1668	-302.8306951492167
1669	-302.0523430876222
1670	-298.6546266941582
1671	-300.60200037493337
1672	-303.5050953504191
1673	-304.04894838575905
1674	-303.1403016380648
1675	-311.1506372290708
1676	-299.6107899287712
1677	-299.3678534548817
1678	-299.34890000671163
1679	-300.96490602344034
1680	-304.5066617649539
1681	-301.96986279755663
1682	-301.3240174814885
1683	-303.795579309557
1684	-300.0085023248177
1685	-306.4190076107374
1686	-306.86957791083637
1687	-299.8929004537797
1688	-301.10471418227684
1689	-307.05942652960243
1690	-294.5404745225879
1691	-304.9404643148558
1692	-303.4748546134935
1693	-309.24605413775754
1694	-312.5159354011291
1695	-304.3351086283962
1696	-310.5398038394544
1697	-300.1472578919155
1698	-307.7343780983733
1699	-301.6092696620024
1700	-309.7368062512224
1701	-302.5182799546791
1702	-296.52976487496704
1703	-297.89115654149293
1704	-302.38369131177654
1705	-300.3740856265993
1706	-305.6675332037993
1707	-303.14299218286976
1708	-296.74371541283836
1709	-290.5496000000809
1710	-297.11520002045484
1711	-297.6358000000035
1712	-310.88037260801076
1713	-304.504208210391
1714	-301.0076590241879
1715	-301.3079201231002
1716	-302.93014972784346
1717	-302.5346305022671
1718	-308.78539375225995
1719	-305.45078948216144
1720	-304.37151994104585
1721	-303.56785713389013
1722	-300.74465948771467
1723	-311.34213073896336
1724	-307.3137961544212
1725	-307.22032202578623
1726	-308.51866141366645
1727	-302.5122772239735
1728	-304.85720718911966
1729	-305.7321419094507
1730	-307.9048733483267
1731	-307.3300869679982
1732	-301.4061835634972
1733	-306.91379259496017
1734	-303.00571216993177
1735	-295.50270652416145
1736	-307.5049121041762
1737	-298.7487115115972
1738	-307.51787886144945
1739	-302.78116736733597
1740	-302.5012412911295
1741	-300.91836335013994
1742	-307.5417129966137
1743	-303.92885061483827
1744	-305.46750229946434
1745	-309.8346188036263
1746	-300.1858297012342
1747	-308.18322767796184
1748	-308.22333778469937
1749	-301.94646499935226
1750	-309.5702636108385
1751	-295.18143625233364
1752	-302.35627242648286
1753	-301.45622782449414
1754	-305.1738782336715
1755	-307.2280023320703
1756	-303.4532041535844
1757	-300.3256463760815
1758	-304.19702740663524
1759	-307.44269216348937
1760	-305.0236039596424
1761	-303.85957931133447
1762	-304.01488151387963
1763	-302.00308556765157
1764	-298.885675865275
1765	-302.9902545349492
1766	-304.14589167558734
1767	-307.88755045916594
1768	-303.1281077126743
1769	-309.78747854689703
1770	-304.57350186596784
1771	-303.6344233217733
1772	-300.60331220016224
1773	-306.46728023298414
1774	-305.5985713319677
1775	-306.4022399826521
1776	-308.60102830630603
1777	-311.2722849741124
1778	-304.5308743067906
1779	-305.0850507437276
1780	-313.0766516756007
1781	-294.885191320101
1782	-296.6104947979482
1783	-302.94828772904907
1784	-300.1646
1785	-311.4997963626252
1786	-302.43748862301305
1787	-303.85630098614814
1788	-307.3970251488078
1789	-307.72305557378513
1790	-305.56018451993486
1791	-305.0263106697095
1792	-305.68655045085154
1793	-303.223700000007
1794	-304.3077905739168
1795	-295.08024188374964
1796	-311.06584185676206
1797	-305.63838560487926
1798	-306.51040781556384
1799	-304.7481240448612
1800	-299.8749006671547
1801	-304.7767
1802	-306.6043989398314
1803	-299.11452012677523
1804	-303.00200245857536
1805	-307.33851210013535
1806	-304.7466322447654
1807	-304.3876648469289
1808	-305.8283917993528
1809	-302.93328604004756
1810	-300.1236723489532
1811	-303.7255326056429
1812	-299.6618214429236
1813	-302.06670303500425
1814	-306.0690256065087
1815	-306.56739852673036
1816	-304.86353993876367
1817	-296.28481291292604
1818	-300.7323172040691
1819	-302.7659186809712
1820	-305.07819918028764
1821	-308.4187248049152
1822	-306.5740365254661
1823	-306.34717343652255
1824	-304.7351507983294
1825	-305.4124540456793
1826	-297.2925870346201
1827	-304.44654948983475
1828	-298.4825161979159
1829	-303.6645567681629
1830	-306.8316381650084
1831	-305.5075110516104
1832	-300.8815254129851
1833	-301.63896831555957
1834	-305.16955344810566
1835	-297.27990018306383
1836	-309.1034540720961
1837	-301.9507487912524
1838	-304.0937913670112
1839	-297.23376027966987
1840	-301.6793298457544
1841	-305.7708757787553
1842	-303.9507641646203
1843	-306.5397325044878
1844	-307.93627704410744
1845	-301.3639159894442
1846	-307.784189315984
1847	-297.9863829259073
1848	-302.79126641073964
1849	-307.4553665228948
1850	-300.0943963803085
1851	-299.0519254605343
1852	-305.40786959590594
1853	-304.37890515492484
1854	-301.1150255078244
1855	-303.5958030144142
1856	-307.14857224164984
1857	-302.7026768748487
1858	-302.2239744608166
1859	-302.02182798316187
1860	-302.1598915779624
1861	-301.1588329820887
1862	-303.8380902811824
1863	-303.5823125429651
1864	-304.9437497923935
1865	-300.6382731603342
1866	-302.29307430079734
1867	-303.2293599373589
1868	-307.29962476013065
1869	-302.5130055072377
1870	-299.0085579963547
1871	-299.00901251296835
1872	-298.68833896102984
1873	-305.64879382651765
1874	-305.2880545541934
1875	-304.3988
1876	-301.70667394410185
1877	-310.035303019357
1878	-303.1043016659648
1879	-303.3151291232377
1880	-302.6458461911997
1881	-308.96906410339574
1882	-299.53256211599455
1883	-307.08733414213265
1884	-302.9589083990763
1885	-305.85262150643496
1886	-305.12312227414526
1887	-307.80309864103856
1888	-303.5424751515446
1889	-300.5144917538005
1890	-302.7929927335573
1891	-310.3523979074015
1892	-300.29044177128526
1893	-308.5546632935405
1894	-308.93541677013144
1895	-305.5700865463384
1896	-299.388835815823
1897	-303.9409629780665
1898	-299.58201782265445
1899	-301.1623186844215
1900	-302.89613506487683
1901	-297.86379140768946
1902	-301.4925405520199
1903	-298.1047003903906
1904	-295.0364263946609
1905	-303.5690026327972
1906	-304.51632961321394
1907	-300.19926397798196
1908	-299.86435766197764
1909	-303.0693688199162
1910	-297.28564396581635
1911	-307.1180172307707
1912	-299.96092782030024
1913	-289.2824307042714
1914	-303.7112345515926
1915	-302.6597149424899
1916	-301.22150759091363
1917	-302.14916638551813
1918	-304.9909735689298
1919	-310.22935198399335
1920	-298.35928201702484
1921	-298.4902808780883
1922	-311.2225422665383
1923	-306.4742198997222
1924	-307.3472605020715
1925	-301.04027009929246
1926	-297.3400334582099
1927	-306.95934127801445
1928	-310.17148328578617
1929	-299.35781141968783
1930	-305.15566716609686
1931	-307.0496660908384
1932	-304.21264639704697
1933	-303.1682348261508
1934	-309.2773078419229
1935	-307.7771061060449
1936	-301.6154480894646
1937	-308.77153813124744
1938	-310.6590031781458
1939	-291.90839351156393
1940	-304.4935023656967
1941	-301.3560239350092
1942	-304.7391104479509
1943	-307.88510649446937
1944	-297.4013000000731
1945	-307.3757747096011
1946	-306.7565826948592
1947	-301.0487162528888
1948	-307.7756730201723
1949	-299.9861133146373
1950	-302.1143543920102
1951	-303.38914515912643
1952	-303.2882436009302
1953	-301.9074331075427
1954	-299.53870734109
1955	-296.3863724169811
1956	-299.89300000000003
1957	-299.2360449386008
1958	-306.6648944314895
1959	-293.6562247418561
1960	-301.98693723466056
1961	-304.06071077246423
1962	-300.0791032303746
1963	-300.7633180783309
1964	-299.02920336176203
1965	-301.85210000000137
1966	-308.35153836758
1967	-306.0363591694917
1968	-308.7743452379878
1969	-304.63420594495324
1970	-305.630966926891
1971	-300.37794252047735
1972	-309.6511629201585
1973	-298.20185285309014
1974	-305.202413018971
1975	-301.631231192488
1976	-311.18706844320695
1977	-307.54483591786254
1978	-302.9743372467741
1979	-300.85154751040335
1980	-301.51203491270473
1981	-299.20588769933
1982	-302.3215000714525
1983	-303.3651302455627
1984	-302.5724066246171
1985	-306.5999610032057
1986	-304.3399960389391
1987	-304.59989612230135
1988	-303.34356757579474
1989	-304.5832234668448
1990	-300.872358302508
1991	-308.58651290082435
1992	-307.8505409284174
1993	-300.768450086283
1994	-303.5064516283832
1995	-314.23848536436407
1996	-300.8014903741721
1997	-306.8894280471769
1998	-304.8757357314293
1999	-307.9763253688756
2000	-308.7222082523316
2001	-303.75161810052674
2002	-300.45667264671084
2003	-307.7051429314819
2004	-303.82971055390385
2005	-303.44357479390004
2006	-304.6183632507423
2007	-309.9881375546029
2008	-304.12190594567005
2009	-303.95859897621546
2010	-305.42536355825956
2011	-307.4847309222923
2012	-309.5060182184281
2013	-303.06400694131565
2014	-294.67920199196
2015	-303.8546866828394
2016	-300.9128302797881
2017	-303.55513206640813
2018	-310.601025016297
2019	-302.3908010138478
2020	-302.78878445187695
2021	-298.51715747645625
2022	-299.96164187129665
2023	-304.53709982980416
2024	-304.5891592177311
2025	-300.15344595956975
2026	-306.70443249546116
2027	-302.5185600251198
2028	-301.0407526827146
2029	-304.03451210260334
2030	-307.9705304228714
2031	-301.3382663725697
2032	-300.892002577893
2033	-303.4752066351405
2034	-300.538717416739
2035	-307.8741099189419
2036	-305.94702443313275
2037	-304.2044129369625
2038	-302.928560468672
2039	-304.4314118988203
2040	-302.55611139674875
2041	-299.43790187579043
2042	-303.9635371179657
2043	-302.2286511515625
2044	-305.46596000217073
2045	-304.1432089834044
2046	-304.74850693602605
2047	-306.0315466749623
2048	-302.21163649764424
2049	-302.3657816781299
2050	-305.5167476129547
2051	-305.12543290093305
2052	-303.14943061215837
2053	-301.4567354151762
2054	-305.88509342011815
2055	-305.7934761890637
2056	-308.4288418628724
2057	-306.18889755119733
2058	-309.2740349161515
2059	-308.7048238878604
2060	-307.4387312005293
2061	-309.0352290756351
2062	-307.1011443899716
2063	-300.75826108043873
2064	-309.7162937690512
2065	-304.18470361079835
2066	-307.31550469436746
2067	-305.534733010632
2068	-305.0489056136992
2069	-305.96647305577835
2070	-306.7518995375513
2071	-308.5293106788493
2072	-301.60511788624376
2073	-306.5792433529567
2074	-299.51945179814476
2075	-306.7408925625399
2076	-310.0058000124086
2077	-300.1364000283027
2078	-304.62411940081154
2079	-306.15056217309126
2080	-301.18411666856446
2081	-301.3166255349325
2082	-302.5065371669456
2083	-295.7579341092135
2084	-305.9272350312105
2085	-298.80235736854297
2086	-301.7516146222787
2087	-306.8805000367819
2088	-304.52150460045976
2089	-313.90769116239477
2090	-304.0477690935718
2091	-302.117915286813
2092	-299.7677312427522
2093	-301.1610975341827
2094	-310.2014567515244
2095	-303.95901150813654
2096	-305.20028329837265
2097	-305.6005906145814
2098	-302.85095768019414
2099	-300.76828187732656
2100	-305.8199013942872
2101	-301.632414389637
2102	-306.4583313250476
2103	-308.47842616523167
2104	-304.160853227113
2105	-299.75141660146124
2106	-299.90620000000587
2107	-302.926348245043
2108	-296.23820158723146
2109	-301.8509869347786
2110	-304.0935586210241
2111	-300.06781706430024
2112	-298.9041365039652
2113	-303.9872780235192
2114	-303.85716737070163
2115	-305.47059090997016
2116	-298.44916150385774
2117	-305.03166889992417
2118	-305.44532585793945
2119	-304.72734534778294
2120	-302.5780288241874
2121	-305.53755183451153
2122	-308.98915106483025
2123	-302.9018648266302
2124	-304.66489920185586
2125	-301.4033242439547
2126	-301.53351780455347
2127	-302.82811807063615
2128	-302.6045258285851
2129	-304.94887763952175
2130	-301.8571305290743
2131	-305.4315375909966
2132	-303.6643647803225
2133	-300.1294033375744
2134	-300.894287945208
2135	-302.4011788185343
2136	-305.1847153032307
2137	-307.5440514283611
2138	-302.15776624631405
2139	-300.38935291461627
2140	-301.935699304722
2141	-303.10689503307674
2142	-302.0364075396276
2143	-300.17480918926776
2144	-296.682164836891
2145	-304.67156985016254
2146	-302.9776334777423
2147	-305.58569022602495
2148	-305.76374276624523
2149	-302.03243790050163
2150	-308.120985314173
2151	-302.69338271917854
2152	-309.5189830887438
2153	-305.19428989063266
2154	-309.04484166803974
2155	-302.33211971708005
2156	-307.82291833135696
2157	-297.09204971468785
2158	-303.9314578559567
2159	-306.3631290987989
2160	-301.53212709792246
2161	-307.7825743044119
2162	-305.1536073169032
2163	-302.04549880295974
2164	-297.51690005379186
2165	-298.78407908978033
2166	-300.1073503222946
2167	-301.75199288214304
2168	-299.1932058441478
2169	-304.5673737170162
2170	-299.0742049642892
2171	-302.68044642742296
2172	-302.59895348207243
2173	-302.981483949391
2174	-306.7531075300636
2175	-306.6109000000001
2176	-297.9895785566354
2177	-306.58595505364826
2178	-308.94620951649586
2179	-304.82782327810867
2180	-303.5787566410397
2181	-305.70109126843903
2182	-300.7741784426602
2183	-308.48144613096724
2184	-309.29462796930767
2185	-300.5006746662733
2186	-305.22080813604
2187	-306.1346171988283
2188	-303.4999548862383
2189	-300.5433662520138
2190	-301.1694605637217
2191	-304.9884166550714
2192	-303.1341511906713
2193	-305.32618462548004
2194	-312.630317117135
2195	-303.2184396950406
2196	-303.0369318020316
2197	-301.5725077763637
2198	-297.85199517578855
2199	-301.96826893772794
2200	-299.3545111520208
2201	-303.6328755087208
2202	-305.8498641616701
2203	-300.61145312754564
2204	-300.9459
2205	-301.9648129015423
2206	-308.28657509404593
2207	-309.3120182748578
2208	-307.38735037968655
2209	-301.5880183965512
2210	-302.3829235926198
2211	-305.5868833995721
2212	-301.999233993978
2213	-303.9993390425995
2214	-305.9679754228264
2215	-303.7249173654663
2216	-301.8482044995955
2217	-304.78346970531476
2218	-303.07955710447817
2219	-307.0500043270434
2220	-304.56880028828624
2221	-304.0513
2222	-305.16022843105395
2223	-303.137551876823
2224	-306.842594470404
2225	-313.22206380581923
2226	-306.0989916912654
2227	-303.11077938953144
2228	-299.134553566009
2229	-301.5384818187414
2230	-309.0200830821985
2231	-302.3780137826043
2232	-303.8608990199306
2233	-295.40280248700753
2234	-299.1899732237481
2235	-298.84450003846456
2236	-298.8384290289867
2237	-303.146749295824
2238	-304.0866052589497
2239	-299.4361584952441
2240	-304.7539771001514
2241	-295.78073768303733
2242	-302.6201028575113
2243	-300.13061442150007
2244	-312.18429263175517
2245	-305.68094518114907
2246	-308.09727213600644
2247	-305.1127159147527
2248	-304.03588767630663
2249	-309.5695000874191
2250	-295.1270563610321
2251	-295.4911000016095
2252	-305.0709464335427
2253	-300.18858754343853
2254	-300.47648368302896
2255	-307.6875227801408
2256	-307.89416502409034
2257	-309.2308759740196
2258	-306.6484504156902
2259	-305.60033429011185
2260	-305.9411165799868
2261	-308.4588281593083
2262	-302.1253374233005
2263	-301.4056694560985
2264	-306.2971332461151
2265	-299.2586336133739
2266	-293.79903071610823
2267	-300.4045827364833
2268	-307.27626502925034
2269	-305.34351224413683
2270	-306.0458322019105
2271	-308.99854246330136
2272	-303.14787000629116
2273	-302.66695955808177
2274	-307.1463809583252
2275	-301.606253858114
2276	-304.40626208028516
2277	-303.23317578007914
2278	-305.0298188511691
2279	-307.13710744786295
2280	-298.5858487022527
2281	-304.9410418216152
2282	-301.9198384391036
2283	-300.70099708224865
2284	-296.51192552021223
2285	-301.380372214544
2286	-303.7380214404568
2287	-302.45922625649825
2288	-301.58095766117214
2289	-304.1699566761064
2290	-301.0267796273934
2291	-298.9457286011583
2292	-307.5161797530417
2293	-308.8680936580644
2294	-306.44538449734574
2295	-302.7773775203828
2296	-306.60286944908955
2297	-305.10815073047524
2298	-305.5009334886614
2299	-297.5984420073483
2300	-303.00050816880156
2301	-307.4053093079335
2302	-301.53525994076494
2303	-302.81165495426194
2304	-303.7330711021853
2305	-302.29985582179177
2306	-306.3039776894664
2307	-304.62548929293365
2308	-301.90040528854485
2309	-304.46059381148
2310	-302.6058104381642
2311	-301.11127059231427
2312	-302.578497614423
2313	-302.8062824973794
2314	-303.2951481703657
2315	-311.9468334866844
2316	-307.25605445293377
2317	-303.3529572185278
2318	-304.824833680669
2319	-303.341126881558
2320	-305.2493538082048
2321	-302.4994480594794
2322	-300.72239294727245
2323	-303.74603379763164
2324	-297.822913254819
2325	-306.6636485744254
2326	-305.71708601151494
2327	-297.5104025733683
2328	-306.2567379215015
2329	-299.4715543498237
2330	-298.66243885804045
2331	-301.0056807503618
2332	-300.85003296626104
2333	-297.95111479173016
2334	-299.1756420765115
2335	-303.7464287393937
2336	-300.71761211666495
2337	-300.0988182665337
2338	-304.3692752637195
2339	-308.77570767498673
2340	-302.2311749891386
2341	-305.0467237912938
2342	-305.740064639165
2343	-301.9191078321026
2344	-303.71780171012557
2345	-303.61816352008367
2346	-302.8859368635005
2347	-307.27469093812556
2348	-308.41276486327365
2349	-295.6868745535881
2350	-309.30108933106555
2351	-305.34354767768656
2352	-309.7832694058742
2353	-306.09677876320933
2354	-306.60416000870043
2355	-308.70714951921076
2356	-306.84436051449154
2357	-298.60777785424665
2358	-300.85017471516073
2359	-306.1907283932484
2360	-310.05351624643373
2361	-304.677744582605
2362	-308.7527969917801
2363	-309.5096501682037
2364	-319.56346119079717
2365	-309.48356263089613
2366	-309.6079726709019
2367	-302.85468402288006
2368	-309.0728663424919
2369	-302.0354424158978
2370	-307.39504789541127
2371	-303.79186376193627
2372	-302.82802787046836
2373	-313.9612518855312
2374	-309.1324091340048
2375	-305.8417549223852
2376	-311.99168871629786
2377	-312.35931295425115
2378	-305.080556407951
2379	-310.4549899037551
2380	-307.25772677491966
2381	-308.6330127519222
2382	-303.82650599007815
2383	-300.3555061464038
2384	-304.96287687569077
2385	-306.6786878060838
2386	-309.46303653560096
2387	-300.38023500477414
2388	-301.37480152484284
2389	-298.0788909683518
2390	-308.4081249907785
2391	-299.150215124329
2392	-302.9917959548778
2393	-302.29427389422966
2394	-301.5072996762316
2395	-307.0923816354155
2396	-303.7220685022083
2397	-306.59289334603864
2398	-311.39082352521604
2399	-301.493381633304
2400	-309.24000124755196
2401	-302.08930321736983
2402	-307.26221281347216
2403	-311.8134991565683
2404	-306.8838824136499
2405	-302.35695889524186
2406	-308.74450672354067
2407	-309.9005420924856
2408	-307.9546267475347
2409	-303.88681804827553
2410	-298.677223707042
2411	-308.19048029894645
2412	-306.2232370794296
2413	-309.1150725757532
2414	-307.6366655961989
2415	-304.74753195668734
2416	-305.5909184529847
2417	-297.32100000000054
2418	-301.8428317243519
2419	-309.3941232871155
2420	-305.63669735323026
2421	-312.24925061585105
2422	-310.4939349275732
2423	-308.60446180201086
2424	-304.9941399731261
2425	-304.870662475323
2426	-303.08042937266146
2427	-307.51874225938184
2428	-304.3149301106874
2429	-308.2888647826318
2430	-308.2115438313744
2431	-306.03762267840335
2432	-309.48838285483237
2433	-307.22497827050694
2434	-306.0312112144239
2435	-305.7365527671577
2436	-310.7759248598455
2437	-301.4492375828526
2438	-308.64594954853897
2439	-313.8079113329436
2440	-304.0554956661424
2441	-305.1087249518215
2442	-304.07234443329725
2443	-303.2260611378339
2444	-308.9493706340833
2445	-303.08256614199706
2446	-302.1686251059779
2447	-303.9275850352366
2448	-308.1296985906318
2449	-299.8637494448035
2450	-300.49609013284964
2451	-304.4226484594859
2452	-304.4664322276162
2453	-302.6957942723193
2454	-307.6607228442418
2455	-311.35142652666184
2456	-311.6904798386293
2457	-305.3540924687491
2458	-310.6784559973112
2459	-307.2497915526151
2460	-310.3902676584321
2461	-300.93431519298167
2462	-300.3638670942236
2463	-290.11564872740536
2464	-295.32942352326165
2465	-297.4580396435272
2466	-304.2264249389044
2467	-305.8063183335048
2468	-310.23743007397235
2469	-302.7017422590113
2470	-305.92310935353925
2471	-304.72006915298016
2472	-300.2120826726628
2473	-307.127981800003
2474	-306.80044742551354
2475	-307.0281384230746
2476	-309.2802136167839
2477	-307.30520127496055
2478	-303.5637489941604
2479	-313.3104203740019
2480	-308.85826681011207
2481	-306.4524683972481
2482	-307.8532800181862
2483	-306.69887519705327
2484	-301.48584030385683
2485	-305.26880191100224
2486	-304.6584597262241
2487	-310.94154016781704
2488	-310.7133120113855
2489	-304.15825875474104
2490	-307.00994457438475
2491	-312.02547700584495
2492	-302.38465960731054
2493	-305.4602515588318
2494	-302.83371705636023
2495	-303.8484310989689
2496	-307.0369022342856
2497	-305.8230460431817
2498	-305.42268524719924
2499	-301.20010369027744
2500	-299.6397456451738
