
DoME_TB_4akea_1akea_0p6dc_2p6cr_lidmix_xxx_12000_xxx_0_m50p5_ene_target_14000_m60p80_0_m49p7_2d_proc_hist.pmf

predefined
{46 111} {65 111} {73 147}
initial
{45.7627 110.7563 0.0040403696935009} {65.0847 110.7563 0.0054305480650120265} {73.2203 147.0588 0.0008393330551342249}
after first assignment
{46.97729550677951 110.42129499299081 0.34159722983324825} {66.01939494449178 114.0219621827753 0.3415967194255275} {71.06431902583356 146.36337972522196 0.32627696849973575}
round	1
{46.97729550677951 110.42129499299081 0.34159722983324825} {66.01939494449178 114.0219621827753 0.3415967194255275} {71.06431902583356 146.36337972522196 0.32627696849973575}
round	2
{46.99939716209306 110.402073537201 0.34226929994773836} {66.2183954297294 115.33696621450557 0.3726164836382464} {71.37310903059947 148.20992736227248 0.29458513417252674}
round	3
{47.01567836062454 110.40424560532846 0.3428585611643029} {66.23992666704221 115.45096335836176 0.37446968525747615} {71.40826398653368 148.34604489639926 0.29214267133673244}
round	4
{47.064435525270184 110.39234332387365 0.3443919794194331} {66.27387756304563 115.48298938666692 0.37294233223116907} {71.40845861350428 148.34636472591507 0.2921366061079093}
round	5
{47.06443552546764 110.39234332390106 0.34439197942631256} {66.27387756321764 115.4829893867355 0.37294233222428963} {71.40845861350428 148.34636472591507 0.2921366061079093}
final
{47.06443552546764 110.39234332390106 0.34439197942631256} {66.27387756321764 115.4829893867355 0.37294233222428963} {71.40845861350428 148.34636472591507 0.2921366061079093}

DoME_TB_4akea_1akea_0p6dc_2p6cr_lidmix_xxx_12000_xxx_0_m50p5_ene_target_14000_m60p82_0_m49p7_2d_proc_hist.pmf

predefined
{46 111} {65 111} {73 147}
initial
{45.7627 110.7563 0.003975297052762174} {65.0847 110.7563 0.005375844111706139} {73.2203 147.0588 0.0008625827784044118}
after first assignment
{46.977392073022294 110.42139772559192 0.336106970752699} {66.0527756621367 114.0950949625345 0.3405210842169131} {71.06818766880396 146.4247760195149 0.33272308619485713}
round	1
{46.977392073022294 110.42139772559192 0.336106970752699} {66.0527756621367 114.0950949625345 0.3405210842169131} {71.06818766880396 146.4247760195149 0.33272308619485713}
round	2
{46.99952789194507 110.4021650540513 0.33676937825075487} {66.24302404314265 115.4058503406057 0.3714494359835352} {71.37686934235252 148.2291332283512 0.30113232693017916}
round	3
{47.06469722528571 110.39240290462772 0.3388620702475754} {66.2961381041138 115.54843594435671 0.371723856651669} {71.41233505693084 148.35790702991903 0.2987652142652248}
round	4
{47.06469722548317 110.39240290465513 0.33886207025434467} {66.29606909938617 115.54871753026791 0.3717298748872901} {71.41252397729268 148.35821758598226 0.29875919602283446}
final
{47.06469722548317 110.39240290465513 0.33886207025434467} {66.29606909938617 115.54871753026791 0.3717298748872901} {71.41252397729268 148.35821758598226 0.29875919602283446}

DoME_TB_4akea_1akea_0p6dc_2p6cr_lidmix_xxx_12000_xxx_0_m50p5_ene_target_14000_m60p84_0_m49p7_2d_proc_hist.pmf

predefined
{46 111} {65 111} {73 147}
initial
{45.7627 110.7563 0.003910027149348858} {65.0847 110.7563 0.00532005141430231} {73.2203 147.0588 0.0008861998905928223}
after first assignment
{46.97748875969138 110.4215005860608 0.33059967829253895} {66.07200073970647 114.13778667315472 0.338670027213074} {71.07615453868277 146.44720837486102 0.33996037305803983}
round	1
{46.97748875969138 110.4215005860608 0.33059967829253895} {66.07200073970647 114.13778667315472 0.338670027213074} {71.07615453868277 146.44720837486102 0.33996037305803983}
round	2
{46.999658842636464 110.40225666914863 0.3312523556924495} {66.26188097930519 115.46380279171058 0.36994028745674407} {71.3833302018193 148.23161811137203 0.3080374354144592}
round	3
{47.06495956018346 110.39246247357555 0.3333148320269083} {66.31475900578991 115.60842027183196 0.3702918045350851} {71.41848792524202 148.36005882305557 0.30562344200165936}
round	4
{47.06740149205987 110.39062746019269 0.33337776849965334} {66.31951580117385 115.6328285847906 0.3707252256897459} {71.42231334577417 148.38676171291507 0.3051270843742535}
round	5
{47.06740149206176 110.39062746019384 0.3333777684997244} {66.31951580117584 115.63282858479056 0.37072522568967486} {71.42231334577417 148.38676171291507 0.3051270843742535}
final
{47.06740149206176 110.39062746019384 0.3333777684997244} {66.31951580117584 115.63282858479056 0.37072522568967486} {71.42231334577417 148.38676171291507 0.3051270843742535}

DoME_TB_4akea_1akea_0p6dc_2p6cr_lidmix_xxx_12000_xxx_0_m50p5_ene_target_14000_m60p86_0_m49p7_2d_proc_hist.pmf

predefined
{46 111} {65 111} {73 147}
initial
{45.7627 110.7563 0.003844592566786403} {65.0847 110.7563 0.005263199272843701} {73.2203 147.0588 0.0009101766936722305}
after first assignment
{46.977585566969154 110.42160357460257 0.32507810498300477} {66.08874641060882 114.17686895720135 0.33666175437250867} {71.08539379103854 146.4640990438224 0.34736793248411607}
round	1
{46.977585566969154 110.42160357460257 0.32507810498300477} {66.08874641060882 114.17686895720135 0.33666175437250867} {71.08539379103854 146.4640990438224 0.34736793248411607}
round	2
{46.999772859410754 110.40228852458833 0.32572003986722164} {66.28096526186548 115.52359563561279 0.3683950370355928} {71.39015115720476 148.23518955397938 0.3149927149368151}
round	3
{47.06766397767109 110.39068733384364 0.32781491360596476} {66.3385294369084 115.6942542947973 0.3692483597141421} {71.42842566029198 148.38887374418178 0.31204451851952264}
round	4
{47.06766398299918 110.39068733130368 0.32781491375256766} {66.33852930304745 115.69425501669545 0.36924837492965407} {71.42842607272688 148.38887450467888 0.3120445031574078}
final
{47.06766398299918 110.39068733130368 0.32781491375256766} {66.33852930304745 115.69425501669545 0.36924837492965407} {71.42842607272688 148.38887450467888 0.3120445031574078}
