4
5
6
7
9
10
12
15
16
20
21
28
29
30
31
32
33
42
44
45
46
47
48
49
52
53
64
66
67
68
69
70
72
73
75
77
78
79
80
81
82
84
86
87
88
89
90
91
95
96
97
98
99
100
102
106
114
134
135
136
138
139
330
333
334
335
336
341
358
360
361
362
363
367
368
369
370
371
372
397
398
417
418
427
428
429
430
431
432
433
435
436
437
438
441
442
443
444
445
446
453
454
457
458
459
512
513
514
531
532
533
534
535
536
538
539
540
541
542
544
545
546
547
548
553
554
555
556
557
558
559
560
561
562
563
564
565
566
567
568
569
578
622
623
635
636
641
642
643
644
652
657
658
659
661
662
663
787
788
789
790
791
792
793
881
885
893
894
895
904
1117
1118
1120
1121
1122
1128
1129
1130
1135
1136
1137
1138
1160
1161
1162
1163
1164
1165
1166
1167
1168
1170
1176
1194
1195
1196
1197
1198
1202
1283
1286
1287
1288
1289
1290
1292
1293
1295
1299
1300
1306
1307
1309
1310
1322
1323
1324
1325
1326
1327
1328
1333
1334
1335
1336
1337
1338
1339
1342
1343
1344
1345
1346
1348
1349
1350
1351
1362
1363
1364
1369
1370
1371
1372
1374
1378
1381
1383
1384
1385
1386
1388
1389
1393
1394
1396
1399
1409
1410
1411
1412
1413
1414
1415
1417
1419
1421
1422
1424
1425
1426
1427
1428
1429
1430
1431
1432
1433
1436
1437
1438
1439
1440
1441
1442
1445
1447
1448
1453
1454
1457
1464
1465
1466
1468
1469
1470
1471
1472
1473
1474
1475
1476
1479
1480
1481
1482
1483
1484
1485
1486
1487
1488
1489
1490
1491
1492
1493
1494
1495
1496
1497
1498
1500
1501
1503
1504
1505
1506
1507
1508
1509
1510
1511
1512
1513
1514
1516
1517
1519
1520
1521
1522
1524
1525
1526
1528
1529
1530
1532
1533
1534
1535
1536
1537
1538
1539
1540
1541
1542
1561
1563
1564
1565
1566
1567
1570
1571
1572
1573
1574
1588
1589
1590
1591
1592
1593
1594
1596
1597
1598
1599
1604
1610
1611
1614
1671
1672
1673
1683
1684
1685
1690
1691
1692
1693
1694
1695
1697
1698
1699
1709
1710
1712
1713
1714
1715
1716
1717
1718
1719
1720
1721
1722
1751
1752
1753
1755
1756
1757
1758
1759
1763
1764
1765
1766
1767
1768
1769
1771
1772
1773
1774
1775
1797
1798
1807
1808
1810
1811
1813
1814
1815
1816
1817
1818
1819
1820
1821
1822
1824
1825
1827
1828
1829
1830
1832
1841
1842
1843
1844
1845
1846
1847
1849
1850
1852
1853
1854
1855
1856
1857
1859
1865
1866
1870
1871
1872
1873
1874
1875
1876
1888
1889
1905
1906
1907
1909
1911
1912
1913
1914
1917
1918
1919
1920
1922
1923
1924
1925
1926
1927
1928
1929
1930
1932
1933
1936
1937
1938
1939
1940
1962
1969
1970
1995
1996
1997
1998
2028
2029
2187
2189
2190
2222
2223
2230
2233
2235
2236
2238
2239
2240
2241
2318
2374
2375
2377
2378
2379
2381
2382
2383
2389
2390
2391
2392
2393
2396
2397
2398
2399
2400
2476
2477
2484
2485
2490
2509
2510
2511
2512
2513
2514
2515
2517
2521
2522
2524
2525
2526
2527
2528
2529
2530
2583
2909
2910
2929
2930
2931
2932
2933
2935
2936
3253
3257
3258
3259
3260
3261
3263
3275
3276
3277
3286
3287
3288
3289
3292
3293
3294
3295
3296
3297
3298
3299
3300
3301
3302
3303
3304
3305
3306
3307
3322
3491
3492
3494
3495
3496
3500
3508
3509
3516
3517
3519
3521
3522
3524
3537
3749
3751
3752
3753
3754
3755
3756
3757
3758
3759
3760
3761
3762
3763
3764
3765
3766
3767
3768
3769
3770
3771
3773
3774
3775
3777
3778
3780
3781
3783
3784
3785
3786
3788
3789
3790
3791
3792
3793
3794
3795
3796
3797
3798
3799
3800
3802
3803
3804
3806
3807
3809
3810
3811
3812
3813
3814
3816
3818
3819
3820
3821
3822
3823
3824
3825
3826
3834
3835
3836
3854
3855
3856
3857
3861
3862
3863
3864
3871
3872
3873
3874
3875
3877
3878
3886
3887
3888
3889
3890
3891
3892
3893
3894
3896
3897
3898
3899
3900
3901
3902
3913
3915
3934
3943
3959
3960
3961
3962
3963
3964
3965
3966
4232
4233
4234
4235
4236
4241
4250
4283
4284
4291
4292
4293
4304
4308
4309
4310
4311
4312
4313
4314
4320
4322
4323
4324
4325
4326
4327
4328
4904
4905
4907
4908
4909
4910
4911
4912
4913
4914
4915
4928
4929
4930
4931
4965
4966
4967
4968
4969
4974
4975
4976
4977
4981
4987
4988
4989
4990
4991
5287
5291
5293
5296
5297
5298
5324
5325
5330
5331
5333
5334
5335
5336
5337
5338
5339
5340
5438
5439
5440
5441
5446
5447
5448
5449
5450
5451
5452
5570
5571
5572
5573
5574
5575
5591
5592
5593
5594
5595
5607
5608
5610
5611
5612
5613
5615
5617
5620
5621
5622
5641
5643
5644
5645
5646
5650
5651
5655
5773
5776
5780
5781
5782
5783
5784
5785
5786
5789
5790
5791
5792
5793
5797
5801
5802
5803
5805
5806
5807
5808
5809
5817
5818
5819
5828
5829
5830
5831
5832
5838
5839
5845
5846
5847
5864
5865
5874
5898
5899
5906
5908
5909
5919
5920
5921
5922
5928
5947
5948
5949
5951
5952
5953
5954
5961
5962
5963
5964
5965
5966
5967
5968
5974
5975
6112
6113
6114
6122
6128
6133
6135
6175
6186
6187
6188
6191
6194
6195
6196
6197
6205
6206
6207
6208
6213
6215
6216
6231
6232
6233
6234
6235
6236
6237
6238
6240
6241
6622
6623
6624
6625
6626
6627
6628
6634
6636
6640
6641
6642
6643
6644
6647
6648
6649
6650
6651
6652
6653
6654
6661
6662
6664
6665
6666
6668
6670
6671
6672
6673
6674
6675
6676
6677
6678
6679
6680
6681
7137
7138
7139
7140
7141
7219
7220
7227
7228
7229
7230
7237
7238
7240
7242
7243
7244
7245
7247
7248
7249
7250
7251
7252
7253
7254
7255
7256
7257
7258
7259
7260
7261
7262
7263
7264
7265
7266
7267
7268
7275
7276
7288
7289
7290
7291
7292
7294
7295
7296
7297
7298
7300
7301
7302
7319
7320
7321
7322
7425
7426
7427
7431
7432
7433
7434
7435
7451
7452
7453
7454
7455
7458
7460
8316
8724
8829
9656
9755
9756
9761
9849
10183
10808
10843
11039
11737
12133
12134
12135
12660
12661
12662
12663
12665
12666
12667
12668
12669
12670
12671
12672
12674
12675
12679
12681
12683
12684
12689
12690
12692
12693
12694
12695
12696
12700
12701
12702
12703
12705
12706
12707
12708
12709
12710
12711
12712
12713
12715
12716
12717
12718
12719
12720
12721
12722
12723
12725
12726
12728
12729
12730
12731
12732
12734
12735
12963
12964
12965
12966
13190
13191
13192
13194
13195
13196
13198
13199
13203
13208
13223
13224
13226
13247
13249
13251
13255
13256
13289
13290
13291
13292
13293
13294
13295
13297
13299
13300
13301
13302
13303
13318
13320
13321
13323
13324
13330
13331
13332
13333
13334
13335
13336
13338
13341
13342
13343
13344
13347
13348
13349
13350
13351
13352
13354
13361
13362
13363
13364
13365
13366
13367
13370
13371
13372
13373
13412
13422
13430
13431
13432
13433
13434
13435
13436
13437
13438
13439
13440
13441
13442
13443
13444
13445
13447
13448
13449
13459
13460
13461
13462
13463
13464
13465
13466
13467
13468
13469
13470
13501
13502
13511
13538
13539
13541
13542
13552
13554
13555
13556
13557
13559
13565
13568
13569
13570
13571
13578
13579
13580
13581
13582
13583
13585
13586
13587
13588
13589
13611
13612
13950
13952
13953
13989
14003
14017
14018
14019
14020
14021
14022
14023
14024
14030
14031
14032
14033
14034
14035
14036
14363
14364
14365
14366
14367
14368
14369
14371
14372
14374
14375
15244
15248
15249
15250
15504
15512
15516
15522
15523
15525
15526
15531
15532
15533
15534
15535
15536
15552
15553
15554
15557
15561
15562
15563
15564
15565
15566
15567
15568
15569
15570
15571
15581
15582
15583
15586
15603
15632
15634
15635
15636
15648
15649
15650
15651
15652
15653
15654
15655
15657
15658
15659
15660
15671
15672
15673
15681
15682
15683
15684
15698
15700
15701
15702
15703
15704
15705
15706
15707
15708
15717
15718
15730
15731
15732
15733
15734
15737
15753
15754
15847
15848
15849
15850
15851
15852
15853
15869
16053
16054
16055
16056
16057
16058
16059
16060
16061
16062
16064
16069
16073
16079
16245
16372
16407
16408
16410
16411
16412
16416
16417
16418
16419
16420
16434
16435
16436
16437
16438
16439
16440
16455
16456
16457
16485
16486
16487
16488
16490
16491
16507
16510
16533
16534
16535
16536
16537
16538
16539
16540
16561
16562
16564
16565
16588
16595
16596
16614
16615
16616
16620
16621
16622
16624
16632
16633
16634
16637
16638
16639
16640
16641
16642
16643
16644
16645
16647
16648
16650
16651
16652
16653
16654
16655
16656
16662
16670
16671
16672
16673
16674
16675
16676
16678
16679
16680
16681
16682
16683
16684
16685
16688
16689
16690
16691
16692
16693
16694
16695
16697
16699
16700
16701
16702
16703
16704
16705
16706
16707
16708
16710
16713
16714
16715
16716
16717
16718
16719
16720
16721
16722
16724
16726
16727
16743
16744
16999
17000
17001
17002
17003
17005
17007
17009
17011
17012
17013
17014
17019
17020
17021
17028
17029
17035
17039
17046
17047
17057
17058
17060
17061
17062
17063
17064
17065
17066
17067
17073
17088
17089
17090
17092
17094
17095
17101
17102
17107
17121
17122
17123
17124
17131
17133
17134
17137
17138
17139
17140
17141
17142
17143
17144
17145
17146
17147
17330
17332
17333
17334
17335
17336
17337
17338
17339
17340
17342
17343
17344
17345
17346
17347
17348
17349
17350
17351
17352
17353
17354
17355
17356
17357
17358
17359
17360
17361
17362
17363
17364
17365
17366
17367
17368
17370
17371
17372
17373
17375
17376
17377
17378
17379
17380
17381
17382
17383
17384
17385
17387
17388
17389
17390
17391
17392
17393
17394
17395
17396
17398
17399
17400
17401
17402
17403
17405
17406
17407
17408
17410
17411
17412
17413
17414
17415
17416
17417
17418
17419
17425
17426
17427
17428
17429
17430
17652
17653
17654
17655
17656
17663
17671
17675
17676
17680
17681
17682
17684
17685
17686
17687
17695
17696
17701
17710
17711
17712
17713
17714
17715
17716
17717
17718
17719
17720
17721
17722
17723
17724
17725
17726
17727
17728
17729
17730
17731
17732
17733
17734
17740
17741
17742
17743
17744
17745
17755
17756
17757
17758
17759
17760
17761
17762
17763
17764
17770
17771
17772
17773
17786
17792
17793
17794
17796
18041
18042
18043
18044
18052
18053
18054
18055
18056
18063
18064
18065
18066
18067
18068
18076
18077
18078
18079
18080
18090
18092
18093
18102
18104
18105
18106
18107
18109
18110
18112
18113
18115
18116
18118
18119
18120
18122
18123
18124
18125
18128
18129
18130
18131
18132
18133
18136
18137
18139
18140
18141
18142
18143
18146
18147
18148
18180
18187
18188
18189
18190
18191
18192
18193
18194
18195
18196
18197
18198
18199
18200
18536
18537
18538
18542
18544
18545
18546
18761
18762
18763
18784
18785
18790
18791
18793
18794
18795
18796
18797
18798
18801
18802
18806
18807
18808
18809
18823
18824
18825
18826
18827
18828
18829
18830
18831
18838
18839
18840
18842
18845
18863
18864
18865
18877
18878
18879
18881
18888
18889
18890
18891
18894
18895
18896
18897
18898
18900
18915
18916
18917
18918
18920
18921
18922
18923
18924
18925
18926
18927
18928
18930
18931
18932
18933
18934
18935
18936
18937
18938
18939
18940
18941
18942
18943
18944
18945
18946
18947
18948
18949
18950
18951
18952
18954
18955
18956
18958
18969
18981
18982
18986
18987
18988
19006
19007
19008
19010
19011
19012
19013
19014
19015
19016
19018
19019
19020
19027
19028
19029
19030
19038
19039
19040
19041
19042
19043
19044
19047
19048
19049
19050
19052
19058
19059
19060
19061
19062
19063
19064
19065
19066
19092
19093
19098
19099
19100
19101
19102
19103
19104
19162
19163
19164
19165
19166
19167
19294
19295
19296
19303
19305
19306
19307
19310
19311
19312
19313
19314
19315
19316
19317
19318
19319
19320
19321
19322
19324
19325
19326
19327
19328
19330
19331
19336
19337
19338
19340
19341
19342
19343
19344
19345
19347
19348
19349
19350
19351
19352
19353
19354
19355
19356
19357
19358
19360
19361
19362
19363
19364
19365
19366
19367
19372
19373
19374
19377
19378
19379
19380
19384
19385
19386
19387
19390
19391
19392
19394
19395
19396
19397
19398
19408
19576
19577
19578
19579
19580
19581
19582
19583
19584
19585
19586
19587
19594
19595
19596
19598
19599
19600
19601
19602
19603
19604
19607
19608
19634
19645
19659
19660
19661
19662
19663
19664
19665
19667
19668
19685
19686
19687
19693
19695
19696
19697
19698
19699
19700
19701
19702
19708
19774
19775
19776
19777
19778
19784
19785
19786
19787
19788
19789
19791
19792
19793
19794
19795
19796
19797
19807
19808
19809
19811
19813
19814
19825
19826
19827
19828
19833
19834
19843
19847
19848
19849
19853
19854
19855
20093
20094
20095
20096
20099
20111
20112
20124
20138
20150
20151
20152
20153
20154
20155
20156
20157
20159
20160
20161
20162
20163
20164
20165
20166
20167
20285
20286
20287
20449
20450
20451
20454
20455
20456
20457
20458
20459
20465
20468
20470
20471
20472
20533
20534
20536
20537
20538
20539
20540
20555
20556
20557
20558
20559
20566
20567
20568
20570
20571
20577
20578
20609
20615
20616
20620
20621
20623
20624
20625
20626
20627
20629
20632
20633
20635
20636
20637
20638
20639
20640
20641
20665
20666
20667
20688
20689
20694
20695
20696
20697
20698
20699
20708
20709
20710
20713
20830
20899
20900
20901
20902
20903
20925
20926
20927
21141
21142
21143
21144
21146
21147
21153
21154
21155
21156
21170
21172
21173
21174
21195
21202
21224
21225
21236
21237
21238
21239
21240
21241
21247
21248
21255
21256
21274
21275
21276
21278
21279
21280
21281
21289
21290
21291
21314
21315
21316
21319
21320
21321
21322
21323
21324
21325
21326
21332
21333
21338
21339
21340
21342
21343
21344
21346
21347
21348
21349
21351
21381
21382
21383
21384
21385
21386
21388
21389
21390
21391
21392
21393
21394
21395
21396
21397
21398
21414
21415
21417
21418
21420
21421
21422
21423
21424
21425
21426
21427
21430
21432
21433
21435
21436
21437
21438
21439
21440
21441
21443
21444
21445
21446
21447
21712
21713
21714
21715
21717
21718
21719
21926
21932
21933
21936
21937
21938
21939
21940
21941
21942
21959
21960
21961
21962
21963
21964
21965
21972
21974
21975
22033
22034
22036
22041
22042
22043
22044
22045
22046
22047
22048
22049
22050
22079
22080
22081
22082
22083
22084
22085
22086
22088
22089
22090
22091
22092
22093
22104
22115
22116
22117
22118
22156
22444
22454
22455
22463
22474
22475
22488
22489
22490
22491
22668
22676
22677
22682
22688
22691
22693
22694
22696
22697
22698
22699
22702
22703
22708
22709
22710
22711
22715
22716
22717
22718
22725
22726
22727
22728
22729
22752
22753
22754
22755
22756
22757
22758
22759
22763
22764
22765
22766
22768
22769
22770
22771
22772
22804
22805
22808
22809
22818
22819
22820
22821
22824
22825
22826
22827
22829
22831
22832
22833
22834
22835
22836
22847
22848
22861
22868
22869
22876
22877
22878
22879
22880
22881
22882
22923
22924
22925
22936
22937
22938
22948
22949
22950
22952
22953
22954
22955
22956
22958
22959
22960
22961
22963
22964
22965
22966
22967
22968
22976
22978
22998
23002
23003
23005
23006
23007
23018
23057
23058
23059
23060
23063
23072
23073
23074
23075
23076
23078
23079
23080
23081
23082
23083
23084
23093
23094
23095
23101
23102
23103
23104
23105
23106
23107
23108
23111
23112
23113
23114
23137
23138
23139
23266
23278
23279
23292
23298
23299
23300
23301
23302
23303
23315
23317
23318
23319
23320
23321
23322
23323
23324
23325
23333
23338
23339
23342
23343
23344
23345
23346
23347
23348
23349
23353
23355
23356
23357
23358
23359
23363
23364
23365
23383
23384
23385
23387
23388
23389
23391
23392
23394
23395
23397
23398
23405
23406
23409
23412
23413
23414
23415
23416
23417
23418
23419
23420
23423
23434
23447
23450
23451
23452
23453
23454
23455
23456
23457
23458
23459
23460
23461
23462
23463
23464
23465
23466
23467
23768
23769
23770
23771
23774
23775
23776
23799
23870
23893
23894
23898
23905
23907
23913
23926
23941
23942
23943
23944
23950
24075
24076
24116
24117
24119
24378
24379
24380
24381
24382
24383
24384
24385
24386
24387
24390
24392
24393
24394
24395
24396
24397
24398
24399
24400
24401
24403
24404
24405
24415
24417
24418
24419
24420
24421
24525
25028
25029
25030
25031
25032
25034
25035
25037
25038
25039
25040
25059
25064
25065
25066
25068
25069
25083
25087
25088
25089
25090
25385
25392
25394
25395
25419
25423
25424
25425
25426
25427
25428
25429
25430
25447
25448
25461
25462
25463
25464
25465
25468
25475
25477
25478
25479
25480
25481
25483
25484
25485
25486
25487
25495
25496
25499
25500
25502
25503
25505
25506
25507
25508
25509
25520
26337
26341
26342
26343
26344
26348
26349
26366
26367
26373
26374
26375
26376
26377
26378
26379
26380
26381
26382
26384
26385
26386
26387
26388
26389
26390
26466
26647
26648
26672
26674
26677
26678
26679
26684
26685
26693
26694
26695
26696
26723
26724
26725
26726
26727
26728
26729
26730
26731
26732
26733
26735
26749
26756
26757
26762
26763
26764
26765
26766
26768
26769
26770
26771
26772
26773
26774
26775
26776
26782
26783
26788
26798
26889
26890
26892
26893
26894
26895
26896
26897
26898
26900
26901
26903
26904
26905
26906
27007
27008
27009
27010
27011
27014
27015
27040
27041
27043
27046
27047
27048
27049
27050
27051
27052
27053
27054
27072
27073
27079
27080
27082
27083
27084
27085
27086
27087
27088
27089
27090
27091
27109
27124
27125
27146
27147
27149
27150
27151
27163
27204
27225
27226
27227
27228
27229
27239
27242
27243
27244
27245
27246
27247
27248
27254
27255
27266
27267
27268
27270
27271
27272
27273
27274
27275
27277
27282
27283
27284
27287
27290
27291
27292
27294
27295
27296
27310
27311
27327
27339
27340
27341
27342
27344
27345
27346
27360
27361
27362
27365
27366
27370
27371
27376
27377
27378
27379
27380
27381
27382
27383
27384
27385
27386
27387
27399
27400
27421
27425
27426
27427
27428
27429
27430
27431
27432
27433
27434
27435
27441
27442
27443
27444
27445
27464
27465
27466
27467
27468
27469
27470
27471
27472
27473
27563
27564
27565
27566
27567
27568
27574
27578
27579
27580
27582
27586
27587
27589
27591
27592
27595
27596
27597
27598
27600
27601
27611
27612
27615
27616
27628
27629
27630
27631
27632
27633
27634
27635
27636
27637
27638
27640
27641
27642
27643
27644
27645
27650
27654
27655
27656
27657
27658
27660
27661
27662
27666
27668
27673
27674
27675
27676
27678
27680
27682
27684
27685
27687
27688
27689
27801
27802
27804
27806
27807
27808
27822
27823
27824
27833
27835
27836
27837
27838
27845
27851
27853
27857
27858
27859
27860
27862
27863
27864
27865
27867
27868
27872
27873
27874
27876
27877
27878
27879
27880
27883
27886
27887
27888
27889
27890
27891
27898
28201
28202
28203
28204
28205
28206
28207
28208
28209
28210
28213
28217
28218
28223
28224
28225
28232
28234
28235
28236
28237
28238
28239
28240
28256
28257
28258
28259
28260
28267
28268
28269
28270
28271
28272
28273
28274
28275
28276
28278
28279
28280
28281
28282
28287
28289
28290
28291
28292
28293
28294
28295
28296
28297
28298
28299
28300
28301
28307
28308
28312
28313
28503
28505
28506
28508
28665
28666
28667
28668
28669
28670
28671
28672
28673
28674
28680
28681
28682
28683
28684
28685
28686
28687
28688
28689
28690
28691
28694
28695
28697
28711
28712
28744
28745
28746
28747
28759
28760
28762
28763
28765
28770
28771
28775
28781
28782
28783
28784
28785
28787
28790
28796
28817
28818
28819
28820
28920
28921
28922
28923
28924
28927
28928
28929
28930
28932
28933
28934
28935
28938
28939
28940
28941
28942
28943
28944
28945
28947
28948
28950
28951
28952
28953
28954
28955
28956
28957
28958
28959
28960
28961
28962
28963
28964
28965
28966
28967
28968
28970
28971
28972
28973
28974
28975
28976
28977
28978
28979
28980
28995
28996
28997
28998
28999
29001
29002
29003
29004
29005
29006
29007
29008
29009
29010
29011
29012
29013
29014
29015
29016
29017
29018
29019
29020
29022
29031
29032
29033
29050
29051
29052
29053
29056
29057
29058
29059
29062
29063
29064
29066
29263
29264
29265
29266
29269
29270
29271
29272
29297
29298
29299
29303
29304
29305
29306
29307
29308
29311
29312
29313
29314
29316
29317
29318
29320
29321
29322
29323
29324
29327
29346
29348
29349
29350
29351
29352
29353
29354
29355
29356
29376
29387
29388
29397
29398
29415
29416
29417
29429
29430
29431
29432
29433
29434
29440
29441
29442
29480
29481
29482
29483
29487
29490
29492
29495
29496
29497
29500
29501
29507
29508
29509
29510
29511
29512
29513
29514
29533
29534
29535
29536
29537
29558
29559
29580
29581
29582
29584
29586
29587
29590
29592
29594
29599
29600
29601
29602
29603
29604
29605
29606
29607
29609
29610
29612
29613
29614
29615
29616
29617
29618
29619
29620
29621
29622
29623
29624
29625
29626
29627
29629
29630
29631
29632
29633
29634
29635
29636
29639
29640
29641
29645
29646
29648
29649
29650
29651
29652
29653
29654
29655
29656
29658
29659
29660
29674
29675
29676
29681
29682
29683
29794
29795
29796
29797
29798
29799
29800
29801
29818
29819
29820
29821
29823
29824
29825
29826
29827
29828
29829
29830
29831
29832
29834
29838
29839
29840
29841
29842
29843
29844
29845
29850
29855
29859
29860
29861
29862
29863
29864
29865
29866
29868
29869
29870
29874
29875
29876
29877
29890
29898
29899
29903
29904
29908
29909
29910
29911
29912
29913
29914
29915
29916
29924
29925
29926
29928
29929
29930
29931
29932
29933
29934
29935
29936
29938
30078
30079
30080
30089
30101
30103
30177
30178
30179
30180
30183
30184
30185
30186
30187
30188
30189
30194
30195
30201
30202
30209
30210
30211
30212
30213
30214
30229
30231
30233
30234
30235
30236
30237
30483
30484
30485
30486
30487
30488
30753
30756
30757
30758
30763
30767
30768
30774
30776
30780
30781
30782
30783
30784
30785
30786
30787
30788
30789
30790
30792
31279
31288
31321
31322
31329
31330
31331
31456
31457
31458
31459
31461
31462
31463
31522
31523
31524
31533
31534
31541
31542
31543
31544
31545
31546
31547
31552
31553
31554
31555
31556
31557
31558
31559
31560
31561
31562
31563
31581
31582
31583
31585
31586
31587
31588
31589
31590
31591
31593
31594
31595
31596
31597
31598
31599
31600
31601
31602
31603
31608
31609
31611
31612
31613
31614
31628
31629
31630
31631
31632
31633
31638
31640
31648
31650
31651
31652
31653
31655
31656
31657
31658
31659
31660
31661
31662
31663
31664
31665
31666
31667
31677
31678
31679
31680
31686
31687
31688
31700
31834
31835
31846
31847
31848
31849
31850
31851
31852
31856
31862
31866
31868
31869
31870
31871
31872
31873
31874
31875
31876
31877
31878
31879
31880
31881
31882
31883
31884
31885
31886
31887
31889
31890
31891
31892
31893
31895
31897
31899
31900
31901
31902
31903
31904
31905
31906
31908
31910
31911
31912
31913
31914
31915
31916
31917
31918
31920
31924
31925
31926
31927
31929
31932
31934
31935
31937
31938
31939
31959
31960
31961
31963
31964
31965
31967
31970
31972
31973
31974
31976
31977
31978
31979
31981
31982
31983
31984
31985
31986
31987
31990
31992
32007
32008
32027
32028
32034
32037
32038
32039
32040
32041
32042
32044
32050
32052
32053
32054
32055
32056
32057
32058
32060
32061
32065
32066
32067
32068
32069
32070
32072
32097
32098
32099
32100
32101
32102
32103
32106
32107
32108
32109
32110
32111
32112
32113
32114
32115
32116
32117
32118
32119
32120
32121
32122
32123
32124
32125
32126
32127
32128
32129
32130
32131
32142
32143
32144
32145
32156
32157
32158
32159
32165
32241
32242
32256
32358
32359
32360
32365
32366
32367
32368
32369
32370
32373
32383
32384
32401
32402
32403
32404
32405
32407
32408
32410
32412
32413
32414
32420
32421
32422
32466
32467
32924
32925
32926
32928
32929
32930
32931
32932
32933
32934
32937
32961
32963
32964
32965
32966
32967
32969
32986
32987
32988
32989
32990
32991
32992
32993
32994
33001
33002
33003
33004
33016
33017
33019
33033
33035
33036
33037
33038
33039
33040
33041
33042
33043
33044
33048
33049
33050
33077
33078
33079
33096
33097
33098
33099
33101
33102
33105
33107
33108
33109
33110
33111
33112
33113
33114
33115
33116
33117
33209
33210
33211
33213
33214
33215
33216
33217
33219
33220
33221
33222
33239
33240
33241
33242
33251
33252
33253
33255
33256
33257
33259
33263
33265
33266
33267
33268
33269
33270
33271
33277
33278
33279
33280
33281
33284
33285
33289
33308
33314
33315
33316
33317
33318
33319
33320
33321
33322
33323
33324
33326
33327
33374
33375
33378
33589
33591
33592
33593
33594
33595
33596
33597
33598
33599
33689
33690
33691
33883
33884
33887
33888
33889
33900
33901
33903
33904
33905
33906
33907
33908
33912
33913
33914
33915
33916
33918
34248
34249
34250
34251
34252
34253
34254
34255
34256
34257
34269
34272
34276
34279
34282
34283
34284
34285
34286
34290
34291
34292
34294
34295
34296
34297
34301
34302
34318
34319
34320
34321
34322
34323
34324
34325
34326
34327
34329
34330
34333
34334
34339
34340
34341
34362
34363
34364
34366
34367
34368
34369
34370
34371
34372
34373
34374
34375
34376
34377
34381
34382
34383
34385
34386
34387
34388
34389
34391
34392
34404
34406
34407
34408
34409
34410
34414
34415
34421
34422
34423
34424
34425
34426
34429
34430
34431
34432
34442
34447
34461
34465
34466
34467
34469
34470
34471
34472
34473
34474
34475
34476
34477
34478
34479
34480
34481
34482
34483
34492
34493
34496
34497
34498
34499
34520
34521
34522
34525
34526
34527
34528
34529
34530
34531
34532
34533
34534
34535
34536
34537
34538
34539
34540
34541
34542
34543
34544
34545
34546
34547
34549
34550
34551
34552
34555
34556
34557
34558
34559
34562
34563
34564
34565
34566
34567
34568
34569
34570
34571
34572
34573
34574
34575
34576
34577
34578
34579
34580
34581
34582
34583
34584
34585
34586
34587
34588
34589
34590
34591
34592
34593
34594
34595
34596
34597
34598
34599
34600
34601
34602
34603
34605
34606
34608
34609
34611
34612
34614
34615
34616
34617
34618
34619
34620
34621
34622
34623
34624
34625
34626
34627
34628
34629
34630
34631
34632
34634
34635
34636
34637
34647
34696
34697
34698
34699
34715
34716
34717
34718
34719
34720
34721
34723
35087
35088
35091
35403
35404
35447
35679
35733
35737
35739
35746
35747
35748
35760
35761
35770
35772
35783
35784
35787
35798
35799
35800
35801
35802
35804
35805
35806
35807
35808
35824
35825
35826
35827
35828
35830
35831
35832
35833
35834
35835
35836
35837
35838
35839
35854
35855
35856
35857
35858
35859
35871
35872
35873
35874
35875
35878
35973
35974
35975
35976
35977
35978
35979
35980
35981
35999
36000
36001
36002
36003
36004
36005
36205
36206
36207
36208
36220
36221
36222
36223
36224
36225
36226
36228
36236
36248
36249
36250
36252
36253
36254
36255
36256
36268
36269
36272
36279
36280
36281
36283
36284
36285
36286
36287
36295
36306
36352
36353
36354
36355
36358
36359
36360
36361
36362
36363
36364
36365
36366
36367
36368
36369
36370
36371
36476
36478
36488
36489
36491
36510
36511
36533
36534
36535
36539
36540
36541
36542
36543
36544
36545
36546
36547
36548
36549
36550
36551
36552
36553
36554
36555
36556
36557
36558
36559
36560
36561
36565
36566
36567
36568
36569
36572
36573
36574
36575
36576
36577
36645
36646
36648
36649
36650
36651
36652
36653
36654
36657
36659
36661
36662
36663
36664
36665
36669
36670
36671
36672
36682
36683
36685
36687
36688
36689
36690
36695
36696
36697
36698
36699
37058
37059
37060
37061
37062
37068
37155
37156
37157
37158
37159
37160
37169
37171
37172
37173
37174
37175
37176
37177
37178
37179
37183
37184
37185
37186
37188
37189
37190
37191
37192
37194
37195
37196
37197
37245
37249
37646
37649
37656
37657
37658
37659
37661
37662
37663
37706
37707
37711
37712
37714
37715
37716
37717
37718
37719
37989
37990
37992
37993
37994
38004
38005
38014
38017
38038
38039
38051
38052
38059
38077
38078
38079
38080
38082
38083
38085
38087
38088
38089
38090
38091
38092
38093
38094
38095
38201
38202
38203
38204
38206
38207
38208
38492
38494
38517
38518
38519
38520
38663
38664
38665
38668
38669
38670
38675
38676
38962
38972
38974
38975
38976
38977
38978
38979
38980
38981
38982
38983
38987
38990
38993
38995
39002
39003
39005
39006
39215
39217
39218
39219
39221
39222
39223
39225
39226
39227
39228
39230
39231
39233
39234
39236
39237
39239
39242
39244
39246
39249
39251
39252
39254
39255
39256
39258
39259
39260
39261
39262
39263
39264
39265
39266
39267
39268
39269
39270
39271
39296
39297
39308
39310
39312
39313
39314
39315
39317
39318
39319
39329
39330
39334
39335
39336
39337
39340
39344
39366
39367
39368
39369
39370
39790
39791
39792
39793
39813
39814
39816
39818
39819
39849
39850
39851
39852
39853
39854
39855
39856
39857
39858
39859
39860
39861
39862
39863
39864
39865
39867
39868
39869
39870
39871
39872
39885
39886
39887
39888
39889
39890
39891
39892
39893
39894
39902
39903
39904
39905
39906
39920
39922
39923
39924
39925
39926
39927
39928
39929
39930
39931
39932
39934
39935
39936
39938
39939
39940
39941
39943
39944
39945
39947
39949
39950
39951
39961
39962
39963
39964
