1
2
3
8
11
13
14
17
18
19
22
23
24
25
26
27
34
35
36
37
38
39
40
41
43
50
51
54
55
56
57
58
59
60
61
62
63
65
71
74
76
83
85
92
93
94
101
103
104
105
107
108
109
110
111
112
113
115
116
117
118
119
120
121
122
123
124
125
126
127
128
129
130
131
132
133
137
140
293
294
295
296
297
329
331
332
337
338
339
340
342
343
344
345
346
347
348
349
350
351
352
353
354
355
356
357
359
364
365
366
373
374
375
376
377
378
379
380
381
382
383
384
385
386
387
388
389
390
391
392
393
394
395
396
399
400
401
402
403
404
405
406
407
408
409
410
411
412
413
414
415
416
419
420
421
422
423
424
425
426
434
439
440
447
448
449
450
451
452
455
456
460
461
462
463
506
507
508
509
510
511
515
516
517
518
519
520
521
522
523
524
525
526
527
528
529
530
537
543
549
550
551
552
570
571
572
573
574
575
576
577
579
580
581
582
583
584
585
586
587
588
589
590
591
592
593
594
595
596
597
598
599
600
601
602
603
604
605
606
607
608
609
610
611
612
613
614
615
616
617
618
619
620
621
624
625
626
627
628
629
630
631
632
633
634
637
638
639
640
645
646
647
648
649
650
651
653
654
655
656
660
664
665
666
667
668
669
670
671
672
673
674
675
676
786
794
795
796
797
798
799
800
801
859
860
861
862
863
864
865
866
867
868
869
870
871
872
873
874
875
876
877
878
879
880
882
883
884
886
887
888
889
890
891
892
896
897
898
899
900
901
902
903
905
906
930
931
932
933
934
935
936
937
938
1115
1116
1119
1123
1124
1125
1126
1127
1131
1132
1133
1134
1139
1140
1141
1142
1143
1144
1145
1146
1147
1148
1149
1150
1151
1152
1153
1154
1155
1156
1157
1158
1159
1169
1171
1172
1173
1174
1175
1177
1178
1179
1180
1181
1182
1183
1184
1185
1186
1187
1188
1189
1190
1191
1192
1193
1199
1200
1201
1203
1268
1278
1279
1280
1281
1282
1284
1285
1291
1294
1296
1297
1298
1301
1302
1303
1304
1305
1308
1311
1312
1313
1314
1315
1316
1317
1318
1319
1320
1321
1329
1330
1331
1332
1340
1341
1347
1352
1353
1354
1355
1356
1357
1358
1359
1360
1361
1365
1366
1367
1368
1373
1375
1376
1377
1379
1380
1382
1387
1390
1391
1392
1395
1397
1398
1400
1401
1402
1403
1404
1405
1406
1407
1408
1416
1418
1420
1423
1434
1435
1443
1444
1446
1449
1450
1451
1452
1455
1456
1458
1459
1460
1461
1462
1463
1467
1477
1478
1499
1502
1515
1518
1523
1527
1531
1543
1544
1545
1546
1547
1548
1549
1550
1551
1552
1553
1554
1555
1556
1557
1558
1559
1560
1562
1568
1569
1575
1576
1577
1578
1579
1580
1581
1582
1583
1584
1585
1586
1587
1595
1600
1601
1602
1603
1605
1606
1607
1608
1609
1612
1613
1615
1654
1655
1656
1657
1658
1659
1660
1661
1662
1663
1664
1665
1666
1667
1668
1669
1670
1674
1675
1676
1677
1678
1679
1680
1681
1682
1686
1687
1688
1689
1696
1700
1701
1702
1703
1704
1705
1706
1707
1708
1711
1723
1724
1725
1726
1727
1728
1729
1730
1731
1732
1733
1734
1735
1736
1737
1738
1739
1740
1741
1742
1743
1744
1745
1746
1747
1748
1749
1750
1754
1760
1761
1762
1770
1776
1777
1778
1779
1780
1781
1782
1783
1784
1785
1786
1787
1788
1789
1790
1791
1792
1793
1794
1795
1796
1799
1800
1801
1802
1803
1804
1805
1806
1809
1812
1823
1826
1831
1833
1834
1835
1836
1837
1838
1839
1840
1848
1851
1858
1860
1861
1862
1863
1864
1867
1868
1869
1877
1878
1879
1880
1881
1882
1883
1884
1885
1886
1887
1890
1891
1892
1893
1894
1895
1896
1897
1898
1899
1900
1901
1902
1903
1904
1908
1910
1915
1916
1921
1931
1934
1935
1941
1942
1943
1944
1945
1946
1947
1948
1949
1950
1951
1952
1953
1954
1955
1956
1957
1958
1959
1960
1961
1963
1964
1965
1966
1967
1968
1971
1972
1973
1974
1975
1976
1977
1978
1979
1980
1981
1982
1983
1984
1985
1986
1987
1988
1989
1990
1991
1992
1993
1994
1999
2000
2001
2002
2003
2004
2005
2006
2007
2008
2009
2010
2011
2012
2013
2014
2015
2016
2017
2018
2019
2020
2021
2022
2023
2024
2025
2026
2027
2030
2031
2032
2033
2034
2072
2178
2179
2180
2181
2182
2183
2184
2185
2186
2188
2191
2192
2193
2194
2195
2196
2197
2198
2199
2200
2201
2202
2203
2204
2205
2206
2207
2208
2209
2210
2211
2212
2213
2214
2215
2216
2217
2218
2219
2220
2221
2224
2225
2226
2227
2228
2229
2231
2232
2234
2237
2242
2243
2244
2245
2246
2247
2248
2249
2250
2251
2252
2258
2259
2260
2316
2317
2319
2320
2321
2322
2323
2324
2325
2326
2327
2328
2329
2330
2331
2332
2333
2334
2335
2336
2357
2358
2359
2360
2361
2362
2363
2364
2365
2366
2367
2368
2376
2380
2384
2385
2386
2387
2388
2394
2395
2401
2402
2403
2404
2405
2464
2465
2466
2467
2468
2469
2470
2471
2472
2473
2474
2475
2478
2479
2480
2481
2482
2483
2486
2487
2488
2489
2491
2492
2493
2494
2495
2496
2497
2498
2499
2500
2501
2502
2503
2504
2505
2506
2507
2508
2516
2518
2519
2520
2523
2531
2532
2533
2534
2535
2536
2537
2538
2539
2540
2541
2542
2543
2544
2545
2546
2547
2548
2549
2550
2551
2552
2553
2554
2555
2556
2557
2558
2559
2560
2561
2562
2563
2564
2565
2566
2567
2568
2569
2570
2571
2572
2573
2574
2575
2576
2577
2578
2579
2580
2581
2582
2584
2585
2794
2904
2905
2906
2907
2908
2911
2912
2913
2914
2915
2916
2917
2918
2919
2920
2921
2922
2923
2924
2925
2926
2927
2928
2934
2937
2938
2939
2940
2941
2942
2943
2944
2945
3058
3095
3096
3097
3098
3099
3100
3101
3128
3245
3246
3247
3248
3249
3250
3251
3252
3254
3255
3256
3262
3264
3265
3266
3267
3268
3269
3270
3271
3272
3273
3274
3278
3279
3280
3281
3282
3283
3284
3285
3290
3291
3308
3309
3310
3323
3324
3325
3326
3327
3481
3482
3483
3484
3485
3486
3487
3488
3489
3490
3493
3497
3498
3499
3501
3502
3503
3504
3505
3506
3507
3510
3511
3512
3513
3514
3515
3518
3520
3523
3525
3526
3527
3528
3529
3530
3531
3532
3533
3534
3535
3536
3538
3539
3540
3541
3542
3543
3544
3545
3546
3547
3548
3549
3550
3750
3772
3776
3779
3782
3787
3801
3805
3808
3815
3817
3827
3828
3829
3830
3831
3832
3833
3837
3838
3839
3840
3841
3842
3843
3844
3845
3846
3847
3848
3849
3850
3851
3852
3853
3858
3859
3860
3865
3866
3867
3868
3869
3870
3876
3879
3880
3881
3882
3883
3884
3885
3895
3903
3904
3905
3906
3907
3908
3909
3910
3911
3912
3914
3916
3917
3918
3919
3920
3921
3922
3923
3924
3925
3926
3927
3928
3929
3930
3931
3933
3935
3936
3937
3938
3939
3940
3941
3942
3944
3945
3946
3947
3948
3949
3950
3951
3952
3953
3954
3955
3956
3957
3958
4001
4002
4003
4017
4018
4019
4020
4021
4022
4023
4024
4025
4026
4027
4028
4237
4238
4239
4240
4242
4243
4244
4245
4246
4247
4248
4249
4251
4252
4253
4254
4255
4256
4257
4258
4259
4260
4261
4262
4263
4264
4265
4266
4267
4268
4269
4270
4271
4272
4273
4274
4275
4276
4277
4278
4279
4280
4281
4282
4285
4286
4287
4288
4289
4290
4294
4295
4296
4297
4298
4299
4300
4301
4302
4303
4305
4306
4307
4315
4316
4317
4318
4319
4321
4329
4330
4331
4332
4754
4760
4768
4769
4770
4771
4772
4773
4774
4775
4831
4832
4833
4834
4835
4836
4906
4916
4917
4918
4919
4920
4921
4922
4923
4924
4925
4926
4927
4932
4933
4934
4935
4936
4937
4938
4939
4940
4941
4942
4943
4944
4945
4946
4947
4948
4949
4950
4951
4952
4953
4954
4955
4956
4957
4958
4959
4960
4961
4962
4963
4964
4970
4971
4972
4973
4978
4979
4980
4982
4983
4984
4985
4986
4992
4993
4994
4995
4996
4997
4998
4999
5000
5001
5130
5206
5285
5286
5288
5289
5290
5292
5294
5295
5299
5300
5301
5302
5303
5304
5305
5306
5307
5308
5309
5310
5311
5312
5313
5314
5315
5316
5317
5318
5319
5320
5321
5322
5323
5326
5327
5328
5329
5332
5341
5342
5343
5344
5345
5346
5347
5410
5416
5417
5418
5419
5420
5421
5422
5423
5424
5425
5426
5427
5428
5429
5430
5431
5432
5433
5434
5435
5436
5437
5442
5443
5444
5445
5453
5454
5455
5456
5457
5458
5459
5460
5461
5462
5463
5464
5465
5466
5467
5478
5479
5480
5526
5527
5528
5529
5530
5531
5532
5533
5534
5535
5536
5537
5538
5539
5540
5541
5542
5543
5544
5545
5546
5547
5548
5549
5550
5551
5552
5553
5554
5555
5556
5557
5558
5559
5560
5561
5562
5563
5564
5565
5566
5567
5568
5569
5576
5577
5578
5579
5580
5581
5582
5583
5584
5585
5586
5587
5588
5589
5590
5596
5597
5598
5599
5600
5601
5602
5603
5604
5605
5606
5609
5614
5616
5618
5619
5623
5624
5625
5626
5627
5628
5629
5630
5631
5632
5633
5634
5635
5636
5637
5638
5639
5640
5642
5647
5648
5649
5652
5653
5654
5656
5657
5768
5769
5770
5771
5772
5774
5775
5777
5778
5779
5787
5788
5794
5795
5796
5798
5799
5800
5804
5810
5811
5812
5813
5814
5815
5816
5820
5821
5822
5823
5824
5825
5826
5827
5833
5834
5835
5836
5837
5840
5841
5842
5843
5844
5848
5849
5850
5851
5852
5853
5854
5855
5856
5857
5858
5859
5860
5861
5862
5863
5866
5867
5868
5869
5870
5871
5872
5873
5875
5876
5877
5878
5879
5880
5881
5882
5883
5884
5885
5886
5887
5888
5889
5890
5891
5892
5893
5894
5895
5896
5897
5900
5901
5902
5903
5904
5905
5907
5910
5911
5912
5913
5914
5915
5916
5917
5918
5923
5924
5925
5926
5927
5929
5930
5931
5932
5933
5934
5935
5936
5937
5938
5939
5940
5941
5942
5943
5944
5945
5946
5950
5955
5956
5957
5958
5959
5960
5969
5970
5971
5972
5973
6110
6111
6115
6116
6117
6118
6119
6120
6121
6123
6124
6125
6126
6127
6129
6130
6131
6132
6134
6136
6137
6138
6139
6140
6141
6142
6143
6144
6145
6146
6147
6148
6149
6150
6151
6152
6153
6154
6155
6156
6157
6158
6159
6160
6161
6162
6163
6164
6165
6166
6167
6168
6169
6170
6171
6172
6173
6174
6176
6177
6178
6179
6180
6181
6182
6183
6184
6185
6189
6190
6192
6193
6198
6199
6200
6201
6202
6203
6204
6209
6210
6211
6212
6214
6217
6218
6219
6220
6221
6222
6223
6224
6225
6226
6227
6228
6229
6230
6239
6242
6606
6607
6608
6609
6610
6611
6612
6621
6629
6630
6631
6632
6633
6635
6637
6638
6639
6645
6646
6655
6656
6657
6658
6659
6660
6663
6667
6669
6682
6683
6684
6685
6696
6697
6698
6699
6700
6749
6951
7049
7135
7136
7142
7143
7144
7145
7192
7193
7194
7195
7196
7197
7198
7199
7200
7201
7202
7203
7204
7205
7206
7207
7208
7209
7210
7211
7212
7213
7214
7215
7216
7217
7218
7221
7222
7223
7224
7225
7226
7231
7232
7233
7234
7235
7236
7239
7241
7246
7269
7270
7271
7272
7273
7274
7277
7278
7279
7280
7281
7282
7283
7284
7285
7286
7287
7293
7299
7303
7304
7305
7306
7307
7308
7309
7315
7316
7317
7318
7323
7324
7325
7326
7342
7410
7428
7429
7430
7436
7437
7438
7439
7440
7441
7442
7443
7444
7445
7446
7447
7448
7449
7450
7456
7457
7459
7461
7529
7530
7531
7532
7533
7534
7535
7536
7537
7538
7539
7540
7541
7542
7543
7544
7545
7546
7547
7548
7549
7550
7998
7999
8000
8001
8002
8003
8004
8005
8006
8007
8008
8009
8010
8011
8012
8013
8014
8015
8016
8017
8018
8019
8020
8021
8022
8023
8024
8025
8026
8027
8028
8038
8039
8040
8041
8042
8043
8044
8045
8046
8047
8048
8049
8050
8094
8095
8096
8097
8098
8099
8100
8101
8102
8103
8104
8105
8284
8285
8286
8287
8288
8289
8290
8291
8292
8293
8294
8295
8296
8297
8298
8299
8300
8301
8302
8303
8304
8305
8306
8307
8308
8309
8310
8311
8312
8313
8314
8315
8317
8318
8319
8320
8321
8322
8323
8324
8325
8326
8327
8328
8329
8330
8331
8332
8333
8334
8335
8336
8337
8338
8339
8340
8341
8342
8343
8344
8345
8346
8347
8348
8349
8365
8366
8367
8368
8369
8370
8371
8372
8435
8458
8459
8460
8461
8462
8485
8486
8487
8488
8527
8528
8529
8530
8531
8532
8533
8541
8640
8641
8642
8643
8644
8645
8646
8647
8648
8649
8650
8651
8652
8653
8654
8655
8656
8657
8658
8659
8660
8661
8662
8663
8664
8665
8666
8667
8668
8669
8670
8671
8672
8673
8674
8675
8676
8677
8678
8679
8680
8681
8682
8683
8684
8685
8686
8687
8688
8689
8690
8691
8692
8693
8694
8695
8696
8697
8698
8699
8700
8701
8702
8703
8704
8705
8706
8707
8708
8709
8710
8711
8712
8713
8714
8715
8716
8717
8718
8719
8720
8721
8722
8723
8725
8726
8727
8728
8729
8730
8731
8819
8820
8821
8822
8823
8824
8825
8826
8827
8828
8830
8831
8832
8833
8834
8835
8836
8837
8838
8839
8840
8841
8842
8843
8844
8845
8846
8847
8848
8849
8850
8851
8852
8853
8854
8855
8856
8857
8858
8859
8860
8861
8862
8863
8864
8865
8866
8867
8868
8869
8870
8871
8872
8873
8874
8875
8876
8877
8878
8879
8880
8881
8882
8883
8884
8885
8886
8887
8888
8889
8890
8891
8892
8893
8894
8895
8896
8897
8898
8899
8900
8901
8902
9044
9045
9089
9094
9095
9096
9097
9098
9099
9100
9101
9102
9103
9104
9105
9106
9107
9108
9109
9110
9111
9112
9113
9114
9115
9116
9117
9118
9119
9120
9121
9122
9123
9124
9125
9126
9127
9128
9129
9130
9131
9132
9133
9134
9135
9136
9199
9200
9210
9211
9212
9213
9214
9215
9280
9369
9370
9371
9372
9373
9374
9375
9376
9377
9378
9379
9380
9381
9382
9383
9384
9385
9386
9387
9388
9389
9390
9391
9392
9393
9394
9395
9396
9397
9398
9399
9400
9401
9402
9403
9404
9405
9406
9407
9408
9409
9410
9411
9412
9413
9414
9415
9416
9417
9418
9419
9420
9421
9422
9423
9424
9425
9426
9427
9428
9429
9430
9431
9432
9433
9434
9457
9572
9573
9574
9575
9576
9577
9578
9579
9580
9581
9582
9583
9584
9585
9586
9587
9588
9589
9590
9591
9604
9650
9651
9652
9653
9654
9655
9657
9658
9659
9660
9684
9685
9686
9687
9688
9689
9690
9691
9692
9693
9694
9695
9696
9697
9698
9699
9700
9701
9702
9703
9704
9705
9706
9707
9708
9709
9710
9711
9712
9713
9714
9715
9716
9717
9718
9719
9720
9721
9722
9723
9724
9725
9731
9732
9733
9734
9735
9736
9737
9738
9739
9740
9741
9742
9743
9744
9745
9746
9747
9748
9749
9750
9751
9752
9753
9754
9757
9758
9759
9760
9790
9791
9792
9793
9794
9795
9796
9797
9798
9799
9800
9801
9802
9803
9804
9805
9806
9807
9808
9809
9810
9817
9818
9819
9820
9821
9822
9823
9824
9825
9826
9827
9828
9829
9830
9831
9832
9833
9834
9835
9836
9837
9838
9839
9840
9841
9842
9843
9844
9845
9846
9847
9848
9850
9851
9852
9853
9854
9855
9856
9857
9858
9859
9860
9861
9862
9863
9864
9865
9866
9867
9868
9869
9870
9871
9872
9873
9874
9875
9876
9877
9878
9879
9880
9881
9882
9883
9884
9885
9886
9887
9888
9889
9890
9891
9892
9893
9911
9912
9980
9981
9982
9983
9984
10025
10026
10027
10028
10029
10030
10031
10032
10033
10034
10035
10036
10037
10038
10039
10040
10041
10103
10104
10105
10106
10107
10149
10150
10151
10152
10153
10154
10155
10156
10157
10158
10159
10160
10161
10162
10163
10164
10165
10166
10167
10168
10169
10170
10171
10172
10177
10178
10179
10180
10181
10182
10184
10185
10186
10187
10188
10189
10190
10191
10192
10193
10194
10195
10196
10197
10198
10199
10200
10201
10202
10203
10204
10205
10206
10207
10208
10209
10210
10211
10212
10213
10214
10215
10216
10217
10218
10219
10220
10221
10222
10223
10224
10225
10226
10227
10228
10229
10230
10231
10232
10233
10234
10235
10679
10680
10681
10731
10732
10733
10734
10735
10736
10737
10743
10744
10745
10746
10747
10748
10749
10750
10751
10752
10753
10754
10755
10756
10757
10758
10759
10760
10761
10762
10763
10764
10765
10766
10767
10768
10769
10770
10771
10772
10773
10774
10775
10776
10777
10778
10779
10780
10781
10782
10783
10784
10785
10786
10787
10788
10789
10790
10791
10792
10793
10794
10795
10796
10797
10798
10799
10800
10801
10802
10803
10804
10805
10806
10807
10816
10817
10818
10819
10820
10821
10822
10823
10824
10825
10826
10827
10828
10829
10830
10831
10832
10833
10834
10835
10836
10837
10838
10839
10840
10841
10842
10844
10930
10952
10953
10954
10955
10956
10960
10961
10962
10963
10964
10965
10966
10967
10968
10969
10970
10971
10972
10973
10974
11020
11021
11022
11023
11024
11025
11026
11027
11028
11029
11030
11031
11032
11033
11034
11035
11036
11037
11038
11040
11041
11042
11043
11044
11045
11046
11047
11048
11049
11050
11051
11052
11053
11054
11055
11056
11057
11058
11059
11060
11061
11062
11063
11064
11065
11066
11067
11068
11069
11070
11071
11072
11073
11074
11075
11076
11077
11201
11202
11203
11208
11209
11210
11211
11212
11213
11214
11215
11216
11217
11218
11219
11220
11221
11222
11223
11224
11225
11226
11227
11228
11229
11230
11231
11232
11233
11234
11235
11236
11237
11238
11239
11240
11241
11242
11340
11498
11499
11500
11501
11565
11566
11567
11568
11569
11570
11571
11572
11573
11574
11575
11576
11577
11578
11579
11580
11581
11582
11583
11584
11585
11586
11587
11588
11589
11590
11591
11592
11593
11594
11595
11596
11597
11678
11679
11680
11681
11682
11683
11694
11722
11723
11724
11725
11726
11727
11731
11732
11733
11734
11735
11736
11738
11739
11740
11741
11742
11743
11744
11745
11746
11747
11748
11749
11750
11751
11752
11753
11754
11755
11756
11757
11758
11759
11760
11761
11762
11763
11764
11765
11766
11767
11768
11769
11770
11771
11772
11773
11774
11775
11776
11777
11778
11779
11780
11781
11834
11852
11853
11854
11855
11856
11857
11858
11859
11860
11861
11862
11863
11864
11865
11931
11932
11933
11934
11935
11947
11953
11990
11991
11992
11993
11994
11995
11996
11997
11998
11999
12000
12001
12002
12003
12004
12005
12006
12007
12008
12009
12010
12011
12012
12013
12014
12015
12016
12017
12018
12019
12020
12021
12022
12023
12024
12025
12026
12027
12028
12029
12030
12031
12032
12033
12034
12035
12036
12037
12038
12039
12040
12041
12042
12043
12044
12045
12046
12047
12048
12049
12050
12051
12052
12053
12054
12055
12056
12057
12058
12059
12060
12061
12062
12063
12064
12065
12066
12067
12068
12069
12070
12071
12072
12073
12074
12075
12076
12077
12078
12079
12080
12081
12082
12083
12084
12085
12086
12087
12088
12089
12090
12091
12092
12093
12094
12095
12096
12097
12098
12099
12100
12101
12102
12103
12104
12105
12106
12107
12108
12109
12110
12111
12112
12113
12114
12115
12116
12117
12118
12119
12120
12121
12122
12123
12124
12125
12126
12127
12128
12129
12130
12131
12132
12136
12137
12138
12139
12140
12141
12142
12143
12144
12145
12146
12147
12148
12149
12150
12151
12152
12153
12154
12155
12156
12157
12158
12159
12160
12161
12162
12163
12164
12165
12166
12167
12168
12169
12170
12171
12172
12173
12174
12175
12176
12177
12178
12179
12180
12181
12182
12183
12184
12185
12222
12223
12224
12225
12226
12227
12230
12263
12337
12338
12339
12340
12437
12618
12619
12620
12621
12622
12623
12624
12625
12626
12627
12628
12629
12630
12631
12632
12633
12634
12635
12636
12637
12638
12639
12640
12641
12642
12643
12644
12645
12646
12647
12648
12649
12650
12651
12652
12653
12654
12655
12656
12657
12658
12659
12664
12673
12676
12677
12678
12680
12682
12685
12686
12687
12688
12691
12697
12698
12699
12704
12714
12724
12727
12733
12736
12737
12738
12875
12876
12877
12961
12962
12967
12968
12969
12970
12971
13176
13177
13178
13179
13180
13181
13182
13183
13184
13185
13186
13187
13188
13189
13193
13197
13200
13201
13202
13204
13205
13206
13207
13209
13210
13211
13212
13213
13214
13215
13216
13217
13218
13219
13220
13221
13222
13225
13227
13228
13229
13230
13231
13232
13233
13234
13235
13236
13237
13238
13239
13240
13241
13242
13243
13244
13245
13246
13248
13250
13252
13253
13254
13257
13258
13259
13275
13287
13288
13296
13298
13304
13305
13306
13307
13308
13309
13310
13311
13312
13313
13314
13315
13316
13317
13319
13322
13325
13326
13327
13328
13329
13337
13339
13340
13345
13346
13353
13355
13356
13357
13358
13359
13360
13368
13369
13374
13375
13376
13377
13378
13379
13380
13381
13382
13383
13384
13385
13386
13387
13388
13389
13390
13391
13392
13393
13394
13395
13396
13397
13398
13399
13400
13401
13402
13403
13404
13405
13406
13407
13408
13409
13410
13411
13413
13414
13415
13416
13417
13418
13419
13420
13421
13423
13424
13425
13426
13427
13428
13429
13446
13450
13451
13452
13453
13454
13455
13456
13457
13458
13471
13472
13473
13495
13496
13497
13498
13499
13500
13503
13504
13505
13506
13507
13508
13509
13510
13512
13513
13514
13515
13516
13517
13518
13519
13520
13521
13522
13523
13524
13525
13526
13527
13528
13529
13530
13531
13532
13533
13534
13535
13536
13537
13540
13543
13544
13545
13546
13547
13548
13549
13550
13551
13553
13558
13560
13561
13562
13563
13564
13566
13567
13572
13573
13574
13575
13576
13577
13584
13590
13609
13610
13613
13688
13689
13814
13944
13945
13946
13947
13948
13949
13951
13954
13955
13956
13957
13958
13959
13960
13961
13962
13963
13964
13965
13966
13967
13968
13969
13970
13971
13972
13973
13974
13975
13976
13977
13978
13979
13980
13981
13982
13983
13984
13985
13986
13987
13988
13990
13991
13992
13993
13994
13995
13996
13997
13998
13999
14000
14001
14002
14004
14005
14006
14007
14008
14009
14010
14011
14012
14013
14014
14015
14016
14025
14026
14027
14028
14029
14037
14214
14349
14350
14351
14352
14353
14354
14355
14356
14357
14358
14359
14360
14361
14362
14370
14373
14376
14377
14378
14379
14380
14381
14382
14419
14420
14421
14422
14423
14551
14907
15018
15019
15020
15021
15022
15232
15233
15234
15235
15236
15237
15238
15239
15240
15241
15242
15243
15245
15246
15247
15251
15483
15484
15485
15486
15487
15488
15489
15490
15491
15492
15493
15494
15495
15496
15497
15498
15499
15500
15501
15502
15503
15505
15506
15507
15508
15509
15510
15511
15513
15514
15515
15517
15518
15519
15520
15521
15524
15527
15528
15529
15530
15537
15538
15539
15540
15541
15542
15543
15544
15545
15546
15547
15548
15549
15550
15551
15555
15556
15558
15559
15560
15572
15573
15574
15575
15576
15577
15578
15579
15580
15584
15585
15587
15588
15589
15590
15591
15592
15593
15594
15595
15596
15597
15598
15599
15600
15601
15602
15604
15605
15606
15607
15608
15609
15610
15611
15612
15613
15614
15615
15616
15617
15618
15619
15620
15621
15622
15623
15624
15625
15626
15627
15628
15629
15630
15631
15633
15637
15638
15639
15640
15641
15642
15643
15644
15645
15646
15647
15656
15661
15662
15663
15664
15665
15666
15667
15668
15669
15670
15674
15675
15676
15677
15678
15679
15680
15685
15686
15687
15688
15689
15690
15691
15692
15693
15694
15695
15696
15697
15699
15709
15710
15711
15712
15713
15714
15715
15716
15719
15720
15721
15722
15723
15724
15725
15726
15727
15728
15729
15735
15736
15738
15739
15740
15741
15742
15743
15744
15745
15746
15747
15748
15749
15750
15751
15752
15755
15756
15757
15758
15759
15760
15761
15762
15763
15764
15765
15766
15767
15768
15769
15770
15771
15772
15846
15854
15855
15868
15870
16063
16065
16066
16067
16068
16070
16071
16072
16074
16075
16076
16077
16078
16080
16401
16402
16403
16404
16405
16406
16409
16413
16414
16415
16421
16422
16423
16424
16425
16426
16427
16428
16429
16430
16431
16432
16433
16441
16442
16443
16444
16445
16446
16447
16448
16449
16450
16451
16452
16453
16454
16458
16459
16460
16461
16462
16463
16464
16465
16466
16467
16468
16469
16470
16471
16472
16473
16474
16475
16476
16477
16478
16479
16480
16481
16482
16483
16484
16489
16492
16493
16494
16495
16496
16497
16498
16499
16500
16501
16502
16503
16504
16505
16506
16508
16509
16511
16512
16513
16514
16515
16516
16517
16518
16519
16520
16521
16522
16523
16524
16525
16526
16527
16528
16529
16530
16531
16532
16541
16542
16543
16544
16545
16546
16547
16548
16549
16550
16551
16552
16553
16554
16555
16556
16557
16558
16559
16560
16563
16566
16567
16568
16569
16570
16571
16572
16573
16574
16575
16576
16577
16578
16579
16580
16581
16582
16583
16584
16585
16586
16587
16589
16590
16591
16592
16593
16594
16597
16598
16599
16600
16601
16602
16603
16604
16605
16606
16607
16608
16609
16610
16611
16612
16613
16617
16618
16619
16623
16625
16626
16627
16628
16629
16630
16631
16635
16636
16646
16649
16657
16658
16659
16660
16661
16663
16664
16665
16666
16667
16668
16669
16677
16686
16687
16696
16698
16709
16711
16712
16723
16725
16728
16729
16730
16731
16732
16733
16734
16735
16736
16737
16738
16739
16740
16741
16742
16745
16746
16747
16748
16749
16750
16751
16752
16753
16754
16755
16756
16813
16981
16982
16983
16984
16985
16986
16987
16988
16989
16990
16991
16992
16993
16994
16995
16996
16997
16998
17004
17006
17008
17010
17015
17016
17017
17018
17022
17023
17024
17025
17026
17027
17030
17031
17032
17033
17034
17036
17037
17038
17040
17041
17042
17043
17044
17045
17048
17049
17050
17051
17052
17053
17054
17055
17056
17059
17068
17069
17070
17071
17072
17074
17075
17076
17077
17078
17079
17080
17081
17082
17083
17084
17085
17086
17087
17091
17093
17096
17097
17098
17099
17100
17103
17104
17105
17106
17108
17109
17110
17111
17112
17113
17114
17115
17116
17117
17118
17119
17120
17125
17126
17127
17128
17129
17130
17132
17135
17136
17148
17149
17150
17151
17328
17329
17331
17341
17369
17374
17386
17397
17404
17409
17420
17421
17422
17423
17424
17431
17432
17433
17434
17435
17436
17437
17438
17650
17651
17657
17658
17659
17660
17661
17662
17664
17665
17666
17667
17668
17669
17670
17672
17673
17674
17677
17678
17679
17683
17688
17689
17690
17691
17692
17693
17694
17697
17698
17699
17700
17702
17703
17704
17705
17706
17707
17708
17709
17735
17736
17737
17738
17739
17746
17747
17748
17749
17750
17751
17752
17753
17754
17765
17766
17767
17768
17769
17774
17775
17776
17777
17778
17779
17780
17781
17782
17783
17784
17785
17787
17788
17789
17790
17791
17795
17797
17798
17799
18022
18023
18024
18025
18026
18027
18028
18029
18030
18031
18032
18033
18034
18035
18036
18037
18038
18039
18040
18045
18046
18047
18048
18049
18050
18051
18057
18058
18059
18060
18061
18062
18069
18070
18071
18072
18073
18074
18075
18081
18082
18083
18084
18085
18086
18087
18088
18089
18091
18094
18095
18096
18097
18098
18099
18100
18101
18103
18108
18111
18114
18117
18121
18126
18127
18134
18135
18138
18144
18145
18149
18150
18151
18152
18153
18154
18155
18156
18157
18158
18159
18160
18161
18162
18163
18164
18165
18166
18167
18168
18169
18170
18171
18172
18173
18174
18175
18176
18177
18178
18179
18181
18182
18183
18184
18185
18186
18296
18366
18367
18368
18369
18530
18531
18532
18533
18534
18535
18539
18540
18541
18543
18547
18548
18549
18550
18758
18759
18760
18764
18765
18766
18767
18768
18769
18770
18771
18772
18773
18774
18775
18776
18777
18778
18779
18780
18781
18782
18783
18786
18787
18788
18789
18792
18799
18800
18803
18804
18805
18810
18811
18812
18813
18814
18815
18816
18817
18818
18819
18820
18821
18822
18832
18833
18834
18835
18836
18837
18841
18843
18844
18846
18847
18848
18849
18850
18851
18852
18853
18854
18855
18856
18857
18858
18859
18860
18861
18862
18866
18867
18868
18869
18870
18871
18872
18873
18874
18875
18876
18880
18882
18883
18884
18885
18886
18887
18892
18893
18899
18901
18902
18903
18904
18905
18906
18907
18908
18909
18910
18911
18912
18913
18914
18919
18929
18953
18957
18959
18960
18961
18962
18963
18964
18965
18966
18967
18968
18970
18971
18972
18973
18974
18975
18976
18977
18978
18979
18980
18983
18984
18985
18989
18990
18991
18992
18993
18994
18995
18996
18997
18998
18999
19000
19001
19002
19004
19005
19009
19017
19021
19022
19023
19024
19025
19026
19031
19033
19034
19035
19036
19037
19045
19046
19051
19053
19054
19055
19056
19057
19067
19068
19069
19070
19071
19089
19090
19091
19094
19095
19096
19097
19105
19106
19107
19108
19109
19110
19111
19112
19160
19161
19168
19169
19170
19171
19264
19284
19285
19286
19287
19288
19289
19290
19291
19292
19293
19297
19298
19299
19300
19301
19302
19304
19308
19309
19323
19329
19332
19333
19334
19335
19339
19346
19359
19368
19369
19370
19371
19375
19376
19381
19382
19383
19388
19389
19393
19399
19400
19401
19402
19403
19404
19405
19406
19407
19409
19410
19411
19412
19413
19414
19415
19416
19417
19418
19419
19420
19421
19422
19423
19424
19560
19572
19573
19574
19575
19588
19589
19590
19591
19592
19593
19597
19605
19606
19609
19610
19611
19612
19613
19614
19615
19616
19617
19618
19619
19620
19621
19622
19623
19624
19625
19626
19627
19628
19629
19630
19631
19632
19633
19635
19636
19637
19638
19639
19640
19641
19642
19643
19644
19646
19647
19648
19649
19650
19651
19652
19653
19654
19655
19656
19657
19658
19666
19669
19670
19671
19672
19673
19674
19675
19676
19677
19678
19679
19680
19681
19682
19683
19684
19688
19689
19690
19691
19692
19694
19703
19704
19705
19706
19707
19709
19710
19711
19712
19713
19779
19780
19781
19782
19783
19790
19798
19799
19800
19801
19802
19803
19804
19805
19806
19810
19812
19815
19816
19817
19818
19819
19820
19821
19822
19823
19824
19829
19830
19831
19832
19835
19836
19837
19838
19839
19840
19841
19842
19844
19845
19846
19850
19851
19852
19856
19959
20075
20076
20077
20078
20079
20080
20081
20082
20083
20084
20085
20086
20087
20088
20089
20090
20091
20092
20097
20098
20100
20101
20102
20103
20104
20106
20107
20108
20109
20110
20113
20114
20115
20116
20117
20118
20119
20120
20121
20122
20123
20125
20126
20127
20128
20129
20130
20131
20132
20133
20134
20135
20136
20137
20139
20140
20141
20142
20143
20144
20145
20146
20147
20148
20149
20158
20283
20284
20288
20294
20314
20351
20393
20443
20444
20445
20446
20447
20448
20452
20453
20460
20461
20462
20463
20464
20466
20467
20469
20473
20474
20532
20535
20541
20542
20543
20544
20545
20546
20547
20548
20549
20550
20551
20552
20553
20554
20560
20561
20562
20563
20564
20565
20569
20572
20573
20574
20575
20576
20579
20580
20581
20582
20583
20584
20585
20586
20587
20588
20589
20590
20591
20592
20593
20594
20595
20596
20597
20598
20599
20600
20601
20602
20603
20604
20605
20606
20607
20608
20610
20611
20612
20613
20614
20617
20618
20619
20622
20628
20630
20631
20634
20642
20643
20644
20645
20646
20647
20648
20649
20650
20651
20652
20653
20654
20655
20656
20657
20658
20659
20660
20661
20662
20663
20664
20668
20669
20670
20671
20672
20673
20674
20675
20676
20677
20678
20679
20680
20681
20682
20683
20684
20685
20686
20687
20690
20691
20693
20700
20701
20702
20703
20704
20705
20706
20707
20711
20712
20714
20715
20716
20717
20718
20810
20811
20812
20813
20814
20815
20816
20817
20818
20819
20820
20821
20822
20823
20824
20825
20826
20827
20828
20829
20831
20832
20833
20834
20835
20836
20837
20838
20839
20840
20895
20896
20897
20898
20904
20905
20906
20907
20908
20909
20910
20911
20912
20913
20914
20915
20916
20917
20918
20919
20920
20921
20922
20923
20924
20928
20929
20930
20931
21132
21133
21134
21135
21136
21137
21138
21139
21140
21145
21148
21149
21150
21151
21152
21157
21158
21159
21160
21161
21162
21163
21164
21165
21166
21167
21168
21169
21171
21175
21176
21177
21178
21179
21180
21181
21182
21183
21184
21185
21186
21187
21188
21189
21190
21191
21192
21193
21194
21196
21197
21198
21199
21200
21201
21203
21204
21205
21206
21207
21208
21209
21210
21211
21212
21213
21214
21215
21216
21217
21218
21219
21220
21221
21222
21223
21226
21227
21228
21229
21230
21231
21232
21233
21234
21235
21242
21243
21244
21245
21246
21249
21250
21251
21252
21253
21254
21257
21258
21259
21260
21261
21262
21263
21264
21265
21266
21267
21268
21269
21270
21271
21272
21273
21277
21282
21283
21284
21285
21286
21287
21288
21292
21293
21294
21295
21296
21297
21298
21299
21300
21301
21302
21303
21304
21305
21306
21307
21308
21309
21310
21311
21312
21313
21317
21318
21327
21328
21329
21330
21331
21334
21335
21336
21337
21341
21345
21350
21352
21353
21354
21355
21356
21357
21358
21359
21360
21361
21362
21363
21364
21365
21366
21367
21368
21369
21370
21371
21372
21373
21374
21375
21376
21377
21378
21379
21380
21387
21399
21400
21401
21402
21403
21404
21405
21406
21407
21408
21409
21410
21411
21412
21413
21416
21419
21428
21429
21431
21434
21442
21448
21449
21450
21451
21467
21468
21469
21470
21471
21472
21473
21474
21475
21476
21477
21478
21479
21480
21707
21708
21709
21710
21711
21716
21720
21721
21923
21924
21925
21927
21928
21929
21930
21931
21934
21935
21943
21944
21945
21946
21947
21948
21949
21950
21951
21952
21953
21954
21955
21956
21957
21958
21966
21967
21968
21969
21970
21971
21973
21976
21977
21978
22031
22032
22035
22037
22038
22039
22040
22051
22052
22053
22054
22055
22056
22057
22058
22059
22060
22061
22062
22063
22064
22065
22066
22067
22068
22069
22070
22071
22072
22073
22074
22075
22076
22077
22078
22087
22094
22095
22096
22097
22098
22099
22100
22101
22102
22103
22105
22106
22107
22108
22109
22110
22111
22112
22113
22114
22119
22120
22121
22122
22123
22124
22125
22126
22154
22155
22157
22158
22244
22245
22393
22394
22432
22433
22434
22435
22436
22440
22441
22442
22443
22445
22446
22447
22448
22449
22450
22451
22452
22453
22456
22457
22458
22459
22460
22461
22462
22464
22465
22466
22467
22468
22469
22470
22471
22472
22473
22476
22477
22478
22479
22480
22481
22482
22483
22484
22485
22486
22487
22492
22493
22494
22495
22496
22497
22622
22623
22669
22670
22671
22672
22673
22674
22675
22678
22679
22680
22681
22683
22684
22685
22686
22687
22689
22690
22692
22695
22700
22701
22704
22705
22706
22707
22712
22713
22714
22719
22720
22721
22722
22723
22724
22730
22731
22732
22733
22734
22735
22736
22737
22738
22739
22740
22741
22742
22743
22744
22745
22746
22747
22748
22749
22750
22751
22760
22761
22762
22767
22773
22774
22775
22776
22777
22778
22779
22780
22781
22782
22783
22784
22785
22786
22787
22788
22789
22790
22791
22792
22793
22794
22795
22796
22797
22798
22799
22800
22801
22802
22803
22806
22807
22810
22811
22812
22813
22814
22815
22816
22817
22822
22823
22828
22830
22837
22838
22839
22840
22841
22842
22843
22844
22845
22846
22849
22850
22851
22852
22853
22854
22855
22856
22857
22858
22859
22860
22862
22863
22864
22865
22866
22867
22870
22871
22872
22873
22874
22875
22883
22884
22885
22886
22887
22888
22889
22890
22891
22892
22919
22920
22921
22922
22926
22927
22928
22929
22930
22931
22932
22933
22934
22935
22939
22940
22941
22942
22943
22944
22945
22946
22947
22951
22957
22962
22969
22970
22971
22972
22973
22974
22975
22977
22979
22980
22981
22982
22983
22984
22985
22986
22987
22988
22989
22990
22991
22992
22993
22994
22995
22996
22997
22999
23000
23001
23004
23008
23009
23010
23011
23012
23013
23014
23015
23016
23017
23019
23020
23021
23022
23023
23024
23025
23026
23027
23028
23029
23030
23031
23032
23033
23034
23035
23036
23037
23038
23039
23040
23041
23042
23043
23044
23045
23046
23047
23048
23049
23050
23051
23052
23053
23054
23055
23056
23061
23062
23064
23065
23066
23067
23068
23069
23070
23071
23077
23085
23086
23087
23088
23089
23090
23091
23092
23096
23097
23098
23099
23100
23109
23110
23115
23116
23117
23118
23119
23120
23121
23122
23123
23124
23125
23126
23127
23128
23129
23130
23131
23132
23133
23134
23135
23136
23140
23141
23142
23143
23144
23145
23146
23147
23148
23149
23150
23151
23152
23159
23261
23262
23263
23264
23265
23267
23268
23269
23270
23271
23272
23273
23274
23275
23276
23277
23280
23281
23282
23283
23284
23285
23286
23287
23288
23289
23290
23291
23293
23294
23295
23296
23297
23304
23305
23306
23307
23308
23309
23310
23311
23312
23313
23314
23316
23326
23327
23328
23329
23330
23331
23332
23334
23335
23336
23337
23340
23341
23350
23351
23352
23354
23360
23361
23362
23366
23367
23368
23369
23370
23371
23372
23373
23374
23375
23376
23377
23378
23379
23380
23381
23382
23386
23390
23393
23396
23399
23400
23401
23402
23403
23404
23407
23408
23410
23411
23421
23422
23424
23425
23426
23427
23428
23429
23430
23431
23432
23433
23435
23436
23437
23438
23439
23440
23441
23442
23443
23444
23445
23446
23448
23449
23468
23585
23586
23587
23767
23772
23773
23777
23778
23779
23780
23781
23782
23783
23784
23785
23786
23787
23788
23789
23790
23791
23792
23793
23794
23795
23796
23797
23798
23800
23801
23802
23837
23838
23839
23840
23841
23842
23843
23844
23845
23846
23847
23848
23849
23850
23851
23852
23853
23854
23855
23856
23857
23858
23859
23860
23861
23862
23863
23864
23865
23866
23867
23868
23869
23871
23872
23873
23874
23875
23876
23877
23878
23879
23880
23881
23882
23883
23884
23885
23886
23887
23888
23889
23890
23891
23892
23895
23896
23897
23899
23900
23901
23902
23903
23904
23906
23908
23909
23910
23911
23912
23914
23915
23916
23917
23918
23919
23920
23921
23922
23923
23924
23925
23927
23928
23929
23930
23931
23932
23933
23934
23935
23936
23937
23938
23939
23940
23945
23946
23947
23948
23949
23951
23952
23953
23954
23955
23956
23957
23958
23959
23960
24044
24045
24046
24047
24073
24074
24077
24078
24079
24080
24081
24082
24083
24114
24115
24118
24120
24121
24122
24123
24124
24125
24322
24323
24324
24325
24326
24377
24388
24389
24391
24402
24406
24407
24408
24409
24410
24411
24412
24413
24414
24416
24422
24423
24524
24526
24570
25025
25026
25027
25033
25036
25041
25042
25043
25044
25045
25046
25047
25048
25049
25050
25051
25052
25053
25054
25055
25056
25057
25058
25060
25061
25062
25063
25067
25070
25071
25072
25073
25074
25075
25076
25077
25078
25079
25080
25081
25082
25084
25085
25086
25200
25265
25266
25267
25268
25269
25271
25272
25336
25337
25338
25339
25340
25341
25342
25343
25344
25345
25346
25347
25348
25349
25350
25351
25352
25353
25354
25380
25381
25382
25383
25384
25386
25387
25388
25389
25390
25391
25393
25396
25397
25398
25399
25400
25401
25402
25403
25404
25405
25406
25407
25408
25409
25410
25411
25412
25413
25414
25415
25416
25417
25418
25420
25421
25422
25431
25432
25433
25434
25435
25436
25437
25438
25439
25440
25441
25442
25443
25444
25445
25446
25449
25450
25451
25452
25453
25454
25455
25456
25457
25458
25459
25460
25466
25467
25469
25470
25471
25472
25473
25474
25476
25482
25488
25489
25490
25493
25494
25497
25498
25501
25504
25510
25511
25512
25513
25514
25515
25516
25517
25518
25519
25521
25522
25523
25524
25525
25526
25527
25528
25529
25530
25531
25717
25718
26135
26136
26254
26255
26256
26257
26258
26259
26260
26261
26320
26321
26322
26323
26324
26325
26326
26327
26328
26329
26330
26331
26332
26333
26334
26335
26336
26338
26339
26340
26345
26346
26347
26350
26351
26352
26353
26354
26355
26356
26357
26358
26359
26360
26361
26362
26363
26364
26365
26368
26369
26370
26371
26372
26383
26391
26392
26393
26394
26395
26396
26397
26398
26399
26400
26401
26402
26403
26404
26405
26406
26407
26408
26409
26410
26411
26412
26413
26448
26449
26464
26465
26467
26468
26649
26650
26651
26652
26653
26654
26655
26656
26657
26658
26659
26660
26661
26662
26663
26664
26665
26666
26667
26668
26669
26670
26671
26673
26675
26676
26680
26681
26682
26683
26686
26687
26688
26689
26690
26691
26692
26697
26698
26699
26700
26701
26702
26703
26704
26705
26706
26707
26708
26718
26719
26720
26721
26722
26734
26736
26737
26738
26739
26740
26741
26742
26743
26744
26745
26746
26747
26748
26750
26751
26752
26753
26754
26755
26758
26759
26760
26761
26767
26777
26778
26779
26780
26781
26784
26785
26786
26787
26789
26790
26791
26792
26793
26794
26795
26796
26797
26799
26800
26801
26802
26803
26804
26805
26806
26807
26808
26809
26887
26888
26891
26899
26902
26907
26908
26909
26910
26911
26912
26913
26985
26986
26987
27005
27006
27012
27013
27016
27017
27018
27019
27020
27021
27022
27023
27036
27037
27038
27039
27042
27044
27045
27055
27056
27057
27058
27059
27060
27061
27062
27063
27064
27065
27066
27067
27068
27069
27070
27071
27074
27075
27076
27077
27078
27081
27092
27093
27094
27095
27096
27097
27098
27099
27100
27101
27102
27103
27104
27105
27106
27107
27108
27110
27111
27112
27113
27114
27115
27116
27117
27118
27119
27120
27121
27122
27123
27126
27127
27128
27129
27130
27131
27132
27133
27134
27135
27136
27137
27138
27139
27140
27141
27142
27143
27144
27145
27148
27152
27153
27154
27155
27156
27157
27158
27159
27160
27161
27162
27164
27165
27166
27167
27168
27169
27170
27201
27202
27203
27217
27218
27219
27220
27221
27222
27223
27224
27230
27234
27235
27236
27237
27238
27240
27241
27249
27250
27251
27252
27253
27256
27257
27258
27259
27260
27261
27262
27263
27264
27265
27269
27276
27278
27279
27280
27281
27285
27286
27288
27289
27293
27297
27298
27299
27300
27301
27302
27303
27304
27305
27306
27307
27308
27309
27312
27313
27314
27315
27316
27317
27318
27319
27320
27321
27322
27323
27324
27325
27326
27328
27329
27330
27331
27332
27333
27334
27335
27336
27337
27338
27343
27347
27348
27349
27350
27351
27352
27353
27354
27355
27356
27357
27358
27359
27363
27364
27367
27368
27369
27372
27373
27374
27375
27388
27389
27390
27391
27392
27393
27394
27395
27396
27397
27398
27401
27402
27403
27404
27405
27406
27407
27408
27409
27410
27411
27412
27413
27414
27415
27416
27417
27418
27419
27420
27422
27423
27424
27436
27437
27438
27439
27440
27446
27447
27448
27449
27450
27451
27452
27453
27454
27455
27456
27457
27458
27459
27460
27461
27462
27463
27474
27475
27476
27569
27570
27571
27572
27573
27575
27576
27577
27581
27583
27584
27585
27588
27590
27593
27594
27599
27602
27603
27604
27605
27606
27607
27608
27609
27610
27613
27614
27617
27618
27619
27620
27621
27622
27623
27624
27625
27626
27627
27639
27646
27647
27648
27649
27651
27652
27653
27659
27663
27664
27665
27667
27669
27670
27671
27672
27677
27679
27681
27683
27686
27690
27691
27692
27693
27694
27695
27696
27799
27800
27803
27805
27809
27810
27811
27812
27813
27814
27815
27816
27817
27818
27819
27820
27821
27825
27826
27827
27828
27829
27830
27831
27832
27834
27839
27840
27841
27842
27843
27844
27846
27847
27848
27849
27850
27852
27854
27855
27856
27861
27866
27869
27870
27871
27875
27881
27882
27884
27885
27892
27893
27894
27895
27896
27897
27899
27900
28191
28199
28200
28211
28212
28214
28215
28216
28219
28220
28221
28222
28226
28227
28228
28229
28230
28231
28233
28241
28242
28243
28244
28245
28246
28247
28248
28249
28250
28251
28252
28253
28254
28255
28261
28262
28263
28264
28265
28266
28277
28283
28284
28285
28286
28288
28302
28303
28304
28305
28306
28309
28310
28311
28314
28315
28316
28317
28318
28436
28465
28483
28484
28485
28486
28487
28488
28489
28490
28491
28492
28493
28494
28495
28496
28497
28498
28499
28500
28501
28502
28504
28507
28509
28586
28587
28588
28589
28660
28661
28662
28663
28664
28675
28676
28677
28678
28679
28692
28693
28696
28698
28699
28700
28701
28702
28703
28704
28705
28706
28707
28708
28709
28710
28713
28714
28715
28716
28717
28718
28719
28720
28721
28722
28723
28724
28725
28726
28727
28728
28729
28730
28731
28732
28733
28734
28735
28736
28737
28738
28739
28740
28741
28742
28743
28748
28749
28750
28751
28752
28753
28754
28755
28756
28757
28758
28761
28764
28766
28767
28768
28769
28772
28773
28774
28776
28777
28778
28779
28780
28786
28788
28789
28791
28792
28793
28794
28795
28797
28798
28799
28800
28801
28802
28803
28804
28805
28806
28807
28808
28809
28810
28811
28812
28813
28814
28815
28816
28821
28822
28840
28841
28842
28843
28844
28845
28846
28847
28848
28849
28850
28851
28852
28853
28854
28855
28856
28857
28858
28859
28860
28861
28862
28918
28919
28925
28926
28931
28936
28937
28946
28949
28969
28981
28982
28983
28984
28985
28986
28987
28988
28989
28990
28991
28992
28993
28994
29000
29021
29023
29024
29025
29026
29027
29028
29029
29030
29034
29035
29036
29037
29038
29039
29040
29041
29042
29043
29044
29045
29046
29047
29048
29049
29054
29055
29060
29061
29065
29067
29106
29107
29108
29194
29267
29268
29273
29274
29275
29276
29277
29278
29279
29280
29281
29282
29283
29284
29285
29286
29287
29288
29289
29290
29291
29292
29293
29294
29295
29296
29300
29301
29302
29309
29310
29315
29319
29325
29326
29328
29329
29330
29331
29332
29333
29334
29335
29336
29337
29338
29339
29340
29341
29342
29343
29344
29345
29347
29357
29358
29359
29360
29361
29362
29368
29369
29370
29371
29372
29373
29374
29375
29377
29378
29379
29380
29381
29382
29383
29384
29385
29386
29389
29390
29391
29392
29393
29394
29395
29396
29399
29400
29401
29402
29403
29404
29405
29406
29407
29408
29409
29410
29411
29412
29413
29414
29418
29419
29420
29423
29424
29425
29426
29427
29428
29435
29436
29437
29438
29439
29443
29444
29445
29446
29447
29448
29449
29450
29451
29452
29453
29454
29455
29456
29457
29458
29459
29460
29461
29462
29463
29464
29465
29466
29467
29468
29469
29470
29471
29472
29473
29474
29475
29476
29477
29478
29479
29484
29485
29486
29488
29489
29491
29493
29494
29498
29499
29502
29503
29504
29505
29506
29515
29516
29517
29518
29519
29520
29521
29522
29523
29524
29525
29526
29527
29528
29529
29530
29531
29532
29538
29539
29540
29556
29557
29560
29561
29562
29563
29564
29565
29566
29567
29568
29569
29570
29571
29572
29573
29574
29575
29576
29577
29578
29579
29583
29585
29588
29589
29591
29593
29595
29596
29597
29598
29608
29611
29628
29637
29638
29642
29643
29644
29647
29657
29661
29662
29663
29664
29665
29666
29667
29668
29669
29670
29671
29672
29673
29677
29678
29679
29680
29790
29791
29792
29793
29802
29803
29804
29805
29806
29807
29808
29809
29810
29811
29812
29813
29814
29815
29816
29817
29822
29833
29835
29836
29837
29846
29847
29848
29849
29851
29852
29853
29854
29856
29857
29858
29867
29871
29872
29873
29878
29879
29880
29881
29882
29883
29884
29885
29886
29887
29888
29889
29891
29892
29893
29894
29895
29896
29897
29900
29901
29902
29905
29906
29907
29917
29918
29919
29920
29921
29922
29923
29927
29937
29939
29940
29999
30072
30073
30074
30075
30076
30077
30081
30082
30083
30084
30085
30086
30087
30088
30090
30091
30092
30093
30094
30095
30096
30097
30098
30099
30100
30102
30104
30105
30106
30107
30108
30130
30131
30132
30133
30138
30142
30168
30169
30170
30171
30172
30174
30175
30176
30181
30182
30190
30191
30192
30193
30196
30197
30198
30199
30200
30203
30204
30205
30206
30207
30208
30215
30216
30217
30218
30219
30220
30221
30222
30223
30224
30225
30226
30227
30228
30230
30232
30238
30239
30240
30241
30242
30243
30244
30245
30246
30247
30248
30249
30250
30251
30252
30253
30332
30481
30482
30750
30751
30752
30754
30755
30759
30760
30761
30762
30764
30765
30766
30769
30770
30771
30772
30773
30775
30777
30778
30779
30791
31122
31278
31280
31281
31282
31283
31284
31285
31286
31287
31289
31290
31299
31300
31301
31302
31303
31304
31305
31306
31307
31308
31309
31310
31311
31312
31313
31314
31315
31316
31317
31318
31319
31320
31323
31324
31325
31326
31327
31328
31332
31333
31334
31335
31336
31357
31390
31433
31434
31435
31436
31437
31438
31439
31440
31441
31442
31443
31444
31445
31446
31447
31448
31449
31450
31451
31452
31453
31454
31455
31460
31464
31465
31507
31508
31509
31510
31511
31512
31513
31514
31515
31516
31517
31518
31519
31520
31521
31525
31526
31527
31528
31529
31530
31531
31532
31535
31536
31537
31538
31539
31540
31548
31549
31550
31551
31564
31565
31566
31567
31568
31569
31570
31571
31572
31573
31574
31575
31576
31577
31578
31579
31580
31584
31592
31604
31605
31606
31607
31610
31615
31616
31617
31618
31619
31620
31621
31622
31623
31624
31625
31626
31627
31634
31635
31636
31637
31639
31641
31642
31643
31644
31645
31646
31647
31649
31654
31668
31669
31670
31671
31672
31673
31674
31675
31676
31681
31682
31683
31684
31685
31689
31690
31691
31692
31693
31694
31695
31696
31697
31698
31699
31701
31702
31703
31806
31807
31808
31809
31810
31811
31812
31813
31814
31815
31816
31817
31818
31819
31820
31821
31822
31823
31824
31825
31826
31827
31828
31829
31830
31831
31832
31833
31836
31837
31838
31839
31840
31841
31842
31843
31844
31845
31853
31854
31855
31857
31858
31859
31860
31861
31863
31864
31865
31867
31888
31894
31896
31898
31907
31909
31919
31921
31922
31923
31928
31930
31931
31933
31936
31940
31941
31942
31943
31944
31945
31946
31947
31948
31949
31950
31951
31952
31953
31954
31955
31956
31957
31958
31962
31966
31968
31969
31971
31975
31980
31988
31989
31991
31993
31994
31995
31996
31997
31998
31999
32000
32001
32002
32003
32004
32005
32006
32009
32010
32011
32012
32013
32014
32015
32016
32017
32018
32019
32020
32021
32022
32023
32024
32025
32026
32029
32030
32031
32032
32033
32035
32036
32043
32045
32046
32047
32048
32049
32051
32059
32062
32063
32064
32071
32073
32074
32075
32076
32077
32078
32079
32080
32081
32082
32083
32084
32085
32086
32087
32088
32089
32090
32091
32092
32093
32094
32095
32096
32104
32105
32132
32133
32134
32135
32136
32137
32138
32139
32140
32141
32146
32147
32148
32149
32150
32151
32152
32153
32154
32155
32160
32161
32162
32163
32164
32166
32167
32179
32180
32236
32237
32238
32239
32240
32243
32244
32245
32246
32247
32248
32249
32250
32251
32252
32253
32254
32255
32257
32344
32345
32346
32347
32348
32349
32350
32351
32352
32353
32354
32355
32356
32357
32361
32362
32363
32364
32371
32372
32374
32375
32376
32377
32378
32379
32380
32381
32382
32385
32386
32387
32388
32389
32390
32391
32392
32393
32394
32395
32396
32397
32398
32399
32400
32406
32409
32411
32415
32416
32417
32418
32419
32423
32424
32425
32426
32427
32428
32429
32430
32431
32432
32433
32434
32435
32436
32437
32438
32439
32440
32441
32442
32464
32465
32468
32469
32906
32907
32908
32909
32910
32911
32912
32913
32914
32915
32916
32917
32918
32919
32920
32921
32922
32923
32927
32935
32936
32938
32939
32940
32941
32942
32943
32944
32945
32946
32947
32948
32949
32950
32951
32952
32953
32954
32955
32956
32957
32958
32959
32960
32962
32968
32970
32971
32972
32973
32974
32975
32976
32977
32978
32979
32980
32981
32982
32983
32984
32985
32995
32996
32997
32998
32999
33000
33005
33006
33007
33008
33009
33010
33011
33012
33013
33014
33015
33018
33020
33021
33022
33023
33024
33025
33026
33027
33028
33029
33030
33031
33032
33034
33045
33046
33047
33051
33052
33053
33054
33055
33056
33057
33058
33059
33060
33061
33062
33063
33064
33065
33066
33067
33068
33069
33070
33071
33072
33073
33074
33075
33076
33080
33081
33082
33083
33084
33085
33086
33087
33088
33089
33090
33091
33092
33093
33094
33095
33100
33103
33104
33106
33118
33119
33162
33204
33205
33206
33207
33208
33212
33218
33223
33224
33225
33226
33227
33228
33229
33230
33231
33232
33233
33234
33235
33236
33237
33238
33243
33244
33245
33246
33247
33248
33249
33250
33254
33258
33260
33261
33262
33264
33272
33273
33274
33275
33276
33282
33283
33286
33287
33288
33290
33305
33306
33307
33309
33310
33311
33312
33313
33325
33328
33329
33330
33331
33332
33333
33334
33335
33336
33337
33338
33339
33340
33341
33342
33343
33344
33345
33346
33347
33348
33349
33350
33351
33352
33353
33354
33355
33356
33357
33358
33359
33360
33361
33362
33363
33364
33365
33366
33367
33368
33369
33370
33371
33372
33373
33376
33377
33379
33380
33381
33430
33431
33432
33482
33586
33587
33588
33590
33600
33688
33692
33693
33694
33695
33696
33715
33716
33717
33718
33789
33871
33872
33873
33874
33875
33876
33877
33878
33879
33880
33881
33882
33885
33886
33890
33891
33892
33893
33894
33895
33896
33897
33898
33899
33902
33909
33910
33911
33917
33919
33920
33921
33922
33923
33924
34008
34247
34258
34259
34260
34261
34262
34263
34264
34265
34266
34267
34268
34270
34271
34273
34274
34275
34277
34278
34280
34281
34287
34288
34289
34293
34298
34299
34300
34303
34304
34305
34306
34307
34308
34309
34310
34311
34312
34313
34314
34315
34316
34317
34328
34331
34332
34335
34336
34337
34338
34342
34343
34344
34345
34346
34347
34348
34349
34350
34351
34352
34353
34354
34355
34356
34357
34358
34359
34360
34361
34365
34378
34379
34380
34384
34390
34393
34394
34395
34396
34397
34398
34399
34400
34401
34402
34403
34405
34411
34412
34413
34416
34417
34418
34419
34420
34427
34428
34433
34434
34435
34436
34437
34438
34439
34440
34441
34443
34444
34445
34446
34448
34449
34450
34451
34452
34453
34454
34455
34456
34457
34458
34459
34460
34462
34463
34464
34468
34484
34485
34486
34487
34488
34489
34490
34491
34494
34495
34500
34501
34502
34503
34504
34505
34506
34507
34508
34509
34510
34511
34512
34513
34514
34515
34516
34517
34518
34519
34523
34524
34548
34553
34554
34560
34561
34604
34607
34610
34613
34633
34638
34639
34640
34641
34642
34643
34644
34645
34646
34648
34649
34679
34680
34681
34682
34683
34684
34685
34686
34687
34688
34689
34690
34691
34692
34693
34694
34695
34700
34701
34702
34703
34704
34705
34706
34707
34708
34709
34710
34711
34712
34713
34714
34722
34724
34834
34835
34836
34837
34838
34839
34840
34841
34842
34843
34844
34845
34846
34847
34848
34849
34850
34851
34852
35063
35064
35065
35066
35067
35068
35069
35070
35071
35072
35073
35074
35075
35076
35077
35078
35079
35080
35081
35082
35083
35084
35085
35086
35089
35090
35092
35365
35366
35367
35368
35369
35370
35371
35372
35373
35374
35375
35376
35377
35378
35379
35380
35381
35382
35383
35384
35385
35386
35387
35388
35389
35390
35391
35392
35393
35394
35395
35396
35397
35398
35399
35400
35401
35402
35405
35406
35407
35408
35409
35410
35411
35412
35413
35414
35415
35416
35417
35418
35419
35420
35421
35422
35423
35424
35446
35448
35449
35450
35521
35590
35591
35592
35593
35673
35674
35675
35676
35677
35678
35680
35681
35682
35683
35684
35685
35686
35687
35688
35689
35690
35691
35692
35693
35694
35695
35696
35697
35698
35699
35700
35701
35702
35703
35704
35705
35706
35707
35708
35709
35710
35711
35712
35713
35714
35715
35716
35717
35718
35719
35720
35721
35722
35723
35724
35725
35726
35727
35728
35729
35730
35731
35732
35734
35735
35736
35738
35740
35741
35742
35743
35744
35745
35749
35750
35751
35752
35753
35754
35755
35756
35757
35758
35759
35762
35763
35764
35765
35766
35767
35768
35769
35771
35773
35774
35775
35776
35777
35778
35779
35780
35781
35782
35785
35786
35788
35789
35790
35791
35792
35793
35794
35795
35796
35797
35803
35809
35810
35811
35812
35813
35814
35815
35816
35817
35818
35819
35820
35821
35822
35823
35829
35840
35841
35842
35843
35844
35845
35846
35847
35848
35849
35850
35851
35852
35853
35860
35861
35862
35863
35864
35865
35866
35867
35868
35869
35870
35876
35877
35879
35880
35881
35882
35883
35884
35885
35886
35887
35888
35889
35890
35891
35892
35893
35894
35895
35896
35897
35898
35899
35900
35901
35902
35903
35904
35905
35906
35907
35908
35909
35910
35911
35912
35913
35914
35915
35916
35917
35918
35919
35920
35921
35922
35923
35924
35925
35982
35983
35984
35985
35986
35987
35988
35989
35990
35991
35992
35993
35994
35995
35996
35997
35998
36006
36007
36008
36009
36203
36204
36209
36210
36211
36212
36213
36214
36215
36216
36217
36218
36219
36227
36229
36230
36231
36232
36233
36234
36235
36237
36238
36239
36240
36241
36242
36243
36244
36245
36246
36247
36251
36257
36258
36259
36260
36261
36262
36263
36264
36265
36266
36267
36270
36271
36273
36274
36275
36276
36277
36278
36282
36288
36289
36290
36291
36292
36293
36294
36296
36297
36298
36299
36300
36301
36302
36303
36304
36305
36307
36308
36309
36310
36311
36312
36313
36314
36315
36316
36317
36318
36319
36320
36321
36322
36323
36324
36325
36326
36327
36328
36329
36330
36331
36332
36348
36349
36350
36351
36356
36357
36372
36373
36374
36375
36376
36377
36468
36469
36470
36471
36472
36473
36474
36475
36477
36479
36480
36481
36482
36483
36484
36485
36486
36487
36490
36492
36493
36494
36495
36496
36497
36498
36499
36500
36501
36502
36503
36504
36505
36506
36507
36508
36509
36512
36513
36514
36515
36516
36517
36518
36519
36520
36521
36522
36523
36524
36525
36526
36527
36528
36529
36530
36531
36532
36536
36537
36538
36562
36563
36564
36570
36571
36578
36647
36655
36656
36658
36660
36666
36667
36668
36673
36674
36675
36676
36677
36678
36679
36680
36681
36684
36686
36691
36692
36693
36694
36998
37043
37044
37057
37063
37064
37065
37066
37067
37144
37145
37146
37147
37148
37149
37150
37151
37152
37153
37154
37161
37162
37163
37164
37165
37166
37167
37168
37170
37180
37181
37182
37187
37193
37198
37215
37234
37235
37236
37237
37238
37239
37240
37241
37242
37243
37244
37246
37247
37248
37250
37251
37252
37253
37254
37579
37580
37581
37582
37645
37647
37648
37650
37651
37652
37653
37654
37655
37660
37664
37665
37666
37667
37668
37669
37670
37671
37672
37673
37674
37704
37705
37708
37709
37710
37713
37720
37721
37722
37763
37984
37985
37986
37987
37988
37991
37995
37996
37997
37998
37999
38000
38001
38002
38003
38006
38007
38008
38009
38010
38011
38012
38013
38015
38016
38018
38019
38020
38021
38022
38023
38024
38025
38026
38027
38028
38029
38030
38031
38032
38033
38034
38035
38036
38037
38040
38041
38042
38043
38044
38045
38046
38047
38048
38049
38050
38053
38054
38055
38056
38057
38058
38060
38061
38062
38063
38064
38065
38066
38067
38068
38069
38070
38071
38072
38073
38074
38075
38076
38081
38084
38086
38096
38097
38098
38099
38100
38101
38102
38197
38198
38199
38200
38205
38209
38453
38476
38477
38478
38479
38480
38481
38482
38483
38484
38485
38486
38487
38488
38489
38490
38491
38493
38495
38496
38497
38498
38499
38500
38501
38502
38503
38504
38505
38506
38507
38508
38509
38510
38511
38512
38513
38521
38660
38661
38662
38666
38667
38671
38672
38673
38674
38827
38828
38829
38949
38950
38951
38952
38953
38954
38955
38956
38957
38958
38959
38960
38961
38963
38964
38965
38966
38967
38968
38969
38970
38971
38973
38984
38985
38986
38988
38989
38991
38992
38994
38996
38997
38998
38999
39000
39001
39004
39007
39008
39009
39010
39159
39211
39212
39213
39214
39216
39220
39224
39229
39232
39235
39238
39240
39241
39243
39245
39247
39248
39250
39253
39257
39272
39273
39274
39275
39276
39277
39278
39279
39280
39281
39282
39283
39284
39285
39286
39287
39288
39289
39290
39291
39292
39293
39294
39295
39298
39299
39300
39301
39302
39303
39304
39305
39306
39307
39309
39311
39316
39320
39321
39322
39323
39324
39325
39326
39327
39328
39331
39332
39333
39338
39339
39341
39342
39343
39345
39346
39347
39348
39349
39350
39351
39352
39353
39354
39355
39356
39357
39358
39359
39360
39361
39362
39363
39364
39365
39371
39383
39449
39451
39452
39453
39454
39789
39794
39795
39796
39797
39798
39799
39800
39801
39802
39803
39804
39805
39806
39807
39808
39809
39810
39811
39812
39815
39817
39820
39821
39822
39823
39824
39848
39866
39873
39874
39875
39876
39877
39878
39879
39880
39881
39882
39883
39884
39895
39896
39897
39898
39899
39900
39901
39907
39908
39909
39910
39911
39912
39913
39914
39915
39916
39917
39918
39919
39921
39933
39937
39942
39946
39948
39952
39953
39954
39955
39956
39957
39958
39959
39960
39965
39966
