215
217
219
220
221
222
225
226
227
228
305
306
320
321
322
323
326
327
328
330
331
332
338
345
346
347
348
351
352
354
355
356
357
358
359
361
362
371
372
373
374
375
376
377
379
380
381
382
409
410
411
413
414
415
416
417
425
426
428
429
431
508
509
512
514
515
516
517
519
530
533
534
535
536
537
538
539
540
544
545
546
563
564
582
583
584
590
591
592
593
626
629
630
631
632
642
643
644
648
649
654
655
659
661
662
663
667
670
671
672
673
675
676
700
701
702
703
705
731
742
745
746
747
748
749
750
752
753
754
755
756
759
764
765
766
800
801
802
804
805
806
807
808
809
815
816
821
830
831
832
833
834
835
836
838
839
840
841
850
851
852
854
855
856
857
858
859
864
865
866
867
868
869
870
876
877
914
915
932
933
934
936
952
953
954
955
956
957
960
961
963
964
965
966
967
968
1780
1781
1782
1783
1784
1785
1786
1791
1792
1793
1794
1795
1797
1808
1809
1810
1811
1812
1815
1816
1818
1819
1820
1821
1822
1824
1825
1826
1827
1828
1830
1831
1832
1833
1835
1927
1928
1929
1951
1952
1953
1954
1955
1956
1957
1966
1967
2023
2024
2030
2031
2034
2035
2036
2037
2039
2044
2047
2048
2049
2050
2051
2052
2055
2063
2064
2066
2083
2086
2088
2095
2098
2099
2100
2104
2117
2118
2121
2131
2139
2140
2149
2150
2159
2160
2161
2162
2163
2171
2174
2177
2178
2182
2185
2186
2187
2189
2468
2469
2479
2480
2481
2482
2483
2484
2485
2486
2488
2496
2528
2529
2530
2531
2535
2536
2538
3121
3122
3123
3124
3125
3126
3127
3128
3129
3130
3136
3137
3138
3139
3140
3149
3151
3152
3153
3154
3155
3156
3157
3158
3159
3160
3161
3164
3170
3172
3189
3190
3223
3224
3225
3226
3227
3228
3229
3230
3235
3236
3237
3238
3239
3240
3241
3242
3248
3249
3251
3252
3253
3575
3577
3578
3579
3580
3581
3582
3583
3584
3585
3586
3587
3588
3589
3590
3593
3594
3595
3596
3597
3598
3599
3600
3601
3602
3603
3604
3605
3606
3607
3608
3609
3610
3611
3612
3613
3614
3615
3616
3617
3618
3620
3621
3622
3623
3624
3625
3626
3627
3628
3629
3630
3631
3632
3633
3634
3635
3636
3637
3638
3639
3640
3641
3642
3643
3644
3645
3646
3647
3648
3649
3650
3651
3652
3653
3654
3655
3656
3659
3660
3661
3662
3663
3664
3665
3666
3667
3668
3669
3671
3673
3674
3675
3677
3679
3680
3681
3682
3683
3684
3685
3686
3687
3688
3689
3690
3691
3692
3693
3694
3695
3697
3698
3699
3700
3701
3702
3703
3704
3705
3706
3707
3708
3709
3710
3711
3712
3713
3714
3715
3716
3717
3718
3719
3720
3721
3722
3723
3724
3725
3726
3728
3729
3730
3731
3732
3733
3734
3735
3736
3737
3738
3739
3740
3741
3742
3743
3745
3746
3747
3749
3750
3751
3754
3755
3756
3758
3759
3760
3761
3762
3763
3764
3765
3766
3767
3768
3769
3770
3771
3772
3776
3777
3779
3780
3781
3782
3783
3784
3785
3787
3788
3789
3790
3791
3792
3793
3795
3796
3798
3799
3805
3809
3810
3811
3814
3815
3816
3817
3818
3820
3821
3822
3823
3830
3831
3832
3833
3834
3835
3836
3837
3838
3839
3840
3841
3842
3843
3844
3845
3846
3847
3848
3849
3850
3940
3949
3950
3951
3952
3953
3954
3955
3957
3968
3994
3995
3996
3998
4017
4031
4033
4034
4035
4036
4041
4042
4044
4045
4046
4053
4055
4056
4057
4058
4059
4060
4061
4062
4063
4064
4065
4066
4067
4068
4069
4070
4071
4072
4073
4074
4075
4076
4078
4079
4080
4081
4082
4130
4131
4132
4133
4134
4135
4484
4602
4603
4604
4605
4610
4630
4631
4632
4633
4634
4635
4639
4640
4641
4642
4643
4653
4654
4655
4656
4657
4658
4659
4660
4672
4674
4675
4682
4683
4700
4701
4706
4718
4719
4720
4721
4723
4725
4726
4727
4728
4729
4730
4731
4732
4738
4741
4742
4743
4744
4752
4753
4754
4755
4756
4765
4766
4768
4769
4772
4774
4776
4777
4778
4779
4780
4781
4782
5168
5169
5170
5171
5172
5173
5185
5196
5198
5199
5200
5202
5203
5204
5205
5209
5210
5213
5214
5215
5218
5219
5220
5221
5222
5224
5226
5235
5237
5243
5244
5245
5247
5248
5249
5250
5251
5253
5259
5260
5261
5262
5264
5265
5267
5268
5269
5498
5500
5501
5502
5505
5506
5511
5512
5513
5514
5528
5529
5537
5538
5539
5541
5561
5562
5563
5564
5566
5567
5568
5569
5598
5599
5600
5614
5615
5634
5636
5637
5638
5639
5640
5644
5693
5695
5696
5697
5698
5699
5700
5701
5702
5703
5705
5706
5707
5708
5709
5710
5711
5712
5713
5714
5715
5716
5717
5718
5719
5720
5721
5722
5724
5725
5726
5727
5728
5729
5730
5731
5732
5733
5734
5735
5736
5737
5739
5741
5742
5743
5744
5745
5746
5748
5749
5750
5751
5752
5754
5755
5756
5757
5758
5768
5769
5770
5771
5772
5773
5774
5775
5776
5778
5781
5782
5783
5784
5786
5787
5788
5790
5791
5792
5793
5794
5795
5796
5797
5798
5799
5800
5801
5802
5803
5804
5805
5806
5807
5809
5810
5811
5812
5832
5833
5834
5836
5837
5838
5839
5840
6063
6064
6065
6066
6181
6183
6188
6215
6216
6251
6252
6253
6254
6259
6328
6399
6439
6440
6442
6443
6449
6471
6473
6474
6481
6482
6483
6484
6485
6486
6487
6488
6489
6491
6492
6493
6566
6567
6568
6570
6572
6579
6580
6583
6584
6585
6597
6598
6610
6611
6612
6615
6616
6617
6618
6619
6620
6621
6622
6623
6624
6625
6626
6627
6628
6629
6630
6631
6632
6633
6634
6876
6951
6952
6953
7099
7100
7101
7102
7105
7106
7107
7110
7111
7113
7114
7115
7116
7117
7118
7133
7134
7138
7139
7140
7141
7151
7152
7229
7233
7234
7235
7256
7257
7260
7261
7262
7263
7264
7265
7266
7267
7268
7282
7283
7284
7286
7287
7300
7302
7303
7304
7305
7306
7307
7308
7312
7319
7320
7321
7322
7323
7324
7325
7326
7333
7336
7337
7404
7417
7422
7423
7424
7425
7426
7427
7429
7430
7445
7446
7447
7448
7449
7450
7451
7452
7453
7454
7455
7456
7457
7458
7459
7464
7473
7474
7475
7476
7477
7478
7479
7480
7481
7482
7483
7487
7488
7489
7490
7491
7492
7493
7494
7495
7497
7498
7508
7520
7521
7522
7524
7525
7537
7539
7541
7547
7548
7549
7553
7554
7556
7557
7558
7559
7560
7561
7562
7563
7564
7565
7567
7569
7570
7571
7572
7573
7574
7575
7576
7577
7586
7587
7589
7591
7592
7593
7594
7595
7598
7599
7600
7762
7763
7765
7776
7777
7778
7779
7781
7782
7783
7787
7788
7789
7790
7791
7799
7800
7801
7803
7804
7805
7806
7807
7816
7821
7822
7827
7828
7829
7830
7831
7832
7833
7834
7835
7836
7837
7838
7839
7840
7841
7842
7843
7854
7855
7856
7858
7859
7860
7861
7862
7863
7864
7865
7866
7867
7868
7869
7870
7871
7885
7886
7887
7894
7895
7896
7898
7901
7902
7903
7919
8459
8460
8461
8462
8464
8465
8466
8467
8468
8471
8472
8473
8474
8475
8479
8480
8524
8531
8532
8533
8534
8535
8537
8538
8539
8566
8568
8569
8570
8571
8578
8579
8580
8581
8583
8798
8799
8800
8803
8804
8805
8813
8814
8818
8819
8820
8821
8824
8826
8827
8828
8830
8834
8835
8836
8837
8838
8839
8840
8841
8852
8853
8854
8857
8858
8859
8869
8870
8871
8872
8898
8918
8919
8920
8932
8933
8935
8936
8938
8939
8940
8941
8944
8945
8946
8947
8949
8950
8951
8963
8966
8967
8968
8969
8970
8971
8972
8973
8974
8975
8977
8978
8979
8981
8982
8983
8984
8987
9026
9027
9028
9029
9030
9031
9032
9033
9034
9037
9038
9192
9193
9194
9195
9197
9198
9200
9413
9414
9415
9416
9417
9418
9429
9430
9431
9432
9556
9557
9558
9559
9560
9561
9562
9563
9564
9565
9566
9567
9580
9582
9583
9584
9585
9587
9589
9590
9591
9593
9594
9595
9596
9597
9598
9599
9600
9601
9602
9603
9604
9605
9606
9607
9609
9610
9612
9613
9614
9615
9616
9617
9618
9634
9635
9636
9641
9642
9739
9740
9743
9744
9745
9746
9757
9773
9783
9804
9807
9808
9809
9810
9812
9813
9814
9815
9820
9826
9827
9829
9841
9861
9868
9869
10177
10184
10185
10186
10187
10188
10189
10190
10191
10206
10207
10223
10224
10225
10226
10227
10229
10230
10231
10232
10238
10263
10264
10265
10274
10275
10279
10721
10728
10735
10736
10737
10738
10739
10741
10742
10743
10763
10765
10766
10767
10768
10769
10770
10771
10772
10773
10777
10778
10779
10780
10781
10782
10783
10784
10785
10786
10792
10793
10794
10795
10796
10797
10802
10804
10805
10806
10807
10841
10842
10843
10844
10845
10846
10847
10848
10854
10855
10856
10857
10858
10859
10861
10862
10863
10864
10870
10873
10874
10875
10927
10929
10930
10931
10932
10933
10934
10935
10936
10937
10938
10940
10941
10942
10943
10944
10945
10946
10947
10948
10951
10952
10953
10954
10960
11212
11213
11214
11219
11221
11561
11566
11593
11595
11597
11598
11599
11600
11625
11626
11627
11628
11630
11631
11632
11645
11653
11654
11655
11656
11657
11662
11663
11672
11673
11674
11678
11679
11680
11681
11684
11685
11686
11687
11702
11703
11704
11705
11707
11708
11709
11710
11711
11714
11716
11717
11718
12095
12096
12097
12098
12110
12111
12112
12113
12114
12116
12118
12119
12122
12345
12346
12347
12350
12351
12356
12357
12359
12360
12368
12369
12370
12371
12372
12373
12374
12375
12382
12383
12384
12386
12387
12390
12391
12392
12393
12403
12493
12494
12495
12496
12497
12498
12500
12570
12571
12572
12573
12574
12577
12578
12579
12580
12581
12583
12584
12585
12586
12587
12600
12615
12616
12618
12619
12622
12625
12626
12629
12630
12631
12724
12725
12726
12731
12732
12733
12752
12753
12754
12755
12756
12757
12758
12772
12791
12795
12796
12797
12798
12799
12803
12804
12805
12806
12807
12808
12809
12811
12812
12813
12834
12835
12836
12837
12838
12839
12840
12841
12843
12844
12845
12846
12849
12850
12851
12852
12860
12863
12868
12869
12870
12871
12873
12874
12887
12898
12899
12900
12901
12902
12924
12926
12930
12934
12935
13109
13111
13112
13113
13115
13117
13118
13119
13120
13122
13123
13124
13125
13126
13128
13129
13130
13143
13144
13151
13155
13156
13157
13159
13164
13165
13166
13167
13168
13173
13188
13189
13190
13192
13193
13194
13195
13196
13197
13198
13199
13202
13212
13223
13224
13225
13238
13242
13243
13244
13246
13247
13248
13249
13250
13251
13261
13284
13285
13286
13287
13288
13289
13291
13295
13296
13297
13298
13299
13300
13305
13307
13308
13309
13310
13311
13315
13316
13318
13319
13320
13321
13322
13324
13416
13417
13422
13423
13424
13425
13426
13427
13428
13429
13430
13431
13449
13450
13451
13452
13453
13535
13536
13554
13555
13556
13568
13569
13570
13575
13577
13578
13579
13596
13804
13813
13825
13826
13827
13828
13829
13830
13842
13843
13954
13955
14011
14012
14013
14014
14015
14016
14017
14020
14021
14022
14031
14033
14035
14036
14038
14111
14113
14154
14155
14156
14157
14158
14161
14165
14166
14167
14168
14169
14170
14171
14172
14173
14174
14175
14176
14177
14179
14180
14181
14182
14183
14184
14185
14186
14187
14188
14333
14334
14335
14336
14339
14340
14341
14342
14350
14351
14352
14353
14354
14355
14356
14357
14358
14362
14363
14364
14365
14377
14379
14380
14381
14382
14388
14392
14393
14394
14395
14600
14601
14602
14613
14614
14618
14619
14620
14621
14622
14623
14624
14625
14627
14628
14629
14630
14631
14643
14680
14682
14683
14685
14686
14687
14688
14711
14713
14714
14715
14716
14717
14718
14721
14724
14727
14728
14729
14730
14746
14747
14752
14753
14754
14755
14756
14757
14761
14762
14763
14774
14775
14776
14783
14785
14786
14787
14789
14800
14815
14861
14864
14865
14866
14867
14868
14869
14870
14871
14872
14873
14874
14875
14880
14881
14888
14889
14898
14916
14917
14918
14919
14920
14921
14922
14923
14925
14926
14927
14950
14951
14952
14953
14954
14955
14956
14957
14958
14959
14960
14965
14966
14967
14968
14969
14970
14971
14972
14973
14976
14977
14979
14980
14981
14984
14985
14986
14987
14990
15139
15140
15141
15142
15143
15144
15145
15146
15147
15148
15149
15154
15155
15157
15158
15159
15160
15161
15162
15163
15164
15165
15169
15170
15171
15173
15174
15175
15176
15177
15178
15179
15180
15181
15182
15183
15184
15185
15186
15187
15188
15189
15190
15191
15192
15193
15194
15195
15196
15197
15198
15199
15200
15201
15202
15205
15206
15207
15208
15209
15211
15212
15213
15214
15216
15217
15220
15221
15222
15223
15224
15225
15227
15228
15229
15230
15231
15233
15234
15235
15236
15237
15238
15239
15241
15248
15249
15250
15261
15264
15388
15389
15390
15394
15395
15396
15397
15398
15399
15400
15401
15402
15403
15409
15410
15411
15412
15413
15414
15415
15418
15427
15428
15429
15431
15432
15433
15434
15441
15447
15448
15450
15452
15453
15454
15455
15456
15457
15458
15459
15460
15470
15471
15472
15475
15476
15477
15480
15481
15653
15654
15655
15656
15657
15658
15671
15818
15819
15820
15823
15855
15856
15865
15866
15867
15868
15881
15882
15883
15919
15920
15923
15933
15938
15953
15957
15958
15959
15960
15962
15963
15968
15973
15981
15983
15984
15985
15986
15987
15988
15989
15990
15991
15993
15999
16002
16003
16005
16010
16011
16016
16020
16021
16044
16045
16049
16051
16052
16053
16054
16055
16056
16057
16058
16333
16339
16340
16341
16353
16359
16360
16361
16362
16363
16364
16365
16367
16368
16369
16388
16389
16401
16402
16403
16404
16415
16416
16418
16420
16431
16432
16436
16437
16438
16439
16440
16558
16559
16560
16561
16562
16563
16564
16565
16566
16568
16570
16581
16588
16598
16600
16601
16603
16604
16609
16610
16611
16612
16614
16615
16616
16617
16618
16619
16620
16621
16622
16623
16624
16625
16626
16627
16628
16629
16630
16631
16632
16633
16634
16635
16636
16637
16638
16639
16640
16641
16642
16643
16675
16676
16677
16685
16823
16824
16826
16836
16837
16843
16844
16845
16846
16847
16848
16864
16865
16866
16867
16869
16870
16871
16872
16873
16874
16875
16876
16877
16878
16879
16880
16881
16882
16883
16884
16885
16894
16915
16916
16919
16921
16922
16923
16924
16925
16926
16927
16928
16929
16931
16932
16933
16934
16935
16937
16938
16939
16940
16941
16942
16943
16944
16953
16954
16964
16967
16968
16969
17007
17008
17009
17010
17021
17022
17023
17027
17028
17029
17030
17031
17032
17037
17038
17060
17061
17062
17063
17064
17072
17073
17097
17109
17110
17111
17112
17115
17121
17122
17123
17124
17125
17126
17127
17128
17129
17130
17131
17132
17133
17134
17135
17136
17137
17138
17139
17140
17141
17152
17153
17154
17155
17156
17157
17158
17159
17160
17161
17162
17166
17169
17170
17171
17179
17181
17182
17191
17213
17214
17215
17216
17217
17218
17219
17220
17226
17227
17228
17229
17230
17231
17241
17247
17248
17249
17250
17251
17252
17253
17622
17623
17631
17632
17633
17680
17681
17682
17683
17689
17691
17692
17693
17694
17695
17696
17697
17699
17715
17720
17721
17722
17723
17724
17725
17726
17727
17732
17741
17742
17743
17744
17745
17756
17757
17762
17766
17767
17768
17769
17772
17779
17780
17781
17782
17783
17784
17807
17808
17809
17810
17815
17816
17817
17818
17820
17822
17825
17826
17827
17831
17832
17833
17851
17852
17855
17857
17858
17869
17870
17871
17872
17873
17874
17875
17901
17902
17903
17904
17907
17908
17912
18316
18317
18320
18321
18322
18323
18324
18325
18326
18327
18328
18329
18330
18332
18333
18334
18335
18337
18338
18339
18341
18342
18343
18344
18345
18346
18347
18348
18349
18350
18351
18353
18360
18361
18362
18363
18364
18365
18369
18375
18376
18377
18378
18379
18380
18381
18382
18387
18391
18661
18662
18663
18669
18672
18673
18706
18707
18711
18713
18716
18717
18718
18719
18720
18722
18723
18724
18725
18732
18735
18736
18737
18738
18739
18740
18741
18742
18743
18745
18746
18747
18748
18749
18750
18865
18866
18867
18868
18869
18871
18872
18874
18875
18876
18877
18878
18879
18880
18881
18882
18883
18884
18885
18898
18899
18902
18903
18904
18905
18906
18907
18913
18915
18916
18917
18919
18920
18921
18923
18924
18925
18926
18928
18929
18930
19112
19113
19135
19136
19137
19138
19139
19140
19141
19371
19372
19382
19383
19387
19388
19389
19390
19391
19726
19727
19733
19734
19736
19738
19742
19853
19854
19855
19856
19857
19871
19874
19900
19901
19902
19903
19904
19905
19908
19910
19911
19912
19913
19914
19915
19916
19918
19920
19921
19925
19926
19927
19928
19930
19931
19933
19934
19935
19936
19939
20084
20085
20088
20090
20093
20094
20095
20096
20097
20099
20100
20103
20108
20109
20110
20114
20115
20116
20131
20136
20138
20139
20140
20141
20142
20143
20144
20145
20147
20148
20149
20158
20165
20166
20170
20171
20182
20186
20191
20192
20193
20194
20195
20196
20197
20198
20199
20200
20201
20202
20203
20204
20207
20210
20211
20212
20213
20421
20422
20442
20543
20544
20545
20546
20547
20548
20549
20563
20578
20579
20580
20581
20592
20596
20597
20598
20657
20661
20662
20663
20664
20665
20667
20668
20669
20670
20674
20675
20676
20677
20678
20679
20680
20681
20682
20683
20684
20972
20973
20974
20975
20976
20977
20978
20979
20984
20985
20986
20987
20988
20989
20992
20993
20999
21171
21172
21173
21174
21175
21183
21184
21185
21365
21366
21367
21368
21369
21370
21374
21380
21385
21386
21387
21390
21393
21394
21396
21397
21398
21399
21400
21401
21402
21403
21404
21405
21406
21407
21409
21411
21412
21415
21417
21418
21419
21424
21425
21426
21427
21500
21501
21505
21511
21523
21524
21529
21530
21531
21532
21533
21534
21535
21536
21537
21699
21700
21701
21704
21713
21714
21715
21716
21743
21745
21752
21765
21786
21787
21788
21789
21790
21791
21792
21871
21874
21875
21876
21882
21883
21885
21886
21888
21889
21890
21891
21892
21893
21894
21895
21896
21897
21898
21899
21900
21901
21902
21903
21904
21905
21906
21907
21908
21909
21910
21911
21912
21913
21914
21915
21916
21919
21921
21922
21923
21924
21925
21926
21927
21928
21929
21930
21936
22088
22089
22092
22093
22095
22096
22097
22099
22100
22102
22103
22104
22239
22240
22241
22242
22243
22244
22245
22246
22247
22248
22249
22250
22251
22252
22253
22254
22255
22257
22258
22259
22260
22261
22262
22263
22264
22265
22266
22267
22268
22269
22270
22271
22272
22273
22275
22276
22277
22278
22279
22280
22281
22282
22283
22285
22286
22287
22288
22289
22291
22292
22293
22294
22295
22296
22297
22299
22300
22303
22304
22306
22308
22309
22310
22311
22312
22313
22318
22319
22320
22321
22322
22323
22324
22325
22326
22327
22328
22329
22330
22332
22333
22334
22335
22336
22337
22338
22339
22340
22341
22342
22344
22345
22346
22347
22348
22349
22350
22351
22352
22353
22354
22355
22356
22357
22358
22359
22360
22361
22362
22364
22366
22367
22368
22369
22370
22371
22372
22373
22374
22375
22376
22382
22398
22399
22400
22494
22495
22497
22498
22507
22510
22512
22514
22515
22516
22517
22519
22520
22521
22522
22524
22525
22529
22530
22531
22544
22545
22546
22547
22548
22556
22558
22559
22560
22561
22564
22565
22567
22568
22569
22570
22571
22572
22573
22575
22576
22577
22579
22580
22581
22582
22583
22584
22585
22586
22588
22589
22590
22591
22592
22593
22595
22596
22598
22599
22600
22601
22602
22603
22604
22605
22606
22607
22608
22609
22610
22611
22612
22613
22614
22615
22616
22617
22618
22619
22620
22621
22622
22624
22625
22626
22627
22628
22629
22630
22631
22632
22633
22634
22635
22636
22637
22639
22640
22641
22642
22643
22644
22645
22646
22648
22649
22650
22652
22654
22656
22657
22658
22659
22660
22662
22663
22664
22668
22670
22672
22674
22675
22676
22677
22678
22679
22681
22682
22683
22685
22686
22687
22688
22690
22691
22697
22698
22699
22700
22701
22708
22738
22739
22740
22741
22743
22744
22745
22751
22752
22764
22765
22769
22777
22779
22780
22781
22782
22795
22796
22797
22798
22799
22880
22881
22882
22883
22884
22898
22900
22901
22902
22903
22904
22905
22906
22907
22908
22909
23142
23143
23432
23434
23435
23436
23437
23438
23439
23440
23441
23442
23516
23517
23519
23520
23522
23525
23526
23527
23528
23529
23530
23531
23532
23545
23546
23547
23548
23549
23550
23551
23552
23553
23554
23555
23556
23557
23559
23560
23561
23562
23563
23564
23565
23567
23569
23570
23572
23573
23580
23581
23585
23586
23587
23589
23590
23591
23592
23593
23594
23595
23604
23606
23609
23610
23611
23613
23618
23635
23636
23637
23638
23641
23642
23643
23663
23664
23668
23679
23680
23686
23687
23688
23704
23705
23983
23984
23985
23986
23987
23989
23990
24002
24007
24035
24037
24038
24040
24041
24042
24043
24044
24045
24048
24049
24053
24054
24056
24065
24066
24067
24068
24069
24077
24078
24079
24080
24089
24090
24092
24095
24096
24104
24112
24115
24116
24117
24118
24119
24120
24122
24136
24137
24150
24151
24152
24153
24154
24155
24157
24158
24159
24160
24161
24163
24164
24168
24169
24170
24172
24182
24187
24188
24189
24190
24191
24192
24201
24202
24203
24204
24205
24207
24215
24216
24223
24224
24226
24227
24228
24236
24238
24346
24347
24348
24357
24358
24359
24361
24362
24365
24366
24367
24368
24369
24370
24371
24372
24373
24374
24375
24376
24377
24378
24379
24380
24381
24384
24387
24389
24390
24391
24392
24393
24394
24395
24396
24397
24398
24399
24400
24401
24402
24403
24404
24405
24406
24407
24408
24409
24410
24411
24412
24415
24416
24533
24534
24551
24552
24553
24554
24555
24556
24557
24559
24560
24561
24562
24563
24564
24565
24566
24567
24568
24570
24571
24572
24573
24575
24576
24577
24578
24579
24702
24704
24706
24707
24708
24729
24730
24732
24735
24736
24740
24741
24742
24743
24744
24745
24750
24751
24752
24753
24754
24755
24803
24804
24805
24806
24814
24815
24816
24817
24818
24819
24824
24826
24827
24828
24829
24833
24834
25109
25110
25111
25112
25113
25114
25115
25116
25117
25118
25119
25120
25121
25122
25123
25124
25125
25126
25128
25131
25145
25146
25147
25148
25149
25150
25151
25152
25153
25155
25157
25158
25159
25160
25161
25162
25164
25165
25166
25168
25169
25170
25171
25172
25173
25175
25177
25178
25180
25181
25183
25184
25185
25186
25187
25188
25189
25190
25191
25193
25194
25195
25196
25197
25198
25199
25200
25201
25202
25203
25206
25207
25210
25211
25212
25213
25214
25215
25216
25217
25218
25219
25220
25221
25232
25234
25237
25239
25255
25256
25257
25310
25313
25314
25375
25473
25474
25475
25476
25477
25478
25479
25480
25481
25482
25483
25484
25485
25486
25487
25495
25496
25497
25498
25499
25500
25501
25503
25504
25505
25506
25507
25508
25518
25526
25530
25532
25533
25534
25535
25619
25620
25622
25624
25627
25628
25629
25635
25639
25640
25641
25642
25656
25746
25747
25755
25764
25765
25766
25768
25769
25770
25771
25772
25773
25774
25775
25776
25777
25778
25779
25780
25781
25782
25788
25804
25806
25807
25808
25809
25810
25811
25814
25815
25817
25818
25819
25820
25821
25822
25823
25824
25827
25832
25833
25834
25835
25836
25842
25843
25844
25846
25847
25848
25849
25852
25855
25860
25861
25863
25864
25870
25871
25872
25873
25899
26208
26209
26210
26211
26212
26213
26214
26243
26244
26245
26246
26247
26259
26260
26266
26267
26278
26279
26332
26333
26334
26335
26345
26346
26347
26348
26359
26360
26370
26372
26373
26375
26383
26384
26385
26387
26388
26390
26391
26401
26407
26408
26409
26410
26412
26413
26416
26417
26418
26419
26428
26475
26476
26477
26484
26485
26486
26487
26488
26489
26490
26495
26496
26497
26498
26499
26507
26508
26509
26510
26520
26527
26528
26707
26708
26709
26710
26717
26718
26719
26720
26721
26730
26731
26732
26733
26734
26735
26736
26738
26739
26740
26746
26772
26773
26777
26782
26785
26786
26787
26788
26789
26790
26898
26899
26900
26901
26902
26903
26904
26908
26909
26912
26923
26924
26925
26926
26927
26928
26964
26965
26966
26967
26968
26969
26970
26971
26972
26973
26984
26985
26986
26987
27035
27037
27038
27039
27041
27042
27043
27044
27046
27047
27358
27359
27366
27381
27382
27394
27398
27669
27677
27678
27679
27680
27688
27689
27692
27693
27694
27695
27696
27697
27699
27700
27702
27704
27717
27718
27719
27722
27723
27724
27725
27726
27727
27871
27872
27873
27874
27876
27877
27878
27879
27882
27889
27890
27891
27892
27893
27894
27895
27896
27905
27906
27908
27911
27912
27913
27915
27916
27917
27928
27929
27930
27931
27932
27933
27935
27936
27953
27954
27955
27956
27958
27959
27960
27961
27963
27968
27970
27971
27972
27973
27974
27975
27976
27977
27978
27979
27981
27982
27983
27984
27985
27986
27988
27989
27991
27992
27993
27994
27995
27996
27998
28001
28004
28005
28006
28007
28008
28009
28011
28012
28013
28014
28015
28016
28017
28018
28019
28020
28021
28022
28026
28027
28028
28029
28030
28031
28032
28033
28034
28037
28038
28039
28040
28041
28042
28043
28044
28045
28046
28047
28048
28050
28051
28052
28053
28054
28055
28056
28057
28058
28059
28060
28061
28062
28063
28065
28066
28067
28068
28069
28071
28074
28076
28077
28078
28079
28351
28363
28365
28366
28369
28374
28375
28440
28441
28442
28444
28446
28447
28448
28449
28450
28451
28452
28453
28454
28470
28471
28472
28474
28475
28476
28477
28478
28479
28480
28481
28482
28486
28487
28488
28489
28490
28622
28623
28624
28625
28626
28627
28628
28629
28630
28639
29013
29014
29016
29017
29018
29020
29021
29022
29023
29024
29025
29026
29028
29031
29032
29033
29035
29036
29037
29039
29040
29042
29043
29044
29196
29197
29198
29202
29203
29204
29205
29213
29214
29215
29216
29217
29218
29219
29223
29224
29225
29227
29240
29241
29242
29243
29246
29247
29248
29249
29251
29252
29253
29254
29255
29256
29276
29277
29278
29280
29281
29282
29283
29284
29285
29286
29287
29288
29289
29290
29291
29292
29294
29295
29305
29306
29307
29308
29309
29311
29312
29313
29314
29315
29321
29324
29330
29415
29416
29417
29423
29431
29432
29434
29494
29495
29497
29498
29499
29500
29501
29502
29512
29513
29514
29520
29521
29522
29523
29524
29526
29527
29528
29529
29530
29531
29532
29533
29534
29535
29536
29537
29553
29554
29555
29556
29557
29558
29559
29560
29561
29582
29583
29584
29585
29587
29589
29590
29591
29592
29593
29594
29596
29598
29599
29601
29602
29603
29604
29605
29606
29607
29608
29609
29610
29611
29612
29613
29615
29616
29617
29618
29619
29620
29633
29634
29635
29636
29637
29648
29649
29651
29660
29678
29681
29682
29683
29684
29685
29700
29702
29703
29721
29739
29740
29741
29742
29743
29744
29830
29848
29859
29863
29864
29865
29866
29867
29868
29885
29886
29888
29892
29893
29894
29895
29896
29922
29924
29925
29932
29933
29936
29937
29938
29939
29955
29957
29964
29965
29966
29968
29969
29970
29971
29972
29973
29974
29975
29976
29977
29978
29979
29980
29981
29982
29983
29984
29991
29992
29997
29998
29999
30476
30477
30478
30479
30481
30484
30492
30495
30501
30518
30524
30525
30531
30532
30533
30534
30539
30540
30541
30542
30547
30550
30551
30556
30557
30560
30561
30562
30563
30564
30565
30566
30567
30587
30589
30590
30591
30592
30593
30594
30595
30597
30598
30599
30600
30601
30602
30612
30613
30614
30616
30618
30619
30620
30621
30623
30625
30626
30627
30628
30629
30808
30809
30810
30811
30814
30837
30838
30860
30861
30862
30877
30878
30879
30880
30888
30889
30890
30891
30893
31087
31088
31089
31096
31099
31100
31101
31102
31103
31104
31106
31108
31224
31225
31242
31243
31249
31250
31265
31272
31274
31276
31277
31278
31279
31280
31281
31282
31283
31284
31285
32186
32190
32191
32193
32194
32195
32196
32198
32203
32206
32208
32209
32210
32211
32212
32214
32215
32216
32217
32218
32219
32220
32234
32237
32238
32239
32253
32259
32263
32265
32270
32271
32275
32278
32279
32280
32281
32283
32285
32290
32291
32292
32293
32295
32306
32307
32308
32309
32310
32311
32315
32316
32318
32319
32320
32321
32322
32326
32327
32328
32336
32344
32345
32347
32349
32350
32351
32365
32369
32372
32373
32374
32375
32376
32377
32379
32380
32388
32390
32412
32414
32415
32419
32420
32421
32423
32433
32434
32435
32436
32437
32438
32439
32440
32441
32442
32443
32444
32445
32446
32447
32448
32449
32450
32453
32454
32456
32457
32458
32459
32460
32461
32462
32463
32464
32465
32467
32469
32470
32471
32472
32473
32474
32476
32477
32478
32479
32480
32481
32482
32483
32484
32486
32488
32489
32490
32491
32492
32493
32494
32495
32498
32499
32500
32501
32504
32505
32508
32509
32510
32511
32512
32513
32514
32515
32516
32518
32519
32520
32521
32522
32523
32526
32527
32528
32530
32531
32533
32534
32535
32537
32539
32540
32543
32544
32545
32547
32549
32550
32551
32552
32553
32554
32555
32556
32558
32559
32561
32562
32563
32565
32566
32567
32568
32569
32570
32571
32572
32573
32574
32575
32577
32578
32579
32580
32582
32583
32584
32585
32587
32588
32589
32590
32591
32592
32593
32594
32595
32596
32597
32598
32599
32600
32602
32603
32604
32605
32606
32607
32608
32610
32611
32612
32613
32615
32616
32617
32620
32621
32622
32623
32624
32855
33485
33486
33487
33488
33491
33492
33494
33495
33496
33502
33503
33511
33512
33513
33514
33515
33516
33517
33518
33519
33521
33522
33523
33524
33525
33526
33530
33531
33532
33533
33535
33536
33537
33538
33539
33540
33585
33586
33588
33589
33590
33597
33598
33600
33601
33606
33607
33612
33626
33627
33628
33631
33638
33639
33640
33642
33643
33648
33649
33650
33651
33657
33673
33674
33677
33681
33683
33684
33697
33698
33699
33711
33712
33713
33715
33740
33741
33742
33743
33744
33745
33746
33747
33748
33749
33750
33753
33765
33767
33769
33770
33771
33772
33775
33776
33777
33778
33779
33780
33781
33786
33789
33792
33793
33794
33795
33796
33797
33799
33800
33801
33802
33803
33804
33805
33807
33808
33809
33810
33812
33813
33814
33815
33816
33818
33819
33821
33822
33823
33824
33825
33826
33827
33828
33829
33830
33831
33832
33833
33834
33835
33836
33837
33839
33840
33842
33843
33845
33847
33848
33849
33851
33852
33854
33855
33856
33858
33859
33860
33862
33864
33865
33866
33867
33868
33869
33870
33871
33872
33873
33875
33876
33877
33879
33881
33882
33883
33884
33885
33886
33887
33888
33889
33890
33892
33893
33894
33897
33920
33922
33936
33937
33938
33944
33945
33946
33947
33948
33952
33953
33955
33956
33958
33964
33965
33966
33968
33969
33970
33971
33977
33978
33979
34044
34045
34046
34047
34048
34049
34050
34052
34053
34054
34082
34174
34175
34176
34177
34178
34179
34180
34181
34182
34183
34185
34186
34187
34188
34190
34191
34318
34319
34320
34329
34330
34331
34332
34333
34334
34336
34337
34338
34339
34340
34341
34342
34343
34346
34347
34348
34349
34350
34351
34352
34354
34355
34356
34357
34358
34359
34360
34362
34363
34364
34365
34366
34368
34369
34370
34373
34374
34375
34376
34380
34381
34382
34389
34391
34397
34398
34399
34401
34402
34403
34404
34405
34406
34416
34417
34439
34442
34443
34444
34447
34449
34451
34452
34469
34470
34477
34478
34479
34480
34481
34482
34483
34488
34489
34490
34491
34492
34496
34506
34507
34508
34509
34510
34511
34512
34513
34514
34515
34516
34519
34520
34521
34522
34523
34524
34529
34530
34585
34586
34587
34588
34589
34590
34591
34592
34598
34599
34600
34601
34602
34603
34604
34605
34626
34627
34628
34629
34630
34631
34632
34633
34635
34637
34638
34639
34641
34642
34643
34644
34646
34836
34837
34838
34839
34840
34842
34843
34844
34845
34846
34847
34848
34849
34850
34851
34852
34853
34854
34855
34856
34857
34858
34860
34861
34862
34863
34864
34865
34866
34867
34868
34869
34870
34871
34872
34873
34874
34876
34878
34879
34880
34881
34885
34886
34887
34888
34892
34894
34898
34901
34902
34903
34905
34907
34908
34914
34915
34916
34921
34927
34938
34940
34941
34942
34943
34944
34945
34946
34949
34952
34953
34954
34957
34968
34969
34970
34972
34973
34974
34975
34976
34977
34978
34980
34981
34982
34983
34984
34987
34988
34989
34990
34991
34992
34993
34996
34997
34998
35002
35003
35004
35005
35006
35007
35008
35009
35011
35012
35013
35015
35016
35017
35018
35019
35020
35021
35022
35023
35024
35025
35026
35027
35029
35033
35035
35036
35043
35044
35045
35046
35047
35048
35049
35050
35051
35052
35203
35204
35205
35206
35207
35208
35269
35270
35271
35272
35279
35280
35281
35282
35283
35284
35285
35286
35287
35288
35289
35291
35294
35295
35296
35298
35299
35331
35332
35333
35334
35335
35336
35337
35338
35340
35342
35610
35611
35617
35618
35619
35620
35621
35622
35623
35642
35744
35745
35747
35748
35752
35753
35754
35755
35757
35758
35759
35760
35761
35762
35763
35764
35767
35768
35798
35799
35801
35802
35803
35804
35805
35808
35813
35814
35815
35816
35817
35818
35819
35946
35952
35953
35954
35959
35960
35961
35962
35964
35965
35966
35967
35968
35969
35970
35971
35972
35974
35976
36161
36162
36163
36164
36165
36166
36167
36168
36169
36171
36172
36173
36183
36184
36185
36186
36187
36188
36189
36190
36191
36192
36193
36194
36203
36204
36205
36207
36208
36209
36210
36211
36252
36254
36255
36258
36263
36264
36266
36268
36269
36270
36271
36273
36282
36287
36288
36290
36293
36302
36307
36309
36310
36315
36330
36331
36332
36333
36352
36528
36529
36530
36532
36560
36561
36571
36572
36573
36574
36575
36576
36577
36578
36579
36580
36581
36582
36585
36586
36588
36596
36597
36598
36599
36600
36608
36609
36610
36611
36613
36615
36616
36720
36721
36722
36723
36725
36735
36750
36751
36752
36754
36755
36757
36758
36759
36760
36761
36769
36771
36772
36773
36774
36775
36777
36785
36786
36787
36797
36798
36826
36842
36843
36844
36847
36848
36849
36850
36858
36859
36860
36861
36862
36863
36864
36865
36866
36867
36868
36869
36870
36871
36872
36873
36874
36875
36876
36877
36878
36879
36880
36907
36908
36909
36910
36911
36912
36913
36914
36915
37156
37157
37181
37182
37185
37186
37188
37189
37207
37208
37209
37210
37211
37220
37233
37234
37235
37556
37557
37558
37559
37561
37562
37563
37564
37566
37567
37568
37569
37581
37583
37584
37585
37590
37591
37592
37593
37594
37597
37600
37601
37610
37611
37621
37622
37714
37715
37718
37719
37720
37726
37727
37756
37769
37770
37771
37772
37773
37774
37775
37776
37777
37778
37779
37780
37781
37783
37784
37785
37786
37840
37841
37842
37855
37856
37857
37858
37859
37860
37861
37862
37863
37864
37888
37889
37890
37891
37892
37893
37894
37913
37925
37926
37927
37928
37929
37930
37932
37933
37934
37938
37939
37940
37955
37956
37957
37958
37959
37960
37961
37962
37963
37964
37965
37966
37967
37969
37970
37971
37972
37974
38388
38389
38403
38404
38406
38407
38408
38409
38410
38411
38412
38434
38435
38436
38437
38438
38439
38441
38442
38443
38445
38446
38447
38450
38451
38452
38453
38454
38455
38456
38457
38458
38459
38460
38461
38462
38464
38465
38466
38469
38470
38471
38472
38474
38477
38478
38479
38480
38481
38482
38483
38484
38485
38486
38487
38488
38489
38490
38491
38492
38495
38496
38498
38499
38503
38508
38511
38519
38521
38525
38787
38788
38789
38790
38794
38795
38796
38801
38803
38809
38810
38821
38823
38824
38825
38827
38828
38829
38830
38831
38838
38839
38842
38843
39121
39122
39422
39423
39425
39440
39441
39443
39445
39623
39624
39625
39626
39627
39629
39630
39631
39641
39642
39644
39645
39646
39647
39648
39649
39650
39651
39652
39655
39656
39657
39659
39660
39662
39663
39664
39665
39666
39667
39668
39669
39670
39671
39672
39681
39682
39683
39689
39705
39706
39707
39709
39710
39711
39713
39714
39715
39716
39718
