214
216
218
223
224
229
230
231
232
233
234
235
236
237
278
295
296
297
298
299
300
301
302
303
304
307
308
309
310
311
312
313
314
315
316
317
318
319
324
325
329
333
334
335
336
337
339
340
341
342
343
344
349
350
353
360
363
364
365
366
367
368
369
370
378
383
384
385
386
387
388
389
390
391
392
393
394
395
396
397
398
399
400
401
402
403
404
405
406
407
408
412
418
419
420
421
422
423
424
427
430
432
433
434
435
436
437
438
439
440
441
442
443
507
510
511
513
518
520
521
522
523
524
525
526
527
528
529
531
532
541
542
543
547
548
549
550
551
552
553
554
555
556
557
558
559
560
561
562
565
566
567
568
569
570
571
572
573
574
575
576
577
578
579
580
581
585
586
587
588
589
594
595
596
597
598
609
610
611
612
613
614
615
616
617
618
619
620
621
622
623
624
625
627
628
633
634
635
636
637
638
639
640
641
645
646
647
650
651
652
653
656
657
658
660
664
665
666
668
669
674
677
678
679
680
681
682
683
684
685
686
687
688
689
690
691
692
693
694
695
696
697
698
699
704
706
723
724
725
726
727
728
729
730
732
733
734
735
736
737
738
739
740
741
743
744
751
757
758
760
761
762
763
767
768
769
770
771
772
773
774
775
783
784
785
786
787
788
789
790
791
792
793
794
795
796
797
798
799
803
810
811
812
813
814
817
818
819
820
822
823
824
825
826
827
828
829
837
842
843
844
845
846
847
848
849
853
860
861
862
863
871
872
873
874
875
878
879
880
881
882
883
884
885
886
887
888
889
890
891
892
893
894
895
896
897
898
899
900
901
902
903
904
905
906
907
908
909
910
911
912
913
916
917
918
919
920
921
922
923
924
925
926
927
928
929
930
931
935
937
938
939
940
941
942
943
944
945
946
947
948
949
950
951
958
959
962
969
970
971
1128
1129
1130
1555
1629
1749
1750
1751
1752
1753
1754
1755
1756
1757
1758
1759
1760
1761
1762
1763
1764
1765
1766
1767
1768
1769
1770
1771
1772
1773
1774
1775
1776
1777
1778
1779
1787
1788
1789
1790
1796
1798
1799
1800
1801
1802
1803
1804
1805
1806
1807
1813
1814
1817
1823
1829
1834
1836
1837
1838
1839
1917
1918
1919
1920
1921
1922
1923
1924
1925
1926
1930
1931
1932
1933
1934
1935
1936
1937
1938
1939
1940
1941
1942
1943
1944
1945
1946
1947
1948
1949
1950
1958
1959
1960
1961
1962
1963
1964
1965
1968
1969
1970
1971
1972
1973
1974
1975
1976
1977
1978
1979
1980
1981
1982
1983
1984
1985
1986
1987
1988
1989
1990
1991
1992
1993
1994
1995
1996
1997
1998
1999
2000
2001
2002
2003
2022
2025
2026
2027
2028
2029
2032
2033
2038
2040
2041
2042
2043
2045
2046
2053
2054
2056
2057
2058
2059
2060
2061
2062
2065
2067
2068
2069
2070
2071
2072
2073
2074
2075
2076
2077
2078
2079
2080
2081
2082
2084
2085
2087
2089
2090
2091
2092
2093
2094
2096
2097
2101
2102
2103
2105
2106
2107
2108
2109
2110
2111
2112
2113
2114
2115
2116
2119
2120
2122
2123
2124
2125
2126
2127
2128
2129
2130
2132
2133
2134
2135
2136
2137
2138
2141
2142
2143
2144
2145
2146
2147
2148
2151
2152
2153
2154
2155
2156
2157
2158
2164
2165
2166
2167
2168
2169
2170
2172
2173
2175
2176
2179
2180
2181
2183
2184
2188
2190
2191
2192
2253
2254
2355
2457
2458
2459
2460
2470
2471
2472
2473
2474
2475
2476
2477
2478
2487
2489
2490
2491
2493
2494
2495
2497
2498
2499
2500
2501
2502
2503
2504
2505
2506
2507
2508
2509
2510
2511
2512
2513
2514
2515
2516
2517
2518
2519
2520
2521
2522
2523
2524
2525
2526
2527
2532
2533
2534
2537
2808
2809
2810
2811
2812
2813
2814
2815
2816
2817
2818
2819
2820
2821
2822
2823
2824
2825
2826
2827
2828
2829
2862
2873
2874
2875
2876
2892
2893
2894
2895
2896
2897
2898
2899
2900
2908
2942
2943
2944
2945
2946
2947
2948
2949
3032
3033
3034
3035
3036
3037
3038
3039
3040
3041
3042
3043
3044
3045
3046
3047
3048
3049
3050
3051
3052
3053
3054
3055
3056
3057
3058
3059
3060
3061
3062
3063
3064
3065
3066
3067
3068
3069
3070
3071
3072
3073
3074
3075
3076
3077
3078
3079
3080
3081
3082
3083
3084
3085
3086
3087
3088
3089
3090
3091
3092
3093
3094
3095
3096
3097
3098
3099
3100
3101
3102
3103
3104
3105
3106
3107
3108
3109
3110
3111
3112
3113
3114
3115
3116
3117
3118
3119
3120
3131
3132
3133
3134
3135
3141
3142
3143
3144
3145
3146
3147
3148
3150
3162
3163
3165
3166
3167
3168
3169
3171
3173
3174
3175
3176
3177
3178
3179
3180
3181
3182
3183
3184
3185
3186
3187
3188
3191
3192
3193
3194
3195
3196
3197
3198
3199
3200
3201
3202
3203
3204
3205
3206
3207
3208
3209
3210
3211
3212
3213
3214
3215
3216
3217
3218
3219
3220
3221
3222
3231
3232
3233
3234
3243
3244
3245
3246
3247
3250
3254
3255
3256
3257
3258
3259
3260
3261
3262
3263
3264
3265
3266
3267
3268
3269
3270
3271
3272
3273
3274
3275
3276
3277
3363
3364
3365
3366
3478
3533
3546
3547
3548
3576
3591
3592
3619
3657
3658
3670
3672
3676
3678
3696
3727
3744
3748
3752
3753
3757
3773
3774
3775
3778
3786
3794
3797
3800
3801
3802
3803
3804
3806
3807
3808
3812
3813
3819
3824
3825
3826
3827
3828
3829
3851
3852
3853
3854
3855
3856
3857
3858
3859
3939
3941
3942
3943
3944
3945
3946
3947
3948
3956
3958
3959
3960
3961
3962
3963
3964
3965
3966
3967
3969
3970
3971
3972
3973
3974
3975
3976
3977
3978
3979
3980
3981
3982
3983
3984
3985
3986
3987
3988
3989
3990
3991
3992
3993
3997
3999
4000
4001
4002
4003
4004
4005
4006
4007
4008
4009
4010
4011
4012
4013
4014
4015
4016
4018
4019
4020
4021
4022
4023
4024
4025
4026
4027
4028
4029
4030
4032
4037
4038
4039
4040
4043
4047
4048
4049
4050
4051
4052
4054
4077
4088
4122
4123
4124
4125
4126
4127
4128
4129
4136
4281
4483
4485
4486
4596
4597
4598
4599
4600
4601
4606
4607
4608
4609
4611
4612
4613
4614
4615
4616
4617
4618
4619
4620
4621
4622
4623
4624
4625
4626
4627
4628
4629
4636
4637
4638
4644
4645
4646
4647
4648
4649
4650
4651
4652
4661
4662
4663
4664
4665
4666
4667
4668
4669
4670
4671
4673
4676
4677
4678
4679
4680
4681
4684
4685
4686
4687
4688
4689
4690
4691
4692
4693
4694
4695
4696
4697
4698
4699
4702
4703
4704
4705
4707
4708
4709
4710
4711
4712
4713
4714
4715
4716
4717
4722
4724
4733
4734
4735
4736
4737
4739
4740
4745
4746
4747
4748
4749
4750
4751
4757
4758
4759
4760
4761
4762
4763
4764
4767
4770
4771
4773
4775
5016
5017
5018
5151
5152
5153
5154
5155
5156
5157
5158
5159
5160
5161
5162
5163
5164
5165
5166
5167
5174
5175
5176
5177
5178
5179
5180
5181
5182
5183
5184
5186
5187
5188
5189
5190
5191
5192
5193
5194
5195
5197
5201
5206
5207
5208
5211
5212
5216
5217
5223
5225
5227
5228
5229
5230
5231
5232
5233
5234
5236
5238
5239
5240
5241
5242
5246
5252
5254
5255
5256
5258
5263
5266
5270
5271
5272
5273
5274
5275
5276
5277
5278
5279
5280
5281
5282
5283
5284
5420
5421
5422
5423
5424
5425
5426
5427
5499
5503
5504
5507
5508
5509
5510
5515
5516
5517
5518
5519
5520
5521
5522
5523
5524
5525
5526
5527
5530
5531
5535
5536
5540
5542
5543
5544
5545
5546
5547
5548
5549
5550
5551
5552
5553
5554
5555
5556
5557
5558
5559
5560
5565
5570
5571
5572
5573
5574
5575
5576
5577
5578
5579
5580
5581
5582
5583
5584
5585
5586
5587
5588
5589
5590
5591
5592
5593
5594
5595
5596
5597
5601
5602
5603
5604
5605
5606
5607
5608
5609
5610
5611
5612
5613
5616
5617
5618
5619
5620
5621
5622
5623
5624
5625
5626
5627
5628
5629
5630
5631
5632
5633
5635
5641
5642
5643
5645
5646
5647
5648
5649
5650
5651
5652
5653
5654
5655
5656
5657
5658
5659
5660
5661
5662
5663
5664
5665
5666
5667
5668
5669
5670
5671
5672
5673
5674
5675
5676
5677
5678
5679
5680
5681
5682
5683
5684
5685
5686
5687
5688
5689
5690
5691
5692
5694
5704
5723
5738
5740
5747
5753
5759
5760
5761
5762
5763
5764
5765
5766
5767
5777
5779
5780
5785
5789
5808
5813
5814
5815
5816
5817
5818
5819
5820
5821
5822
5823
5824
5825
5826
5827
5828
5829
5830
5831
5835
5841
5842
5843
5844
5845
5846
5847
6067
6068
6069
6074
6075
6182
6184
6185
6186
6187
6189
6190
6191
6192
6193
6194
6195
6196
6197
6198
6199
6200
6201
6202
6203
6204
6205
6206
6207
6208
6209
6210
6211
6212
6213
6214
6217
6218
6219
6220
6221
6222
6223
6224
6225
6226
6227
6228
6229
6230
6231
6232
6233
6234
6235
6236
6237
6238
6239
6240
6241
6242
6243
6244
6245
6246
6247
6248
6249
6250
6255
6256
6257
6258
6260
6261
6323
6324
6325
6326
6327
6329
6330
6331
6332
6333
6334
6335
6336
6337
6338
6339
6340
6341
6342
6343
6344
6345
6346
6347
6348
6349
6350
6351
6352
6353
6354
6355
6356
6357
6358
6359
6360
6361
6362
6363
6364
6365
6366
6367
6368
6369
6370
6371
6372
6373
6374
6375
6376
6377
6378
6379
6380
6381
6382
6383
6384
6385
6386
6387
6388
6389
6390
6391
6392
6393
6394
6395
6396
6397
6398
6400
6401
6402
6403
6404
6405
6406
6407
6408
6409
6410
6411
6412
6413
6414
6415
6416
6417
6418
6419
6420
6421
6422
6423
6424
6425
6426
6427
6428
6429
6430
6431
6432
6433
6434
6435
6436
6437
6438
6441
6444
6445
6446
6447
6448
6450
6451
6452
6453
6454
6455
6456
6457
6458
6459
6460
6461
6462
6463
6464
6465
6466
6467
6468
6469
6470
6472
6475
6476
6477
6478
6479
6480
6490
6494
6495
6543
6565
6569
6571
6573
6574
6577
6578
6581
6582
6586
6587
6588
6589
6590
6591
6592
6593
6594
6595
6596
6599
6600
6601
6602
6603
6604
6605
6606
6607
6608
6609
6613
6614
6635
6636
6637
6638
6639
6640
6641
6642
6856
6857
6858
6859
6860
6861
6862
6863
6864
6865
6866
6867
6868
6869
6870
6871
6872
6873
6874
6875
6877
6878
6949
6950
7031
7103
7104
7108
7109
7112
7119
7120
7121
7122
7123
7124
7125
7126
7127
7128
7129
7130
7131
7132
7135
7136
7137
7142
7143
7144
7145
7146
7147
7148
7149
7150
7153
7154
7155
7156
7157
7158
7159
7160
7161
7162
7163
7164
7165
7166
7167
7168
7169
7170
7171
7172
7173
7174
7175
7176
7177
7178
7179
7180
7181
7182
7183
7184
7185
7186
7187
7188
7189
7190
7191
7192
7193
7220
7221
7222
7223
7224
7225
7226
7227
7228
7230
7231
7232
7236
7237
7238
7239
7240
7241
7242
7243
7244
7245
7246
7247
7248
7249
7250
7251
7252
7253
7254
7255
7258
7259
7269
7270
7271
7272
7273
7274
7275
7276
7277
7278
7279
7280
7281
7285
7288
7289
7290
7291
7292
7293
7294
7295
7296
7297
7298
7299
7301
7309
7310
7311
7313
7314
7315
7316
7317
7318
7327
7328
7329
7330
7331
7332
7334
7335
7338
7405
7406
7407
7408
7409
7410
7411
7412
7413
7414
7415
7416
7418
7419
7420
7421
7428
7431
7432
7433
7434
7435
7436
7437
7438
7439
7440
7441
7442
7443
7444
7460
7461
7462
7463
7465
7466
7467
7468
7469
7470
7471
7472
7484
7485
7486
7496
7499
7500
7501
7502
7503
7504
7505
7506
7507
7509
7510
7511
7512
7513
7514
7515
7516
7517
7518
7519
7523
7526
7527
7528
7529
7530
7531
7532
7533
7534
7535
7536
7538
7540
7542
7543
7544
7545
7546
7550
7551
7552
7555
7566
7568
7578
7579
7580
7581
7582
7583
7584
7585
7588
7590
7596
7597
7601
7602
7603
7604
7605
7606
7607
7608
7614
7615
7683
7761
7764
7766
7775
7780
7784
7785
7786
7792
7793
7794
7795
7796
7797
7798
7802
7808
7809
7810
7811
7812
7813
7814
7815
7817
7818
7819
7820
7823
7824
7825
7826
7844
7845
7846
7847
7848
7849
7850
7851
7852
7853
7857
7872
7873
7874
7875
7876
7877
7878
7879
7880
7881
7882
7883
7884
7888
7889
7890
7891
7892
7893
7897
7899
7900
7904
7905
7906
7907
7908
7909
7910
7911
7912
7913
7914
7915
7916
7917
7918
7920
7921
7922
7923
7924
7925
7926
7927
7928
7929
7930
7931
7932
7933
7934
7935
7936
7937
7938
7939
7940
7941
7942
7943
7944
8115
8125
8216
8430
8431
8432
8433
8434
8435
8436
8437
8438
8439
8440
8441
8442
8443
8444
8445
8446
8447
8448
8449
8450
8451
8452
8453
8454
8455
8456
8457
8458
8463
8469
8470
8476
8477
8478
8481
8482
8483
8484
8485
8486
8487
8521
8522
8523
8525
8526
8527
8528
8529
8530
8536
8540
8541
8542
8543
8544
8545
8546
8547
8548
8549
8550
8551
8552
8553
8554
8555
8556
8557
8558
8559
8560
8561
8562
8563
8564
8565
8567
8572
8573
8574
8575
8576
8577
8582
8584
8585
8796
8797
8801
8802
8806
8807
8808
8809
8810
8811
8812
8815
8816
8817
8822
8823
8825
8829
8831
8832
8833
8842
8843
8844
8845
8846
8847
8848
8849
8850
8851
8855
8856
8860
8861
8862
8863
8864
8865
8866
8867
8868
8873
8874
8875
8876
8877
8893
8894
8895
8896
8897
8899
8900
8901
8902
8903
8904
8905
8906
8907
8908
8909
8910
8911
8912
8913
8914
8915
8916
8917
8921
8922
8923
8924
8925
8926
8927
8928
8929
8930
8931
8934
8937
8942
8943
8948
8952
8953
8954
8955
8956
8957
8958
8959
8960
8961
8962
8964
8965
8976
8980
8985
8986
8988
8989
8990
8991
8992
8993
8994
8995
8996
8997
8998
8999
9000
9001
9002
9003
9004
9005
9006
9007
9008
9009
9010
9011
9024
9025
9035
9036
9039
9040
9041
9186
9187
9188
9189
9190
9191
9196
9199
9201
9205
9280
9281
9407
9408
9409
9410
9411
9412
9419
9420
9421
9422
9423
9424
9425
9426
9427
9428
9550
9551
9552
9553
9554
9555
9568
9569
9570
9571
9572
9573
9574
9575
9576
9577
9578
9579
9581
9586
9588
9592
9608
9611
9619
9620
9621
9622
9623
9624
9625
9626
9627
9628
9629
9630
9631
9632
9633
9637
9638
9639
9640
9643
9696
9736
9737
9738
9741
9742
9747
9748
9749
9750
9751
9752
9753
9754
9755
9756
9758
9759
9760
9761
9762
9763
9764
9765
9766
9767
9768
9769
9770
9771
9772
9774
9775
9776
9777
9778
9779
9780
9781
9782
9784
9785
9786
9787
9788
9789
9790
9791
9792
9793
9794
9795
9796
9797
9798
9799
9800
9801
9802
9803
9805
9806
9811
9816
9817
9818
9819
9821
9822
9823
9824
9825
9828
9830
9831
9832
9837
9838
9839
9840
9842
9843
9844
9845
9846
9847
9848
9849
9850
9851
9852
9853
9854
9855
9856
9857
9858
9859
9860
9862
9863
9864
9865
9866
9867
9870
9871
9999
10162
10163
10164
10165
10166
10167
10168
10169
10170
10171
10172
10173
10174
10175
10176
10178
10179
10180
10181
10182
10183
10192
10193
10194
10195
10196
10197
10198
10199
10200
10201
10202
10203
10204
10205
10208
10209
10210
10211
10212
10213
10214
10215
10216
10217
10218
10219
10220
10221
10222
10228
10233
10234
10235
10236
10237
10239
10240
10241
10242
10243
10244
10245
10246
10247
10248
10249
10250
10251
10252
10253
10254
10255
10256
10257
10258
10259
10260
10261
10262
10266
10267
10268
10269
10270
10271
10272
10273
10276
10277
10278
10280
10665
10666
10667
10703
10710
10711
10712
10713
10714
10715
10716
10717
10718
10719
10720
10722
10723
10724
10725
10726
10727
10729
10730
10731
10732
10733
10734
10740
10744
10745
10746
10747
10748
10749
10750
10751
10752
10753
10754
10755
10756
10757
10758
10759
10760
10761
10762
10764
10774
10775
10776
10787
10788
10789
10790
10791
10798
10799
10800
10801
10803
10808
10809
10810
10811
10812
10813
10814
10815
10816
10817
10818
10819
10820
10821
10822
10823
10824
10825
10826
10827
10828
10829
10830
10831
10832
10833
10834
10835
10836
10837
10838
10839
10840
10849
10850
10851
10852
10853
10860
10865
10866
10867
10868
10869
10871
10872
10876
10877
10878
10879
10880
10881
10882
10925
10926
10928
10939
10949
10950
10955
10956
10957
10958
10959
10961
10962
10963
11175
11205
11206
11207
11208
11209
11210
11211
11215
11216
11217
11218
11220
11222
11285
11551
11552
11553
11554
11555
11556
11557
11558
11559
11560
11562
11563
11564
11565
11567
11568
11569
11570
11588
11589
11590
11591
11592
11594
11596
11601
11602
11603
11604
11605
11606
11607
11608
11609
11610
11611
11612
11613
11614
11615
11616
11617
11618
11619
11620
11621
11622
11623
11624
11629
11633
11634
11635
11636
11637
11638
11639
11640
11641
11642
11643
11644
11646
11647
11648
11649
11650
11651
11652
11658
11659
11660
11661
11664
11665
11666
11667
11668
11669
11670
11671
11675
11676
11677
11682
11683
11688
11689
11690
11691
11692
11698
11699
11700
11701
11706
11712
11713
11715
11719
11773
11788
11789
11790
12090
12091
12092
12093
12094
12099
12100
12101
12102
12103
12104
12105
12106
12107
12108
12109
12115
12117
12120
12121
12123
12124
12125
12126
12127
12128
12129
12130
12131
12132
12133
12134
12135
12136
12137
12138
12139
12140
12141
12142
12143
12144
12145
12146
12147
12148
12149
12314
12338
12339
12340
12341
12342
12343
12344
12348
12349
12352
12353
12354
12355
12358
12361
12362
12363
12364
12365
12366
12367
12376
12377
12378
12379
12380
12381
12385
12388
12389
12394
12395
12396
12397
12398
12399
12400
12401
12402
12404
12405
12406
12482
12483
12484
12485
12486
12487
12488
12489
12490
12491
12492
12499
12501
12502
12503
12504
12569
12575
12576
12582
12588
12589
12590
12591
12592
12593
12594
12595
12596
12597
12598
12599
12601
12602
12603
12604
12605
12606
12607
12608
12609
12610
12611
12612
12613
12614
12617
12620
12621
12623
12624
12627
12628
12632
12633
12634
12635
12695
12696
12697
12698
12699
12700
12701
12702
12703
12704
12705
12706
12707
12708
12709
12710
12711
12712
12713
12714
12715
12716
12717
12718
12719
12720
12721
12722
12723
12727
12728
12729
12730
12734
12735
12736
12737
12738
12739
12740
12741
12742
12743
12744
12745
12746
12747
12748
12749
12750
12751
12759
12760
12761
12762
12763
12764
12765
12766
12767
12768
12769
12770
12771
12773
12774
12775
12776
12777
12778
12779
12780
12781
12782
12783
12784
12785
12786
12787
12788
12789
12790
12792
12793
12794
12800
12801
12802
12810
12814
12815
12816
12817
12818
12819
12820
12821
12822
12823
12824
12825
12826
12827
12828
12829
12830
12831
12832
12833
12842
12847
12848
12853
12854
12855
12856
12857
12858
12859
12861
12862
12864
12865
12866
12867
12872
12875
12876
12877
12878
12879
12880
12881
12882
12883
12884
12885
12886
12888
12889
12890
12891
12892
12893
12894
12895
12896
12897
12903
12904
12905
12906
12907
12908
12909
12910
12911
12912
12913
12914
12915
12916
12917
12918
12919
12920
12921
12922
12923
12925
12927
12928
12929
12931
12932
12933
12936
12937
12938
12939
12940
12941
12942
12989
12990
12991
12992
13023
13024
13025
13026
13027
13028
13029
13100
13107
13108
13110
13114
13116
13121
13127
13131
13132
13133
13134
13135
13136
13137
13138
13139
13140
13141
13142
13145
13146
13147
13148
13149
13150
13152
13153
13154
13158
13160
13161
13162
13163
13169
13170
13171
13172
13174
13175
13176
13177
13178
13179
13180
13181
13182
13183
13184
13185
13186
13187
13191
13200
13201
13203
13204
13205
13206
13207
13208
13209
13210
13211
13213
13214
13215
13216
13217
13218
13219
13220
13221
13222
13226
13227
13228
13229
13230
13231
13232
13233
13234
13235
13236
13237
13239
13240
13241
13245
13252
13253
13254
13255
13256
13257
13258
13259
13260
13262
13263
13264
13265
13266
13267
13268
13269
13270
13271
13272
13273
13274
13275
13276
13277
13278
13279
13280
13281
13282
13283
13290
13292
13293
13294
13301
13302
13303
13304
13306
13312
13313
13314
13317
13323
13338
13415
13418
13419
13420
13421
13432
13433
13434
13435
13436
13437
13438
13439
13440
13441
13442
13443
13444
13445
13446
13447
13448
13454
13533
13534
13537
13538
13539
13540
13541
13542
13543
13544
13545
13546
13547
13548
13549
13550
13551
13552
13553
13557
13558
13559
13560
13561
13562
13563
13564
13565
13566
13567
13571
13572
13573
13574
13576
13580
13581
13582
13583
13584
13585
13586
13587
13588
13589
13700
13766
13767
13801
13802
13803
13805
13806
13807
13808
13809
13810
13811
13812
13814
13815
13816
13817
13818
13819
13820
13821
13822
13823
13824
13831
13832
13833
13834
13835
13836
13837
13838
13839
13840
13841
13844
13845
13846
13847
13932
13933
13934
13935
13936
13937
13938
13939
13940
13941
13942
13943
13944
13945
13946
13947
13948
13949
13950
13951
13952
13953
13956
13957
13958
14010
14018
14019
14023
14024
14025
14026
14027
14028
14029
14030
14032
14034
14037
14039
14110
14112
14114
14115
14121
14122
14123
14124
14125
14126
14127
14128
14129
14130
14131
14132
14133
14134
14135
14136
14137
14138
14139
14140
14141
14142
14143
14144
14145
14153
14159
14160
14162
14163
14164
14178
14189
14190
14191
14192
14193
14194
14195
14196
14197
14198
14199
14200
14332
14337
14338
14343
14344
14345
14346
14347
14348
14349
14359
14360
14361
14366
14367
14368
14369
14370
14371
14372
14373
14374
14375
14376
14378
14383
14384
14385
14386
14387
14389
14390
14391
14396
14397
14398
14399
14400
14401
14402
14403
14404
14405
14491
14596
14597
14598
14599
14603
14604
14605
14606
14607
14608
14609
14610
14611
14612
14615
14616
14617
14626
14632
14633
14634
14635
14636
14637
14638
14639
14640
14641
14642
14644
14645
14646
14647
14648
14649
14675
14676
14677
14678
14679
14681
14684
14689
14690
14691
14692
14693
14694
14695
14696
14697
14698
14699
14700
14701
14702
14703
14704
14705
14706
14707
14708
14709
14710
14712
14719
14720
14722
14723
14725
14726
14731
14732
14733
14734
14735
14736
14737
14738
14739
14740
14741
14742
14743
14744
14745
14748
14749
14750
14751
14758
14759
14760
14764
14765
14766
14767
14768
14769
14770
14771
14772
14773
14777
14778
14779
14780
14781
14782
14784
14788
14790
14791
14792
14793
14794
14795
14796
14797
14798
14799
14801
14812
14813
14814
14816
14817
14818
14819
14820
14862
14863
14876
14877
14878
14879
14882
14883
14884
14885
14886
14887
14890
14891
14892
14893
14894
14895
14896
14897
14899
14900
14901
14902
14903
14904
14905
14906
14907
14908
14909
14910
14911
14912
14913
14914
14915
14924
14928
14929
14930
14931
14932
14933
14934
14935
14936
14937
14938
14939
14940
14941
14942
14943
14944
14945
14946
14947
14948
14949
14961
14962
14963
14964
14974
14975
14978
14982
14983
14988
14989
14991
14992
14993
14994
14995
14996
14997
14998
14999
15000
15001
15128
15129
15130
15131
15132
15133
15134
15135
15136
15137
15138
15150
15151
15152
15153
15156
15166
15167
15168
15172
15203
15204
15210
15215
15218
15219
15226
15232
15240
15242
15243
15244
15245
15246
15247
15251
15252
15253
15254
15255
15256
15257
15258
15259
15260
15262
15263
15265
15266
15267
15268
15269
15270
15271
15372
15391
15392
15393
15404
15405
15406
15407
15408
15416
15417
15419
15420
15421
15422
15423
15424
15425
15426
15430
15435
15436
15437
15438
15439
15440
15442
15443
15444
15445
15446
15449
15451
15461
15462
15463
15464
15465
15466
15467
15468
15469
15473
15474
15478
15479
15482
15483
15484
15485
15486
15487
15488
15489
15490
15641
15642
15643
15644
15645
15646
15647
15648
15649
15650
15651
15652
15659
15660
15661
15662
15663
15664
15665
15666
15667
15668
15669
15670
15672
15673
15674
15675
15809
15810
15815
15816
15817
15821
15822
15824
15825
15826
15827
15828
15829
15830
15831
15832
15833
15834
15835
15836
15837
15838
15839
15840
15841
15842
15843
15844
15845
15846
15847
15848
15849
15850
15851
15852
15853
15854
15857
15858
15859
15860
15861
15862
15863
15864
15869
15870
15871
15872
15873
15874
15875
15876
15877
15878
15879
15880
15884
15912
15913
15914
15915
15916
15917
15918
15921
15922
15924
15925
15926
15927
15928
15929
15930
15931
15932
15934
15935
15936
15937
15939
15940
15941
15942
15943
15944
15945
15946
15947
15948
15949
15950
15951
15952
15954
15955
15956
15961
15964
15965
15966
15967
15969
15970
15971
15972
15974
15975
15976
15977
15978
15979
15980
15982
15992
15994
15995
15996
15997
15998
16000
16001
16004
16006
16007
16008
16009
16012
16013
16014
16015
16017
16018
16019
16022
16023
16024
16033
16034
16035
16036
16037
16038
16039
16040
16041
16042
16043
16046
16047
16048
16050
16059
16060
16061
16062
16063
16064
16065
16066
16157
16158
16159
16160
16323
16324
16325
16326
16327
16328
16329
16330
16331
16332
16334
16335
16336
16337
16338
16342
16343
16344
16345
16346
16347
16348
16349
16350
16351
16352
16354
16355
16356
16357
16358
16366
16370
16371
16372
16373
16374
16375
16376
16377
16378
16379
16380
16381
16382
16383
16384
16385
16386
16387
16390
16391
16392
16393
16394
16395
16396
16397
16398
16399
16400
16405
16406
16407
16408
16409
16410
16411
16412
16413
16414
16417
16419
16421
16422
16423
16424
16425
16426
16427
16428
16429
16430
16433
16434
16435
16441
16442
16443
16444
16448
16454
16455
16555
16556
16557
16567
16569
16571
16572
16573
16574
16575
16576
16577
16578
16579
16580
16582
16583
16584
16585
16586
16587
16589
16590
16591
16592
16593
16594
16595
16596
16597
16599
16602
16605
16606
16607
16608
16613
16644
16645
16646
16647
16648
16649
16650
16651
16652
16653
16654
16655
16656
16657
16658
16659
16660
16661
16662
16663
16664
16665
16666
16667
16668
16669
16670
16671
16672
16673
16674
16678
16679
16680
16681
16682
16683
16684
16818
16819
16820
16821
16822
16825
16827
16828
16829
16830
16831
16832
16833
16834
16835
16838
16839
16840
16841
16842
16849
16850
16851
16852
16853
16854
16855
16856
16857
16858
16859
16860
16861
16862
16863
16868
16886
16887
16888
16889
16890
16891
16892
16893
16895
16896
16897
16898
16899
16900
16901
16902
16903
16904
16905
16906
16907
16908
16909
16910
16911
16912
16913
16914
16917
16918
16920
16930
16936
16945
16946
16947
16948
16949
16950
16951
16952
16955
16956
16957
16958
16959
16960
16961
16962
16963
16965
16966
16970
16971
16972
16973
16974
16975
16976
16977
16978
16979
16980
16981
16982
16983
16984
16985
16986
16987
16988
16989
16990
16991
16992
16993
16994
16995
16996
16997
16998
16999
17000
17001
17002
17003
17004
17005
17006
17011
17012
17013
17014
17015
17016
17017
17018
17019
17020
17024
17025
17026
17033
17034
17035
17036
17039
17040
17041
17042
17043
17044
17045
17046
17047
17048
17049
17050
17051
17052
17053
17054
17055
17056
17057
17058
17059
17065
17066
17067
17068
17069
17070
17071
17074
17075
17076
17077
17078
17079
17080
17081
17082
17083
17084
17085
17086
17087
17088
17089
17090
17091
17092
17093
17094
17095
17096
17098
17099
17100
17101
17102
17103
17104
17105
17106
17107
17108
17113
17114
17116
17117
17118
17119
17120
17142
17143
17144
17145
17146
17147
17148
17149
17150
17151
17163
17164
17165
17167
17168
17172
17173
17174
17175
17176
17177
17178
17180
17183
17184
17185
17186
17187
17188
17189
17190
17192
17193
17194
17195
17196
17197
17198
17199
17200
17201
17202
17203
17204
17205
17206
17207
17208
17209
17210
17211
17212
17221
17222
17223
17224
17225
17232
17233
17234
17235
17236
17237
17238
17239
17240
17242
17243
17244
17245
17246
17254
17255
17256
17257
17258
17259
17260
17293
17500
17501
17502
17503
17504
17505
17565
17566
17567
17568
17569
17570
17571
17572
17573
17574
17575
17576
17577
17578
17579
17617
17618
17619
17620
17621
17624
17625
17626
17627
17628
17629
17630
17634
17635
17636
17658
17659
17660
17661
17684
17685
17686
17687
17688
17690
17698
17700
17701
17702
17703
17704
17705
17706
17707
17708
17709
17710
17711
17712
17713
17714
17716
17717
17718
17719
17728
17729
17730
17731
17733
17734
17735
17736
17737
17738
17739
17740
17746
17747
17748
17749
17750
17751
17752
17753
17754
17755
17758
17759
17760
17761
17763
17764
17765
17770
17771
17773
17774
17775
17776
17777
17778
17785
17786
17787
17788
17789
17790
17791
17792
17793
17794
17795
17796
17797
17798
17799
17800
17801
17802
17803
17804
17805
17806
17811
17812
17813
17814
17819
17821
17823
17824
17828
17829
17830
17834
17835
17836
17837
17838
17839
17840
17841
17842
17843
17844
17845
17846
17847
17848
17849
17850
17853
17854
17856
17859
17860
17861
17862
17863
17864
17865
17866
17867
17868
17876
17877
17878
17879
17880
17881
17882
17883
17884
17885
17886
17887
17888
17889
17890
17891
17892
17893
17894
17895
17896
17897
17898
17899
17900
17905
17906
17909
17910
17911
17913
17914
17915
17916
17917
18034
18035
18036
18037
18038
18039
18040
18271
18272
18273
18274
18275
18276
18277
18301
18302
18303
18304
18305
18306
18307
18308
18309
18310
18311
18312
18313
18314
18315
18318
18319
18331
18336
18340
18352
18354
18355
18356
18357
18358
18359
18366
18367
18368
18370
18371
18372
18373
18374
18383
18384
18385
18386
18388
18389
18390
18392
18660
18664
18665
18666
18667
18668
18670
18671
18674
18675
18676
18677
18678
18679
18680
18681
18682
18683
18684
18685
18686
18687
18688
18689
18690
18691
18692
18693
18694
18695
18696
18697
18698
18699
18700
18701
18702
18703
18704
18705
18708
18709
18710
18712
18714
18715
18721
18726
18727
18728
18729
18730
18731
18733
18734
18744
18751
18752
18863
18864
18870
18873
18886
18887
18888
18889
18890
18891
18892
18893
18894
18895
18896
18897
18900
18901
18908
18909
18910
18911
18912
18914
18918
18922
18927
18931
18932
18953
19114
19115
19116
19117
19118
19119
19120
19121
19122
19123
19124
19125
19126
19127
19128
19129
19130
19131
19132
19133
19134
19142
19143
19144
19145
19146
19147
19148
19149
19150
19263
19365
19366
19367
19368
19369
19370
19373
19374
19375
19376
19377
19378
19379
19380
19381
19384
19385
19386
19392
19393
19394
19395
19396
19620
19721
19722
19723
19724
19725
19728
19729
19730
19731
19732
19735
19737
19739
19740
19741
19743
19838
19846
19847
19848
19849
19850
19851
19852
19858
19859
19860
19861
19862
19863
19864
19865
19866
19867
19868
19869
19870
19872
19873
19875
19876
19877
19878
19879
19880
19881
19882
19883
19884
19885
19886
19887
19888
19889
19890
19891
19892
19893
19894
19895
19896
19897
19898
19899
19906
19907
19909
19917
19919
19922
19923
19924
19929
19932
19937
19938
19940
20072
20073
20074
20075
20076
20077
20078
20079
20080
20081
20082
20083
20086
20087
20089
20091
20092
20098
20101
20102
20104
20105
20106
20107
20111
20112
20113
20117
20118
20119
20120
20121
20122
20123
20124
20125
20126
20127
20128
20129
20130
20132
20133
20134
20135
20137
20146
20150
20151
20152
20153
20154
20155
20156
20157
20159
20160
20161
20162
20163
20164
20167
20168
20169
20172
20173
20174
20175
20176
20177
20178
20179
20180
20181
20183
20184
20185
20187
20188
20189
20190
20205
20206
20208
20209
20214
20215
20216
20217
20218
20221
20320
20380
20416
20417
20418
20419
20420
20423
20424
20425
20426
20427
20428
20429
20430
20431
20432
20433
20434
20435
20436
20437
20438
20439
20440
20441
20443
20444
20445
20446
20447
20448
20449
20450
20534
20535
20536
20537
20538
20539
20540
20541
20542
20550
20551
20552
20553
20554
20555
20556
20557
20558
20559
20560
20561
20562
20564
20565
20566
20567
20568
20569
20570
20571
20572
20573
20574
20575
20576
20577
20582
20583
20584
20585
20586
20587
20588
20589
20590
20591
20593
20594
20595
20599
20600
20601
20602
20603
20604
20605
20606
20653
20654
20655
20656
20658
20659
20660
20666
20671
20672
20673
20685
20686
20687
20688
20689
20690
20691
20692
20693
20694
20695
20696
20697
20698
20699
20700
20701
20702
20703
20704
20705
20706
20707
20708
20709
20710
20713
20714
20715
20716
20826
20827
20828
20829
20830
20831
20832
20970
20971
20980
20981
20982
20983
20990
20991
20994
20995
20996
20997
20998
21000
21001
21002
21176
21177
21178
21179
21180
21181
21182
21186
21187
21362
21363
21364
21371
21372
21373
21375
21376
21377
21378
21379
21381
21382
21383
21384
21388
21389
21391
21392
21395
21408
21410
21413
21414
21416
21420
21421
21422
21423
21428
21429
21489
21490
21491
21492
21493
21494
21495
21496
21497
21498
21499
21502
21503
21504
21506
21507
21508
21509
21510
21512
21513
21514
21515
21516
21517
21518
21519
21520
21521
21522
21525
21526
21527
21528
21538
21539
21540
21541
21542
21543
21544
21545
21546
21547
21548
21549
21550
21551
21552
21553
21554
21555
21556
21557
21558
21559
21560
21561
21562
21563
21564
21565
21566
21567
21568
21569
21570
21571
21572
21573
21574
21575
21576
21577
21578
21579
21580
21581
21582
21583
21584
21585
21586
21587
21588
21589
21590
21591
21592
21593
21594
21595
21596
21597
21598
21599
21600
21601
21602
21603
21604
21690
21691
21692
21693
21694
21695
21696
21697
21698
21702
21703
21705
21706
21707
21708
21709
21710
21711
21712
21717
21718
21719
21720
21721
21722
21723
21724
21725
21726
21727
21728
21729
21730
21731
21732
21733
21734
21735
21736
21737
21738
21739
21740
21741
21742
21744
21746
21747
21748
21749
21750
21751
21753
21754
21755
21756
21757
21758
21759
21760
21761
21762
21763
21764
21766
21767
21768
21769
21770
21771
21772
21773
21774
21775
21776
21777
21778
21779
21780
21781
21782
21783
21784
21785
21793
21794
21795
21796
21797
21798
21799
21800
21801
21802
21803
21804
21805
21806
21807
21808
21809
21810
21870
21872
21873
21877
21878
21879
21880
21881
21884
21887
21917
21918
21920
21931
21932
21933
21934
21935
21937
21938
21939
21940
21941
21942
21943
21944
21945
21946
21947
21948
21949
21950
21951
21952
21953
21954
21955
21956
21957
21958
21959
21960
21961
21962
21963
21964
21965
21966
21967
21968
22001
22002
22029
22030
22084
22085
22086
22087
22090
22091
22094
22098
22101
22147
22148
22149
22150
22238
22256
22274
22284
22290
22298
22301
22302
22305
22307
22314
22315
22316
22317
22331
22343
22363
22365
22377
22378
22379
22380
22381
22383
22384
22385
22386
22387
22388
22389
22390
22391
22392
22393
22394
22395
22396
22397
22401
22402
22403
22404
22410
22411
22412
22413
22496
22499
22500
22501
22502
22503
22504
22505
22506
22508
22509
22511
22513
22518
22523
22526
22527
22528
22532
22533
22534
22535
22536
22537
22538
22539
22540
22541
22542
22543
22549
22550
22551
22552
22553
22554
22555
22557
22562
22563
22566
22574
22578
22587
22594
22597
22623
22638
22647
22651
22653
22655
22661
22665
22666
22667
22669
22671
22673
22680
22684
22689
22692
22693
22694
22695
22696
22702
22703
22704
22705
22706
22707
22709
22710
22711
22712
22713
22714
22715
22716
22717
22718
22719
22720
22721
22722
22723
22724
22725
22726
22727
22728
22729
22730
22731
22732
22733
22734
22735
22736
22737
22742
22746
22747
22748
22749
22750
22753
22754
22755
22756
22757
22758
22759
22760
22761
22762
22763
22766
22767
22768
22770
22771
22772
22778
22783
22784
22785
22786
22787
22788
22789
22790
22791
22792
22793
22794
22800
22807
22808
22871
22877
22878
22879
22885
22886
22887
22888
22889
22890
22891
22892
22893
22894
22895
22896
22897
22899
22910
22911
22912
22913
22914
22915
22916
22917
22918
22919
22920
22921
22922
22923
22924
22925
22926
22927
22928
22929
22930
22931
23064
23141
23144
23429
23430
23431
23433
23443
23444
23445
23510
23511
23512
23513
23514
23515
23518
23521
23523
23524
23533
23534
23535
23536
23537
23538
23539
23540
23541
23542
23543
23544
23558
23566
23568
23571
23574
23575
23576
23577
23578
23579
23582
23583
23584
23588
23596
23597
23598
23599
23600
23601
23602
23603
23605
23607
23608
23612
23614
23615
23616
23617
23619
23620
23621
23622
23623
23624
23625
23626
23627
23628
23629
23630
23631
23632
23633
23634
23639
23640
23644
23645
23646
23647
23648
23649
23650
23651
23652
23653
23654
23655
23656
23657
23658
23659
23660
23661
23662
23665
23666
23667
23669
23670
23671
23672
23673
23674
23675
23676
23677
23678
23681
23682
23683
23684
23685
23689
23690
23691
23692
23693
23694
23695
23696
23697
23698
23699
23700
23701
23702
23703
23706
23982
23988
23991
23992
23993
23994
23995
23996
23997
23998
23999
24000
24001
24003
24004
24005
24006
24008
24009
24010
24011
24012
24013
24014
24015
24016
24017
24018
24019
24020
24021
24022
24023
24024
24025
24026
24027
24028
24029
24030
24031
24032
24033
24034
24036
24039
24046
24047
24050
24051
24052
24055
24057
24058
24059
24060
24061
24062
24063
24064
24070
24071
24072
24073
24074
24075
24076
24081
24082
24083
24084
24085
24086
24087
24088
24091
24093
24094
24097
24098
24099
24100
24101
24102
24103
24105
24106
24107
24108
24109
24110
24111
24113
24114
24121
24123
24124
24125
24126
24127
24128
24129
24130
24131
24132
24133
24134
24135
24138
24139
24140
24141
24142
24143
24144
24145
24146
24147
24148
24149
24156
24162
24165
24166
24167
24171
24173
24174
24175
24176
24177
24178
24179
24180
24181
24183
24184
24185
24186
24193
24194
24195
24196
24197
24198
24199
24200
24206
24208
24209
24210
24211
24212
24213
24214
24217
24218
24219
24220
24221
24222
24225
24229
24230
24231
24234
24235
24237
24239
24249
24349
24350
24351
24352
24353
24354
24355
24356
24360
24363
24364
24382
24383
24385
24386
24388
24413
24414
24417
24418
24419
24420
24421
24469
24497
24498
24499
24500
24501
24502
24503
24504
24505
24506
24507
24508
24509
24510
24511
24512
24513
24514
24515
24516
24517
24518
24531
24532
24535
24536
24537
24538
24539
24540
24541
24542
24543
24544
24545
24546
24547
24548
24549
24550
24558
24569
24574
24580
24641
24642
24696
24697
24698
24699
24700
24701
24703
24705
24709
24710
24711
24712
24713
24714
24715
24716
24717
24718
24719
24720
24721
24722
24723
24724
24725
24726
24727
24728
24731
24733
24734
24737
24738
24739
24746
24747
24748
24749
24756
24757
24758
24759
24802
24807
24808
24809
24810
24811
24812
24813
24820
24821
24822
24823
24825
24830
24831
24832
24835
24836
24837
24838
24839
24840
24841
25108
25127
25129
25130
25132
25133
25134
25135
25136
25137
25138
25139
25140
25141
25142
25143
25144
25154
25156
25163
25167
25174
25176
25179
25182
25192
25204
25205
25208
25209
25222
25223
25224
25225
25226
25227
25228
25229
25230
25231
25233
25235
25236
25238
25240
25241
25242
25243
25244
25245
25246
25247
25248
25249
25250
25251
25252
25253
25254
25258
25259
25260
25261
25262
25263
25264
25265
25266
25267
25268
25269
25270
25271
25272
25273
25274
25275
25276
25277
25278
25279
25280
25281
25282
25283
25284
25285
25286
25287
25288
25289
25290
25291
25292
25293
25294
25295
25296
25297
25298
25299
25300
25301
25302
25303
25304
25305
25306
25307
25308
25309
25311
25312
25315
25316
25373
25374
25376
25472
25488
25489
25490
25491
25492
25493
25494
25502
25509
25510
25511
25512
25513
25514
25515
25516
25517
25519
25520
25521
25522
25523
25524
25525
25527
25528
25529
25531
25536
25537
25538
25539
25610
25611
25612
25613
25614
25615
25616
25617
25618
25621
25623
25625
25626
25630
25631
25632
25633
25634
25636
25637
25638
25643
25644
25645
25646
25647
25648
25649
25650
25651
25652
25653
25654
25655
25657
25674
25675
25676
25677
25678
25742
25743
25744
25745
25748
25749
25750
25751
25752
25753
25754
25756
25757
25758
25759
25760
25761
25762
25763
25767
25783
25784
25785
25786
25787
25789
25790
25791
25792
25793
25794
25795
25796
25797
25798
25799
25800
25801
25802
25803
25805
25812
25813
25816
25825
25826
25828
25829
25830
25831
25837
25838
25839
25840
25841
25845
25850
25851
25853
25854
25856
25857
25858
25859
25862
25865
25866
25867
25868
25869
25874
25875
25876
25877
25878
25879
25880
25881
25882
25883
25884
25885
25886
25887
25888
25889
25890
25891
25892
25893
25894
25895
25896
25897
25898
25934
26035
26036
26037
26038
26150
26205
26206
26207
26215
26216
26217
26218
26219
26220
26221
26222
26223
26224
26225
26226
26227
26228
26229
26230
26231
26232
26233
26234
26235
26236
26237
26238
26239
26240
26241
26242
26248
26249
26250
26251
26252
26253
26254
26255
26256
26257
26258
26261
26262
26263
26264
26265
26268
26269
26270
26271
26272
26273
26274
26275
26276
26277
26280
26281
26282
26331
26342
26343
26344
26349
26350
26351
26352
26353
26354
26355
26356
26357
26358
26361
26362
26363
26364
26365
26366
26367
26368
26369
26371
26374
26376
26377
26378
26379
26380
26381
26382
26386
26389
26392
26393
26394
26395
26396
26397
26398
26399
26400
26402
26403
26404
26405
26406
26411
26414
26415
26420
26421
26422
26423
26424
26425
26426
26427
26478
26479
26480
26481
26482
26483
26491
26492
26493
26494
26500
26501
26502
26503
26504
26505
26506
26511
26512
26513
26514
26515
26516
26517
26518
26519
26521
26522
26523
26524
26525
26526
26529
26530
26531
26532
26655
26656
26657
26658
26659
26660
26661
26662
26663
26703
26704
26705
26706
26711
26712
26713
26714
26715
26716
26722
26723
26724
26725
26726
26727
26728
26729
26737
26741
26742
26743
26744
26745
26747
26748
26749
26750
26751
26752
26753
26754
26755
26756
26757
26758
26759
26760
26761
26762
26763
26764
26765
26766
26767
26768
26769
26770
26771
26774
26775
26776
26778
26779
26780
26781
26783
26784
26791
26792
26793
26794
26795
26796
26797
26798
26799
26800
26801
26802
26803
26867
26868
26895
26896
26897
26905
26906
26907
26910
26911
26913
26914
26915
26916
26917
26918
26919
26920
26921
26922
26929
26930
26931
26932
26933
26934
26935
26936
26947
26948
26949
26950
26951
26952
26953
26954
26955
26956
26957
26958
26959
26960
26961
26962
26963
26974
26975
26976
26977
26978
26979
26980
26981
26982
26983
26988
27033
27034
27036
27040
27045
27048
27317
27350
27351
27352
27353
27354
27355
27356
27357
27360
27361
27362
27363
27364
27365
27367
27368
27369
27370
27371
27372
27373
27374
27375
27376
27377
27378
27379
27380
27383
27384
27385
27386
27387
27388
27389
27390
27391
27392
27393
27395
27396
27397
27399
27402
27545
27546
27638
27657
27658
27659
27660
27661
27662
27663
27664
27665
27666
27667
27668
27670
27671
27672
27673
27674
27675
27676
27681
27682
27683
27684
27685
27686
27687
27690
27691
27698
27701
27703
27705
27706
27707
27708
27709
27710
27711
27712
27713
27714
27715
27716
27720
27721
27728
27729
27869
27870
27875
27880
27881
27883
27884
27885
27886
27887
27888
27897
27898
27899
27900
27901
27902
27903
27904
27907
27909
27910
27914
27918
27919
27920
27921
27922
27923
27924
27925
27926
27927
27934
27937
27938
27939
27940
27941
27942
27943
27944
27945
27946
27947
27948
27949
27950
27951
27952
27957
27962
27964
27965
27966
27967
27969
27980
27987
27990
27997
27999
28000
28002
28003
28010
28023
28024
28025
28035
28036
28049
28064
28070
28072
28073
28075
28080
28303
28304
28305
28346
28347
28348
28349
28350
28352
28353
28354
28355
28356
28357
28358
28359
28360
28361
28362
28364
28367
28368
28370
28371
28372
28373
28376
28377
28410
28411
28412
28413
28414
28415
28435
28436
28437
28438
28439
28443
28445
28455
28456
28457
28458
28459
28460
28461
28462
28463
28464
28465
28466
28467
28468
28469
28473
28483
28484
28485
28491
28515
28596
28597
28598
28599
28600
28601
28602
28603
28604
28605
28606
28607
28608
28609
28610
28611
28612
28613
28614
28615
28616
28617
28618
28619
28620
28621
28631
28632
28633
28634
28635
28636
28637
28638
28682
28820
29012
29015
29019
29027
29029
29030
29034
29038
29041
29045
29046
29193
29194
29195
29199
29200
29201
29206
29207
29208
29209
29210
29211
29212
29220
29221
29222
29226
29228
29229
29230
29231
29232
29233
29234
29235
29236
29237
29238
29239
29244
29245
29250
29257
29258
29259
29260
29261
29262
29263
29264
29265
29266
29267
29268
29269
29270
29271
29272
29273
29274
29275
29279
29293
29296
29297
29298
29299
29300
29301
29302
29303
29304
29310
29316
29317
29318
29319
29320
29322
29323
29325
29326
29327
29328
29329
29331
29332
29358
29408
29409
29410
29411
29412
29413
29414
29418
29419
29420
29421
29422
29424
29425
29426
29427
29428
29429
29430
29433
29435
29496
29503
29504
29505
29506
29507
29508
29509
29510
29511
29515
29516
29517
29518
29519
29525
29538
29539
29540
29541
29542
29543
29544
29545
29546
29547
29548
29549
29550
29551
29552
29562
29563
29564
29565
29566
29567
29568
29569
29570
29571
29572
29573
29574
29575
29576
29577
29578
29579
29580
29581
29586
29588
29595
29597
29600
29614
29621
29622
29623
29624
29625
29626
29627
29628
29629
29630
29631
29632
29638
29639
29640
29641
29642
29643
29644
29645
29646
29647
29650
29652
29653
29654
29655
29656
29657
29658
29659
29661
29662
29663
29664
29673
29674
29675
29676
29677
29679
29680
29686
29687
29688
29689
29690
29691
29692
29693
29694
29695
29696
29697
29698
29699
29701
29704
29705
29706
29707
29708
29709
29710
29711
29712
29713
29714
29715
29716
29717
29718
29719
29720
29722
29723
29724
29725
29726
29727
29728
29729
29730
29731
29732
29733
29734
29735
29736
29737
29738
29745
29746
29747
29748
29749
29750
29751
29752
29753
29754
29828
29829
29831
29832
29833
29834
29835
29836
29837
29838
29839
29840
29841
29842
29843
29844
29845
29846
29847
29849
29850
29851
29852
29853
29854
29855
29856
29857
29858
29860
29861
29862
29869
29870
29871
29872
29873
29874
29875
29876
29877
29878
29879
29880
29881
29882
29883
29884
29887
29889
29890
29891
29897
29898
29899
29900
29901
29902
29903
29904
29905
29906
29907
29908
29909
29910
29911
29912
29913
29914
29915
29916
29917
29918
29919
29920
29921
29923
29926
29927
29928
29929
29930
29931
29934
29935
29940
29941
29942
29943
29944
29945
29946
29947
29948
29949
29950
29951
29952
29953
29954
29956
29958
29959
29960
29961
29962
29963
29967
29985
29986
29987
29988
29989
29990
29993
29994
29995
29996
30000
30001
30002
30457
30458
30462
30463
30464
30465
30466
30467
30468
30469
30470
30471
30472
30473
30474
30475
30480
30482
30483
30485
30486
30487
30488
30489
30490
30491
30493
30494
30496
30497
30498
30499
30500
30502
30503
30504
30505
30506
30507
30508
30509
30510
30511
30512
30513
30514
30515
30516
30517
30519
30520
30521
30522
30523
30526
30527
30528
30529
30530
30535
30536
30537
30538
30543
30544
30545
30546
30548
30549
30552
30553
30554
30555
30558
30559
30568
30569
30570
30571
30572
30573
30574
30575
30576
30577
30578
30579
30580
30581
30582
30583
30584
30585
30586
30588
30596
30603
30604
30605
30606
30607
30608
30609
30610
30611
30615
30617
30622
30624
30630
30631
30632
30633
30634
30635
30636
30637
30638
30650
30651
30717
30736
30801
30802
30803
30804
30805
30806
30807
30812
30813
30815
30816
30817
30818
30819
30820
30821
30822
30823
30824
30825
30826
30827
30828
30829
30830
30831
30832
30833
30834
30835
30836
30839
30840
30841
30842
30843
30844
30845
30846
30847
30848
30849
30850
30851
30852
30853
30854
30855
30856
30857
30858
30859
30863
30864
30865
30866
30867
30868
30869
30870
30871
30872
30873
30874
30875
30876
30881
30882
30883
30884
30885
30886
30887
30892
30894
30895
30896
30897
31083
31084
31085
31086
31090
31091
31092
31093
31094
31095
31097
31098
31105
31107
31109
31110
31111
31124
31221
31222
31223
31226
31227
31228
31229
31230
31231
31232
31233
31234
31235
31236
31237
31238
31239
31240
31241
31244
31245
31246
31247
31248
31251
31252
31253
31254
31255
31256
31257
31258
31259
31260
31261
31262
31263
31264
31266
31267
31268
31269
31270
31271
31273
31275
31286
31287
31288
31289
31290
31291
31292
31598
31845
32057
32165
32166
32167
32168
32169
32181
32182
32183
32184
32185
32187
32188
32189
32192
32197
32199
32200
32201
32202
32204
32205
32207
32213
32221
32222
32223
32224
32225
32226
32227
32228
32229
32230
32231
32232
32233
32235
32236
32240
32241
32242
32243
32244
32245
32246
32247
32248
32249
32250
32251
32252
32254
32255
32256
32257
32258
32260
32261
32262
32264
32266
32267
32268
32269
32272
32273
32274
32276
32277
32282
32284
32286
32287
32288
32289
32294
32296
32297
32298
32299
32300
32301
32302
32303
32304
32305
32312
32313
32314
32317
32323
32324
32325
32329
32330
32331
32332
32333
32334
32335
32337
32338
32339
32340
32341
32342
32343
32346
32348
32352
32353
32361
32362
32363
32364
32366
32367
32368
32370
32371
32378
32381
32382
32383
32384
32385
32386
32387
32389
32391
32392
32393
32394
32395
32396
32397
32398
32399
32400
32401
32402
32403
32404
32405
32406
32407
32408
32409
32410
32411
32413
32416
32417
32418
32422
32424
32425
32426
32427
32428
32429
32430
32431
32432
32451
32452
32455
32466
32468
32475
32485
32487
32496
32497
32502
32503
32506
32507
32517
32524
32525
32529
32532
32536
32538
32541
32542
32546
32548
32557
32560
32564
32576
32581
32586
32601
32609
32614
32618
32619
32625
32626
32854
32860
32994
32995
33032
33144
33145
33241
33484
33489
33490
33493
33497
33498
33499
33500
33501
33504
33505
33506
33507
33508
33509
33510
33520
33527
33528
33529
33534
33541
33542
33543
33544
33545
33546
33547
33548
33549
33550
33551
33552
33553
33554
33581
33582
33583
33584
33587
33591
33592
33593
33594
33595
33596
33599
33602
33603
33604
33605
33608
33609
33610
33611
33613
33614
33615
33616
33617
33618
33619
33620
33621
33622
33623
33624
33625
33629
33630
33632
33633
33634
33635
33636
33637
33641
33644
33645
33646
33647
33652
33653
33654
33655
33656
33658
33659
33660
33661
33662
33663
33664
33665
33666
33667
33668
33669
33670
33671
33672
33675
33676
33678
33679
33680
33682
33685
33686
33687
33688
33689
33690
33691
33692
33693
33694
33695
33696
33700
33701
33702
33703
33704
33705
33706
33707
33708
33709
33710
33714
33716
33717
33718
33719
33720
33721
33722
33723
33724
33725
33726
33727
33728
33729
33730
33731
33732
33733
33734
33735
33736
33737
33738
33739
33751
33752
33754
33755
33757
33758
33759
33760
33761
33762
33763
33764
33766
33768
33773
33774
33782
33783
33784
33785
33787
33788
33790
33791
33798
33806
33811
33817
33820
33838
33841
33844
33846
33850
33853
33857
33861
33863
33874
33878
33880
33891
33895
33896
33898
33899
33900
33901
33902
33903
33904
33905
33906
33907
33908
33909
33910
33911
33912
33913
33914
33915
33916
33917
33918
33919
33921
33923
33924
33925
33926
33927
33928
33929
33930
33931
33932
33933
33934
33935
33939
33940
33941
33942
33943
33949
33950
33951
33954
33957
33959
33960
33961
33962
33963
33967
33972
33973
33974
33975
33976
34033
34034
34035
34036
34037
34038
34039
34040
34041
34042
34043
34051
34055
34056
34057
34058
34059
34060
34061
34062
34063
34064
34065
34066
34067
34068
34069
34070
34071
34072
34073
34074
34075
34076
34077
34078
34079
34080
34081
34083
34084
34085
34086
34087
34088
34089
34090
34091
34092
34093
34094
34095
34096
34097
34098
34157
34158
34159
34160
34161
34162
34163
34164
34165
34166
34167
34168
34169
34170
34171
34172
34173
34184
34189
34192
34193
34195
34196
34197
34198
34199
34200
34208
34290
34291
34292
34293
34294
34295
34296
34297
34298
34299
34300
34301
34302
34303
34304
34305
34306
34307
34308
34309
34310
34311
34312
34313
34314
34315
34316
34317
34321
34322
34323
34324
34325
34326
34327
34328
34335
34344
34345
34353
34361
34367
34371
34372
34377
34378
34379
34383
34384
34385
34386
34387
34388
34390
34392
34393
34394
34395
34396
34400
34407
34408
34409
34410
34411
34412
34413
34414
34415
34418
34419
34420
34421
34422
34423
34424
34425
34426
34427
34428
34429
34430
34431
34432
34433
34434
34435
34436
34437
34438
34440
34441
34445
34446
34448
34450
34453
34454
34455
34456
34457
34458
34459
34460
34461
34462
34463
34464
34465
34466
34467
34468
34471
34472
34473
34474
34475
34476
34484
34485
34486
34487
34493
34494
34495
34497
34498
34499
34500
34501
34502
34504
34505
34517
34518
34525
34526
34527
34528
34531
34532
34533
34534
34535
34536
34537
34538
34539
34540
34541
34542
34543
34544
34545
34546
34547
34548
34549
34550
34551
34552
34553
34554
34555
34556
34557
34558
34559
34560
34561
34562
34563
34564
34565
34566
34567
34568
34569
34570
34571
34572
34573
34574
34575
34576
34577
34578
34579
34580
34581
34582
34583
34584
34593
34594
34595
34596
34597
34606
34607
34608
34609
34610
34611
34612
34613
34614
34615
34616
34617
34618
34619
34620
34621
34622
34623
34624
34625
34634
34636
34640
34645
34808
34809
34810
34811
34812
34813
34814
34815
34816
34817
34818
34819
34820
34821
34822
34823
34824
34825
34826
34827
34828
34829
34830
34831
34832
34833
34834
34835
34841
34859
34875
34877
34882
34883
34884
34889
34890
34891
34893
34895
34896
34897
34899
34900
34904
34906
34909
34910
34911
34912
34913
34917
34918
34919
34920
34922
34923
34924
34925
34926
34928
34929
34930
34931
34932
34933
34934
34935
34936
34937
34939
34947
34948
34950
34951
34955
34956
34958
34959
34960
34961
34962
34963
34964
34965
34966
34967
34971
34979
34985
34986
34994
34995
34999
35000
35001
35010
35014
35028
35030
35031
35032
35034
35037
35038
35039
35040
35041
35042
35053
35054
35055
35056
35057
35191
35192
35193
35194
35195
35196
35197
35198
35199
35200
35201
35202
35209
35210
35212
35213
35214
35215
35216
35217
35218
35249
35266
35273
35274
35275
35276
35277
35278
35290
35292
35293
35297
35300
35301
35302
35303
35304
35305
35306
35307
35308
35309
35310
35311
35312
35313
35314
35315
35316
35317
35318
35319
35320
35321
35322
35323
35324
35325
35326
35327
35328
35329
35330
35339
35341
35343
35344
35345
35346
35609
35612
35613
35614
35615
35616
35624
35625
35626
35627
35628
35629
35630
35631
35632
35633
35634
35635
35636
35637
35638
35639
35640
35641
35643
35644
35645
35646
35647
35648
35649
35650
35651
35652
35653
35654
35655
35656
35657
35658
35659
35660
35661
35662
35663
35664
35665
35666
35667
35668
35669
35670
35671
35672
35673
35674
35736
35737
35738
35739
35740
35741
35742
35743
35746
35749
35750
35751
35756
35765
35766
35769
35770
35771
35772
35773
35774
35775
35776
35777
35778
35779
35780
35781
35782
35783
35784
35785
35786
35787
35788
35789
35790
35791
35792
35793
35794
35795
35796
35797
35800
35806
35807
35809
35810
35811
35812
35820
35821
35822
35823
35824
35825
35874
35875
35876
35877
35878
35879
35880
35944
35945
35947
35948
35949
35950
35951
35955
35956
35957
35958
35963
35973
35975
35977
35978
35979
35980
35981
35982
35983
35984
35985
36152
36153
36154
36155
36156
36157
36158
36159
36160
36170
36174
36175
36176
36177
36178
36179
36180
36181
36182
36195
36196
36197
36198
36199
36200
36201
36202
36206
36212
36213
36214
36215
36216
36253
36256
36257
36259
36260
36261
36262
36265
36267
36272
36274
36275
36276
36277
36278
36279
36280
36281
36283
36284
36285
36286
36289
36291
36292
36294
36298
36299
36300
36301
36303
36304
36305
36306
36308
36311
36312
36313
36314
36316
36317
36318
36319
36320
36321
36322
36323
36324
36325
36326
36327
36328
36329
36334
36335
36336
36337
36338
36339
36340
36341
36342
36343
36344
36345
36346
36347
36348
36349
36350
36351
36353
36354
36355
36356
36357
36358
36359
36512
36525
36526
36527
36531
36533
36534
36535
36536
36537
36538
36539
36540
36541
36542
36543
36544
36545
36546
36547
36548
36549
36550
36551
36552
36553
36554
36555
36556
36557
36558
36559
36562
36563
36564
36565
36566
36567
36568
36569
36570
36583
36584
36587
36589
36590
36591
36592
36593
36594
36595
36601
36602
36603
36604
36605
36606
36607
36612
36614
36617
36618
36620
36724
36726
36727
36728
36729
36730
36731
36732
36733
36734
36736
36737
36738
36739
36740
36741
36742
36743
36744
36745
36746
36747
36748
36749
36753
36756
36762
36763
36764
36765
36766
36767
36768
36770
36776
36778
36779
36780
36781
36782
36783
36784
36788
36789
36790
36791
36792
36793
36794
36795
36796
36799
36800
36801
36802
36803
36804
36805
36806
36807
36808
36809
36810
36811
36812
36813
36814
36815
36816
36817
36818
36819
36820
36821
36822
36823
36824
36825
36827
36828
36829
36830
36831
36832
36833
36834
36835
36836
36837
36838
36839
36840
36841
36845
36846
36851
36852
36853
36854
36855
36856
36857
36881
36882
36883
36884
36885
36886
36887
36888
36889
36890
36891
36892
36893
36894
36895
36896
36897
36898
36899
36900
36901
36902
36903
36904
36905
36906
36916
36917
37139
37148
37149
37150
37151
37152
37153
37154
37155
37158
37159
37160
37161
37162
37163
37164
37165
37166
37167
37168
37169
37170
37171
37172
37173
37174
37175
37176
37177
37178
37179
37180
37183
37184
37187
37190
37191
37192
37193
37194
37195
37196
37197
37198
37199
37200
37201
37202
37203
37204
37205
37206
37230
37231
37232
37236
37237
37238
37239
37240
37241
37428
37429
37526
37527
37554
37555
37560
37565
37570
37571
37572
37573
37574
37575
37576
37577
37578
37579
37580
37582
37586
37587
37588
37589
37595
37596
37598
37599
37602
37603
37604
37605
37606
37607
37608
37609
37612
37613
37614
37615
37616
37617
37618
37619
37620
37623
37624
37625
37626
37627
37628
37629
37630
37631
37632
37712
37713
37716
37717
37721
37722
37723
37724
37725
37728
37729
37730
37731
37732
37733
37734
37735
37736
37737
37738
37739
37740
37741
37742
37743
37744
37745
37746
37747
37748
37749
37750
37751
37752
37753
37754
37755
37757
37758
37759
37760
37761
37762
37763
37764
37765
37766
37767
37768
37782
37787
37788
37789
37811
37812
37813
37831
37832
37833
37834
37835
37836
37837
37838
37839
37843
37844
37845
37846
37847
37848
37849
37850
37851
37852
37853
37854
37865
37866
37867
37868
37869
37870
37871
37872
37873
37874
37875
37876
37877
37878
37879
37880
37881
37882
37883
37884
37885
37886
37887
37895
37896
37897
37898
37899
37900
37901
37902
37903
37904
37905
37906
37907
37908
37909
37910
37911
37912
37914
37915
37916
37917
37918
37919
37920
37921
37922
37923
37924
37931
37935
37936
37937
37941
37942
37943
37944
37945
37946
37947
37948
37949
37950
37951
37952
37953
37954
37968
37973
37975
37976
37977
37978
38186
38381
38382
38383
38384
38385
38386
38387
38390
38391
38392
38393
38394
38395
38396
38397
38398
38399
38400
38401
38402
38405
38413
38414
38415
38416
38417
38418
38419
38420
38421
38422
38423
38424
38425
38426
38427
38428
38429
38430
38431
38432
38433
38440
38444
38448
38449
38463
38467
38468
38473
38475
38476
38493
38494
38497
38500
38501
38502
38504
38505
38506
38507
38509
38510
38512
38513
38514
38515
38516
38517
38518
38520
38522
38523
38524
38526
38527
38528
38767
38768
38769
38770
38771
38772
38773
38774
38775
38776
38777
38778
38779
38780
38781
38782
38783
38784
38785
38786
38791
38792
38793
38797
38798
38799
38800
38802
38804
38805
38806
38807
38808
38811
38812
38813
38814
38815
38816
38817
38818
38819
38820
38822
38826
38832
38833
38834
38835
38836
38837
38840
38841
38844
38845
38846
38847
38923
38924
38925
38926
39060
39116
39117
39118
39119
39120
39123
39187
39188
39189
39192
39406
39407
39408
39409
39410
39411
39412
39413
39414
39415
39416
39417
39418
39419
39420
39421
39424
39426
39427
39428
39429
39430
39431
39432
39433
39434
39435
39436
39437
39438
39439
39442
39444
39446
39447
39448
39619
39620
39621
39622
39628
39632
39633
39634
39635
39636
39637
39638
39639
39640
39643
39653
39654
39658
39661
39673
39674
39675
39676
39677
39678
39679
39680
39684
39685
39686
39687
39688
39690
39691
39692
39693
39694
39695
39696
39697
39698
39699
39700
39701
39702
39703
39704
39708
39712
39717
39719
39720
39721
39722
39723
39724
39725
