223
224
225
226
227
228
229
230
231
232
233
234
235
236
237
238
239
240
241
242
243
244
245
246
247
248
249
250
251
252
253
254
255
256
257
259
260
261
262
263
264
265
266
267
268
269
271
272
273
274
276
277
278
279
405
471
632
633
634
635
636
637
638
639
640
641
643
644
645
646
647
648
649
650
652
653
654
655
656
657
658
659
660
661
662
663
664
665
666
667
668
669
670
671
672
674
675
676
677
678
679
680
681
682
683
684
685
686
687
688
689
690
691
692
693
694
695
696
697
698
699
700
701
702
703
704
705
706
707
708
711
712
713
714
715
716
717
718
719
720
721
722
723
724
725
726
727
728
729
730
731
732
733
734
735
736
737
738
739
741
742
743
744
745
746
747
748
749
750
751
752
753
754
755
756
757
758
759
761
762
763
764
765
766
767
768
769
770
771
772
773
774
775
776
777
778
779
780
781
782
783
784
785
788
789
790
791
792
793
794
795
796
797
799
800
801
802
803
804
805
806
807
808
809
810
811
812
813
814
815
816
818
819
820
821
822
823
824
825
826
827
828
829
830
831
832
894
927
928
929
930
932
933
934
935
936
937
938
939
940
941
942
943
944
945
946
947
948
949
950
951
1040
1233
1234
1235
1236
1237
1238
1239
1240
1241
1242
1243
1245
1246
1247
1248
1249
1250
1251
1252
1253
1254
1257
1258
1259
1260
1261
1263
1264
1265
1266
1267
1268
1269
1270
1271
1273
1274
1275
1276
1277
1278
1280
1281
1282
1283
1284
1285
1286
1287
1288
1289
1290
1291
1292
1293
1294
1295
1296
1297
1298
1299
1300
1302
1303
1304
1305
1306
1307
1309
1310
1311
1312
1313
1314
1315
1316
1317
1329
1349
1350
1351
1352
1356
1373
1418
1439
1550
1562
1566
1578
1599
1600
1601
1602
1603
1604
1605
1606
1607
1608
1609
1610
1611
1612
1613
1614
1615
1616
1617
1618
1619
1620
1621
1622
1623
1624
1625
1626
1627
1628
1629
1630
1631
1632
1633
1634
1635
1636
1637
1638
1639
1640
1641
1642
1643
1645
1646
1648
1649
1650
1651
1652
1653
1655
1656
1657
1658
1659
1660
1661
1662
1663
1664
1665
1666
1667
1668
1669
1670
1671
1672
1673
1674
1675
1676
1677
1678
1679
1680
1681
1682
1683
1684
1685
1686
1688
1689
1690
1691
1692
1693
1694
1695
1696
1697
1698
1700
1701
1702
1703
1704
1706
1707
1708
1709
1710
1712
1713
1714
1715
1716
1717
1718
1719
1720
1721
1722
1723
1724
1725
1726
1727
1728
1729
1730
1731
1745
1810
1828
1837
1876
1930
1968
2037
2069
2070
2071
2072
2073
2074
2076
2077
2078
2079
2080
2082
2083
2084
2085
2087
2088
2089
2090
2091
2092
2093
2094
2095
2096
2097
2098
2099
2102
2103
2104
2105
2107
2108
2109
2110
2111
2112
2153
2162
2272
2422
2444
2445
2446
2447
2448
2449
2450
2451
2452
2453
2454
2455
2456
2457
2458
2459
2460
2461
2462
2464
2465
2466
2467
2468
2470
2471
2473
2476
2477
2479
2482
2483
2485
2487
2488
2489
2490
2491
2492
2493
2494
2495
2497
2498
2499
2500
2501
2502
2503
2504
2505
2506
2507
2508
2510
2511
2512
2513
2514
2515
2516
2517
2518
2520
2521
2522
2523
2525
2526
2527
2528
2529
2530
2531
2532
2533
2534
2535
2536
2537
2538
2539
2540
2541
2542
2543
2545
2546
2547
2548
2549
2551
2552
2553
2554
2555
2556
2557
2559
2560
2561
2562
2563
2564
2566
2567
2568
2569
2570
2571
2572
2573
2574
2575
2576
2577
2578
2579
2580
2582
2583
2585
2586
2587
2588
2589
2590
2591
2592
2593
2594
2595
2596
2597
2598
2599
2600
2601
2602
2603
2604
2605
2606
2607
2608
2609
2610
2611
2613
2614
2615
2616
2617
2618
2619
2620
2621
2622
2623
2624
2625
2626
2627
2628
2629
2630
2631
2632
2633
2634
2636
2637
2638
2639
2640
2641
2642
2643
2644
2645
2646
2647
2648
2649
2650
2651
2652
2653
2654
2655
2656
2657
2658
2659
2660
2661
2662
2663
2664
2665
2666
2667
2668
2669
2670
2671
2672
2673
2674
2675
2676
2677
2678
2679
2680
2681
2682
2683
2684
2685
2686
2687
2688
2689
2690
2691
2692
2693
2694
2695
2696
2697
2698
2699
2700
2701
2702
2703
2704
2705
2706
2707
2708
2709
2710
2711
2712
2713
2714
2715
2716
2717
2718
2719
2720
2721
2722
2723
2724
2726
2727
2728
2729
2730
2731
2732
2733
2734
2735
2736
2737
2738
2739
2740
2741
2742
2743
2744
2745
2746
2747
2748
2749
2750
2751
2752
2753
2754
2755
2756
2757
2758
2759
2760
2761
2762
2763
2764
2765
2766
2767
2768
2769
2770
2771
2772
2773
2774
2775
2776
2777
2778
2779
2780
2781
2782
2783
2784
2786
2787
2788
2789
2791
2792
2793
2794
2795
2796
2797
2798
2800
2801
2802
2803
2804
2805
2806
2807
2808
2809
2810
2812
2813
2814
2815
2816
2817
2818
2819
2821
2822
2823
2824
2825
2826
2827
2828
2830
2831
2832
2833
2834
2836
2837
2838
2839
2840
2841
2842
2843
2844
2845
2846
3227
3228
3229
3230
3231
3232
3233
3234
3235
3236
3237
3238
3239
3240
3241
3242
3243
3244
3245
3246
3249
3251
3252
3253
3254
3255
3256
3257
3258
3259
3260
3261
3262
3263
3264
3266
3267
3268
3269
3270
3271
3272
3273
3274
3275
3276
3277
3278
3281
3282
3283
3285
3286
3288
3290
3291
3292
3293
3294
3295
3298
3299
3300
3301
3302
3303
3304
3305
3306
3307
3308
3309
3310
3312
3313
3314
3315
3316
3319
3320
3321
3322
3323
3324
3325
3326
3327
3328
3329
3330
3331
3332
3333
3334
3335
3336
3337
3338
3339
3340
3341
3342
3343
3344
3346
3347
3348
3349
3350
3351
3352
3353
3355
3356
3357
3358
3359
3360
3361
3362
3363
3365
3366
3367
3369
3370
3371
3372
3373
3374
3375
3376
3377
3378
3379
3380
3381
3382
3383
3384
3385
3386
3388
3389
3390
3391
3393
3394
3395
3396
3397
3398
3399
3400
3401
3402
3403
3404
3405
3406
3407
3408
3409
3410
3411
3412
3413
3414
3415
3416
3418
3419
3420
3421
3422
3423
3424
3425
3426
3427
3428
3429
3430
3431
3432
3433
3434
3435
3436
3437
3438
3439
3440
3441
3442
3443
3444
3445
3446
3447
3448
3449
3450
3451
3452
3453
3454
3455
3456
3457
3458
3459
3460
3461
3462
3463
3464
3466
3467
3468
3469
3470
3471
3472
3473
3474
3475
3476
3477
3478
3479
3480
3481
3482
3483
3484
3485
3486
3487
3488
3489
3490
3491
3492
3493
3494
3495
3496
3497
3498
3499
3501
3503
3504
3505
3506
3508
3509
3510
3511
3512
3513
3514
3515
3516
3517
3518
3519
3520
3521
3522
3523
3524
3525
3526
3527
3528
3529
3530
3531
3532
3533
3534
3535
3537
3538
3539
3540
3541
3542
3543
3544
3546
3547
3548
3550
3551
3552
3553
3554
3555
3556
3557
3558
3559
3560
3561
3562
3563
3564
3565
3566
3567
3568
3569
3570
3571
3572
3573
3574
3575
3576
3577
3578
3579
3580
3581
3582
3583
3584
3585
3586
3587
3588
3589
3590
3591
3592
3593
3594
3598
3600
3601
3602
3603
3604
3605
3606
3607
3608
3609
3610
3611
3612
3613
3615
3617
3618
3620
3621
3622
3623
3624
3625
3626
3627
3628
3629
3630
3631
3632
3633
3634
3635
3636
3637
3638
3639
3640
3641
3642
3643
3644
3645
3646
3647
3648
3650
3651
3652
3653
3654
3655
3656
3657
3658
3659
3660
3661
3662
3663
3665
3666
3667
3668
3669
3670
3671
3672
3673
3674
3675
3676
3677
3678
3679
3680
3682
3683
3684
3685
3686
3687
3688
3689
3690
3692
3693
3694
3695
3696
3697
3699
3700
3701
3702
3703
3704
3705
3706
3707
3708
3709
3710
3711
3712
3713
3714
3715
3996
3997
3998
3999
4000
4001
4002
4003
4004
4005
4006
4007
4008
4009
4010
4011
4012
4013
4014
4016
4017
4018
4019
4020
4022
4023
4024
4025
4026
4027
4028
4029
4030
4031
4032
4033
4034
4035
4036
4037
4038
4039
4040
4041
4042
4043
4044
4045
4046
4047
4048
4049
4050
4051
4052
4053
4054
4055
4057
4081
4118
4119
4124
4152
4160
4174
4201
4222
4240
4258
4277
4286
4299
4300
4301
4302
4304
4305
4306
4307
4308
4309
4310
4312
4313
4314
4315
4316
4317
4318
4319
4320
4321
4322
4323
4324
4325
4326
4327
4328
4329
4330
4331
4332
4333
4334
4336
4337
4338
4340
4341
4342
4343
4345
4346
4347
4348
4349
4350
4351
4352
4353
4354
4355
4356
4357
4358
4359
4360
4361
4362
4363
4364
4365
4368
4370
4371
4374
4375
4376
4378
4380
4381
4382
4383
4384
4385
4386
4387
4388
4389
4390
4391
4393
4394
4395
4396
4397
4398
4399
4400
4401
4402
4403
4404
4405
4406
4407
4408
4409
4410
4411
4412
4413
4650
4651
4652
4653
4654
4655
4656
4658
4659
4660
4661
4662
4663
4664
4665
4666
4667
4668
4669
4670
4672
4673
4674
4675
4676
4677
4678
4679
4680
4681
4682
4683
4684
4685
4686
4712
4720
4772
4773
4875
4891
4920
4921
4922
4923
4924
4925
4926
4927
4928
4930
4931
4932
4933
4934
4935
4936
4937
4938
4939
4940
4941
4943
4944
4946
4947
4949
4950
4951
4952
4953
4954
4955
4956
4957
4958
4959
4960
4961
4962
4963
4964
4965
4966
4967
4968
4969
4970
4971
4972
4973
4974
4975
4976
4977
4978
4979
4980
4981
4983
4984
4985
4986
4987
4988
4989
4990
4991
4992
4993
4994
4995
4996
4997
4999
5000
5001
5002
5006
5007
5008
5009
5010
5011
5012
5013
5015
5016
5018
5020
5021
5022
5023
5024
5025
5026
5027
5028
5029
5030
5031
5032
5033
5034
5035
5036
5037
5038
5039
5040
5041
5042
5043
5044
5046
5047
5049
5050
5051
5052
5053
5054
5056
5057
5058
5059
5060
5061
5062
5063
5064
5065
5066
5067
5068
5070
5071
5072
5073
5074
5075
5076
5077
5079
5080
5081
5082
5083
5084
5085
5086
5087
5088
5089
5090
5091
5092
5093
5094
5095
5096
5097
5098
5099
5100
5101
5102
5103
5104
5105
5106
5107
5108
5109
5110
5111
5113
5114
5115
5116
5117
5118
5119
5120
5121
5122
5123
5124
5125
5126
5127
5128
5130
5131
5132
5133
5134
5139
5140
5141
5142
5143
5144
5145
5146
5147
5148
5149
5150
5151
5152
5153
5154
5156
5157
5158
5159
5160
5161
5162
5163
5164
5165
5166
5167
5168
5169
5170
5171
5172
5173
5174
5176
5177
5178
5179
5180
5181
5182
5183
5184
5185
5186
5187
5188
5189
5192
5193
5194
5195
5196
5197
5198
5199
5200
5201
5202
5203
5204
5205
5206
5207
5208
5209
5210
5211
5212
5213
5214
5215
5216
5217
5218
5219
5220
5221
5222
5223
5224
5225
5226
5227
5228
5229
5230
5231
5232
5233
5234
5235
5236
5237
5238
5239
5240
5241
5242
5243
5244
5245
5246
5247
5248
5249
5250
5251
5252
5253
5254
5255
5256
5257
5258
5259
5261
5262
5263
5288
5296
5305
5306
5307
5308
5309
5311
5312
5313
5314
5315
5316
5317
5318
5319
5320
5321
5322
5323
5324
5325
5326
5327
5328
5329
5330
5331
5332
5333
5334
5335
5336
5337
5338
5339
5340
5341
5342
5343
5344
5345
5346
5347
5349
5350
5352
5353
5354
5355
5356
5357
5358
5359
5360
5361
5362
5363
5364
5365
5366
5367
5368
5369
5370
5371
5372
5373
5374
5375
5376
5377
5378
5379
5380
5381
5382
5383
5384
5385
5386
5387
5388
5389
5390
5391
5392
5394
5396
5397
5399
5400
5401
5404
5405
5408
5409
5410
5411
5412
5413
5415
5416
5417
5418
5419
5420
5421
5422
5423
5424
5425
5426
5427
5428
5429
5430
5431
5433
5434
5435
5436
5437
5438
5439
5440
5441
5442
5443
5444
5445
5446
5447
5448
5449
5450
5451
5452
5455
5456
5457
5458
5459
5460
5462
5463
5464
5465
5466
5467
5468
5469
5470
5471
5472
5474
5475
5476
5477
5478
5479
5481
5482
5483
5484
5485
5486
5487
5488
5489
5490
5491
5492
5493
5494
5495
5496
5497
5498
5500
5501
5502
5503
5504
5505
5506
5507
5524
5529
5530
5532
5571
5596
5601
5626
5629
5634
5637
5639
5640
5641
5642
5644
5646
5647
5648
5649
5650
5651
5652
5653
5654
5655
5658
5659
5660
5661
5662
5663
5664
5665
5666
5667
5668
5669
5670
5671
5672
5673
5674
5675
5676
5677
5678
5679
5681
5682
5685
5686
5688
5689
5690
5691
5692
5693
5694
5695
5696
5697
5698
5699
5700
5701
5702
5703
5704
5705
5706
5707
5708
5709
5710
5711
5712
5713
5714
5715
5716
5717
5718
5719
5720
5721
5722
5723
5724
5725
5726
5728
5729
5730
5731
5732
5733
5734
5735
5736
5737
5738
5739
5740
5741
5742
5743
5744
5745
5746
5747
5748
5749
5750
5751
5752
5753
5754
5755
5756
5757
5758
5759
5760
5761
5762
5764
5765
5766
5767
5768
5769
5770
5771
5772
5773
5774
5775
5776
5777
5778
5779
5780
5781
5782
5783
5784
5785
5786
5787
5788
5789
5791
5792
5793
5794
5795
5796
5797
5799
5800
5801
5810
5840
5860
5861
5862
5863
5864
5865
5866
5867
5868
5869
5870
5871
5872
5873
5874
5875
5876
5877
5878
5879
5881
5882
5883
5884
5885
5886
5887
5888
5889
5890
5891
5892
5893
5894
5896
5897
5898
5899
5900
5901
5902
5903
5904
5905
5907
5908
5909
5910
5911
5912
5913
5914
5915
5916
5918
5919
5920
5921
5922
5923
5924
5925
5926
5927
5928
5929
5930
5931
5932
5933
5935
5936
5937
5938
5939
5940
5941
5942
5943
5944
5945
5946
5947
5948
5949
5951
5952
5956
5957
5958
5959
5960
5961
5962
5963
5964
5965
5967
5968
5969
5970
5971
5972
5973
5974
5975
5976
5977
5978
5979
5981
5982
5983
5984
5985
5986
5987
5988
5989
5990
5991
5992
5994
5995
5996
5997
5998
5999
6002
6003
6004
6005
6006
6007
6008
6009
6011
6012
6013
6014
6015
6016
6017
6019
6020
6021
6022
6023
6025
6026
6027
6028
6029
6030
6031
6033
6034
6035
6036
6038
6039
6040
6041
6042
6043
6044
6045
6046
6047
6048
6049
6050
6051
6052
6053
6054
6055
6056
6057
6058
6059
6060
6061
6062
6063
6064
6065
6066
6067
6068
6069
6070
6071
6072
6075
6076
6077
6078
6079
6080
6081
6082
6083
6084
6085
6086
6087
6088
6089
6090
6091
6092
6093
6094
6095
6096
6097
6098
6101
6104
6106
6107
6108
6109
6110
6111
6112
6113
6114
6115
6116
6117
6119
6120
6121
6122
6125
6126
6127
6128
6129
6130
6131
6132
6133
6134
6135
6136
6138
6139
6140
6141
6142
6143
6144
6145
6146
6147
6148
6149
6150
6151
6152
6153
6154
6156
6157
6158
6159
6160
6161
6162
6163
6165
6166
6167
6168
6169
6170
6171
6173
6174
6176
6177
6180
6182
6183
6184
6185
6186
6187
6188
6189
6190
6191
6192
6193
6194
6195
6196
6197
6198
6199
6200
6201
6202
6203
6204
6205
6206
6208
6209
6210
6211
6212
6213
6214
6215
6217
6218
6219
6220
6221
6222
6223
6224
6225
6226
6227
6228
6229
6230
6231
6232
6233
6234
6235
6236
6237
6238
6239
6240
6241
6242
6243
6244
6245
6246
6247
6248
6249
6250
6251
6252
6253
6254
6255
6256
6257
6258
6259
6260
6261
6262
6263
6264
6265
6266
6267
6268
6269
6270
6271
6272
6273
6274
6275
6276
6277
6279
6280
6281
6282
6283
6284
6285
6287
6288
6289
6290
6291
6292
6293
6294
6295
6296
6297
6298
6299
6300
6302
6303
6304
6305
6306
6307
6308
6309
6310
6311
6312
6313
6314
6315
6316
6317
6318
6319
6320
6321
6322
6323
6324
6325
6326
6327
6328
6329
6330
6331
6332
6333
6334
6335
6336
6337
6338
6339
6340
6341
6342
6343
6344
6345
6346
6347
6348
6350
6351
6352
6354
6355
6356
6357
6358
6359
6360
6361
6362
6363
6364
6365
6366
6367
6368
6369
6370
6371
6372
6374
6375
6376
6378
6379
6381
6382
6383
6465
6466
6467
6468
6469
6470
6471
6472
6473
6474
6475
6476
6477
6478
6479
6480
6481
6482
6483
6484
6485
6486
6487
6488
6489
6490
6491
6492
6493
6494
6495
6496
6535
6536
6537
6538
6539
6541
6542
6564
6565
6567
6568
6569
6570
6572
6573
6587
6607
6618
6652
6660
6661
6662
6663
6664
6665
6666
6667
6668
6669
6670
6671
6672
6673
6674
6675
6676
6677
6678
6679
6680
6682
6683
6684
6686
6687
6689
6690
6693
6696
6697
6698
6699
6700
6701
6702
6703
6704
6705
6706
6707
6708
6709
6710
6712
6713
6714
6715
6716
6717
6718
6719
6720
6721
6722
6723
6724
6725
6726
6727
6728
6729
6730
6731
6732
6733
6734
6735
6736
6737
6738
6739
6740
6741
6742
6743
6744
6745
6746
6747
6748
6749
6750
6751
6752
6753
6754
6755
6756
6758
6759
6760
6761
6762
6763
6764
6765
6766
6767
6768
6769
6770
6771
6772
6773
6774
6775
6776
6777
6778
6779
6780
6781
6782
6783
6784
6785
6786
6787
6788
6789
6790
6791
6792
6793
6794
6795
6796
6797
6798
6799
6800
6801
6802
6803
6804
6805
6806
6808
6809
6810
6811
6812
6813
6814
6815
6816
6817
6937
6987
7126
7127
7128
7130
7131
7132
7133
7134
7135
7136
7137
7138
7139
7140
7141
7142
7143
7144
7145
7146
7147
7148
7149
7150
7151
7152
7153
7154
7155
7156
7157
7158
7159
7160
7161
7162
7163
7164
7165
7166
7167
7169
7171
7172
7173
7175
7177
7178
7179
7182
7183
7184
7185
7186
7187
7188
7189
7190
7191
7192
7193
7194
7195
7196
7197
7198
7199
7200
7201
7203
7204
7205
7206
7207
7208
7209
7210
7211
7212
7213
7214
7215
7216
7217
7218
7219
7220
7221
7222
7223
7224
7225
7226
7227
7228
7229
7230
7231
7233
7234
7235
7236
7237
7238
7239
7240
7241
7242
7243
7244
7245
7246
7247
7248
7249
7251
7302
7339
7411
7446
7455
7474
7475
7476
7479
7480
7481
7482
7483
7484
7485
7487
7490
7493
7588
7594
7631
7665
7666
7667
7668
7669
7670
7671
7672
7673
7674
7675
7676
7677
7678
7679
7680
7681
7682
7683
7684
7685
7686
7688
7689
7690
7691
7692
7693
7694
7695
7696
7697
7698
7699
7700
7701
7702
7703
7704
7705
7707
7708
7709
7710
7712
7713
7715
7716
7717
7718
7719
7720
7721
7722
7723
7724
7725
7726
7727
7728
7729
7730
7731
7732
7733
7735
7736
7737
7739
7740
7741
7742
7743
7744
7745
7746
7747
7748
7749
7750
7752
7753
7754
7755
7756
7757
7758
7759
7760
7761
7762
7763
7765
7766
7767
7768
7769
7770
7771
7772
7773
7774
7775
7776
7777
7778
7779
7781
7783
7785
7786
7791
7792
7793
7794
7795
7796
7797
7798
7799
7800
7801
7802
7803
7804
7805
7806
7807
7808
7809
7810
7813
7814
7816
7817
7818
7819
7820
7822
7825
7826
7827
7828
7829
7830
7831
7832
7833
7834
7835
7837
7838
7839
7840
7841
7842
7843
7844
7845
7846
7847
7848
7849
7850
7852
7853
7854
7855
7856
7857
7858
7859
7860
7861
7862
7863
7864
7865
7867
7868
7869
7870
7871
7872
7873
7874
7875
7876
7877
7878
7879
7880
7881
7882
7884
7885
7886
7887
7888
7889
7890
7891
7892
7893
7894
7895
7896
7897
7898
7899
7900
7901
7902
7903
7904
7905
7906
7907
7908
7909
7910
7911
7912
7913
7914
7915
7916
7917
7918
7919
7920
7921
7922
7923
7924
7925
7926
7927
7928
7929
7930
7931
7932
7933
7934
7935
7937
7938
7940
7941
7942
7943
7944
7945
7946
7947
7950
7951
7952
7953
7954
7955
7956
7957
7958
7959
7960
7961
7962
7963
7964
7965
7966
7967
7968
7969
7970
7971
7972
7973
7974
7975
7976
7977
7978
7979
7980
7981
7982
7983
7984
7985
7986
7987
7988
7989
7990
7991
7992
7993
7994
7995
7996
7997
7998
7999
8000
8001
8002
8003
8004
8005
8006
8007
8008
8009
8010
8011
8012
8013
8014
8141
8173
8175
8176
8177
8178
8179
8180
8181
8182
8184
8185
8186
8187
8188
8189
8190
8191
8192
8193
8194
8195
8196
8197
8198
8199
8200
8201
8202
8203
8204
8205
8206
8207
8208
8209
8210
8211
8212
8213
8214
8215
8216
8217
8218
8219
8220
8221
8222
8223
8224
8225
8226
8227
8228
8229
8230
8231
8232
8233
8234
8235
8236
8238
8239
8240
8241
8242
8243
8244
8245
8246
8247
8248
8249
8250
8251
8252
8253
8254
8255
8256
8258
8259
8260
8261
8262
8263
8264
8266
8267
8268
8269
8270
8271
8272
8273
8274
8276
8277
8278
8279
8280
8281
8282
8283
8284
8286
8287
8288
8289
8290
8291
8292
8293
8294
8295
8296
8297
8298
8299
8300
8302
8303
8304
8305
8306
8307
8308
8310
8311
8312
8313
8314
8315
8316
8317
8318
8320
8321
8322
8323
8324
8325
8326
8327
8328
8329
8330
8331
8334
8335
8336
8337
8338
8339
8340
8341
8342
8343
8344
8345
8346
8347
8348
8350
8351
8352
8353
8354
8355
8356
8357
8358
8359
8360
8361
8362
8363
8364
8365
8367
8368
8369
8370
8371
8372
8373
8374
8375
8376
8377
8378
8379
8380
8381
8382
8383
8384
8385
8386
8387
8388
8389
8390
8391
8392
8393
8396
8397
8398
8399
8400
8401
8402
8403
8405
8406
8407
8408
8409
8410
8411
8412
8413
8414
8415
8418
8419
8420
8421
8422
8423
8424
8425
8426
8427
8428
8429
8430
8431
8432
8433
8434
8435
8436
8437
8438
8439
8440
8443
8477
8511
8512
8513
8514
8515
8516
8517
8518
8519
8520
8521
8522
8523
8524
8525
8526
8527
8528
8529
8530
8531
8532
8534
8535
8536
8537
8538
8539
8540
8542
8543
8544
8545
8546
8547
8548
8549
8550
8551
8552
8553
8554
8555
8556
8557
8558
8559
8560
8562
8563
8564
8565
8566
8567
8568
8569
8570
8571
8572
8573
8574
8575
8576
8577
8578
8579
8580
8581
8582
8583
8585
8586
8587
8588
8589
8590
8591
8592
8593
8594
8596
8597
8598
8599
8600
8601
8602
8603
8604
8605
8606
8607
8608
8609
8610
8611
8612
8613
8614
8615
8616
8617
8618
8619
8620
8621
8622
8623
8625
8626
8627
8628
8629
8630
8631
8632
8633
8635
8699
8706
8716
8717
8718
8719
8720
8721
8722
8724
8725
8726
8727
8728
8730
8731
8732
8733
8734
8735
8736
8737
8738
8739
8740
8741
8742
8743
8744
8745
8746
8747
8749
8752
8753
8754
8755
8756
8757
8758
8759
8760
8761
8762
8763
8764
8765
8766
8767
8768
8769
8770
8771
8772
8773
8774
8775
8776
8777
8778
8779
8780
8781
8782
8783
8784
8786
8787
8788
8789
8791
8792
8793
8794
8795
8796
8797
8798
8799
8800
8801
8802
8803
8805
8806
8807
8808
8809
8810
8812
8813
8814
8816
8817
8818
8819
8820
8821
8822
8823
8824
8825
8826
8827
8828
8829
8830
8831
8832
8833
8834
8835
8838
8839
8841
8842
8843
8844
8845
8846
8847
8848
8849
8850
8852
8853
8854
8855
8856
8857
8858
8859
8860
8861
8862
8863
8864
8866
8867
8868
8933
8949
8950
8951
8952
8953
8954
8955
8956
8957
8958
8959
8960
8961
8962
8963
8964
8965
8966
8967
8968
8969
8970
8971
8972
8973
8974
8975
8976
8977
8978
8979
8980
8981
8982
8983
8984
8985
8986
8987
8989
8990
8991
8992
8993
8994
8995
8996
8997
8998
8999
9000
9001
9002
9003
9004
9005
9006
9007
9008
9009
9010
9011
9012
9013
9014
9015
9016
9017
9018
9019
9020
9021
9022
9023
9024
9025
9026
9027
9028
9029
9030
9031
9032
9033
9035
9036
9037
9039
9040
9041
9042
9043
9044
9045
9046
9048
9049
9050
9051
9052
9053
9054
9055
9056
9057
9058
9059
9060
9061
9062
9063
9064
9065
9066
9067
9068
9069
9070
9071
9072
9073
9074
9075
9076
9077
9080
9091
9113
9252
9273
9314
9347
9370
9378
9379
9380
9381
9382
9383
9384
9385
9386
9387
9388
9389
9390
9391
9392
9393
9394
9395
9396
9397
9398
9399
9400
9401
9402
9403
9404
9405
9406
9407
9408
9409
9410
9411
9412
9413
9414
9415
9416
9417
9418
9419
9420
9421
9422
9423
9424
9426
9427
9428
9429
9430
9431
9432
9433
9434
9435
9436
9437
9438
9439
9440
9441
9442
9445
9446
9447
9448
9449
9450
9451
9452
9453
9454
9455
9456
9457
9458
9459
9460
9462
9463
9464
9465
9466
9467
9468
9469
9470
9471
9472
9473
9474
9475
9476
9477
9478
9479
9480
9481
9482
9485
9486
9487
9488
9489
9490
9491
9492
9493
9494
9495
9496
9497
9498
9499
9502
9503
9505
9506
9507
9508
9509
9511
9512
9513
9514
9515
9516
9517
9518
9519
9520
9521
9523
9524
9525
9526
9527
9528
9529
9530
9531
9532
9533
9534
9535
9536
9537
9538
9539
9540
9541
9542
9543
9544
9545
9548
9549
9551
9552
9553
9554
9555
9556
9557
9559
9560
9561
9562
9563
9564
9565
9566
9567
9568
9569
9570
9571
9572
9573
9574
9575
9576
9577
9578
9579
9580
9581
9582
9583
9585
9586
9587
9588
9589
9590
9591
9592
9593
9594
9595
9596
9597
9598
9599
9600
9601
9602
9603
9604
9605
9606
9607
9608
9609
9610
9611
9612
9613
9616
9617
9618
9619
9620
9621
9622
9623
9624
9625
9626
9627
9628
9629
9630
9632
9633
9637
9638
9639
9640
9641
9642
9644
9645
9646
9647
9648
9649
9650
9651
9652
9653
9654
9656
9657
9658
9660
9661
9662
9663
9664
9665
9666
9667
9668
9669
9670
9671
9672
9673
9674
9675
9676
9677
9678
9679
9680
9681
9682
9683
9685
9686
9687
9688
9689
9690
9692
9693
9694
9695
9696
9697
9698
9699
9700
9701
9702
9703
9704
9705
9706
9707
9708
9709
9710
9711
9712
9713
9714
9715
9717
9718
9719
9721
9722
9723
9724
9728
9729
9731
9732
9733
9734
9735
9736
9737
9738
9740
9741
9742
9743
9744
9745
9746
9747
9748
9749
9750
9751
9753
9754
9755
9756
9757
9758
9759
9760
9761
9762
9763
9764
9765
9766
9767
9768
9769
9770
9771
9772
9773
9775
9776
9777
9778
9779
9780
9781
9782
9783
9784
9785
9787
9788
9789
9790
9791
9793
9795
9796
9797
9798
9799
9800
9801
9802
9803
9804
9805
9806
9807
9808
9811
9812
9813
9814
9815
9816
9817
9818
9819
9820
9821
9822
9823
9824
9826
9827
9828
9829
9830
9831
9832
9843
9845
9846
9847
9848
9849
9851
9852
9854
9855
9856
9857
9858
9860
9861
9862
9863
9864
9865
9866
9867
9868
9869
9870
9871
9872
9873
9874
9875
9876
9877
9878
9879
9880
9881
9882
9883
9885
9886
9887
9888
9889
9890
9891
9892
9893
9894
9895
9896
9897
9898
9899
9923
9931
9954
9955
9956
9957
9958
9959
9960
9961
9962
9963
9964
9965
9966
9967
9968
9969
9970
9971
9972
9973
9974
9975
9976
9977
9979
9980
9981
9983
9984
9985
9986
9987
9988
9990
9991
9992
9993
9994
9995
9996
9997
9998
10000
10003
10004
10005
10104
10132
10133
10134
10135
10136
10137
10138
10140
10141
10142
10143
10144
10145
10146
10147
10148
10173
10174
10176
10177
10178
10179
10180
10181
10182
10183
10185
10186
10187
10188
10189
10190
10191
10192
10193
10194
10195
10196
10197
10198
10199
10200
10201
10202
10203
10204
10205
10206
10207
10208
10209
10210
10211
10212
10213
10214
10215
10216
10217
10218
10219
10220
10221
10222
10223
10224
10225
10226
10227
10228
10229
10231
10232
10233
10234
10235
10236
10237
10238
10239
10240
10241
10242
10400
10552
10792
11098
11135
11248
11287
11288
11289
11290
11291
11292
11293
11294
11295
11296
11297
11298
11299
11300
11301
11302
11303
11304
11305
11306
11307
11308
11309
11310
11311
11312
11313
11314
11315
11316
11317
11318
11319
11320
11321
11322
11323
11325
11327
11328
11329
11330
11331
11332
11333
11335
11336
11337
11338
11339
11340
11341
11342
11343
11344
11345
11346
11347
11348
11349
11350
11351
11352
11354
11355
11356
11358
11359
11360
11361
11362
11363
11364
11365
11367
11368
11369
11370
11373
11374
11375
11377
11378
11379
11380
11381
11382
11383
11384
11385
11386
11387
11388
11389
11390
11391
11392
11393
11395
11396
11397
11398
11399
11400
11401
11402
11403
11404
11405
11406
11407
11408
11409
11410
11411
11412
11414
11415
11416
11417
11418
11419
11420
11422
11424
11425
11426
11427
11429
11430
11431
11432
11433
11434
11435
11436
11437
11438
11439
11440
11441
11442
11443
11444
11445
11446
11447
11448
11449
11450
11451
11452
11453
11456
11457
11458
11459
11460
11461
11463
11464
11465
11466
11468
11469
11470
11471
11472
11474
11475
11476
11477
11478
11479
11480
11481
11482
11483
11484
11485
11486
11487
11488
11491
11492
11493
11494
11495
11496
11497
11498
11499
11501
11502
11503
11504
11505
11506
11507
11508
11509
11510
11511
11512
11513
11514
11515
11516
11517
11518
11520
11521
11524
11525
11527
11528
11529
11530
11531
11532
11533
11534
11535
11536
11538
11539
11540
11541
11542
11543
11544
11545
11546
11547
11549
11550
11551
11553
11554
11555
11556
11557
11558
11559
11561
11562
11564
11565
11566
11567
11568
11569
11570
11571
11572
11573
11574
11575
11576
11577
11578
11579
11580
11582
11583
11584
11585
11586
11587
11588
11589
11590
11591
11592
11594
11595
11596
11597
11598
11599
11600
11601
11602
11603
11604
11605
11606
11607
11608
11609
11610
11611
11612
11613
11615
11616
11617
11618
11619
11620
11621
11622
11623
11624
11625
11626
11627
11628
11629
11630
11631
11632
11633
11634
11635
11636
11638
11639
11640
11641
11642
11643
11644
11645
11646
11647
11648
11649
11650
11651
11652
11653
11654
11655
11656
11657
11658
11659
11660
11661
11662
11663
11665
11666
11668
11669
11670
11672
11673
11674
11675
11677
11678
11679
11681
11682
11684
11685
11686
11687
11688
11689
11690
11691
11692
11693
11694
11695
11696
11697
11698
11699
11700
11701
11702
11703
11704
11706
11707
11708
11709
11710
11711
11714
11715
11716
11717
11718
11719
11720
11721
11722
11723
11724
11725
11726
11727
11728
11729
11730
11731
11732
11733
11734
11735
11736
11737
11738
11739
11740
11741
11742
11743
11748
11758
11759
11803
11856
11857
11859
11860
11861
11862
11863
11864
11865
11866
11867
11869
11870
11871
11872
11873
11874
11875
11876
11877
11878
11879
11880
11881
11882
11883
11884
11885
11886
11887
11888
11889
11890
11891
11892
11893
11894
11895
11896
11897
11898
11899
11900
11901
11902
11903
11904
11905
11906
11907
11908
11909
11910
11911
11912
11913
11914
11915
11916
11917
11918
11919
11920
11921
11922
11923
11925
11926
11927
11928
11931
11933
11934
11935
11936
11937
11938
11939
11940
11941
11942
11943
11944
11945
11946
11947
11948
11949
11950
11952
11953
11954
11955
11956
11957
11958
11959
11960
11961
11962
11963
11964
11966
11968
11969
11970
11971
11972
11973
11974
11975
11976
11977
11978
11979
11980
11981
11982
11984
11985
11986
11987
11988
11989
11990
11991
11992
11993
11994
11995
11996
11997
11998
11999
12000
12001
12002
12003
12004
12005
12006
12007
12008
12009
12010
12012
12013
12014
12015
12016
12017
12018
12019
12020
12021
12022
12023
12024
12025
12026
12027
12028
12029
12030
12031
12032
12033
12034
12035
12036
12037
12038
12039
12040
12041
12042
12043
12044
12045
12046
12048
12049
12050
12051
12052
12053
12054
12055
12056
12057
12060
12061
12062
12063
12064
12065
12066
12067
12068
12070
12071
12072
12073
12074
12075
12076
12077
12078
12079
12080
12081
12082
12083
12084
12085
12086
12087
12088
12089
12090
12091
12092
12093
12094
12095
12096
12097
12098
12099
12100
12101
12102
12103
12104
12106
12107
12108
12109
12110
12111
12112
12113
12114
12115
12116
12118
12119
12120
12121
12122
12124
12125
12126
12127
12128
12129
12131
12132
12133
12134
12135
12136
12137
12138
12140
12141
12143
12144
12145
12146
12147
12149
12150
12151
12152
12153
12155
12156
12157
12158
12159
12160
12161
12162
12163
12164
12165
12166
12167
12169
12170
12171
12172
12173
12174
12175
12177
12178
12179
12180
12181
12182
12183
12184
12185
12186
12187
12188
12189
12190
12191
12192
12193
12194
12195
12196
12197
12198
12199
12200
12201
12202
12203
12204
12205
12206
12207
12208
12209
12210
12211
12212
12213
12214
12215
12216
12217
12219
12220
12221
12224
12225
12226
12227
12228
12229
12231
12232
12233
12234
12235
12236
12237
12238
12240
12242
12243
12244
12245
12246
12247
12248
12249
12250
12251
12252
12253
12254
12255
12256
12257
12258
12259
12260
12261
12262
12263
12264
12265
12266
12267
12269
12272
12274
12275
12276
12277
12278
12279
12280
12281
12282
12283
12284
12285
12286
12287
12288
12289
12290
12291
12292
12293
12294
12295
12296
12297
12298
12300
12301
12302
12305
12306
12307
12308
12309
12310
12311
12312
12313
12314
12315
12316
12317
12318
12319
12322
12323
12324
12325
12326
12328
12329
12330
12331
12332
12333
12334
12336
12337
12338
12339
12340
12341
12342
12343
12344
12347
12348
12349
12350
12351
12352
12354
12355
12356
12357
12358
12359
12360
12361
12362
12363
12364
12365
12366
12368
12369
12370
12371
12372
12373
12374
12375
12376
12377
12378
12379
12380
12381
12382
12383
12384
12385
12386
12387
12388
12389
12390
12391
12392
12393
12394
12395
12396
12397
12398
12399
12400
12401
12402
12403
12404
12405
12406
12407
12408
12409
12410
12411
12412
12413
12414
12416
12417
12418
12419
12420
12421
12422
12423
12424
12425
12426
12427
12428
12429
12430
12431
12432
12433
12434
12435
12436
12437
12438
12439
12440
12441
12442
12443
12478
12523
12628
12629
12630
12631
12632
12633
12634
12635
12636
12637
12638
12640
12641
12642
12643
12644
12645
12646
12647
12648
12649
12650
12680
12683
12875
12876
12877
12878
12879
12880
12881
12882
12884
12885
12886
12887
12888
12890
12891
12892
12893
12894
12895
12896
12897
12898
12899
12900
12901
12903
12904
12905
12906
12907
12908
12909
12910
12911
12912
12913
12914
12915
12916
12917
12918
12920
12921
12922
12923
12924
12926
12929
12930
12931
12932
12933
12934
12935
12936
12937
12938
12939
12940
12942
12943
12944
12945
12946
12947
12948
12949
12950
12951
12952
12953
12954
12955
12956
12957
12958
12959
12960
12961
12962
12963
12964
12965
12966
12967
12968
12969
12970
12971
12972
12973
12974
12975
12977
12978
12979
12980
12981
12982
12984
12985
12994
12995
12996
12997
12998
12999
13000
13001
13002
13003
13004
13005
13006
13007
13008
13009
13010
13011
13012
13013
13014
13015
13016
13017
13018
13019
13020
13021
13022
13023
13024
13025
13026
13027
13028
13029
13030
13031
13032
13033
13034
13035
13036
13037
13038
13039
13040
13041
13042
13045
13046
13049
13050
13051
13054
13055
13056
13057
13058
13059
13060
13063
13064
13065
13067
13068
13069
13070
13071
13072
13073
13074
13075
13076
13077
13078
13079
13080
13081
13082
13084
13086
13087
13088
13089
13090
13091
13092
13093
13094
13095
13096
13097
13098
13099
13102
13103
13104
13105
13106
13107
13108
13109
13110
13111
13112
13113
13114
13115
13116
13117
13118
13119
13120
13132
13133
13134
13135
13136
13137
13138
13140
13141
13142
13143
13144
13145
13146
13147
13148
13150
13151
13152
13153
13154
13155
13156
13157
13158
13160
13161
13162
13163
13165
13167
13168
13169
13170
13171
13172
13173
13174
13175
13176
13177
13178
13179
13180
13181
13182
13183
13184
13185
13186
13187
13188
13189
13190
13191
13192
13193
13194
13195
13196
13197
13198
13199
13200
13201
13203
13204
13205
13206
13207
13208
13209
13210
13211
13212
13213
13214
13215
13216
13217
13218
13220
13221
13223
13224
13225
13226
13227
13228
13229
13230
13231
13232
13233
13235
13236
13237
13238
13239
13240
13241
13243
13244
13245
13246
13247
13248
13249
13251
13252
13253
13254
13255
13256
13259
13260
13261
13262
13263
13264
13265
13266
13267
13268
13270
13271
13272
13273
13274
13276
13277
13278
13279
13281
13283
13284
13285
13286
13287
13288
13289
13290
13291
13292
13293
13294
13295
13296
13297
13298
13299
13300
13301
13302
13303
13304
13305
13306
13307
13308
13309
13310
13311
13313
13314
13315
13316
13318
13319
13320
13321
13322
13323
13324
13325
13326
13327
13328
13329
13330
13331
13332
13333
13334
13335
13336
13337
13338
13339
13340
13341
13343
13344
13345
13346
13347
13348
13349
13350
13351
13352
13353
13354
13355
13356
13357
13358
13359
13360
13362
13363
13364
13365
13366
13367
13368
13370
13371
13372
13373
13374
13375
13376
13377
13378
13379
13380
13381
13382
13383
13384
13386
13387
13388
13389
13390
13391
13392
13393
13394
13395
13396
13397
13398
13400
13401
13402
13403
13404
13405
13406
13407
13408
13409
13410
13412
13413
13414
13415
13416
13417
13418
13419
13421
13422
13423
13424
13425
13426
13427
13428
13429
13430
13431
13433
13434
13435
13436
13437
13438
13439
13440
13441
13442
13443
13444
13445
13446
13447
13449
13450
13451
13452
13453
13454
13456
13457
13458
13459
13460
13461
13462
13463
13464
13465
13466
13467
13468
13469
13470
13471
13472
13473
13474
13476
13477
13478
13479
13480
13481
13482
13483
13484
13485
13486
13487
13488
13489
13490
13491
13492
13493
13494
13495
13496
13497
13498
13499
13500
13501
13502
13503
13504
13505
13506
13508
13509
13510
13511
13512
13513
13514
13515
13516
13517
13518
13519
13520
13521
13522
13523
13524
13525
13526
13527
13528
13529
13530
13532
13533
13534
13535
13536
13537
13538
13539
13540
13541
13542
13543
13544
13875
13967
14132
14284
14380
14381
14382
14383
14384
14385
14386
14387
14388
14389
14390
14391
14392
14393
14394
14395
14396
14397
14398
14399
14400
14401
14402
14403
14404
14405
14406
14407
14408
14409
14410
14411
14412
14413
14414
14415
14416
14417
14418
14419
14421
14423
14424
14425
14426
14427
14428
14429
14430
14431
14432
14433
14434
14435
14437
14438
14439
14440
14441
14442
14443
14444
14445
14446
14447
14448
14449
14450
14451
14452
14453
14454
14455
14456
14457
14458
14459
14460
14461
14462
14463
14527
14528
14529
14530
14531
14532
14533
14534
14535
14536
14537
14538
14539
14540
14541
14542
14543
14544
14545
14546
14547
14548
14549
14550
14552
14553
14555
14556
14557
14558
14559
14560
14561
14562
14564
14565
14566
14567
14568
14569
14570
14571
14572
14573
14574
14575
14577
14578
14579
14580
14581
14582
14583
14585
14586
14587
14588
14589
14590
14591
14592
14593
14594
14595
14596
14597
14598
14599
14600
14602
14603
14604
14605
14607
14608
14609
14611
14612
14614
14615
14616
14617
14618
14620
14621
14622
14623
14624
14625
14626
14628
14629
14630
14631
14632
14633
14634
14635
14636
14637
14638
14639
14640
14641
14642
14643
14644
14645
14646
14647
14648
14649
14650
14651
14652
14653
14654
14655
14656
14658
14659
14660
14661
14662
14663
14664
14665
14666
14667
14668
14669
14670
14671
14672
14673
14674
14675
14676
14677
14678
14679
14680
14681
14682
14683
14684
14685
14686
14687
14688
14689
14690
14691
14692
14693
14694
14695
14696
14697
14698
14699
14700
14701
14703
14704
14705
14706
14707
14708
14709
14710
14711
14712
14713
14715
14716
14717
14718
14731
14735
14736
14737
14740
14742
14743
14744
14745
14746
14747
14748
14749
14750
14751
14752
14753
14754
14755
14756
14757
14758
14795
14836
14999
15062
15065
15556
15579
15673
15709
15844
15855
15876
15885
15957
15958
15959
15960
15961
15962
15963
15964
15965
15967
15968
15969
15970
15971
15972
15973
15974
15977
15979
15980
15998
15999
16000
16001
16002
16003
16004
16005
16007
16008
16009
16010
16011
16012
16013
16014
16015
16016
16017
16018
16019
16020
16021
16022
16023
16024
16025
16026
16027
16028
16029
16030
16031
16032
16033
16034
16035
16036
16037
16038
16039
16040
16041
16042
16043
16044
16045
16046
16047
16048
16049
16050
16051
16052
16053
16054
16056
16057
16058
16060
16061
16063
16064
16065
16066
16067
16068
16069
16070
16071
16072
16074
16075
16077
16078
16079
16080
16081
16082
16083
16084
16085
16086
16088
16089
16090
16091
16092
16093
16094
16095
16096
16097
16098
16099
16100
16101
16102
16103
16104
16105
16106
16107
16108
16110
16111
16112
16113
16114
16115
16116
16117
16118
16119
16120
16121
16122
16123
16124
16125
16126
16127
16128
16129
16130
16131
16132
16134
16135
16136
16137
16138
16139
16140
16141
16142
16143
16144
16145
16146
16147
16148
16149
16150
16151
16152
16153
16154
16155
16156
16157
16158
16159
16160
16161
16162
16163
16164
16165
16166
16167
16168
16169
16170
16171
16172
16173
16174
16175
16176
16177
16178
16179
16180
16181
16182
16183
16184
16185
16186
16187
16188
16189
16190
16191
16192
16193
16194
16196
16197
16198
16199
16200
16201
16202
16203
16205
16206
16207
16208
16209
16210
16211
16212
16213
16214
16215
16216
16217
16218
16219
16220
16221
16222
16223
16224
16225
16226
16227
16228
16229
16230
16232
16233
16234
16235
16236
16237
16238
16239
16240
16241
16242
16243
16244
16245
16246
16247
16248
16249
16250
16251
16252
16253
16254
16255
16256
16257
16258
16259
16260
16261
16262
16263
16264
16265
16266
16267
16268
16269
16270
16271
16272
16273
16274
16275
16276
16277
16278
16279
16280
16281
16282
16283
16284
16285
16286
16288
16290
16297
16298
16299
16300
16301
16302
16303
16304
16305
16306
16307
16308
16309
16310
16311
16312
16313
16314
16315
16316
16317
16318
16319
16320
16321
16322
16323
16324
16325
16326
16327
16328
16329
16330
16331
16332
16333
16334
16335
16336
16337
16338
16340
16341
16342
16343
16344
16346
16347
16398
16399
16400
16401
16402
16403
16404
16405
16406
16407
16408
16409
16410
16411
16412
16413
16414
16415
16416
16417
16418
16419
16420
16421
16422
16423
16424
16425
16426
16427
16428
16429
16430
16452
16599
16601
16602
16603
16604
16605
16606
16607
16608
16609
16610
16611
16612
16614
16615
16616
16617
16618
16620
16621
16622
16623
16625
16626
16627
16629
16630
16631
16632
16633
16634
16636
16637
16639
16642
16643
16647
16649
16650
16651
16652
16653
16654
16655
16656
16657
16658
16660
16661
16662
16663
16664
16665
16666
16667
16670
16672
16674
16675
16676
16677
16678
16679
16680
16681
16682
16683
16684
16685
16686
16687
16688
16689
16819
16820
16821
16822
16823
16824
16825
16826
16827
16828
16829
16830
16831
16832
16833
16834
16835
16836
16837
16838
16839
16840
16841
16842
16843
16844
16845
16847
16848
16849
16850
16851
16852
16853
16854
16855
16856
16857
16858
16859
16861
16862
16864
16865
16866
16867
16868
16870
16871
16872
16875
16876
16877
16878
16879
16880
16929
16930
16931
16932
16933
16934
16935
16936
16937
16938
16939
16940
16941
16942
16943
16944
16945
16946
16948
16949
16950
16951
16952
16953
16954
16956
16957
16959
16960
16961
16963
16964
16965
16968
16969
16970
16971
16972
16974
16975
16976
16977
16978
16979
16980
16981
16982
16983
16984
16985
16986
16987
16988
16989
16991
16992
17094
17095
17096
17097
17098
17099
17100
17101
17102
17103
17104
17105
17106
17107
17108
17109
17110
17111
17112
17113
17114
17115
17117
17118
17119
17120
17121
17122
17123
17124
17125
17126
17127
17128
17129
17130
17131
17133
17134
17135
17136
17137
17139
17140
17141
17142
17143
17144
17145
17146
17147
17148
17150
17151
17154
17155
17156
17158
17159
17160
17161
17162
17163
17165
17166
17168
17169
17171
17172
17173
17174
17175
17176
17177
17178
17179
17180
17181
17182
17183
17184
17185
17186
17187
17188
17189
17190
17191
17192
17193
17194
17195
17196
17197
17198
17199
17200
17201
17202
17203
17204
17205
17207
17208
17209
17210
17211
17212
17213
17214
17216
17217
17218
17219
17220
17221
17222
17223
17224
17225
17226
17227
17228
17229
17230
17231
17232
17233
17234
17235
17236
17237
17238
17239
17240
17241
17280
17281
17282
17286
17287
17288
17289
17292
17293
17294
17295
17296
17297
17298
17299
17300
17301
17302
17303
17304
17305
17306
17307
17308
17310
17313
17315
17316
17317
17318
17319
17320
17321
17324
17325
17326
17327
17328
17329
17330
17331
17332
17333
17334
17335
17336
17338
17339
17340
17341
17342
17343
17344
17346
17347
17348
17349
17350
17351
17352
17353
17354
17355
17357
17358
17359
17360
17361
17362
17363
17364
17365
17366
17367
17368
17369
17370
17371
17372
17373
17374
17375
17376
17377
17378
17379
17380
17382
17383
17384
17387
17408
17490
17532
17825
18209
18576
19699
19700
19701
19702
19703
19704
19705
19706
19707
19708
19709
19710
19711
19712
19713
19714
19715
19716
19717
19718
19719
19720
19721
19722
19723
19724
19725
19726
19727
19728
19729
19730
19731
19732
19733
19734
19735
19736
19737
19738
19739
19740
19741
19742
19743
19744
19745
19746
19747
19749
19750
19751
19752
19754
19755
19756
19757
19758
19759
19760
19761
19762
19764
19765
19766
19767
19768
19769
19770
19771
19772
19774
19775
19776
19777
19778
19779
19780
19781
19782
19783
19784
19785
19786
19787
19788
19789
19790
19791
19792
19793
19794
19795
19796
19797
19798
19799
19800
19801
19802
19803
19804
19805
19806
19807
19808
19809
19810
19811
19812
19813
19814
19815
19816
19817
19818
19819
19820
19821
19822
19824
19825
19826
19827
19828
19829
19830
19832
19833
19834
19835
19836
19837
19838
19839
19840
19841
19842
19843
19844
19845
19846
19847
19848
19849
19850
19851
19852
19853
19854
19855
19856
19857
19858
19859
19860
19861
19862
19863
19864
19866
19867
19868
19869
19870
19871
19872
19873
19874
19875
19876
19878
19879
19880
19881
19882
19883
19884
19885
19886
19887
19888
19889
19890
19891
19892
19893
19894
19895
19896
19897
19898
19899
19900
19901
19902
19903
19904
19905
19906
19907
19908
19909
19910
19911
19912
19913
19914
19915
19916
19917
19918
19919
19920
19922
19923
19924
19925
19926
19927
19928
19929
19930
19931
19932
19933
19934
19935
19936
19937
19938
19939
19940
19941
19942
19943
19944
19945
19946
19947
19948
19949
19950
19951
19952
19953
19954
19956
19958
19959
19960
19961
19962
19963
19964
19965
19966
19967
19968
19969
19971
19972
19973
19974
19976
19978
19979
19980
19982
19983
19984
19985
19986
19987
19988
19989
19990
19991
19992
19993
19994
19995
19996
19997
19998
19999
20000
20001
20002
20003
20004
20005
20006
20007
20008
20009
20010
20011
20012
20013
20014
20015
20016
20017
20018
20019
20020
20021
20022
20023
20024
20025
20026
20027
20028
20029
20030
20032
20034
20035
20036
20037
20038
20039
20040
20041
20042
20043
20044
20045
20046
20047
20048
20049
20050
20051
20052
20054
20055
20056
20057
20058
20059
20060
20063
20064
20065
20066
20067
20068
20069
20070
20071
20072
20073
20074
20075
20077
20078
20079
20081
20082
20083
20084
20085
20086
20087
20088
20089
20090
20091
20092
20093
20095
20096
20097
20098
20099
20100
20101
20102
20103
20104
20105
20106
20108
20109
20110
20111
20112
20113
20115
20116
20117
20118
20119
20121
20122
20123
20124
20125
20126
20127
20131
20132
20133
20134
20136
20137
20139
20140
20141
20142
20143
20144
20146
20147
20148
20149
20150
20151
20153
20154
20155
20156
20157
20158
20159
20160
20161
20162
20164
20165
20166
20167
20168
20169
20170
20171
20172
20173
20174
20176
20177
20178
20179
20180
20181
20182
20183
20184
20185
20186
20187
20188
20189
20190
20191
20192
20194
20230
20231
20232
20233
20234
20235
20236
20237
20238
20240
20242
20243
20245
20248
20249
20250
20252
20253
20254
20256
20257
20258
20259
20261
20262
20263
20264
20265
20266
20268
20269
20270
20271
20272
20273
20274
20275
20276
20277
20278
20279
20280
20282
20283
20284
20285
20286
20287
20288
20289
20290
20291
20292
20293
20294
20295
20296
20297
20298
20299
20301
20302
20303
20304
20305
20306
20307
20308
20309
20311
20312
20313
20314
20315
20316
20317
20318
20319
20320
20321
20322
20323
20324
20326
20328
20329
20330
20331
20332
20333
20334
20335
20336
20337
20338
20339
20340
20342
20343
20344
20345
20346
20347
20348
20349
20350
20351
20352
20353
20354
20356
20357
20358
20359
20360
20361
20362
20363
20365
20366
20367
20368
20369
20370
20371
20372
20373
20374
20375
20376
20377
20378
20380
20381
20382
20383
20384
20385
20386
20388
20389
20390
20391
20392
20393
20394
20395
20396
20397
20398
20399
20400
20401
20402
20403
20404
20405
20406
20407
20408
20409
20410
20411
20412
20413
20414
20415
20416
20417
20418
20419
20420
20421
20422
20423
20424
20426
20427
20428
20429
20430
20431
20432
20433
20434
20435
20436
20437
20438
20439
20440
20441
20442
20443
20444
20445
20446
20447
20448
20449
20450
20452
20453
20454
20455
20456
20457
20458
20459
20460
20461
20462
20463
20464
20465
20466
20468
20469
20471
20472
20474
20475
20476
20477
20478
20479
20480
20482
20483
20484
20485
20486
20487
20489
20490
20491
20506
20507
20508
20509
20510
20511
20512
20514
20515
20516
20517
20518
20520
20521
20522
20524
20525
20526
20527
20528
20529
20530
20531
20532
20533
20534
20535
20536
20537
20538
20539
20540
20541
20542
20543
20544
20545
20546
20547
20548
20550
20551
20552
20553
20554
20555
20556
20557
20558
20559
20560
20561
20562
20563
20564
20565
20566
20567
20568
20569
20570
20571
20572
20573
20574
20575
20576
20577
20578
20579
20580
20581
20582
20583
20584
20585
20586
20587
20588
20589
20590
20591
20592
20593
20594
20595
20596
20598
20599
20601
20602
20603
20604
20605
20606
20607
20608
20609
20610
20611
20612
20613
20614
20615
20616
20617
20618
20619
20620
20621
20622
20623
20624
20625
20626
20627
20628
20629
20630
20631
20632
20633
20647
20652
20667
20754
20758
20759
20760
20761
20762
20763
20764
20765
20766
20767
20768
20769
20770
20771
20772
20773
20774
20775
20776
20777
20778
20779
20780
20781
20782
20783
20784
20785
20786
20787
20788
20789
20790
20791
20792
20793
20794
20795
20796
20797
20798
20799
20800
20801
20802
20805
20806
20807
20808
20809
20810
20811
20812
20813
20814
20815
20816
20817
20818
20819
20820
20821
20822
20823
20824
20825
20826
20827
20828
20829
20830
20831
20832
20833
20834
20835
20836
20837
20838
20839
20840
20841
20842
20843
20845
20846
20847
20848
20849
20850
20851
20852
20853
20854
20855
20856
20857
20858
20859
20860
20861
20862
20863
20864
20865
20866
20867
20868
20869
20870
20871
20872
20873
20874
20875
20876
20877
20878
20879
20880
20881
20882
20883
20884
20885
20886
20887
20888
20889
20890
20891
20892
20893
20894
20895
20896
20897
20898
20899
20900
20901
20902
20903
20905
20906
20907
20908
20910
20912
20913
20914
20915
20916
20917
20918
20919
20920
20921
20922
20923
20924
20925
20926
20927
20928
20929
20930
20931
20932
20933
20934
20935
20936
20937
20938
20939
20940
20941
20943
20944
20945
20947
20948
20949
20950
20951
20952
20953
20954
20957
20958
20959
20960
20961
20962
20963
20964
20966
20968
20969
20970
20972
20973
20974
20975
20976
20977
20978
20979
20980
20981
20982
20983
20984
20986
20987
20988
20989
20990
20991
20992
20993
20994
20995
20996
20997
20998
20999
21000
21001
21002
21003
21004
21005
21006
21007
21008
21009
21010
21011
21012
21013
21014
21015
21016
21017
21018
21020
21021
21022
21023
21024
21025
21026
21027
21028
21029
21030
21031
21032
21033
21034
21035
21036
21037
21038
21039
21040
21041
21042
21043
21044
21045
21046
21047
21048
21049
21050
21051
21052
21053
21054
21055
21056
21057
21059
21060
21061
21062
21063
21064
21065
21066
21067
21068
21069
21071
21072
21073
21074
21075
21076
21077
21078
21080
21081
21082
21083
21084
21085
21086
21087
21088
21089
21090
21091
21092
21093
21094
21095
21097
21098
21099
21100
21101
21102
21103
21104
21106
21107
21108
21109
21110
21111
21112
21114
21115
21116
21117
21118
21119
21214
21215
21216
21217
21218
21219
21220
21221
21222
21223
21224
21225
21226
21227
21228
21229
21230
21231
21232
21233
21235
21236
21671
21695
21728
21770
21873
21874
21875
21876
21877
21878
21879
21880
21881
21882
21883
21884
21886
21887
21890
21891
21892
21893
21894
21895
21896
21897
21899
21900
21901
21902
21903
21904
21905
21906
21916
21917
21918
21919
21920
21921
21922
21923
21924
21925
21926
21928
21929
21930
21931
21932
21933
21934
21935
21937
21938
21939
21940
21941
21942
21943
21945
21946
21947
21948
21949
21951
21952
21953
21955
21956
21957
21958
21959
21961
21963
21964
21965
21966
21968
21969
21970
21972
21973
21974
21975
21976
21977
21978
21979
21980
21981
21982
21983
21986
21987
21988
21989
21990
21992
21993
21994
21995
21996
21998
21999
22000
22001
22002
22003
22004
22005
22006
22007
22008
22009
22010
22011
22012
22013
22014
22015
22016
22018
22019
22020
22021
22023
22024
22025
22026
22027
22028
22029
22030
22033
22034
22036
22037
22038
22039
22040
22041
22042
22043
22044
22045
22046
22047
22048
22049
22050
22051
22052
22053
22054
22055
22056
22057
22058
22059
22060
22061
22062
22063
22064
22065
22066
22067
22068
22069
22070
22071
22072
22073
22074
22075
22076
22077
22078
22079
22080
22081
22082
22083
22084
22085
22086
22087
22088
22089
22090
22091
22092
22093
22094
22095
22096
22097
22098
22099
22101
22102
22103
22104
22105
22106
22107
22108
22110
22111
22112
22113
22114
22115
22116
22117
22119
22121
22122
22123
22124
22125
22126
22127
22128
22129
22130
22131
22132
22133
22134
22135
22136
22137
22139
22140
22141
22142
22143
22144
22145
22146
22147
22149
22150
22151
22153
22154
22155
22157
22158
22159
22160
22161
22162
22163
22164
22165
22166
22167
22168
22169
22170
22171
22172
22173
22174
22175
22176
22177
22178
22179
22180
22182
22183
22184
22185
22186
22187
22188
22189
22190
22191
22192
22193
22194
22196
22197
22198
22199
22200
22201
22202
22203
22204
22205
22206
22207
22208
22209
22210
22211
22212
22213
22214
22215
22216
22217
22218
22219
22220
22221
22223
22224
22225
22226
22228
22229
22230
22231
22232
22233
22234
22235
22236
22237
22238
22239
22240
22241
22242
22243
22244
22245
22246
22248
22249
22250
22251
22252
22253
22254
22255
22256
22258
22259
22260
22261
22262
22263
22264
22265
22266
22267
22268
22269
22270
22271
22272
22273
22274
22275
22276
22277
22278
22279
22280
22281
22282
22283
22284
22285
22286
22287
22288
22289
22290
22291
22292
22296
22297
22298
22300
22301
22302
22303
22304
22305
22306
22307
22309
22310
22311
22312
22313
22314
22315
22316
22318
22319
22320
22321
22322
22323
22325
22326
22327
22328
22329
22330
22331
22332
22333
22334
22335
22337
22338
22339
22340
22341
22342
22343
22344
22345
22347
22349
22350
22351
22352
22353
22354
22355
22356
22357
22358
22359
22360
22361
22362
22363
22364
22365
22366
22367
22368
22369
22371
22372
22373
22375
22376
22377
22378
22379
22380
22381
22382
22383
22384
22385
22386
22387
22388
22389
22390
22391
22392
22393
22394
22395
22396
22397
22398
22399
22400
22401
22402
22403
22404
22405
22406
22408
22409
22410
22411
22412
22413
22414
22415
22416
22417
22418
22419
22420
22421
22422
22423
22424
22427
22428
22429
22430
22431
22432
22433
22434
22435
22436
22437
22438
22439
22440
22441
22442
22443
22444
22445
22448
22449
22450
22451
22452
22454
22455
22456
22457
22458
22459
22461
22462
22463
22464
22465
22466
22467
22468
22469
22470
22472
22473
22474
22475
22476
22477
22478
22479
22480
22481
22482
22483
22484
22485
22486
22487
22488
22609
22610
22611
22612
22613
22614
22615
22617
22618
22619
22620
22621
22622
22623
22624
22625
22626
22627
22628
22629
22630
22631
22633
22634
22636
22638
22639
22640
22641
22642
22643
22644
22645
22647
22649
22650
22651
22653
22655
22656
22657
22658
22659
22660
22661
22663
22664
22665
22667
22668
22669
22670
22672
22673
22674
22675
22676
22678
22679
22680
22681
22682
22683
22684
22685
22686
22687
22688
22689
22690
22691
22692
22693
22702
22709
22711
22725
22729
22787
22816
22827
22832
22928
22939
22966
23074
23121
23146
23172
23217
23218
23219
23220
23221
23222
23223
23224
23225
23226
23227
23228
23229
23230
23231
23232
23233
23234
23236
23237
23238
23239
23240
23241
23242
23243
23244
23245
23246
23247
23248
23249
23250
23251
23252
23253
23254
23255
23256
23257
23258
23259
23260
23261
23262
23263
23264
23265
23266
23267
23268
23269
23270
23271
23272
23273
23274
23275
23276
23277
23278
23406
23557
23558
23559
23560
23561
23562
23563
23564
23565
23566
23567
23568
23569
23570
23571
23572
23573
23574
23575
23576
23577
23578
23579
23580
23581
23582
23583
23584
23585
23586
23587
23588
23590
23591
23592
23593
23594
23595
23596
23597
23599
23600
23601
23602
23603
23604
23605
23606
23607
23608
23609
23610
23611
23612
23613
23614
23615
23616
23617
23618
23619
23620
23621
23622
23623
23624
23625
23626
23627
23628
23629
23630
23631
23632
23633
23634
23635
23636
23637
23638
23639
23640
23641
23642
23643
23644
23645
23646
23647
23648
23649
23650
23651
23652
23653
23654
23655
23656
23657
23658
23659
23660
23661
23662
23663
23664
23665
23666
23667
23668
23730
23731
23732
23733
23734
23735
23736
23737
23738
23739
23740
23741
23743
23744
23745
23746
23747
23748
23749
23750
23751
23752
23753
23754
23755
23756
23757
23758
23759
23760
23761
23826
23827
23828
23829
23830
23831
23832
23833
23834
23835
23836
23837
23838
23839
23840
23841
23842
23843
23844
23845
23846
23847
23848
23849
23850
23851
23852
23853
24108
24109
24110
24111
24112
24113
24114
24115
24116
24117
24118
24120
24121
24122
24123
24124
24126
24127
24128
24129
24130
24131
24132
24133
24134
24135
24136
24137
24138
24139
24140
24141
24142
24143
24144
24145
24146
24147
24148
24149
24150
24151
24152
24153
24155
24156
24157
24158
24159
24160
24161
24162
24163
24164
24165
24166
24167
24168
24169
24170
24171
24172
24173
24174
24175
24178
24179
24180
24181
24182
24183
24184
24185
24186
24187
24188
24189
24190
24191
24192
24193
24194
24195
24196
24197
24198
24199
24200
24201
24202
24203
24204
24205
24206
24207
24208
24209
24210
24211
24212
24213
24214
24215
24216
24217
24218
24219
24220
24221
24222
24223
24224
24225
24226
24227
24228
24229
24230
24231
24233
24234
24236
24237
24238
24239
24240
24241
24242
24243
24244
24245
24246
24247
24248
24249
24250
24252
24253
24254
24255
24256
24257
24258
24259
24260
24261
24262
24263
24264
24265
24266
24267
24268
24269
24270
24271
24272
24273
24274
24275
24276
24277
24278
24279
24280
24281
24282
24283
24284
24285
24286
24287
24288
24289
24290
24291
24292
24293
24294
24295
24296
24297
24298
24299
24302
24303
24304
24305
24306
24307
24308
24310
24311
24312
24313
24314
24316
24317
24318
24319
24320
24321
24322
24323
24324
24326
24327
24328
24329
24330
24331
24332
24333
24334
24335
24336
24337
24338
24340
24341
24342
24343
24344
24346
24347
24348
24349
24350
24351
24352
24353
24354
24355
24356
24357
24358
24359
24360
24361
24362
24363
24364
24366
24367
24369
24370
24371
24372
24373
24374
24375
24376
24377
24378
24379
24380
24381
24382
24383
24384
24385
24386
24387
24388
24389
24390
24392
24393
24394
24395
24396
24397
24398
24399
24400
24401
24402
24403
24404
24405
24406
24407
24408
24409
24410
24411
24412
24413
24415
24416
24417
24418
24419
24420
24421
24422
24423
24424
24425
24426
24427
24428
24429
24430
24433
24434
24435
24436
24437
24439
24440
24441
24442
24443
24444
24445
24446
24447
24448
24449
24450
24451
24452
24453
24454
24455
24456
24457
24458
24459
24460
24461
24462
24463
24464
24465
24466
24467
24468
24469
24470
24471
24472
24473
24474
24475
24476
24477
24478
24479
24480
24481
24482
24483
24484
24485
24486
24487
24488
24489
24491
24492
24493
24494
24496
24497
24498
24499
24500
24501
24502
24503
24504
24505
24506
24507
24508
24509
24510
24511
24512
24513
24514
24515
24517
24518
24519
24520
24522
24523
24524
24525
24526
24527
24528
24789
24790
24791
24792
24796
24798
24799
24800
24801
24802
24803
24804
24805
24806
24807
24808
24809
24810
24812
24813
24814
24815
24816
24817
24818
24819
24820
24821
24822
24823
24824
24825
24826
24827
24828
24829
24830
24831
24832
24833
24834
24835
24836
24838
24839
24841
24843
24844
24846
24847
24848
24849
24850
24851
24852
24853
24854
24855
24856
24857
24858
24859
24860
24861
24862
24863
24864
24865
24866
24867
24868
24869
24870
24871
24872
24874
24876
24877
24878
24880
24881
24882
24883
24884
24885
24886
24887
24888
24889
24890
24891
24892
24893
24894
24896
24897
24899
24900
24901
24903
24904
24905
24906
24907
24908
24909
24910
24911
24912
24913
24914
24915
24916
24917
24918
24919
24920
24921
24922
24923
24924
24925
24926
24927
24928
24929
24930
24931
24932
24933
24934
24935
24936
24937
24938
24939
24940
24941
24942
24943
24944
24945
24946
24947
24948
24949
24950
24951
24952
24954
24955
24956
24957
24958
24959
24960
24962
24963
24964
24965
24966
24967
24968
24969
24970
24971
24972
24973
24974
24975
24976
24977
24978
24979
24980
24981
24982
24983
24984
24985
24986
24987
24988
24990
24991
24992
24993
24994
24995
24996
24997
24998
24999
25000
25001
25002
25003
25004
25005
25006
25007
25009
25010
25011
25012
25013
25014
25015
25016
25017
25018
25019
25020
25021
25022
25023
25024
25025
25026
25028
25029
25030
25031
25032
25033
25034
25035
25036
25037
25038
25039
25040
25041
25042
25043
25044
25045
25046
25047
25048
25050
25051
25052
25053
25054
25055
25056
25057
25058
25059
25060
25061
25062
25063
25064
25065
25066
25067
25068
25069
25070
25072
25073
25074
25075
25076
25077
25078
25079
25080
25081
25082
25084
25085
25086
25087
25088
25089
25090
25092
25093
25094
25095
25096
25097
25098
25099
25101
25102
25103
25104
25105
25106
25108
25109
25110
25111
25112
25113
25114
25115
25116
25117
25118
25119
25120
25121
25122
25123
25124
25125
25126
25127
25128
25129
25130
25131
25132
25133
25134
25137
25138
25139
25142
25143
25144
25145
25146
25147
25148
25149
25150
25151
25152
25153
25154
25155
25156
25157
25158
25159
25160
25161
25162
25163
25164
25165
25166
25167
25168
25169
25170
25171
25172
25173
25174
25176
25177
25178
25179
25180
25181
25182
25183
25184
25185
25186
25187
25188
25189
25190
25193
25194
25195
25196
25197
25198
25199
25201
25202
25203
25204
25206
25207
25223
25224
25225
25226
25260
25261
25263
25264
25266
25267
25268
25269
25270
25271
25272
25273
25274
25275
25276
25277
25278
25279
25280
25281
25282
25284
25285
25286
25287
25288
25289
25290
25293
25295
25296
25297
25298
25299
25301
25302
25303
25304
25305
25306
25307
25308
25309
25310
25311
25312
25313
25314
25315
25316
25317
25318
25319
25320
25322
25323
25324
25325
25326
25327
25328
25329
25330
25331
25332
25333
25334
25335
25336
25337
25338
25339
25340
25342
25343
25344
25345
25346
25347
25348
25349
25350
25352
25353
25354
25355
25356
25357
25359
25360
25361
25363
25364
25365
25366
25367
25368
25369
25370
25371
25372
25373
25374
25375
25625
25637
25638
25639
25640
25641
25642
25643
25644
25645
25646
25647
25648
25649
25650
25651
25652
25653
25654
25655
25656
25657
25658
25659
25660
25661
25664
25665
25667
25668
25669
25670
25671
25672
25673
25674
25675
25676
25677
25679
25680
25681
25682
25683
25684
25685
25686
25687
25688
25689
25691
25692
25693
25694
25695
25696
25697
25698
25699
25700
25701
25702
25703
25704
25705
25706
25707
25708
25709
25710
25711
25712
25713
25714
25716
25717
25718
25719
25720
25721
25722
25723
25724
25725
25726
25727
25728
25729
25730
25731
25732
25733
25734
25735
25736
25737
25738
25739
25740
25741
25742
25743
25744
25745
25747
25748
25749
25750
25751
25752
25753
25754
25755
25756
25757
25758
25759
25761
25762
25763
25764
25765
25766
25767
25768
25769
25770
25771
25773
25774
25776
25777
25778
25779
25780
25781
25782
25783
25784
25785
25786
25787
25788
25789
25790
25791
25792
25793
25794
25795
25797
25798
25799
25800
25801
25802
25803
25804
25805
25806
25807
25808
25809
25810
25813
25814
25815
25816
25817
25818
25819
25820
25821
25822
25823
25824
25825
25826
25827
25828
25829
25830
25831
25832
25833
25834
25835
25836
25837
25838
25839
25840
25841
25842
25843
25844
25845
25846
25847
25848
25849
25850
25851
25852
25853
25854
25855
25856
25857
25858
25859
25861
25862
25863
25864
25865
25867
25868
25869
25870
25871
25872
25873
25874
25875
25876
25877
25878
25879
25899
25906
26318
26326
26648
26676
26762
26987
26988
26989
26990
26991
26992
26993
26994
26996
26997
26998
26999
27000
27002
27003
27004
27005
27006
27007
27008
27009
27011
27012
27013
27014
27015
27016
27017
27018
27019
27020
27021
27022
27023
27025
27026
27027
27028
27029
27030
27031
27032
27033
27035
27036
27037
27039
27040
27041
27042
27043
27044
27199
27200
27201
27202
27203
27204
27205
27206
27207
27208
27418
27419
27420
27421
27422
27423
27424
27425
27426
27427
27428
27429
27430
27431
27432
27433
27434
27435
27436
27437
27438
27439
27440
27441
27442
27443
27444
27445
27446
27447
27448
27449
27450
27451
27453
27454
27455
27456
27893
27894
27895
27896
27897
27898
27899
27900
27901
27902
27903
27904
27905
27906
27907
27908
27910
27911
27912
27913
27915
27916
27917
27918
27919
27920
27921
27922
27923
27924
27925
27926
27927
27928
27929
27930
27931
27932
27933
27934
27935
27936
27937
27938
27939
27940
27942
27943
27944
27946
27947
27948
27949
27950
27951
27952
27953
27954
27955
27956
27957
27958
27959
27960
27961
27962
27963
27964
27965
27966
27967
27968
27970
27971
27972
27973
27974
27975
27977
27979
27980
27981
27982
27984
27985
27986
27987
27988
27990
27991
27992
27993
27994
27995
27997
27998
28000
28001
28002
28004
28006
28007
28008
28009
28010
28011
28013
28014
28015
28016
28017
28018
28021
28022
28023
28024
28025
28026
28027
28028
28029
28030
28032
28033
28034
28035
28036
28037
28038
28039
28040
28041
28042
28043
28044
28045
28046
28047
28048
28049
28050
28051
28052
28053
28055
28056
28057
28058
28059
28060
28061
28063
28064
28065
28066
28067
28068
28069
28070
28071
28072
28073
28074
28075
28076
28077
28078
28079
28080
28081
28082
28083
28084
28086
28087
28088
28089
28090
28091
28092
28093
28094
28095
28096
28097
28098
28099
28100
28102
28103
28104
28105
28106
28107
28108
28109
28110
28111
28112
28113
28114
28115
28116
28117
28118
28119
28120
28121
28122
28123
28124
28125
28126
28128
28131
28133
28134
28137
28138
28139
28140
28141
28142
28143
28144
28145
28146
28147
28148
28149
28150
28151
28152
28153
28154
28155
28156
28157
28158
28159
28160
28161
28162
28163
28164
28165
28167
28168
28169
28170
28171
28172
28173
28174
28175
28176
28177
28178
28179
28180
28181
28182
28184
28185
28186
28187
28188
28189
28191
28192
28193
28194
28195
28196
28197
28198
28199
28200
28201
28202
28203
28204
28205
28206
28207
28208
28209
28210
28211
28212
28213
28214
28215
28216
28217
28218
28219
28220
28221
28222
28223
28224
28225
28227
28228
28229
28230
28231
28232
28233
28234
28235
28236
28237
28238
28239
28240
28241
28242
28243
28244
28245
28246
28247
28248
28249
28250
28251
28252
28253
28254
28256
28257
28258
28259
28260
28261
28262
28263
28264
28366
28367
28368
28369
28370
28371
28372
28373
28374
28375
28376
28377
28378
28379
28380
28381
28382
28384
28385
28386
28387
28388
28389
28390
28391
28392
28394
28395
28396
28397
28398
28399
28400
28401
28402
28403
28404
28405
28406
28407
28408
28409
28410
28411
28412
28413
28414
28415
28416
28417
28418
28419
28420
28421
28422
28427
28442
28443
28444
28445
28446
28447
28538
28540
28542
28543
28544
28639
28640
28641
28642
28667
28750
28751
28752
28753
28754
28755
28756
28757
28758
28759
28760
28761
28762
28764
28765
28766
28767
28768
29044
29175
29176
29177
29180
29181
29182
29183
29184
29185
29187
29188
29189
29190
29191
29192
29193
29194
29195
29196
29197
29198
29199
29200
29201
29202
29203
29204
29205
29206
29207
29208
29209
29210
29211
29212
29213
29214
29215
29216
29217
29218
29219
29220
29221
29222
29223
29224
29225
29226
29227
29229
29230
29231
29232
29233
29234
29235
29236
29237
29238
29239
29240
29241
29242
29243
29244
29245
29246
29247
29248
29249
29250
29251
29252
29253
29255
29256
29257
29258
29259
29260
29261
29262
29263
29264
29265
29266
29267
29268
29269
29270
29271
29272
29273
29274
29275
29276
29277
29279
29280
29281
29282
29283
29284
29285
29286
29287
29288
29289
29290
29291
29292
29294
29295
29296
29297
29298
29299
29300
29301
29302
29303
29304
29305
29307
29308
29309
29310
29311
29312
29313
29314
29316
29317
29318
29319
29320
29322
29323
29325
29326
29327
29328
29329
29330
29331
29332
29334
29336
29337
29338
29339
29340
29341
29342
29343
29344
29345
29346
29347
29348
29349
29350
29351
29352
29353
29354
29355
29356
29357
29358
29359
29360
29361
29362
29364
29365
29366
29367
29368
29369
29370
29372
29373
29374
29375
29376
29377
29378
29379
29380
29382
29383
29384
29385
29386
29387
29388
29389
29390
29391
29392
29393
29395
29396
29397
29399
29400
29401
29402
29403
29405
29406
29407
29408
29409
29410
29411
29412
29413
29414
29415
29416
29417
29418
29419
29420
29421
29422
29423
29424
29425
29426
29427
29428
29429
29430
29431
29434
29435
29436
29437
29438
29439
29440
29441
29442
29443
29444
29445
29447
29448
29449
29450
29451
29452
29453
29454
29455
29456
29457
29459
29460
29461
29463
29464
29465
29466
29467
29468
29469
29470
29471
29472
29473
29474
29476
29477
29478
29479
29480
29481
29482
29485
29486
29487
29509
29575
29599
29612
29753
29770
29771
29772
29773
29774
29775
29776
29777
29778
29779
29780
29781
29782
29784
29785
29786
29787
29788
29789
29790
29791
29792
29793
29794
29795
29796
29797
29799
29800
29801
29802
29803
29804
29805
29806
29807
29808
29809
29810
29811
29812
29813
29814
29815
29816
29817
29818
29819
29820
29821
29822
29823
29824
29825
29827
29828
29829
29830
29831
29836
29853
29900
29909
29910
29911
29912
29913
29914
29915
29916
29919
29920
29921
29922
29923
29924
29925
29926
29927
29928
29929
29930
29931
30014
30213
30227
30228
30229
30230
30231
30232
30233
30234
30235
30236
30237
30238
30239
30240
30241
30242
30243
30244
30245
30246
30247
30248
30249
30250
30251
30252
30253
30254
30255
30256
30257
30258
30259
30260
30261
30262
30263
30264
30265
30266
30267
30268
30269
30270
30271
30272
30273
30274
30873
30974
30975
30976
30977
30978
30979
30980
30981
30982
30983
30984
30985
30986
30987
30988
30989
30990
30991
30992
30993
30994
30995
30996
30997
30998
30999
31000
31001
31002
31003
31004
31005
31006
31007
31008
31010
31011
31012
31013
31014
31015
31016
31017
31018
31019
31020
31023
31024
31026
31027
31028
31029
31030
31031
31032
31033
31034
31035
31036
31038
31039
31040
31042
31043
31044
31045
31046
31048
31049
31050
31051
31052
31053
31054
31055
31056
31057
31059
31060
31061
31062
31063
31064
31065
31067
31068
31069
31070
31071
31073
31074
31075
31077
31078
31079
31080
31082
31083
31084
31200
31201
31202
31203
31204
31205
31206
31207
31208
31209
31224
31380
31621
31716
32249
32700
32701
32702
32703
32704
32705
32706
32707
32708
32709
32710
32711
32712
32713
32714
32715
32716
32717
32718
32719
32720
32721
32722
32723
32724
32725
32726
32727
32728
32729
32730
32732
32733
32734
32735
32736
32737
32738
32740
32741
32742
32743
32745
32746
32748
32749
32750
32752
32753
32754
32756
32757
32758
32759
32760
32761
32762
32763
32764
32765
32766
32767
32768
32769
32770
32771
32772
32774
32776
32777
32778
32779
32780
32781
32782
32784
32785
32786
32787
32788
32789
32790
32791
32792
32793
32794
32795
32796
32797
32798
32799
32800
32801
32802
32803
32804
32805
32806
32807
32808
32809
32810
32811
32812
32813
32814
32815
32816
32817
32818
32819
32820
32821
32822
32823
32824
32825
32826
32828
32829
32830
32831
32832
32833
32834
32835
32836
32837
32840
32841
32842
32843
32845
32846
32847
32849
32850
32851
32852
32853
32855
32856
32857
32858
32902
32904
32905
32907
32909
32910
32911
32912
32913
32914
32915
32916
32917
32918
32919
32920
32921
32923
32924
32925
32926
32928
32929
32930
32931
32932
32933
32934
32935
32936
32937
32938
32939
32940
32941
32942
32943
32944
32945
32946
32947
32948
32949
32950
32951
32952
32953
32954
32955
32956
32957
32958
32959
32960
32961
32962
32963
32964
32965
32966
32967
32968
32969
33367
33406
33407
33408
33409
33410
33411
33412
33413
33414
33415
33416
33417
33418
33419
33420
33421
33422
33423
33424
33425
33426
33427
33428
33429
33430
33431
33432
33433
33434
33435
33436
33437
33438
33439
33440
33441
33442
33443
33444
33445
33446
33448
33449
33450
33451
33453
33454
33456
33458
33459
33460
33461
33462
33463
33464
33465
33468
33469
33470
33471
33472
33473
33474
33475
33476
33477
33478
33479
33480
33481
33482
33483
33484
33485
33486
33487
33488
33489
33490
33491
33492
33493
33494
33495
33496
33497
33498
33499
33500
33501
33502
33505
33507
33508
33509
33510
33511
33512
33513
33514
33515
33516
33517
33518
33519
33520
33521
33523
33524
33525
33526
33529
33530
33531
33532
33533
33534
33535
33536
33537
33538
33539
33540
33541
33542
33543
33544
33545
33546
33547
33548
33549
33550
33551
33552
33553
33554
33555
33556
33557
33558
33561
33562
33563
33564
33565
33566
33567
33568
33569
33570
33571
33572
33573
33574
33575
33576
33577
33578
33579
33580
33581
33582
33584
33585
33586
33587
33588
33589
33590
33591
33592
33594
33595
33596
33597
33598
33599
33600
33601
33602
33603
33604
33605
33606
33607
33608
33609
33610
33611
33613
33614
33615
33616
33617
33618
33619
33620
33621
33622
33623
33624
33625
33626
33627
33628
33629
33630
33631
33632
33633
33634
33635
33636
33637
33638
33639
33640
33641
33642
33643
33644
33645
33646
33647
33648
33649
33650
33651
33652
33653
33654
33655
33657
33675
33687
33699
33706
33712
33714
33731
33732
33733
33734
33735
33736
33737
33738
33739
33740
33741
33742
33743
33744
33745
33746
33747
33748
33749
33751
33752
33753
33754
33755
33756
33757
33758
33759
33760
33761
33762
33763
33764
33765
33766
33767
33768
33769
33770
33771
33772
33773
33774
33775
33776
33777
33778
33780
33781
33782
33783
33784
33785
33786
33787
33788
33789
33790
33791
33801
33802
33803
33804
33805
33806
33807
33808
33809
33810
33811
33812
33813
33814
33815
33816
33817
33818
33819
33821
33822
33823
33824
33825
33826
33827
33828
33829
33830
33831
33832
33833
33834
33835
33836
33837
33838
33839
33840
33841
33842
33843
33844
33845
33846
33847
33849
33850
33851
33852
33853
33855
33856
33857
33858
33859
33860
33862
33863
33864
33865
33866
33867
33869
33870
33871
33872
33873
33875
33876
33877
33878
33879
33880
33881
33882
33883
33884
33885
33887
33888
33889
33890
33892
33893
33894
33895
33897
33898
33899
33900
33901
33903
33904
33905
33906
33909
33910
33911
33913
33914
33915
33916
33917
33918
33919
33920
33921
33922
33923
33924
33925
33926
33927
33928
33929
33930
33931
33932
33933
33935
33936
33937
33938
33939
33942
33944
33945
33946
33948
33949
33950
33951
33952
33953
33954
33955
33957
33958
33959
33960
33962
33963
33964
33965
33966
33967
33968
33969
33970
33971
33972
33973
33974
33975
33976
33977
33978
33979
33980
33981
33982
33983
33984
33985
33986
33988
33989
33990
33991
33992
33993
33994
33995
33996
33997
33998
33999
34000
34001
34002
34003
34004
34006
34007
34008
34009
34010
34011
34012
34013
34014
34015
34016
34017
34018
34019
34020
34021
34023
34024
34026
34027
34028
34029
34030
34031
34032
34033
34034
34035
34036
34037
34038
34039
34040
34041
34042
34043
34044
34045
34046
34048
34049
34050
34051
34052
34054
34055
34056
34057
34058
34059
34060
34061
34062
34063
34064
34065
34066
34067
34068
34069
34070
34071
34072
34073
34074
34075
34077
34078
34079
34080
34081
34082
34084
34085
34086
34087
34088
34089
34090
34091
34092
34093
34094
34095
34096
34098
34100
34101
34102
34103
34104
34105
34106
34107
34108
34109
34110
34111
34112
34113
34114
34116
34117
34118
34119
34120
34121
34122
34123
34124
34125
34126
34127
34128
34129
34130
34131
34132
34133
34134
34135
34136
34137
34138
34139
34140
34141
34142
34143
34144
34145
34146
34147
34148
34149
34150
34151
34152
34153
34154
34155
34156
34157
34158
34159
34160
34162
34163
34164
34165
34166
34167
34168
34170
34171
34173
34175
34176
34177
34178
34179
34180
34181
34182
34184
34185
34186
34187
34188
34189
34190
34191
34192
34193
34194
34195
34196
34197
34198
34199
34200
34201
34202
34204
34205
34206
34207
34208
34209
34210
34211
34212
34213
34214
34215
34216
34217
34219
34220
34221
34222
34223
34224
34226
34227
34228
34229
34230
34231
34232
34233
34234
34236
34237
34239
34240
34241
34242
34243
34244
34245
34246
34247
34248
34249
34250
34251
34252
34253
34254
34255
34256
34258
34259
34260
34261
34262
34263
34264
34266
34267
34269
34270
34271
34272
34273
34274
34275
34276
34278
34279
34280
34281
34284
34285
34286
34287
34289
34290
34291
34292
34293
34295
34296
34297
34298
34299
34302
34303
34304
34306
34307
34308
34309
34310
34311
34312
34313
34314
34315
34316
34317
34318
34319
34320
34321
34322
34323
34324
34325
34326
34327
34328
34329
34330
34331
34332
34333
34334
34337
34822
34823
34824
34825
34826
34827
34828
34829
34830
34831
34832
34834
34835
34837
34838
34839
34840
34841
34842
34843
34844
34845
34846
34847
34848
34849
34850
34851
34852
34853
34854
34855
34856
34857
34858
34859
34860
34892
34897
34986
34987
34988
34989
34990
34991
34992
34993
34994
34995
34996
34998
34999
35000
35001
35002
35003
35004
35005
35006
35007
35008
35009
35386
35396
35693
35761
36261
36262
36263
36264
36265
36266
36267
36268
36269
36270
36271
36272
36273
36274
36275
36276
36277
36328
36736
36737
36738
36739
36740
36741
36742
36743
36744
36745
36746
36747
36748
36749
36750
36751
36752
36753
36755
36756
36757
36758
36759
36760
36761
36763
36764
36765
36766
36768
36769
36770
36771
36772
36773
36774
36776
36777
36778
36779
36780
36781
36782
36783
36784
36785
36786
36787
36788
36789
36790
36791
36792
36793
36795
36796
36797
36798
36799
36800
36801
36802
36803
36804
36805
36806
36807
36808
36809
36810
36811
36827
36840
36864
36869
36873
36888
36893
36902
36933
36991
36992
36993
36994
36995
36996
36997
36998
36999
37000
37001
37002
37003
37004
37005
37006
37008
37458
37472
37484
37485
37486
37487
37488
37489
37490
37491
37492
37493
37494
37495
37496
37532
37561
37562
37563
37564
37565
37566
37567
37568
37569
37570
37571
37572
37573
37574
37575
37576
37577
37578
37579
37580
37581
37582
37583
37584
37585
37586
37587
37588
37589
37590
37591
37592
37593
37594
37595
37596
37598
37600
37601
37602
37603
37604
37605
37606
37608
37609
37610
37611
37613
37614
37615
37616
37618
37619
37621
37622
37623
37624
37625
37626
37627
37628
37629
37630
37631
37632
37633
37634
37635
37636
37637
37638
37639
37640
37641
37642
37643
37644
37645
37646
37647
37648
37649
37650
37651
37652
37653
37654
37656
37657
37658
37660
37662
37663
37664
37665
37666
37667
37669
37670
37671
37672
37673
37674
37675
37676
37677
37678
37680
37681
37682
37683
37684
37685
37687
37688
37689
37690
37691
37692
37693
37694
37695
37696
37698
37699
37700
37701
37702
37703
37704
37705
37706
37707
37708
37709
37710
37711
37712
37713
37714
37715
37716
37717
37718
37719
37720
37721
37722
37723
37724
37726
37727
37728
37729
37730
37731
37732
37733
37734
37735
37736
37737
37738
37739
37740
37741
37742
37743
37744
37745
37746
37747
37748
37749
37763
37764
37765
37766
37767
37768
37769
37770
37771
37773
37774
37775
37776
37777
37778
37779
37780
37781
37783
37784
37785
37786
37965
38023
38132
38219
38220
38221
38222
38223
38224
38225
38226
38227
38228
38229
38230
38231
38232
38233
38234
38235
38236
38237
38238
38239
38240
38242
38244
38245
38246
38247
38248
38249
38250
38251
38252
38253
38254
38255
38256
38346
38347
38348
38349
38350
38351
38352
38353
38354
38355
38356
38357
38358
38359
38360
38361
38362
38363
38364
38365
38366
38367
38368
38369
38370
38371
38372
38374
38376
38377
38378
38379
38382
38383
38384
38385
38386
38387
38388
38389
38390
38391
38392
38393
38394
38395
38396
38397
38398
38399
38400
38401
38402
38403
38404
38405
38406
38407
38408
38409
38410
38412
38413
38414
38415
38416
38417
38418
38419
38420
38421
38423
38424
38425
38426
38427
38428
38429
38430
38431
38433
38434
38435
38436
38437
38438
38439
38440
38441
38442
38443
38450
38467
38495
38522
38523
38524
38525
38526
38527
38528
38529
38530
38531
38532
38533
38534
38535
38536
38537
38538
38539
38540
38541
38542
38543
38544
38545
38546
38547
38548
38549
38550
38551
38552
38553
38554
38556
38558
38559
38560
38561
38562
38564
38565
38566
38567
38568
38569
38570
38572
38575
38576
38577
38578
38580
38581
38582
38583
38584
38585
38586
38587
38588
38589
38590
38591
38592
38594
38595
38596
38597
38598
38599
38600
38601
38602
38603
38606
38607
38608
38609
38610
38611
38612
38613
38614
38615
38616
38617
38618
38619
38620
38621
38622
38623
38625
38626
38627
38628
38629
38630
38631
38632
38633
38634
38635
38636
38637
38638
38639
38640
38641
38642
38643
38644
38645
38646
38648
38649
38651
38652
38653
38654
38655
38656
38657
38658
38659
38660
38661
38662
38663
38664
38665
38666
38667
38668
38669
38670
38671
38672
38673
38674
38675
38676
38678
38679
38680
38681
38682
38683
38684
38685
38686
38687
38688
38689
38690
38691
38692
38693
38694
38695
38696
38697
38701
38702
38703
38704
38705
38706
38707
38708
38709
38710
38711
38712
38713
38714
38715
38719
38720
38722
38723
38725
38726
38727
38728
38730
38731
38734
38736
38737
38738
38739
38740
38741
38742
38743
38744
38745
38746
38747
38748
38750
38751
38752
38753
38754
38755
38756
38757
38758
38759
38760
38761
38763
38764
38765
38766
38767
38768
38769
38770
38771
38772
38773
38774
38775
38776
38777
38778
38779
38780
38781
38782
38783
38784
38785
38786
38788
38789
38790
38791
38792
38793
38794
38795
38799
38800
38801
38802
38803
38804
38805
38806
38807
38808
38809
38810
38811
38812
38813
38815
38816
38817
38818
38820
38821
38822
38823
38824
38825
38826
38827
38828
38829
38830
38831
38832
38833
38834
38835
38836
38837
38838
38839
38840
38841
38842
38843
38845
38846
38847
38848
38849
38850
38853
38854
38855
38856
38857
38858
38859
38860
38861
38862
38863
38864
38865
38866
38867
38868
38869
38870
38871
38872
38873
38874
38875
38876
38877
38878
38879
38880
38881
38882
38883
38884
38885
38886
38887
38888
38889
38890
38891
38892
38894
38895
38896
38897
38898
38900
38902
38903
38904
38905
38906
38907
38908
38909
38910
38911
38912
38913
38914
38915
38916
38917
38918
38919
38920
38921
38922
38923
38924
38925
38927
38928
38929
38930
38931
38932
38933
38934
38935
38936
38937
38938
38939
38940
38941
38942
38943
38944
38945
38946
38947
38948
38949
38950
38951
38952
38953
38954
38955
38956
38959
38960
38961
38962
38963
38964
38965
38966
38967
38968
39174
39182
39470
39646
39647
39648
39649
39650
39651
39652
39653
39654
39655
39657
39659
39660
39661
39662
39663
39664
39665
39666
39667
39668
39669
39670
39671
39672
39673
39674
39675
39676
39677
39678
39679
39680
39681
39682
39683
39684
39685
39686
39687
39688
39689
39690
39691
39692
39693
39694
39695
39697
39698
39699
39700
39701
39702
39703
39704
39706
39707
39708
39709
39710
39711
39712
39713
39714
39715
39716
39717
39718
39719
39720
39721
39722
39723
39724
39725
39726
39727
39728
39729
39730
39731
39732
39733
39734
39735
39736
39737
39739
39740
39742
39743
39745
39746
39747
39748
39749
39750
39751
39752
39753
39754
39755
39756
39757
39758
39759
39760
39761
39762
39763
39764
39765
39766
39767
39768
39769
39770
39771
39772
39773
39774
39775
39776
39777
39778
39779
39780
39781
39782
39783
39785
39786
39787
39788
39789
39790
39791
39792
39793
39794
39795
39796
39797
39798
39799
39800
39801
39802
39803
39804
39805
39806
39807
39808
39922
39923
39924
39925
39926
39927
39928
39929
39930
39931
39932
39934
39935
39936
