5 13	0.9221975230231819
6 179	1.0
11 109	0.9984121943474119
13 84	1.0
14 18	0.9993648777389648
17 28	0.9998941462898274
17 82	1.0
21 28	1.0
24 213	1.0
27 71	1.0
29 71	0.998623901767757
31 86	0.9987297554779295
31 88	0.9980946332168943
36 40	0.9998941462898274
38 43	0.9993648777389648
61 91	1.0
64 86	0.9998941462898274
65 86	0.9996824388694824
68 86	0.9995765851593098
83 96	1.0
86 92	1.0
89 174	0.995130729332063
117 161	0.9704668148618609
119 123	0.9956599978829258
120 123	0.9587170530327088
120 124	0.9994707314491373
122 135	1.0
170 175	1.0
171 175	1.0
171 176	0.9412511908542395
3 26	1.0
5 17	1.0
5 20	1.0
5 109	1.0
6 178	1.0
6 193	1.0
9 116	0.998835609188102
9 120	1.0
9 167	1.0
12 16	0.9990473166084471
13 17	0.9989414628982746
15 19	1.0
15 132	0.9677146183973748
15 138	0.9575526622208108
15 202	1.0
16 109	1.0
17 84	0.9998941462898274
18 131	0.9043082460040225
18 132	0.9013443421191912
20 213	1.0
21 27	1.0
21 82	1.0
23 214	1.0
24 210	1.0
26 82	1.0
27 81	1.0
28 33	1.0
28 82	0.999788292579655
31 68	0.9014501958293638
31 84	0.9994707314491373
35 53	1.0
35 64	0.9919551180268869
36 53	0.9998941462898274
36 156	0.8593204191806922
36 157	0.9805229173282524
37 43	0.9993648777389648
38 42	0.9990473166084471
38 44	0.9998941462898274
39 43	1.0
39 49	1.0
40 127	0.5372075791256483
46 49	0.999788292579655
47 50	1.0
48 53	1.0
49 52	1.0
49 59	0.7137715676934476
53 59	1.0
57 170	0.9750185243992802
58 88	0.9788292579654917
58 89	0.9976712183762041
58 170	0.9968243886948237
58 174	0.9970360961151689
58 175	0.9967185349846512
60 65	1.0
61 64	1.0
61 66	1.0
61 89	0.9992590240287922
62 65	1.0
64 92	1.0
65 70	1.0
65 92	0.9995765851593098
66 69	1.0
68 83	1.0
69 73	1.0
76 79	0.999788292579655
77 80	0.9994707314491373
87 178	1.0
88 175	1.0
89 94	1.0
90 93	1.0
90 95	1.0
90 178	0.9998941462898274
91 94	1.0
96 103	1.0
96 182	1.0
109 209	1.0
113 116	0.9853921879961892
116 164	1.0
117 164	1.0
119 122	0.9381814332592358
120 167	1.0
125 129	1.0
138 202	0.9444268021594157
155 159	0.9935429236794749
156 160	0.9934370699693025
156 167	0.9977770720863767
158 163	0.9559648565682227
159 167	1.0
167 172	1.0
168 171	1.0
170 176	1.0
171 177	1.0
171 179	1.0
174 178	1.0
179 184	1.0
180 183	1.0
204 209	1.0
205 208	1.0
207 212	1.0
211 214	1.0
