5 13	0.8731322244149986
6 179	1.0
11 109	0.9952072173667889
13 84	0.9963349309275444
14 18	0.9971807160981111
17 28	0.9943614321962222
17 82	0.9988722864392444
24 213	1.0
26 79	0.9997180716098111
29 34	0.9949252889765999
34 67	0.9988722864392444
34 68	0.9997180716098111
34 71	0.9853397237101776
35 38	1.0
35 67	0.9943614321962222
38 67	0.9932337186354666
39 50	1.0
43 48	1.0
43 70	0.39385396109388215
44 48	1.0
44 49	1.0
45 48	0.9943614321962222
45 49	0.9997180716098111
45 66	0.9512263884973217
45 70	0.8663659430504652
46 50	0.9997180716098111
47 51	0.9994361432196223
48 52	0.9997180716098111
48 63	0.9974626444883
49 63	0.9988722864392444
52 63	1.0
59 63	0.9985903580490555
62 67	1.0
63 66	1.0
63 68	1.0
64 67	1.0
65 96	0.9997180716098111
65 99	0.9980265012686778
68 101	0.9997180716098111
69 99	0.9980265012686778
69 101	0.9997180716098111
70 73	1.0
72 77	1.0
75 78	0.8923033549478433
89 174	0.9667324499577108
94 99	1.0
95 98	1.0
97 101	1.0
117 161	0.9506625317169439
119 123	0.994643360586411
120 123	0.9534818156188328
120 124	0.9991542148294333
122 135	0.9937975754158443
170 175	1.0
171 175	0.9991542148294333
171 176	0.6721172822103186
3 26	1.0
5 17	0.9991542148294333
5 20	1.0
5 109	1.0
6 178	0.9994361432196223
6 193	1.0
9 116	0.9968987877079222
9 120	0.9991542148294333
9 167	1.0
12 16	0.9971807160981111
13 17	0.994643360586411
15 19	0.9991542148294333
15 132	0.919086552015788
15 138	0.887510572314632
15 202	1.0
16 109	1.0
17 84	0.9937975754158443
18 131	0.7958838455032422
18 132	0.8491683112489428
20 213	1.0
21 82	1.0
23 214	1.0
24 210	1.0
87 178	1.0
88 175	0.9918240766845221
89 94	1.0
90 93	1.0
90 95	1.0
90 178	1.0
91 94	1.0
96 182	1.0
109 209	1.0
113 116	0.9935156470256555
116 164	1.0
117 164	1.0
119 122	0.9405131096701438
120 167	1.0
125 129	1.0
138 202	0.8722864392444319
155 159	0.9839300817592331
156 160	0.9909782915139554
156 167	0.9923879334649
158 163	0.8632647307583874
159 167	1.0
167 172	1.0
168 171	1.0
170 176	1.0
171 177	0.9983084296588667
171 179	1.0
174 178	1.0
179 184	1.0
180 183	1.0
204 209	1.0
205 208	1.0
207 212	1.0
211 214	1.0
