1 24	0.9778855756884006
1 213	0.9992866314738194
5 85	0.998858610358111
6 108	1.0
8 116	0.9994293051790555
11 116	0.9744614067627336
12 15	0.9811670709088315
13 16	0.995434441432444
13 109	0.808103866457412
14 17	0.9987159366528748
15 109	0.9987159366528748
21 26	1.0
26 79	0.9997146525895277
29 34	0.9990012840633471
34 67	0.9995719788842916
34 68	1.0
34 71	0.9844485661292623
35 38	0.9997146525895277
35 67	0.9968611784848053
38 67	0.9950064203167356
39 50	1.0
43 48	1.0
43 70	0.44985019260950204
44 48	0.9998573262947639
44 49	0.9998573262947639
45 48	0.9980025681266943
45 49	0.9997146525895277
45 66	0.9322299900128407
45 70	0.8427735768297903
46 50	0.9997146525895277
47 51	0.9995719788842916
48 52	0.9998573262947639
48 63	0.9967185047795691
49 63	0.9992866314738194
52 63	1.0
59 63	0.9987159366528748
62 67	1.0
63 66	0.9995719788842916
63 68	1.0
64 67	1.0
65 96	0.9997146525895277
65 99	0.9997146525895277
68 101	0.9997146525895277
69 99	0.997717220716222
69 101	0.9997146525895277
70 73	0.9997146525895277
72 77	1.0
75 78	0.9260950206876872
88 174	0.9995719788842916
90 181	0.9726066485946641
93 98	1.0
94 97	1.0
94 99	1.0
94 181	1.0
95 98	1.0
97 101	1.0
103 192	1.0
104 191	0.9998573262947639
104 193	1.0
105 213	1.0
107 213	1.0
110 196	0.996575831074333
111 116	0.9972891996005137
111 199	0.9606220573548295
112 115	0.9955771151376801
112 116	0.9948637466114995
113 117	0.9744614067627336
113 118	0.9875873876444571
113 168	0.9947210729062633
114 117	0.9758881438150949
114 118	0.9795976601512342
114 119	1.0
114 165	0.9858753031816236
115 118	0.9922956199172492
116 168	1.0
117 122	0.9639035525752604
117 165	0.9994293051790555
117 168	1.0
121 161	0.8901412469681838
121 164	0.9728919960051362
123 134	0.9998573262947639
123 159	0.6431730632044514
125 159	0.739763161649308
127 154	0.9992866314738194
135 143	0.9922956199172492
139 143	0.9937223569696105
140 143	0.995434441432444
145 151	1.0
146 152	1.0
147 151	1.0
157 160	0.5106291910400913
164 169	1.0
165 168	1.0
172 175	0.9962904836638607
174 179	1.0
175 179	0.9801683549721786
175 180	0.9994293051790555
176 180	0.9974318733057498
182 191	1.0
184 191	1.0
185 192	1.0
208 213	1.0
209 212	1.0
