1 24	0.9992800575953924
1 213	1.0
5 85	0.9992800575953924
6 108	1.0
8 116	0.9985601151907847
11 116	0.9985601151907847
12 15	0.9812814974802015
13 16	0.9913606911447084
13 109	0.8430525557955364
14 17	0.9971202303815695
15 109	1.0
21 26	1.0
26 79	0.9956803455723542
29 34	0.994240460763139
34 67	0.9899208063354932
34 68	0.9913606911447084
34 71	0.9568034557235421
35 38	1.0
35 67	0.9827213822894169
38 67	0.9568034557235421
39 50	1.0
43 48	0.9985601151907847
43 70	0.43916486681065514
44 48	0.9668826493880489
44 49	0.9841612670986322
45 48	0.9618430525557955
45 49	0.9647228221742261
45 66	0.9402447804175667
45 70	0.8567314614830813
46 50	0.9676025917926566
47 51	0.9618430525557955
48 52	0.9949604031677466
48 63	0.9935205183585313
49 63	0.9985601151907847
52 63	0.9992800575953924
59 63	0.9985601151907847
62 67	1.0
63 66	1.0
63 68	1.0
64 67	1.0
65 96	0.9877609791216703
65 99	0.9625629949604032
68 101	0.9920806335493161
69 99	0.9769618430525558
69 101	0.9928005759539237
70 73	1.0
72 77	1.0
75 78	0.9013678905687545
88 174	0.9978401727861771
90 181	0.9935205183585313
93 98	1.0
94 97	1.0
94 99	1.0
94 181	1.0
95 98	0.9964002879769619
97 101	1.0
103 192	1.0
104 191	1.0
104 193	1.0
105 213	1.0
107 213	1.0
110 196	1.0
111 116	1.0
111 199	0.9949604031677466
112 115	0.9992800575953924
112 116	1.0
113 117	0.9985601151907847
113 118	0.9992800575953924
113 168	1.0
114 117	0.9985601151907847
114 118	0.9992800575953924
114 119	1.0
114 165	0.9971202303815695
115 118	0.9992800575953924
116 168	1.0
117 122	0.9820014398848093
117 165	1.0
117 168	1.0
121 161	0.9416846652267818
121 164	0.9841612670986322
123 134	1.0
123 159	0.7458603311735061
125 159	0.8826493880489561
127 154	1.0
135 143	1.0
139 143	0.9992800575953924
140 143	1.0
145 151	1.0
146 152	1.0
147 151	1.0
157 160	0.8372930165586753
164 169	1.0
165 168	1.0
172 175	1.0
174 179	1.0
175 179	0.9992800575953924
175 180	1.0
176 180	0.9992800575953924
182 191	1.0
184 191	1.0
185 192	1.0
208 213	1.0
209 212	1.0
