5 13	0.9080629963655943
6 179	0.9999326961906044
11 109	0.9971732400053843
13 84	0.9987212276214834
14 18	0.9973751514335711
17 28	0.9997980885718132
17 82	0.9998653923812088
21 28	0.9999326961906044
24 213	0.9999326961906044
27 71	1.0
29 71	0.9988558352402745
31 86	0.9993942657154395
31 88	0.9983847085745053
36 40	1.0
38 43	0.9998653923812088
61 91	1.0
64 86	0.9999326961906044
65 86	0.9999326961906044
68 86	0.9999326961906044
83 96	1.0
86 92	1.0
89 174	0.9895006057342846
117 161	0.9697132857719747
119 123	0.9930677076322519
120 123	0.9606272715035671
120 124	0.9994615695248351
122 135	0.9962309866738457
170 175	0.9999326961906044
171 175	0.9998653923812088
171 176	0.9092071611253197
3 26	1.0
5 17	0.9989231390496702
5 20	1.0
5 109	1.0
6 178	0.9993942657154395
6 193	1.0
9 116	0.9960963790550545
9 120	0.9985866200026922
9 167	1.0
12 16	0.9979808857181316
13 17	0.9979808857181316
15 19	0.9997307847624175
15 132	0.9586754610310944
15 138	0.955108359133127
15 202	1.0
16 109	1.0
17 84	0.9988558352402745
18 131	0.884708574505317
18 132	0.8911697402072958
20 213	1.0
21 27	1.0
21 82	1.0
23 214	1.0
24 210	1.0
26 82	1.0
27 81	1.0
28 33	1.0
28 82	0.9998653923812088
31 68	0.9227352268138377
31 84	0.9997980885718132
35 53	1.0
35 64	0.9952214295329116
36 53	0.9993942657154395
36 156	0.8324808184143222
36 157	0.9756360209987885
37 43	0.9998653923812088
38 42	0.9999326961906044
38 44	0.9999326961906044
39 43	1.0
39 49	1.0
40 127	0.4412437743976309
46 49	0.9997980885718132
47 50	0.9999326961906044
48 53	1.0
49 52	1.0
49 59	0.6514335711401266
53 59	1.0
57 170	0.9853950733611523
58 88	0.9929331000134608
58 89	0.9993942657154395
58 170	0.9961636828644501
58 174	0.9985193161932966
58 175	0.9987212276214834
60 65	1.0
61 64	1.0
61 66	1.0
61 89	0.9998653923812088
62 65	1.0
64 92	1.0
65 70	1.0
65 92	0.9998653923812088
66 69	1.0
68 83	1.0
69 73	1.0
76 79	0.9997980885718132
77 80	0.9997980885718132
87 178	1.0
88 175	0.995490644770494
89 94	1.0
90 93	1.0
90 95	1.0
90 178	0.9999326961906044
91 94	0.9999326961906044
96 103	1.0
96 182	1.0
109 209	1.0
113 116	0.9898371247812626
116 164	1.0
117 164	1.0
119 122	0.9363979001211469
120 167	1.0
125 129	1.0
138 202	0.9255619868084534
155 159	0.9928657962040651
156 160	0.9913851123973617
156 167	0.9971732400053843
158 163	0.9508009153318078
159 167	0.9998653923812088
167 172	1.0
168 171	1.0
170 176	1.0
171 177	0.999125050477857
171 179	1.0
174 178	1.0
179 184	1.0
180 183	1.0
204 209	1.0
205 208	1.0
207 212	1.0
211 214	1.0
