1 24	0.996272630457934
1 213	0.9997337593184239
5 85	0.9997337593184239
6 108	1.0
8 116	0.9989350372736954
11 116	0.9949414270500533
12 15	0.9896166134185304
13 16	0.9954739084132055
13 109	0.8961661341853036
14 17	0.9989350372736954
15 109	0.9994675186368477
21 26	1.0
21 28	0.9978700745473909
27 71	1.0
29 71	0.9928115015974441
31 86	0.9989350372736954
31 88	0.9968051118210862
36 40	0.9997337593184239
38 43	0.9949414270500533
61 91	1.0
64 86	0.9986687965921193
65 86	0.9965388711395101
68 86	0.9970713525026624
83 96	1.0
86 92	1.0
88 174	0.9994675186368477
90 181	0.9233226837060703
93 98	1.0
94 97	0.9997337593184239
94 181	1.0
103 192	1.0
104 191	0.9994675186368477
104 193	1.0
105 213	1.0
107 213	1.0
110 196	0.9984025559105432
111 116	0.9992012779552716
111 199	0.9930777422790202
112 115	0.9986687965921193
112 116	0.9992012779552716
113 117	0.9920127795527156
113 118	0.9965388711395101
113 168	0.998136315228967
114 117	0.9936102236421726
114 118	0.9949414270500533
114 119	1.0
114 165	0.9952076677316294
115 118	0.9976038338658147
116 168	1.0
117 122	0.9648562300319489
117 165	0.9994675186368477
117 168	1.0
121 161	0.9150692225772098
121 164	0.9824281150159745
123 134	1.0
123 159	0.7310969116080938
125 159	0.8317358892438764
127 154	0.9997337593184239
135 143	0.9986687965921193
139 143	0.9984025559105432
140 143	0.9989350372736954
145 151	1.0
146 152	1.0
147 151	1.0
157 160	0.6658679446219382
164 169	1.0
165 168	1.0
172 175	0.9984025559105432
174 179	1.0
175 179	0.9957401490947817
175 180	1.0
176 180	0.9984025559105432
182 191	1.0
184 191	1.0
185 192	1.0
208 213	1.0
209 212	1.0
21 27	1.0
26 82	1.0
27 81	0.9997337593184239
28 33	0.9994675186368477
28 82	0.9997337593184239
31 68	0.93024494142705
31 84	0.998136315228967
35 53	1.0
35 64	0.996272630457934
36 53	0.9986687965921193
37 43	0.996272630457934
38 42	0.998136315228967
38 44	0.9994675186368477
39 43	0.9994675186368477
39 49	1.0
46 49	1.0
47 50	1.0
48 53	1.0
49 52	1.0
49 59	0.7377529286474973
53 59	1.0
58 88	0.9086794462193823
58 89	0.9289137380191693
58 175	0.8072417465388712
60 65	1.0
61 64	1.0
61 66	1.0
61 89	0.994408945686901
62 65	1.0
64 92	1.0
65 70	1.0
65 92	0.9965388711395101
66 69	1.0
68 83	0.9997337593184239
69 73	1.0
76 79	1.0
77 80	0.9992012779552716
96 103	1.0
