1	47.45183853122561	109.37153753057375
2	45.6366790190463	116.03165956192271
3	45.601918662428076	100.97534089096692
4	49.045117454867615	117.59133008799989
5	43.767856638628075	106.97758850249633
6	43.3543376060855	110.96764185251902
7	49.5640727080249	111.81383207534556
8	46.084021806803726	112.3837444177934
9	47.059977397513514	107.65420999757156
10	45.853956628970955	110.07941771609853
11	41.96510887442095	108.02852623964847
12	44.68908281837371	109.14595797643456
13	48.410051277277766	111.91421216436653
14	52.58022859537813	115.6080470241131
15	47.337150097987546	116.31108116404354
16	46.14997443736458	105.23676121463792
17	50.20910471048887	114.0503377539445
18	47.29970690938087	112.86676423049518
19	43.983081350281864	114.29328769875102
20	45.1783697535716	108.99282547734565
21	47.902522243130136	108.84906182153222
22	48.11589659628087	110.02390013340107
23	49.135491115975086	106.83136289928878
24	47.259378535809475	117.66503454167754
25	43.17022941837136	100.87201535944548
26	46.018532154434105	111.1220549618298
27	47.57664726454635	115.06144067523803
28	48.00678095919473	110.87273103191131
29	41.80926131126328	104.38595868968301
30	44.499695092048235	108.65126461670131
31	47.192205381000456	109.21679170641089
32	49.20770100277704	120.55339099151175
33	48.49327524367392	118.9934283767959
34	49.73842407168031	106.36471410843022
35	46.78255353052653	99.22778607722917
36	47.734276263973456	104.22935062056787
37	48.77057502088779	112.1523543094052
38	47.09368149700566	111.43357663736764
39	49.78128970286977	110.35949190300637
40	49.912541163734474	115.84154163785989
41	46.88133908979596	109.30764781979936
42	48.27910094460844	117.13598758706793
43	47.2445770984531	103.40313372504555
44	47.49388057242299	104.72752816802078
45	46.73291549069288	102.27512332001506
46	48.480280744200186	97.87756200501056
47	48.83904964793522	109.4405949115442
48	51.050906861113084	105.65055100721693
49	46.34322396570775	115.96373952872761
50	51.79214781561618	120.9986336494556
51	45.466508727697025	107.65008249137743
52	46.41798799890548	112.0653848036406
53	42.04135172475379	102.46366085248742
54	47.321857293062365	112.24652743819424
55	71.12187395983685	105.7091723876669
56	73.89414861967272	158.7816399414659
57	69.85129359462702	133.88481903129986
58	72.02192231537416	157.97229647572823
59	73.557204892997	139.95740584043637
60	69.17253821658893	142.16154948517107
61	69.0810136919134	149.36546893691408
62	69.70883745418416	145.89166053393825
63	73.58564332167909	150.1485354200028
64	71.0555009300554	152.3288895338731
65	81.76151080534085	128.21722653442023
66	75.26448951187287	137.2087318166591
67	56.61776416518028	106.31514419376518
68	67.00712782124845	112.53500801420056
69	64.92220098008545	115.12624609838656
70	62.82996502321704	112.82927797222268
71	65.3231946206935	106.67086034150131
72	63.662457804979184	107.61390519866173
73	70.07938144687697	128.7886324142718
74	66.88481236884434	108.28408424448618
75	65.85256599758935	114.52410814499778
76	71.23805690510403	111.29156861378246
77	66.44533551401005	114.84507882958522
78	67.52338248960116	107.75707102353762
79	72.56555752890429	107.76722014347686
80	67.23208359434147	116.86947824128676
81	65.4142932814775	112.10130734813157
82	69.41261608778315	116.41289473680924
83	66.30577691469499	106.54022371340335
84	68.02504490244033	111.93083446142128
85	69.08668985220471	110.7615362564675
86	64.83100856291978	109.94579157730269
87	68.24457063520936	113.63638988149775
88	63.358372979909504	111.81889533088402
89	67.34064784976741	107.07568517873862
90	66.30294171858836	105.7247096507975
91	65.02954735313469	114.91690826455124
92	66.12353736444055	102.63875108701916
93	64.20584240355011	108.19840333912076
94	67.60869919137744	111.52445587335058
95	64.04531662446061	112.3948806625412
96	66.1785595382626	113.44945664944726
97	71.6567414097206	109.35545065100465
98	64.14729148756308	106.61179546391594
99	63.259361124218785	109.06876200711578
100	69.67768704552797	117.30218279600665
101	68.9617472298642	110.16979712015866
102	70.5373233075595	111.2498553062861
103	65.00880976820913	112.64350207733285
104	62.52393100269062	109.30182134141945
105	64.330937341396	123.48254421329675
106	67.35560019727495	111.60817694670325
107	64.279332239463	115.57658922927195
108	64.33285403132456	102.60586275211179
109	65.66100855042782	111.30804900639468
110	64.5999329704603	115.4226741125294
111	68.99986094443697	113.49703406487716
112	61.76277580850664	113.88803010707171
113	64.02341762122762	112.22765193118896
114	65.08180247089936	113.23591425677174
115	63.65681213365753	113.61936094622311
116	60.9021770711229	108.33914218881685
117	68.03479901959598	114.25769905369326
118	64.3714254513464	111.061442599129
119	65.57366346723379	108.02895589583018
120	65.30527961186074	119.62313073257329
121	65.57624791534737	111.72830157589688
122	67.69097831231397	109.67018087780832
123	67.77362667009578	119.12849009368813
124	67.44645495452477	108.26802170099265
125	66.95410395136285	112.61431914848004
126	62.923714114913054	109.31333626580798
127	65.88917077592569	101.32605599561168
128	64.80036946647134	122.12741146044627
129	66.20402162045559	109.6491787551393
130	65.12321649013447	112.62299502328707
131	66.44133339502889	111.77703612008347
132	64.51711260626796	109.52141006205558
133	67.87993883841324	108.40359736878413
134	69.66985199130352	112.26475811813965
135	66.70939728743477	114.99379734108636
136	65.77975840713702	108.8013363285371
137	68.56874228752562	112.05558482704222
138	67.93669788701021	114.982107694571
139	64.28201331974691	112.44156435721197
140	65.09264795048996	109.24367201245326
141	63.841746848677424	106.28140052351586
142	50.33682262743065	118.83144763983042
143	43.446117207204686	109.39499630566094
144	44.57814175215583	103.04979813511683
145	48.78595616040568	111.49819849089943
146	45.18353126347813	110.60410934549303
147	51.11843002043345	122.59466249102194
148	45.58588833160003	112.31661850356905
149	43.993234396559174	104.61507280929018
150	45.49186109699116	111.43503784457276
151	48.25121105926481	112.85499936883126
152	50.978131438452216	118.67643169346849
153	45.55124557647882	109.81189026798138
154	44.60403197435441	103.42404843786235
155	47.75493151958573	122.69500039368256
156	47.92308344996358	109.27369066644411
157	49.24724669745229	106.33768331483854
158	47.40906920129433	112.35682430215788
159	54.06490613537375	110.8192981130493
160	47.99997073147049	110.08486694548695
161	42.00777787801184	109.96369452643644
162	47.69155376754921	101.24426218118438
163	51.37711990139289	110.88510827549473
164	49.14688936589444	112.67421044470458
165	49.26878882319998	110.22611239048169
166	44.63588965078469	105.54257916200639
167	46.817088506558946	110.01260552911359
168	47.21028652580057	112.46301366399182
169	44.55899485490481	113.90347982324573
170	43.68421800786745	101.60549018187226
171	43.64614760890989	105.43928817243003
172	51.9723397648726	108.86405162189942
173	45.754258057321714	113.81983978167611
174	42.81549834337772	108.64871864095703
175	45.730976074886804	107.65528707876771
176	43.74643087424801	108.84590580501086
177	46.202314573338505	110.31612310939727
178	45.70326973103515	112.88424371365674
179	46.36702908683398	103.7336415343155
180	47.60061037624448	106.16028783488572
181	46.315060502855545	111.6931235399342
182	48.019915319249165	109.23571117297426
183	50.98255266697847	106.4535859886584
184	46.079322643342536	111.6054381024091
185	45.07139969598451	110.83320191256871
186	48.59305558326079	117.96864346677364
187	49.5839623546364	109.86606270957597
188	48.56007980947718	112.26793069204034
189	46.23463458645029	106.10213025792247
190	47.42541589175526	109.8347229782514
191	45.8788382903823	109.1192080245214
192	46.63503518563563	111.72828370013191
193	44.67178932764964	107.91969526617619
194	48.48930790750068	121.00644487021376
195	44.585092984034596	109.7397022549476
196	47.033883833775924	113.9242823489604
197	48.205866379556646	107.35415980285222
198	48.05356658600343	111.76187018187764
199	51.64341599835261	105.35158270459777
200	47.155528956465524	101.55212833131358
201	49.242290737639784	106.63854872203493
202	50.6563160137125	110.43752069723377
203	47.244073556013554	112.22335200684665
204	42.40338990793715	107.92382720414257
205	46.48254458638804	108.04531224234344
206	44.587411966825606	107.41090718207327
207	48.06435253467322	108.0675610721873
208	45.16925634211317	105.87469265505884
209	47.81826057002185	125.67994786858083
210	46.891363012525815	109.98101098273368
211	48.06144731196515	107.49320629324438
212	43.71870832492328	105.0440894765815
213	46.6191424534952	103.81776085993403
214	49.656428181219454	112.8615113233623
215	47.92106185730432	105.73911508424868
216	46.10488586425305	114.76259646278795
217	48.6718395421836	111.63075461917686
218	42.92757279941869	116.68171365841006
219	47.934827546467076	111.15037678879638
220	47.233129604638556	105.99619530502054
221	44.20730067132439	107.64297959957594
222	42.534910924736714	103.54728871088307
223	43.99007107092187	100.96442493810443
224	42.83491564098077	110.73169972568762
225	49.69637923696542	106.07790990395654
226	49.6102665128893	112.28658253336984
227	42.852541051781536	105.80613207347751
228	42.9036208120359	106.66023929157555
229	45.43303031550814	107.42720939671679
230	46.87774857491121	110.55094837138623
231	47.39264611008462	107.88664564225911
232	43.9510586113969	108.89857800210379
233	49.67772828493229	110.75015869989382
234	43.656427344230224	113.28108608031668
235	45.99247194999419	113.59680791040124
236	46.28650291561965	110.29862231499098
237	48.52790026406279	112.46510672709101
238	49.27798575291458	111.60126203834069
239	44.18938856308268	106.85775731052331
240	42.30646592170363	106.94420382262496
241	46.53955773492403	106.96872472878592
242	44.96827483574333	131.1261997946697
243	47.90620525288321	110.47984341528272
244	42.038281418051696	106.18447258257564
245	45.463064470515896	110.48491042566909
246	46.29085241562815	106.48921662353793
247	46.99749990961955	111.19196141688884
248	48.7201023567126	115.56354925786991
249	46.67793674601609	107.22133112340902
250	48.00763065964713	114.71733892295676
251	48.06398702077738	107.57000559228706
252	46.47846922017375	106.39855839748151
253	45.56839080674865	106.02667112906798
254	46.63136989852723	112.82139658184349
255	44.02995898932773	109.85475636654151
256	47.0097071938933	115.03938286671466
257	48.51454919250896	107.96317268664467
258	46.585687232525295	103.4941568380818
259	48.753747898428905	112.08407288302776
260	48.17934393837506	109.71378546325474
261	48.16297093313931	118.20780652171618
262	46.00785190933171	113.77611776107237
263	44.84558347059342	106.53454007287422
264	44.08771238137353	109.49787804225268
265	53.41195583268512	111.07616786050397
266	45.253904034188864	112.596447420927
267	46.46089990897223	111.6549135887206
268	46.30125481406063	112.66079838526865
269	44.16139684318839	105.15186000767865
270	49.37767322303651	106.55461715187391
271	44.58234744283832	106.78869914792695
272	45.36843456234694	108.76029020958099
273	50.3126532276692	110.43646097927812
274	48.0378613148276	107.14197770687015
275	49.72230572951876	103.27092076858109
276	48.20014703509085	111.21765028087685
277	49.52681554420486	111.17271627392198
278	51.49089928726945	108.7864852248579
279	44.90257846338844	106.85783323718555
280	44.21478532512017	108.71468376364207
281	48.12141307372207	117.3192134961858
282	47.063563476244525	114.00556769918965
283	46.34380639721717	107.65133233649455
284	45.67719308926554	113.26315227712287
285	48.19280443971347	110.72872552162072
286	50.25978159916109	113.3099806590331
287	47.969639451248256	112.98459903874068
288	45.65566597899128	113.28364303703947
289	45.32881621691877	109.16377684422221
290	51.34665683419096	113.08220731304584
291	46.71431507554676	111.00218063762556
292	42.69620737781915	108.1671454630398
293	51.01761615362743	104.79822431742886
294	47.701647425647124	111.35852017534265
295	48.02318631614322	111.81537002709082
296	48.76297715017366	117.91190531289651
297	46.79793789317309	108.14179380194776
298	44.50245995811629	114.72702595283941
299	46.26872745589701	105.7435442665573
300	45.97464837833031	111.83339678550728
301	44.888932043442026	110.17502130184586
302	44.3901137490371	108.60052591110608
303	44.14851526896523	109.01733012425609
304	46.04625685619216	104.87170359868786
305	52.00427893737943	109.24239813445172
306	43.48890908428536	105.995363124793
307	45.31415374347236	104.26971253363801
308	45.98017706840118	108.49195580723712
309	47.09209605134845	106.49334708615643
310	45.45672386624796	106.0451981326783
311	48.542803950115655	117.06984507353299
312	52.5900801618206	110.77497677681954
313	44.84489316963054	111.4631335310126
314	41.818895462116124	112.20468070554324
315	44.91104471840807	111.63966952047997
316	44.59426434109721	106.84963710714985
317	44.97252405866535	108.43720772491154
318	50.29951702722378	109.14154964047637
319	49.19717001695515	118.31140561436277
320	47.195628085145636	113.11345352407346
321	47.66200051976594	108.99119213136002
322	52.07629566088993	110.07172891294528
323	47.09027665027796	106.69788864006784
324	45.98627435339437	104.88472621134859
325	46.469451291549994	107.05220649816923
326	45.60861107997939	110.6968561206008
327	43.04524631686267	108.80420172986449
328	42.6207226049605	108.27725685853494
329	42.27092392028123	107.98062587480885
330	43.64381623039549	103.97148049415094
331	46.04167771757882	108.52285406650087
332	48.243030845650324	120.91112269790668
333	47.570853312996825	113.44394476319293
334	50.91157659088571	110.91274475283242
335	47.478465167520866	111.1745994292346
336	47.81008274186511	118.39957616928422
337	45.730160609654455	111.74413931576628
338	48.06332116889399	113.70438112137633
339	47.9774408980135	116.92870535091515
340	42.6475320765122	112.64220135118312
341	43.00655113363804	102.22870966434502
342	47.14931247166359	110.63953613969603
343	47.43868293958916	114.74061904515769
344	43.023096633376184	106.36291617634937
345	49.05531761239254	111.7104008979404
346	46.91712167450898	111.36584963045988
347	50.024502965857025	110.2135056899835
348	47.76320592969029	108.78895797153481
349	47.489216786225256	117.28327746834498
350	44.02164651419252	108.60564951329796
351	43.692467987916956	105.43695919573608
352	44.512633802152884	110.73663996502053
353	47.473552994109674	115.2543869480152
354	46.65788753821784	111.09241918041924
355	46.26666367225488	110.33660993514619
356	47.68902848295611	109.67560532455717
357	46.33544810341418	107.11684966850879
358	43.06938185718636	100.53536314608972
359	47.596464818861136	108.27106009416664
360	48.037865453895385	115.7787715384144
361	48.64563190263355	112.19616346876346
362	45.67021723404229	109.03289966684339
363	44.30653362388309	107.06006530047286
364	44.73423295774047	106.88885825583404
365	45.72856455594006	109.06458973845268
366	44.91834109587876	110.07446144677843
367	48.00297925632706	113.06686111723747
368	44.19925266242412	102.27630851882962
369	46.020801939637494	109.53740173397509
370	40.3687824869107	112.77484014617279
371	41.99059454807293	106.89629280585089
372	44.769364361919706	104.28387965331395
373	49.36749521230169	104.73728679197751
374	45.18541673805131	116.67381988948918
375	44.82912380901243	106.07834747988234
376	48.89031235716287	108.55274810314694
377	47.42383750293398	110.50046332926226
378	47.369747738355144	109.83011373141369
379	46.232509967618554	112.88767643581131
380	44.5884609895485	114.2236337053873
381	44.60696706806492	112.7334648938748
382	49.171500713427896	108.29179170881754
383	41.621889954065374	112.10511025943956
384	46.93866010284446	106.987764794077
385	46.72654718729353	107.7186477717419
386	44.761016344914495	109.83559561628812
387	48.84478773949733	119.30300462087875
388	44.996609744743665	113.81691583160509
389	42.98172946845858	107.57491477842494
390	47.508385913779044	105.78386948445005
391	46.64724258174572	102.73308420139271
392	45.452448735264376	110.4805375840053
393	46.57847162524017	114.48260055142208
394	46.85502515726331	111.66641302599443
395	46.60027476449282	107.70455269420736
396	47.05513181857411	108.94035764109623
397	48.16309038395616	116.35704260488212
398	48.985245111879365	102.23370653515315
399	46.52971858776376	112.02270123021528
400	46.75323280500158	109.29999764609656
401	48.9154366074545	108.04280064914248
402	46.63498745585049	110.41909387095335
403	46.80382041046079	115.34018596092356
404	42.752712988850796	105.75846566436731
405	46.363469713057405	113.18159217393392
406	44.864497640228734	111.44176930494756
407	50.001751638097474	112.68935988187806
408	42.61806902681714	109.82066115599785
409	43.608130144818006	106.62186057013128
410	43.23390093518591	109.21647090686889
411	47.881479379355575	115.86212145268205
412	45.63324340906308	108.37863696710446
413	43.76184308788722	97.63197850692771
414	48.841106508250334	114.39762170574451
415	44.097066613183316	107.84810561404073
416	48.98338237895722	105.15879743018964
417	46.057370082774945	102.12260600618639
418	43.20588110130525	115.65271287441858
419	44.61762481096074	107.65584663124056
420	45.51991996489083	104.63005416215863
421	44.11756049755851	111.1869044371256
422	44.649235221169995	107.49045188802262
423	43.124283215842055	103.44458318664891
424	44.113073498065695	109.21004311781783
425	47.651592863739005	115.07420868525
426	53.95921968756673	114.39345231087175
427	43.941173279123824	114.08783616496635
428	44.99056366607481	104.63585918148475
429	48.17758252173571	121.00361993492498
430	49.373612962985746	110.59454815636093
431	46.57407219315829	117.97549024901369
432	47.209961869763085	108.18680451475883
433	49.123521703786466	111.93261662421507
434	47.877821728053874	114.80716848625673
435	47.61357636190368	105.18839783362807
436	45.666661640795326	108.66208937575449
437	47.362374228642466	114.0557320888792
438	46.366742888324154	117.3351980062457
439	45.84747905205165	106.5564481689764
440	44.11027865037062	114.33584557851566
441	45.54422450226311	110.46210856928987
442	44.51412823999589	110.03504164693312
443	47.293723375104136	114.24572106183449
444	47.353832652599344	108.96231356171575
445	46.94567980469865	109.85442941133817
446	45.72954733155345	112.27241247067846
447	45.77468513232943	110.21624515520352
448	47.30719683509005	112.50767445901154
449	49.67819251728465	104.83916467784277
450	45.82956120694155	103.79383686355266
451	51.44111726608326	115.06639176981858
452	45.93601711932632	104.29372932418136
453	43.9036854843306	109.37946309745212
454	48.42351074329249	111.15981828235002
455	42.261158576492626	106.93998274355552
456	44.96484319337822	107.61267000991813
457	44.444593209520555	107.14742491259479
458	44.471571560243426	110.1097061192741
459	46.42253151413129	110.34678064725885
460	45.04702648507089	101.59934927642864
461	42.96221671836084	108.91547271806824
462	46.4928375421801	111.66935274179036
463	45.422700772581315	111.43285103713917
464	45.0637138698277	112.27584651575924
465	43.882160965920995	103.13289599947487
466	45.968658276793505	110.25024450436224
467	45.900736574771095	100.98356971489763
468	46.826228703091296	109.8653965636013
469	46.68250103534523	111.63019977634914
470	47.33250522892358	113.24304917306071
471	44.22017484558896	105.81750862110424
472	43.282210202914264	97.2678511796845
473	45.62353106541129	111.20524351172104
474	50.42487262826854	110.49384825358506
475	46.99238209692182	111.96521097164246
476	47.79635302736307	105.85961050576269
477	46.85006558087657	115.18450478176736
478	46.849210831462074	106.35478786317584
479	42.418311117406	98.7266025364357
480	48.78462555582514	115.48220350193654
481	43.91314572966623	110.5052795188214
482	43.022975527063	110.6555910808137
483	47.04462836853696	106.86291522561716
484	49.4764016675651	116.48158154683452
485	46.52642334701181	114.57910558461805
486	42.8481075272217	103.31962676371617
487	48.279284056229024	107.12546787007453
488	45.44651751176288	110.91390867237168
489	48.86490204053111	104.94607210002422
490	50.27451201747687	115.69241105931701
491	45.353430199499	112.72075731944807
492	51.22805711023146	112.50059212703603
493	44.396777462037726	109.05357243901015
494	46.958469398394676	112.24911765046247
495	47.76687183827594	116.97086850439648
496	45.78360453605836	121.19293710045264
497	46.625618262521506	109.57605561715857
498	48.90511238950677	112.10750996320496
499	48.851666317293926	114.6858145223874
500	45.922244120661475	106.77666061661881
501	43.763625257336614	111.91653329119164
502	46.00024152960906	103.63229443748247
503	46.264361675542546	109.72608277106423
504	49.807839750033196	113.27489112571186
505	44.53835564762895	94.69592023177502
506	45.67635235814404	116.17670545010445
507	46.150500237289926	110.83765596781441
508	45.893998062103954	102.46987142640069
509	40.170207183635725	102.75156437139154
510	44.699508299914925	116.32234708662783
511	48.54435676133572	103.44186493789522
512	45.793503666859344	105.6286118699321
513	45.700083510968234	106.92709180716477
514	46.38391300189767	117.56735027887208
515	44.40077117647895	106.70829470142654
516	46.27246427491161	106.1289574839335
517	45.157827052400194	107.16189565336171
518	45.00990062710651	109.75196473393926
519	43.841056951866754	106.06005563105244
520	48.906827323160016	114.80085986111636
521	48.10006565879087	107.60510229347632
522	46.0741604942828	105.05240876070795
523	47.06778063633435	111.00209008281105
524	42.53969785834234	107.21997793258592
525	45.57653241275581	114.47724372116605
526	47.990332353265146	115.22182956722784
527	43.772920604267135	103.85827148248258
528	42.82086074993859	110.6466810403664
529	46.865771110607334	104.87167790006131
530	45.56288539326759	112.01729732199944
531	48.7021652067931	109.45593641637538
532	43.698865278417706	110.59771862609793
533	48.08914003016444	110.17581041819118
534	43.33548779623095	107.5246767169879
535	48.84559502607103	118.02987308338011
536	48.846034220517375	112.17369318059019
537	47.994275453995485	108.6916137834011
538	45.82902134924244	107.78324596696267
539	46.2859636281709	110.72887901745707
540	50.30553439504814	116.01636033421697
541	41.95103954783778	108.04892543210802
542	43.57534177146375	108.02722354038306
543	48.49578769882198	108.98775724583943
544	48.95319637524902	116.97990593248458
545	42.705152879788294	107.67825728530073
546	48.05002536801089	106.96536949332526
547	44.91169464512612	107.40069309759099
548	46.51245863779187	110.09837877798076
549	48.95179020532786	108.94472187801314
550	45.282175604570945	114.49802874347753
551	46.55987551813619	111.66162154906021
552	48.00478804681654	106.47471735871214
553	45.62688626239042	108.69482004960406
554	46.6517558631409	106.26694342041657
555	45.082323239006136	107.77793513063715
556	46.595488025673305	112.65863277629857
557	49.78041324987247	110.62524710938203
558	49.82960268628788	116.24014608179435
559	45.44395581553745	113.44285739825781
560	47.30171773264532	103.62084962078413
561	48.830201237200036	109.00780950911587
562	42.10519177274762	106.40603815859188
563	46.51043293045742	105.30986847024406
564	48.84124760177427	115.85485675419356
565	47.230190126313	107.90677015019273
566	50.87743432760359	116.48971623543866
567	48.013315425411946	106.98870082872553
568	45.972492573698254	109.10553177280676
569	46.247546334705866	107.74098208508082
570	52.30311753001344	117.06746008431793
571	49.57957223495338	113.13277539431562
572	49.90776886260604	106.770385504835
573	43.06339563966469	104.18926917271124
574	46.88256374256283	111.42302040762307
575	47.30407147475262	107.76185806684043
576	44.65545908129276	109.02198461219227
577	44.96875503954527	108.16911412253064
578	43.22887001289313	103.93231011993251
579	50.73524274964279	110.33956019266466
580	45.54868083987142	111.32503279111391
581	47.72921512295901	111.94237640764509
582	45.93265164918059	107.2063359358696
583	45.94226561928154	114.9284827567361
584	48.70456226265386	117.89629988858141
585	42.96743019616862	104.12942990895289
586	47.20606140977861	103.53290404932693
587	43.71133447612478	111.13151958903647
588	47.26070253276931	113.47652375963408
589	50.06628555548614	110.28062209623793
590	47.59071870515941	113.1472336477062
591	47.08675122442237	112.66274011646695
592	48.53696331352093	112.58214098853466
593	47.71008086514576	106.10298057509708
594	48.82872227206794	106.27823312647604
595	46.08564400001074	111.4389752428742
596	44.86391516148276	110.74842683568589
597	46.5855928390896	105.32805717675622
598	46.376242507909645	105.08645252947727
599	49.03478690476078	111.7551221288184
600	46.33647610116266	108.56926386350645
601	47.651019229403616	107.28282241699272
602	52.52659120087432	118.16477727329944
603	43.261684341721526	117.95338028820936
604	47.70933069776347	113.75765280034942
605	44.265777762462754	113.00586621003849
606	44.99513950704959	114.7948016109324
607	46.011968792077326	108.26856276193281
608	47.28227775653405	106.19478695824782
609	49.374941696161706	115.83142643626967
610	43.061614022803894	109.56581431285733
611	47.720187494423996	111.58612015928428
612	44.757514651278775	115.97559929066988
613	48.30640698812484	114.38465225075944
614	42.45386972780509	112.08794422509652
615	43.74068903446727	104.84334258181563
616	45.96408553318905	107.01985000033329
617	48.11359753750421	112.70899415228008
618	45.76890564909686	111.5351497842307
619	47.50628296233319	109.63725751439246
620	44.23362226324808	111.18170962583844
621	47.93161868779295	112.21704427683885
622	43.28783644062202	100.4893227421864
623	50.7425862493293	115.91177608090868
624	43.31021890359615	104.01993664521761
625	49.124010867192254	113.3955580026603
626	43.01470804628185	105.94965182343367
627	41.955952490122385	110.45106125092502
628	46.368658230510846	111.69853544415699
629	48.75446628168696	109.14801405066697
630	45.08991435309172	113.24596867044264
631	49.098068801333824	114.66757155479566
632	46.8553996387623	108.70867820053508
633	48.011532085589856	107.2534426053909
634	52.7505954439823	113.20497361205005
635	45.51186824286125	113.86734984302264
636	43.0355375478693	106.683054270679
637	48.25410024751467	104.34029530791513
638	44.984913460903115	98.36860579823184
639	46.9161550803637	115.6541229739187
640	42.658465398836064	107.0168859718645
641	45.97109152059572	121.80517619528473
642	49.89016502211179	108.70034797332465
643	45.74052371538737	104.12699694109625
644	48.380802018524356	114.83300437438731
645	47.16196192710356	107.84214442346067
646	49.468552799253544	109.36318822497994
647	46.89845350680341	111.29530418079156
648	43.569145936069575	108.6796802486332
649	49.45105585160313	108.03150576229027
650	47.2107469109656	105.15068025873911
651	46.65174482570916	109.72692406880466
652	44.635066689185976	109.4328162444294
653	49.55786233707655	109.85896303900292
654	46.2217319636089	108.62078518804758
655	47.228011113194675	109.43688430664072
656	47.72902093385627	109.553613976091
657	47.883648554176446	109.52547389129839
658	47.455659117621835	109.68323317879438
659	46.49515704879347	106.48490776630358
660	46.676249403813905	111.78023004063013
661	44.21161881378821	109.48899118084954
662	46.57616163230021	117.3319603621958
663	46.73165516587084	104.5238688638648
664	47.21597277669149	113.30800916904855
665	44.84837787649473	112.10633069846011
666	45.07228546439654	104.04518114914134
667	43.95168814507008	100.30472705839048
668	44.15627954571965	108.27357326438177
669	47.69214644134677	107.25743781814589
670	49.13028447739168	113.53575612009539
671	46.18566817479438	111.51944433065968
672	48.64501648782702	115.1109725160903
673	47.77917460936804	115.2812837172858
674	50.90018665573357	112.23722678813003
675	46.994770613705626	107.87768069167853
676	49.262065462325474	115.25882095651102
677	48.44671376407437	114.8572672485921
678	46.635100496951694	108.10066512190595
679	47.602720078959535	110.2250364151902
680	48.01496617548542	116.1461563853514
681	46.88193156908937	118.04544079233666
682	45.260179812948564	106.41456808130822
683	45.235696976156575	103.47978550597102
684	48.58175055955024	110.30012884270802
685	45.72880936899834	111.77509306519653
686	47.847995552494844	114.0692227060704
687	45.97903245797723	110.39911278051999
688	47.52875792219432	112.38338546107478
689	50.380206344947254	110.05589899818926
690	48.38807370094057	109.16189062053206
691	48.94777629002049	113.42655242718871
692	47.253955515571434	110.26014468584164
693	48.661093082985715	114.94931012570873
694	46.935987421111946	106.98967651529756
695	46.677909460729055	104.42121893219745
696	49.661309132773546	118.59227474816043
697	48.02614675150476	111.46132706434855
698	48.155549035904734	109.50994270328223
699	48.24395495803874	109.3241683550986
700	47.03339136082802	110.73030654143857
701	44.23271425581428	108.54441082318687
702	44.51541854168419	111.53438661010952
703	44.217310378280885	107.7061367933614
704	48.19375559327429	109.72174917488223
705	49.139876352391305	112.75006570269117
706	47.97603193674596	113.4020514978488
707	45.43634608339965	110.08333699935703
708	46.8382687706721	112.28500790200185
709	50.28023067367759	114.5448292755259
710	46.035766768949216	111.15181878831383
711	50.266781425478015	110.45029987909979
712	49.20049871519983	111.19331963590214
713	42.2528249259137	108.26329678181024
714	44.04916500085594	107.45409286162834
715	46.802186355551946	108.62326428094892
716	43.520880815618845	104.7110886121029
717	46.16292337008752	112.57057063320687
718	50.59188416786171	109.81116414154198
719	48.3845592886061	110.0671730110319
720	45.38134952245206	114.69287926387504
721	45.72189721116659	114.78976103354678
722	48.51143459403504	111.39171578605031
723	47.230228023248976	109.56412125243888
724	49.87634299568804	115.1660712179207
725	50.612626465492085	113.02300358658502
726	46.32949576263807	104.3154923811461
727	45.72398658890286	112.3768895865851
728	48.14911472345185	113.89605402388135
729	44.18893935220942	99.51326612277656
730	47.064795232668516	112.70782087091744
731	42.54529706505718	111.60190274733732
732	48.20705311442599	112.19162426999289
733	47.004057249297006	100.02381570673494
734	47.79317225072291	103.33002952762932
735	49.51922249872802	115.99892385910407
736	50.62418662951728	108.49577948119857
737	49.956835939937626	109.14098836248961
738	45.98497865997777	106.03032515574186
739	46.09112948081632	104.36569771897342
740	43.82021020070293	119.03751021973767
741	44.029777915247	109.84008879574098
742	46.26791928440268	110.02216450850062
743	44.84743499002612	108.80804110256588
744	45.779917808160896	97.08475024278253
745	44.722927247613875	113.74683273858314
746	50.14329872349064	113.64331418203751
747	46.84658412403646	117.82865331562617
748	43.17503238898095	104.40167430063389
749	51.75091015625092	117.01216927907339
750	47.139484544708026	102.22625797379595
751	45.93302733275046	106.43718663239738
752	45.73636861992534	111.38055998501265
753	58.34584918632028	117.93210307317807
754	48.02520795616371	109.19250992966133
755	45.07721724950072	103.50571200178257
756	45.95327320485052	110.36098636654194
757	47.54275931880304	106.59012190452123
758	42.972540482262744	108.84704766368927
759	47.60533441716275	111.79118926916863
760	52.727844552397364	111.86953379725612
761	43.894578770570995	109.25466613904877
762	43.77405424043355	105.98997342688335
763	42.54509962949115	105.41981867412144
764	45.57073318684112	107.98538020403407
765	46.83550236594928	110.99969460084091
766	47.90514223049602	108.42016338330957
767	43.58109701623336	112.00305610416817
768	46.01903963565122	108.38978182663385
769	43.99829669308537	109.69276506273162
770	50.816085859295015	115.2800366382904
771	46.252021288753205	102.98039375363457
772	48.48930351104338	110.89399136787448
773	46.826410536044996	110.79006446738883
774	48.30320327115443	116.07788191268426
775	45.129797226359	107.56962296652345
776	44.16006453014843	110.44697784062838
777	50.15497404704432	120.10922226320594
778	49.01558289828091	108.44611090033513
779	48.2744793907397	114.79008077010714
780	66.61140807622658	105.14971929637089
781	67.60271210106094	107.57470467333191
782	70.13328271222471	148.53651484353378
783	72.07174693913952	143.322336220744
784	70.20240301605345	163.1996596828233
785	68.36388414754141	149.20425503317526
786	72.32047667055069	159.77929024679742
787	70.98122790832497	140.1194135032858
788	72.35293164649757	145.68227417711026
789	73.18952149907578	127.43630423133207
790	73.15226463757998	128.26493557839748
791	71.61959955285607	136.01900963812292
792	72.48929405627014	168.26858470189183
793	68.97445154044588	103.53622605687625
794	62.55216848936369	111.24106389915644
795	65.48503361985237	110.55482271195194
796	65.57738336511615	111.49559264056609
797	66.63375213795915	113.92328173904292
798	66.6698850672874	105.14008007335102
799	68.08955428213068	117.61470230089641
800	67.66376543727824	115.9110469027594
801	65.39104461136155	108.55703070757208
802	65.49458379995754	115.16631487596466
803	72.70804843227012	108.74225777648999
804	67.74325871926678	112.00018718047357
805	64.14257927987465	113.00360621776356
806	64.85442825534454	110.92196494878627
807	66.40379493700418	115.65004932773758
808	67.39500017164909	111.31899888627983
809	63.408136433024154	114.97694439240561
810	64.53798247731794	116.67135092366557
811	63.93062858296245	105.20223137560082
812	69.62777091379003	114.11141554988112
813	70.23906059467032	138.33674679771298
814	73.26008745945195	134.5371170015613
815	71.1601353956185	119.4389478548967
816	71.18105117366213	121.69056619800658
817	74.49840713152855	171.82450571350932
818	69.92879351886552	150.77769513318898
819	72.1000807866839	149.62392507206252
820	75.71694655540028	170.54685198484208
821	72.23820215078999	171.96724356203413
822	76.14441227791292	153.13935986452057
823	78.62425429128905	131.95730771857228
824	70.44580747976026	139.42671464759823
825	71.82272456636056	146.162259071416
826	77.80563920516747	147.14265095728783
827	76.36518870052407	154.09125553050941
828	69.16231780371312	153.60783054504367
829	70.52520111321596	164.23285240583584
830	68.08178402959011	159.55916987237106
831	72.98330646063941	148.95968508201562
832	70.87111505849907	133.9630571331389
833	70.0196678878792	147.14482734054462
834	71.02744271280889	171.08788280756667
835	75.70511103013531	143.49284612841558
836	70.74986035613149	148.05779492536573
837	69.9842056117097	131.06391218358516
838	72.97833793905923	148.95794765586473
839	71.5823884940434	167.08094003974685
840	67.31069824261458	142.89791505463685
841	71.9284836650904	137.29178305545062
842	70.629107915851	136.39090978835853
843	76.75492651369245	144.41742606337715
844	69.18441707841232	150.99000351014226
845	74.25078664308975	154.01248083468872
846	74.12112543749174	140.0426130928939
847	72.88236069087718	119.59729359881601
848	70.28735556869378	128.13019594718162
849	69.69862859578869	129.88020599600065
850	79.36751028181325	159.2898121344232
851	71.2057075584275	142.14600492167892
852	70.61148642644753	137.00796064848055
853	75.57066666484455	126.11981770617234
854	70.3102382003248	145.87073254727002
855	72.81115937186853	128.4824537184102
856	70.70766492282102	152.92740490125934
857	70.05681519803447	111.67075303239704
858	67.18669302597705	108.79730965569141
859	69.30734986754162	107.5695799483569
860	64.36734118844008	115.40528142245022
861	66.10716263267805	110.22105752794968
862	64.05799663440148	114.90367331193983
863	62.89757981778507	110.94996389625163
864	69.07558523367588	152.53149156779486
865	69.97799460810009	136.494754134165
866	71.47966649115442	128.59477151203197
867	71.53613028246625	158.76420620125378
868	70.73105111952647	140.749558635239
869	72.27872425213876	171.23288652287775
870	72.55061485877707	156.87479342802186
871	73.27860902746966	138.1562505372106
872	70.0540868038895	128.8110474997164
873	71.2680191052608	138.834687428865
874	72.34182002279762	173.52213029602473
875	72.09091714550219	144.7088727507133
876	71.80003485410327	156.51397600670762
877	74.99055995674355	128.2314571209957
878	66.03955595271717	131.18666149300725
879	72.78360796311324	143.9073584559808
880	72.81260308981241	133.15792861399507
881	76.53715130154272	130.91892280442474
882	74.91922193804652	158.1777521999672
883	74.35571964682721	161.29131752624335
884	70.48743939994377	153.46900082399995
885	59.946044503120326	119.86970748765916
886	64.76818382087298	112.28263480685001
887	64.78772340309757	126.42003664265569
888	69.11681433047764	111.21388321019262
889	66.00575248892736	102.33968899935245
890	69.63054426250581	115.40071984569825
891	69.65984529011436	116.9398402010689
892	66.74740975499682	109.6571048964486
893	70.07208759311922	113.8478414251111
894	67.4055656068795	114.57359126736618
895	66.18843197984091	116.1210703715025
896	70.08987218457582	138.50663770807648
897	68.01845088211842	147.55747929689497
898	75.33046695366056	148.78093467478175
899	72.43554194549628	150.9910815409297
900	72.05367130660966	139.3830569442575
901	69.14573805066624	146.1674149849933
902	77.52086191118771	151.8328937053801
903	71.65758118332789	149.37303246739606
904	72.39797246208569	143.56376173965688
905	58.39336903833713	109.63067891936488
906	64.58457460107971	103.7198429020077
907	68.0751758131865	115.91654113656254
908	70.28034752149979	117.97705536306006
909	76.19172353779443	150.7419727227373
910	70.70737301700903	157.92356994365278
911	73.65893522765461	169.46392366771954
912	77.2382387312286	164.46845362876118
913	72.92215117359542	161.25511300215777
914	75.86451430414577	159.15244213843613
915	74.03507611960946	140.7818540505536
916	67.53582417650142	153.21842771413404
917	76.00066699420022	145.6355293403299
918	72.33832646060758	153.54749890834225
919	65.53910077109462	111.8957141096522
920	66.55528540017784	105.69911018396296
921	65.09059689458809	110.87802939469107
922	64.84944763914315	111.2295463307601
923	68.21096029639111	123.69234750329656
924	63.56115332251943	110.2046310581281
925	74.96580194144504	110.59481318436993
926	62.778993077927865	129.40678552207885
927	70.54487336493295	113.37495786368899
928	64.60649665173867	115.41874439004431
929	65.99458035084258	107.52591729316119
930	68.62030783854854	110.6395309392651
931	69.26435350871293	111.43995139512712
932	68.41114010114421	110.7278924743184
933	65.95811323001674	107.56798003829464
934	63.37021498700613	117.79472656119113
935	72.13072500791348	159.8172619901446
936	74.91457867086793	131.95013159003625
937	67.75511841930167	108.930225083759
938	62.987101963043685	106.44680923096223
939	64.86356489020245	110.66764019911929
940	66.05889226648705	113.91212110938443
941	67.23813342409917	111.26307183549469
942	65.20911328080751	110.49141363696097
943	65.77910947334524	108.57309405918969
944	67.60223063658658	115.98258952928728
945	66.50776868553352	109.84893173325551
946	65.86981149370837	115.1797563933104
947	66.75950818450328	125.51694240060017
948	64.16536946232313	103.38394467728527
949	74.8202759637699	111.46782605685213
950	68.26885267253591	119.0140940226507
951	72.3351155337171	113.83886062276048
952	67.67386706912278	114.83541258735441
953	71.6277166144787	113.84064152504033
954	61.64855835413368	102.6634903104215
955	64.74022876926522	115.1027079145355
956	65.53984974117807	114.47800089254844
957	63.82320765846535	110.07402166382833
958	63.41501447774103	112.06177044323394
959	66.08058739764448	109.74322934146215
960	69.26831023261734	107.93846586401504
961	63.48758709160756	114.23407658269188
962	67.89052553141593	104.82980582106984
963	66.52003249736454	112.7792239574456
964	66.90179330182198	106.6475390757542
965	65.54044434897003	105.57674448290359
966	65.17254876630899	99.95893301458177
967	74.51046374377444	153.6492934864106
968	68.61438669422996	158.78606227752726
969	74.75851207863388	140.9857215099686
970	67.38092128044842	131.1040690617156
971	72.11852538234982	161.14948447377796
972	71.33793033177541	145.7971885174196
973	69.35127457654707	145.1068290945574
974	70.44010767349894	166.4682488528584
975	74.75072473207878	152.02308294311777
976	69.93330715737072	134.24169675058383
977	75.0049527593318	135.55579002933658
978	69.83028559654103	157.38895081561063
979	68.94699579304843	126.28017547635322
980	63.46689962060146	130.6473251244619
981	73.15890493595573	127.80091226350821
982	66.93962911176871	138.62040999635886
983	60.67199494463779	108.62814171226275
984	67.11748842414666	112.76328361044511
985	71.87169232046834	153.12733179339293
986	74.53037542642299	144.26976215073114
987	73.92926845805033	169.24641260585113
988	68.80069375458959	149.41022946831998
989	66.26579658012051	133.0816529315111
990	70.12804697807888	129.7751281335276
991	72.90269257592408	142.7844098421541
992	76.1390565306166	143.76720237162735
993	70.07091578985975	149.2950726032783
994	69.15598467934359	128.12109265289536
995	64.53231892443193	147.059722276863
996	75.05533089743189	155.1975441897818
997	66.6824672418505	116.6725545280587
998	68.11759403834698	103.57488124476616
999	71.92704611296996	105.83883643398255
1000	66.12226496054636	111.95426771220772
1001	65.59612604552024	105.35753529512627
1002	64.17052849533789	112.98459931767002
1003	67.43512482497538	102.50129785566382
1004	65.29401336502089	107.19268030385626
1005	64.99309516779732	111.54852945509153
1006	60.11416761926861	116.90509925192332
1007	64.05695868976078	108.54748586259241
1008	71.02911692628523	125.03084100451984
1009	71.94397137557515	108.30427547159059
1010	66.42861578124639	112.5174004763069
1011	73.64029085384733	116.05417716692828
1012	62.6231663601906	109.19725299922227
1013	69.40782820723184	107.40018511588494
1014	70.15191052113379	109.76290813940855
1015	65.47431710695977	110.4118201557819
1016	69.93911450342043	112.65275718107041
1017	69.3552591029902	112.80647633194081
1018	70.43803364424603	117.4363352494185
1019	67.55639700079517	115.70164854740476
1020	64.83633884031161	114.73212440413906
1021	66.1689914096931	100.40581918080525
1022	66.01414727167237	109.69427598123261
1023	71.35876011748708	117.81831885853988
1024	72.57562612920856	104.7741149434525
1025	66.6655168595911	106.09782682072128
1026	66.2679782403998	110.92147121478739
1027	67.65308015616904	115.17097062159104
1028	66.59517570922749	115.54214570118768
1029	70.02833675023015	115.24514603073162
1030	69.20143575775928	113.15417118559057
1031	66.5894213933456	115.29039730616924
1032	63.62692651571682	111.09869634035213
1033	64.6377103395677	108.27957256820234
1034	65.32347644534262	113.13734946211892
1035	68.55528744257143	112.68931104094919
1036	67.87799315235824	108.42994513906423
1037	71.36450893745446	115.22150394528134
1038	65.6229244884707	114.40735771070746
1039	69.26546757981933	119.90642739192104
1040	67.3059633285398	112.62622175989213
1041	66.68050444950235	113.775626930003
1042	70.28405331659896	113.8461227823595
1043	64.16491218451249	104.98305280855816
1044	65.4780937109507	109.85433161460257
1045	65.38645405258443	113.594036622312
1046	66.556244625451	110.11073570820521
1047	66.20399882623234	110.81021054718605
1048	66.52296718579213	111.87437862678738
1049	65.73660464909278	104.22887609989931
1050	67.09973112477947	111.1123180624337
1051	76.74615535339521	130.06469051929994
1052	69.49560561635835	139.83566706629063
1053	78.86085015681599	158.97364447646157
1054	71.13914207384809	139.00992002015136
1055	69.8018880024792	138.837636551408
1056	68.9439282803404	150.5830941578086
1057	72.69833844652827	132.89052958389885
1058	66.98581081232534	132.78607104500017
1059	73.89144169561973	152.16056451721818
1060	73.10824301049466	139.58184461932436
1061	74.46007373843938	138.92302937482566
1062	71.86644617447362	151.56306767872087
1063	73.42073437641912	125.64667388779547
1064	74.40977708747111	151.4207414884951
1065	76.73057476179929	130.11052814392252
1066	69.41937014682718	127.27455500765794
1067	73.18389290201911	137.24888557117018
1068	74.13459782633753	134.63747659290078
1069	75.35137035264985	157.04520135604807
1070	69.85689845117687	166.0028670133232
1071	66.89035335861936	137.4377714808017
1072	68.26936095528175	128.91856875801423
1073	69.96728723380477	158.7726653287908
1074	73.48200589668093	138.9517040607403
1075	71.40686084841516	121.83355733887235
1076	64.60409356132996	108.83839456217592
1077	69.78232622952814	107.27023422112886
1078	64.64123703925138	113.6930043150866
1079	66.3320387597919	111.55074674763006
1080	68.38142700866041	101.26741824113088
1081	65.70810204465108	115.87966239402468
1082	66.94453668339648	119.8211409339417
1083	67.09396206396683	109.60077276942637
1084	64.99209167338059	122.08871240547461
1085	66.80568148952392	111.58714111342368
1086	69.29601545951945	147.8939892662369
1087	72.56992718387676	148.93005492988055
1088	68.29030060650832	108.87354024970212
1089	67.3318994146787	101.74142214155056
1090	64.82962834675617	122.46258531299969
1091	63.07006395480603	115.31171279487694
1092	63.02186104870768	109.5318893008832
1093	62.76127092268384	114.4898885718282
1094	65.87260350169649	108.92145194243334
1095	64.62026343230761	108.54069117762982
1096	64.26917931221013	101.08507130765217
1097	69.55979406164336	111.00555731427507
1098	65.30356814679182	107.64013983069259
1099	60.851784870115225	114.58946656861376
1100	65.94829557745368	114.09732230339854
1101	71.10453422974969	109.77645626232861
1102	58.667071333042045	116.52426643753326
1103	67.57578244823895	117.90207780962406
1104	62.4704393833746	107.19841157196207
1105	66.58699459296105	105.55053340545616
1106	64.18724765285044	109.21891766551346
1107	66.91532642985102	106.7352131822164
1108	70.66780147875073	108.65965436333431
1109	67.46442796033628	120.84896986681608
1110	75.44571032714308	149.65231985891398
1111	72.06945244538475	124.70760185589592
1112	72.30214823304829	163.55884596296698
1113	67.18838091988282	143.26770738302102
1114	76.33750149560079	158.97815979957232
1115	69.50684834345589	132.97219224244685
1116	71.42092043052308	138.9709545026983
1117	72.58213156338041	168.33565473778975
1118	73.76070611662357	174.64025400288278
1119	62.686733215815316	111.9767122275005
1120	61.22063945951766	112.2058099061718
1121	64.15565264877843	107.65223270587298
1122	64.62451643726638	115.72285485075085
1123	65.67964179593197	108.90164077494354
1124	64.1637304547291	113.42223576421587
1125	70.34617658571483	106.91195201089639
1126	65.43463200310103	110.26382104054295
1127	67.26932154394406	108.59698514621329
1128	67.0254067735011	107.78433479199826
1129	61.83219706256014	108.34632995954209
1130	64.58458113388983	113.15793493607394
1131	66.35784223548741	111.0104651608728
1132	69.22574581616367	113.62738508574729
1133	69.4048821655898	125.00834069578856
1134	68.51905322207523	114.0785828878229
1135	70.4294144222395	109.16654186331527
1136	68.07997745360149	117.6276297053782
1137	67.49279913366075	109.6114023129208
1138	61.0916564153561	110.62085418356433
1139	67.5693345451789	107.89273838013685
1140	68.39846186418383	109.86434989013425
1141	62.89162640613886	111.38123358888114
1142	64.68810536890155	112.4922817266373
1143	67.60636798130314	111.67606389108286
1144	67.40429076921691	108.29623207385907
1145	65.042547873943	112.73711005263083
1146	62.834253473663566	112.30580648670748
1147	69.24172369564783	106.29518170146594
1148	66.85550596159378	107.50852420921193
1149	64.59262175707015	108.23432937023279
1150	62.881494983533244	112.05525162357259
1151	64.6743044984097	112.42701070115031
1152	67.5679306523559	110.89616727371146
1153	67.8322021592442	114.40793464428114
1154	72.71000812642046	115.28226387374615
1155	67.98522588699417	103.11052704804716
1156	67.01232185625278	111.76204839293747
1157	64.94813878483119	117.05902287203357
1158	64.97447694700317	110.18174646287862
1159	71.83425114209834	99.8055772389984
1160	57.07468203434892	112.47589864479416
1161	70.28767597558654	112.22022919669924
1162	69.97899246481057	107.82213797125765
1163	63.582886451664166	106.35275242299434
1164	67.2506787793799	102.94758106793238
1165	68.47927321262219	107.99981649024411
1166	69.66184960020384	102.18412448106318
1167	68.15884611224057	110.34282195711198
1168	66.11610545972832	113.23811591758502
1169	66.56818817663029	114.41237527232548
1170	70.59633646831335	109.0565243311391
1171	67.34860468160086	108.61828017997234
1172	64.78029936925077	109.62421357812589
1173	65.00778473301	109.2798093657843
1174	71.45549599613477	114.01022053183723
1175	68.35556466579875	105.5618342362733
1176	69.76440821655228	112.10094538638944
1177	71.31390338649504	115.40782300473408
1178	65.93928942187466	109.1129999057826
1179	70.18397434224407	123.42749732648208
1180	65.4669476077147	111.10815755663604
1181	67.54042858266956	111.54997750055117
1182	67.09423394709698	105.02466157376519
1183	68.15488666853032	106.32314756848703
1184	67.04002563115901	113.52051788394296
1185	67.19433301373654	140.86132061693732
1186	74.01163231125888	142.77873753267951
1187	74.7898378808031	144.77014286344271
1188	74.847002053096	148.8304953116167
1189	62.65956227715455	108.57860105757061
1190	64.10162774409015	108.55768012211554
1191	63.87960987033555	111.03006307519541
1192	65.10151204237535	109.14092086464348
1193	65.11618474748197	109.23290226514877
1194	67.92191911215413	112.78076997229499
1195	71.30615410662992	113.27951494980842
1196	67.81906708860238	109.9849951453956
1197	69.60068811080626	121.79473150697055
1198	67.82400753627478	111.52500401860439
1199	64.70326552733945	107.52323602297686
1200	61.24573952910813	107.35454969772911
1201	62.77112338328312	109.37853300169515
1202	69.27254002627726	109.0987099708177
1203	64.2078451423853	110.58317282206333
1204	63.56559283937348	109.55849900941006
1205	66.95671519692714	103.52245551461162
1206	67.51505720574994	109.72212703258883
1207	69.2496972089862	112.21780790608791
1208	72.3771565781065	108.27139377282158
1209	68.66438547817708	113.59341542309737
1210	62.272182165664645	111.90765233802395
1211	74.30971084242665	143.9190303596989
1212	71.38276881079645	142.1527577352846
1213	76.34363446170703	134.0596311930264
1214	70.78123678328052	128.3632752943771
1215	70.50181446968274	151.12864397883644
1216	76.27097679536404	147.91210970490758
1217	69.06995954164323	152.23159875793004
1218	70.94220580887026	158.46547411601364
1219	68.24642708206329	139.4894792447943
1220	78.5691291201929	132.31570855278008
1221	70.6741880369925	137.728843702779
1222	69.71520313807001	172.4638883790922
1223	65.86739018079838	134.0984020802567
1224	75.91928192802176	124.08925682910967
1225	72.73062622413453	146.30410843327024
1226	74.2552317037056	161.1404845357218
1227	62.78726554292637	166.37474526892652
1228	67.46051408373934	147.8673608436969
1229	71.5734699885138	146.30407358920064
1230	74.42020601424588	134.16141709593472
1231	70.77482414571185	147.4379690251019
1232	70.63528001429052	131.29726982629938
1233	73.6353049285834	131.8536920286868
1234	71.45820154266718	132.94647629148716
1235	72.08370243552007	144.4671430926646
1236	75.84587168393296	137.73356729180546
1237	71.70204943789028	150.64624272786602
1238	69.94214085937878	163.4514689881414
1239	73.60961423913204	143.58498420529835
1240	70.18584542156798	118.66921649142294
1241	70.2397979519309	158.6449308713584
1242	76.80829051297842	133.2917155745882
1243	64.95494305281447	168.75351530617598
1244	69.23005681557268	144.86911361949646
1245	77.84411514913793	138.3185520012671
1246	68.00241264678662	157.26856446749187
1247	69.4872475911645	136.87562395283263
1248	72.68069276010078	142.97256289372473
1249	73.47062232917412	150.79629434008012
1250	73.38392909902835	160.98215556154176
