1251	73.84439514727926	128.95721907048855
1252	74.38507160418207	152.4686871660119
1253	68.18945538296552	149.8215514134005
1254	74.4787811155631	149.20762606842536
1255	69.19741432494737	138.81776702900066
1256	71.23210737400626	120.45714947309621
1257	73.05455287425025	119.2426350808507
1258	75.86637179094404	140.20878506876608
1259	74.51571659131332	135.3403850571425
1260	71.86239659698141	130.44998517920467
1261	71.50148625891742	145.6447713615127
1262	71.80992688315699	140.39396589354837
1263	74.76961561945144	160.28218323748538
1264	74.70646398706896	133.67819539031532
1265	71.78539372385885	130.1407605123704
1266	72.59303544084639	164.69218873642006
1267	69.78315134879585	176.35854469847047
1268	69.64193815037184	157.17323196305622
1269	71.31632663016607	133.1485914967704
1270	71.15185829734234	140.6777423567722
1271	73.97012205606245	152.48400416607686
1272	70.89506927620239	145.4782594306724
1273	72.14151595052273	162.70825831037124
1274	73.66383516590626	138.17619297198837
1275	74.87733220256615	141.61123599094512
1276	71.93698009120615	163.94942151869395
1277	65.79025793053101	134.23135901715108
1278	72.30832526907531	156.79393921162333
1279	80.01094321417621	151.29663684558915
1280	71.48165873411712	161.5841681189207
1281	73.7981933265375	149.46506066830992
1282	73.86552036806684	136.82437357192669
1283	70.6154236070244	152.71788893658322
1284	69.94626676652028	165.05393996633993
1285	74.69424606752538	141.2400724685746
1286	67.65565514329501	148.31746901924257
1287	73.1629760851775	133.07845954475988
1288	72.13728553012695	158.79064908021917
1289	71.76189155641971	162.21727318167223
1290	73.79362647526797	152.46319257727632
1291	68.09025796274797	158.24205703006174
1292	75.26041917373367	153.3678757315524
1293	66.74786051648306	156.54296292519734
1294	70.13507285084506	146.2513712779817
1295	65.28075131238734	168.99422618148586
1296	68.54437459980404	170.29901858885637
1297	75.00805976550942	168.31466097064856
1298	71.38386113669118	142.5993979017943
1299	67.95176555761901	121.23895904990263
1300	71.40815929716122	147.4767886567334
1301	72.59081131555882	142.31933873741607
1302	69.08148791528231	141.50015417789746
1303	74.11791615871972	123.66918829336333
1304	66.03309567055221	139.8514275877849
1305	72.96161565002336	173.94115841171768
1306	71.10120303825592	155.38453642955113
1307	71.82707632368854	115.69048378216178
1308	77.83327676333782	110.24151122125465
1309	71.2907500625642	134.6793128766961
1310	73.03891336417152	152.7461440276867
1311	76.44548197192802	134.22334099699836
1312	69.47851611662841	171.91210407787963
1313	70.24622962311248	129.13205422692687
1314	70.26266939140481	149.82460349203203
1315	75.07917786504201	141.4822464031279
1316	75.13564737840605	140.0214737860452
1317	76.60723840662247	136.82942431381002
1318	68.35741021453431	143.0261480674009
1319	74.37961460265164	134.84605260253628
1320	70.63474673744466	125.36528490261054
1321	73.80896618767878	125.63036432191636
1322	75.99408138735927	129.29654698453675
1323	67.1285437919864	132.77122898027758
1324	69.5900992046365	150.64900291494098
1325	63.797144085066805	149.45081258412165
1326	75.05574880843763	146.66234051405831
1327	72.77871585738202	150.21946182250338
1328	77.84352563990748	148.76398736407066
1329	73.58338779722854	124.90946871721637
1330	74.08693712232144	143.52225658541732
1331	68.9858056859413	131.9510729681589
1332	73.88490503895133	150.5699927172413
1333	75.0427577414989	149.02002057262402
1334	70.3511294094007	152.81670296185632
1335	68.04504967546409	157.3199460454651
1336	69.71723805454656	106.40568004959707
1337	65.99735791406474	107.3292007685703
1338	63.17398832313121	110.43365109735387
1339	63.52512193494912	103.53583966961835
1340	64.88959666482258	103.53147093338076
1341	67.83933446426751	120.37709505944953
1342	64.2667061486195	119.3855475259517
1343	59.804582884532515	109.40199631564943
1344	65.7567911470738	106.32893323564493
1345	65.64045150999607	107.12353378940792
1346	70.41754302203283	107.44811162398544
1347	60.97984286936198	116.5410614921562
1348	64.42683789476747	111.11449288091177
1349	64.33417480155717	108.08013620660343
1350	68.19872272734162	108.66330832368132
1351	69.40868858643461	109.74532663282696
1352	67.48792004171796	111.15582469802503
1353	66.83270615461018	112.76789909127325
1354	62.490916464447935	109.71652334862809
1355	71.72099237685309	115.04091547657919
1356	64.66914828131081	100.18783146219688
1357	66.72784930104224	112.49666124472266
1358	71.57067555030883	116.25356408741018
1359	71.28549810056236	110.66811011182962
1360	65.88092255613832	115.0247384936785
1361	67.38438486177229	110.98591932141038
1362	66.06160936447081	111.01687246785927
1363	67.07275581446754	115.64288818134008
1364	65.70656588084938	113.93658759948427
1365	67.6124507283362	112.24118881731304
1366	68.8583400167357	120.89374203185467
1367	68.10990042801818	150.46017585978296
1368	70.67700965620303	146.63021367759757
1369	69.48294632226245	145.79489230046673
1370	65.02285221038913	135.79229650496325
1371	73.69761305978463	136.43620061165893
1372	75.55929298103078	167.50297132238796
1373	66.54247934880246	141.06293693418976
1374	74.85974115167062	157.71418147443433
1375	68.5455507163334	139.08539943008952
1376	71.66607332292202	151.24231495133427
1377	66.26215642273664	133.12583869212702
1378	64.44016578028754	142.88445983673944
1379	74.26648235660323	149.0982129859487
1380	73.31821214454439	153.38448473953687
1381	74.91801975908751	146.92808431745758
1382	72.92073934472748	141.69718648720058
1383	74.64701127717748	155.31697193596438
1384	69.20092546996979	157.91809248736837
1385	69.05140263271691	164.32402060468053
1386	67.43959658007712	131.38334491245192
1387	74.18050449331108	156.77121124239716
1388	74.10622817260644	132.44750868897432
1389	74.49422178075383	153.62172001353295
1390	72.05853932826373	144.3971307019084
1391	71.45706808195473	143.40579471181832
1392	71.09450967514198	155.767940061848
1393	71.18976143624346	137.1163926307119
1394	71.39705567935025	151.40748585704367
1395	74.48974660980736	162.26290263775616
1396	74.32023208674707	145.96962804001993
1397	69.86599741475274	162.13849606499107
1398	71.1224896084354	157.4429638218065
1399	69.90484058130646	144.70751646476168
1400	69.658256418818	155.6184478199172
1401	72.66150507383415	136.95384885710658
1402	77.30893810096164	146.48164655299607
1403	74.8635644090589	125.13800173118179
1404	69.43966169831607	122.69303547822842
1405	72.04001798111352	129.0790876438306
1406	76.00276288619408	142.3373634918572
1407	71.83867167216866	160.359499156208
1408	75.95798307560956	137.9904645654678
1409	71.30029841352844	170.2872692793271
1410	72.51219815422104	164.92958867700594
1411	73.22637253997743	164.1324564875294
1412	71.8963516987365	118.16904564996648
1413	71.38354425301833	148.67300167808406
1414	72.63604920354774	132.90652617617118
1415	69.18496459712037	132.83792146446746
1416	76.54528881195861	160.81695460173782
1417	74.4003546271646	143.44703746951103
1418	72.27089877229459	149.67947736872924
1419	75.48552885024446	137.4176756077278
1420	72.26061180402408	132.84573823222453
1421	70.65900251807234	142.93965380223105
1422	70.29467237447429	143.56831951484608
1423	75.43637797912398	150.40328971990783
1424	66.30033894733958	112.01345735653537
1425	70.24305184023379	119.78595119553249
1426	76.33091735251351	166.6237511510297
1427	72.9356049702978	133.4954473795464
1428	76.21677671840918	170.11766029726027
1429	71.6896767361987	139.33923950325547
1430	72.91942216101151	138.70941029004743
1431	75.93531344281865	129.25155612664537
1432	74.87717466565873	140.97784237595482
1433	71.0785570565248	124.3315739575551
1434	67.65509828610179	155.15758136922707
1435	73.20828359260626	142.89685203364004
1436	71.25143130926953	143.77601116378398
1437	69.64182736745605	129.6195709348578
1438	75.05569877137786	143.560678870003
1439	74.58873514976153	160.216384286608
1440	74.89221221834433	160.9615824751828
1441	73.11380067800316	147.83321832757713
1442	72.39421331131221	160.6526925775992
1443	79.7938183238686	155.12195848820795
1444	61.98682544066907	115.63664077548925
1445	65.32473223952297	107.27669731373503
1446	70.10654620264431	134.61603844035704
1447	68.59652061809457	128.30262266117924
1448	71.96442862885618	138.49161666066834
1449	70.98408127325439	129.1418249201195
1450	71.10290167996969	127.8140044217544
1451	72.27595582371289	136.34842352182645
1452	73.75657410728839	136.8081646118945
1453	69.76743113507486	136.0889618434546
1454	69.21454574568862	140.75732679811395
1455	74.3534854646505	149.55869909791977
1456	73.17779024446808	121.96151091730917
1457	68.84381495563852	136.79460055058175
1458	71.41357540787251	119.96749626949861
1459	73.49705104442337	125.74578038973716
1460	71.09623695173862	151.0362094748538
1461	74.30013426497803	143.7786713461592
1462	69.70310940917578	127.95597174819576
1463	69.39406559770244	127.47500423060477
1464	72.48990467146535	143.47511236182584
1465	67.96022620802697	125.04513272362355
1466	69.15938292799717	117.30204176994185
1467	61.06195741596276	111.00045974017758
1468	64.15168110521512	112.40403803824735
1469	64.49604811458319	112.60425095073242
1470	63.02944351906341	124.10830174111395
1471	66.0714787592815	112.29703551529941
1472	66.4588661087269	108.8731910334494
1473	68.77388714477419	108.90106850671162
1474	65.56898007273622	110.63252818180838
1475	63.26594722474193	119.12722523046291
1476	73.65545898591768	113.60203972972084
1477	64.20775082945062	106.31734549164867
1478	67.16963275188465	117.41701276858198
1479	64.07246149541893	110.01729352999794
1480	62.26937961653287	117.36956902871614
1481	66.59680498186887	112.57916490321853
1482	64.72703028155217	110.13381133899303
1483	67.64962881390011	114.79325839034237
1484	68.64081520852082	107.18117172712738
1485	73.13028157146948	108.4238908880774
1486	67.5727423260931	104.38831030465624
1487	67.35011225766115	115.81266356338706
1488	65.95214968025107	111.09759543592182
1489	67.05676736802484	109.63114021445925
1490	68.26124771566268	107.89260996532606
1491	67.77873539814564	103.28269093152913
1492	70.64880885445598	106.40220764545396
1493	62.8981972028995	117.80218765846591
1494	69.49115298805344	105.076456982409
1495	73.67304117784009	111.02589064389785
1496	69.58653395832508	109.11868760519877
1497	67.43243450843086	111.15710753193709
1498	65.82395117340742	110.68288527374983
1499	71.82692298589842	105.13850479197716
1500	65.93813403788664	102.1102319571973
1501	65.05763327430715	106.85251062001075
1502	64.64578565938017	100.32464320785134
1503	69.61944652726538	111.85080555981912
1504	61.42121218715828	112.11011265828411
1505	65.02924115499722	111.29750665281242
1506	67.66551098355642	104.46311808154641
1507	65.231980838511	112.65749333175877
1508	68.94966655520894	106.78424058922053
1509	69.38940300832606	109.64372794399407
1510	65.49316648752838	112.14045315249261
1511	72.17158708704639	114.1368791817886
1512	68.06008689070875	115.65989529154062
1513	69.82522353462781	113.01723894862151
1514	60.55035887816799	107.83527831742619
1515	65.63344748636017	114.83232489993246
1516	62.67155864686489	110.80438317424768
1517	67.85962361185388	106.34763275089976
1518	67.26518757526436	111.28651366550383
1519	67.24850634661946	109.09259461724687
1520	65.20962291593307	108.59175246679976
1521	71.52103505883584	115.02229057431906
1522	65.49817879089827	110.51557572219947
1523	70.16149283072673	109.48969340467704
1524	68.47031577951793	112.49695727472273
1525	63.103942228834384	107.87040256921856
1526	69.46733889213527	105.34267939393794
1527	66.82894536891467	108.26400256200242
1528	71.1576344616222	115.77497012757316
1529	66.92845029079409	109.64487728570842
1530	65.62361959477523	110.62051933566647
1531	68.73241825846895	142.56789150899434
1532	71.79010657743868	140.87954890260656
1533	69.76579368035016	158.86564516431028
1534	71.08471201224471	152.10321202584382
1535	75.36310817928911	114.26724083953846
1536	65.9043581804693	110.58528543687474
1537	70.67509287157743	110.19562365435971
1538	69.028354301701	104.55185705118319
1539	68.18540129931141	106.60797313153539
1540	68.95736355964468	113.70645764665673
1541	66.56513810043809	109.77971677652015
1542	65.75710510810293	111.46984261784394
1543	70.07441021527247	116.35532199572717
1544	71.27259134414356	117.66273809930456
1545	69.0529116856815	149.95496985292337
1546	74.47189635727177	138.55695124902977
1547	72.60634233437938	137.81987460569061
1548	77.48123407782651	150.75018088685948
1549	75.36500327376969	127.67156041387469
1550	66.5057159508571	141.1467942233686
1551	74.44573140218804	167.70011465416184
1552	68.45112936512362	106.28634933105582
1553	63.4003121795044	101.75524106097073
1554	65.44352198490309	114.87357570257184
1555	69.62194492864569	139.54371800175628
1556	71.51141727023017	141.2069309686965
1557	75.96872910148582	122.60620372722529
1558	64.14555156190491	107.31692751945104
1559	64.12393453557098	111.03424128598985
1560	67.44227799758622	109.0701192985135
1561	68.446075957492	99.99496254237926
1562	67.5632174983027	107.78480747400157
1563	76.45222332732061	141.0427434797238
1564	70.05445305145086	148.93893374992751
1565	66.21437139652423	121.50624740645544
1566	68.79708207613326	136.30406107477387
1567	72.84532609162113	135.72026136668532
1568	65.31956111928608	110.96351693499945
1569	65.31037595842018	112.00302317422226
1570	66.24756211524209	112.77713856244986
1571	66.39371715602408	113.1756805943663
1572	70.16556201331429	108.30351730879082
1573	70.56052157208643	121.1981107219172
1574	67.26389060083899	117.95659913532678
1575	71.66694380989036	144.53752631397677
1576	73.28279996138767	141.81588595766635
1577	76.45811420481745	140.93759378694236
1578	75.35165186933557	135.2488943244105
1579	74.94535445428728	120.49360323327888
1580	77.75979912674904	139.9263125250498
1581	74.20332607057344	144.10133035887637
1582	74.9692389281994	143.77612122154332
1583	70.37591847911384	144.98129962643327
1584	68.78461137050245	146.99944535136342
1585	72.66485597326948	141.55746689508553
1586	74.44682263304496	175.31714158807247
1587	73.57045060042186	146.76310460345584
1588	73.24988720573127	141.13935172353726
1589	68.2869603032963	130.98859908324619
1590	73.46226618830097	126.8849605070429
1591	74.18571619069353	130.34597282522148
1592	74.16249107359963	131.47843757719954
1593	69.33170907265482	143.31455601523297
1594	77.5027649653592	140.95820900934814
1595	72.71607899253999	150.7907910459042
1596	69.83429968293649	145.07649500382604
1597	70.7989565962948	146.4247990967578
1598	73.59423652905602	135.99482026870123
1599	67.33898760009305	151.57594294427628
1600	69.49443051964053	138.97566790152848
1601	74.49683021582531	139.77883682120057
1602	71.33613911320509	137.02268777974598
1603	68.70450156619044	138.6610969105263
1604	67.90050870994419	120.09553097045898
1605	67.42034776661444	107.0997310035568
1606	65.92294565792432	110.41357438165088
1607	65.8998357093553	143.48734692722653
1608	67.33288136202866	130.18516618117542
1609	72.57426274303035	115.99825141182197
1610	67.09887597743133	149.89127039390056
1611	75.64369655337157	152.04744494010197
1612	81.0080633407818	133.07382306015762
1613	71.85122349893275	154.88450923559472
1614	70.48283256937573	141.99222623759505
1615	70.36937078452992	147.01179174243222
1616	76.50095103196685	154.9344576149454
1617	71.00100944074026	128.9809569661439
1618	70.32208563378637	110.71441519838133
1619	68.96006298042165	107.47666936358794
1620	64.53056134475953	112.61484078985433
1621	67.89370981205869	109.09365036375515
1622	65.46515514368129	107.53983259872382
1623	64.59914327777456	108.72311468666723
1624	65.15911422365183	111.1369285917623
1625	67.86014677822462	113.31450254554896
1626	64.87986733812116	105.66019783715153
1627	69.92680322361808	116.1690888889
1628	65.39954915469934	110.7200906139571
1629	63.96260441213364	113.61849573818279
1630	64.04976025192643	106.77612374663119
1631	69.33811377013731	116.25726558021337
1632	68.28855407180144	110.88784573035893
1633	69.14225223568431	112.75681803517742
1634	72.66045782083943	108.47170892563166
1635	64.77548977927691	111.35912941524606
1636	67.5986465415609	109.0459915089523
1637	67.95537952141292	117.57918275272398
1638	73.02174126653335	151.54186199041936
1639	69.42852128295574	145.64973292699028
1640	76.43743185649686	154.2329812767469
1641	73.72576716056203	150.05468202970553
1642	70.77353990824962	141.13459763215775
1643	69.45575938959206	146.28775489871586
1644	70.4460755597233	147.30113557010023
1645	68.94927110002527	139.92463751606402
1646	79.14671387886446	151.03641326324123
1647	69.19831763790127	117.54926487952866
1648	74.13805894612956	141.2182332982943
1649	68.49566518446082	136.06553930427543
1650	70.79426207582321	163.1592383241966
1651	75.79508963353105	144.8843673702049
1652	65.16382833764071	162.84063830060342
1653	70.19892084146319	142.17847882828798
1654	72.3902676318632	161.72321963471046
1655	65.19595897634031	115.68338097892173
1656	66.60009793450517	114.76150890990817
1657	69.00359314137617	119.32572273735472
1658	64.75796220644646	119.59262380923045
1659	68.9045245185058	107.97139443778754
1660	66.35056982339434	109.59268244581104
1661	67.2940272231742	103.319135107851
1662	63.808507204705	111.47888872113165
1663	63.27029340446107	108.71233190336586
1664	67.55092542923627	108.84523546594004
1665	63.42901743289143	111.87478165980585
1666	62.69497356272158	111.76865954723073
1667	67.59064261439022	108.4233522237119
1668	67.54133126127041	113.6746513140077
1669	67.11054321754209	112.06437755655604
1670	62.44579517977303	109.38188217175653
1671	69.07834454165261	107.4271864146751
1672	69.77450319989356	108.51484959874537
1673	63.27556611402919	113.82950374220047
1674	67.73152923909258	111.00576792393225
1675	67.53301991599679	103.42980752962825
1676	65.85675685450586	126.35590889332533
1677	70.18547624418149	109.84291381742136
1678	77.82895290952861	147.23996035261686
1679	74.43250559809327	151.79400746172823
1680	71.01674304805036	150.10051793031917
1681	72.28704745968378	143.9094796571561
1682	73.56243155380788	138.77406497285136
1683	70.45184318154008	134.3240276335959
1684	72.54200625554554	155.0309559824395
1685	74.36834749675577	145.88422840608055
1686	66.18304415584271	148.91881801437916
1687	70.65715843734273	161.67330987726504
1688	69.08738950364408	168.13004776115253
1689	68.74702378853169	138.4615921624453
1690	65.88807057351475	126.9170048563863
1691	69.28098566013703	146.46996153507897
1692	70.0489208776013	134.80912591906704
1693	75.58816874284727	145.00403662552006
1694	69.39269530290838	154.62789541215432
1695	80.37065489215611	144.8966604747195
1696	69.8134278951808	156.20595857967692
1697	71.89898147629779	161.82092340267926
1698	71.46809576718017	129.60107908646995
1699	63.28194112199615	107.03513224075294
1700	61.954170888258126	109.36807721303144
1701	68.31208846971467	122.09930027348655
1702	67.1082593374481	112.45249829735006
1703	68.32673256027232	108.44542582266945
1704	63.49806750645361	109.0798529854785
1705	69.82412409898157	155.6310364159042
1706	68.3073582159757	159.88046906580865
1707	77.55803911995636	144.2869076839733
1708	71.81549538734937	122.44748537499002
1709	72.19902151741984	139.6386547839736
1710	74.4657305496491	135.5372664455669
1711	72.27493282812975	149.91648623826637
1712	74.9867461835407	161.53875992259873
1713	70.95965712595968	146.33349019626772
1714	75.00302738796616	153.8141264035172
1715	78.13880370309403	132.56115974342887
1716	81.43929316651337	145.30953379794877
1717	69.24615727857245	147.35326297571024
1718	82.0934815148165	133.39731111796965
1719	69.77151957521505	178.5993165390308
1720	70.61525908840397	128.22070137954663
1721	72.64192442529868	146.59897130450275
1722	68.40110900950046	135.85875195313912
1723	69.547391540598	126.20601455581858
1724	71.90519956204722	148.60692232016305
1725	76.08355478036752	158.16460551379635
1726	71.94813255137441	144.08654735360236
1727	66.99991669701562	114.81164976398139
1728	66.37995983705822	110.52341334343848
1729	61.11657286152944	108.22509088465097
1730	66.93519440066716	114.63574806290627
1731	65.4977432614649	114.87950391310979
1732	70.66677423785455	114.33824862555245
1733	63.14597881987903	108.52682329903895
1734	62.995645971289576	110.11890055980813
1735	63.39588261866194	108.43262438947559
1736	66.13705275693526	105.89548674097654
1737	68.00796975260664	110.03218413769525
1738	65.93463123158189	111.95793464917207
1739	72.45721575148619	118.75657394091208
1740	65.8346620088912	115.6843671944345
1741	74.2222556729452	133.54959968467006
1742	72.1369030397977	142.3926324661107
1743	74.48209871922516	134.87017580452527
1744	74.69885652346791	151.0227269491949
1745	72.59448189463195	178.69602020595656
1746	67.73442212170126	174.46227020709637
1747	74.7241868856325	157.73486028436622
1748	70.70976921601607	141.2768922944976
1749	75.82314662879136	155.30298601552224
1750	78.89124228371095	149.57554672061727
1751	71.62673779835957	155.7890049516957
1752	66.55152229312753	134.55199613444432
1753	72.770928899215	133.58310482802295
1754	79.96501913226405	137.47862243454944
1755	68.61617433991984	131.8802588091211
1756	74.74188737188095	155.20461650818675
1757	71.72092374462774	141.9891847328152
1758	72.680326281936	135.9463942470836
1759	71.4995458555756	138.94831746660392
1760	71.13503753030983	146.29996335845084
1761	72.7957099770603	178.2004330295581
1762	73.83093374502073	143.5773599521048
1763	73.15209010787999	139.57675951606703
1764	73.25237555211454	176.69290779111398
1765	74.73799556384611	146.71421047573673
1766	73.72180664950542	156.77713706546828
1767	65.94436442172166	153.68810530503032
1768	76.89524045897849	138.38044229964265
1769	67.40371339088755	145.66984554049037
1770	78.86109050115195	118.50869925169475
1771	78.8451984034236	165.93564488560884
1772	77.25881511014309	161.76474982143714
1773	67.80731645486183	108.03067438983612
1774	61.26642930037531	105.91403618719372
1775	74.79656734234312	169.36837386811018
1776	74.62669183083463	154.04279276655896
1777	71.66138090095069	141.1210744096413
1778	73.33177882316654	140.8302835143205
1779	77.02236890475037	136.06279904350416
1780	70.74365046139455	155.02281766341403
1781	65.38399859783242	163.33341818985062
1782	70.80650864385198	149.52128225842475
1783	75.17909229643271	142.5622822152557
1784	67.37205147941195	151.87964027432253
1785	72.49113552823358	140.763308595865
1786	63.21331616408457	117.9067534082274
1787	71.19938758701562	112.67232265128874
1788	66.3520200866893	115.88021654935136
1789	69.79917685427412	115.5728842747358
1790	69.19731422718404	109.37014173678658
1791	62.16564299816458	103.93961995984996
1792	66.63475604430971	111.9546172230102
1793	61.742909104776444	109.87559095768789
1794	61.70763865650029	114.10790885962132
1795	67.38186797943126	108.77104851616355
1796	63.78689293735048	116.72638040343719
1797	63.34783368436859	110.8050752628891
1798	67.34353409519423	107.64068822689029
1799	68.64826416844068	106.42344114920463
1800	68.0965223612503	113.52534218723052
1801	62.807359488803826	114.4048395648321
1802	68.47841977479557	107.27654581563218
1803	64.4038634472894	111.1709214915758
1804	66.18397858918809	109.37356835594909
1805	63.04031309248062	111.35604676846908
1806	63.235880133808095	115.72883245865641
1807	67.92313827603176	125.36349595908656
1808	66.60478352663756	109.03607203205243
1809	66.47251124541205	107.35658088099528
1810	72.13856223502941	111.10116829223465
1811	65.83145704064886	112.06596860808088
1812	67.066438482997	119.47427691793776
1813	65.2094666102266	105.05954211949654
1814	68.80185624437982	109.96832515740863
1815	67.60796407191069	110.62046974156159
1816	63.13582939254312	112.1164879913875
1817	63.16666828691789	113.90074538154552
1818	71.23429674368211	122.45386701826918
1819	66.11671525575197	110.13550806521204
1820	64.27855626464886	113.64849995362579
1821	65.09532090462174	110.90125192777056
1822	62.68240434598044	111.50224890920538
1823	67.96430332556494	118.84718456106778
1824	67.85031744912573	114.64450408402546
1825	71.07300264159558	148.81727057467074
1826	75.81871921727637	127.83261001671251
1827	74.39625727606555	153.20471733923333
1828	70.05243089494346	140.68739439686212
1829	76.06707673532269	147.19655313025697
1830	68.20619618001145	164.01859947327753
1831	72.49433976078274	161.4158687698993
1832	71.03642723209605	165.41728360752847
1833	70.56300509777586	164.1429623317804
1834	75.04147358333793	161.49773317506626
1835	76.6048148707866	134.62036447651687
1836	75.17508499305883	151.87367977987566
1837	66.89087577159657	108.3350130716788
1838	60.85988734591756	106.39722459897344
1839	65.98357425791649	119.42408136131715
1840	66.08844078928786	111.72281142658498
1841	65.39080775751331	111.3162730441881
1842	65.71430903003073	110.58965557131637
1843	67.3318492062596	114.45724100705701
1844	67.12281720098555	123.82671963800746
1845	66.70861222724668	111.60572915156486
1846	66.94589360514854	107.9322957996256
1847	65.24931467947209	112.5222830503064
1848	65.30329123816756	112.60337744976066
1849	64.690573331401	113.84925618012633
1850	67.1533140076966	108.76870197899787
1851	65.85945498171188	111.6688359877695
1852	70.75172639374657	113.95563675046344
1853	63.30293862670078	110.36597880092134
1854	66.83075553434062	108.90572247353649
1855	67.64171501251735	111.69039898268022
1856	64.22413573221863	105.99342516464262
1857	66.74138662322603	105.62400462431422
1858	65.41700190172574	110.45106472434249
1859	63.307122827061	111.152098502408
1860	70.19938170890259	109.78688338851215
1861	64.7514468984411	104.00145146312678
1862	69.19227529252481	105.13944439786339
1863	68.48038285524318	111.20829480960651
1864	66.67547824024284	112.07009524416698
1865	64.63133415227465	109.50818959615218
1866	64.59923214674407	125.77602089806153
1867	65.01206492203438	107.50721139207143
1868	66.78336636074434	107.4481418081543
1869	67.5615097300216	113.58422525915738
1870	68.69225712362213	114.18847665526697
1871	69.43930637223956	101.25812371851211
1872	70.21350063083379	107.29109459715617
1873	66.48717032425742	114.2045460415402
1874	67.24466517988444	109.50699548482939
1875	67.96630606862723	107.9682192895729
1876	67.44302653130866	115.35071189227631
1877	67.11552256762502	105.8424281975666
1878	65.28574013229048	113.17749261069173
1879	64.23233361550574	126.97820251803229
1880	67.04509502475952	108.34216356435715
1881	58.34293443176498	112.69744235916234
1882	68.99257920235132	132.35504334954263
1883	74.62799454302753	144.4849313598923
1884	70.02838782962986	130.69005144676163
1885	70.66022395289285	138.11599348465668
1886	76.34589166624995	145.9365302552874
1887	69.27969439002138	141.12770481545047
1888	65.20213632847356	132.04601882657394
1889	69.84975027996944	171.83659436875067
1890	78.18962895049081	148.52518238002554
1891	72.65993120713857	132.86075824255775
1892	68.60800320467445	111.23549532293372
1893	67.87126511107864	110.04211666842836
1894	66.8996023176641	116.88348676338079
1895	71.49222744867535	109.28147830357324
1896	64.05341983049904	113.41482543097776
1897	65.14533647190864	111.77903646977086
1898	67.78187426902781	117.9568969489413
1899	71.50332859338374	159.41938161428303
1900	73.67528699579712	166.58164149572926
1901	69.7936673617152	133.6753146583651
1902	68.773897786463	111.41623584199789
1903	72.5969217691207	113.18735685583717
1904	65.50152196287456	111.27727976365773
1905	65.34389073524798	111.03819139719121
1906	63.52110403908468	136.82324299141035
1907	70.48970377460414	171.58904275804124
1908	68.04318370058269	116.7577034429007
1909	70.2668802146224	112.00921800565699
1910	67.11468908175054	116.34206492027404
1911	74.84021793718003	105.4648047502818
1912	66.2413476262488	109.8863017455319
1913	65.92133950890431	110.55633740759133
1914	68.40391738840182	113.7287219400982
1915	71.91150198139206	112.35282048423593
1916	64.02602021086335	112.10620288021983
1917	63.95096277319368	113.0437006545751
1918	69.54524611456748	101.03038865369324
1919	65.756235291888	123.20182954397012
1920	63.400824451518226	125.86854225364613
1921	65.53864653994917	147.59081016679065
1922	69.43267395291328	155.2540514272216
1923	76.99911025546466	146.85754838119044
1924	72.781954190354	173.47295685836372
1925	70.6364859683921	161.066825854984
1926	82.02798099238228	165.34806231945103
1927	74.30955137519923	142.42579592304762
1928	75.40518057470508	143.57327812049027
1929	77.17174616750646	152.9793760094348
1930	71.79319801816786	135.36072543986305
1931	70.53460033905839	153.81600801972834
1932	69.1262052858562	125.72846071175539
1933	67.96617420818578	134.06384725382142
1934	73.3710577830422	137.84040149290422
1935	74.2415322715213	117.2115776407986
1936	75.2647142346875	125.66989154199477
1937	72.15857865829645	129.25499026772727
1938	71.83528916127896	122.3366873034268
1939	66.73978975227246	127.58597122095293
1940	68.51858436672136	119.84441468785656
1941	64.26253405798549	123.81465474121985
1942	73.13537406734709	132.38696137102934
1943	69.30276182662118	137.80458208630435
1944	72.56829530861724	126.30523054915828
1945	74.03216058851919	128.02491406820127
1946	67.11724130343784	128.0379606134627
1947	66.7491278491655	115.66054642024461
1948	73.80321832602169	159.38801050001518
1949	76.10110745458299	136.9166424124941
1950	68.09107051055646	136.46028963333902
1951	69.07777971128529	143.51752676764355
1952	71.82949020388997	165.69947948993416
1953	71.33402707473198	150.5836720382062
1954	73.25347690826864	154.52504623832468
1955	76.09341211772823	155.34451166442594
1956	72.10310595381459	150.13290957013587
1957	73.88538631169585	140.6082206787011
1958	71.21518767204462	129.2941819810253
1959	71.5011547434319	133.65050389454981
1960	74.37593859301916	142.09114202514505
1961	69.76801519324827	138.37071123694835
1962	69.80891322438154	140.77000789814144
1963	66.29207486304745	150.08259058337256
1964	70.99386529839083	169.8368116525434
1965	64.62338601545345	144.80091689349837
1966	71.15396651770664	169.82693823445464
1967	69.60443191653455	168.79895673599694
1968	73.55106771262938	163.1655162029968
1969	69.9017566447897	165.06375490816657
1970	70.4158866014675	145.082056305685
1971	77.13815938718527	137.45240974366914
1972	71.84716630363846	129.53667177393723
1973	67.72604113428523	154.1233632789107
1974	71.95037563379994	164.52397396361968
1975	72.54814157979423	141.02006375035674
1976	72.66221059536662	160.55325209425513
1977	68.20050963535917	143.94374963433057
1978	74.30595360724824	163.85067396981074
1979	72.54144707681989	155.76267661793312
1980	71.69234828095846	162.87563357178243
1981	74.59473339803178	141.87241911129698
1982	71.29954215937956	141.64626795611176
1983	71.73974585999271	140.5181207387943
1984	70.97908426887798	145.2447064599337
1985	61.16232378083716	109.14475247883611
1986	67.23065218833347	112.33620097073103
1987	63.70292793879129	111.00163907074867
1988	68.11503882285506	113.50208276947933
1989	63.537646091760806	109.9199514977961
1990	76.90263734085069	115.74265339932994
1991	73.90267088547306	104.63962249304436
1992	65.25170435969474	105.3480951767965
1993	67.14639463395812	113.10336410098343
1994	65.36261202402636	106.28562191867418
1995	75.0596940588681	138.70825068061063
1996	68.01982588895285	127.01894506355374
1997	75.09845582759061	145.0214613495339
1998	80.96277695864435	160.8686392600338
1999	72.78222415142245	155.80262469586833
2000	69.98299068574921	141.04149581047307
2001	73.92892730223583	134.0403086360633
2002	76.56192426192592	159.77960063519768
2003	76.69116666480693	155.1622821391712
2004	69.33504423083834	146.134441398523
2005	73.29086539729249	141.2203146857545
2006	65.73564650569001	131.90108927660668
2007	72.12650099202386	141.20640297383864
2008	74.98418929041776	151.51085145302957
2009	71.90499083808025	165.11605907860005
2010	72.3303483641806	122.04332166664803
2011	66.851624912248	129.95653932082027
2012	73.6356170882749	138.3231614384366
2013	72.52580045037786	161.6541770018636
2014	73.20840220522226	146.13368672308607
2015	80.3548898397468	149.8852541094848
2016	72.94399263533096	163.6004130739755
2017	73.7503876306746	141.0764018681797
2018	75.25825279078713	171.47572528413087
2019	73.05624775768736	152.59550310985543
2020	77.25271976852162	148.31797737429537
2021	67.4408483953555	156.16577206113922
2022	69.55352248760987	158.9995110322938
2023	71.55915888331508	134.44619030871092
2024	69.58053066846179	144.3515959222142
2025	66.80720336229827	112.33124762223306
2026	66.74479373176183	108.00586252650675
2027	69.05362371059616	105.33352676022118
2028	65.9813013148696	105.04104791026874
2029	64.92732624331462	104.23244354659309
2030	64.4272712323564	115.56422751181543
2031	66.5069341018656	120.76063662764483
2032	70.22469541832407	107.4355284227422
2033	67.16117692299053	109.07859916907034
2034	65.47906306176093	110.86861025812121
2035	66.98493837815623	115.68922755477372
2036	64.55030822977604	113.14384743284018
2037	67.80855435450887	108.94015449569318
2038	74.48783371738635	116.23585337128542
2039	67.75593144926921	115.55841828985821
2040	69.30313827678442	107.38352660527454
2041	68.48824866337527	110.87926659576442
2042	63.235785846058256	114.18242452462606
2043	65.07186959690917	113.01215742323181
2044	65.44769237829506	113.35279983656619
2045	67.13193965202187	107.36052741885771
2046	70.16530121202612	114.18688976202586
2047	66.90366015066313	123.63986517766635
2048	65.37235597603738	113.42179566753595
2049	64.31652967438626	113.88895206969539
2050	67.07513409125765	113.31585924505377
2051	63.89950122319388	110.42403675697695
2052	62.07927012099662	97.71950329420494
2053	63.05472939609259	113.35873149714183
2054	64.70885853496175	109.76390651368801
2055	67.37721417347508	115.83604192417648
2056	66.04878683622066	110.26755710938669
2057	71.5562574521916	110.27613495272831
2058	67.53816159100094	111.13262853354503
2059	63.428363421317506	114.22594533584859
2060	59.94963005881849	111.48711423107397
2061	65.9320180465638	109.9164284727589
2062	63.87375687419255	116.17584663200282
2063	72.57413234029377	153.4074917894089
2064	66.84544615022882	140.35072192109715
2065	67.154116315998	162.21989577143603
2066	70.15431322677676	154.14346575133163
2067	72.52801695979409	135.56005670915619
2068	68.44771601085449	155.7254959278166
2069	80.32036342608386	151.4037033895728
2070	76.23864259890202	143.94330579387645
2071	68.66156170677532	141.6427958222719
2072	68.60635213236853	132.7058262041546
2073	67.3661368683052	113.27956012870725
2074	65.42094108184911	112.65713031792396
2075	65.51208633574628	112.98671146260799
2076	59.69888317896074	117.45758026809447
2077	63.464087574202225	111.73010340863726
2078	66.95878580400345	114.25177363922121
2079	67.44106937596138	110.1180685319855
2080	60.51905500643417	112.647673677647
2081	69.05426109236429	108.33177811240836
2082	66.26403677658469	104.69830664181767
2083	63.597505344514126	109.2763328740259
2084	65.58385362304548	111.96310472578607
2085	70.4319655069154	107.33507219254955
2086	69.15467447480175	108.1456234780763
2087	67.86379815547893	109.27143195847451
2088	63.71980533929383	107.5152169890565
2089	64.52813555091988	113.72496249465345
2090	67.64949936216837	109.18958497003366
2091	64.880879890039	114.71983055366951
2092	66.98959558452992	113.65772381976831
2093	69.01156365619079	114.83581781522993
2094	66.66301972081797	106.33239537077
2095	70.60822771847701	104.60839552733171
2096	63.86446356255449	112.46174016147877
2097	69.32017684262951	112.27525317649301
2098	69.1563764902429	114.11432031204934
2099	66.03270901127937	105.31790282983314
2100	68.18552760379661	101.95511554423736
2101	67.37927890769454	111.92718182180857
2102	68.18288518787136	113.51036612536052
2103	64.32465321919807	113.4261285898399
2104	70.21255920168059	112.11439851440325
2105	65.55155078514827	108.26907694827953
2106	64.45678223610872	111.15095060661149
2107	63.7015842836438	109.58538270823152
2108	64.89112189301616	109.19682119478834
2109	69.46220094776811	113.34402749279464
2110	68.4453834725978	105.21711278252435
2111	71.96246423940559	108.94848947299347
2112	71.42137048538548	113.00485292459544
2113	72.98821719873189	114.95534030597788
2114	65.44896736164621	104.66505555497311
2115	72.49192122025609	115.17072562636017
2116	64.65368198920092	105.52312602997087
2117	72.65120093460148	146.14440695711588
2118	73.95860401887161	140.661739491258
2119	71.22910369686822	151.19758427006374
2120	76.37439322904804	142.47686399366174
2121	75.3202910813481	151.8663162471343
2122	74.15570303137788	145.1351210436067
2123	71.11533382696463	145.73722939202636
2124	71.01333204180709	152.7499260440575
2125	68.46728339863924	144.9831854333492
2126	74.08860266531696	137.4456177371928
2127	79.94778481899066	147.32904620734976
2128	74.28334115729876	146.18355793965358
2129	69.28465678054266	138.27510586518062
2130	73.7272394445745	138.0281814476762
2131	67.37774747196966	149.1220867782638
2132	69.55068497745525	150.30839625858053
2133	76.39500333751633	124.63770953436556
2134	69.93144531777378	140.09146774822264
2135	74.22720476858342	138.53884344200816
2136	66.02887051785815	123.39037358683618
2137	70.99994785856836	157.09492847301146
2138	73.1046276412688	127.64701229009546
2139	67.76749883566642	139.76411436604553
2140	69.7095641339763	127.86332976011501
2141	68.73712926378646	147.4694015447034
2142	73.8394495059767	154.02534912266705
2143	75.1407806023307	133.76812155807661
2144	73.59826882789002	153.22430418645234
2145	69.07058600704808	115.79576185750307
2146	65.73997707987772	114.37996874997576
2147	70.77030687607541	109.72080411006705
2148	68.14928718893505	121.4941670724011
2149	65.6737219509693	106.75188839071025
2150	64.93322550752747	116.44695703142696
2151	67.98738895647821	111.2240563709902
2152	69.43915844706447	101.61114254825377
2153	72.1742755976849	104.76907655290023
2154	68.26645814312309	129.17567953616944
2155	71.46815517606446	153.46076617627972
2156	75.39532775008999	175.0996720827514
2157	67.64307417227238	113.9138878414761
2158	70.05294923557591	115.62515274796017
2159	65.0846438544085	109.56793547237946
2160	69.25297097223186	111.25977776363277
2161	69.97189401251273	111.8304385242814
2162	64.9150678916766	111.26595654371347
2163	66.03161124855949	108.24855756386164
2164	73.27028224666908	120.35790052566473
2165	68.06642575419716	115.72939281210934
2166	67.98094294501817	104.78587939371421
2167	69.8960390842001	109.32182990164458
2168	65.8230447654166	112.99667724250148
2169	66.00900662156229	106.97036338174956
2170	71.13799635649548	107.38422965903113
2171	66.56760329917469	105.61828439297737
2172	72.79027833686723	98.33276863665733
2173	62.77845477955942	109.64217060432188
2174	63.28951916226723	114.47020196716386
2175	70.60008116458768	111.14849481886507
2176	66.98182252855878	98.90281734053096
2177	67.95185046672935	118.70952039528085
2178	61.44628993204658	111.88959322191982
2179	67.820557053887	111.56778506827982
2180	69.43801829793371	114.60708141138676
2181	69.25545374668229	113.324879818479
2182	65.33547331536604	105.87232305031759
2183	65.80560078498144	124.23491356838154
2184	66.22385105848669	114.57720949109255
2185	70.80856852656842	111.96557608697012
2186	67.66148624663325	111.26591645875638
2187	75.57018001980072	149.47714931090795
2188	77.1760628983212	148.23215700192998
2189	75.82250179900257	127.18698513159859
2190	66.30853989114388	151.84447423739283
2191	71.98300185387077	135.08075628557958
2192	70.60798638106844	131.09298121329383
2193	74.74628783881622	134.36839984363073
2194	75.58492298272796	167.07742658670142
2195	68.71613427734225	153.85193785028986
2196	79.02188529652004	142.98158179888813
2197	72.62243159284039	118.41056361019574
2198	70.85091232323093	134.60821884800882
2199	75.05043775121244	129.70934511504547
2200	67.78475029161314	132.20221308780162
2201	71.602059987115	145.31986328844607
2202	73.87363658425683	144.21884455455367
2203	75.57190144545756	136.88089664974024
2204	75.97925604328476	137.48416826787022
2205	70.60613968636454	114.77441729275189
2206	70.12948393391156	131.31609841921826
2207	68.65959876120564	106.41369152167434
2208	63.82239279596092	112.976641193945
2209	59.9176019291051	108.7755265585617
2210	64.52716205381397	108.11343806748866
2211	67.48134491550131	133.3663138052836
2212	67.73929921598719	108.24198274980625
2213	67.90708062232416	110.31747338864724
2214	59.96555978976454	114.01331060773424
2215	70.70950452976936	108.66532521444815
2216	63.378837699399824	106.28416750896018
2217	68.97178078721421	110.91801684237608
2218	69.53092243509816	111.71054294850512
2219	66.14655884764477	112.21270238568309
2220	74.2302332819176	111.86564797697768
2221	62.200767227271754	112.3994563537822
2222	67.31724018681396	112.27655393124735
2223	71.1413573233805	119.3832504839811
2224	79.21050180961521	166.52877287908447
2225	72.72549517947355	157.13779890763212
2226	78.56656583118314	133.35781148747708
2227	74.17618102994378	145.02901651282664
2228	70.86019896901593	160.35888625226687
2229	72.99919962092298	154.47725401608815
2230	75.0518110610572	147.34753170732432
2231	62.51268647276083	106.13361197089019
2232	69.0578336363668	102.31703878281482
2233	62.26062468361709	111.1475160136855
2234	63.354269399226624	115.8395490864745
2235	67.37808393004703	114.86227328610967
2236	66.51357465262126	104.65902242055436
2237	66.13324955813574	110.05816017793455
2238	66.5014324211416	107.47333187593244
2239	63.2017468994091	110.42444685887679
2240	65.88637540792632	127.87761977237054
2241	64.324558330702	111.97918948924969
2242	66.28484977082948	113.07758661921322
2243	66.46615209140136	107.3207399819066
2244	63.714494273538065	116.85160685066563
2245	63.62763563173044	114.2767299714261
2246	69.71616885690096	114.68408840452928
2247	63.45951280663955	113.86577204295101
2248	65.64520574690603	105.13941285724043
2249	70.77495593470604	107.04811412096902
2250	66.30530985870065	111.18875644882004
2251	63.39870095917306	106.70580359594118
2252	65.58098557311247	113.90753479020775
2253	68.99008132576003	107.12289405490405
2254	65.51037002781206	111.93237811346461
2255	67.91556274189772	104.22812307210414
2256	70.47891720245285	108.96270567099242
2257	69.57151301672849	114.71492765268779
2258	71.52212663916133	110.0288292020925
2259	64.01263319278468	116.4349375570634
2260	65.78184804761925	112.10197341539235
2261	70.56062811978856	152.19138655878368
2262	78.32304493164189	135.79673448241815
2263	79.70479206145306	147.87810517892814
2264	71.04869161741037	140.60335575201876
2265	69.90094112406686	149.9779894719825
2266	70.20112234678372	130.45703270172467
2267	75.36571799378055	131.9405370325208
2268	68.64614978614885	150.49755693504292
2269	73.55821387546239	140.79099879857844
2270	75.22474151206117	128.86046003112205
2271	72.6295386851799	128.2264272658917
2272	68.50320208229934	137.74205929176148
2273	68.45992519048653	148.78057939793365
2274	65.47950481120782	149.28656275652818
2275	72.48574767974478	139.5422358632309
2276	74.38378082553608	164.89664754610396
2277	72.21637987954564	156.78650682065538
2278	66.5522811112855	112.54616525967525
2279	71.27696879588557	112.80236281959918
2280	62.7622879576077	102.74855943631452
2281	67.6979035825979	106.0569689131736
2282	65.5373252387351	111.59793273397406
2283	69.4429934782271	110.60562719438593
2284	66.22388792925689	112.35509930664286
2285	69.91205402865343	127.64246149131965
2286	66.48646801388138	110.88006769920894
2287	65.30340076508361	110.80960032892034
2288	66.09424098892828	115.00098401561446
2289	68.01871737314933	110.3545260829079
2290	66.74558928462531	103.90896351999639
2291	69.40983175093547	105.4672379835122
2292	66.53244168487589	116.08202750740179
2293	66.4648319236721	123.34803961458145
2294	67.63266430933332	107.56742930986309
2295	68.46586150878429	111.01415293770184
2296	74.19858433218054	152.48733575832463
2297	74.56958978640955	147.42642382454537
2298	65.798595638849	157.7829676810378
2299	70.76353985222293	128.50926819040475
2300	69.88186768932643	132.02525572043356
2301	74.20875813604094	149.80407497101308
2302	73.97772660718121	150.94813732317425
2303	67.28713686613784	160.52927209705265
2304	64.17305021811752	124.89112957292693
2305	58.63042830137486	126.29945621612121
2306	71.7152953324508	140.14359768332045
2307	67.74730641152021	146.66079639260457
2308	72.16742025793815	139.54754049962887
2309	71.02263177082835	134.05155814341347
2310	71.75178068122648	114.03289946550295
2311	63.586232939632126	111.22391826138522
2312	65.86226975020013	102.25281786056077
2313	66.90684184527069	116.15035443828825
2314	72.55889788064489	138.0516335055254
2315	68.06306175768545	129.43692044382087
2316	64.46092207474693	104.42859160155284
2317	69.43042234350308	113.00474898256545
2318	65.07940696777521	114.57179965557327
2319	67.54657697015054	107.57609534602351
2320	68.16664122707108	102.03655611583453
2321	65.29367588411854	105.21953337923422
2322	68.62535206608794	113.45972136319686
2323	65.49926691451176	113.96601972388196
2324	68.78489829860196	112.71534146692638
2325	69.3556823132284	115.66254504587204
2326	65.88642665775704	111.17698423458526
2327	71.56833914583906	143.97990546409207
2328	72.53678103903889	151.62776323880988
2329	69.25628048516984	130.51795161040053
2330	74.16356705145397	164.61920958245258
2331	73.0227359586834	156.21373127630667
2332	70.31177477039445	165.22958399525885
2333	71.98339806011312	141.75937767368526
2334	68.87458325523836	156.93393023884607
2335	71.95334026375565	131.2391420561455
2336	69.51125770755887	141.63056619343385
2337	78.70766328424273	135.9004266167426
2338	73.63440214470488	165.2585535173534
2339	74.42654890486745	151.41286705136594
2340	72.46747747999828	140.5593129768876
2341	74.79348215476489	156.7856649286181
2342	72.26151855938461	130.7450979430813
2343	66.53677719741884	146.07061705414998
2344	72.90306379791134	147.42264061863793
2345	72.08962396758969	154.82140057381343
2346	72.8566646482744	177.41909889369813
2347	71.63831359676918	167.09262485062237
2348	77.26344015085077	153.47148902842983
2349	75.26954911873794	165.3846268879349
2350	72.88250387675289	159.69855285894624
2351	80.01584405205662	161.668735834089
2352	74.98546710820429	137.3929712897998
2353	67.33965453251861	142.7771189776785
2354	70.54653620457519	141.08593822377568
2355	72.2605132688838	151.0658854822187
2356	73.8701221950572	143.96444121059537
2357	75.00302311835539	149.53663953791326
2358	72.45382564968949	146.8283561130272
2359	75.70424812266344	138.51471453027858
2360	74.55974971673147	159.88461870102734
2361	72.0875589447268	144.78869855591722
2362	76.1554753852028	133.64604348544225
2363	73.82036953354107	161.74452115225827
2364	75.09671690498945	147.13665750430016
2365	72.48294920537602	171.28246378212722
2366	70.94732892882277	140.23187043492743
2367	70.83654640247397	150.76568250125547
2368	73.28460290357785	154.65081918627183
2369	77.03460376141076	135.7087884976133
2370	66.98613112000504	165.4539250262724
2371	65.58126596692662	143.43964448816175
2372	68.74209618922467	134.89468870296568
2373	70.29057155104293	131.7414985500199
2374	71.60540129130463	133.90729450885692
2375	71.10354864433978	153.73165096468927
2376	73.35426191491007	165.24296503569914
2377	73.6261341067851	121.95912263680144
2378	74.72963881363934	125.74945267221744
2379	74.62383932668163	122.94137851009864
2380	74.30632703468666	160.78510945242726
2381	70.69385691355869	148.03148849574856
2382	74.09146749410213	124.01144945095209
2383	75.33471368132808	129.36459580440786
2384	69.65234087836124	120.60629395573666
2385	72.32346224988892	162.96157619094515
2386	67.88354787270121	118.6893481409425
2387	68.16937210951133	124.56705627539769
2388	71.67116101559442	125.82637883671379
2389	71.49095950552902	127.92643302414848
2390	73.28649289246712	150.1845649793418
2391	74.49924999440816	145.8757417098262
2392	67.33873276422014	123.46834452739
2393	69.2078444826382	156.57530139599697
2394	74.75184508237349	136.7401650130681
2395	72.52261002530535	148.1386324571864
2396	76.01816866992006	145.7578517909599
2397	76.44656139570618	171.18970261859735
2398	70.53051327017143	167.83096859551802
2399	74.8613340314103	160.05648468911636
2400	74.24389354012125	141.7926281132326
2401	69.64936199824801	148.2589237110783
2402	68.68728591144048	131.30478960351343
2403	72.37899381155874	143.16354972421433
2404	76.78238211361811	142.24792466200802
2405	71.10187678468776	155.18617376285277
2406	72.10545171027022	123.41755042920975
2407	72.23313389159676	148.4200186472335
2408	72.51186282057361	132.69131568784206
2409	68.88949358261401	120.96278600845137
2410	71.39784777031794	130.98053115571335
2411	65.64647907856944	132.3113653753647
2412	70.05051216846806	126.55095699627823
2413	66.85526554001493	139.61170497680646
2414	66.96807245462148	145.71519793048046
2415	72.7100562188623	140.93655580569492
2416	79.26344651403336	135.99733449028776
2417	73.86961531250405	146.708469664207
2418	65.12036581651932	121.5405406483183
2419	66.74577831369186	107.03638938461461
2420	65.6928797510088	106.27667789678821
2421	67.40950391162902	111.57659039196095
2422	67.09879754754606	109.80062161324014
2423	70.85006997711527	104.95896081489775
2424	62.73970123772403	112.03819334032774
2425	70.95869827733671	109.39204687752202
2426	66.9336506520614	112.54331919051025
2427	63.71839220597025	108.15400659425917
2428	69.69062419190905	106.81497276608117
2429	64.57070806321154	108.77599277467489
2430	70.22428222484092	111.98238556950193
2431	65.58048568327482	113.5833594655843
2432	66.2758836898455	117.05546885915848
2433	67.57795718096433	109.27421977367761
2434	68.0295809078368	120.62276778226524
2435	65.46594145783342	108.68522561766147
2436	64.53767002714254	111.27580560227368
2437	73.82249337619666	113.73261221142636
2438	63.434615010342924	110.93447388008873
2439	62.46844552185305	109.3990229439123
2440	68.83277463519251	111.90052098050467
2441	60.79724151367624	117.15496770606737
2442	67.73167616060226	109.71279418878663
2443	66.00027182245167	108.73741515833703
2444	67.91132329900306	106.98349140403171
2445	66.20153484594606	105.41575006734499
2446	68.43487226631068	108.42568417222495
2447	64.36453347066968	116.04539643442561
2448	62.27259181584167	113.91496609031468
2449	69.61069684319635	108.68128270420989
2450	67.13085103323354	111.12193420032445
2451	62.59389864761031	117.08710268323276
2452	61.889342119765566	104.53252539867582
2453	62.38282960717112	110.45193501745288
2454	65.91097926716222	113.06607139109556
2455	66.27052650182999	107.43983217039292
2456	67.14701000899021	109.3358898748468
2457	68.54371093233797	106.77897858357383
2458	64.68596675985432	107.49841132935194
2459	72.02413666836296	122.703609730328
2460	69.87174782358493	112.96057225176376
2461	62.12396377162285	115.02305900475051
2462	77.8104224980507	141.79194591356844
2463	72.28142535774833	147.4367771115517
2464	70.72012885502485	137.78711610364377
2465	72.525137153545	145.57283598241054
2466	72.99635724778615	154.16729722668526
2467	76.1654934546091	151.37261076579568
2468	72.74997768096887	123.24357065762875
2469	81.47091897027875	155.918930677271
2470	70.75689938456046	146.42208479298193
2471	73.57004201266878	153.701774693077
2472	65.82867721609996	115.4798084950667
2473	65.65342755560236	110.23793718186526
2474	68.3745034090903	119.28060103439739
2475	67.68445657340922	114.75297582705001
2476	68.01719026560879	107.19068409395193
2477	64.17663671264306	112.96160379046893
2478	66.6707771152749	107.70856047522255
2479	63.13158529143514	108.91038517947241
2480	69.0311037045153	112.17121851712736
2481	62.26043463932118	116.12860954750403
2482	67.72863768904675	109.49713299088782
2483	68.59538193326334	113.92172500520543
2484	66.24069604203815	110.07641659902053
2485	63.8894550480641	109.91425591701498
2486	64.86132210589605	108.09098131993846
2487	64.706704259936	111.17053157145025
2488	67.2440293178483	115.18458419157751
2489	66.08944623809724	108.76653170999869
2490	68.7458488270306	108.25030995957476
2491	65.78494040674255	113.5677215583836
2492	63.88259781097742	106.53272442915897
2493	67.43208965265376	109.94812728645252
2494	71.7236448306021	102.9608948757693
2495	70.62004148192527	127.78427986613332
2496	70.29203688639471	141.8375718781242
2497	79.01973900589805	141.33205726810363
2498	66.77878383082684	148.53299245395786
2499	71.94245346996483	141.53256456652016
2500	72.41123809506894	127.61065245012335
