1	47.45183853122561
2	45.6366790190463
3	45.601918662428076
4	49.045117454867615
5	43.767856638628075
6	43.3543376060855
7	49.5640727080249
8	46.084021806803726
9	47.059977397513514
10	45.853956628970955
11	41.96510887442095
12	44.68908281837371
13	48.410051277277766
14	52.58022859537813
15	47.337150097987546
16	46.14997443736458
17	50.20910471048887
18	47.29970690938087
19	43.983081350281864
20	45.1783697535716
21	47.902522243130136
22	48.11589659628087
23	49.135491115975086
24	47.259378535809475
25	43.17022941837136
26	46.018532154434105
27	47.57664726454635
28	48.00678095919473
29	41.80926131126328
30	44.499695092048235
31	47.192205381000456
32	49.20770100277704
33	48.49327524367392
34	49.73842407168031
35	46.78255353052653
36	47.734276263973456
37	48.77057502088779
38	47.09368149700566
39	49.78128970286977
40	49.912541163734474
41	46.88133908979596
42	48.27910094460844
43	47.2445770984531
44	47.49388057242299
45	46.73291549069288
46	48.480280744200186
47	48.83904964793522
48	51.050906861113084
49	46.34322396570775
50	51.79214781561618
51	45.466508727697025
52	46.41798799890548
53	42.04135172475379
54	47.321857293062365
55	71.12187395983685
56	73.89414861967272
57	69.85129359462702
58	72.02192231537416
59	73.557204892997
60	69.17253821658893
61	69.0810136919134
62	69.70883745418416
63	73.58564332167909
64	71.0555009300554
65	81.76151080534085
66	75.26448951187287
67	56.61776416518028
68	67.00712782124845
69	64.92220098008545
70	62.82996502321704
71	65.3231946206935
72	63.662457804979184
73	70.07938144687697
74	66.88481236884434
75	65.85256599758935
76	71.23805690510403
77	66.44533551401005
78	67.52338248960116
79	72.56555752890429
80	67.23208359434147
81	65.4142932814775
82	69.41261608778315
83	66.30577691469499
84	68.02504490244033
85	69.08668985220471
86	64.83100856291978
87	68.24457063520936
88	63.358372979909504
89	67.34064784976741
90	66.30294171858836
91	65.02954735313469
92	66.12353736444055
93	64.20584240355011
94	67.60869919137744
95	64.04531662446061
96	66.1785595382626
97	71.6567414097206
98	64.14729148756308
99	63.259361124218785
100	69.67768704552797
101	68.9617472298642
102	70.5373233075595
103	65.00880976820913
104	62.52393100269062
105	64.330937341396
106	67.35560019727495
107	64.279332239463
108	64.33285403132456
109	65.66100855042782
110	64.5999329704603
111	68.99986094443697
112	61.76277580850664
113	64.02341762122762
114	65.08180247089936
115	63.65681213365753
116	60.9021770711229
117	68.03479901959598
118	64.3714254513464
119	65.57366346723379
120	65.30527961186074
121	65.57624791534737
122	67.69097831231397
123	67.77362667009578
124	67.44645495452477
125	66.95410395136285
126	62.923714114913054
127	65.88917077592569
128	64.80036946647134
129	66.20402162045559
130	65.12321649013447
131	66.44133339502889
132	64.51711260626796
133	67.87993883841324
134	69.66985199130352
135	66.70939728743477
136	65.77975840713702
137	68.56874228752562
138	67.93669788701021
139	64.28201331974691
140	65.09264795048996
141	63.841746848677424
142	50.33682262743065
143	43.446117207204686
144	44.57814175215583
145	48.78595616040568
146	45.18353126347813
147	51.11843002043345
148	45.58588833160003
149	43.993234396559174
150	45.49186109699116
151	48.25121105926481
152	50.978131438452216
153	45.55124557647882
154	44.60403197435441
155	47.75493151958573
156	47.92308344996358
157	49.24724669745229
158	47.40906920129433
159	54.06490613537375
160	47.99997073147049
161	42.00777787801184
162	47.69155376754921
163	51.37711990139289
164	49.14688936589444
165	49.26878882319998
166	44.63588965078469
167	46.817088506558946
168	47.21028652580057
169	44.55899485490481
170	43.68421800786745
171	43.64614760890989
172	51.9723397648726
173	45.754258057321714
174	42.81549834337772
175	45.730976074886804
176	43.74643087424801
177	46.202314573338505
178	45.70326973103515
179	46.36702908683398
180	47.60061037624448
181	46.315060502855545
182	48.019915319249165
183	50.98255266697847
184	46.079322643342536
185	45.07139969598451
186	48.59305558326079
187	49.5839623546364
188	48.56007980947718
189	46.23463458645029
190	47.42541589175526
191	45.8788382903823
192	46.63503518563563
193	44.67178932764964
194	48.48930790750068
195	44.585092984034596
196	47.033883833775924
197	48.205866379556646
198	48.05356658600343
199	51.64341599835261
200	47.155528956465524
201	49.242290737639784
202	50.6563160137125
203	47.244073556013554
204	42.40338990793715
205	46.48254458638804
206	44.587411966825606
207	48.06435253467322
208	45.16925634211317
209	47.81826057002185
210	46.891363012525815
211	48.06144731196515
212	43.71870832492328
213	46.6191424534952
214	49.656428181219454
215	47.92106185730432
216	46.10488586425305
217	48.6718395421836
218	42.92757279941869
219	47.934827546467076
220	47.233129604638556
221	44.20730067132439
222	42.534910924736714
223	43.99007107092187
224	42.83491564098077
225	49.69637923696542
226	49.6102665128893
227	42.852541051781536
228	42.9036208120359
229	45.43303031550814
230	46.87774857491121
231	47.39264611008462
232	43.9510586113969
233	49.67772828493229
234	43.656427344230224
235	45.99247194999419
236	46.28650291561965
237	48.52790026406279
238	49.27798575291458
239	44.18938856308268
240	42.30646592170363
241	46.53955773492403
242	44.96827483574333
243	47.90620525288321
244	42.038281418051696
245	45.463064470515896
246	46.29085241562815
247	46.99749990961955
248	48.7201023567126
249	46.67793674601609
250	48.00763065964713
251	48.06398702077738
252	46.47846922017375
253	45.56839080674865
254	46.63136989852723
255	44.02995898932773
256	47.0097071938933
257	48.51454919250896
258	46.585687232525295
259	48.753747898428905
260	48.17934393837506
261	48.16297093313931
262	46.00785190933171
263	44.84558347059342
264	44.08771238137353
265	53.41195583268512
266	45.253904034188864
267	46.46089990897223
268	46.30125481406063
269	44.16139684318839
270	49.37767322303651
271	44.58234744283832
272	45.36843456234694
273	50.3126532276692
274	48.0378613148276
275	49.72230572951876
276	48.20014703509085
277	49.52681554420486
278	51.49089928726945
279	44.90257846338844
280	44.21478532512017
281	48.12141307372207
282	47.063563476244525
283	46.34380639721717
284	45.67719308926554
285	48.19280443971347
286	50.25978159916109
287	47.969639451248256
288	45.65566597899128
289	45.32881621691877
290	51.34665683419096
291	46.71431507554676
292	42.69620737781915
293	51.01761615362743
294	47.701647425647124
295	48.02318631614322
296	48.76297715017366
297	46.79793789317309
298	44.50245995811629
299	46.26872745589701
300	45.97464837833031
301	44.888932043442026
302	44.3901137490371
303	44.14851526896523
304	46.04625685619216
305	52.00427893737943
306	43.48890908428536
307	45.31415374347236
308	45.98017706840118
309	47.09209605134845
310	45.45672386624796
311	48.542803950115655
312	52.5900801618206
313	44.84489316963054
314	41.818895462116124
315	44.91104471840807
316	44.59426434109721
317	44.97252405866535
318	50.29951702722378
319	49.19717001695515
320	47.195628085145636
321	47.66200051976594
322	52.07629566088993
323	47.09027665027796
324	45.98627435339437
325	46.469451291549994
326	45.60861107997939
327	43.04524631686267
328	42.6207226049605
329	42.27092392028123
330	43.64381623039549
331	46.04167771757882
332	48.243030845650324
333	47.570853312996825
334	50.91157659088571
335	47.478465167520866
336	47.81008274186511
337	45.730160609654455
338	48.06332116889399
339	47.9774408980135
340	42.6475320765122
341	43.00655113363804
342	47.14931247166359
343	47.43868293958916
344	43.023096633376184
345	49.05531761239254
346	46.91712167450898
347	50.024502965857025
348	47.76320592969029
349	47.489216786225256
350	44.02164651419252
351	43.692467987916956
352	44.512633802152884
353	47.473552994109674
354	46.65788753821784
355	46.26666367225488
356	47.68902848295611
357	46.33544810341418
358	43.06938185718636
359	47.596464818861136
360	48.037865453895385
361	48.64563190263355
362	45.67021723404229
363	44.30653362388309
364	44.73423295774047
365	45.72856455594006
366	44.91834109587876
367	48.00297925632706
368	44.19925266242412
369	46.020801939637494
370	40.3687824869107
371	41.99059454807293
372	44.769364361919706
373	49.36749521230169
374	45.18541673805131
375	44.82912380901243
376	48.89031235716287
377	47.42383750293398
378	47.369747738355144
379	46.232509967618554
380	44.5884609895485
381	44.60696706806492
382	49.171500713427896
383	41.621889954065374
384	46.93866010284446
385	46.72654718729353
386	44.761016344914495
387	48.84478773949733
388	44.996609744743665
389	42.98172946845858
390	47.508385913779044
391	46.64724258174572
392	45.452448735264376
393	46.57847162524017
394	46.85502515726331
395	46.60027476449282
396	47.05513181857411
397	48.16309038395616
398	48.985245111879365
399	46.52971858776376
400	46.75323280500158
401	48.9154366074545
402	46.63498745585049
403	46.80382041046079
404	42.752712988850796
405	46.363469713057405
406	44.864497640228734
407	50.001751638097474
408	42.61806902681714
409	43.608130144818006
410	43.23390093518591
411	47.881479379355575
412	45.63324340906308
413	43.76184308788722
414	48.841106508250334
415	44.097066613183316
416	48.98338237895722
417	46.057370082774945
418	43.20588110130525
419	44.61762481096074
420	45.51991996489083
421	44.11756049755851
422	44.649235221169995
423	43.124283215842055
424	44.113073498065695
425	47.651592863739005
426	53.95921968756673
427	43.941173279123824
428	44.99056366607481
429	48.17758252173571
430	49.373612962985746
431	46.57407219315829
432	47.209961869763085
433	49.123521703786466
434	47.877821728053874
435	47.61357636190368
436	45.666661640795326
437	47.362374228642466
438	46.366742888324154
439	45.84747905205165
440	44.11027865037062
441	45.54422450226311
442	44.51412823999589
443	47.293723375104136
444	47.353832652599344
445	46.94567980469865
446	45.72954733155345
447	45.77468513232943
448	47.30719683509005
449	49.67819251728465
450	45.82956120694155
451	51.44111726608326
452	45.93601711932632
453	43.9036854843306
454	48.42351074329249
455	42.261158576492626
456	44.96484319337822
457	44.444593209520555
458	44.471571560243426
459	46.42253151413129
460	45.04702648507089
461	42.96221671836084
462	46.4928375421801
463	45.422700772581315
464	45.0637138698277
465	43.882160965920995
466	45.968658276793505
467	45.900736574771095
468	46.826228703091296
469	46.68250103534523
470	47.33250522892358
471	44.22017484558896
472	43.282210202914264
473	45.62353106541129
474	50.42487262826854
475	46.99238209692182
476	47.79635302736307
477	46.85006558087657
478	46.849210831462074
479	42.418311117406
480	48.78462555582514
481	43.91314572966623
482	43.022975527063
483	47.04462836853696
484	49.4764016675651
485	46.52642334701181
486	42.8481075272217
487	48.279284056229024
488	45.44651751176288
489	48.86490204053111
490	50.27451201747687
491	45.353430199499
492	51.22805711023146
493	44.396777462037726
494	46.958469398394676
495	47.76687183827594
496	45.78360453605836
497	46.625618262521506
498	48.90511238950677
499	48.851666317293926
500	45.922244120661475
501	43.763625257336614
502	46.00024152960906
503	46.264361675542546
504	49.807839750033196
505	44.53835564762895
506	45.67635235814404
507	46.150500237289926
508	45.893998062103954
509	40.170207183635725
510	44.699508299914925
511	48.54435676133572
512	45.793503666859344
513	45.700083510968234
514	46.38391300189767
515	44.40077117647895
516	46.27246427491161
517	45.157827052400194
518	45.00990062710651
519	43.841056951866754
520	48.906827323160016
521	48.10006565879087
522	46.0741604942828
523	47.06778063633435
524	42.53969785834234
525	45.57653241275581
526	47.990332353265146
527	43.772920604267135
528	42.82086074993859
529	46.865771110607334
530	45.56288539326759
531	48.7021652067931
532	43.698865278417706
533	48.08914003016444
534	43.33548779623095
535	48.84559502607103
536	48.846034220517375
537	47.994275453995485
538	45.82902134924244
539	46.2859636281709
540	50.30553439504814
541	41.95103954783778
542	43.57534177146375
543	48.49578769882198
544	48.95319637524902
545	42.705152879788294
546	48.05002536801089
547	44.91169464512612
548	46.51245863779187
549	48.95179020532786
550	45.282175604570945
551	46.55987551813619
552	48.00478804681654
553	45.62688626239042
554	46.6517558631409
555	45.082323239006136
556	46.595488025673305
557	49.78041324987247
558	49.82960268628788
559	45.44395581553745
560	47.30171773264532
561	48.830201237200036
562	42.10519177274762
563	46.51043293045742
564	48.84124760177427
565	47.230190126313
566	50.87743432760359
567	48.013315425411946
568	45.972492573698254
569	46.247546334705866
570	52.30311753001344
571	49.57957223495338
572	49.90776886260604
573	43.06339563966469
574	46.88256374256283
575	47.30407147475262
576	44.65545908129276
577	44.96875503954527
578	43.22887001289313
579	50.73524274964279
580	45.54868083987142
581	47.72921512295901
582	45.93265164918059
583	45.94226561928154
584	48.70456226265386
585	42.96743019616862
586	47.20606140977861
587	43.71133447612478
588	47.26070253276931
589	50.06628555548614
590	47.59071870515941
591	47.08675122442237
592	48.53696331352093
593	47.71008086514576
594	48.82872227206794
595	46.08564400001074
596	44.86391516148276
597	46.5855928390896
598	46.376242507909645
599	49.03478690476078
600	46.33647610116266
601	47.651019229403616
602	52.52659120087432
603	43.261684341721526
604	47.70933069776347
605	44.265777762462754
606	44.99513950704959
607	46.011968792077326
608	47.28227775653405
609	49.374941696161706
610	43.061614022803894
611	47.720187494423996
612	44.757514651278775
613	48.30640698812484
614	42.45386972780509
615	43.74068903446727
616	45.96408553318905
617	48.11359753750421
618	45.76890564909686
619	47.50628296233319
620	44.23362226324808
621	47.93161868779295
622	43.28783644062202
623	50.7425862493293
624	43.31021890359615
625	49.124010867192254
626	43.01470804628185
627	41.955952490122385
628	46.368658230510846
629	48.75446628168696
630	45.08991435309172
631	49.098068801333824
632	46.8553996387623
633	48.011532085589856
634	52.7505954439823
635	45.51186824286125
636	43.0355375478693
637	48.25410024751467
638	44.984913460903115
639	46.9161550803637
640	42.658465398836064
641	45.97109152059572
642	49.89016502211179
643	45.74052371538737
644	48.380802018524356
645	47.16196192710356
646	49.468552799253544
647	46.89845350680341
648	43.569145936069575
649	49.45105585160313
650	47.2107469109656
651	46.65174482570916
652	44.635066689185976
653	49.55786233707655
654	46.2217319636089
655	47.228011113194675
656	47.72902093385627
657	47.883648554176446
658	47.455659117621835
659	46.49515704879347
660	46.676249403813905
661	44.21161881378821
662	46.57616163230021
663	46.73165516587084
664	47.21597277669149
665	44.84837787649473
666	45.07228546439654
667	43.95168814507008
668	44.15627954571965
669	47.69214644134677
670	49.13028447739168
671	46.18566817479438
672	48.64501648782702
673	47.77917460936804
674	50.90018665573357
675	46.994770613705626
676	49.262065462325474
677	48.44671376407437
678	46.635100496951694
679	47.602720078959535
680	48.01496617548542
681	46.88193156908937
682	45.260179812948564
683	45.235696976156575
684	48.58175055955024
685	45.72880936899834
686	47.847995552494844
687	45.97903245797723
688	47.52875792219432
689	50.380206344947254
690	48.38807370094057
691	48.94777629002049
692	47.253955515571434
693	48.661093082985715
694	46.935987421111946
695	46.677909460729055
696	49.661309132773546
697	48.02614675150476
698	48.155549035904734
699	48.24395495803874
700	47.03339136082802
701	44.23271425581428
702	44.51541854168419
703	44.217310378280885
704	48.19375559327429
705	49.139876352391305
706	47.97603193674596
707	45.43634608339965
708	46.8382687706721
709	50.28023067367759
710	46.035766768949216
711	50.266781425478015
712	49.20049871519983
713	42.2528249259137
714	44.04916500085594
715	46.802186355551946
716	43.520880815618845
717	46.16292337008752
718	50.59188416786171
719	48.3845592886061
720	45.38134952245206
721	45.72189721116659
722	48.51143459403504
723	47.230228023248976
724	49.87634299568804
725	50.612626465492085
726	46.32949576263807
727	45.72398658890286
728	48.14911472345185
729	44.18893935220942
730	47.064795232668516
731	42.54529706505718
732	48.20705311442599
733	47.004057249297006
734	47.79317225072291
735	49.51922249872802
736	50.62418662951728
737	49.956835939937626
738	45.98497865997777
739	46.09112948081632
740	43.82021020070293
741	44.029777915247
742	46.26791928440268
743	44.84743499002612
744	45.779917808160896
745	44.722927247613875
746	50.14329872349064
747	46.84658412403646
748	43.17503238898095
749	51.75091015625092
750	47.139484544708026
751	45.93302733275046
752	45.73636861992534
753	58.34584918632028
754	48.02520795616371
755	45.07721724950072
756	45.95327320485052
757	47.54275931880304
758	42.972540482262744
759	47.60533441716275
760	52.727844552397364
761	43.894578770570995
762	43.77405424043355
763	42.54509962949115
764	45.57073318684112
765	46.83550236594928
766	47.90514223049602
767	43.58109701623336
768	46.01903963565122
769	43.99829669308537
770	50.816085859295015
771	46.252021288753205
772	48.48930351104338
773	46.826410536044996
774	48.30320327115443
775	45.129797226359
776	44.16006453014843
777	50.15497404704432
778	49.01558289828091
779	48.2744793907397
780	66.61140807622658
781	67.60271210106094
782	70.13328271222471
783	72.07174693913952
784	70.20240301605345
785	68.36388414754141
786	72.32047667055069
787	70.98122790832497
788	72.35293164649757
789	73.18952149907578
790	73.15226463757998
791	71.61959955285607
792	72.48929405627014
793	68.97445154044588
794	62.55216848936369
795	65.48503361985237
796	65.57738336511615
797	66.63375213795915
798	66.6698850672874
799	68.08955428213068
800	67.66376543727824
801	65.39104461136155
802	65.49458379995754
803	72.70804843227012
804	67.74325871926678
805	64.14257927987465
806	64.85442825534454
807	66.40379493700418
808	67.39500017164909
809	63.408136433024154
810	64.53798247731794
811	63.93062858296245
812	69.62777091379003
813	70.23906059467032
814	73.26008745945195
815	71.1601353956185
816	71.18105117366213
817	74.49840713152855
818	69.92879351886552
819	72.1000807866839
820	75.71694655540028
821	72.23820215078999
822	76.14441227791292
823	78.62425429128905
824	70.44580747976026
825	71.82272456636056
826	77.80563920516747
827	76.36518870052407
828	69.16231780371312
829	70.52520111321596
830	68.08178402959011
831	72.98330646063941
832	70.87111505849907
833	70.0196678878792
834	71.02744271280889
835	75.70511103013531
836	70.74986035613149
837	69.9842056117097
838	72.97833793905923
839	71.5823884940434
840	67.31069824261458
841	71.9284836650904
842	70.629107915851
843	76.75492651369245
844	69.18441707841232
845	74.25078664308975
846	74.12112543749174
847	72.88236069087718
848	70.28735556869378
849	69.69862859578869
850	79.36751028181325
851	71.2057075584275
852	70.61148642644753
853	75.57066666484455
854	70.3102382003248
855	72.81115937186853
856	70.70766492282102
857	70.05681519803447
858	67.18669302597705
859	69.30734986754162
860	64.36734118844008
861	66.10716263267805
862	64.05799663440148
863	62.89757981778507
864	69.07558523367588
865	69.97799460810009
866	71.47966649115442
867	71.53613028246625
868	70.73105111952647
869	72.27872425213876
870	72.55061485877707
871	73.27860902746966
872	70.0540868038895
873	71.2680191052608
874	72.34182002279762
875	72.09091714550219
876	71.80003485410327
877	74.99055995674355
878	66.03955595271717
879	72.78360796311324
880	72.81260308981241
881	76.53715130154272
882	74.91922193804652
883	74.35571964682721
884	70.48743939994377
885	59.946044503120326
886	64.76818382087298
887	64.78772340309757
888	69.11681433047764
889	66.00575248892736
890	69.63054426250581
891	69.65984529011436
892	66.74740975499682
893	70.07208759311922
894	67.4055656068795
895	66.18843197984091
896	70.08987218457582
897	68.01845088211842
898	75.33046695366056
899	72.43554194549628
900	72.05367130660966
901	69.14573805066624
902	77.52086191118771
903	71.65758118332789
904	72.39797246208569
905	58.39336903833713
906	64.58457460107971
907	68.0751758131865
908	70.28034752149979
909	76.19172353779443
910	70.70737301700903
911	73.65893522765461
912	77.2382387312286
913	72.92215117359542
914	75.86451430414577
915	74.03507611960946
916	67.53582417650142
917	76.00066699420022
918	72.33832646060758
919	65.53910077109462
920	66.55528540017784
921	65.09059689458809
922	64.84944763914315
923	68.21096029639111
924	63.56115332251943
925	74.96580194144504
926	62.778993077927865
927	70.54487336493295
928	64.60649665173867
929	65.99458035084258
930	68.62030783854854
931	69.26435350871293
932	68.41114010114421
933	65.95811323001674
934	63.37021498700613
935	72.13072500791348
936	74.91457867086793
937	67.75511841930167
938	62.987101963043685
939	64.86356489020245
940	66.05889226648705
941	67.23813342409917
942	65.20911328080751
943	65.77910947334524
944	67.60223063658658
945	66.50776868553352
946	65.86981149370837
947	66.75950818450328
948	64.16536946232313
949	74.8202759637699
950	68.26885267253591
951	72.3351155337171
952	67.67386706912278
953	71.6277166144787
954	61.64855835413368
955	64.74022876926522
956	65.53984974117807
957	63.82320765846535
958	63.41501447774103
959	66.08058739764448
960	69.26831023261734
961	63.48758709160756
962	67.89052553141593
963	66.52003249736454
964	66.90179330182198
965	65.54044434897003
966	65.17254876630899
967	74.51046374377444
968	68.61438669422996
969	74.75851207863388
970	67.38092128044842
971	72.11852538234982
972	71.33793033177541
973	69.35127457654707
974	70.44010767349894
975	74.75072473207878
976	69.93330715737072
977	75.0049527593318
978	69.83028559654103
979	68.94699579304843
980	63.46689962060146
981	73.15890493595573
982	66.93962911176871
983	60.67199494463779
984	67.11748842414666
985	71.87169232046834
986	74.53037542642299
987	73.92926845805033
988	68.80069375458959
989	66.26579658012051
990	70.12804697807888
991	72.90269257592408
992	76.1390565306166
993	70.07091578985975
994	69.15598467934359
995	64.53231892443193
996	75.05533089743189
997	66.6824672418505
998	68.11759403834698
999	71.92704611296996
1000	66.12226496054636
1001	65.59612604552024
1002	64.17052849533789
1003	67.43512482497538
1004	65.29401336502089
1005	64.99309516779732
1006	60.11416761926861
1007	64.05695868976078
1008	71.02911692628523
1009	71.94397137557515
1010	66.42861578124639
1011	73.64029085384733
1012	62.6231663601906
1013	69.40782820723184
1014	70.15191052113379
1015	65.47431710695977
1016	69.93911450342043
1017	69.3552591029902
1018	70.43803364424603
1019	67.55639700079517
1020	64.83633884031161
1021	66.1689914096931
1022	66.01414727167237
1023	71.35876011748708
1024	72.57562612920856
1025	66.6655168595911
1026	66.2679782403998
1027	67.65308015616904
1028	66.59517570922749
1029	70.02833675023015
1030	69.20143575775928
1031	66.5894213933456
1032	63.62692651571682
1033	64.6377103395677
1034	65.32347644534262
1035	68.55528744257143
1036	67.87799315235824
1037	71.36450893745446
1038	65.6229244884707
1039	69.26546757981933
1040	67.3059633285398
1041	66.68050444950235
1042	70.28405331659896
1043	64.16491218451249
1044	65.4780937109507
1045	65.38645405258443
1046	66.556244625451
1047	66.20399882623234
1048	66.52296718579213
1049	65.73660464909278
1050	67.09973112477947
1051	76.74615535339521
1052	69.49560561635835
1053	78.86085015681599
1054	71.13914207384809
1055	69.8018880024792
1056	68.9439282803404
1057	72.69833844652827
1058	66.98581081232534
1059	73.89144169561973
1060	73.10824301049466
1061	74.46007373843938
1062	71.86644617447362
1063	73.42073437641912
1064	74.40977708747111
1065	76.73057476179929
1066	69.41937014682718
1067	73.18389290201911
1068	74.13459782633753
1069	75.35137035264985
1070	69.85689845117687
1071	66.89035335861936
1072	68.26936095528175
1073	69.96728723380477
1074	73.48200589668093
1075	71.40686084841516
1076	64.60409356132996
1077	69.78232622952814
1078	64.64123703925138
1079	66.3320387597919
1080	68.38142700866041
1081	65.70810204465108
1082	66.94453668339648
1083	67.09396206396683
1084	64.99209167338059
1085	66.80568148952392
1086	69.29601545951945
1087	72.56992718387676
1088	68.29030060650832
1089	67.3318994146787
1090	64.82962834675617
1091	63.07006395480603
1092	63.02186104870768
1093	62.76127092268384
1094	65.87260350169649
1095	64.62026343230761
1096	64.26917931221013
1097	69.55979406164336
1098	65.30356814679182
1099	60.851784870115225
1100	65.94829557745368
1101	71.10453422974969
1102	58.667071333042045
1103	67.57578244823895
1104	62.4704393833746
1105	66.58699459296105
1106	64.18724765285044
1107	66.91532642985102
1108	70.66780147875073
1109	67.46442796033628
1110	75.44571032714308
1111	72.06945244538475
1112	72.30214823304829
1113	67.18838091988282
1114	76.33750149560079
1115	69.50684834345589
1116	71.42092043052308
1117	72.58213156338041
1118	73.76070611662357
1119	62.686733215815316
1120	61.22063945951766
1121	64.15565264877843
1122	64.62451643726638
1123	65.67964179593197
1124	64.1637304547291
1125	70.34617658571483
1126	65.43463200310103
1127	67.26932154394406
1128	67.0254067735011
1129	61.83219706256014
1130	64.58458113388983
1131	66.35784223548741
1132	69.22574581616367
1133	69.4048821655898
1134	68.51905322207523
1135	70.4294144222395
1136	68.07997745360149
1137	67.49279913366075
1138	61.0916564153561
1139	67.5693345451789
1140	68.39846186418383
1141	62.89162640613886
1142	64.68810536890155
1143	67.60636798130314
1144	67.40429076921691
1145	65.042547873943
1146	62.834253473663566
1147	69.24172369564783
1148	66.85550596159378
1149	64.59262175707015
1150	62.881494983533244
1151	64.6743044984097
1152	67.5679306523559
1153	67.8322021592442
1154	72.71000812642046
1155	67.98522588699417
1156	67.01232185625278
1157	64.94813878483119
1158	64.97447694700317
1159	71.83425114209834
1160	57.07468203434892
1161	70.28767597558654
1162	69.97899246481057
1163	63.582886451664166
1164	67.2506787793799
1165	68.47927321262219
1166	69.66184960020384
1167	68.15884611224057
1168	66.11610545972832
1169	66.56818817663029
1170	70.59633646831335
1171	67.34860468160086
1172	64.78029936925077
1173	65.00778473301
1174	71.45549599613477
1175	68.35556466579875
1176	69.76440821655228
1177	71.31390338649504
1178	65.93928942187466
1179	70.18397434224407
1180	65.4669476077147
1181	67.54042858266956
1182	67.09423394709698
1183	68.15488666853032
1184	67.04002563115901
1185	67.19433301373654
1186	74.01163231125888
1187	74.7898378808031
1188	74.847002053096
1189	62.65956227715455
1190	64.10162774409015
1191	63.87960987033555
1192	65.10151204237535
1193	65.11618474748197
1194	67.92191911215413
1195	71.30615410662992
1196	67.81906708860238
1197	69.60068811080626
1198	67.82400753627478
1199	64.70326552733945
1200	61.24573952910813
1201	62.77112338328312
1202	69.27254002627726
1203	64.2078451423853
1204	63.56559283937348
1205	66.95671519692714
1206	67.51505720574994
1207	69.2496972089862
1208	72.3771565781065
1209	68.66438547817708
1210	62.272182165664645
1211	74.30971084242665
1212	71.38276881079645
1213	76.34363446170703
1214	70.78123678328052
1215	70.50181446968274
1216	76.27097679536404
1217	69.06995954164323
1218	70.94220580887026
1219	68.24642708206329
1220	78.5691291201929
1221	70.6741880369925
1222	69.71520313807001
1223	65.86739018079838
1224	75.91928192802176
1225	72.73062622413453
1226	74.2552317037056
1227	62.78726554292637
1228	67.46051408373934
1229	71.5734699885138
1230	74.42020601424588
1231	70.77482414571185
1232	70.63528001429052
1233	73.6353049285834
1234	71.45820154266718
1235	72.08370243552007
1236	75.84587168393296
1237	71.70204943789028
1238	69.94214085937878
1239	73.60961423913204
1240	70.18584542156798
1241	70.2397979519309
1242	76.80829051297842
1243	64.95494305281447
1244	69.23005681557268
1245	77.84411514913793
1246	68.00241264678662
1247	69.4872475911645
1248	72.68069276010078
1249	73.47062232917412
1250	73.38392909902835
1251	73.84439514727926
1252	74.38507160418207
1253	68.18945538296552
1254	74.4787811155631
1255	69.19741432494737
1256	71.23210737400626
1257	73.05455287425025
1258	75.86637179094404
1259	74.51571659131332
1260	71.86239659698141
1261	71.50148625891742
1262	71.80992688315699
1263	74.76961561945144
1264	74.70646398706896
1265	71.78539372385885
1266	72.59303544084639
1267	69.78315134879585
1268	69.64193815037184
1269	71.31632663016607
1270	71.15185829734234
1271	73.97012205606245
1272	70.89506927620239
1273	72.14151595052273
1274	73.66383516590626
1275	74.87733220256615
1276	71.93698009120615
1277	65.79025793053101
1278	72.30832526907531
1279	80.01094321417621
1280	71.48165873411712
1281	73.7981933265375
1282	73.86552036806684
1283	70.6154236070244
1284	69.94626676652028
1285	74.69424606752538
1286	67.65565514329501
1287	73.1629760851775
1288	72.13728553012695
1289	71.76189155641971
1290	73.79362647526797
1291	68.09025796274797
1292	75.26041917373367
1293	66.74786051648306
1294	70.13507285084506
1295	65.28075131238734
1296	68.54437459980404
1297	75.00805976550942
1298	71.38386113669118
1299	67.95176555761901
1300	71.40815929716122
1301	72.59081131555882
1302	69.08148791528231
1303	74.11791615871972
1304	66.03309567055221
1305	72.96161565002336
1306	71.10120303825592
1307	71.82707632368854
1308	77.83327676333782
1309	71.2907500625642
1310	73.03891336417152
1311	76.44548197192802
1312	69.47851611662841
1313	70.24622962311248
1314	70.26266939140481
1315	75.07917786504201
1316	75.13564737840605
1317	76.60723840662247
1318	68.35741021453431
1319	74.37961460265164
1320	70.63474673744466
1321	73.80896618767878
1322	75.99408138735927
1323	67.1285437919864
1324	69.5900992046365
1325	63.797144085066805
1326	75.05574880843763
1327	72.77871585738202
1328	77.84352563990748
1329	73.58338779722854
1330	74.08693712232144
1331	68.9858056859413
1332	73.88490503895133
1333	75.0427577414989
1334	70.3511294094007
1335	68.04504967546409
1336	69.71723805454656
1337	65.99735791406474
1338	63.17398832313121
1339	63.52512193494912
1340	64.88959666482258
1341	67.83933446426751
1342	64.2667061486195
1343	59.804582884532515
1344	65.7567911470738
1345	65.64045150999607
1346	70.41754302203283
1347	60.97984286936198
1348	64.42683789476747
1349	64.33417480155717
1350	68.19872272734162
1351	69.40868858643461
1352	67.48792004171796
1353	66.83270615461018
1354	62.490916464447935
1355	71.72099237685309
1356	64.66914828131081
1357	66.72784930104224
1358	71.57067555030883
1359	71.28549810056236
1360	65.88092255613832
1361	67.38438486177229
1362	66.06160936447081
1363	67.07275581446754
1364	65.70656588084938
1365	67.6124507283362
1366	68.8583400167357
1367	68.10990042801818
1368	70.67700965620303
1369	69.48294632226245
1370	65.02285221038913
1371	73.69761305978463
1372	75.55929298103078
1373	66.54247934880246
1374	74.85974115167062
1375	68.5455507163334
1376	71.66607332292202
1377	66.26215642273664
1378	64.44016578028754
1379	74.26648235660323
1380	73.31821214454439
1381	74.91801975908751
1382	72.92073934472748
1383	74.64701127717748
1384	69.20092546996979
1385	69.05140263271691
1386	67.43959658007712
1387	74.18050449331108
1388	74.10622817260644
1389	74.49422178075383
1390	72.05853932826373
1391	71.45706808195473
1392	71.09450967514198
1393	71.18976143624346
1394	71.39705567935025
1395	74.48974660980736
1396	74.32023208674707
1397	69.86599741475274
1398	71.1224896084354
1399	69.90484058130646
1400	69.658256418818
1401	72.66150507383415
1402	77.30893810096164
1403	74.8635644090589
1404	69.43966169831607
1405	72.04001798111352
1406	76.00276288619408
1407	71.83867167216866
1408	75.95798307560956
1409	71.30029841352844
1410	72.51219815422104
1411	73.22637253997743
1412	71.8963516987365
1413	71.38354425301833
1414	72.63604920354774
1415	69.18496459712037
1416	76.54528881195861
1417	74.4003546271646
1418	72.27089877229459
1419	75.48552885024446
1420	72.26061180402408
1421	70.65900251807234
1422	70.29467237447429
1423	75.43637797912398
1424	66.30033894733958
1425	70.24305184023379
1426	76.33091735251351
1427	72.9356049702978
1428	76.21677671840918
1429	71.6896767361987
1430	72.91942216101151
1431	75.93531344281865
1432	74.87717466565873
1433	71.0785570565248
1434	67.65509828610179
1435	73.20828359260626
1436	71.25143130926953
1437	69.64182736745605
1438	75.05569877137786
1439	74.58873514976153
1440	74.89221221834433
1441	73.11380067800316
1442	72.39421331131221
1443	79.7938183238686
1444	61.98682544066907
1445	65.32473223952297
1446	70.10654620264431
1447	68.59652061809457
1448	71.96442862885618
1449	70.98408127325439
1450	71.10290167996969
1451	72.27595582371289
1452	73.75657410728839
1453	69.76743113507486
1454	69.21454574568862
1455	74.3534854646505
1456	73.17779024446808
1457	68.84381495563852
1458	71.41357540787251
1459	73.49705104442337
1460	71.09623695173862
1461	74.30013426497803
1462	69.70310940917578
1463	69.39406559770244
1464	72.48990467146535
1465	67.96022620802697
1466	69.15938292799717
1467	61.06195741596276
1468	64.15168110521512
1469	64.49604811458319
1470	63.02944351906341
1471	66.0714787592815
1472	66.4588661087269
1473	68.77388714477419
1474	65.56898007273622
1475	63.26594722474193
1476	73.65545898591768
1477	64.20775082945062
1478	67.16963275188465
1479	64.07246149541893
1480	62.26937961653287
1481	66.59680498186887
1482	64.72703028155217
1483	67.64962881390011
1484	68.64081520852082
1485	73.13028157146948
1486	67.5727423260931
1487	67.35011225766115
1488	65.95214968025107
1489	67.05676736802484
1490	68.26124771566268
1491	67.77873539814564
1492	70.64880885445598
1493	62.8981972028995
1494	69.49115298805344
1495	73.67304117784009
1496	69.58653395832508
1497	67.43243450843086
1498	65.82395117340742
1499	71.82692298589842
1500	65.93813403788664
1501	65.05763327430715
1502	64.64578565938017
1503	69.61944652726538
1504	61.42121218715828
1505	65.02924115499722
1506	67.66551098355642
1507	65.231980838511
1508	68.94966655520894
1509	69.38940300832606
1510	65.49316648752838
1511	72.17158708704639
1512	68.06008689070875
1513	69.82522353462781
1514	60.55035887816799
1515	65.63344748636017
1516	62.67155864686489
1517	67.85962361185388
1518	67.26518757526436
1519	67.24850634661946
1520	65.20962291593307
1521	71.52103505883584
1522	65.49817879089827
1523	70.16149283072673
1524	68.47031577951793
1525	63.103942228834384
1526	69.46733889213527
1527	66.82894536891467
1528	71.1576344616222
1529	66.92845029079409
1530	65.62361959477523
1531	68.73241825846895
1532	71.79010657743868
1533	69.76579368035016
1534	71.08471201224471
1535	75.36310817928911
1536	65.9043581804693
1537	70.67509287157743
1538	69.028354301701
1539	68.18540129931141
1540	68.95736355964468
1541	66.56513810043809
1542	65.75710510810293
1543	70.07441021527247
1544	71.27259134414356
1545	69.0529116856815
1546	74.47189635727177
1547	72.60634233437938
1548	77.48123407782651
1549	75.36500327376969
1550	66.5057159508571
1551	74.44573140218804
1552	68.45112936512362
1553	63.4003121795044
1554	65.44352198490309
1555	69.62194492864569
1556	71.51141727023017
1557	75.96872910148582
1558	64.14555156190491
1559	64.12393453557098
1560	67.44227799758622
1561	68.446075957492
1562	67.5632174983027
1563	76.45222332732061
1564	70.05445305145086
1565	66.21437139652423
1566	68.79708207613326
1567	72.84532609162113
1568	65.31956111928608
1569	65.31037595842018
1570	66.24756211524209
1571	66.39371715602408
1572	70.16556201331429
1573	70.56052157208643
1574	67.26389060083899
1575	71.66694380989036
1576	73.28279996138767
1577	76.45811420481745
1578	75.35165186933557
1579	74.94535445428728
1580	77.75979912674904
1581	74.20332607057344
1582	74.9692389281994
1583	70.37591847911384
1584	68.78461137050245
1585	72.66485597326948
1586	74.44682263304496
1587	73.57045060042186
1588	73.24988720573127
1589	68.2869603032963
1590	73.46226618830097
1591	74.18571619069353
1592	74.16249107359963
1593	69.33170907265482
1594	77.5027649653592
1595	72.71607899253999
1596	69.83429968293649
1597	70.7989565962948
1598	73.59423652905602
1599	67.33898760009305
1600	69.49443051964053
1601	74.49683021582531
1602	71.33613911320509
1603	68.70450156619044
1604	67.90050870994419
1605	67.42034776661444
1606	65.92294565792432
1607	65.8998357093553
1608	67.33288136202866
1609	72.57426274303035
1610	67.09887597743133
1611	75.64369655337157
1612	81.0080633407818
1613	71.85122349893275
1614	70.48283256937573
1615	70.36937078452992
1616	76.50095103196685
1617	71.00100944074026
1618	70.32208563378637
1619	68.96006298042165
1620	64.53056134475953
1621	67.89370981205869
1622	65.46515514368129
1623	64.59914327777456
1624	65.15911422365183
1625	67.86014677822462
1626	64.87986733812116
1627	69.92680322361808
1628	65.39954915469934
1629	63.96260441213364
1630	64.04976025192643
1631	69.33811377013731
1632	68.28855407180144
1633	69.14225223568431
1634	72.66045782083943
1635	64.77548977927691
1636	67.5986465415609
1637	67.95537952141292
1638	73.02174126653335
1639	69.42852128295574
1640	76.43743185649686
1641	73.72576716056203
1642	70.77353990824962
1643	69.45575938959206
1644	70.4460755597233
1645	68.94927110002527
1646	79.14671387886446
1647	69.19831763790127
1648	74.13805894612956
1649	68.49566518446082
1650	70.79426207582321
1651	75.79508963353105
1652	65.16382833764071
1653	70.19892084146319
1654	72.3902676318632
1655	65.19595897634031
1656	66.60009793450517
1657	69.00359314137617
1658	64.75796220644646
1659	68.9045245185058
1660	66.35056982339434
1661	67.2940272231742
1662	63.808507204705
1663	63.27029340446107
1664	67.55092542923627
1665	63.42901743289143
1666	62.69497356272158
1667	67.59064261439022
1668	67.54133126127041
1669	67.11054321754209
1670	62.44579517977303
1671	69.07834454165261
1672	69.77450319989356
1673	63.27556611402919
1674	67.73152923909258
1675	67.53301991599679
1676	65.85675685450586
1677	70.18547624418149
1678	77.82895290952861
1679	74.43250559809327
1680	71.01674304805036
1681	72.28704745968378
1682	73.56243155380788
1683	70.45184318154008
1684	72.54200625554554
1685	74.36834749675577
1686	66.18304415584271
1687	70.65715843734273
1688	69.08738950364408
1689	68.74702378853169
1690	65.88807057351475
1691	69.28098566013703
1692	70.0489208776013
1693	75.58816874284727
1694	69.39269530290838
1695	80.37065489215611
1696	69.8134278951808
1697	71.89898147629779
1698	71.46809576718017
1699	63.28194112199615
1700	61.954170888258126
1701	68.31208846971467
1702	67.1082593374481
1703	68.32673256027232
1704	63.49806750645361
1705	69.82412409898157
1706	68.3073582159757
1707	77.55803911995636
1708	71.81549538734937
1709	72.19902151741984
1710	74.4657305496491
1711	72.27493282812975
1712	74.9867461835407
1713	70.95965712595968
1714	75.00302738796616
1715	78.13880370309403
1716	81.43929316651337
1717	69.24615727857245
1718	82.0934815148165
1719	69.77151957521505
1720	70.61525908840397
1721	72.64192442529868
1722	68.40110900950046
1723	69.547391540598
1724	71.90519956204722
1725	76.08355478036752
1726	71.94813255137441
1727	66.99991669701562
1728	66.37995983705822
1729	61.11657286152944
1730	66.93519440066716
1731	65.4977432614649
1732	70.66677423785455
1733	63.14597881987903
1734	62.995645971289576
1735	63.39588261866194
1736	66.13705275693526
1737	68.00796975260664
1738	65.93463123158189
1739	72.45721575148619
1740	65.8346620088912
1741	74.2222556729452
1742	72.1369030397977
1743	74.48209871922516
1744	74.69885652346791
1745	72.59448189463195
1746	67.73442212170126
1747	74.7241868856325
1748	70.70976921601607
1749	75.82314662879136
1750	78.89124228371095
1751	71.62673779835957
1752	66.55152229312753
1753	72.770928899215
1754	79.96501913226405
1755	68.61617433991984
1756	74.74188737188095
1757	71.72092374462774
1758	72.680326281936
1759	71.4995458555756
1760	71.13503753030983
1761	72.7957099770603
1762	73.83093374502073
1763	73.15209010787999
1764	73.25237555211454
1765	74.73799556384611
1766	73.72180664950542
1767	65.94436442172166
1768	76.89524045897849
1769	67.40371339088755
1770	78.86109050115195
1771	78.8451984034236
1772	77.25881511014309
1773	67.80731645486183
1774	61.26642930037531
1775	74.79656734234312
1776	74.62669183083463
1777	71.66138090095069
1778	73.33177882316654
1779	77.02236890475037
1780	70.74365046139455
1781	65.38399859783242
1782	70.80650864385198
1783	75.17909229643271
1784	67.37205147941195
1785	72.49113552823358
1786	63.21331616408457
1787	71.19938758701562
1788	66.3520200866893
1789	69.79917685427412
1790	69.19731422718404
1791	62.16564299816458
1792	66.63475604430971
1793	61.742909104776444
1794	61.70763865650029
1795	67.38186797943126
1796	63.78689293735048
1797	63.34783368436859
1798	67.34353409519423
1799	68.64826416844068
1800	68.0965223612503
1801	62.807359488803826
1802	68.47841977479557
1803	64.4038634472894
1804	66.18397858918809
1805	63.04031309248062
1806	63.235880133808095
1807	67.92313827603176
1808	66.60478352663756
1809	66.47251124541205
1810	72.13856223502941
1811	65.83145704064886
1812	67.066438482997
1813	65.2094666102266
1814	68.80185624437982
1815	67.60796407191069
1816	63.13582939254312
1817	63.16666828691789
1818	71.23429674368211
1819	66.11671525575197
1820	64.27855626464886
1821	65.09532090462174
1822	62.68240434598044
1823	67.96430332556494
1824	67.85031744912573
1825	71.07300264159558
1826	75.81871921727637
1827	74.39625727606555
1828	70.05243089494346
1829	76.06707673532269
1830	68.20619618001145
1831	72.49433976078274
1832	71.03642723209605
1833	70.56300509777586
1834	75.04147358333793
1835	76.6048148707866
1836	75.17508499305883
1837	66.89087577159657
1838	60.85988734591756
1839	65.98357425791649
1840	66.08844078928786
1841	65.39080775751331
1842	65.71430903003073
1843	67.3318492062596
1844	67.12281720098555
1845	66.70861222724668
1846	66.94589360514854
1847	65.24931467947209
1848	65.30329123816756
1849	64.690573331401
1850	67.1533140076966
1851	65.85945498171188
1852	70.75172639374657
1853	63.30293862670078
1854	66.83075553434062
1855	67.64171501251735
1856	64.22413573221863
1857	66.74138662322603
1858	65.41700190172574
1859	63.307122827061
1860	70.19938170890259
1861	64.7514468984411
1862	69.19227529252481
1863	68.48038285524318
1864	66.67547824024284
1865	64.63133415227465
1866	64.59923214674407
1867	65.01206492203438
1868	66.78336636074434
1869	67.5615097300216
1870	68.69225712362213
1871	69.43930637223956
1872	70.21350063083379
1873	66.48717032425742
1874	67.24466517988444
1875	67.96630606862723
1876	67.44302653130866
1877	67.11552256762502
1878	65.28574013229048
1879	64.23233361550574
1880	67.04509502475952
1881	58.34293443176498
1882	68.99257920235132
1883	74.62799454302753
1884	70.02838782962986
1885	70.66022395289285
1886	76.34589166624995
1887	69.27969439002138
1888	65.20213632847356
1889	69.84975027996944
1890	78.18962895049081
1891	72.65993120713857
1892	68.60800320467445
1893	67.87126511107864
1894	66.8996023176641
1895	71.49222744867535
1896	64.05341983049904
1897	65.14533647190864
1898	67.78187426902781
1899	71.50332859338374
1900	73.67528699579712
1901	69.7936673617152
1902	68.773897786463
1903	72.5969217691207
1904	65.50152196287456
1905	65.34389073524798
1906	63.52110403908468
1907	70.48970377460414
1908	68.04318370058269
1909	70.2668802146224
1910	67.11468908175054
1911	74.84021793718003
1912	66.2413476262488
1913	65.92133950890431
1914	68.40391738840182
1915	71.91150198139206
1916	64.02602021086335
1917	63.95096277319368
1918	69.54524611456748
1919	65.756235291888
1920	63.400824451518226
1921	65.53864653994917
1922	69.43267395291328
1923	76.99911025546466
1924	72.781954190354
1925	70.6364859683921
1926	82.02798099238228
1927	74.30955137519923
1928	75.40518057470508
1929	77.17174616750646
1930	71.79319801816786
1931	70.53460033905839
1932	69.1262052858562
1933	67.96617420818578
1934	73.3710577830422
1935	74.2415322715213
1936	75.2647142346875
1937	72.15857865829645
1938	71.83528916127896
1939	66.73978975227246
1940	68.51858436672136
1941	64.26253405798549
1942	73.13537406734709
1943	69.30276182662118
1944	72.56829530861724
1945	74.03216058851919
1946	67.11724130343784
1947	66.7491278491655
1948	73.80321832602169
1949	76.10110745458299
1950	68.09107051055646
1951	69.07777971128529
1952	71.82949020388997
1953	71.33402707473198
1954	73.25347690826864
1955	76.09341211772823
1956	72.10310595381459
1957	73.88538631169585
1958	71.21518767204462
1959	71.5011547434319
1960	74.37593859301916
1961	69.76801519324827
1962	69.80891322438154
1963	66.29207486304745
1964	70.99386529839083
1965	64.62338601545345
1966	71.15396651770664
1967	69.60443191653455
1968	73.55106771262938
1969	69.9017566447897
1970	70.4158866014675
1971	77.13815938718527
1972	71.84716630363846
1973	67.72604113428523
1974	71.95037563379994
1975	72.54814157979423
1976	72.66221059536662
1977	68.20050963535917
1978	74.30595360724824
1979	72.54144707681989
1980	71.69234828095846
1981	74.59473339803178
1982	71.29954215937956
1983	71.73974585999271
1984	70.97908426887798
1985	61.16232378083716
1986	67.23065218833347
1987	63.70292793879129
1988	68.11503882285506
1989	63.537646091760806
1990	76.90263734085069
1991	73.90267088547306
1992	65.25170435969474
1993	67.14639463395812
1994	65.36261202402636
1995	75.0596940588681
1996	68.01982588895285
1997	75.09845582759061
1998	80.96277695864435
1999	72.78222415142245
2000	69.98299068574921
2001	73.92892730223583
2002	76.56192426192592
2003	76.69116666480693
2004	69.33504423083834
2005	73.29086539729249
2006	65.73564650569001
2007	72.12650099202386
2008	74.98418929041776
2009	71.90499083808025
2010	72.3303483641806
2011	66.851624912248
2012	73.6356170882749
2013	72.52580045037786
2014	73.20840220522226
2015	80.3548898397468
2016	72.94399263533096
2017	73.7503876306746
2018	75.25825279078713
2019	73.05624775768736
2020	77.25271976852162
2021	67.4408483953555
2022	69.55352248760987
2023	71.55915888331508
2024	69.58053066846179
2025	66.80720336229827
2026	66.74479373176183
2027	69.05362371059616
2028	65.9813013148696
2029	64.92732624331462
2030	64.4272712323564
2031	66.5069341018656
2032	70.22469541832407
2033	67.16117692299053
2034	65.47906306176093
2035	66.98493837815623
2036	64.55030822977604
2037	67.80855435450887
2038	74.48783371738635
2039	67.75593144926921
2040	69.30313827678442
2041	68.48824866337527
2042	63.235785846058256
2043	65.07186959690917
2044	65.44769237829506
2045	67.13193965202187
2046	70.16530121202612
2047	66.90366015066313
2048	65.37235597603738
2049	64.31652967438626
2050	67.07513409125765
2051	63.89950122319388
2052	62.07927012099662
2053	63.05472939609259
2054	64.70885853496175
2055	67.37721417347508
2056	66.04878683622066
2057	71.5562574521916
2058	67.53816159100094
2059	63.428363421317506
2060	59.94963005881849
2061	65.9320180465638
2062	63.87375687419255
2063	72.57413234029377
2064	66.84544615022882
2065	67.154116315998
2066	70.15431322677676
2067	72.52801695979409
2068	68.44771601085449
2069	80.32036342608386
2070	76.23864259890202
2071	68.66156170677532
2072	68.60635213236853
2073	67.3661368683052
2074	65.42094108184911
2075	65.51208633574628
2076	59.69888317896074
2077	63.464087574202225
2078	66.95878580400345
2079	67.44106937596138
2080	60.51905500643417
2081	69.05426109236429
2082	66.26403677658469
2083	63.597505344514126
2084	65.58385362304548
2085	70.4319655069154
2086	69.15467447480175
2087	67.86379815547893
2088	63.71980533929383
2089	64.52813555091988
2090	67.64949936216837
2091	64.880879890039
2092	66.98959558452992
2093	69.01156365619079
2094	66.66301972081797
2095	70.60822771847701
2096	63.86446356255449
2097	69.32017684262951
2098	69.1563764902429
2099	66.03270901127937
2100	68.18552760379661
2101	67.37927890769454
2102	68.18288518787136
2103	64.32465321919807
2104	70.21255920168059
2105	65.55155078514827
2106	64.45678223610872
2107	63.7015842836438
2108	64.89112189301616
2109	69.46220094776811
2110	68.4453834725978
2111	71.96246423940559
2112	71.42137048538548
2113	72.98821719873189
2114	65.44896736164621
2115	72.49192122025609
2116	64.65368198920092
2117	72.65120093460148
2118	73.95860401887161
2119	71.22910369686822
2120	76.37439322904804
2121	75.3202910813481
2122	74.15570303137788
2123	71.11533382696463
2124	71.01333204180709
2125	68.46728339863924
2126	74.08860266531696
2127	79.94778481899066
2128	74.28334115729876
2129	69.28465678054266
2130	73.7272394445745
2131	67.37774747196966
2132	69.55068497745525
2133	76.39500333751633
2134	69.93144531777378
2135	74.22720476858342
2136	66.02887051785815
2137	70.99994785856836
2138	73.1046276412688
2139	67.76749883566642
2140	69.7095641339763
2141	68.73712926378646
2142	73.8394495059767
2143	75.1407806023307
2144	73.59826882789002
2145	69.07058600704808
2146	65.73997707987772
2147	70.77030687607541
2148	68.14928718893505
2149	65.6737219509693
2150	64.93322550752747
2151	67.98738895647821
2152	69.43915844706447
2153	72.1742755976849
2154	68.26645814312309
2155	71.46815517606446
2156	75.39532775008999
2157	67.64307417227238
2158	70.05294923557591
2159	65.0846438544085
2160	69.25297097223186
2161	69.97189401251273
2162	64.9150678916766
2163	66.03161124855949
2164	73.27028224666908
2165	68.06642575419716
2166	67.98094294501817
2167	69.8960390842001
2168	65.8230447654166
2169	66.00900662156229
2170	71.13799635649548
2171	66.56760329917469
2172	72.79027833686723
2173	62.77845477955942
2174	63.28951916226723
2175	70.60008116458768
2176	66.98182252855878
2177	67.95185046672935
2178	61.44628993204658
2179	67.820557053887
2180	69.43801829793371
2181	69.25545374668229
2182	65.33547331536604
2183	65.80560078498144
2184	66.22385105848669
2185	70.80856852656842
2186	67.66148624663325
2187	75.57018001980072
2188	77.1760628983212
2189	75.82250179900257
2190	66.30853989114388
2191	71.98300185387077
2192	70.60798638106844
2193	74.74628783881622
2194	75.58492298272796
2195	68.71613427734225
2196	79.02188529652004
2197	72.62243159284039
2198	70.85091232323093
2199	75.05043775121244
2200	67.78475029161314
2201	71.602059987115
2202	73.87363658425683
2203	75.57190144545756
2204	75.97925604328476
2205	70.60613968636454
2206	70.12948393391156
2207	68.65959876120564
2208	63.82239279596092
2209	59.9176019291051
2210	64.52716205381397
2211	67.48134491550131
2212	67.73929921598719
2213	67.90708062232416
2214	59.96555978976454
2215	70.70950452976936
2216	63.378837699399824
2217	68.97178078721421
2218	69.53092243509816
2219	66.14655884764477
2220	74.2302332819176
2221	62.200767227271754
2222	67.31724018681396
2223	71.1413573233805
2224	79.21050180961521
2225	72.72549517947355
2226	78.56656583118314
2227	74.17618102994378
2228	70.86019896901593
2229	72.99919962092298
2230	75.0518110610572
2231	62.51268647276083
2232	69.0578336363668
2233	62.26062468361709
2234	63.354269399226624
2235	67.37808393004703
2236	66.51357465262126
2237	66.13324955813574
2238	66.5014324211416
2239	63.2017468994091
2240	65.88637540792632
2241	64.324558330702
2242	66.28484977082948
2243	66.46615209140136
2244	63.714494273538065
2245	63.62763563173044
2246	69.71616885690096
2247	63.45951280663955
2248	65.64520574690603
2249	70.77495593470604
2250	66.30530985870065
2251	63.39870095917306
2252	65.58098557311247
2253	68.99008132576003
2254	65.51037002781206
2255	67.91556274189772
2256	70.47891720245285
2257	69.57151301672849
2258	71.52212663916133
2259	64.01263319278468
2260	65.78184804761925
2261	70.56062811978856
2262	78.32304493164189
2263	79.70479206145306
2264	71.04869161741037
2265	69.90094112406686
2266	70.20112234678372
2267	75.36571799378055
2268	68.64614978614885
2269	73.55821387546239
2270	75.22474151206117
2271	72.6295386851799
2272	68.50320208229934
2273	68.45992519048653
2274	65.47950481120782
2275	72.48574767974478
2276	74.38378082553608
2277	72.21637987954564
2278	66.5522811112855
2279	71.27696879588557
2280	62.7622879576077
2281	67.6979035825979
2282	65.5373252387351
2283	69.4429934782271
2284	66.22388792925689
2285	69.91205402865343
2286	66.48646801388138
2287	65.30340076508361
2288	66.09424098892828
2289	68.01871737314933
2290	66.74558928462531
2291	69.40983175093547
2292	66.53244168487589
2293	66.4648319236721
2294	67.63266430933332
2295	68.46586150878429
2296	74.19858433218054
2297	74.56958978640955
2298	65.798595638849
2299	70.76353985222293
2300	69.88186768932643
2301	74.20875813604094
2302	73.97772660718121
2303	67.28713686613784
2304	64.17305021811752
2305	58.63042830137486
2306	71.7152953324508
2307	67.74730641152021
2308	72.16742025793815
2309	71.02263177082835
2310	71.75178068122648
2311	63.586232939632126
2312	65.86226975020013
2313	66.90684184527069
2314	72.55889788064489
2315	68.06306175768545
2316	64.46092207474693
2317	69.43042234350308
2318	65.07940696777521
2319	67.54657697015054
2320	68.16664122707108
2321	65.29367588411854
2322	68.62535206608794
2323	65.49926691451176
2324	68.78489829860196
2325	69.3556823132284
2326	65.88642665775704
2327	71.56833914583906
2328	72.53678103903889
2329	69.25628048516984
2330	74.16356705145397
2331	73.0227359586834
2332	70.31177477039445
2333	71.98339806011312
2334	68.87458325523836
2335	71.95334026375565
2336	69.51125770755887
2337	78.70766328424273
2338	73.63440214470488
2339	74.42654890486745
2340	72.46747747999828
2341	74.79348215476489
2342	72.26151855938461
2343	66.53677719741884
2344	72.90306379791134
2345	72.08962396758969
2346	72.8566646482744
2347	71.63831359676918
2348	77.26344015085077
2349	75.26954911873794
2350	72.88250387675289
2351	80.01584405205662
2352	74.98546710820429
2353	67.33965453251861
2354	70.54653620457519
2355	72.2605132688838
2356	73.8701221950572
2357	75.00302311835539
2358	72.45382564968949
2359	75.70424812266344
2360	74.55974971673147
2361	72.0875589447268
2362	76.1554753852028
2363	73.82036953354107
2364	75.09671690498945
2365	72.48294920537602
2366	70.94732892882277
2367	70.83654640247397
2368	73.28460290357785
2369	77.03460376141076
2370	66.98613112000504
2371	65.58126596692662
2372	68.74209618922467
2373	70.29057155104293
2374	71.60540129130463
2375	71.10354864433978
2376	73.35426191491007
2377	73.6261341067851
2378	74.72963881363934
2379	74.62383932668163
2380	74.30632703468666
2381	70.69385691355869
2382	74.09146749410213
2383	75.33471368132808
2384	69.65234087836124
2385	72.32346224988892
2386	67.88354787270121
2387	68.16937210951133
2388	71.67116101559442
2389	71.49095950552902
2390	73.28649289246712
2391	74.49924999440816
2392	67.33873276422014
2393	69.2078444826382
2394	74.75184508237349
2395	72.52261002530535
2396	76.01816866992006
2397	76.44656139570618
2398	70.53051327017143
2399	74.8613340314103
2400	74.24389354012125
2401	69.64936199824801
2402	68.68728591144048
2403	72.37899381155874
2404	76.78238211361811
2405	71.10187678468776
2406	72.10545171027022
2407	72.23313389159676
2408	72.51186282057361
2409	68.88949358261401
2410	71.39784777031794
2411	65.64647907856944
2412	70.05051216846806
2413	66.85526554001493
2414	66.96807245462148
2415	72.7100562188623
2416	79.26344651403336
2417	73.86961531250405
2418	65.12036581651932
2419	66.74577831369186
2420	65.6928797510088
2421	67.40950391162902
2422	67.09879754754606
2423	70.85006997711527
2424	62.73970123772403
2425	70.95869827733671
2426	66.9336506520614
2427	63.71839220597025
2428	69.69062419190905
2429	64.57070806321154
2430	70.22428222484092
2431	65.58048568327482
2432	66.2758836898455
2433	67.57795718096433
2434	68.0295809078368
2435	65.46594145783342
2436	64.53767002714254
2437	73.82249337619666
2438	63.434615010342924
2439	62.46844552185305
2440	68.83277463519251
2441	60.79724151367624
2442	67.73167616060226
2443	66.00027182245167
2444	67.91132329900306
2445	66.20153484594606
2446	68.43487226631068
2447	64.36453347066968
2448	62.27259181584167
2449	69.61069684319635
2450	67.13085103323354
2451	62.59389864761031
2452	61.889342119765566
2453	62.38282960717112
2454	65.91097926716222
2455	66.27052650182999
2456	67.14701000899021
2457	68.54371093233797
2458	64.68596675985432
2459	72.02413666836296
2460	69.87174782358493
2461	62.12396377162285
2462	77.8104224980507
2463	72.28142535774833
2464	70.72012885502485
2465	72.525137153545
2466	72.99635724778615
2467	76.1654934546091
2468	72.74997768096887
2469	81.47091897027875
2470	70.75689938456046
2471	73.57004201266878
2472	65.82867721609996
2473	65.65342755560236
2474	68.3745034090903
2475	67.68445657340922
2476	68.01719026560879
2477	64.17663671264306
2478	66.6707771152749
2479	63.13158529143514
2480	69.0311037045153
2481	62.26043463932118
2482	67.72863768904675
2483	68.59538193326334
2484	66.24069604203815
2485	63.8894550480641
2486	64.86132210589605
2487	64.706704259936
2488	67.2440293178483
2489	66.08944623809724
2490	68.7458488270306
2491	65.78494040674255
2492	63.88259781097742
2493	67.43208965265376
2494	71.7236448306021
2495	70.62004148192527
2496	70.29203688639471
2497	79.01973900589805
2498	66.77878383082684
2499	71.94245346996483
2500	72.41123809506894
