1 24	0.9783539094650205
1 213	0.9992592592592593
5 85	0.9994238683127572
6 108	1.0
8 116	0.9992592592592593
11 116	0.9734156378600823
12 15	0.977201646090535
13 16	0.9958024691358025
13 109	0.7837037037037037
14 17	0.9996707818930041
15 109	0.9985185185185185
21 26	1.0
26 79	0.9995884773662551
29 34	0.9958024691358025
34 67	0.9987654320987654
34 68	0.9993415637860082
34 71	0.9722633744855967
35 38	0.999917695473251
35 67	0.9951440329218108
38 67	0.9931687242798354
39 50	1.0
43 48	1.0
43 70	0.19465020576131686
44 48	0.9990123456790123
44 49	0.9995061728395062
45 48	0.9968724279835391
45 49	0.9988477366255144
45 66	0.8841975308641975
45 70	0.7495473251028807
46 50	0.9988477366255144
47 51	0.9986008230452675
48 52	0.9996707818930041
48 63	0.9981893004115227
49 63	0.9975308641975309
52 63	0.9996707818930041
59 63	0.9959670781893004
62 67	1.0
63 66	0.9996707818930041
63 68	1.0
64 67	1.0
65 96	0.9992592592592593
65 99	0.9987654320987654
68 101	0.9998353909465021
69 99	0.9979423868312757
69 101	0.9997530864197531
70 73	0.999917695473251
72 77	1.0
75 78	0.9224691358024691
88 174	0.9987654320987654
90 181	0.9702057613168724
93 98	1.0
94 97	1.0
94 99	1.0
94 181	1.0
95 98	1.0
97 101	1.0
103 192	1.0
104 191	0.999917695473251
104 193	1.0
105 213	1.0
107 213	1.0
110 196	0.9967078189300411
111 116	0.9976954732510288
111 199	0.9610699588477366
112 115	0.9968724279835391
112 116	0.9953086419753087
113 117	0.9757201646090535
113 118	0.9876543209876543
113 168	0.9936625514403292
114 117	0.9761316872427983
114 118	0.9803292181069959
114 119	0.999917695473251
114 165	0.9860082304526749
115 118	0.9906995884773663
116 168	1.0
117 122	0.9764609053497942
117 165	0.9995061728395062
117 168	1.0
121 161	0.9031275720164609
121 164	0.9727572016460906
123 134	0.9997530864197531
123 159	0.3590946502057613
125 159	0.4854320987654321
127 154	0.9989300411522634
135 143	0.9930041152263375
139 143	0.9951440329218108
140 143	0.9961316872427983
145 151	0.999917695473251
146 152	1.0
147 151	1.0
157 160	0.3180246913580247
164 169	1.0
165 168	1.0
172 175	0.9958847736625515
174 179	1.0
175 179	0.9798353909465021
175 180	0.9989300411522634
176 180	0.9946502057613169
182 191	1.0
184 191	1.0
185 192	1.0
208 213	1.0
209 212	1.0
