5 13	0.90333266412367
6 179	1.0
11 109	0.9978719132704277
13 84	0.9999799237100984
14 18	0.999518169042361
17 28	0.9999799237100984
17 82	1.0
21 28	1.0
24 213	1.0
27 71	1.0
29 71	0.9980325235896407
31 86	0.9987151174462959
31 88	0.9923107809676772
36 40	0.999839389680787
38 43	0.9994579401726561
61 91	1.0
64 86	0.9999799237100984
65 86	0.9997791608110821
68 86	0.9998594659706886
83 96	1.0
86 92	1.0
89 174	0.9954025296125276
117 161	0.9635414575386468
119 123	0.9959646657297732
120 123	0.9537442280666533
120 124	0.9994177875928528
122 135	0.9996988556514756
170 175	1.0
171 175	1.0
171 176	0.9095161614133708
3 26	1.0
5 17	0.9999799237100984
5 20	1.0
5 109	1.0
6 178	0.9999799237100984
6 193	1.0
9 116	0.9984139730977716
9 120	1.0
9 167	1.0
12 16	0.9994177875928528
13 17	0.9992571772736398
15 19	1.0
15 132	0.9673760289098574
15 138	0.940815097370006
15 202	1.0
16 109	1.0
17 84	1.0
18 131	0.8869303352740413
18 132	0.9155390483838587
20 213	1.0
21 27	1.0
21 82	1.0
23 214	1.0
24 210	1.0
26 82	1.0
27 81	0.9999799237100984
28 33	0.9999799237100984
28 82	0.999839389680787
31 68	0.9019072475406544
31 84	0.9996988556514756
35 53	1.0
35 64	0.9954226059024293
36 53	0.9998996185504919
36 156	0.7743425015057217
36 157	0.9664926721541859
37 43	0.9995984742019675
38 42	0.9994980927524594
38 44	0.9997992371009837
39 43	0.9999598474201967
39 49	1.0
40 127	0.2909455932543666
46 49	0.9997189319413773
47 50	0.9997992371009837
48 53	1.0
49 52	1.0
49 59	0.7811082112025698
53 59	1.0
57 170	0.880666532824734
58 88	0.8602087934149769
58 89	0.9680184701867095
58 170	0.977173258381851
58 174	0.9731379241116241
58 175	0.9594258181088134
60 65	1.0
61 64	1.0
61 66	1.0
61 89	0.9993776350130495
62 65	1.0
64 92	1.0
65 70	1.0
65 92	0.9997791608110821
66 69	1.0
68 83	1.0
69 73	1.0
76 79	0.9997992371009837
77 80	0.9993374824332464
87 178	1.0
88 175	1.0
89 94	1.0
90 93	1.0
90 95	1.0
90 178	1.0
91 94	1.0
96 103	1.0
96 182	1.0
109 209	1.0
113 116	0.9829552298735194
116 164	0.9999799237100984
117 164	1.0
119 122	0.9395101385264003
120 167	1.0
125 129	1.0
138 202	0.9455330254968882
155 159	0.9923509335474804
156 160	0.9909054406745633
156 167	0.9968480224854447
158 163	0.9387271632202369
159 167	1.0
167 172	1.0
168 171	1.0
170 176	1.0
171 177	0.9999799237100984
171 179	1.0
174 178	1.0
179 184	1.0
180 183	1.0
204 209	1.0
205 208	1.0
207 212	1.0
211 214	1.0
