1 24	0.9992717341829768
1 213	1.0
5 85	0.9996358670914884
6 108	0.9999089667728721
8 116	0.9979972690031862
11 116	0.9992717341829768
12 15	0.9857988165680474
13 16	0.9950842057350933
13 109	0.8516158397815202
14 17	0.9989986345015931
15 109	0.9999089667728721
21 26	1.0
26 79	0.9929904415111516
29 34	0.9820664542558034
34 67	0.9747837960855712
34 68	0.9740555302685481
34 71	0.9116067364588074
35 38	0.9999089667728721
35 67	0.9655894401456532
38 67	0.8901228948566227
39 50	0.9991807009558489
43 48	0.9974510696404187
43 70	0.20901228948566228
44 48	0.8875739644970414
44 49	0.9308147473827947
45 48	0.8775603095129723
45 49	0.8802913063268093
45 66	0.8899408284023669
45 70	0.7835229858898498
46 50	0.8903959945380063
47 51	0.877742375967228
48 52	0.9890760127446518
48 63	0.9952662721893492
49 63	0.9949931725079654
52 63	0.9971779699590351
59 63	0.9948111060537096
62 67	1.0
63 66	0.9969959035047793
63 68	1.0
64 67	1.0
65 96	0.9698680018206646
65 99	0.8794720072826582
68 101	0.9787892580791989
69 99	0.9373691397360037
69 101	0.9840691852526172
70 73	0.9997269003186163
72 77	1.0
75 78	0.8599908966772872
88 174	0.9991807009558489
90 181	0.9832498862084661
93 98	1.0
94 97	1.0
94 99	1.0
94 181	1.0
95 98	0.9883477469276286
97 101	1.0
103 192	1.0
104 191	1.0
104 193	1.0
105 213	1.0
107 213	1.0
110 196	0.9999089667728721
111 116	1.0
111 199	0.9961766044606282
112 115	0.9996358670914884
112 116	1.0
113 117	0.996358670914884
113 118	0.9999089667728721
113 168	1.0
114 117	0.9985434683659535
114 118	0.9999089667728721
114 119	1.0
114 165	0.9979972690031862
115 118	0.9999089667728721
116 168	1.0
117 122	0.9863450159308147
117 165	0.9999089667728721
117 168	1.0
121 161	0.9373691397360037
121 164	0.9639508420573509
123 134	0.9999089667728721
123 159	0.3742375967228038
125 159	0.6230314064633591
127 154	0.9998179335457442
135 143	0.9998179335457442
139 143	0.9998179335457442
140 143	0.9998179335457442
145 151	1.0
146 152	1.0
147 151	1.0
157 160	0.4992262175694128
164 169	1.0
165 168	1.0
172 175	1.0
174 179	1.0
175 179	0.9999089667728721
175 180	1.0
176 180	0.9999089667728721
182 191	1.0
184 191	1.0
185 192	1.0
208 213	1.0
209 212	1.0
