5 13	0.8905442009357302
6 179	0.9999753755232701
11 109	0.9954444718049742
13 84	0.998300911105639
14 18	0.9968480669785768
17 28	0.9998276286628909
17 82	0.9997783797094312
21 28	0.9999753755232701
24 213	0.9999015020930805
27 71	1.0
29 71	0.998670278256587
31 86	0.9993105146515636
31 88	0.9960108347697612
36 40	0.9999753755232701
38 43	0.9997537552327013
61 91	1.0
64 86	0.9999261265698104
65 86	0.9998768776163507
68 86	0.9999015020930805
83 96	1.0
86 92	1.0
89 174	0.986973651809899
117 161	0.9664614626939177
119 123	0.9950751046540262
120 123	0.9541984732824428
120 124	0.9992858901748338
122 135	0.9953705983747846
170 175	0.9999753755232701
171 175	0.9997291307559715
171 176	0.8893129770992366
3 26	1.0
5 17	0.9982762866289091
5 20	1.0
5 109	1.0
6 178	0.999236641221374
6 193	1.0
9 116	0.995469096281704
9 120	0.9982762866289091
9 167	1.0
12 16	0.997734548140852
13 17	0.9982762866289091
15 19	0.9996552573257819
15 132	0.9557990642698843
15 138	0.9378724452105393
15 202	1.0
16 109	1.0
17 84	0.9978822950012313
18 131	0.8676680620536814
18 132	0.9003201181974883
20 213	1.0
21 27	1.0
21 82	1.0
23 214	1.0
24 210	1.0
26 82	1.0
27 81	0.9999753755232701
28 33	0.9999507510465403
28 82	0.9999261265698104
31 68	0.9229992612656981
31 84	0.9997537552327013
35 53	1.0
35 64	0.9971928096527949
36 53	0.9994090125584831
36 156	0.7760896330952968
36 157	0.9688500369367151
37 43	0.9998030041861611
38 42	0.9999015020930805
38 44	0.9999507510465403
39 43	0.9999753755232701
39 49	0.9999753755232701
40 127	0.2362472297463679
46 49	0.9996552573257819
47 50	0.9998768776163507
48 53	1.0
49 52	1.0
49 59	0.6691701551342034
53 59	1.0
57 170	0.9572026594434868
58 88	0.9506279241566117
58 89	0.9931790199458261
58 170	0.9923664122137404
58 174	0.9943363703521301
58 175	0.9906919477961094
60 65	1.0
61 64	1.0
61 66	1.0
61 89	0.9997045062792416
62 65	1.0
64 92	1.0
65 70	1.0
65 92	0.9998276286628909
66 69	1.0
68 83	1.0
69 73	1.0
76 79	0.9997783797094312
77 80	0.9998522531396208
87 178	1.0
88 175	0.9938685052942625
89 94	1.0
90 93	1.0
90 95	1.0
90 178	0.9999015020930805
91 94	0.9999753755232701
96 103	1.0
96 182	1.0
109 209	1.0
113 116	0.9881802511696627
116 164	0.9999753755232701
117 164	1.0
119 122	0.9417138635803989
120 167	1.0
125 129	1.0
138 202	0.9324058113765082
155 159	0.9905195764590002
156 160	0.9881310022162029
156 167	0.9953459738980547
158 163	0.9302388574242797
159 167	0.9999507510465403
167 172	1.0
168 171	1.0
170 176	0.9999261265698104
171 177	0.999236641221374
171 179	1.0
174 178	1.0
179 184	1.0
180 183	1.0
204 209	1.0
205 208	1.0
207 212	1.0
211 214	1.0
